[!]: path: /dev_hdd0/game/
[W]: SELF: No NPDRM control info found!
[!]: Loading 'F:\Ps3 game\dev_hdd0\game\BCES01085 - [White Knight Chronicles II]\USRDIR/BOOT.BIN'...
[!]: Mount info:
[!]: /dev_hdd0/ -> F:\Ps3 game\dev_hdd0
[!]: /dev_hdd1/ -> E:\PS3EMU\Rpcs3-x6414/dev_hdd1/
[!]: /dev_flash/ -> E:\PS3EMU\Rpcs3-x6414/dev_flash/
[!]: /dev_usb000/ -> E:\PS3EMU\Rpcs3-x6414/dev_usb000/
[!]: /dev_usb/ -> E:\PS3EMU\Rpcs3-x6414/dev_usb000/
[!]: /app_home/ -> F:\Ps3 game\dev_hdd0\game\BCES01085 - [White Knight Chronicles II]\
[!]: /dev_bdvd/ -> F:\Ps3 game\dev_hdd0\game\BCES01085 - [White Knight Chronicles II]\/../
[!]: /host_root/ -> 
[!]: / -> F:\Ps3 game\dev_hdd0\game\BCES01085 - [White Knight Chronicles II]\
[!]: Initing memory...
[!]: Memory initialized.
[W]: Unknown function 0x0968aa36 in 'sceNp' module
[E]: TODO: sceNpManagerGetTicket
[W]: Unknown function 0x168fcece in 'sceNp' module
[E]: TODO: sceNpManagerGetAccountAge
[W]: Unknown function 0x3d1760dc in 'sceNp' module
[E]: TODO: sceNpLookupAbortTransaction
[W]: Unknown function 0x50b86d94 in 'sceNp' module
[E]: TODO: sceNpSignalingAddExtendedHandler
[W]: Unknown function 0x52a6b523 in 'sceNp' module
[E]: TODO: sceNpManagerUnregisterCallback
[W]: Unknown function 0x58fa4fcd in 'sceNp' module
[E]: TODO: sceNpManagerGetTicketParam
[W]: Unknown function 0x5de61626 in 'sceNp' module
[E]: TODO: sceNpLookupDestroyTitleCtx
[W]: Unknown function 0x5f2d9257 in 'sceNp' module
[E]: TODO: sceNpLookupInit
[W]: Unknown function 0x60897c38 in 'sceNp' module
[E]: TODO: sceNpSignalingActivateConnection
[W]: Unknown function 0x6356082e in 'sceNp' module
[E]: TODO: sceNpSignalingCreateCtx
[W]: Unknown function 0x6ee62ed2 in 'sceNp' module
[E]: TODO: sceNpManagerGetContentRatingFlag
[W]: Unknown function 0x7508112e in 'sceNp' module
[E]: TODO: sceNpLookupPollAsync
[W]: Unknown function 0x7e2fef28 in 'sceNp' module
[E]: TODO: sceNpManagerRequestTicket
[W]: Unknown function 0x8440537c in 'sceNp' module
[E]: TODO: sceNpLookupTerm
[W]: Unknown function 0x860b1756 in 'sceNp' module
[E]: TODO: sceNpLookupTitleSmallStorageAsync
[W]: Unknown function 0xa1709abd in 'sceNp' module
[E]: TODO: sceNpManagerGetEntitlementById
[W]: Unknown function 0xa8cf8451 in 'sceNp' module
[E]: TODO: sceNpSignalingDestroyCtx
[W]: Unknown function 0xb1e0718b in 'sceNp' module
[E]: TODO: sceNpManagerGetAccountRegion
[W]: Unknown function 0xbdc07fd5 in 'sceNp' module
[E]: TODO: sceNpManagerGetNetworkTime
[W]: Unknown function 0xbe07c708 in 'sceNp' module
[E]: TODO: sceNpManagerGetOnlineId
[W]: Unknown function 0xca0a2d04 in 'sceNp' module
[E]: TODO: sceNpSignalingGetConnectionStatus
[W]: Unknown function 0xce81c7f0 in 'sceNp' module
[E]: TODO: sceNpLookupCreateTitleCtx
[W]: Unknown function 0xd12e40ae in 'sceNp' module
[E]: TODO: sceNpLookupNpIdAsync
[W]: Unknown function 0xd208f91d in 'sceNp' module
[E]: TODO: sceNpUtilCmpNpId
[W]: Unknown function 0xe7dcd3b4 in 'sceNp' module
[E]: TODO: sceNpManagerRegisterCallback
[W]: Unknown function 0xea2e9ffc in 'sceNp' module
[E]: TODO: sceNpLookupCreateTransactionCtx
[W]: Unknown function 0xeb7a3d84 in 'sceNp' module
[E]: TODO: sceNpManagerGetChatRestrictionFlag
[W]: Unknown function 0xf042b14f in 'sceNp' module
[E]: TODO: sceNpDrmIsAvailable2
[W]: Unknown function 0xf42c0df8 in 'sceNp' module
[E]: TODO: sceNpManagerGetOnlineName
[W]: Unknown function 0xfb87cf5e in 'sceNp' module
[E]: TODO: sceNpLookupDestroyTransactionCtx
[W]: Unknown function 0xfd0eb5ae in 'sceNp' module
[E]: TODO: sceNpSignalingDeactivateConnection
[W]: Unknown function 0xfe37a7f4 in 'sceNp' module
[E]: TODO: sceNpManagerGetNpId
[W]: Unknown function 0x41251f74 in 'sceNp2' module
[E]: TODO: sceNp2Init
[W]: Unknown function 0xaadb7c12 in 'sceNp2' module
[E]: TODO: sceNp2Term
[W]: Unknown module 'sceNpTus'
[W]: Unknown module 'cellHttp'
[W]: Unknown function 0x32faaf58 in 'cellHttpUtil' module
[E]: TODO: cellHttpUtilParseUri
[W]: Unknown function 0x83faa354 in 'cellHttpUtil' module
[E]: TODO: cellHttpUtilBase64Encoder
[W]: Unknown function 0x051ee3ee in 'sys_net' module
[E]: TODO: socketpoll
[W]: Unknown function 0x13efe7f5 in 'sys_net' module
[E]: TODO: getsockname
[W]: Unknown function 0x28e208bb in 'sys_net' module
[E]: TODO: listen
[W]: Unknown function 0x3f09e20a in 'sys_net' module
[E]: TODO: socketselect
[W]: Unknown function 0x5a045bd1 in 'sys_net' module
[E]: TODO: getsockopt
[W]: Unknown function 0x71f4c717 in 'sys_net' module
[E]: TODO: gethostbyname
[W]: Unknown function 0xa9a079e0 in 'sys_net' module
[E]: TODO: inet_aton
[W]: Unknown function 0xdabbc2c0 in 'sys_net' module
[E]: TODO: inet_addr
[W]: Unknown function 0x0791015f in 'cellNetCtl' module
[E]: TODO: cellGameUpdateCheckStartAsyncEx
[W]: Unknown function 0x10dae56d in 'cellNetCtl' module
[E]: TODO: cellGameUpdateTerm
[W]: Unknown function 0x3e359ab6 in 'cellNetCtl' module
[E]: TODO: cellGameUpdateCheckAbort
[W]: Unknown function 0x558700f6 in 'cellNetCtl' module
[E]: TODO: cellGameUpdateCheckStartWithoutDialogAsyncEx
[W]: Unknown function 0x99ab1a26 in 'cellNetCtl' module
[E]: TODO: cellGameUpdateInit
[W]: Unknown function 0xf463981c in 'cellNetCtl' module
[E]: TODO: cellGameUpdateCheckFinishAsyncEx
[W]: Unknown function 0x8cb722d5 in 'sys_fs' module
[E]: TODO: cellFsWriteWithOffset
[W]: Unknown function 0x967a162b in 'sys_fs' module
[E]: TODO: cellFsFsync
[W]: Unknown function 0x6d3bb15b in 'sys_fs' module
[E]: TODO: cellFsSdataOpenByFd
[W]: Unknown function 0x99d397ac in 'cellGcmSys' module
[E]: TODO: cellGcmGetReport
[W]: Unknown function 0xbd6d60d9 in 'cellGcmSys' module
[E]: TODO: cellGcmSetInvalidateTile
[W]: Unknown function 0x1d99c3ee in 'cellSysutil' module
[E]: TODO: cellOskDialogGetInputText
[W]: Unknown function 0x21425307 in 'cellSysutil' module
[E]: TODO: cellSaveDataListAutoLoad
[W]: Unknown function 0x3d1e1931 in 'cellSysutil' module
[E]: TODO: cellOskDialogUnloadAsync
[W]: Unknown function 0x41f20828 in 'cellSysutil' module
[E]: TODO: cellOskDialogDisableDimmer
[W]: Unknown function 0x53e39df3 in 'cellSysutil' module
[E]: TODO: cellOskDialogSetSeparateWindowOption
[W]: Unknown function 0x62b0f803 in 'cellSysutil' module
[E]: TODO: cellMsgDialogAbort
[W]: Unknown function 0x7fcfc915 in 'cellSysutil' module
[E]: TODO: cellOskDialogLoadAsync
[W]: Unknown function 0x8b7ed64b in 'cellSysutil' module
[E]: TODO: cellSaveDataAutoSave2
[W]: Unknown function 0x918288fb in 'cellSysutil' module
[E]: TODO: cellStorageDataImport
[W]: Unknown function 0x94862702 in 'cellSysutil' module
[E]: TODO: cellMsgDialogProgressBarInc
[W]: Unknown function 0xabc3cd2c in 'cellSysutil' module
[E]: TODO: cellStorageDataExport
[W]: Unknown function 0xb53c54fa in 'cellSysutil' module
[E]: TODO: cellOskDialogSetKeyLayoutOption
[W]: Unknown function 0xb6d84526 in 'cellSysutil' module
[E]: TODO: cellOskDialogAbort
[W]: Unknown function 0xd3790a86 in 'cellSysutil' module
[E]: TODO: cellOskDialogSetDeviceMask
[W]: Unknown function 0xedadd797 in 'cellSysutil' module
[E]: TODO: cellSaveDataDelete2
[W]: Unknown function 0xf0ec3ccc in 'cellSysutil' module
[E]: TODO: cellOskDialogSetLayoutMode
[W]: Unknown function 0xf3b4b43e in 'cellSysutil' module
[E]: TODO: cellOskDialogSetInitialInputDevice
[W]: Unknown function 0xfbd5c856 in 'cellSysutil' module
[E]: TODO: cellSaveDataAutoLoad2
[W]: Unknown function 0x011ee38b in 'cellSpurs' module
[E]: TODO: _cellSpursLFQueueInitialize
[W]: Unknown function 0x16394a4e in 'cellSpurs' module
[E]: TODO: _cellSpursTasksetAttributeInitialize
[W]: Unknown function 0x1656d49f in 'cellSpurs' module
[E]: TODO: cellSpursLFQueueAttachLv2EventQueue
[W]: Unknown function 0x303c19cd in 'cellSpurs' module
[E]: TODO: cellSpursCreateJobChainWithAttribute
[W]: Unknown function 0x3548f483 in 'cellSpurs' module
[E]: TODO: _cellSpursJobChainAttributeInitialize
[W]: Unknown function 0x4ac7bae4 in 'cellSpurs' module
[E]: TODO: cellSpursEventFlagClear
[W]: Unknown function 0x5ef96465 in 'cellSpurs' module
[E]: TODO: _cellSpursEventFlagInitialize
[W]: Unknown function 0x652b70e2 in 'cellSpurs' module
[E]: TODO: cellSpursTasksetAttributeSetName
[W]: Unknown function 0x68aaeba9 in 'cellSpurs' module
[E]: TODO: cellSpursJobGuardInitialize
[W]: Unknown function 0x738e40e6 in 'cellSpurs' module
[E]: TODO: cellSpursShutdownJobChain
[W]: Unknown function 0x73e06f91 in 'cellSpurs' module
[E]: TODO: cellSpursLFQueueDetachLv2EventQueue
[W]: Unknown function 0x8a85674d in 'cellSpurs' module
[E]: TODO: _cellSpursLFQueuePushBody
[W]: Unknown function 0x9fef70c2 in 'cellSpurs' module
[E]: TODO: cellSpursJobChainAttributeSetName
[W]: Unknown function 0xa7c066de in 'cellSpurs' module
[E]: TODO: cellSpursJoinJobChain
[W]: Unknown function 0xc10931cb in 'cellSpurs' module
[E]: TODO: cellSpursCreateTasksetWithAttribute
[W]: Unknown function 0xd5d0b256 in 'cellSpurs' module
[E]: TODO: cellSpursJobGuardNotify
[W]: Unknown function 0xf31731bb in 'cellSpurs' module
[E]: TODO: cellSpursRunJobChain
[W]: Unknown function 0x17001000 in 'cellSpurs' module
[E]: TODO: cellSpursAddUrgentCommand
[W]: Unknown function 0x1d46fedf in 'cellSpurs' module
[E]: TODO: cellSpursCreateTaskWithAttribute
[W]: Unknown function 0x34552fa6 in 'cellSpurs' module
[E]: TODO: cellSpursTaskExitCodeInitialize
[W]: Unknown function 0x6d2d9339 in 'cellSpurs' module
[E]: TODO: cellSpursEventFlagTryWait
[W]: Unknown function 0x8f122ef8 in 'cellSpurs' module
[E]: TODO: cellSpursTasksetAttributeSetTasksetSize
[W]: Unknown function 0xa121a224 in 'cellSpurs' module
[E]: TODO: cellSpursTaskAttributeSetExitCodeContainer
[W]: Unknown function 0xb8474eff in 'cellSpurs' module
[E]: TODO: _cellSpursTaskAttributeInitialize
[W]: Unknown function 0x0d90a48d in 'cellL10n' module
[E]: TODO: UCS2stoSJISs
[W]: Unknown function 0x2ad091c6 in 'cellL10n' module
[E]: TODO: UCS2stoUTF8s
[W]: Unknown function 0x33435818 in 'cellL10n' module
[E]: TODO: SJISstoUTF8s
[W]: Unknown function 0xdd5ebdeb in 'cellL10n' module
[E]: TODO: UTF8stoSJISs
[W]: Unknown function 0xfdbf6ac5 in 'cellL10n' module
[E]: TODO: UTF8stoUCS2s
[W]: Unknown function 0x12d9b6c5 in 'cellJpgEnc' module
[E]: TODO: cellJpgEncQueryAttr
[W]: Unknown function 0x2ae79be8 in 'cellJpgEnc' module
[E]: TODO: cellJpgEncWaitForInput
[W]: Unknown function 0x4262e880 in 'cellJpgEnc' module
[E]: TODO: cellJpgEncGetStreamInfo
[W]: Unknown function 0x969fc5f7 in 'cellJpgEnc' module
[E]: TODO: cellJpgEncClose
[W]: Unknown function 0x9b4e3a74 in 'cellJpgEnc' module
[E]: TODO: cellJpgEncWaitForOutput
[W]: Unknown function 0xa4bfae51 in 'cellJpgEnc' module
[E]: TODO: cellJpgEncOpen
[W]: Unknown function 0xa9e81214 in 'cellJpgEnc' module
[E]: TODO: cellJpgEncEncodePicture
[W]: Unknown module 'cellSaveData'
[W]: Unknown function 0x12b1acf0 in 'cellFiber' module
[E]: TODO: cellFiberPpuRunFibers
[W]: Unknown function 0x8b6baa01 in 'cellFiber' module
[E]: TODO: cellFiberPpuFinalizeScheduler
[W]: Unknown function 0x9e25c72d in 'cellFiber' module
[E]: TODO: _cellFiberPpuSchedulerAttributeInitialize
[W]: Unknown function 0xe492a675 in 'cellFiber' module
[E]: TODO: cellFiberPpuHasRunnableFiber
[W]: Unknown function 0xee3b604d in 'cellFiber' module
[E]: TODO: cellFiberPpuInitializeScheduler
[W]: Unknown function 0xf6c6900c in 'cellFiber' module
[E]: TODO: cellFiberPpuCheckFlags
[W]: Unknown function 0x55870804 in 'cellFiber' module
[E]: TODO: _cellFiberPpuInitialize
[W]: Unknown module 'sceNpCommerce2'
[W]: Unknown function 0x1650aea4 in 'cellSsl' module
[E]: TODO: cellSslEnd
[W]: Unknown function 0x571afaca in 'cellSsl' module
[E]: TODO: cellSslCertificateLoader
[W]: Unknown function 0xfb02c9d2 in 'cellSsl' module
[E]: TODO: cellSslInit
[W]: Unknown module 'cellSysutilAvc2'
[W]: Unknown function 0x59b1ede1 in 'cellGameExec' module
[E]: TODO: cellGameGetHomeDataExportPath
[W]: Unknown function 0x0582338a in 'cellSpursJq' module
[E]: TODO: cellSpursJobQueueAttributeSetDoBusyWaiting
[W]: Unknown function 0x0f03f712 in 'cellSpursJq' module
[E]: TODO: cellSpursJobQueueAttributeSetSubmitWithEntryLock
[W]: Unknown function 0x1686957e in 'cellSpursJq' module
[E]: TODO: cellSpursJobQueueAttributeSetMaxSizeJobDescriptor
[W]: Unknown function 0x26fa81b4 in 'cellSpursJq' module
[E]: TODO: cellSpursJobQueuePortFinalize
[W]: Unknown function 0x2e775550 in 'cellSpursJq' module
[E]: TODO: cellSpursJobQueueGetError
[W]: Unknown function 0x43ddab4f in 'cellSpursJq' module
[E]: TODO: cellSpursJobQueueAttributeInitialize
[W]: Unknown function 0x46c3fb5a in 'cellSpursJq' module
[E]: TODO: _cellSpursJobQueuePortCopyPushBody
[W]: Unknown function 0x634b1502 in 'cellSpursJq' module
[E]: TODO: cellSpursJobQueuePortSync
[W]: Unknown function 0x742cec0d in 'cellSpursJq' module
[E]: TODO: cellSpursJobQueueAttributeSetIsJobTypeMemoryCheck
[W]: Unknown function 0x8c97a96c in 'cellSpursJq' module
[E]: TODO: cellSpursShutdownJobQueue
[W]: Unknown function 0x8ce4cffa in 'cellSpursJq' module
[E]: TODO: cellSpursJoinJobQueue
[W]: Unknown function 0xe70f874e in 'cellSpursJq' module
[E]: TODO: cellSpursJobQueueAttributeSetGrabParameters
[W]: Unknown function 0xf244e799 in 'cellSpursJq' module
[E]: TODO: _cellSpursCreateJobQueue
[W]: Unknown function 0xf5de6363 in 'cellSpursJq' module
[E]: TODO: cellSpursJobQueuePortInitializeWithDescriptorBuffer
[W]: Unknown function 0xff03cc79 in 'cellSpursJq' module
[E]: TODO: cellSpursJobQueueAttributeSetIsHaltOnError
[W]: Unknown module 'cellOskExtUtility'
[W]: Unknown function 0x26090058 in 'sysPrxForUser' module
[E]: TODO: sys_prx_load_module
[W]: Unknown function 0xa330ad84 in 'sysPrxForUser' module
[E]: TODO: sys_prx_load_module_on_memcontainer_by_fd
[W]: Unknown function 0xaa6d9bff in 'sysPrxForUser' module
[E]: TODO: sys_prx_load_module_on_memcontainer
[W]: Unknown function 0xef68c17c in 'sysPrxForUser' module
[E]: TODO: sys_prx_load_module_by_fd
[W : PPU[1] Thread (CPUThread)[0x01519058]]: sys_lwmutex warning: *** lwmutex created [_lc_mtx] (attribute=0x12): sq_id = 3
[W : PPU[1] Thread (CPUThread)[0x00b15d3c]]: memory warning: sys_memory_get_user_memory_size(mem_info_addr=0xd0010c04)
[W : PPU[1] Thread (CPUThread)[0x01519058]]: sys_lwmutex warning: *** lwmutex created [_lc_mtx] (attribute=0x12): sq_id = 4
[W : PPU[1] Thread (CPUThread)[0x01519058]]: sys_lwmutex warning: *** lwmutex created [_lc_mtx] (attribute=0x12): sq_id = 5
[W : PPU[1] Thread (CPUThread)[0x01519058]]: sys_lwmutex warning: *** lwmutex created [_lc_mtx] (attribute=0x12): sq_id = 6
[W : PPU[1] Thread (CPUThread)[0x01519058]]: sys_lwmutex warning: *** lwmutex created [_lc_mtx] (attribute=0x12): sq_id = 7
[W : PPU[1] Thread (CPUThread)[0x01519058]]: sys_lwmutex warning: *** lwmutex created [_lc_mtx] (attribute=0x12): sq_id = 8
[W : PPU[1] Thread (CPUThread)[0x01519058]]: sys_lwmutex warning: *** lwmutex created [_lc_mtx] (attribute=0x12): sq_id = 9
[W : PPU[1] Thread (CPUThread)[0x01519058]]: sys_lwmutex warning: *** lwmutex created [_lc_mtx] (attribute=0x12): sq_id = 10
[W : PPU[1] Thread (CPUThread)[0x01519058]]: sys_lwmutex warning: *** lwmutex created [_lc_mtx] (attribute=0x12): sq_id = 11
[W : PPU[1] Thread (CPUThread)[0x01519058]]: sys_lwmutex warning: *** lwmutex created [_lc_mtx] (attribute=0x12): sq_id = 12
[W : PPU[1] Thread (CPUThread)[0x01519058]]: sys_lwmutex warning: *** lwmutex created [_lgcmtx] (attribute=0x12): sq_id = 13
[W : PPU[1] Thread (CPUThread)[0x01519058]]: sys_lwmutex warning: *** lwmutex created [_lgcmtx] (attribute=0x12): sq_id = 14
[W : PPU[1] Thread (CPUThread)[0x01519058]]: sys_lwmutex warning: *** lwmutex created [_lgcmtx] (attribute=0x22): sq_id = 15
[W : PPU[1] Thread (CPUThread)[0x01519058]]: sys_lwmutex warning: *** lwmutex created [_lc_mtx] (attribute=0x12): sq_id = 16
[W : PPU[1] Thread (CPUThread)[0x01519058]]: sys_lwmutex warning: *** lwmutex created [_lc_mtx] (attribute=0x12): sq_id = 17
[W : PPU[1] Thread (CPUThread)[0x01519058]]: sys_lwmutex warning: *** lwmutex created [_lc_mtx] (attribute=0x12): sq_id = 18
[W : PPU[1] Thread (CPUThread)[0x01519058]]: sys_lwmutex warning: *** lwmutex created [_lc_mtx] (attribute=0x12): sq_id = 19
[W : PPU[1] Thread (CPUThread)[0x01519058]]: sys_lwmutex warning: *** lwmutex created [_lc_mtx] (attribute=0x12): sq_id = 20
[W : PPU[1] Thread (CPUThread)[0x01519058]]: sys_lwmutex warning: *** lwmutex created [_lc_mtx] (attribute=0x12): sq_id = 21
[W : PPU[1] Thread (CPUThread)[0x01519058]]: sys_lwmutex warning: *** lwmutex created [_lc_mtx] (attribute=0x12): sq_id = 22
[W : PPU[1] Thread (CPUThread)[0x01519058]]: sys_lwmutex warning: *** lwmutex created [_lc_mtx] (attribute=0x12): sq_id = 23
[W : PPU[1] Thread (CPUThread)[0x01519058]]: sys_lwmutex warning: *** lwmutex created [_lc_mtx] (attribute=0x12): sq_id = 24
[W : PPU[1] Thread (CPUThread)[0x01519058]]: sys_lwmutex warning: *** lwmutex created [_lc_mtx] (attribute=0x12): sq_id = 25
[W : PPU[1] Thread (CPUThread)[0x01519058]]: sys_lwmutex warning: *** lwmutex created [_lc_mtx] (attribute=0x12): sq_id = 26
[W : PPU[1] Thread (CPUThread)[0x01519058]]: sys_lwmutex warning: *** lwmutex created [_lc_mtx] (attribute=0x12): sq_id = 27
[W : PPU[1] Thread (CPUThread)[0x01519058]]: sys_lwmutex warning: *** lwmutex created [] (attribute=0x22): sq_id = 28
[W : PPU[1] Thread (CPUThread)[0x00aef81c]]: sys_mutex warning: *** mutex created [] (protocol=0x2, recursive=false): id = 29
[W : PPU[1] Thread (CPUThread)[0x00aef840]]: sys_cond warning: *** condition created [] (mutex_id=29): id = 30
[W : PPU[1] Thread (CPUThread)[0x00b05cac]]: cellSysutil warning: cellSysutilGetSystemParamInt: CELL_SYSUTIL_SYSTEMPARAM_ID_TIMEZONE
[W : PPU[1] Thread (CPUThread)[0x00b05cac]]: cellSysutil warning: cellSysutilGetSystemParamInt: CELL_SYSUTIL_SYSTEMPARAM_ID_SUMMERTIME
[W : PPU[1] Thread (CPUThread)[0x00b0c8c8]]: cellSysutil warning: cellSysutilGetSystemParamInt: CELL_SYSUTIL_SYSTEMPARAM_ID_TIMEZONE
[W : PPU[1] Thread (CPUThread)[0x00b0c8c8]]: cellSysutil warning: cellSysutilGetSystemParamInt: CELL_SYSUTIL_SYSTEMPARAM_ID_SUMMERTIME
[W : PPU[1] Thread (CPUThread)[0x00b0771c]]: cellSysutil warning: cellSysutilGetSystemParamInt: CELL_SYSUTIL_SYSTEMPARAM_ID_TIMEZONE
[W : PPU[1] Thread (CPUThread)[0x00b0771c]]: cellSysutil warning: cellSysutilGetSystemParamInt: CELL_SYSUTIL_SYSTEMPARAM_ID_SUMMERTIME
[W : PPU[1] Thread (CPUThread)[0x00b0c8c8]]: cellSysutil warning: cellSysutilGetSystemParamInt: CELL_SYSUTIL_SYSTEMPARAM_ID_TIMEZONE
[W : PPU[1] Thread (CPUThread)[0x00b0c8c8]]: cellSysutil warning: cellSysutilGetSystemParamInt: CELL_SYSUTIL_SYSTEMPARAM_ID_SUMMERTIME
[W : PPU[1] Thread (CPUThread)[0x00b05c50]]: cellSysutil warning: cellSysutilGetSystemParamInt: CELL_SYSUTIL_SYSTEMPARAM_ID_TIMEZONE
[W : PPU[1] Thread (CPUThread)[0x00b05c50]]: cellSysutil warning: cellSysutilGetSystemParamInt: CELL_SYSUTIL_SYSTEMPARAM_ID_SUMMERTIME
[W : PPU[1] Thread (CPUThread)[0x00b0771c]]: cellSysutil warning: cellSysutilGetSystemParamInt: CELL_SYSUTIL_SYSTEMPARAM_ID_TIMEZONE
[W : PPU[1] Thread (CPUThread)[0x00b0771c]]: cellSysutil warning: cellSysutilGetSystemParamInt: CELL_SYSUTIL_SYSTEMPARAM_ID_SUMMERTIME
[W : PPU[1] Thread (CPUThread)[0x01519058]]: sys_lwmutex warning: *** lwmutex created [ps3HDDL] (attribute=0x12): sq_id = 31
[W : PPU[1] Thread (CPUThread)[0x012ae01c]]: cellSysmodule warning: cellSysmoduleIsLoaded(CELL_SYSMODULE_L10N)
[W : PPU[1] Thread (CPUThread)[0x012ae010]]: cellSysmodule warning: cellSysmoduleLoadModule(CELL_SYSMODULE_L10N)
[W : PPU[1] Thread (CPUThread)[0x01519058]]: sys_lwmutex warning: *** lwmutex created [] (attribute=0x22): sq_id = 32
[W : PPU[1] Thread (CPUThread)[0x01519058]]: sys_lwmutex warning: *** lwmutex created [] (attribute=0x22): sq_id = 33
[W : PPU[1] Thread (CPUThread)[0x0092ff1c]]: memory warning: sys_memory_get_user_memory_size(mem_info_addr=0xd0010724)
[W : PPU[1] Thread (CPUThread)[0x0002c658]]: memory warning: sys_memory_container_create(cid_addr=0x1390360, yield_size=0x1800000)
[W : PPU[1] Thread (CPUThread)[0x0002c658]]: memory warning: *** memory_container created(addr=0x34800000): id = 34
[W : PPU[1] Thread (CPUThread)[0x00034b90]]: vm warning: sys_vm_memory_map(vsize=0x10000000,psize=0x100000,cidr=0xffffffff,flags=0x200,policy=0x1,addr=0x139038c)
[E : PPU[1] Thread (CPUThread)[0x00b11128]]: Write8 to null block: [39800000]: 0
[E : PPU[1] Thread (CPUThread)[0x00b11148]]: Write16 to null block: [39800000]: 0
[E : PPU[1] Thread (CPUThread)[0x00b11164]]: Write32 to null block: [39800000]: 0
[E : PPU[1] Thread (CPUThread)[0x00b1117c]]: Write64 to null block: [39800038]: 0
[E : PPU[1] Thread (CPUThread)[0x00b11180]]: Write64 to null block: [39800030]: 0
[E : PPU[1] Thread (CPUThread)[0x00b11184]]: Write64 to null block: [39800028]: 0
[E : PPU[1] Thread (CPUThread)[0x00b11188]]: Write64 to null block: [39800020]: 0
[E : PPU[1] Thread (CPUThread)[0x00b1118c]]: Write64 to null block: [39800018]: 0
[E : PPU[1] Thread (CPUThread)[0x00b11190]]: Write64 to null block: [39800010]: 0
[E : PPU[1] Thread (CPUThread)[0x00b11194]]: Write64 to null block: [39800008]: 0
[E : PPU[1] Thread (CPUThread)[0x00b11198]]: Write64 to null block: [39800000]: 0
[E : PPU[1] Thread (CPUThread)[0x00b1117c]]: Write64 to null block: [39800078]: 0
[E : PPU[1] Thread (CPUThread)[0x00b11180]]: Write64 to null block: [39800070]: 0
[E : PPU[1] Thread (CPUThread)[0x00b11184]]: Write64 to null block: [39800068]: 0
[E : PPU[1] Thread (CPUThread)[0x00b11188]]: Write64 to null block: [39800060]: 0
[E : PPU[1] Thread (CPUThread)[0x00b1118c]]: Write64 to null block: [39800058]: 0
[E : PPU[1] Thread (CPUThread)[0x00b11190]]: Write64 to null block: [39800050]: 0
[E : PPU[1] Thread (CPUThread)[0x00b11194]]: Write64 to null block: [39800048]: 0
[E : PPU[1] Thread (CPUThread)[0x00b11198]]: Write64 to null block: [39800040]: 0
[E : PPU[1] Thread (CPUThread)[0x00b1117c]]: Write64 to null block: [398000b8]: 0
[E : PPU[1] Thread (CPUThread)[0x00b11180]]: Write64 to null block: [398000b0]: 0
[E : PPU[1] Thread (CPUThread)[0x00b11184]]: Write64 to null block: [398000a8]: 0
[E : PPU[1] Thread (CPUThread)[0x00b11188]]: Write64 to null block: [398000a0]: 0
[E : PPU[1] Thread (CPUThread)[0x00b1118c]]: Write64 to null block: [39800098]: 0
[E : PPU[1] Thread (CPUThread)[0x00b11190]]: Write64 to null block: [39800090]: 0
[E : PPU[1] Thread (CPUThread)[0x00b11194]]: Write64 to null block: [39800088]: 0
[E : PPU[1] Thread (CPUThread)[0x00b11198]]: Write64 to null block: [39800080]: 0
[E : PPU[1] Thread (CPUThread)[0x00b1117c]]: Write64 to null block: [398000f8]: 0
[E : PPU[1] Thread (CPUThread)[0x00b11180]]: Write64 to null block: [398000f0]: 0
[E : PPU[1] Thread (CPUThread)[0x00b11184]]: Write64 to null block: [398000e8]: 0
[E : PPU[1] Thread (CPUThread)[0x00b11188]]: Write64 to null block: [398000e0]: 0
[E : PPU[1] Thread (CPUThread)[0x00b1118c]]: Write64 to null block: [398000d8]: 0
[E : PPU[1] Thread (CPUThread)[0x00b11190]]: Write64 to null block: [398000d0]: 0
[E : PPU[1] Thread (CPUThread)[0x00b11194]]: Write64 to null block: [398000c8]: 0
[E : PPU[1] Thread (CPUThread)[0x00b11198]]: Write64 to null block: [398000c0]: 0
[E : PPU[1] Thread (CPUThread)[0x00b1117c]]: Write64 to null block: [39800138]: 0
[E : PPU[1] Thread (CPUThread)[0x00b11180]]: Write64 to null block: [39800130]: 0
[E : PPU[1] Thread (CPUThread)[0x00b11184]]: Write64 to null block: [39800128]: 0
[E : PPU[1] Thread (CPUThread)[0x00b11188]]: Write64 to null block: [39800120]: 0
[E : PPU[1] Thread (CPUThread)[0x00b1118c]]: Write64 to null block: [39800118]: 0
[E : PPU[1] Thread (CPUThread)[0x00b11190]]: Write64 to null block: [39800110]: 0
[E : PPU[1] Thread (CPUThread)[0x00b11194]]: Write64 to null block: [39800108]: 0
[E : PPU[1] Thread (CPUThread)[0x00b11198]]: Write64 to null block: [39800100]: 0
[E : PPU[1] Thread (CPUThread)[0x00b1117c]]: Write64 to null block: [39800178]: 0
[E : PPU[1] Thread (CPUThread)[0x00b11180]]: Write64 to null block: [39800170]: 0
[E : PPU[1] Thread (CPUThread)[0x00b11184]]: Write64 to null block: [39800168]: 0
[E : PPU[1] Thread (CPUThread)[0x00b11188]]: Write64 to null block: [39800160]: 0
[E : PPU[1] Thread (CPUThread)[0x00b1118c]]: Write64 to null block: [39800158]: 0
[E : PPU[1] Thread (CPUThread)[0x00b11190]]: Write64 to null block: [39800150]: 0
[E : PPU[1] Thread (CPUThread)[0x00b11194]]: Write64 to null block: [39800148]: 0
[E : PPU[1] Thread (CPUThread)[0x00b11198]]: Write64 to null block: [39800140]: 0
[E : PPU[1] Thread (CPUThread)[0x00b1117c]]: Write64 to null block: [398001b8]: 0
[E : PPU[1] Thread (CPUThread)[0x00b11180]]: Write64 to null block: [398001b0]: 0
[E : PPU[1] Thread (CPUThread)[0x00b11184]]: Write64 to null block: [398001a8]: 0
[E : PPU[1] Thread (CPUThread)[0x00b11188]]: Write64 to null block: [398001a0]: 0
[E : PPU[1] Thread (CPUThread)[0x00b1118c]]: Write64 to null block: [39800198]: 0
[E : PPU[1] Thread (CPUThread)[0x00b11190]]: Write64 to null block: [39800190]: 0
[E : PPU[1] Thread (CPUThread)[0x00b11194]]: Write64 to null block: [39800188]: 0
[E : PPU[1] Thread (CPUThread)[0x00b11198]]: Write64 to null block: [39800180]: 0
[E : PPU[1] Thread (CPUThread)[0x00b1117c]]: Write64 to null block: [398001f8]: 0
[E : PPU[1] Thread (CPUThread)[0x00b11180]]: Write64 to null block: [398001f0]: 0
[E : PPU[1] Thread (CPUThread)[0x00b11184]]: Write64 to null block: [398001e8]: 0
[E : PPU[1] Thread (CPUThread)[0x00b11188]]: Write64 to null block: [398001e0]: 0
[E : PPU[1] Thread (CPUThread)[0x00b1118c]]: Write64 to null block: [398001d8]: 0
[E : PPU[1] Thread (CPUThread)[0x00b11190]]: Write64 to null block: [398001d0]: 0
[E : PPU[1] Thread (CPUThread)[0x00b11194]]: Write64 to null block: [398001c8]: 0
[E : PPU[1] Thread (CPUThread)[0x00b11198]]: Write64 to null block: [398001c0]: 0
[E : PPU[1] Thread (CPUThread)[0x00b1117c]]: Write64 to null block: [39800238]: 0
[E : PPU[1] Thread (CPUThread)[0x00b11180]]: Write64 to null block: [39800230]: 0
[E : PPU[1] Thread (CPUThread)[0x00b11184]]: Write64 to null block: [39800228]: 0
[E : PPU[1] Thread (CPUThread)[0x00b11188]]: Write64 to null block: [39800220]: 0
[E : PPU[1] Thread (CPUThread)[0x00b1118c]]: Write64 to null block: [39800218]: 0
[E : PPU[1] Thread (CPUThread)[0x00b11190]]: Write64 to null block: [39800210]: 0
[E : PPU[1] Thread (CPUThread)[0x00b11194]]: Write64 to null block: [39800208]: 0
[E : PPU[1] Thread (CPUThread)[0x00b11198]]: Write64 to null block: [39800200]: 0
[E : PPU[1] Thread (CPUThread)[0x00b1117c]]: Write64 to null block: [39800278]: 0
[E : PPU[1] Thread (CPUThread)[0x00b11180]]: Write64 to null block: [39800270]: 0
[E : PPU[1] Thread (CPUThread)[0x00b11184]]: Write64 to null block: [39800268]: 0
[E : PPU[1] Thread (CPUThread)[0x00b11188]]: Write64 to null block: [39800260]: 0
[E : PPU[1] Thread (CPUThread)[0x00b1118c]]: Write64 to null block: [39800258]: 0
[E : PPU[1] Thread (CPUThread)[0x00b11190]]: Write64 to null block: [39800250]: 0
[E : PPU[1] Thread (CPUThread)[0x00b11194]]: Write64 to null block: [39800248]: 0
[E : PPU[1] Thread (CPUThread)[0x00b11198]]: Write64 to null block: [39800240]: 0
[E : PPU[1] Thread (CPUThread)[0x00b1117c]]: Write64 to null block: [398002b8]: 0
[E : PPU[1] Thread (CPUThread)[0x00b11180]]: Write64 to null block: [398002b0]: 0
[E : PPU[1] Thread (CPUThread)[0x00b11184]]: Write64 to null block: [398002a8]: 0
[E : PPU[1] Thread (CPUThread)[0x00b11188]]: Write64 to null block: [398002a0]: 0
[E : PPU[1] Thread (CPUThread)[0x00b1118c]]: Write64 to null block: [39800298]: 0
[E : PPU[1] Thread (CPUThread)[0x00b11190]]: Write64 to null block: [39800290]: 0
[E : PPU[1] Thread (CPUThread)[0x00b11194]]: Write64 to null block: [39800288]: 0
[E : PPU[1] Thread (CPUThread)[0x00b11198]]: Write64 to null block: [39800280]: 0
[E : PPU[1] Thread (CPUThread)[0x00b1117c]]: Write64 to null block: [398002f8]: 0
[E : PPU[1] Thread (CPUThread)[0x00b11180]]: Write64 to null block: [398002f0]: 0
[E : PPU[1] Thread (CPUThread)[0x00b11184]]: Write64 to null block: [398002e8]: 0
[E : PPU[1] Thread (CPUThread)[0x00b11188]]: Write64 to null block: [398002e0]: 0
[E : PPU[1] Thread (CPUThread)[0x00b1118c]]: Write64 to null block: [398002d8]: 0
[E : PPU[1] Thread (CPUThread)[0x00b11190]]: Write64 to null block: [398002d0]: 0
[E : PPU[1] Thread (CPUThread)[0x00b11194]]: Write64 to null block: [398002c8]: 0
[E : PPU[1] Thread (CPUThread)[0x00b11198]]: Write64 to null block: [398002c0]: 0
[E : PPU[1] Thread (CPUThread)[0x00b1117c]]: Write64 to null block: [39800338]: 0
[E : PPU[1] Thread (CPUThread)[0x00b11180]]: Write64 to null block: [39800330]: 0
[E : PPU[1] Thread (CPUThread)[0x00b11184]]: Write64 to null block: [39800328]: 0
[E : PPU[1] Thread (CPUThread)[0x00b11188]]: Write64 to null block: [39800320]: 0
[E : PPU[1] Thread (CPUThread)[0x00b1118c]]: Write64 to null block: [39800318]: 0
[E : PPU[1] Thread (CPUThread)[0x00b11190]]: Write64 to null block: [39800310]: 0
[E : PPU[1] Thread (CPUThread)[0x00b11194]]: Write64 to null block: [39800308]: 0
[E : PPU[1] Thread (CPUThread)[0x00b11198]]: Write64 to null block: [39800300]: 0
[E : PPU[1] Thread (CPUThread)[0x00b1117c]]: Write64 to null block: [39800378]: 0
[E : PPU[1] Thread (CPUThread)[0x00b11180]]: Write64 to null block: [39800370]: 0
[E : PPU[1] Thread (CPUThread)[0x00b11184]]: Write64 to null block: [39800368]: 0
[E : PPU[1] Thread (CPUThread)[0x00b11188]]: Write64 to null block: [39800360]: 0
[E : PPU[1] Thread (CPUThread)[0x00b1118c]]: Write64 to null block: [39800358]: 0
[E : PPU[1] Thread (CPUThread)[0x00b11190]]: Write64 to null block: [39800350]: 0
[E : PPU[1] Thread (CPUThread)[0x00b11194]]: Write64 to null block: [39800348]: 0
[E : PPU[1] Thread (CPUThread)[0x00b11198]]: Write64 to null block: [39800340]: 0
[E : PPU[1] Thread (CPUThread)[0x00b1117c]]: Write64 to null block: [398003b8]: 0
[E : PPU[1] Thread (CPUThread)[0x00b11180]]: Write64 to null block: [398003b0]: 0
[E : PPU[1] Thread (CPUThread)[0x00b11184]]: Write64 to null block: [398003a8]: 0
[E : PPU[1] Thread (CPUThread)[0x00b11188]]: Write64 to null block: [398003a0]: 0
[E : PPU[1] Thread (CPUThread)[0x00b1118c]]: Write64 to null block: [39800398]: 0
[E : PPU[1] Thread (CPUThread)[0x00b11190]]: Write64 to null block: [39800390]: 0
[E : PPU[1] Thread (CPUThread)[0x00b11194]]: Write64 to null block: [39800388]: 0
[E : PPU[1] Thread (CPUThread)[0x00b11198]]: Write64 to null block: [39800380]: 0
[E : PPU[1] Thread (CPUThread)[0x00b1117c]]: Write64 to null block: [398003f8]: 0
[E : PPU[1] Thread (CPUThread)[0x00b11180]]: Write64 to null block: [398003f0]: 0
[E : PPU[1] Thread (CPUThread)[0x00b11184]]: Write64 to null block: [398003e8]: 0
[E : PPU[1] Thread (CPUThread)[0x00b11188]]: Write64 to null block: [398003e0]: 0
[E : PPU[1] Thread (CPUThread)[0x00b1118c]]: Write64 to null block: [398003d8]: 0
[E : PPU[1] Thread (CPUThread)[0x00b11190]]: Write64 to null block: [398003d0]: 0
[E : PPU[1] Thread (CPUThread)[0x00b11194]]: Write64 to null block: [398003c8]: 0
[E : PPU[1] Thread (CPUThread)[0x00b11198]]: Write64 to null block: [398003c0]: 0
[E : PPU[1] Thread (CPUThread)[0x00b1117c]]: Write64 to null block: [39800438]: 0
[E : PPU[1] Thread (CPUThread)[0x00b11180]]: Write64 to null block: [39800430]: 0
[E : PPU[1] Thread (CPUThread)[0x00b11184]]: Write64 to null block: [39800428]: 0
[E : PPU[1] Thread (CPUThread)[0x00b11188]]: Write64 to null block: [39800420]: 0
[E : PPU[1] Thread (CPUThread)[0x00b1118c]]: Write64 to null block: [39800418]: 0
[E : PPU[1] Thread (CPUThread)[0x00b11190]]: Write64 to null block: [39800410]: 0
[E : PPU[1] Thread (CPUThread)[0x00b11194]]: Write64 to null block: [39800408]: 0
[E : PPU[1] Thread (CPUThread)[0x00b11198]]: Write64 to null block: [39800400]: 0
[E : PPU[1] Thread (CPUThread)[0x00b1117c]]: Write64 to null block: [39800478]: 0
[E : PPU[1] Thread (CPUThread)[0x00b11180]]: Write64 to null block: [39800470]: 0
[E : PPU[1] Thread (CPUThread)[0x00b11184]]: Write64 to null block: [39800468]: 0
[E : PPU[1] Thread (CPUThread)[0x00b11188]]: Write64 to null block: [39800460]: 0
[E : PPU[1] Thread (CPUThread)[0x00b1118c]]: Write64 to null block: [39800458]: 0
[E : PPU[1] Thread (CPUThread)[0x00b11190]]: Write64 to null block: [39800450]: 0
[E : PPU[1] Thread (CPUThread)[0x00b11194]]: Write64 to null block: [39800448]: 0
[E : PPU[1] Thread (CPUThread)[0x00b11198]]: Write64 to null block: [39800440]: 0
[E : PPU[1] Thread (CPUThread)[0x00b1117c]]: Write64 to null block: [398004b8]: 0
[E : PPU[1] Thread (CPUThread)[0x00b11180]]: Write64 to null block: [398004b0]: 0
[E : PPU[1] Thread (CPUThread)[0x00b11184]]: Write64 to null block: [398004a8]: 0
[E : PPU[1] Thread (CPUThread)[0x00b11188]]: Write64 to null block: [398004a0]: 0
[E : PPU[1] Thread (CPUThread)[0x00b1118c]]: Write64 to null block: [39800498]: 0
[E : PPU[1] Thread (CPUThread)[0x00b11190]]: Write64 to null block: [39800490]: 0
[E : PPU[1] Thread (CPUThread)[0x00b11194]]: Write64 to null block: [39800488]: 0
[E : PPU[1] Thread (CPUThread)[0x00b11198]]: Write64 to null block: [39800480]: 0
[E : PPU[1] Thread (CPUThread)[0x00b1117c]]: Write64 to null block: [398004f8]: 0
[E : PPU[1] Thread (CPUThread)[0x00b11180]]: Write64 to null block: [398004f0]: 0
[E : PPU[1] Thread (CPUThread)[0x00b11184]]: Write64 to null block: [398004e8]: 0
[E : PPU[1] Thread (CPUThread)[0x00b11188]]: Write64 to null block: [398004e0]: 0
[E : PPU[1] Thread (CPUThread)[0x00b1118c]]: Write64 to null block: [398004d8]: 0
[E : PPU[1] Thread (CPUThread)[0x00b11190]]: Write64 to null block: [398004d0]: 0
[E : PPU[1] Thread (CPUThread)[0x00b11194]]: Write64 to null block: [398004c8]: 0
[E : PPU[1] Thread (CPUThread)[0x00b11198]]: Write64 to null block: [398004c0]: 0
[E : PPU[1] Thread (CPUThread)[0x00b1117c]]: Write64 to null block: [39800538]: 0
[E : PPU[1] Thread (CPUThread)[0x00b11180]]: Write64 to null block: [39800530]: 0
[E : PPU[1] Thread (CPUThread)[0x00b11184]]: Write64 to null block: [39800528]: 0
[E : PPU[1] Thread (CPUThread)[0x00b11188]]: Write64 to null block: [39800520]: 0
[E : PPU[1] Thread (CPUThread)[0x00b1118c]]: Write64 to null block: [39800518]: 0
[E : PPU[1] Thread (CPUThread)[0x00b11190]]: Write64 to null block: [39800510]: 0
[E : PPU[1] Thread (CPUThread)[0x00b11194]]: Write64 to null block: [39800508]: 0
[E : PPU[1] Thread (CPUThread)[0x00b11198]]: Write64 to null block: [39800500]: 0
[E : PPU[1] Thread (CPUThread)[0x00b1117c]]: Write64 to null block: [39800578]: 0
[E : PPU[1] Thread (CPUThread)[0x00b11180]]: Write64 to null block: [39800570]: 0
[E : PPU[1] Thread (CPUThread)[0x00b11184]]: Write64 to null block: [39800568]: 0
[E : PPU[1] Thread (CPUThread)[0x00b11188]]: Write64 to null block: [39800560]: 0
[E : PPU[1] Thread (CPUThread)[0x00b1118c]]: Write64 to null block: [39800558]: 0
[E : PPU[1] Thread (CPUThread)[0x00b11190]]: Write64 to null block: [39800550]: 0
[E : PPU[1] Thread (CPUThread)[0x00b11194]]: Write64 to null block: [39800548]: 0
[E : PPU[1] Thread (CPUThread)[0x00b11198]]: Write64 to null block: [39800540]: 0
[E : PPU[1] Thread (CPUThread)[0x00b1117c]]: Write64 to null block: [398005b8]: 0
[E : PPU[1] Thread (CPUThread)[0x00b11180]]: Write64 to null block: [398005b0]: 0
[E : PPU[1] Thread (CPUThread)[0x00b11184]]: Write64 to null block: [398005a8]: 0
[E : PPU[1] Thread (CPUThread)[0x00b11188]]: Write64 to null block: [398005a0]: 0
[E : PPU[1] Thread (CPUThread)[0x00b1118c]]: Write64 to null block: [39800598]: 0
[E : PPU[1] Thread (CPUThread)[0x00b11190]]: Write64 to null block: [39800590]: 0
[E : PPU[1] Thread (CPUThread)[0x00b11194]]: Write64 to null block: [39800588]: 0
[E : PPU[1] Thread (CPUThread)[0x00b11198]]: Write64 to null block: [39800580]: 0
[E : PPU[1] Thread (CPUThread)[0x00b1117c]]: Write64 to null block: [398005f8]: 0
[E : PPU[1] Thread (CPUThread)[0x00b11180]]: Write64 to null block: [398005f0]: 0
[E : PPU[1] Thread (CPUThread)[0x00b11184]]: Write64 to null block: [398005e8]: 0
[E : PPU[1] Thread (CPUThread)[0x00b11188]]: Write64 to null block: [398005e0]: 0
[E : PPU[1] Thread (CPUThread)[0x00b1118c]]: Write64 to null block: [398005d8]: 0
[E : PPU[1] Thread (CPUThread)[0x00b11190]]: Write64 to null block: [398005d0]: 0
[E : PPU[1] Thread (CPUThread)[0x00b11194]]: Write64 to null block: [398005c8]: 0
[E : PPU[1] Thread (CPUThread)[0x00b11198]]: Write64 to null block: [398005c0]: 0
[E : PPU[1] Thread (CPUThread)[0x00b1117c]]: Write64 to null block: [39800638]: 0
[E : PPU[1] Thread (CPUThread)[0x00b11180]]: Write64 to null block: [39800630]: 0
[E : PPU[1] Thread (CPUThread)[0x00b11184]]: Write64 to null block: [39800628]: 0
[E : PPU[1] Thread (CPUThread)[0x00b11188]]: Write64 to null block: [39800620]: 0
[E : PPU[1] Thread (CPUThread)[0x00b1118c]]: Write64 to null block: [39800618]: 0
[E : PPU[1] Thread (CPUThread)[0x00b11190]]: Write64 to null block: [39800610]: 0
[E : PPU[1] Thread (CPUThread)[0x00b11194]]: Write64 to null block: [39800608]: 0
[E : PPU[1] Thread (CPUThread)[0x00b11198]]: Write64 to null block: [39800600]: 0
[E : PPU[1] Thread (CPUThread)[0x00b1117c]]: Write64 to null block: [39800678]: 0
[E : PPU[1] Thread (CPUThread)[0x00b11180]]: Write64 to null block: [39800670]: 0
[E : PPU[1] Thread (CPUThread)[0x00b11184]]: Write64 to null block: [39800668]: 0
[E : PPU[1] Thread (CPUThread)[0x00b11188]]: Write64 to null block: [39800660]: 0
[E : PPU[1] Thread (CPUThread)[0x00b1118c]]: Write64 to null block: [39800658]: 0
[E : PPU[1] Thread (CPUThread)[0x00b11190]]: Write64 to null block: [39800650]: 0
[E : PPU[1] Thread (CPUThread)[0x00b11194]]: Write64 to null block: [39800648]: 0
[E : PPU[1] Thread (CPUThread)[0x00b11198]]: Write64 to null block: [39800640]: 0
[E : PPU[1] Thread (CPUThread)[0x00b1117c]]: Write64 to null block: [398006b8]: 0
[E : PPU[1] Thread (CPUThread)[0x00b11180]]: Write64 to null block: [398006b0]: 0
[E : PPU[1] Thread (CPUThread)[0x00b11184]]: Write64 to null block: [398006a8]: 0
[E : PPU[1] Thread (CPUThread)[0x00b11188]]: Write64 to null block: [398006a0]: 0
[E : PPU[1] Thread (CPUThread)[0x00b1118c]]: Write64 to null block: [39800698]: 0
[E : PPU[1] Thread (CPUThread)[0x00b11190]]: Write64 to null block: [39800690]: 0
[E : PPU[1] Thread (CPUThread)[0x00b11194]]: Write64 to null block: [39800688]: 0
[E : PPU[1] Thread (CPUThread)[0x00b11198]]: Write64 to null block: [39800680]: 0
[E : PPU[1] Thread (CPUThread)[0x00b1117c]]: Write64 to null block: [398006f8]: 0
[E : PPU[1] Thread (CPUThread)[0x00b11180]]: Write64 to null block: [398006f0]: 0
[E : PPU[1] Thread (CPUThread)[0x00b11184]]: Write64 to null block: [398006e8]: 0
[E : PPU[1] Thread (CPUThread)[0x00b11188]]: Write64 to null block: [398006e0]: 0
[E : PPU[1] Thread (CPUThread)[0x00b1118c]]: Write64 to null block: [398006d8]: 0
[E : PPU[1] Thread (CPUThread)[0x00b11190]]: Write64 to null block: [398006d0]: 0
[E : PPU[1] Thread (CPUThread)[0x00b11194]]: Write64 to null block: [398006c8]: 0
[E : PPU[1] Thread (CPUThread)[0x00b11198]]: Write64 to null block: [398006c0]: 0
[E : PPU[1] Thread (CPUThread)[0x00b1117c]]: Write64 to null block: [39800738]: 0
[E : PPU[1] Thread (CPUThread)[0x00b11180]]: Write64 to null block: [39800730]: 0
[E : PPU[1] Thread (CPUThread)[0x00b11184]]: Write64 to null block: [39800728]: 0
[E : PPU[1] Thread (CPUThread)[0x00b11188]]: Write64 to null block: [39800720]: 0
[E : PPU[1] Thread (CPUThread)[0x00b1118c]]: Write64 to null block: [39800718]: 0
[E : PPU[1] Thread (CPUThread)[0x00b11190]]: Write64 to null block: [39800710]: 0
[E : PPU[1] Thread (CPUThread)[0x00b11194]]: Write64 to null block: [39800708]: 0
[E : PPU[1] Thread (CPUThread)[0x00b11198]]: Write64 to null block: [39800700]: 0
[E : PPU[1] Thread (CPUThread)[0x00b1117c]]: Write64 to null block: [39800778]: 0
[E : PPU[1] Thread (CPUThread)[0x00b11180]]: Write64 to null block: [39800770]: 0
[E : PPU[1] Thread (CPUThread)[0x00b11184]]: Write64 to null block: [39800768]: 0
[E : PPU[1] Thread (CPUThread)[0x00b11188]]: Write64 to null block: [39800760]: 0
[E : PPU[1] Thread (CPUThread)[0x00b1118c]]: Write64 to null block: [39800758]: 0
[E : PPU[1] Thread (CPUThread)[0x00b11190]]: Write64 to null block: [39800750]: 0
[E : PPU[1] Thread (CPUThread)[0x00b11194]]: Write64 to null block: [39800748]: 0
[E : PPU[1] Thread (CPUThread)[0x00b11198]]: Write64 to null block: [39800740]: 0
[E : PPU[1] Thread (CPUThread)[0x00b1117c]]: Write64 to null block: [398007b8]: 0
[E : PPU[1] Thread (CPUThread)[0x00b11180]]: Write64 to null block: [398007b0]: 0
[E : PPU[1] Thread (CPUThread)[0x00b11184]]: Write64 to null block: [398007a8]: 0
[E : PPU[1] Thread (CPUThread)[0x00b11188]]: Write64 to null block: [398007a0]: 0
[E : PPU[1] Thread (CPUThread)[0x00b1118c]]: Write64 to null block: [39800798]: 0
[E : PPU[1] Thread (CPUThread)[0x00b11190]]: Write64 to null block: [39800790]: 0
[E : PPU[1] Thread (CPUThread)[0x00b11194]]: Write64 to null block: [39800788]: 0
[E : PPU[1] Thread (CPUThread)[0x00b11198]]: Write64 to null block: [39800780]: 0
[E : PPU[1] Thread (CPUThread)[0x00b1117c]]: Write64 to null block: [398007f8]: 0
[E : PPU[1] Thread (CPUThread)[0x00b11180]]: Write64 to null block: [398007f0]: 0
[E : PPU[1] Thread (CPUThread)[0x00b11184]]: Write64 to null block: [398007e8]: 0
[E : PPU[1] Thread (CPUThread)[0x00b11188]]: Write64 to null block: [398007e0]: 0
[E : PPU[1] Thread (CPUThread)[0x00b1118c]]: Write64 to null block: [398007d8]: 0
[E : PPU[1] Thread (CPUThread)[0x00b11190]]: Write64 to null block: [398007d0]: 0
[E : PPU[1] Thread (CPUThread)[0x00b11194]]: Write64 to null block: [398007c8]: 0
[E : PPU[1] Thread (CPUThread)[0x00b11198]]: Write64 to null block: [398007c0]: 0
[E : PPU[1] Thread (CPUThread)[0x00b1117c]]: Write64 to null block: [39800838]: 0
[E : PPU[1] Thread (CPUThread)[0x00b11180]]: Write64 to null block: [39800830]: 0
[E : PPU[1] Thread (CPUThread)[0x00b11184]]: Write64 to null block: [39800828]: 0
[E : PPU[1] Thread (CPUThread)[0x00b11188]]: Write64 to null block: [39800820]: 0
[E : PPU[1] Thread (CPUThread)[0x00b1118c]]: Write64 to null block: [39800818]: 0
[E : PPU[1] Thread (CPUThread)[0x00b11190]]: Write64 to null block: [39800810]: 0
[E : PPU[1] Thread (CPUThread)[0x00b11194]]: Write64 to null block: [39800808]: 0
[E : PPU[1] Thread (CPUThread)[0x00b11198]]: Write64 to null block: [39800800]: 0
[E : PPU[1] Thread (CPUThread)[0x00b1117c]]: Write64 to null block: [39800878]: 0
[E : PPU[1] Thread (CPUThread)[0x00b11180]]: Write64 to null block: [39800870]: 0
[E : PPU[1] Thread (CPUThread)[0x00b11184]]: Write64 to null block: [39800868]: 0
[E : PPU[1] Thread (CPUThread)[0x00b11188]]: Write64 to null block: [39800860]: 0
[E : PPU[1] Thread (CPUThread)[0x00b1118c]]: Write64 to null block: [39800858]: 0
[E : PPU[1] Thread (CPUThread)[0x00b11190]]: Write64 to null block: [39800850]: 0
[E : PPU[1] Thread (CPUThread)[0x00b11194]]: Write64 to null block: [39800848]: 0
[E : PPU[1] Thread (CPUThread)[0x00b11198]]: Write64 to null block: [39800840]: 0
[E : PPU[1] Thread (CPUThread)[0x00b1117c]]: Write64 to null block: [398008b8]: 0
[E : PPU[1] Thread (CPUThread)[0x00b11180]]: Write64 to null block: [398008b0]: 0
[E : PPU[1] Thread (CPUThread)[0x00b11184]]: Write64 to null block: [398008a8]: 0
[E : PPU[1] Thread (CPUThread)[0x00b11188]]: Write64 to null block: [398008a0]: 0
[E : PPU[1] Thread (CPUThread)[0x00b1118c]]: Write64 to null block: [39800898]: 0
[E : PPU[1] Thread (CPUThread)[0x00b11190]]: Write64 to null block: [39800890]: 0
[E : PPU[1] Thread (CPUThread)[0x00b11194]]: Write64 to null block: [39800888]: 0
[E : PPU[1] Thread (CPUThread)[0x00b11198]]: Write64 to null block: [39800880]: 0
[E : PPU[1] Thread (CPUThread)[0x00b1117c]]: Write64 to null block: [398008f8]: 0
[E : PPU[1] Thread (CPUThread)[0x00b11180]]: Write64 to null block: [398008f0]: 0
[E : PPU[1] Thread (CPUThread)[0x00b11184]]: Write64 to null block: [398008e8]: 0
[E : PPU[1] Thread (CPUThread)[0x00b11188]]: Write64 to null block: [398008e0]: 0
[E : PPU[1] Thread (CPUThread)[0x00b1118c]]: Write64 to null block: [398008d8]: 0
[E : PPU[1] Thread (CPUThread)[0x00b11190]]: Write64 to null block: [398008d0]: 0
[E : PPU[1] Thread (CPUThread)[0x00b11194]]: Write64 to null block: [398008c8]: 0
[E : PPU[1] Thread (CPUThread)[0x00b11198]]: Write64 to null block: [398008c0]: 0
[E : PPU[1] Thread (CPUThread)[0x00b1117c]]: Write64 to null block: [39800938]: 0
[E : PPU[1] Thread (CPUThread)[0x00b11180]]: Write64 to null block: [39800930]: 0
[E : PPU[1] Thread (CPUThread)[0x00b11184]]: Write64 to null block: [39800928]: 0
[E : PPU[1] Thread (CPUThread)[0x00b11188]]: Write64 to null block: [39800920]: 0
[E : PPU[1] Thread (CPUThread)[0x00b1118c]]: Write64 to null block: [39800918]: 0
[E : PPU[1] Thread (CPUThread)[0x00b11190]]: Write64 to null block: [39800910]: 0
[E : PPU[1] Thread (CPUThread)[0x00b11194]]: Write64 to null block: [39800908]: 0
[E : PPU[1] Thread (CPUThread)[0x00b11198]]: Write64 to null block: [39800900]: 0
[E : PPU[1] Thread (CPUThread)[0x00b1117c]]: Write64 to null block: [39800978]: 0
[E : PPU[1] Thread (CPUThread)[0x00b11180]]: Write64 to null block: [39800970]: 0
[E : PPU[1] Thread (CPUThread)[0x00b11184]]: Write64 to null block: [39800968]: 0
[E : PPU[1] Thread (CPUThread)[0x00b11188]]: Write64 to null block: [39800960]: 0
[E : PPU[1] Thread (CPUThread)[0x00b1118c]]: Write64 to null block: [39800958]: 0
[E : PPU[1] Thread (CPUThread)[0x00b11190]]: Write64 to null block: [39800950]: 0
[E : PPU[1] Thread (CPUThread)[0x00b11194]]: Write64 to null block: [39800948]: 0
[E : PPU[1] Thread (CPUThread)[0x00b11198]]: Write64 to null block: [39800940]: 0
[E : PPU[1] Thread (CPUThread)[0x00b1117c]]: Write64 to null block: [398009b8]: 0
[E : PPU[1] Thread (CPUThread)[0x00b11180]]: Write64 to null block: [398009b0]: 0
[E : PPU[1] Thread (CPUThread)[0x00b11184]]: Write64 to null block: [398009a8]: 0
[E : PPU[1] Thread (CPUThread)[0x00b11188]]: Write64 to null block: [398009a0]: 0
[E : PPU[1] Thread (CPUThread)[0x00b1118c]]: Write64 to null block: [39800998]: 0
[E : PPU[1] Thread (CPUThread)[0x00b11190]]: Write64 to null block: [39800990]: 0
[E : PPU[1] Thread (CPUThread)[0x00b11194]]: Write64 to null block: [39800988]: 0
[E : PPU[1] Thread (CPUThread)[0x00b11198]]: Write64 to null block: [39800980]: 0
[E : PPU[1] Thread (CPUThread)[0x00b1117c]]: Write64 to null block: [398009f8]: 0
[E : PPU[1] Thread (CPUThread)[0x00b11180]]: Write64 to null block: [398009f0]: 0
[E : PPU[1] Thread (CPUThread)[0x00b11184]]: Write64 to null block: [398009e8]: 0
[E : PPU[1] Thread (CPUThread)[0x00b11188]]: Write64 to null block: [398009e0]: 0
[E : PPU[1] Thread (CPUThread)[0x00b1118c]]: Write64 to null block: [398009d8]: 0
[E : PPU[1] Thread (CPUThread)[0x00b11190]]: Write64 to null block: [398009d0]: 0
[E : PPU[1] Thread (CPUThread)[0x00b11194]]: Write64 to null block: [398009c8]: 0
[E : PPU[1] Thread (CPUThread)[0x00b11198]]: Write64 to null block: [398009c0]: 0
[E : PPU[1] Thread (CPUThread)[0x00b1117c]]: Write64 to null block: [39800a38]: 0
[E : PPU[1] Thread (CPUThread)[0x00b11180]]: Write64 to null block: [39800a30]: 0
[E : PPU[1] Thread (CPUThread)[0x00b11184]]: Write64 to null block: [39800a28]: 0
[E : PPU[1] Thread (CPUThread)[0x00b11188]]: Write64 to null block: [39800a20]: 0
[E : PPU[1] Thread (CPUThread)[0x00b1118c]]: Write64 to null block: [39800a18]: 0
[E : PPU[1] Thread (CPUThread)[0x00b11190]]: Write64 to null block: [39800a10]: 0
[E : PPU[1] Thread (CPUThread)[0x00b11194]]: Write64 to null block: [39800a08]: 0
[E : PPU[1] Thread (CPUThread)[0x00b11198]]: Write64 to null block: [39800a00]: 0
[E : PPU[1] Thread (CPUThread)[0x00b1117c]]: Write64 to null block: [39800a78]: 0
[E : PPU[1] Thread (CPUThread)[0x00b11180]]: Write64 to null block: [39800a70]: 0
[E : PPU[1] Thread (CPUThread)[0x00b11184]]: Write64 to null block: [39800a68]: 0
[E : PPU[1] Thread (CPUThread)[0x00b11188]]: Write64 to null block: [39800a60]: 0
[E : PPU[1] Thread (CPUThread)[0x00b1118c]]: Write64 to null block: [39800a58]: 0
[E : PPU[1] Thread (CPUThread)[0x00b11190]]: Write64 to null block: [39800a50]: 0
[E : PPU[1] Thread (CPUThread)[0x00b11194]]: Write64 to null block: [39800a48]: 0
[E : PPU[1] Thread (CPUThread)[0x00b11198]]: Write64 to null block: [39800a40]: 0
[E : PPU[1] Thread (CPUThread)[0x00b1117c]]: Write64 to null block: [39800ab8]: 0
[E : PPU[1] Thread (CPUThread)[0x00b11180]]: Write64 to null block: [39800ab0]: 0
[E : PPU[1] Thread (CPUThread)[0x00b11184]]: Write64 to null block: [39800aa8]: 0
[E : PPU[1] Thread (CPUThread)[0x00b11188]]: Write64 to null block: [39800aa0]: 0
[E : PPU[1] Thread (CPUThread)[0x00b1118c]]: Write64 to null block: [39800a98]: 0
[E : PPU[1] Thread (CPUThread)[0x00b11190]]: Write64 to null block: [39800a90]: 0
[E : PPU[1] Thread (CPUThread)[0x00b11194]]: Write64 to null block: [39800a88]: 0
[E : PPU[1] Thread (CPUThread)[0x00b11198]]: Write64 to null block: [39800a80]: 0
[E : PPU[1] Thread (CPUThread)[0x00b1117c]]: Write64 to null block: [39800af8]: 0
[E : PPU[1] Thread (CPUThread)[0x00b11180]]: Write64 to null block: [39800af0]: 0
[E : PPU[1] Thread (CPUThread)[0x00b11184]]: Write64 to null block: [39800ae8]: 0
[E : PPU[1] Thread (CPUThread)[0x00b11188]]: Write64 to null block: [39800ae0]: 0
[E : PPU[1] Thread (CPUThread)[0x00b1118c]]: Write64 to null block: [39800ad8]: 0
[E : PPU[1] Thread (CPUThread)[0x00b11190]]: Write64 to null block: [39800ad0]: 0
[E : PPU[1] Thread (CPUThread)[0x00b11194]]: Write64 to null block: [39800ac8]: 0
[E : PPU[1] Thread (CPUThread)[0x00b11198]]: Write64 to null block: [39800ac0]: 0
[E : PPU[1] Thread (CPUThread)[0x00b1117c]]: Write64 to null block: [39800b38]: 0
[E : PPU[1] Thread (CPUThread)[0x00b11180]]: Write64 to null block: [39800b30]: 0
[E : PPU[1] Thread (CPUThread)[0x00b11184]]: Write64 to null block: [39800b28]: 0
[E : PPU[1] Thread (CPUThread)[0x00b11188]]: Write64 to null block: [39800b20]: 0
[E : PPU[1] Thread (CPUThread)[0x00b1118c]]: Write64 to null block: [39800b18]: 0
[E : PPU[1] Thread (CPUThread)[0x00b11190]]: Write64 to null block: [39800b10]: 0
[E : PPU[1] Thread (CPUThread)[0x00b11194]]: Write64 to null block: [39800b08]: 0
[E : PPU[1] Thread (CPUThread)[0x00b11198]]: Write64 to null block: [39800b00]: 0
[E : PPU[1] Thread (CPUThread)[0x00b1117c]]: Write64 to null block: [39800b78]: 0
[E : PPU[1] Thread (CPUThread)[0x00b11180]]: Write64 to null block: [39800b70]: 0
[E : PPU[1] Thread (CPUThread)[0x00b11184]]: Write64 to null block: [39800b68]: 0
[E : PPU[1] Thread (CPUThread)[0x00b11188]]: Write64 to null block: [39800b60]: 0
[E : PPU[1] Thread (CPUThread)[0x00b1118c]]: Write64 to null block: [39800b58]: 0
[E : PPU[1] Thread (CPUThread)[0x00b11190]]: Write64 to null block: [39800b50]: 0
[E : PPU[1] Thread (CPUThread)[0x00b11194]]: Write64 to null block: [39800b48]: 0
[E : PPU[1] Thread (CPUThread)[0x00b11198]]: Write64 to null block: [39800b40]: 0
[E : PPU[1] Thread (CPUThread)[0x00b1117c]]: Write64 to null block: [39800bb8]: 0
[E : PPU[1] Thread (CPUThread)[0x00b11180]]: Write64 to null block: [39800bb0]: 0
[E : PPU[1] Thread (CPUThread)[0x00b11184]]: Write64 to null block: [39800ba8]: 0
[E : PPU[1] Thread (CPUThread)[0x00b11188]]: Write64 to null block: [39800ba0]: 0
[E : PPU[1] Thread (CPUThread)[0x00b1118c]]: Write64 to null block: [39800b98]: 0
[E : PPU[1] Thread (CPUThread)[0x00b11190]]: Write64 to null block: [39800b90]: 0
[E : PPU[1] Thread (CPUThread)[0x00b11194]]: Write64 to null block: [39800b88]: 0
[E : PPU[1] Thread (CPUThread)[0x00b11198]]: Write64 to null block: [39800b80]: 0
[E : PPU[1] Thread (CPUThread)[0x00b1117c]]: Write64 to null block: [39800bf8]: 0
[E : PPU[1] Thread (CPUThread)[0x00b11180]]: Write64 to null block: [39800bf0]: 0
[E : PPU[1] Thread (CPUThread)[0x00b11184]]: Write64 to null block: [39800be8]: 0
[E : PPU[1] Thread (CPUThread)[0x00b11188]]: Write64 to null block: [39800be0]: 0
[E : PPU[1] Thread (CPUThread)[0x00b1118c]]: Write64 to null block: [39800bd8]: 0
[E : PPU[1] Thread (CPUThread)[0x00b11190]]: Write64 to null block: [39800bd0]: 0
[E : PPU[1] Thread (CPUThread)[0x00b11194]]: Write64 to null block: [39800bc8]: 0
[E : PPU[1] Thread (CPUThread)[0x00b11198]]: Write64 to null block: [39800bc0]: 0
[E : PPU[1] Thread (CPUThread)[0x00b1117c]]: Write64 to null block: [39800c38]: 0
[E : PPU[1] Thread (CPUThread)[0x00b11180]]: Write64 to null block: [39800c30]: 0
[E : PPU[1] Thread (CPUThread)[0x00b11184]]: Write64 to null block: [39800c28]: 0
[E : PPU[1] Thread (CPUThread)[0x00b11188]]: Write64 to null block: [39800c20]: 0
[E : PPU[1] Thread (CPUThread)[0x00b1118c]]: Write64 to null block: [39800c18]: 0
[E : PPU[1] Thread (CPUThread)[0x00b11190]]: Write64 to null block: [39800c10]: 0
[E : PPU[1] Thread (CPUThread)[0x00b11194]]: Write64 to null block: [39800c08]: 0
[E : PPU[1] Thread (CPUThread)[0x00b11198]]: Write64 to null block: [39800c00]: 0
[E : PPU[1] Thread (CPUThread)[0x00b1117c]]: Write64 to null block: [39800c78]: 0
[E : PPU[1] Thread (CPUThread)[0x00b11180]]: Write64 to null block: [39800c70]: 0
[E : PPU[1] Thread (CPUThread)[0x00b11184]]: Write64 to null block: [39800c68]: 0
[E : PPU[1] Thread (CPUThread)[0x00b11188]]: Write64 to null block: [39800c60]: 0
[E : PPU[1] Thread (CPUThread)[0x00b1118c]]: Write64 to null block: [39800c58]: 0
[E : PPU[1] Thread (CPUThread)[0x00b11190]]: Write64 to null block: [39800c50]: 0
[E : PPU[1] Thread (CPUThread)[0x00b11194]]: Write64 to null block: [39800c48]: 0
[E : PPU[1] Thread (CPUThread)[0x00b11198]]: Write64 to null block: [39800c40]: 0
[E : PPU[1] Thread (CPUThread)[0x00b1117c]]: Write64 to null block: [39800cb8]: 0
[E : PPU[1] Thread (CPUThread)[0x00b11180]]: Write64 to null block: [39800cb0]: 0
[E : PPU[1] Thread (CPUThread)[0x00b11184]]: Write64 to null block: [39800ca8]: 0
[E : PPU[1] Thread (CPUThread)[0x00b11188]]: Write64 to null block: [39800ca0]: 0
[E : PPU[1] Thread (CPUThread)[0x00b1118c]]: Write64 to null block: [39800c98]: 0
[E : PPU[1] Thread (CPUThread)[0x00b11190]]: Write64 to null block: [39800c90]: 0
[E : PPU[1] Thread (CPUThread)[0x00b11194]]: Write64 to null block: [39800c88]: 0
[E : PPU[1] Thread (CPUThread)[0x00b11198]]: Write64 to null block: [39800c80]: 0
[E : PPU[1] Thread (CPUThread)[0x00b1117c]]: Write64 to null block: [39800cf8]: 0
[E : PPU[1] Thread (CPUThread)[0x00b11180]]: Write64 to null block: [39800cf0]: 0
[E : PPU[1] Thread (CPUThread)[0x00b11184]]: Write64 to null block: [39800ce8]: 0
[E : PPU[1] Thread (CPUThread)[0x00b11188]]: Write64 to null block: [39800ce0]: 0
[E : PPU[1] Thread (CPUThread)[0x00b1118c]]: Write64 to null block: [39800cd8]: 0
[E : PPU[1] Thread (CPUThread)[0x00b11190]]: Write64 to null block: [39800cd0]: 0
[E : PPU[1] Thread (CPUThread)[0x00b11194]]: Write64 to null block: [39800cc8]: 0
[E : PPU[1] Thread (CPUThread)[0x00b11198]]: Write64 to null block: [39800cc0]: 0
[E : PPU[1] Thread (CPUThread)[0x00b1117c]]: Write64 to null block: [39800d38]: 0
[E : PPU[1] Thread (CPUThread)[0x00b11180]]: Write64 to null block: [39800d30]: 0
[E : PPU[1] Thread (CPUThread)[0x00b11184]]: Write64 to null block: [39800d28]: 0
[E : PPU[1] Thread (CPUThread)[0x00b11188]]: Write64 to null block: [39800d20]: 0
[E : PPU[1] Thread (CPUThread)[0x00b1118c]]: Write64 to null block: [39800d18]: 0
[E : PPU[1] Thread (CPUThread)[0x00b11190]]: Write64 to null block: [39800d10]: 0
[E : PPU[1] Thread (CPUThread)[0x00b11194]]: Write64 to null block: [39800d08]: 0
[E : PPU[1] Thread (CPUThread)[0x00b11198]]: Write64 to null block: [39800d00]: 0
[E : PPU[1] Thread (CPUThread)[0x00b1117c]]: Write64 to null block: [39800d78]: 0
[E : PPU[1] Thread (CPUThread)[0x00b11180]]: Write64 to null block: [39800d70]: 0
[E : PPU[1] Thread (CPUThread)[0x00b11184]]: Write64 to null block: [39800d68]: 0
[E : PPU[1] Thread (CPUThread)[0x00b11188]]: Write64 to null block: [39800d60]: 0
[E : PPU[1] Thread (CPUThread)[0x00b1118c]]: Write64 to null block: [39800d58]: 0
[E : PPU[1] Thread (CPUThread)[0x00b11190]]: Write64 to null block: [39800d50]: 0
[E : PPU[1] Thread (CPUThread)[0x00b11194]]: Write64 to null block: [39800d48]: 0
[E : PPU[1] Thread (CPUThread)[0x00b11198]]: Write64 to null block: [39800d40]: 0
[E : PPU[1] Thread (CPUThread)[0x00b1117c]]: Write64 to null block: [39800db8]: 0
[E : PPU[1] Thread (CPUThread)[0x00b11180]]: Write64 to null block: [39800db0]: 0
[E : PPU[1] Thread (CPUThread)[0x00b11184]]: Write64 to null block: [39800da8]: 0
[E : PPU[1] Thread (CPUThread)[0x00b11188]]: Write64 to null block: [39800da0]: 0
[E : PPU[1] Thread (CPUThread)[0x00b1118c]]: Write64 to null block: [39800d98]: 0
[E : PPU[1] Thread (CPUThread)[0x00b11190]]: Write64 to null block: [39800d90]: 0
[E : PPU[1] Thread (CPUThread)[0x00b11194]]: Write64 to null block: [39800d88]: 0
[E : PPU[1] Thread (CPUThread)[0x00b11198]]: Write64 to null block: [39800d80]: 0
[E : PPU[1] Thread (CPUThread)[0x00b1117c]]: Write64 to null block: [39800df8]: 0
[E : PPU[1] Thread (CPUThread)[0x00b11180]]: Write64 to null block: [39800df0]: 0
[E : PPU[1] Thread (CPUThread)[0x00b11184]]: Write64 to null block: [39800de8]: 0
[E : PPU[1] Thread (CPUThread)[0x00b11188]]: Write64 to null block: [39800de0]: 0
[E : PPU[1] Thread (CPUThread)[0x00b1118c]]: Write64 to null block: [39800dd8]: 0
[E : PPU[1] Thread (CPUThread)[0x00b11190]]: Write64 to null block: [39800dd0]: 0
[E : PPU[1] Thread (CPUThread)[0x00b11194]]: Write64 to null block: [39800dc8]: 0
[E : PPU[1] Thread (CPUThread)[0x00b11198]]: Write64 to null block: [39800dc0]: 0
[E : PPU[1] Thread (CPUThread)[0x00b1117c]]: Write64 to null block: [39800e38]: 0
[E : PPU[1] Thread (CPUThread)[0x00b11180]]: Write64 to null block: [39800e30]: 0
[E : PPU[1] Thread (CPUThread)[0x00b11184]]: Write64 to null block: [39800e28]: 0
[E : PPU[1] Thread (CPUThread)[0x00b11188]]: Write64 to null block: [39800e20]: 0
[E : PPU[1] Thread (CPUThread)[0x00b1118c]]: Write64 to null block: [39800e18]: 0
[E : PPU[1] Thread (CPUThread)[0x00b11190]]: Write64 to null block: [39800e10]: 0
[E : PPU[1] Thread (CPUThread)[0x00b11194]]: Write64 to null block: [39800e08]: 0
[E : PPU[1] Thread (CPUThread)[0x00b11198]]: Write64 to null block: [39800e00]: 0
[E : PPU[1] Thread (CPUThread)[0x00b1117c]]: Write64 to null block: [39800e78]: 0
[E : PPU[1] Thread (CPUThread)[0x00b11180]]: Write64 to null block: [39800e70]: 0
[E : PPU[1] Thread (CPUThread)[0x00b11184]]: Write64 to null block: [39800e68]: 0
[E : PPU[1] Thread (CPUThread)[0x00b11188]]: Write64 to null block: [39800e60]: 0
[E : PPU[1] Thread (CPUThread)[0x00b1118c]]: Write64 to null block: [39800e58]: 0
[E : PPU[1] Thread (CPUThread)[0x00b11190]]: Write64 to null block: [39800e50]: 0
[E : PPU[1] Thread (CPUThread)[0x00b11194]]: Write64 to null block: [39800e48]: 0
[E : PPU[1] Thread (CPUThread)[0x00b11198]]: Write64 to null block: [39800e40]: 0
[E : PPU[1] Thread (CPUThread)[0x00b1117c]]: Write64 to null block: [39800eb8]: 0
[E : PPU[1] Thread (CPUThread)[0x00b11180]]: Write64 to null block: [39800eb0]: 0
[E : PPU[1] Thread (CPUThread)[0x00b11184]]: Write64 to null block: [39800ea8]: 0
[E : PPU[1] Thread (CPUThread)[0x00b11188]]: Write64 to null block: [39800ea0]: 0
[E : PPU[1] Thread (CPUThread)[0x00b1118c]]: Write64 to null block: [39800e98]: 0
[E : PPU[1] Thread (CPUThread)[0x00b11190]]: Write64 to null block: [39800e90]: 0
[E : PPU[1] Thread (CPUThread)[0x00b11194]]: Write64 to null block: [39800e88]: 0
[E : PPU[1] Thread (CPUThread)[0x00b11198]]: Write64 to null block: [39800e80]: 0
[E : PPU[1] Thread (CPUThread)[0x00b1117c]]: Write64 to null block: [39800ef8]: 0
[E : PPU[1] Thread (CPUThread)[0x00b11180]]: Write64 to null block: [39800ef0]: 0
[E : PPU[1] Thread (CPUThread)[0x00b11184]]: Write64 to null block: [39800ee8]: 0
[E : PPU[1] Thread (CPUThread)[0x00b11188]]: Write64 to null block: [39800ee0]: 0
[E : PPU[1] Thread (CPUThread)[0x00b1118c]]: Write64 to null block: [39800ed8]: 0
[E : PPU[1] Thread (CPUThread)[0x00b11190]]: Write64 to null block: [39800ed0]: 0
[E : PPU[1] Thread (CPUThread)[0x00b11194]]: Write64 to null block: [39800ec8]: 0
[E : PPU[1] Thread (CPUThread)[0x00b11198]]: Write64 to null block: [39800ec0]: 0
[E : PPU[1] Thread (CPUThread)[0x00b1117c]]: Write64 to null block: [39800f38]: 0
[E : PPU[1] Thread (CPUThread)[0x00b11180]]: Write64 to null block: [39800f30]: 0
[E : PPU[1] Thread (CPUThread)[0x00b11184]]: Write64 to null block: [39800f28]: 0
[E : PPU[1] Thread (CPUThread)[0x00b11188]]: Write64 to null block: [39800f20]: 0
[E : PPU[1] Thread (CPUThread)[0x00b1118c]]: Write64 to null block: [39800f18]: 0
[E : PPU[1] Thread (CPUThread)[0x00b11190]]: Write64 to null block: [39800f10]: 0
[E : PPU[1] Thread (CPUThread)[0x00b11194]]: Write64 to null block: [39800f08]: 0
[E : PPU[1] Thread (CPUThread)[0x00b11198]]: Write64 to null block: [39800f00]: 0
[E : PPU[1] Thread (CPUThread)[0x00b1117c]]: Write64 to null block: [39800f78]: 0
[E : PPU[1] Thread (CPUThread)[0x00b11180]]: Write64 to null block: [39800f70]: 0
[E : PPU[1] Thread (CPUThread)[0x00b11184]]: Write64 to null block: [39800f68]: 0
[E : PPU[1] Thread (CPUThread)[0x00b11188]]: Write64 to null block: [39800f60]: 0
[E : PPU[1] Thread (CPUThread)[0x00b1118c]]: Write64 to null block: [39800f58]: 0
[E : PPU[1] Thread (CPUThread)[0x00b11190]]: Write64 to null block: [39800f50]: 0
[E : PPU[1] Thread (CPUThread)[0x00b11194]]: Write64 to null block: [39800f48]: 0
[E : PPU[1] Thread (CPUThread)[0x00b11198]]: Write64 to null block: [39800f40]: 0
[E : PPU[1] Thread (CPUThread)[0x00b1117c]]: Write64 to null block: [39800fb8]: 0
[E : PPU[1] Thread (CPUThread)[0x00b11180]]: Write64 to null block: [39800fb0]: 0
[E : PPU[1] Thread (CPUThread)[0x00b11184]]: Write64 to null block: [39800fa8]: 0
[E : PPU[1] Thread (CPUThread)[0x00b11188]]: Write64 to null block: [39800fa0]: 0
[E : PPU[1] Thread (CPUThread)[0x00b1118c]]: Write64 to null block: [39800f98]: 0
[E : PPU[1] Thread (CPUThread)[0x00b11190]]: Write64 to null block: [39800f90]: 0
[E : PPU[1] Thread (CPUThread)[0x00b11194]]: Write64 to null block: [39800f88]: 0
[E : PPU[1] Thread (CPUThread)[0x00b11198]]: Write64 to null block: [39800f80]: 0
[E : PPU[1] Thread (CPUThread)[0x00b1117c]]: Write64 to null block: [39800ff8]: 0
[E : PPU[1] Thread (CPUThread)[0x00b11180]]: Write64 to null block: [39800ff0]: 0
[E : PPU[1] Thread (CPUThread)[0x00b11184]]: Write64 to null block: [39800fe8]: 0
[E : PPU[1] Thread (CPUThread)[0x00b11188]]: Write64 to null block: [39800fe0]: 0
[E : PPU[1] Thread (CPUThread)[0x00b1118c]]: Write64 to null block: [39800fd8]: 0
[E : PPU[1] Thread (CPUThread)[0x00b11190]]: Write64 to null block: [39800fd0]: 0
[E : PPU[1] Thread (CPUThread)[0x00b11194]]: Write64 to null block: [39800fc8]: 0
[E : PPU[1] Thread (CPUThread)[0x00b11198]]: Write64 to null block: [39800fc0]: 0
[E : PPU[1] Thread (CPUThread)[0x00b1117c]]: Write64 to null block: [39801038]: 0
[E : PPU[1] Thread (CPUThread)[0x00b11180]]: Write64 to null block: [39801030]: 0
[E : PPU[1] Thread (CPUThread)[0x00b11184]]: Write64 to null block: [39801028]: 0
[E : PPU[1] Thread (CPUThread)[0x00b11188]]: Write64 to null block: [39801020]: 0
[E : PPU[1] Thread (CPUThread)[0x00b1118c]]: Write64 to null block: [39801018]: 0
[E : PPU[1] Thread (CPUThread)[0x00b11190]]: Write64 to null block: [39801010]: 0
[E : PPU[1] Thread (CPUThread)[0x00b11194]]: Write64 to null block: [39801008]: 0
[E : PPU[1] Thread (CPUThread)[0x00b11198]]: Write64 to null block: [39801000]: 0
[E : PPU[1] Thread (CPUThread)[0x00b1117c]]: Write64 to null block: [39801078]: 0
[E : PPU[1] Thread (CPUThread)[0x00b11180]]: Write64 to null block: [39801070]: 0
[E : PPU[1] Thread (CPUThread)[0x00b11184]]: Write64 to null block: [39801068]: 0
[E : PPU[1] Thread (CPUThread)[0x00b11188]]: Write64 to null block: [39801060]: 0
[E : PPU[1] Thread (CPUThread)[0x00b1118c]]: Write64 to null block: [39801058]: 0
[E : PPU[1] Thread (CPUThread)[0x00b11190]]: Write64 to null block: [39801050]: 0
[E : PPU[1] Thread (CPUThread)[0x00b11194]]: Write64 to null block: [39801048]: 0
[E : PPU[1] Thread (CPUThread)[0x00b11198]]: Write64 to null block: [39801040]: 0
[E : PPU[1] Thread (CPUThread)[0x00b1117c]]: Write64 to null block: [398010b8]: 0
[E : PPU[1] Thread (CPUThread)[0x00b11180]]: Write64 to null block: [398010b0]: 0
[E : PPU[1] Thread (CPUThread)[0x00b11184]]: Write64 to null block: [398010a8]: 0
[E : PPU[1] Thread (CPUThread)[0x00b11188]]: Write64 to null block: [398010a0]: 0
[E : PPU[1] Thread (CPUThread)[0x00b1118c]]: Write64 to null block: [39801098]: 0
[E : PPU[1] Thread (CPUThread)[0x00b11190]]: Write64 to null block: [39801090]: 0
[E : PPU[1] Thread (CPUThread)[0x00b11194]]: Write64 to null block: [39801088]: 0
[E : PPU[1] Thread (CPUThread)[0x00b11198]]: Write64 to null block: [39801080]: 0
[E : PPU[1] Thread (CPUThread)[0x00b1117c]]: Write64 to null block: [398010f8]: 0
[E : PPU[1] Thread (CPUThread)[0x00b11180]]: Write64 to null block: [398010f0]: 0
[E : PPU[1] Thread (CPUThread)[0x00b11184]]: Write64 to null block: [398010e8]: 0
[E : PPU[1] Thread (CPUThread)[0x00b11188]]: Write64 to null block: [398010e0]: 0
[E : PPU[1] Thread (CPUThread)[0x00b1118c]]: Write64 to null block: [398010d8]: 0
[E : PPU[1] Thread (CPUThread)[0x00b11190]]: Write64 to null block: [398010d0]: 0
[E : PPU[1] Thread (CPUThread)[0x00b11194]]: Write64 to null block: [398010c8]: 0
[E : PPU[1] Thread (CPUThread)[0x00b11198]]: Write64 to null block: [398010c0]: 0
[E : PPU[1] Thread (CPUThread)[0x00b1117c]]: Write64 to null block: [39801138]: 0
[E : PPU[1] Thread (CPUThread)[0x00b11180]]: Write64 to null block: [39801130]: 0
[E : PPU[1] Thread (CPUThread)[0x00b11184]]: Write64 to null block: [39801128]: 0
[E : PPU[1] Thread (CPUThread)[0x00b11188]]: Write64 to null block: [39801120]: 0
[E : PPU[1] Thread (CPUThread)[0x00b1118c]]: Write64 to null block: [39801118]: 0
[E : PPU[1] Thread (CPUThread)[0x00b11190]]: Write64 to null block: [39801110]: 0
[E : PPU[1] Thread (CPUThread)[0x00b11194]]: Write64 to null block: [39801108]: 0
[E : PPU[1] Thread (CPUThread)[0x00b11198]]: Write64 to null block: [39801100]: 0
[E : PPU[1] Thread (CPUThread)[0x00b1117c]]: Write64 to null block: [39801178]: 0
[E : PPU[1] Thread (CPUThread)[0x00b11180]]: Write64 to null block: [39801170]: 0
[E : PPU[1] Thread (CPUThread)[0x00b11184]]: Write64 to null block: [39801168]: 0
[E : PPU[1] Thread (CPUThread)[0x00b11188]]: Write64 to null block: [39801160]: 0
[E : PPU[1] Thread (CPUThread)[0x00b1118c]]: Write64 to null block: [39801158]: 0
[E : PPU[1] Thread (CPUThread)[0x00b11190]]: Write64 to null block: [39801150]: 0
[E : PPU[1] Thread (CPUThread)[0x00b11194]]: Write64 to null block: [39801148]: 0
[E : PPU[1] Thread (CPUThread)[0x00b11198]]: Write64 to null block: [39801140]: 0
[E : PPU[1] Thread (CPUThread)[0x00b1117c]]: Write64 to null block: [398011b8]: 0
[E : PPU[1] Thread (CPUThread)[0x00b11180]]: Write64 to null block: [398011b0]: 0
[E : PPU[1] Thread (CPUThread)[0x00b11184]]: Write64 to null block: [398011a8]: 0
[E : PPU[1] Thread (CPUThread)[0x00b11188]]: Write64 to null block: [398011a0]: 0
[E : PPU[1] Thread (CPUThread)[0x00b1118c]]: Write64 to null block: [39801198]: 0
[E : PPU[1] Thread (CPUThread)[0x00b11190]]: Write64 to null block: [39801190]: 0
[E : PPU[1] Thread (CPUThread)[0x00b11194]]: Write64 to null block: [39801188]: 0
[E : PPU[1] Thread (CPUThread)[0x00b11198]]: Write64 to null block: [39801180]: 0
[E : PPU[1] Thread (CPUThread)[0x00b1117c]]: Write64 to null block: [398011f8]: 0
[E : PPU[1] Thread (CPUThread)[0x00b11180]]: Write64 to null block: [398011f0]: 0
[E : PPU[1] Thread (CPUThread)[0x00b11184]]: Write64 to null block: [398011e8]: 0
[E : PPU[1] Thread (CPUThread)[0x00b11188]]: Write64 to null block: [398011e0]: 0
[E : PPU[1] Thread (CPUThread)[0x00b1118c]]: Write64 to null block: [398011d8]: 0
[E : PPU[1] Thread (CPUThread)[0x00b11190]]: Write64 to null block: [398011d0]: 0
[E : PPU[1] Thread (CPUThread)[0x00b11194]]: Write64 to null block: [398011c8]: 0
[E : PPU[1] Thread (CPUThread)[0x00b11198]]: Write64 to null block: [398011c0]: 0
[E : PPU[1] Thread (CPUThread)[0x00b1117c]]: Write64 to null block: [39801238]: 0
[E : PPU[1] Thread (CPUThread)[0x00b11180]]: Write64 to null block: [39801230]: 0
[E : PPU[1] Thread (CPUThread)[0x00b11184]]: Write64 to null block: [39801228]: 0
[E : PPU[1] Thread (CPUThread)[0x00b11188]]: Write64 to null block: [39801220]: 0
[E : PPU[1] Thread (CPUThread)[0x00b1118c]]: Write64 to null block: [39801218]: 0
[E : PPU[1] Thread (CPUThread)[0x00b11190]]: Write64 to null block: [39801210]: 0
[E : PPU[1] Thread (CPUThread)[0x00b11194]]: Write64 to null block: [39801208]: 0
[E : PPU[1] Thread (CPUThread)[0x00b11198]]: Write64 to null block: [39801200]: 0
[E : PPU[1] Thread (CPUThread)[0x00b1117c]]: Write64 to null block: [39801278]: 0
[E : PPU[1] Thread (CPUThread)[0x00b11180]]: Write64 to null block: [39801270]: 0
[E : PPU[1] Thread (CPUThread)[0x00b11184]]: Write64 to null block: [39801268]: 0
[E : PPU[1] Thread (CPUThread)[0x00b11188]]: Write64 to null block: [39801260]: 0
[E : PPU[1] Thread (CPUThread)[0x00b1118c]]: Write64 to null block: [39801258]: 0
[E : PPU[1] Thread (CPUThread)[0x00b11190]]: Write64 to null block: [39801250]: 0
[E : PPU[1] Thread (CPUThread)[0x00b11194]]: Write64 to null block: [39801248]: 0
[E : PPU[1] Thread (CPUThread)[0x00b11198]]: Write64 to null block: [39801240]: 0
[E : PPU[1] Thread (CPUThread)[0x00b1117c]]: Write64 to null block: [398012b8]: 0
[E : PPU[1] Thread (CPUThread)[0x00b11180]]: Write64 to null block: [398012b0]: 0
[E : PPU[1] Thread (CPUThread)[0x00b11184]]: Write64 to null block: [398012a8]: 0
[E : PPU[1] Thread (CPUThread)[0x00b11188]]: Write64 to null block: [398012a0]: 0
[E : PPU[1] Thread (CPUThread)[0x00b1118c]]: Write64 to null block: [39801298]: 0
[E : PPU[1] Thread (CPUThread)[0x00b11190]]: Write64 to null block: [39801290]: 0
[E : PPU[1] Thread (CPUThread)[0x00b11194]]: Write64 to null block: [39801288]: 0
[E : PPU[1] Thread (CPUThread)[0x00b11198]]: Write64 to null block: [39801280]: 0
[E : PPU[1] Thread (CPUThread)[0x00b1117c]]: Write64 to null block: [398012f8]: 0
[E : PPU[1] Thread (CPUThread)[0x00b11180]]: Write64 to null block: [398012f0]: 0
[E : PPU[1] Thread (CPUThread)[0x00b11184]]: Write64 to null block: [398012e8]: 0
[E : PPU[1] Thread (CPUThread)[0x00b11188]]: Write64 to null block: [398012e0]: 0
[E : PPU[1] Thread (CPUThread)[0x00b1118c]]: Write64 to null block: [398012d8]: 0
[E : PPU[1] Thread (CPUThread)[0x00b11190]]: Write64 to null block: [398012d0]: 0
[E : PPU[1] Thread (CPUThread)[0x00b11194]]: Write64 to null block: [398012c8]: 0
[E : PPU[1] Thread (CPUThread)[0x00b11198]]: Write64 to null block: [398012c0]: 0
[E : PPU[1] Thread (CPUThread)[0x00b1117c]]: Write64 to null block: [39801338]: 0
[E : PPU[1] Thread (CPUThread)[0x00b11180]]: Write64 to null block: [39801330]: 0
[E : PPU[1] Thread (CPUThread)[0x00b11184]]: Write64 to null block: [39801328]: 0
[E : PPU[1] Thread (CPUThread)[0x00b11188]]: Write64 to null block: [39801320]: 0
[E : PPU[1] Thread (CPUThread)[0x00b1118c]]: Write64 to null block: [39801318]: 0
[E : PPU[1] Thread (CPUThread)[0x00b11190]]: Write64 to null block: [39801310]: 0
[E : PPU[1] Thread (CPUThread)[0x00b11194]]: Write64 to null block: [39801308]: 0
[E : PPU[1] Thread (CPUThread)[0x00b11198]]: Write64 to null block: [39801300]: 0
[E : PPU[1] Thread (CPUThread)[0x00b1117c]]: Write64 to null block: [39801378]: 0
[E : PPU[1] Thread (CPUThread)[0x00b11180]]: Write64 to null block: [39801370]: 0
[E : PPU[1] Thread (CPUThread)[0x00b11184]]: Write64 to null block: [39801368]: 0
[E : PPU[1] Thread (CPUThread)[0x00b11188]]: Write64 to null block: [39801360]: 0
[E : PPU[1] Thread (CPUThread)[0x00b1118c]]: Write64 to null block: [39801358]: 0
[E : PPU[1] Thread (CPUThread)[0x00b11190]]: Write64 to null block: [39801350]: 0
[E : PPU[1] Thread (CPUThread)[0x00b11194]]: Write64 to null block: [39801348]: 0
[E : PPU[1] Thread (CPUThread)[0x00b11198]]: Write64 to null block: [39801340]: 0
[E : PPU[1] Thread (CPUThread)[0x00b1117c]]: Write64 to null block: [398013b8]: 0
[E : PPU[1] Thread (CPUThread)[0x00b11180]]: Write64 to null block: [398013b0]: 0
[E : PPU[1] Thread (CPUThread)[0x00b11184]]: Write64 to null block: [398013a8]: 0
[E : PPU[1] Thread (CPUThread)[0x00b11188]]: Write64 to null block: [398013a0]: 0
[E : PPU[1] Thread (CPUThread)[0x00b1118c]]: Write64 to null block: [39801398]: 0
[E : PPU[1] Thread (CPUThread)[0x00b11190]]: Write64 to null block: [39801390]: 0
[E : PPU[1] Thread (CPUThread)[0x00b11194]]: Write64 to null block: [39801388]: 0
[E : PPU[1] Thread (CPUThread)[0x00b11198]]: Write64 to null block: [39801380]: 0
[E : PPU[1] Thread (CPUThread)[0x00b1117c]]: Write64 to null block: [398013f8]: 0
[E : PPU[1] Thread (CPUThread)[0x00b11180]]: Write64 to null block: [398013f0]: 0
[E : PPU[1] Thread (CPUThread)[0x00b11184]]: Write64 to null block: [398013e8]: 0
[E : PPU[1] Thread (CPUThread)[0x00b11188]]: Write64 to null block: [398013e0]: 0
[E : PPU[1] Thread (CPUThread)[0x00b1118c]]: Write64 to null block: [398013d8]: 0
[E : PPU[1] Thread (CPUThread)[0x00b11190]]: Write64 to null block: [398013d0]: 0
[E : PPU[1] Thread (CPUThread)[0x00b11194]]: Write64 to null block: [398013c8]: 0
[E : PPU[1] Thread (CPUThread)[0x00b11198]]: Write64 to null block: [398013c0]: 0
[E : PPU[1] Thread (CPUThread)[0x00b1117c]]: Write64 to null block: [39801438]: 0
[E : PPU[1] Thread (CPUThread)[0x00b11180]]: Write64 to null block: [39801430]: 0
[E : PPU[1] Thread (CPUThread)[0x00b11184]]: Write64 to null block: [39801428]: 0
[E : PPU[1] Thread (CPUThread)[0x00b11188]]: Write64 to null block: [39801420]: 0
[E : PPU[1] Thread (CPUThread)[0x00b1118c]]: Write64 to null block: [39801418]: 0
[E : PPU[1] Thread (CPUThread)[0x00b11190]]: Write64 to null block: [39801410]: 0
[E : PPU[1] Thread (CPUThread)[0x00b11194]]: Write64 to null block: [39801408]: 0
[E : PPU[1] Thread (CPUThread)[0x00b11198]]: Write64 to null block: [39801400]: 0
[E : PPU[1] Thread (CPUThread)[0x00b1117c]]: Write64 to null block: [39801478]: 0
[E : PPU[1] Thread (CPUThread)[0x00b11180]]: Write64 to null block: [39801470]: 0
[E : PPU[1] Thread (CPUThread)[0x00b11184]]: Write64 to null block: [39801468]: 0
[E : PPU[1] Thread (CPUThread)[0x00b11188]]: Write64 to null block: [39801460]: 0
[E : PPU[1] Thread (CPUThread)[0x00b1118c]]: Write64 to null block: [39801458]: 0
[E : PPU[1] Thread (CPUThread)[0x00b11190]]: Write64 to null block: [39801450]: 0
[E : PPU[1] Thread (CPUThread)[0x00b11194]]: Write64 to null block: [39801448]: 0
[E : PPU[1] Thread (CPUThread)[0x00b11198]]: Write64 to null block: [39801440]: 0
[E : PPU[1] Thread (CPUThread)[0x00b1117c]]: Write64 to null block: [398014b8]: 0
[E : PPU[1] Thread (CPUThread)[0x00b11180]]: Write64 to null block: [398014b0]: 0
[E : PPU[1] Thread (CPUThread)[0x00b11184]]: Write64 to null block: [398014a8]: 0
[E : PPU[1] Thread (CPUThread)[0x00b11188]]: Write64 to null block: [398014a0]: 0
[E : PPU[1] Thread (CPUThread)[0x00b1118c]]: Write64 to null block: [39801498]: 0
[E : PPU[1] Thread (CPUThread)[0x00b11190]]: Write64 to null block: [39801490]: 0
[E : PPU[1] Thread (CPUThread)[0x00b11194]]: Write64 to null block: [39801488]: 0
[E : PPU[1] Thread (CPUThread)[0x00b11198]]: Write64 to null block: [39801480]: 0
[E : PPU[1] Thread (CPUThread)[0x00b1117c]]: Write64 to null block: [398014f8]: 0
[E : PPU[1] Thread (CPUThread)[0x00b11180]]: Write64 to null block: [398014f0]: 0
[E : PPU[1] Thread (CPUThread)[0x00b11184]]: Write64 to null block: [398014e8]: 0
[E : PPU[1] Thread (CPUThread)[0x00b11188]]: Write64 to null block: [398014e0]: 0
[E : PPU[1] Thread (CPUThread)[0x00b1118c]]: Write64 to null block: [398014d8]: 0
[E : PPU[1] Thread (CPUThread)[0x00b11190]]: Write64 to null block: [398014d0]: 0
[E : PPU[1] Thread (CPUThread)[0x00b11194]]: Write64 to null block: [398014c8]: 0
[E : PPU[1] Thread (CPUThread)[0x00b11198]]: Write64 to null block: [398014c0]: 0
[E : PPU[1] Thread (CPUThread)[0x00b1117c]]: Write64 to null block: [39801538]: 0
[E : PPU[1] Thread (CPUThread)[0x00b11180]]: Write64 to null block: [39801530]: 0
[E : PPU[1] Thread (CPUThread)[0x00b11184]]: Write64 to null block: [39801528]: 0
[E : PPU[1] Thread (CPUThread)[0x00b11188]]: Write64 to null block: [39801520]: 0
[E : PPU[1] Thread (CPUThread)[0x00b1118c]]: Write64 to null block: [39801518]: 0
[E : PPU[1] Thread (CPUThread)[0x00b11190]]: Write64 to null block: [39801510]: 0
[E : PPU[1] Thread (CPUThread)[0x00b11194]]: Write64 to null block: [39801508]: 0
[E : PPU[1] Thread (CPUThread)[0x00b11198]]: Write64 to null block: [39801500]: 0
[E : PPU[1] Thread (CPUThread)[0x00b1117c]]: Write64 to null block: [39801578]: 0
[E : PPU[1] Thread (CPUThread)[0x00b11180]]: Write64 to null block: [39801570]: 0
[E : PPU[1] Thread (CPUThread)[0x00b11184]]: Write64 to null block: [39801568]: 0
[E : PPU[1] Thread (CPUThread)[0x00b11188]]: Write64 to null block: [39801560]: 0
[E : PPU[1] Thread (CPUThread)[0x00b1118c]]: Write64 to null block: [39801558]: 0
[E : PPU[1] Thread (CPUThread)[0x00b11190]]: Write64 to null block: [39801550]: 0
[E : PPU[1] Thread (CPUThread)[0x00b11194]]: Write64 to null block: [39801548]: 0
[E : PPU[1] Thread (CPUThread)[0x00b11198]]: Write64 to null block: [39801540]: 0
[E : PPU[1] Thread (CPUThread)[0x00b1117c]]: Write64 to null block: [398015b8]: 0
[E : PPU[1] Thread (CPUThread)[0x00b11180]]: Write64 to null block: [398015b0]: 0
[E : PPU[1] Thread (CPUThread)[0x00b11184]]: Write64 to null block: [398015a8]: 0
[E : PPU[1] Thread (CPUThread)[0x00b11188]]: Write64 to null block: [398015a0]: 0
[E : PPU[1] Thread (CPUThread)[0x00b1118c]]: Write64 to null block: [39801598]: 0
[E : PPU[1] Thread (CPUThread)[0x00b11190]]: Write64 to null block: [39801590]: 0
[E : PPU[1] Thread (CPUThread)[0x00b11194]]: Write64 to null block: [39801588]: 0
[E : PPU[1] Thread (CPUThread)[0x00b11198]]: Write64 to null block: [39801580]: 0
[E : PPU[1] Thread (CPUThread)[0x00b1117c]]: Write64 to null block: [398015f8]: 0
[E : PPU[1] Thread (CPUThread)[0x00b11180]]: Write64 to null block: [398015f0]: 0
[E : PPU[1] Thread (CPUThread)[0x00b11184]]: Write64 to null block: [398015e8]: 0
[E : PPU[1] Thread (CPUThread)[0x00b11188]]: Write64 to null block: [398015e0]: 0
[E : PPU[1] Thread (CPUThread)[0x00b1118c]]: Write64 to null block: [398015d8]: 0
[E : PPU[1] Thread (CPUThread)[0x00b11190]]: Write64 to null block: [398015d0]: 0
[E : PPU[1] Thread (CPUThread)[0x00b11194]]: Write64 to null block: [398015c8]: 0
[E : PPU[1] Thread (CPUThread)[0x00b11198]]: Write64 to null block: [398015c0]: 0
[E : PPU[1] Thread (CPUThread)[0x00b1117c]]: Write64 to null block: [39801638]: 0
[E : PPU[1] Thread (CPUThread)[0x00b11180]]: Write64 to null block: [39801630]: 0
[E : PPU[1] Thread (CPUThread)[0x00b11184]]: Write64 to null block: [39801628]: 0
[E : PPU[1] Thread (CPUThread)[0x00b11188]]: Write64 to null block: [39801620]: 0
[E : PPU[1] Thread (CPUThread)[0x00b1118c]]: Write64 to null block: [39801618]: 0
[E : PPU[1] Thread (CPUThread)[0x00b11190]]: Write64 to null block: [39801610]: 0
[E : PPU[1] Thread (CPUThread)[0x00b11194]]: Write64 to null block: [39801608]: 0
[E : PPU[1] Thread (CPUThread)[0x00b11198]]: Write64 to null block: [39801600]: 0
[E : PPU[1] Thread (CPUThread)[0x00b1117c]]: Write64 to null block: [39801678]: 0
[E : PPU[1] Thread (CPUThread)[0x00b11180]]: Write64 to null block: [39801670]: 0
[E : PPU[1] Thread (CPUThread)[0x00b11184]]: Write64 to null block: [39801668]: 0
[E : PPU[1] Thread (CPUThread)[0x00b11188]]: Write64 to null block: [39801660]: 0
[E : PPU[1] Thread (CPUThread)[0x00b1118c]]: Write64 to null block: [39801658]: 0
[E : PPU[1] Thread (CPUThread)[0x00b11190]]: Write64 to null block: [39801650]: 0
[E : PPU[1] Thread (CPUThread)[0x00b11194]]: Write64 to null block: [39801648]: 0
[E : PPU[1] Thread (CPUThread)[0x00b11198]]: Write64 to null block: [39801640]: 0
[E : PPU[1] Thread (CPUThread)[0x00b1117c]]: Write64 to null block: [398016b8]: 0
[E : PPU[1] Thread (CPUThread)[0x00b11180]]: Write64 to null block: [398016b0]: 0
[E : PPU[1] Thread (CPUThread)[0x00b11184]]: Write64 to null block: [398016a8]: 0
[E : PPU[1] Thread (CPUThread)[0x00b11188]]: Write64 to null block: [398016a0]: 0
[E : PPU[1] Thread (CPUThread)[0x00b1118c]]: Write64 to null block: [39801698]: 0
[E : PPU[1] Thread (CPUThread)[0x00b11190]]: Write64 to null block: [39801690]: 0
[E : PPU[1] Thread (CPUThread)[0x00b11194]]: Write64 to null block: [39801688]: 0
[E : PPU[1] Thread (CPUThread)[0x00b11198]]: Write64 to null block: [39801680]: 0
[E : PPU[1] Thread (CPUThread)[0x00b1117c]]: Write64 to null block: [398016f8]: 0
[E : PPU[1] Thread (CPUThread)[0x00b11180]]: Write64 to null block: [398016f0]: 0
[E : PPU[1] Thread (CPUThread)[0x00b11184]]: Write64 to null block: [398016e8]: 0
[E : PPU[1] Thread (CPUThread)[0x00b11188]]: Write64 to null block: [398016e0]: 0
[E : PPU[1] Thread (CPUThread)[0x00b1118c]]: Write64 to null block: [398016d8]: 0
[E : PPU[1] Thread (CPUThread)[0x00b11190]]: Write64 to null block: [398016d0]: 0
[E : PPU[1] Thread (CPUThread)[0x00b11194]]: Write64 to null block: [398016c8]: 0
[E : PPU[1] Thread (CPUThread)[0x00b11198]]: Write64 to null block: [398016c0]: 0
[E : PPU[1] Thread (CPUThread)[0x00b1117c]]: Write64 to null block: [39801738]: 0
[E : PPU[1] Thread (CPUThread)[0x00b11180]]: Write64 to null block: [39801730]: 0
[E : PPU[1] Thread (CPUThread)[0x00b11184]]: Write64 to null block: [39801728]: 0
[E : PPU[1] Thread (CPUThread)[0x00b11188]]: Write64 to null block: [39801720]: 0
[E : PPU[1] Thread (CPUThread)[0x00b1118c]]: Write64 to null block: [39801718]: 0
[E : PPU[1] Thread (CPUThread)[0x00b11190]]: Write64 to null block: [39801710]: 0
[E : PPU[1] Thread (CPUThread)[0x00b11194]]: Write64 to null block: [39801708]: 0
[E : PPU[1] Thread (CPUThread)[0x00b11198]]: Write64 to null block: [39801700]: 0
[E : PPU[1] Thread (CPUThread)[0x00b1117c]]: Write64 to null block: [39801778]: 0
[E : PPU[1] Thread (CPUThread)[0x00b11180]]: Write64 to null block: [39801770]: 0
[E : PPU[1] Thread (CPUThread)[0x00b11184]]: Write64 to null block: [39801768]: 0
[E : PPU[1] Thread (CPUThread)[0x00b11188]]: Write64 to null block: [39801760]: 0
[E : PPU[1] Thread (CPUThread)[0x00b1118c]]: Write64 to null block: [39801758]: 0
[E : PPU[1] Thread (CPUThread)[0x00b11190]]: Write64 to null block: [39801750]: 0
[E : PPU[1] Thread (CPUThread)[0x00b11194]]: Write64 to null block: [39801748]: 0
[E : PPU[1] Thread (CPUThread)[0x00b11198]]: Write64 to null block: [39801740]: 0
[E : PPU[1] Thread (CPUThread)[0x00b1117c]]: Write64 to null block: [398017b8]: 0
[E : PPU[1] Thread (CPUThread)[0x00b11180]]: Write64 to null block: [398017b0]: 0
[E : PPU[1] Thread (CPUThread)[0x00b11184]]: Write64 to null block: [398017a8]: 0
[E : PPU[1] Thread (CPUThread)[0x00b11188]]: Write64 to null block: [398017a0]: 0
[E : PPU[1] Thread (CPUThread)[0x00b1118c]]: Write64 to null block: [39801798]: 0
[E : PPU[1] Thread (CPUThread)[0x00b11190]]: Write64 to null block: [39801790]: 0
[E : PPU[1] Thread (CPUThread)[0x00b11194]]: Write64 to null block: [39801788]: 0
[E : PPU[1] Thread (CPUThread)[0x00b11198]]: Write64 to null block: [39801780]: 0
