[!]: path: /dev_hdd0/game/
[!]: Loading 'D:\Emulateurs\Rpcs3\dev_hdd0\game\BCES00141-[LittleBigPlanet]/PS3_GAME/USRDIR/BOOT.BIN'...
[!]: Mount info:
[!]: /dev_hdd0/ -> D:\Emulateurs\Rpcs3\dev_hdd0\
[!]: /dev_hdd1/ -> D:\Emulateurs\Rpcs3\dev_hdd1\
[!]: /dev_flash/ -> D:\Emulateurs\Rpcs3\dev_flash\
[!]: /dev_usb000/ -> D:\Emulateurs\Rpcs3\dev_usb000\
[!]: /dev_usb/ -> D:\Emulateurs\Rpcs3\dev_usb000\
[!]: /app_home/ -> D:\Emulateurs\Rpcs3\dev_hdd0\game\BCES00141-[LittleBigPlanet]/PS3_GAME/\USRDIR\
[!]: /dev_bdvd/ -> D:\Emulateurs\Rpcs3\dev_hdd0\game\BCES00141-[LittleBigPlanet]/PS3_GAME/\..\
[!]: /host_root/ -> 
[!]: ///resource/ -> D:\Emulateurs\Rpcs3\dev_hdd0\game\BCES00141-[LittleBigPlanet]/PS3_GAME/\USRDIR\resource\
[!]: /app_home/Game/PS3_GAME/USRDIR/ -> D:\Emulateurs\Rpcs3\dev_hdd0\game\BCES00141-[LittleBigPlanet]/PS3_GAME/\USRDIR\
[!]: /app_home/PS3_GAME/USRDIR/media/ -> D:\Emulateurs\Rpcs3\dev_hdd0\game\BCES00141-[LittleBigPlanet]/PS3_GAME/\USRDIR\media\
[!]: /Data/ -> D:\Emulateurs\Rpcs3\dev_hdd0\game\BCES00141-[LittleBigPlanet]/PS3_GAME/\USRDIR\Data\
[!]: /USRDIR/PS3_GAME/USRDIR/Data/ -> D:\Emulateurs\Rpcs3\dev_hdd0\game\BCES00141-[LittleBigPlanet]/PS3_GAME/\USRDIR\Data\
[!]: /app_home//dev_bdvd/PS3_GAME/USRDIR/data/gos/ -> D:\Emulateurs\Rpcs3\dev_hdd0\game\BCES00141-[LittleBigPlanet]/PS3_GAME/\USRDIR\
[!]: BD/ -> D:\Emulateurs\Rpcs3\dev_hdd0\game\BCES00141-[LittleBigPlanet]/PS3_GAME/\USRDIR\
[!]: //dev_bdvd/PS3_GAME/USRDIR/ -> D:\Emulateurs\Rpcs3\dev_hdd0\game\BCES00141-[LittleBigPlanet]/PS3_GAME/\USRDIR\
[!]: / -> D:\Emulateurs\Rpcs3\dev_hdd0\game\BCES00141-[LittleBigPlanet]/PS3_GAME/\USRDIR\
[!]: // -> D:\Emulateurs\Rpcs3\dev_hdd0\game\BCES00141-[LittleBigPlanet]/PS3_GAME/\USRDIR\
[!]: Initing memory...
[!]: Memory initialized.
[W]: Unknown function 0xbd6d60d9 in 'cellGcmSys' module
[E]: TODO: cellGcmSetInvalidateTile
[W]: Unknown function 0x3f09e20a in 'sys_net' module
[E]: TODO: socketselect
[W]: Unknown function 0x858a930b in 'sys_net' module
[E]: TODO: inet_ntoa
[W]: Unknown function 0x3d1e1931 in 'cellSysutil' module
[E]: TODO: cellOskDialogUnloadAsync
[W]: Unknown function 0x52aac4fa in 'cellSysutil' module
[E]: TODO: cellSaveDataUserAutoSave
[W]: Unknown function 0x7f21c918 in 'cellSysutil' module
[E]: TODO: cellOskDialogAddSupportLanguage
[W]: Unknown function 0x7fcfc915 in 'cellSysutil' module
[E]: TODO: cellOskDialogLoadAsync
[W]: Unknown function 0xb2b6cdd0 in 'cellSysutil' module
[E]: TODO: cellSysconfOpen
[W]: Unknown function 0xb6d84526 in 'cellSysutil' module
[E]: TODO: cellOskDialogAbort
[W]: Unknown function 0xcdc6aefd in 'cellSysutil' module
[E]: TODO: cellSaveDataUserAutoLoad
[W]: Unknown module 'cellSysutilAvconfExt'
[W]: Unknown function 0x082bfb09 in 'cellSpurs' module
[E]: TODO: _cellSpursQueueInitialize
[W]: Unknown function 0x182d9890 in 'cellSpurs' module
[E]: TODO: cellSpursRequestIdleSpu
[W]: Unknown function 0x247414d0 in 'cellSpurs' module
[E]: TODO: cellSpursQueueClear
[W]: Unknown function 0x4a5eab63 in 'cellSpurs' module
[E]: TODO: cellSpursWorkloadAttributeSetName
[W]: Unknown function 0x4e153e3e in 'cellSpurs' module
[E]: TODO: cellSpursGetWorkloadInfo
[W]: Unknown function 0x57e4dec3 in 'cellSpurs' module
[E]: TODO: cellSpursRemoveWorkload
[W]: Unknown function 0x5fd43fe4 in 'cellSpurs' module
[E]: TODO: cellSpursWaitForWorkloadShutdown
[W]: Unknown function 0x92cff6ed in 'cellSpurs' module
[E]: TODO: cellSpursQueuePushBody
[W]: Unknown function 0x98d5b343 in 'cellSpurs' module
[E]: TODO: cellSpursShutdownWorkload
[W]: Unknown function 0xc0158d8b in 'cellSpurs' module
[E]: TODO: cellSpursAddWorkloadWithAttribute
[W]: Unknown function 0xd2e23fa9 in 'cellSpurs' module
[E]: TODO: cellSpursSetExceptionEventHandler
[W]: Unknown function 0xefeb2679 in 'cellSpurs' module
[E]: TODO: _cellSpursWorkloadAttributeInitialize
[W]: Unknown function 0xf843818d in 'cellSpurs' module
[E]: TODO: cellSpursReadyCountStore
[W]: Unknown function 0x161da6a7 in 'cellSpurs' module
[E]: TODO: cellSpursJobChainGetError
[W]: Unknown function 0x16394a4e in 'cellSpurs' module
[E]: TODO: _cellSpursTasksetAttributeInitialize
[W]: Unknown function 0x1d46fedf in 'cellSpurs' module
[E]: TODO: cellSpursCreateTaskWithAttribute
[W]: Unknown function 0x303c19cd in 'cellSpurs' module
[E]: TODO: cellSpursCreateJobChainWithAttribute
[W]: Unknown function 0x3548f483 in 'cellSpurs' module
[E]: TODO: _cellSpursJobChainAttributeInitialize
[W]: Unknown function 0x5ef96465 in 'cellSpurs' module
[E]: TODO: _cellSpursEventFlagInitialize
[W]: Unknown function 0x652b70e2 in 'cellSpurs' module
[E]: TODO: cellSpursTasksetAttributeSetName
[W]: Unknown function 0x9fef70c2 in 'cellSpurs' module
[E]: TODO: cellSpursJobChainAttributeSetName
[W]: Unknown function 0xa7c066de in 'cellSpurs' module
[E]: TODO: cellSpursJoinJobChain
[W]: Unknown function 0xb8474eff in 'cellSpurs' module
[E]: TODO: _cellSpursTaskAttributeInitialize
[W]: Unknown function 0xc10931cb in 'cellSpurs' module
[E]: TODO: cellSpursCreateTasksetWithAttribute
[W]: Unknown function 0xf31731bb in 'cellSpurs' module
[E]: TODO: cellSpursRunJobChain
[W]: Unknown function 0xf5507729 in 'cellSpurs' module
[E]: TODO: cellSpursEventFlagSet
[W]: Unknown function 0x7a0329a1 in 'sys_fs' module
[E]: TODO: cellFsAllocateFileAreaWithoutZeroFill
[W]: Unknown function 0x967a162b in 'sys_fs' module
[E]: TODO: cellFsFsync
[W]: Unknown function 0x02f5ced0 in 'cellCamera' module
[E]: TODO: cellCameraStop
[W]: Unknown function 0x379c5dd6 in 'cellCamera' module
[E]: TODO: cellCameraClose
[W]: Unknown function 0x3845d39b in 'cellCamera' module
[E]: TODO: cellCameraRead
[W]: Unknown function 0x456dc4aa in 'cellCamera' module
[E]: TODO: cellCameraStart
[W]: Unknown function 0x58bc5870 in 'cellCamera' module
[E]: TODO: cellCameraGetType
[W]: Unknown function 0x5ad46570 in 'cellCamera' module
[E]: TODO: cellCameraEnd
[W]: Unknown function 0x5d25f866 in 'cellCamera' module
[E]: TODO: cellCameraOpenEx
[W]: Unknown function 0x7dac520c in 'cellCamera' module
[E]: TODO: cellCameraGetBufferSize
[W]: Unknown function 0x81f83db9 in 'cellCamera' module
[E]: TODO: cellCameraReset
[W]: Unknown function 0x8cd56eee in 'cellCamera' module
[E]: TODO: cellCameraSetAttribute
[W]: Unknown function 0xbf47c5dd in 'cellCamera' module
[E]: TODO: cellCameraInit
[W]: Unknown module 'cellHttp'
[W]: Unknown function 0x6f0f7667 in 'cellHttpUtil' module
[E]: TODO: cellHttpUtilBuildUri
[W]: Unknown function 0x1650aea4 in 'cellSsl' module
[E]: TODO: cellSslEnd
[W]: Unknown function 0x571afaca in 'cellSsl' module
[E]: TODO: cellSslCertificateLoader
[W]: Unknown function 0xfb02c9d2 in 'cellSsl' module
[E]: TODO: cellSslInit
[W]: Unknown function 0x01fbbc9b in 'sceNp' module
[E]: TODO: sceNpBasicSendMessageGui
[W]: Unknown function 0x0968aa36 in 'sceNp' module
[E]: TODO: sceNpManagerGetTicket
[W]: Unknown function 0x155de760 in 'sceNp' module
[E]: TODO: sceNpSignalingGetConnectionInfo
[W]: Unknown function 0x166dcc11 in 'sceNp' module
[E]: TODO: sceNpLookupNpId
[W]: Unknown function 0x168a3117 in 'sceNp' module
[E]: TODO: sceNpBasicAddPlayersHistory
[W]: Unknown function 0x27c69eba in 'sceNp' module
[E]: TODO: sceNpBasicAddFriend
[W]: Unknown function 0x4026eac5 in 'sceNp' module
[E]: TODO: sceNpBasicRegisterContextSensitiveHandler
[W]: Unknown function 0x50b86d94 in 'sceNp' module
[E]: TODO: sceNpSignalingAddExtendedHandler
[W]: Unknown function 0x52a6b523 in 'sceNp' module
[E]: TODO: sceNpManagerUnregisterCallback
[W]: Unknown function 0x58fa4fcd in 'sceNp' module
[E]: TODO: sceNpManagerGetTicketParam
[W]: Unknown function 0x5de61626 in 'sceNp' module
[E]: TODO: sceNpLookupDestroyTitleCtx
[W]: Unknown function 0x5f2d9257 in 'sceNp' module
[E]: TODO: sceNpLookupInit
[W]: Unknown function 0x60897c38 in 'sceNp' module
[E]: TODO: sceNpSignalingActivateConnection
[W]: Unknown function 0x6356082e in 'sceNp' module
[E]: TODO: sceNpSignalingCreateCtx
[W]: Unknown function 0x64a704cc in 'sceNp' module
[E]: TODO: sceNpBasicRecvMessageAttachmentLoad
[W]: Unknown function 0x6ee62ed2 in 'sceNp' module
[E]: TODO: sceNpManagerGetContentRatingFlag
[W]: Unknown function 0x73931bd0 in 'sceNp' module
[E]: TODO: sceNpBasicGetBlockListEntryCount
[W]: Unknown function 0x8297f1ec in 'sceNp' module
[E]: TODO: sceNpManagerRequestTicket2
[W]: Unknown function 0x8440537c in 'sceNp' module
[E]: TODO: sceNpLookupTerm
[W]: Unknown function 0xa8cf8451 in 'sceNp' module
[E]: TODO: sceNpSignalingDestroyCtx
[W]: Unknown function 0xacb9ee8e in 'sceNp' module
[E]: TODO: sceNpBasicUnregisterHandler
[W]: Unknown function 0xb5cb2d56 in 'sceNp' module
[E]: TODO: sceNpBasicRecvMessageAttachment
[W]: Unknown function 0xbe81c71c in 'sceNp' module
[E]: TODO: sceNpBasicSetPresenceDetails
[W]: Unknown function 0xca0a2d04 in 'sceNp' module
[E]: TODO: sceNpSignalingGetConnectionStatus
[W]: Unknown function 0xce81c7f0 in 'sceNp' module
[E]: TODO: sceNpLookupCreateTitleCtx
[W]: Unknown function 0xd208f91d in 'sceNp' module
[E]: TODO: sceNpUtilCmpNpId
[W]: Unknown function 0xdfd63b62 in 'sceNp' module
[E]: TODO: sceNpLookupUserProfile
[W]: Unknown function 0xe035f7d6 in 'sceNp' module
[E]: TODO: sceNpBasicGetEvent
[W]: Unknown function 0xe7dcd3b4 in 'sceNp' module
[E]: TODO: sceNpManagerRegisterCallback
[W]: Unknown function 0xea2e9ffc in 'sceNp' module
[E]: TODO: sceNpLookupCreateTransactionCtx
[W]: Unknown function 0xeb7a3d84 in 'sceNp' module
[E]: TODO: sceNpManagerGetChatRestrictionFlag
[W]: Unknown function 0xec0a1fbf in 'sceNp' module
[E]: TODO: sceNpBasicSendMessage
[W]: Unknown function 0xf0a9182b in 'sceNp' module
[E]: TODO: sceNpFriendlist
[W]: Unknown function 0xf2b3338a in 'sceNp' module
[E]: TODO: sceNpBasicGetBlockListEntry
[W]: Unknown function 0xf42c0df8 in 'sceNp' module
[E]: TODO: sceNpManagerGetOnlineName
[W]: Unknown function 0xfb87cf5e in 'sceNp' module
[E]: TODO: sceNpLookupDestroyTransactionCtx
[W]: Unknown function 0xfd0eb5ae in 'sceNp' module
[E]: TODO: sceNpSignalingDeactivateConnection
[W]: Unknown function 0xfe37a7f4 in 'sceNp' module
[E]: TODO: sceNpManagerGetNpId
[W]: Unknown function 0x01379fd7 in 'sceNp2' module
[E]: TODO: sceNpMatching2DestroyContext
[W]: Unknown function 0x05bf2fbd in 'sceNp2' module
[E]: TODO: sceNpMatching2GetWorldInfoList
[W]: Unknown function 0x0d22867f in 'sceNp2' module
[E]: TODO: sceNpMatching2SearchRoom
[W]: Unknown function 0x1f372697 in 'sceNp2' module
[E]: TODO: sceNpMatching2LeaveRoom
[W]: Unknown function 0x215b0d75 in 'sceNp2' module
[E]: TODO: sceNpMatching2SetRoomDataExternal
[W]: Unknown function 0x28cad8b3 in 'sceNp2' module
[E]: TODO: sceNpMatching2SendRoomMessage
[W]: Unknown function 0x2fe0da7d in 'sceNp2' module
[E]: TODO: sceNpMatching2Term
[W]: Unknown function 0x3457c0db in 'sceNp2' module
[E]: TODO: sceNpMatching2GetServerInfo
[W]: Unknown function 0x3c00c9d4 in 'sceNp2' module
[E]: TODO: sceNpMatching2GetEventData
[W]: Unknown function 0x3f62c759 in 'sceNp2' module
[E]: TODO: sceNpMatching2Init
[W]: Unknown function 0x41251f74 in 'sceNp2' module
[E]: TODO: sceNp2Init
[W]: Unknown function 0x5721e711 in 'sceNp2' module
[E]: TODO: sceNpMatching2JoinRoom
[W]: Unknown function 0x6ba4c668 in 'sceNp2' module
[E]: TODO: sceNpMatching2ContextStartAsync
[W]: Unknown function 0x748029a2 in 'sceNp2' module
[E]: TODO: sceNpMatching2RegisterContextCallback
[W]: Unknown function 0x817d1090 in 'sceNp2' module
[E]: TODO: sceNpMatching2SetRoomDataInternal
[W]: Unknown function 0x8e5cfe9f in 'sceNp2' module
[E]: TODO: sceNpMatching2GetServerIdListLocal
[W]: Unknown function 0x9cbce3f2 in 'sceNp2' module
[E]: TODO: sceNpMatching2CreateContext
[W]: Unknown function 0xaa6c2c43 in 'sceNp2' module
[E]: TODO: sceNpMatching2ClearEventData
[W]: Unknown function 0xdb87b088 in 'sceNp2' module
[E]: TODO: sceNpMatching2SetDefaultRequestOptParam
[W]: Unknown function 0xdcb6b27d in 'sceNp2' module
[E]: TODO: sceNpMatching2RegisterRoomEventCallback
[W]: Unknown function 0xe7a3bc7a in 'sceNp2' module
[E]: TODO: sceNpMatching2CreateJoinRoom
[W]: Unknown function 0xf43c647a in 'sceNp2' module
[E]: TODO: sceNpMatching2ContextStop
[W]: Unknown function 0xfee11e72 in 'sceNp2' module
[E]: TODO: sceNpMatching2RegisterRoomMessageCallback
[W]: Unknown module 'cellSaveData'
[W]: Unknown function 0x017024a8 in 'cellMic' module
[E]: TODO: cellMicGetDeviceGUID
[W]: Unknown function 0x07e1b12c in 'cellMic' module
[E]: TODO: cellMicRead
[W]: Unknown function 0x7903400e in 'cellMic' module
[E]: TODO: cellMicSetNotifyEventQueue
[W]: Unknown function 0x8325e02d in 'cellMic' module
[E]: TODO: cellMicInit
[W]: Unknown function 0x8d229f8e in 'cellMic' module
[E]: TODO: cellMicClose
[W]: Unknown function 0xa52d2ae4 in 'cellMic' module
[E]: TODO: cellMicGetType
[W]: Unknown function 0xb30780eb in 'cellMic' module
[E]: TODO: cellMicGetSignalState
[W]: Unknown function 0xc6328caa in 'cellMic' module
[E]: TODO: cellMicEnd
[W]: Unknown function 0xdd1b59f0 in 'cellMic' module
[E]: TODO: cellMicOpen
[W]: Unknown function 0xdd724314 in 'cellMic' module
[E]: TODO: cellMicStart
[W : PPU[1] Thread (CPUThread)[0x00b0d034]]: sys_lwmutex warning: *** lwmutex created [_lc_mtx] (attribute=0x12): sq_id = 3
[W : PPU[1] Thread (CPUThread)[0x0060a3f8]]: memory warning: sys_memory_get_user_memory_size(mem_info_addr=0xd0010c04)
[W : PPU[1] Thread (CPUThread)[0x00b0d034]]: sys_lwmutex warning: *** lwmutex created [_lc_mtx] (attribute=0x12): sq_id = 4
[W : PPU[1] Thread (CPUThread)[0x00b0d034]]: sys_lwmutex warning: *** lwmutex created [_lc_mtx] (attribute=0x12): sq_id = 5
[W : PPU[1] Thread (CPUThread)[0x00b0d034]]: sys_lwmutex warning: *** lwmutex created [_lc_mtx] (attribute=0x12): sq_id = 6
[W : PPU[1] Thread (CPUThread)[0x00b0d034]]: sys_lwmutex warning: *** lwmutex created [_lc_mtx] (attribute=0x12): sq_id = 7
[W : PPU[1] Thread (CPUThread)[0x00b0d034]]: sys_lwmutex warning: *** lwmutex created [_lc_mtx] (attribute=0x12): sq_id = 8
[W : PPU[1] Thread (CPUThread)[0x00b0d034]]: sys_lwmutex warning: *** lwmutex created [_lc_mtx] (attribute=0x12): sq_id = 9
[W : PPU[1] Thread (CPUThread)[0x00b0d034]]: sys_lwmutex warning: *** lwmutex created [_lc_mtx] (attribute=0x12): sq_id = 10
[W : PPU[1] Thread (CPUThread)[0x00b0d034]]: sys_lwmutex warning: *** lwmutex created [_lc_mtx] (attribute=0x12): sq_id = 11
[W : PPU[1] Thread (CPUThread)[0x00b0d034]]: sys_lwmutex warning: *** lwmutex created [_lc_mtx] (attribute=0x12): sq_id = 12
[W : PPU[1] Thread (CPUThread)[0x00b0d034]]: sys_lwmutex warning: *** lwmutex created [_lgcmtx] (attribute=0x12): sq_id = 13
[W : PPU[1] Thread (CPUThread)[0x00b0d034]]: sys_lwmutex warning: *** lwmutex created [_lgcmtx] (attribute=0x12): sq_id = 14
[W : PPU[1] Thread (CPUThread)[0x00b0d034]]: sys_lwmutex warning: *** lwmutex created [MMStack] (attribute=0x11): sq_id = 15
[W : PPU[1] Thread (CPUThread)[0x00b0d034]]: sys_lwmutex warning: *** lwmutex created [] (attribute=0x22): sq_id = 16
[W : PPU[1] Thread (CPUThread)[0x00b0d034]]: sys_lwmutex warning: *** lwmutex created [] (attribute=0x22): sq_id = 17
[W : PPU[1] Thread (CPUThread)[0x00b0d034]]: sys_lwmutex warning: *** lwmutex created [] (attribute=0x22): sq_id = 18
[W : PPU[1] Thread (CPUThread)[0x00b0d034]]: sys_lwmutex warning: *** lwmutex created [] (attribute=0x22): sq_id = 19
[W : PPU[1] Thread (CPUThread)[0x00b0d034]]: sys_lwmutex warning: *** lwmutex created [] (attribute=0x22): sq_id = 20
[W : PPU[1] Thread (CPUThread)[0x00b0d034]]: sys_lwmutex warning: *** lwmutex created [] (attribute=0x22): sq_id = 21
[W : PPU[1] Thread (CPUThread)[0x00b0d034]]: sys_lwmutex warning: *** lwmutex created [] (attribute=0x22): sq_id = 22
[W : PPU[1] Thread (CPUThread)[0x00b0d034]]: sys_lwmutex warning: *** lwmutex created [] (attribute=0x22): sq_id = 23
[W : PPU[1] Thread (CPUThread)[0x00b0d034]]: sys_lwmutex warning: *** lwmutex created [_lc_mtx] (attribute=0x12): sq_id = 24
[W : PPU[1] Thread (CPUThread)[0x00b0d034]]: sys_lwmutex warning: *** lwmutex created [_lc_mtx] (attribute=0x12): sq_id = 25
[W : PPU[1] Thread (CPUThread)[0x00b0d034]]: sys_lwmutex warning: *** lwmutex created [_lc_mtx] (attribute=0x12): sq_id = 26
[W : PPU[1] Thread (CPUThread)[0x00b0d034]]: sys_lwmutex warning: *** lwmutex created [_lc_mtx] (attribute=0x12): sq_id = 27
[W : PPU[1] Thread (CPUThread)[0x00b0d034]]: sys_lwmutex warning: *** lwmutex created [_lc_mtx] (attribute=0x12): sq_id = 28
[W : PPU[1] Thread (CPUThread)[0x00b0d034]]: sys_lwmutex warning: *** lwmutex created [_lc_mtx] (attribute=0x12): sq_id = 29
[W : PPU[1] Thread (CPUThread)[0x00b0d034]]: sys_lwmutex warning: *** lwmutex created [_lc_mtx] (attribute=0x12): sq_id = 30
[W : PPU[1] Thread (CPUThread)[0x00b0d034]]: sys_lwmutex warning: *** lwmutex created [_lc_mtx] (attribute=0x12): sq_id = 31
[W : PPU[1] Thread (CPUThread)[0x00b0d034]]: sys_lwmutex warning: *** lwmutex created [_lc_mtx] (attribute=0x12): sq_id = 32
[W : PPU[1] Thread (CPUThread)[0x00b0d034]]: sys_lwmutex warning: *** lwmutex created [_lc_mtx] (attribute=0x12): sq_id = 33
[W : PPU[1] Thread (CPUThread)[0x00b0d034]]: sys_lwmutex warning: *** lwmutex created [_lc_mtx] (attribute=0x12): sq_id = 34
[W : PPU[1] Thread (CPUThread)[0x00b0d034]]: sys_lwmutex warning: *** lwmutex created [_lc_mtx] (attribute=0x12): sq_id = 35
[W : PPU[1] Thread (CPUThread)[0x00b0d034]]: sys_lwmutex warning: *** lwmutex created [HTTP] (attribute=0x11): sq_id = 36
[W : PPU[1] Thread (CPUThread)[0x00b0d034]]: sys_lwmutex warning: *** lwmutex created [Contain] (attribute=0x11): sq_id = 37
[W : PPU[1] Thread (CPUThread)[0x00b0d034]]: sys_lwmutex warning: *** lwmutex created [BWThrot] (attribute=0x11): sq_id = 38
[W : PPU[1] Thread (CPUThread)[0x00b0d034]]: sys_lwmutex warning: *** lwmutex created [FileDB] (attribute=0x11): sq_id = 39
[W : PPU[1] Thread (CPUThread)[0x00b0d034]]: sys_lwmutex warning: *** lwmutex created [CmdList] (attribute=0x11): sq_id = 40
[W : PPU[1] Thread (CPUThread)[0x00b0d034]]: sys_lwmutex warning: *** lwmutex created [CmdList] (attribute=0x11): sq_id = 41
[W : PPU[1] Thread (CPUThread)[0x00b0d034]]: sys_lwmutex warning: *** lwmutex created [CmdList] (attribute=0x11): sq_id = 42
[W : PPU[1] Thread (CPUThread)[0x00b0d034]]: sys_lwmutex warning: *** lwmutex created [CmdList] (attribute=0x11): sq_id = 43
[W : PPU[1] Thread (CPUThread)[0x00b0d034]]: sys_lwmutex warning: *** lwmutex created [Spluid] (attribute=0x11): sq_id = 44
[W : PPU[1] Thread (CPUThread)[0x00b0d034]]: sys_lwmutex warning: *** lwmutex created [Quick] (attribute=0x11): sq_id = 45
[W : PPU[1] Thread (CPUThread)[0x00b0d034]]: sys_lwmutex warning: *** lwmutex created [Audio] (attribute=0x11): sq_id = 46
[W : PPU[1] Thread (CPUThread)[0x00b0d034]]: sys_lwmutex warning: *** lwmutex created [HostDeb] (attribute=0x11): sq_id = 47
[W : PPU[1] Thread (CPUThread)[0x00b0d034]]: sys_lwmutex warning: *** lwmutex created [LeftHos] (attribute=0x11): sq_id = 48
[W : PPU[1] Thread (CPUThread)[0x00b0d034]]: sys_lwmutex warning: *** lwmutex created [LeftCli] (attribute=0x11): sq_id = 49
[W : PPU[1] Thread (CPUThread)[0x00b0d034]]: sys_lwmutex warning: *** lwmutex created [HostGID] (attribute=0x11): sq_id = 50
[W : PPU[1] Thread (CPUThread)[0x00b0d034]]: sys_lwmutex warning: *** lwmutex created [Cookie] (attribute=0x11): sq_id = 51
[W : PPU[1] Thread (CPUThread)[0x00b0d034]]: sys_lwmutex warning: *** lwmutex created [GetCook] (attribute=0x11): sq_id = 52
[W : PPU[1] Thread (CPUThread)[0x00b0d034]]: sys_lwmutex warning: *** lwmutex created [ReAuth] (attribute=0x11): sq_id = 53
[W : PPU[1] Thread (CPUThread)[0x00b0d034]]: sys_lwmutex warning: *** lwmutex created [ShComms] (attribute=0x11): sq_id = 54
[W : PPU[1] Thread (CPUThread)[0x00b0d034]]: sys_lwmutex warning: *** lwmutex created [RecPlyr] (attribute=0x11): sq_id = 55
[W : PPU[1] Thread (CPUThread)[0x00b0d034]]: sys_lwmutex warning: *** lwmutex created [TropAwr] (attribute=0x11): sq_id = 56
[W : PPU[1] Thread (CPUThread)[0x00b0d034]]: sys_lwmutex warning: *** lwmutex created [Match2C] (attribute=0x11): sq_id = 57
[W : PPU[1] Thread (CPUThread)[0x00b0d034]]: sys_lwmutex warning: *** lwmutex created [ReqJoin] (attribute=0x11): sq_id = 58
[W : PPU[1] Thread (CPUThread)[0x004c4308]]: sys_semaphore warning: sys_semaphore_create(sem_addr=0x9baff4, attr_addr=0xd0010b50, initial_count=0, max_count=1)
[W : PPU[1] Thread (CPUThread)[0x004c4308]]: sys_semaphore warning: sys_semaphore_create(sem_addr=0x9bafec, attr_addr=0xd0010b50, initial_count=0, max_count=1)
[W : PPU[1] Thread (CPUThread)[0x00b0d034]]: sys_lwmutex warning: *** lwmutex created [Undo] (attribute=0x11): sq_id = 61
[W : PPU[1] Thread (CPUThread)[0x000114b0]]: memory warning: sys_memory_get_user_memory_size(mem_info_addr=0xd0010cc0)
[W : PPU[1] Thread (CPUThread)[0x00b1b010]]: cellSysmodule warning: cellSysmoduleLoadModule(CELL_SYSMODULE_LV2DBG)
[W : PPU[1] Thread (CPUThread)[0x00b1b010]]: cellSysmodule warning: cellSysmoduleLoadModule(CELL_SYSMODULE_FS)
[W : PPU[1] Thread (CPUThread)[0x00b1b010]]: cellSysmodule warning: cellSysmoduleLoadModule(CELL_SYSMODULE_SPURS)
[W : PPU[1] Thread (CPUThread)[0x00b1b010]]: cellSysmodule warning: cellSysmoduleLoadModule(CELL_SYSMODULE_ATRAC3PLUS)
[W : PPU[1] Thread (CPUThread)[0x00b1b010]]: cellSysmodule warning: cellSysmoduleLoadModule(CELL_SYSMODULE_GCM_SYS)
[W : PPU[1] Thread (CPUThread)[0x00b1b010]]: cellSysmodule warning: cellSysmoduleLoadModule(CELL_SYSMODULE_NET)
[W : PPU[1] Thread (CPUThread)[0x00b1b010]]: cellSysmodule warning: cellSysmoduleLoadModule(CELL_SYSMODULE_SYNC)
[W : PPU[1] Thread (CPUThread)[0x00b1b010]]: cellSysmodule warning: cellSysmoduleLoadModule(CELL_SYSMODULE_VDEC)
[W : PPU[1] Thread (CPUThread)[0x00b1b010]]: cellSysmodule warning: cellSysmoduleLoadModule(CELL_SYSMODULE_IO)
[W : PPU[1] Thread (CPUThread)[0x00b1b010]]: cellSysmodule warning: cellSysmoduleLoadModule(CELL_SYSMODULE_HTTP)
[W : PPU[1] Thread (CPUThread)[0x00b1b010]]: cellSysmodule warning: cellSysmoduleLoadModule(CELL_SYSMODULE_HTTP_UTIL)
[W : PPU[1] Thread (CPUThread)[0x00b1b010]]: cellSysmodule warning: cellSysmoduleLoadModule(CELL_SYSMODULE_SSL)
[W : PPU[1] Thread (CPUThread)[0x00b1b010]]: cellSysmodule warning: cellSysmoduleLoadModule(CELL_SYSMODULE_RTC)
[W : PPU[1] Thread (CPUThread)[0x00b1b010]]: cellSysmodule warning: cellSysmoduleLoadModule(CELL_SYSMODULE_SYSUTIL_NP)
[W : PPU[1] Thread (CPUThread)[0x00b1b010]]: cellSysmodule warning: cellSysmoduleLoadModule(CELL_SYSMODULE_SYSUTIL_NP2)
[W : PPU[1] Thread (CPUThread)[0x00b1b010]]: cellSysmodule warning: cellSysmoduleLoadModule(CELL_SYSMODULE_SYSUTIL_GAME)
[W : PPU[1] Thread (CPUThread)[0x00b1b010]]: cellSysmodule warning: cellSysmoduleLoadModule(CELL_SYSMODULE_SYSUTIL_USERINFO)
[W : PPU[1] Thread (CPUThread)[0x00b1b010]]: cellSysmodule warning: cellSysmoduleLoadModule(CELL_SYSMODULE_SYSUTIL_NP_TROPHY)
[W : PPU[1] Thread (CPUThread)[0x00b1b010]]: cellSysmodule warning: cellSysmoduleLoadModule(CELL_SYSMODULE_SYSUTIL_SAVEDATA)
[W : PPU[1] Thread (CPUThread)[0x00b1b010]]: cellSysmodule warning: cellSysmoduleLoadModule(CELL_SYSMODULE_AVCONF_EXT)
[W : PPU[1] Thread (CPUThread)[0x00b0d034]]: sys_lwmutex warning: *** lwmutex created [gcmcs] (attribute=0x11): sq_id = 62
[! : PPU[1] Thread (CPUThread)[0x00b0d01c]]: *** New PPU Thread [bringup] (): id = 63
[W : PPU[63] Thread (bringup)[0x00b0d034]]: sys_lwmutex warning: *** lwmutex created [PrioQ] (attribute=0x11): sq_id = 64
[W : PPU[63] Thread (bringup)[0x004c4308]]: sys_semaphore warning: sys_semaphore_create(sem_addr=0x30100fd8, attr_addr=0xd0020b10, initial_count=0, max_count=2147483647)
[W : PPU[63] Thread (bringup)[0x00b0d034]]: sys_lwmutex warning: *** lwmutex created [PrioQ] (attribute=0x11): sq_id = 66
[W : PPU[63] Thread (bringup)[0x004c4308]]: sys_semaphore warning: sys_semaphore_create(sem_addr=0x30101010, attr_addr=0xd0020b10, initial_count=0, max_count=2147483647)
[W : PPU[63] Thread (bringup)[0x004c43ec]]: sys_event warning: sys_event_queue_create(equeue_id_addr=0x3010101c, attr_addr=0xd0020b00, event_queue_key=0x0, size=1)
[W : PPU[63] Thread (bringup)[0x004c43ec]]: sys_event warning: *** event_queue created [] (protocol=0x2, type=0x1): id = 68
[W : PPU[63] Thread (bringup)[0x004c43fc]]: sys_timer warning: sys_timer_create(timer_id_addr=0x30101020)
[W : PPU[63] Thread (bringup)[0x004c4418]]: sys_timer warning: sys_timer_connect_event_queue(timer_id=69, queue_id=68, name=0, data1=0, data2=0)
[W : PPU[63] Thread (bringup)[0x00b0d034]]: sys_lwmutex warning: *** lwmutex created [Waiting] (attribute=0x11): sq_id = 70
[! : PPU[63] Thread (bringup)[0x00b0d01c]]: *** New PPU Thread [JobManagerWorker] (): id = 71
[! : PPU[63] Thread (bringup)[0x00b0d01c]]: *** New PPU Thread [JobManagerWorker] (): id = 72
[! : PPU[63] Thread (bringup)[0x00b0d01c]]: *** New PPU Thread [JobManagerWorker] (): id = 73
[! : PPU[63] Thread (bringup)[0x00b0d01c]]: *** New PPU Thread [JobManagerWorker] (): id = 74
[! : PPU[63] Thread (bringup)[0x00b0d01c]]: *** New PPU Thread [JobManagerWaitThread] (): id = 75
[W : PPU[63] Thread (bringup)[0x00b0f070]]: cellSysutil warning: cellSysutilRegisterCallback(slot=0, func_addr=0x95fe70, userdata=0x0)
[W : PPU[63] Thread (bringup)[0x00b2d064]]: cellGame warning: cellGameBootCheck(type_addr=0xa290d0, attributes_addr=0xa29184, size_addr=0xa29178, dirName_addr=0x0)
[W : PPU[63] Thread (bringup)[0x00b2d064]]: cellGame warning: cellGameBootCheck returns CELL_GAME_ERROR_PARAM. As a result size->hddFreeSizeKB may be 0.
[W : PPU[1] Thread (CPUThread)[0x004d971c]]: sysPrxForUser warning: sys_ppu_thread_join(thread_id=63, vptr_addr=0xd0010b10)
[W : PPU[1] Thread (CPUThread)[0x00b0d0a0]]: sys_lwmutex warning: sys_lwmutex_destroy(lwmutex_addr=0x37200f20)
[E : PPU[1] Thread (CPUThread)[0x004c4288]]: sys_event error: sys_event_queue_destroy(equeue_id=68, mode=0x1)
[W : PPU[1] Thread (CPUThread)[0x004d971c]]: sysPrxForUser warning: sys_ppu_thread_join(thread_id=71, vptr_addr=0xd00109e0)
[W : PPU[1] Thread (CPUThread)[0x004d971c]]: sysPrxForUser warning: sys_ppu_thread_join(thread_id=72, vptr_addr=0xd00109e0)
[W : PPU[1] Thread (CPUThread)[0x004d971c]]: sysPrxForUser warning: sys_ppu_thread_join(thread_id=73, vptr_addr=0xd00109e0)
[W : PPU[1] Thread (CPUThread)[0x004d971c]]: sysPrxForUser warning: sys_ppu_thread_join(thread_id=74, vptr_addr=0xd00109e0)
[W : PPU[1] Thread (CPUThread)[0x004d971c]]: sysPrxForUser warning: sys_ppu_thread_join(thread_id=75, vptr_addr=0xd00109e0)
[W : PPU[1] Thread (CPUThread)[0x00b0d0a0]]: sys_lwmutex warning: sys_lwmutex_destroy(lwmutex_addr=0x30101028)
[W : PPU[1] Thread (CPUThread)[0x004c4458]]: sys_timer warning: TODO: sys_timer_destroy(timer_id=69)
[W : PPU[1] Thread (CPUThread)[0x00b0d0a0]]: sys_lwmutex warning: sys_lwmutex_destroy(lwmutex_addr=0x30100ff0)
[W : PPU[1] Thread (CPUThread)[0x00b0d0a0]]: sys_lwmutex warning: sys_lwmutex_destroy(lwmutex_addr=0x30100fb8)
[W : PPU[1] Thread (CPUThread)[0x00b1b004]]: cellSysmodule warning: cellSysmoduleUnloadModule(CELL_SYSMODULE_LV2DBG)
[W : PPU[1] Thread (CPUThread)[0x00b1b004]]: cellSysmodule warning: cellSysmoduleUnloadModule(CELL_SYSMODULE_FS)
[W : PPU[1] Thread (CPUThread)[0x00b1b004]]: cellSysmodule warning: cellSysmoduleUnloadModule(CELL_SYSMODULE_SPURS)
[W : PPU[1] Thread (CPUThread)[0x00b1b004]]: cellSysmodule warning: cellSysmoduleUnloadModule(CELL_SYSMODULE_ATRAC3PLUS)
[W : PPU[1] Thread (CPUThread)[0x00b1b004]]: cellSysmodule warning: cellSysmoduleUnloadModule(CELL_SYSMODULE_GCM_SYS)
[W : PPU[1] Thread (CPUThread)[0x00b1b004]]: cellSysmodule warning: cellSysmoduleUnloadModule(CELL_SYSMODULE_NET)
[W : PPU[1] Thread (CPUThread)[0x00b1b004]]: cellSysmodule warning: cellSysmoduleUnloadModule(CELL_SYSMODULE_SYNC)
[W : PPU[1] Thread (CPUThread)[0x00b1b004]]: cellSysmodule warning: cellSysmoduleUnloadModule(CELL_SYSMODULE_VDEC)
[W : PPU[1] Thread (CPUThread)[0x00b1b004]]: cellSysmodule warning: cellSysmoduleUnloadModule(CELL_SYSMODULE_IO)
[W : PPU[1] Thread (CPUThread)[0x00b1b004]]: cellSysmodule warning: cellSysmoduleUnloadModule(CELL_SYSMODULE_HTTP)
[W : PPU[1] Thread (CPUThread)[0x00b1b004]]: cellSysmodule warning: cellSysmoduleUnloadModule(CELL_SYSMODULE_HTTP_UTIL)
[W : PPU[1] Thread (CPUThread)[0x00b1b004]]: cellSysmodule warning: cellSysmoduleUnloadModule(CELL_SYSMODULE_SSL)
[W : PPU[1] Thread (CPUThread)[0x00b1b004]]: cellSysmodule warning: cellSysmoduleUnloadModule(CELL_SYSMODULE_RTC)
[W : PPU[1] Thread (CPUThread)[0x00b1b004]]: cellSysmodule warning: cellSysmoduleUnloadModule(CELL_SYSMODULE_SYSUTIL_NP)
[W : PPU[1] Thread (CPUThread)[0x00b1b004]]: cellSysmodule warning: cellSysmoduleUnloadModule(CELL_SYSMODULE_SYSUTIL_NP2)
[W : PPU[1] Thread (CPUThread)[0x00b1b004]]: cellSysmodule warning: cellSysmoduleUnloadModule(CELL_SYSMODULE_SYSUTIL_GAME)
[W : PPU[1] Thread (CPUThread)[0x00b1b004]]: cellSysmodule warning: cellSysmoduleUnloadModule(CELL_SYSMODULE_SYSUTIL_USERINFO)
[W : PPU[1] Thread (CPUThread)[0x00b1b004]]: cellSysmodule warning: cellSysmoduleUnloadModule(CELL_SYSMODULE_SYSUTIL_NP_TROPHY)
[W : PPU[1] Thread (CPUThread)[0x00b1b004]]: cellSysmodule warning: cellSysmoduleUnloadModule(CELL_SYSMODULE_SYSUTIL_SAVEDATA)
[W : PPU[1] Thread (CPUThread)[0x00b1b004]]: cellSysmodule warning: cellSysmoduleUnloadModule(CELL_SYSMODULE_AVCONF_EXT)
[W : PPU[1] Thread (CPUThread)[0x00b0d0a0]]: sys_lwmutex warning: sys_lwmutex_destroy(lwmutex_addr=0xb07a90)
[W : PPU[1] Thread (CPUThread)[0x00b0d0a0]]: sys_lwmutex warning: sys_lwmutex_destroy(lwmutex_addr=0xb07ab8)
[W : PPU[1] Thread (CPUThread)[0x00b0d0a0]]: sys_lwmutex warning: sys_lwmutex_destroy(lwmutex_addr=0xb07ae0)
[W : PPU[1] Thread (CPUThread)[0x00b0d0a0]]: sys_lwmutex warning: sys_lwmutex_destroy(lwmutex_addr=0xb079c8)
[W : PPU[1] Thread (CPUThread)[0x00b0d0a0]]: sys_lwmutex warning: sys_lwmutex_destroy(lwmutex_addr=0xb079f0)
[W : PPU[1] Thread (CPUThread)[0x00b0d0a0]]: sys_lwmutex warning: sys_lwmutex_destroy(lwmutex_addr=0xb07a18)
[W : PPU[1] Thread (CPUThread)[0x00b0d0a0]]: sys_lwmutex warning: sys_lwmutex_destroy(lwmutex_addr=0xb07a40)
[W : PPU[1] Thread (CPUThread)[0x00b0d0a0]]: sys_lwmutex warning: sys_lwmutex_destroy(lwmutex_addr=0xb07a68)
[W : PPU[1] Thread (CPUThread)[0x00b0d0a0]]: sys_lwmutex warning: sys_lwmutex_destroy(lwmutex_addr=0xb08308)
[W : PPU[1] Thread (CPUThread)[0x00b0d0a0]]: sys_lwmutex warning: sys_lwmutex_destroy(lwmutex_addr=0xb08500)
[W : PPU[1] Thread (CPUThread)[0x00b0d0ac]]: Process warning: sys_process_exit(0)
[S : PPU[1] Thread (CPUThread)[0x00b0d0ac]]: Process finished
[!]: Closing memory...
