[!]: path: /dev_hdd0/game/
[!]: Loading 'D:\Emulateurs\Rpcs3\dev_hdd0\game\BCES00969-[Start the Party!™]/PS3_GAME/USRDIR/BOOT.BIN'...
[!]: Mount info:
[!]: /dev_hdd0/ -> D:\Emulateurs\Rpcs3\dev_hdd0\
[!]: /dev_hdd1/ -> D:\Emulateurs\Rpcs3\dev_hdd1\
[!]: /dev_flash/ -> D:\Emulateurs\Rpcs3\dev_flash\
[!]: /dev_usb000/ -> D:\Emulateurs\Rpcs3\dev_usb000\
[!]: /dev_usb/ -> D:\Emulateurs\Rpcs3\dev_usb000\
[!]: /app_home/ -> D:\Emulateurs\Rpcs3\dev_hdd0\game\BCES00969-[Start the Party!™]/PS3_GAME/\USRDIR\
[!]: /dev_bdvd/ -> D:\Emulateurs\Rpcs3\dev_hdd0\game\BCES00969-[Start the Party!™]/PS3_GAME/\..\
[!]: /host_root/ -> 
[!]: ///resource/ -> D:\Emulateurs\Rpcs3\dev_hdd0\game\BCES00969-[Start the Party!™]/PS3_GAME/\USRDIR\resource\
[!]: /app_home/Game/PS3_GAME/USRDIR/ -> D:\Emulateurs\Rpcs3\dev_hdd0\game\BCES00969-[Start the Party!™]/PS3_GAME/\USRDIR\
[!]: /app_home/PS3_GAME/USRDIR/media/ -> D:\Emulateurs\Rpcs3\dev_hdd0\game\BCES00969-[Start the Party!™]/PS3_GAME/\USRDIR\media\
[!]: /Data/ -> D:\Emulateurs\Rpcs3\dev_hdd0\game\BCES00969-[Start the Party!™]/PS3_GAME/\USRDIR\Data\
[!]: / -> D:\Emulateurs\Rpcs3\dev_hdd0\game\BCES00969-[Start the Party!™]/PS3_GAME/\USRDIR\
[!]: /USRDIR/PS3_GAME/USRDIR/Data/ -> D:\Emulateurs\Rpcs3\dev_hdd0\game\BCES00969-[Start the Party!™]/PS3_GAME/\USRDIR\Data\
[!]: /app_home//dev_bdvd/PS3_GAME/USRDIR/data/gos/ -> D:\Emulateurs\Rpcs3\dev_hdd0\game\BCES00969-[Start the Party!™]/PS3_GAME/\USRDIR\
[!]: BD/ -> D:\Emulateurs\Rpcs3\dev_hdd0\game\BCES00969-[Start the Party!™]/PS3_GAME/\USRDIR\
[!]: Initing memory...
[!]: Memory initialized.
[W]: Unknown function 0x63387071 in 'cellGcmSys' module
[E]: TODO: cellGcmGetLastFlipTime
[W]: Unknown function 0x6d3bb15b in 'sys_fs' module
[E]: TODO: cellFsSdataOpenByFd
[W]: Unknown function 0x967a162b in 'sys_fs' module
[E]: TODO: cellFsFsync
[W]: Unknown function 0x303c19cd in 'cellSpurs' module
[E]: TODO: cellSpursCreateJobChainWithAttribute
[W]: Unknown function 0x3548f483 in 'cellSpurs' module
[E]: TODO: _cellSpursJobChainAttributeInitialize
[W]: Unknown function 0x569674e3 in 'cellSpurs' module
[E]: TODO: cellSpursTraceInitialize
[W]: Unknown function 0x68aaeba9 in 'cellSpurs' module
[E]: TODO: cellSpursJobGuardInitialize
[W]: Unknown function 0x738e40e6 in 'cellSpurs' module
[E]: TODO: cellSpursShutdownJobChain
[W]: Unknown function 0x7b9cbb74 in 'cellSpurs' module
[E]: TODO: cellSpursTraceFinalize
[W]: Unknown function 0xa7c066de in 'cellSpurs' module
[E]: TODO: cellSpursJoinJobChain
[W]: Unknown function 0xce853fbf in 'cellSpurs' module
[E]: TODO: cellSpursTraceStart
[W]: Unknown function 0xd5d0b256 in 'cellSpurs' module
[E]: TODO: cellSpursJobGuardNotify
[W]: Unknown function 0xddc81b5a in 'cellSpurs' module
[E]: TODO: cellSpursTraceStop
[W]: Unknown function 0xf31731bb in 'cellSpurs' module
[E]: TODO: cellSpursRunJobChain
[W]: Unknown function 0x5ef96465 in 'cellSpurs' module
[E]: TODO: _cellSpursEventFlagInitialize
[W]: Unknown function 0x20543730 in 'cellSysutil' module
[E]: TODO: cellMsgDialogClose
[W]: Unknown function 0x2a8eada2 in 'cellSysutil' module
[E]: TODO: cellSaveDataFixedLoad2
[W]: Unknown function 0x2aae9ef5 in 'cellSysutil' module
[E]: TODO: cellSaveDataFixedSave2
[W]: Unknown function 0x8b7ed64b in 'cellSysutil' module
[E]: TODO: cellSaveDataAutoSave2
[W]: Unknown function 0xcfdf24bb in 'cellSysutil' module
[E]: TODO: cellVideoOutDebugSetMonitorType
[W]: Unknown function 0xedadd797 in 'cellSysutil' module
[E]: TODO: cellSaveDataDelete2
[W]: Unknown function 0xfbd5c856 in 'cellSysutil' module
[E]: TODO: cellSaveDataAutoLoad2
[W]: Unknown function 0x21fc151f in 'cellCamera' module
[E]: TODO: cellCameraReadEx
[W]: Unknown function 0x379c5dd6 in 'cellCamera' module
[E]: TODO: cellCameraClose
[W]: Unknown function 0x456dc4aa in 'cellCamera' module
[E]: TODO: cellCameraStart
[W]: Unknown function 0x58bc5870 in 'cellCamera' module
[E]: TODO: cellCameraGetType
[W]: Unknown function 0x5d25f866 in 'cellCamera' module
[E]: TODO: cellCameraOpenEx
[W]: Unknown function 0x7e063bbc in 'cellCamera' module
[E]: TODO: cellCameraIsAttached
[W]: Unknown function 0x81f83db9 in 'cellCamera' module
[E]: TODO: cellCameraReset
[W]: Unknown function 0xbf47c5dd in 'cellCamera' module
[E]: TODO: cellCameraInit
[W]: Unknown module 'libgem'
[W]: Unknown function 0x1b42101b in 'cellMic' module
[E]: TODO: cellMicIsAttached
[W]: Unknown function 0x65336418 in 'cellMic' module
[E]: TODO: cellMicRemoveNotifyEventQueue
[W]: Unknown function 0x7903400e in 'cellMic' module
[E]: TODO: cellMicSetNotifyEventQueue
[W]: Unknown function 0x8325e02d in 'cellMic' module
[E]: TODO: cellMicInit
[W]: Unknown function 0x87a08d29 in 'cellMic' module
[E]: TODO: cellMicGetFormatDsp
[W]: Unknown function 0x8d229f8e in 'cellMic' module
[E]: TODO: cellMicClose
[W]: Unknown function 0xb30780eb in 'cellMic' module
[E]: TODO: cellMicGetSignalState
[W]: Unknown function 0xc414faa5 in 'cellMic' module
[E]: TODO: cellMicReadDsp
[W]: Unknown function 0xc6328caa in 'cellMic' module
[E]: TODO: cellMicEnd
[W]: Unknown function 0xdd1b59f0 in 'cellMic' module
[E]: TODO: cellMicOpen
[W]: Unknown function 0xdd724314 in 'cellMic' module
[E]: TODO: cellMicStart
[W]: Unknown function 0xfcfaf246 in 'cellMic' module
[E]: TODO: cellMicStop
[W]: Unknown function 0x0247c69e in 'cellSail' module
[E]: TODO: cellSailGraphicsAdapterGetFrame
[W]: Unknown function 0x1139a206 in 'cellSail' module
[E]: TODO: cellSailPlayerSetSoundAdapter
[W]: Unknown function 0x18b4629d in 'cellSail' module
[E]: TODO: cellSailPlayerFinalize
[W]: Unknown function 0x18bcd21b in 'cellSail' module
[E]: TODO: cellSailPlayerSetGraphicsAdapter
[W]: Unknown function 0x1c983864 in 'cellSail' module
[E]: TODO: cellSailGraphicsAdapterInitialize
[W]: Unknown function 0x23654375 in 'cellSail' module
[E]: TODO: cellSailPlayerInitialize2
[W]: Unknown function 0x2e3ccb5e in 'cellSail' module
[E]: TODO: cellSailGraphicsAdapterSetPreferredFormat
[W]: Unknown function 0x346ebba3 in 'cellSail' module
[E]: TODO: cellSailMemAllocatorInitialize
[W]: Unknown function 0x34ecc1b9 in 'cellSail' module
[E]: TODO: cellSailPlayerOpenStream
[W]: Unknown function 0x3d0d3b72 in 'cellSail' module
[E]: TODO: cellSailSoundAdapterInitialize
[W]: Unknown function 0x44a20e79 in 'cellSail' module
[E]: TODO: cellSailGraphicsAdapterUpdateAvSync
[W]: Unknown function 0x76488bb1 in 'cellSail' module
[E]: TODO: cellSailGraphicsAdapterFinalize
[W]: Unknown function 0x7c8dff3b in 'cellSail' module
[E]: TODO: cellSailPlayerAddDescriptor
[W]: Unknown function 0x7eb8d6b5 in 'cellSail' module
[E]: TODO: cellSailSoundAdapterGetFrame
[W]: Unknown function 0x85beffcc in 'cellSail' module
[E]: TODO: cellSailPlayerCloseStream
[W]: Unknown function 0xbdf21b0f in 'cellSail' module
[E]: TODO: cellSailPlayerBoot
[W]: Unknown function 0xd1462438 in 'cellSail' module
[E]: TODO: cellSailSoundAdapterFinalize
[W]: Unknown function 0xd7938b8d in 'cellSail' module
[E]: TODO: cellSailPlayerCreateDescriptor
[W]: Unknown function 0xe535b0d3 in 'cellSail' module
[E]: TODO: cellSailPlayerStart
[W]: Unknown function 0xeba8d4ec in 'cellSail' module
[E]: TODO: cellSailPlayerStop
[W]: Unknown function 0xeec22809 in 'cellSail' module
[E]: TODO: cellSailSoundAdapterUpdateAvSync
[W]: Unknown function 0xf25f197d in 'cellSail' module
[E]: TODO: cellSailSoundAdapterGetFormat
[W]: Unknown function 0xf042b14f in 'sceNp' module
[E]: TODO: sceNpDrmIsAvailable2
[W]: Unknown module 'cellSysutilAvconfExt'
[W]: Unknown function 0x26090058 in 'sysPrxForUser' module
[E]: TODO: sys_prx_load_module
[W]: Unknown function 0x8a561d92 in 'sysPrxForUser' module
[E]: TODO: _sys_heap_free
[W]: Unknown function 0xa330ad84 in 'sysPrxForUser' module
[E]: TODO: sys_prx_load_module_on_memcontainer_by_fd
[W]: Unknown function 0xaa6d9bff in 'sysPrxForUser' module
[E]: TODO: sys_prx_load_module_on_memcontainer
[W]: Unknown function 0xaede4b03 in 'sysPrxForUser' module
[E]: TODO: _sys_heap_delete_heap
[W]: Unknown function 0xef68c17c in 'sysPrxForUser' module
[E]: TODO: sys_prx_load_module_by_fd
[W : PPU[1] Thread (CPUThread)[0x0023e9d0]]: memory warning: sys_memory_get_user_memory_size(mem_info_addr=0xd0010cd0)
[W : PPU[1] Thread (CPUThread)[0x0154f058]]: sys_lwmutex warning: *** lwmutex created [_lc_mtx] (attribute=0x12): sq_id = 3
[W : PPU[1] Thread (CPUThread)[0x0154f058]]: sys_lwmutex warning: *** lwmutex created [_lc_mtx] (attribute=0x12): sq_id = 4
[W : PPU[1] Thread (CPUThread)[0x0154f058]]: sys_lwmutex warning: *** lwmutex created [_lc_mtx] (attribute=0x12): sq_id = 5
[W : PPU[1] Thread (CPUThread)[0x0154f058]]: sys_lwmutex warning: *** lwmutex created [_lc_mtx] (attribute=0x12): sq_id = 6
[W : PPU[1] Thread (CPUThread)[0x0154f058]]: sys_lwmutex warning: *** lwmutex created [_lc_mtx] (attribute=0x12): sq_id = 7
[W : PPU[1] Thread (CPUThread)[0x0154f058]]: sys_lwmutex warning: *** lwmutex created [_lc_mtx] (attribute=0x12): sq_id = 8
[W : PPU[1] Thread (CPUThread)[0x0154f058]]: sys_lwmutex warning: *** lwmutex created [_lc_mtx] (attribute=0x12): sq_id = 9
[W : PPU[1] Thread (CPUThread)[0x0154f058]]: sys_lwmutex warning: *** lwmutex created [_lc_mtx] (attribute=0x12): sq_id = 10
[W : PPU[1] Thread (CPUThread)[0x0154f058]]: sys_lwmutex warning: *** lwmutex created [_lc_mtx] (attribute=0x12): sq_id = 11
[W : PPU[1] Thread (CPUThread)[0x0154f058]]: sys_lwmutex warning: *** lwmutex created [_lc_mtx] (attribute=0x12): sq_id = 12
[W : PPU[1] Thread (CPUThread)[0x0154f058]]: sys_lwmutex warning: *** lwmutex created [_lgcmtx] (attribute=0x12): sq_id = 13
[W : PPU[1] Thread (CPUThread)[0x0154f058]]: sys_lwmutex warning: *** lwmutex created [_lgcmtx] (attribute=0x22): sq_id = 14
[W : PPU[1] Thread (CPUThread)[0x0154f058]]: sys_lwmutex warning: *** lwmutex created [] (attribute=0x22): sq_id = 15
[W : PPU[1] Thread (CPUThread)[0x0154f058]]: sys_lwmutex warning: *** lwmutex created [] (attribute=0x22): sq_id = 16
[W : PPU[1] Thread (CPUThread)[0x0154f058]]: sys_lwmutex warning: *** lwmutex created [] (attribute=0x22): sq_id = 17
[W : PPU[1] Thread (CPUThread)[0x0154f058]]: sys_lwmutex warning: *** lwmutex created [] (attribute=0x12): sq_id = 18
[W : PPU[1] Thread (CPUThread)[0x0077b01c]]: sys_mutex warning: *** mutex created [] (protocol=0x1, recursive=false): id = 19
[W : PPU[1] Thread (CPUThread)[0x0154f058]]: sys_lwmutex warning: *** lwmutex created [] (attribute=0x22): sq_id = 20
[W : PPU[1] Thread (CPUThread)[0x0154f058]]: sys_lwmutex warning: *** lwmutex created [] (attribute=0x22): sq_id = 21
[W : PPU[1] Thread (CPUThread)[0x0154f058]]: sys_lwmutex warning: *** lwmutex created [] (attribute=0x12): sq_id = 22
[W : PPU[1] Thread (CPUThread)[0x0154f058]]: sys_lwmutex warning: *** lwmutex created [] (attribute=0x12): sq_id = 23
[W : PPU[1] Thread (CPUThread)[0x0154f058]]: sys_lwmutex warning: *** lwmutex created [] (attribute=0x12): sq_id = 24
[W : PPU[1] Thread (CPUThread)[0x0154f058]]: sys_lwmutex warning: *** lwmutex created [] (attribute=0x12): sq_id = 25
[W : PPU[1] Thread (CPUThread)[0x0154f058]]: sys_lwmutex warning: *** lwmutex created [] (attribute=0x12): sq_id = 26
[W : PPU[1] Thread (CPUThread)[0x0154f058]]: sys_lwmutex warning: *** lwmutex created [] (attribute=0x12): sq_id = 27
[W : PPU[1] Thread (CPUThread)[0x0154f058]]: sys_lwmutex warning: *** lwmutex created [] (attribute=0x12): sq_id = 28
[W : PPU[1] Thread (CPUThread)[0x0154f058]]: sys_lwmutex warning: *** lwmutex created [] (attribute=0x12): sq_id = 29
[W : PPU[1] Thread (CPUThread)[0x0154f058]]: sys_lwmutex warning: *** lwmutex created [] (attribute=0x12): sq_id = 30
[W : PPU[1] Thread (CPUThread)[0x0154f058]]: sys_lwmutex warning: *** lwmutex created [] (attribute=0x12): sq_id = 31
[W : PPU[1] Thread (CPUThread)[0x0154f058]]: sys_lwmutex warning: *** lwmutex created [] (attribute=0x12): sq_id = 32
[W : PPU[1] Thread (CPUThread)[0x0154f058]]: sys_lwmutex warning: *** lwmutex created [] (attribute=0x12): sq_id = 33
[W : PPU[1] Thread (CPUThread)[0x0154f058]]: sys_lwmutex warning: *** lwmutex created [] (attribute=0x12): sq_id = 34
[W : PPU[1] Thread (CPUThread)[0x0154f058]]: sys_lwmutex warning: *** lwmutex created [] (attribute=0x12): sq_id = 35
[W : PPU[1] Thread (CPUThread)[0x0154f058]]: sys_lwmutex warning: *** lwmutex created [] (attribute=0x12): sq_id = 36
[W : PPU[1] Thread (CPUThread)[0x0154f058]]: sys_lwmutex warning: *** lwmutex created [] (attribute=0x12): sq_id = 37
[W : PPU[1] Thread (CPUThread)[0x007d39ac]]: cellSysutil warning: cellSysutilGetSystemParamInt: CELL_SYSUTIL_SYSTEMPARAM_ID_TIMEZONE
[W : PPU[1] Thread (CPUThread)[0x007d39ac]]: cellSysutil warning: cellSysutilGetSystemParamInt: CELL_SYSUTIL_SYSTEMPARAM_ID_SUMMERTIME
[W : PPU[1] Thread (CPUThread)[0x007dabdc]]: cellSysutil warning: cellSysutilGetSystemParamInt: CELL_SYSUTIL_SYSTEMPARAM_ID_TIMEZONE
[W : PPU[1] Thread (CPUThread)[0x007dabdc]]: cellSysutil warning: cellSysutilGetSystemParamInt: CELL_SYSUTIL_SYSTEMPARAM_ID_SUMMERTIME
[W : PPU[1] Thread (CPUThread)[0x007d550c]]: cellSysutil warning: cellSysutilGetSystemParamInt: CELL_SYSUTIL_SYSTEMPARAM_ID_TIMEZONE
[W : PPU[1] Thread (CPUThread)[0x007d550c]]: cellSysutil warning: cellSysutilGetSystemParamInt: CELL_SYSUTIL_SYSTEMPARAM_ID_SUMMERTIME
[W : PPU[1] Thread (CPUThread)[0x007dabdc]]: cellSysutil warning: cellSysutilGetSystemParamInt: CELL_SYSUTIL_SYSTEMPARAM_ID_TIMEZONE
[W : PPU[1] Thread (CPUThread)[0x007dabdc]]: cellSysutil warning: cellSysutilGetSystemParamInt: CELL_SYSUTIL_SYSTEMPARAM_ID_SUMMERTIME
[W : PPU[1] Thread (CPUThread)[0x007d3958]]: cellSysutil warning: cellSysutilGetSystemParamInt: CELL_SYSUTIL_SYSTEMPARAM_ID_TIMEZONE
[W : PPU[1] Thread (CPUThread)[0x007d3958]]: cellSysutil warning: cellSysutilGetSystemParamInt: CELL_SYSUTIL_SYSTEMPARAM_ID_SUMMERTIME
[W : PPU[1] Thread (CPUThread)[0x007d550c]]: cellSysutil warning: cellSysutilGetSystemParamInt: CELL_SYSUTIL_SYSTEMPARAM_ID_TIMEZONE
[W : PPU[1] Thread (CPUThread)[0x007d550c]]: cellSysutil warning: cellSysutilGetSystemParamInt: CELL_SYSUTIL_SYSTEMPARAM_ID_SUMMERTIME
[W : PPU[1] Thread (CPUThread)[0x0154f058]]: sys_lwmutex warning: *** lwmutex created [ps3HDDL] (attribute=0x12): sq_id = 38
[W : PPU[1] Thread (CPUThread)[0x0154f058]]: sys_lwmutex warning: *** lwmutex created [] (attribute=0x12): sq_id = 39
[W : PPU[1] Thread (CPUThread)[0x0154f058]]: sys_lwmutex warning: *** lwmutex created [] (attribute=0x12): sq_id = 40
[W : PPU[1] Thread (CPUThread)[0x0154f058]]: sys_lwmutex warning: *** lwmutex created [] (attribute=0x12): sq_id = 41
[W : PPU[1] Thread (CPUThread)[0x0154f058]]: sys_lwmutex warning: *** lwmutex created [] (attribute=0x12): sq_id = 42
[W : PPU[1] Thread (CPUThread)[0x0154f058]]: sys_lwmutex warning: *** lwmutex created [] (attribute=0x12): sq_id = 43
[W : PPU[1] Thread (CPUThread)[0x0154f058]]: sys_lwmutex warning: *** lwmutex created [] (attribute=0x12): sq_id = 44
[W : PPU[1] Thread (CPUThread)[0x0154f058]]: sys_lwmutex warning: *** lwmutex created [] (attribute=0x12): sq_id = 45
[W : PPU[1] Thread (CPUThread)[0x0154f058]]: sys_lwmutex warning: *** lwmutex created [] (attribute=0x12): sq_id = 46
[W : PPU[1] Thread (CPUThread)[0x0154f058]]: sys_lwmutex warning: *** lwmutex created [] (attribute=0x12): sq_id = 47
[W : PPU[1] Thread (CPUThread)[0x0154f058]]: sys_lwmutex warning: *** lwmutex created [] (attribute=0x12): sq_id = 48
[W : PPU[1] Thread (CPUThread)[0x0154f058]]: sys_lwmutex warning: *** lwmutex created [] (attribute=0x12): sq_id = 49
[W : PPU[1] Thread (CPUThread)[0x0154f058]]: sys_lwmutex warning: *** lwmutex created [] (attribute=0x12): sq_id = 50
[W : PPU[1] Thread (CPUThread)[0x0154f058]]: sys_lwmutex warning: *** lwmutex created [] (attribute=0x12): sq_id = 51
[W : PPU[1] Thread (CPUThread)[0x0154f058]]: sys_lwmutex warning: *** lwmutex created [] (attribute=0x12): sq_id = 52
[W : PPU[1] Thread (CPUThread)[0x0154f058]]: sys_lwmutex warning: *** lwmutex created [] (attribute=0x12): sq_id = 53
[W : PPU[1] Thread (CPUThread)[0x0154f058]]: sys_lwmutex warning: *** lwmutex created [] (attribute=0x12): sq_id = 54
[W : PPU[1] Thread (CPUThread)[0x0154f058]]: sys_lwmutex warning: *** lwmutex created [] (attribute=0x12): sq_id = 55
[W : PPU[1] Thread (CPUThread)[0x0154f058]]: sys_lwmutex warning: *** lwmutex created [] (attribute=0x12): sq_id = 56
[W : PPU[1] Thread (CPUThread)[0x0154f058]]: sys_lwmutex warning: *** lwmutex created [] (attribute=0x12): sq_id = 57
[W : PPU[1] Thread (CPUThread)[0x0154f058]]: sys_lwmutex warning: *** lwmutex created [] (attribute=0x12): sq_id = 58
[W : PPU[1] Thread (CPUThread)[0x0154f058]]: sys_lwmutex warning: *** lwmutex created [] (attribute=0x12): sq_id = 59
[W : PPU[1] Thread (CPUThread)[0x0154f058]]: sys_lwmutex warning: *** lwmutex created [] (attribute=0x12): sq_id = 60
[W : PPU[1] Thread (CPUThread)[0x0154f058]]: sys_lwmutex warning: *** lwmutex created [] (attribute=0x12): sq_id = 61
[W : PPU[1] Thread (CPUThread)[0x0154f058]]: sys_lwmutex warning: *** lwmutex created [] (attribute=0x12): sq_id = 62
[W : PPU[1] Thread (CPUThread)[0x0154f058]]: sys_lwmutex warning: *** lwmutex created [] (attribute=0x12): sq_id = 63
[W : PPU[1] Thread (CPUThread)[0x0154f058]]: sys_lwmutex warning: *** lwmutex created [] (attribute=0x12): sq_id = 64
[W : PPU[1] Thread (CPUThread)[0x0154f058]]: sys_lwmutex warning: *** lwmutex created [] (attribute=0x12): sq_id = 65
[W : PPU[1] Thread (CPUThread)[0x0154f058]]: sys_lwmutex warning: *** lwmutex created [] (attribute=0x22): sq_id = 66
[W : PPU[1] Thread (CPUThread)[0x0154f058]]: sys_lwmutex warning: *** lwmutex created [] (attribute=0x22): sq_id = 67
[W : PPU[1] Thread (CPUThread)[0x001e4624]]: sys_semaphore warning: sys_semaphore_create(sem_addr=0xe96124, attr_addr=0xd0010bc0, initial_count=0, max_count=1000)
[W : PPU[1] Thread (CPUThread)[0x0154f058]]: sys_lwmutex warning: *** lwmutex created [] (attribute=0x12): sq_id = 69
[W : PPU[1] Thread (CPUThread)[0x0154f058]]: sys_lwmutex warning: *** lwmutex created [] (attribute=0x12): sq_id = 70
[W : PPU[1] Thread (CPUThread)[0x0154f058]]: sys_lwmutex warning: *** lwmutex created [] (attribute=0x12): sq_id = 71
[W : PPU[1] Thread (CPUThread)[0x0154f058]]: sys_lwmutex warning: *** lwmutex created [] (attribute=0x12): sq_id = 72
[W : PPU[1] Thread (CPUThread)[0x0154f058]]: sys_lwmutex warning: *** lwmutex created [] (attribute=0x12): sq_id = 73
[W : PPU[1] Thread (CPUThread)[0x0154f058]]: sys_lwmutex warning: *** lwmutex created [] (attribute=0x12): sq_id = 74
[W : PPU[1] Thread (CPUThread)[0x0154f058]]: sys_lwmutex warning: *** lwmutex created [] (attribute=0x12): sq_id = 75
[W : PPU[1] Thread (CPUThread)[0x0154f058]]: sys_lwmutex warning: *** lwmutex created [] (attribute=0x12): sq_id = 76
[W : PPU[1] Thread (CPUThread)[0x0154f058]]: sys_lwmutex warning: *** lwmutex created [] (attribute=0x12): sq_id = 77
[W : PPU[1] Thread (CPUThread)[0x0154f058]]: sys_lwmutex warning: *** lwmutex created [] (attribute=0x12): sq_id = 78
[W : PPU[1] Thread (CPUThread)[0x0154f058]]: sys_lwmutex warning: *** lwmutex created [] (attribute=0x12): sq_id = 79
[W : PPU[1] Thread (CPUThread)[0x0154f058]]: sys_lwmutex warning: *** lwmutex created [] (attribute=0x12): sq_id = 80
[W : PPU[1] Thread (CPUThread)[0x0154f058]]: sys_lwmutex warning: *** lwmutex created [] (attribute=0x12): sq_id = 81
[W : PPU[1] Thread (CPUThread)[0x0154f058]]: sys_lwmutex warning: *** lwmutex created [] (attribute=0x12): sq_id = 82
[W : PPU[1] Thread (CPUThread)[0x0154f058]]: sys_lwmutex warning: *** lwmutex created [] (attribute=0x12): sq_id = 83
[W : PPU[1] Thread (CPUThread)[0x0154f058]]: sys_lwmutex warning: *** lwmutex created [] (attribute=0x12): sq_id = 84
[W : PPU[1] Thread (CPUThread)[0x0154f058]]: sys_lwmutex warning: *** lwmutex created [] (attribute=0x12): sq_id = 85
[W : PPU[1] Thread (CPUThread)[0x0154f058]]: sys_lwmutex warning: *** lwmutex created [] (attribute=0x12): sq_id = 86
[W : PPU[1] Thread (CPUThread)[0x0154f058]]: sys_lwmutex warning: *** lwmutex created [] (attribute=0x22): sq_id = 87
[W : PPU[1] Thread (CPUThread)[0x0154f058]]: sys_lwmutex warning: *** lwmutex created [] (attribute=0x22): sq_id = 88
[W : PPU[1] Thread (CPUThread)[0x0154f058]]: sys_lwmutex warning: *** lwmutex created [] (attribute=0x22): sq_id = 89
[W : PPU[1] Thread (CPUThread)[0x0154f058]]: sys_lwmutex warning: *** lwmutex created [] (attribute=0x22): sq_id = 90
[W : PPU[1] Thread (CPUThread)[0x0154f058]]: sys_lwmutex warning: *** lwmutex created [] (attribute=0x12): sq_id = 91
[W : PPU[1] Thread (CPUThread)[0x0154f058]]: sys_lwmutex warning: *** lwmutex created [] (attribute=0x12): sq_id = 92
[W : PPU[1] Thread (CPUThread)[0x001e9850]]: sys_spu warning: sys_spu_initialize(max_usable_spu=6, max_raw_spu=0)
[W : PPU[1] Thread (CPUThread)[0x0153d010]]: cellSysmodule warning: cellSysmoduleLoadModule(CELL_SYSMODULE_FS)
[W : PPU[1] Thread (CPUThread)[0x0153d010]]: cellSysmodule warning: cellSysmoduleLoadModule(CELL_SYSMODULE_IO)
[W : PPU[1] Thread (CPUThread)[0x0153d010]]: cellSysmodule warning: cellSysmoduleLoadModule(CELL_SYSMODULE_SPURS)
[W : PPU[1] Thread (CPUThread)[0x0153d010]]: cellSysmodule warning: cellSysmoduleLoadModule(CELL_SYSMODULE_GCM_SYS)
[W : PPU[1] Thread (CPUThread)[0x0153d010]]: cellSysmodule warning: cellSysmoduleLoadModule(CELL_SYSMODULE_GCM_SYS)
[W : PPU[1] Thread (CPUThread)[0x0153d010]]: cellSysmodule warning: cellSysmoduleLoadModule(CELL_SYSMODULE_RESC)
[W : PPU[1] Thread (CPUThread)[0x0153d010]]: cellSysmodule warning: cellSysmoduleLoadModule(CELL_SYSMODULE_SYSUTIL)
[W : PPU[1] Thread (CPUThread)[0x0153d010]]: cellSysmodule warning: cellSysmoduleLoadModule(CELL_SYSMODULE_USBD)
[W : PPU[1] Thread (CPUThread)[0x0153d010]]: cellSysmodule warning: cellSysmoduleLoadModule(CELL_SYSMODULE_NET)
[W : PPU[1] Thread (CPUThread)[0x0153d010]]: cellSysmodule warning: cellSysmoduleLoadModule(CELL_SYSMODULE_AUDIO)
[W : PPU[1] Thread (CPUThread)[0x0153d010]]: cellSysmodule warning: cellSysmoduleLoadModule(CELL_SYSMODULE_MIC)
[W : PPU[1] Thread (CPUThread)[0x0153d010]]: cellSysmodule warning: cellSysmoduleLoadModule(CELL_SYSMODULE_AVCONF_EXT)
[W : PPU[1] Thread (CPUThread)[0x0153d010]]: cellSysmodule warning: cellSysmoduleLoadModule(CELL_SYSMODULE_PAMF)
[W : PPU[1] Thread (CPUThread)[0x0153d010]]: cellSysmodule warning: cellSysmoduleLoadModule(CELL_SYSMODULE_SAIL)
[W : PPU[1] Thread (CPUThread)[0x0153d010]]: cellSysmodule warning: cellSysmoduleLoadModule(CELL_SYSMODULE_SYSUTIL_NP_TROPHY)
[W : PPU[1] Thread (CPUThread)[0x0153d010]]: cellSysmodule warning: cellSysmoduleLoadModule(CELL_SYSMODULE_RTC)
[W : PPU[1] Thread (CPUThread)[0x0153d010]]: cellSysmodule warning: cellSysmoduleLoadModule(CELL_SYSMODULE_GEM)
[W : PPU[1] Thread (CPUThread)[0x0153f0ac]]: cellSysutil warning: cellSysutilRegisterCallback(slot=0, func_addr=0xa7fcf8, userdata=0x0)
[W : PPU[1] Thread (CPUThread)[0x0154f058]]: sys_lwmutex warning: *** lwmutex created [] (attribute=0x12): sq_id = 93
[W : PPU[1] Thread (CPUThread)[0x0154f058]]: sys_lwmutex warning: *** lwmutex created [] (attribute=0x12): sq_id = 94
[W : PPU[1] Thread (CPUThread)[0x004afc28]]: sys_semaphore warning: sys_semaphore_create(sem_addr=0x3048295c, attr_addr=0xd0010840, initial_count=0, max_count=1)
[W : PPU[1] Thread (CPUThread)[0x0154f058]]: sys_lwmutex warning: *** lwmutex created [] (attribute=0x12): sq_id = 96
[W : PPU[1] Thread (CPUThread)[0x0030a6dc]]: sys_semaphore warning: sys_semaphore_create(sem_addr=0x31e80478, attr_addr=0xd0010910, initial_count=0, max_count=2049)
[W : PPU[1] Thread (CPUThread)[0x0153b064]]: cellSpurs warning: cellSpursInitialize(spurs_addr=0x14c3900, nSpus=5, spuPriority=200, ppuPriority=4294967295, exitIfNoWork=0)
[E : PPU[1] Thread (CPUThread)[0x0153b010]]: TODO: _cellSpursJobChainAttributeInitialize
[E : PPU[1] Thread (CPUThread)[0x0153b004]]: TODO: cellSpursCreateJobChainWithAttribute
[E : PPU[1] Thread (CPUThread)[0x0153b034]]: TODO: cellSpursJobGuardInitialize
[E : PPU[1] Thread (CPUThread)[0x0153b0ac]]: TODO: cellSpursRunJobChain
[E : PPU[1] Thread (CPUThread)[0x0153b010]]: TODO: _cellSpursJobChainAttributeInitialize
[E : PPU[1] Thread (CPUThread)[0x0153b004]]: TODO: cellSpursCreateJobChainWithAttribute
[E : PPU[1] Thread (CPUThread)[0x0153b034]]: TODO: cellSpursJobGuardInitialize
[E : PPU[1] Thread (CPUThread)[0x0153b0ac]]: TODO: cellSpursRunJobChain
[E : PPU[1] Thread (CPUThread)[0x0153b010]]: TODO: _cellSpursJobChainAttributeInitialize
[E : PPU[1] Thread (CPUThread)[0x0153b004]]: TODO: cellSpursCreateJobChainWithAttribute
[E : PPU[1] Thread (CPUThread)[0x0153b034]]: TODO: cellSpursJobGuardInitialize
[E : PPU[1] Thread (CPUThread)[0x0153b0ac]]: TODO: cellSpursRunJobChain
[E : PPU[1] Thread (CPUThread)[0x0153b010]]: TODO: _cellSpursJobChainAttributeInitialize
[E : PPU[1] Thread (CPUThread)[0x0153b004]]: TODO: cellSpursCreateJobChainWithAttribute
[E : PPU[1] Thread (CPUThread)[0x0153b034]]: TODO: cellSpursJobGuardInitialize
[E : PPU[1] Thread (CPUThread)[0x0153b0ac]]: TODO: cellSpursRunJobChain
[E : PPU[1] Thread (CPUThread)[0x0153b010]]: TODO: _cellSpursJobChainAttributeInitialize
[E : PPU[1] Thread (CPUThread)[0x0153b004]]: TODO: cellSpursCreateJobChainWithAttribute
[E : PPU[1] Thread (CPUThread)[0x0153b034]]: TODO: cellSpursJobGuardInitialize
[E : PPU[1] Thread (CPUThread)[0x0153b0ac]]: TODO: cellSpursRunJobChain
[E : PPU[1] Thread (CPUThread)[0x0153b010]]: TODO: _cellSpursJobChainAttributeInitialize
[E : PPU[1] Thread (CPUThread)[0x0153b004]]: TODO: cellSpursCreateJobChainWithAttribute
[E : PPU[1] Thread (CPUThread)[0x0153b034]]: TODO: cellSpursJobGuardInitialize
[E : PPU[1] Thread (CPUThread)[0x0153b0ac]]: TODO: cellSpursRunJobChain
[E : PPU[1] Thread (CPUThread)[0x0153b010]]: TODO: _cellSpursJobChainAttributeInitialize
[E : PPU[1] Thread (CPUThread)[0x0153b004]]: TODO: cellSpursCreateJobChainWithAttribute
[E : PPU[1] Thread (CPUThread)[0x0153b034]]: TODO: cellSpursJobGuardInitialize
[E : PPU[1] Thread (CPUThread)[0x0153b0ac]]: TODO: cellSpursRunJobChain
[E : PPU[1] Thread (CPUThread)[0x0153b010]]: TODO: _cellSpursJobChainAttributeInitialize
[E : PPU[1] Thread (CPUThread)[0x0153b004]]: TODO: cellSpursCreateJobChainWithAttribute
[E : PPU[1] Thread (CPUThread)[0x0153b034]]: TODO: cellSpursJobGuardInitialize
[E : PPU[1] Thread (CPUThread)[0x0153b0ac]]: TODO: cellSpursRunJobChain
[E : PPU[1] Thread (CPUThread)[0x0153b010]]: TODO: _cellSpursJobChainAttributeInitialize
[E : PPU[1] Thread (CPUThread)[0x0153b004]]: TODO: cellSpursCreateJobChainWithAttribute
[E : PPU[1] Thread (CPUThread)[0x0153b034]]: TODO: cellSpursJobGuardInitialize
[E : PPU[1] Thread (CPUThread)[0x0153b0ac]]: TODO: cellSpursRunJobChain
[E : PPU[1] Thread (CPUThread)[0x0153b010]]: TODO: _cellSpursJobChainAttributeInitialize
[E : PPU[1] Thread (CPUThread)[0x0153b004]]: TODO: cellSpursCreateJobChainWithAttribute
[E : PPU[1] Thread (CPUThread)[0x0153b034]]: TODO: cellSpursJobGuardInitialize
[E : PPU[1] Thread (CPUThread)[0x0153b0ac]]: TODO: cellSpursRunJobChain
[E : PPU[1] Thread (CPUThread)[0x0153b010]]: TODO: _cellSpursJobChainAttributeInitialize
[E : PPU[1] Thread (CPUThread)[0x0153b004]]: TODO: cellSpursCreateJobChainWithAttribute
[E : PPU[1] Thread (CPUThread)[0x0153b034]]: TODO: cellSpursJobGuardInitialize
[E : PPU[1] Thread (CPUThread)[0x0153b0ac]]: TODO: cellSpursRunJobChain
[E : PPU[1] Thread (CPUThread)[0x0153b010]]: TODO: _cellSpursJobChainAttributeInitialize
[E : PPU[1] Thread (CPUThread)[0x0153b004]]: TODO: cellSpursCreateJobChainWithAttribute
[E : PPU[1] Thread (CPUThread)[0x0153b034]]: TODO: cellSpursJobGuardInitialize
[E : PPU[1] Thread (CPUThread)[0x0153b0ac]]: TODO: cellSpursRunJobChain
[E : PPU[1] Thread (CPUThread)[0x0153b010]]: TODO: _cellSpursJobChainAttributeInitialize
[E : PPU[1] Thread (CPUThread)[0x0153b004]]: TODO: cellSpursCreateJobChainWithAttribute
[E : PPU[1] Thread (CPUThread)[0x0153b034]]: TODO: cellSpursJobGuardInitialize
[E : PPU[1] Thread (CPUThread)[0x0153b0ac]]: TODO: cellSpursRunJobChain
[E : PPU[1] Thread (CPUThread)[0x0153b010]]: TODO: _cellSpursJobChainAttributeInitialize
[E : PPU[1] Thread (CPUThread)[0x0153b004]]: TODO: cellSpursCreateJobChainWithAttribute
[E : PPU[1] Thread (CPUThread)[0x0153b034]]: TODO: cellSpursJobGuardInitialize
[E : PPU[1] Thread (CPUThread)[0x0153b0ac]]: TODO: cellSpursRunJobChain
[W : PPU[1] Thread (CPUThread)[0x0030c9f4]]: sys_event warning: sys_event_queue_create(equeue_id_addr=0x32000700, attr_addr=0xd0010960, event_queue_key=0xabbacab, size=127)
[W : PPU[1] Thread (CPUThread)[0x0030c9f4]]: sys_event warning: *** event_queue created [] (protocol=0x2, type=0x1): id = 98
[W : PPU[1] Thread (CPUThread)[0x0030ca10]]: sys_event warning: sys_event_port_create(eport_id_addr=0x32000704, port_type=0x1, name=0xabbacab)
[W : PPU[1] Thread (CPUThread)[0x0030ca10]]: sys_event warning: *** sys_event_port created: id = 99
[W : PPU[1] Thread (CPUThread)[0x0030ca20]]: sys_event warning: sys_event_port_connect_local(eport_id=99, equeue_id=98)
[W : PPU[1] Thread (CPUThread)[0x0077b01c]]: sys_mutex warning: *** mutex created [] (protocol=0x1, recursive=true): id = 100
[W : PPU[1] Thread (CPUThread)[0x0154f058]]: sys_lwmutex warning: *** lwmutex created [] (attribute=0x22): sq_id = 101
[! : PPU[1] Thread (CPUThread)[0x0154f028]]: *** New PPU Thread [328a0500] (): id = 102
[W : PPU[1] Thread (CPUThread)[0x0077bdd0]]: sysPrxForUser warning: sys_ppu_thread_set_priority(thread_id=102, prio=1535)
[W : PPU[1] Thread (CPUThread)[0x0077bdd0]]: sysPrxForUser warning: sys_ppu_thread_set_priority(thread_id=102, prio=1)
[W : PPU[1] Thread (CPUThread)[0x0030ac28]]: sys_event warning: sys_event_queue_create(equeue_id_addr=0x14c3880, attr_addr=0xd00107e0, event_queue_key=0x92311294, size=127)
[W : PPU[1] Thread (CPUThread)[0x0030ac28]]: sys_event warning: *** event_queue created [] (protocol=0x2, type=0x1): id = 103
[E : PPU[1] Thread (CPUThread)[0x0153b070]]: cellSpurs error: cellSpursAttachLv2EventQueue(spurs_addr=0x14c3900, queue=0x67, port_addr=0x320006fc, isDynamic=1)
[W : PPU[1] Thread (CPUThread)[0x0077b01c]]: sys_mutex warning: *** mutex created [] (protocol=0x1, recursive=true): id = 104
[W : PPU[1] Thread (CPUThread)[0x0154f058]]: sys_lwmutex warning: *** lwmutex created [] (attribute=0x22): sq_id = 105
[! : PPU[1] Thread (CPUThread)[0x0154f028]]: *** New PPU Thread [328a05a0] (): id = 106
[W : PPU[1] Thread (CPUThread)[0x0077bdd0]]: sysPrxForUser warning: sys_ppu_thread_set_priority(thread_id=106, prio=1535)
[W : PPU[1] Thread (CPUThread)[0x0077bdd0]]: sysPrxForUser warning: sys_ppu_thread_set_priority(thread_id=106, prio=1)
[W : PPU[1] Thread (CPUThread)[0x0077b01c]]: sys_mutex warning: *** mutex created [] (protocol=0x1, recursive=true): id = 107
[W : PPU[1] Thread (CPUThread)[0x0154f058]]: sys_lwmutex warning: *** lwmutex created [] (attribute=0x22): sq_id = 108
[! : PPU[1] Thread (CPUThread)[0x0154f028]]: *** New PPU Thread [328a0640] (): id = 109
[W : PPU[1] Thread (CPUThread)[0x0077bdd0]]: sysPrxForUser warning: sys_ppu_thread_set_priority(thread_id=109, prio=1535)
[W : PPU[1] Thread (CPUThread)[0x0077bdd0]]: sysPrxForUser warning: sys_ppu_thread_set_priority(thread_id=109, prio=1)
[W : PPU[1] Thread (CPUThread)[0x0154f058]]: sys_lwmutex warning: *** lwmutex created [] (attribute=0x12): sq_id = 110
[W : PPU[1] Thread (CPUThread)[0x0154f058]]: sys_lwmutex warning: *** lwmutex created [] (attribute=0x12): sq_id = 111
[W : PPU[1] Thread (CPUThread)[0x0154f058]]: sys_lwmutex warning: *** lwmutex created [] (attribute=0x12): sq_id = 112
[W : PPU[1] Thread (CPUThread)[0x004afc28]]: sys_semaphore warning: sys_semaphore_create(sem_addr=0x305c5f1c, attr_addr=0xd0010800, initial_count=0, max_count=1)
[W : PPU[1] Thread (CPUThread)[0x0154f058]]: sys_lwmutex warning: *** lwmutex created [] (attribute=0x12): sq_id = 114
[W : PPU[1] Thread (CPUThread)[0x0154f058]]: sys_lwmutex warning: *** lwmutex created [] (attribute=0x12): sq_id = 115
[W : PPU[1] Thread (CPUThread)[0x0154f058]]: sys_lwmutex warning: *** lwmutex created [] (attribute=0x12): sq_id = 116
[W : PPU[1] Thread (CPUThread)[0x0154f058]]: sys_lwmutex warning: *** lwmutex created [] (attribute=0x12): sq_id = 117
[W : PPU[1] Thread (CPUThread)[0x0154f058]]: sys_lwmutex warning: *** lwmutex created [] (attribute=0x12): sq_id = 118
[W : PPU[1] Thread (CPUThread)[0x004afc28]]: sys_semaphore warning: sys_semaphore_create(sem_addr=0x305c65c4, attr_addr=0xd0010870, initial_count=0, max_count=1)
[W : PPU[1] Thread (CPUThread)[0x0154f124]]: sys_lwmutex warning: sys_lwmutex_destroy(lwmutex_addr=0x30482740)
[W : PPU[1] Thread (CPUThread)[0x0154f058]]: sys_lwmutex warning: *** lwmutex created [] (attribute=0x12): sq_id = 120
[W : PPU[1] Thread (CPUThread)[0x0154f058]]: sys_lwmutex warning: *** lwmutex created [] (attribute=0x12): sq_id = 121
[W : PPU[1] Thread (CPUThread)[0x0154f058]]: sys_lwmutex warning: *** lwmutex created [] (attribute=0x12): sq_id = 122
[W : PPU[1] Thread (CPUThread)[0x0077b01c]]: sys_mutex warning: *** mutex created [] (protocol=0x1, recursive=true): id = 123
[W : PPU[1] Thread (CPUThread)[0x0154f058]]: sys_lwmutex warning: *** lwmutex created [] (attribute=0x22): sq_id = 124
[! : PPU[1] Thread (CPUThread)[0x0154f028]]: *** New PPU Thread [328a0710] (): id = 125
[W : PPU[1] Thread (CPUThread)[0x0077bdd0]]: sysPrxForUser warning: sys_ppu_thread_set_priority(thread_id=125, prio=1535)
[W : PPU[1] Thread (CPUThread)[0x0153d010]]: cellSysmodule warning: cellSysmoduleLoadModule(CELL_SYSMODULE_IO)
[W : PPU[1] Thread (CPUThread)[0x0153d010]]: cellSysmodule warning: cellSysmoduleLoadModule(CELL_SYSMODULE_FS)
[W : PPU[1] Thread (CPUThread)[0x0154f058]]: sys_lwmutex warning: *** lwmutex created [opWait] (attribute=0x12): sq_id = 126
[W : PPU[1] Thread (CPUThread)[0x0154f130]]: sys_lwcond warning: Recursive lwmutex(sq=126)
[W : PPU[1] Thread (CPUThread)[0x0154f130]]: sys_lwcond warning: *** lwcond created [opWait] (lwmutex_addr=0x30200310): id = 127
[W : PPU[1] Thread (CPUThread)[0x0154f058]]: sys_lwmutex warning: *** lwmutex created [s_media] (attribute=0x12): sq_id = 128
[W : PPU[1] Thread (CPUThread)[0x0154f058]]: sys_lwmutex warning: *** lwmutex created [media.m] (attribute=0x12): sq_id = 129
[W : PPU[1] Thread (CPUThread)[0x0154f058]]: sys_lwmutex warning: *** lwmutex created [ps3medi] (attribute=0x12): sq_id = 130
[W : PPU[1] Thread (CPUThread)[0x0154f058]]: sys_lwmutex warning: *** lwmutex created [ps3medi] (attribute=0x12): sq_id = 131
[W : PPU[1] Thread (CPUThread)[0x0154f130]]: sys_lwcond warning: Recursive lwmutex(sq=131)
[W : PPU[1] Thread (CPUThread)[0x0154f130]]: sys_lwcond warning: *** lwcond created [ps3medi] (lwmutex_addr=0x302007f0): id = 132
[W : PPU[1] Thread (CPUThread)[0x0154f130]]: sys_lwcond warning: Recursive lwmutex(sq=131)
[W : PPU[1] Thread (CPUThread)[0x0154f130]]: sys_lwcond warning: *** lwcond created [ps3medi] (lwmutex_addr=0x302007f0): id = 133
[W : PPU[1] Thread (CPUThread)[0x0154f058]]: sys_lwmutex warning: *** lwmutex created [ps3medi] (attribute=0x12): sq_id = 134
[W : PPU[1] Thread (CPUThread)[0x0154f130]]: sys_lwcond warning: Recursive lwmutex(sq=134)
[W : PPU[1] Thread (CPUThread)[0x0154f130]]: sys_lwcond warning: *** lwcond created [ps3medi] (lwmutex_addr=0x30200c20): id = 135
[W : PPU[1] Thread (CPUThread)[0x0154f130]]: sys_lwcond warning: Recursive lwmutex(sq=134)
[W : PPU[1] Thread (CPUThread)[0x0154f130]]: sys_lwcond warning: *** lwcond created [ps3medi] (lwmutex_addr=0x30200c20): id = 136
[W : PPU[1] Thread (CPUThread)[0x0154f058]]: sys_lwmutex warning: *** lwmutex created [schedul] (attribute=0x12): sq_id = 137
[W : PPU[1] Thread (CPUThread)[0x0154f058]]: sys_lwmutex warning: *** lwmutex created [schedul] (attribute=0x12): sq_id = 138
[W : PPU[1] Thread (CPUThread)[0x0154f058]]: sys_lwmutex warning: *** lwmutex created [schedul] (attribute=0x12): sq_id = 139
[W : PPU[1] Thread (CPUThread)[0x0154f130]]: sys_lwcond warning: Recursive lwmutex(sq=139)
[W : PPU[1] Thread (CPUThread)[0x0154f130]]: sys_lwcond warning: *** lwcond created [schedul] (lwmutex_addr=0x30200e80): id = 140
[W : PPU[1] Thread (CPUThread)[0x0154f130]]: sys_lwcond warning: Recursive lwmutex(sq=139)
[W : PPU[1] Thread (CPUThread)[0x0154f130]]: sys_lwcond warning: *** lwcond created [schedul] (lwmutex_addr=0x30200e80): id = 141
[W : PPU[1] Thread (CPUThread)[0x0154f058]]: sys_lwmutex warning: *** lwmutex created [schedul] (attribute=0x12): sq_id = 142
[W : PPU[1] Thread (CPUThread)[0x0154f058]]: sys_lwmutex warning: *** lwmutex created [schedul] (attribute=0x12): sq_id = 143
[W : PPU[1] Thread (CPUThread)[0x0154f130]]: sys_lwcond warning: Recursive lwmutex(sq=143)
[W : PPU[1] Thread (CPUThread)[0x0154f130]]: sys_lwcond warning: *** lwcond created [schedul] (lwmutex_addr=0x30200f38): id = 144
[W : PPU[1] Thread (CPUThread)[0x0154f130]]: sys_lwcond warning: Recursive lwmutex(sq=143)
[W : PPU[1] Thread (CPUThread)[0x0154f130]]: sys_lwcond warning: *** lwcond created [schedul] (lwmutex_addr=0x30200f38): id = 145
[W : PPU[1] Thread (CPUThread)[0x0154f058]]: sys_lwmutex warning: *** lwmutex created [schedul] (attribute=0x12): sq_id = 146
[W : PPU[1] Thread (CPUThread)[0x0154f058]]: sys_lwmutex warning: *** lwmutex created [schedul] (attribute=0x12): sq_id = 147
[W : PPU[1] Thread (CPUThread)[0x0154f130]]: sys_lwcond warning: Recursive lwmutex(sq=147)
[W : PPU[1] Thread (CPUThread)[0x0154f130]]: sys_lwcond warning: *** lwcond created [schedul] (lwmutex_addr=0x30200fe0): id = 148
[! : PPU[1] Thread (CPUThread)[0x0154f028]]: *** New PPU Thread [fios mediathread] (): id = 149
[! : PPU[1] Thread (CPUThread)[0x0154f028]]: *** New PPU Thread [fios mediathread] (): id = 150
[! : PPU[1] Thread (CPUThread)[0x0154f028]]: *** New PPU Thread [fios scheduler] (): id = 151
[W : PPU[1] Thread (CPUThread)[0x0154f058]]: sys_lwmutex warning: *** lwmutex created [media.m] (attribute=0x12): sq_id = 152
[W : PPU[1] Thread (CPUThread)[0x0154f058]]: sys_lwmutex warning: *** lwmutex created [ps3medi] (attribute=0x12): sq_id = 153
[W : PPU[1] Thread (CPUThread)[0x0154f058]]: sys_lwmutex warning: *** lwmutex created [ps3medi] (attribute=0x12): sq_id = 154
[W : PPU[1] Thread (CPUThread)[0x0154f130]]: sys_lwcond warning: Recursive lwmutex(sq=154)
[W : PPU[1] Thread (CPUThread)[0x0154f130]]: sys_lwcond warning: *** lwcond created [ps3medi] (lwmutex_addr=0x302164f0): id = 155
[W : PPU[1] Thread (CPUThread)[0x0154f130]]: sys_lwcond warning: Recursive lwmutex(sq=154)
[W : PPU[1] Thread (CPUThread)[0x0154f130]]: sys_lwcond warning: *** lwcond created [ps3medi] (lwmutex_addr=0x302164f0): id = 156
[W : PPU[1] Thread (CPUThread)[0x0154f058]]: sys_lwmutex warning: *** lwmutex created [schedul] (attribute=0x12): sq_id = 157
[W : PPU[1] Thread (CPUThread)[0x0154f058]]: sys_lwmutex warning: *** lwmutex created [schedul] (attribute=0x12): sq_id = 158
[W : PPU[1] Thread (CPUThread)[0x0154f058]]: sys_lwmutex warning: *** lwmutex created [schedul] (attribute=0x12): sq_id = 159
[W : PPU[1] Thread (CPUThread)[0x0154f130]]: sys_lwcond warning: Recursive lwmutex(sq=159)
[W : PPU[1] Thread (CPUThread)[0x0154f130]]: sys_lwcond warning: *** lwcond created [schedul] (lwmutex_addr=0x30216a80): id = 160
[W : PPU[1] Thread (CPUThread)[0x0154f130]]: sys_lwcond warning: Recursive lwmutex(sq=159)
[W : PPU[1] Thread (CPUThread)[0x0154f130]]: sys_lwcond warning: *** lwcond created [schedul] (lwmutex_addr=0x30216a80): id = 161
[W : PPU[1] Thread (CPUThread)[0x0154f058]]: sys_lwmutex warning: *** lwmutex created [schedul] (attribute=0x12): sq_id = 162
[W : PPU[1] Thread (CPUThread)[0x0154f058]]: sys_lwmutex warning: *** lwmutex created [schedul] (attribute=0x12): sq_id = 163
[W : PPU[1] Thread (CPUThread)[0x0154f130]]: sys_lwcond warning: Recursive lwmutex(sq=163)
[W : PPU[1] Thread (CPUThread)[0x0154f130]]: sys_lwcond warning: *** lwcond created [schedul] (lwmutex_addr=0x30216b38): id = 164
[W : PPU[1] Thread (CPUThread)[0x0154f130]]: sys_lwcond warning: Recursive lwmutex(sq=163)
[W : PPU[1] Thread (CPUThread)[0x0154f130]]: sys_lwcond warning: *** lwcond created [schedul] (lwmutex_addr=0x30216b38): id = 165
[W : PPU[1] Thread (CPUThread)[0x0154f058]]: sys_lwmutex warning: *** lwmutex created [schedul] (attribute=0x12): sq_id = 166
[W : PPU[1] Thread (CPUThread)[0x0154f058]]: sys_lwmutex warning: *** lwmutex created [schedul] (attribute=0x12): sq_id = 167
[W : PPU[1] Thread (CPUThread)[0x0154f130]]: sys_lwcond warning: Recursive lwmutex(sq=167)
[W : PPU[1] Thread (CPUThread)[0x0154f130]]: sys_lwcond warning: *** lwcond created [schedul] (lwmutex_addr=0x30216be0): id = 168
[! : PPU[1] Thread (CPUThread)[0x0154f028]]: *** New PPU Thread [fios mediathread] (): id = 169
[! : PPU[1] Thread (CPUThread)[0x0154f028]]: *** New PPU Thread [fios mediathread] (): id = 170
[! : PPU[1] Thread (CPUThread)[0x0154f028]]: *** New PPU Thread [fios scheduler] (): id = 171
[E : PPU[125] Thread (328a0710)[0x0077c624]]: Read32 from null block: [00000028]
[W : PPU[109] Thread (328a0640)[0x0030a8f8]]: sys_event_queue_receive(equeue=103) aborted
[W : PPU[169] Thread (fios mediathread)[0x0154f040]]: sys_lwcond_wait(id=168) aborted
[W : PPU[171] Thread (fios scheduler)[0x0154f040]]: sys_lwcond_wait(id=164) aborted
[W : PPU[170] Thread (fios mediathread)[0x0154f040]]: sys_lwcond_wait(id=168) aborted
[W : PPU[149] Thread (fios mediathread)[0x0154f040]]: sys_lwcond_wait(id=148) aborted
[W : PPU[150] Thread (fios mediathread)[0x0154f040]]: sys_lwcond_wait(id=148) aborted
[W : PPU[106] Thread (328a05a0)[0x0030a8f8]]: sys_event_queue_receive(equeue=103) aborted
[W : PPU[151] Thread (fios scheduler)[0x0154f040]]: sys_lwcond_wait(id=144) aborted
[W : PPU[102] Thread (328a0500)[0x0030d70c]]: sys_event_queue_receive(equeue=98) aborted
[!]: Mutex(100) was owned by thread 102 (recursive=1)
[!]: Mutex(104) was owned by thread 106 (recursive=1)
[!]: Mutex(107) was owned by thread 109 (recursive=1)
[!]: Closing memory...
