[!]: path: /dev_hdd0/game/
[W]: SELF: No NPDRM control info found!
[!]: Loading 'F:\Ps3 game\dev_hdd0\game\BCES01141 - [Ratchet & Clank All 4 One]\USRDIR/BOOT.BIN'...
[!]: Mount info:
[!]: /dev_hdd0/ -> F:\Ps3 game\dev_hdd0
[!]: /dev_hdd1/ -> E:\PS3EMU\Rpcs3-x6414/dev_hdd1/
[!]: /dev_flash/ -> E:\PS3EMU\Rpcs3-x6414/dev_flash/
[!]: /dev_usb000/ -> E:\PS3EMU\Rpcs3-x6414/dev_usb000/
[!]: /dev_usb/ -> E:\PS3EMU\Rpcs3-x6414/dev_usb000/
[!]: /app_home/ -> F:\Ps3 game\dev_hdd0\game\BCES01141 - [Ratchet & Clank All 4 One]\
[!]: /dev_bdvd/ -> F:\Ps3 game\dev_hdd0\game\BCES01141 - [Ratchet & Clank All 4 One]\/../
[!]: /host_root/ -> 
[!]: / -> F:\Ps3 game\dev_hdd0\game\BCES01141 - [Ratchet & Clank All 4 One]\
[!]: Initing memory...
[!]: Memory initialized.
[W]: Unknown module 'cellHttp'
[W]: Unknown function 0x32faaf58 in 'cellHttpUtil' module
[E]: TODO: cellHttpUtilParseUri
[W]: Unknown function 0x9003b1f2 in 'cellHttpUtil' module
[E]: TODO: cellHttpUtilEscapeUri
[W]: Unknown function 0x006c4900 in 'cellSsl' module
[E]: TODO: cellSslCertGetNameEntryInfo
[W]: Unknown function 0x033c4905 in 'cellSsl' module
[E]: TODO: cellSslCertGetRsaPublicKeyExponent
[W]: Unknown function 0x1650aea4 in 'cellSsl' module
[E]: TODO: cellSslEnd
[W]: Unknown function 0x32c61bdf in 'cellSsl' module
[E]: TODO: cellSslCertGetSubjectName
[W]: Unknown function 0x571afaca in 'cellSsl' module
[E]: TODO: cellSslCertificateLoader
[W]: Unknown function 0x766d3ca1 in 'cellSsl' module
[E]: TODO: cellSslCertGetNameEntryCount
[W]: Unknown function 0x7b689ebc in 'cellSsl' module
[E]: TODO: cellSslCertGetSerialNumber
[W]: Unknown function 0x8e505175 in 'cellSsl' module
[E]: TODO: cellSslCertGetRsaPublicKeyModulus
[W]: Unknown function 0xae6eb491 in 'cellSsl' module
[E]: TODO: cellSslCertGetIssuerName
[W]: Unknown function 0xf8206492 in 'cellSsl' module
[E]: TODO: cellSslCertGetPublicKey
[W]: Unknown function 0xfb02c9d2 in 'cellSsl' module
[E]: TODO: cellSslInit
[W]: Unknown function 0x28e208bb in 'sys_net' module
[E]: TODO: listen
[W]: Unknown function 0x3f09e20a in 'sys_net' module
[E]: TODO: socketselect
[W]: Unknown function 0x71f4c717 in 'sys_net' module
[E]: TODO: gethostbyname
[W]: Unknown function 0xc98a3146 in 'sys_net' module
[E]: TODO: inet_ntop
[W]: Unknown function 0xdabbc2c0 in 'sys_net' module
[E]: TODO: inet_addr
[W]: Unknown function 0x967a162b in 'sys_fs' module
[E]: TODO: cellFsFsync
[W]: Unknown function 0xbd6d60d9 in 'cellGcmSys' module
[E]: TODO: cellGcmSetInvalidateTile
[W]: Unknown function 0x16394a4e in 'cellSpurs' module
[E]: TODO: _cellSpursTasksetAttributeInitialize
[W]: Unknown function 0x4a5eab63 in 'cellSpurs' module
[E]: TODO: cellSpursWorkloadAttributeSetName
[W]: Unknown function 0x4ac7bae4 in 'cellSpurs' module
[E]: TODO: cellSpursEventFlagClear
[W]: Unknown function 0x5ef96465 in 'cellSpurs' module
[E]: TODO: _cellSpursEventFlagInitialize
[W]: Unknown function 0x652b70e2 in 'cellSpurs' module
[E]: TODO: cellSpursTasksetAttributeSetName
[W]: Unknown function 0x7e4ea023 in 'cellSpurs' module
[E]: TODO: cellSpursWakeUp
[W]: Unknown function 0xc0158d8b in 'cellSpurs' module
[E]: TODO: cellSpursAddWorkloadWithAttribute
[W]: Unknown function 0xc10931cb in 'cellSpurs' module
[E]: TODO: cellSpursCreateTasksetWithAttribute
[W]: Unknown function 0xefeb2679 in 'cellSpurs' module
[E]: TODO: _cellSpursWorkloadAttributeInitialize
[W]: Unknown function 0xf843818d in 'cellSpurs' module
[E]: TODO: cellSpursReadyCountStore
[W]: Unknown function 0x011ee38b in 'cellSpurs' module
[E]: TODO: _cellSpursLFQueueInitialize
[W]: Unknown function 0x1656d49f in 'cellSpurs' module
[E]: TODO: cellSpursLFQueueAttachLv2EventQueue
[W]: Unknown function 0x182d9890 in 'cellSpurs' module
[E]: TODO: cellSpursRequestIdleSpu
[W]: Unknown function 0x4e153e3e in 'cellSpurs' module
[E]: TODO: cellSpursGetWorkloadInfo
[W]: Unknown function 0x57e4dec3 in 'cellSpurs' module
[E]: TODO: cellSpursRemoveWorkload
[W]: Unknown function 0x5fd43fe4 in 'cellSpurs' module
[E]: TODO: cellSpursWaitForWorkloadShutdown
[W]: Unknown function 0x73e06f91 in 'cellSpurs' module
[E]: TODO: cellSpursLFQueueDetachLv2EventQueue
[W]: Unknown function 0x8a85674d in 'cellSpurs' module
[E]: TODO: _cellSpursLFQueuePushBody
[W]: Unknown function 0x98d5b343 in 'cellSpurs' module
[E]: TODO: cellSpursShutdownWorkload
[W]: Unknown function 0xd2e23fa9 in 'cellSpurs' module
[E]: TODO: cellSpursSetExceptionEventHandler
[W]: Unknown function 0x1a267f98 in 'cellSysmodule' module
[E]: Unknown func id: 0x1a267f98
[W]: Unknown function 0xfd0e1cac in 'cellSysmodule' module
[E]: Unknown func id: 0xfd0e1cac
[W]: Unknown function 0x10dae56d in 'cellNetCtl' module
[E]: TODO: cellGameUpdateTerm
[W]: Unknown function 0x99ab1a26 in 'cellNetCtl' module
[E]: TODO: cellGameUpdateInit
[W]: Unknown function 0xa5e1fa60 in 'cellNetCtl' module
[E]: TODO: cellGameUpdateCheckStartWithoutDialogAsync
[W]: Unknown function 0xd0a5d727 in 'cellNetCtl' module
[E]: TODO: cellGameUpdateCheckStartAsync
[W]: Unknown function 0xffa3d791 in 'cellNetCtl' module
[E]: TODO: cellGameUpdateCheckFinishAsync
[W]: Unknown function 0x000e53cc in 'sceNp' module
[E]: TODO: sceNpManagerSubSignout
[W]: Unknown function 0x01fbbc9b in 'sceNp' module
[E]: TODO: sceNpBasicSendMessageGui
[W]: Unknown function 0x0968aa36 in 'sceNp' module
[E]: TODO: sceNpManagerGetTicket
[W]: Unknown function 0x155de760 in 'sceNp' module
[E]: TODO: sceNpSignalingGetConnectionInfo
[W]: Unknown function 0x168a3117 in 'sceNp' module
[E]: TODO: sceNpBasicAddPlayersHistory
[W]: Unknown function 0x1ae8a549 in 'sceNp' module
[E]: TODO: sceNpBasicAddBlockListEntry
[W]: Unknown function 0x27c69eba in 'sceNp' module
[E]: TODO: sceNpBasicAddFriend
[W]: Unknown function 0x32c78a6a in 'sceNp' module
[E]: TODO: sceNpBasicGetFriendPresenceByIndex
[W]: Unknown function 0x3f0808aa in 'sceNp' module
[E]: TODO: sceNpBasicSetPresence
[W]: Unknown function 0x4026eac5 in 'sceNp' module
[E]: TODO: sceNpBasicRegisterContextSensitiveHandler
[W]: Unknown function 0x442381f7 in 'sceNp' module
[E]: TODO: sceNpManagerSubSignin
[W]: Unknown function 0x52a6b523 in 'sceNp' module
[E]: TODO: sceNpManagerUnregisterCallback
[W]: Unknown function 0x58fa4fcd in 'sceNp' module
[E]: TODO: sceNpManagerGetTicketParam
[W]: Unknown function 0x60897c38 in 'sceNp' module
[E]: TODO: sceNpSignalingActivateConnection
[W]: Unknown function 0x6356082e in 'sceNp' module
[E]: TODO: sceNpSignalingCreateCtx
[W]: Unknown function 0x64a704cc in 'sceNp' module
[E]: TODO: sceNpBasicRecvMessageAttachmentLoad
[W]: Unknown function 0x6ee62ed2 in 'sceNp' module
[E]: TODO: sceNpManagerGetContentRatingFlag
[W]: Unknown function 0x73931bd0 in 'sceNp' module
[E]: TODO: sceNpBasicGetBlockListEntryCount
[W]: Unknown function 0x806960ab in 'sceNp' module
[E]: TODO: sceNpBasicRecvMessageCustom
[W]: Unknown function 0x8297f1ec in 'sceNp' module
[E]: TODO: sceNpManagerRequestTicket2
[W]: Unknown function 0x95c7bba3 in 'sceNp' module
[E]: TODO: sceNpSignalingTerminateConnection
[W]: Unknown function 0xa8cf8451 in 'sceNp' module
[E]: TODO: sceNpSignalingDestroyCtx
[W]: Unknown function 0xacb9ee8e in 'sceNp' module
[E]: TODO: sceNpBasicUnregisterHandler
[W]: Unknown function 0xafef640d in 'sceNp' module
[E]: TODO: sceNpBasicGetFriendListEntryCount
[W]: Unknown function 0xca0a2d04 in 'sceNp' module
[E]: TODO: sceNpSignalingGetConnectionStatus
[W]: Unknown function 0xd208f91d in 'sceNp' module
[E]: TODO: sceNpUtilCmpNpId
[W]: Unknown function 0xe035f7d6 in 'sceNp' module
[E]: TODO: sceNpBasicGetEvent
[W]: Unknown function 0xe7dcd3b4 in 'sceNp' module
[E]: TODO: sceNpManagerRegisterCallback
[W]: Unknown function 0xeb7a3d84 in 'sceNp' module
[E]: TODO: sceNpManagerGetChatRestrictionFlag
[W]: Unknown function 0xec0a1fbf in 'sceNp' module
[E]: TODO: sceNpBasicSendMessage
[W]: Unknown function 0xf042b14f in 'sceNp' module
[E]: TODO: sceNpDrmIsAvailable2
[W]: Unknown function 0xf2b3338a in 'sceNp' module
[E]: TODO: sceNpBasicGetBlockListEntry
[W]: Unknown function 0xfd0eb5ae in 'sceNp' module
[E]: TODO: sceNpSignalingDeactivateConnection
[W]: Unknown function 0xfe37a7f4 in 'sceNp' module
[E]: TODO: sceNpManagerGetNpId
[W]: Unknown function 0x0e091c36 in 'cellSysutil' module
[E]: TODO: cellSaveDataUserListAutoSave
[W]: Unknown function 0x0f03cfb0 in 'cellSysutil' module
[E]: TODO: cellSaveDataUserListSave
[W]: Unknown function 0x20543730 in 'cellSysutil' module
[E]: TODO: cellMsgDialogClose
[W]: Unknown function 0x21425307 in 'cellSysutil' module
[E]: TODO: cellSaveDataListAutoLoad
[W]: Unknown function 0x248bd1d8 in 'cellSysutil' module
[E]: TODO: cellSaveDataUserListAutoLoad
[W]: Unknown function 0x39dd8425 in 'cellSysutil' module
[E]: TODO: cellSaveDataUserListLoad
[W]: Unknown function 0x3d1e1931 in 'cellSysutil' module
[E]: TODO: cellOskDialogUnloadAsync
[W]: Unknown function 0x4dd03a4e in 'cellSysutil' module
[E]: TODO: cellSaveDataListAutoSave
[W]: Unknown function 0x7fcfc915 in 'cellSysutil' module
[E]: TODO: cellOskDialogLoadAsync
[W]: Unknown function 0x94862702 in 'cellSysutil' module
[E]: TODO: cellMsgDialogProgressBarInc
[W]: Unknown function 0x9d6af72a in 'cellSysutil' module
[E]: TODO: cellMsgDialogProgressBarSetMsg
[W]: Unknown function 0xb53c54fa in 'cellSysutil' module
[E]: TODO: cellOskDialogSetKeyLayoutOption
[W]: Unknown function 0xb6d84526 in 'cellSysutil' module
[E]: TODO: cellOskDialogAbort
[W]: Unknown function 0xedadd797 in 'cellSysutil' module
[E]: TODO: cellSaveDataDelete2
[W]: Unknown module 'cellSysutilAvconfExt'
[W]: Unknown function 0x01379fd7 in 'sceNp2' module
[E]: TODO: sceNpMatching2DestroyContext
[W]: Unknown function 0x05bf2fbd in 'sceNp2' module
[E]: TODO: sceNpMatching2GetWorldInfoList
[W]: Unknown function 0x0d22867f in 'sceNp2' module
[E]: TODO: sceNpMatching2SearchRoom
[W]: Unknown function 0x1f372697 in 'sceNp2' module
[E]: TODO: sceNpMatching2LeaveRoom
[W]: Unknown function 0x215b0d75 in 'sceNp2' module
[E]: TODO: sceNpMatching2SetRoomDataExternal
[W]: Unknown function 0x23009d07 in 'sceNp2' module
[E]: TODO: sceNpMatching2Term2
[W]: Unknown function 0x3457c0db in 'sceNp2' module
[E]: TODO: sceNpMatching2GetServerInfo
[W]: Unknown function 0x3c00c9d4 in 'sceNp2' module
[E]: TODO: sceNpMatching2GetEventData
[W]: Unknown function 0x41251f74 in 'sceNp2' module
[E]: TODO: sceNp2Init
[W]: Unknown function 0x5721e711 in 'sceNp2' module
[E]: TODO: sceNpMatching2JoinRoom
[W]: Unknown function 0x66f19527 in 'sceNp2' module
[E]: TODO: sceNpMatching2KickoutRoomMember
[W]: Unknown function 0x6ba4c668 in 'sceNp2' module
[E]: TODO: sceNpMatching2ContextStartAsync
[W]: Unknown function 0x748029a2 in 'sceNp2' module
[E]: TODO: sceNpMatching2RegisterContextCallback
[W]: Unknown function 0x817d1090 in 'sceNp2' module
[E]: TODO: sceNpMatching2SetRoomDataInternal
[W]: Unknown function 0x8e5cfe9f in 'sceNp2' module
[E]: TODO: sceNpMatching2GetServerIdListLocal
[W]: Unknown function 0x9cbce3f2 in 'sceNp2' module
[E]: TODO: sceNpMatching2CreateContext
[W]: Unknown function 0xaa6c2c43 in 'sceNp2' module
[E]: TODO: sceNpMatching2ClearEventData
[W]: Unknown function 0xaadb7c12 in 'sceNp2' module
[E]: TODO: sceNp2Term
[W]: Unknown function 0xac98b03a in 'sceNp2' module
[E]: TODO: sceNpMatching2GetUserInfoList
[W]: Unknown function 0xdb87b088 in 'sceNp2' module
[E]: TODO: sceNpMatching2SetDefaultRequestOptParam
[W]: Unknown function 0xdcb6b27d in 'sceNp2' module
[E]: TODO: sceNpMatching2RegisterRoomEventCallback
[W]: Unknown function 0xe4ac32ca in 'sceNp2' module
[E]: TODO: sceNpMatching2GetRoomDataExternalList
[W]: Unknown function 0xe7a3bc7a in 'sceNp2' module
[E]: TODO: sceNpMatching2CreateJoinRoom
[W]: Unknown function 0xf43c647a in 'sceNp2' module
[E]: TODO: sceNpMatching2ContextStop
[W]: Unknown function 0xf4babd3f in 'sceNp2' module
[E]: TODO: sceNpMatching2Init2
[W]: Unknown function 0xfee11e72 in 'sceNp2' module
[E]: TODO: sceNpMatching2RegisterRoomMessageCallback
[W]: Unknown function 0x2cde989f in 'cellRudp' module
[E]: TODO: cellRudpGetSizeReadable
[W]: Unknown function 0x384ba777 in 'cellRudp' module
[E]: TODO: cellRudpSetOption
[W]: Unknown function 0x48c001b0 in 'cellRudp' module
[E]: TODO: cellRudpWrite
[W]: Unknown function 0x48d3eeac in 'cellRudp' module
[E]: TODO: cellRudpTerminate
[W]: Unknown function 0x576831ae in 'cellRudp' module
[E]: TODO: cellRudpGetRemoteInfo
[W]: Unknown function 0x63f63545 in 'cellRudp' module
[E]: TODO: cellRudpInit
[W]: Unknown function 0x6c0cff03 in 'cellRudp' module
[E]: TODO: cellRudpEnableInternalIOThread
[W]: Unknown function 0x74bfad12 in 'cellRudp' module
[E]: TODO: cellRudpGetContextStatus
[W]: Unknown function 0x7dadc739 in 'cellRudp' module
[E]: TODO: cellRudpCreateContext
[W]: Unknown function 0x7ed95e60 in 'cellRudp' module
[E]: TODO: cellRudpSetEventHandler
[W]: Unknown function 0x92e4d899 in 'cellRudp' module
[E]: TODO: cellRudpRead
[W]: Unknown function 0xa86b28e3 in 'cellRudp' module
[E]: TODO: cellRudpGetSizeWritable
[W]: Unknown function 0xb6bcb4a1 in 'cellRudp' module
[E]: TODO: cellRudpEnd
[W]: Unknown function 0xc407844f in 'cellRudp' module
[E]: TODO: cellRudpInitiate
[W]: Unknown function 0xee41e16a in 'cellRudp' module
[E]: TODO: cellRudpBind
[W]: Unknown module 'cellSysutilAvc2'
[W]: Unknown module 'cellSysutilNpEula'
[W]: Unknown function 0x26090058 in 'sysPrxForUser' module
[E]: TODO: sys_prx_load_module
[W]: Unknown function 0xaa6d9bff in 'sysPrxForUser' module
[E]: TODO: sys_prx_load_module_on_memcontainer
[W : PPU[1] Thread (CPUThread)[0x011af058]]: sys_lwmutex warning: *** lwmutex created [_lc_mtx] (attribute=0x12): sq_id = 3
[W : PPU[1] Thread (CPUThread)[0x00a50200]]: memory warning: sys_memory_get_user_memory_size(mem_info_addr=0xd0010c04)
[W : PPU[1] Thread (CPUThread)[0x011af058]]: sys_lwmutex warning: *** lwmutex created [_lc_mtx] (attribute=0x12): sq_id = 4
[W : PPU[1] Thread (CPUThread)[0x011af058]]: sys_lwmutex warning: *** lwmutex created [_lc_mtx] (attribute=0x12): sq_id = 5
[W : PPU[1] Thread (CPUThread)[0x011af058]]: sys_lwmutex warning: *** lwmutex created [_lc_mtx] (attribute=0x12): sq_id = 6
[W : PPU[1] Thread (CPUThread)[0x011af058]]: sys_lwmutex warning: *** lwmutex created [_lc_mtx] (attribute=0x12): sq_id = 7
[W : PPU[1] Thread (CPUThread)[0x011af058]]: sys_lwmutex warning: *** lwmutex created [_lc_mtx] (attribute=0x12): sq_id = 8
[W : PPU[1] Thread (CPUThread)[0x011af058]]: sys_lwmutex warning: *** lwmutex created [_lc_mtx] (attribute=0x12): sq_id = 9
[W : PPU[1] Thread (CPUThread)[0x011af058]]: sys_lwmutex warning: *** lwmutex created [_lc_mtx] (attribute=0x12): sq_id = 10
[W : PPU[1] Thread (CPUThread)[0x011af058]]: sys_lwmutex warning: *** lwmutex created [_lc_mtx] (attribute=0x12): sq_id = 11
[W : PPU[1] Thread (CPUThread)[0x011af058]]: sys_lwmutex warning: *** lwmutex created [_lc_mtx] (attribute=0x12): sq_id = 12
[W : PPU[1] Thread (CPUThread)[0x0070d334]]: memory warning: sys_memory_get_user_memory_size(mem_info_addr=0xd0010bc0)
[W : PPU[1] Thread (CPUThread)[0x0070d3a4]]: memory warning: sys_mmapper_allocate_address(size=0x10000000, flags=0xf, alignment=0x10000000, alloc_addr=0xe978f4)
[W : PPU[1] Thread (CPUThread)[0x011af0f4]]: memory warning: sys_mmapper_allocate_memory(size=0x100000, flags=0x400, mem_id_addr=0xe970f4)
[W : PPU[1] Thread (CPUThread)[0x011af118]]: memory warning: sys_mmapper_map_memory(start_addr=0x0, mem_id=0xd, flags=0x40000)
[W : PPU[1] Thread (CPUThread)[0x011af118]]: memory mapped 0x30100000 to 0x0 size=0x100000
[W : PPU[1] Thread (CPUThread)[0x011af058]]: sys_lwmutex warning: *** lwmutex created [_lgcmtx] (attribute=0x12): sq_id = 14
[W : PPU[1] Thread (CPUThread)[0x011af058]]: sys_lwmutex warning: *** lwmutex created [_lgcmtx] (attribute=0x22): sq_id = 15
[W : PPU[1] Thread (CPUThread)[0x00a4236c]]: cellSysutil warning: cellSysutilGetSystemParamInt: CELL_SYSUTIL_SYSTEMPARAM_ID_TIMEZONE
[W : PPU[1] Thread (CPUThread)[0x00a4236c]]: cellSysutil warning: cellSysutilGetSystemParamInt: CELL_SYSUTIL_SYSTEMPARAM_ID_SUMMERTIME
[W : PPU[1] Thread (CPUThread)[0x00a490f4]]: cellSysutil warning: cellSysutilGetSystemParamInt: CELL_SYSUTIL_SYSTEMPARAM_ID_TIMEZONE
[W : PPU[1] Thread (CPUThread)[0x00a490f4]]: cellSysutil warning: cellSysutilGetSystemParamInt: CELL_SYSUTIL_SYSTEMPARAM_ID_SUMMERTIME
[W : PPU[1] Thread (CPUThread)[0x00a43ddc]]: cellSysutil warning: cellSysutilGetSystemParamInt: CELL_SYSUTIL_SYSTEMPARAM_ID_TIMEZONE
[W : PPU[1] Thread (CPUThread)[0x00a43ddc]]: cellSysutil warning: cellSysutilGetSystemParamInt: CELL_SYSUTIL_SYSTEMPARAM_ID_SUMMERTIME
[W : PPU[1] Thread (CPUThread)[0x00a490f4]]: cellSysutil warning: cellSysutilGetSystemParamInt: CELL_SYSUTIL_SYSTEMPARAM_ID_TIMEZONE
[W : PPU[1] Thread (CPUThread)[0x00a490f4]]: cellSysutil warning: cellSysutilGetSystemParamInt: CELL_SYSUTIL_SYSTEMPARAM_ID_SUMMERTIME
[W : PPU[1] Thread (CPUThread)[0x00a42310]]: cellSysutil warning: cellSysutilGetSystemParamInt: CELL_SYSUTIL_SYSTEMPARAM_ID_TIMEZONE
[W : PPU[1] Thread (CPUThread)[0x00a42310]]: cellSysutil warning: cellSysutilGetSystemParamInt: CELL_SYSUTIL_SYSTEMPARAM_ID_SUMMERTIME
[W : PPU[1] Thread (CPUThread)[0x00a43ddc]]: cellSysutil warning: cellSysutilGetSystemParamInt: CELL_SYSUTIL_SYSTEMPARAM_ID_TIMEZONE
[W : PPU[1] Thread (CPUThread)[0x00a43ddc]]: cellSysutil warning: cellSysutilGetSystemParamInt: CELL_SYSUTIL_SYSTEMPARAM_ID_SUMMERTIME
[W : PPU[1] Thread (CPUThread)[0x011af058]]: sys_lwmutex warning: *** lwmutex created [ps3HDDL] (attribute=0x12): sq_id = 16
[W : PPU[1] Thread (CPUThread)[0x011af058]]: sys_lwmutex warning: *** lwmutex created [] (attribute=0x22): sq_id = 17
[W : PPU[1] Thread (CPUThread)[0x011af058]]: sys_lwmutex warning: *** lwmutex created [] (attribute=0x22): sq_id = 18
[W : PPU[1] Thread (CPUThread)[0x011af058]]: sys_lwmutex warning: *** lwmutex created [] (attribute=0x22): sq_id = 19
[W : PPU[1] Thread (CPUThread)[0x007f0b2c]]: sys_mutex warning: *** mutex created [] (protocol=0x1, recursive=false): id = 20
[E : PPU[1] Thread (CPUThread)[0x000b05e4]]: fnmadd. #pc: 0xb05e4
[! : PPU[1] Thread (CPUThread)[0x000b05e4]]: r0 = 0xb05e4
[! : PPU[1] Thread (CPUThread)[0x000b05e4]]: r1 = 0xd0010c00
[! : PPU[1] Thread (CPUThread)[0x000b05e4]]: r2 = 0xddd658
[! : PPU[1] Thread (CPUThread)[0x000b05e4]]: r3 = 0xf05b50
[! : PPU[1] Thread (CPUThread)[0x000b05e4]]: r4 = 0xa1fe8
[! : PPU[1] Thread (CPUThread)[0x000b05e4]]: r5 = 0xf00000
[! : PPU[1] Thread (CPUThread)[0x000b05e4]]: r6 = 0x3
[! : PPU[1] Thread (CPUThread)[0x000b05e4]]: r7 = 0x44
[! : PPU[1] Thread (CPUThread)[0x000b05e4]]: r8 = 0x3
[! : PPU[1] Thread (CPUThread)[0x000b05e4]]: r9 = 0xdb4348
[! : PPU[1] Thread (CPUThread)[0x000b05e4]]: r10 = 0x0
[! : PPU[1] Thread (CPUThread)[0x000b05e4]]: r11 = 0xdb4348
[! : PPU[1] Thread (CPUThread)[0x000b05e4]]: r12 = 0xee641c
[! : PPU[1] Thread (CPUThread)[0x000b05e4]]: r13 = 0x30007060
[! : PPU[1] Thread (CPUThread)[0x000b05e4]]: r14 = 0x0
[! : PPU[1] Thread (CPUThread)[0x000b05e4]]: r15 = 0x0
[! : PPU[1] Thread (CPUThread)[0x000b05e4]]: r16 = 0x0
[! : PPU[1] Thread (CPUThread)[0x000b05e4]]: r17 = 0x0
[! : PPU[1] Thread (CPUThread)[0x000b05e4]]: r18 = 0x0
[! : PPU[1] Thread (CPUThread)[0x000b05e4]]: r19 = 0x0
[! : PPU[1] Thread (CPUThread)[0x000b05e4]]: r20 = 0x0
[! : PPU[1] Thread (CPUThread)[0x000b05e4]]: r21 = 0x0
[! : PPU[1] Thread (CPUThread)[0x000b05e4]]: r22 = 0x0
[! : PPU[1] Thread (CPUThread)[0x000b05e4]]: r23 = 0x0
[! : PPU[1] Thread (CPUThread)[0x000b05e4]]: r24 = 0x0
[! : PPU[1] Thread (CPUThread)[0x000b05e4]]: r25 = 0x0
[! : PPU[1] Thread (CPUThread)[0x000b05e4]]: r26 = 0xd0010e00
[! : PPU[1] Thread (CPUThread)[0x000b05e4]]: r27 = 0xd0010df0
[! : PPU[1] Thread (CPUThread)[0x000b05e4]]: r28 = 0x1
[! : PPU[1] Thread (CPUThread)[0x000b05e4]]: r29 = 0xd0010e00
[! : PPU[1] Thread (CPUThread)[0x000b05e4]]: r30 = 0x0
[! : PPU[1] Thread (CPUThread)[0x000b05e4]]: r31 = 0xda0060
[! : PPU[1] Thread (CPUThread)[0x000b05e4]]: f0 = 0.000000
[! : PPU[1] Thread (CPUThread)[0x000b05e4]]: f1 = 0.000000
[! : PPU[1] Thread (CPUThread)[0x000b05e4]]: f2 = 0.000000
[! : PPU[1] Thread (CPUThread)[0x000b05e4]]: f3 = 0.000000
[! : PPU[1] Thread (CPUThread)[0x000b05e4]]: f4 = 0.000000
[! : PPU[1] Thread (CPUThread)[0x000b05e4]]: f5 = 0.000000
[! : PPU[1] Thread (CPUThread)[0x000b05e4]]: f6 = 0.000000
[! : PPU[1] Thread (CPUThread)[0x000b05e4]]: f7 = 0.000000
[! : PPU[1] Thread (CPUThread)[0x000b05e4]]: f8 = 0.000000
[! : PPU[1] Thread (CPUThread)[0x000b05e4]]: f9 = 0.000000
[! : PPU[1] Thread (CPUThread)[0x000b05e4]]: f10 = 0.000000
[! : PPU[1] Thread (CPUThread)[0x000b05e4]]: f11 = 0.000000
[! : PPU[1] Thread (CPUThread)[0x000b05e4]]: f12 = 0.000000
[! : PPU[1] Thread (CPUThread)[0x000b05e4]]: f13 = 0.000000
[! : PPU[1] Thread (CPUThread)[0x000b05e4]]: f14 = 0.000000
[! : PPU[1] Thread (CPUThread)[0x000b05e4]]: f15 = 0.000000
[! : PPU[1] Thread (CPUThread)[0x000b05e4]]: f16 = 0.000000
[! : PPU[1] Thread (CPUThread)[0x000b05e4]]: f17 = 0.000000
[! : PPU[1] Thread (CPUThread)[0x000b05e4]]: f18 = 0.000000
[! : PPU[1] Thread (CPUThread)[0x000b05e4]]: f19 = 0.000000
[! : PPU[1] Thread (CPUThread)[0x000b05e4]]: f20 = 0.000000
[! : PPU[1] Thread (CPUThread)[0x000b05e4]]: f21 = 0.000000
[! : PPU[1] Thread (CPUThread)[0x000b05e4]]: f22 = 0.000000
[! : PPU[1] Thread (CPUThread)[0x000b05e4]]: f23 = 0.000000
[! : PPU[1] Thread (CPUThread)[0x000b05e4]]: f24 = 0.000000
[! : PPU[1] Thread (CPUThread)[0x000b05e4]]: f25 = 0.000000
[! : PPU[1] Thread (CPUThread)[0x000b05e4]]: f26 = 0.000000
[! : PPU[1] Thread (CPUThread)[0x000b05e4]]: f27 = 0.000000
[! : PPU[1] Thread (CPUThread)[0x000b05e4]]: f28 = 0.000000
[! : PPU[1] Thread (CPUThread)[0x000b05e4]]: f29 = 0.000000
[! : PPU[1] Thread (CPUThread)[0x000b05e4]]: f30 = 0.000000
[! : PPU[1] Thread (CPUThread)[0x000b05e4]]: f31 = 0.000000
[! : PPU[1] Thread (CPUThread)[0x000b05e4]]: v0 = 0x00000000000000000000000000000000 [x: 0 y: 0 z: 0 w: 0]
[! : PPU[1] Thread (CPUThread)[0x000b05e4]]: v1 = 0x00000000000000000000000000000000 [x: 0 y: 0 z: 0 w: 0]
[! : PPU[1] Thread (CPUThread)[0x000b05e4]]: v2 = 0x00000000000000000000000000000000 [x: 0 y: 0 z: 0 w: 0]
[! : PPU[1] Thread (CPUThread)[0x000b05e4]]: v3 = 0x00000000000000000000000000000000 [x: 0 y: 0 z: 0 w: 0]
[! : PPU[1] Thread (CPUThread)[0x000b05e4]]: v4 = 0x00000000000000000000000000000000 [x: 0 y: 0 z: 0 w: 0]
[! : PPU[1] Thread (CPUThread)[0x000b05e4]]: v5 = 0x00000000000000000000000000000000 [x: 0 y: 0 z: 0 w: 0]
[! : PPU[1] Thread (CPUThread)[0x000b05e4]]: v6 = 0x00000000000000000000000000000000 [x: 0 y: 0 z: 0 w: 0]
[! : PPU[1] Thread (CPUThread)[0x000b05e4]]: v7 = 0x00000000000000000000000000000000 [x: 0 y: 0 z: 0 w: 0]
[! : PPU[1] Thread (CPUThread)[0x000b05e4]]: v8 = 0x00000000000000000000000000000000 [x: 0 y: 0 z: 0 w: 0]
[! : PPU[1] Thread (CPUThread)[0x000b05e4]]: v9 = 0x00000000000000000000000000000000 [x: 0 y: 0 z: 0 w: 0]
[! : PPU[1] Thread (CPUThread)[0x000b05e4]]: v10 = 0x00000000000000000000000000000000 [x: 0 y: 0 z: 0 w: 0]
[! : PPU[1] Thread (CPUThread)[0x000b05e4]]: v11 = 0x00000000000000000000000000000000 [x: 0 y: 0 z: 0 w: 0]
[! : PPU[1] Thread (CPUThread)[0x000b05e4]]: v12 = 0x00000000000000000000000000000000 [x: 0 y: 0 z: 0 w: 0]
[! : PPU[1] Thread (CPUThread)[0x000b05e4]]: v13 = 0x00000000000000000000000000000000 [x: 0 y: 0 z: 0 w: 0]
[! : PPU[1] Thread (CPUThread)[0x000b05e4]]: v14 = 0x00000000000000000000000000000000 [x: 0 y: 0 z: 0 w: 0]
[! : PPU[1] Thread (CPUThread)[0x000b05e4]]: v15 = 0x00000000000000000000000000000000 [x: 0 y: 0 z: 0 w: 0]
[! : PPU[1] Thread (CPUThread)[0x000b05e4]]: v16 = 0x00000000000000000000000000000000 [x: 0 y: 0 z: 0 w: 0]
[! : PPU[1] Thread (CPUThread)[0x000b05e4]]: v17 = 0x00000000000000000000000000000000 [x: 0 y: 0 z: 0 w: 0]
[! : PPU[1] Thread (CPUThread)[0x000b05e4]]: v18 = 0x00000000000000000000000000000000 [x: 0 y: 0 z: 0 w: 0]
[! : PPU[1] Thread (CPUThread)[0x000b05e4]]: v19 = 0x00000000000000000000000000000000 [x: 0 y: 0 z: 0 w: 0]
[! : PPU[1] Thread (CPUThread)[0x000b05e4]]: v20 = 0x00000000000000000000000000000000 [x: 0 y: 0 z: 0 w: 0]
[! : PPU[1] Thread (CPUThread)[0x000b05e4]]: v21 = 0x00000000000000000000000000000000 [x: 0 y: 0 z: 0 w: 0]
[! : PPU[1] Thread (CPUThread)[0x000b05e4]]: v22 = 0x00000000000000000000000000000000 [x: 0 y: 0 z: 0 w: 0]
[! : PPU[1] Thread (CPUThread)[0x000b05e4]]: v23 = 0x00000000000000000000000000000000 [x: 0 y: 0 z: 0 w: 0]
[! : PPU[1] Thread (CPUThread)[0x000b05e4]]: v24 = 0x00000000000000000000000000000000 [x: 0 y: 0 z: 0 w: 0]
[! : PPU[1] Thread (CPUThread)[0x000b05e4]]: v25 = 0x00000000000000000000000000000000 [x: 0 y: 0 z: 0 w: 0]
[! : PPU[1] Thread (CPUThread)[0x000b05e4]]: v26 = 0x00000000000000000000000000000000 [x: 0 y: 0 z: 0 w: 0]
[! : PPU[1] Thread (CPUThread)[0x000b05e4]]: v27 = 0x00000000000000000000000000000000 [x: 0 y: 0 z: 0 w: 0]
[! : PPU[1] Thread (CPUThread)[0x000b05e4]]: v28 = 0x00000000000000000000000000000000 [x: 0 y: 0 z: 0 w: 0]
[! : PPU[1] Thread (CPUThread)[0x000b05e4]]: v29 = 0x00000000000000000000000000000000 [x: 0 y: 0 z: 0 w: 0]
[! : PPU[1] Thread (CPUThread)[0x000b05e4]]: v30 = 0x00000000000000000000000000000000 [x: 0 y: 0 z: 0 w: 0]
[! : PPU[1] Thread (CPUThread)[0x000b05e4]]: v31 = 0x00000000000000000000000000000000 [x: 0 y: 0 z: 0 w: 0]
[! : PPU[1] Thread (CPUThread)[0x000b05e4]]: CR = 0x22000084
[! : PPU[1] Thread (CPUThread)[0x000b05e4]]: LR = 0x5b335c
[! : PPU[1] Thread (CPUThread)[0x000b05e4]]: CTR = 0xb05e4
[! : PPU[1] Thread (CPUThread)[0x000b05e4]]: XER = 0x0 [CA=0 | OV=0 | SO=0]
[! : PPU[1] Thread (CPUThread)[0x000b05e4]]: FPSCR = 0x82011000 [RN=0 | NI=0 | XE=0 | ZE=0 | UE=0 | OE=0 | VE=0 | VXCVI=0 | VXSQRT=0 | VXSOFT=0 | FPRF=17 | FI=0 | FR=0 | VXVC=0 | VXIMZ=0 | VXZDZ=0 | VXIDI=0 | VXISI=0 | VXSNAN=0 | XX=1 | ZX=0 | UX=0 | OX=0 | VX=0 | FEX=0 | FX=1]
[E : PPU[1] Thread (CPUThread)[0x000b05fc]]: Read32 from null block: [ffffffffffffab6b]
[E : PPU[1] Thread (CPUThread)[0x000b05fc]]: Read32 from null block: [ffffffffffffab6f]
[E : PPU[1] Thread (CPUThread)[0x000b05fc]]: Read32 from null block: [ffffffffffffab73]
[E : PPU[1] Thread (CPUThread)[0x000b05fc]]: Read32 from null block: [ffffffffffffab77]
[E : PPU[1] Thread (CPUThread)[0x000b05fc]]: Read32 from null block: [ffffffffffffab7b]
[E : PPU[1] Thread (CPUThread)[0x000b05fc]]: Read32 from null block: [ffffffffffffab7f]
[E : PPU[1] Thread (CPUThread)[0x000b05fc]]: Read32 from null block: [ffffffffffffab83]
[E : PPU[1] Thread (CPUThread)[0x000b05fc]]: Read32 from null block: [ffffffffffffab87]
[E : PPU[1] Thread (CPUThread)[0x000b05fc]]: Read32 from null block: [ffffffffffffab8b]
[E : PPU[1] Thread (CPUThread)[0x000b05fc]]: Read32 from null block: [ffffffffffffab8f]
[E : PPU[1] Thread (CPUThread)[0x000b05fc]]: Read32 from null block: [ffffffffffffab93]
[E : PPU[1] Thread (CPUThread)[0x000b05fc]]: Read32 from null block: [ffffffffffffab97]
[E : PPU[1] Thread (CPUThread)[0x000b05fc]]: Read32 from null block: [ffffffffffffab9b]
[E : PPU[1] Thread (CPUThread)[0x000b05fc]]: Read32 from null block: [ffffffffffffab9f]
[E : PPU[1] Thread (CPUThread)[0x000b05fc]]: Read32 from null block: [ffffffffffffaba3]
[E : PPU[1] Thread (CPUThread)[0x000b05fc]]: Read32 from null block: [ffffffffffffaba7]
[E : PPU[1] Thread (CPUThread)[0x000b05fc]]: Read32 from null block: [ffffffffffffabab]
[E : PPU[1] Thread (CPUThread)[0x000b05fc]]: Read32 from null block: [ffffffffffffabaf]
[E : PPU[1] Thread (CPUThread)[0x000b05fc]]: Read32 from null block: [ffffffffffffabb3]
[E : PPU[1] Thread (CPUThread)[0x000b05fc]]: Read32 from null block: [ffffffffffffabb7]
[E : PPU[1] Thread (CPUThread)[0x000b05fc]]: Read32 from null block: [ffffffffffffabbb]
[E : PPU[1] Thread (CPUThread)[0x000b05fc]]: Read32 from null block: [ffffffffffffabbf]
[E : PPU[1] Thread (CPUThread)[0x000b05fc]]: Read32 from null block: [ffffffffffffabc3]
[E : PPU[1] Thread (CPUThread)[0x000b05fc]]: Read32 from null block: [ffffffffffffabc7]
[E : PPU[1] Thread (CPUThread)[0x000b05fc]]: Read32 from null block: [ffffffffffffabcb]
[E : PPU[1] Thread (CPUThread)[0x000b05fc]]: Read32 from null block: [ffffffffffffabcf]
[E : PPU[1] Thread (CPUThread)[0x000b05fc]]: Read32 from null block: [ffffffffffffabd3]
[E : PPU[1] Thread (CPUThread)[0x000b0604]]: PPU[1] Thread (CPUThread) branch error: bad address 0xfffffffffe305a84 #pc: 0xb0604
[E : PPU[1] Thread (CPUThread)[0xfffffffffe305a84]]: Read32 from null block: [fffffffffe305a84]
[E : PPU[1] Thread (CPUThread)[0xfffffffffe305a88]]: Read32 from null block: [fffffffffe305a88]
[E : PPU[1] Thread (CPUThread)[0xfffffffffe305a8c]]: Read32 from null block: [fffffffffe305a8c]
[E : PPU[1] Thread (CPUThread)[0xfffffffffe305a90]]: Read32 from null block: [fffffffffe305a90]
[E : PPU[1] Thread (CPUThread)[0xfffffffffe305a94]]: Read32 from null block: [fffffffffe305a94]
[E : PPU[1] Thread (CPUThread)[0xfffffffffe305a98]]: Read32 from null block: [fffffffffe305a98]
[E : PPU[1] Thread (CPUThread)[0xfffffffffe305a9c]]: Read32 from null block: [fffffffffe305a9c]
[E : PPU[1] Thread (CPUThread)[0xfffffffffe305aa0]]: Read32 from null block: [fffffffffe305aa0]
[E : PPU[1] Thread (CPUThread)[0xfffffffffe305aa4]]: Read32 from null block: [fffffffffe305aa4]
[E : PPU[1] Thread (CPUThread)[0xfffffffffe305aa8]]: Read32 from null block: [fffffffffe305aa8]
[E : PPU[1] Thread (CPUThread)[0xfffffffffe305aac]]: Read32 from null block: [fffffffffe305aac]
[E : PPU[1] Thread (CPUThread)[0xfffffffffe305ab0]]: Read32 from null block: [fffffffffe305ab0]
[E : PPU[1] Thread (CPUThread)[0xfffffffffe305ab4]]: Read32 from null block: [fffffffffe305ab4]
[E : PPU[1] Thread (CPUThread)[0xfffffffffe305ab8]]: Read32 from null block: [fffffffffe305ab8]
[E : PPU[1] Thread (CPUThread)[0xfffffffffe305abc]]: Read32 from null block: [fffffffffe305abc]
[E : PPU[1] Thread (CPUThread)[0xfffffffffe305ac0]]: Read32 from null block: [fffffffffe305ac0]
[E : PPU[1] Thread (CPUThread)[0xfffffffffe305ac4]]: Read32 from null block: [fffffffffe305ac4]
[E : PPU[1] Thread (CPUThread)[0xfffffffffe305ac8]]: Read32 from null block: [fffffffffe305ac8]
[E : PPU[1] Thread (CPUThread)[0xfffffffffe305acc]]: Read32 from null block: [fffffffffe305acc]
[E : PPU[1] Thread (CPUThread)[0xfffffffffe305ad0]]: Read32 from null block: [fffffffffe305ad0]
[E : PPU[1] Thread (CPUThread)[0xfffffffffe305ad4]]: Read32 from null block: [fffffffffe305ad4]
[E : PPU[1] Thread (CPUThread)[0xfffffffffe305ad8]]: Read32 from null block: [fffffffffe305ad8]
[E : PPU[1] Thread (CPUThread)[0xfffffffffe305adc]]: Read32 from null block: [fffffffffe305adc]
[E : PPU[1] Thread (CPUThread)[0xfffffffffe305ae0]]: Read32 from null block: [fffffffffe305ae0]
[E : PPU[1] Thread (CPUThread)[0xfffffffffe305ae4]]: Read32 from null block: [fffffffffe305ae4]
[E : PPU[1] Thread (CPUThread)[0xfffffffffe305ae8]]: Read32 from null block: [fffffffffe305ae8]
[E : PPU[1] Thread (CPUThread)[0xfffffffffe305aec]]: Read32 from null block: [fffffffffe305aec]
[E : PPU[1] Thread (CPUThread)[0xfffffffffe305af0]]: Read32 from null block: [fffffffffe305af0]
[E : PPU[1] Thread (CPUThread)[0xfffffffffe305af4]]: Read32 from null block: [fffffffffe305af4]
[E : PPU[1] Thread (CPUThread)[0xfffffffffe305af8]]: Read32 from null block: [fffffffffe305af8]
[E : PPU[1] Thread (CPUThread)[0xfffffffffe305afc]]: Read32 from null block: [fffffffffe305afc]
[E : PPU[1] Thread (CPUThread)[0xfffffffffe305b00]]: Read32 from null block: [fffffffffe305b00]
[E : PPU[1] Thread (CPUThread)[0xfffffffffe305b04]]: Read32 from null block: [fffffffffe305b04]
[E : PPU[1] Thread (CPUThread)[0xfffffffffe305b08]]: Read32 from null block: [fffffffffe305b08]
[E : PPU[1] Thread (CPUThread)[0xfffffffffe305b0c]]: Read32 from null block: [fffffffffe305b0c]
[E : PPU[1] Thread (CPUThread)[0xfffffffffe305b10]]: Read32 from null block: [fffffffffe305b10]
[E : PPU[1] Thread (CPUThread)[0xfffffffffe305b14]]: Read32 from null block: [fffffffffe305b14]
[E : PPU[1] Thread (CPUThread)[0xfffffffffe305b18]]: Read32 from null block: [fffffffffe305b18]
[E : PPU[1] Thread (CPUThread)[0xfffffffffe305b1c]]: Read32 from null block: [fffffffffe305b1c]
[E : PPU[1] Thread (CPUThread)[0xfffffffffe305b20]]: Read32 from null block: [fffffffffe305b20]
[E : PPU[1] Thread (CPUThread)[0xfffffffffe305b24]]: Read32 from null block: [fffffffffe305b24]
[E : PPU[1] Thread (CPUThread)[0xfffffffffe305b28]]: Read32 from null block: [fffffffffe305b28]
[E : PPU[1] Thread (CPUThread)[0xfffffffffe305b2c]]: Read32 from null block: [fffffffffe305b2c]
[E : PPU[1] Thread (CPUThread)[0xfffffffffe305b30]]: Read32 from null block: [fffffffffe305b30]
[E : PPU[1] Thread (CPUThread)[0xfffffffffe305b34]]: Read32 from null block: [fffffffffe305b34]
[E : PPU[1] Thread (CPUThread)[0xfffffffffe305b38]]: Read32 from null block: [fffffffffe305b38]
[E : PPU[1] Thread (CPUThread)[0xfffffffffe305b3c]]: Read32 from null block: [fffffffffe305b3c]
[E : PPU[1] Thread (CPUThread)[0xfffffffffe305b40]]: Read32 from null block: [fffffffffe305b40]
[E : PPU[1] Thread (CPUThread)[0xfffffffffe305b44]]: Read32 from null block: [fffffffffe305b44]
[E : PPU[1] Thread (CPUThread)[0xfffffffffe305b48]]: Read32 from null block: [fffffffffe305b48]
[E : PPU[1] Thread (CPUThread)[0xfffffffffe305b4c]]: Read32 from null block: [fffffffffe305b4c]
[E : PPU[1] Thread (CPUThread)[0xfffffffffe305b50]]: Read32 from null block: [fffffffffe305b50]
[E : PPU[1] Thread (CPUThread)[0xfffffffffe305b54]]: Read32 from null block: [fffffffffe305b54]
[E : PPU[1] Thread (CPUThread)[0xfffffffffe305b58]]: Read32 from null block: [fffffffffe305b58]
[E : PPU[1] Thread (CPUThread)[0xfffffffffe305b5c]]: Read32 from null block: [fffffffffe305b5c]
[E : PPU[1] Thread (CPUThread)[0xfffffffffe305b60]]: Read32 from null block: [fffffffffe305b60]
[E : PPU[1] Thread (CPUThread)[0xfffffffffe305b64]]: Read32 from null block: [fffffffffe305b64]
[E : PPU[1] Thread (CPUThread)[0xfffffffffe305b68]]: Read32 from null block: [fffffffffe305b68]
[E : PPU[1] Thread (CPUThread)[0xfffffffffe305b6c]]: Read32 from null block: [fffffffffe305b6c]
[E : PPU[1] Thread (CPUThread)[0xfffffffffe305b70]]: Read32 from null block: [fffffffffe305b70]
[E : PPU[1] Thread (CPUThread)[0xfffffffffe305b74]]: Read32 from null block: [fffffffffe305b74]
[E : PPU[1] Thread (CPUThread)[0xfffffffffe305b78]]: Read32 from null block: [fffffffffe305b78]
[E : PPU[1] Thread (CPUThread)[0xfffffffffe305b7c]]: Read32 from null block: [fffffffffe305b7c]
[E : PPU[1] Thread (CPUThread)[0xfffffffffe305b80]]: Read32 from null block: [fffffffffe305b80]
[E : PPU[1] Thread (CPUThread)[0xfffffffffe305b84]]: Read32 from null block: [fffffffffe305b84]
[E : PPU[1] Thread (CPUThread)[0xfffffffffe305b88]]: Read32 from null block: [fffffffffe305b88]
[E : PPU[1] Thread (CPUThread)[0xfffffffffe305b8c]]: Read32 from null block: [fffffffffe305b8c]
[E : PPU[1] Thread (CPUThread)[0xfffffffffe305b90]]: Read32 from null block: [fffffffffe305b90]
[E : PPU[1] Thread (CPUThread)[0xfffffffffe305b94]]: Read32 from null block: [fffffffffe305b94]
[E : PPU[1] Thread (CPUThread)[0xfffffffffe305b98]]: Read32 from null block: [fffffffffe305b98]
[E : PPU[1] Thread (CPUThread)[0xfffffffffe305b9c]]: Read32 from null block: [fffffffffe305b9c]
[E : PPU[1] Thread (CPUThread)[0xfffffffffe305ba0]]: Read32 from null block: [fffffffffe305ba0]
[E : PPU[1] Thread (CPUThread)[0xfffffffffe305ba4]]: Read32 from null block: [fffffffffe305ba4]
[E : PPU[1] Thread (CPUThread)[0xfffffffffe305ba8]]: Read32 from null block: [fffffffffe305ba8]
[E : PPU[1] Thread (CPUThread)[0xfffffffffe305bac]]: Read32 from null block: [fffffffffe305bac]
[E : PPU[1] Thread (CPUThread)[0xfffffffffe305bb0]]: Read32 from null block: [fffffffffe305bb0]
[E : PPU[1] Thread (CPUThread)[0xfffffffffe305bb4]]: Read32 from null block: [fffffffffe305bb4]
[E : PPU[1] Thread (CPUThread)[0xfffffffffe305bb8]]: Read32 from null block: [fffffffffe305bb8]
[E : PPU[1] Thread (CPUThread)[0xfffffffffe305bbc]]: Read32 from null block: [fffffffffe305bbc]
[E : PPU[1] Thread (CPUThread)[0xfffffffffe305bc0]]: Read32 from null block: [fffffffffe305bc0]
[E : PPU[1] Thread (CPUThread)[0xfffffffffe305bc4]]: Read32 from null block: [fffffffffe305bc4]
[E : PPU[1] Thread (CPUThread)[0xfffffffffe305bc8]]: Read32 from null block: [fffffffffe305bc8]
[E : PPU[1] Thread (CPUThread)[0xfffffffffe305bcc]]: Read32 from null block: [fffffffffe305bcc]
[E : PPU[1] Thread (CPUThread)[0xfffffffffe305bd0]]: Read32 from null block: [fffffffffe305bd0]
[E : PPU[1] Thread (CPUThread)[0xfffffffffe305bd4]]: Read32 from null block: [fffffffffe305bd4]
[E : PPU[1] Thread (CPUThread)[0xfffffffffe305bd8]]: Read32 from null block: [fffffffffe305bd8]
[E : PPU[1] Thread (CPUThread)[0xfffffffffe305bdc]]: Read32 from null block: [fffffffffe305bdc]
[E : PPU[1] Thread (CPUThread)[0xfffffffffe305be0]]: Read32 from null block: [fffffffffe305be0]
[E : PPU[1] Thread (CPUThread)[0xfffffffffe305be4]]: Read32 from null block: [fffffffffe305be4]
[E : PPU[1] Thread (CPUThread)[0xfffffffffe305be8]]: Read32 from null block: [fffffffffe305be8]
[E : PPU[1] Thread (CPUThread)[0xfffffffffe305bec]]: Read32 from null block: [fffffffffe305bec]
[E : PPU[1] Thread (CPUThread)[0xfffffffffe305bf0]]: Read32 from null block: [fffffffffe305bf0]
[E : PPU[1] Thread (CPUThread)[0xfffffffffe305bf4]]: Read32 from null block: [fffffffffe305bf4]
[E : PPU[1] Thread (CPUThread)[0xfffffffffe305bf8]]: Read32 from null block: [fffffffffe305bf8]
[E : PPU[1] Thread (CPUThread)[0xfffffffffe305bfc]]: Read32 from null block: [fffffffffe305bfc]
[E : PPU[1] Thread (CPUThread)[0xfffffffffe305c00]]: Read32 from null block: [fffffffffe305c00]
[E : PPU[1] Thread (CPUThread)[0xfffffffffe305c04]]: Read32 from null block: [fffffffffe305c04]
[E : PPU[1] Thread (CPUThread)[0xfffffffffe305c08]]: Read32 from null block: [fffffffffe305c08]
[E : PPU[1] Thread (CPUThread)[0xfffffffffe305c0c]]: Read32 from null block: [fffffffffe305c0c]
[E : PPU[1] Thread (CPUThread)[0xfffffffffe305c10]]: Read32 from null block: [fffffffffe305c10]
[E : PPU[1] Thread (CPUThread)[0xfffffffffe305c14]]: Read32 from null block: [fffffffffe305c14]
[E : PPU[1] Thread (CPUThread)[0xfffffffffe305c18]]: Read32 from null block: [fffffffffe305c18]
[E : PPU[1] Thread (CPUThread)[0xfffffffffe305c1c]]: Read32 from null block: [fffffffffe305c1c]
[E : PPU[1] Thread (CPUThread)[0xfffffffffe305c20]]: Read32 from null block: [fffffffffe305c20]
[E : PPU[1] Thread (CPUThread)[0xfffffffffe305c24]]: Read32 from null block: [fffffffffe305c24]
[E : PPU[1] Thread (CPUThread)[0xfffffffffe305c28]]: Read32 from null block: [fffffffffe305c28]
[E : PPU[1] Thread (CPUThread)[0xfffffffffe305c2c]]: Read32 from null block: [fffffffffe305c2c]
[E : PPU[1] Thread (CPUThread)[0xfffffffffe305c30]]: Read32 from null block: [fffffffffe305c30]
[E : PPU[1] Thread (CPUThread)[0xfffffffffe305c34]]: Read32 from null block: [fffffffffe305c34]
[E : PPU[1] Thread (CPUThread)[0xfffffffffe305c38]]: Read32 from null block: [fffffffffe305c38]
[E : PPU[1] Thread (CPUThread)[0xfffffffffe305c3c]]: Read32 from null block: [fffffffffe305c3c]
[E : PPU[1] Thread (CPUThread)[0xfffffffffe305c40]]: Read32 from null block: [fffffffffe305c40]
[E : PPU[1] Thread (CPUThread)[0xfffffffffe305c44]]: Read32 from null block: [fffffffffe305c44]
[E : PPU[1] Thread (CPUThread)[0xfffffffffe305c48]]: Read32 from null block: [fffffffffe305c48]
[E : PPU[1] Thread (CPUThread)[0xfffffffffe305c4c]]: Read32 from null block: [fffffffffe305c4c]
[E : PPU[1] Thread (CPUThread)[0xfffffffffe305c50]]: Read32 from null block: [fffffffffe305c50]
[E : PPU[1] Thread (CPUThread)[0xfffffffffe305c54]]: Read32 from null block: [fffffffffe305c54]
[E : PPU[1] Thread (CPUThread)[0xfffffffffe305c58]]: Read32 from null block: [fffffffffe305c58]
[E : PPU[1] Thread (CPUThread)[0xfffffffffe305c5c]]: Read32 from null block: [fffffffffe305c5c]
[E : PPU[1] Thread (CPUThread)[0xfffffffffe305c60]]: Read32 from null block: [fffffffffe305c60]
[E : PPU[1] Thread (CPUThread)[0xfffffffffe305c64]]: Read32 from null block: [fffffffffe305c64]
[E : PPU[1] Thread (CPUThread)[0xfffffffffe305c68]]: Read32 from null block: [fffffffffe305c68]
[E : PPU[1] Thread (CPUThread)[0xfffffffffe305c6c]]: Read32 from null block: [fffffffffe305c6c]
[E : PPU[1] Thread (CPUThread)[0xfffffffffe305c70]]: Read32 from null block: [fffffffffe305c70]
[E : PPU[1] Thread (CPUThread)[0xfffffffffe305c74]]: Read32 from null block: [fffffffffe305c74]
[E : PPU[1] Thread (CPUThread)[0xfffffffffe305c78]]: Read32 from null block: [fffffffffe305c78]
[E : PPU[1] Thread (CPUThread)[0xfffffffffe305c7c]]: Read32 from null block: [fffffffffe305c7c]
[E : PPU[1] Thread (CPUThread)[0xfffffffffe305c80]]: Read32 from null block: [fffffffffe305c80]
[E : PPU[1] Thread (CPUThread)[0xfffffffffe305c84]]: Read32 from null block: [fffffffffe305c84]
[E : PPU[1] Thread (CPUThread)[0xfffffffffe305c88]]: Read32 from null block: [fffffffffe305c88]
[E : PPU[1] Thread (CPUThread)[0xfffffffffe305c8c]]: Read32 from null block: [fffffffffe305c8c]
[E : PPU[1] Thread (CPUThread)[0xfffffffffe305c90]]: Read32 from null block: [fffffffffe305c90]
[E : PPU[1] Thread (CPUThread)[0xfffffffffe305c94]]: Read32 from null block: [fffffffffe305c94]
[E : PPU[1] Thread (CPUThread)[0xfffffffffe305c98]]: Read32 from null block: [fffffffffe305c98]
[E : PPU[1] Thread (CPUThread)[0xfffffffffe305c9c]]: Read32 from null block: [fffffffffe305c9c]
[E : PPU[1] Thread (CPUThread)[0xfffffffffe305ca0]]: Read32 from null block: [fffffffffe305ca0]
[E : PPU[1] Thread (CPUThread)[0xfffffffffe305ca4]]: Read32 from null block: [fffffffffe305ca4]
[E : PPU[1] Thread (CPUThread)[0xfffffffffe305ca8]]: Read32 from null block: [fffffffffe305ca8]
[E : PPU[1] Thread (CPUThread)[0xfffffffffe305cac]]: Read32 from null block: [fffffffffe305cac]
[E : PPU[1] Thread (CPUThread)[0xfffffffffe305cb0]]: Read32 from null block: [fffffffffe305cb0]
[E : PPU[1] Thread (CPUThread)[0xfffffffffe305cb4]]: Read32 from null block: [fffffffffe305cb4]
[E : PPU[1] Thread (CPUThread)[0xfffffffffe305cb8]]: Read32 from null block: [fffffffffe305cb8]
[E : PPU[1] Thread (CPUThread)[0xfffffffffe305cbc]]: Read32 from null block: [fffffffffe305cbc]
[E : PPU[1] Thread (CPUThread)[0xfffffffffe305cc0]]: Read32 from null block: [fffffffffe305cc0]
[E : PPU[1] Thread (CPUThread)[0xfffffffffe305cc4]]: Read32 from null block: [fffffffffe305cc4]
[E : PPU[1] Thread (CPUThread)[0xfffffffffe305cc8]]: Read32 from null block: [fffffffffe305cc8]
[E : PPU[1] Thread (CPUThread)[0xfffffffffe305ccc]]: Read32 from null block: [fffffffffe305ccc]
[E : PPU[1] Thread (CPUThread)[0xfffffffffe305cd0]]: Read32 from null block: [fffffffffe305cd0]
[E : PPU[1] Thread (CPUThread)[0xfffffffffe305cd4]]: Read32 from null block: [fffffffffe305cd4]
[E : PPU[1] Thread (CPUThread)[0xfffffffffe305cd8]]: Read32 from null block: [fffffffffe305cd8]
[E : PPU[1] Thread (CPUThread)[0xfffffffffe305cdc]]: Read32 from null block: [fffffffffe305cdc]
[E : PPU[1] Thread (CPUThread)[0xfffffffffe305ce0]]: Read32 from null block: [fffffffffe305ce0]
[E : PPU[1] Thread (CPUThread)[0xfffffffffe305ce4]]: Read32 from null block: [fffffffffe305ce4]
[E : PPU[1] Thread (CPUThread)[0xfffffffffe305ce8]]: Read32 from null block: [fffffffffe305ce8]
[E : PPU[1] Thread (CPUThread)[0xfffffffffe305cec]]: Read32 from null block: [fffffffffe305cec]
[E : PPU[1] Thread (CPUThread)[0xfffffffffe305cf0]]: Read32 from null block: [fffffffffe305cf0]
[E : PPU[1] Thread (CPUThread)[0xfffffffffe305cf4]]: Read32 from null block: [fffffffffe305cf4]
[E : PPU[1] Thread (CPUThread)[0xfffffffffe305cf8]]: Read32 from null block: [fffffffffe305cf8]
[E : PPU[1] Thread (CPUThread)[0xfffffffffe305cfc]]: Read32 from null block: [fffffffffe305cfc]
[E : PPU[1] Thread (CPUThread)[0xfffffffffe305d00]]: Read32 from null block: [fffffffffe305d00]
[E : PPU[1] Thread (CPUThread)[0xfffffffffe305d04]]: Read32 from null block: [fffffffffe305d04]
[E : PPU[1] Thread (CPUThread)[0xfffffffffe305d08]]: Read32 from null block: [fffffffffe305d08]
[E : PPU[1] Thread (CPUThread)[0xfffffffffe305d0c]]: Read32 from null block: [fffffffffe305d0c]
[E : PPU[1] Thread (CPUThread)[0xfffffffffe305d10]]: Read32 from null block: [fffffffffe305d10]
[E : PPU[1] Thread (CPUThread)[0xfffffffffe305d14]]: Read32 from null block: [fffffffffe305d14]
[E : PPU[1] Thread (CPUThread)[0xfffffffffe305d18]]: Read32 from null block: [fffffffffe305d18]
[E : PPU[1] Thread (CPUThread)[0xfffffffffe305d1c]]: Read32 from null block: [fffffffffe305d1c]
[E : PPU[1] Thread (CPUThread)[0xfffffffffe305d20]]: Read32 from null block: [fffffffffe305d20]
[E : PPU[1] Thread (CPUThread)[0xfffffffffe305d24]]: Read32 from null block: [fffffffffe305d24]
[E : PPU[1] Thread (CPUThread)[0xfffffffffe305d28]]: Read32 from null block: [fffffffffe305d28]
[E : PPU[1] Thread (CPUThread)[0xfffffffffe305d2c]]: Read32 from null block: [fffffffffe305d2c]
[E : PPU[1] Thread (CPUThread)[0xfffffffffe305d30]]: Read32 from null block: [fffffffffe305d30]
[E : PPU[1] Thread (CPUThread)[0xfffffffffe305d34]]: Read32 from null block: [fffffffffe305d34]
[E : PPU[1] Thread (CPUThread)[0xfffffffffe305d38]]: Read32 from null block: [fffffffffe305d38]
[E : PPU[1] Thread (CPUThread)[0xfffffffffe305d3c]]: Read32 from null block: [fffffffffe305d3c]
[E : PPU[1] Thread (CPUThread)[0xfffffffffe305d40]]: Read32 from null block: [fffffffffe305d40]
[E : PPU[1] Thread (CPUThread)[0xfffffffffe305d44]]: Read32 from null block: [fffffffffe305d44]
[E : PPU[1] Thread (CPUThread)[0xfffffffffe305d48]]: Read32 from null block: [fffffffffe305d48]
[E : PPU[1] Thread (CPUThread)[0xfffffffffe305d4c]]: Read32 from null block: [fffffffffe305d4c]
[E : PPU[1] Thread (CPUThread)[0xfffffffffe305d50]]: Read32 from null block: [fffffffffe305d50]
[E : PPU[1] Thread (CPUThread)[0xfffffffffe305d54]]: Read32 from null block: [fffffffffe305d54]
[E : PPU[1] Thread (CPUThread)[0xfffffffffe305d58]]: Read32 from null block: [fffffffffe305d58]
[E : PPU[1] Thread (CPUThread)[0xfffffffffe305d5c]]: Read32 from null block: [fffffffffe305d5c]
[E : PPU[1] Thread (CPUThread)[0xfffffffffe305d60]]: Read32 from null block: [fffffffffe305d60]
[E : PPU[1] Thread (CPUThread)[0xfffffffffe305d64]]: Read32 from null block: [fffffffffe305d64]
[E : PPU[1] Thread (CPUThread)[0xfffffffffe305d68]]: Read32 from null block: [fffffffffe305d68]
[E : PPU[1] Thread (CPUThread)[0xfffffffffe305d6c]]: Read32 from null block: [fffffffffe305d6c]
[E : PPU[1] Thread (CPUThread)[0xfffffffffe305d70]]: Read32 from null block: [fffffffffe305d70]
[E : PPU[1] Thread (CPUThread)[0xfffffffffe305d74]]: Read32 from null block: [fffffffffe305d74]
[E : PPU[1] Thread (CPUThread)[0xfffffffffe305d78]]: Read32 from null block: [fffffffffe305d78]
[E : PPU[1] Thread (CPUThread)[0xfffffffffe305d7c]]: Read32 from null block: [fffffffffe305d7c]
[E : PPU[1] Thread (CPUThread)[0xfffffffffe305d80]]: Read32 from null block: [fffffffffe305d80]
[E : PPU[1] Thread (CPUThread)[0xfffffffffe305d84]]: Read32 from null block: [fffffffffe305d84]
[E : PPU[1] Thread (CPUThread)[0xfffffffffe305d88]]: Read32 from null block: [fffffffffe305d88]
[E : PPU[1] Thread (CPUThread)[0xfffffffffe305d8c]]: Read32 from null block: [fffffffffe305d8c]
[E : PPU[1] Thread (CPUThread)[0xfffffffffe305d90]]: Read32 from null block: [fffffffffe305d90]
[E : PPU[1] Thread (CPUThread)[0xfffffffffe305d94]]: Read32 from null block: [fffffffffe305d94]
[E : PPU[1] Thread (CPUThread)[0xfffffffffe305d98]]: Read32 from null block: [fffffffffe305d98]
[E : PPU[1] Thread (CPUThread)[0xfffffffffe305d9c]]: Read32 from null block: [fffffffffe305d9c]
[E : PPU[1] Thread (CPUThread)[0xfffffffffe305da0]]: Read32 from null block: [fffffffffe305da0]
[E : PPU[1] Thread (CPUThread)[0xfffffffffe305da4]]: Read32 from null block: [fffffffffe305da4]
[E : PPU[1] Thread (CPUThread)[0xfffffffffe305da8]]: Read32 from null block: [fffffffffe305da8]
[E : PPU[1] Thread (CPUThread)[0xfffffffffe305dac]]: Read32 from null block: [fffffffffe305dac]
[E : PPU[1] Thread (CPUThread)[0xfffffffffe305db0]]: Read32 from null block: [fffffffffe305db0]
[E : PPU[1] Thread (CPUThread)[0xfffffffffe305db4]]: Read32 from null block: [fffffffffe305db4]
[E : PPU[1] Thread (CPUThread)[0xfffffffffe305db8]]: Read32 from null block: [fffffffffe305db8]
[E : PPU[1] Thread (CPUThread)[0xfffffffffe305dbc]]: Read32 from null block: [fffffffffe305dbc]
[E : PPU[1] Thread (CPUThread)[0xfffffffffe305dc0]]: Read32 from null block: [fffffffffe305dc0]
[E : PPU[1] Thread (CPUThread)[0xfffffffffe305dc4]]: Read32 from null block: [fffffffffe305dc4]
[E : PPU[1] Thread (CPUThread)[0xfffffffffe305dc8]]: Read32 from null block: [fffffffffe305dc8]
[E : PPU[1] Thread (CPUThread)[0xfffffffffe305dcc]]: Read32 from null block: [fffffffffe305dcc]
[E : PPU[1] Thread (CPUThread)[0xfffffffffe305dd0]]: Read32 from null block: [fffffffffe305dd0]
[E : PPU[1] Thread (CPUThread)[0xfffffffffe305dd4]]: Read32 from null block: [fffffffffe305dd4]
[E : PPU[1] Thread (CPUThread)[0xfffffffffe305dd8]]: Read32 from null block: [fffffffffe305dd8]
[E : PPU[1] Thread (CPUThread)[0xfffffffffe305ddc]]: Read32 from null block: [fffffffffe305ddc]
[E : PPU[1] Thread (CPUThread)[0xfffffffffe305de0]]: Read32 from null block: [fffffffffe305de0]
[E : PPU[1] Thread (CPUThread)[0xfffffffffe305de4]]: Read32 from null block: [fffffffffe305de4]
[E : PPU[1] Thread (CPUThread)[0xfffffffffe305de8]]: Read32 from null block: [fffffffffe305de8]
[E : PPU[1] Thread (CPUThread)[0xfffffffffe305dec]]: Read32 from null block: [fffffffffe305dec]
[E : PPU[1] Thread (CPUThread)[0xfffffffffe305df0]]: Read32 from null block: [fffffffffe305df0]
[E : PPU[1] Thread (CPUThread)[0xfffffffffe305df4]]: Read32 from null block: [fffffffffe305df4]
[E : PPU[1] Thread (CPUThread)[0xfffffffffe305df8]]: Read32 from null block: [fffffffffe305df8]
[E : PPU[1] Thread (CPUThread)[0xfffffffffe305dfc]]: Read32 from null block: [fffffffffe305dfc]
[E : PPU[1] Thread (CPUThread)[0xfffffffffe305e00]]: Read32 from null block: [fffffffffe305e00]
[E : PPU[1] Thread (CPUThread)[0xfffffffffe305e04]]: Read32 from null block: [fffffffffe305e04]
[E : PPU[1] Thread (CPUThread)[0xfffffffffe305e08]]: Read32 from null block: [fffffffffe305e08]
[E : PPU[1] Thread (CPUThread)[0xfffffffffe305e0c]]: Read32 from null block: [fffffffffe305e0c]
[E : PPU[1] Thread (CPUThread)[0xfffffffffe305e10]]: Read32 from null block: [fffffffffe305e10]
[E : PPU[1] Thread (CPUThread)[0xfffffffffe305e14]]: Read32 from null block: [fffffffffe305e14]
[E : PPU[1] Thread (CPUThread)[0xfffffffffe305e18]]: Read32 from null block: [fffffffffe305e18]
[E : PPU[1] Thread (CPUThread)[0xfffffffffe305e1c]]: Read32 from null block: [fffffffffe305e1c]
[E : PPU[1] Thread (CPUThread)[0xfffffffffe305e20]]: Read32 from null block: [fffffffffe305e20]
[E : PPU[1] Thread (CPUThread)[0xfffffffffe305e24]]: Read32 from null block: [fffffffffe305e24]
[E : PPU[1] Thread (CPUThread)[0xfffffffffe305e28]]: Read32 from null block: [fffffffffe305e28]
[E : PPU[1] Thread (CPUThread)[0xfffffffffe305e2c]]: Read32 from null block: [fffffffffe305e2c]
[E : PPU[1] Thread (CPUThread)[0xfffffffffe305e30]]: Read32 from null block: [fffffffffe305e30]
[E : PPU[1] Thread (CPUThread)[0xfffffffffe305e34]]: Read32 from null block: [fffffffffe305e34]
[E : PPU[1] Thread (CPUThread)[0xfffffffffe305e38]]: Read32 from null block: [fffffffffe305e38]
[E : PPU[1] Thread (CPUThread)[0xfffffffffe305e3c]]: Read32 from null block: [fffffffffe305e3c]
[E : PPU[1] Thread (CPUThread)[0xfffffffffe305e40]]: Read32 from null block: [fffffffffe305e40]
[E : PPU[1] Thread (CPUThread)[0xfffffffffe305e44]]: Read32 from null block: [fffffffffe305e44]
[E : PPU[1] Thread (CPUThread)[0xfffffffffe305e48]]: Read32 from null block: [fffffffffe305e48]
[E : PPU[1] Thread (CPUThread)[0xfffffffffe305e4c]]: Read32 from null block: [fffffffffe305e4c]
[E : PPU[1] Thread (CPUThread)[0xfffffffffe305e50]]: Read32 from null block: [fffffffffe305e50]
[E : PPU[1] Thread (CPUThread)[0xfffffffffe305e54]]: Read32 from null block: [fffffffffe305e54]
[E : PPU[1] Thread (CPUThread)[0xfffffffffe305e58]]: Read32 from null block: [fffffffffe305e58]
[E : PPU[1] Thread (CPUThread)[0xfffffffffe305e5c]]: Read32 from null block: [fffffffffe305e5c]
[E : PPU[1] Thread (CPUThread)[0xfffffffffe305e60]]: Read32 from null block: [fffffffffe305e60]
[E : PPU[1] Thread (CPUThread)[0xfffffffffe305e64]]: Read32 from null block: [fffffffffe305e64]
[E : PPU[1] Thread (CPUThread)[0xfffffffffe305e68]]: Read32 from null block: [fffffffffe305e68]
[E : PPU[1] Thread (CPUThread)[0xfffffffffe305e6c]]: Read32 from null block: [fffffffffe305e6c]
[E : PPU[1] Thread (CPUThread)[0xfffffffffe305e70]]: Read32 from null block: [fffffffffe305e70]
[E : PPU[1] Thread (CPUThread)[0xfffffffffe305e74]]: Read32 from null block: [fffffffffe305e74]
[E : PPU[1] Thread (CPUThread)[0xfffffffffe305e78]]: Read32 from null block: [fffffffffe305e78]
[E : PPU[1] Thread (CPUThread)[0xfffffffffe305e7c]]: Read32 from null block: [fffffffffe305e7c]
[E : PPU[1] Thread (CPUThread)[0xfffffffffe305e80]]: Read32 from null block: [fffffffffe305e80]
[E : PPU[1] Thread (CPUThread)[0xfffffffffe305e84]]: Read32 from null block: [fffffffffe305e84]
[E : PPU[1] Thread (CPUThread)[0xfffffffffe305e88]]: Read32 from null block: [fffffffffe305e88]
[E : PPU[1] Thread (CPUThread)[0xfffffffffe305e8c]]: Read32 from null block: [fffffffffe305e8c]
[E : PPU[1] Thread (CPUThread)[0xfffffffffe305e90]]: Read32 from null block: [fffffffffe305e90]
[E : PPU[1] Thread (CPUThread)[0xfffffffffe305e94]]: Read32 from null block: [fffffffffe305e94]
[E : PPU[1] Thread (CPUThread)[0xfffffffffe305e98]]: Read32 from null block: [fffffffffe305e98]
[E : PPU[1] Thread (CPUThread)[0xfffffffffe305e9c]]: Read32 from null block: [fffffffffe305e9c]
[E : PPU[1] Thread (CPUThread)[0xfffffffffe305ea0]]: Read32 from null block: [fffffffffe305ea0]
[E : PPU[1] Thread (CPUThread)[0xfffffffffe305ea4]]: Read32 from null block: [fffffffffe305ea4]
[E : PPU[1] Thread (CPUThread)[0xfffffffffe305ea8]]: Read32 from null block: [fffffffffe305ea8]
[E : PPU[1] Thread (CPUThread)[0xfffffffffe305eac]]: Read32 from null block: [fffffffffe305eac]
[E : PPU[1] Thread (CPUThread)[0xfffffffffe305eb0]]: Read32 from null block: [fffffffffe305eb0]
[E : PPU[1] Thread (CPUThread)[0xfffffffffe305eb4]]: Read32 from null block: [fffffffffe305eb4]
[E : PPU[1] Thread (CPUThread)[0xfffffffffe305eb8]]: Read32 from null block: [fffffffffe305eb8]
[E : PPU[1] Thread (CPUThread)[0xfffffffffe305ebc]]: Read32 from null block: [fffffffffe305ebc]
[E : PPU[1] Thread (CPUThread)[0xfffffffffe305ec0]]: Read32 from null block: [fffffffffe305ec0]
[E : PPU[1] Thread (CPUThread)[0xfffffffffe305ec4]]: Read32 from null block: [fffffffffe305ec4]
[E : PPU[1] Thread (CPUThread)[0xfffffffffe305ec8]]: Read32 from null block: [fffffffffe305ec8]
[E : PPU[1] Thread (CPUThread)[0xfffffffffe305ecc]]: Read32 from null block: [fffffffffe305ecc]
[E : PPU[1] Thread (CPUThread)[0xfffffffffe305ed0]]: Read32 from null block: [fffffffffe305ed0]
[E : PPU[1] Thread (CPUThread)[0xfffffffffe305ed4]]: Read32 from null block: [fffffffffe305ed4]
[E : PPU[1] Thread (CPUThread)[0xfffffffffe305ed8]]: Read32 from null block: [fffffffffe305ed8]
[E : PPU[1] Thread (CPUThread)[0xfffffffffe305edc]]: Read32 from null block: [fffffffffe305edc]
[E : PPU[1] Thread (CPUThread)[0xfffffffffe305ee0]]: Read32 from null block: [fffffffffe305ee0]
[E : PPU[1] Thread (CPUThread)[0xfffffffffe305ee4]]: Read32 from null block: [fffffffffe305ee4]
[E : PPU[1] Thread (CPUThread)[0xfffffffffe305ee8]]: Read32 from null block: [fffffffffe305ee8]
[E : PPU[1] Thread (CPUThread)[0xfffffffffe305eec]]: Read32 from null block: [fffffffffe305eec]
[E : PPU[1] Thread (CPUThread)[0xfffffffffe305ef0]]: Read32 from null block: [fffffffffe305ef0]
[E : PPU[1] Thread (CPUThread)[0xfffffffffe305ef4]]: Read32 from null block: [fffffffffe305ef4]
[E : PPU[1] Thread (CPUThread)[0xfffffffffe305ef8]]: Read32 from null block: [fffffffffe305ef8]
[E : PPU[1] Thread (CPUThread)[0xfffffffffe305efc]]: Read32 from null block: [fffffffffe305efc]
[E : PPU[1] Thread (CPUThread)[0xfffffffffe305f00]]: Read32 from null block: [fffffffffe305f00]
[E : PPU[1] Thread (CPUThread)[0xfffffffffe305f04]]: Read32 from null block: [fffffffffe305f04]
[E : PPU[1] Thread (CPUThread)[0xfffffffffe305f08]]: Read32 from null block: [fffffffffe305f08]
[E : PPU[1] Thread (CPUThread)[0xfffffffffe305f0c]]: Read32 from null block: [fffffffffe305f0c]
[E : PPU[1] Thread (CPUThread)[0xfffffffffe305f10]]: Read32 from null block: [fffffffffe305f10]
[E : PPU[1] Thread (CPUThread)[0xfffffffffe305f14]]: Read32 from null block: [fffffffffe305f14]
[E : PPU[1] Thread (CPUThread)[0xfffffffffe305f18]]: Read32 from null block: [fffffffffe305f18]
[E : PPU[1] Thread (CPUThread)[0xfffffffffe305f1c]]: Read32 from null block: [fffffffffe305f1c]
[E : PPU[1] Thread (CPUThread)[0xfffffffffe305f20]]: Read32 from null block: [fffffffffe305f20]
[E : PPU[1] Thread (CPUThread)[0xfffffffffe305f24]]: Read32 from null block: [fffffffffe305f24]
[E : PPU[1] Thread (CPUThread)[0xfffffffffe305f28]]: Read32 from null block: [fffffffffe305f28]
[E : PPU[1] Thread (CPUThread)[0xfffffffffe305f2c]]: Read32 from null block: [fffffffffe305f2c]
[E : PPU[1] Thread (CPUThread)[0xfffffffffe305f30]]: Read32 from null block: [fffffffffe305f30]
[E : PPU[1] Thread (CPUThread)[0xfffffffffe305f34]]: Read32 from null block: [fffffffffe305f34]
[E : PPU[1] Thread (CPUThread)[0xfffffffffe305f38]]: Read32 from null block: [fffffffffe305f38]
[E : PPU[1] Thread (CPUThread)[0xfffffffffe305f3c]]: Read32 from null block: [fffffffffe305f3c]
[E : PPU[1] Thread (CPUThread)[0xfffffffffe305f40]]: Read32 from null block: [fffffffffe305f40]
[E : PPU[1] Thread (CPUThread)[0xfffffffffe305f44]]: Read32 from null block: [fffffffffe305f44]
[E : PPU[1] Thread (CPUThread)[0xfffffffffe305f48]]: Read32 from null block: [fffffffffe305f48]
[E : PPU[1] Thread (CPUThread)[0xfffffffffe305f4c]]: Read32 from null block: [fffffffffe305f4c]
[E : PPU[1] Thread (CPUThread)[0xfffffffffe305f50]]: Read32 from null block: [fffffffffe305f50]
[E : PPU[1] Thread (CPUThread)[0xfffffffffe305f54]]: Read32 from null block: [fffffffffe305f54]
[E : PPU[1] Thread (CPUThread)[0xfffffffffe305f58]]: Read32 from null block: [fffffffffe305f58]
[E : PPU[1] Thread (CPUThread)[0xfffffffffe305f5c]]: Read32 from null block: [fffffffffe305f5c]
[E : PPU[1] Thread (CPUThread)[0xfffffffffe305f60]]: Read32 from null block: [fffffffffe305f60]
[E : PPU[1] Thread (CPUThread)[0xfffffffffe305f64]]: Read32 from null block: [fffffffffe305f64]
[E : PPU[1] Thread (CPUThread)[0xfffffffffe305f68]]: Read32 from null block: [fffffffffe305f68]
[E : PPU[1] Thread (CPUThread)[0xfffffffffe305f6c]]: Read32 from null block: [fffffffffe305f6c]
[E : PPU[1] Thread (CPUThread)[0xfffffffffe305f70]]: Read32 from null block: [fffffffffe305f70]
[E : PPU[1] Thread (CPUThread)[0xfffffffffe305f74]]: Read32 from null block: [fffffffffe305f74]
[E : PPU[1] Thread (CPUThread)[0xfffffffffe305f78]]: Read32 from null block: [fffffffffe305f78]
[E : PPU[1] Thread (CPUThread)[0xfffffffffe305f7c]]: Read32 from null block: [fffffffffe305f7c]
[E : PPU[1] Thread (CPUThread)[0xfffffffffe305f80]]: Read32 from null block: [fffffffffe305f80]
[E : PPU[1] Thread (CPUThread)[0xfffffffffe305f84]]: Read32 from null block: [fffffffffe305f84]
[E : PPU[1] Thread (CPUThread)[0xfffffffffe305f88]]: Read32 from null block: [fffffffffe305f88]
[E : PPU[1] Thread (CPUThread)[0xfffffffffe305f8c]]: Read32 from null block: [fffffffffe305f8c]
[E : PPU[1] Thread (CPUThread)[0xfffffffffe305f90]]: Read32 from null block: [fffffffffe305f90]
[E : PPU[1] Thread (CPUThread)[0xfffffffffe305f94]]: Read32 from null block: [fffffffffe305f94]
[E : PPU[1] Thread (CPUThread)[0xfffffffffe305f98]]: Read32 from null block: [fffffffffe305f98]
[E : PPU[1] Thread (CPUThread)[0xfffffffffe305f9c]]: Read32 from null block: [fffffffffe305f9c]
[E : PPU[1] Thread (CPUThread)[0xfffffffffe305fa0]]: Read32 from null block: [fffffffffe305fa0]
[E : PPU[1] Thread (CPUThread)[0xfffffffffe305fa4]]: Read32 from null block: [fffffffffe305fa4]
[E : PPU[1] Thread (CPUThread)[0xfffffffffe305fa8]]: Read32 from null block: [fffffffffe305fa8]
[E : PPU[1] Thread (CPUThread)[0xfffffffffe305fac]]: Read32 from null block: [fffffffffe305fac]
[E : PPU[1] Thread (CPUThread)[0xfffffffffe305fb0]]: Read32 from null block: [fffffffffe305fb0]
[E : PPU[1] Thread (CPUThread)[0xfffffffffe305fb4]]: Read32 from null block: [fffffffffe305fb4]
[E : PPU[1] Thread (CPUThread)[0xfffffffffe305fb8]]: Read32 from null block: [fffffffffe305fb8]
[E : PPU[1] Thread (CPUThread)[0xfffffffffe305fbc]]: Read32 from null block: [fffffffffe305fbc]
[E : PPU[1] Thread (CPUThread)[0xfffffffffe305fc0]]: Read32 from null block: [fffffffffe305fc0]
[E : PPU[1] Thread (CPUThread)[0xfffffffffe305fc4]]: Read32 from null block: [fffffffffe305fc4]
[E : PPU[1] Thread (CPUThread)[0xfffffffffe305fc8]]: Read32 from null block: [fffffffffe305fc8]
[E : PPU[1] Thread (CPUThread)[0xfffffffffe305fcc]]: Read32 from null block: [fffffffffe305fcc]
[E : PPU[1] Thread (CPUThread)[0xfffffffffe305fd0]]: Read32 from null block: [fffffffffe305fd0]
[E : PPU[1] Thread (CPUThread)[0xfffffffffe305fd4]]: Read32 from null block: [fffffffffe305fd4]
[E : PPU[1] Thread (CPUThread)[0xfffffffffe305fd8]]: Read32 from null block: [fffffffffe305fd8]
[E : PPU[1] Thread (CPUThread)[0xfffffffffe305fdc]]: Read32 from null block: [fffffffffe305fdc]
[E : PPU[1] Thread (CPUThread)[0xfffffffffe305fe0]]: Read32 from null block: [fffffffffe305fe0]
[E : PPU[1] Thread (CPUThread)[0xfffffffffe305fe4]]: Read32 from null block: [fffffffffe305fe4]
[E : PPU[1] Thread (CPUThread)[0xfffffffffe305fe8]]: Read32 from null block: [fffffffffe305fe8]
[E : PPU[1] Thread (CPUThread)[0xfffffffffe305fec]]: Read32 from null block: [fffffffffe305fec]
[E : PPU[1] Thread (CPUThread)[0xfffffffffe305ff0]]: Read32 from null block: [fffffffffe305ff0]
[E : PPU[1] Thread (CPUThread)[0xfffffffffe305ff4]]: Read32 from null block: [fffffffffe305ff4]
[E : PPU[1] Thread (CPUThread)[0xfffffffffe305ff8]]: Read32 from null block: [fffffffffe305ff8]
[E : PPU[1] Thread (CPUThread)[0xfffffffffe305ffc]]: Read32 from null block: [fffffffffe305ffc]
[E : PPU[1] Thread (CPUThread)[0xfffffffffe306000]]: Read32 from null block: [fffffffffe306000]
[E : PPU[1] Thread (CPUThread)[0xfffffffffe306004]]: Read32 from null block: [fffffffffe306004]
[E : PPU[1] Thread (CPUThread)[0xfffffffffe306008]]: Read32 from null block: [fffffffffe306008]
[E : PPU[1] Thread (CPUThread)[0xfffffffffe30600c]]: Read32 from null block: [fffffffffe30600c]
[E : PPU[1] Thread (CPUThread)[0xfffffffffe306010]]: Read32 from null block: [fffffffffe306010]
[E : PPU[1] Thread (CPUThread)[0xfffffffffe306014]]: Read32 from null block: [fffffffffe306014]
[E : PPU[1] Thread (CPUThread)[0xfffffffffe306018]]: Read32 from null block: [fffffffffe306018]
[E : PPU[1] Thread (CPUThread)[0xfffffffffe30601c]]: Read32 from null block: [fffffffffe30601c]
[E : PPU[1] Thread (CPUThread)[0xfffffffffe306020]]: Read32 from null block: [fffffffffe306020]
[E : PPU[1] Thread (CPUThread)[0xfffffffffe306024]]: Read32 from null block: [fffffffffe306024]
[E : PPU[1] Thread (CPUThread)[0xfffffffffe306028]]: Read32 from null block: [fffffffffe306028]
[E : PPU[1] Thread (CPUThread)[0xfffffffffe30602c]]: Read32 from null block: [fffffffffe30602c]
[E : PPU[1] Thread (CPUThread)[0xfffffffffe306030]]: Read32 from null block: [fffffffffe306030]
[E : PPU[1] Thread (CPUThread)[0xfffffffffe306034]]: Read32 from null block: [fffffffffe306034]
[E : PPU[1] Thread (CPUThread)[0xfffffffffe306038]]: Read32 from null block: [fffffffffe306038]
[E : PPU[1] Thread (CPUThread)[0xfffffffffe30603c]]: Read32 from null block: [fffffffffe30603c]
[E : PPU[1] Thread (CPUThread)[0xfffffffffe306040]]: Read32 from null block: [fffffffffe306040]
[E : PPU[1] Thread (CPUThread)[0xfffffffffe306044]]: Read32 from null block: [fffffffffe306044]
[E : PPU[1] Thread (CPUThread)[0xfffffffffe306048]]: Read32 from null block: [fffffffffe306048]
[E : PPU[1] Thread (CPUThread)[0xfffffffffe30604c]]: Read32 from null block: [fffffffffe30604c]
[E : PPU[1] Thread (CPUThread)[0xfffffffffe306050]]: Read32 from null block: [fffffffffe306050]
[E : PPU[1] Thread (CPUThread)[0xfffffffffe306054]]: Read32 from null block: [fffffffffe306054]
[E : PPU[1] Thread (CPUThread)[0xfffffffffe306058]]: Read32 from null block: [fffffffffe306058]
[E : PPU[1] Thread (CPUThread)[0xfffffffffe30605c]]: Read32 from null block: [fffffffffe30605c]
[E : PPU[1] Thread (CPUThread)[0xfffffffffe306060]]: Read32 from null block: [fffffffffe306060]
[E : PPU[1] Thread (CPUThread)[0xfffffffffe306064]]: Read32 from null block: [fffffffffe306064]
[E : PPU[1] Thread (CPUThread)[0xfffffffffe306068]]: Read32 from null block: [fffffffffe306068]
[E : PPU[1] Thread (CPUThread)[0xfffffffffe30606c]]: Read32 from null block: [fffffffffe30606c]
[E : PPU[1] Thread (CPUThread)[0xfffffffffe306070]]: Read32 from null block: [fffffffffe306070]
[E : PPU[1] Thread (CPUThread)[0xfffffffffe306074]]: Read32 from null block: [fffffffffe306074]
[E : PPU[1] Thread (CPUThread)[0xfffffffffe306078]]: Read32 from null block: [fffffffffe306078]
[E : PPU[1] Thread (CPUThread)[0xfffffffffe30607c]]: Read32 from null block: [fffffffffe30607c]
[E : PPU[1] Thread (CPUThread)[0xfffffffffe306080]]: Read32 from null block: [fffffffffe306080]
[E : PPU[1] Thread (CPUThread)[0xfffffffffe306084]]: Read32 from null block: [fffffffffe306084]
[E : PPU[1] Thread (CPUThread)[0xfffffffffe306088]]: Read32 from null block: [fffffffffe306088]
[E : PPU[1] Thread (CPUThread)[0xfffffffffe30608c]]: Read32 from null block: [fffffffffe30608c]
[E : PPU[1] Thread (CPUThread)[0xfffffffffe306090]]: Read32 from null block: [fffffffffe306090]
[E : PPU[1] Thread (CPUThread)[0xfffffffffe306094]]: Read32 from null block: [fffffffffe306094]
[E : PPU[1] Thread (CPUThread)[0xfffffffffe306098]]: Read32 from null block: [fffffffffe306098]
[E : PPU[1] Thread (CPUThread)[0xfffffffffe30609c]]: Read32 from null block: [fffffffffe30609c]
[E : PPU[1] Thread (CPUThread)[0xfffffffffe3060a0]]: Read32 from null block: [fffffffffe3060a0]
[E : PPU[1] Thread (CPUThread)[0xfffffffffe3060a4]]: Read32 from null block: [fffffffffe3060a4]
[E : PPU[1] Thread (CPUThread)[0xfffffffffe3060a8]]: Read32 from null block: [fffffffffe3060a8]
[E : PPU[1] Thread (CPUThread)[0xfffffffffe3060ac]]: Read32 from null block: [fffffffffe3060ac]
[E : PPU[1] Thread (CPUThread)[0xfffffffffe3060b0]]: Read32 from null block: [fffffffffe3060b0]
[E : PPU[1] Thread (CPUThread)[0xfffffffffe3060b4]]: Read32 from null block: [fffffffffe3060b4]
[E : PPU[1] Thread (CPUThread)[0xfffffffffe3060b8]]: Read32 from null block: [fffffffffe3060b8]
[E : PPU[1] Thread (CPUThread)[0xfffffffffe3060bc]]: Read32 from null block: [fffffffffe3060bc]
[E : PPU[1] Thread (CPUThread)[0xfffffffffe3060c0]]: Read32 from null block: [fffffffffe3060c0]
[E : PPU[1] Thread (CPUThread)[0xfffffffffe3060c4]]: Read32 from null block: [fffffffffe3060c4]
[E : PPU[1] Thread (CPUThread)[0xfffffffffe3060c8]]: Read32 from null block: [fffffffffe3060c8]
[E : PPU[1] Thread (CPUThread)[0xfffffffffe3060cc]]: Read32 from null block: [fffffffffe3060cc]
[E : PPU[1] Thread (CPUThread)[0xfffffffffe3060d0]]: Read32 from null block: [fffffffffe3060d0]
[E : PPU[1] Thread (CPUThread)[0xfffffffffe3060d4]]: Read32 from null block: [fffffffffe3060d4]
[E : PPU[1] Thread (CPUThread)[0xfffffffffe3060d8]]: Read32 from null block: [fffffffffe3060d8]
[E : PPU[1] Thread (CPUThread)[0xfffffffffe3060dc]]: Read32 from null block: [fffffffffe3060dc]
[E : PPU[1] Thread (CPUThread)[0xfffffffffe3060e0]]: Read32 from null block: [fffffffffe3060e0]
[E : PPU[1] Thread (CPUThread)[0xfffffffffe3060e4]]: Read32 from null block: [fffffffffe3060e4]
[E : PPU[1] Thread (CPUThread)[0xfffffffffe3060e8]]: Read32 from null block: [fffffffffe3060e8]
[E : PPU[1] Thread (CPUThread)[0xfffffffffe3060ec]]: Read32 from null block: [fffffffffe3060ec]
[E : PPU[1] Thread (CPUThread)[0xfffffffffe3060f0]]: Read32 from null block: [fffffffffe3060f0]
[E : PPU[1] Thread (CPUThread)[0xfffffffffe3060f4]]: Read32 from null block: [fffffffffe3060f4]
[E : PPU[1] Thread (CPUThread)[0xfffffffffe3060f8]]: Read32 from null block: [fffffffffe3060f8]
[E : PPU[1] Thread (CPUThread)[0xfffffffffe3060fc]]: Read32 from null block: [fffffffffe3060fc]
[E : PPU[1] Thread (CPUThread)[0xfffffffffe306100]]: Read32 from null block: [fffffffffe306100]
[E : PPU[1] Thread (CPUThread)[0xfffffffffe306104]]: Read32 from null block: [fffffffffe306104]
[E : PPU[1] Thread (CPUThread)[0xfffffffffe306108]]: Read32 from null block: [fffffffffe306108]
[E : PPU[1] Thread (CPUThread)[0xfffffffffe30610c]]: Read32 from null block: [fffffffffe30610c]
[E : PPU[1] Thread (CPUThread)[0xfffffffffe306110]]: Read32 from null block: [fffffffffe306110]
[E : PPU[1] Thread (CPUThread)[0xfffffffffe306114]]: Read32 from null block: [fffffffffe306114]
[E : PPU[1] Thread (CPUThread)[0xfffffffffe306118]]: Read32 from null block: [fffffffffe306118]
[E : PPU[1] Thread (CPUThread)[0xfffffffffe30611c]]: Read32 from null block: [fffffffffe30611c]
[E : PPU[1] Thread (CPUThread)[0xfffffffffe306120]]: Read32 from null block: [fffffffffe306120]
[E : PPU[1] Thread (CPUThread)[0xfffffffffe306124]]: Read32 from null block: [fffffffffe306124]
[E : PPU[1] Thread (CPUThread)[0xfffffffffe306128]]: Read32 from null block: [fffffffffe306128]
[E : PPU[1] Thread (CPUThread)[0xfffffffffe30612c]]: Read32 from null block: [fffffffffe30612c]
[E : PPU[1] Thread (CPUThread)[0xfffffffffe306130]]: Read32 from null block: [fffffffffe306130]
[E : PPU[1] Thread (CPUThread)[0xfffffffffe306134]]: Read32 from null block: [fffffffffe306134]
[E : PPU[1] Thread (CPUThread)[0xfffffffffe306138]]: Read32 from null block: [fffffffffe306138]
[E : PPU[1] Thread (CPUThread)[0xfffffffffe30613c]]: Read32 from null block: [fffffffffe30613c]
[E : PPU[1] Thread (CPUThread)[0xfffffffffe306140]]: Read32 from null block: [fffffffffe306140]
[E : PPU[1] Thread (CPUThread)[0xfffffffffe306144]]: Read32 from null block: [fffffffffe306144]
[E : PPU[1] Thread (CPUThread)[0xfffffffffe306148]]: Read32 from null block: [fffffffffe306148]
[E : PPU[1] Thread (CPUThread)[0xfffffffffe30614c]]: Read32 from null block: [fffffffffe30614c]
[E : PPU[1] Thread (CPUThread)[0xfffffffffe306150]]: Read32 from null block: [fffffffffe306150]
[E : PPU[1] Thread (CPUThread)[0xfffffffffe306154]]: Read32 from null block: [fffffffffe306154]
[E : PPU[1] Thread (CPUThread)[0xfffffffffe306158]]: Read32 from null block: [fffffffffe306158]
[E : PPU[1] Thread (CPUThread)[0xfffffffffe30615c]]: Read32 from null block: [fffffffffe30615c]
[E : PPU[1] Thread (CPUThread)[0xfffffffffe306160]]: Read32 from null block: [fffffffffe306160]
[E : PPU[1] Thread (CPUThread)[0xfffffffffe306164]]: Read32 from null block: [fffffffffe306164]
[E : PPU[1] Thread (CPUThread)[0xfffffffffe306168]]: Read32 from null block: [fffffffffe306168]
[E : PPU[1] Thread (CPUThread)[0xfffffffffe30616c]]: Read32 from null block: [fffffffffe30616c]
[E : PPU[1] Thread (CPUThread)[0xfffffffffe306170]]: Read32 from null block: [fffffffffe306170]
[E : PPU[1] Thread (CPUThread)[0xfffffffffe306174]]: Read32 from null block: [fffffffffe306174]
[E : PPU[1] Thread (CPUThread)[0xfffffffffe306178]]: Read32 from null block: [fffffffffe306178]
[E : PPU[1] Thread (CPUThread)[0xfffffffffe30617c]]: Read32 from null block: [fffffffffe30617c]
[E : PPU[1] Thread (CPUThread)[0xfffffffffe306180]]: Read32 from null block: [fffffffffe306180]
[E : PPU[1] Thread (CPUThread)[0xfffffffffe306184]]: Read32 from null block: [fffffffffe306184]
[E : PPU[1] Thread (CPUThread)[0xfffffffffe306188]]: Read32 from null block: [fffffffffe306188]
[E : PPU[1] Thread (CPUThread)[0xfffffffffe30618c]]: Read32 from null block: [fffffffffe30618c]
[E : PPU[1] Thread (CPUThread)[0xfffffffffe306190]]: Read32 from null block: [fffffffffe306190]
[E : PPU[1] Thread (CPUThread)[0xfffffffffe306194]]: Read32 from null block: [fffffffffe306194]
[E : PPU[1] Thread (CPUThread)[0xfffffffffe306198]]: Read32 from null block: [fffffffffe306198]
[E : PPU[1] Thread (CPUThread)[0xfffffffffe30619c]]: Read32 from null block: [fffffffffe30619c]
[E : PPU[1] Thread (CPUThread)[0xfffffffffe3061a0]]: Read32 from null block: [fffffffffe3061a0]
[E : PPU[1] Thread (CPUThread)[0xfffffffffe3061a4]]: Read32 from null block: [fffffffffe3061a4]
[E : PPU[1] Thread (CPUThread)[0xfffffffffe3061a8]]: Read32 from null block: [fffffffffe3061a8]
[E : PPU[1] Thread (CPUThread)[0xfffffffffe3061ac]]: Read32 from null block: [fffffffffe3061ac]
[E : PPU[1] Thread (CPUThread)[0xfffffffffe3061b0]]: Read32 from null block: [fffffffffe3061b0]
[E : PPU[1] Thread (CPUThread)[0xfffffffffe3061b4]]: Read32 from null block: [fffffffffe3061b4]
[E : PPU[1] Thread (CPUThread)[0xfffffffffe3061b8]]: Read32 from null block: [fffffffffe3061b8]
[E : PPU[1] Thread (CPUThread)[0xfffffffffe3061bc]]: Read32 from null block: [fffffffffe3061bc]
[E : PPU[1] Thread (CPUThread)[0xfffffffffe3061c0]]: Read32 from null block: [fffffffffe3061c0]
[E : PPU[1] Thread (CPUThread)[0xfffffffffe3061c4]]: Read32 from null block: [fffffffffe3061c4]
[E : PPU[1] Thread (CPUThread)[0xfffffffffe3061c8]]: Read32 from null block: [fffffffffe3061c8]
[E : PPU[1] Thread (CPUThread)[0xfffffffffe3061cc]]: Read32 from null block: [fffffffffe3061cc]
[E : PPU[1] Thread (CPUThread)[0xfffffffffe3061d0]]: Read32 from null block: [fffffffffe3061d0]
[E : PPU[1] Thread (CPUThread)[0xfffffffffe3061d4]]: Read32 from null block: [fffffffffe3061d4]
[E : PPU[1] Thread (CPUThread)[0xfffffffffe3061d8]]: Read32 from null block: [fffffffffe3061d8]
[E : PPU[1] Thread (CPUThread)[0xfffffffffe3061dc]]: Read32 from null block: [fffffffffe3061dc]
[E : PPU[1] Thread (CPUThread)[0xfffffffffe3061e0]]: Read32 from null block: [fffffffffe3061e0]
[E : PPU[1] Thread (CPUThread)[0xfffffffffe3061e4]]: Read32 from null block: [fffffffffe3061e4]
[E : PPU[1] Thread (CPUThread)[0xfffffffffe3061e8]]: Read32 from null block: [fffffffffe3061e8]
[E : PPU[1] Thread (CPUThread)[0xfffffffffe3061ec]]: Read32 from null block: [fffffffffe3061ec]
[E : PPU[1] Thread (CPUThread)[0xfffffffffe3061f0]]: Read32 from null block: [fffffffffe3061f0]
[E : PPU[1] Thread (CPUThread)[0xfffffffffe3061f4]]: Read32 from null block: [fffffffffe3061f4]
[E : PPU[1] Thread (CPUThread)[0xfffffffffe3061f8]]: Read32 from null block: [fffffffffe3061f8]
[E : PPU[1] Thread (CPUThread)[0xfffffffffe3061fc]]: Read32 from null block: [fffffffffe3061fc]
[E : PPU[1] Thread (CPUThread)[0xfffffffffe306200]]: Read32 from null block: [fffffffffe306200]
[E : PPU[1] Thread (CPUThread)[0xfffffffffe306204]]: Read32 from null block: [fffffffffe306204]
[E : PPU[1] Thread (CPUThread)[0xfffffffffe306208]]: Read32 from null block: [fffffffffe306208]
[E : PPU[1] Thread (CPUThread)[0xfffffffffe30620c]]: Read32 from null block: [fffffffffe30620c]
[E : PPU[1] Thread (CPUThread)[0xfffffffffe306210]]: Read32 from null block: [fffffffffe306210]
[E : PPU[1] Thread (CPUThread)[0xfffffffffe306214]]: Read32 from null block: [fffffffffe306214]
[E : PPU[1] Thread (CPUThread)[0xfffffffffe306218]]: Read32 from null block: [fffffffffe306218]
[E : PPU[1] Thread (CPUThread)[0xfffffffffe30621c]]: Read32 from null block: [fffffffffe30621c]
[E : PPU[1] Thread (CPUThread)[0xfffffffffe306220]]: Read32 from null block: [fffffffffe306220]
[E : PPU[1] Thread (CPUThread)[0xfffffffffe306224]]: Read32 from null block: [fffffffffe306224]
[E : PPU[1] Thread (CPUThread)[0xfffffffffe306228]]: Read32 from null block: [fffffffffe306228]
[E : PPU[1] Thread (CPUThread)[0xfffffffffe30622c]]: Read32 from null block: [fffffffffe30622c]
[E : PPU[1] Thread (CPUThread)[0xfffffffffe306230]]: Read32 from null block: [fffffffffe306230]
[E : PPU[1] Thread (CPUThread)[0xfffffffffe306234]]: Read32 from null block: [fffffffffe306234]
[E : PPU[1] Thread (CPUThread)[0xfffffffffe306238]]: Read32 from null block: [fffffffffe306238]
[E : PPU[1] Thread (CPUThread)[0xfffffffffe30623c]]: Read32 from null block: [fffffffffe30623c]
[E : PPU[1] Thread (CPUThread)[0xfffffffffe306240]]: Read32 from null block: [fffffffffe306240]
[E : PPU[1] Thread (CPUThread)[0xfffffffffe306244]]: Read32 from null block: [fffffffffe306244]
[E : PPU[1] Thread (CPUThread)[0xfffffffffe306248]]: Read32 from null block: [fffffffffe306248]
[E : PPU[1] Thread (CPUThread)[0xfffffffffe30624c]]: Read32 from null block: [fffffffffe30624c]
[E : PPU[1] Thread (CPUThread)[0xfffffffffe306250]]: Read32 from null block: [fffffffffe306250]
[E : PPU[1] Thread (CPUThread)[0xfffffffffe306254]]: Read32 from null block: [fffffffffe306254]
[E : PPU[1] Thread (CPUThread)[0xfffffffffe306258]]: Read32 from null block: [fffffffffe306258]
[E : PPU[1] Thread (CPUThread)[0xfffffffffe30625c]]: Read32 from null block: [fffffffffe30625c]
[E : PPU[1] Thread (CPUThread)[0xfffffffffe306260]]: Read32 from null block: [fffffffffe306260]
[E : PPU[1] Thread (CPUThread)[0xfffffffffe306264]]: Read32 from null block: [fffffffffe306264]
[E : PPU[1] Thread (CPUThread)[0xfffffffffe306268]]: Read32 from null block: [fffffffffe306268]
[E : PPU[1] Thread (CPUThread)[0xfffffffffe30626c]]: Read32 from null block: [fffffffffe30626c]
[E : PPU[1] Thread (CPUThread)[0xfffffffffe306270]]: Read32 from null block: [fffffffffe306270]
[E : PPU[1] Thread (CPUThread)[0xfffffffffe306274]]: Read32 from null block: [fffffffffe306274]
[E : PPU[1] Thread (CPUThread)[0xfffffffffe306278]]: Read32 from null block: [fffffffffe306278]
[E : PPU[1] Thread (CPUThread)[0xfffffffffe30627c]]: Read32 from null block: [fffffffffe30627c]
[E : PPU[1] Thread (CPUThread)[0xfffffffffe306280]]: Read32 from null block: [fffffffffe306280]
[E : PPU[1] Thread (CPUThread)[0xfffffffffe306284]]: Read32 from null block: [fffffffffe306284]
[E : PPU[1] Thread (CPUThread)[0xfffffffffe306288]]: Read32 from null block: [fffffffffe306288]
[E : PPU[1] Thread (CPUThread)[0xfffffffffe30628c]]: Read32 from null block: [fffffffffe30628c]
[E : PPU[1] Thread (CPUThread)[0xfffffffffe306290]]: Read32 from null block: [fffffffffe306290]
[E : PPU[1] Thread (CPUThread)[0xfffffffffe306294]]: Read32 from null block: [fffffffffe306294]
[E : PPU[1] Thread (CPUThread)[0xfffffffffe306298]]: Read32 from null block: [fffffffffe306298]
[E : PPU[1] Thread (CPUThread)[0xfffffffffe30629c]]: Read32 from null block: [fffffffffe30629c]
[E : PPU[1] Thread (CPUThread)[0xfffffffffe3062a0]]: Read32 from null block: [fffffffffe3062a0]
[E : PPU[1] Thread (CPUThread)[0xfffffffffe3062a4]]: Read32 from null block: [fffffffffe3062a4]
[E : PPU[1] Thread (CPUThread)[0xfffffffffe3062a8]]: Read32 from null block: [fffffffffe3062a8]
[E : PPU[1] Thread (CPUThread)[0xfffffffffe3062ac]]: Read32 from null block: [fffffffffe3062ac]
[E : PPU[1] Thread (CPUThread)[0xfffffffffe3062b0]]: Read32 from null block: [fffffffffe3062b0]
[E : PPU[1] Thread (CPUThread)[0xfffffffffe3062b4]]: Read32 from null block: [fffffffffe3062b4]
[E : PPU[1] Thread (CPUThread)[0xfffffffffe3062b8]]: Read32 from null block: [fffffffffe3062b8]
[E : PPU[1] Thread (CPUThread)[0xfffffffffe3062bc]]: Read32 from null block: [fffffffffe3062bc]
[E : PPU[1] Thread (CPUThread)[0xfffffffffe3062c0]]: Read32 from null block: [fffffffffe3062c0]
[E : PPU[1] Thread (CPUThread)[0xfffffffffe3062c4]]: Read32 from null block: [fffffffffe3062c4]
[E : PPU[1] Thread (CPUThread)[0xfffffffffe3062c8]]: Read32 from null block: [fffffffffe3062c8]
[E : PPU[1] Thread (CPUThread)[0xfffffffffe3062cc]]: Read32 from null block: [fffffffffe3062cc]
[E : PPU[1] Thread (CPUThread)[0xfffffffffe3062d0]]: Read32 from null block: [fffffffffe3062d0]
[E : PPU[1] Thread (CPUThread)[0xfffffffffe3062d4]]: Read32 from null block: [fffffffffe3062d4]
[E : PPU[1] Thread (CPUThread)[0xfffffffffe3062d8]]: Read32 from null block: [fffffffffe3062d8]
[E : PPU[1] Thread (CPUThread)[0xfffffffffe3062dc]]: Read32 from null block: [fffffffffe3062dc]
[E : PPU[1] Thread (CPUThread)[0xfffffffffe3062e0]]: Read32 from null block: [fffffffffe3062e0]
[E : PPU[1] Thread (CPUThread)[0xfffffffffe3062e4]]: Read32 from null block: [fffffffffe3062e4]
[E : PPU[1] Thread (CPUThread)[0xfffffffffe3062e8]]: Read32 from null block: [fffffffffe3062e8]
[E : PPU[1] Thread (CPUThread)[0xfffffffffe3062ec]]: Read32 from null block: [fffffffffe3062ec]
[E : PPU[1] Thread (CPUThread)[0xfffffffffe3062f0]]: Read32 from null block: [fffffffffe3062f0]
[E : PPU[1] Thread (CPUThread)[0xfffffffffe3062f4]]: Read32 from null block: [fffffffffe3062f4]
[E : PPU[1] Thread (CPUThread)[0xfffffffffe3062f8]]: Read32 from null block: [fffffffffe3062f8]
[E : PPU[1] Thread (CPUThread)[0xfffffffffe3062fc]]: Read32 from null block: [fffffffffe3062fc]
[E : PPU[1] Thread (CPUThread)[0xfffffffffe306300]]: Read32 from null block: [fffffffffe306300]
[E : PPU[1] Thread (CPUThread)[0xfffffffffe306304]]: Read32 from null block: [fffffffffe306304]
[E : PPU[1] Thread (CPUThread)[0xfffffffffe306308]]: Read32 from null block: [fffffffffe306308]
[E : PPU[1] Thread (CPUThread)[0xfffffffffe30630c]]: Read32 from null block: [fffffffffe30630c]
[E : PPU[1] Thread (CPUThread)[0xfffffffffe306310]]: Read32 from null block: [fffffffffe306310]
[E : PPU[1] Thread (CPUThread)[0xfffffffffe306314]]: Read32 from null block: [fffffffffe306314]
[E : PPU[1] Thread (CPUThread)[0xfffffffffe306318]]: Read32 from null block: [fffffffffe306318]
[E : PPU[1] Thread (CPUThread)[0xfffffffffe30631c]]: Read32 from null block: [fffffffffe30631c]
[E : PPU[1] Thread (CPUThread)[0xfffffffffe306320]]: Read32 from null block: [fffffffffe306320]
[E : PPU[1] Thread (CPUThread)[0xfffffffffe306324]]: Read32 from null block: [fffffffffe306324]
[E : PPU[1] Thread (CPUThread)[0xfffffffffe306328]]: Read32 from null block: [fffffffffe306328]
[E : PPU[1] Thread (CPUThread)[0xfffffffffe30632c]]: Read32 from null block: [fffffffffe30632c]
[E : PPU[1] Thread (CPUThread)[0xfffffffffe306330]]: Read32 from null block: [fffffffffe306330]
[E : PPU[1] Thread (CPUThread)[0xfffffffffe306334]]: Read32 from null block: [fffffffffe306334]
[E : PPU[1] Thread (CPUThread)[0xfffffffffe306338]]: Read32 from null block: [fffffffffe306338]
[E : PPU[1] Thread (CPUThread)[0xfffffffffe30633c]]: Read32 from null block: [fffffffffe30633c]
[E : PPU[1] Thread (CPUThread)[0xfffffffffe306340]]: Read32 from null block: [fffffffffe306340]
[E : PPU[1] Thread (CPUThread)[0xfffffffffe306344]]: Read32 from null block: [fffffffffe306344]
[E : PPU[1] Thread (CPUThread)[0xfffffffffe306348]]: Read32 from null block: [fffffffffe306348]
[E : PPU[1] Thread (CPUThread)[0xfffffffffe30634c]]: Read32 from null block: [fffffffffe30634c]
[E : PPU[1] Thread (CPUThread)[0xfffffffffe306350]]: Read32 from null block: [fffffffffe306350]
[E : PPU[1] Thread (CPUThread)[0xfffffffffe306354]]: Read32 from null block: [fffffffffe306354]
[E : PPU[1] Thread (CPUThread)[0xfffffffffe306358]]: Read32 from null block: [fffffffffe306358]
[E : PPU[1] Thread (CPUThread)[0xfffffffffe30635c]]: Read32 from null block: [fffffffffe30635c]
[E : PPU[1] Thread (CPUThread)[0xfffffffffe306360]]: Read32 from null block: [fffffffffe306360]
[E : PPU[1] Thread (CPUThread)[0xfffffffffe306364]]: Read32 from null block: [fffffffffe306364]
[E : PPU[1] Thread (CPUThread)[0xfffffffffe306368]]: Read32 from null block: [fffffffffe306368]
[E : PPU[1] Thread (CPUThread)[0xfffffffffe30636c]]: Read32 from null block: [fffffffffe30636c]
[E : PPU[1] Thread (CPUThread)[0xfffffffffe306370]]: Read32 from null block: [fffffffffe306370]
[E : PPU[1] Thread (CPUThread)[0xfffffffffe306374]]: Read32 from null block: [fffffffffe306374]
[E : PPU[1] Thread (CPUThread)[0xfffffffffe306378]]: Read32 from null block: [fffffffffe306378]
[E : PPU[1] Thread (CPUThread)[0xfffffffffe30637c]]: Read32 from null block: [fffffffffe30637c]
[E : PPU[1] Thread (CPUThread)[0xfffffffffe306380]]: Read32 from null block: [fffffffffe306380]
[E : PPU[1] Thread (CPUThread)[0xfffffffffe306384]]: Read32 from null block: [fffffffffe306384]
[E : PPU[1] Thread (CPUThread)[0xfffffffffe306388]]: Read32 from null block: [fffffffffe306388]
[E : PPU[1] Thread (CPUThread)[0xfffffffffe30638c]]: Read32 from null block: [fffffffffe30638c]
[E : PPU[1] Thread (CPUThread)[0xfffffffffe306390]]: Read32 from null block: [fffffffffe306390]
[E : PPU[1] Thread (CPUThread)[0xfffffffffe306394]]: Read32 from null block: [fffffffffe306394]
[E : PPU[1] Thread (CPUThread)[0xfffffffffe306398]]: Read32 from null block: [fffffffffe306398]
[E : PPU[1] Thread (CPUThread)[0xfffffffffe30639c]]: Read32 from null block: [fffffffffe30639c]
[E : PPU[1] Thread (CPUThread)[0xfffffffffe3063a0]]: Read32 from null block: [fffffffffe3063a0]
[E : PPU[1] Thread (CPUThread)[0xfffffffffe3063a4]]: Read32 from null block: [fffffffffe3063a4]
[E : PPU[1] Thread (CPUThread)[0xfffffffffe3063a8]]: Read32 from null block: [fffffffffe3063a8]
[E : PPU[1] Thread (CPUThread)[0xfffffffffe3063ac]]: Read32 from null block: [fffffffffe3063ac]
[E : PPU[1] Thread (CPUThread)[0xfffffffffe3063b0]]: Read32 from null block: [fffffffffe3063b0]
[E : PPU[1] Thread (CPUThread)[0xfffffffffe3063b4]]: Read32 from null block: [fffffffffe3063b4]
[E : PPU[1] Thread (CPUThread)[0xfffffffffe3063b8]]: Read32 from null block: [fffffffffe3063b8]
[E : PPU[1] Thread (CPUThread)[0xfffffffffe3063bc]]: Read32 from null block: [fffffffffe3063bc]
[E : PPU[1] Thread (CPUThread)[0xfffffffffe3063c0]]: Read32 from null block: [fffffffffe3063c0]
[E : PPU[1] Thread (CPUThread)[0xfffffffffe3063c4]]: Read32 from null block: [fffffffffe3063c4]
[E : PPU[1] Thread (CPUThread)[0xfffffffffe3063c8]]: Read32 from null block: [fffffffffe3063c8]
[E : PPU[1] Thread (CPUThread)[0xfffffffffe3063cc]]: Read32 from null block: [fffffffffe3063cc]
[E : PPU[1] Thread (CPUThread)[0xfffffffffe3063d0]]: Read32 from null block: [fffffffffe3063d0]
[E : PPU[1] Thread (CPUThread)[0xfffffffffe3063d4]]: Read32 from null block: [fffffffffe3063d4]
[E : PPU[1] Thread (CPUThread)[0xfffffffffe3063d8]]: Read32 from null block: [fffffffffe3063d8]
[E : PPU[1] Thread (CPUThread)[0xfffffffffe3063dc]]: Read32 from null block: [fffffffffe3063dc]
[E : PPU[1] Thread (CPUThread)[0xfffffffffe3063e0]]: Read32 from null block: [fffffffffe3063e0]
[E : PPU[1] Thread (CPUThread)[0xfffffffffe3063e4]]: Read32 from null block: [fffffffffe3063e4]
[E : PPU[1] Thread (CPUThread)[0xfffffffffe3063e8]]: Read32 from null block: [fffffffffe3063e8]
[E : PPU[1] Thread (CPUThread)[0xfffffffffe3063ec]]: Read32 from null block: [fffffffffe3063ec]
[E : PPU[1] Thread (CPUThread)[0xfffffffffe3063f0]]: Read32 from null block: [fffffffffe3063f0]
[E : PPU[1] Thread (CPUThread)[0xfffffffffe3063f4]]: Read32 from null block: [fffffffffe3063f4]
[E : PPU[1] Thread (CPUThread)[0xfffffffffe3063f8]]: Read32 from null block: [fffffffffe3063f8]
[E : PPU[1] Thread (CPUThread)[0xfffffffffe3063fc]]: Read32 from null block: [fffffffffe3063fc]
[E : PPU[1] Thread (CPUThread)[0xfffffffffe306400]]: Read32 from null block: [fffffffffe306400]
[E : PPU[1] Thread (CPUThread)[0xfffffffffe306404]]: Read32 from null block: [fffffffffe306404]
[E : PPU[1] Thread (CPUThread)[0xfffffffffe306408]]: Read32 from null block: [fffffffffe306408]
[E : PPU[1] Thread (CPUThread)[0xfffffffffe30640c]]: Read32 from null block: [fffffffffe30640c]
[E : PPU[1] Thread (CPUThread)[0xfffffffffe306410]]: Read32 from null block: [fffffffffe306410]
[E : PPU[1] Thread (CPUThread)[0xfffffffffe306414]]: Read32 from null block: [fffffffffe306414]
[E : PPU[1] Thread (CPUThread)[0xfffffffffe306418]]: Read32 from null block: [fffffffffe306418]
[E : PPU[1] Thread (CPUThread)[0xfffffffffe30641c]]: Read32 from null block: [fffffffffe30641c]
[E : PPU[1] Thread (CPUThread)[0xfffffffffe306420]]: Read32 from null block: [fffffffffe306420]
[E : PPU[1] Thread (CPUThread)[0xfffffffffe306424]]: Read32 from null block: [fffffffffe306424]
[E : PPU[1] Thread (CPUThread)[0xfffffffffe306428]]: Read32 from null block: [fffffffffe306428]
[E : PPU[1] Thread (CPUThread)[0xfffffffffe30642c]]: Read32 from null block: [fffffffffe30642c]
[E : PPU[1] Thread (CPUThread)[0xfffffffffe306430]]: Read32 from null block: [fffffffffe306430]
[E : PPU[1] Thread (CPUThread)[0xfffffffffe306434]]: Read32 from null block: [fffffffffe306434]
[E : PPU[1] Thread (CPUThread)[0xfffffffffe306438]]: Read32 from null block: [fffffffffe306438]
[E : PPU[1] Thread (CPUThread)[0xfffffffffe30643c]]: Read32 from null block: [fffffffffe30643c]
[E : PPU[1] Thread (CPUThread)[0xfffffffffe306440]]: Read32 from null block: [fffffffffe306440]
[E : PPU[1] Thread (CPUThread)[0xfffffffffe306444]]: Read32 from null block: [fffffffffe306444]
[E : PPU[1] Thread (CPUThread)[0xfffffffffe306448]]: Read32 from null block: [fffffffffe306448]
[E : PPU[1] Thread (CPUThread)[0xfffffffffe30644c]]: Read32 from null block: [fffffffffe30644c]
[E : PPU[1] Thread (CPUThread)[0xfffffffffe306450]]: Read32 from null block: [fffffffffe306450]
[E : PPU[1] Thread (CPUThread)[0xfffffffffe306454]]: Read32 from null block: [fffffffffe306454]
[E : PPU[1] Thread (CPUThread)[0xfffffffffe306458]]: Read32 from null block: [fffffffffe306458]
[E : PPU[1] Thread (CPUThread)[0xfffffffffe30645c]]: Read32 from null block: [fffffffffe30645c]
[E : PPU[1] Thread (CPUThread)[0xfffffffffe306460]]: Read32 from null block: [fffffffffe306460]
[E : PPU[1] Thread (CPUThread)[0xfffffffffe306464]]: Read32 from null block: [fffffffffe306464]
[E : PPU[1] Thread (CPUThread)[0xfffffffffe306468]]: Read32 from null block: [fffffffffe306468]
[E : PPU[1] Thread (CPUThread)[0xfffffffffe30646c]]: Read32 from null block: [fffffffffe30646c]
[E : PPU[1] Thread (CPUThread)[0xfffffffffe306470]]: Read32 from null block: [fffffffffe306470]
[E : PPU[1] Thread (CPUThread)[0xfffffffffe306474]]: Read32 from null block: [fffffffffe306474]
[E : PPU[1] Thread (CPUThread)[0xfffffffffe306478]]: Read32 from null block: [fffffffffe306478]
[E : PPU[1] Thread (CPUThread)[0xfffffffffe30647c]]: Read32 from null block: [fffffffffe30647c]
[E : PPU[1] Thread (CPUThread)[0xfffffffffe306480]]: Read32 from null block: [fffffffffe306480]
[E : PPU[1] Thread (CPUThread)[0xfffffffffe306484]]: Read32 from null block: [fffffffffe306484]
[E : PPU[1] Thread (CPUThread)[0xfffffffffe306488]]: Read32 from null block: [fffffffffe306488]
[E : PPU[1] Thread (CPUThread)[0xfffffffffe30648c]]: Read32 from null block: [fffffffffe30648c]
[E : PPU[1] Thread (CPUThread)[0xfffffffffe306490]]: Read32 from null block: [fffffffffe306490]
[E : PPU[1] Thread (CPUThread)[0xfffffffffe306494]]: Read32 from null block: [fffffffffe306494]
[E : PPU[1] Thread (CPUThread)[0xfffffffffe306498]]: Read32 from null block: [fffffffffe306498]
[E : PPU[1] Thread (CPUThread)[0xfffffffffe30649c]]: Read32 from null block: [fffffffffe30649c]
[E : PPU[1] Thread (CPUThread)[0xfffffffffe3064a0]]: Read32 from null block: [fffffffffe3064a0]
[E : PPU[1] Thread (CPUThread)[0xfffffffffe3064a4]]: Read32 from null block: [fffffffffe3064a4]
[E : PPU[1] Thread (CPUThread)[0xfffffffffe3064a8]]: Read32 from null block: [fffffffffe3064a8]
[E : PPU[1] Thread (CPUThread)[0xfffffffffe3064ac]]: Read32 from null block: [fffffffffe3064ac]
[E : PPU[1] Thread (CPUThread)[0xfffffffffe3064b0]]: Read32 from null block: [fffffffffe3064b0]
[E : PPU[1] Thread (CPUThread)[0xfffffffffe3064b4]]: Read32 from null block: [fffffffffe3064b4]
[E : PPU[1] Thread (CPUThread)[0xfffffffffe3064b8]]: Read32 from null block: [fffffffffe3064b8]
[E : PPU[1] Thread (CPUThread)[0xfffffffffe3064bc]]: Read32 from null block: [fffffffffe3064bc]
[E : PPU[1] Thread (CPUThread)[0xfffffffffe3064c0]]: Read32 from null block: [fffffffffe3064c0]
[E : PPU[1] Thread (CPUThread)[0xfffffffffe3064c4]]: Read32 from null block: [fffffffffe3064c4]
[!]: Closing memory...
