[!]: path: /dev_hdd0/game/
[!]: Loading 'F:\Ps3 game\dev_hdd0\game\BCES00002 - [Genji Days of the Blade]/USRDIR/BOOT.BIN'...
[!]: Mount info:
[!]: /dev_hdd0/ -> F:\Ps3 game\dev_hdd0
[!]: /dev_hdd1/ -> E:\PS3EMU\Rpcs3-x6414/dev_hdd1/
[!]: /dev_flash/ -> E:\PS3EMU\Rpcs3-x6414/dev_flash/
[!]: /dev_usb000/ -> E:\PS3EMU\Rpcs3-x6414/dev_usb000/
[!]: /dev_usb/ -> E:\PS3EMU\Rpcs3-x6414/dev_usb000/
[!]: /app_home/ -> F:\Ps3 game\dev_hdd0\game\BCES00002 - [Genji Days of the Blade]/
[!]: /dev_bdvd/ -> F:\Ps3 game\dev_hdd0\game\BCES00002 - [Genji Days of the Blade]//../
[!]: /host_root/ -> 
[!]: / -> F:\Ps3 game\dev_hdd0\game\BCES00002 - [Genji Days of the Blade]/
[!]: Initing memory...
[!]: Memory initialized.
[W]: Unknown function 0x1bd633f8 in 'cellGcmSys' module
[E]: TODO: _cellGcmFunc3
[W]: Unknown function 0x5f909b17 in 'cellGcmSys' module
[E]: TODO: _cellGcmFunc1
[W]: Unknown function 0x63387071 in 'cellGcmSys' module
[E]: TODO: cellGcmGetLastFlipTime
[W]: Unknown function 0x661fe266 in 'cellGcmSys' module
[E]: TODO: _cellGcmFunc12
[W]: Unknown function 0x8effb7fd in 'cellGcmSys' module
[E]: TODO: _cellGcmFunc2
[W]: Unknown function 0xbb42a9dd in 'cellGcmSys' module
[E]: TODO: _cellGcmFunc13
[W]: Unknown function 0xbd6d60d9 in 'cellGcmSys' module
[E]: TODO: cellGcmSetInvalidateTile
[W]: Unknown function 0xd01b570d in 'cellGcmSys' module
[E]: TODO: cellGcmSetGraphicsHandler
[W]: Unknown function 0x62b0f803 in 'cellSysutil' module
[E]: TODO: cellMsgDialogAbort
[W]: Unknown function 0xcfdf24bb in 'cellSysutil' module
[E]: TODO: cellVideoOutDebugSetMonitorType
[W]: Unknown function 0xf81eca25 in 'cellSysutil' module
[E]: TODO: cellMsgDialogOpen
[W]: Unknown function 0x3dbd2314 in 'cellSysutil' module
[E]: TODO: cellSaveDataListSave
[W]: Unknown function 0x41bc2ca1 in 'cellSysutil' module
[E]: TODO: cellSaveDataFixedSave
[W]: Unknown function 0x50183b44 in 'cellSysutil' module
[E]: TODO: cellSaveDataFixedLoad
[W]: Unknown function 0xa4ed7dfe in 'cellSysutil' module
[E]: TODO: cellSaveDataDelete
[W]: Unknown function 0xb72bc4e6 in 'cellSysutil' module
[E]: TODO: cellDiscGameGetBootDiscInfo
[W]: Unknown function 0xc22c79b5 in 'cellSysutil' module
[E]: TODO: cellSaveDataAutoLoad
[W]: Unknown function 0xc9645c41 in 'cellSysutil' module
[E]: TODO: cellGameDataCheckCreate2
[W]: Unknown function 0xe7951dee in 'cellSysutil' module
[E]: TODO: cellGameDataCheckCreate
[W]: Unknown function 0xef5a353d in 'cellSysutil' module
[E]: TODO: cellSaveDataListLoad
[W]: Unknown function 0xf8a175ec in 'cellSysutil' module
[E]: TODO: cellSaveDataAutoSave
[W]: Unknown function 0x60eb2dec in 'cellSpurs' module
[E]: TODO: cellSpursCreateJobChain
[W]: Unknown function 0x68aaeba9 in 'cellSpurs' module
[E]: TODO: cellSpursJobGuardInitialize
[W]: Unknown function 0x738e40e6 in 'cellSpurs' module
[E]: TODO: cellSpursShutdownJobChain
[W]: Unknown function 0xa7c066de in 'cellSpurs' module
[E]: TODO: cellSpursJoinJobChain
[W]: Unknown function 0xbfea60fa in 'cellSpurs' module
[E]: TODO: cellSpursKickJobChain
[W]: Unknown function 0xd5d0b256 in 'cellSpurs' module
[E]: TODO: cellSpursJobGuardNotify
[W]: Unknown function 0x28e208bb in 'sys_net' module
[E]: TODO: listen
[W]: Unknown function 0x3f09e20a in 'sys_net' module
[E]: TODO: socketselect
[W]: Unknown function 0xdabbc2c0 in 'sys_net' module
[E]: TODO: inet_addr
[W]: Unknown function 0x967a162b in 'sys_fs' module
[E]: TODO: cellFsFsync
[W]: Unknown function 0xbe5be3ba in 'sys_io' module
[E]: TODO: cellPadSetSensorMode
[W]: Unknown function 0xf83f8182 in 'sys_io' module
[E]: TODO: cellPadSetPressMode
[W]: Unknown function 0x33435818 in 'cellL10n' module
[E]: TODO: SJISstoUTF8s
[W : PPU[1] Thread (CPUThread)[0x00658028]]: sys_lwmutex warning: *** lwmutex created [] (attribute=0x12): sq_id = 3
[W : PPU[1] Thread (CPUThread)[0x00658028]]: sys_lwmutex warning: *** lwmutex created [] (attribute=0x12): sq_id = 4
[W : PPU[1] Thread (CPUThread)[0x00658028]]: sys_lwmutex warning: *** lwmutex created [] (attribute=0x12): sq_id = 5
[W : PPU[1] Thread (CPUThread)[0x00658028]]: sys_lwmutex warning: *** lwmutex created [] (attribute=0x12): sq_id = 6
[W : PPU[1] Thread (CPUThread)[0x00658028]]: sys_lwmutex warning: *** lwmutex created [] (attribute=0x12): sq_id = 7
[W : PPU[1] Thread (CPUThread)[0x00658028]]: sys_lwmutex warning: *** lwmutex created [] (attribute=0x12): sq_id = 8
[W : PPU[1] Thread (CPUThread)[0x00658028]]: sys_lwmutex warning: *** lwmutex created [] (attribute=0x12): sq_id = 9
[W : PPU[1] Thread (CPUThread)[0x00658028]]: sys_lwmutex warning: *** lwmutex created [] (attribute=0x12): sq_id = 10
[W : PPU[1] Thread (CPUThread)[0x00658028]]: sys_lwmutex warning: *** lwmutex created [] (attribute=0x12): sq_id = 11
[W : PPU[1] Thread (CPUThread)[0x00658028]]: sys_lwmutex warning: *** lwmutex created [] (attribute=0x12): sq_id = 12
[W : PPU[1] Thread (CPUThread)[0x00658028]]: sys_lwmutex warning: *** lwmutex created [] (attribute=0x12): sq_id = 13
[W : PPU[1] Thread (CPUThread)[0x00658028]]: sys_lwmutex warning: *** lwmutex created [] (attribute=0x12): sq_id = 14
[W : PPU[1] Thread (CPUThread)[0x00658028]]: sys_lwmutex warning: *** lwmutex created [] (attribute=0x12): sq_id = 15
[W : PPU[1] Thread (CPUThread)[0x00658028]]: sys_lwmutex warning: *** lwmutex created [] (attribute=0x12): sq_id = 16
[W : PPU[1] Thread (CPUThread)[0x00658028]]: sys_lwmutex warning: *** lwmutex created [] (attribute=0x12): sq_id = 17
[W : PPU[1] Thread (CPUThread)[0x00658028]]: sys_lwmutex warning: *** lwmutex created [] (attribute=0x12): sq_id = 18
[W : PPU[1] Thread (CPUThread)[0x00658028]]: sys_lwmutex warning: *** lwmutex created [] (attribute=0x12): sq_id = 19
[W : PPU[1] Thread (CPUThread)[0x00658028]]: sys_lwmutex warning: *** lwmutex created [] (attribute=0x12): sq_id = 20
[W : PPU[1] Thread (CPUThread)[0x00658028]]: sys_lwmutex warning: *** lwmutex created [] (attribute=0x12): sq_id = 21
[W : PPU[1] Thread (CPUThread)[0x00658028]]: sys_lwmutex warning: *** lwmutex created [] (attribute=0x12): sq_id = 22
[W : PPU[1] Thread (CPUThread)[0x00658028]]: sys_lwmutex warning: *** lwmutex created [] (attribute=0x12): sq_id = 23
[W : PPU[1] Thread (CPUThread)[0x0029e450]]: memory warning: sys_memory_get_user_memory_size(mem_info_addr=0xd0010c50)
[W : PPU[1] Thread (CPUThread)[0x0063e004]]: cellSysmodule warning: cellSysmoduleLoadModule(CELL_SYSMODULE_IO)
[W : PPU[1] Thread (CPUThread)[0x0063e004]]: cellSysmodule warning: cellSysmoduleLoadModule(CELL_SYSMODULE_FS)
[W : PPU[1] Thread (CPUThread)[0x0063e004]]: cellSysmodule warning: cellSysmoduleLoadModule(CELL_SYSMODULE_SYNC)
[W : PPU[1] Thread (CPUThread)[0x0063e004]]: cellSysmodule warning: cellSysmoduleLoadModule(CELL_SYSMODULE_SPURS)
[W : PPU[1] Thread (CPUThread)[0x0063e004]]: cellSysmodule warning: cellSysmoduleLoadModule(CELL_SYSMODULE_AUDIO)
[W : PPU[1] Thread (CPUThread)[0x0063e004]]: cellSysmodule warning: cellSysmoduleLoadModule(CELL_SYSMODULE_VDEC_MPEG2)
[W : PPU[1] Thread (CPUThread)[0x0063e004]]: cellSysmodule warning: cellSysmoduleLoadModule(CELL_SYSMODULE_ADEC_AC3)
[W : PPU[1] Thread (CPUThread)[0x0063e004]]: cellSysmodule warning: cellSysmoduleLoadModule(CELL_SYSMODULE_DMUX_PAMF)
[W : PPU[1] Thread (CPUThread)[0x0063e004]]: cellSysmodule warning: cellSysmoduleLoadModule(CELL_SYSMODULE_PAMF)
[W : PPU[1] Thread (CPUThread)[0x0063e004]]: cellSysmodule warning: cellSysmoduleLoadModule(CELL_SYSMODULE_VPOST)
[W : PPU[1] Thread (CPUThread)[0x0063e004]]: cellSysmodule warning: cellSysmoduleLoadModule(CELL_SYSMODULE_L10N)
[W : PPU[1] Thread (CPUThread)[0x0063c064]]: cellSysutil warning: cellSysutilRegisterCallback(slot=0, func_addr=0x615928, userdata=0x0)
[W : PPU[1] Thread (CPUThread)[0x0063c028]]: cellSysutil warning: cellSysutilGetSystemParamInt: CELL_SYSUTIL_SYSTEMPARAM_ID_LANG
[W : PPU[1] Thread (CPUThread)[0x0063c028]]: cellSysutil warning: cellSysutilGetSystemParamInt: CELL_SYSUTIL_SYSTEMPARAM_ID_ENTER_BUTTON_ASSIGN
[W : PPU[1] Thread (CPUThread)[0x0063c028]]: cellSysutil warning: cellSysutilGetSystemParamInt: CELL_SYSUTIL_SYSTEMPARAM_ID_GAME_PARENTAL_LEVEL
[W : PPU[1] Thread (CPUThread)[0x0029ecfc]]: sys_spu warning: sys_spu_initialize(max_usable_spu=6, max_raw_spu=1)
[W : PPU[1] Thread (CPUThread)[0x004e5108]]: sys_mutex warning: *** mutex created [] (protocol=0x2, recursive=true): id = 24
[W : PPU[1] Thread (CPUThread)[0x004cfe8c]]: memory warning: sys_memory_container_create(cid_addr=0x1100e954, yield_size=0x800000)
[W : PPU[1] Thread (CPUThread)[0x004cfe8c]]: memory warning: *** memory_container created(addr=0x32900000): id = 25
[W : PPU[1] Thread (CPUThread)[0x0063c070]]: cellSysutil warning: cellAudioOutGetSoundAvailability(audioOut=0, type=0, fs=0x4, option=0)
[W : PPU[1] Thread (CPUThread)[0x0063c070]]: cellSysutil warning: cellAudioOutGetSoundAvailability(audioOut=0, type=1, fs=0x4, option=0)
[W : PPU[1] Thread (CPUThread)[0x0063c034]]: cellSysutil warning: cellAudioOutConfigure(audioOut=0, config_addr=0xd0010b20, option_addr=0x0, (!)waitForEvent=0)
[W : PPU[1] Thread (CPUThread)[0x0063c07c]]: cellSysutil warning: cellAudioOutSetCopyControl(audioOut=0,control=1)
[W : PPU[1] Thread (CPUThread)[0x0038ae54]]: sys_mutex warning: *** mutex created [] (protocol=0x2, recursive=false): id = 26
[W : PPU[1] Thread (CPUThread)[0x0038b2e0]]: sys_mutex warning: *** mutex created [] (protocol=0x2, recursive=false): id = 27
[W : PPU[1] Thread (CPUThread)[0x0038b35c]]: sys_cond warning: *** condition created [] (mutex_id=27): id = 28
[W : PPU[1] Thread (CPUThread)[0x0038b37c]]: sys_cond warning: *** condition created [] (mutex_id=27): id = 29
[! : PPU[1] Thread (CPUThread)[0x0065801c]]: *** New PPU Thread [sgsfile-req-th] (): id = 30
[E : PPU[1] Thread (CPUThread)[0x0038958c]]: Unknown syscall: 631 - 00000277
[W : PPU[1] Thread (CPUThread)[0x00658028]]: sys_lwmutex warning: *** lwmutex created [] (attribute=0x12): sq_id = 31
[W : PPU[1] Thread (CPUThread)[0x00658028]]: sys_lwmutex warning: *** lwmutex created [] (attribute=0x12): sq_id = 32
[W : PPU[1] Thread (CPUThread)[0x00658028]]: sys_lwmutex warning: *** lwmutex created [] (attribute=0x12): sq_id = 33
[W : PPU[1] Thread (CPUThread)[0x00642028]]: cellSpurs warning: cellSpursInitialize(spurs_addr=0x10feb500, nSpus=1, spuPriority=32, ppuPriority=910, exitIfNoWork=0)
[W : PPU[1] Thread (CPUThread)[0x003b4dd4]]: sys_event warning: sys_event_queue_create(equeue_id_addr=0x10fec500, attr_addr=0xd0010774, event_queue_key=0x0, size=8)
[W : PPU[1] Thread (CPUThread)[0x003b4dd4]]: sys_event warning: *** event_queue created [] (protocol=0x2, type=0x1): id = 34
[W : PPU[1] Thread (CPUThread)[0x003b4dfc]]: sys_event warning: sys_event_port_create(eport_id_addr=0x10fec510, port_type=0x1, name=0xfee1dead)
[W : PPU[1] Thread (CPUThread)[0x003b4dfc]]: sys_event warning: *** sys_event_port created: id = 35
[W : PPU[1] Thread (CPUThread)[0x003b4e18]]: sys_event warning: sys_event_port_connect_local(eport_id=35, equeue_id=34)
[E : PPU[1] Thread (CPUThread)[0x00642088]]: cellSpurs error: cellSpursAttachLv2EventQueue(spurs_addr=0x10feb500, queue=0x22, port_addr=0xd0010750, isDynamic=0)
[! : PPU[1] Thread (CPUThread)[0x0065801c]]: *** New PPU Thread [spurs_printf_handler] (): id = 36
[W : PPU[1] Thread (CPUThread)[0x00658028]]: sys_lwmutex warning: *** lwmutex created [] (attribute=0x22): sq_id = 37
[W : PPU[1] Thread (CPUThread)[0x003b46f0]]: sys_event warning: sys_event_queue_create(equeue_id_addr=0x30128f98, attr_addr=0xd00108b0, event_queue_key=0x0, size=1)
[W : PPU[1] Thread (CPUThread)[0x003b46f0]]: sys_event warning: *** event_queue created [] (protocol=0x2, type=0x1): id = 38
[E : PPU[1] Thread (CPUThread)[0x00642088]]: cellSpurs error: cellSpursAttachLv2EventQueue(spurs_addr=0x10feb500, queue=0x26, port_addr=0x30128f9c, isDynamic=1)
[E : PPU[1] Thread (CPUThread)[0x00642058]]: TODO: cellSpursCreateJobChain
[E : PPU[1] Thread (CPUThread)[0x00642064]]: TODO: cellSpursJobGuardInitialize
[E : PPU[1] Thread (CPUThread)[0x00642094]]: TODO: cellSpursKickJobChain
[E : PPU[1] Thread (CPUThread)[0x006420a0]]: TODO: cellSpursJobGuardNotify
[!]: Closing memory...
[W : ]: sys_event_queue_receive(equeue=38) aborted
[W : ]: sys_cond_wait(id=28) aborted
[W : ]: sys_event_queue_receive(equeue=34) aborted
