[!]: path: /dev_hdd0/game/
[!]: Loading 'F:\Ps3 game\dev_hdd0\game\BCES01070 - [Time Crisis Razing Storm ]/USRDIR/BOOT.BIN'...
[!]: Mount info:
[!]: /dev_hdd0/ -> F:\Ps3 game\dev_hdd0
[!]: /dev_hdd1/ -> E:\PS3EMU\Rpcs3-x6414/dev_hdd1/
[!]: /dev_flash/ -> E:\PS3EMU\Rpcs3-x6414/dev_flash/
[!]: /dev_usb000/ -> E:\PS3EMU\Rpcs3-x6414/dev_usb000/
[!]: /dev_usb/ -> E:\PS3EMU\Rpcs3-x6414/dev_usb000/
[!]: /app_home/ -> F:\Ps3 game\dev_hdd0\game\BCES01070 - [Time Crisis Razing Storm ]/
[!]: /dev_bdvd/ -> F:\Ps3 game\dev_hdd0\game\BCES01070 - [Time Crisis Razing Storm ]//../
[!]: /host_root/ -> 
[!]: / -> F:\Ps3 game\dev_hdd0\game\BCES01070 - [Time Crisis Razing Storm ]/
[!]: Initing memory...
[!]: Memory initialized.
[W]: Unknown function 0xe6c8f3f9 in 'sceNp' module
[E]: TODO: sceNpDrmProcessExitSpawn2
[W : PPU[1] Thread (CPUThread)[0x00027034]]: sys_lwmutex warning: *** lwmutex created [_lc_mtx] (attribute=0x12): sq_id = 3
[W : PPU[1] Thread (CPUThread)[0x0001723c]]: memory warning: sys_memory_get_user_memory_size(mem_info_addr=0xd0010c04)
[W : PPU[1] Thread (CPUThread)[0x00027034]]: sys_lwmutex warning: *** lwmutex created [_lc_mtx] (attribute=0x12): sq_id = 4
[W : PPU[1] Thread (CPUThread)[0x00027034]]: sys_lwmutex warning: *** lwmutex created [_lc_mtx] (attribute=0x12): sq_id = 5
[W : PPU[1] Thread (CPUThread)[0x00027034]]: sys_lwmutex warning: *** lwmutex created [_lc_mtx] (attribute=0x12): sq_id = 6
[W : PPU[1] Thread (CPUThread)[0x00027034]]: sys_lwmutex warning: *** lwmutex created [_lc_mtx] (attribute=0x12): sq_id = 7
[W : PPU[1] Thread (CPUThread)[0x00027034]]: sys_lwmutex warning: *** lwmutex created [_lc_mtx] (attribute=0x12): sq_id = 8
[W : PPU[1] Thread (CPUThread)[0x00027034]]: sys_lwmutex warning: *** lwmutex created [_lc_mtx] (attribute=0x12): sq_id = 9
[W : PPU[1] Thread (CPUThread)[0x00027034]]: sys_lwmutex warning: *** lwmutex created [_lc_mtx] (attribute=0x12): sq_id = 10
[W : PPU[1] Thread (CPUThread)[0x00027034]]: sys_lwmutex warning: *** lwmutex created [_lc_mtx] (attribute=0x12): sq_id = 11
[W : PPU[1] Thread (CPUThread)[0x00027034]]: sys_lwmutex warning: *** lwmutex created [_lc_mtx] (attribute=0x12): sq_id = 12
[W : PPU[1] Thread (CPUThread)[0x0001f010]]: cellSysmodule warning: cellSysmoduleLoadModule(CELL_SYSMODULE_SYSUTIL)
[W : PPU[1] Thread (CPUThread)[0x0001f010]]: cellSysmodule warning: cellSysmoduleLoadModule(CELL_SYSMODULE_FS)
[W : PPU[1] Thread (CPUThread)[0x0001f010]]: cellSysmodule warning: cellSysmoduleLoadModule(CELL_SYSMODULE_SYSUTIL_GAME)
[W : PPU[1] Thread (CPUThread)[0x00027094]]: sysPrxForUser warning: sys_ppu_thread_once(once_ctrl_addr=0x20558, entry=0x20178)
[W : PPU[1] Thread (CPUThread)[0x00027094]]: sysPrxForUser warning: sys_ppu_thread_once(once_ctrl_addr=0x20558, entry=0x20178)
[W : PPU[1] Thread (CPUThread)[0x00027094]]: sysPrxForUser warning: sys_ppu_thread_once(once_ctrl_addr=0x20558, entry=0x20178)
[E : PPU[1] Thread (CPUThread)[0x000102e4]]: Read8 from null block: [000001a0]
[!]: Closing memory...
