[!]: path: /dev_hdd0/game/
[W]: SELF: No NPDRM control info found!
[!]: Loading 'D:\Emulateurs\Rpcs3\dev_hdd0\game\BCES00463-[The Shoot™]\PS3_GAME\USRDIR/BOOT.BIN'...
[!]: Mount info:
[!]: /dev_hdd0/ -> D:\Emulateurs\Rpcs3\dev_hdd0\
[!]: /dev_hdd1/ -> D:\Emulateurs\Rpcs3\dev_hdd1\
[!]: /dev_flash/ -> D:\Emulateurs\Rpcs3\dev_flash\
[!]: /dev_usb000/ -> D:\Emulateurs\Rpcs3\dev_usb000\
[!]: /dev_usb/ -> D:\Emulateurs\Rpcs3\dev_usb000\
[!]: /app_home/ -> D:\Emulateurs\Rpcs3\dev_hdd0\game\BCES00463-[The Shoot™]\PS3_GAME\\USRDIR\
[!]: /dev_bdvd/ -> D:\Emulateurs\Rpcs3\dev_hdd0\game\BCES00463-[The Shoot™]\PS3_GAME\\..\
[!]: /host_root/ -> 
[!]: ///resource/ -> D:\Emulateurs\Rpcs3\dev_hdd0\game\BCES00463-[The Shoot™]\PS3_GAME\\USRDIR\resource\
[!]: /app_home/Game/PS3_GAME/USRDIR/ -> D:\Emulateurs\Rpcs3\dev_hdd0\game\BCES00463-[The Shoot™]\PS3_GAME\\USRDIR\
[!]: /app_home/PS3_GAME/USRDIR/media/ -> D:\Emulateurs\Rpcs3\dev_hdd0\game\BCES00463-[The Shoot™]\PS3_GAME\\USRDIR\media\
[!]: /Data/ -> D:\Emulateurs\Rpcs3\dev_hdd0\game\BCES00463-[The Shoot™]\PS3_GAME\\USRDIR\Data\
[!]: / -> D:\Emulateurs\Rpcs3\dev_hdd0\game\BCES00463-[The Shoot™]\PS3_GAME\\USRDIR\
[!]: /USRDIR/PS3_GAME/USRDIR/Data/ -> D:\Emulateurs\Rpcs3\dev_hdd0\game\BCES00463-[The Shoot™]\PS3_GAME\\USRDIR\Data\
[!]: Initing memory...
[!]: Memory initialized.
[W]: Unknown module 'libgem'
[W]: Unknown function 0x0247c69e in 'cellSail' module
[E]: TODO: cellSailGraphicsAdapterGetFrame
[W]: Unknown function 0x0abb318b in 'cellSail' module
[E]: TODO: cellSailDescriptorCreateDatabase
[W]: Unknown function 0x1139a206 in 'cellSail' module
[E]: TODO: cellSailPlayerSetSoundAdapter
[W]: Unknown function 0x18b4629d in 'cellSail' module
[E]: TODO: cellSailPlayerFinalize
[W]: Unknown function 0x18bcd21b in 'cellSail' module
[E]: TODO: cellSailPlayerSetGraphicsAdapter
[W]: Unknown function 0x1c983864 in 'cellSail' module
[E]: TODO: cellSailGraphicsAdapterInitialize
[W]: Unknown function 0x23654375 in 'cellSail' module
[E]: TODO: cellSailPlayerInitialize2
[W]: Unknown function 0x28336e89 in 'cellSail' module
[E]: TODO: cellSailDescriptorDestroyDatabase
[W]: Unknown function 0x2e3ccb5e in 'cellSail' module
[E]: TODO: cellSailGraphicsAdapterSetPreferredFormat
[W]: Unknown function 0x346ebba3 in 'cellSail' module
[E]: TODO: cellSailMemAllocatorInitialize
[W]: Unknown function 0x34ecc1b9 in 'cellSail' module
[E]: TODO: cellSailPlayerOpenStream
[W]: Unknown function 0x3a2d806c in 'cellSail' module
[E]: TODO: cellSailFutureGet
[W]: Unknown function 0x3d0d3b72 in 'cellSail' module
[E]: TODO: cellSailSoundAdapterInitialize
[W]: Unknown function 0x44a20e79 in 'cellSail' module
[E]: TODO: cellSailGraphicsAdapterUpdateAvSync
[W]: Unknown function 0x4c191088 in 'cellSail' module
[E]: TODO: cellSailDescriptorGetUri
[W]: Unknown function 0x4cc54f8e in 'cellSail' module
[E]: TODO: cellSailFutureInitialize
[W]: Unknown function 0x5783a454 in 'cellSail' module
[E]: TODO: cellSailMp4MovieGetMovieInfo
[W]: Unknown function 0x6e83f5c0 in 'cellSail' module
[E]: TODO: cellSailAviMovieGetMovieInfo
[W]: Unknown function 0x752f8585 in 'cellSail' module
[E]: TODO: cellSailPlayerGetDescriptorCount
[W]: Unknown function 0x76488bb1 in 'cellSail' module
[E]: TODO: cellSailGraphicsAdapterFinalize
[W]: Unknown function 0x7c8dff3b in 'cellSail' module
[E]: TODO: cellSailPlayerAddDescriptor
[W]: Unknown function 0x7eb8d6b5 in 'cellSail' module
[E]: TODO: cellSailSoundAdapterGetFrame
[W]: Unknown function 0x85beffcc in 'cellSail' module
[E]: TODO: cellSailPlayerCloseStream
[W]: Unknown function 0x9553af65 in 'cellSail' module
[E]: TODO: cellSailFutureFinalize
[W]: Unknown function 0xa37fed15 in 'cellSail' module
[E]: TODO: cellSailFutureSet
[W]: Unknown function 0xbdf21b0f in 'cellSail' module
[E]: TODO: cellSailPlayerBoot
[W]: Unknown function 0xd1462438 in 'cellSail' module
[E]: TODO: cellSailSoundAdapterFinalize
[W]: Unknown function 0xd1d55a90 in 'cellSail' module
[E]: TODO: cellSailPlayerSetPaused
[W]: Unknown function 0xd5f9a15b in 'cellSail' module
[E]: TODO: cellSailDescriptorGetStreamType
[W]: Unknown function 0xd7938b8d in 'cellSail' module
[E]: TODO: cellSailPlayerCreateDescriptor
[W]: Unknown function 0xe535b0d3 in 'cellSail' module
[E]: TODO: cellSailPlayerStart
[W]: Unknown function 0xeba8d4ec in 'cellSail' module
[E]: TODO: cellSailPlayerStop
[W]: Unknown function 0xeec22809 in 'cellSail' module
[E]: TODO: cellSailSoundAdapterUpdateAvSync
[W]: Unknown function 0xf25f197d in 'cellSail' module
[E]: TODO: cellSailSoundAdapterGetFormat
[W]: Unknown function 0xfc5baf8a in 'cellSail' module
[E]: TODO: cellSailPlayerSetRepeatMode
[W]: Unknown function 0xfc839bd4 in 'cellSail' module
[E]: TODO: cellSailPlayerDestroyDescriptor
[W]: Unknown module 'cellSysutilAvconfExt'
[W]: Unknown function 0x6d3bb15b in 'sys_fs' module
[E]: TODO: cellFsSdataOpenByFd
[W]: Unknown function 0x967a162b in 'sys_fs' module
[E]: TODO: cellFsFsync
[W]: Unknown function 0x0f03cfb0 in 'cellSysutil' module
[E]: TODO: cellSaveDataUserListSave
[W]: Unknown function 0x20543730 in 'cellSysutil' module
[E]: TODO: cellMsgDialogClose
[W]: Unknown function 0x39dd8425 in 'cellSysutil' module
[E]: TODO: cellSaveDataUserListLoad
[W]: Unknown function 0x40b34847 in 'cellSysutil' module
[E]: TODO: cellSaveDataUserFixedSave
[W]: Unknown function 0x52aac4fa in 'cellSysutil' module
[E]: TODO: cellSaveDataUserAutoSave
[W]: Unknown function 0x62b0f803 in 'cellSysutil' module
[E]: TODO: cellMsgDialogAbort
[W]: Unknown function 0x6e7264ed in 'cellSysutil' module
[E]: TODO: cellSaveDataUserFixedLoad
[W]: Unknown function 0x8b8a2f48 in 'cellSysutil' module
[E]: TODO: cellSaveDataUserFixedDelete
[W]: Unknown function 0xcdc6aefd in 'cellSysutil' module
[E]: TODO: cellSaveDataUserAutoLoad
[W]: Unknown function 0xe7fa820b in 'cellSysutil' module
[E]: TODO: cellSaveDataEnableOverlay
[W]: Unknown function 0x23ae55a3 in 'cellGcmSys' module
[E]: TODO: cellGcmGetLastSecondVTime
[W]: Unknown function 0x63387071 in 'cellGcmSys' module
[E]: TODO: cellGcmGetLastFlipTime
[W]: Unknown function 0x011ee38b in 'cellSpurs' module
[E]: TODO: _cellSpursLFQueueInitialize
[W]: Unknown function 0x16394a4e in 'cellSpurs' module
[E]: TODO: _cellSpursTasksetAttributeInitialize
[W]: Unknown function 0x1656d49f in 'cellSpurs' module
[E]: TODO: cellSpursLFQueueAttachLv2EventQueue
[W]: Unknown function 0x22aab31d in 'cellSpurs' module
[E]: TODO: cellSpursEventFlagDetachLv2EventQueue
[W]: Unknown function 0x303c19cd in 'cellSpurs' module
[E]: TODO: cellSpursCreateJobChainWithAttribute
[W]: Unknown function 0x3548f483 in 'cellSpurs' module
[E]: TODO: _cellSpursJobChainAttributeInitialize
[W]: Unknown function 0x373523d4 in 'cellSpurs' module
[E]: TODO: cellSpursEventFlagWait
[W]: Unknown function 0x4ac7bae4 in 'cellSpurs' module
[E]: TODO: cellSpursEventFlagClear
[W]: Unknown function 0x52cc6c82 in 'cellSpurs' module
[E]: TODO: cellSpursCreateTaskset
[W]: Unknown function 0x5ef96465 in 'cellSpurs' module
[E]: TODO: _cellSpursEventFlagInitialize
[W]: Unknown function 0x652b70e2 in 'cellSpurs' module
[E]: TODO: cellSpursTasksetAttributeSetName
[W]: Unknown function 0x68aaeba9 in 'cellSpurs' module
[E]: TODO: cellSpursJobGuardInitialize
[W]: Unknown function 0x738e40e6 in 'cellSpurs' module
[E]: TODO: cellSpursShutdownJobChain
[W]: Unknown function 0x73e06f91 in 'cellSpurs' module
[E]: TODO: cellSpursLFQueueDetachLv2EventQueue
[W]: Unknown function 0x87630976 in 'cellSpurs' module
[E]: TODO: cellSpursEventFlagAttachLv2EventQueue
[W]: Unknown function 0x8a85674d in 'cellSpurs' module
[E]: TODO: _cellSpursLFQueuePushBody
[W]: Unknown function 0x9f72add3 in 'cellSpurs' module
[E]: TODO: cellSpursJoinTaskset
[W]: Unknown function 0x9fef70c2 in 'cellSpurs' module
[E]: TODO: cellSpursJobChainAttributeSetName
[W]: Unknown function 0xa789e631 in 'cellSpurs' module
[E]: TODO: cellSpursShutdownTaskset
[W]: Unknown function 0xa7c066de in 'cellSpurs' module
[E]: TODO: cellSpursJoinJobChain
[W]: Unknown function 0xaa6269a8 in 'cellSpurs' module
[E]: TODO: cellSpursInitializeWithAttribute
[W]: Unknown function 0xbeb600ac in 'cellSpurs' module
[E]: TODO: cellSpursCreateTask
[W]: Unknown function 0xc10931cb in 'cellSpurs' module
[E]: TODO: cellSpursCreateTasksetWithAttribute
[W]: Unknown function 0xd5d0b256 in 'cellSpurs' module
[E]: TODO: cellSpursJobGuardNotify
[W]: Unknown function 0xe0a6dbe4 in 'cellSpurs' module
[E]: TODO: _cellSpursSendSignal
[W]: Unknown function 0xf31731bb in 'cellSpurs' module
[E]: TODO: cellSpursRunJobChain
[W]: Unknown function 0xf5507729 in 'cellSpurs' module
[E]: TODO: cellSpursEventFlagSet
[W]: Unknown function 0x1ebcf459 in 'cellSpurs' module
[E]: TODO: cellSpursDestroyTaskset2
[W]: Unknown function 0x4a6465e3 in 'cellSpurs' module
[E]: TODO: cellSpursCreateTaskset2
[W]: Unknown function 0x838fa4f0 in 'cellSpurs' module
[E]: TODO: cellSpursTryJoinTask2
[W]: Unknown function 0xa7a94892 in 'cellSpurs' module
[E]: TODO: cellSpursJoinTask2
[W]: Unknown function 0xc2acdf43 in 'cellSpurs' module
[E]: TODO: _cellSpursTasksetAttribute2Initialize
[W]: Unknown function 0xe14ca62d in 'cellSpurs' module
[E]: TODO: cellSpursCreateTask2
[W]: Unknown function 0x28e208bb in 'sys_net' module
[E]: TODO: listen
[W]: Unknown function 0x3f09e20a in 'sys_net' module
[E]: TODO: socketselect
[W]: Unknown function 0xdabbc2c0 in 'sys_net' module
[E]: TODO: inet_addr
[W]: Unknown function 0x04372385 in 'sceNp' module
[E]: TODO: sceNpBasicGetFriendListEntry
[W]: Unknown function 0x1672170e in 'sceNp' module
[E]: TODO: sceNpScoreRecordScore
[W]: Unknown function 0x1a2704f7 in 'sceNp' module
[E]: TODO: sceNpScoreWaitAsync
[W]: Unknown function 0x21206642 in 'sceNp' module
[E]: TODO: sceNpScoreGetRankingByRangeAsync
[W]: Unknown function 0x259113b8 in 'sceNp' module
[E]: TODO: sceNpScoreDestroyTitleCtx
[W]: Unknown function 0x32cf311f in 'sceNp' module
[E]: TODO: sceNpScoreInit
[W]: Unknown function 0x3db7914d in 'sceNp' module
[E]: TODO: sceNpScoreGetRankingByNpIdAsync
[W]: Unknown function 0x52a6b523 in 'sceNp' module
[E]: TODO: sceNpManagerUnregisterCallback
[W]: Unknown function 0x5e849303 in 'sceNp' module
[E]: TODO: sceNpBasicSetPresenceDetails2
[W]: Unknown function 0x6ee62ed2 in 'sceNp' module
[E]: TODO: sceNpManagerGetContentRatingFlag
[W]: Unknown function 0x6f5e8143 in 'sceNp' module
[E]: TODO: sceNpScoreCreateTransactionCtx
[W]: Unknown function 0x9851f805 in 'sceNp' module
[E]: TODO: sceNpScoreTerm
[W]: Unknown function 0xafef640d in 'sceNp' module
[E]: TODO: sceNpBasicGetFriendListEntryCount
[W]: Unknown function 0xb1e0718b in 'sceNp' module
[E]: TODO: sceNpManagerGetAccountRegion
[W]: Unknown function 0xb9f93bbb in 'sceNp' module
[E]: TODO: sceNpScoreCreateTitleCtx
[W]: Unknown function 0xc5f4cf82 in 'sceNp' module
[E]: TODO: sceNpScoreDestroyTransactionCtx
[W]: Unknown function 0xe7dcd3b4 in 'sceNp' module
[E]: TODO: sceNpManagerRegisterCallback
[W]: Unknown function 0xee5b20d9 in 'sceNp' module
[E]: TODO: sceNpScoreAbortTransaction
[W]: Unknown function 0xf042b14f in 'sceNp' module
[E]: TODO: sceNpDrmIsAvailable2
[W]: Unknown function 0xfe37a7f4 in 'sceNp' module
[E]: TODO: sceNpManagerGetNpId
[W]: Unknown function 0x21fc151f in 'cellCamera' module
[E]: TODO: cellCameraReadEx
[W]: Unknown function 0x379c5dd6 in 'cellCamera' module
[E]: TODO: cellCameraClose
[W]: Unknown function 0x456dc4aa in 'cellCamera' module
[E]: TODO: cellCameraStart
[W]: Unknown function 0x58bc5870 in 'cellCamera' module
[E]: TODO: cellCameraGetType
[W]: Unknown function 0x5d25f866 in 'cellCamera' module
[E]: TODO: cellCameraOpenEx
[W]: Unknown function 0x81f83db9 in 'cellCamera' module
[E]: TODO: cellCameraReset
[W]: Unknown function 0xbf47c5dd in 'cellCamera' module
[E]: TODO: cellCameraInit
[W]: Unknown module 'cellScreenShotUtility'
[W]: Unknown module 'cellPrx_VPE_PRX'
[W]: Unknown module 'cellPrx_SPU_Skinner_PRX'
[W]: Unknown function 0x26090058 in 'sysPrxForUser' module
[E]: TODO: sys_prx_load_module
[W]: Unknown function 0x80fb0c19 in 'sysPrxForUser' module
[E]: TODO: sys_prx_stop_module
[W]: Unknown function 0x9f18429d in 'sysPrxForUser' module
[E]: TODO: sys_prx_start_module
[W]: Unknown function 0xa330ad84 in 'sysPrxForUser' module
[E]: TODO: sys_prx_load_module_on_memcontainer_by_fd
[W]: Unknown function 0xaa6d9bff in 'sysPrxForUser' module
[E]: TODO: sys_prx_load_module_on_memcontainer
[W]: Unknown function 0xef68c17c in 'sysPrxForUser' module
[E]: TODO: sys_prx_load_module_by_fd
[W]: Unknown function 0xf0aece0d in 'sysPrxForUser' module
[E]: TODO: sys_prx_unload_module
[W : PPU[1] Thread (CPUThread)[0x01561058]]: sys_lwmutex warning: *** lwmutex created [_lc_mtx] (attribute=0x12): sq_id = 3
[W : PPU[1] Thread (CPUThread)[0x00406a3c]]: memory warning: sys_memory_get_user_memory_size(mem_info_addr=0xd0010c04)
[W : PPU[1] Thread (CPUThread)[0x01561058]]: sys_lwmutex warning: *** lwmutex created [_lc_mtx] (attribute=0x12): sq_id = 4
[W : PPU[1] Thread (CPUThread)[0x01561058]]: sys_lwmutex warning: *** lwmutex created [_lc_mtx] (attribute=0x12): sq_id = 5
[W : PPU[1] Thread (CPUThread)[0x01561058]]: sys_lwmutex warning: *** lwmutex created [_lc_mtx] (attribute=0x12): sq_id = 6
[W : PPU[1] Thread (CPUThread)[0x01561058]]: sys_lwmutex warning: *** lwmutex created [_lc_mtx] (attribute=0x12): sq_id = 7
[W : PPU[1] Thread (CPUThread)[0x01561058]]: sys_lwmutex warning: *** lwmutex created [_lc_mtx] (attribute=0x12): sq_id = 8
[W : PPU[1] Thread (CPUThread)[0x01561058]]: sys_lwmutex warning: *** lwmutex created [_lc_mtx] (attribute=0x12): sq_id = 9
[W : PPU[1] Thread (CPUThread)[0x01561058]]: sys_lwmutex warning: *** lwmutex created [_lc_mtx] (attribute=0x12): sq_id = 10
[W : PPU[1] Thread (CPUThread)[0x01561058]]: sys_lwmutex warning: *** lwmutex created [_lc_mtx] (attribute=0x12): sq_id = 11
[W : PPU[1] Thread (CPUThread)[0x01561058]]: sys_lwmutex warning: *** lwmutex created [_lc_mtx] (attribute=0x12): sq_id = 12
[W : PPU[1] Thread (CPUThread)[0x01561058]]: sys_lwmutex warning: *** lwmutex created [_lgcmtx] (attribute=0x12): sq_id = 13
[W : PPU[1] Thread (CPUThread)[0x01561058]]: sys_lwmutex warning: *** lwmutex created [_lgcmtx] (attribute=0x22): sq_id = 14
[W : PPU[1] Thread (CPUThread)[0x01561058]]: sys_lwmutex warning: *** lwmutex created [_lc_mtx] (attribute=0x12): sq_id = 15
[W : PPU[1] Thread (CPUThread)[0x01561058]]: sys_lwmutex warning: *** lwmutex created [_lc_mtx] (attribute=0x12): sq_id = 16
[W : PPU[1] Thread (CPUThread)[0x01561058]]: sys_lwmutex warning: *** lwmutex created [_lc_mtx] (attribute=0x12): sq_id = 17
[W : PPU[1] Thread (CPUThread)[0x01561058]]: sys_lwmutex warning: *** lwmutex created [_lc_mtx] (attribute=0x12): sq_id = 18
[W : PPU[1] Thread (CPUThread)[0x01561058]]: sys_lwmutex warning: *** lwmutex created [_lc_mtx] (attribute=0x12): sq_id = 19
[W : PPU[1] Thread (CPUThread)[0x01561058]]: sys_lwmutex warning: *** lwmutex created [_lc_mtx] (attribute=0x12): sq_id = 20
[W : PPU[1] Thread (CPUThread)[0x01561058]]: sys_lwmutex warning: *** lwmutex created [_lc_mtx] (attribute=0x12): sq_id = 21
[W : PPU[1] Thread (CPUThread)[0x01561058]]: sys_lwmutex warning: *** lwmutex created [_lc_mtx] (attribute=0x12): sq_id = 22
[W : PPU[1] Thread (CPUThread)[0x01561058]]: sys_lwmutex warning: *** lwmutex created [_lc_mtx] (attribute=0x12): sq_id = 23
[W : PPU[1] Thread (CPUThread)[0x01561058]]: sys_lwmutex warning: *** lwmutex created [_lc_mtx] (attribute=0x12): sq_id = 24
[W : PPU[1] Thread (CPUThread)[0x01561058]]: sys_lwmutex warning: *** lwmutex created [_lc_mtx] (attribute=0x12): sq_id = 25
[W : PPU[1] Thread (CPUThread)[0x01561058]]: sys_lwmutex warning: *** lwmutex created [_lc_mtx] (attribute=0x12): sq_id = 26
[W : PPU[1] Thread (CPUThread)[0x01561058]]: sys_lwmutex warning: *** lwmutex created [] (attribute=0x22): sq_id = 27
[W : PPU[1] Thread (CPUThread)[0x01561058]]: sys_lwmutex warning: *** lwmutex created [] (attribute=0x22): sq_id = 28
[W : PPU[1] Thread (CPUThread)[0x01561058]]: sys_lwmutex warning: *** lwmutex created [] (attribute=0x22): sq_id = 29
[W : PPU[1] Thread (CPUThread)[0x01561058]]: sys_lwmutex warning: *** lwmutex created [] (attribute=0x22): sq_id = 30
[W : PPU[1] Thread (CPUThread)[0x01561058]]: sys_lwmutex warning: *** lwmutex created [] (attribute=0x22): sq_id = 31
[W : PPU[1] Thread (CPUThread)[0x003f3d90]]: cellSysutil warning: cellSysutilGetSystemParamInt: CELL_SYSUTIL_SYSTEMPARAM_ID_TIMEZONE
[W : PPU[1] Thread (CPUThread)[0x003f3d90]]: cellSysutil warning: cellSysutilGetSystemParamInt: CELL_SYSUTIL_SYSTEMPARAM_ID_SUMMERTIME
[W : PPU[1] Thread (CPUThread)[0x003fc884]]: cellSysutil warning: cellSysutilGetSystemParamInt: CELL_SYSUTIL_SYSTEMPARAM_ID_TIMEZONE
[W : PPU[1] Thread (CPUThread)[0x003fc884]]: cellSysutil warning: cellSysutilGetSystemParamInt: CELL_SYSUTIL_SYSTEMPARAM_ID_SUMMERTIME
[W : PPU[1] Thread (CPUThread)[0x003f5800]]: cellSysutil warning: cellSysutilGetSystemParamInt: CELL_SYSUTIL_SYSTEMPARAM_ID_TIMEZONE
[W : PPU[1] Thread (CPUThread)[0x003f5800]]: cellSysutil warning: cellSysutilGetSystemParamInt: CELL_SYSUTIL_SYSTEMPARAM_ID_SUMMERTIME
[W : PPU[1] Thread (CPUThread)[0x003fc884]]: cellSysutil warning: cellSysutilGetSystemParamInt: CELL_SYSUTIL_SYSTEMPARAM_ID_TIMEZONE
[W : PPU[1] Thread (CPUThread)[0x003fc884]]: cellSysutil warning: cellSysutilGetSystemParamInt: CELL_SYSUTIL_SYSTEMPARAM_ID_SUMMERTIME
[W : PPU[1] Thread (CPUThread)[0x003f3d34]]: cellSysutil warning: cellSysutilGetSystemParamInt: CELL_SYSUTIL_SYSTEMPARAM_ID_TIMEZONE
[W : PPU[1] Thread (CPUThread)[0x003f3d34]]: cellSysutil warning: cellSysutilGetSystemParamInt: CELL_SYSUTIL_SYSTEMPARAM_ID_SUMMERTIME
[W : PPU[1] Thread (CPUThread)[0x003f5800]]: cellSysutil warning: cellSysutilGetSystemParamInt: CELL_SYSUTIL_SYSTEMPARAM_ID_TIMEZONE
[W : PPU[1] Thread (CPUThread)[0x003f5800]]: cellSysutil warning: cellSysutilGetSystemParamInt: CELL_SYSUTIL_SYSTEMPARAM_ID_SUMMERTIME
[W : PPU[1] Thread (CPUThread)[0x01561058]]: sys_lwmutex warning: *** lwmutex created [ps3HDDL] (attribute=0x12): sq_id = 32
[W : PPU[1] Thread (CPUThread)[0x003dee3c]]: sys_mutex warning: *** mutex created [] (protocol=0x1, recursive=true): id = 33
[W : PPU[1] Thread (CPUThread)[0x003dee3c]]: sys_mutex warning: *** mutex created [] (protocol=0x1, recursive=true): id = 34
[W : PPU[1] Thread (CPUThread)[0x003dee3c]]: sys_mutex warning: *** mutex created [] (protocol=0x1, recursive=true): id = 35
[W : PPU[1] Thread (CPUThread)[0x003dee3c]]: sys_mutex warning: *** mutex created [] (protocol=0x1, recursive=true): id = 36
[W : PPU[1] Thread (CPUThread)[0x0012f810]]: sys_mutex warning: *** mutex created [] (protocol=0x2, recursive=true): id = 37
[W : PPU[1] Thread (CPUThread)[0x0012f83c]]: sys_cond warning: *** condition on recursive mutex(37)
[W : PPU[1] Thread (CPUThread)[0x0012f83c]]: sys_cond warning: *** condition created [] (mutex_id=37): id = 38
[W : PPU[1] Thread (CPUThread)[0x0012f854]]: sys_spu warning: sys_spu_initialize(max_usable_spu=6, max_raw_spu=0)
[W : PPU[1] Thread (CPUThread)[0x01547010]]: cellSysmodule warning: cellSysmoduleLoadModule(CELL_SYSMODULE_SYNC)
[W : PPU[1] Thread (CPUThread)[0x01547010]]: cellSysmodule warning: cellSysmoduleLoadModule(CELL_SYSMODULE_SPURS)
[W : PPU[1] Thread (CPUThread)[0x01547010]]: cellSysmodule warning: cellSysmoduleLoadModule(CELL_SYSMODULE_NET)
[W : PPU[1] Thread (CPUThread)[0x01547010]]: cellSysmodule warning: cellSysmoduleLoadModule(CELL_SYSMODULE_SYSUTIL_NP)
[W : PPU[1] Thread (CPUThread)[0x01547010]]: cellSysmodule warning: cellSysmoduleLoadModule(CELL_SYSMODULE_SYSUTIL_NP_TROPHY)
[W : PPU[1] Thread (CPUThread)[0x0154307c]]: cellSysutil warning: cellSysutilGetSystemParamInt: CELL_SYSUTIL_SYSTEMPARAM_ID_LANG
[W : PPU[1] Thread (CPUThread)[0x015430dc]]: cellSysutil warning: cellSysutilRegisterCallback(slot=0, func_addr=0x114ae60, userdata=0x0)
[W : PPU[1] Thread (CPUThread)[0x0154d004]]: sys_net warning: sys_net_initialize_network_ex(param_addr=0xd00108d0)
[W : PPU[1] Thread (CPUThread)[0x015430e8]]: cellSysutil warning: cellVideoOutGetResolutionAvailability(videoOut=0, resolutionId=0x2, option_addr=0x2, aspect=0x0, option=0x57418680)
[W : PPU[1] Thread (CPUThread)[0x01545148]]: cellGcmSys warning: cellGcmInitDefaultFifoMode(mode=1)
[W : PPU[1] Thread (CPUThread)[0x0154501c]]: cellGcmSys warning: cellGcmInit(context_addr=0x1411034,cmdSize=0x80000,ioSize=0x100000,ioAddress=0x30200000)
[W : PPU[1] Thread (CPUThread)[0x0154501c]]: cellGcmSys warning: *** local memory(addr=0xc0000000, size=0xf900000)
[W : PPU[1] Thread (CPUThread)[0x0154501c]]: cellGcmSys warning: cellGcmMapEaIoAddress(ea=0x30200000, io=0x0, size=0x100000)
[! : RSXThread]: RSX thread entry
[W : PPU[1] Thread (CPUThread)[0x01561058]]: sys_lwmutex warning: *** lwmutex created [] (attribute=0x12): sq_id = 39
[W : PPU[1] Thread (CPUThread)[0x015450dc]]: cellGcmSys warning: cellGcmMapMainMemory(ea=0x30500000,size=0x1500000,offset_addr=0x11f5358)
[W : PPU[1] Thread (CPUThread)[0x01545004]]: cellGcmSys warning: cellGcmGetTiledPitchSize(size=5120)
[W : PPU[1] Thread (CPUThread)[0x01545004]]: cellGcmSys warning: cellGcmGetTiledPitchSize(size=5120)
[W : PPU[1] Thread (CPUThread)[0x01545070]]: cellGcmSys warning: cellGcmSetFlipMode(mode=1)
[W : PPU[1] Thread (CPUThread)[0x01545124]]: cellGcmSys warning: cellGcmSetTileInfo(index=0, location=0, offset=1310720, size=3801088, pitch=5120, comp=7, base=0, bank=0)
[E : PPU[1] Thread (CPUThread)[0x01545124]]: cellGcmSys error: cellGcmSetTileInfo: bad comp! (7)
[W : PPU[1] Thread (CPUThread)[0x01545064]]: cellGcmSys warning: cellGcmBindTile(index=0)
[W : PPU[1] Thread (CPUThread)[0x01545124]]: cellGcmSys warning: cellGcmSetTileInfo(index=1, location=0, offset=5242880, size=3801088, pitch=5120, comp=7, base=58, bank=0)
[E : PPU[1] Thread (CPUThread)[0x01545124]]: cellGcmSys error: cellGcmSetTileInfo: bad comp! (7)
[W : PPU[1] Thread (CPUThread)[0x01545064]]: cellGcmSys warning: cellGcmBindTile(index=1)
[W : PPU[1] Thread (CPUThread)[0x01545124]]: cellGcmSys warning: cellGcmSetTileInfo(index=2, location=0, offset=9175040, size=3801088, pitch=5120, comp=10, base=116, bank=1)
[E : PPU[1] Thread (CPUThread)[0x01545124]]: cellGcmSys error: cellGcmSetTileInfo: bad comp! (10)
[W : PPU[1] Thread (CPUThread)[0x01545064]]: cellGcmSys warning: cellGcmBindTile(index=2)
[W : PPU[1] Thread (CPUThread)[0x015450f4]]: cellGcmSys warning: cellGcmSetDisplayBuffer(id=0x0,offset=0x140000,pitch=4,width=1280,height=720)
[W : PPU[1] Thread (CPUThread)[0x015450f4]]: cellGcmSys warning: cellGcmSetDisplayBuffer(id=0x1,offset=0x500000,pitch=4,width=1280,height=720)
[W : PPU[1] Thread (CPUThread)[0x0154507c]]: cellGcmSys warning: cellGcmSetSecondVFrequency(level=2)
[W : PPU[1] Thread (CPUThread)[0x015450e8]]: cellGcmSys warning: cellGcmSetFlipHandler(handler_addr=18132544)
[E : PPU[1] Thread (CPUThread)[0x0154510c]]: cellGcmSys error: Unimplemented function: cellGcmSetVBlankHandler
[E : PPU[1] Thread (CPUThread)[0x0154f028]]: cellNetCtl error: Unimplemented function: cellNetCtlInit
[E : PPU[1] Thread (CPUThread)[0x015490dc]]: cellSpurs error: _cellSpursAttributeInitialize(attr_addr=0xd0010630, nSpus=2, spuPriority=3342336, ppuPriority=1, exitIfNoWork=230)
[E : PPU[1] Thread (CPUThread)[0x01549010]]: cellSpurs error: cellSpursAttributeSetNamePrefix(attr_addr=0xd0010630, prefix_addr=0xecac28, size=0xe)
[E : PPU[1] Thread (CPUThread)[0x01549118]]: TODO: cellSpursInitializeWithAttribute
[W : PPU[1] Thread (CPUThread)[0x003dee3c]]: sys_mutex warning: *** mutex created [] (protocol=0x1, recursive=false): id = 40
[W : PPU[1] Thread (CPUThread)[0x003dee3c]]: sys_mutex warning: *** mutex created [] (protocol=0x1, recursive=false): id = 41
[W : PPU[1] Thread (CPUThread)[0x01547010]]: cellSysmodule warning: cellSysmoduleLoadModule(CELL_SYSMODULE_GEM)
[W : PPU[1] Thread (CPUThread)[0x000cfb7c]]: memory warning: sys_memory_container_create(cid_addr=0x11d4fbc, yield_size=0x100000)
[W : PPU[1] Thread (CPUThread)[0x000cfb7c]]: memory warning: *** memory_container created(addr=0x31a00000): id = 42
[W : PPU[1] Thread (CPUThread)[0x01547010]]: cellSysmodule warning: cellSysmoduleLoadModule(CELL_SYSMODULE_CAMERA)
[E : PPU[1] Thread (CPUThread)[0x0155704c]]: TODO: cellCameraInit
[E : PPU[1] Thread (CPUThread)[0x01557034]]: TODO: cellCameraOpenEx
[E : PPU[1] Thread (CPUThread)[0x01557028]]: TODO: cellCameraGetType
[E : PPU[1] Thread (CPUThread)[0x01557010]]: TODO: cellCameraClose
[E : PPU[1] Thread (CPUThread)[0x0110c040]]: TODO: cellGemGetMemorySize
[E : PPU[1] Thread (CPUThread)[0x0110c010]]: TODO: cellGemInit
[E : PPU[1] Thread (CPUThread)[0x0110c0c4]]: TODO: cellGemPrepareVideoConvert
[W : PPU[1] Thread (CPUThread)[0x01561058]]: sys_lwmutex warning: *** lwmutex created [] (attribute=0x22): sq_id = 43
[! : PPU[1] Thread (CPUThread)[0x01561028]]: *** New PPU Thread [Gem Update] (): id = 44
[E : PPU[1] Thread (CPUThread)[0x0110c0e8]]: TODO: cellGemReset
[E : PPU[1] Thread (CPUThread)[0x0110c0e8]]: TODO: cellGemReset
[E : PPU[44] Thread (Gem Update)[0x01557004]]: TODO: cellCameraReadEx
[E : PPU[44] Thread (Gem Update)[0x0110c004]]: TODO: cellGemUpdateStart
[E : PPU[44] Thread (Gem Update)[0x0110c04c]]: TODO: cellGemUpdateFinish
[E : PPU[44] Thread (Gem Update)[0x0110c070]]: TODO: cellGemConvertVideoStart
[E : PPU[44] Thread (Gem Update)[0x0110c01c]]: TODO: cellGemConvertVideoFinish
[E : PPU[44] Thread (Gem Update)[0x0110c0a0]]: TODO: cellGemGetInfo
[E : PPU[44] Thread (Gem Update)[0x0110c064]]: TODO: cellGemGetState
[E : PPU[44] Thread (Gem Update)[0x0110c10c]]: TODO: cellGemGetStatusFlags
[E : PPU[44] Thread (Gem Update)[0x0110c0dc]]: TODO: cellGemGetInertialState
[E : PPU[44] Thread (Gem Update)[0x0110c064]]: TODO: cellGemGetState
[E : PPU[44] Thread (Gem Update)[0x0110c064]]: TODO: cellGemGetState
[E : PPU[44] Thread (Gem Update)[0x0110c064]]: TODO: cellGemGetState
[E : PPU[44] Thread (Gem Update)[0x0110c064]]: TODO: cellGemGetState
[E : PPU[44] Thread (Gem Update)[0x0110c064]]: TODO: cellGemGetState
[E : PPU[44] Thread (Gem Update)[0x0110c064]]: TODO: cellGemGetState
[E : PPU[44] Thread (Gem Update)[0x0110c064]]: TODO: cellGemGetState
[E : PPU[44] Thread (Gem Update)[0x0110c064]]: TODO: cellGemGetState
[E : PPU[44] Thread (Gem Update)[0x0110c064]]: TODO: cellGemGetState
[E : PPU[44] Thread (Gem Update)[0x0110c064]]: TODO: cellGemGetState
[E : PPU[44] Thread (Gem Update)[0x0110c064]]: TODO: cellGemGetState
[E : PPU[44] Thread (Gem Update)[0x0110c064]]: TODO: cellGemGetState
[E : PPU[44] Thread (Gem Update)[0x0110c064]]: TODO: cellGemGetState
[E : PPU[44] Thread (Gem Update)[0x0110c064]]: TODO: cellGemGetState
[E : PPU[44] Thread (Gem Update)[0x0110c064]]: TODO: cellGemGetState
[E : PPU[44] Thread (Gem Update)[0x0110c064]]: TODO: cellGemGetState
[E : PPU[44] Thread (Gem Update)[0x0110c064]]: TODO: cellGemGetState
[E : PPU[44] Thread (Gem Update)[0x0110c064]]: TODO: cellGemGetState
[E : PPU[44] Thread (Gem Update)[0x0110c064]]: TODO: cellGemGetState
[E : PPU[44] Thread (Gem Update)[0x0110c064]]: TODO: cellGemGetState
[E : PPU[44] Thread (Gem Update)[0x0110c064]]: TODO: cellGemGetState
[E : PPU[44] Thread (Gem Update)[0x0110c064]]: TODO: cellGemGetState
[E : PPU[44] Thread (Gem Update)[0x0110c064]]: TODO: cellGemGetState
[E : PPU[44] Thread (Gem Update)[0x0110c064]]: TODO: cellGemGetState
[E : PPU[44] Thread (Gem Update)[0x0110c064]]: TODO: cellGemGetState
[E : PPU[44] Thread (Gem Update)[0x0110c064]]: TODO: cellGemGetState
[E : PPU[44] Thread (Gem Update)[0x0110c064]]: TODO: cellGemGetState
[E : PPU[44] Thread (Gem Update)[0x0110c064]]: TODO: cellGemGetState
[E : PPU[44] Thread (Gem Update)[0x0110c064]]: TODO: cellGemGetState
[E : PPU[44] Thread (Gem Update)[0x0110c064]]: TODO: cellGemGetState
[E : PPU[44] Thread (Gem Update)[0x0110c064]]: TODO: cellGemGetState
[E : PPU[44] Thread (Gem Update)[0x0110c064]]: TODO: cellGemGetState
[E : PPU[44] Thread (Gem Update)[0x0110c064]]: TODO: cellGemGetState
[E : PPU[44] Thread (Gem Update)[0x0110c064]]: TODO: cellGemGetState
[E : PPU[44] Thread (Gem Update)[0x0110c064]]: TODO: cellGemGetState
[E : PPU[44] Thread (Gem Update)[0x0110c064]]: TODO: cellGemGetState
[E : PPU[44] Thread (Gem Update)[0x0110c064]]: TODO: cellGemGetState
[E : PPU[44] Thread (Gem Update)[0x0110c064]]: TODO: cellGemGetState
[E : PPU[44] Thread (Gem Update)[0x0110c064]]: TODO: cellGemGetState
[E : PPU[44] Thread (Gem Update)[0x0110c064]]: TODO: cellGemGetState
[E : PPU[44] Thread (Gem Update)[0x0110c064]]: TODO: cellGemGetState
[E : PPU[44] Thread (Gem Update)[0x0110c064]]: TODO: cellGemGetState
[E : PPU[44] Thread (Gem Update)[0x0110c064]]: TODO: cellGemGetState
[E : PPU[44] Thread (Gem Update)[0x0110c064]]: TODO: cellGemGetState
[E : PPU[44] Thread (Gem Update)[0x0110c064]]: TODO: cellGemGetState
[E : PPU[44] Thread (Gem Update)[0x0110c064]]: TODO: cellGemGetState
[E : PPU[44] Thread (Gem Update)[0x0110c064]]: TODO: cellGemGetState
[E : PPU[44] Thread (Gem Update)[0x0110c064]]: TODO: cellGemGetState
[E : PPU[44] Thread (Gem Update)[0x0110c064]]: TODO: cellGemGetState
[E : PPU[44] Thread (Gem Update)[0x0110c064]]: TODO: cellGemGetState
[E : PPU[44] Thread (Gem Update)[0x0110c064]]: TODO: cellGemGetState
[E : PPU[44] Thread (Gem Update)[0x0110c064]]: TODO: cellGemGetState
[E : PPU[44] Thread (Gem Update)[0x0110c064]]: TODO: cellGemGetState
[E : PPU[44] Thread (Gem Update)[0x0110c064]]: TODO: cellGemGetState
[E : PPU[44] Thread (Gem Update)[0x0110c064]]: TODO: cellGemGetState
[E : PPU[44] Thread (Gem Update)[0x0110c064]]: TODO: cellGemGetState
[E : PPU[44] Thread (Gem Update)[0x0110c064]]: TODO: cellGemGetState
[E : PPU[44] Thread (Gem Update)[0x0110c064]]: TODO: cellGemGetState
[E : PPU[44] Thread (Gem Update)[0x0110c064]]: TODO: cellGemGetState
[E : PPU[44] Thread (Gem Update)[0x0110c0dc]]: TODO: cellGemGetInertialState
[E : PPU[44] Thread (Gem Update)[0x01545028]]: cellGcmSys error: Unimplemented function: cellGcmSetCursorPosition
[E : PPU[44] Thread (Gem Update)[0x0110c064]]: TODO: cellGemGetState
[E : PPU[44] Thread (Gem Update)[0x0110c10c]]: TODO: cellGemGetStatusFlags
[E : PPU[44] Thread (Gem Update)[0x0110c0dc]]: TODO: cellGemGetInertialState
[E : PPU[44] Thread (Gem Update)[0x0110c064]]: TODO: cellGemGetState
[E : PPU[44] Thread (Gem Update)[0x0110c064]]: TODO: cellGemGetState
[E : PPU[44] Thread (Gem Update)[0x0110c064]]: TODO: cellGemGetState
[E : PPU[44] Thread (Gem Update)[0x0110c064]]: TODO: cellGemGetState
[E : PPU[44] Thread (Gem Update)[0x0110c064]]: TODO: cellGemGetState
[E : PPU[44] Thread (Gem Update)[0x0110c064]]: TODO: cellGemGetState
[W : PPU[1] Thread (CPUThread)[0x01547010]]: cellSysmodule warning: cellSysmoduleLoadModule(CELL_SYSMODULE_FS)
[E : PPU[2] Thread (Callback)[0x01545094]]: TODO: cellGcmGetLastFlipTime
[E : PPU[44] Thread (Gem Update)[0x0110c064]]: TODO: cellGemGetState
[E : PPU[2] Thread (Callback)[0x0154504c]]: TODO: cellGcmGetLastSecondVTime
[E : PPU[44] Thread (Gem Update)[0x0110c064]]: TODO: cellGemGetState
[E : PPU[44] Thread (Gem Update)[0x0110c064]]: TODO: cellGemGetState
[E : PPU[44] Thread (Gem Update)[0x0110c064]]: TODO: cellGemGetState
[E : PPU[44] Thread (Gem Update)[0x0110c064]]: TODO: cellGemGetState
[W : PPU[1] Thread (CPUThread)[0x01547010]]: cellSysmodule warning: cellSysmoduleLoadModule(CELL_SYSMODULE_IO)
[E : PPU[44] Thread (Gem Update)[0x0110c064]]: TODO: cellGemGetState
[W : PPU[1] Thread (CPUThread)[0x01547010]]: cellSysmodule warning: cellSysmoduleLoadModule(CELL_SYSMODULE_FS)
[E : PPU[44] Thread (Gem Update)[0x0110c064]]: TODO: cellGemGetState
[E : PPU[44] Thread (Gem Update)[0x0110c064]]: TODO: cellGemGetState
[E : PPU[44] Thread (Gem Update)[0x0110c064]]: TODO: cellGemGetState
[E : PPU[44] Thread (Gem Update)[0x0110c064]]: TODO: cellGemGetState
[W : PPU[1] Thread (CPUThread)[0x01561058]]: sys_lwmutex warning: *** lwmutex created [opWait] (attribute=0x12): sq_id = 45
[E : PPU[44] Thread (Gem Update)[0x0110c064]]: TODO: cellGemGetState
[E : PPU[44] Thread (Gem Update)[0x0110c064]]: TODO: cellGemGetState
[W : PPU[1] Thread (CPUThread)[0x0156110c]]: sys_lwcond warning: Recursive lwmutex(sq=45)
[E : PPU[44] Thread (Gem Update)[0x0110c064]]: TODO: cellGemGetState
[E : PPU[44] Thread (Gem Update)[0x0110c064]]: TODO: cellGemGetState
[W : PPU[1] Thread (CPUThread)[0x0156110c]]: sys_lwcond warning: *** lwcond created [opWait] (lwmutex_addr=0x30119e00): id = 46
[E : PPU[44] Thread (Gem Update)[0x0110c064]]: TODO: cellGemGetState
[E : PPU[44] Thread (Gem Update)[0x0110c064]]: TODO: cellGemGetState
[E : PPU[44] Thread (Gem Update)[0x0110c064]]: TODO: cellGemGetState
[W : PPU[1] Thread (CPUThread)[0x01561058]]: sys_lwmutex warning: *** lwmutex created [s_media] (attribute=0x12): sq_id = 47
[E : PPU[44] Thread (Gem Update)[0x0110c064]]: TODO: cellGemGetState
[E : PPU[44] Thread (Gem Update)[0x0110c064]]: TODO: cellGemGetState
[E : PPU[44] Thread (Gem Update)[0x0110c064]]: TODO: cellGemGetState
[W : PPU[1] Thread (CPUThread)[0x01561058]]: sys_lwmutex warning: *** lwmutex created [media.m] (attribute=0x12): sq_id = 48
[E : PPU[44] Thread (Gem Update)[0x0110c064]]: TODO: cellGemGetState
[E : PPU[44] Thread (Gem Update)[0x0110c064]]: TODO: cellGemGetState
[E : PPU[44] Thread (Gem Update)[0x0110c064]]: TODO: cellGemGetState
[E : PPU[44] Thread (Gem Update)[0x0110c064]]: TODO: cellGemGetState
[E : PPU[44] Thread (Gem Update)[0x0110c064]]: TODO: cellGemGetState
[E : PPU[44] Thread (Gem Update)[0x0110c064]]: TODO: cellGemGetState
[W : PPU[1] Thread (CPUThread)[0x01561058]]: sys_lwmutex warning: *** lwmutex created [ps3medi] (attribute=0x12): sq_id = 49
[E : PPU[44] Thread (Gem Update)[0x0110c064]]: TODO: cellGemGetState
[E : PPU[44] Thread (Gem Update)[0x0110c064]]: TODO: cellGemGetState
[E : PPU[44] Thread (Gem Update)[0x0110c064]]: TODO: cellGemGetState
[E : PPU[44] Thread (Gem Update)[0x0110c064]]: TODO: cellGemGetState
[E : PPU[44] Thread (Gem Update)[0x0110c064]]: TODO: cellGemGetState
[E : PPU[44] Thread (Gem Update)[0x0110c064]]: TODO: cellGemGetState
[E : PPU[44] Thread (Gem Update)[0x0110c064]]: TODO: cellGemGetState
[E : PPU[44] Thread (Gem Update)[0x0110c064]]: TODO: cellGemGetState
[E : PPU[44] Thread (Gem Update)[0x0110c064]]: TODO: cellGemGetState
[E : PPU[44] Thread (Gem Update)[0x0110c064]]: TODO: cellGemGetState
[E : PPU[44] Thread (Gem Update)[0x0110c064]]: TODO: cellGemGetState
[E : PPU[44] Thread (Gem Update)[0x0110c064]]: TODO: cellGemGetState
[E : PPU[44] Thread (Gem Update)[0x0110c064]]: TODO: cellGemGetState
[E : PPU[44] Thread (Gem Update)[0x0110c064]]: TODO: cellGemGetState
[E : PPU[44] Thread (Gem Update)[0x0110c064]]: TODO: cellGemGetState
[E : PPU[44] Thread (Gem Update)[0x0110c064]]: TODO: cellGemGetState
[E : PPU[44] Thread (Gem Update)[0x0110c064]]: TODO: cellGemGetState
[E : PPU[44] Thread (Gem Update)[0x0110c064]]: TODO: cellGemGetState
[E : PPU[44] Thread (Gem Update)[0x0110c064]]: TODO: cellGemGetState
[E : PPU[44] Thread (Gem Update)[0x0110c064]]: TODO: cellGemGetState
[E : PPU[44] Thread (Gem Update)[0x0110c064]]: TODO: cellGemGetState
[E : PPU[44] Thread (Gem Update)[0x0110c064]]: TODO: cellGemGetState
[E : PPU[44] Thread (Gem Update)[0x0110c064]]: TODO: cellGemGetState
[E : PPU[44] Thread (Gem Update)[0x0110c064]]: TODO: cellGemGetState
[E : PPU[44] Thread (Gem Update)[0x0110c064]]: TODO: cellGemGetState
[E : PPU[44] Thread (Gem Update)[0x0110c064]]: TODO: cellGemGetState
[E : PPU[44] Thread (Gem Update)[0x0110c064]]: TODO: cellGemGetState
[E : PPU[44] Thread (Gem Update)[0x0110c0dc]]: TODO: cellGemGetInertialState
[E : PPU[44] Thread (Gem Update)[0x01557004]]: TODO: cellCameraReadEx
[E : PPU[44] Thread (Gem Update)[0x0110c004]]: TODO: cellGemUpdateStart
[E : PPU[44] Thread (Gem Update)[0x0110c04c]]: TODO: cellGemUpdateFinish
[E : PPU[44] Thread (Gem Update)[0x0110c070]]: TODO: cellGemConvertVideoStart
[E : PPU[44] Thread (Gem Update)[0x0110c01c]]: TODO: cellGemConvertVideoFinish
[E : PPU[44] Thread (Gem Update)[0x0110c0a0]]: TODO: cellGemGetInfo
[E : PPU[44] Thread (Gem Update)[0x0110c064]]: TODO: cellGemGetState
[E : PPU[44] Thread (Gem Update)[0x0110c10c]]: TODO: cellGemGetStatusFlags
[E : PPU[44] Thread (Gem Update)[0x0110c0dc]]: TODO: cellGemGetInertialState
[E : PPU[44] Thread (Gem Update)[0x0110c064]]: TODO: cellGemGetState
[E : PPU[44] Thread (Gem Update)[0x0110c064]]: TODO: cellGemGetState
[E : PPU[44] Thread (Gem Update)[0x0110c064]]: TODO: cellGemGetState
[E : PPU[44] Thread (Gem Update)[0x0110c064]]: TODO: cellGemGetState
[E : PPU[44] Thread (Gem Update)[0x0110c064]]: TODO: cellGemGetState
[E : PPU[44] Thread (Gem Update)[0x0110c064]]: TODO: cellGemGetState
[E : PPU[44] Thread (Gem Update)[0x0110c064]]: TODO: cellGemGetState
[E : PPU[44] Thread (Gem Update)[0x0110c064]]: TODO: cellGemGetState
[E : PPU[44] Thread (Gem Update)[0x0110c064]]: TODO: cellGemGetState
[E : PPU[44] Thread (Gem Update)[0x0110c064]]: TODO: cellGemGetState
[E : PPU[44] Thread (Gem Update)[0x0110c064]]: TODO: cellGemGetState
[E : PPU[44] Thread (Gem Update)[0x0110c064]]: TODO: cellGemGetState
[E : PPU[44] Thread (Gem Update)[0x0110c064]]: TODO: cellGemGetState
[E : PPU[44] Thread (Gem Update)[0x0110c064]]: TODO: cellGemGetState
[E : PPU[44] Thread (Gem Update)[0x0110c064]]: TODO: cellGemGetState
[E : PPU[44] Thread (Gem Update)[0x0110c064]]: TODO: cellGemGetState
[E : PPU[44] Thread (Gem Update)[0x0110c064]]: TODO: cellGemGetState
[E : PPU[44] Thread (Gem Update)[0x0110c064]]: TODO: cellGemGetState
[E : PPU[44] Thread (Gem Update)[0x0110c064]]: TODO: cellGemGetState
[E : PPU[44] Thread (Gem Update)[0x0110c064]]: TODO: cellGemGetState
[E : PPU[44] Thread (Gem Update)[0x0110c064]]: TODO: cellGemGetState
[E : PPU[44] Thread (Gem Update)[0x0110c064]]: TODO: cellGemGetState
[E : PPU[44] Thread (Gem Update)[0x0110c064]]: TODO: cellGemGetState
[E : PPU[44] Thread (Gem Update)[0x0110c064]]: TODO: cellGemGetState
[E : PPU[44] Thread (Gem Update)[0x0110c064]]: TODO: cellGemGetState
[E : PPU[44] Thread (Gem Update)[0x0110c064]]: TODO: cellGemGetState
[E : PPU[44] Thread (Gem Update)[0x0110c064]]: TODO: cellGemGetState
[E : PPU[44] Thread (Gem Update)[0x0110c064]]: TODO: cellGemGetState
[E : PPU[44] Thread (Gem Update)[0x0110c064]]: TODO: cellGemGetState
[E : PPU[44] Thread (Gem Update)[0x0110c064]]: TODO: cellGemGetState
[E : PPU[44] Thread (Gem Update)[0x0110c064]]: TODO: cellGemGetState
[E : PPU[44] Thread (Gem Update)[0x0110c064]]: TODO: cellGemGetState
[E : PPU[44] Thread (Gem Update)[0x0110c064]]: TODO: cellGemGetState
[E : PPU[44] Thread (Gem Update)[0x0110c064]]: TODO: cellGemGetState
[E : PPU[44] Thread (Gem Update)[0x0110c064]]: TODO: cellGemGetState
[E : PPU[44] Thread (Gem Update)[0x0110c064]]: TODO: cellGemGetState
[E : PPU[44] Thread (Gem Update)[0x0110c064]]: TODO: cellGemGetState
[E : PPU[44] Thread (Gem Update)[0x0110c064]]: TODO: cellGemGetState
[E : PPU[44] Thread (Gem Update)[0x0110c064]]: TODO: cellGemGetState
[E : PPU[44] Thread (Gem Update)[0x0110c064]]: TODO: cellGemGetState
[E : PPU[44] Thread (Gem Update)[0x0110c064]]: TODO: cellGemGetState
[E : PPU[44] Thread (Gem Update)[0x0110c064]]: TODO: cellGemGetState
[E : PPU[44] Thread (Gem Update)[0x0110c064]]: TODO: cellGemGetState
[E : PPU[44] Thread (Gem Update)[0x0110c064]]: TODO: cellGemGetState
[E : PPU[44] Thread (Gem Update)[0x0110c064]]: TODO: cellGemGetState
[E : PPU[44] Thread (Gem Update)[0x0110c064]]: TODO: cellGemGetState
[E : PPU[44] Thread (Gem Update)[0x0110c064]]: TODO: cellGemGetState
[E : PPU[44] Thread (Gem Update)[0x0110c064]]: TODO: cellGemGetState
[E : PPU[44] Thread (Gem Update)[0x0110c064]]: TODO: cellGemGetState
[E : PPU[44] Thread (Gem Update)[0x0110c064]]: TODO: cellGemGetState
[E : PPU[44] Thread (Gem Update)[0x0110c064]]: TODO: cellGemGetState
[E : PPU[44] Thread (Gem Update)[0x0110c064]]: TODO: cellGemGetState
[E : PPU[44] Thread (Gem Update)[0x0110c064]]: TODO: cellGemGetState
[E : PPU[44] Thread (Gem Update)[0x0110c064]]: TODO: cellGemGetState
[E : PPU[44] Thread (Gem Update)[0x0110c064]]: TODO: cellGemGetState
[E : PPU[44] Thread (Gem Update)[0x0110c064]]: TODO: cellGemGetState
[E : PPU[44] Thread (Gem Update)[0x0110c064]]: TODO: cellGemGetState
[E : PPU[44] Thread (Gem Update)[0x0110c064]]: TODO: cellGemGetState
[E : PPU[44] Thread (Gem Update)[0x0110c064]]: TODO: cellGemGetState
[E : PPU[44] Thread (Gem Update)[0x0110c0dc]]: TODO: cellGemGetInertialState
[E : PPU[44] Thread (Gem Update)[0x01545130]]: cellGcmSys error: Unimplemented function: cellGcmUpdateCursor
[E : PPU[44] Thread (Gem Update)[0x01545028]]: cellGcmSys error: Unimplemented function: cellGcmSetCursorPosition
[E : PPU[44] Thread (Gem Update)[0x0110c064]]: TODO: cellGemGetState
[E : PPU[44] Thread (Gem Update)[0x0110c10c]]: TODO: cellGemGetStatusFlags
[E : PPU[44] Thread (Gem Update)[0x0110c0dc]]: TODO: cellGemGetInertialState
[E : PPU[44] Thread (Gem Update)[0x0110c064]]: TODO: cellGemGetState
[E : PPU[44] Thread (Gem Update)[0x0110c064]]: TODO: cellGemGetState
[E : PPU[44] Thread (Gem Update)[0x0110c064]]: TODO: cellGemGetState
[E : PPU[44] Thread (Gem Update)[0x0110c064]]: TODO: cellGemGetState
[E : PPU[44] Thread (Gem Update)[0x0110c064]]: TODO: cellGemGetState
[E : PPU[44] Thread (Gem Update)[0x0110c064]]: TODO: cellGemGetState
[E : PPU[44] Thread (Gem Update)[0x0110c064]]: TODO: cellGemGetState
[E : PPU[44] Thread (Gem Update)[0x0110c064]]: TODO: cellGemGetState
[E : PPU[44] Thread (Gem Update)[0x0110c064]]: TODO: cellGemGetState
[E : PPU[44] Thread (Gem Update)[0x0110c064]]: TODO: cellGemGetState
[E : PPU[44] Thread (Gem Update)[0x0110c064]]: TODO: cellGemGetState
[E : PPU[44] Thread (Gem Update)[0x0110c064]]: TODO: cellGemGetState
[E : PPU[44] Thread (Gem Update)[0x0110c064]]: TODO: cellGemGetState
[E : PPU[44] Thread (Gem Update)[0x0110c064]]: TODO: cellGemGetState
[E : PPU[44] Thread (Gem Update)[0x0110c064]]: TODO: cellGemGetState
[E : PPU[44] Thread (Gem Update)[0x0110c064]]: TODO: cellGemGetState
[E : PPU[44] Thread (Gem Update)[0x0110c064]]: TODO: cellGemGetState
[E : PPU[44] Thread (Gem Update)[0x0110c064]]: TODO: cellGemGetState
[E : PPU[44] Thread (Gem Update)[0x0110c064]]: TODO: cellGemGetState
[E : PPU[44] Thread (Gem Update)[0x0110c064]]: TODO: cellGemGetState
[E : PPU[44] Thread (Gem Update)[0x0110c064]]: TODO: cellGemGetState
[E : PPU[44] Thread (Gem Update)[0x0110c064]]: TODO: cellGemGetState
[E : PPU[44] Thread (Gem Update)[0x0110c064]]: TODO: cellGemGetState
[E : PPU[44] Thread (Gem Update)[0x0110c064]]: TODO: cellGemGetState
[E : PPU[44] Thread (Gem Update)[0x0110c064]]: TODO: cellGemGetState
[E : PPU[44] Thread (Gem Update)[0x0110c064]]: TODO: cellGemGetState
[E : PPU[44] Thread (Gem Update)[0x0110c064]]: TODO: cellGemGetState
[E : PPU[44] Thread (Gem Update)[0x0110c064]]: TODO: cellGemGetState
[E : PPU[44] Thread (Gem Update)[0x0110c064]]: TODO: cellGemGetState
[E : PPU[44] Thread (Gem Update)[0x0110c064]]: TODO: cellGemGetState
[E : PPU[44] Thread (Gem Update)[0x0110c064]]: TODO: cellGemGetState
[E : PPU[44] Thread (Gem Update)[0x0110c064]]: TODO: cellGemGetState
[E : PPU[44] Thread (Gem Update)[0x0110c064]]: TODO: cellGemGetState
[E : PPU[44] Thread (Gem Update)[0x0110c064]]: TODO: cellGemGetState
[E : PPU[44] Thread (Gem Update)[0x0110c064]]: TODO: cellGemGetState
[E : PPU[44] Thread (Gem Update)[0x0110c064]]: TODO: cellGemGetState
[E : PPU[44] Thread (Gem Update)[0x0110c064]]: TODO: cellGemGetState
[E : PPU[44] Thread (Gem Update)[0x0110c064]]: TODO: cellGemGetState
[E : PPU[44] Thread (Gem Update)[0x0110c064]]: TODO: cellGemGetState
[E : PPU[44] Thread (Gem Update)[0x0110c064]]: TODO: cellGemGetState
[E : PPU[44] Thread (Gem Update)[0x0110c064]]: TODO: cellGemGetState
[E : PPU[44] Thread (Gem Update)[0x0110c064]]: TODO: cellGemGetState
[E : PPU[44] Thread (Gem Update)[0x0110c064]]: TODO: cellGemGetState
[E : PPU[44] Thread (Gem Update)[0x0110c064]]: TODO: cellGemGetState
[E : PPU[44] Thread (Gem Update)[0x0110c064]]: TODO: cellGemGetState
[E : PPU[44] Thread (Gem Update)[0x0110c064]]: TODO: cellGemGetState
[E : PPU[44] Thread (Gem Update)[0x0110c064]]: TODO: cellGemGetState
[E : PPU[44] Thread (Gem Update)[0x0110c064]]: TODO: cellGemGetState
[E : PPU[44] Thread (Gem Update)[0x0110c064]]: TODO: cellGemGetState
[E : PPU[44] Thread (Gem Update)[0x0110c064]]: TODO: cellGemGetState
[E : PPU[44] Thread (Gem Update)[0x0110c064]]: TODO: cellGemGetState
[E : PPU[44] Thread (Gem Update)[0x0110c064]]: TODO: cellGemGetState
[E : PPU[44] Thread (Gem Update)[0x0110c064]]: TODO: cellGemGetState
[E : PPU[44] Thread (Gem Update)[0x0110c064]]: TODO: cellGemGetState
[E : PPU[44] Thread (Gem Update)[0x0110c064]]: TODO: cellGemGetState
[E : PPU[44] Thread (Gem Update)[0x0110c064]]: TODO: cellGemGetState
[E : PPU[44] Thread (Gem Update)[0x0110c064]]: TODO: cellGemGetState
[E : PPU[44] Thread (Gem Update)[0x0110c064]]: TODO: cellGemGetState
[E : PPU[44] Thread (Gem Update)[0x0110c064]]: TODO: cellGemGetState
[E : PPU[44] Thread (Gem Update)[0x0110c0dc]]: TODO: cellGemGetInertialState
[W : PPU[1] Thread (CPUThread)[0x0016f2e8]]: sys_rwlock warning: sys_rwlock_create(rw_lock_id_addr=0x30119f4c, attr_addr=0xd0010460)
[W : PPU[1] Thread (CPUThread)[0x0016f2e8]]: sys_rwlock warning: TODO: SYS_SYNC_PRIORITY attr
[W : PPU[1] Thread (CPUThread)[0x0016f2e8]]: sys_rwlock warning: *** rwlock created [] (protocol=0x2): id = 50
[W : PPU[1] Thread (CPUThread)[0x01561058]]: sys_lwmutex warning: *** lwmutex created [media.m] (attribute=0x12): sq_id = 51
[W : PPU[1] Thread (CPUThread)[0x0156110c]]: sys_lwcond warning: Recursive lwmutex(sq=51)
[W : PPU[1] Thread (CPUThread)[0x0156110c]]: sys_lwcond warning: *** lwcond created [media.m] (lwmutex_addr=0x30119f68): id = 52
[W : PPU[1] Thread (CPUThread)[0x0016f2e8]]: sys_rwlock warning: sys_rwlock_create(rw_lock_id_addr=0x3011a2fc, attr_addr=0xd0010460)
[W : PPU[1] Thread (CPUThread)[0x0016f2e8]]: sys_rwlock warning: TODO: SYS_SYNC_PRIORITY attr
[W : PPU[1] Thread (CPUThread)[0x0016f2e8]]: sys_rwlock warning: *** rwlock created [] (protocol=0x2): id = 53
[W : PPU[1] Thread (CPUThread)[0x01547010]]: cellSysmodule warning: cellSysmoduleLoadModule(CELL_SYSMODULE_SYSUTIL_GAME)
[E : PPU[1] Thread (CPUThread)[0x0110e034]]: cellGame error: Unimplemented function: cellGameDataCheck
[W : PPU[1] Thread (CPUThread)[0x0110e004]]: cellGame warning: cellGameContentPermit(contentInfoPath_addr=0x3011a310, usrdirPath_addr=0x3011a390)
[E : PPU[44] Thread (Gem Update)[0x01557004]]: TODO: cellCameraReadEx
[E : PPU[44] Thread (Gem Update)[0x0110c004]]: TODO: cellGemUpdateStart
[E : PPU[44] Thread (Gem Update)[0x0110c04c]]: TODO: cellGemUpdateFinish
[E : PPU[44] Thread (Gem Update)[0x0110c070]]: TODO: cellGemConvertVideoStart
[E : PPU[44] Thread (Gem Update)[0x0110c01c]]: TODO: cellGemConvertVideoFinish
[E : PPU[44] Thread (Gem Update)[0x0110c0a0]]: TODO: cellGemGetInfo
[E : PPU[44] Thread (Gem Update)[0x0110c064]]: TODO: cellGemGetState
[E : PPU[44] Thread (Gem Update)[0x0110c10c]]: TODO: cellGemGetStatusFlags
[E : PPU[44] Thread (Gem Update)[0x0110c0dc]]: TODO: cellGemGetInertialState
[E : PPU[44] Thread (Gem Update)[0x0110c064]]: TODO: cellGemGetState
[E : PPU[44] Thread (Gem Update)[0x0110c064]]: TODO: cellGemGetState
[E : PPU[44] Thread (Gem Update)[0x0110c064]]: TODO: cellGemGetState
[E : PPU[44] Thread (Gem Update)[0x0110c064]]: TODO: cellGemGetState
[E : PPU[44] Thread (Gem Update)[0x0110c064]]: TODO: cellGemGetState
[E : PPU[44] Thread (Gem Update)[0x0110c064]]: TODO: cellGemGetState
[E : PPU[44] Thread (Gem Update)[0x0110c064]]: TODO: cellGemGetState
[E : PPU[44] Thread (Gem Update)[0x0110c064]]: TODO: cellGemGetState
[E : PPU[44] Thread (Gem Update)[0x0110c064]]: TODO: cellGemGetState
[E : PPU[44] Thread (Gem Update)[0x0110c064]]: TODO: cellGemGetState
[E : PPU[44] Thread (Gem Update)[0x0110c064]]: TODO: cellGemGetState
[E : PPU[44] Thread (Gem Update)[0x0110c064]]: TODO: cellGemGetState
[E : PPU[44] Thread (Gem Update)[0x0110c064]]: TODO: cellGemGetState
[E : PPU[44] Thread (Gem Update)[0x0110c064]]: TODO: cellGemGetState
[E : PPU[44] Thread (Gem Update)[0x0110c064]]: TODO: cellGemGetState
[E : PPU[44] Thread (Gem Update)[0x0110c064]]: TODO: cellGemGetState
[E : PPU[44] Thread (Gem Update)[0x0110c064]]: TODO: cellGemGetState
[E : PPU[44] Thread (Gem Update)[0x0110c064]]: TODO: cellGemGetState
[E : PPU[44] Thread (Gem Update)[0x0110c064]]: TODO: cellGemGetState
[E : PPU[44] Thread (Gem Update)[0x0110c064]]: TODO: cellGemGetState
[W : PPU[1] Thread (CPUThread)[0x003dffc4]]: sysPrxForUser warning: sys_ppu_thread_join(thread_id=44, vptr_addr=0xd0010780)
[E : PPU[44] Thread (Gem Update)[0x0110c064]]: TODO: cellGemGetState
[E : PPU[44] Thread (Gem Update)[0x0110c064]]: TODO: cellGemGetState
[E : PPU[44] Thread (Gem Update)[0x0110c064]]: TODO: cellGemGetState
[E : PPU[44] Thread (Gem Update)[0x0110c064]]: TODO: cellGemGetState
[E : PPU[44] Thread (Gem Update)[0x0110c064]]: TODO: cellGemGetState
[E : PPU[44] Thread (Gem Update)[0x0110c064]]: TODO: cellGemGetState
[E : PPU[44] Thread (Gem Update)[0x0110c064]]: TODO: cellGemGetState
[E : PPU[44] Thread (Gem Update)[0x0110c064]]: TODO: cellGemGetState
[E : PPU[44] Thread (Gem Update)[0x0110c064]]: TODO: cellGemGetState
[E : PPU[44] Thread (Gem Update)[0x0110c064]]: TODO: cellGemGetState
[E : PPU[44] Thread (Gem Update)[0x0110c064]]: TODO: cellGemGetState
[E : PPU[44] Thread (Gem Update)[0x0110c064]]: TODO: cellGemGetState
[E : PPU[44] Thread (Gem Update)[0x0110c064]]: TODO: cellGemGetState
[E : PPU[44] Thread (Gem Update)[0x0110c064]]: TODO: cellGemGetState
[E : PPU[44] Thread (Gem Update)[0x0110c064]]: TODO: cellGemGetState
[E : PPU[44] Thread (Gem Update)[0x0110c064]]: TODO: cellGemGetState
[E : PPU[44] Thread (Gem Update)[0x0110c064]]: TODO: cellGemGetState
[E : PPU[44] Thread (Gem Update)[0x0110c064]]: TODO: cellGemGetState
[E : PPU[44] Thread (Gem Update)[0x0110c064]]: TODO: cellGemGetState
[E : PPU[44] Thread (Gem Update)[0x0110c064]]: TODO: cellGemGetState
[E : PPU[44] Thread (Gem Update)[0x0110c064]]: TODO: cellGemGetState
[E : PPU[44] Thread (Gem Update)[0x0110c064]]: TODO: cellGemGetState
[E : PPU[44] Thread (Gem Update)[0x0110c064]]: TODO: cellGemGetState
[E : PPU[44] Thread (Gem Update)[0x0110c064]]: TODO: cellGemGetState
[E : PPU[44] Thread (Gem Update)[0x0110c064]]: TODO: cellGemGetState
[E : PPU[44] Thread (Gem Update)[0x0110c064]]: TODO: cellGemGetState
[E : PPU[44] Thread (Gem Update)[0x0110c064]]: TODO: cellGemGetState
[E : PPU[44] Thread (Gem Update)[0x0110c064]]: TODO: cellGemGetState
[E : PPU[44] Thread (Gem Update)[0x0110c064]]: TODO: cellGemGetState
[E : PPU[44] Thread (Gem Update)[0x0110c064]]: TODO: cellGemGetState
[E : PPU[44] Thread (Gem Update)[0x0110c064]]: TODO: cellGemGetState
[E : PPU[44] Thread (Gem Update)[0x0110c064]]: TODO: cellGemGetState
[E : PPU[44] Thread (Gem Update)[0x0110c064]]: TODO: cellGemGetState
[E : PPU[44] Thread (Gem Update)[0x0110c064]]: TODO: cellGemGetState
[E : PPU[44] Thread (Gem Update)[0x0110c064]]: TODO: cellGemGetState
[E : PPU[44] Thread (Gem Update)[0x0110c064]]: TODO: cellGemGetState
[E : PPU[44] Thread (Gem Update)[0x0110c064]]: TODO: cellGemGetState
[E : PPU[44] Thread (Gem Update)[0x0110c064]]: TODO: cellGemGetState
[E : PPU[44] Thread (Gem Update)[0x0110c064]]: TODO: cellGemGetState
[E : PPU[44] Thread (Gem Update)[0x0110c0dc]]: TODO: cellGemGetInertialState
[E : PPU[44] Thread (Gem Update)[0x01545130]]: cellGcmSys error: Unimplemented function: cellGcmUpdateCursor
[E : PPU[44] Thread (Gem Update)[0x01545028]]: cellGcmSys error: Unimplemented function: cellGcmSetCursorPosition
[E : PPU[44] Thread (Gem Update)[0x0110c064]]: TODO: cellGemGetState
[E : PPU[44] Thread (Gem Update)[0x0110c10c]]: TODO: cellGemGetStatusFlags
[E : PPU[44] Thread (Gem Update)[0x0110c0dc]]: TODO: cellGemGetInertialState
[E : PPU[44] Thread (Gem Update)[0x0110c064]]: TODO: cellGemGetState
[E : PPU[44] Thread (Gem Update)[0x0110c064]]: TODO: cellGemGetState
[E : PPU[44] Thread (Gem Update)[0x0110c064]]: TODO: cellGemGetState
[E : PPU[44] Thread (Gem Update)[0x0110c064]]: TODO: cellGemGetState
[E : PPU[44] Thread (Gem Update)[0x0110c064]]: TODO: cellGemGetState
[E : PPU[44] Thread (Gem Update)[0x0110c064]]: TODO: cellGemGetState
[E : PPU[44] Thread (Gem Update)[0x0110c064]]: TODO: cellGemGetState
[E : PPU[44] Thread (Gem Update)[0x0110c064]]: TODO: cellGemGetState
[E : PPU[44] Thread (Gem Update)[0x0110c064]]: TODO: cellGemGetState
[E : PPU[44] Thread (Gem Update)[0x0110c064]]: TODO: cellGemGetState
[E : PPU[44] Thread (Gem Update)[0x0110c064]]: TODO: cellGemGetState
[E : PPU[44] Thread (Gem Update)[0x0110c064]]: TODO: cellGemGetState
[E : PPU[44] Thread (Gem Update)[0x0110c064]]: TODO: cellGemGetState
[E : PPU[44] Thread (Gem Update)[0x0110c064]]: TODO: cellGemGetState
[E : PPU[44] Thread (Gem Update)[0x0110c064]]: TODO: cellGemGetState
[E : PPU[44] Thread (Gem Update)[0x0110c064]]: TODO: cellGemGetState
[E : PPU[44] Thread (Gem Update)[0x0110c064]]: TODO: cellGemGetState
[E : PPU[44] Thread (Gem Update)[0x0110c064]]: TODO: cellGemGetState
[E : PPU[44] Thread (Gem Update)[0x0110c064]]: TODO: cellGemGetState
[E : PPU[44] Thread (Gem Update)[0x0110c064]]: TODO: cellGemGetState
[E : PPU[44] Thread (Gem Update)[0x0110c064]]: TODO: cellGemGetState
[E : PPU[44] Thread (Gem Update)[0x0110c064]]: TODO: cellGemGetState
[E : PPU[44] Thread (Gem Update)[0x0110c064]]: TODO: cellGemGetState
[E : PPU[44] Thread (Gem Update)[0x0110c064]]: TODO: cellGemGetState
[E : PPU[44] Thread (Gem Update)[0x0110c064]]: TODO: cellGemGetState
[E : PPU[44] Thread (Gem Update)[0x0110c064]]: TODO: cellGemGetState
[E : PPU[44] Thread (Gem Update)[0x0110c064]]: TODO: cellGemGetState
[E : PPU[44] Thread (Gem Update)[0x0110c064]]: TODO: cellGemGetState
[E : PPU[44] Thread (Gem Update)[0x0110c064]]: TODO: cellGemGetState
[E : PPU[44] Thread (Gem Update)[0x0110c064]]: TODO: cellGemGetState
[E : PPU[44] Thread (Gem Update)[0x0110c064]]: TODO: cellGemGetState
[E : PPU[44] Thread (Gem Update)[0x0110c064]]: TODO: cellGemGetState
[E : PPU[44] Thread (Gem Update)[0x0110c064]]: TODO: cellGemGetState
[E : PPU[44] Thread (Gem Update)[0x0110c064]]: TODO: cellGemGetState
[E : PPU[44] Thread (Gem Update)[0x0110c064]]: TODO: cellGemGetState
[E : PPU[44] Thread (Gem Update)[0x0110c064]]: TODO: cellGemGetState
[E : PPU[44] Thread (Gem Update)[0x0110c064]]: TODO: cellGemGetState
[E : PPU[44] Thread (Gem Update)[0x0110c064]]: TODO: cellGemGetState
[E : PPU[44] Thread (Gem Update)[0x0110c064]]: TODO: cellGemGetState
[E : PPU[44] Thread (Gem Update)[0x0110c064]]: TODO: cellGemGetState
[E : PPU[44] Thread (Gem Update)[0x0110c064]]: TODO: cellGemGetState
[E : PPU[44] Thread (Gem Update)[0x0110c064]]: TODO: cellGemGetState
[E : PPU[44] Thread (Gem Update)[0x0110c064]]: TODO: cellGemGetState
[E : PPU[44] Thread (Gem Update)[0x0110c064]]: TODO: cellGemGetState
[E : PPU[44] Thread (Gem Update)[0x0110c064]]: TODO: cellGemGetState
[E : PPU[44] Thread (Gem Update)[0x0110c064]]: TODO: cellGemGetState
[E : PPU[44] Thread (Gem Update)[0x0110c064]]: TODO: cellGemGetState
[E : PPU[44] Thread (Gem Update)[0x0110c064]]: TODO: cellGemGetState
[E : PPU[44] Thread (Gem Update)[0x0110c064]]: TODO: cellGemGetState
[E : PPU[44] Thread (Gem Update)[0x0110c064]]: TODO: cellGemGetState
[E : PPU[44] Thread (Gem Update)[0x0110c064]]: TODO: cellGemGetState
[E : PPU[44] Thread (Gem Update)[0x0110c064]]: TODO: cellGemGetState
[E : PPU[44] Thread (Gem Update)[0x0110c064]]: TODO: cellGemGetState
[E : PPU[44] Thread (Gem Update)[0x0110c064]]: TODO: cellGemGetState
[E : PPU[44] Thread (Gem Update)[0x0110c064]]: TODO: cellGemGetState
[E : PPU[44] Thread (Gem Update)[0x0110c064]]: TODO: cellGemGetState
[E : PPU[44] Thread (Gem Update)[0x0110c064]]: TODO: cellGemGetState
[E : PPU[44] Thread (Gem Update)[0x0110c064]]: TODO: cellGemGetState
[E : PPU[44] Thread (Gem Update)[0x0110c064]]: TODO: cellGemGetState
[E : PPU[44] Thread (Gem Update)[0x0110c0dc]]: TODO: cellGemGetInertialState
[E : PPU[44] Thread (Gem Update)[0x003e0b54]]: Read32 from null block: [00000028]
[! : RSXThread]: RSX thread exit...
[!]: Closing memory...
