[!]: path: /dev_hdd0/game/
[W]: SELF: No NPDRM control info found!
[!]: Loading 'F:\Ps3 game\dev_hdd0\game\BCUS98229 - [God of War Collection] L\USRDIR/BOOT.BIN'...
[!]: Mount info:
[!]: /dev_hdd0/ -> F:\Ps3 game\dev_hdd0
[!]: /dev_hdd1/ -> E:\PS3EMU\Rpcs3-x6415/dev_hdd1/
[!]: /dev_flash/ -> E:\PS3EMU\Rpcs3-x6415/dev_flash/
[!]: /dev_usb000/ -> E:\PS3EMU\Rpcs3-x6415/dev_usb000/
[!]: /dev_usb/ -> E:\PS3EMU\Rpcs3-x6415/dev_usb000/
[!]: /app_home/ -> F:\Ps3 game\dev_hdd0\game\BCUS98229 - [God of War Collection] L\
[!]: /dev_bdvd/ -> F:\Ps3 game\dev_hdd0\game\BCUS98229 - [God of War Collection] L\/../
[!]: /host_root/ -> 
[!]: / -> F:\Ps3 game\dev_hdd0\game\BCUS98229 - [God of War Collection] L\
[!]: Initing memory...
[!]: Memory initialized.
[W]: Unknown function 0x303c19cd in 'cellSpurs' module
[E]: TODO: cellSpursCreateJobChainWithAttribute
[W]: Unknown function 0x3548f483 in 'cellSpurs' module
[E]: TODO: _cellSpursJobChainAttributeInitialize
[W]: Unknown function 0x738e40e6 in 'cellSpurs' module
[E]: TODO: cellSpursShutdownJobChain
[W]: Unknown function 0x9fef70c2 in 'cellSpurs' module
[E]: TODO: cellSpursJobChainAttributeSetName
[W]: Unknown function 0xa7c066de in 'cellSpurs' module
[E]: TODO: cellSpursJoinJobChain
[W]: Unknown function 0xf31731bb in 'cellSpurs' module
[E]: TODO: cellSpursRunJobChain
[W]: Unknown function 0x182d9890 in 'cellSpurs' module
[E]: TODO: cellSpursRequestIdleSpu
[W]: Unknown function 0x4a5eab63 in 'cellSpurs' module
[E]: TODO: cellSpursWorkloadAttributeSetName
[W]: Unknown function 0x4e153e3e in 'cellSpurs' module
[E]: TODO: cellSpursGetWorkloadInfo
[W]: Unknown function 0x57e4dec3 in 'cellSpurs' module
[E]: TODO: cellSpursRemoveWorkload
[W]: Unknown function 0x5fd43fe4 in 'cellSpurs' module
[E]: TODO: cellSpursWaitForWorkloadShutdown
[W]: Unknown function 0x98d5b343 in 'cellSpurs' module
[E]: TODO: cellSpursShutdownWorkload
[W]: Unknown function 0xc0158d8b in 'cellSpurs' module
[E]: TODO: cellSpursAddWorkloadWithAttribute
[W]: Unknown function 0xd2e23fa9 in 'cellSpurs' module
[E]: TODO: cellSpursSetExceptionEventHandler
[W]: Unknown function 0xefeb2679 in 'cellSpurs' module
[E]: TODO: _cellSpursWorkloadAttributeInitialize
[W]: Unknown function 0xf843818d in 'cellSpurs' module
[E]: TODO: cellSpursReadyCountStore
[W]: Unknown function 0x20543730 in 'cellSysutil' module
[E]: TODO: cellMsgDialogClose
[W]: Unknown function 0x99d397ac in 'cellGcmSys' module
[E]: TODO: cellGcmGetReport
[W]: Unknown function 0xe6c8f3f9 in 'sceNp' module
[E]: TODO: sceNpDrmProcessExitSpawn2
[W]: Unknown function 0xdd3b27ac in 'sysPrxForUser' module
[E]: TODO: _sys_spu_printf_finalize
[W : PPU[1] Thread (CPUThread)[0x005c904c]]: sys_lwmutex warning: *** lwmutex created [_lc_mtx] (attribute=0x12): sq_id = 3
[W : PPU[1] Thread (CPUThread)[0x002b37d0]]: memory warning: sys_memory_get_user_memory_size(mem_info_addr=0xd0010c04)
[W : PPU[1] Thread (CPUThread)[0x005c904c]]: sys_lwmutex warning: *** lwmutex created [_lc_mtx] (attribute=0x12): sq_id = 4
[W : PPU[1] Thread (CPUThread)[0x005c904c]]: sys_lwmutex warning: *** lwmutex created [_lc_mtx] (attribute=0x12): sq_id = 5
[W : PPU[1] Thread (CPUThread)[0x005c904c]]: sys_lwmutex warning: *** lwmutex created [_lc_mtx] (attribute=0x12): sq_id = 6
[W : PPU[1] Thread (CPUThread)[0x005c904c]]: sys_lwmutex warning: *** lwmutex created [_lc_mtx] (attribute=0x12): sq_id = 7
[W : PPU[1] Thread (CPUThread)[0x005c904c]]: sys_lwmutex warning: *** lwmutex created [_lc_mtx] (attribute=0x12): sq_id = 8
[W : PPU[1] Thread (CPUThread)[0x005c904c]]: sys_lwmutex warning: *** lwmutex created [_lc_mtx] (attribute=0x12): sq_id = 9
[W : PPU[1] Thread (CPUThread)[0x005c904c]]: sys_lwmutex warning: *** lwmutex created [_lc_mtx] (attribute=0x12): sq_id = 10
[W : PPU[1] Thread (CPUThread)[0x005c904c]]: sys_lwmutex warning: *** lwmutex created [_lc_mtx] (attribute=0x12): sq_id = 11
[W : PPU[1] Thread (CPUThread)[0x005c904c]]: sys_lwmutex warning: *** lwmutex created [_lc_mtx] (attribute=0x12): sq_id = 12
[W : PPU[1] Thread (CPUThread)[0x005c904c]]: sys_lwmutex warning: *** lwmutex created [_lgcmtx] (attribute=0x12): sq_id = 13
[W : PPU[1] Thread (CPUThread)[0x005c904c]]: sys_lwmutex warning: *** lwmutex created [_lgcmtx] (attribute=0x22): sq_id = 14
[W : PPU[1] Thread (CPUThread)[0x005c904c]]: sys_lwmutex warning: *** lwmutex created [_lc_mtx] (attribute=0x12): sq_id = 15
[W : PPU[1] Thread (CPUThread)[0x005c904c]]: sys_lwmutex warning: *** lwmutex created [_lc_mtx] (attribute=0x12): sq_id = 16
[W : PPU[1] Thread (CPUThread)[0x005c904c]]: sys_lwmutex warning: *** lwmutex created [_lc_mtx] (attribute=0x12): sq_id = 17
[W : PPU[1] Thread (CPUThread)[0x005c904c]]: sys_lwmutex warning: *** lwmutex created [_lc_mtx] (attribute=0x12): sq_id = 18
[W : PPU[1] Thread (CPUThread)[0x005c904c]]: sys_lwmutex warning: *** lwmutex created [_lc_mtx] (attribute=0x12): sq_id = 19
[W : PPU[1] Thread (CPUThread)[0x005c904c]]: sys_lwmutex warning: *** lwmutex created [_lc_mtx] (attribute=0x12): sq_id = 20
[W : PPU[1] Thread (CPUThread)[0x005c904c]]: sys_lwmutex warning: *** lwmutex created [_lc_mtx] (attribute=0x12): sq_id = 21
[W : PPU[1] Thread (CPUThread)[0x005c904c]]: sys_lwmutex warning: *** lwmutex created [_lc_mtx] (attribute=0x12): sq_id = 22
[W : PPU[1] Thread (CPUThread)[0x005c904c]]: sys_lwmutex warning: *** lwmutex created [_lc_mtx] (attribute=0x12): sq_id = 23
[W : PPU[1] Thread (CPUThread)[0x005c904c]]: sys_lwmutex warning: *** lwmutex created [_lc_mtx] (attribute=0x12): sq_id = 24
[W : PPU[1] Thread (CPUThread)[0x005c904c]]: sys_lwmutex warning: *** lwmutex created [_lc_mtx] (attribute=0x12): sq_id = 25
[W : PPU[1] Thread (CPUThread)[0x005c904c]]: sys_lwmutex warning: *** lwmutex created [_lc_mtx] (attribute=0x12): sq_id = 26
[W : PPU[1] Thread (CPUThread)[0x001e0e08]]: sys_mutex warning: *** mutex created [p_mutex] (protocol=0x1, recursive=true): id = 27
[W : PPU[1] Thread (CPUThread)[0x001e0e08]]: sys_mutex warning: *** mutex created [p_mutex] (protocol=0x1, recursive=true): id = 28
[W : PPU[1] Thread (CPUThread)[0x001e0e08]]: sys_mutex warning: *** mutex created [p_mutex] (protocol=0x1, recursive=true): id = 29
[W : PPU[1] Thread (CPUThread)[0x001e0e08]]: sys_mutex warning: *** mutex created [p_mutex] (protocol=0x1, recursive=true): id = 30
[W : PPU[1] Thread (CPUThread)[0x001e0e08]]: sys_mutex warning: *** mutex created [p_mutex] (protocol=0x1, recursive=true): id = 31
[W : PPU[1] Thread (CPUThread)[0x001e0e08]]: sys_mutex warning: *** mutex created [p_mutex] (protocol=0x1, recursive=true): id = 32
[W : PPU[1] Thread (CPUThread)[0x001e0e08]]: sys_mutex warning: *** mutex created [p_mutex] (protocol=0x1, recursive=true): id = 33
[W : PPU[1] Thread (CPUThread)[0x001e0e08]]: sys_mutex warning: *** mutex created [p_mutex] (protocol=0x1, recursive=true): id = 34
[W : PPU[1] Thread (CPUThread)[0x001e0e08]]: sys_mutex warning: *** mutex created [p_mutex] (protocol=0x1, recursive=true): id = 35
[W : PPU[1] Thread (CPUThread)[0x001e0e08]]: sys_mutex warning: *** mutex created [p_mutex] (protocol=0x1, recursive=true): id = 36
[W : PPU[1] Thread (CPUThread)[0x001e0e08]]: sys_mutex warning: *** mutex created [p_mutex] (protocol=0x1, recursive=true): id = 37
[W : PPU[1] Thread (CPUThread)[0x001e0e08]]: sys_mutex warning: *** mutex created [p_mutex] (protocol=0x1, recursive=true): id = 38
[W : PPU[1] Thread (CPUThread)[0x001e0e08]]: sys_mutex warning: *** mutex created [p_mutex] (protocol=0x1, recursive=true): id = 39
[W : PPU[1] Thread (CPUThread)[0x001e0e08]]: sys_mutex warning: *** mutex created [p_mutex] (protocol=0x1, recursive=true): id = 40
[W : PPU[1] Thread (CPUThread)[0x001e0e08]]: sys_mutex warning: *** mutex created [p_mutex] (protocol=0x1, recursive=true): id = 41
[W : PPU[1] Thread (CPUThread)[0x001e0e08]]: sys_mutex warning: *** mutex created [p_mutex] (protocol=0x1, recursive=true): id = 42
[W : PPU[1] Thread (CPUThread)[0x001e0e08]]: sys_mutex warning: *** mutex created [p_mutex] (protocol=0x1, recursive=true): id = 43
[W : PPU[1] Thread (CPUThread)[0x001e0e08]]: sys_mutex warning: *** mutex created [p_mutex] (protocol=0x1, recursive=true): id = 44
[W : PPU[1] Thread (CPUThread)[0x001e0e08]]: sys_mutex warning: *** mutex created [p_mutex] (protocol=0x1, recursive=true): id = 45
[W : PPU[1] Thread (CPUThread)[0x001e0e08]]: sys_mutex warning: *** mutex created [p_mutex] (protocol=0x1, recursive=true): id = 46
[W : PPU[1] Thread (CPUThread)[0x001e0e08]]: sys_mutex warning: *** mutex created [p_mutex] (protocol=0x1, recursive=true): id = 47
[W : PPU[1] Thread (CPUThread)[0x001e0e08]]: sys_mutex warning: *** mutex created [p_mutex] (protocol=0x1, recursive=true): id = 48
[W : PPU[1] Thread (CPUThread)[0x001e0e08]]: sys_mutex warning: *** mutex created [p_mutex] (protocol=0x1, recursive=true): id = 49
[W : PPU[1] Thread (CPUThread)[0x001e0e08]]: sys_mutex warning: *** mutex created [p_mutex] (protocol=0x1, recursive=true): id = 50
[W : PPU[1] Thread (CPUThread)[0x001e0e08]]: sys_mutex warning: *** mutex created [p_mutex] (protocol=0x1, recursive=true): id = 51
[W : PPU[1] Thread (CPUThread)[0x001e0e08]]: sys_mutex warning: *** mutex created [p_mutex] (protocol=0x1, recursive=true): id = 52
[W : PPU[1] Thread (CPUThread)[0x001e0e08]]: sys_mutex warning: *** mutex created [p_mutex] (protocol=0x1, recursive=true): id = 53
[W : PPU[1] Thread (CPUThread)[0x001e0e08]]: sys_mutex warning: *** mutex created [p_mutex] (protocol=0x1, recursive=true): id = 54
[W : PPU[1] Thread (CPUThread)[0x001e0e08]]: sys_mutex warning: *** mutex created [p_mutex] (protocol=0x1, recursive=true): id = 55
[W : PPU[1] Thread (CPUThread)[0x001e0e08]]: sys_mutex warning: *** mutex created [p_mutex] (protocol=0x1, recursive=true): id = 56
[W : PPU[1] Thread (CPUThread)[0x001e0e08]]: sys_mutex warning: *** mutex created [p_mutex] (protocol=0x1, recursive=true): id = 57
[W : PPU[1] Thread (CPUThread)[0x001e0e08]]: sys_mutex warning: *** mutex created [p_mutex] (protocol=0x1, recursive=true): id = 58
[W : PPU[1] Thread (CPUThread)[0x001e0e08]]: sys_mutex warning: *** mutex created [p_mutex] (protocol=0x1, recursive=true): id = 59
[W : PPU[1] Thread (CPUThread)[0x001e0e08]]: sys_mutex warning: *** mutex created [p_mutex] (protocol=0x1, recursive=true): id = 60
[W : PPU[1] Thread (CPUThread)[0x001e0e08]]: sys_mutex warning: *** mutex created [p_mutex] (protocol=0x1, recursive=true): id = 61
[W : PPU[1] Thread (CPUThread)[0x001e0e08]]: sys_mutex warning: *** mutex created [p_mutex] (protocol=0x1, recursive=true): id = 62
[W : PPU[1] Thread (CPUThread)[0x001e0e08]]: sys_mutex warning: *** mutex created [p_mutex] (protocol=0x1, recursive=true): id = 63
[W : PPU[1] Thread (CPUThread)[0x001e0e08]]: sys_mutex warning: *** mutex created [p_mutex] (protocol=0x1, recursive=true): id = 64
[W : PPU[1] Thread (CPUThread)[0x001e0e08]]: sys_mutex warning: *** mutex created [p_mutex] (protocol=0x1, recursive=true): id = 65
[W : PPU[1] Thread (CPUThread)[0x001e0e08]]: sys_mutex warning: *** mutex created [p_mutex] (protocol=0x1, recursive=true): id = 66
[W : PPU[1] Thread (CPUThread)[0x001e0e08]]: sys_mutex warning: *** mutex created [p_mutex] (protocol=0x1, recursive=true): id = 67
[W : PPU[1] Thread (CPUThread)[0x001e0e08]]: sys_mutex warning: *** mutex created [p_mutex] (protocol=0x1, recursive=true): id = 68
[W : PPU[1] Thread (CPUThread)[0x001e0e08]]: sys_mutex warning: *** mutex created [p_mutex] (protocol=0x1, recursive=true): id = 69
[W : PPU[1] Thread (CPUThread)[0x001e0e08]]: sys_mutex warning: *** mutex created [p_mutex] (protocol=0x1, recursive=true): id = 70
[W : PPU[1] Thread (CPUThread)[0x001e0e08]]: sys_mutex warning: *** mutex created [p_mutex] (protocol=0x1, recursive=true): id = 71
[W : PPU[1] Thread (CPUThread)[0x001e0e08]]: sys_mutex warning: *** mutex created [p_mutex] (protocol=0x1, recursive=true): id = 72
[W : PPU[1] Thread (CPUThread)[0x001e0e08]]: sys_mutex warning: *** mutex created [p_mutex] (protocol=0x1, recursive=true): id = 73
[W : PPU[1] Thread (CPUThread)[0x001e0e08]]: sys_mutex warning: *** mutex created [p_mutex] (protocol=0x1, recursive=true): id = 74
[W : PPU[1] Thread (CPUThread)[0x001e0e08]]: sys_mutex warning: *** mutex created [p_mutex] (protocol=0x1, recursive=true): id = 75
[W : PPU[1] Thread (CPUThread)[0x001e0e08]]: sys_mutex warning: *** mutex created [p_mutex] (protocol=0x1, recursive=true): id = 76
[W : PPU[1] Thread (CPUThread)[0x001e0e08]]: sys_mutex warning: *** mutex created [p_mutex] (protocol=0x1, recursive=true): id = 77
[W : PPU[1] Thread (CPUThread)[0x001e0e08]]: sys_mutex warning: *** mutex created [p_mutex] (protocol=0x1, recursive=true): id = 78
[W : PPU[1] Thread (CPUThread)[0x001e0e08]]: sys_mutex warning: *** mutex created [p_mutex] (protocol=0x1, recursive=true): id = 79
[W : PPU[1] Thread (CPUThread)[0x001e0e08]]: sys_mutex warning: *** mutex created [p_mutex] (protocol=0x1, recursive=true): id = 80
[W : PPU[1] Thread (CPUThread)[0x001e0e08]]: sys_mutex warning: *** mutex created [p_mutex] (protocol=0x1, recursive=true): id = 81
[W : PPU[1] Thread (CPUThread)[0x001e0e08]]: sys_mutex warning: *** mutex created [p_mutex] (protocol=0x1, recursive=true): id = 82
[W : PPU[1] Thread (CPUThread)[0x001e0e08]]: sys_mutex warning: *** mutex created [p_mutex] (protocol=0x1, recursive=true): id = 83
[W : PPU[1] Thread (CPUThread)[0x001e0e08]]: sys_mutex warning: *** mutex created [p_mutex] (protocol=0x1, recursive=true): id = 84
[W : PPU[1] Thread (CPUThread)[0x001e0e08]]: sys_mutex warning: *** mutex created [p_mutex] (protocol=0x1, recursive=true): id = 85
[W : PPU[1] Thread (CPUThread)[0x001e0e08]]: sys_mutex warning: *** mutex created [p_mutex] (protocol=0x1, recursive=true): id = 86
[W : PPU[1] Thread (CPUThread)[0x001e0e08]]: sys_mutex warning: *** mutex created [p_mutex] (protocol=0x1, recursive=true): id = 87
[W : PPU[1] Thread (CPUThread)[0x001e0e08]]: sys_mutex warning: *** mutex created [p_mutex] (protocol=0x1, recursive=true): id = 88
[W : PPU[1] Thread (CPUThread)[0x001e0e08]]: sys_mutex warning: *** mutex created [p_mutex] (protocol=0x1, recursive=true): id = 89
[W : PPU[1] Thread (CPUThread)[0x001e0e08]]: sys_mutex warning: *** mutex created [p_mutex] (protocol=0x1, recursive=true): id = 90
[W : PPU[1] Thread (CPUThread)[0x001e0e08]]: sys_mutex warning: *** mutex created [p_mutex] (protocol=0x1, recursive=true): id = 91
[W : PPU[1] Thread (CPUThread)[0x005c904c]]: sys_lwmutex warning: *** lwmutex created [_lc_mtx] (attribute=0x12): sq_id = 92
[W : PPU[1] Thread (CPUThread)[0x001e0e88]]: sys_mutex warning: *** mutex created [p_mutex] (protocol=0x1, recursive=true): id = 93
[W : PPU[1] Thread (CPUThread)[0x001e0e88]]: sys_mutex warning: *** mutex created [p_mutex] (protocol=0x1, recursive=true): id = 94
[W : PPU[1] Thread (CPUThread)[0x00010b08]]: sys_spu warning: sys_spu_initialize(max_usable_spu=6, max_raw_spu=0)
[W : PPU[1] Thread (CPUThread)[0x003fb010]]: cellSysmodule warning: cellSysmoduleLoadModule(CELL_SYSMODULE_FS)
[W : PPU[1] Thread (CPUThread)[0x003fb010]]: cellSysmodule warning: cellSysmoduleLoadModule(CELL_SYSMODULE_IO)
[W : PPU[1] Thread (CPUThread)[0x003fb010]]: cellSysmodule warning: cellSysmoduleLoadModule(CELL_SYSMODULE_SPURS)
[W : PPU[1] Thread (CPUThread)[0x003fb010]]: cellSysmodule warning: cellSysmoduleLoadModule(CELL_SYSMODULE_GCM_SYS)
[W : PPU[1] Thread (CPUThread)[0x003fb010]]: cellSysmodule warning: cellSysmoduleLoadModule(CELL_SYSMODULE_AUDIO)
[W : PPU[1] Thread (CPUThread)[0x003fb010]]: cellSysmodule warning: cellSysmoduleLoadModule(CELL_SYSMODULE_NET)
[W : PPU[1] Thread (CPUThread)[0x003fb010]]: cellSysmodule warning: cellSysmoduleLoadModule(CELL_SYSMODULE_SYSUTIL_NP)
[W : PPU[1] Thread (CPUThread)[0x005c90c4]]: sysPrxForUser warning: sys_ppu_thread_once(once_ctrl_addr=0x47c954, entry=0x426640)
[W : PPU[95] Thread (CPUThread)[0x005c904c]]: sys_lwmutex warning: *** lwmutex created [_lc_spf] (attribute=0x22): sq_id = 96
[W : PPU[1] Thread (CPUThread)[0x005c904c]]: sys_lwmutex warning: *** lwmutex created [_lc_mtx] (attribute=0x12): sq_id = 97
[W : PPU[1] Thread (CPUThread)[0x003ff004]]: sys_net warning: sys_net_initialize_network_ex(param_addr=0xd0010630)
[W : PPU[1] Thread (CPUThread)[0x005c90e8]]: sys_lwmutex warning: sys_lwmutex_destroy(lwmutex_addr=0x30116c90)
[W : PPU[1] Thread (CPUThread)[0x003fb010]]: cellSysmodule warning: cellSysmoduleLoadModule(CELL_SYSMODULE_SYSUTIL_GAME)
[W : PPU[1] Thread (CPUThread)[0x005c7010]]: cellGame warning: cellGameBootCheck(type_addr=0xd00108d8, attributes_addr=0xd00108dc, size_addr=0xd00108ec, dirName_addr=0xd0010b58)
[W : PPU[1] Thread (CPUThread)[0x005c7004]]: cellGame warning: cellGameContentPermit(contentInfoPath_addr=0xd0010b78, usrdirPath_addr=0xd0010bf8)
[W : PPU[1] Thread (CPUThread)[0x003fb004]]: cellSysmodule warning: cellSysmoduleUnloadModule(CELL_SYSMODULE_SYSUTIL_GAME)
[W : PPU[1] Thread (CPUThread)[0x001e0e88]]: sys_mutex warning: *** mutex created [p_mutex] (protocol=0x1, recursive=true): id = 98
[E : PPU[1] Thread (CPUThread)[0x002ae080]]: sys_fs error: "/dev_hdd0/game/BCUS98229/USRDIR/defaultSettings.cxml" not found! flags: 0x00000000
[W : PPU[1] Thread (CPUThread)[0x003fd070]]: cellSysutil warning: cellSysutilRegisterCallback(slot=0, func_addr=0x40aa60, userdata=0x30116cc0)
[W : PPU[1] Thread (CPUThread)[0x003fd07c]]: cellSysutil warning: cellAudioOutGetSoundAvailability(audioOut=0, type=0, fs=0x4, option=0)
[W : PPU[1] Thread (CPUThread)[0x003fd07c]]: cellSysutil warning: cellAudioOutGetSoundAvailability(audioOut=0, type=1, fs=0x4, option=0)
[W : PPU[1] Thread (CPUThread)[0x003fd040]]: cellSysutil warning: cellAudioOutConfigure(audioOut=0, config_addr=0xd00102b0, option_addr=0x0, (!)waitForEvent=0)
[W : PPU[1] Thread (CPUThread)[0x005c3004]]: cellAudio warning: cellAudioInit()
[! : Audio Thread]: Audio started
[E : PPU[1] Thread (CPUThread)[0x003f701c]]: sys_fs error: "/dev_hdd0/game/BCUS98229/USRDIR/./sounds/sm-logo-test_ps3.bnk" not found! flags: 0x00000000
[W : PPU[1] Thread (CPUThread)[0x003fb01c]]: cellSysmodule warning: cellSysmoduleIsLoaded(CELL_SYSMODULE_FS)
[W : PPU[1] Thread (CPUThread)[0x003fb01c]]: cellSysmodule warning: cellSysmoduleIsLoaded(CELL_SYSMODULE_IO)
[W : PPU[1] Thread (CPUThread)[0x003fb01c]]: cellSysmodule warning: cellSysmoduleIsLoaded(CELL_SYSMODULE_SPURS)
[W : PPU[1] Thread (CPUThread)[0x003fb01c]]: cellSysmodule warning: cellSysmoduleIsLoaded(CELL_SYSMODULE_GCM_SYS)
[W : PPU[1] Thread (CPUThread)[0x003fb01c]]: cellSysmodule warning: cellSysmoduleIsLoaded(CELL_SYSMODULE_AUDIO)
[W : PPU[1] Thread (CPUThread)[0x003fb01c]]: cellSysmodule warning: cellSysmoduleIsLoaded(CELL_SYSMODULE_NET)
[W : PPU[1] Thread (CPUThread)[0x003fb01c]]: cellSysmodule warning: cellSysmoduleIsLoaded(CELL_SYSMODULE_SYSUTIL_NP)
[W : PPU[1] Thread (CPUThread)[0x003fb01c]]: cellSysmodule warning: cellSysmoduleIsLoaded(CELL_SYSMODULE_SYSUTIL_NP_TROPHY)
[E : PPU[1] Thread (CPUThread)[0x002ae080]]: sys_fs error: "/dev_hdd0/game/BCUS98229/USRDIR/demo.packPS3" not found! flags: 0x00000000
[! : PPU[1] Thread (CPUThread)[0x005c9028]]: *** New PPU Thread [controller_thread] (): id = 99
[W : PPU[1] Thread (CPUThread)[0x003fd034]]: cellSysutil warning: cellSysutilGetSystemParamInt: CELL_SYSUTIL_SYSTEMPARAM_ID_ENTER_BUTTON_ASSIGN
[W : PPU[1] Thread (CPUThread)[0x005c10a0]]: cellGcmSys warning: cellGcmInit(context_addr=0x47bd40,cmdSize=0x100000,ioSize=0x1000000,ioAddress=0x30400000)
[W : PPU[1] Thread (CPUThread)[0x005c10a0]]: cellGcmSys warning: *** local memory(addr=0xc0000000, size=0xf900000)
[W : PPU[1] Thread (CPUThread)[0x005c10a0]]: cellGcmSys warning: cellGcmMapEaIoAddress(ea=0x30400000, io=0x0, size=0x1000000)
[! : RSXThread]: RSX thread entry
[W : PPU[1] Thread (CPUThread)[0x005c1034]]: cellGcmSys warning: cellGcmSetDebugOutputLevel(level=2)
[W : PPU[1] Thread (CPUThread)[0x005c1004]]: cellGcmSys warning: cellGcmGetTiledPitchSize(size=2880)
[W : PPU[1] Thread (CPUThread)[0x003fd010]]: cellSysutil warning: cellVideoOutConfigure(videoOut=0, config_addr=0xd0010374, option_addr=0x0, waitForEvent=0x0)
[W : PPU[1] Thread (CPUThread)[0x005c1028]]: cellGcmSys warning: cellGcmSetFlipMode(mode=2)
[W : PPU[1] Thread (CPUThread)[0x005c1004]]: cellGcmSys warning: cellGcmGetTiledPitchSize(size=2880)
[W : PPU[1] Thread (CPUThread)[0x005c1004]]: cellGcmSys warning: cellGcmGetTiledPitchSize(size=2880)
[W : PPU[1] Thread (CPUThread)[0x005c107c]]: cellGcmSys warning: cellGcmSetTileInfo(index=0, location=0, offset=0, size=2818048, pitch=2880, comp=0, base=0, bank=0)
[W : PPU[1] Thread (CPUThread)[0x005c101c]]: cellGcmSys warning: cellGcmBindTile(index=0)
[W : PPU[1] Thread (CPUThread)[0x005c1064]]: cellGcmSys warning: cellGcmSetDisplayBuffer(id=0x0,offset=0x0,pitch=4,width=720,height=480)
[W : PPU[1] Thread (CPUThread)[0x005c1064]]: cellGcmSys warning: cellGcmSetDisplayBuffer(id=0x1,offset=0x152000,pitch=4,width=720,height=480)
[E : PPU[1] Thread (CPUThread)[0x005c104c]]: TODO: cellGcmGetReport
[E : PPU[1] Thread (CPUThread)[0x005c104c]]: TODO: cellGcmGetReport
[E : RSXThread]: TODO: cellGcmSetZcullStatsEnable(0x0)
[E : RSXThread]: NV4097_GET_REPORT: bad type 2
[E : RSXThread]: NV4097_GET_REPORT: bad type 3
[E : PPU[1] Thread (CPUThread)[0x005c104c]]: TODO: cellGcmGetReport
[E : PPU[1] Thread (CPUThread)[0x005c104c]]: TODO: cellGcmGetReport
[E : RSXThread]: TODO: cellGcmClearReportValue(0x2)
[E : RSXThread]: TODO: cellGcmSetZcullStatsEnable(0x1)
[E : RSXThread]: TODO: cellGcmSetZcullStatsEnable(0x0)
[E : RSXThread]: NV4097_GET_REPORT: bad type 2
[E : RSXThread]: NV4097_GET_REPORT: bad type 3
[E : PPU[1] Thread (CPUThread)[0x002ae080]]: sys_fs error: "/script.pss" not found! flags: 0x00000000
[W : PPU[1] Thread (CPUThread)[0x005c904c]]: sys_lwmutex warning: *** lwmutex created [_lc_mtx] (attribute=0x12): sq_id = 100
[W : Audio Thread]: Audio aborted
[! : RSXThread]: RSX thread exit...
[!]: Mutex(94) was owned by thread 99 (recursive=1)
[!]: Closing memory...
