[!]: path: /dev_hdd0/game/
[!]: Loading 'D:\Emulateurs\Rpcs3\dev_hdd0\game\BLES00798-[Dragon]/PS3_GAME/USRDIR/BOOT.BIN'...
[!]: Mount info:
[!]: /dev_hdd0/ -> D:\Emulateurs\Rpcs3/dev_hdd0/
[!]: /dev_hdd1/ -> D:\Emulateurs\Rpcs3/dev_hdd1/
[!]: /dev_flash/ -> D:\Emulateurs\Rpcs3/dev_flash/
[!]: /dev_usb000/ -> D:\Emulateurs\Rpcs3/dev_usb000/
[!]: /dev_usb/ -> D:\Emulateurs\Rpcs3/dev_usb000/
[!]: /app_home/ -> D:\Emulateurs\Rpcs3\dev_hdd0\game\BLES00798-[Dragon]/PS3_GAME/\USRDIR\
[!]: /dev_bdvd/ -> D:\Emulateurs\Rpcs3\dev_hdd0\game\BLES00798-[Dragon]/PS3_GAME//../
[!]: /host_root/ -> 
[!]: / -> D:\Emulateurs\Rpcs3\dev_hdd0\game\BLES00798-[Dragon]/PS3_GAME/\USRDIR\
[!]: /USRDIR/PS3_GAME/USRDIR/Data/ -> D:\Emulateurs\Rpcs3\dev_hdd0\game\BLES00798-[Dragon]/PS3_GAME/\USRDIR\Data\
[!]: ///resource/ -> D:\Emulateurs\Rpcs3\dev_hdd0\game\BLES00798-[Dragon]/PS3_GAME/\USRDIR\resource\
[!]: /app_home/Game/PS3_GAME/USRDIR/ -> D:\Emulateurs\Rpcs3\dev_hdd0\game\BLES00798-[Dragon]/PS3_GAME/\USRDIR\
[!]: Initing memory...
[!]: Memory initialized.
[W]: Unknown function 0x21425307 in 'cellSysutil' module
[E]: TODO: cellSaveDataListAutoLoad
[W]: Unknown function 0x220894e3 in 'cellSysutil' module
[E]: TODO: cellSysutilEnableBgmPlayback
[W]: Unknown function 0xcfdd8e87 in 'cellSysutil' module
[E]: TODO: cellSysutilDisableBgmPlayback
[W]: Unknown function 0xedadd797 in 'cellSysutil' module
[E]: TODO: cellSaveDataDelete2
[W]: Unknown module 'cellSysutilAvconfExt'
[W]: Unknown function 0xd3758645 in 'cellResc' module
[E]: TODO: cellRescSetVBlankHandler
[W]: Unknown function 0xe0cef79e in 'cellResc' module
[E]: TODO: cellRescCreateInterlaceTable
[W]: Unknown function 0x2ad091c6 in 'cellL10n' module
[E]: TODO: UCS2stoUTF8s
[W : PPU[1] Thread (CPUThread)[0x00af8034]]: sys_lwmutex warning: *** lwmutex created [_lc_mtx] (attribute=0x12): sq_id = 3
[W : PPU[1] Thread (CPUThread)[0x007922dc]]: memory warning: sys_memory_get_user_memory_size(mem_info_addr=0xd0010c04)
[W : PPU[1] Thread (CPUThread)[0x00af8034]]: sys_lwmutex warning: *** lwmutex created [_lc_mtx] (attribute=0x12): sq_id = 4
[W : PPU[1] Thread (CPUThread)[0x00af8034]]: sys_lwmutex warning: *** lwmutex created [_lc_mtx] (attribute=0x12): sq_id = 5
[W : PPU[1] Thread (CPUThread)[0x00af8034]]: sys_lwmutex warning: *** lwmutex created [_lc_mtx] (attribute=0x12): sq_id = 6
[W : PPU[1] Thread (CPUThread)[0x00af8034]]: sys_lwmutex warning: *** lwmutex created [_lc_mtx] (attribute=0x12): sq_id = 7
[W : PPU[1] Thread (CPUThread)[0x00af8034]]: sys_lwmutex warning: *** lwmutex created [_lc_mtx] (attribute=0x12): sq_id = 8
[W : PPU[1] Thread (CPUThread)[0x00af8034]]: sys_lwmutex warning: *** lwmutex created [_lc_mtx] (attribute=0x12): sq_id = 9
[W : PPU[1] Thread (CPUThread)[0x00af8034]]: sys_lwmutex warning: *** lwmutex created [_lc_mtx] (attribute=0x12): sq_id = 10
[W : PPU[1] Thread (CPUThread)[0x00af8034]]: sys_lwmutex warning: *** lwmutex created [_lc_mtx] (attribute=0x12): sq_id = 11
[W : PPU[1] Thread (CPUThread)[0x00af8034]]: sys_lwmutex warning: *** lwmutex created [_lc_mtx] (attribute=0x12): sq_id = 12
[W : PPU[1] Thread (CPUThread)[0x00af8034]]: sys_lwmutex warning: *** lwmutex created [_lc_mtx] (attribute=0x12): sq_id = 13
[W : PPU[1] Thread (CPUThread)[0x00af8034]]: sys_lwmutex warning: *** lwmutex created [_lc_mtx] (attribute=0x12): sq_id = 14
[W : PPU[1] Thread (CPUThread)[0x00af8034]]: sys_lwmutex warning: *** lwmutex created [_lc_mtx] (attribute=0x12): sq_id = 15
[W : PPU[1] Thread (CPUThread)[0x00af8034]]: sys_lwmutex warning: *** lwmutex created [_lc_mtx] (attribute=0x12): sq_id = 16
[W : PPU[1] Thread (CPUThread)[0x00af8034]]: sys_lwmutex warning: *** lwmutex created [_lc_mtx] (attribute=0x12): sq_id = 17
[W : PPU[1] Thread (CPUThread)[0x00af8034]]: sys_lwmutex warning: *** lwmutex created [_lc_mtx] (attribute=0x12): sq_id = 18
[W : PPU[1] Thread (CPUThread)[0x00af8034]]: sys_lwmutex warning: *** lwmutex created [_lc_mtx] (attribute=0x12): sq_id = 19
[W : PPU[1] Thread (CPUThread)[0x00af8034]]: sys_lwmutex warning: *** lwmutex created [_lc_mtx] (attribute=0x12): sq_id = 20
[W : PPU[1] Thread (CPUThread)[0x00af8034]]: sys_lwmutex warning: *** lwmutex created [_lc_mtx] (attribute=0x12): sq_id = 21
[W : PPU[1] Thread (CPUThread)[0x00af8034]]: sys_lwmutex warning: *** lwmutex created [_lc_mtx] (attribute=0x12): sq_id = 22
[W : PPU[1] Thread (CPUThread)[0x00af8034]]: sys_lwmutex warning: *** lwmutex created [_lc_mtx] (attribute=0x12): sq_id = 23
[W : PPU[1] Thread (CPUThread)[0x00af8034]]: sys_lwmutex warning: *** lwmutex created [_lc_mtx] (attribute=0x12): sq_id = 24
[W : PPU[1] Thread (CPUThread)[0x00af8034]]: sys_lwmutex warning: *** lwmutex created [keMutex] (attribute=0x12): sq_id = 25
[W : PPU[1] Thread (CPUThread)[0x008df0a0]]: cellSysutil warning: cellSysutilRegisterCallback(slot=0, func_addr=0x974b88, userdata=0x0)
[W : PPU[1] Thread (CPUThread)[0x008db010]]: cellSysmodule warning: cellSysmoduleLoadModule(CELL_SYSMODULE_L10N)
[W : PPU[1] Thread (CPUThread)[0x008db010]]: cellSysmodule warning: cellSysmoduleLoadModule(CELL_SYSMODULE_AVCONF_EXT)
[W : PPU[1] Thread (CPUThread)[0x008db010]]: cellSysmodule warning: cellSysmoduleLoadModule(CELL_SYSMODULE_SYSUTIL_GAME)
[W : PPU[1] Thread (CPUThread)[0x008db010]]: cellSysmodule warning: cellSysmoduleLoadModule(CELL_SYSMODULE_SYSUTIL_NP_TROPHY)
[W : PPU[1] Thread (CPUThread)[0x008df070]]: cellSysutil warning: cellSysutilGetSystemParamInt: CELL_SYSUTIL_SYSTEMPARAM_ID_ENTER_BUTTON_ASSIGN
[E : PPU[1] Thread (CPUThread)[0x008df040]]: TODO: cellSysutilEnableBgmPlayback
[W : PPU[1] Thread (CPUThread)[0x008df070]]: cellSysutil warning: cellSysutilGetSystemParamInt: CELL_SYSUTIL_SYSTEMPARAM_ID_PAD_RUMBLE
[W : PPU[1] Thread (CPUThread)[0x00af8034]]: sys_lwmutex warning: *** lwmutex created [keMutex] (attribute=0x22): sq_id = 26
[W : PPU[1] Thread (CPUThread)[0x00021e20]]: sys_semaphore warning: sys_semaphore_create(sem_addr=0x30100fd0, attr_addr=0xd00109c0, initial_count=1, max_count=1)
[W : PPU[1] Thread (CPUThread)[0x00021e20]]: sys_semaphore warning: sys_semaphore_create(sem_addr=0x30100fd4, attr_addr=0xd00109c0, initial_count=0, max_count=2147483647)
[W : PPU[1] Thread (CPUThread)[0x00af8034]]: sys_lwmutex warning: *** lwmutex created [keMutex] (attribute=0x22): sq_id = 29
[W : PPU[1] Thread (CPUThread)[0x00021d60]]: sysPrxForUser warning: sys_ppu_thread_set_priority(thread_id=1, prio=1001)
[W : PPU[1] Thread (CPUThread)[0x00af8034]]: sys_lwmutex warning: *** lwmutex created [keMutex] (attribute=0x22): sq_id = 30
[W : PPU[1] Thread (CPUThread)[0x00021e20]]: sys_semaphore warning: sys_semaphore_create(sem_addr=0x30109ea8, attr_addr=0xd0010790, initial_count=1, max_count=1)
[W : PPU[1] Thread (CPUThread)[0x00021e20]]: sys_semaphore warning: sys_semaphore_create(sem_addr=0x30109eac, attr_addr=0xd0010790, initial_count=0, max_count=2147483647)
[W : PPU[1] Thread (CPUThread)[0x00af8034]]: sys_lwmutex warning: *** lwmutex created [keMutex] (attribute=0x22): sq_id = 33
[W : PPU[1] Thread (CPUThread)[0x00021e20]]: sys_semaphore warning: sys_semaphore_create(sem_addr=0x30109ee0, attr_addr=0xd0010790, initial_count=1, max_count=1)
[W : PPU[1] Thread (CPUThread)[0x00021e20]]: sys_semaphore warning: sys_semaphore_create(sem_addr=0x30109ee4, attr_addr=0xd0010790, initial_count=0, max_count=2147483647)
[W : PPU[1] Thread (CPUThread)[0x00af8034]]: sys_lwmutex warning: *** lwmutex created [keMutex] (attribute=0x22): sq_id = 36
[W : PPU[1] Thread (CPUThread)[0x00af8034]]: sys_lwmutex warning: *** lwmutex created [keMutex] (attribute=0x22): sq_id = 37
[W : PPU[1] Thread (CPUThread)[0x00af8034]]: sys_lwmutex warning: *** lwmutex created [keMutex] (attribute=0x22): sq_id = 38
[W : PPU[1] Thread (CPUThread)[0x00021e20]]: sys_semaphore warning: sys_semaphore_create(sem_addr=0x3010a2e0, attr_addr=0xd00106b0, initial_count=1, max_count=1)
[W : PPU[1] Thread (CPUThread)[0x00021e20]]: sys_semaphore warning: sys_semaphore_create(sem_addr=0x3010a2e4, attr_addr=0xd00106b0, initial_count=0, max_count=2147483647)
[W : PPU[1] Thread (CPUThread)[0x00af8034]]: sys_lwmutex warning: *** lwmutex created [keMutex] (attribute=0x22): sq_id = 41
[! : PPU[1] Thread (CPUThread)[0x00af801c]]: *** New PPU Thread [CKLoadRequestQueue 0] (): id = 42
[W : PPU[1] Thread (CPUThread)[0x00af8034]]: sys_lwmutex warning: *** lwmutex created [keMutex] (attribute=0x22): sq_id = 43
[W : PPU[1] Thread (CPUThread)[0x00021e20]]: sys_semaphore warning: sys_semaphore_create(sem_addr=0x30109f80, attr_addr=0xd00107e0, initial_count=1, max_count=1)
[W : PPU[1] Thread (CPUThread)[0x00021e20]]: sys_semaphore warning: sys_semaphore_create(sem_addr=0x30109f84, attr_addr=0xd00107e0, initial_count=0, max_count=2147483647)
[W : PPU[1] Thread (CPUThread)[0x00af8034]]: sys_lwmutex warning: *** lwmutex created [keMutex] (attribute=0x22): sq_id = 46
[W : PPU[1] Thread (CPUThread)[0x00af8034]]: sys_lwmutex warning: *** lwmutex created [keMutex] (attribute=0x22): sq_id = 47
[W : PPU[1] Thread (CPUThread)[0x00021e20]]: sys_semaphore warning: sys_semaphore_create(sem_addr=0x30109ff0, attr_addr=0xd00107e0, initial_count=1, max_count=1)
[W : PPU[1] Thread (CPUThread)[0x00021e20]]: sys_semaphore warning: sys_semaphore_create(sem_addr=0x30109ff4, attr_addr=0xd00107e0, initial_count=0, max_count=2147483647)
[W : PPU[1] Thread (CPUThread)[0x00af8034]]: sys_lwmutex warning: *** lwmutex created [keMutex] (attribute=0x22): sq_id = 50
[W : PPU[1] Thread (CPUThread)[0x00af8034]]: sys_lwmutex warning: *** lwmutex created [keMutex] (attribute=0x22): sq_id = 51
[W : PPU[1] Thread (CPUThread)[0x00021e20]]: sys_semaphore warning: sys_semaphore_create(sem_addr=0x3010a058, attr_addr=0xd00107e0, initial_count=1, max_count=1)
[W : PPU[1] Thread (CPUThread)[0x00021e20]]: sys_semaphore warning: sys_semaphore_create(sem_addr=0x3010a05c, attr_addr=0xd00107e0, initial_count=0, max_count=2147483647)
[W : PPU[1] Thread (CPUThread)[0x00af8034]]: sys_lwmutex warning: *** lwmutex created [keMutex] (attribute=0x22): sq_id = 54
[W : PPU[1] Thread (CPUThread)[0x00af8034]]: sys_lwmutex warning: *** lwmutex created [keMutex] (attribute=0x22): sq_id = 55
[W : PPU[1] Thread (CPUThread)[0x00021e20]]: sys_semaphore warning: sys_semaphore_create(sem_addr=0x3010a0c0, attr_addr=0xd0010790, initial_count=1, max_count=1)
[W : PPU[1] Thread (CPUThread)[0x00021e20]]: sys_semaphore warning: sys_semaphore_create(sem_addr=0x3010a0c4, attr_addr=0xd0010790, initial_count=0, max_count=2147483647)
[W : PPU[1] Thread (CPUThread)[0x00af8034]]: sys_lwmutex warning: *** lwmutex created [keMutex] (attribute=0x22): sq_id = 58
[W : PPU[1] Thread (CPUThread)[0x00021e20]]: sys_semaphore warning: sys_semaphore_create(sem_addr=0x3010a0f8, attr_addr=0xd0010790, initial_count=1, max_count=1)
[W : PPU[1] Thread (CPUThread)[0x00021e20]]: sys_semaphore warning: sys_semaphore_create(sem_addr=0x3010a0fc, attr_addr=0xd0010790, initial_count=0, max_count=2147483647)
[W : PPU[1] Thread (CPUThread)[0x00af8034]]: sys_lwmutex warning: *** lwmutex created [keMutex] (attribute=0x22): sq_id = 61
[W : PPU[1] Thread (CPUThread)[0x00af8034]]: sys_lwmutex warning: *** lwmutex created [keMutex] (attribute=0x22): sq_id = 62
[W : PPU[1] Thread (CPUThread)[0x00af8034]]: sys_lwmutex warning: *** lwmutex created [keMutex] (attribute=0x22): sq_id = 63
[W : PPU[1] Thread (CPUThread)[0x00021e20]]: sys_semaphore warning: sys_semaphore_create(sem_addr=0x30100c70, attr_addr=0xd00106b0, initial_count=1, max_count=1)
[W : PPU[1] Thread (CPUThread)[0x00021e20]]: sys_semaphore warning: sys_semaphore_create(sem_addr=0x30100c74, attr_addr=0xd00106b0, initial_count=0, max_count=2147483647)
[W : PPU[1] Thread (CPUThread)[0x00af8034]]: sys_lwmutex warning: *** lwmutex created [keMutex] (attribute=0x22): sq_id = 66
[! : PPU[1] Thread (CPUThread)[0x00af801c]]: *** New PPU Thread [CKMemcardRequestQueue::keCThreadPool 0] (): id = 67
[W : PPU[1] Thread (CPUThread)[0x00af8034]]: sys_lwmutex warning: *** lwmutex created [keMutex] (attribute=0x22): sq_id = 68
[W : PPU[1] Thread (CPUThread)[0x00021e20]]: sys_semaphore warning: sys_semaphore_create(sem_addr=0x3010a198, attr_addr=0xd00107e0, initial_count=1, max_count=1)
[W : PPU[1] Thread (CPUThread)[0x00021e20]]: sys_semaphore warning: sys_semaphore_create(sem_addr=0x3010a19c, attr_addr=0xd00107e0, initial_count=0, max_count=2147483647)
[W : PPU[1] Thread (CPUThread)[0x00af8034]]: sys_lwmutex warning: *** lwmutex created [keMutex] (attribute=0x22): sq_id = 71
[W : PPU[1] Thread (CPUThread)[0x00af8034]]: sys_lwmutex warning: *** lwmutex created [keMutex] (attribute=0x22): sq_id = 72
[W : PPU[1] Thread (CPUThread)[0x00021e20]]: sys_semaphore warning: sys_semaphore_create(sem_addr=0x3010a200, attr_addr=0xd0010790, initial_count=1, max_count=1)
[W : PPU[1] Thread (CPUThread)[0x00021e20]]: sys_semaphore warning: sys_semaphore_create(sem_addr=0x3010a204, attr_addr=0xd0010790, initial_count=0, max_count=2147483647)
[W : PPU[1] Thread (CPUThread)[0x00af8034]]: sys_lwmutex warning: *** lwmutex created [keMutex] (attribute=0x22): sq_id = 75
[W : PPU[1] Thread (CPUThread)[0x00021e20]]: sys_semaphore warning: sys_semaphore_create(sem_addr=0x3010a238, attr_addr=0xd0010790, initial_count=1, max_count=1)
[W : PPU[1] Thread (CPUThread)[0x00021e20]]: sys_semaphore warning: sys_semaphore_create(sem_addr=0x3010a23c, attr_addr=0xd0010790, initial_count=0, max_count=2147483647)
[W : PPU[1] Thread (CPUThread)[0x00af8034]]: sys_lwmutex warning: *** lwmutex created [keMutex] (attribute=0x22): sq_id = 78
[W : PPU[1] Thread (CPUThread)[0x00af8034]]: sys_lwmutex warning: *** lwmutex created [keMutex] (attribute=0x22): sq_id = 79
[W : PPU[1] Thread (CPUThread)[0x00af8034]]: sys_lwmutex warning: *** lwmutex created [keMutex] (attribute=0x22): sq_id = 80
[W : PPU[1] Thread (CPUThread)[0x00021e20]]: sys_semaphore warning: sys_semaphore_create(sem_addr=0x30101840, attr_addr=0xd00106b0, initial_count=1, max_count=1)
[W : PPU[1] Thread (CPUThread)[0x00021e20]]: sys_semaphore warning: sys_semaphore_create(sem_addr=0x30101844, attr_addr=0xd00106b0, initial_count=0, max_count=2147483647)
[W : PPU[1] Thread (CPUThread)[0x00af8034]]: sys_lwmutex warning: *** lwmutex created [keMutex] (attribute=0x22): sq_id = 83
[! : PPU[1] Thread (CPUThread)[0x00af801c]]: *** New PPU Thread [CKTrophyRequestQueue::keCThreadPool 0] (): id = 84
[W : PPU[1] Thread (CPUThread)[0x00af8034]]: sys_lwmutex warning: *** lwmutex created [keMutex] (attribute=0x22): sq_id = 85
[W : PPU[1] Thread (CPUThread)[0x00021e20]]: sys_semaphore warning: sys_semaphore_create(sem_addr=0x30101350, attr_addr=0xd00109b0, initial_count=1, max_count=1)
[W : PPU[1] Thread (CPUThread)[0x00021e20]]: sys_semaphore warning: sys_semaphore_create(sem_addr=0x30101354, attr_addr=0xd00109b0, initial_count=0, max_count=2147483647)
[W : PPU[1] Thread (CPUThread)[0x00af8034]]: sys_lwmutex warning: *** lwmutex created [keMutex] (attribute=0x22): sq_id = 88
[W : PPU[1] Thread (CPUThread)[0x00af8034]]: sys_lwmutex warning: *** lwmutex created [keMutex] (attribute=0x22): sq_id = 89
[W : PPU[1] Thread (CPUThread)[0x00021e20]]: sys_semaphore warning: sys_semaphore_create(sem_addr=0x301013c0, attr_addr=0xd00109b0, initial_count=1, max_count=1)
[W : PPU[1] Thread (CPUThread)[0x00021e20]]: sys_semaphore warning: sys_semaphore_create(sem_addr=0x301013c4, attr_addr=0xd00109b0, initial_count=0, max_count=2147483647)
[W : PPU[1] Thread (CPUThread)[0x00af8034]]: sys_lwmutex warning: *** lwmutex created [keMutex] (attribute=0x22): sq_id = 92
[W : PPU[1] Thread (CPUThread)[0x00af8034]]: sys_lwmutex warning: *** lwmutex created [keMutex] (attribute=0x22): sq_id = 93
[W : PPU[1] Thread (CPUThread)[0x00021e20]]: sys_semaphore warning: sys_semaphore_create(sem_addr=0x30101430, attr_addr=0xd00109b0, initial_count=1, max_count=1)
[W : PPU[1] Thread (CPUThread)[0x00021e20]]: sys_semaphore warning: sys_semaphore_create(sem_addr=0x30101434, attr_addr=0xd00109b0, initial_count=0, max_count=2147483647)
[W : PPU[1] Thread (CPUThread)[0x00af8034]]: sys_lwmutex warning: *** lwmutex created [keMutex] (attribute=0x22): sq_id = 96
[W : PPU[1] Thread (CPUThread)[0x00af8034]]: sys_lwmutex warning: *** lwmutex created [keMutex] (attribute=0x22): sq_id = 97
[W : PPU[1] Thread (CPUThread)[0x00021e20]]: sys_semaphore warning: sys_semaphore_create(sem_addr=0x301014a0, attr_addr=0xd00109b0, initial_count=1, max_count=1)
[W : PPU[1] Thread (CPUThread)[0x00021e20]]: sys_semaphore warning: sys_semaphore_create(sem_addr=0x301014a4, attr_addr=0xd00109b0, initial_count=0, max_count=2147483647)
[W : PPU[1] Thread (CPUThread)[0x00af8034]]: sys_lwmutex warning: *** lwmutex created [keMutex] (attribute=0x22): sq_id = 100
[W : PPU[1] Thread (CPUThread)[0x00af8034]]: sys_lwmutex warning: *** lwmutex created [keMutex] (attribute=0x22): sq_id = 101
[W : PPU[1] Thread (CPUThread)[0x00021e20]]: sys_semaphore warning: sys_semaphore_create(sem_addr=0x30101510, attr_addr=0xd00109b0, initial_count=1, max_count=1)
[W : PPU[1] Thread (CPUThread)[0x00021e20]]: sys_semaphore warning: sys_semaphore_create(sem_addr=0x30101514, attr_addr=0xd00109b0, initial_count=0, max_count=2147483647)
[W : PPU[1] Thread (CPUThread)[0x00af8034]]: sys_lwmutex warning: *** lwmutex created [keMutex] (attribute=0x22): sq_id = 104
[W : PPU[1] Thread (CPUThread)[0x00af8034]]: sys_lwmutex warning: *** lwmutex created [keMutex] (attribute=0x22): sq_id = 105
[W : PPU[1] Thread (CPUThread)[0x006f1efc]]: sys_spu warning: sys_spu_initialize(max_usable_spu=6, max_raw_spu=1)
[W : PPU[1] Thread (CPUThread)[0x008db010]]: cellSysmodule warning: cellSysmoduleLoadModule(CELL_SYSMODULE_GCM_SYS)
[W : PPU[1] Thread (CPUThread)[0x008db010]]: cellSysmodule warning: cellSysmoduleLoadModule(CELL_SYSMODULE_RESC)
[W : PPU[1] Thread (CPUThread)[0x005ddcd8]]: sys_spu warning: sys_raw_spu_create(id_addr=0xa99080, attr_addr=0xd000ff70)
[W : PPU[1] Thread (CPUThread)[0x005de088]]: RawSPUThread[0]: Read32(MFC_CMDStatus)
[W : PPU[1] Thread (CPUThread)[0x005de088]]: RawSPUThread[0]: Read32(MFC_CMDStatus)
[W : PPU[1] Thread (CPUThread)[0x005de384]]: RawSPUThread[0]: Write32(Prxy_QueryMask, 0x80000000)
[W : PPU[1] Thread (CPUThread)[0x005de388]]: RawSPUThread[0]: Write32(Prxy_QueryType, 0x2)
[W : PPU[1] Thread (CPUThread)[0x005de388]]: RawSPUThread[0]: Prxy Query Immediate.
[W : PPU[1] Thread (CPUThread)[0x005de398]]: RawSPUThread[0]: Read32(MFC_QStatus)
[W : PPU[1] Thread (CPUThread)[0x005de3d8]]: RawSPUThread[0]: Write32(SPU_NPC, 0xe0)
[W : PPU[1] Thread (CPUThread)[0x005dda78]]: RawSPUThread[0]: Write32(SPU_NPC, 0xe0)
[W : PPU[1] Thread (CPUThread)[0x005dda4c]]: RawSPUThread[0]: Write32(SPU_RunCntl, 0x1)
[W : RawSPU[106] Thread (CPUThread)[0x000000e0]]: Starting RawSPU...
[W : PPU[1] Thread (CPUThread)[0x005aed54]]: RawSPUThread[0]: Read32(SPU_Out_MBox)
[W : PPU[1] Thread (CPUThread)[0x005aed90]]: RawSPUThread[0]: Read32(SPU_Out_MBox)
[W : PPU[1] Thread (CPUThread)[0x008dd0f4]]: cellGcmSys warning: cellGcmInit(context_addr=0xa99bac,cmdSize=0x10000,ioSize=0x1500000,ioAddress=0x30200000)
[W : PPU[1] Thread (CPUThread)[0x008dd0f4]]: cellGcmSys warning: *** local memory(addr=0xc0000000, size=0xf900000)
[W : PPU[1] Thread (CPUThread)[0x008dd0f4]]: cellGcmSys warning: cellGcmMapEaIoAddress(ea=0x30200000, io=0x0, size=0x1500000)
[! : RSXThread]: RSX thread entry
[W : PPU[1] Thread (CPUThread)[0x008dd028]]: cellGcmSys warning: cellGcmSetDebugOutputLevel(level=2)
[E : PPU[1] Thread (CPUThread)[0x008dd0c4]]: cellGcmSys error: Unimplemented function: cellGcmSetGraphicsHandler
[W : PPU[1] Thread (CPUThread)[0x008dd0d0]]: cellGcmSys warning: cellGcmUnbindTile(index=0)
[W : PPU[1] Thread (CPUThread)[0x008dd0d0]]: cellGcmSys warning: cellGcmUnbindTile(index=1)
[W : PPU[1] Thread (CPUThread)[0x008dd0d0]]: cellGcmSys warning: cellGcmUnbindTile(index=2)
[W : PPU[1] Thread (CPUThread)[0x008dd0d0]]: cellGcmSys warning: cellGcmUnbindTile(index=3)
[W : PPU[1] Thread (CPUThread)[0x008dd0d0]]: cellGcmSys warning: cellGcmUnbindTile(index=4)
[W : PPU[1] Thread (CPUThread)[0x008dd0d0]]: cellGcmSys warning: cellGcmUnbindTile(index=5)
[W : PPU[1] Thread (CPUThread)[0x008dd0d0]]: cellGcmSys warning: cellGcmUnbindTile(index=6)
[W : PPU[1] Thread (CPUThread)[0x008dd0d0]]: cellGcmSys warning: cellGcmUnbindTile(index=7)
[W : PPU[1] Thread (CPUThread)[0x008dd0d0]]: cellGcmSys warning: cellGcmUnbindTile(index=8)
[W : PPU[1] Thread (CPUThread)[0x008dd0d0]]: cellGcmSys warning: cellGcmUnbindTile(index=9)
[W : PPU[1] Thread (CPUThread)[0x008dd0d0]]: cellGcmSys warning: cellGcmUnbindTile(index=10)
[W : PPU[1] Thread (CPUThread)[0x008dd0d0]]: cellGcmSys warning: cellGcmUnbindTile(index=11)
[W : PPU[1] Thread (CPUThread)[0x008dd0d0]]: cellGcmSys warning: cellGcmUnbindTile(index=12)
[W : PPU[1] Thread (CPUThread)[0x008dd0d0]]: cellGcmSys warning: cellGcmUnbindTile(index=13)
[W : PPU[1] Thread (CPUThread)[0x008dd0d0]]: cellGcmSys warning: cellGcmUnbindTile(index=14)
[E : RSXThread]: TODO: unknown/illegal method [0x00001fec](0x0)
[E : RSXThread]: TODO: cellGcmSetTwoSideLightEn(0x0)
[E : RSXThread]: TODO: cellGcmSetFrequencyDividerOperation(0x0)
[W : RSXThread]: NV4097_SET_VIEWPORT_OFFSET: 45000000
[W : RSXThread]: NV4097_SET_VIEWPORT_OFFSET: 45000000
[W : PPU[1] Thread (CPUThread)[0x00af8034]]: sys_lwmutex warning: *** lwmutex created [keRSXMut] (attribute=0x12): sq_id = 107
[W : PPU[1] Thread (CPUThread)[0x008df0f4]]: cellSysutil warning: cellVideoOutGetResolutionAvailability(videoOut=0, resolutionId=0x2, option_addr=0x0, aspect=0x0, option=0x7a07c8e0)
[W : RSXThread]: NV406E_SEMAPHORE_ACQUIRE: 1
[W : PPU[1] Thread (CPUThread)[0x008dd0b8]]: cellGcmSys warning: cellGcmSetTileInfo(index=0, location=0, offset=65536, size=3932160, pitch=5120, comp=0, base=0, bank=0)
[W : PPU[1] Thread (CPUThread)[0x008dd010]]: cellGcmSys warning: cellGcmBindTile(index=0)
[W : RSXThread]: NV406E_SEMAPHORE_ACQUIRE: 3
[W : PPU[1] Thread (CPUThread)[0x008dd0b8]]: cellGcmSys warning: cellGcmSetTileInfo(index=0, location=0, offset=65536, size=7864320, pitch=5120, comp=0, base=0, bank=0)
[W : PPU[1] Thread (CPUThread)[0x008dd010]]: cellGcmSys warning: cellGcmBindTile(index=0)
[W : RSXThread]: NV406E_SEMAPHORE_ACQUIRE: 5
[W : PPU[1] Thread (CPUThread)[0x008dd0b8]]: cellGcmSys warning: cellGcmSetTileInfo(index=0, location=0, offset=65536, size=11796480, pitch=5120, comp=0, base=0, bank=0)
[W : PPU[1] Thread (CPUThread)[0x008dd010]]: cellGcmSys warning: cellGcmBindTile(index=0)
[W : RSXThread]: NV406E_SEMAPHORE_ACQUIRE: 7
[W : PPU[1] Thread (CPUThread)[0x008dd0b8]]: cellGcmSys warning: cellGcmSetTileInfo(index=1, location=0, offset=257163264, size=3932160, pitch=5120, comp=10, base=1, bank=3)
[E : PPU[1] Thread (CPUThread)[0x008dd0b8]]: cellGcmSys error: cellGcmSetTileInfo: bad comp! (10)
[W : PPU[1] Thread (CPUThread)[0x008dd010]]: cellGcmSys warning: cellGcmBindTile(index=1)
[W : RSXThread]: NV406E_SEMAPHORE_ACQUIRE: 9
[W : PPU[1] Thread (CPUThread)[0x008dd058]]: cellGcmSys warning: TODO: cellGcmBindZcull(index=0)
[W : PPU[1] Thread (CPUThread)[0x0062b848]]: sys_semaphore warning: sys_semaphore_create(sem_addr=0xa992d0, attr_addr=0xd000ff30, initial_count=2, max_count=3)
[W : PPU[1] Thread (CPUThread)[0x008dd070]]: cellGcmSys warning: cellGcmSetFlipHandler(handler_addr=10487392)
[W : PPU[1] Thread (CPUThread)[0x008df010]]: cellSysutil warning: cellVideoOutConfigure(videoOut=0, config_addr=0xd000ff00, option_addr=0x0, waitForEvent=0x0)
[W : PPU[1] Thread (CPUThread)[0x008dd01c]]: cellGcmSys warning: cellGcmSetFlipMode(mode=1)
[W : RSXThread]: NV4097_SET_VIEWPORT_OFFSET: 44200002
[W : RSXThread]: NV4097_SET_VIEWPORT_OFFSET: 44200002
[W : RSXThread]: NV4097_SET_VIEWPORT_OFFSET: 44200002
[W : RSXThread]: NV4097_SET_VIEWPORT_OFFSET: 44200002
[W : RSXThread]: NV4097_SET_ANTI_ALIASING_CONTROL: ffff0000
[W : RSXThread]: NV4097_SET_ZCULL_CONTROL0: 10
[W : RSXThread]: NV4097_NO_OPERATION
[W : RSXThread]: NV4097_SET_ANTI_ALIASING_CONTROL: ffff0000
[W : RSXThread]: NV4097_NO_OPERATION
[W : RSXThread]: NV4097_SET_ANTI_ALIASING_CONTROL: ffff0000
[W : RSXThread]: NV4097_NO_OPERATION
[W : PPU[1] Thread (CPUThread)[0x005dbe94]]: sys_mutex warning: *** mutex created [] (protocol=0x2, recursive=false): id = 109
[W : PPU[1] Thread (CPUThread)[0x005dc03c]]: sys_cond warning: *** condition created [] (mutex_id=109): id = 110
[W : PPU[1] Thread (CPUThread)[0x005af580]]: RawSPUThread[0]: Write32(SPU_In_MBox, 0x0)
[W : PPU[1] Thread (CPUThread)[0x005af580]]: RawSPUThread[0]: Write32(SPU_In_MBox, 0x120001)
[W : PPU[1] Thread (CPUThread)[0x005af604]]: RawSPUThread[0]: Read32(SPU_Out_MBox)
[W : PPU[1] Thread (CPUThread)[0x00af8034]]: sys_lwmutex warning: *** lwmutex created [keMutex] (attribute=0x12): sq_id = 111
[W : PPU[1] Thread (CPUThread)[0x00af8034]]: sys_lwmutex warning: *** lwmutex created [keMutex] (attribute=0x22): sq_id = 112
[W : PPU[1] Thread (CPUThread)[0x008dd01c]]: cellGcmSys warning: cellGcmSetFlipMode(mode=2)
[W : RSXThread]: NV4097_SET_VERTEX_ATTRIB_INPUT_MASK: f0d
[W : RSXThread]: NV4097_SET_ANTI_ALIASING_CONTROL: ffff0000
[W : RSXThread]: NV4097_INVALIDATE_L2: 1
[W : RSXThread]: NV4097_SET_ZCULL_CONTROL0: 10
[W : RSXThread]: NV4097_NO_OPERATION
[W : PPU[1] Thread (CPUThread)[0x008dd04c]]: cellGcmSys warning: cellGcmGetReport(type=2, index=791)
[W : PPU[1] Thread (CPUThread)[0x008dd04c]]: cellGcmSys warning: cellGcmGetReport(type=3, index=792)
[W : PPU[1] Thread (CPUThread)[0x008dd04c]]: cellGcmSys warning: cellGcmGetReport(type=4, index=793)
[W : PPU[1] Thread (CPUThread)[0x008dd04c]]: cellGcmSys warning: cellGcmGetReport(type=5, index=794)
[E : RSXThread]: TODO: cellGcmSetLineStipple(0x0)
[E : RSXThread]: TODO: cellGcmSetPolygonStipple(0x0)
[E : RSXThread]: TODO: cellGcmSetZcullStatsEnable(0x0)
[W : RSXThread]: NV4097_GET_REPORT: Unimplemented type 2
[W : RSXThread]: NV4097_GET_REPORT: Unimplemented type 3
[W : RSXThread]: NV4097_GET_REPORT: Unimplemented type 4
[W : RSXThread]: NV4097_GET_REPORT: Unimplemented type 5
[E : RSXThread]: TODO: cellGcmClearReportValue(0x2)
[E : RSXThread]: TODO: cellGcmSetZcullStatsEnable(0x1)
[W : RSXThread]: NV4097_SET_ANTI_ALIASING_CONTROL: ffff0000
[W : RSXThread]: NV4097_INVALIDATE_L2: 1
[W : RSXThread]: NV4097_SET_ZCULL_CONTROL0: 10
[W : RSXThread]: NV4097_NO_OPERATION
[W : PPU[1] Thread (CPUThread)[0x008dd04c]]: cellGcmSys warning: cellGcmGetReport(type=2, index=791)
[W : PPU[1] Thread (CPUThread)[0x008dd04c]]: cellGcmSys warning: cellGcmGetReport(type=3, index=792)
[W : PPU[1] Thread (CPUThread)[0x008dd04c]]: cellGcmSys warning: cellGcmGetReport(type=4, index=793)
[W : PPU[1] Thread (CPUThread)[0x008dd04c]]: cellGcmSys warning: cellGcmGetReport(type=5, index=794)
[W : PPU[1] Thread (CPUThread)[0x00af8034]]: sys_lwmutex warning: *** lwmutex created [keMutex] (attribute=0x22): sq_id = 113
[W : PPU[1] Thread (CPUThread)[0x00021e20]]: sys_semaphore warning: sys_semaphore_create(sem_addr=0x32300090, attr_addr=0xd00107e0, initial_count=1, max_count=1)
[W : PPU[1] Thread (CPUThread)[0x00021e20]]: sys_semaphore warning: sys_semaphore_create(sem_addr=0x32300094, attr_addr=0xd00107e0, initial_count=0, max_count=2147483647)
[W : PPU[1] Thread (CPUThread)[0x00af8034]]: sys_lwmutex warning: *** lwmutex created [keMutex] (attribute=0x22): sq_id = 116
[W : PPU[1] Thread (CPUThread)[0x00021e20]]: sys_semaphore warning: sys_semaphore_create(sem_addr=0x323000c8, attr_addr=0xd00107e0, initial_count=1, max_count=1)
[W : PPU[1] Thread (CPUThread)[0x00021e20]]: sys_semaphore warning: sys_semaphore_create(sem_addr=0x323000cc, attr_addr=0xd00107e0, initial_count=0, max_count=2147483647)
[W : PPU[1] Thread (CPUThread)[0x00af8034]]: sys_lwmutex warning: *** lwmutex created [keMutex] (attribute=0x22): sq_id = 119
[W : PPU[1] Thread (CPUThread)[0x00af8034]]: sys_lwmutex warning: *** lwmutex created [keMutex] (attribute=0x22): sq_id = 120
[W : PPU[1] Thread (CPUThread)[0x00af8034]]: sys_lwmutex warning: *** lwmutex created [keMutex] (attribute=0x22): sq_id = 121
[W : PPU[1] Thread (CPUThread)[0x00021e20]]: sys_semaphore warning: sys_semaphore_create(sem_addr=0x30172b20, attr_addr=0xd0010700, initial_count=1, max_count=1)
[W : PPU[1] Thread (CPUThread)[0x00021e20]]: sys_semaphore warning: sys_semaphore_create(sem_addr=0x30172b24, attr_addr=0xd0010700, initial_count=0, max_count=2147483647)
[W : PPU[1] Thread (CPUThread)[0x00af8034]]: sys_lwmutex warning: *** lwmutex created [keMutex] (attribute=0x22): sq_id = 124
[! : PPU[1] Thread (CPUThread)[0x00af801c]]: *** New PPU Thread [CKFileSystemRequestQueue 0] (): id = 125
[W : PPU[1] Thread (CPUThread)[0x00af8034]]: sys_lwmutex warning: *** lwmutex created [keMutex] (attribute=0x22): sq_id = 126
[W : PPU[1] Thread (CPUThread)[0x00021e20]]: sys_semaphore warning: sys_semaphore_create(sem_addr=0x32300170, attr_addr=0xd0010830, initial_count=1, max_count=1)
[W : PPU[1] Thread (CPUThread)[0x00021e20]]: sys_semaphore warning: sys_semaphore_create(sem_addr=0x32300174, attr_addr=0xd0010830, initial_count=0, max_count=2147483647)
[W : PPU[1] Thread (CPUThread)[0x00af8034]]: sys_lwmutex warning: *** lwmutex created [keMutex] (attribute=0x22): sq_id = 129
[E : RSXThread]: TODO: cellGcmSetLineStipple(0x0)
[E : RSXThread]: TODO: cellGcmSetPolygonStipple(0x0)
[E : RSXThread]: TODO: cellGcmSetZcullStatsEnable(0x0)
[W : RSXThread]: NV4097_GET_REPORT: Unimplemented type 2
[W : RSXThread]: NV4097_GET_REPORT: Unimplemented type 3
[W : RSXThread]: NV4097_GET_REPORT: Unimplemented type 4
[W : RSXThread]: NV4097_GET_REPORT: Unimplemented type 5
[E : RSXThread]: TODO: cellGcmClearReportValue(0x2)
[E : RSXThread]: TODO: cellGcmSetZcullStatsEnable(0x1)
[W : PPU[1] Thread (CPUThread)[0x008db01c]]: cellSysmodule warning: cellSysmoduleIsLoaded(CELL_SYSMODULE_FS)
[W : PPU[1] Thread (CPUThread)[0x008db010]]: cellSysmodule warning: cellSysmoduleLoadModule(CELL_SYSMODULE_FS)
[W : PPU[1] Thread (CPUThread)[0x007353f8]]: sys_semaphore warning: sys_semaphore_create(sem_addr=0xa9d7e0, attr_addr=0xd0010810, initial_count=1, max_count=1)
[W : PPU[1] Thread (CPUThread)[0x007353f8]]: sys_semaphore warning: sys_semaphore_create(sem_addr=0xa9d7e8, attr_addr=0xd0010810, initial_count=0, max_count=1)
[! : PPU[1] Thread (CPUThread)[0x00af801c]]: *** New PPU Thread [RWA] (): id = 132
[W : PPU[1] Thread (CPUThread)[0x008df0b8]]: cellSysutil warning: cellAudioOutGetSoundAvailability(audioOut=0, type=0, fs=0x4, option=0)
[W : PPU[1] Thread (CPUThread)[0x008df0b8]]: cellSysutil warning: cellAudioOutGetSoundAvailability(audioOut=0, type=1, fs=0x4, option=0)
[W : PPU[1] Thread (CPUThread)[0x008df0b8]]: cellSysutil warning: cellAudioOutGetSoundAvailability(audioOut=0, type=6, fs=0x4, option=0)
[W : PPU[1] Thread (CPUThread)[0x008df07c]]: cellSysutil warning: cellAudioOutConfigure(audioOut=0, config_addr=0xd00104b0, option_addr=0x0, (!)waitForEvent=1)
[W : PPU[1] Thread (CPUThread)[0x008df124]]: cellSysutil warning: cellAudioOutGetState(audioOut=0x0,deviceIndex=0x0,state_addr=0xd00104c0)
[W : PPU[1] Thread (CPUThread)[0x00af6004]]: cellAudio warning: cellAudioInit()
[! : Audio Thread]: Audio started
[W : PPU[1] Thread (CPUThread)[0x00af6058]]: cellAudio warning: cellAudioPortOpen(audioParam_addr=0xd00105c0, portNum_addr=0x30174434)
[W : PPU[1] Thread (CPUThread)[0x00af6058]]: cellAudio warning: *** audio port opened(nChannel=8, nBlock=8, attr=0x1000, level=1.000000): port = 0
[W : PPU[1] Thread (CPUThread)[0x00af6034]]: cellAudio warning: cellAudioGetPortConfig(portNum=0x0, portConfig_addr=0xd00105e0)
[W : PPU[1] Thread (CPUThread)[0x00af8034]]: sys_lwmutex warning: *** lwmutex created [] (attribute=0x22): sq_id = 133
[W : PPU[1] Thread (CPUThread)[0x0075ce6c]]: sys_event warning: sys_event_queue_create(equeue_id_addr=0xaa5884, attr_addr=0xd00104ac, event_queue_key=0x0, size=32)
[W : PPU[1] Thread (CPUThread)[0x0075ce94]]: sys_spu warning: sys_spu_thread_group_create(id_addr=0xaa5988, num=1, prio=100, attr_addr=0xd001049c)
[W : PPU[1] Thread (CPUThread)[0x0075ce94]]: sys_spu warning: *** SPU Thread Group created [_Multistream Thread Group] (type=0x0, option.ct=0x0): id=135
[W : PPU[1] Thread (CPUThread)[0x00af80c4]]: sysPrxForUser warning: sys_spu_image_import(img=0xaa598c, src=0x8c4500, type=0x1)
[W : PPU[1] Thread (CPUThread)[0x00af80c4]]: desc = 'msngSPU_ATRAC'
[W : PPU[1] Thread (CPUThread)[0x0075cf24]]: sys_spu warning: sys_spu_thread_initialize(thread_addr=0xaa3e84, group=0x87, spu_num=0, img_addr=0xaa598c, attr_addr=0xd0010490, arg_addr=0xd00104c0)
[W : PPU[1] Thread (CPUThread)[0x0075cf24]]: sys_spu warning: *** New SPU Thread [_Multistream SPU Thread] (img_offset=0xafc000, ls_offset=0xb3c000, ep=0xd0, a1=0x792474, a2=0x20400, a3=0x1000249bc, a4=0xa9cfa8): id=136
[W : PPU[1] Thread (CPUThread)[0x0075cf48]]: sys_spu warning: sys_spu_thread_connect_event(id=136, eq_id=134, event_type=0x1, spup=42)
[W : PPU[1] Thread (CPUThread)[0x0075cf60]]: sys_spu warning: sys_spu_thread_group_start(id=135)
[W : PPU[1] Thread (CPUThread)[0x00aec028]]: *** cellFsOpen(path="/dev_flash/sys/external/flashATRAC.pic"): fd = 137
[W : PPU[1] Thread (CPUThread)[0x00aec004]]: sys_fs warning: cellFsClose(fd=137)
[W : PPU[1] Thread (CPUThread)[0x00af6040]]: cellAudio warning: cellAudioPortStart(portNum=0x0)
[! : PPU[1] Thread (CPUThread)[0x00af801c]]: *** New PPU Thread [RWA Rendering Thread] (): id = 138
[W : PPU[1] Thread (CPUThread)[0x00af8034]]: sys_lwmutex warning: *** lwmutex created [keMutex] (attribute=0x12): sq_id = 139
[W : PPU[1] Thread (CPUThread)[0x00021e20]]: sys_semaphore warning: sys_semaphore_create(sem_addr=0x30172a20, attr_addr=0xd0010620, initial_count=1, max_count=1)
[W : PPU[1] Thread (CPUThread)[0x00021e20]]: sys_semaphore warning: sys_semaphore_create(sem_addr=0x30172a24, attr_addr=0xd0010620, initial_count=0, max_count=2147483647)
[W : PPU[1] Thread (CPUThread)[0x00af8034]]: sys_lwmutex warning: *** lwmutex created [keMutex] (attribute=0x22): sq_id = 142
[E : SPU[136] Thread (_Multistream SPU Thread)[0x00001fa8]]: SPUThread::WriteChannel error: unknown/illegal channel (7 [$SPU_WrDec]).
[E : SPU[136] Thread (_Multistream SPU Thread)[0x00001fac]]: SPUThread::ReadChannel error: unknown/illegal channel (8 [$SPU_RdDec]).
[E : SPU[136] Thread (_Multistream SPU Thread)[0x00001fbc]]: SPUThread::WriteChannel error: unknown/illegal channel (7 [$SPU_WrDec]).
[W : PPU[1] Thread (CPUThread)[0x00aec028]]: *** cellFsOpen(path="/dev_bdvd/PS3_GAME/USRDIR/SHADER/PS3/SHFCT.STATIC.V2.BIN"): fd = 143
[W : PPU[1] Thread (CPUThread)[0x005af580]]: RawSPUThread[0]: Write32(SPU_In_MBox, 0x80002)
[W : PPU[1] Thread (CPUThread)[0x005af580]]: RawSPUThread[0]: Write32(SPU_In_MBox, 0x120003)
[W : PPU[1] Thread (CPUThread)[0x005af604]]: RawSPUThread[0]: Read32(SPU_Out_MBox)
[W : PPU[1] Thread (CPUThread)[0x005af580]]: RawSPUThread[0]: Write32(SPU_In_MBox, 0x80004)
[W : PPU[1] Thread (CPUThread)[0x005af580]]: RawSPUThread[0]: Write32(SPU_In_MBox, 0x120005)
[W : PPU[1] Thread (CPUThread)[0x005af604]]: RawSPUThread[0]: Read32(SPU_Out_MBox)
[W : PPU[1] Thread (CPUThread)[0x00aec004]]: sys_fs warning: cellFsClose(fd=143)
[W : PPU[1] Thread (CPUThread)[0x00af80a0]]: sys_lwmutex warning: sys_lwmutex_destroy(lwmutex_addr=0x30172a28)
[W : PPU[1] Thread (CPUThread)[0x00af80a0]]: sys_lwmutex warning: sys_lwmutex_destroy(lwmutex_addr=0x301729f8)
[E : SPU[136] Thread (_Multistream SPU Thread)[0x000070bc]]: SPUThread::ReadChannel error: unknown/illegal channel (8 [$SPU_RdDec]).
[W : PPU[1] Thread (CPUThread)[0x00af401c]]: cellGame warning: cellGameBootCheck(type_addr=0xd00108e0, attributes_addr=0xd00108e4, size_addr=0xd00108e8, dirName_addr=0xd00108f8)
[W : PPU[1] Thread (CPUThread)[0x00af4004]]: cellGame warning: cellGameContentPermit(contentInfoPath_addr=0xd00109f8, usrdirPath_addr=0xd00108f8)
[W : PPU[1] Thread (CPUThread)[0x00af8034]]: sys_lwmutex warning: *** lwmutex created [keMutex] (attribute=0x22): sq_id = 144
[W : PPU[1] Thread (CPUThread)[0x00021e20]]: sys_semaphore warning: sys_semaphore_create(sem_addr=0x301a5680, attr_addr=0xd00106a0, initial_count=1, max_count=1)
[W : PPU[1] Thread (CPUThread)[0x00021e20]]: sys_semaphore warning: sys_semaphore_create(sem_addr=0x301a5684, attr_addr=0xd00106a0, initial_count=0, max_count=2147483647)
[W : PPU[1] Thread (CPUThread)[0x00af8034]]: sys_lwmutex warning: *** lwmutex created [keMutex] (attribute=0x22): sq_id = 147
[W : PPU[84] Thread (CKTrophyRequestQueue::keCThreadPool 0)[0x00af2058]]: sceNpTrophy warning: sceNpTrophyCreateContext(context_addr=0xa84acc, commID_addr=0x8a3c80, commSign_addr=0x8a3c8c, options=0x0)
[W : PPU[1] Thread (CPUThread)[0x00021e20]]: sys_semaphore warning: sys_semaphore_create(sem_addr=0x301a5910, attr_addr=0xd00109d0, initial_count=1, max_count=1)
[W : PPU[1] Thread (CPUThread)[0x00021e20]]: sys_semaphore warning: sys_semaphore_create(sem_addr=0x301a5914, attr_addr=0xd00109d0, initial_count=0, max_count=2147483647)
[W : PPU[1] Thread (CPUThread)[0x00af8034]]: sys_lwmutex warning: *** lwmutex created [keMutex] (attribute=0x22): sq_id = 150
[W : PPU[1] Thread (CPUThread)[0x00af8034]]: sys_lwmutex warning: *** lwmutex created [keMutex] (attribute=0x22): sq_id = 151
[W : PPU[1] Thread (CPUThread)[0x00af8034]]: sys_lwmutex warning: *** lwmutex created [keMutex] (attribute=0x22): sq_id = 152
[W : PPU[1] Thread (CPUThread)[0x00021e20]]: sys_semaphore warning: sys_semaphore_create(sem_addr=0x301a5a40, attr_addr=0xd0010900, initial_count=1, max_count=1)
[W : PPU[84] Thread (CKTrophyRequestQueue::keCThreadPool 0)[0x00af2010]]: sceNpTrophy warning: sceNpTrophyCreateHandle(handle_addr=0xa84ad0)
[W : PPU[1] Thread (CPUThread)[0x00021e20]]: sys_semaphore warning: sys_semaphore_create(sem_addr=0x301a5a44, attr_addr=0xd0010900, initial_count=0, max_count=2147483647)
[W : PPU[1] Thread (CPUThread)[0x00af8034]]: sys_lwmutex warning: *** lwmutex created [keMutex] (attribute=0x22): sq_id = 155
[W : PPU[84] Thread (CKTrophyRequestQueue::keCThreadPool 0)[0x00af201c]]: sceNpTrophy warning: sceNpTrophyGetRequiredDiskSpace(context=0, handle=0, reqspace_addr=0xd0040b90, options=0x0)
[! : PPU[1] Thread (CPUThread)[0x00af801c]]: *** New PPU Thread [ParticleUpdateThread] (): id = 156
[W : PPU[84] Thread (CKTrophyRequestQueue::keCThreadPool 0)[0x00af2004]]: sceNpTrophy warning: sceNpTrophyRegisterContext(context=0, handle=0, statusCb_addr=0x909a18, arg_addr=0x0, options=0x1)
[W : PPU[84] Thread (CKTrophyRequestQueue::keCThreadPool 0)[0x00af2034]]: sceNpTrophy warning: sceNpTrophyGetGameInfo(context=0, handle=0, details_addr=0xa84adc, data_addr=0xa84f74)
[W : PPU[1] Thread (CPUThread)[0x008df070]]: cellSysutil warning: cellSysutilGetSystemParamInt: CELL_SYSUTIL_SYSTEMPARAM_ID_LANG
[W : PPU[42] Thread (CKLoadRequestQueue 0)[0x00af8034]]: sys_lwmutex warning: *** lwmutex created [keMutex] (attribute=0x12): sq_id = 157
[W : PPU[42] Thread (CKLoadRequestQueue 0)[0x00021e20]]: sys_semaphore warning: sys_semaphore_create(sem_addr=0x32adf610, attr_addr=0xd00206c0, initial_count=1, max_count=1)
[W : PPU[42] Thread (CKLoadRequestQueue 0)[0x00021e20]]: sys_semaphore warning: sys_semaphore_create(sem_addr=0x32adf614, attr_addr=0xd00206c0, initial_count=0, max_count=2147483647)
[W : PPU[42] Thread (CKLoadRequestQueue 0)[0x00af8034]]: sys_lwmutex warning: *** lwmutex created [keMutex] (attribute=0x22): sq_id = 160
[W : RSXThread]: NV4097_SET_ANTI_ALIASING_CONTROL: ffff0000
[W : RSXThread]: NV4097_INVALIDATE_L2: 1
[W : RSXThread]: NV4097_SET_ZCULL_CONTROL0: 10
[W : RSXThread]: NV4097_NO_OPERATION
[E : SPU[136] Thread (_Multistream SPU Thread)[0x00007a18]]: SPUThread::ReadChannel error: unknown/illegal channel (8 [$SPU_RdDec]).
[E : SPU[136] Thread (_Multistream SPU Thread)[0x000070bc]]: SPUThread::ReadChannel error: unknown/illegal channel (8 [$SPU_RdDec]).
[E : SPU[136] Thread (_Multistream SPU Thread)[0x00007a18]]: SPUThread::ReadChannel error: unknown/illegal channel (8 [$SPU_RdDec]).
[E : SPU[136] Thread (_Multistream SPU Thread)[0x000070bc]]: SPUThread::ReadChannel error: unknown/illegal channel (8 [$SPU_RdDec]).
[W : RSXThread]: NV4097_SET_ZCULL_CONTROL0: 10
[W : RSXThread]: NV4097_NO_OPERATION
[W : PPU[1] Thread (CPUThread)[0x008dd04c]]: cellGcmSys warning: cellGcmGetReport(type=2, index=791)
[W : PPU[1] Thread (CPUThread)[0x008dd04c]]: cellGcmSys warning: cellGcmGetReport(type=3, index=792)
[W : PPU[1] Thread (CPUThread)[0x008dd04c]]: cellGcmSys warning: cellGcmGetReport(type=4, index=793)
[W : PPU[1] Thread (CPUThread)[0x008dd04c]]: cellGcmSys warning: cellGcmGetReport(type=5, index=794)
[E : RSXThread]: TODO: cellGcmSetLineStipple(0x0)
[E : RSXThread]: TODO: cellGcmSetPolygonStipple(0x0)
[E : RSXThread]: TODO: cellGcmSetZcullStatsEnable(0x0)
[W : RSXThread]: NV4097_GET_REPORT: Unimplemented type 2
[W : RSXThread]: NV4097_GET_REPORT: Unimplemented type 3
[W : RSXThread]: NV4097_GET_REPORT: Unimplemented type 4
[W : RSXThread]: NV4097_GET_REPORT: Unimplemented type 5
[E : RSXThread]: TODO: cellGcmClearReportValue(0x2)
[E : RSXThread]: TODO: cellGcmSetZcullStatsEnable(0x1)
[W : RSXThread]: NV4097_SET_ANTI_ALIASING_CONTROL: ffff0000
[W : RSXThread]: NV4097_INVALIDATE_L2: 1
[W : RSXThread]: NV4097_SET_ZCULL_CONTROL0: 10
[W : RSXThread]: NV4097_NO_OPERATION
[W : RSXThread]: NV4097_SET_ZCULL_CONTROL0: 10
[W : RSXThread]: NV4097_NO_OPERATION
[W : PPU[1] Thread (CPUThread)[0x008dd04c]]: cellGcmSys warning: cellGcmGetReport(type=2, index=791)
[W : PPU[1] Thread (CPUThread)[0x008dd04c]]: cellGcmSys warning: cellGcmGetReport(type=3, index=792)
[W : PPU[1] Thread (CPUThread)[0x008dd04c]]: cellGcmSys warning: cellGcmGetReport(type=4, index=793)
[W : PPU[1] Thread (CPUThread)[0x008dd04c]]: cellGcmSys warning: cellGcmGetReport(type=5, index=794)
[W : PPU[42] Thread (CKLoadRequestQueue 0)[0x00aec028]]: *** cellFsOpen(path="/dev_bdvd/PS3_GAME/USRDIR/GAME.KP3"): fd = 161
[E : RSXThread]: TODO: cellGcmSetLineStipple(0x0)
[E : RSXThread]: TODO: cellGcmSetPolygonStipple(0x0)
[E : RSXThread]: TODO: cellGcmSetZcullStatsEnable(0x0)
[W : RSXThread]: NV4097_GET_REPORT: Unimplemented type 2
[W : RSXThread]: NV4097_GET_REPORT: Unimplemented type 3
[W : RSXThread]: NV4097_GET_REPORT: Unimplemented type 4
[W : RSXThread]: NV4097_GET_REPORT: Unimplemented type 5
[E : RSXThread]: TODO: cellGcmClearReportValue(0x2)
[E : RSXThread]: TODO: cellGcmSetZcullStatsEnable(0x1)
[W : RSXThread]: NV4097_SET_ANTI_ALIASING_CONTROL: ffff0000
[W : RSXThread]: NV4097_INVALIDATE_L2: 1
[W : RSXThread]: NV4097_SET_ZCULL_CONTROL0: 10
[W : RSXThread]: NV4097_NO_OPERATION
[W : RSXThread]: NV4097_SET_ZCULL_CONTROL0: 10
[W : RSXThread]: NV4097_NO_OPERATION
[W : PPU[1] Thread (CPUThread)[0x008dd04c]]: cellGcmSys warning: cellGcmGetReport(type=2, index=791)
[W : PPU[1] Thread (CPUThread)[0x008dd04c]]: cellGcmSys warning: cellGcmGetReport(type=3, index=792)
[W : PPU[1] Thread (CPUThread)[0x008dd04c]]: cellGcmSys warning: cellGcmGetReport(type=4, index=793)
[W : PPU[1] Thread (CPUThread)[0x008dd04c]]: cellGcmSys warning: cellGcmGetReport(type=5, index=794)
[E : RSXThread]: TODO: cellGcmSetLineStipple(0x0)
[E : RSXThread]: TODO: cellGcmSetPolygonStipple(0x0)
[E : RSXThread]: TODO: cellGcmSetZcullStatsEnable(0x0)
[W : RSXThread]: NV4097_GET_REPORT: Unimplemented type 2
[W : RSXThread]: NV4097_GET_REPORT: Unimplemented type 3
[W : RSXThread]: NV4097_GET_REPORT: Unimplemented type 4
[W : RSXThread]: NV4097_GET_REPORT: Unimplemented type 5
[E : RSXThread]: TODO: cellGcmClearReportValue(0x2)
[E : RSXThread]: TODO: cellGcmSetZcullStatsEnable(0x1)
[W : RSXThread]: NV4097_SET_ANTI_ALIASING_CONTROL: ffff0000
[W : RSXThread]: NV4097_INVALIDATE_L2: 1
[W : RSXThread]: NV4097_SET_ZCULL_CONTROL0: 10
[W : RSXThread]: NV4097_NO_OPERATION
[W : RSXThread]: NV4097_SET_ZCULL_CONTROL0: 10
[W : RSXThread]: NV4097_NO_OPERATION
[W : PPU[1] Thread (CPUThread)[0x008dd04c]]: cellGcmSys warning: cellGcmGetReport(type=2, index=791)
[W : PPU[1] Thread (CPUThread)[0x008dd04c]]: cellGcmSys warning: cellGcmGetReport(type=3, index=792)
[W : PPU[1] Thread (CPUThread)[0x008dd04c]]: cellGcmSys warning: cellGcmGetReport(type=4, index=793)
[W : PPU[1] Thread (CPUThread)[0x008dd04c]]: cellGcmSys warning: cellGcmGetReport(type=5, index=794)
[E : RSXThread]: TODO: cellGcmSetLineStipple(0x0)
[E : RSXThread]: TODO: cellGcmSetPolygonStipple(0x0)
[E : RSXThread]: TODO: cellGcmSetZcullStatsEnable(0x0)
[W : RSXThread]: NV4097_GET_REPORT: Unimplemented type 2
[W : RSXThread]: NV4097_GET_REPORT: Unimplemented type 3
[W : RSXThread]: NV4097_GET_REPORT: Unimplemented type 4
[W : RSXThread]: NV4097_GET_REPORT: Unimplemented type 5
[E : RSXThread]: TODO: cellGcmClearReportValue(0x2)
[E : RSXThread]: TODO: cellGcmSetZcullStatsEnable(0x1)
[E : SPU[136] Thread (_Multistream SPU Thread)[0x000063cc]]: SPUThread::ReadChannel error: unknown/illegal channel (8 [$SPU_RdDec]).
[W : RSXThread]: NV4097_SET_ANTI_ALIASING_CONTROL: ffff0000
[W : RSXThread]: NV4097_INVALIDATE_L2: 1
[W : RSXThread]: NV4097_SET_ZCULL_CONTROL0: 10
[W : RSXThread]: NV4097_NO_OPERATION
[W : RSXThread]: NV4097_SET_ZCULL_CONTROL0: 10
[W : RSXThread]: NV4097_NO_OPERATION
[W : PPU[1] Thread (CPUThread)[0x008dd04c]]: cellGcmSys warning: cellGcmGetReport(type=2, index=791)
[W : PPU[1] Thread (CPUThread)[0x008dd04c]]: cellGcmSys warning: cellGcmGetReport(type=3, index=792)
[W : PPU[1] Thread (CPUThread)[0x008dd04c]]: cellGcmSys warning: cellGcmGetReport(type=4, index=793)
[W : PPU[1] Thread (CPUThread)[0x008dd04c]]: cellGcmSys warning: cellGcmGetReport(type=5, index=794)
[E : RSXThread]: TODO: cellGcmSetLineStipple(0x0)
[E : RSXThread]: TODO: cellGcmSetPolygonStipple(0x0)
[E : RSXThread]: TODO: cellGcmSetZcullStatsEnable(0x0)
[W : RSXThread]: NV4097_GET_REPORT: Unimplemented type 2
[W : RSXThread]: NV4097_GET_REPORT: Unimplemented type 3
[W : RSXThread]: NV4097_GET_REPORT: Unimplemented type 4
[W : RSXThread]: NV4097_GET_REPORT: Unimplemented type 5
[E : RSXThread]: TODO: cellGcmClearReportValue(0x2)
[E : RSXThread]: TODO: cellGcmSetZcullStatsEnable(0x1)
[W : RSXThread]: NV4097_SET_ANTI_ALIASING_CONTROL: ffff0000
[W : RSXThread]: NV4097_INVALIDATE_L2: 1
[W : RSXThread]: NV4097_SET_ZCULL_CONTROL0: 10
[W : RSXThread]: NV4097_NO_OPERATION
[W : RSXThread]: NV4097_SET_ZCULL_CONTROL0: 10
[W : RSXThread]: NV4097_NO_OPERATION
[W : PPU[1] Thread (CPUThread)[0x008dd04c]]: cellGcmSys warning: cellGcmGetReport(type=2, index=791)
[W : PPU[1] Thread (CPUThread)[0x008dd04c]]: cellGcmSys warning: cellGcmGetReport(type=3, index=792)
[W : PPU[1] Thread (CPUThread)[0x008dd04c]]: cellGcmSys warning: cellGcmGetReport(type=4, index=793)
[W : PPU[1] Thread (CPUThread)[0x008dd04c]]: cellGcmSys warning: cellGcmGetReport(type=5, index=794)
[E : RSXThread]: TODO: cellGcmSetLineStipple(0x0)
[E : RSXThread]: TODO: cellGcmSetPolygonStipple(0x0)
[E : RSXThread]: TODO: cellGcmSetZcullStatsEnable(0x0)
[W : RSXThread]: NV4097_GET_REPORT: Unimplemented type 2
[W : RSXThread]: NV4097_GET_REPORT: Unimplemented type 3
[W : RSXThread]: NV4097_GET_REPORT: Unimplemented type 4
[W : RSXThread]: NV4097_GET_REPORT: Unimplemented type 5
[E : RSXThread]: TODO: cellGcmClearReportValue(0x2)
[E : RSXThread]: TODO: cellGcmSetZcullStatsEnable(0x1)
[W : RSXThread]: NV4097_SET_ANTI_ALIASING_CONTROL: ffff0000
[W : RSXThread]: NV4097_INVALIDATE_L2: 1
[W : RSXThread]: NV4097_SET_ZCULL_CONTROL0: 10
[W : RSXThread]: NV4097_NO_OPERATION
[W : RSXThread]: NV4097_SET_ZCULL_CONTROL0: 10
[W : RSXThread]: NV4097_NO_OPERATION
[W : PPU[1] Thread (CPUThread)[0x008dd04c]]: cellGcmSys warning: cellGcmGetReport(type=2, index=791)
[W : PPU[1] Thread (CPUThread)[0x008dd04c]]: cellGcmSys warning: cellGcmGetReport(type=3, index=792)
[W : PPU[1] Thread (CPUThread)[0x008dd04c]]: cellGcmSys warning: cellGcmGetReport(type=4, index=793)
[W : PPU[1] Thread (CPUThread)[0x008dd04c]]: cellGcmSys warning: cellGcmGetReport(type=5, index=794)
[E : RSXThread]: TODO: cellGcmSetLineStipple(0x0)
[E : RSXThread]: TODO: cellGcmSetPolygonStipple(0x0)
[E : RSXThread]: TODO: cellGcmSetZcullStatsEnable(0x0)
[W : RSXThread]: NV4097_GET_REPORT: Unimplemented type 2
[W : RSXThread]: NV4097_GET_REPORT: Unimplemented type 3
[W : RSXThread]: NV4097_GET_REPORT: Unimplemented type 4
[W : RSXThread]: NV4097_GET_REPORT: Unimplemented type 5
[E : RSXThread]: TODO: cellGcmClearReportValue(0x2)
[E : RSXThread]: TODO: cellGcmSetZcullStatsEnable(0x1)
[W : RSXThread]: NV4097_SET_ANTI_ALIASING_CONTROL: ffff0000
[W : RSXThread]: NV4097_INVALIDATE_L2: 1
[W : RSXThread]: NV4097_SET_ZCULL_CONTROL0: 10
[W : RSXThread]: NV4097_NO_OPERATION
[W : RSXThread]: NV4097_SET_ZCULL_CONTROL0: 10
[W : RSXThread]: NV4097_NO_OPERATION
[W : PPU[1] Thread (CPUThread)[0x008dd04c]]: cellGcmSys warning: cellGcmGetReport(type=2, index=791)
[W : PPU[1] Thread (CPUThread)[0x008dd04c]]: cellGcmSys warning: cellGcmGetReport(type=3, index=792)
[W : PPU[1] Thread (CPUThread)[0x008dd04c]]: cellGcmSys warning: cellGcmGetReport(type=4, index=793)
[W : PPU[1] Thread (CPUThread)[0x008dd04c]]: cellGcmSys warning: cellGcmGetReport(type=5, index=794)
[E : RSXThread]: TODO: cellGcmSetLineStipple(0x0)
[E : RSXThread]: TODO: cellGcmSetPolygonStipple(0x0)
[E : RSXThread]: TODO: cellGcmSetZcullStatsEnable(0x0)
[W : RSXThread]: NV4097_GET_REPORT: Unimplemented type 2
[W : RSXThread]: NV4097_GET_REPORT: Unimplemented type 3
[W : RSXThread]: NV4097_GET_REPORT: Unimplemented type 4
[W : RSXThread]: NV4097_GET_REPORT: Unimplemented type 5
[E : RSXThread]: TODO: cellGcmClearReportValue(0x2)
[E : RSXThread]: TODO: cellGcmSetZcullStatsEnable(0x1)
[W : RSXThread]: NV4097_SET_ANTI_ALIASING_CONTROL: ffff0000
[W : RSXThread]: NV4097_INVALIDATE_L2: 1
[W : RSXThread]: NV4097_SET_ZCULL_CONTROL0: 10
[W : RSXThread]: NV4097_NO_OPERATION
[W : RSXThread]: NV4097_SET_ZCULL_CONTROL0: 10
[W : RSXThread]: NV4097_NO_OPERATION
[W : PPU[1] Thread (CPUThread)[0x008dd04c]]: cellGcmSys warning: cellGcmGetReport(type=2, index=791)
[W : PPU[1] Thread (CPUThread)[0x008dd04c]]: cellGcmSys warning: cellGcmGetReport(type=3, index=792)
[W : PPU[1] Thread (CPUThread)[0x008dd04c]]: cellGcmSys warning: cellGcmGetReport(type=4, index=793)
[W : PPU[1] Thread (CPUThread)[0x008dd04c]]: cellGcmSys warning: cellGcmGetReport(type=5, index=794)
[E : RSXThread]: TODO: cellGcmSetLineStipple(0x0)
[E : RSXThread]: TODO: cellGcmSetPolygonStipple(0x0)
[E : RSXThread]: TODO: cellGcmSetZcullStatsEnable(0x0)
[W : RSXThread]: NV4097_GET_REPORT: Unimplemented type 2
[W : RSXThread]: NV4097_GET_REPORT: Unimplemented type 3
[W : RSXThread]: NV4097_GET_REPORT: Unimplemented type 4
[W : RSXThread]: NV4097_GET_REPORT: Unimplemented type 5
[E : RSXThread]: TODO: cellGcmClearReportValue(0x2)
[E : RSXThread]: TODO: cellGcmSetZcullStatsEnable(0x1)
[W : RSXThread]: NV4097_SET_ANTI_ALIASING_CONTROL: ffff0000
[W : RSXThread]: NV4097_INVALIDATE_L2: 1
[W : RSXThread]: NV4097_SET_ZCULL_CONTROL0: 10
[W : RSXThread]: NV4097_NO_OPERATION
[W : RSXThread]: NV4097_SET_ZCULL_CONTROL0: 10
[W : RSXThread]: NV4097_NO_OPERATION
[W : PPU[1] Thread (CPUThread)[0x008dd04c]]: cellGcmSys warning: cellGcmGetReport(type=2, index=791)
[W : PPU[1] Thread (CPUThread)[0x008dd04c]]: cellGcmSys warning: cellGcmGetReport(type=3, index=792)
[W : PPU[1] Thread (CPUThread)[0x008dd04c]]: cellGcmSys warning: cellGcmGetReport(type=4, index=793)
[W : PPU[1] Thread (CPUThread)[0x008dd04c]]: cellGcmSys warning: cellGcmGetReport(type=5, index=794)
[E : RSXThread]: TODO: cellGcmSetLineStipple(0x0)
[E : RSXThread]: TODO: cellGcmSetPolygonStipple(0x0)
[E : RSXThread]: TODO: cellGcmSetZcullStatsEnable(0x0)
[W : RSXThread]: NV4097_GET_REPORT: Unimplemented type 2
[W : RSXThread]: NV4097_GET_REPORT: Unimplemented type 3
[W : RSXThread]: NV4097_GET_REPORT: Unimplemented type 4
[W : RSXThread]: NV4097_GET_REPORT: Unimplemented type 5
[E : RSXThread]: TODO: cellGcmClearReportValue(0x2)
[E : RSXThread]: TODO: cellGcmSetZcullStatsEnable(0x1)
