[!]: path: /dev_hdd0/game/
[!]: Loading 'D:\Emulateurs\Rpcs3\dev_hdd0\game\BLES01807-[Grand Theft Auto V]/PS3_GAME/USRDIR/BOOT.BIN'...
[!]: Mount info:
[!]: /dev_hdd0/ -> D:\Emulateurs\Rpcs3\dev_hdd0\
[!]: /dev_hdd1/ -> D:\Emulateurs\Rpcs3\dev_hdd1\
[!]: /dev_flash/ -> D:\Emulateurs\Rpcs3\dev_flash\
[!]: /dev_usb000/ -> D:\Emulateurs\Rpcs3\dev_usb000\
[!]: /dev_usb/ -> D:\Emulateurs\Rpcs3\dev_usb000\
[!]: /app_home/ -> D:\Emulateurs\Rpcs3\dev_hdd0\game\BLES01807-[Grand Theft Auto V]/PS3_GAME/\USRDIR\
[!]: /dev_bdvd/ -> D:\Emulateurs\Rpcs3\dev_hdd0\game\BLES01807-[Grand Theft Auto V]/PS3_GAME/\..\
[!]: /host_root/ -> 
[!]: ///resource/ -> D:\Emulateurs\Rpcs3\dev_hdd0\game\BLES01807-[Grand Theft Auto V]/PS3_GAME/\USRDIR\resource\
[!]: /app_home/Game/PS3_GAME/USRDIR/ -> D:\Emulateurs\Rpcs3\dev_hdd0\game\BLES01807-[Grand Theft Auto V]/PS3_GAME/\USRDIR\
[!]: /app_home/PS3_GAME/USRDIR/media/ -> D:\Emulateurs\Rpcs3\dev_hdd0\game\BLES01807-[Grand Theft Auto V]/PS3_GAME/\USRDIR\media\
[!]: /Data/ -> D:\Emulateurs\Rpcs3\dev_hdd0\game\BLES01807-[Grand Theft Auto V]/PS3_GAME/\USRDIR\Data\
[!]: / -> D:\Emulateurs\Rpcs3\dev_hdd0\game\BLES01807-[Grand Theft Auto V]/PS3_GAME/\USRDIR\
[!]: /USRDIR/PS3_GAME/USRDIR/Data/ -> D:\Emulateurs\Rpcs3\dev_hdd0\game\BLES01807-[Grand Theft Auto V]/PS3_GAME/\USRDIR\Data\
[!]: /app_home//dev_bdvd/PS3_GAME/USRDIR/data/gos/ -> D:\Emulateurs\Rpcs3\dev_hdd0\game\BLES01807-[Grand Theft Auto V]/PS3_GAME/\USRDIR\
[!]: BD/ -> D:\Emulateurs\Rpcs3\dev_hdd0\game\BLES01807-[Grand Theft Auto V]/PS3_GAME/\USRDIR\
[!]: //dev_bdvd/PS3_GAME/USRDIR/ -> D:\Emulateurs\Rpcs3\dev_hdd0\game\BLES01807-[Grand Theft Auto V]/PS3_GAME/\USRDIR\
[!]: Initing memory...
[!]: Memory initialized.
[W]: Unknown function 0x0a563878 in 'cellVoice' module
[E]: TODO: cellVoiceStart
[W]: Unknown function 0x18d3df30 in 'cellVoice' module
[E]: TODO: cellVoiceDisconnectIPortFromOPort
[W]: Unknown function 0x2de54871 in 'cellVoice' module
[E]: TODO: cellVoiceCreatePort
[W]: Unknown function 0x36472c57 in 'cellVoice' module
[E]: TODO: cellVoiceReadFromOPort
[W]: Unknown function 0x3dad26e7 in 'cellVoice' module
[E]: TODO: cellVoiceWriteToIPort
[W]: Unknown function 0x54ac3519 in 'cellVoice' module
[E]: TODO: cellVoiceGetPortInfo
[W]: Unknown function 0x9d0f4af1 in 'cellVoice' module
[E]: TODO: cellVoiceSetPortAttr
[W]: Unknown function 0x9f70c475 in 'cellVoice' module
[E]: TODO: cellVoiceDeletePort
[W]: Unknown function 0xae6a21d5 in 'cellVoice' module
[E]: TODO: cellVoiceConnectIPortToOPort
[W]: Unknown function 0xbef53a2b in 'cellVoice' module
[E]: TODO: cellVoiceGetBitRate
[W]: Unknown function 0xc7cf1182 in 'cellVoice' module
[E]: TODO: cellVoiceInit
[W]: Unknown function 0xd3a84be1 in 'cellVoice' module
[E]: TODO: cellVoiceStop
[W]: Unknown function 0xe0e1ae12 in 'cellVoice' module
[E]: TODO: cellVoiceEnd
[W]: Unknown function 0xf629ed67 in 'cellVoice' module
[E]: TODO: cellVoiceGetPortAttr
[W]: Unknown function 0x4b1383fb in 'cellSheap' module
[E]: TODO: cellSheapAllocate
[W]: Unknown function 0x5c5994bd in 'cellSheap' module
[E]: TODO: cellSheapFree
[W]: Unknown function 0xbbb47cd8 in 'cellSheap' module
[E]: TODO: cellSheapInitialize
[W]: Unknown module 'cellHttp'
[W]: Unknown function 0x1650aea4 in 'cellSsl' module
[E]: TODO: cellSslEnd
[W]: Unknown function 0x571afaca in 'cellSsl' module
[E]: TODO: cellSslCertificateLoader
[W]: Unknown function 0xfb02c9d2 in 'cellSsl' module
[E]: TODO: cellSslInit
[W]: Unknown module 'sceNpCommerce2'
[W]: Unknown function 0x039d70b7 in 'cellSpurs' module
[E]: TODO: cellSpursQueueDetachLv2EventQueue
[W]: Unknown function 0x082bfb09 in 'cellSpurs' module
[E]: TODO: _cellSpursQueueInitialize
[W]: Unknown function 0x16394a4e in 'cellSpurs' module
[E]: TODO: _cellSpursTasksetAttributeInitialize
[W]: Unknown function 0x1d344406 in 'cellSpurs' module
[E]: TODO: cellSpursTaskGetLoadableSegmentPattern
[W]: Unknown function 0x1d46fedf in 'cellSpurs' module
[E]: TODO: cellSpursCreateTaskWithAttribute
[W]: Unknown function 0x303c19cd in 'cellSpurs' module
[E]: TODO: cellSpursCreateJobChainWithAttribute
[W]: Unknown function 0x3548f483 in 'cellSpurs' module
[E]: TODO: _cellSpursJobChainAttributeInitialize
[W]: Unknown function 0x5ef96465 in 'cellSpurs' module
[E]: TODO: _cellSpursEventFlagInitialize
[W]: Unknown function 0x652b70e2 in 'cellSpurs' module
[E]: TODO: cellSpursTasksetAttributeSetName
[W]: Unknown function 0x69726aa2 in 'cellSpurs' module
[E]: TODO: cellSpursAddWorkload
[W]: Unknown function 0x738e40e6 in 'cellSpurs' module
[E]: TODO: cellSpursShutdownJobChain
[W]: Unknown function 0x77cdac0c in 'cellSpurs' module
[E]: TODO: _cellSpursSemaphoreInitialize
[W]: Unknown function 0x7cb33c2e in 'cellSpurs' module
[E]: TODO: cellSpursTaskGetReadOnlyAreaPattern
[W]: Unknown function 0x7e4ea023 in 'cellSpurs' module
[E]: TODO: cellSpursWakeUp
[W]: Unknown function 0x7fdf4fef in 'cellSpurs' module
[E]: TODO: cellSpursBarrierInitialize
[W]: Unknown function 0x8f122ef8 in 'cellSpurs' module
[E]: TODO: cellSpursTasksetAttributeSetTasksetSize
[W]: Unknown function 0x9034e538 in 'cellSpurs' module
[E]: TODO: cellSpursTaskGetContextSaveAreaSize
[W]: Unknown function 0x91066667 in 'cellSpurs' module
[E]: TODO: cellSpursQueuePopBody
[W]: Unknown function 0x9197915f in 'cellSpurs' module
[E]: TODO: cellSpursTaskGenerateLsPattern
[W]: Unknown function 0x9fef70c2 in 'cellSpurs' module
[E]: TODO: cellSpursJobChainAttributeSetName
[W]: Unknown function 0xa73bf47e in 'cellSpurs' module
[E]: TODO: _cellSpursWorkloadFlagReceiver
[W]: Unknown function 0xa7c066de in 'cellSpurs' module
[E]: TODO: cellSpursJoinJobChain
[W]: Unknown function 0xb8474eff in 'cellSpurs' module
[E]: TODO: _cellSpursTaskAttributeInitialize
[W]: Unknown function 0xbb68d76e in 'cellSpurs' module
[E]: TODO: cellSpursJobChainAttributeSetHaltOnError
[W]: Unknown function 0xc10931cb in 'cellSpurs' module
[E]: TODO: cellSpursCreateTasksetWithAttribute
[W]: Unknown function 0xc765b995 in 'cellSpurs' module
[E]: TODO: cellSpursGetWorkloadFlag
[W]: Unknown function 0xe5443be7 in 'cellSpurs' module
[E]: TODO: cellSpursQueueAttachLv2EventQueue
[W]: Unknown function 0xf31731bb in 'cellSpurs' module
[E]: TODO: cellSpursRunJobChain
[W]: Unknown function 0xf5507729 in 'cellSpurs' module
[E]: TODO: cellSpursEventFlagSet
[W]: Unknown function 0xf843818d in 'cellSpurs' module
[E]: TODO: cellSpursReadyCountStore
[W]: Unknown function 0x13efe7f5 in 'sys_net' module
[E]: TODO: getsockname
[W]: Unknown function 0x28e208bb in 'sys_net' module
[E]: TODO: listen
[W]: Unknown function 0x3f09e20a in 'sys_net' module
[E]: TODO: socketselect
[W]: Unknown function 0x71f4c717 in 'sys_net' module
[E]: TODO: gethostbyname
[W]: Unknown function 0xc98a3146 in 'sys_net' module
[E]: TODO: inet_ntop
[W]: Unknown function 0xdabbc2c0 in 'sys_net' module
[E]: TODO: inet_addr
[W]: Unknown function 0x7a0329a1 in 'sys_fs' module
[E]: TODO: cellFsAllocateFileAreaWithoutZeroFill
[W]: Unknown function 0x8cb722d5 in 'sys_fs' module
[E]: TODO: cellFsWriteWithOffset
[W]: Unknown function 0x967a162b in 'sys_fs' module
[E]: TODO: cellFsFsync
[W]: Unknown function 0x99406d0b in 'sys_fs' module
[E]: TODO: cellFsChmod
[W]: Unknown function 0xbef554a4 in 'sys_fs' module
[E]: TODO: cellFsUtime
[W]: Unknown function 0x21425307 in 'cellSysutil' module
[E]: TODO: cellSaveDataListAutoLoad
[W]: Unknown function 0x220894e3 in 'cellSysutil' module
[E]: TODO: cellSysutilEnableBgmPlayback
[W]: Unknown function 0x3d1e1931 in 'cellSysutil' module
[E]: TODO: cellOskDialogUnloadAsync
[W]: Unknown function 0x62b0f803 in 'cellSysutil' module
[E]: TODO: cellMsgDialogAbort
[W]: Unknown function 0x7f21c918 in 'cellSysutil' module
[E]: TODO: cellOskDialogAddSupportLanguage
[W]: Unknown function 0x7fcfc915 in 'cellSysutil' module
[E]: TODO: cellOskDialogLoadAsync
[W]: Unknown function 0x8b7ed64b in 'cellSysutil' module
[E]: TODO: cellSaveDataAutoSave2
[W]: Unknown function 0xb53c54fa in 'cellSysutil' module
[E]: TODO: cellOskDialogSetKeyLayoutOption
[W]: Unknown function 0xb6d84526 in 'cellSysutil' module
[E]: TODO: cellOskDialogAbort
[W]: Unknown function 0xced17573 in 'cellSysutil' module
[E]: TODO: cellSaveDataFixedDelete
[W]: Unknown function 0xcfdd8e87 in 'cellSysutil' module
[E]: TODO: cellSysutilDisableBgmPlayback
[W]: Unknown function 0xd3790a86 in 'cellSysutil' module
[E]: TODO: cellOskDialogSetDeviceMask
[W]: Unknown function 0xedadd797 in 'cellSysutil' module
[E]: TODO: cellSaveDataDelete2
[W]: Unknown function 0xf0ec3ccc in 'cellSysutil' module
[E]: TODO: cellOskDialogSetLayoutMode
[W]: Unknown function 0xfbd5c856 in 'cellSysutil' module
[E]: TODO: cellSaveDataAutoLoad2
[W]: Unknown function 0x01fbbc9b in 'sceNp' module
[E]: TODO: sceNpBasicSendMessageGui
[W]: Unknown function 0x0968aa36 in 'sceNp' module
[E]: TODO: sceNpManagerGetTicket
[W]: Unknown function 0x155de760 in 'sceNp' module
[E]: TODO: sceNpSignalingGetConnectionInfo
[W]: Unknown function 0x27c69eba in 'sceNp' module
[E]: TODO: sceNpBasicAddFriend
[W]: Unknown function 0x34ce82a0 in 'sceNp' module
[E]: TODO: sceNpSignalingGetConnectionFromPeerAddress
[W]: Unknown function 0x3f0808aa in 'sceNp' module
[E]: TODO: sceNpBasicSetPresence
[W]: Unknown function 0x4026eac5 in 'sceNp' module
[E]: TODO: sceNpBasicRegisterContextSensitiveHandler
[W]: Unknown function 0x50b86d94 in 'sceNp' module
[E]: TODO: sceNpSignalingAddExtendedHandler
[W]: Unknown function 0x52a6b523 in 'sceNp' module
[E]: TODO: sceNpManagerUnregisterCallback
[W]: Unknown function 0x58fa4fcd in 'sceNp' module
[E]: TODO: sceNpManagerGetTicketParam
[W]: Unknown function 0x5de61626 in 'sceNp' module
[E]: TODO: sceNpLookupDestroyTitleCtx
[W]: Unknown function 0x5e849303 in 'sceNp' module
[E]: TODO: sceNpBasicSetPresenceDetails2
[W]: Unknown function 0x5f2d9257 in 'sceNp' module
[E]: TODO: sceNpLookupInit
[W]: Unknown function 0x60897c38 in 'sceNp' module
[E]: TODO: sceNpSignalingActivateConnection
[W]: Unknown function 0x6356082e in 'sceNp' module
[E]: TODO: sceNpSignalingCreateCtx
[W]: Unknown function 0x64a704cc in 'sceNp' module
[E]: TODO: sceNpBasicRecvMessageAttachmentLoad
[W]: Unknown function 0x6ee62ed2 in 'sceNp' module
[E]: TODO: sceNpManagerGetContentRatingFlag
[W]: Unknown function 0x71e5af7e in 'sceNp' module
[E]: TODO: sceNpLookupSetTimeout
[W]: Unknown function 0x73931bd0 in 'sceNp' module
[E]: TODO: sceNpBasicGetBlockListEntryCount
[W]: Unknown function 0x7508112e in 'sceNp' module
[E]: TODO: sceNpLookupPollAsync
[W]: Unknown function 0x806960ab in 'sceNp' module
[E]: TODO: sceNpBasicRecvMessageCustom
[W]: Unknown function 0x8297f1ec in 'sceNp' module
[E]: TODO: sceNpManagerRequestTicket2
[W]: Unknown function 0x8440537c in 'sceNp' module
[E]: TODO: sceNpLookupTerm
[W]: Unknown function 0x860b1756 in 'sceNp' module
[E]: TODO: sceNpLookupTitleSmallStorageAsync
[W]: Unknown function 0x95c7bba3 in 'sceNp' module
[E]: TODO: sceNpSignalingTerminateConnection
[W]: Unknown function 0x9ad7fbd1 in 'sceNp' module
[E]: TODO: sceNpSignalingGetLocalNetInfo
[W]: Unknown function 0xa1709abd in 'sceNp' module
[E]: TODO: sceNpManagerGetEntitlementById
[W]: Unknown function 0xa8cf8451 in 'sceNp' module
[E]: TODO: sceNpSignalingDestroyCtx
[W]: Unknown function 0xacb9ee8e in 'sceNp' module
[E]: TODO: sceNpBasicUnregisterHandler
[W]: Unknown function 0xb1e0718b in 'sceNp' module
[E]: TODO: sceNpManagerGetAccountRegion
[W]: Unknown function 0xb66d1c46 in 'sceNp' module
[E]: TODO: sceNpManagerGetEntitlementIdList
[W]: Unknown function 0xbcdbb2ab in 'sceNp' module
[E]: TODO: sceNpBasicAddPlayersHistoryAsync
[W]: Unknown function 0xbdc07fd5 in 'sceNp' module
[E]: TODO: sceNpManagerGetNetworkTime
[W]: Unknown function 0xca0a2d04 in 'sceNp' module
[E]: TODO: sceNpSignalingGetConnectionStatus
[W]: Unknown function 0xce81c7f0 in 'sceNp' module
[E]: TODO: sceNpLookupCreateTitleCtx
[W]: Unknown function 0xceeebc7a in 'sceNp' module
[E]: TODO: sceNpProfileCallGui
[W]: Unknown function 0xd12e40ae in 'sceNp' module
[E]: TODO: sceNpLookupNpIdAsync
[W]: Unknown function 0xd208f91d in 'sceNp' module
[E]: TODO: sceNpUtilCmpNpId
[W]: Unknown function 0xe035f7d6 in 'sceNp' module
[E]: TODO: sceNpBasicGetEvent
[W]: Unknown function 0xe7dcd3b4 in 'sceNp' module
[E]: TODO: sceNpManagerRegisterCallback
[W]: Unknown function 0xe853d388 in 'sceNp' module
[E]: TODO: sceNpSignalingGetConnectionFromNpId
[W]: Unknown function 0xea2e9ffc in 'sceNp' module
[E]: TODO: sceNpLookupCreateTransactionCtx
[W]: Unknown function 0xeb7a3d84 in 'sceNp' module
[E]: TODO: sceNpManagerGetChatRestrictionFlag
[W]: Unknown function 0xec0a1fbf in 'sceNp' module
[E]: TODO: sceNpBasicSendMessage
[W]: Unknown function 0xecd503de in 'sceNp' module
[E]: TODO: sceNpBasicGetMessageEntryCount
[W]: Unknown function 0xf2b3338a in 'sceNp' module
[E]: TODO: sceNpBasicGetBlockListEntry
[W]: Unknown function 0xfb87cf5e in 'sceNp' module
[E]: TODO: sceNpLookupDestroyTransactionCtx
[W]: Unknown function 0xfe37a7f4 in 'sceNp' module
[E]: TODO: sceNpManagerGetNpId
[W]: Unknown module 'cellSaveData'
[W]: Unknown function 0x2ad4951b in 'cellGcmSys' module
[E]: TODO: cellGcmGetTimeStampLocation
[W]: Unknown function 0xa6b180ac in 'cellGcmSys' module
[E]: TODO: cellGcmGetReportDataLocation
[W]: Unknown module 'cellSysutilAvconfExt'
[W]: Unknown function 0x01379fd7 in 'sceNp2' module
[E]: TODO: sceNpMatching2DestroyContext
[W]: Unknown function 0x03a2f42a in 'sceNp2' module
[E]: TODO: sceNpMatching2RegisterLobbyMessageCallback
[W]: Unknown function 0x05bf2fbd in 'sceNp2' module
[E]: TODO: sceNpMatching2GetWorldInfoList
[W]: Unknown function 0x0884fc95 in 'sceNp2' module
[E]: TODO: sceNpMatching2RegisterLobbyEventCallback
[W]: Unknown function 0x0d22867f in 'sceNp2' module
[E]: TODO: sceNpMatching2SearchRoom
[W]: Unknown function 0x1f372697 in 'sceNp2' module
[E]: TODO: sceNpMatching2LeaveRoom
[W]: Unknown function 0x215b0d75 in 'sceNp2' module
[E]: TODO: sceNpMatching2SetRoomDataExternal
[W]: Unknown function 0x23009d07 in 'sceNp2' module
[E]: TODO: sceNpMatching2Term2
[W]: Unknown function 0x2c5b7fc9 in 'sceNp2' module
[E]: TODO: sceNpMatching2GetRoomMemberDataExternalList
[W]: Unknown function 0x2ed909dc in 'sceNp2' module
[E]: TODO: sceNpMatching2AbortRequest
[W]: Unknown function 0x3457c0db in 'sceNp2' module
[E]: TODO: sceNpMatching2GetServerInfo
[W]: Unknown function 0x3c00c9d4 in 'sceNp2' module
[E]: TODO: sceNpMatching2GetEventData
[W]: Unknown function 0x41251f74 in 'sceNp2' module
[E]: TODO: sceNp2Init
[W]: Unknown function 0x5721e711 in 'sceNp2' module
[E]: TODO: sceNpMatching2JoinRoom
[W]: Unknown function 0x6ba4c668 in 'sceNp2' module
[E]: TODO: sceNpMatching2ContextStartAsync
[W]: Unknown function 0x748029a2 in 'sceNp2' module
[E]: TODO: sceNpMatching2RegisterContextCallback
[W]: Unknown function 0x817d1090 in 'sceNp2' module
[E]: TODO: sceNpMatching2SetRoomDataInternal
[W]: Unknown function 0x8e5cfe9f in 'sceNp2' module
[E]: TODO: sceNpMatching2GetServerIdListLocal
[W]: Unknown function 0x9cbce3f2 in 'sceNp2' module
[E]: TODO: sceNpMatching2CreateContext
[W]: Unknown function 0xa9e6103e in 'sceNp2' module
[E]: TODO: sceNpMatching2RegisterSignalingCallback
[W]: Unknown function 0xaa6c2c43 in 'sceNp2' module
[E]: TODO: sceNpMatching2ClearEventData
[W]: Unknown function 0xaadb7c12 in 'sceNp2' module
[E]: TODO: sceNp2Term
[W]: Unknown function 0xdcb6b27d in 'sceNp2' module
[E]: TODO: sceNpMatching2RegisterRoomEventCallback
[W]: Unknown function 0xe7a3bc7a in 'sceNp2' module
[E]: TODO: sceNpMatching2CreateJoinRoom
[W]: Unknown function 0xf43c647a in 'sceNp2' module
[E]: TODO: sceNpMatching2ContextStop
[W]: Unknown function 0xf4babd3f in 'sceNp2' module
[E]: TODO: sceNpMatching2Init2
[W]: Unknown function 0xfee11e72 in 'sceNp2' module
[E]: TODO: sceNpMatching2RegisterRoomMessageCallback
[W]: Unknown module 'sceNpSns'
[W : PPU[1] Thread (CPUThread)[0x02179034]]: sys_lwmutex warning: *** lwmutex created [_lc_mtx] (attribute=0x12): sq_id = 3
[W : PPU[1] Thread (CPUThread)[0x02179034]]: sys_lwmutex warning: *** lwmutex created [_lc_mtx] (attribute=0x12): sq_id = 4
[W : PPU[1] Thread (CPUThread)[0x02179034]]: sys_lwmutex warning: *** lwmutex created [_lc_mtx] (attribute=0x12): sq_id = 5
[W : PPU[1] Thread (CPUThread)[0x02179034]]: sys_lwmutex warning: *** lwmutex created [_lc_mtx] (attribute=0x12): sq_id = 6
[W : PPU[1] Thread (CPUThread)[0x02179034]]: sys_lwmutex warning: *** lwmutex created [_lc_mtx] (attribute=0x12): sq_id = 7
[W : PPU[1] Thread (CPUThread)[0x02179034]]: sys_lwmutex warning: *** lwmutex created [_lc_mtx] (attribute=0x12): sq_id = 8
[W : PPU[1] Thread (CPUThread)[0x02179034]]: sys_lwmutex warning: *** lwmutex created [_lc_mtx] (attribute=0x12): sq_id = 9
[W : PPU[1] Thread (CPUThread)[0x02179034]]: sys_lwmutex warning: *** lwmutex created [_lc_mtx] (attribute=0x12): sq_id = 10
[W : PPU[1] Thread (CPUThread)[0x02179034]]: sys_lwmutex warning: *** lwmutex created [_lc_mtx] (attribute=0x12): sq_id = 11
[W : PPU[1] Thread (CPUThread)[0x000104b4]]: memory warning: sys_memory_get_user_memory_size(mem_info_addr=0xd0010b4c)
[W : PPU[1] Thread (CPUThread)[0x02175010]]: cellSysmodule warning: cellSysmoduleIsLoaded(CELL_SYSMODULE_NET)
[W : PPU[1] Thread (CPUThread)[0x02175004]]: cellSysmodule warning: cellSysmoduleLoadModule(CELL_SYSMODULE_NET)
[W : PPU[1] Thread (CPUThread)[0x02175010]]: cellSysmodule warning: cellSysmoduleIsLoaded(CELL_SYSMODULE_VOICE)
[W : PPU[1] Thread (CPUThread)[0x02175004]]: cellSysmodule warning: cellSysmoduleLoadModule(CELL_SYSMODULE_VOICE)
[W : PPU[1] Thread (CPUThread)[0x02175010]]: cellSysmodule warning: cellSysmoduleIsLoaded(CELL_SYSMODULE_RTC)
[W : PPU[1] Thread (CPUThread)[0x02175004]]: cellSysmodule warning: cellSysmoduleLoadModule(CELL_SYSMODULE_RTC)
[W : PPU[1] Thread (CPUThread)[0x02175010]]: cellSysmodule warning: cellSysmoduleIsLoaded(CELL_SYSMODULE_SYSUTIL_NP_TUS)
[W : PPU[1] Thread (CPUThread)[0x02175004]]: cellSysmodule warning: cellSysmoduleLoadModule(CELL_SYSMODULE_SYSUTIL_NP_TUS)
[W : PPU[1] Thread (CPUThread)[0x02175010]]: cellSysmodule warning: cellSysmoduleIsLoaded(CELL_SYSMODULE_SYSUTIL_GAME)
[W : PPU[1] Thread (CPUThread)[0x02175004]]: cellSysmodule warning: cellSysmoduleLoadModule(CELL_SYSMODULE_SYSUTIL_GAME)
[W : PPU[1] Thread (CPUThread)[0x00010504]]: memory warning: sys_memory_get_user_memory_size(mem_info_addr=0xd0010b44)
[W : PPU[1] Thread (CPUThread)[0x02183124]]: cellSpurs warning: _cellSpursAttributeInitialize(attr_addr=0x1de9030, nSpus=2, spuPriority=3342336, ppuPriority=5, exitIfNoWork=200)
[W : PPU[1] Thread (CPUThread)[0x0218316c]]: cellSpurs warning: cellSpursAttributeSetSpuThreadGroupType(attr_addr=0x1de9030, type=24)
[W : PPU[1] Thread (CPUThread)[0x02183010]]: cellSpurs warning: cellSpursAttributeSetNamePrefix(attr_addr=0x1de9030, prefix_addr=0x176de0c, size=0x7)
[W : PPU[1] Thread (CPUThread)[0x02183178]]: cellSpurs warning: cellSpursInitializeWithAttribute(spurs_addr=0x30115000, spurs_addr=0x1de9030)
[W : PPU[1] Thread (CPUThread)[0x02183124]]: cellSpurs warning: _cellSpursAttributeInitialize(attr_addr=0x1de9230, nSpus=2, spuPriority=3342336, ppuPriority=1, exitIfNoWork=201)
[W : PPU[1] Thread (CPUThread)[0x02183010]]: cellSpurs warning: cellSpursAttributeSetNamePrefix(attr_addr=0x1de9230, prefix_addr=0x173facc, size=0x9)
[W : PPU[1] Thread (CPUThread)[0x02183178]]: cellSpurs warning: cellSpursInitializeWithAttribute(spurs_addr=0x30116000, spurs_addr=0x1de9230)
[W : PPU[1] Thread (CPUThread)[0x00a37830]]: sys_event_flag warning: sys_event_flag_create(eflag_id_addr=0x1dfd700, attr_addr=0xd0010a78, init=0x0)
[W : PPU[1] Thread (CPUThread)[0x00a37830]]: sys_event_flag warning: *** event_flag created [] (protocol=0x2, type=0x20000): id = 12
[W : PPU[1] Thread (CPUThread)[0x00a37830]]: sys_event_flag warning: sys_event_flag_create(eflag_id_addr=0x1dfd704, attr_addr=0xd0010a78, init=0x0)
[W : PPU[1] Thread (CPUThread)[0x00a37830]]: sys_event_flag warning: *** event_flag created [] (protocol=0x2, type=0x20000): id = 13
[W : PPU[1] Thread (CPUThread)[0x00a37830]]: sys_event_flag warning: sys_event_flag_create(eflag_id_addr=0x1dfd708, attr_addr=0xd0010a78, init=0x0)
[W : PPU[1] Thread (CPUThread)[0x00a37830]]: sys_event_flag warning: *** event_flag created [] (protocol=0x2, type=0x20000): id = 14
[W : PPU[1] Thread (CPUThread)[0x00a37830]]: sys_event_flag warning: sys_event_flag_create(eflag_id_addr=0x1dfd70c, attr_addr=0xd0010a78, init=0x0)
[W : PPU[1] Thread (CPUThread)[0x00a37830]]: sys_event_flag warning: *** event_flag created [] (protocol=0x2, type=0x20000): id = 15
[W : PPU[1] Thread (CPUThread)[0x00010514]]: memory warning: sys_memory_get_user_memory_size(mem_info_addr=0xd0010b3c)
[W : PPU[1] Thread (CPUThread)[0x00010520]]: memory warning: sys_memory_get_user_memory_size(mem_info_addr=0xd0010b34)
[W : PPU[1] Thread (CPUThread)[0x00a97378]]: vm warning: sys_vm_memory_map(vsize=0x2000000,psize=0x1290000,cidr=0xffffffff,flags=0x200,policy=0x1,addr=0x1c1a6d8)
[W : PPU[1] Thread (CPUThread)[0x02179034]]: sys_lwmutex warning: *** lwmutex created [critsec] (attribute=0x11): sq_id = 16
[E : PPU[1] Thread (CPUThread)[0x00a99524]]: Trap! (tw 1f, r1, r1) #pc: 0xa99524
[! : PPU[1] Thread (CPUThread)[0x00a99524]]: r0 = 0xa9950c
[! : PPU[1] Thread (CPUThread)[0x00a99524]]: r1 = 0xd0010a10
[! : PPU[1] Thread (CPUThread)[0x00a99524]]: r2 = 0x1ba27f0
[! : PPU[1] Thread (CPUThread)[0x00a99524]]: r3 = 0x0
[! : PPU[1] Thread (CPUThread)[0x00a99524]]: r4 = 0xd0010a80
[! : PPU[1] Thread (CPUThread)[0x00a99524]]: r5 = 0x0
[! : PPU[1] Thread (CPUThread)[0x00a99524]]: r6 = 0x1
[! : PPU[1] Thread (CPUThread)[0x00a99524]]: r7 = 0x0
[! : PPU[1] Thread (CPUThread)[0x00a99524]]: r8 = 0x80
[! : PPU[1] Thread (CPUThread)[0x00a99524]]: r9 = 0xa88
[! : PPU[1] Thread (CPUThread)[0x00a99524]]: r10 = 0x1774910
[! : PPU[1] Thread (CPUThread)[0x00a99524]]: r11 = 0x2f85c0ef
[! : PPU[1] Thread (CPUThread)[0x00a99524]]: r12 = 0x2178020
[! : PPU[1] Thread (CPUThread)[0x00a99524]]: r13 = 0x30007060
[! : PPU[1] Thread (CPUThread)[0x00a99524]]: r14 = 0x0
[! : PPU[1] Thread (CPUThread)[0x00a99524]]: r15 = 0x0
[! : PPU[1] Thread (CPUThread)[0x00a99524]]: r16 = 0x0
[! : PPU[1] Thread (CPUThread)[0x00a99524]]: r17 = 0x0
[! : PPU[1] Thread (CPUThread)[0x00a99524]]: r18 = 0x0
[! : PPU[1] Thread (CPUThread)[0x00a99524]]: r19 = 0x0
[! : PPU[1] Thread (CPUThread)[0x00a99524]]: r20 = 0x0
[! : PPU[1] Thread (CPUThread)[0x00a99524]]: r21 = 0x0
[! : PPU[1] Thread (CPUThread)[0x00a99524]]: r22 = 0x0
[! : PPU[1] Thread (CPUThread)[0x00a99524]]: r23 = 0x0
[! : PPU[1] Thread (CPUThread)[0x00a99524]]: r24 = 0x0
[! : PPU[1] Thread (CPUThread)[0x00a99524]]: r25 = 0x0
[! : PPU[1] Thread (CPUThread)[0x00a99524]]: r26 = 0x0
[! : PPU[1] Thread (CPUThread)[0x00a99524]]: r27 = 0x1c18498
[! : PPU[1] Thread (CPUThread)[0x00a99524]]: r28 = 0x30a06000
[! : PPU[1] Thread (CPUThread)[0x00a99524]]: r29 = 0xa8a000
[! : PPU[1] Thread (CPUThread)[0x00a99524]]: r30 = 0x3
[! : PPU[1] Thread (CPUThread)[0x00a99524]]: r31 = 0x0
[! : PPU[1] Thread (CPUThread)[0x00a99524]]: f0 = 0.000000
[! : PPU[1] Thread (CPUThread)[0x00a99524]]: f1 = 0.000000
[! : PPU[1] Thread (CPUThread)[0x00a99524]]: f2 = 0.000000
[! : PPU[1] Thread (CPUThread)[0x00a99524]]: f3 = 0.000000
[! : PPU[1] Thread (CPUThread)[0x00a99524]]: f4 = 0.000000
[! : PPU[1] Thread (CPUThread)[0x00a99524]]: f5 = 0.000000
[! : PPU[1] Thread (CPUThread)[0x00a99524]]: f6 = 0.000000
[! : PPU[1] Thread (CPUThread)[0x00a99524]]: f7 = 0.000000
[! : PPU[1] Thread (CPUThread)[0x00a99524]]: f8 = 0.000000
[! : PPU[1] Thread (CPUThread)[0x00a99524]]: f9 = 0.000000
[! : PPU[1] Thread (CPUThread)[0x00a99524]]: f10 = 0.000000
[! : PPU[1] Thread (CPUThread)[0x00a99524]]: f11 = 0.000000
[! : PPU[1] Thread (CPUThread)[0x00a99524]]: f12 = 0.000000
[! : PPU[1] Thread (CPUThread)[0x00a99524]]: f13 = 0.000000
[! : PPU[1] Thread (CPUThread)[0x00a99524]]: f14 = 0.000000
[! : PPU[1] Thread (CPUThread)[0x00a99524]]: f15 = 0.000000
[! : PPU[1] Thread (CPUThread)[0x00a99524]]: f16 = 0.000000
[! : PPU[1] Thread (CPUThread)[0x00a99524]]: f17 = 0.000000
[! : PPU[1] Thread (CPUThread)[0x00a99524]]: f18 = 0.000000
[! : PPU[1] Thread (CPUThread)[0x00a99524]]: f19 = 0.000000
[! : PPU[1] Thread (CPUThread)[0x00a99524]]: f20 = 0.000000
[! : PPU[1] Thread (CPUThread)[0x00a99524]]: f21 = 0.000000
[! : PPU[1] Thread (CPUThread)[0x00a99524]]: f22 = 0.000000
[! : PPU[1] Thread (CPUThread)[0x00a99524]]: f23 = 0.000000
[! : PPU[1] Thread (CPUThread)[0x00a99524]]: f24 = 0.000000
[! : PPU[1] Thread (CPUThread)[0x00a99524]]: f25 = 0.000000
[! : PPU[1] Thread (CPUThread)[0x00a99524]]: f26 = 0.000000
[! : PPU[1] Thread (CPUThread)[0x00a99524]]: f27 = 0.000000
[! : PPU[1] Thread (CPUThread)[0x00a99524]]: f28 = 0.000000
[! : PPU[1] Thread (CPUThread)[0x00a99524]]: f29 = 0.000000
[! : PPU[1] Thread (CPUThread)[0x00a99524]]: f30 = 0.000000
[! : PPU[1] Thread (CPUThread)[0x00a99524]]: f31 = 0.000000
[! : PPU[1] Thread (CPUThread)[0x00a99524]]: v0 = 0x00000000000000000000000000000000 [x: 0 y: 0 z: 0 w: 0]
[! : PPU[1] Thread (CPUThread)[0x00a99524]]: v1 = 0x00000000000000000000000000000000 [x: 0 y: 0 z: 0 w: 0]
[! : PPU[1] Thread (CPUThread)[0x00a99524]]: v2 = 0x00000000000000000000000000000000 [x: 0 y: 0 z: 0 w: 0]
[! : PPU[1] Thread (CPUThread)[0x00a99524]]: v3 = 0x00000000000000000000000000000000 [x: 0 y: 0 z: 0 w: 0]
[! : PPU[1] Thread (CPUThread)[0x00a99524]]: v4 = 0x00000000000000000000000000000000 [x: 0 y: 0 z: 0 w: 0]
[! : PPU[1] Thread (CPUThread)[0x00a99524]]: v5 = 0x00000000000000000000000000000000 [x: 0 y: 0 z: 0 w: 0]
[! : PPU[1] Thread (CPUThread)[0x00a99524]]: v6 = 0x00000000000000000000000000000000 [x: 0 y: 0 z: 0 w: 0]
[! : PPU[1] Thread (CPUThread)[0x00a99524]]: v7 = 0x00000000000000000000000000000000 [x: 0 y: 0 z: 0 w: 0]
[! : PPU[1] Thread (CPUThread)[0x00a99524]]: v8 = 0x00000000000000000000000000000000 [x: 0 y: 0 z: 0 w: 0]
[! : PPU[1] Thread (CPUThread)[0x00a99524]]: v9 = 0x00000000000000000000000000000000 [x: 0 y: 0 z: 0 w: 0]
[! : PPU[1] Thread (CPUThread)[0x00a99524]]: v10 = 0x00000000000000000000000000000000 [x: 0 y: 0 z: 0 w: 0]
[! : PPU[1] Thread (CPUThread)[0x00a99524]]: v11 = 0x00000000000000000000000000000000 [x: 0 y: 0 z: 0 w: 0]
[! : PPU[1] Thread (CPUThread)[0x00a99524]]: v12 = 0x00000000000000000000000000000000 [x: 0 y: 0 z: 0 w: 0]
[! : PPU[1] Thread (CPUThread)[0x00a99524]]: v13 = 0x00000000000000000000000000000000 [x: 0 y: 0 z: 0 w: 0]
[! : PPU[1] Thread (CPUThread)[0x00a99524]]: v14 = 0x00000000000000000000000000000000 [x: 0 y: 0 z: 0 w: 0]
[! : PPU[1] Thread (CPUThread)[0x00a99524]]: v15 = 0x00000000000000000000000000000000 [x: 0 y: 0 z: 0 w: 0]
[! : PPU[1] Thread (CPUThread)[0x00a99524]]: v16 = 0x00000000000000000000000000000000 [x: 0 y: 0 z: 0 w: 0]
[! : PPU[1] Thread (CPUThread)[0x00a99524]]: v17 = 0x00000000000000000000000000000000 [x: 0 y: 0 z: 0 w: 0]
[! : PPU[1] Thread (CPUThread)[0x00a99524]]: v18 = 0x00000000000000000000000000000000 [x: 0 y: 0 z: 0 w: 0]
[! : PPU[1] Thread (CPUThread)[0x00a99524]]: v19 = 0x00000000000000000000000000000000 [x: 0 y: 0 z: 0 w: 0]
[! : PPU[1] Thread (CPUThread)[0x00a99524]]: v20 = 0x00000000000000000000000000000000 [x: 0 y: 0 z: 0 w: 0]
[! : PPU[1] Thread (CPUThread)[0x00a99524]]: v21 = 0x00000000000000000000000000000000 [x: 0 y: 0 z: 0 w: 0]
[! : PPU[1] Thread (CPUThread)[0x00a99524]]: v22 = 0x00000000000000000000000000000000 [x: 0 y: 0 z: 0 w: 0]
[! : PPU[1] Thread (CPUThread)[0x00a99524]]: v23 = 0x00000000000000000000000000000000 [x: 0 y: 0 z: 0 w: 0]
[! : PPU[1] Thread (CPUThread)[0x00a99524]]: v24 = 0x00000000000000000000000000000000 [x: 0 y: 0 z: 0 w: 0]
[! : PPU[1] Thread (CPUThread)[0x00a99524]]: v25 = 0x00000000000000000000000000000000 [x: 0 y: 0 z: 0 w: 0]
[! : PPU[1] Thread (CPUThread)[0x00a99524]]: v26 = 0x00000000000000000000000000000000 [x: 0 y: 0 z: 0 w: 0]
[! : PPU[1] Thread (CPUThread)[0x00a99524]]: v27 = 0x00000000000000000000000000000000 [x: 0 y: 0 z: 0 w: 0]
[! : PPU[1] Thread (CPUThread)[0x00a99524]]: v28 = 0x00000000000000000000000000000000 [x: 0 y: 0 z: 0 w: 0]
[! : PPU[1] Thread (CPUThread)[0x00a99524]]: v29 = 0x00000000000000000000000000000000 [x: 0 y: 0 z: 0 w: 0]
[! : PPU[1] Thread (CPUThread)[0x00a99524]]: v30 = 0x00000000000000000000000000000000 [x: 0 y: 0 z: 0 w: 0]
[! : PPU[1] Thread (CPUThread)[0x00a99524]]: v31 = 0x00000000000000000000000000000000 [x: 0 y: 0 z: 0 w: 0]
[! : PPU[1] Thread (CPUThread)[0x00a99524]]: CR = 0x28000042
[! : PPU[1] Thread (CPUThread)[0x00a99524]]: LR = 0xa9950c
[! : PPU[1] Thread (CPUThread)[0x00a99524]]: CTR = 0x2179030
[! : PPU[1] Thread (CPUThread)[0x00a99524]]: XER = 0x0 [CA=0 | OV=0 | SO=0]
[! : PPU[1] Thread (CPUThread)[0x00a99524]]: FPSCR = 0x0 [RN=0 | NI=0 | XE=0 | ZE=0 | UE=0 | OE=0 | VE=0 | VXCVI=0 | VXSQRT=0 | VXSOFT=0 | FPRF=0 | FI=0 | FR=0 | VXVC=0 | VXIMZ=0 | VXZDZ=0 | VXIDI=0 | VXISI=0 | VXSNAN=0 | XX=0 | ZX=0 | UX=0 | OX=0 | VX=0 | FEX=0 | FX=0]
[!]: Closing memory...
