[!]: path: /dev_hdd0/game/
[!]: Loading 'D:\Emulateurs\Rpcs3\dev_hdd0\game\BLES00455-[Burnout Paradise The Ultimate Box]\PS3_GAME\USRDIR/BOOT.BIN'...
[!]: Mount info:
[!]: /dev_hdd0/ -> D:\Emulateurs\Rpcs3\dev_hdd0\
[!]: /dev_hdd1/ -> D:\Emulateurs\Rpcs3\dev_hdd1\
[!]: /dev_flash/ -> D:\Emulateurs\Rpcs3\dev_flash\
[!]: /dev_usb000/ -> D:\Emulateurs\Rpcs3\dev_usb000\
[!]: /dev_usb/ -> D:\Emulateurs\Rpcs3\dev_usb000\
[!]: /app_home/ -> D:\Emulateurs\Rpcs3\dev_hdd0\game\BLES00455-[Burnout Paradise The Ultimate Box]\PS3_GAME\\USRDIR\
[!]: /dev_bdvd/ -> D:\Emulateurs\Rpcs3\dev_hdd0\game\BLES00455-[Burnout Paradise The Ultimate Box]\PS3_GAME\\..\
[!]: /host_root/ -> 
[!]: ///resource/ -> D:\Emulateurs\Rpcs3\dev_hdd0\game\BLES00455-[Burnout Paradise The Ultimate Box]\PS3_GAME\\USRDIR\resource\
[!]: /app_home/Game/PS3_GAME/USRDIR/ -> D:\Emulateurs\Rpcs3\dev_hdd0\game\BLES00455-[Burnout Paradise The Ultimate Box]\PS3_GAME\\USRDIR\
[!]: /app_home/PS3_GAME/USRDIR/media/ -> D:\Emulateurs\Rpcs3\dev_hdd0\game\BLES00455-[Burnout Paradise The Ultimate Box]\PS3_GAME\\USRDIR\media\
[!]: /Data/ -> D:\Emulateurs\Rpcs3\dev_hdd0\game\BLES00455-[Burnout Paradise The Ultimate Box]\PS3_GAME\\USRDIR\Data\
[!]: /USRDIR/PS3_GAME/USRDIR/Data/ -> D:\Emulateurs\Rpcs3\dev_hdd0\game\BLES00455-[Burnout Paradise The Ultimate Box]\PS3_GAME\\USRDIR\Data\
[!]: /app_home//dev_bdvd/PS3_GAME/USRDIR/data/gos/ -> D:\Emulateurs\Rpcs3\dev_hdd0\game\BLES00455-[Burnout Paradise The Ultimate Box]\PS3_GAME\\USRDIR\
[!]: BD/ -> D:\Emulateurs\Rpcs3\dev_hdd0\game\BLES00455-[Burnout Paradise The Ultimate Box]\PS3_GAME\\USRDIR\
[!]: //dev_bdvd/PS3_GAME/USRDIR/ -> D:\Emulateurs\Rpcs3\dev_hdd0\game\BLES00455-[Burnout Paradise The Ultimate Box]\PS3_GAME\\USRDIR\
[!]: / -> D:\Emulateurs\Rpcs3\dev_hdd0\game\BLES00455-[Burnout Paradise The Ultimate Box]\PS3_GAME\\USRDIR\
[!]: // -> D:\Emulateurs\Rpcs3\dev_hdd0\game\BLES00455-[Burnout Paradise The Ultimate Box]\PS3_GAME\\USRDIR\
[!]: Initing memory...
[!]: Memory initialized.
[W]: Unknown function 0xa52d2ae4 in 'cellMic' module
[E]: TODO: cellMicGetType
[W]: Unknown function 0x07e1b12c in 'cellMic' module
[E]: TODO: cellMicRead
[W]: Unknown function 0x1b42101b in 'cellMic' module
[E]: TODO: cellMicIsAttached
[W]: Unknown function 0x323deb41 in 'cellMic' module
[E]: TODO: cellMicSetSignalAttr
[W]: Unknown function 0x8325e02d in 'cellMic' module
[E]: TODO: cellMicInit
[W]: Unknown function 0x8d229f8e in 'cellMic' module
[E]: TODO: cellMicClose
[W]: Unknown function 0xb30780eb in 'cellMic' module
[E]: TODO: cellMicGetSignalState
[W]: Unknown function 0xc6328caa in 'cellMic' module
[E]: TODO: cellMicEnd
[W]: Unknown function 0xdd1b59f0 in 'cellMic' module
[E]: TODO: cellMicOpen
[W]: Unknown function 0xdd724314 in 'cellMic' module
[E]: TODO: cellMicStart
[W]: Unknown function 0x99d397ac in 'cellGcmSys' module
[E]: TODO: cellGcmGetReport
[W]: Unknown function 0xacee8542 in 'cellGcmSys' module
[E]: TODO: cellGcmSetFlipImmediate
[W]: Unknown function 0xdc494430 in 'cellGcmSys' module
[E]: TODO: cellGcmSetSecondVHandler
[W]: Unknown function 0x1a91874b in 'cellSysutil' module
[E]: TODO: cellWebBrowserConfigSetFullScreen2
[W]: Unknown function 0x3d1e1931 in 'cellSysutil' module
[E]: TODO: cellOskDialogUnloadAsync
[W]: Unknown function 0x523a96c4 in 'cellSysutil' module
[E]: TODO: cellGameDataSetSystemVer
[W]: Unknown function 0x619b1427 in 'cellSysutil' module
[E]: TODO: cellWebBrowserConfigSetTabCount2
[W]: Unknown function 0x749c9b5f in 'cellSysutil' module
[E]: TODO: cellWebBrowserInitialize
[W]: Unknown function 0x7fb3c6a5 in 'cellSysutil' module
[E]: TODO: cellWebBrowserConfig2
[W]: Unknown function 0x7fcfc915 in 'cellSysutil' module
[E]: TODO: cellOskDialogLoadAsync
[W]: Unknown function 0x8b7ed64b in 'cellSysutil' module
[E]: TODO: cellSaveDataAutoSave2
[W]: Unknown function 0x93ced48d in 'cellSysutil' module
[E]: TODO: cellWebBrowserShutdown
[W]: Unknown function 0x9949bf82 in 'cellSysutil' module
[E]: TODO: cellGameDataExitBroken
[W]: Unknown function 0xa5f12145 in 'cellSysutil' module
[E]: TODO: cellWebBrowserCreate2
[W]: Unknown function 0xafd605b3 in 'cellSysutil' module
[E]: TODO: cellHddGameExitBroken
[W]: Unknown function 0xb2b6cdd0 in 'cellSysutil' module
[E]: TODO: cellSysconfOpen
[W]: Unknown function 0xb53c54fa in 'cellSysutil' module
[E]: TODO: cellOskDialogSetKeyLayoutOption
[W]: Unknown function 0xc9645c41 in 'cellSysutil' module
[E]: TODO: cellGameDataCheckCreate2
[W]: Unknown function 0xe22ed55d in 'cellSysutil' module
[E]: TODO: cellWebBrowserConfigSetFunction2
[W]: Unknown function 0xe8dee79c in 'cellSysutil' module
[E]: TODO: cellWebBrowserDestroy2
[W]: Unknown function 0xedadd797 in 'cellSysutil' module
[E]: TODO: cellSaveDataDelete2
[W]: Unknown function 0xfbd5c856 in 'cellSysutil' module
[E]: TODO: cellSaveDataAutoLoad2
[W]: Unknown function 0xfe669845 in 'cellSysutil' module
[E]: TODO: cellWebBrowserConfigSetHeapSize2
[W]: Unknown function 0x36d0c2c5 in 'sceNp' module
[E]: TODO: sceNpManagerGetAvatarUrl
[W]: Unknown function 0x5de61626 in 'sceNp' module
[E]: TODO: sceNpLookupDestroyTitleCtx
[W]: Unknown function 0x5f2d9257 in 'sceNp' module
[E]: TODO: sceNpLookupInit
[W]: Unknown function 0x6ee62ed2 in 'sceNp' module
[E]: TODO: sceNpManagerGetContentRatingFlag
[W]: Unknown function 0x7508112e in 'sceNp' module
[E]: TODO: sceNpLookupPollAsync
[W]: Unknown function 0x8440537c in 'sceNp' module
[E]: TODO: sceNpLookupTerm
[W]: Unknown function 0xbe07c708 in 'sceNp' module
[E]: TODO: sceNpManagerGetOnlineId
[W]: Unknown function 0xce81c7f0 in 'sceNp' module
[E]: TODO: sceNpLookupCreateTitleCtx
[W]: Unknown function 0xd12e40ae in 'sceNp' module
[E]: TODO: sceNpLookupNpIdAsync
[W]: Unknown function 0xea2e9ffc in 'sceNp' module
[E]: TODO: sceNpLookupCreateTransactionCtx
[W]: Unknown function 0xeb7a3d84 in 'sceNp' module
[E]: TODO: sceNpManagerGetChatRestrictionFlag
[W]: Unknown function 0xf0a9182b in 'sceNp' module
[E]: TODO: sceNpFriendlist
[W]: Unknown function 0xfb87cf5e in 'sceNp' module
[E]: TODO: sceNpLookupDestroyTransactionCtx
[W]: Unknown function 0xfe37a7f4 in 'sceNp' module
[E]: TODO: sceNpManagerGetNpId
[W]: Unknown function 0xff0a2378 in 'sceNp' module
[E]: TODO: sceNpLookupUserProfileAsync
[W]: Unknown function 0x0968aa36 in 'sceNp' module
[E]: TODO: sceNpManagerGetTicket
[W]: Unknown function 0x168a3117 in 'sceNp' module
[E]: TODO: sceNpBasicAddPlayersHistory
[W]: Unknown function 0x3f0808aa in 'sceNp' module
[E]: TODO: sceNpBasicSetPresence
[W]: Unknown function 0x4210c462 in 'sceNp' module
[E]: Unknown func id: 0x4210c462
[W]: Unknown function 0x52a6b523 in 'sceNp' module
[E]: TODO: sceNpManagerUnregisterCallback
[W]: Unknown function 0x64a704cc in 'sceNp' module
[E]: TODO: sceNpBasicRecvMessageAttachmentLoad
[W]: Unknown function 0x73931bd0 in 'sceNp' module
[E]: TODO: sceNpBasicGetBlockListEntryCount
[W]: Unknown function 0x7e2fef28 in 'sceNp' module
[E]: TODO: sceNpManagerRequestTicket
[W]: Unknown function 0x8d4518a0 in 'sceNp' module
[E]: TODO: sceNpCommerceSetDataFlagFinish
[W]: Unknown function 0x99ac9952 in 'sceNp' module
[E]: TODO: sceNpCommerceSetDataFlagStart
[W]: Unknown function 0xacb9ee8e in 'sceNp' module
[E]: TODO: sceNpBasicUnregisterHandler
[W]: Unknown function 0xb5cb2d56 in 'sceNp' module
[E]: TODO: sceNpBasicRecvMessageAttachment
[W]: Unknown function 0xbcc09fe7 in 'sceNp' module
[E]: TODO: sceNpBasicRegisterHandler
[W]: Unknown function 0xe035f7d6 in 'sceNp' module
[E]: TODO: sceNpBasicGetEvent
[W]: Unknown function 0xe2877bea in 'sceNp' module
[E]: TODO: sceNpCommerceDestroyCtx
[W]: Unknown function 0xe7dcd3b4 in 'sceNp' module
[E]: TODO: sceNpManagerRegisterCallback
[W]: Unknown function 0xec0a1fbf in 'sceNp' module
[E]: TODO: sceNpBasicSendMessage
[W]: Unknown function 0xf2b3338a in 'sceNp' module
[E]: TODO: sceNpBasicGetBlockListEntry
[W]: Unknown function 0xfcac355a in 'sceNp' module
[E]: TODO: sceNpCommerceCreateCtx
[W]: Unknown module 'cellRec'
[W]: Unknown module 'cellVideoExportUtility'
[W]: Unknown module 'cellMusicUtility'
[W]: Unknown function 0x20a97ba2 in 'sys_io' module
[E]: TODO: cellPadLddRegisterController
[W]: Unknown function 0xbafd6409 in 'sys_io' module
[E]: TODO: cellPadLddDataInsert
[W]: Unknown function 0xdbf4c59c in 'sys_io' module
[E]: TODO: cellPadGetCapabilityInfo
[W]: Unknown function 0xe442faa8 in 'sys_io' module
[E]: TODO: cellPadLddUnregisterController
[W]: Unknown function 0x4cef342e in 'sys_fs' module
[E]: TODO: cellFsAioWrite
[W]: Unknown function 0x7a0329a1 in 'sys_fs' module
[E]: TODO: cellFsAllocateFileAreaWithoutZeroFill
[W]: Unknown function 0x0f411262 in 'cellUsbd' module
[E]: TODO: cellUsbdInterruptTransfer
[W]: Unknown function 0x254289ac in 'cellUsbd' module
[E]: TODO: cellUsbdOpenPipe
[W]: Unknown function 0x2fb08e1e in 'cellUsbd' module
[E]: TODO: cellUsbdScanStaticDescriptor
[W]: Unknown function 0x5de3af36 in 'cellUsbd' module
[E]: TODO: cellUsbdGetPrivateData
[W]: Unknown function 0x63bfdb97 in 'cellUsbd' module
[E]: TODO: cellUsbdSetPrivateData
[W]: Unknown function 0x90460081 in 'cellUsbd' module
[E]: TODO: cellUsbdUnregisterExtraLdd
[W]: Unknown function 0x9763e962 in 'cellUsbd' module
[E]: TODO: cellUsbdClosePipe
[W]: Unknown function 0x97cf128e in 'cellUsbd' module
[E]: TODO: cellUsbdControlTransfer
[W]: Unknown function 0xbd554bcb in 'cellUsbd' module
[E]: TODO: cellUsbdRegisterExtraLdd2
[W]: Unknown function 0xd0e766fe in 'cellUsbd' module
[E]: TODO: cellUsbdInit
[W]: Unknown function 0xdb819e03 in 'cellUsbd' module
[E]: TODO: cellUsbdGetDeviceLocation
[W]: Unknown function 0x051ee3ee in 'sys_net' module
[E]: TODO: socketpoll
[W]: Unknown function 0x13efe7f5 in 'sys_net' module
[E]: TODO: getsockname
[W]: Unknown function 0x5a045bd1 in 'sys_net' module
[E]: TODO: getsockopt
[W]: Unknown function 0x71f4c717 in 'sys_net' module
[E]: TODO: gethostbyname
[W]: Unknown function 0xf9ec2db6 in 'sys_net' module
[E]: TODO: getpeername
[W]: Unknown function 0x15ec0cca in 'cellCelpEnc' module
[E]: TODO: cellCelpEncClose
[W]: Unknown function 0x3773692f in 'cellCelpEnc' module
[E]: TODO: cellCelpEncGetAu
[W]: Unknown function 0x55dc23de in 'cellCelpEnc' module
[E]: TODO: cellCelpEncStart
[W]: Unknown function 0x6b148570 in 'cellCelpEnc' module
[E]: TODO: cellCelpEncQueryAttr
[W]: Unknown function 0x77b3b29a in 'cellCelpEnc' module
[E]: TODO: cellCelpEncOpen
[W]: Unknown function 0x81fe030c in 'cellCelpEnc' module
[E]: TODO: cellCelpEncEncodeFrame
[W]: Unknown function 0x9b244272 in 'cellCelpEnc' module
[E]: TODO: cellCelpEncWaitForOutput
[W]: Unknown function 0xf2b85dff in 'cellCelpEnc' module
[E]: TODO: cellCelpEncEnd
[W]: Unknown function 0x02f5ced0 in 'cellCamera' module
[E]: TODO: cellCameraStop
[W]: Unknown function 0x379c5dd6 in 'cellCamera' module
[E]: TODO: cellCameraClose
[W]: Unknown function 0x3845d39b in 'cellCamera' module
[E]: TODO: cellCameraRead
[W]: Unknown function 0x456dc4aa in 'cellCamera' module
[E]: TODO: cellCameraStart
[W]: Unknown function 0x532b8aaa in 'cellCamera' module
[E]: TODO: cellCameraGetAttribute
[W]: Unknown function 0x58bc5870 in 'cellCamera' module
[E]: TODO: cellCameraGetType
[W]: Unknown function 0x5ad46570 in 'cellCamera' module
[E]: TODO: cellCameraEnd
[W]: Unknown function 0x5d25f866 in 'cellCamera' module
[E]: TODO: cellCameraOpenEx
[W]: Unknown function 0x7dac520c in 'cellCamera' module
[E]: TODO: cellCameraGetBufferSize
[W]: Unknown function 0x7e063bbc in 'cellCamera' module
[E]: TODO: cellCameraIsAttached
[W]: Unknown function 0x81f83db9 in 'cellCamera' module
[E]: TODO: cellCameraReset
[W]: Unknown function 0x8cd56eee in 'cellCamera' module
[E]: TODO: cellCameraSetAttribute
[W]: Unknown function 0xbf47c5dd in 'cellCamera' module
[E]: TODO: cellCameraInit
[W]: Unknown module 'cellPhotoUtility'
[W]: Unknown module 'sceNpCommerce2'
[W]: Unknown module 'cellHttp'
[W]: Unknown function 0x1650aea4 in 'cellSsl' module
[E]: TODO: cellSslEnd
[W]: Unknown function 0x571afaca in 'cellSsl' module
[E]: TODO: cellSslCertificateLoader
[W]: Unknown function 0xfb02c9d2 in 'cellSsl' module
[E]: TODO: cellSslInit
[W]: Unknown function 0x05c65656 in 'sysPrxForUser' module
[E]: TODO: sys_mempool_try_allocate_block
[W]: Unknown function 0x608212fc in 'sysPrxForUser' module
[E]: TODO: sys_mempool_free_block
[W]: Unknown function 0x9d3c0f81 in 'sysPrxForUser' module
[E]: TODO: sys_mempool_destroy
[W]: Unknown function 0xca9a60bf in 'sysPrxForUser' module
[E]: TODO: sys_mempool_create
[W : PPU[1] Thread (CPUThread)[0x01010040]]: sys_lwmutex warning: *** lwmutex created [_lc_mtx] (attribute=0x12): sq_id = 3
[W : PPU[1] Thread (CPUThread)[0x0079b2e8]]: memory warning: sys_memory_get_user_memory_size(mem_info_addr=0xd0010c04)
[W : PPU[1] Thread (CPUThread)[0x01010040]]: sys_lwmutex warning: *** lwmutex created [_lc_mtx] (attribute=0x12): sq_id = 4
[W : PPU[1] Thread (CPUThread)[0x01010040]]: sys_lwmutex warning: *** lwmutex created [_lc_mtx] (attribute=0x12): sq_id = 5
[W : PPU[1] Thread (CPUThread)[0x01010040]]: sys_lwmutex warning: *** lwmutex created [_lc_mtx] (attribute=0x12): sq_id = 6
[W : PPU[1] Thread (CPUThread)[0x01010040]]: sys_lwmutex warning: *** lwmutex created [_lc_mtx] (attribute=0x12): sq_id = 7
[W : PPU[1] Thread (CPUThread)[0x01010040]]: sys_lwmutex warning: *** lwmutex created [_lc_mtx] (attribute=0x12): sq_id = 8
[W : PPU[1] Thread (CPUThread)[0x01010040]]: sys_lwmutex warning: *** lwmutex created [_lc_mtx] (attribute=0x12): sq_id = 9
[W : PPU[1] Thread (CPUThread)[0x01010040]]: sys_lwmutex warning: *** lwmutex created [_lc_mtx] (attribute=0x12): sq_id = 10
[W : PPU[1] Thread (CPUThread)[0x01010040]]: sys_lwmutex warning: *** lwmutex created [_lc_mtx] (attribute=0x12): sq_id = 11
[W : PPU[1] Thread (CPUThread)[0x01010040]]: sys_lwmutex warning: *** lwmutex created [_lc_mtx] (attribute=0x12): sq_id = 12
[W : PPU[1] Thread (CPUThread)[0x01010040]]: sys_lwmutex warning: *** lwmutex created [_lgcmtx] (attribute=0x12): sq_id = 13
[W : PPU[1] Thread (CPUThread)[0x01010040]]: sys_lwmutex warning: *** lwmutex created [_lgcmtx] (attribute=0x12): sq_id = 14
[W : PPU[1] Thread (CPUThread)[0x0081d450]]: sys_mutex warning: *** mutex created [] (protocol=0x2, recursive=true): id = 15
[W : PPU[1] Thread (CPUThread)[0x0081d450]]: sys_mutex warning: *** mutex created [] (protocol=0x2, recursive=true): id = 16
[W : PPU[1] Thread (CPUThread)[0x0081d450]]: sys_mutex warning: *** mutex created [] (protocol=0x2, recursive=true): id = 17
[W : PPU[1] Thread (CPUThread)[0x01010040]]: sys_lwmutex warning: *** lwmutex created [_lc_tls] (attribute=0x22): sq_id = 18
[W : PPU[1] Thread (CPUThread)[0x0081d450]]: sys_mutex warning: *** mutex created [] (protocol=0x2, recursive=true): id = 19
[W : PPU[1] Thread (CPUThread)[0x0081d450]]: sys_mutex warning: *** mutex created [] (protocol=0x2, recursive=true): id = 20
[W : PPU[1] Thread (CPUThread)[0x0081d450]]: sys_mutex warning: *** mutex created [] (protocol=0x2, recursive=true): id = 21
[W : PPU[1] Thread (CPUThread)[0x0081d450]]: sys_mutex warning: *** mutex created [] (protocol=0x2, recursive=true): id = 22
[W : PPU[1] Thread (CPUThread)[0x0081d450]]: sys_mutex warning: *** mutex created [] (protocol=0x2, recursive=true): id = 23
[W : PPU[1] Thread (CPUThread)[0x0081d450]]: sys_mutex warning: *** mutex created [] (protocol=0x2, recursive=true): id = 24
[W : PPU[1] Thread (CPUThread)[0x0081d450]]: sys_mutex warning: *** mutex created [] (protocol=0x2, recursive=true): id = 25
[W : PPU[1] Thread (CPUThread)[0x0081b5c8]]: sys_semaphore warning: sys_semaphore_create(sem_addr=0xefc948, attr_addr=0xd0010810, initial_count=0, max_count=100000)
[W : PPU[1] Thread (CPUThread)[0x00821880]]: sys_mutex warning: *** mutex created [] (protocol=0x2, recursive=true): id = 27
[W : PPU[1] Thread (CPUThread)[0x0081cb20]]: sys_mutex warning: *** mutex created [] (protocol=0x2, recursive=false): id = 28
[W : PPU[1] Thread (CPUThread)[0x0081cbf4]]: sys_cond warning: *** condition created [] (mutex_id=28): id = 29
[W : PPU[1] Thread (CPUThread)[0x0081b5c8]]: sys_semaphore warning: sys_semaphore_create(sem_addr=0xec2b00, attr_addr=0xd00107d0, initial_count=0, max_count=100000)
[W : PPU[1] Thread (CPUThread)[0x0081d450]]: sys_mutex warning: *** mutex created [] (protocol=0x2, recursive=true): id = 31
[W : PPU[1] Thread (CPUThread)[0x0081b5c8]]: sys_semaphore warning: sys_semaphore_create(sem_addr=0xe5ebc0, attr_addr=0xd00106e0, initial_count=0, max_count=100000)
[W : PPU[1] Thread (CPUThread)[0x006fa838]]: sys_spu warning: sys_spu_initialize(max_usable_spu=6, max_raw_spu=0)
[W : PPU[1] Thread (CPUThread)[0x0097ef98]]: sys_semaphore warning: sys_semaphore_create(sem_addr=0xefd6ec, attr_addr=0xd000f680, initial_count=0, max_count=1)
[W : PPU[1] Thread (CPUThread)[0x0097ef98]]: sys_semaphore warning: sys_semaphore_create(sem_addr=0xefd718, attr_addr=0xd000f680, initial_count=0, max_count=1)
[W : PPU[1] Thread (CPUThread)[0x0097ef98]]: sys_semaphore warning: sys_semaphore_create(sem_addr=0xefd744, attr_addr=0xd000f680, initial_count=0, max_count=1)
[W : PPU[1] Thread (CPUThread)[0x0097ef98]]: sys_semaphore warning: sys_semaphore_create(sem_addr=0xefd770, attr_addr=0xd000f680, initial_count=0, max_count=1)
[W : PPU[1] Thread (CPUThread)[0x0097ef98]]: sys_semaphore warning: sys_semaphore_create(sem_addr=0xefd79c, attr_addr=0xd000f680, initial_count=0, max_count=1)
[W : PPU[1] Thread (CPUThread)[0x0097ef98]]: sys_semaphore warning: sys_semaphore_create(sem_addr=0xefd7c8, attr_addr=0xd000f680, initial_count=0, max_count=1)
[W : PPU[1] Thread (CPUThread)[0x0097ef98]]: sys_semaphore warning: sys_semaphore_create(sem_addr=0xefd7f4, attr_addr=0xd000f680, initial_count=0, max_count=1)
[W : PPU[1] Thread (CPUThread)[0x0097ef98]]: sys_semaphore warning: sys_semaphore_create(sem_addr=0xefd820, attr_addr=0xd000f680, initial_count=0, max_count=1)
[W : PPU[1] Thread (CPUThread)[0x0097ef98]]: sys_semaphore warning: sys_semaphore_create(sem_addr=0xefd84c, attr_addr=0xd000f680, initial_count=0, max_count=1)
[W : PPU[1] Thread (CPUThread)[0x0097ef98]]: sys_semaphore warning: sys_semaphore_create(sem_addr=0xefd878, attr_addr=0xd000f680, initial_count=0, max_count=1)
[W : PPU[1] Thread (CPUThread)[0x0097ef98]]: sys_semaphore warning: sys_semaphore_create(sem_addr=0xefd8a4, attr_addr=0xd000f680, initial_count=0, max_count=1)
[W : PPU[1] Thread (CPUThread)[0x0097ef98]]: sys_semaphore warning: sys_semaphore_create(sem_addr=0xefd8d0, attr_addr=0xd000f680, initial_count=0, max_count=1)
[W : PPU[1] Thread (CPUThread)[0x0097ef98]]: sys_semaphore warning: sys_semaphore_create(sem_addr=0xefd8fc, attr_addr=0xd000f680, initial_count=0, max_count=1)
[W : PPU[1] Thread (CPUThread)[0x0097ef98]]: sys_semaphore warning: sys_semaphore_create(sem_addr=0xefd928, attr_addr=0xd000f680, initial_count=0, max_count=1)
[W : PPU[1] Thread (CPUThread)[0x0097ef98]]: sys_semaphore warning: sys_semaphore_create(sem_addr=0xefd954, attr_addr=0xd000f680, initial_count=0, max_count=1)
[W : PPU[1] Thread (CPUThread)[0x0097ef98]]: sys_semaphore warning: sys_semaphore_create(sem_addr=0xefd980, attr_addr=0xd000f680, initial_count=0, max_count=1)
[W : PPU[1] Thread (CPUThread)[0x0097ef98]]: sys_semaphore warning: sys_semaphore_create(sem_addr=0xefd9ac, attr_addr=0xd000f680, initial_count=0, max_count=1)
[W : PPU[1] Thread (CPUThread)[0x0097ef98]]: sys_semaphore warning: sys_semaphore_create(sem_addr=0xefd9d8, attr_addr=0xd000f680, initial_count=0, max_count=1)
[W : PPU[1] Thread (CPUThread)[0x0097ef98]]: sys_semaphore warning: sys_semaphore_create(sem_addr=0xefda04, attr_addr=0xd000f680, initial_count=0, max_count=1)
[W : PPU[1] Thread (CPUThread)[0x0097ef98]]: sys_semaphore warning: sys_semaphore_create(sem_addr=0xefda30, attr_addr=0xd000f680, initial_count=0, max_count=1)
[W : PPU[1] Thread (CPUThread)[0x0097ef98]]: sys_semaphore warning: sys_semaphore_create(sem_addr=0xefda5c, attr_addr=0xd000f680, initial_count=0, max_count=1)
[W : PPU[1] Thread (CPUThread)[0x0097ef98]]: sys_semaphore warning: sys_semaphore_create(sem_addr=0xefda88, attr_addr=0xd000f680, initial_count=0, max_count=1)
[W : PPU[1] Thread (CPUThread)[0x0097ef98]]: sys_semaphore warning: sys_semaphore_create(sem_addr=0xefdab4, attr_addr=0xd000f680, initial_count=0, max_count=1)
[W : PPU[1] Thread (CPUThread)[0x0097ef98]]: sys_semaphore warning: sys_semaphore_create(sem_addr=0xefdae0, attr_addr=0xd000f680, initial_count=0, max_count=1)
[W : PPU[1] Thread (CPUThread)[0x0097ef98]]: sys_semaphore warning: sys_semaphore_create(sem_addr=0xefdb0c, attr_addr=0xd000f680, initial_count=0, max_count=1)
[W : PPU[1] Thread (CPUThread)[0x0097ef98]]: sys_semaphore warning: sys_semaphore_create(sem_addr=0xefdb38, attr_addr=0xd000f680, initial_count=0, max_count=1)
[W : PPU[1] Thread (CPUThread)[0x0097ef98]]: sys_semaphore warning: sys_semaphore_create(sem_addr=0xefdb64, attr_addr=0xd000f680, initial_count=0, max_count=1)
[W : PPU[1] Thread (CPUThread)[0x0097ef98]]: sys_semaphore warning: sys_semaphore_create(sem_addr=0xefdb90, attr_addr=0xd000f680, initial_count=0, max_count=1)
[W : PPU[1] Thread (CPUThread)[0x0097ef98]]: sys_semaphore warning: sys_semaphore_create(sem_addr=0xefdbbc, attr_addr=0xd000f680, initial_count=0, max_count=1)
[W : PPU[1] Thread (CPUThread)[0x0097ef98]]: sys_semaphore warning: sys_semaphore_create(sem_addr=0xefdbe8, attr_addr=0xd000f680, initial_count=0, max_count=1)
[W : PPU[1] Thread (CPUThread)[0x0097ef98]]: sys_semaphore warning: sys_semaphore_create(sem_addr=0xefdc14, attr_addr=0xd000f680, initial_count=0, max_count=1)
[W : PPU[1] Thread (CPUThread)[0x0097ef98]]: sys_semaphore warning: sys_semaphore_create(sem_addr=0xefdc40, attr_addr=0xd000f680, initial_count=0, max_count=1)
[W : PPU[1] Thread (CPUThread)[0x0097a740]]: sys_event warning: sys_event_queue_create(equeue_id_addr=0xfe2154, attr_addr=0xfe2158, event_queue_key=0x1, size=9)
[W : PPU[1] Thread (CPUThread)[0x0097a740]]: sys_event warning: *** event_queue created [] (protocol=0x2, type=0x1): id = 65
[! : PPU[1] Thread (CPUThread)[0x01010028]]: *** New PPU Thread [Job Manager - PPU Proxy] (): id = 66
[W : PPU[1] Thread (CPUThread)[0x0097a77c]]: sys_event warning: sys_event_port_create(eport_id_addr=0xfe2170, port_type=0x1, name=0xf9379348ac45d2d9)
[W : PPU[1] Thread (CPUThread)[0x0097a77c]]: sys_event warning: *** sys_event_port created: id = 67
[W : PPU[1] Thread (CPUThread)[0x0097a78c]]: sys_event warning: sys_event_port_connect_local(eport_id=67, equeue_id=65)
[W : PPU[1] Thread (CPUThread)[0x010100f4]]: sysPrxForUser warning: sys_spu_image_import(img=0xfe21e8, src=0xad0180, type=0x1)
[W : PPU[1] Thread (CPUThread)[0x0097a538]]: sys_spu warning: sys_spu_thread_group_create(id_addr=0xefe904, num=1, prio=16, attr_addr=0xd000f66c)
[W : PPU[1] Thread (CPUThread)[0x0097a538]]: sys_spu warning: *** SPU Thread Group created [Job Manager - Job Thread] (type=0x0, option.ct=0x0): id=68
[W : PPU[1] Thread (CPUThread)[0x0097a5d0]]: sys_spu warning: sys_spu_thread_initialize(thread_addr=0xefe920, group=0x44, spu_num=0, img_addr=0xfe21e8, attr_addr=0xd000f660, arg_addr=0xd000f680)
[W : PPU[1] Thread (CPUThread)[0x0097a5d0]]: sys_spu warning: *** New SPU Thread [Job Manager - Job Thread] (img_offset=0x1013000, ls_offset=0x1053000, ep=0xab90, a1=0xefe960, a2=0x0, a3=0x97f2fc, a4=0x0): id=69
[W : PPU[1] Thread (CPUThread)[0x00979534]]: sys_spu warning: sys_spu_thread_connect_event(id=69, eq_id=65, event_type=0x1, spup=1)
[W : PPU[1] Thread (CPUThread)[0x0097954c]]: sys_spu warning: sys_spu_thread_connect_event(id=69, eq_id=65, event_type=0x1, spup=2)
[W : PPU[1] Thread (CPUThread)[0x00979564]]: sys_spu warning: sys_spu_thread_connect_event(id=69, eq_id=65, event_type=0x1, spup=3)
[W : PPU[1] Thread (CPUThread)[0x0097957c]]: sys_spu warning: sys_spu_thread_connect_event(id=69, eq_id=65, event_type=0x1, spup=4)
[W : PPU[1] Thread (CPUThread)[0x0097a600]]: sys_spu warning: sys_spu_thread_group_start(id=68)
[W : PPU[1] Thread (CPUThread)[0x0097a538]]: sys_spu warning: sys_spu_thread_group_create(id_addr=0xefe908, num=1, prio=16, attr_addr=0xd000f66c)
[W : PPU[1] Thread (CPUThread)[0x0097a538]]: sys_spu warning: *** SPU Thread Group created [Job Manager - Job Thread] (type=0x0, option.ct=0x0): id=70
[W : PPU[1] Thread (CPUThread)[0x0097a5d0]]: sys_spu warning: sys_spu_thread_initialize(thread_addr=0xefe924, group=0x46, spu_num=1, img_addr=0xfe21e8, attr_addr=0xd000f660, arg_addr=0xd000f680)
[W : PPU[1] Thread (CPUThread)[0x0097a5d0]]: sys_spu warning: *** New SPU Thread [Job Manager - Job Thread] (img_offset=0x1013000, ls_offset=0x1093000, ep=0xab90, a1=0xefe980, a2=0x0, a3=0x97f2fc, a4=0x0): id=71
[W : PPU[1] Thread (CPUThread)[0x00979534]]: sys_spu warning: sys_spu_thread_connect_event(id=71, eq_id=65, event_type=0x1, spup=1)
[W : PPU[1] Thread (CPUThread)[0x0097954c]]: sys_spu warning: sys_spu_thread_connect_event(id=71, eq_id=65, event_type=0x1, spup=2)
[W : PPU[1] Thread (CPUThread)[0x00979564]]: sys_spu warning: sys_spu_thread_connect_event(id=71, eq_id=65, event_type=0x1, spup=3)
[W : PPU[1] Thread (CPUThread)[0x0097957c]]: sys_spu warning: sys_spu_thread_connect_event(id=71, eq_id=65, event_type=0x1, spup=4)
[W : PPU[1] Thread (CPUThread)[0x0097a600]]: sys_spu warning: sys_spu_thread_group_start(id=70)
[W : PPU[1] Thread (CPUThread)[0x0097a538]]: sys_spu warning: sys_spu_thread_group_create(id_addr=0xefe90c, num=1, prio=16, attr_addr=0xd000f66c)
[W : PPU[1] Thread (CPUThread)[0x0097a538]]: sys_spu warning: *** SPU Thread Group created [Job Manager - Job Thread] (type=0x0, option.ct=0x0): id=72
[W : PPU[1] Thread (CPUThread)[0x0097a5d0]]: sys_spu warning: sys_spu_thread_initialize(thread_addr=0xefe928, group=0x48, spu_num=2, img_addr=0xfe21e8, attr_addr=0xd000f660, arg_addr=0xd000f680)
[W : PPU[1] Thread (CPUThread)[0x0097a5d0]]: sys_spu warning: *** New SPU Thread [Job Manager - Job Thread] (img_offset=0x1013000, ls_offset=0x10d3000, ep=0xab90, a1=0xefe9a0, a2=0x0, a3=0x97f2fc, a4=0x0): id=73
[W : PPU[1] Thread (CPUThread)[0x00979534]]: sys_spu warning: sys_spu_thread_connect_event(id=73, eq_id=65, event_type=0x1, spup=1)
[W : PPU[1] Thread (CPUThread)[0x0097954c]]: sys_spu warning: sys_spu_thread_connect_event(id=73, eq_id=65, event_type=0x1, spup=2)
[W : PPU[1] Thread (CPUThread)[0x00979564]]: sys_spu warning: sys_spu_thread_connect_event(id=73, eq_id=65, event_type=0x1, spup=3)
[W : PPU[1] Thread (CPUThread)[0x0097957c]]: sys_spu warning: sys_spu_thread_connect_event(id=73, eq_id=65, event_type=0x1, spup=4)
[W : PPU[1] Thread (CPUThread)[0x0097a600]]: sys_spu warning: sys_spu_thread_group_start(id=72)
[W : PPU[1] Thread (CPUThread)[0x0097a538]]: sys_spu warning: sys_spu_thread_group_create(id_addr=0xefe910, num=1, prio=16, attr_addr=0xd000f66c)
[W : PPU[1] Thread (CPUThread)[0x0097a538]]: sys_spu warning: *** SPU Thread Group created [Job Manager - Job Thread] (type=0x0, option.ct=0x0): id=74
[W : PPU[1] Thread (CPUThread)[0x0097a5d0]]: sys_spu warning: sys_spu_thread_initialize(thread_addr=0xefe92c, group=0x4a, spu_num=3, img_addr=0xfe21e8, attr_addr=0xd000f660, arg_addr=0xd000f680)
[W : PPU[1] Thread (CPUThread)[0x0097a5d0]]: sys_spu warning: *** New SPU Thread [Job Manager - Job Thread] (img_offset=0x1013000, ls_offset=0x1113000, ep=0xab90, a1=0xefe9c0, a2=0x0, a3=0x97f2fc, a4=0x0): id=75
[W : PPU[1] Thread (CPUThread)[0x00979534]]: sys_spu warning: sys_spu_thread_connect_event(id=75, eq_id=65, event_type=0x1, spup=1)
[W : PPU[1] Thread (CPUThread)[0x0097954c]]: sys_spu warning: sys_spu_thread_connect_event(id=75, eq_id=65, event_type=0x1, spup=2)
[W : PPU[1] Thread (CPUThread)[0x00979564]]: sys_spu warning: sys_spu_thread_connect_event(id=75, eq_id=65, event_type=0x1, spup=3)
[W : PPU[1] Thread (CPUThread)[0x0097957c]]: sys_spu warning: sys_spu_thread_connect_event(id=75, eq_id=65, event_type=0x1, spup=4)
[W : PPU[1] Thread (CPUThread)[0x0097a600]]: sys_spu warning: sys_spu_thread_group_start(id=74)
[W : PPU[1] Thread (CPUThread)[0x00aef010]]: cellSysmodule warning: cellSysmoduleLoadModule(CELL_SYSMODULE_SYSUTIL_GAME)
[W : PPU[1] Thread (CPUThread)[0x0100e034]]: cellGame warning: cellGameBootCheck(type_addr=0xd000f7e4, attributes_addr=0xec28d0, size_addr=0xd000f7e8, dirName_addr=0x0)
[W : PPU[1] Thread (CPUThread)[0x0100e034]]: cellGame warning: cellGameBootCheck returns CELL_GAME_ERROR_PARAM. As a result size->hddFreeSizeKB may be 0.
[W : PPU[1] Thread (CPUThread)[0x0100e004]]: cellGame warning: cellGameGetParamString(id=1, buf_addr=0xec26c1, bufsize=128)
[W : PPU[1] Thread (CPUThread)[0x0100e01c]]: cellGame warning: cellGameGetParamInt(id=102, value_addr=0xd000f7e0)
[E : SPU[69] Thread (Job Manager - Job Thread)[0x0000ab90]]: SPURecompilerCore::Compile(ls_addr=0xab90): branch to 0x0 opcode
[E : SPU[71] Thread (Job Manager - Job Thread)[0x0000ab90]]: SPURecompilerCore::Compile(ls_addr=0xab90): branch to 0x0 opcode
[E : SPU[75] Thread (Job Manager - Job Thread)[0x0000ab90]]: SPURecompilerCore::Compile(ls_addr=0xab90): branch to 0x0 opcode
[E : SPU[73] Thread (Job Manager - Job Thread)[0x0000ab90]]: SPURecompilerCore::Compile(ls_addr=0xab90): branch to 0x0 opcode
[!]: Closing memory...
