[!]: path: /dev_hdd0/game/
[!]: Loading 'D:\Emulateurs\Rpcs3\dev_hdd0\game\BLES00875-[3D DOT GAME HEROES]/PS3_GAME/USRDIR/BOOT.BIN'...
[!]: Mount info:
[!]: /dev_hdd0/ -> D:\Emulateurs\Rpcs3/dev_hdd0/
[!]: /dev_hdd1/ -> D:\Emulateurs\Rpcs3/dev_hdd1/
[!]: /dev_flash/ -> D:\Emulateurs\Rpcs3/dev_flash/
[!]: /dev_usb000/ -> D:\Emulateurs\Rpcs3/dev_usb000/
[!]: /dev_usb/ -> D:\Emulateurs\Rpcs3/dev_usb000/
[!]: /app_home/ -> D:\Emulateurs\Rpcs3\dev_hdd0\game\BLES00875-[3D DOT GAME HEROES]/PS3_GAME/\USRDIR\
[!]: /dev_bdvd/ -> D:\Emulateurs\Rpcs3\dev_hdd0\game\BLES00875-[3D DOT GAME HEROES]/PS3_GAME//../
[!]: /host_root/ -> 
[!]: / -> D:\Emulateurs\Rpcs3\dev_hdd0\game\BLES00875-[3D DOT GAME HEROES]/PS3_GAME/\USRDIR\
[!]: /USRDIR/PS3_GAME/USRDIR/Data/ -> D:\Emulateurs\Rpcs3\dev_hdd0\game\BLES00875-[3D DOT GAME HEROES]/PS3_GAME/\USRDIR\Data\
[!]: ///resource/ -> D:\Emulateurs\Rpcs3\dev_hdd0\game\BLES00875-[3D DOT GAME HEROES]/PS3_GAME/\USRDIR\resource\
[!]: Initing memory...
[!]: Memory initialized.
[W]: Unknown function 0x21425307 in 'cellSysutil' module
[E]: TODO: cellSaveDataListAutoLoad
[W]: Unknown function 0x62b0f803 in 'cellSysutil' module
[E]: TODO: cellMsgDialogAbort
[W]: Unknown function 0x94862702 in 'cellSysutil' module
[E]: TODO: cellMsgDialogProgressBarInc
[W]: Unknown function 0xced17573 in 'cellSysutil' module
[E]: TODO: cellSaveDataFixedDelete
[W]: Unknown function 0xe7fa820b in 'cellSysutil' module
[E]: TODO: cellSaveDataEnableOverlay
[W]: Unknown module 'cellScreenShotUtility'
[W]: Unknown module 'cellPhotoUtility'
[W]: Unknown module 'cellPhotoImportUtil'
[W]: Unknown module 'cellPhotoDecodeUtil'
[W]: Unknown module 'cellSaveData'
[W]: Unknown function 0x59b1ede1 in 'cellGameExec' module
[E]: TODO: cellGameGetHomeDataExportPath
[W]: Unknown function 0x12d9b6c5 in 'cellJpgEnc' module
[E]: TODO: cellJpgEncQueryAttr
[W]: Unknown function 0x2ae79be8 in 'cellJpgEnc' module
[E]: TODO: cellJpgEncWaitForInput
[W]: Unknown function 0x4262e880 in 'cellJpgEnc' module
[E]: TODO: cellJpgEncGetStreamInfo
[W]: Unknown function 0x636dc89e in 'cellJpgEnc' module
[E]: TODO: cellJpgEncEncodePicture2
[W]: Unknown function 0x969fc5f7 in 'cellJpgEnc' module
[E]: TODO: cellJpgEncClose
[W]: Unknown function 0x9b4e3a74 in 'cellJpgEnc' module
[E]: TODO: cellJpgEncWaitForOutput
[W]: Unknown function 0xa4bfae51 in 'cellJpgEnc' module
[E]: TODO: cellJpgEncOpen
[W]: Unknown function 0x8cb722d5 in 'sys_fs' module
[E]: TODO: cellFsWriteWithOffset
[W]: Unknown function 0x967a162b in 'sys_fs' module
[E]: TODO: cellFsFsync
[W]: Unknown function 0x8f122ef8 in 'cellSpurs' module
[E]: TODO: cellSpursTasksetAttributeSetTasksetSize
[W]: Unknown function 0x7fdf4fef in 'cellSpurs' module
[E]: TODO: cellSpursBarrierInitialize
[W]: Unknown function 0x117cd726 in 'cellPngEnc' module
[E]: TODO: cellPngEncClose
[W]: Unknown function 0x19256dc5 in 'cellPngEnc' module
[E]: TODO: cellPngEncOpen
[W]: Unknown function 0x496cfcd0 in 'cellPngEnc' module
[E]: TODO: cellPngEncQueryAttr
[W]: Unknown function 0x585269bc in 'cellPngEnc' module
[E]: TODO: cellPngEncGetStreamInfo
[W]: Unknown function 0x5b546ca4 in 'cellPngEnc' module
[E]: TODO: cellPngEncEncodePicture
[W]: Unknown function 0x662bd637 in 'cellPngEnc' module
[E]: TODO: cellPngEncWaitForInput
[W]: Unknown function 0x90ef2963 in 'cellPngEnc' module
[E]: TODO: cellPngEncWaitForOutput
[W]: Unknown module 'cellSysutilAvconfExt'
[W]: Unknown function 0x05709bbf in 'cellMic' module
[E]: TODO: cellMicOpenEx
[W]: Unknown function 0x07e1b12c in 'cellMic' module
[E]: TODO: cellMicRead
[W]: Unknown function 0x7903400e in 'cellMic' module
[E]: TODO: cellMicSetNotifyEventQueue
[W]: Unknown function 0x8325e02d in 'cellMic' module
[E]: TODO: cellMicInit
[W]: Unknown function 0x8d229f8e in 'cellMic' module
[E]: TODO: cellMicClose
[W]: Unknown function 0xc6328caa in 'cellMic' module
[E]: TODO: cellMicEnd
[W]: Unknown function 0xdd724314 in 'cellMic' module
[E]: TODO: cellMicStart
[W]: Unknown function 0xfcfaf246 in 'cellMic' module
[E]: TODO: cellMicStop
[W]: Unknown function 0x3f09e20a in 'sys_net' module
[E]: TODO: socketselect
[W]: Unknown function 0x26090058 in 'sysPrxForUser' module
[E]: TODO: sys_prx_load_module
[W]: Unknown function 0xaa6d9bff in 'sysPrxForUser' module
[E]: TODO: sys_prx_load_module_on_memcontainer
[W]: Unknown function 0xdd3b27ac in 'sysPrxForUser' module
[E]: TODO: _sys_spu_printf_finalize
[W : PPU[1] Thread (CPUThread)[0x02d23058]]: sys_lwmutex warning: *** lwmutex created [_lc_mtx] (attribute=0x12): sq_id = 3
[W : PPU[1] Thread (CPUThread)[0x00977e2c]]: memory warning: sys_memory_get_user_memory_size(mem_info_addr=0xd0010c04)
[W : PPU[1] Thread (CPUThread)[0x02d23058]]: sys_lwmutex warning: *** lwmutex created [_lc_mtx] (attribute=0x12): sq_id = 4
[W : PPU[1] Thread (CPUThread)[0x02d23058]]: sys_lwmutex warning: *** lwmutex created [_lc_mtx] (attribute=0x12): sq_id = 5
[W : PPU[1] Thread (CPUThread)[0x02d23058]]: sys_lwmutex warning: *** lwmutex created [_lc_mtx] (attribute=0x12): sq_id = 6
[W : PPU[1] Thread (CPUThread)[0x02d23058]]: sys_lwmutex warning: *** lwmutex created [_lc_mtx] (attribute=0x12): sq_id = 7
[W : PPU[1] Thread (CPUThread)[0x02d23058]]: sys_lwmutex warning: *** lwmutex created [_lc_mtx] (attribute=0x12): sq_id = 8
[W : PPU[1] Thread (CPUThread)[0x02d23058]]: sys_lwmutex warning: *** lwmutex created [_lc_mtx] (attribute=0x12): sq_id = 9
[W : PPU[1] Thread (CPUThread)[0x02d23058]]: sys_lwmutex warning: *** lwmutex created [_lc_mtx] (attribute=0x12): sq_id = 10
[W : PPU[1] Thread (CPUThread)[0x02d23058]]: sys_lwmutex warning: *** lwmutex created [_lc_mtx] (attribute=0x12): sq_id = 11
[W : PPU[1] Thread (CPUThread)[0x02d23058]]: sys_lwmutex warning: *** lwmutex created [_lc_mtx] (attribute=0x12): sq_id = 12
[W : PPU[1] Thread (CPUThread)[0x02d23058]]: sys_lwmutex warning: *** lwmutex created [_lc_mtx] (attribute=0x12): sq_id = 13
[W : PPU[1] Thread (CPUThread)[0x02d23058]]: sys_lwmutex warning: *** lwmutex created [_lc_mtx] (attribute=0x12): sq_id = 14
[W : PPU[1] Thread (CPUThread)[0x02d23058]]: sys_lwmutex warning: *** lwmutex created [_lc_mtx] (attribute=0x12): sq_id = 15
[W : PPU[1] Thread (CPUThread)[0x02d23058]]: sys_lwmutex warning: *** lwmutex created [_lc_mtx] (attribute=0x12): sq_id = 16
[W : PPU[1] Thread (CPUThread)[0x02d23058]]: sys_lwmutex warning: *** lwmutex created [_lc_mtx] (attribute=0x12): sq_id = 17
[W : PPU[1] Thread (CPUThread)[0x02d23058]]: sys_lwmutex warning: *** lwmutex created [_lc_mtx] (attribute=0x12): sq_id = 18
[W : PPU[1] Thread (CPUThread)[0x02d23058]]: sys_lwmutex warning: *** lwmutex created [ps3HDDL] (attribute=0x12): sq_id = 19
[W : PPU[1] Thread (CPUThread)[0x00963c78]]: cellSysutil warning: cellSysutilGetSystemParamInt: CELL_SYSUTIL_SYSTEMPARAM_ID_TIMEZONE
[W : PPU[1] Thread (CPUThread)[0x00963c78]]: cellSysutil warning: cellSysutilGetSystemParamInt: CELL_SYSUTIL_SYSTEMPARAM_ID_SUMMERTIME
[W : PPU[1] Thread (CPUThread)[0x0096dd2c]]: cellSysutil warning: cellSysutilGetSystemParamInt: CELL_SYSUTIL_SYSTEMPARAM_ID_TIMEZONE
[W : PPU[1] Thread (CPUThread)[0x0096dd2c]]: cellSysutil warning: cellSysutilGetSystemParamInt: CELL_SYSUTIL_SYSTEMPARAM_ID_SUMMERTIME
[W : PPU[1] Thread (CPUThread)[0x009657d8]]: cellSysutil warning: cellSysutilGetSystemParamInt: CELL_SYSUTIL_SYSTEMPARAM_ID_TIMEZONE
[W : PPU[1] Thread (CPUThread)[0x009657d8]]: cellSysutil warning: cellSysutilGetSystemParamInt: CELL_SYSUTIL_SYSTEMPARAM_ID_SUMMERTIME
[W : PPU[1] Thread (CPUThread)[0x0096dd2c]]: cellSysutil warning: cellSysutilGetSystemParamInt: CELL_SYSUTIL_SYSTEMPARAM_ID_TIMEZONE
[W : PPU[1] Thread (CPUThread)[0x0096dd2c]]: cellSysutil warning: cellSysutilGetSystemParamInt: CELL_SYSUTIL_SYSTEMPARAM_ID_SUMMERTIME
[W : PPU[1] Thread (CPUThread)[0x00963c1c]]: cellSysutil warning: cellSysutilGetSystemParamInt: CELL_SYSUTIL_SYSTEMPARAM_ID_TIMEZONE
[W : PPU[1] Thread (CPUThread)[0x00963c1c]]: cellSysutil warning: cellSysutilGetSystemParamInt: CELL_SYSUTIL_SYSTEMPARAM_ID_SUMMERTIME
[W : PPU[1] Thread (CPUThread)[0x009657d8]]: cellSysutil warning: cellSysutilGetSystemParamInt: CELL_SYSUTIL_SYSTEMPARAM_ID_TIMEZONE
[W : PPU[1] Thread (CPUThread)[0x009657d8]]: cellSysutil warning: cellSysutilGetSystemParamInt: CELL_SYSUTIL_SYSTEMPARAM_ID_SUMMERTIME
[W : PPU[1] Thread (CPUThread)[0x02d23058]]: sys_lwmutex warning: *** lwmutex created [_lc_mtx] (attribute=0x12): sq_id = 20
[W : PPU[1] Thread (CPUThread)[0x02d23058]]: sys_lwmutex warning: *** lwmutex created [_lc_mtx] (attribute=0x12): sq_id = 21
[W : PPU[1] Thread (CPUThread)[0x02d23058]]: sys_lwmutex warning: *** lwmutex created [_lc_mtx] (attribute=0x12): sq_id = 22
[W : PPU[1] Thread (CPUThread)[0x02d23058]]: sys_lwmutex warning: *** lwmutex created [_lc_mtx] (attribute=0x12): sq_id = 23
[W : PPU[1] Thread (CPUThread)[0x02d23058]]: sys_lwmutex warning: *** lwmutex created [_lc_mtx] (attribute=0x12): sq_id = 24
[W : PPU[1] Thread (CPUThread)[0x02d23058]]: sys_lwmutex warning: *** lwmutex created [_lc_mtx] (attribute=0x12): sq_id = 25
[W : PPU[1] Thread (CPUThread)[0x02d23058]]: sys_lwmutex warning: *** lwmutex created [] (attribute=0x22): sq_id = 26
[W : PPU[1] Thread (CPUThread)[0x02d23058]]: sys_lwmutex warning: *** lwmutex created [] (attribute=0x22): sq_id = 27
[W : PPU[1] Thread (CPUThread)[0x00fde010]]: cellSysmodule warning: cellSysmoduleLoadModule(CELL_SYSMODULE_SYSUTIL_GAME)
[W : PPU[1] Thread (CPUThread)[0x02cf9034]]: cellGame warning: cellGameBootCheck(type_addr=0xd00107c0, attributes_addr=0xd00107c4, size_addr=0xd00107c8, dirName_addr=0xd00109d8)
[E : PPU[1] Thread (CPUThread)[0x02cf901c]]: cellGame error: Unimplemented function: cellGamePatchCheck
[W : PPU[1] Thread (CPUThread)[0x02cf9010]]: cellGame warning: cellGameContentPermit(contentInfoPath_addr=0xd00108d8, usrdirPath_addr=0xd0010ad8)
[W : PPU[1] Thread (CPUThread)[0x00fde004]]: cellSysmodule warning: cellSysmoduleUnloadModule(CELL_SYSMODULE_SYSUTIL_GAME)
[W : PPU[1] Thread (CPUThread)[0x02cf70c4]]: cellSysutil warning: cellSysutilRegisterCallback(slot=0, func_addr=0xff0018, userdata=0x0)
[W : PPU[1] Thread (CPUThread)[0x02d0b130]]: cellGcmSys warning: cellGcmInitDefaultFifoMode(mode=1)
[W : PPU[1] Thread (CPUThread)[0x02d0b010]]: cellGcmSys warning: cellGcmInit(context_addr=0x2c11bac,cmdSize=0x200000,ioSize=0x2300000,ioAddress=0x30200000)
[W : PPU[1] Thread (CPUThread)[0x02d0b010]]: cellGcmSys warning: *** local memory(addr=0xc0000000, size=0xf900000)
[W : PPU[1] Thread (CPUThread)[0x02d0b010]]: cellGcmSys warning: cellGcmMapEaIoAddress(ea=0x30200000, io=0x0, size=0x2300000)
[! : RSXThread]: RSX thread entry
[W : PPU[1] Thread (CPUThread)[0x02d0b004]]: cellGcmSys warning: cellGcmGetTiledPitchSize(size=5120)
[W : PPU[1] Thread (CPUThread)[0x02d0b004]]: cellGcmSys warning: cellGcmGetTiledPitchSize(size=5120)
[W : PPU[1] Thread (CPUThread)[0x02d0b004]]: cellGcmSys warning: cellGcmGetTiledPitchSize(size=5120)
[W : PPU[1] Thread (CPUThread)[0x02d0b124]]: cellGcmSys warning: cellGcmSetTileInfo(index=0, location=0, offset=0, size=7536640, pitch=5120, comp=0, base=0, bank=0)
[W : PPU[1] Thread (CPUThread)[0x02d0b04c]]: cellGcmSys warning: cellGcmBindTile(index=0)
[W : PPU[1] Thread (CPUThread)[0x02d0b004]]: cellGcmSys warning: cellGcmGetTiledPitchSize(size=5120)
[W : PPU[1] Thread (CPUThread)[0x02d0b004]]: cellGcmSys warning: cellGcmGetTiledPitchSize(size=5120)
[W : PPU[1] Thread (CPUThread)[0x02d0b004]]: cellGcmSys warning: cellGcmGetTiledPitchSize(size=5120)
[W : PPU[1] Thread (CPUThread)[0x02d0b124]]: cellGcmSys warning: cellGcmSetTileInfo(index=1, location=0, offset=7536640, size=3932160, pitch=5120, comp=9, base=0, bank=0)
[E : PPU[1] Thread (CPUThread)[0x02d0b124]]: cellGcmSys error: cellGcmSetTileInfo: bad comp! (9)
[W : PPU[1] Thread (CPUThread)[0x02d0b04c]]: cellGcmSys warning: cellGcmBindTile(index=1)
[W : PPU[1] Thread (CPUThread)[0x02d0b0d0]]: cellGcmSys warning: TODO: cellGcmBindZcull(index=0)
[W : PPU[1] Thread (CPUThread)[0x02cf7004]]: cellSysutil warning: cellVideoOutConfigure(videoOut=0, config_addr=0xd00109a0, option_addr=0x0, waitForEvent=0x0)
[W : PPU[1] Thread (CPUThread)[0x02d0b058]]: cellGcmSys warning: cellGcmSetFlipMode(mode=2)
[W : PPU[1] Thread (CPUThread)[0x02d0b07c]]: cellGcmSys warning: cellGcmMapEaIoAddress(ea=0x32600000, io=0xe000000, size=0x100000)
[W : PPU[1] Thread (CPUThread)[0x02d0b0a0]]: cellGcmSys warning: cellGcmGetReportDataAddressLocation(index=0, location=1)
[W : PPU[1] Thread (CPUThread)[0x02d0b0e8]]: cellGcmSys warning: cellGcmSetFlipStatus()
[W : PPU[1] Thread (CPUThread)[0x00fde01c]]: cellSysmodule warning: cellSysmoduleIsLoaded(CELL_SYSMODULE_FS)
[W : PPU[1] Thread (CPUThread)[0x00fde010]]: cellSysmodule warning: cellSysmoduleLoadModule(CELL_SYSMODULE_FS)
[W : PPU[1] Thread (CPUThread)[0x00fde01c]]: cellSysmodule warning: cellSysmoduleIsLoaded(CELL_SYSMODULE_RTC)
[W : PPU[1] Thread (CPUThread)[0x00fde010]]: cellSysmodule warning: cellSysmoduleLoadModule(CELL_SYSMODULE_RTC)
[W : PPU[1] Thread (CPUThread)[0x00fde010]]: cellSysmodule warning: cellSysmoduleLoadModule(CELL_SYSMODULE_SYSUTIL_NP_TROPHY)
[W : PPU[1] Thread (CPUThread)[0x02d05064]]: sceNpTrophy warning: sceNpTrophyCreateContext(context_addr=0x2ac9c18, commID_addr=0xa7c400, commSign_addr=0xa7c40c, options=0x0)
[W : PPU[1] Thread (CPUThread)[0x02d23058]]: sys_lwmutex warning: *** lwmutex created [] (attribute=0x22): sq_id = 28
[! : PPU[1] Thread (CPUThread)[0x02d23028]]: *** New PPU Thread [trophySystem] (): id = 29
[W : PPU[1] Thread (CPUThread)[0x00473c3c]]: sys_spu warning: sys_spu_initialize(max_usable_spu=6, max_raw_spu=0)
[W : PPU[1] Thread (CPUThread)[0x02d230e8]]: sys_lwmutex warning: sys_lwmutex_destroy(lwmutex_addr=0x2cf3d10)
[W : PPU[1] Thread (CPUThread)[0x02d230e8]]: sys_lwmutex warning: sys_lwmutex_destroy(lwmutex_addr=0x2cf3d38)
[W : PPU[1] Thread (CPUThread)[0x02d230e8]]: sys_lwmutex warning: sys_lwmutex_destroy(lwmutex_addr=0x2cf3d60)
[W : PPU[1] Thread (CPUThread)[0x02d230e8]]: sys_lwmutex warning: sys_lwmutex_destroy(lwmutex_addr=0x2cf3c48)
[W : PPU[1] Thread (CPUThread)[0x02d230e8]]: sys_lwmutex warning: sys_lwmutex_destroy(lwmutex_addr=0x2cf3c70)
[W : PPU[1] Thread (CPUThread)[0x02d230e8]]: sys_lwmutex warning: sys_lwmutex_destroy(lwmutex_addr=0x2cf3c98)
[W : PPU[1] Thread (CPUThread)[0x02d230e8]]: sys_lwmutex warning: sys_lwmutex_destroy(lwmutex_addr=0x2cf3cc0)
[W : PPU[1] Thread (CPUThread)[0x02d230e8]]: sys_lwmutex warning: sys_lwmutex_destroy(lwmutex_addr=0x2cf3ce8)
[W : PPU[1] Thread (CPUThread)[0x02d230e8]]: sys_lwmutex warning: sys_lwmutex_destroy(lwmutex_addr=0x2cf49c0)
[W : PPU[1] Thread (CPUThread)[0x02d230e8]]: sys_lwmutex warning: sys_lwmutex_destroy(lwmutex_addr=0x2cf4bb8)
[W : PPU[1] Thread (CPUThread)[0x02d23118]]: Process warning: sys_process_exit(0)
[S : PPU[1] Thread (CPUThread)[0x02d23118]]: Process finished
[! : RSXThread]: RSX thread exit...
[!]: Closing memory...
