[!]: path: /dev_hdd0/game/
[!]: Loading 'D:\Emulateurs\Rpcs3\dev_hdd0\game\BLES01228-[Devil May Cry HD Collection]/PS3_GAME/USRDIR/BOOT.BIN'...
[!]: Mount info:
[!]: /dev_hdd0/ -> D:\Emulateurs\Rpcs3/dev_hdd0/
[!]: /dev_hdd1/ -> D:\Emulateurs\Rpcs3/dev_hdd1/
[!]: /dev_flash/ -> D:\Emulateurs\Rpcs3/dev_flash/
[!]: /dev_usb000/ -> D:\Emulateurs\Rpcs3/dev_usb000/
[!]: /dev_usb/ -> D:\Emulateurs\Rpcs3/dev_usb000/
[!]: /app_home/ -> D:\Emulateurs\Rpcs3\dev_hdd0\game\BLES01228-[Devil May Cry HD Collection]/PS3_GAME/\USRDIR\
[!]: /dev_bdvd/ -> D:\Emulateurs\Rpcs3\dev_hdd0\game\BLES01228-[Devil May Cry HD Collection]/PS3_GAME//../
[!]: /host_root/ -> 
[!]: / -> D:\Emulateurs\Rpcs3\dev_hdd0\game\BLES01228-[Devil May Cry HD Collection]/PS3_GAME/\USRDIR\
[!]: /USRDIR/PS3_GAME/USRDIR/Data/ -> D:\Emulateurs\Rpcs3\dev_hdd0\game\BLES01228-[Devil May Cry HD Collection]/PS3_GAME/\USRDIR\Data\
[!]: ///resource/ -> D:\Emulateurs\Rpcs3\dev_hdd0\game\BLES01228-[Devil May Cry HD Collection]/PS3_GAME/\USRDIR\resource\
[!]: Initing memory...
[!]: Memory initialized.
[!]: Function 'cellAANConnect' hooked (addr=0x15a0a0)
[!]: Function 'cellAANDisconnect' hooked (addr=0x15a138)
[!]: Function 'cellAANAddData' hooked (addr=0x15a1d0)
[!]: Function 'cellSurMixerGetAANHandle' hooked (addr=0x15a31c)
[!]: Function 'cellSurMixerSetNotifyCallback' hooked (addr=0x15a354)
[!]: Function 'cellSurMixerRemoveNotifyCallback' hooked (addr=0x15a3e8)
[!]: Function 'cellSurMixerSurBusAddData' hooked (addr=0x15a478)
[!]: Function 'cellSurMixerGetCurrentBlockTag' hooked (addr=0x15a528)
[!]: Function 'cellSurMixerChStripGetAANPortNo' hooked (addr=0x15ad84)
[!]: Function 'cellSurMixerBeep' hooked (addr=0x15adc0)
[!]: Function 'cellSurMixerChStripSetParameter' hooked (addr=0x15b19c)
[!]: Function 'cellSurMixerPause' hooked (addr=0x15b450)
[!]: Function 'cellSurMixerGetTimestamp' hooked (addr=0x15ca68)
[!]: Function 'cellSurMixerSetParameter' hooked (addr=0x15cad0)
[!]: Function 'cellSurMixerStart' hooked (addr=0x15cba0)
[!]: Function 'cellSurMixerFinalize' hooked (addr=0x15cea8)
[!]: Function 'cellSurMixerCreate' hooked (addr=0x15d76c)
[S]: Function group [surmxAAN] successfully hooked
[S]: Function group [surmixer] successfully hooked
[W]: Unknown module 'libgem'
[W]: Unknown function 0x0e63c444 in 'cellCamera' module
[E]: TODO: cellCameraGetBufferInfoEx
[W]: Unknown function 0x21fc151f in 'cellCamera' module
[E]: TODO: cellCameraReadEx
[W]: Unknown function 0x44673f07 in 'cellCamera' module
[E]: TODO: cellCameraRemoveNotifyEventQueue2
[W]: Unknown function 0x456dc4aa in 'cellCamera' module
[E]: TODO: cellCameraStart
[W]: Unknown function 0x58bc5870 in 'cellCamera' module
[E]: TODO: cellCameraGetType
[W]: Unknown function 0x5d25f866 in 'cellCamera' module
[E]: TODO: cellCameraOpenEx
[W]: Unknown function 0x81f83db9 in 'cellCamera' module
[E]: TODO: cellCameraReset
[W]: Unknown function 0xa7fd2f5b in 'cellCamera' module
[E]: TODO: cellCameraSetNotifyEventQueue2
[W]: Unknown function 0xbf47c5dd in 'cellCamera' module
[E]: TODO: cellCameraInit
[W]: Unknown function 0x0247c69e in 'cellSail' module
[E]: TODO: cellSailGraphicsAdapterGetFrame
[W]: Unknown function 0x0abb318b in 'cellSail' module
[E]: TODO: cellSailDescriptorCreateDatabase
[W]: Unknown function 0x1139a206 in 'cellSail' module
[E]: TODO: cellSailPlayerSetSoundAdapter
[W]: Unknown function 0x18b4629d in 'cellSail' module
[E]: TODO: cellSailPlayerFinalize
[W]: Unknown function 0x18bcd21b in 'cellSail' module
[E]: TODO: cellSailPlayerSetGraphicsAdapter
[W]: Unknown function 0x1c983864 in 'cellSail' module
[E]: TODO: cellSailGraphicsAdapterInitialize
[W]: Unknown function 0x23654375 in 'cellSail' module
[E]: TODO: cellSailPlayerInitialize2
[W]: Unknown function 0x28336e89 in 'cellSail' module
[E]: TODO: cellSailDescriptorDestroyDatabase
[W]: Unknown function 0x2e3ccb5e in 'cellSail' module
[E]: TODO: cellSailGraphicsAdapterSetPreferredFormat
[W]: Unknown function 0x346ebba3 in 'cellSail' module
[E]: TODO: cellSailMemAllocatorInitialize
[W]: Unknown function 0x34ecc1b9 in 'cellSail' module
[E]: TODO: cellSailPlayerOpenStream
[W]: Unknown function 0x3a2d806c in 'cellSail' module
[E]: TODO: cellSailFutureGet
[W]: Unknown function 0x3d0d3b72 in 'cellSail' module
[E]: TODO: cellSailSoundAdapterInitialize
[W]: Unknown function 0x44a20e79 in 'cellSail' module
[E]: TODO: cellSailGraphicsAdapterUpdateAvSync
[W]: Unknown function 0x47632810 in 'cellSail' module
[E]: TODO: cellSailPlayerReplaceEventHandler
[W]: Unknown function 0x4ae979df in 'cellSail' module
[E]: TODO: cellSailSoundAdapterPtsToTimePosition
[W]: Unknown function 0x4cc54f8e in 'cellSail' module
[E]: TODO: cellSailFutureInitialize
[W]: Unknown function 0x76488bb1 in 'cellSail' module
[E]: TODO: cellSailGraphicsAdapterFinalize
[W]: Unknown function 0x7c8dff3b in 'cellSail' module
[E]: TODO: cellSailPlayerAddDescriptor
[W]: Unknown function 0x7eb8d6b5 in 'cellSail' module
[E]: TODO: cellSailSoundAdapterGetFrame
[W]: Unknown function 0x85beffcc in 'cellSail' module
[E]: TODO: cellSailPlayerCloseStream
[W]: Unknown function 0x9553af65 in 'cellSail' module
[E]: TODO: cellSailFutureFinalize
[W]: Unknown function 0xa37fed15 in 'cellSail' module
[E]: TODO: cellSailFutureSet
[W]: Unknown function 0xbdf21b0f in 'cellSail' module
[E]: TODO: cellSailPlayerBoot
[W]: Unknown function 0xd1462438 in 'cellSail' module
[E]: TODO: cellSailSoundAdapterFinalize
[W]: Unknown function 0xd1d55a90 in 'cellSail' module
[E]: TODO: cellSailPlayerSetPaused
[W]: Unknown function 0xd5f9a15b in 'cellSail' module
[E]: TODO: cellSailDescriptorGetStreamType
[W]: Unknown function 0xd7938b8d in 'cellSail' module
[E]: TODO: cellSailPlayerCreateDescriptor
[W]: Unknown function 0xe535b0d3 in 'cellSail' module
[E]: TODO: cellSailPlayerStart
[W]: Unknown function 0xeba8d4ec in 'cellSail' module
[E]: TODO: cellSailPlayerStop
[W]: Unknown function 0xeec22809 in 'cellSail' module
[E]: TODO: cellSailSoundAdapterUpdateAvSync
[W]: Unknown function 0xf25f197d in 'cellSail' module
[E]: TODO: cellSailSoundAdapterGetFormat
[W]: Unknown function 0xfc5baf8a in 'cellSail' module
[E]: TODO: cellSailPlayerSetRepeatMode
[W]: Unknown function 0xfc839bd4 in 'cellSail' module
[E]: TODO: cellSailPlayerDestroyDescriptor
[W]: Unknown function 0x20543730 in 'cellSysutil' module
[E]: TODO: cellMsgDialogClose
[W]: Unknown function 0xedadd797 in 'cellSysutil' module
[E]: TODO: cellSaveDataDelete2
[W]: Unknown function 0x7f13fc8c in 'sys_fs' module
[E]: TODO: cellFsAioCancel
[W]: Unknown function 0x6d3bb15b in 'sys_fs' module
[E]: TODO: cellFsSdataOpenByFd
[W]: Unknown function 0x967a162b in 'sys_fs' module
[E]: TODO: cellFsFsync
[W]: Unknown function 0x3f09e20a in 'sys_net' module
[E]: TODO: socketselect
[W]: Unknown function 0x41251f74 in 'sceNp2' module
[E]: TODO: sceNp2Init
[W]: Unknown function 0xaadb7c12 in 'sceNp2' module
[E]: TODO: sceNp2Term
[W]: Unknown module 'cellSysutilAvconfExt'
[W]: Unknown function 0x05709bbf in 'cellMic' module
[E]: TODO: cellMicOpenEx
[W]: Unknown function 0x07e1b12c in 'cellMic' module
[E]: TODO: cellMicRead
[W]: Unknown function 0x7903400e in 'cellMic' module
[E]: TODO: cellMicSetNotifyEventQueue
[W]: Unknown function 0x8d229f8e in 'cellMic' module
[E]: TODO: cellMicClose
[W]: Unknown function 0xdd724314 in 'cellMic' module
[E]: TODO: cellMicStart
[W]: Unknown function 0xfcfaf246 in 'cellMic' module
[E]: TODO: cellMicStop
[W]: Unknown function 0x5202e53b in 'cellSpurs' module
[E]: TODO: cellSpursJobChainSetExceptionEventHandler
[W]: Unknown function 0x26090058 in 'sysPrxForUser' module
[E]: TODO: sys_prx_load_module
[W]: Unknown function 0x8a561d92 in 'sysPrxForUser' module
[E]: TODO: _sys_heap_free
[W]: Unknown function 0xa330ad84 in 'sysPrxForUser' module
[E]: TODO: sys_prx_load_module_on_memcontainer_by_fd
[W]: Unknown function 0xaa6d9bff in 'sysPrxForUser' module
[E]: TODO: sys_prx_load_module_on_memcontainer
[W]: Unknown function 0xaede4b03 in 'sysPrxForUser' module
[E]: TODO: _sys_heap_delete_heap
[W]: Unknown function 0xdd3b27ac in 'sysPrxForUser' module
[E]: TODO: _sys_spu_printf_finalize
[W]: Unknown function 0xef68c17c in 'sysPrxForUser' module
[E]: TODO: sys_prx_load_module_by_fd
[W : PPU[1] Thread (CPUThread)[0x0056b058]]: sys_lwmutex warning: *** lwmutex created [_lc_mtx] (attribute=0x12): sq_id = 3
[W : PPU[1] Thread (CPUThread)[0x0056b058]]: sys_lwmutex warning: *** lwmutex created [_lc_mtx] (attribute=0x12): sq_id = 4
[W : PPU[1] Thread (CPUThread)[0x0056b058]]: sys_lwmutex warning: *** lwmutex created [_lc_mtx] (attribute=0x12): sq_id = 5
[W : PPU[1] Thread (CPUThread)[0x0056b058]]: sys_lwmutex warning: *** lwmutex created [_lc_mtx] (attribute=0x12): sq_id = 6
[W : PPU[1] Thread (CPUThread)[0x0056b058]]: sys_lwmutex warning: *** lwmutex created [_lc_mtx] (attribute=0x12): sq_id = 7
[W : PPU[1] Thread (CPUThread)[0x0056b058]]: sys_lwmutex warning: *** lwmutex created [_lc_mtx] (attribute=0x12): sq_id = 8
[W : PPU[1] Thread (CPUThread)[0x0056b058]]: sys_lwmutex warning: *** lwmutex created [_lc_mtx] (attribute=0x12): sq_id = 9
[W : PPU[1] Thread (CPUThread)[0x0056b058]]: sys_lwmutex warning: *** lwmutex created [_lc_mtx] (attribute=0x12): sq_id = 10
[W : PPU[1] Thread (CPUThread)[0x0056b058]]: sys_lwmutex warning: *** lwmutex created [_lc_mtx] (attribute=0x12): sq_id = 11
[W : PPU[1] Thread (CPUThread)[0x0056b058]]: sys_lwmutex warning: *** lwmutex created [ps3HDDL] (attribute=0x12): sq_id = 12
[W : PPU[1] Thread (CPUThread)[0x00338f5c]]: cellSysutil warning: cellSysutilGetSystemParamInt: CELL_SYSUTIL_SYSTEMPARAM_ID_TIMEZONE
[W : PPU[1] Thread (CPUThread)[0x00338f5c]]: cellSysutil warning: cellSysutilGetSystemParamInt: CELL_SYSUTIL_SYSTEMPARAM_ID_SUMMERTIME
[W : PPU[1] Thread (CPUThread)[0x0033f8ac]]: cellSysutil warning: cellSysutilGetSystemParamInt: CELL_SYSUTIL_SYSTEMPARAM_ID_TIMEZONE
[W : PPU[1] Thread (CPUThread)[0x0033f8ac]]: cellSysutil warning: cellSysutilGetSystemParamInt: CELL_SYSUTIL_SYSTEMPARAM_ID_SUMMERTIME
[W : PPU[1] Thread (CPUThread)[0x0033a9cc]]: cellSysutil warning: cellSysutilGetSystemParamInt: CELL_SYSUTIL_SYSTEMPARAM_ID_TIMEZONE
[W : PPU[1] Thread (CPUThread)[0x0033a9cc]]: cellSysutil warning: cellSysutilGetSystemParamInt: CELL_SYSUTIL_SYSTEMPARAM_ID_SUMMERTIME
[W : PPU[1] Thread (CPUThread)[0x0033f8ac]]: cellSysutil warning: cellSysutilGetSystemParamInt: CELL_SYSUTIL_SYSTEMPARAM_ID_TIMEZONE
[W : PPU[1] Thread (CPUThread)[0x0033f8ac]]: cellSysutil warning: cellSysutilGetSystemParamInt: CELL_SYSUTIL_SYSTEMPARAM_ID_SUMMERTIME
[W : PPU[1] Thread (CPUThread)[0x00338f08]]: cellSysutil warning: cellSysutilGetSystemParamInt: CELL_SYSUTIL_SYSTEMPARAM_ID_TIMEZONE
[W : PPU[1] Thread (CPUThread)[0x00338f08]]: cellSysutil warning: cellSysutilGetSystemParamInt: CELL_SYSUTIL_SYSTEMPARAM_ID_SUMMERTIME
[W : PPU[1] Thread (CPUThread)[0x0033a9cc]]: cellSysutil warning: cellSysutilGetSystemParamInt: CELL_SYSUTIL_SYSTEMPARAM_ID_TIMEZONE
[W : PPU[1] Thread (CPUThread)[0x0033a9cc]]: cellSysutil warning: cellSysutilGetSystemParamInt: CELL_SYSUTIL_SYSTEMPARAM_ID_SUMMERTIME
[W : PPU[1] Thread (CPUThread)[0x0056b058]]: sys_lwmutex warning: *** lwmutex created [DHStd m] (attribute=0x22): sq_id = 13
[W : PPU[1] Thread (CPUThread)[0x00551058]]: cellSysutil warning: cellSysutilRegisterCallback(slot=0, func_addr=0x42bc90, userdata=0x0)
[W : PPU[1] Thread (CPUThread)[0x0056b058]]: sys_lwmutex warning: *** lwmutex created [] (attribute=0x12): sq_id = 14
[W : PPU[1] Thread (CPUThread)[0x0055501c]]: cellGcmSys warning: cellGcmInit(context_addr=0x53b7e4,cmdSize=0x3ff000,ioSize=0x400000,ioAddress=0x30100000)
[W : PPU[1] Thread (CPUThread)[0x0055501c]]: cellGcmSys warning: *** local memory(addr=0xc0000000, size=0xf900000)
[W : PPU[1] Thread (CPUThread)[0x0055501c]]: cellGcmSys warning: cellGcmMapEaIoAddress(ea=0x30100000, io=0x0, size=0x400000)
[! : RSXThread]: RSX thread entry
[W : PPU[1] Thread (CPUThread)[0x002c9600]]: memory warning: sys_mmapper_allocate_address(size=0x20000000, flags=0x40f, alignment=0x10000000, alloc_addr=0xd00108d0)
[W : PPU[1] Thread (CPUThread)[0x002c960c]]: memory warning: sys_memory_get_user_memory_size(mem_info_addr=0xd00108d8)
[W : PPU[1] Thread (CPUThread)[0x002c9654]]: memory warning: sys_mmapper_allocate_address(size=0x10000000, flags=0x20f, alignment=0x10000000, alloc_addr=0xd00108d0)
[W : PPU[1] Thread (CPUThread)[0x0056b13c]]: memory warning: sys_mmapper_allocate_memory(size=0x100000, flags=0x400, mem_id_addr=0xd00108d0)
[W : PPU[1] Thread (CPUThread)[0x0056b16c]]: memory warning: sys_mmapper_map_memory(start_addr=0x0, mem_id=0xf, flags=0x40000)
[W : PPU[1] Thread (CPUThread)[0x0056b16c]]: memory mapped 0x30500000 to 0x0 size=0x100000
[W : PPU[1] Thread (CPUThread)[0x00555094]]: cellGcmSys warning: cellGcmMapMainMemory(ea=0x0,size=0x100000,offset_addr=0xd00108d4)
[W : PPU[1] Thread (CPUThread)[0x0055501c]]: cellGcmSys warning: cellGcmInit(context_addr=0x53b7e4,cmdSize=0x3ff000,ioSize=0x400000,ioAddress=0x30600000)
[W : PPU[1] Thread (CPUThread)[0x0055501c]]: cellGcmSys warning: *** local memory(addr=0xc0000000, size=0xf900000)
[W : PPU[1] Thread (CPUThread)[0x0055501c]]: cellGcmSys warning: cellGcmMapEaIoAddress(ea=0x30600000, io=0x0, size=0x400000)
[! : RSXThread]: RSX thread exit...
[! : RSXThread]: RSX thread entry
[W : PPU[1] Thread (CPUThread)[0x002c9600]]: memory warning: sys_mmapper_allocate_address(size=0x20000000, flags=0x40f, alignment=0x10000000, alloc_addr=0xd00108d0)
[W : PPU[1] Thread (CPUThread)[0x002c960c]]: memory warning: sys_memory_get_user_memory_size(mem_info_addr=0xd00108d8)
[W : PPU[1] Thread (CPUThread)[0x002c9654]]: memory warning: sys_mmapper_allocate_address(size=0x10000000, flags=0x20f, alignment=0x10000000, alloc_addr=0xd00108d0)
[W : PPU[1] Thread (CPUThread)[0x000403bc]]: sys_spu warning: sys_spu_initialize(max_usable_spu=6, max_raw_spu=1)
[W : PPU[1] Thread (CPUThread)[0x0040c010]]: cellSysmodule warning: cellSysmoduleLoadModule(CELL_SYSMODULE_SYSUTIL_GAME)
[W : PPU[1] Thread (CPUThread)[0x0040c010]]: cellSysmodule warning: cellSysmoduleLoadModule(CELL_SYSMODULE_SYSUTIL_LICENSEAREA)
[W : PPU[1] Thread (CPUThread)[0x0040c010]]: cellSysmodule warning: cellSysmoduleLoadModule(CELL_SYSMODULE_RTC)
[W : PPU[1] Thread (CPUThread)[0x0040c010]]: cellSysmodule warning: cellSysmoduleLoadModule(CELL_SYSMODULE_SYSUTIL_USERINFO)
[W : PPU[1] Thread (CPUThread)[0x0055101c]]: cellSysutil warning: cellSysutilGetSystemParamInt: CELL_SYSUTIL_SYSTEMPARAM_ID_LANG
[W : PPU[1] Thread (CPUThread)[0x0040e040]]: cellGame warning: cellGameBootCheck(type_addr=0x45b994, attributes_addr=0x45b998, size_addr=0x45b970, dirName_addr=0xd0010878)
[W : PPU[1] Thread (CPUThread)[0x0040e004]]: cellGame warning: cellGameGetParamString(id=100, buf_addr=0x45b9a8, bufsize=128)
[W : PPU[1] Thread (CPUThread)[0x0040e01c]]: cellGame warning: cellGameContentPermit(contentInfoPath_addr=0xd0010998, usrdirPath_addr=0xd0010898)
[W : PPU[1] Thread (CPUThread)[0x0055501c]]: cellGcmSys warning: cellGcmInit(context_addr=0x53b7e4,cmdSize=0x3ff000,ioSize=0x400000,ioAddress=0x30a00000)
[W : PPU[1] Thread (CPUThread)[0x0055501c]]: cellGcmSys warning: *** local memory(addr=0xc0000000, size=0xf900000)
[W : PPU[1] Thread (CPUThread)[0x0055501c]]: cellGcmSys warning: cellGcmMapEaIoAddress(ea=0x30a00000, io=0x0, size=0x400000)
[! : RSXThread]: RSX thread exit...
[! : RSXThread]: RSX thread entry
[W : PPU[1] Thread (CPUThread)[0x002c9600]]: memory warning: sys_mmapper_allocate_address(size=0x20000000, flags=0x40f, alignment=0x10000000, alloc_addr=0xd0010200)
[W : PPU[1] Thread (CPUThread)[0x002c960c]]: memory warning: sys_memory_get_user_memory_size(mem_info_addr=0xd0010208)
[W : PPU[1] Thread (CPUThread)[0x002c9654]]: memory warning: sys_mmapper_allocate_address(size=0x10000000, flags=0x20f, alignment=0x10000000, alloc_addr=0xd0010200)
[W : PPU[1] Thread (CPUThread)[0x0056b13c]]: memory warning: sys_mmapper_allocate_memory(size=0x100000, flags=0x400, mem_id_addr=0xd0010200)
[W : PPU[1] Thread (CPUThread)[0x0056b16c]]: memory warning: sys_mmapper_map_memory(start_addr=0x0, mem_id=0x10, flags=0x40000)
[E : PPU[1] Thread (CPUThread)[0x0056b16c]]: memory error: sys_mmapper_map_memory failed!
[W : PPU[1] Thread (CPUThread)[0x00555094]]: cellGcmSys warning: cellGcmMapMainMemory(ea=0x0,size=0x100000,offset_addr=0xd0010204)
[W : PPU[1] Thread (CPUThread)[0x0055501c]]: cellGcmSys warning: cellGcmInit(context_addr=0x53b7e4,cmdSize=0x3ff000,ioSize=0x400000,ioAddress=0x30f00000)
[W : PPU[1] Thread (CPUThread)[0x0055501c]]: cellGcmSys warning: *** local memory(addr=0xc0000000, size=0xf900000)
[W : PPU[1] Thread (CPUThread)[0x0055501c]]: cellGcmSys warning: cellGcmMapEaIoAddress(ea=0x30f00000, io=0x0, size=0x400000)
[! : RSXThread]: RSX thread exit...
[! : RSXThread]: RSX thread entry
[W : PPU[1] Thread (CPUThread)[0x002c9600]]: memory warning: sys_mmapper_allocate_address(size=0x20000000, flags=0x40f, alignment=0x10000000, alloc_addr=0xd0010200)
[W : PPU[1] Thread (CPUThread)[0x002c960c]]: memory warning: sys_memory_get_user_memory_size(mem_info_addr=0xd0010208)
[W : PPU[1] Thread (CPUThread)[0x002c9654]]: memory warning: sys_mmapper_allocate_address(size=0x10000000, flags=0x20f, alignment=0x10000000, alloc_addr=0xd0010200)
[W : PPU[1] Thread (CPUThread)[0x0040c010]]: cellSysmodule warning: cellSysmoduleLoadModule(CELL_SYSMODULE_FS)
[W : PPU[1] Thread (CPUThread)[0x0055501c]]: cellGcmSys warning: cellGcmInit(context_addr=0x53b7e4,cmdSize=0x3ff000,ioSize=0x400000,ioAddress=0x31300000)
[W : PPU[1] Thread (CPUThread)[0x0055501c]]: cellGcmSys warning: *** local memory(addr=0xc0000000, size=0xf900000)
[W : PPU[1] Thread (CPUThread)[0x0055501c]]: cellGcmSys warning: cellGcmMapEaIoAddress(ea=0x31300000, io=0x0, size=0x400000)
[! : RSXThread]: RSX thread exit...
[! : RSXThread]: RSX thread entry
[W : PPU[1] Thread (CPUThread)[0x002c9600]]: memory warning: sys_mmapper_allocate_address(size=0x20000000, flags=0x40f, alignment=0x10000000, alloc_addr=0xd0010440)
[W : PPU[1] Thread (CPUThread)[0x002c960c]]: memory warning: sys_memory_get_user_memory_size(mem_info_addr=0xd0010448)
[W : PPU[1] Thread (CPUThread)[0x002c9654]]: memory warning: sys_mmapper_allocate_address(size=0x10000000, flags=0x20f, alignment=0x10000000, alloc_addr=0xd0010440)
[W : PPU[1] Thread (CPUThread)[0x0056b13c]]: memory warning: sys_mmapper_allocate_memory(size=0x100000, flags=0x400, mem_id_addr=0xd0010440)
[W : PPU[1] Thread (CPUThread)[0x0056b16c]]: memory warning: sys_mmapper_map_memory(start_addr=0x0, mem_id=0x11, flags=0x40000)
[E : PPU[1] Thread (CPUThread)[0x0056b16c]]: memory error: sys_mmapper_map_memory failed!
[W : PPU[1] Thread (CPUThread)[0x00555094]]: cellGcmSys warning: cellGcmMapMainMemory(ea=0x0,size=0x100000,offset_addr=0xd0010444)
[W : PPU[1] Thread (CPUThread)[0x0055501c]]: cellGcmSys warning: cellGcmInit(context_addr=0x53b7e4,cmdSize=0x3ff000,ioSize=0x400000,ioAddress=0x31800000)
[W : PPU[1] Thread (CPUThread)[0x0055501c]]: cellGcmSys warning: *** local memory(addr=0xc0000000, size=0xf900000)
[W : PPU[1] Thread (CPUThread)[0x0055501c]]: cellGcmSys warning: cellGcmMapEaIoAddress(ea=0x31800000, io=0x0, size=0x400000)
[! : RSXThread]: RSX thread exit...
[! : RSXThread]: RSX thread entry
[W : PPU[1] Thread (CPUThread)[0x002c9600]]: memory warning: sys_mmapper_allocate_address(size=0x20000000, flags=0x40f, alignment=0x10000000, alloc_addr=0xd0010440)
[W : PPU[1] Thread (CPUThread)[0x002c960c]]: memory warning: sys_memory_get_user_memory_size(mem_info_addr=0xd0010448)
[W : PPU[1] Thread (CPUThread)[0x002c9654]]: memory warning: sys_mmapper_allocate_address(size=0x10000000, flags=0x20f, alignment=0x10000000, alloc_addr=0xd0010440)
[W : PPU[1] Thread (CPUThread)[0x0055501c]]: cellGcmSys warning: cellGcmInit(context_addr=0x53b7e4,cmdSize=0x3ff000,ioSize=0x400000,ioAddress=0x31c00000)
[W : PPU[1] Thread (CPUThread)[0x0055501c]]: cellGcmSys warning: *** local memory(addr=0xc0000000, size=0xf900000)
[W : PPU[1] Thread (CPUThread)[0x0055501c]]: cellGcmSys warning: cellGcmMapEaIoAddress(ea=0x31c00000, io=0x0, size=0x400000)
[! : RSXThread]: RSX thread exit...
[! : RSXThread]: RSX thread entry
[W : PPU[1] Thread (CPUThread)[0x002c9600]]: memory warning: sys_mmapper_allocate_address(size=0x20000000, flags=0x40f, alignment=0x10000000, alloc_addr=0xd0010270)
[W : PPU[1] Thread (CPUThread)[0x002c960c]]: memory warning: sys_memory_get_user_memory_size(mem_info_addr=0xd0010278)
[W : PPU[1] Thread (CPUThread)[0x002c9654]]: memory warning: sys_mmapper_allocate_address(size=0x10000000, flags=0x20f, alignment=0x10000000, alloc_addr=0xd0010270)
[W : PPU[1] Thread (CPUThread)[0x0056b13c]]: memory warning: sys_mmapper_allocate_memory(size=0x100000, flags=0x400, mem_id_addr=0xd0010270)
[W : PPU[1] Thread (CPUThread)[0x0056b16c]]: memory warning: sys_mmapper_map_memory(start_addr=0x0, mem_id=0x12, flags=0x40000)
[E : PPU[1] Thread (CPUThread)[0x0056b16c]]: memory error: sys_mmapper_map_memory failed!
[W : PPU[1] Thread (CPUThread)[0x00555094]]: cellGcmSys warning: cellGcmMapMainMemory(ea=0x0,size=0x100000,offset_addr=0xd0010274)
[W : PPU[1] Thread (CPUThread)[0x0055501c]]: cellGcmSys warning: cellGcmInit(context_addr=0x53b7e4,cmdSize=0x3ff000,ioSize=0x400000,ioAddress=0x32100000)
[W : PPU[1] Thread (CPUThread)[0x0055501c]]: cellGcmSys warning: *** local memory(addr=0xc0000000, size=0xf900000)
[W : PPU[1] Thread (CPUThread)[0x0055501c]]: cellGcmSys warning: cellGcmMapEaIoAddress(ea=0x32100000, io=0x0, size=0x400000)
[! : RSXThread]: RSX thread exit...
[! : RSXThread]: RSX thread entry
[W : PPU[1] Thread (CPUThread)[0x002c9600]]: memory warning: sys_mmapper_allocate_address(size=0x20000000, flags=0x40f, alignment=0x10000000, alloc_addr=0xd0010270)
[W : PPU[1] Thread (CPUThread)[0x002c960c]]: memory warning: sys_memory_get_user_memory_size(mem_info_addr=0xd0010278)
[W : PPU[1] Thread (CPUThread)[0x002c9654]]: memory warning: sys_mmapper_allocate_address(size=0x10000000, flags=0x20f, alignment=0x10000000, alloc_addr=0xd0010270)
[W : PPU[1] Thread (CPUThread)[0x0055501c]]: cellGcmSys warning: cellGcmInit(context_addr=0x53b7e4,cmdSize=0x3ff000,ioSize=0x400000,ioAddress=0x32500000)
[W : PPU[1] Thread (CPUThread)[0x0055501c]]: cellGcmSys warning: *** local memory(addr=0xc0000000, size=0xf900000)
[W : PPU[1] Thread (CPUThread)[0x0055501c]]: cellGcmSys warning: cellGcmMapEaIoAddress(ea=0x32500000, io=0x0, size=0x400000)
[! : RSXThread]: RSX thread exit...
[! : RSXThread]: RSX thread entry
[W : PPU[1] Thread (CPUThread)[0x002c9600]]: memory warning: sys_mmapper_allocate_address(size=0x20000000, flags=0x40f, alignment=0x10000000, alloc_addr=0xd0010270)
[W : PPU[1] Thread (CPUThread)[0x002c960c]]: memory warning: sys_memory_get_user_memory_size(mem_info_addr=0xd0010278)
[W : PPU[1] Thread (CPUThread)[0x002c9654]]: memory warning: sys_mmapper_allocate_address(size=0x10000000, flags=0x20f, alignment=0x10000000, alloc_addr=0xd0010270)
[W : PPU[1] Thread (CPUThread)[0x0056b13c]]: memory warning: sys_mmapper_allocate_memory(size=0x100000, flags=0x400, mem_id_addr=0xd0010270)
[W : PPU[1] Thread (CPUThread)[0x0056b16c]]: memory warning: sys_mmapper_map_memory(start_addr=0x0, mem_id=0x13, flags=0x40000)
[E : PPU[1] Thread (CPUThread)[0x0056b16c]]: memory error: sys_mmapper_map_memory failed!
[W : PPU[1] Thread (CPUThread)[0x00555094]]: cellGcmSys warning: cellGcmMapMainMemory(ea=0x0,size=0x100000,offset_addr=0xd0010274)
[W : PPU[1] Thread (CPUThread)[0x0055501c]]: cellGcmSys warning: cellGcmInit(context_addr=0x53b7e4,cmdSize=0x3ff000,ioSize=0x400000,ioAddress=0x32a00000)
[W : PPU[1] Thread (CPUThread)[0x0055501c]]: cellGcmSys warning: *** local memory(addr=0xc0000000, size=0xf900000)
[W : PPU[1] Thread (CPUThread)[0x0055501c]]: cellGcmSys warning: cellGcmMapEaIoAddress(ea=0x32a00000, io=0x0, size=0x400000)
[! : RSXThread]: RSX thread exit...
[! : RSXThread]: RSX thread entry
[W : PPU[1] Thread (CPUThread)[0x002c9600]]: memory warning: sys_mmapper_allocate_address(size=0x20000000, flags=0x40f, alignment=0x10000000, alloc_addr=0xd0010270)
[W : PPU[1] Thread (CPUThread)[0x002c960c]]: memory warning: sys_memory_get_user_memory_size(mem_info_addr=0xd0010278)
[W : PPU[1] Thread (CPUThread)[0x002c9654]]: memory warning: sys_mmapper_allocate_address(size=0x10000000, flags=0x20f, alignment=0x10000000, alloc_addr=0xd0010270)
[W : PPU[1] Thread (CPUThread)[0x0055501c]]: cellGcmSys warning: cellGcmInit(context_addr=0x53b7e4,cmdSize=0x3ff000,ioSize=0x400000,ioAddress=0x32e00000)
[W : PPU[1] Thread (CPUThread)[0x0055501c]]: cellGcmSys warning: *** local memory(addr=0xc0000000, size=0xf900000)
[W : PPU[1] Thread (CPUThread)[0x0055501c]]: cellGcmSys warning: cellGcmMapEaIoAddress(ea=0x32e00000, io=0x0, size=0x400000)
[! : RSXThread]: RSX thread exit...
[! : RSXThread]: RSX thread entry
[W : PPU[1] Thread (CPUThread)[0x002c9600]]: memory warning: sys_mmapper_allocate_address(size=0x20000000, flags=0x40f, alignment=0x10000000, alloc_addr=0xd0010270)
[W : PPU[1] Thread (CPUThread)[0x002c960c]]: memory warning: sys_memory_get_user_memory_size(mem_info_addr=0xd0010278)
[W : PPU[1] Thread (CPUThread)[0x002c9654]]: memory warning: sys_mmapper_allocate_address(size=0x10000000, flags=0x20f, alignment=0x10000000, alloc_addr=0xd0010270)
[W : PPU[1] Thread (CPUThread)[0x0056b13c]]: memory warning: sys_mmapper_allocate_memory(size=0x100000, flags=0x400, mem_id_addr=0xd0010270)
[W : PPU[1] Thread (CPUThread)[0x0056b16c]]: memory warning: sys_mmapper_map_memory(start_addr=0x0, mem_id=0x14, flags=0x40000)
[E : PPU[1] Thread (CPUThread)[0x0056b16c]]: memory error: sys_mmapper_map_memory failed!
[W : PPU[1] Thread (CPUThread)[0x00555094]]: cellGcmSys warning: cellGcmMapMainMemory(ea=0x0,size=0x100000,offset_addr=0xd0010274)
[W : PPU[1] Thread (CPUThread)[0x0055501c]]: cellGcmSys warning: cellGcmInit(context_addr=0x53b7e4,cmdSize=0x3ff000,ioSize=0x400000,ioAddress=0x33300000)
[W : PPU[1] Thread (CPUThread)[0x0055501c]]: cellGcmSys warning: *** local memory(addr=0xc0000000, size=0xf900000)
[W : PPU[1] Thread (CPUThread)[0x0055501c]]: cellGcmSys warning: cellGcmMapEaIoAddress(ea=0x33300000, io=0x0, size=0x400000)
[! : RSXThread]: RSX thread exit...
[! : RSXThread]: RSX thread entry
[W : PPU[1] Thread (CPUThread)[0x002c9600]]: memory warning: sys_mmapper_allocate_address(size=0x20000000, flags=0x40f, alignment=0x10000000, alloc_addr=0xd0010270)
[W : PPU[1] Thread (CPUThread)[0x002c960c]]: memory warning: sys_memory_get_user_memory_size(mem_info_addr=0xd0010278)
[W : PPU[1] Thread (CPUThread)[0x002c9654]]: memory warning: sys_mmapper_allocate_address(size=0x10000000, flags=0x20f, alignment=0x10000000, alloc_addr=0xd0010270)
[W : PPU[1] Thread (CPUThread)[0x0055501c]]: cellGcmSys warning: cellGcmInit(context_addr=0x53b7e4,cmdSize=0x3ff000,ioSize=0x400000,ioAddress=0x33700000)
[W : PPU[1] Thread (CPUThread)[0x0055501c]]: cellGcmSys warning: *** local memory(addr=0xc0000000, size=0xf900000)
[W : PPU[1] Thread (CPUThread)[0x0055501c]]: cellGcmSys warning: cellGcmMapEaIoAddress(ea=0x33700000, io=0x0, size=0x400000)
[! : RSXThread]: RSX thread exit...
[! : RSXThread]: RSX thread entry
[W : PPU[1] Thread (CPUThread)[0x002c9600]]: memory warning: sys_mmapper_allocate_address(size=0x20000000, flags=0x40f, alignment=0x10000000, alloc_addr=0xd0010270)
[W : PPU[1] Thread (CPUThread)[0x002c960c]]: memory warning: sys_memory_get_user_memory_size(mem_info_addr=0xd0010278)
[W : PPU[1] Thread (CPUThread)[0x002c9654]]: memory warning: sys_mmapper_allocate_address(size=0x10000000, flags=0x20f, alignment=0x10000000, alloc_addr=0xd0010270)
[W : PPU[1] Thread (CPUThread)[0x0056b13c]]: memory warning: sys_mmapper_allocate_memory(size=0x100000, flags=0x400, mem_id_addr=0xd0010270)
[W : PPU[1] Thread (CPUThread)[0x0056b16c]]: memory warning: sys_mmapper_map_memory(start_addr=0x0, mem_id=0x15, flags=0x40000)
[E : PPU[1] Thread (CPUThread)[0x0056b16c]]: memory error: sys_mmapper_map_memory failed!
[W : PPU[1] Thread (CPUThread)[0x00555094]]: cellGcmSys warning: cellGcmMapMainMemory(ea=0x0,size=0x100000,offset_addr=0xd0010274)
[W : PPU[1] Thread (CPUThread)[0x0055501c]]: cellGcmSys warning: cellGcmInit(context_addr=0x53b7e4,cmdSize=0x3ff000,ioSize=0x400000,ioAddress=0x33c00000)
[W : PPU[1] Thread (CPUThread)[0x0055501c]]: cellGcmSys warning: *** local memory(addr=0xc0000000, size=0xf900000)
[W : PPU[1] Thread (CPUThread)[0x0055501c]]: cellGcmSys warning: cellGcmMapEaIoAddress(ea=0x33c00000, io=0x0, size=0x400000)
[! : RSXThread]: RSX thread exit...
[! : RSXThread]: RSX thread entry
[W : PPU[1] Thread (CPUThread)[0x002c9600]]: memory warning: sys_mmapper_allocate_address(size=0x20000000, flags=0x40f, alignment=0x10000000, alloc_addr=0xd0010270)
[W : PPU[1] Thread (CPUThread)[0x002c960c]]: memory warning: sys_memory_get_user_memory_size(mem_info_addr=0xd0010278)
[W : PPU[1] Thread (CPUThread)[0x002c9654]]: memory warning: sys_mmapper_allocate_address(size=0x10000000, flags=0x20f, alignment=0x10000000, alloc_addr=0xd0010270)
[W : PPU[1] Thread (CPUThread)[0x0055501c]]: cellGcmSys warning: cellGcmInit(context_addr=0x53b7e4,cmdSize=0x3ff000,ioSize=0x400000,ioAddress=0x34000000)
[W : PPU[1] Thread (CPUThread)[0x0055501c]]: cellGcmSys warning: *** local memory(addr=0xc0000000, size=0xf900000)
[W : PPU[1] Thread (CPUThread)[0x0055501c]]: cellGcmSys warning: cellGcmMapEaIoAddress(ea=0x34000000, io=0x0, size=0x400000)
[! : RSXThread]: RSX thread exit...
[! : RSXThread]: RSX thread entry
[W : PPU[1] Thread (CPUThread)[0x002c9600]]: memory warning: sys_mmapper_allocate_address(size=0x20000000, flags=0x40f, alignment=0x10000000, alloc_addr=0xd0010270)
[W : PPU[1] Thread (CPUThread)[0x002c960c]]: memory warning: sys_memory_get_user_memory_size(mem_info_addr=0xd0010278)
[W : PPU[1] Thread (CPUThread)[0x002c9654]]: memory warning: sys_mmapper_allocate_address(size=0x10000000, flags=0x20f, alignment=0x10000000, alloc_addr=0xd0010270)
[W : PPU[1] Thread (CPUThread)[0x0056b13c]]: memory warning: sys_mmapper_allocate_memory(size=0x100000, flags=0x400, mem_id_addr=0xd0010270)
[W : PPU[1] Thread (CPUThread)[0x0056b16c]]: memory warning: sys_mmapper_map_memory(start_addr=0x0, mem_id=0x16, flags=0x40000)
[E : PPU[1] Thread (CPUThread)[0x0056b16c]]: memory error: sys_mmapper_map_memory failed!
[W : PPU[1] Thread (CPUThread)[0x00555094]]: cellGcmSys warning: cellGcmMapMainMemory(ea=0x0,size=0x100000,offset_addr=0xd0010274)
[W : PPU[1] Thread (CPUThread)[0x0055501c]]: cellGcmSys warning: cellGcmInit(context_addr=0x53b7e4,cmdSize=0x3ff000,ioSize=0x400000,ioAddress=0x34500000)
[W : PPU[1] Thread (CPUThread)[0x0055501c]]: cellGcmSys warning: *** local memory(addr=0xc0000000, size=0xf900000)
[W : PPU[1] Thread (CPUThread)[0x0055501c]]: cellGcmSys warning: cellGcmMapEaIoAddress(ea=0x34500000, io=0x0, size=0x400000)
[! : RSXThread]: RSX thread exit...
[! : RSXThread]: RSX thread entry
[W : PPU[1] Thread (CPUThread)[0x002c9600]]: memory warning: sys_mmapper_allocate_address(size=0x20000000, flags=0x40f, alignment=0x10000000, alloc_addr=0xd0010270)
[W : PPU[1] Thread (CPUThread)[0x002c960c]]: memory warning: sys_memory_get_user_memory_size(mem_info_addr=0xd0010278)
[W : PPU[1] Thread (CPUThread)[0x002c9654]]: memory warning: sys_mmapper_allocate_address(size=0x10000000, flags=0x20f, alignment=0x10000000, alloc_addr=0xd0010270)
[W : PPU[1] Thread (CPUThread)[0x0055501c]]: cellGcmSys warning: cellGcmInit(context_addr=0x53b7e4,cmdSize=0x3ff000,ioSize=0x400000,ioAddress=0x34900000)
[W : PPU[1] Thread (CPUThread)[0x0055501c]]: cellGcmSys warning: *** local memory(addr=0xc0000000, size=0xf900000)
[W : PPU[1] Thread (CPUThread)[0x0055501c]]: cellGcmSys warning: cellGcmMapEaIoAddress(ea=0x34900000, io=0x0, size=0x400000)
[! : RSXThread]: RSX thread exit...
[! : RSXThread]: RSX thread entry
[W : PPU[1] Thread (CPUThread)[0x002c9600]]: memory warning: sys_mmapper_allocate_address(size=0x20000000, flags=0x40f, alignment=0x10000000, alloc_addr=0xd0010270)
[W : PPU[1] Thread (CPUThread)[0x002c960c]]: memory warning: sys_memory_get_user_memory_size(mem_info_addr=0xd0010278)
[W : PPU[1] Thread (CPUThread)[0x002c9654]]: memory warning: sys_mmapper_allocate_address(size=0x10000000, flags=0x20f, alignment=0x10000000, alloc_addr=0xd0010270)
[W : PPU[1] Thread (CPUThread)[0x0056b13c]]: memory warning: sys_mmapper_allocate_memory(size=0x100000, flags=0x400, mem_id_addr=0xd0010270)
[W : PPU[1] Thread (CPUThread)[0x0056b16c]]: memory warning: sys_mmapper_map_memory(start_addr=0x0, mem_id=0x17, flags=0x40000)
[E : PPU[1] Thread (CPUThread)[0x0056b16c]]: memory error: sys_mmapper_map_memory failed!
[W : PPU[1] Thread (CPUThread)[0x00555094]]: cellGcmSys warning: cellGcmMapMainMemory(ea=0x0,size=0x100000,offset_addr=0xd0010274)
[W : PPU[1] Thread (CPUThread)[0x0055501c]]: cellGcmSys warning: cellGcmInit(context_addr=0x53b7e4,cmdSize=0x3ff000,ioSize=0x400000,ioAddress=0x34e00000)
[W : PPU[1] Thread (CPUThread)[0x0055501c]]: cellGcmSys warning: *** local memory(addr=0xc0000000, size=0xf900000)
[W : PPU[1] Thread (CPUThread)[0x0055501c]]: cellGcmSys warning: cellGcmMapEaIoAddress(ea=0x34e00000, io=0x0, size=0x400000)
[! : RSXThread]: RSX thread exit...
[! : RSXThread]: RSX thread entry
[W : PPU[1] Thread (CPUThread)[0x002c9600]]: memory warning: sys_mmapper_allocate_address(size=0x20000000, flags=0x40f, alignment=0x10000000, alloc_addr=0xd0010270)
[W : PPU[1] Thread (CPUThread)[0x002c960c]]: memory warning: sys_memory_get_user_memory_size(mem_info_addr=0xd0010278)
[W : PPU[1] Thread (CPUThread)[0x002c9654]]: memory warning: sys_mmapper_allocate_address(size=0x10000000, flags=0x20f, alignment=0x10000000, alloc_addr=0xd0010270)
[W : PPU[1] Thread (CPUThread)[0x0055501c]]: cellGcmSys warning: cellGcmInit(context_addr=0x53b7e4,cmdSize=0x3ff000,ioSize=0x400000,ioAddress=0x35200000)
[W : PPU[1] Thread (CPUThread)[0x0055501c]]: cellGcmSys warning: *** local memory(addr=0xc0000000, size=0xf900000)
[W : PPU[1] Thread (CPUThread)[0x0055501c]]: cellGcmSys warning: cellGcmMapEaIoAddress(ea=0x35200000, io=0x0, size=0x400000)
[! : RSXThread]: RSX thread exit...
[! : RSXThread]: RSX thread entry
[W : PPU[1] Thread (CPUThread)[0x002c9600]]: memory warning: sys_mmapper_allocate_address(size=0x20000000, flags=0x40f, alignment=0x10000000, alloc_addr=0xd0010270)
[W : PPU[1] Thread (CPUThread)[0x002c960c]]: memory warning: sys_memory_get_user_memory_size(mem_info_addr=0xd0010278)
[W : PPU[1] Thread (CPUThread)[0x002c9654]]: memory warning: sys_mmapper_allocate_address(size=0x10000000, flags=0x20f, alignment=0x10000000, alloc_addr=0xd0010270)
[W : PPU[1] Thread (CPUThread)[0x0056b13c]]: memory warning: sys_mmapper_allocate_memory(size=0x100000, flags=0x400, mem_id_addr=0xd0010270)
[W : PPU[1] Thread (CPUThread)[0x0056b16c]]: memory warning: sys_mmapper_map_memory(start_addr=0x0, mem_id=0x18, flags=0x40000)
[E : PPU[1] Thread (CPUThread)[0x0056b16c]]: memory error: sys_mmapper_map_memory failed!
[W : PPU[1] Thread (CPUThread)[0x00555094]]: cellGcmSys warning: cellGcmMapMainMemory(ea=0x0,size=0x100000,offset_addr=0xd0010274)
[W : PPU[1] Thread (CPUThread)[0x0055501c]]: cellGcmSys warning: cellGcmInit(context_addr=0x53b7e4,cmdSize=0x3ff000,ioSize=0x400000,ioAddress=0x35700000)
[W : PPU[1] Thread (CPUThread)[0x0055501c]]: cellGcmSys warning: *** local memory(addr=0xc0000000, size=0xf900000)
[W : PPU[1] Thread (CPUThread)[0x0055501c]]: cellGcmSys warning: cellGcmMapEaIoAddress(ea=0x35700000, io=0x0, size=0x400000)
[! : RSXThread]: RSX thread exit...
[! : RSXThread]: RSX thread entry
[W : PPU[1] Thread (CPUThread)[0x002c9600]]: memory warning: sys_mmapper_allocate_address(size=0x20000000, flags=0x40f, alignment=0x10000000, alloc_addr=0xd0010270)
[W : PPU[1] Thread (CPUThread)[0x002c960c]]: memory warning: sys_memory_get_user_memory_size(mem_info_addr=0xd0010278)
[W : PPU[1] Thread (CPUThread)[0x002c9654]]: memory warning: sys_mmapper_allocate_address(size=0x10000000, flags=0x20f, alignment=0x10000000, alloc_addr=0xd0010270)
[W : PPU[1] Thread (CPUThread)[0x0055501c]]: cellGcmSys warning: cellGcmInit(context_addr=0x53b7e4,cmdSize=0x3ff000,ioSize=0x400000,ioAddress=0x35b00000)
[W : PPU[1] Thread (CPUThread)[0x0055501c]]: cellGcmSys warning: *** local memory(addr=0xc0000000, size=0xf900000)
[W : PPU[1] Thread (CPUThread)[0x0055501c]]: cellGcmSys warning: cellGcmMapEaIoAddress(ea=0x35b00000, io=0x0, size=0x400000)
[! : RSXThread]: RSX thread exit...
[! : RSXThread]: RSX thread entry
[W : PPU[1] Thread (CPUThread)[0x002c9600]]: memory warning: sys_mmapper_allocate_address(size=0x20000000, flags=0x40f, alignment=0x10000000, alloc_addr=0xd0010270)
[W : PPU[1] Thread (CPUThread)[0x002c960c]]: memory warning: sys_memory_get_user_memory_size(mem_info_addr=0xd0010278)
[W : PPU[1] Thread (CPUThread)[0x002c9654]]: memory warning: sys_mmapper_allocate_address(size=0x10000000, flags=0x20f, alignment=0x10000000, alloc_addr=0xd0010270)
[W : PPU[1] Thread (CPUThread)[0x0056b13c]]: memory warning: sys_mmapper_allocate_memory(size=0x100000, flags=0x400, mem_id_addr=0xd0010270)
[W : PPU[1] Thread (CPUThread)[0x0056b16c]]: memory warning: sys_mmapper_map_memory(start_addr=0x0, mem_id=0x19, flags=0x40000)
[E : PPU[1] Thread (CPUThread)[0x0056b16c]]: memory error: sys_mmapper_map_memory failed!
[W : PPU[1] Thread (CPUThread)[0x00555094]]: cellGcmSys warning: cellGcmMapMainMemory(ea=0x0,size=0x100000,offset_addr=0xd0010274)
[W : PPU[1] Thread (CPUThread)[0x0055501c]]: cellGcmSys warning: cellGcmInit(context_addr=0x53b7e4,cmdSize=0x3ff000,ioSize=0x400000,ioAddress=0x36000000)
[W : PPU[1] Thread (CPUThread)[0x0055501c]]: cellGcmSys warning: *** local memory(addr=0xc0000000, size=0xf900000)
[W : PPU[1] Thread (CPUThread)[0x0055501c]]: cellGcmSys warning: cellGcmMapEaIoAddress(ea=0x36000000, io=0x0, size=0x400000)
[! : RSXThread]: RSX thread exit...
[! : RSXThread]: RSX thread entry
[W : PPU[1] Thread (CPUThread)[0x002c9600]]: memory warning: sys_mmapper_allocate_address(size=0x20000000, flags=0x40f, alignment=0x10000000, alloc_addr=0xd0010270)
[W : PPU[1] Thread (CPUThread)[0x002c960c]]: memory warning: sys_memory_get_user_memory_size(mem_info_addr=0xd0010278)
[W : PPU[1] Thread (CPUThread)[0x002c9654]]: memory warning: sys_mmapper_allocate_address(size=0x10000000, flags=0x20f, alignment=0x10000000, alloc_addr=0xd0010270)
[W : PPU[1] Thread (CPUThread)[0x0055501c]]: cellGcmSys warning: cellGcmInit(context_addr=0x53b7e4,cmdSize=0x3ff000,ioSize=0x400000,ioAddress=0x36400000)
[W : PPU[1] Thread (CPUThread)[0x0055501c]]: cellGcmSys warning: *** local memory(addr=0xc0000000, size=0xf900000)
[W : PPU[1] Thread (CPUThread)[0x0055501c]]: cellGcmSys warning: cellGcmMapEaIoAddress(ea=0x36400000, io=0x0, size=0x400000)
[! : RSXThread]: RSX thread exit...
[! : RSXThread]: RSX thread entry
[W : PPU[1] Thread (CPUThread)[0x002c9600]]: memory warning: sys_mmapper_allocate_address(size=0x20000000, flags=0x40f, alignment=0x10000000, alloc_addr=0xd0010270)
[W : PPU[1] Thread (CPUThread)[0x002c960c]]: memory warning: sys_memory_get_user_memory_size(mem_info_addr=0xd0010278)
[W : PPU[1] Thread (CPUThread)[0x002c9654]]: memory warning: sys_mmapper_allocate_address(size=0x10000000, flags=0x20f, alignment=0x10000000, alloc_addr=0xd0010270)
[W : PPU[1] Thread (CPUThread)[0x0056b13c]]: memory warning: sys_mmapper_allocate_memory(size=0x100000, flags=0x400, mem_id_addr=0xd0010270)
[W : PPU[1] Thread (CPUThread)[0x0056b16c]]: memory warning: sys_mmapper_map_memory(start_addr=0x0, mem_id=0x1a, flags=0x40000)
[E : PPU[1] Thread (CPUThread)[0x0056b16c]]: memory error: sys_mmapper_map_memory failed!
[W : PPU[1] Thread (CPUThread)[0x00555094]]: cellGcmSys warning: cellGcmMapMainMemory(ea=0x0,size=0x100000,offset_addr=0xd0010274)
[W : PPU[1] Thread (CPUThread)[0x0055501c]]: cellGcmSys warning: cellGcmInit(context_addr=0x53b7e4,cmdSize=0x3ff000,ioSize=0x400000,ioAddress=0x36900000)
[W : PPU[1] Thread (CPUThread)[0x0055501c]]: cellGcmSys warning: *** local memory(addr=0xc0000000, size=0xf900000)
[W : PPU[1] Thread (CPUThread)[0x0055501c]]: cellGcmSys warning: cellGcmMapEaIoAddress(ea=0x36900000, io=0x0, size=0x400000)
[! : RSXThread]: RSX thread exit...
[! : RSXThread]: RSX thread entry
[W : PPU[1] Thread (CPUThread)[0x002c9600]]: memory warning: sys_mmapper_allocate_address(size=0x20000000, flags=0x40f, alignment=0x10000000, alloc_addr=0xd0010270)
[W : PPU[1] Thread (CPUThread)[0x002c960c]]: memory warning: sys_memory_get_user_memory_size(mem_info_addr=0xd0010278)
[W : PPU[1] Thread (CPUThread)[0x002c9654]]: memory warning: sys_mmapper_allocate_address(size=0x10000000, flags=0x20f, alignment=0x10000000, alloc_addr=0xd0010270)
[W : PPU[1] Thread (CPUThread)[0x0055501c]]: cellGcmSys warning: cellGcmInit(context_addr=0x53b7e4,cmdSize=0x3ff000,ioSize=0x400000,ioAddress=0x36d00000)
[W : PPU[1] Thread (CPUThread)[0x0055501c]]: cellGcmSys warning: *** local memory(addr=0xc0000000, size=0xf900000)
[W : PPU[1] Thread (CPUThread)[0x0055501c]]: cellGcmSys warning: cellGcmMapEaIoAddress(ea=0x36d00000, io=0x0, size=0x400000)
[! : RSXThread]: RSX thread exit...
[! : RSXThread]: RSX thread entry
[W : PPU[1] Thread (CPUThread)[0x002c9600]]: memory warning: sys_mmapper_allocate_address(size=0x20000000, flags=0x40f, alignment=0x10000000, alloc_addr=0xd0010270)
[W : PPU[1] Thread (CPUThread)[0x002c960c]]: memory warning: sys_memory_get_user_memory_size(mem_info_addr=0xd0010278)
[W : PPU[1] Thread (CPUThread)[0x002c9654]]: memory warning: sys_mmapper_allocate_address(size=0x10000000, flags=0x20f, alignment=0x10000000, alloc_addr=0xd0010270)
[W : PPU[1] Thread (CPUThread)[0x0056b13c]]: memory warning: sys_mmapper_allocate_memory(size=0x100000, flags=0x400, mem_id_addr=0xd0010270)
[W : PPU[1] Thread (CPUThread)[0x0056b16c]]: memory warning: sys_mmapper_map_memory(start_addr=0x0, mem_id=0x1b, flags=0x40000)
[E : PPU[1] Thread (CPUThread)[0x0056b16c]]: memory error: sys_mmapper_map_memory failed!
[W : PPU[1] Thread (CPUThread)[0x00555094]]: cellGcmSys warning: cellGcmMapMainMemory(ea=0x0,size=0x100000,offset_addr=0xd0010274)
[W : PPU[1] Thread (CPUThread)[0x0055501c]]: cellGcmSys warning: cellGcmInit(context_addr=0x53b7e4,cmdSize=0x3ff000,ioSize=0x400000,ioAddress=0x37200000)
[W : PPU[1] Thread (CPUThread)[0x0055501c]]: cellGcmSys warning: *** local memory(addr=0xc0000000, size=0xf900000)
[W : PPU[1] Thread (CPUThread)[0x0055501c]]: cellGcmSys warning: cellGcmMapEaIoAddress(ea=0x37200000, io=0x0, size=0x400000)
[! : RSXThread]: RSX thread exit...
[! : RSXThread]: RSX thread entry
[W : PPU[1] Thread (CPUThread)[0x002c9600]]: memory warning: sys_mmapper_allocate_address(size=0x20000000, flags=0x40f, alignment=0x10000000, alloc_addr=0xd0010270)
[W : PPU[1] Thread (CPUThread)[0x002c960c]]: memory warning: sys_memory_get_user_memory_size(mem_info_addr=0xd0010278)
[W : PPU[1] Thread (CPUThread)[0x002c9654]]: memory warning: sys_mmapper_allocate_address(size=0x10000000, flags=0x20f, alignment=0x10000000, alloc_addr=0xd0010270)
[W : PPU[1] Thread (CPUThread)[0x0055501c]]: cellGcmSys warning: cellGcmInit(context_addr=0x53b7e4,cmdSize=0x3ff000,ioSize=0x400000,ioAddress=0x37600000)
[W : PPU[1] Thread (CPUThread)[0x0055501c]]: cellGcmSys warning: *** local memory(addr=0xc0000000, size=0xf900000)
[W : PPU[1] Thread (CPUThread)[0x0055501c]]: cellGcmSys warning: cellGcmMapEaIoAddress(ea=0x37600000, io=0x0, size=0x400000)
[! : RSXThread]: RSX thread exit...
[! : RSXThread]: RSX thread entry
[W : PPU[1] Thread (CPUThread)[0x002c9600]]: memory warning: sys_mmapper_allocate_address(size=0x20000000, flags=0x40f, alignment=0x10000000, alloc_addr=0xd0010270)
[W : PPU[1] Thread (CPUThread)[0x002c960c]]: memory warning: sys_memory_get_user_memory_size(mem_info_addr=0xd0010278)
[W : PPU[1] Thread (CPUThread)[0x002c9654]]: memory warning: sys_mmapper_allocate_address(size=0x10000000, flags=0x20f, alignment=0x10000000, alloc_addr=0xd0010270)
[W : PPU[1] Thread (CPUThread)[0x0056b13c]]: memory warning: sys_mmapper_allocate_memory(size=0x100000, flags=0x400, mem_id_addr=0xd0010270)
[W : PPU[1] Thread (CPUThread)[0x0056b16c]]: memory warning: sys_mmapper_map_memory(start_addr=0x0, mem_id=0x1c, flags=0x40000)
[E : PPU[1] Thread (CPUThread)[0x0056b16c]]: memory error: sys_mmapper_map_memory failed!
[W : PPU[1] Thread (CPUThread)[0x00555094]]: cellGcmSys warning: cellGcmMapMainMemory(ea=0x0,size=0x100000,offset_addr=0xd0010274)
[W : PPU[1] Thread (CPUThread)[0x0055501c]]: cellGcmSys warning: cellGcmInit(context_addr=0x53b7e4,cmdSize=0x3ff000,ioSize=0x400000,ioAddress=0x37b00000)
[W : PPU[1] Thread (CPUThread)[0x0055501c]]: cellGcmSys warning: *** local memory(addr=0xc0000000, size=0xf900000)
[W : PPU[1] Thread (CPUThread)[0x0055501c]]: cellGcmSys warning: cellGcmMapEaIoAddress(ea=0x37b00000, io=0x0, size=0x400000)
[! : RSXThread]: RSX thread exit...
[! : RSXThread]: RSX thread entry
[W : PPU[1] Thread (CPUThread)[0x002c9600]]: memory warning: sys_mmapper_allocate_address(size=0x20000000, flags=0x40f, alignment=0x10000000, alloc_addr=0xd0010270)
[W : PPU[1] Thread (CPUThread)[0x002c960c]]: memory warning: sys_memory_get_user_memory_size(mem_info_addr=0xd0010278)
[W : PPU[1] Thread (CPUThread)[0x002c9654]]: memory warning: sys_mmapper_allocate_address(size=0x10000000, flags=0x20f, alignment=0x10000000, alloc_addr=0xd0010270)
[W : PPU[1] Thread (CPUThread)[0x0055501c]]: cellGcmSys warning: cellGcmInit(context_addr=0x53b7e4,cmdSize=0x3ff000,ioSize=0x400000,ioAddress=0x37f00000)
[W : PPU[1] Thread (CPUThread)[0x0055501c]]: cellGcmSys warning: *** local memory(addr=0xc0000000, size=0xf900000)
[W : PPU[1] Thread (CPUThread)[0x0055501c]]: cellGcmSys warning: cellGcmMapEaIoAddress(ea=0x37f00000, io=0x0, size=0x400000)
[! : RSXThread]: RSX thread exit...
[! : RSXThread]: RSX thread entry
[W : PPU[1] Thread (CPUThread)[0x002c9600]]: memory warning: sys_mmapper_allocate_address(size=0x20000000, flags=0x40f, alignment=0x10000000, alloc_addr=0xd0010270)
[W : PPU[1] Thread (CPUThread)[0x002c960c]]: memory warning: sys_memory_get_user_memory_size(mem_info_addr=0xd0010278)
[W : PPU[1] Thread (CPUThread)[0x002c9654]]: memory warning: sys_mmapper_allocate_address(size=0x10000000, flags=0x20f, alignment=0x10000000, alloc_addr=0xd0010270)
[W : PPU[1] Thread (CPUThread)[0x0056b13c]]: memory warning: sys_mmapper_allocate_memory(size=0x100000, flags=0x400, mem_id_addr=0xd0010270)
[W : PPU[1] Thread (CPUThread)[0x0056b16c]]: memory warning: sys_mmapper_map_memory(start_addr=0x0, mem_id=0x1d, flags=0x40000)
[E : PPU[1] Thread (CPUThread)[0x0056b16c]]: memory error: sys_mmapper_map_memory failed!
[W : PPU[1] Thread (CPUThread)[0x00555094]]: cellGcmSys warning: cellGcmMapMainMemory(ea=0x0,size=0x100000,offset_addr=0xd0010274)
[W : PPU[1] Thread (CPUThread)[0x0055501c]]: cellGcmSys warning: cellGcmInit(context_addr=0x53b7e4,cmdSize=0x3ff000,ioSize=0x400000,ioAddress=0x38400000)
[W : PPU[1] Thread (CPUThread)[0x0055501c]]: cellGcmSys warning: *** local memory(addr=0xc0000000, size=0xf900000)
[W : PPU[1] Thread (CPUThread)[0x0055501c]]: cellGcmSys warning: cellGcmMapEaIoAddress(ea=0x38400000, io=0x0, size=0x400000)
[! : RSXThread]: RSX thread exit...
[! : RSXThread]: RSX thread entry
[W : PPU[1] Thread (CPUThread)[0x002c9600]]: memory warning: sys_mmapper_allocate_address(size=0x20000000, flags=0x40f, alignment=0x10000000, alloc_addr=0xd0010270)
[W : PPU[1] Thread (CPUThread)[0x002c960c]]: memory warning: sys_memory_get_user_memory_size(mem_info_addr=0xd0010278)
[W : PPU[1] Thread (CPUThread)[0x002c9654]]: memory warning: sys_mmapper_allocate_address(size=0x10000000, flags=0x20f, alignment=0x10000000, alloc_addr=0xd0010270)
[W : PPU[1] Thread (CPUThread)[0x0055501c]]: cellGcmSys warning: cellGcmInit(context_addr=0x53b7e4,cmdSize=0x3ff000,ioSize=0x400000,ioAddress=0x38800000)
[W : PPU[1] Thread (CPUThread)[0x0055501c]]: cellGcmSys warning: *** local memory(addr=0xc0000000, size=0xf900000)
[W : PPU[1] Thread (CPUThread)[0x0055501c]]: cellGcmSys warning: cellGcmMapEaIoAddress(ea=0x38800000, io=0x0, size=0x400000)
[! : RSXThread]: RSX thread exit...
[! : RSXThread]: RSX thread entry
[W : PPU[1] Thread (CPUThread)[0x002c9600]]: memory warning: sys_mmapper_allocate_address(size=0x20000000, flags=0x40f, alignment=0x10000000, alloc_addr=0xd0010270)
[W : PPU[1] Thread (CPUThread)[0x002c960c]]: memory warning: sys_memory_get_user_memory_size(mem_info_addr=0xd0010278)
[W : PPU[1] Thread (CPUThread)[0x002c9654]]: memory warning: sys_mmapper_allocate_address(size=0x10000000, flags=0x20f, alignment=0x10000000, alloc_addr=0xd0010270)
[W : PPU[1] Thread (CPUThread)[0x0056b13c]]: memory warning: sys_mmapper_allocate_memory(size=0x100000, flags=0x400, mem_id_addr=0xd0010270)
[W : PPU[1] Thread (CPUThread)[0x0056b16c]]: memory warning: sys_mmapper_map_memory(start_addr=0x0, mem_id=0x1e, flags=0x40000)
[E : PPU[1] Thread (CPUThread)[0x0056b16c]]: memory error: sys_mmapper_map_memory failed!
[W : PPU[1] Thread (CPUThread)[0x00555094]]: cellGcmSys warning: cellGcmMapMainMemory(ea=0x0,size=0x100000,offset_addr=0xd0010274)
[W : PPU[1] Thread (CPUThread)[0x0055501c]]: cellGcmSys warning: cellGcmInit(context_addr=0x53b7e4,cmdSize=0x3ff000,ioSize=0x400000,ioAddress=0x38d00000)
[W : PPU[1] Thread (CPUThread)[0x0055501c]]: cellGcmSys warning: *** local memory(addr=0xc0000000, size=0xf900000)
[W : PPU[1] Thread (CPUThread)[0x0055501c]]: cellGcmSys warning: cellGcmMapEaIoAddress(ea=0x38d00000, io=0x0, size=0x400000)
[! : RSXThread]: RSX thread exit...
[! : RSXThread]: RSX thread entry
[W : PPU[1] Thread (CPUThread)[0x002c9600]]: memory warning: sys_mmapper_allocate_address(size=0x20000000, flags=0x40f, alignment=0x10000000, alloc_addr=0xd0010270)
[W : PPU[1] Thread (CPUThread)[0x002c960c]]: memory warning: sys_memory_get_user_memory_size(mem_info_addr=0xd0010278)
[W : PPU[1] Thread (CPUThread)[0x002c9654]]: memory warning: sys_mmapper_allocate_address(size=0x10000000, flags=0x20f, alignment=0x10000000, alloc_addr=0xd0010270)
[W : PPU[1] Thread (CPUThread)[0x0055501c]]: cellGcmSys warning: cellGcmInit(context_addr=0x53b7e4,cmdSize=0x3ff000,ioSize=0x400000,ioAddress=0x39100000)
[W : PPU[1] Thread (CPUThread)[0x0055501c]]: cellGcmSys warning: *** local memory(addr=0xc0000000, size=0xf900000)
[W : PPU[1] Thread (CPUThread)[0x0055501c]]: cellGcmSys warning: cellGcmMapEaIoAddress(ea=0x39100000, io=0x0, size=0x400000)
[! : RSXThread]: RSX thread exit...
[! : RSXThread]: RSX thread entry
[W : PPU[1] Thread (CPUThread)[0x002c9600]]: memory warning: sys_mmapper_allocate_address(size=0x20000000, flags=0x40f, alignment=0x10000000, alloc_addr=0xd0010270)
[W : PPU[1] Thread (CPUThread)[0x002c960c]]: memory warning: sys_memory_get_user_memory_size(mem_info_addr=0xd0010278)
[W : PPU[1] Thread (CPUThread)[0x002c9654]]: memory warning: sys_mmapper_allocate_address(size=0x10000000, flags=0x20f, alignment=0x10000000, alloc_addr=0xd0010270)
[W : PPU[1] Thread (CPUThread)[0x0056b13c]]: memory warning: sys_mmapper_allocate_memory(size=0x100000, flags=0x400, mem_id_addr=0xd0010270)
[W : PPU[1] Thread (CPUThread)[0x0056b16c]]: memory warning: sys_mmapper_map_memory(start_addr=0x0, mem_id=0x1f, flags=0x40000)
[E : PPU[1] Thread (CPUThread)[0x0056b16c]]: memory error: sys_mmapper_map_memory failed!
[W : PPU[1] Thread (CPUThread)[0x00555094]]: cellGcmSys warning: cellGcmMapMainMemory(ea=0x0,size=0x100000,offset_addr=0xd0010274)
[W : PPU[1] Thread (CPUThread)[0x0055501c]]: cellGcmSys warning: cellGcmInit(context_addr=0x53b7e4,cmdSize=0x3ff000,ioSize=0x400000,ioAddress=0x39600000)
[W : PPU[1] Thread (CPUThread)[0x0055501c]]: cellGcmSys warning: *** local memory(addr=0xc0000000, size=0xf900000)
[W : PPU[1] Thread (CPUThread)[0x0055501c]]: cellGcmSys warning: cellGcmMapEaIoAddress(ea=0x39600000, io=0x0, size=0x400000)
[! : RSXThread]: RSX thread exit...
[! : RSXThread]: RSX thread entry
[W : PPU[1] Thread (CPUThread)[0x002c9600]]: memory warning: sys_mmapper_allocate_address(size=0x20000000, flags=0x40f, alignment=0x10000000, alloc_addr=0xd0010270)
[W : PPU[1] Thread (CPUThread)[0x002c960c]]: memory warning: sys_memory_get_user_memory_size(mem_info_addr=0xd0010278)
[W : PPU[1] Thread (CPUThread)[0x002c9654]]: memory warning: sys_mmapper_allocate_address(size=0x10000000, flags=0x20f, alignment=0x10000000, alloc_addr=0xd0010270)
[W : PPU[1] Thread (CPUThread)[0x0055501c]]: cellGcmSys warning: cellGcmInit(context_addr=0x53b7e4,cmdSize=0x3ff000,ioSize=0x400000,ioAddress=0x39a00000)
[W : PPU[1] Thread (CPUThread)[0x0055501c]]: cellGcmSys warning: *** local memory(addr=0xc0000000, size=0xf900000)
[W : PPU[1] Thread (CPUThread)[0x0055501c]]: cellGcmSys warning: cellGcmMapEaIoAddress(ea=0x39a00000, io=0x0, size=0x400000)
[! : RSXThread]: RSX thread exit...
[! : RSXThread]: RSX thread entry
[W : PPU[1] Thread (CPUThread)[0x002c9600]]: memory warning: sys_mmapper_allocate_address(size=0x20000000, flags=0x40f, alignment=0x10000000, alloc_addr=0xd0010270)
[W : PPU[1] Thread (CPUThread)[0x002c960c]]: memory warning: sys_memory_get_user_memory_size(mem_info_addr=0xd0010278)
[W : PPU[1] Thread (CPUThread)[0x002c9654]]: memory warning: sys_mmapper_allocate_address(size=0x10000000, flags=0x20f, alignment=0x10000000, alloc_addr=0xd0010270)
[W : PPU[1] Thread (CPUThread)[0x0056b13c]]: memory warning: sys_mmapper_allocate_memory(size=0x100000, flags=0x400, mem_id_addr=0xd0010270)
[W : PPU[1] Thread (CPUThread)[0x0056b16c]]: memory warning: sys_mmapper_map_memory(start_addr=0x0, mem_id=0x20, flags=0x40000)
[E : PPU[1] Thread (CPUThread)[0x0056b16c]]: memory error: sys_mmapper_map_memory failed!
[W : PPU[1] Thread (CPUThread)[0x00555094]]: cellGcmSys warning: cellGcmMapMainMemory(ea=0x0,size=0x100000,offset_addr=0xd0010274)
[W : PPU[1] Thread (CPUThread)[0x0055501c]]: cellGcmSys warning: cellGcmInit(context_addr=0x53b7e4,cmdSize=0x3ff000,ioSize=0x400000,ioAddress=0x39f00000)
[W : PPU[1] Thread (CPUThread)[0x0055501c]]: cellGcmSys warning: *** local memory(addr=0xc0000000, size=0xf900000)
[W : PPU[1] Thread (CPUThread)[0x0055501c]]: cellGcmSys warning: cellGcmMapEaIoAddress(ea=0x39f00000, io=0x0, size=0x400000)
[! : RSXThread]: RSX thread exit...
[! : RSXThread]: RSX thread entry
[W : PPU[1] Thread (CPUThread)[0x002c9600]]: memory warning: sys_mmapper_allocate_address(size=0x20000000, flags=0x40f, alignment=0x10000000, alloc_addr=0xd0010270)
[W : PPU[1] Thread (CPUThread)[0x002c960c]]: memory warning: sys_memory_get_user_memory_size(mem_info_addr=0xd0010278)
[W : PPU[1] Thread (CPUThread)[0x002c9654]]: memory warning: sys_mmapper_allocate_address(size=0x10000000, flags=0x20f, alignment=0x10000000, alloc_addr=0xd0010270)
[W : PPU[1] Thread (CPUThread)[0x0055501c]]: cellGcmSys warning: cellGcmInit(context_addr=0x53b7e4,cmdSize=0x3ff000,ioSize=0x400000,ioAddress=0x3a300000)
[W : PPU[1] Thread (CPUThread)[0x0055501c]]: cellGcmSys warning: *** local memory(addr=0xc0000000, size=0xf900000)
[W : PPU[1] Thread (CPUThread)[0x0055501c]]: cellGcmSys warning: cellGcmMapEaIoAddress(ea=0x3a300000, io=0x0, size=0x400000)
[! : RSXThread]: RSX thread exit...
[! : RSXThread]: RSX thread entry
[W : PPU[1] Thread (CPUThread)[0x002c9600]]: memory warning: sys_mmapper_allocate_address(size=0x20000000, flags=0x40f, alignment=0x10000000, alloc_addr=0xd0010270)
[W : PPU[1] Thread (CPUThread)[0x002c960c]]: memory warning: sys_memory_get_user_memory_size(mem_info_addr=0xd0010278)
[W : PPU[1] Thread (CPUThread)[0x002c9654]]: memory warning: sys_mmapper_allocate_address(size=0x10000000, flags=0x20f, alignment=0x10000000, alloc_addr=0xd0010270)
[W : PPU[1] Thread (CPUThread)[0x0056b13c]]: memory warning: sys_mmapper_allocate_memory(size=0x100000, flags=0x400, mem_id_addr=0xd0010270)
[W : PPU[1] Thread (CPUThread)[0x0056b16c]]: memory warning: sys_mmapper_map_memory(start_addr=0x0, mem_id=0x21, flags=0x40000)
[E : PPU[1] Thread (CPUThread)[0x0056b16c]]: memory error: sys_mmapper_map_memory failed!
[W : PPU[1] Thread (CPUThread)[0x00555094]]: cellGcmSys warning: cellGcmMapMainMemory(ea=0x0,size=0x100000,offset_addr=0xd0010274)
[W : PPU[1] Thread (CPUThread)[0x0055501c]]: cellGcmSys warning: cellGcmInit(context_addr=0x53b7e4,cmdSize=0x3ff000,ioSize=0x400000,ioAddress=0x3a800000)
[W : PPU[1] Thread (CPUThread)[0x0055501c]]: cellGcmSys warning: *** local memory(addr=0xc0000000, size=0xf900000)
[W : PPU[1] Thread (CPUThread)[0x0055501c]]: cellGcmSys warning: cellGcmMapEaIoAddress(ea=0x3a800000, io=0x0, size=0x400000)
[! : RSXThread]: RSX thread exit...
[! : RSXThread]: RSX thread entry
[W : PPU[1] Thread (CPUThread)[0x002c9600]]: memory warning: sys_mmapper_allocate_address(size=0x20000000, flags=0x40f, alignment=0x10000000, alloc_addr=0xd0010270)
[W : PPU[1] Thread (CPUThread)[0x002c960c]]: memory warning: sys_memory_get_user_memory_size(mem_info_addr=0xd0010278)
[W : PPU[1] Thread (CPUThread)[0x0055501c]]: cellGcmSys warning: cellGcmInit(context_addr=0x53b7e4,cmdSize=0x3ff000,ioSize=0x400000,ioAddress=0x3ac00000)
[W : PPU[1] Thread (CPUThread)[0x0055501c]]: cellGcmSys warning: *** local memory(addr=0xc0000000, size=0xf900000)
[W : PPU[1] Thread (CPUThread)[0x0055501c]]: cellGcmSys warning: cellGcmMapEaIoAddress(ea=0x3ac00000, io=0x0, size=0x400000)
[! : RSXThread]: RSX thread exit...
[! : RSXThread]: RSX thread entry
[W : PPU[1] Thread (CPUThread)[0x002c9600]]: memory warning: sys_mmapper_allocate_address(size=0x20000000, flags=0x40f, alignment=0x10000000, alloc_addr=0xd0010270)
[W : PPU[1] Thread (CPUThread)[0x002c960c]]: memory warning: sys_memory_get_user_memory_size(mem_info_addr=0xd0010278)
[W : PPU[1] Thread (CPUThread)[0x0056b13c]]: memory warning: sys_mmapper_allocate_memory(size=0x100000, flags=0x400, mem_id_addr=0xd0010270)
[W : PPU[1] Thread (CPUThread)[0x0056b16c]]: memory warning: sys_mmapper_map_memory(start_addr=0x0, mem_id=0x22, flags=0x40000)
[E : PPU[1] Thread (CPUThread)[0x0056b16c]]: memory error: sys_mmapper_map_memory failed!
[W : PPU[1] Thread (CPUThread)[0x00555094]]: cellGcmSys warning: cellGcmMapMainMemory(ea=0x0,size=0x100000,offset_addr=0xd0010274)
[W : PPU[1] Thread (CPUThread)[0x0055501c]]: cellGcmSys warning: cellGcmInit(context_addr=0x53b7e4,cmdSize=0x3ff000,ioSize=0x400000,ioAddress=0x3b100000)
[W : PPU[1] Thread (CPUThread)[0x0055501c]]: cellGcmSys warning: *** local memory(addr=0xc0000000, size=0xf900000)
[W : PPU[1] Thread (CPUThread)[0x0055501c]]: cellGcmSys warning: cellGcmMapEaIoAddress(ea=0x3b100000, io=0x0, size=0x400000)
[! : RSXThread]: RSX thread exit...
[! : RSXThread]: RSX thread entry
[W : PPU[1] Thread (CPUThread)[0x002c9600]]: memory warning: sys_mmapper_allocate_address(size=0x20000000, flags=0x40f, alignment=0x10000000, alloc_addr=0xd0010270)
[W : PPU[1] Thread (CPUThread)[0x002c960c]]: memory warning: sys_memory_get_user_memory_size(mem_info_addr=0xd0010278)
[W : PPU[1] Thread (CPUThread)[0x0055501c]]: cellGcmSys warning: cellGcmInit(context_addr=0x53b7e4,cmdSize=0x3ff000,ioSize=0x400000,ioAddress=0x3b500000)
[W : PPU[1] Thread (CPUThread)[0x0055501c]]: cellGcmSys warning: *** local memory(addr=0xc0000000, size=0xf900000)
[W : PPU[1] Thread (CPUThread)[0x0055501c]]: cellGcmSys warning: cellGcmMapEaIoAddress(ea=0x3b500000, io=0x0, size=0x400000)
[! : RSXThread]: RSX thread exit...
[! : RSXThread]: RSX thread entry
[W : PPU[1] Thread (CPUThread)[0x002c9600]]: memory warning: sys_mmapper_allocate_address(size=0x20000000, flags=0x40f, alignment=0x10000000, alloc_addr=0xd0010270)
[W : PPU[1] Thread (CPUThread)[0x002c960c]]: memory warning: sys_memory_get_user_memory_size(mem_info_addr=0xd0010278)
[W : PPU[1] Thread (CPUThread)[0x002c9654]]: memory warning: sys_mmapper_allocate_address(size=0x10000000, flags=0x20f, alignment=0x10000000, alloc_addr=0xd0010270)
[W : PPU[1] Thread (CPUThread)[0x0056b13c]]: memory warning: sys_mmapper_allocate_memory(size=0x100000, flags=0x400, mem_id_addr=0xd0010270)
[W : PPU[1] Thread (CPUThread)[0x0056b16c]]: memory warning: sys_mmapper_map_memory(start_addr=0x0, mem_id=0x23, flags=0x40000)
[E : PPU[1] Thread (CPUThread)[0x0056b16c]]: memory error: sys_mmapper_map_memory failed!
[W : PPU[1] Thread (CPUThread)[0x00555094]]: cellGcmSys warning: cellGcmMapMainMemory(ea=0x0,size=0x100000,offset_addr=0xd0010274)
[W : PPU[1] Thread (CPUThread)[0x0055501c]]: cellGcmSys warning: cellGcmInit(context_addr=0x53b7e4,cmdSize=0x3ff000,ioSize=0x400000,ioAddress=0x3bb00000)
[W : PPU[1] Thread (CPUThread)[0x0055501c]]: cellGcmSys warning: *** local memory(addr=0xc0000000, size=0xf900000)
[W : PPU[1] Thread (CPUThread)[0x0055501c]]: cellGcmSys warning: cellGcmMapEaIoAddress(ea=0x3bb00000, io=0x0, size=0x400000)
[! : RSXThread]: RSX thread exit...
[! : RSXThread]: RSX thread entry
[W : PPU[1] Thread (CPUThread)[0x002c9600]]: memory warning: sys_mmapper_allocate_address(size=0x20000000, flags=0x40f, alignment=0x10000000, alloc_addr=0xd0010270)
[W : PPU[1] Thread (CPUThread)[0x002c960c]]: memory warning: sys_memory_get_user_memory_size(mem_info_addr=0xd0010278)
[W : PPU[1] Thread (CPUThread)[0x002c9654]]: memory warning: sys_mmapper_allocate_address(size=0x10000000, flags=0x20f, alignment=0x10000000, alloc_addr=0xd0010270)
[W : PPU[1] Thread (CPUThread)[0x0055501c]]: cellGcmSys warning: cellGcmInit(context_addr=0x53b7e4,cmdSize=0x3ff000,ioSize=0x400000,ioAddress=0x3bf00000)
[W : PPU[1] Thread (CPUThread)[0x0055501c]]: cellGcmSys warning: *** local memory(addr=0xc0000000, size=0xf900000)
[W : PPU[1] Thread (CPUThread)[0x0055501c]]: cellGcmSys warning: cellGcmMapEaIoAddress(ea=0x3bf00000, io=0x0, size=0x400000)
[! : RSXThread]: RSX thread exit...
[! : RSXThread]: RSX thread entry
[W : PPU[1] Thread (CPUThread)[0x002c9600]]: memory warning: sys_mmapper_allocate_address(size=0x20000000, flags=0x40f, alignment=0x10000000, alloc_addr=0xd0010270)
[W : PPU[1] Thread (CPUThread)[0x002c960c]]: memory warning: sys_memory_get_user_memory_size(mem_info_addr=0xd0010278)
[W : PPU[1] Thread (CPUThread)[0x002c9654]]: memory warning: sys_mmapper_allocate_address(size=0x10000000, flags=0x20f, alignment=0x10000000, alloc_addr=0xd0010270)
[W : PPU[1] Thread (CPUThread)[0x0056b13c]]: memory warning: sys_mmapper_allocate_memory(size=0x100000, flags=0x400, mem_id_addr=0xd0010270)
[W : PPU[1] Thread (CPUThread)[0x0056b16c]]: memory warning: sys_mmapper_map_memory(start_addr=0x0, mem_id=0x24, flags=0x40000)
[E : PPU[1] Thread (CPUThread)[0x0056b16c]]: memory error: sys_mmapper_map_memory failed!
[W : PPU[1] Thread (CPUThread)[0x00555094]]: cellGcmSys warning: cellGcmMapMainMemory(ea=0x0,size=0x100000,offset_addr=0xd0010274)
[W : PPU[1] Thread (CPUThread)[0x0055501c]]: cellGcmSys warning: cellGcmInit(context_addr=0x53b7e4,cmdSize=0x3ff000,ioSize=0x400000,ioAddress=0x3c400000)
[W : PPU[1] Thread (CPUThread)[0x0055501c]]: cellGcmSys warning: *** local memory(addr=0xc0000000, size=0xf900000)
[W : PPU[1] Thread (CPUThread)[0x0055501c]]: cellGcmSys warning: cellGcmMapEaIoAddress(ea=0x3c400000, io=0x0, size=0x400000)
[! : RSXThread]: RSX thread exit...
[! : RSXThread]: RSX thread entry
[W : PPU[1] Thread (CPUThread)[0x002c9600]]: memory warning: sys_mmapper_allocate_address(size=0x20000000, flags=0x40f, alignment=0x10000000, alloc_addr=0xd0010270)
[W : PPU[1] Thread (CPUThread)[0x002c960c]]: memory warning: sys_memory_get_user_memory_size(mem_info_addr=0xd0010278)
[W : PPU[1] Thread (CPUThread)[0x002c9654]]: memory warning: sys_mmapper_allocate_address(size=0x10000000, flags=0x20f, alignment=0x10000000, alloc_addr=0xd0010270)
[W : PPU[1] Thread (CPUThread)[0x0055501c]]: cellGcmSys warning: cellGcmInit(context_addr=0x53b7e4,cmdSize=0x3ff000,ioSize=0x400000,ioAddress=0x3c800000)
[W : PPU[1] Thread (CPUThread)[0x0055501c]]: cellGcmSys warning: *** local memory(addr=0xc0000000, size=0xf900000)
[W : PPU[1] Thread (CPUThread)[0x0055501c]]: cellGcmSys warning: cellGcmMapEaIoAddress(ea=0x3c800000, io=0x0, size=0x400000)
[! : RSXThread]: RSX thread exit...
[! : RSXThread]: RSX thread entry
[W : PPU[1] Thread (CPUThread)[0x002c9600]]: memory warning: sys_mmapper_allocate_address(size=0x20000000, flags=0x40f, alignment=0x10000000, alloc_addr=0xd0010270)
[W : PPU[1] Thread (CPUThread)[0x002c960c]]: memory warning: sys_memory_get_user_memory_size(mem_info_addr=0xd0010278)
[W : PPU[1] Thread (CPUThread)[0x002c9654]]: memory warning: sys_mmapper_allocate_address(size=0x10000000, flags=0x20f, alignment=0x10000000, alloc_addr=0xd0010270)
[W : PPU[1] Thread (CPUThread)[0x0056b13c]]: memory warning: sys_mmapper_allocate_memory(size=0x100000, flags=0x400, mem_id_addr=0xd0010270)
[W : PPU[1] Thread (CPUThread)[0x0056b16c]]: memory warning: sys_mmapper_map_memory(start_addr=0x0, mem_id=0x25, flags=0x40000)
[E : PPU[1] Thread (CPUThread)[0x0056b16c]]: memory error: sys_mmapper_map_memory failed!
[W : PPU[1] Thread (CPUThread)[0x00555094]]: cellGcmSys warning: cellGcmMapMainMemory(ea=0x0,size=0x100000,offset_addr=0xd0010274)
[W : PPU[1] Thread (CPUThread)[0x0055501c]]: cellGcmSys warning: cellGcmInit(context_addr=0x53b7e4,cmdSize=0x3ff000,ioSize=0x400000,ioAddress=0x3cd00000)
[W : PPU[1] Thread (CPUThread)[0x0055501c]]: cellGcmSys warning: *** local memory(addr=0xc0000000, size=0xf900000)
[W : PPU[1] Thread (CPUThread)[0x0055501c]]: cellGcmSys warning: cellGcmMapEaIoAddress(ea=0x3cd00000, io=0x0, size=0x400000)
[! : RSXThread]: RSX thread exit...
[! : RSXThread]: RSX thread entry
[W : PPU[1] Thread (CPUThread)[0x002c9600]]: memory warning: sys_mmapper_allocate_address(size=0x20000000, flags=0x40f, alignment=0x10000000, alloc_addr=0xd0010270)
[W : PPU[1] Thread (CPUThread)[0x002c960c]]: memory warning: sys_memory_get_user_memory_size(mem_info_addr=0xd0010278)
[W : PPU[1] Thread (CPUThread)[0x002c9654]]: memory warning: sys_mmapper_allocate_address(size=0x10000000, flags=0x20f, alignment=0x10000000, alloc_addr=0xd0010270)
[W : PPU[1] Thread (CPUThread)[0x0055501c]]: cellGcmSys warning: cellGcmInit(context_addr=0x53b7e4,cmdSize=0x3ff000,ioSize=0x400000,ioAddress=0x3d100000)
[W : PPU[1] Thread (CPUThread)[0x0055501c]]: cellGcmSys warning: *** local memory(addr=0xc0000000, size=0xf900000)
[W : PPU[1] Thread (CPUThread)[0x0055501c]]: cellGcmSys warning: cellGcmMapEaIoAddress(ea=0x3d100000, io=0x0, size=0x400000)
[! : RSXThread]: RSX thread exit...
[! : RSXThread]: RSX thread entry
[W : PPU[1] Thread (CPUThread)[0x002c9600]]: memory warning: sys_mmapper_allocate_address(size=0x20000000, flags=0x40f, alignment=0x10000000, alloc_addr=0xd0010270)
[W : PPU[1] Thread (CPUThread)[0x002c960c]]: memory warning: sys_memory_get_user_memory_size(mem_info_addr=0xd0010278)
[W : PPU[1] Thread (CPUThread)[0x002c9654]]: memory warning: sys_mmapper_allocate_address(size=0x10000000, flags=0x20f, alignment=0x10000000, alloc_addr=0xd0010270)
[W : PPU[1] Thread (CPUThread)[0x0056b13c]]: memory warning: sys_mmapper_allocate_memory(size=0x100000, flags=0x400, mem_id_addr=0xd0010270)
[W : PPU[1] Thread (CPUThread)[0x0056b16c]]: memory warning: sys_mmapper_map_memory(start_addr=0x0, mem_id=0x26, flags=0x40000)
[E : PPU[1] Thread (CPUThread)[0x0056b16c]]: memory error: sys_mmapper_map_memory failed!
[W : PPU[1] Thread (CPUThread)[0x00555094]]: cellGcmSys warning: cellGcmMapMainMemory(ea=0x0,size=0x100000,offset_addr=0xd0010274)
[W : PPU[1] Thread (CPUThread)[0x0055501c]]: cellGcmSys warning: cellGcmInit(context_addr=0x53b7e4,cmdSize=0x3ff000,ioSize=0x400000,ioAddress=0x3d600000)
[W : PPU[1] Thread (CPUThread)[0x0055501c]]: cellGcmSys warning: *** local memory(addr=0xc0000000, size=0xf900000)
[W : PPU[1] Thread (CPUThread)[0x0055501c]]: cellGcmSys warning: cellGcmMapEaIoAddress(ea=0x3d600000, io=0x0, size=0x400000)
[! : RSXThread]: RSX thread exit...
[! : RSXThread]: RSX thread entry
[W : PPU[1] Thread (CPUThread)[0x002c9600]]: memory warning: sys_mmapper_allocate_address(size=0x20000000, flags=0x40f, alignment=0x10000000, alloc_addr=0xd0010270)
[W : PPU[1] Thread (CPUThread)[0x002c960c]]: memory warning: sys_memory_get_user_memory_size(mem_info_addr=0xd0010278)
[W : PPU[1] Thread (CPUThread)[0x002c9654]]: memory warning: sys_mmapper_allocate_address(size=0x10000000, flags=0x20f, alignment=0x10000000, alloc_addr=0xd0010270)
[W : PPU[1] Thread (CPUThread)[0x0055501c]]: cellGcmSys warning: cellGcmInit(context_addr=0x53b7e4,cmdSize=0x3ff000,ioSize=0x400000,ioAddress=0x3da00000)
[W : PPU[1] Thread (CPUThread)[0x0055501c]]: cellGcmSys warning: *** local memory(addr=0xc0000000, size=0xf900000)
[W : PPU[1] Thread (CPUThread)[0x0055501c]]: cellGcmSys warning: cellGcmMapEaIoAddress(ea=0x3da00000, io=0x0, size=0x400000)
[! : RSXThread]: RSX thread exit...
[! : RSXThread]: RSX thread entry
[W : PPU[1] Thread (CPUThread)[0x002c9600]]: memory warning: sys_mmapper_allocate_address(size=0x20000000, flags=0x40f, alignment=0x10000000, alloc_addr=0xd0010270)
[W : PPU[1] Thread (CPUThread)[0x002c960c]]: memory warning: sys_memory_get_user_memory_size(mem_info_addr=0xd0010278)
[W : PPU[1] Thread (CPUThread)[0x002c9654]]: memory warning: sys_mmapper_allocate_address(size=0x10000000, flags=0x20f, alignment=0x10000000, alloc_addr=0xd0010270)
[W : PPU[1] Thread (CPUThread)[0x0056b13c]]: memory warning: sys_mmapper_allocate_memory(size=0x100000, flags=0x400, mem_id_addr=0xd0010270)
[W : PPU[1] Thread (CPUThread)[0x0056b16c]]: memory warning: sys_mmapper_map_memory(start_addr=0x0, mem_id=0x27, flags=0x40000)
[E : PPU[1] Thread (CPUThread)[0x0056b16c]]: memory error: sys_mmapper_map_memory failed!
[W : PPU[1] Thread (CPUThread)[0x00555094]]: cellGcmSys warning: cellGcmMapMainMemory(ea=0x0,size=0x100000,offset_addr=0xd0010274)
[W : PPU[1] Thread (CPUThread)[0x0055501c]]: cellGcmSys warning: cellGcmInit(context_addr=0x53b7e4,cmdSize=0x3ff000,ioSize=0x400000,ioAddress=0x3df00000)
[W : PPU[1] Thread (CPUThread)[0x0055501c]]: cellGcmSys warning: *** local memory(addr=0xc0000000, size=0xf900000)
[W : PPU[1] Thread (CPUThread)[0x0055501c]]: cellGcmSys warning: cellGcmMapEaIoAddress(ea=0x3df00000, io=0x0, size=0x400000)
[! : RSXThread]: RSX thread exit...
[! : RSXThread]: RSX thread entry
[W : PPU[1] Thread (CPUThread)[0x002c9600]]: memory warning: sys_mmapper_allocate_address(size=0x20000000, flags=0x40f, alignment=0x10000000, alloc_addr=0xd0010270)
[W : PPU[1] Thread (CPUThread)[0x002c960c]]: memory warning: sys_memory_get_user_memory_size(mem_info_addr=0xd0010278)
[W : PPU[1] Thread (CPUThread)[0x002c9654]]: memory warning: sys_mmapper_allocate_address(size=0x10000000, flags=0x20f, alignment=0x10000000, alloc_addr=0xd0010270)
[W : PPU[1] Thread (CPUThread)[0x0055501c]]: cellGcmSys warning: cellGcmInit(context_addr=0x53b7e4,cmdSize=0x3ff000,ioSize=0x400000,ioAddress=0x3e300000)
[W : PPU[1] Thread (CPUThread)[0x0055501c]]: cellGcmSys warning: *** local memory(addr=0xc0000000, size=0xf900000)
[W : PPU[1] Thread (CPUThread)[0x0055501c]]: cellGcmSys warning: cellGcmMapEaIoAddress(ea=0x3e300000, io=0x0, size=0x400000)
[! : RSXThread]: RSX thread exit...
[! : RSXThread]: RSX thread entry
[W : PPU[1] Thread (CPUThread)[0x002c9600]]: memory warning: sys_mmapper_allocate_address(size=0x20000000, flags=0x40f, alignment=0x10000000, alloc_addr=0xd0010270)
[W : PPU[1] Thread (CPUThread)[0x002c960c]]: memory warning: sys_memory_get_user_memory_size(mem_info_addr=0xd0010278)
[W : PPU[1] Thread (CPUThread)[0x002c9654]]: memory warning: sys_mmapper_allocate_address(size=0x10000000, flags=0x20f, alignment=0x10000000, alloc_addr=0xd0010270)
[W : PPU[1] Thread (CPUThread)[0x0056b13c]]: memory warning: sys_mmapper_allocate_memory(size=0x100000, flags=0x400, mem_id_addr=0xd0010270)
[W : PPU[1] Thread (CPUThread)[0x0056b16c]]: memory warning: sys_mmapper_map_memory(start_addr=0x0, mem_id=0x28, flags=0x40000)
[E : PPU[1] Thread (CPUThread)[0x0056b16c]]: memory error: sys_mmapper_map_memory failed!
[W : PPU[1] Thread (CPUThread)[0x00555094]]: cellGcmSys warning: cellGcmMapMainMemory(ea=0x0,size=0x100000,offset_addr=0xd0010274)
[W : PPU[1] Thread (CPUThread)[0x0055501c]]: cellGcmSys warning: cellGcmInit(context_addr=0x53b7e4,cmdSize=0x3ff000,ioSize=0x400000,ioAddress=0x3e800000)
[W : PPU[1] Thread (CPUThread)[0x0055501c]]: cellGcmSys warning: *** local memory(addr=0xc0000000, size=0xf900000)
[W : PPU[1] Thread (CPUThread)[0x0055501c]]: cellGcmSys warning: cellGcmMapEaIoAddress(ea=0x3e800000, io=0x0, size=0x400000)
[! : RSXThread]: RSX thread exit...
[! : RSXThread]: RSX thread entry
[W : PPU[1] Thread (CPUThread)[0x002c9600]]: memory warning: sys_mmapper_allocate_address(size=0x20000000, flags=0x40f, alignment=0x10000000, alloc_addr=0xd0010270)
[W : PPU[1] Thread (CPUThread)[0x002c960c]]: memory warning: sys_memory_get_user_memory_size(mem_info_addr=0xd0010278)
[W : PPU[1] Thread (CPUThread)[0x002c9654]]: memory warning: sys_mmapper_allocate_address(size=0x10000000, flags=0x20f, alignment=0x10000000, alloc_addr=0xd0010270)
[W : PPU[1] Thread (CPUThread)[0x0055501c]]: cellGcmSys warning: cellGcmInit(context_addr=0x53b7e4,cmdSize=0x3ff000,ioSize=0x400000,ioAddress=0x3ec00000)
[W : PPU[1] Thread (CPUThread)[0x0055501c]]: cellGcmSys warning: *** local memory(addr=0xc0000000, size=0xf900000)
[W : PPU[1] Thread (CPUThread)[0x0055501c]]: cellGcmSys warning: cellGcmMapEaIoAddress(ea=0x3ec00000, io=0x0, size=0x400000)
[! : RSXThread]: RSX thread exit...
[! : RSXThread]: RSX thread entry
[W : PPU[1] Thread (CPUThread)[0x002c9600]]: memory warning: sys_mmapper_allocate_address(size=0x20000000, flags=0x40f, alignment=0x10000000, alloc_addr=0xd0010270)
[W : PPU[1] Thread (CPUThread)[0x002c960c]]: memory warning: sys_memory_get_user_memory_size(mem_info_addr=0xd0010278)
[W : PPU[1] Thread (CPUThread)[0x002c9654]]: memory warning: sys_mmapper_allocate_address(size=0x10000000, flags=0x20f, alignment=0x10000000, alloc_addr=0xd0010270)
[W : PPU[1] Thread (CPUThread)[0x0056b13c]]: memory warning: sys_mmapper_allocate_memory(size=0x100000, flags=0x400, mem_id_addr=0xd0010270)
[W : PPU[1] Thread (CPUThread)[0x0056b16c]]: memory warning: sys_mmapper_map_memory(start_addr=0x0, mem_id=0x29, flags=0x40000)
[E : PPU[1] Thread (CPUThread)[0x0056b16c]]: memory error: sys_mmapper_map_memory failed!
[W : PPU[1] Thread (CPUThread)[0x00555094]]: cellGcmSys warning: cellGcmMapMainMemory(ea=0x0,size=0x100000,offset_addr=0xd0010274)
[W : PPU[1] Thread (CPUThread)[0x0055501c]]: cellGcmSys warning: cellGcmInit(context_addr=0x53b7e4,cmdSize=0x3ff000,ioSize=0x400000,ioAddress=0x3f100000)
[W : PPU[1] Thread (CPUThread)[0x0055501c]]: cellGcmSys warning: *** local memory(addr=0xc0000000, size=0xf900000)
[W : PPU[1] Thread (CPUThread)[0x0055501c]]: cellGcmSys warning: cellGcmMapEaIoAddress(ea=0x3f100000, io=0x0, size=0x400000)
[! : RSXThread]: RSX thread exit...
[! : RSXThread]: RSX thread entry
[W : PPU[1] Thread (CPUThread)[0x002c9600]]: memory warning: sys_mmapper_allocate_address(size=0x20000000, flags=0x40f, alignment=0x10000000, alloc_addr=0xd0010270)
[W : PPU[1] Thread (CPUThread)[0x002c960c]]: memory warning: sys_memory_get_user_memory_size(mem_info_addr=0xd0010278)
[W : PPU[1] Thread (CPUThread)[0x002c9654]]: memory warning: sys_mmapper_allocate_address(size=0x10000000, flags=0x20f, alignment=0x10000000, alloc_addr=0xd0010270)
[W : PPU[1] Thread (CPUThread)[0x0055501c]]: cellGcmSys warning: cellGcmInit(context_addr=0x53b7e4,cmdSize=0x3ff000,ioSize=0x400000,ioAddress=0x3f500000)
[W : PPU[1] Thread (CPUThread)[0x0055501c]]: cellGcmSys warning: *** local memory(addr=0xc0000000, size=0xf900000)
[W : PPU[1] Thread (CPUThread)[0x0055501c]]: cellGcmSys warning: cellGcmMapEaIoAddress(ea=0x3f500000, io=0x0, size=0x400000)
[! : RSXThread]: RSX thread exit...
[! : RSXThread]: RSX thread entry
[W : PPU[1] Thread (CPUThread)[0x002c9600]]: memory warning: sys_mmapper_allocate_address(size=0x20000000, flags=0x40f, alignment=0x10000000, alloc_addr=0xd0010270)
[W : PPU[1] Thread (CPUThread)[0x002c960c]]: memory warning: sys_memory_get_user_memory_size(mem_info_addr=0xd0010278)
[W : PPU[1] Thread (CPUThread)[0x002c9654]]: memory warning: sys_mmapper_allocate_address(size=0x10000000, flags=0x20f, alignment=0x10000000, alloc_addr=0xd0010270)
[W : PPU[1] Thread (CPUThread)[0x0056b13c]]: memory warning: sys_mmapper_allocate_memory(size=0x100000, flags=0x400, mem_id_addr=0xd0010270)
[W : PPU[1] Thread (CPUThread)[0x0056b16c]]: memory warning: sys_mmapper_map_memory(start_addr=0x0, mem_id=0x2a, flags=0x40000)
[E : PPU[1] Thread (CPUThread)[0x0056b16c]]: memory error: sys_mmapper_map_memory failed!
[W : PPU[1] Thread (CPUThread)[0x00555094]]: cellGcmSys warning: cellGcmMapMainMemory(ea=0x0,size=0x100000,offset_addr=0xd0010274)
[W : PPU[1] Thread (CPUThread)[0x0055501c]]: cellGcmSys warning: cellGcmInit(context_addr=0x53b7e4,cmdSize=0x3ff000,ioSize=0x400000,ioAddress=0x3fa00000)
[W : PPU[1] Thread (CPUThread)[0x0055501c]]: cellGcmSys warning: *** local memory(addr=0xc0000000, size=0xf900000)
[W : PPU[1] Thread (CPUThread)[0x0055501c]]: cellGcmSys warning: cellGcmMapEaIoAddress(ea=0x3fa00000, io=0x0, size=0x400000)
[! : RSXThread]: RSX thread exit...
[! : RSXThread]: RSX thread entry
[W : PPU[1] Thread (CPUThread)[0x002c9600]]: memory warning: sys_mmapper_allocate_address(size=0x20000000, flags=0x40f, alignment=0x10000000, alloc_addr=0xd0010270)
[W : PPU[1] Thread (CPUThread)[0x002c960c]]: memory warning: sys_memory_get_user_memory_size(mem_info_addr=0xd0010278)
[W : PPU[1] Thread (CPUThread)[0x002c9654]]: memory warning: sys_mmapper_allocate_address(size=0x10000000, flags=0x20f, alignment=0x10000000, alloc_addr=0xd0010270)
[W : PPU[1] Thread (CPUThread)[0x002c9600]]: memory warning: sys_mmapper_allocate_address(size=0x20000000, flags=0x40f, alignment=0x10000000, alloc_addr=0xd0010270)
[W : PPU[1] Thread (CPUThread)[0x002c960c]]: memory warning: sys_memory_get_user_memory_size(mem_info_addr=0xd0010278)
[W : PPU[1] Thread (CPUThread)[0x002c9654]]: memory warning: sys_mmapper_allocate_address(size=0x10000000, flags=0x20f, alignment=0x10000000, alloc_addr=0xd0010270)
[W : PPU[1] Thread (CPUThread)[0x0056b13c]]: memory warning: sys_mmapper_allocate_memory(size=0x100000, flags=0x400, mem_id_addr=0xd0010270)
[W : PPU[1] Thread (CPUThread)[0x0056b16c]]: memory warning: sys_mmapper_map_memory(start_addr=0x0, mem_id=0x2b, flags=0x40000)
[E : PPU[1] Thread (CPUThread)[0x0056b16c]]: memory error: sys_mmapper_map_memory failed!
[W : PPU[1] Thread (CPUThread)[0x00555094]]: cellGcmSys warning: cellGcmMapMainMemory(ea=0x0,size=0x100000,offset_addr=0xd0010274)
[W : PPU[1] Thread (CPUThread)[0x002c9600]]: memory warning: sys_mmapper_allocate_address(size=0x20000000, flags=0x40f, alignment=0x10000000, alloc_addr=0xd0010270)
[W : PPU[1] Thread (CPUThread)[0x002c960c]]: memory warning: sys_memory_get_user_memory_size(mem_info_addr=0xd0010278)
[W : PPU[1] Thread (CPUThread)[0x002c9654]]: memory warning: sys_mmapper_allocate_address(size=0x10000000, flags=0x20f, alignment=0x10000000, alloc_addr=0xd0010270)
[W : PPU[1] Thread (CPUThread)[0x00337c64]]: SysCall 988! r3: 0x4, r4: 0x0, pc: 0x337c64
[W : PPU[1] Thread (CPUThread)[0x0056b190]]: Process warning: sys_process_exit(1)
[S : PPU[1] Thread (CPUThread)[0x0056b190]]: Process finished
[! : RSXThread]: RSX thread exit...
[!]: Closing memory...
