[!]: path: /dev_hdd0/game/
[W]: SELF: No NPDRM control info found!
[!]: Loading 'D:\Emulateurs\Rpcs3\dev_hdd0\game\BLES01696-[Obut Pétanque 2]\PS3_GAME\USRDIR/BOOT.BIN'...
[!]: Mount info:
[!]: /dev_hdd0/ -> D:\Emulateurs\Rpcs3\dev_hdd0\
[!]: /dev_hdd1/ -> D:\Emulateurs\Rpcs3\dev_hdd1\
[!]: /dev_flash/ -> D:\Emulateurs\Rpcs3\dev_flash\
[!]: /dev_usb000/ -> D:\Emulateurs\Rpcs3\dev_usb000\
[!]: /dev_usb/ -> D:\Emulateurs\Rpcs3\dev_usb000\
[!]: /app_home/ -> D:\Emulateurs\Rpcs3\dev_hdd0\game\BLES01696-[Obut Pétanque 2]\PS3_GAME\\USRDIR\
[!]: /dev_bdvd/ -> D:\Emulateurs\Rpcs3\dev_hdd0\game\BLES01696-[Obut Pétanque 2]\PS3_GAME\\..\
[!]: /host_root/ -> 
[!]: / -> D:\Emulateurs\Rpcs3\dev_hdd0\game\BLES01696-[Obut Pétanque 2]\PS3_GAME\\USRDIR\
[!]: /data/ -> D:\Emulateurs\Rpcs3\dev_hdd0\game\BLES01696-[Obut Pétanque 2]\PS3_GAME\\USRDIR\
[!]: /app_home/Game/PS3_GAME/ -> D:\Emulateurs\Rpcs3\dev_hdd0\game\BLES01696-[Obut Pétanque 2]\PS3_GAME\
[!]: Initing memory...
[!]: Memory initialized.
[W]: Unknown function 0x832df17e in 'cellAudio' module
[E]: TODO: cellAudioAdd6chData
[W]: Unknown function 0x1672170e in 'sceNp' module
[E]: TODO: sceNpScoreRecordScore
[W]: Unknown function 0x259113b8 in 'sceNp' module
[E]: TODO: sceNpScoreDestroyTitleCtx
[W]: Unknown function 0x32cf311f in 'sceNp' module
[E]: TODO: sceNpScoreInit
[W]: Unknown function 0x52a6b523 in 'sceNp' module
[E]: TODO: sceNpManagerUnregisterCallback
[W]: Unknown function 0x6ee62ed2 in 'sceNp' module
[E]: TODO: sceNpManagerGetContentRatingFlag
[W]: Unknown function 0x6f5e8143 in 'sceNp' module
[E]: TODO: sceNpScoreCreateTransactionCtx
[W]: Unknown function 0x9851f805 in 'sceNp' module
[E]: TODO: sceNpScoreTerm
[W]: Unknown function 0xb9f93bbb in 'sceNp' module
[E]: TODO: sceNpScoreCreateTitleCtx
[W]: Unknown function 0xc3a991ee in 'sceNp' module
[E]: TODO: sceNpScoreGetRankingByNpIdPcId
[W]: Unknown function 0xc5f4cf82 in 'sceNp' module
[E]: TODO: sceNpScoreDestroyTransactionCtx
[W]: Unknown function 0xe7dcd3b4 in 'sceNp' module
[E]: TODO: sceNpManagerRegisterCallback
[W]: Unknown function 0xfbc82301 in 'sceNp' module
[E]: TODO: sceNpScoreGetRankingByRange
[W]: Unknown function 0xfe37a7f4 in 'sceNp' module
[E]: TODO: sceNpManagerGetNpId
[W]: Unknown function 0xf042b14f in 'sceNp' module
[E]: TODO: sceNpDrmIsAvailable2
[W]: Unknown function 0x967a162b in 'sys_fs' module
[E]: TODO: cellFsFsync
[W]: Unknown function 0x6d3bb15b in 'sys_fs' module
[E]: TODO: cellFsSdataOpenByFd
[W]: Unknown function 0x16394a4e in 'cellSpurs' module
[E]: TODO: _cellSpursTasksetAttributeInitialize
[W]: Unknown function 0x17001000 in 'cellSpurs' module
[E]: TODO: cellSpursAddUrgentCommand
[W]: Unknown function 0x1d46fedf in 'cellSpurs' module
[E]: TODO: cellSpursCreateTaskWithAttribute
[W]: Unknown function 0x22aab31d in 'cellSpurs' module
[E]: TODO: cellSpursEventFlagDetachLv2EventQueue
[W]: Unknown function 0x303c19cd in 'cellSpurs' module
[E]: TODO: cellSpursCreateJobChainWithAttribute
[W]: Unknown function 0x3548f483 in 'cellSpurs' module
[E]: TODO: _cellSpursJobChainAttributeInitialize
[W]: Unknown function 0x5ef96465 in 'cellSpurs' module
[E]: TODO: _cellSpursEventFlagInitialize
[W]: Unknown function 0x652b70e2 in 'cellSpurs' module
[E]: TODO: cellSpursTasksetAttributeSetName
[W]: Unknown function 0x738e40e6 in 'cellSpurs' module
[E]: TODO: cellSpursShutdownJobChain
[W]: Unknown function 0x87630976 in 'cellSpurs' module
[E]: TODO: cellSpursEventFlagAttachLv2EventQueue
[W]: Unknown function 0x8f122ef8 in 'cellSpurs' module
[E]: TODO: cellSpursTasksetAttributeSetTasksetSize
[W]: Unknown function 0x9f72add3 in 'cellSpurs' module
[E]: TODO: cellSpursJoinTaskset
[W]: Unknown function 0x9fef70c2 in 'cellSpurs' module
[E]: TODO: cellSpursJobChainAttributeSetName
[W]: Unknown function 0xa789e631 in 'cellSpurs' module
[E]: TODO: cellSpursShutdownTaskset
[W]: Unknown function 0xa7c066de in 'cellSpurs' module
[E]: TODO: cellSpursJoinJobChain
[W]: Unknown function 0xaa6269a8 in 'cellSpurs' module
[E]: TODO: cellSpursInitializeWithAttribute
[W]: Unknown function 0xb8474eff in 'cellSpurs' module
[E]: TODO: _cellSpursTaskAttributeInitialize
[W]: Unknown function 0xc10931cb in 'cellSpurs' module
[E]: TODO: cellSpursCreateTasksetWithAttribute
[W]: Unknown function 0xddc81b5a in 'cellSpurs' module
[E]: TODO: cellSpursTraceStop
[W]: Unknown function 0xe0a6dbe4 in 'cellSpurs' module
[E]: TODO: _cellSpursSendSignal
[W]: Unknown function 0xf31731bb in 'cellSpurs' module
[E]: TODO: cellSpursRunJobChain
[W]: Unknown function 0x039d70b7 in 'cellSpurs' module
[E]: TODO: cellSpursQueueDetachLv2EventQueue
[W]: Unknown function 0x082bfb09 in 'cellSpurs' module
[E]: TODO: _cellSpursQueueInitialize
[W]: Unknown function 0x1ebcf459 in 'cellSpurs' module
[E]: TODO: cellSpursDestroyTaskset2
[W]: Unknown function 0x373523d4 in 'cellSpurs' module
[E]: TODO: cellSpursEventFlagWait
[W]: Unknown function 0x4a6465e3 in 'cellSpurs' module
[E]: TODO: cellSpursCreateTaskset2
[W]: Unknown function 0x68aaeba9 in 'cellSpurs' module
[E]: TODO: cellSpursJobGuardInitialize
[W]: Unknown function 0x91066667 in 'cellSpurs' module
[E]: TODO: cellSpursQueuePopBody
[W]: Unknown function 0x92cff6ed in 'cellSpurs' module
[E]: TODO: cellSpursQueuePushBody
[W]: Unknown function 0xa7a94892 in 'cellSpurs' module
[E]: TODO: cellSpursJoinTask2
[W]: Unknown function 0xacfc8dbc in 'cellSpurs' module
[E]: TODO: cellSpursInitialize
[W]: Unknown function 0xbeb600ac in 'cellSpurs' module
[E]: TODO: cellSpursCreateTask
[W]: Unknown function 0xc2acdf43 in 'cellSpurs' module
[E]: TODO: _cellSpursTasksetAttribute2Initialize
[W]: Unknown function 0xd5d0b256 in 'cellSpurs' module
[E]: TODO: cellSpursJobGuardNotify
[W]: Unknown function 0xe4944a1c in 'cellSpurs' module
[E]: TODO: cellSpursCreateTask2WithBinInfo
[W]: Unknown function 0xe5443be7 in 'cellSpurs' module
[E]: TODO: cellSpursQueueAttachLv2EventQueue
[W]: Unknown function 0xf5507729 in 'cellSpurs' module
[E]: TODO: cellSpursEventFlagSet
[W]: Unknown function 0x21425307 in 'cellSysutil' module
[E]: TODO: cellSaveDataListAutoLoad
[W]: Unknown function 0x8b7ed64b in 'cellSysutil' module
[E]: TODO: cellSaveDataAutoSave2
[W]: Unknown function 0xced17573 in 'cellSysutil' module
[E]: TODO: cellSaveDataFixedDelete
[W]: Unknown function 0xfbd5c856 in 'cellSysutil' module
[E]: TODO: cellSaveDataAutoLoad2
[W]: Unknown function 0xa11552f6 in 'cellSysutil' module
[E]: TODO: cellSysutilGetBgmPlaybackStatus
[W]: Unknown function 0x71f4c717 in 'sys_net' module
[E]: TODO: gethostbyname
[W]: Unknown function 0xdabbc2c0 in 'sys_net' module
[E]: TODO: inet_addr
[W]: Unknown function 0xf7ac8941 in 'sys_net' module
[E]: TODO: gethostbyaddr
[W]: Unknown function 0x28e208bb in 'sys_net' module
[E]: TODO: listen
[W]: Unknown function 0x3f09e20a in 'sys_net' module
[E]: TODO: socketselect
[W]: Unknown function 0x82f294b2 in 'cellOvis' module
[E]: TODO: cellOvisGetOverlayTableSize
[W]: Unknown function 0xa876c911 in 'cellOvis' module
[E]: TODO: cellOvisInitializeOverlayTable
[W]: Unknown function 0x63387071 in 'cellGcmSys' module
[E]: TODO: cellGcmGetLastFlipTime
[W]: Unknown function 0x99d397ac in 'cellGcmSys' module
[E]: TODO: cellGcmGetReport
[W]: Unknown module 'libgem'
[W]: Unknown function 0x21fc151f in 'cellCamera' module
[E]: TODO: cellCameraReadEx
[W]: Unknown function 0x44673f07 in 'cellCamera' module
[E]: TODO: cellCameraRemoveNotifyEventQueue2
[W]: Unknown function 0x456dc4aa in 'cellCamera' module
[E]: TODO: cellCameraStart
[W]: Unknown function 0x58bc5870 in 'cellCamera' module
[E]: TODO: cellCameraGetType
[W]: Unknown function 0x5d25f866 in 'cellCamera' module
[E]: TODO: cellCameraOpenEx
[W]: Unknown function 0x81f83db9 in 'cellCamera' module
[E]: TODO: cellCameraReset
[W]: Unknown function 0xa7fd2f5b in 'cellCamera' module
[E]: TODO: cellCameraSetNotifyEventQueue2
[W]: Unknown function 0xbf47c5dd in 'cellCamera' module
[E]: TODO: cellCameraInit
[W]: Unknown function 0x0247c69e in 'cellSail' module
[E]: TODO: cellSailGraphicsAdapterGetFrame
[W]: Unknown function 0x0abb318b in 'cellSail' module
[E]: TODO: cellSailDescriptorCreateDatabase
[W]: Unknown function 0x0c4cb439 in 'cellSail' module
[E]: TODO: cellSailFutureReset
[W]: Unknown function 0x1139a206 in 'cellSail' module
[E]: TODO: cellSailPlayerSetSoundAdapter
[W]: Unknown function 0x1872331b in 'cellSail' module
[E]: TODO: cellSailGraphicsAdapterPtsToTimePosition
[W]: Unknown function 0x18b4629d in 'cellSail' module
[E]: TODO: cellSailPlayerFinalize
[W]: Unknown function 0x18bcd21b in 'cellSail' module
[E]: TODO: cellSailPlayerSetGraphicsAdapter
[W]: Unknown function 0x1c983864 in 'cellSail' module
[E]: TODO: cellSailGraphicsAdapterInitialize
[W]: Unknown function 0x1c9d5e5a in 'cellSail' module
[E]: TODO: cellSailSoundAdapterSetPreferredFormat
[W]: Unknown function 0x23654375 in 'cellSail' module
[E]: TODO: cellSailPlayerInitialize2
[W]: Unknown function 0x28336e89 in 'cellSail' module
[E]: TODO: cellSailDescriptorDestroyDatabase
[W]: Unknown function 0x2e3ccb5e in 'cellSail' module
[E]: TODO: cellSailGraphicsAdapterSetPreferredFormat
[W]: Unknown function 0x346ebba3 in 'cellSail' module
[E]: TODO: cellSailMemAllocatorInitialize
[W]: Unknown function 0x34ecc1b9 in 'cellSail' module
[E]: TODO: cellSailPlayerOpenStream
[W]: Unknown function 0x3a2d806c in 'cellSail' module
[E]: TODO: cellSailFutureGet
[W]: Unknown function 0x3d0d3b72 in 'cellSail' module
[E]: TODO: cellSailSoundAdapterInitialize
[W]: Unknown function 0x44a20e79 in 'cellSail' module
[E]: TODO: cellSailGraphicsAdapterUpdateAvSync
[W]: Unknown function 0x4ae979df in 'cellSail' module
[E]: TODO: cellSailSoundAdapterPtsToTimePosition
[W]: Unknown function 0x4cc54f8e in 'cellSail' module
[E]: TODO: cellSailFutureInitialize
[W]: Unknown function 0x5783a454 in 'cellSail' module
[E]: TODO: cellSailMp4MovieGetMovieInfo
[W]: Unknown function 0x5f7c7a6f in 'cellSail' module
[E]: TODO: cellSailPlayerSetParameter
[W]: Unknown function 0x6e83f5c0 in 'cellSail' module
[E]: TODO: cellSailAviMovieGetMovieInfo
[W]: Unknown function 0x76488bb1 in 'cellSail' module
[E]: TODO: cellSailGraphicsAdapterFinalize
[W]: Unknown function 0x7c8dff3b in 'cellSail' module
[E]: TODO: cellSailPlayerAddDescriptor
[W]: Unknown function 0x7eb8d6b5 in 'cellSail' module
[E]: TODO: cellSailSoundAdapterGetFrame
[W]: Unknown function 0x9553af65 in 'cellSail' module
[E]: TODO: cellSailFutureFinalize
[W]: Unknown function 0xa37fed15 in 'cellSail' module
[E]: TODO: cellSailFutureSet
[W]: Unknown function 0xbdf21b0f in 'cellSail' module
[E]: TODO: cellSailPlayerBoot
[W]: Unknown function 0xd1462438 in 'cellSail' module
[E]: TODO: cellSailSoundAdapterFinalize
[W]: Unknown function 0xd1d55a90 in 'cellSail' module
[E]: TODO: cellSailPlayerSetPaused
[W]: Unknown function 0xd7938b8d in 'cellSail' module
[E]: TODO: cellSailPlayerCreateDescriptor
[W]: Unknown function 0xe535b0d3 in 'cellSail' module
[E]: TODO: cellSailPlayerStart
[W]: Unknown function 0xeba8d4ec in 'cellSail' module
[E]: TODO: cellSailPlayerStop
[W]: Unknown function 0xeec22809 in 'cellSail' module
[E]: TODO: cellSailSoundAdapterUpdateAvSync
[W]: Unknown function 0xf25f197d in 'cellSail' module
[E]: TODO: cellSailSoundAdapterGetFormat
[W]: Unknown function 0xfc5baf8a in 'cellSail' module
[E]: TODO: cellSailPlayerSetRepeatMode
[W]: Unknown function 0xfc839bd4 in 'cellSail' module
[E]: TODO: cellSailPlayerDestroyDescriptor
[W]: Unknown function 0xffd58aa4 in 'cellSail' module
[E]: TODO: cellSailGraphicsAdapterGetFormat
[W]: Unknown module 'cellSearchUtility'
[W]: Unknown module 'cellMusicUtility'
[W]: Unknown function 0x4cc9b68d in 'sys_io' module
[E]: TODO: cellPadPeriphGetInfo
[W]: Unknown function 0x05709bbf in 'cellMic' module
[E]: TODO: cellMicOpenEx
[W]: Unknown function 0x07e1b12c in 'cellMic' module
[E]: TODO: cellMicRead
[W]: Unknown function 0x7903400e in 'cellMic' module
[E]: TODO: cellMicSetNotifyEventQueue
[W]: Unknown function 0x8d229f8e in 'cellMic' module
[E]: TODO: cellMicClose
[W]: Unknown function 0xdd724314 in 'cellMic' module
[E]: TODO: cellMicStart
[W]: Unknown function 0xfcfaf246 in 'cellMic' module
[E]: TODO: cellMicStop
[W]: Unknown module 'cellSysutilAvconfExt'
[W]: Unknown function 0x26090058 in 'sysPrxForUser' module
[E]: TODO: sys_prx_load_module
[W]: Unknown function 0xa330ad84 in 'sysPrxForUser' module
[E]: TODO: sys_prx_load_module_on_memcontainer_by_fd
[W]: Unknown function 0xaa6d9bff in 'sysPrxForUser' module
[E]: TODO: sys_prx_load_module_on_memcontainer
[W]: Unknown function 0xdd3b27ac in 'sysPrxForUser' module
[E]: TODO: _sys_spu_printf_finalize
[W]: Unknown function 0xef68c17c in 'sysPrxForUser' module
[E]: TODO: sys_prx_load_module_by_fd
[W : PPU[1] Thread (CPUThread)[0x0124e058]]: sys_lwmutex warning: *** lwmutex created [_lc_mtx] (attribute=0x12): sq_id = 3
[W : PPU[1] Thread (CPUThread)[0x00a9ea70]]: memory warning: sys_memory_get_user_memory_size(mem_info_addr=0xd0020c04)
[W : PPU[1] Thread (CPUThread)[0x0124e058]]: sys_lwmutex warning: *** lwmutex created [_lc_mtx] (attribute=0x12): sq_id = 4
[W : PPU[1] Thread (CPUThread)[0x0124e058]]: sys_lwmutex warning: *** lwmutex created [_lc_mtx] (attribute=0x12): sq_id = 5
[W : PPU[1] Thread (CPUThread)[0x0124e058]]: sys_lwmutex warning: *** lwmutex created [_lc_mtx] (attribute=0x12): sq_id = 6
[W : PPU[1] Thread (CPUThread)[0x0124e058]]: sys_lwmutex warning: *** lwmutex created [_lc_mtx] (attribute=0x12): sq_id = 7
[W : PPU[1] Thread (CPUThread)[0x0124e058]]: sys_lwmutex warning: *** lwmutex created [_lc_mtx] (attribute=0x12): sq_id = 8
[W : PPU[1] Thread (CPUThread)[0x0124e058]]: sys_lwmutex warning: *** lwmutex created [_lc_mtx] (attribute=0x12): sq_id = 9
[W : PPU[1] Thread (CPUThread)[0x0124e058]]: sys_lwmutex warning: *** lwmutex created [_lc_mtx] (attribute=0x12): sq_id = 10
[W : PPU[1] Thread (CPUThread)[0x0124e058]]: sys_lwmutex warning: *** lwmutex created [_lc_mtx] (attribute=0x12): sq_id = 11
[W : PPU[1] Thread (CPUThread)[0x0124e058]]: sys_lwmutex warning: *** lwmutex created [_lc_mtx] (attribute=0x12): sq_id = 12
[W : PPU[1] Thread (CPUThread)[0x0124e058]]: sys_lwmutex warning: *** lwmutex created [_lgcmtx] (attribute=0x12): sq_id = 13
[W : PPU[1] Thread (CPUThread)[0x0124e058]]: sys_lwmutex warning: *** lwmutex created [_lgcmtx] (attribute=0x22): sq_id = 14
[W : PPU[1] Thread (CPUThread)[0x0124e058]]: sys_lwmutex warning: *** lwmutex created [_lc_mtx] (attribute=0x12): sq_id = 15
[W : PPU[1] Thread (CPUThread)[0x0124e058]]: sys_lwmutex warning: *** lwmutex created [_lc_mtx] (attribute=0x12): sq_id = 16
[W : PPU[1] Thread (CPUThread)[0x0124e058]]: sys_lwmutex warning: *** lwmutex created [_lc_mtx] (attribute=0x12): sq_id = 17
[W : PPU[1] Thread (CPUThread)[0x0124e058]]: sys_lwmutex warning: *** lwmutex created [_lc_mtx] (attribute=0x12): sq_id = 18
[W : PPU[1] Thread (CPUThread)[0x0124e058]]: sys_lwmutex warning: *** lwmutex created [_lc_mtx] (attribute=0x12): sq_id = 19
[W : PPU[1] Thread (CPUThread)[0x0124e058]]: sys_lwmutex warning: *** lwmutex created [_lc_mtx] (attribute=0x12): sq_id = 20
[W : PPU[1] Thread (CPUThread)[0x0124e058]]: sys_lwmutex warning: *** lwmutex created [_lc_mtx] (attribute=0x12): sq_id = 21
[W : PPU[1] Thread (CPUThread)[0x0124e058]]: sys_lwmutex warning: *** lwmutex created [_lc_mtx] (attribute=0x12): sq_id = 22
[W : PPU[1] Thread (CPUThread)[0x0124e058]]: sys_lwmutex warning: *** lwmutex created [_lc_mtx] (attribute=0x12): sq_id = 23
[W : PPU[1] Thread (CPUThread)[0x0124e058]]: sys_lwmutex warning: *** lwmutex created [_lc_mtx] (attribute=0x12): sq_id = 24
[W : PPU[1] Thread (CPUThread)[0x0124e058]]: sys_lwmutex warning: *** lwmutex created [_lc_mtx] (attribute=0x12): sq_id = 25
[W : PPU[1] Thread (CPUThread)[0x0124e058]]: sys_lwmutex warning: *** lwmutex created [_lc_mtx] (attribute=0x12): sq_id = 26
[W : PPU[1] Thread (CPUThread)[0x0124e058]]: sys_lwmutex warning: *** lwmutex created [ps3HDDL] (attribute=0x12): sq_id = 27
[W : PPU[1] Thread (CPUThread)[0x00a8d82c]]: cellSysutil warning: cellSysutilGetSystemParamInt: CELL_SYSUTIL_SYSTEMPARAM_ID_TIMEZONE
[W : PPU[1] Thread (CPUThread)[0x00a8d82c]]: cellSysutil warning: cellSysutilGetSystemParamInt: CELL_SYSUTIL_SYSTEMPARAM_ID_SUMMERTIME
[W : PPU[1] Thread (CPUThread)[0x00a96420]]: cellSysutil warning: cellSysutilGetSystemParamInt: CELL_SYSUTIL_SYSTEMPARAM_ID_TIMEZONE
[W : PPU[1] Thread (CPUThread)[0x00a96420]]: cellSysutil warning: cellSysutilGetSystemParamInt: CELL_SYSUTIL_SYSTEMPARAM_ID_SUMMERTIME
[W : PPU[1] Thread (CPUThread)[0x00a8f29c]]: cellSysutil warning: cellSysutilGetSystemParamInt: CELL_SYSUTIL_SYSTEMPARAM_ID_TIMEZONE
[W : PPU[1] Thread (CPUThread)[0x00a8f29c]]: cellSysutil warning: cellSysutilGetSystemParamInt: CELL_SYSUTIL_SYSTEMPARAM_ID_SUMMERTIME
[W : PPU[1] Thread (CPUThread)[0x00a96420]]: cellSysutil warning: cellSysutilGetSystemParamInt: CELL_SYSUTIL_SYSTEMPARAM_ID_TIMEZONE
[W : PPU[1] Thread (CPUThread)[0x00a96420]]: cellSysutil warning: cellSysutilGetSystemParamInt: CELL_SYSUTIL_SYSTEMPARAM_ID_SUMMERTIME
[W : PPU[1] Thread (CPUThread)[0x00a8d7d0]]: cellSysutil warning: cellSysutilGetSystemParamInt: CELL_SYSUTIL_SYSTEMPARAM_ID_TIMEZONE
[W : PPU[1] Thread (CPUThread)[0x00a8d7d0]]: cellSysutil warning: cellSysutilGetSystemParamInt: CELL_SYSUTIL_SYSTEMPARAM_ID_SUMMERTIME
[W : PPU[1] Thread (CPUThread)[0x00a8f29c]]: cellSysutil warning: cellSysutilGetSystemParamInt: CELL_SYSUTIL_SYSTEMPARAM_ID_TIMEZONE
[W : PPU[1] Thread (CPUThread)[0x00a8f29c]]: cellSysutil warning: cellSysutilGetSystemParamInt: CELL_SYSUTIL_SYSTEMPARAM_ID_SUMMERTIME
[W : PPU[1] Thread (CPUThread)[0x0124e058]]: sys_lwmutex warning: *** lwmutex created [] (attribute=0x12): sq_id = 28
[W : PPU[1] Thread (CPUThread)[0x0124e058]]: sys_lwmutex warning: *** lwmutex created [] (attribute=0x12): sq_id = 29
[W : PPU[1] Thread (CPUThread)[0x0124e058]]: sys_lwmutex warning: *** lwmutex created [] (attribute=0x12): sq_id = 30
[W : PPU[1] Thread (CPUThread)[0x0124e058]]: sys_lwmutex warning: *** lwmutex created [] (attribute=0x12): sq_id = 31
[W : PPU[1] Thread (CPUThread)[0x0124e058]]: sys_lwmutex warning: *** lwmutex created [] (attribute=0x12): sq_id = 32
[W : PPU[1] Thread (CPUThread)[0x0124e058]]: sys_lwmutex warning: *** lwmutex created [] (attribute=0x22): sq_id = 33
[W : PPU[1] Thread (CPUThread)[0x0124e058]]: sys_lwmutex warning: *** lwmutex created [] (attribute=0x12): sq_id = 34
[W : PPU[1] Thread (CPUThread)[0x0124e058]]: sys_lwmutex warning: *** lwmutex created [] (attribute=0x12): sq_id = 35
[W : PPU[1] Thread (CPUThread)[0x0122a040]]: cellSysutil warning: cellSysutilGetSystemParamInt: CELL_SYSUTIL_SYSTEMPARAM_ID_LANG
[W : PPU[1] Thread (CPUThread)[0x0122a040]]: cellSysutil warning: cellSysutilGetSystemParamInt: CELL_SYSUTIL_SYSTEMPARAM_ID_ENTER_BUTTON_ASSIGN
[W : PPU[1] Thread (CPUThread)[0x01226010]]: cellSysmodule warning: cellSysmoduleLoadModule(CELL_SYSMODULE_NET)
[W : PPU[1] Thread (CPUThread)[0x002bece4]]: sys_mutex warning: *** mutex created [] (protocol=0x2, recursive=true): id = 36
[W : PPU[1] Thread (CPUThread)[0x0122c004]]: sys_net warning: sys_net_initialize_network_ex(param_addr=0xd001fee0)
[W : PPU[1] Thread (CPUThread)[0x0122c040]]: sys_net warning: socket(family=2, type=1, protocol=0)
[E : PPU[1] Thread (CPUThread)[0x0122c058]]: TODO: inet_addr
[W : PPU[1] Thread (CPUThread)[0x0122c010]]: sys_net warning: connect(s=824, family_addr=0xd001feec, addrlen=16)
[W : PPU[1] Thread (CPUThread)[0x01226010]]: cellSysmodule warning: cellSysmoduleLoadModule(CELL_SYSMODULE_FS)
[W : PPU[1] Thread (CPUThread)[0x01226010]]: cellSysmodule warning: cellSysmoduleLoadModule(CELL_SYSMODULE_SYSUTIL_GAME)
[W : PPU[1] Thread (CPUThread)[0x01226010]]: cellSysmodule warning: cellSysmoduleLoadModule(CELL_SYSMODULE_SYSUTIL_USERINFO)
[W : PPU[1] Thread (CPUThread)[0x01242028]]: cellGame warning: cellGameBootCheck(type_addr=0xd001fe50, attributes_addr=0xd001fe54, size_addr=0xd001fe58, dirName_addr=0xd001fe88)
[W : PPU[1] Thread (CPUThread)[0x01242010]]: cellGame warning: cellGameContentPermit(contentInfoPath_addr=0xd001fea8, usrdirPath_addr=0xd001ff28)
[E : PPU[1] Thread (CPUThread)[0x002bfd70]]: Unknown syscall: 631 - 00000277
[W : PPU[1] Thread (CPUThread)[0x0124e0d0]]: sysPrxForUser warning: sys_ppu_thread_once(once_ctrl_addr=0x11f7014, entry=0x10b2de8)
[W : PPU[37] Thread (CPUThread)[0x0124e058]]: sys_lwmutex warning: *** lwmutex created [_lc_spf] (attribute=0x22): sq_id = 38
[!]: Closing memory...
