[!]: path: /dev_hdd0/game/
[!]: Loading 'D:\Emulateurs\Rpcs3\dev_hdd0\game\BLES01437-[SSX™]\PS3_GAME\USRDIR/BOOT.BIN'...
[!]: Mount info:
[!]: /dev_hdd0/ -> D:\Emulateurs\Rpcs3\dev_hdd0\
[!]: /dev_hdd1/ -> D:\Emulateurs\Rpcs3\dev_hdd1\
[!]: /dev_flash/ -> D:\Emulateurs\Rpcs3\dev_flash\
[!]: /dev_usb000/ -> D:\Emulateurs\Rpcs3\dev_usb000\
[!]: /dev_usb/ -> D:\Emulateurs\Rpcs3\dev_usb000\
[!]: /app_home/ -> D:\Emulateurs\Rpcs3\dev_hdd0\game\BLES01437-[SSX™]\PS3_GAME\\USRDIR\
[!]: /dev_bdvd/ -> D:\Emulateurs\Rpcs3\dev_hdd0\game\BLES01437-[SSX™]\PS3_GAME\\..\
[!]: /host_root/ -> 
[!]: ///resource/ -> D:\Emulateurs\Rpcs3\dev_hdd0\game\BLES01437-[SSX™]\PS3_GAME\\USRDIR\resource\
[!]: /app_home/Game/PS3_GAME/USRDIR/ -> D:\Emulateurs\Rpcs3\dev_hdd0\game\BLES01437-[SSX™]\PS3_GAME\\USRDIR\
[!]: /app_home/PS3_GAME/USRDIR/media/ -> D:\Emulateurs\Rpcs3\dev_hdd0\game\BLES01437-[SSX™]\PS3_GAME\\USRDIR\media\
[!]: /Data/ -> D:\Emulateurs\Rpcs3\dev_hdd0\game\BLES01437-[SSX™]\PS3_GAME\\USRDIR\Data\
[!]: / -> D:\Emulateurs\Rpcs3\dev_hdd0\game\BLES01437-[SSX™]\PS3_GAME\\USRDIR\
[!]: /USRDIR/PS3_GAME/USRDIR/Data/ -> D:\Emulateurs\Rpcs3\dev_hdd0\game\BLES01437-[SSX™]\PS3_GAME\\USRDIR\Data\
[!]: Initing memory...
[!]: Memory initialized.
[W]: Unknown function 0x27c69eba in 'sceNp' module
[E]: TODO: sceNpBasicAddFriend
[W]: Unknown function 0x6ee62ed2 in 'sceNp' module
[E]: TODO: sceNpManagerGetContentRatingFlag
[W]: Unknown function 0xb1e0718b in 'sceNp' module
[E]: TODO: sceNpManagerGetAccountRegion
[W]: Unknown function 0xbe07c708 in 'sceNp' module
[E]: TODO: sceNpManagerGetOnlineId
[W]: Unknown function 0xceeebc7a in 'sceNp' module
[E]: TODO: sceNpProfileCallGui
[W]: Unknown function 0xeb7a3d84 in 'sceNp' module
[E]: TODO: sceNpManagerGetChatRestrictionFlag
[W]: Unknown function 0x000e53cc in 'sceNp' module
[E]: TODO: sceNpManagerSubSignout
[W]: Unknown function 0x04372385 in 'sceNp' module
[E]: TODO: sceNpBasicGetFriendListEntry
[W]: Unknown function 0x0968aa36 in 'sceNp' module
[E]: TODO: sceNpManagerGetTicket
[W]: Unknown function 0x1ae8a549 in 'sceNp' module
[E]: TODO: sceNpBasicAddBlockListEntry
[W]: Unknown function 0x1fdb3ec2 in 'sceNp' module
[E]: TODO: sceNpLookupUserProfileWithAvatarSizeAsync
[W]: Unknown function 0x3d1760dc in 'sceNp' module
[E]: TODO: sceNpLookupAbortTransaction
[W]: Unknown function 0x4210c462 in 'sceNp' module
[E]: Unknown func id: 0x4210c462
[W]: Unknown function 0x442381f7 in 'sceNp' module
[E]: TODO: sceNpManagerSubSignin
[W]: Unknown function 0x52a6b523 in 'sceNp' module
[E]: TODO: sceNpManagerUnregisterCallback
[W]: Unknown function 0x58fa4fcd in 'sceNp' module
[E]: TODO: sceNpManagerGetTicketParam
[W]: Unknown function 0x5de61626 in 'sceNp' module
[E]: TODO: sceNpLookupDestroyTitleCtx
[W]: Unknown function 0x5f2d9257 in 'sceNp' module
[E]: TODO: sceNpLookupInit
[W]: Unknown function 0x73931bd0 in 'sceNp' module
[E]: TODO: sceNpBasicGetBlockListEntryCount
[W]: Unknown function 0x7508112e in 'sceNp' module
[E]: TODO: sceNpLookupPollAsync
[W]: Unknown function 0x8297f1ec in 'sceNp' module
[E]: TODO: sceNpManagerRequestTicket2
[W]: Unknown function 0x8440537c in 'sceNp' module
[E]: TODO: sceNpLookupTerm
[W]: Unknown function 0xa1709abd in 'sceNp' module
[E]: TODO: sceNpManagerGetEntitlementById
[W]: Unknown function 0xacb9ee8e in 'sceNp' module
[E]: TODO: sceNpBasicUnregisterHandler
[W]: Unknown function 0xafef640d in 'sceNp' module
[E]: TODO: sceNpBasicGetFriendListEntryCount
[W]: Unknown function 0xb66d1c46 in 'sceNp' module
[E]: TODO: sceNpManagerGetEntitlementIdList
[W]: Unknown function 0xbcc09fe7 in 'sceNp' module
[E]: TODO: sceNpBasicRegisterHandler
[W]: Unknown function 0xbdc07fd5 in 'sceNp' module
[E]: TODO: sceNpManagerGetNetworkTime
[W]: Unknown function 0xce81c7f0 in 'sceNp' module
[E]: TODO: sceNpLookupCreateTitleCtx
[W]: Unknown function 0xd12e40ae in 'sceNp' module
[E]: TODO: sceNpLookupNpIdAsync
[W]: Unknown function 0xd208f91d in 'sceNp' module
[E]: TODO: sceNpUtilCmpNpId
[W]: Unknown function 0xe035f7d6 in 'sceNp' module
[E]: TODO: sceNpBasicGetEvent
[W]: Unknown function 0xe7dcd3b4 in 'sceNp' module
[E]: TODO: sceNpManagerRegisterCallback
[W]: Unknown function 0xea2e9ffc in 'sceNp' module
[E]: TODO: sceNpLookupCreateTransactionCtx
[W]: Unknown function 0xf2b3338a in 'sceNp' module
[E]: TODO: sceNpBasicGetBlockListEntry
[W]: Unknown function 0xfb87cf5e in 'sceNp' module
[E]: TODO: sceNpLookupDestroyTransactionCtx
[W]: Unknown function 0xfe37a7f4 in 'sceNp' module
[E]: TODO: sceNpManagerGetNpId
[W]: Unknown function 0x3d1e1931 in 'cellSysutil' module
[E]: TODO: cellOskDialogUnloadAsync
[W]: Unknown function 0x7fcfc915 in 'cellSysutil' module
[E]: TODO: cellOskDialogLoadAsync
[W]: Unknown function 0xb53c54fa in 'cellSysutil' module
[E]: TODO: cellOskDialogSetKeyLayoutOption
[W]: Unknown function 0x1dfbfdd6 in 'cellSysutil' module
[E]: TODO: cellSaveDataListLoad2
[W]: Unknown function 0x21425307 in 'cellSysutil' module
[E]: TODO: cellSaveDataListAutoLoad
[W]: Unknown function 0x220894e3 in 'cellSysutil' module
[E]: TODO: cellSysutilEnableBgmPlayback
[W]: Unknown function 0x2aae9ef5 in 'cellSysutil' module
[E]: TODO: cellSaveDataFixedSave2
[W]: Unknown function 0x2de0d663 in 'cellSysutil' module
[E]: TODO: cellSaveDataListSave2
[W]: Unknown function 0x4dd03a4e in 'cellSysutil' module
[E]: TODO: cellSaveDataListAutoSave
[W]: Unknown function 0xa11552f6 in 'cellSysutil' module
[E]: TODO: cellSysutilGetBgmPlaybackStatus
[W]: Unknown function 0xced17573 in 'cellSysutil' module
[E]: TODO: cellSaveDataFixedDelete
[W]: Unknown function 0xcfdd8e87 in 'cellSysutil' module
[E]: TODO: cellSysutilDisableBgmPlayback
[W]: Unknown function 0xe7fa820b in 'cellSysutil' module
[E]: TODO: cellSaveDataEnableOverlay
[W]: Unknown function 0xedadd797 in 'cellSysutil' module
[E]: TODO: cellSaveDataDelete2
[W]: Unknown function 0xfbd5c856 in 'cellSysutil' module
[E]: TODO: cellSaveDataAutoLoad2
[W]: Unknown function 0x1f61b3ff in 'cellGcmSys' module
[E]: TODO: cellGcmDumpGraphicsError
[W]: Unknown function 0x99d397ac in 'cellGcmSys' module
[E]: TODO: cellGcmGetReport
[W]: Unknown function 0x23ae55a3 in 'cellGcmSys' module
[E]: TODO: cellGcmGetLastSecondVTime
[W]: Unknown function 0x63387071 in 'cellGcmSys' module
[E]: TODO: cellGcmGetLastFlipTime
[W]: Unknown function 0xacee8542 in 'cellGcmSys' module
[E]: TODO: cellGcmSetFlipImmediate
[W]: Unknown function 0xdc494430 in 'cellGcmSys' module
[E]: TODO: cellGcmSetSecondVHandler
[W]: Unknown function 0x15ec0cca in 'cellCelpEnc' module
[E]: TODO: cellCelpEncClose
[W]: Unknown function 0x3773692f in 'cellCelpEnc' module
[E]: TODO: cellCelpEncGetAu
[W]: Unknown function 0x55dc23de in 'cellCelpEnc' module
[E]: TODO: cellCelpEncStart
[W]: Unknown function 0x6b148570 in 'cellCelpEnc' module
[E]: TODO: cellCelpEncQueryAttr
[W]: Unknown function 0x77b3b29a in 'cellCelpEnc' module
[E]: TODO: cellCelpEncOpen
[W]: Unknown function 0x81fe030c in 'cellCelpEnc' module
[E]: TODO: cellCelpEncEncodeFrame
[W]: Unknown function 0x9b244272 in 'cellCelpEnc' module
[E]: TODO: cellCelpEncWaitForOutput
[W]: Unknown function 0xf2b85dff in 'cellCelpEnc' module
[E]: TODO: cellCelpEncEnd
[W]: Unknown module 'sceNpCommerce2'
[W]: Unknown module 'cellHttp'
[W]: Unknown function 0x1650aea4 in 'cellSsl' module
[E]: TODO: cellSslEnd
[W]: Unknown function 0x571afaca in 'cellSsl' module
[E]: TODO: cellSslCertificateLoader
[W]: Unknown function 0xfb02c9d2 in 'cellSsl' module
[E]: TODO: cellSslInit
[W]: Unknown function 0x07e1b12c in 'cellMic' module
[E]: TODO: cellMicRead
[W]: Unknown function 0x1b42101b in 'cellMic' module
[E]: TODO: cellMicIsAttached
[W]: Unknown function 0x323deb41 in 'cellMic' module
[E]: TODO: cellMicSetSignalAttr
[W]: Unknown function 0x8325e02d in 'cellMic' module
[E]: TODO: cellMicInit
[W]: Unknown function 0x8d229f8e in 'cellMic' module
[E]: TODO: cellMicClose
[W]: Unknown function 0xb30780eb in 'cellMic' module
[E]: TODO: cellMicGetSignalState
[W]: Unknown function 0xc6328caa in 'cellMic' module
[E]: TODO: cellMicEnd
[W]: Unknown function 0xdd1b59f0 in 'cellMic' module
[E]: TODO: cellMicOpen
[W]: Unknown function 0xdd724314 in 'cellMic' module
[E]: TODO: cellMicStart
[W]: Unknown module 'cellSearchUtility'
[W]: Unknown module 'cellMusicDecodeUtility'
[W]: Unknown module 'cellBGDLUtility'
[W]: Unknown function 0x051ee3ee in 'sys_net' module
[E]: TODO: socketpoll
[W]: Unknown function 0x13efe7f5 in 'sys_net' module
[E]: TODO: getsockname
[W]: Unknown function 0x28e208bb in 'sys_net' module
[E]: TODO: listen
[W]: Unknown function 0x5a045bd1 in 'sys_net' module
[E]: TODO: getsockopt
[W]: Unknown function 0x71f4c717 in 'sys_net' module
[E]: TODO: gethostbyname
[W]: Unknown function 0xf9ec2db6 in 'sys_net' module
[E]: TODO: getpeername
[W]: Unknown function 0x57e4dec3 in 'cellSpurs' module
[E]: TODO: cellSpursRemoveWorkload
[W]: Unknown function 0x5fd43fe4 in 'cellSpurs' module
[E]: TODO: cellSpursWaitForWorkloadShutdown
[W]: Unknown function 0x98d5b343 in 'cellSpurs' module
[E]: TODO: cellSpursShutdownWorkload
[W]: Unknown function 0xc0158d8b in 'cellSpurs' module
[E]: TODO: cellSpursAddWorkloadWithAttribute
[W]: Unknown function 0xefeb2679 in 'cellSpurs' module
[E]: TODO: _cellSpursWorkloadAttributeInitialize
[W]: Unknown function 0xf843818d in 'cellSpurs' module
[E]: TODO: cellSpursReadyCountStore
[W]: Unknown function 0xdd3b27ac in 'sysPrxForUser' module
[E]: TODO: _sys_spu_printf_finalize
[W : PPU[1] Thread (CPUThread)[0x01c36034]]: sys_lwmutex warning: *** lwmutex created [_lc_mtx] (attribute=0x12): sq_id = 3
[W : PPU[1] Thread (CPUThread)[0x00f8cbe8]]: memory warning: sys_memory_get_user_memory_size(mem_info_addr=0xd0010c04)
[W : PPU[1] Thread (CPUThread)[0x01c36034]]: sys_lwmutex warning: *** lwmutex created [_lc_mtx] (attribute=0x12): sq_id = 4
[W : PPU[1] Thread (CPUThread)[0x01c36034]]: sys_lwmutex warning: *** lwmutex created [_lc_mtx] (attribute=0x12): sq_id = 5
[W : PPU[1] Thread (CPUThread)[0x01c36034]]: sys_lwmutex warning: *** lwmutex created [_lc_mtx] (attribute=0x12): sq_id = 6
[W : PPU[1] Thread (CPUThread)[0x01c36034]]: sys_lwmutex warning: *** lwmutex created [_lc_mtx] (attribute=0x12): sq_id = 7
[W : PPU[1] Thread (CPUThread)[0x01c36034]]: sys_lwmutex warning: *** lwmutex created [_lc_mtx] (attribute=0x12): sq_id = 8
[W : PPU[1] Thread (CPUThread)[0x01c36034]]: sys_lwmutex warning: *** lwmutex created [_lc_mtx] (attribute=0x12): sq_id = 9
[W : PPU[1] Thread (CPUThread)[0x01c36034]]: sys_lwmutex warning: *** lwmutex created [_lc_mtx] (attribute=0x12): sq_id = 10
[W : PPU[1] Thread (CPUThread)[0x01c36034]]: sys_lwmutex warning: *** lwmutex created [_lc_mtx] (attribute=0x12): sq_id = 11
[W : PPU[1] Thread (CPUThread)[0x01c36034]]: sys_lwmutex warning: *** lwmutex created [_lc_mtx] (attribute=0x12): sq_id = 12
[W : PPU[1] Thread (CPUThread)[0x01c36034]]: sys_lwmutex warning: *** lwmutex created [] (attribute=0x12): sq_id = 13
[W : PPU[1] Thread (CPUThread)[0x00a7f408]]: sys_semaphore warning: sys_semaphore_create(sem_addr=0x1c050e8, attr_addr=0xd0010b70, initial_count=0, max_count=100000)
[W : PPU[1] Thread (CPUThread)[0x00a7f408]]: sys_semaphore warning: sys_semaphore_create(sem_addr=0x1bee608, attr_addr=0xd0010ac0, initial_count=0, max_count=100000)
[W : PPU[1] Thread (CPUThread)[0x00a7f408]]: sys_semaphore warning: sys_semaphore_create(sem_addr=0x1c048b8, attr_addr=0xd0010b50, initial_count=0, max_count=100000)
[W : PPU[1] Thread (CPUThread)[0x01c36034]]: sys_lwmutex warning: *** lwmutex created [_lc_mtx] (attribute=0x12): sq_id = 17
[W : PPU[1] Thread (CPUThread)[0x01c36034]]: sys_lwmutex warning: *** lwmutex created [_lc_mtx] (attribute=0x12): sq_id = 18
[W : PPU[1] Thread (CPUThread)[0x01c36034]]: sys_lwmutex warning: *** lwmutex created [_lc_mtx] (attribute=0x12): sq_id = 19
[W : PPU[1] Thread (CPUThread)[0x01c36034]]: sys_lwmutex warning: *** lwmutex created [_lc_mtx] (attribute=0x12): sq_id = 20
[W : PPU[1] Thread (CPUThread)[0x01c36034]]: sys_lwmutex warning: *** lwmutex created [_lc_mtx] (attribute=0x12): sq_id = 21
[W : PPU[1] Thread (CPUThread)[0x01c36034]]: sys_lwmutex warning: *** lwmutex created [_lc_mtx] (attribute=0x12): sq_id = 22
[W : PPU[1] Thread (CPUThread)[0x00a7f408]]: sys_semaphore warning: sys_semaphore_create(sem_addr=0x1bea648, attr_addr=0xd0010b60, initial_count=0, max_count=100000)
[W : PPU[1] Thread (CPUThread)[0x00a7f408]]: sys_semaphore warning: sys_semaphore_create(sem_addr=0x1bea6c0, attr_addr=0xd0010b60, initial_count=0, max_count=100000)
[W : PPU[1] Thread (CPUThread)[0x00a7f408]]: sys_semaphore warning: sys_semaphore_create(sem_addr=0x1bdcda0, attr_addr=0xd0010b70, initial_count=0, max_count=100000)
[W : PPU[1] Thread (CPUThread)[0x00a7f408]]: sys_semaphore warning: sys_semaphore_create(sem_addr=0x1bd33d0, attr_addr=0xd0010b50, initial_count=0, max_count=100000)
[W : PPU[1] Thread (CPUThread)[0x00a7f408]]: sys_semaphore warning: sys_semaphore_create(sem_addr=0x1bd3410, attr_addr=0xd0010b50, initial_count=0, max_count=100000)
[W : PPU[1] Thread (CPUThread)[0x00a7f408]]: sys_semaphore warning: sys_semaphore_create(sem_addr=0x1bd2d58, attr_addr=0xd0010b70, initial_count=0, max_count=100000)
[W : PPU[1] Thread (CPUThread)[0x00a7f408]]: sys_semaphore warning: sys_semaphore_create(sem_addr=0x1bcfa00, attr_addr=0xd0010ae0, initial_count=0, max_count=100000)
[W : PPU[1] Thread (CPUThread)[0x00a7f408]]: sys_semaphore warning: sys_semaphore_create(sem_addr=0x1bcfa68, attr_addr=0xd0010ae0, initial_count=0, max_count=100000)
[W : PPU[1] Thread (CPUThread)[0x00a7db70]]: sys_mutex warning: *** mutex created [] (protocol=0x2, recursive=false): id = 31
[W : PPU[1] Thread (CPUThread)[0x00a7dbf0]]: sys_cond warning: *** condition created [] (mutex_id=31): id = 32
[W : PPU[1] Thread (CPUThread)[0x00a7f408]]: sys_semaphore warning: sys_semaphore_create(sem_addr=0x1bc4338, attr_addr=0xd0010b70, initial_count=0, max_count=100000)
[W : PPU[1] Thread (CPUThread)[0x00a7db70]]: sys_mutex warning: *** mutex created [] (protocol=0x2, recursive=false): id = 34
[W : PPU[1] Thread (CPUThread)[0x00a7dbf0]]: sys_cond warning: *** condition created [] (mutex_id=34): id = 35
[W : PPU[1] Thread (CPUThread)[0x00a7db70]]: sys_mutex warning: *** mutex created [] (protocol=0x2, recursive=false): id = 36
[W : PPU[1] Thread (CPUThread)[0x00a7dbf0]]: sys_cond warning: *** condition created [] (mutex_id=36): id = 37
[W : PPU[1] Thread (CPUThread)[0x00a7f408]]: sys_semaphore warning: sys_semaphore_create(sem_addr=0x1bc4228, attr_addr=0xd0010b60, initial_count=0, max_count=100000)
[W : PPU[1] Thread (CPUThread)[0x01a3d004]]: cellSysmodule warning: cellSysmoduleLoadModule(CELL_SYSMODULE_FS)
[W : PPU[1] Thread (CPUThread)[0x00a7f408]]: sys_semaphore warning: sys_semaphore_create(sem_addr=0x1bbb1b0, attr_addr=0xd0010b50, initial_count=0, max_count=100000)
[W : PPU[1] Thread (CPUThread)[0x00a7db70]]: sys_mutex warning: *** mutex created [] (protocol=0x2, recursive=false): id = 40
[W : PPU[1] Thread (CPUThread)[0x00a7dbf0]]: sys_cond warning: *** condition created [] (mutex_id=40): id = 41
[W : PPU[1] Thread (CPUThread)[0x00a7f408]]: sys_semaphore warning: sys_semaphore_create(sem_addr=0x1bae668, attr_addr=0xd0010ae0, initial_count=0, max_count=100000)
[W : PPU[1] Thread (CPUThread)[0x00a7ed7c]]: sys_mutex warning: *** mutex created [] (protocol=0x2, recursive=true): id = 43
[W : PPU[1] Thread (CPUThread)[0x01c0e028]]: cellSysutil warning: cellSysutilGetSystemParamInt: CELL_SYSUTIL_SYSTEMPARAM_ID_ENTER_BUTTON_ASSIGN
[W : PPU[1] Thread (CPUThread)[0x00a7ed7c]]: sys_mutex warning: *** mutex created [] (protocol=0x2, recursive=true): id = 44
[W : PPU[1] Thread (CPUThread)[0x00a7ed7c]]: sys_mutex warning: *** mutex created [] (protocol=0x2, recursive=true): id = 45
[W : PPU[1] Thread (CPUThread)[0x00a7ed7c]]: sys_mutex warning: *** mutex created [] (protocol=0x2, recursive=true): id = 46
[W : PPU[1] Thread (CPUThread)[0x00a7db70]]: sys_mutex warning: *** mutex created [] (protocol=0x2, recursive=false): id = 47
[W : PPU[1] Thread (CPUThread)[0x00a7dbf0]]: sys_cond warning: *** condition created [] (mutex_id=47): id = 48
[W : PPU[1] Thread (CPUThread)[0x00a7f408]]: sys_semaphore warning: sys_semaphore_create(sem_addr=0x1b38190, attr_addr=0xd0010b40, initial_count=0, max_count=100000)
[W : PPU[1] Thread (CPUThread)[0x00a7f408]]: sys_semaphore warning: sys_semaphore_create(sem_addr=0x1b38118, attr_addr=0xd0010b70, initial_count=0, max_count=100000)
[W : PPU[1] Thread (CPUThread)[0x00a7f408]]: sys_semaphore warning: sys_semaphore_create(sem_addr=0x1b14808, attr_addr=0xd0010b70, initial_count=0, max_count=100000)
[W : PPU[1] Thread (CPUThread)[0x01c36034]]: sys_lwmutex warning: *** lwmutex created [_lc_mtx] (attribute=0x12): sq_id = 52
[W : PPU[1] Thread (CPUThread)[0x01c36034]]: sys_lwmutex warning: *** lwmutex created [_lc_mtx] (attribute=0x12): sq_id = 53
[W : PPU[1] Thread (CPUThread)[0x01c36034]]: sys_lwmutex warning: *** lwmutex created [_lc_mtx] (attribute=0x12): sq_id = 54
[W : PPU[1] Thread (CPUThread)[0x01c36034]]: sys_lwmutex warning: *** lwmutex created [_lc_mtx] (attribute=0x12): sq_id = 55
[W : PPU[1] Thread (CPUThread)[0x01c36034]]: sys_lwmutex warning: *** lwmutex created [_lc_mtx] (attribute=0x12): sq_id = 56
[W : PPU[1] Thread (CPUThread)[0x01c36034]]: sys_lwmutex warning: *** lwmutex created [_lc_mtx] (attribute=0x12): sq_id = 57
[E : PPU[1] Thread (CPUThread)[0x01c36058]]: sysPrxForUser error: sys_prx_register_library(lib_addr=0x13d9e00)
[E : PPU[1] Thread (CPUThread)[0x01c36058]]: sysPrxForUser error: sys_prx_register_library(lib_addr=0x13d9e1c)
[W : PPU[1] Thread (CPUThread)[0x00027910]]: memory warning: sys_memory_get_user_memory_size(mem_info_addr=0xd0010bd0)
[W : PPU[1] Thread (CPUThread)[0x01a3d004]]: cellSysmodule warning: cellSysmoduleLoadModule(CELL_SYSMODULE_AUDIO)
[W : PPU[1] Thread (CPUThread)[0x00027910]]: memory warning: sys_memory_get_user_memory_size(mem_info_addr=0xd0010bd0)
[W : PPU[1] Thread (CPUThread)[0x01a3d004]]: cellSysmodule warning: cellSysmoduleLoadModule(CELL_SYSMODULE_FS)
[W : PPU[1] Thread (CPUThread)[0x00027910]]: memory warning: sys_memory_get_user_memory_size(mem_info_addr=0xd0010bd0)
[W : PPU[1] Thread (CPUThread)[0x01a3d004]]: cellSysmodule warning: cellSysmoduleLoadModule(CELL_SYSMODULE_GCM_SYS)
[W : PPU[1] Thread (CPUThread)[0x00027910]]: memory warning: sys_memory_get_user_memory_size(mem_info_addr=0xd0010bd0)
[W : PPU[1] Thread (CPUThread)[0x01a3d004]]: cellSysmodule warning: cellSysmoduleLoadModule(CELL_SYSMODULE_IO)
[W : PPU[1] Thread (CPUThread)[0x00027910]]: memory warning: sys_memory_get_user_memory_size(mem_info_addr=0xd0010bd0)
[W : PPU[1] Thread (CPUThread)[0x01a3d004]]: cellSysmodule warning: cellSysmoduleLoadModule(CELL_SYSMODULE_SYSUTIL_GAME)
[W : PPU[1] Thread (CPUThread)[0x00027910]]: memory warning: sys_memory_get_user_memory_size(mem_info_addr=0xd0010bd0)
[W : PPU[1] Thread (CPUThread)[0x01a3d004]]: cellSysmodule warning: cellSysmoduleLoadModule(CELL_SYSMODULE_NET)
[W : PPU[1] Thread (CPUThread)[0x00027910]]: memory warning: sys_memory_get_user_memory_size(mem_info_addr=0xd0010bd0)
[W : PPU[1] Thread (CPUThread)[0x01a3d004]]: cellSysmodule warning: cellSysmoduleLoadModule(CELL_SYSMODULE_RESC)
[W : PPU[1] Thread (CPUThread)[0x00027910]]: memory warning: sys_memory_get_user_memory_size(mem_info_addr=0xd0010bd0)
[W : PPU[1] Thread (CPUThread)[0x01a3d004]]: cellSysmodule warning: cellSysmoduleLoadModule(CELL_SYSMODULE_RTC)
[W : PPU[1] Thread (CPUThread)[0x00027910]]: memory warning: sys_memory_get_user_memory_size(mem_info_addr=0xd0010bd0)
[W : PPU[1] Thread (CPUThread)[0x01a3d004]]: cellSysmodule warning: cellSysmoduleLoadModule(CELL_SYSMODULE_SYSUTIL_NP)
[W : PPU[1] Thread (CPUThread)[0x00027910]]: memory warning: sys_memory_get_user_memory_size(mem_info_addr=0xd0010bd0)
[W : PPU[1] Thread (CPUThread)[0x01a3d004]]: cellSysmodule warning: cellSysmoduleLoadModule(CELL_SYSMODULE_SYSUTIL_SAVEDATA)
[W : PPU[1] Thread (CPUThread)[0x00027910]]: memory warning: sys_memory_get_user_memory_size(mem_info_addr=0xd0010bd0)
[W : PPU[1] Thread (CPUThread)[0x01a3d004]]: cellSysmodule warning: cellSysmoduleLoadModule(CELL_SYSMODULE_SYSUTIL_SEARCH)
[W : PPU[1] Thread (CPUThread)[0x00027910]]: memory warning: sys_memory_get_user_memory_size(mem_info_addr=0xd0010bd0)
[W : PPU[1] Thread (CPUThread)[0x01a3d004]]: cellSysmodule warning: cellSysmoduleLoadModule(CELL_SYSMODULE_SYSUTIL_MUSIC_DECODE)
[W : PPU[1] Thread (CPUThread)[0x00027910]]: memory warning: sys_memory_get_user_memory_size(mem_info_addr=0xd0010bd0)
[W : PPU[1] Thread (CPUThread)[0x01a3d004]]: cellSysmodule warning: cellSysmoduleLoadModule(CELL_SYSMODULE_BGDL)
[W : PPU[1] Thread (CPUThread)[0x01c14028]]: cellGame warning: cellGameBootCheck(type_addr=0xd0010890, attributes_addr=0xd0010894, size_addr=0xd001089c, dirName_addr=0xd00108a8)
[W : PPU[1] Thread (CPUThread)[0x00a7f408]]: sys_semaphore warning: sys_semaphore_create(sem_addr=0x1b14e50, attr_addr=0xd000ffe0, initial_count=0, max_count=100000)
[W : PPU[1] Thread (CPUThread)[0x00a7f408]]: sys_semaphore warning: sys_semaphore_create(sem_addr=0x1b14e70, attr_addr=0xd000ffe0, initial_count=0, max_count=100000)
[W : PPU[1] Thread (CPUThread)[0x00a7f408]]: sys_semaphore warning: sys_semaphore_create(sem_addr=0x1b14e90, attr_addr=0xd000ffe0, initial_count=0, max_count=100000)
[W : PPU[1] Thread (CPUThread)[0x00a7f408]]: sys_semaphore warning: sys_semaphore_create(sem_addr=0x1b14eb0, attr_addr=0xd000ffe0, initial_count=0, max_count=100000)
[W : PPU[1] Thread (CPUThread)[0x00a7f408]]: sys_semaphore warning: sys_semaphore_create(sem_addr=0x1b14ed0, attr_addr=0xd000ffe0, initial_count=0, max_count=100000)
[W : PPU[1] Thread (CPUThread)[0x00a7f408]]: sys_semaphore warning: sys_semaphore_create(sem_addr=0x1b14ef0, attr_addr=0xd000ffe0, initial_count=0, max_count=100000)
[W : PPU[1] Thread (CPUThread)[0x00a7f408]]: sys_semaphore warning: sys_semaphore_create(sem_addr=0x1b14f10, attr_addr=0xd000ffe0, initial_count=0, max_count=100000)
[W : PPU[1] Thread (CPUThread)[0x00a7f408]]: sys_semaphore warning: sys_semaphore_create(sem_addr=0x1b14f30, attr_addr=0xd000ffe0, initial_count=0, max_count=100000)
[W : PPU[1] Thread (CPUThread)[0x00a7f408]]: sys_semaphore warning: sys_semaphore_create(sem_addr=0x1b14f50, attr_addr=0xd000ffe0, initial_count=0, max_count=100000)
[W : PPU[1] Thread (CPUThread)[0x00a7f408]]: sys_semaphore warning: sys_semaphore_create(sem_addr=0x1b14f70, attr_addr=0xd000ffe0, initial_count=0, max_count=100000)
[W : PPU[1] Thread (CPUThread)[0x00a7f408]]: sys_semaphore warning: sys_semaphore_create(sem_addr=0x1b14f90, attr_addr=0xd000ffe0, initial_count=0, max_count=100000)
[W : PPU[1] Thread (CPUThread)[0x00a7f408]]: sys_semaphore warning: sys_semaphore_create(sem_addr=0x1b14fb0, attr_addr=0xd000ffe0, initial_count=0, max_count=100000)
[W : PPU[1] Thread (CPUThread)[0x00a7f408]]: sys_semaphore warning: sys_semaphore_create(sem_addr=0x1b14fd0, attr_addr=0xd000ffe0, initial_count=0, max_count=100000)
[W : PPU[1] Thread (CPUThread)[0x00a7f408]]: sys_semaphore warning: sys_semaphore_create(sem_addr=0x1b14ff0, attr_addr=0xd000ffe0, initial_count=0, max_count=100000)
[W : PPU[1] Thread (CPUThread)[0x00a7f408]]: sys_semaphore warning: sys_semaphore_create(sem_addr=0x1b15010, attr_addr=0xd000ffe0, initial_count=0, max_count=100000)
[W : PPU[1] Thread (CPUThread)[0x00a7f408]]: sys_semaphore warning: sys_semaphore_create(sem_addr=0x1b15030, attr_addr=0xd000ffe0, initial_count=0, max_count=100000)
[W : PPU[1] Thread (CPUThread)[0x00a7f408]]: sys_semaphore warning: sys_semaphore_create(sem_addr=0x1b15050, attr_addr=0xd000ffe0, initial_count=0, max_count=100000)
[W : PPU[1] Thread (CPUThread)[0x00a7f408]]: sys_semaphore warning: sys_semaphore_create(sem_addr=0x1b15070, attr_addr=0xd000ffe0, initial_count=0, max_count=100000)
[W : PPU[1] Thread (CPUThread)[0x00a7f408]]: sys_semaphore warning: sys_semaphore_create(sem_addr=0x1b15090, attr_addr=0xd000ffe0, initial_count=0, max_count=100000)
[W : PPU[1] Thread (CPUThread)[0x00a7f408]]: sys_semaphore warning: sys_semaphore_create(sem_addr=0x1b150b0, attr_addr=0xd000ffe0, initial_count=0, max_count=100000)
[W : PPU[1] Thread (CPUThread)[0x00a7f408]]: sys_semaphore warning: sys_semaphore_create(sem_addr=0x1b150d0, attr_addr=0xd000ffe0, initial_count=0, max_count=100000)
[W : PPU[1] Thread (CPUThread)[0x00a7f408]]: sys_semaphore warning: sys_semaphore_create(sem_addr=0x1b150f0, attr_addr=0xd000ffe0, initial_count=0, max_count=100000)
[W : PPU[1] Thread (CPUThread)[0x00a7f408]]: sys_semaphore warning: sys_semaphore_create(sem_addr=0x1b15110, attr_addr=0xd000ffe0, initial_count=0, max_count=100000)
[W : PPU[1] Thread (CPUThread)[0x00a7f408]]: sys_semaphore warning: sys_semaphore_create(sem_addr=0x1b15130, attr_addr=0xd000ffe0, initial_count=0, max_count=100000)
[W : PPU[1] Thread (CPUThread)[0x00a7f408]]: sys_semaphore warning: sys_semaphore_create(sem_addr=0x1b15150, attr_addr=0xd000ffe0, initial_count=0, max_count=100000)
[W : PPU[1] Thread (CPUThread)[0x00a7f408]]: sys_semaphore warning: sys_semaphore_create(sem_addr=0x1b15170, attr_addr=0xd000ffe0, initial_count=0, max_count=100000)
[W : PPU[1] Thread (CPUThread)[0x00a7f408]]: sys_semaphore warning: sys_semaphore_create(sem_addr=0x1b15190, attr_addr=0xd000ffe0, initial_count=0, max_count=100000)
[W : PPU[1] Thread (CPUThread)[0x00a7f408]]: sys_semaphore warning: sys_semaphore_create(sem_addr=0x1b151b0, attr_addr=0xd000ffe0, initial_count=0, max_count=100000)
[W : PPU[1] Thread (CPUThread)[0x00a7f408]]: sys_semaphore warning: sys_semaphore_create(sem_addr=0x1b151d0, attr_addr=0xd000ffe0, initial_count=0, max_count=100000)
[W : PPU[1] Thread (CPUThread)[0x00a7f408]]: sys_semaphore warning: sys_semaphore_create(sem_addr=0x1b151f0, attr_addr=0xd000ffe0, initial_count=0, max_count=100000)
[W : PPU[1] Thread (CPUThread)[0x00a7f408]]: sys_semaphore warning: sys_semaphore_create(sem_addr=0x1b15210, attr_addr=0xd000ffe0, initial_count=0, max_count=100000)
[W : PPU[1] Thread (CPUThread)[0x00a7f408]]: sys_semaphore warning: sys_semaphore_create(sem_addr=0x1b15230, attr_addr=0xd000ffe0, initial_count=0, max_count=100000)
[W : PPU[1] Thread (CPUThread)[0x00a7f408]]: sys_semaphore warning: sys_semaphore_create(sem_addr=0x1b15250, attr_addr=0xd000ffe0, initial_count=0, max_count=100000)
[W : PPU[1] Thread (CPUThread)[0x00a7f408]]: sys_semaphore warning: sys_semaphore_create(sem_addr=0x1b15270, attr_addr=0xd000ffe0, initial_count=0, max_count=100000)
[W : PPU[1] Thread (CPUThread)[0x00a7f408]]: sys_semaphore warning: sys_semaphore_create(sem_addr=0x1b15290, attr_addr=0xd000ffe0, initial_count=0, max_count=100000)
[W : PPU[1] Thread (CPUThread)[0x00a7f408]]: sys_semaphore warning: sys_semaphore_create(sem_addr=0x1b152b0, attr_addr=0xd000ffe0, initial_count=0, max_count=100000)
[W : PPU[1] Thread (CPUThread)[0x00a7f408]]: sys_semaphore warning: sys_semaphore_create(sem_addr=0x1b152d0, attr_addr=0xd000ffe0, initial_count=0, max_count=100000)
[W : PPU[1] Thread (CPUThread)[0x00a7f408]]: sys_semaphore warning: sys_semaphore_create(sem_addr=0x1b152f0, attr_addr=0xd000ffe0, initial_count=0, max_count=100000)
[W : PPU[1] Thread (CPUThread)[0x00a7f408]]: sys_semaphore warning: sys_semaphore_create(sem_addr=0x1b15310, attr_addr=0xd000ffe0, initial_count=0, max_count=100000)
[W : PPU[1] Thread (CPUThread)[0x00a7f408]]: sys_semaphore warning: sys_semaphore_create(sem_addr=0x1b15330, attr_addr=0xd000ffe0, initial_count=0, max_count=100000)
[W : PPU[1] Thread (CPUThread)[0x00a7f408]]: sys_semaphore warning: sys_semaphore_create(sem_addr=0x1b15350, attr_addr=0xd000ffe0, initial_count=0, max_count=100000)
[W : PPU[1] Thread (CPUThread)[0x00a7f408]]: sys_semaphore warning: sys_semaphore_create(sem_addr=0x1b15370, attr_addr=0xd000ffe0, initial_count=0, max_count=100000)
[W : PPU[1] Thread (CPUThread)[0x00a7f408]]: sys_semaphore warning: sys_semaphore_create(sem_addr=0x1b15390, attr_addr=0xd000ffe0, initial_count=0, max_count=100000)
[W : PPU[1] Thread (CPUThread)[0x00a7f408]]: sys_semaphore warning: sys_semaphore_create(sem_addr=0x1b153b0, attr_addr=0xd000ffe0, initial_count=0, max_count=100000)
[W : PPU[1] Thread (CPUThread)[0x00a7f408]]: sys_semaphore warning: sys_semaphore_create(sem_addr=0x1b153d0, attr_addr=0xd000ffe0, initial_count=0, max_count=100000)
[W : PPU[1] Thread (CPUThread)[0x00a7f408]]: sys_semaphore warning: sys_semaphore_create(sem_addr=0x1b153f0, attr_addr=0xd000ffe0, initial_count=0, max_count=100000)
[W : PPU[1] Thread (CPUThread)[0x00a7f408]]: sys_semaphore warning: sys_semaphore_create(sem_addr=0x1b15410, attr_addr=0xd000ffe0, initial_count=0, max_count=100000)
[W : PPU[1] Thread (CPUThread)[0x00a7f408]]: sys_semaphore warning: sys_semaphore_create(sem_addr=0x1b15430, attr_addr=0xd000ffe0, initial_count=0, max_count=100000)
[W : PPU[1] Thread (CPUThread)[0x00a7f408]]: sys_semaphore warning: sys_semaphore_create(sem_addr=0x1b15450, attr_addr=0xd000ffe0, initial_count=0, max_count=100000)
[W : PPU[1] Thread (CPUThread)[0x00a7f408]]: sys_semaphore warning: sys_semaphore_create(sem_addr=0x1b15470, attr_addr=0xd000ffe0, initial_count=0, max_count=100000)
[W : PPU[1] Thread (CPUThread)[0x00a7f408]]: sys_semaphore warning: sys_semaphore_create(sem_addr=0x1b15490, attr_addr=0xd000ffe0, initial_count=0, max_count=100000)
[W : PPU[1] Thread (CPUThread)[0x00a7f408]]: sys_semaphore warning: sys_semaphore_create(sem_addr=0x1b154b0, attr_addr=0xd000ffe0, initial_count=0, max_count=100000)
[W : PPU[1] Thread (CPUThread)[0x00a7f408]]: sys_semaphore warning: sys_semaphore_create(sem_addr=0x1b154d0, attr_addr=0xd000ffe0, initial_count=0, max_count=100000)
[W : PPU[1] Thread (CPUThread)[0x00a7f408]]: sys_semaphore warning: sys_semaphore_create(sem_addr=0x1b154f0, attr_addr=0xd000ffe0, initial_count=0, max_count=100000)
[W : PPU[1] Thread (CPUThread)[0x00a7f408]]: sys_semaphore warning: sys_semaphore_create(sem_addr=0x1b15510, attr_addr=0xd000ffe0, initial_count=0, max_count=100000)
[W : PPU[1] Thread (CPUThread)[0x00a7f408]]: sys_semaphore warning: sys_semaphore_create(sem_addr=0x1b15530, attr_addr=0xd000ffe0, initial_count=0, max_count=100000)
[W : PPU[1] Thread (CPUThread)[0x00a7f408]]: sys_semaphore warning: sys_semaphore_create(sem_addr=0x1b15550, attr_addr=0xd000ffe0, initial_count=0, max_count=100000)
[W : PPU[1] Thread (CPUThread)[0x00a7f408]]: sys_semaphore warning: sys_semaphore_create(sem_addr=0x1b15570, attr_addr=0xd000ffe0, initial_count=0, max_count=100000)
[W : PPU[1] Thread (CPUThread)[0x00a7f408]]: sys_semaphore warning: sys_semaphore_create(sem_addr=0x1b15590, attr_addr=0xd000ffe0, initial_count=0, max_count=100000)
[W : PPU[1] Thread (CPUThread)[0x00a7f408]]: sys_semaphore warning: sys_semaphore_create(sem_addr=0x1b155b0, attr_addr=0xd000ffe0, initial_count=0, max_count=100000)
[W : PPU[1] Thread (CPUThread)[0x00a7f408]]: sys_semaphore warning: sys_semaphore_create(sem_addr=0x1b155d0, attr_addr=0xd000ffe0, initial_count=0, max_count=100000)
[W : PPU[1] Thread (CPUThread)[0x00a7f408]]: sys_semaphore warning: sys_semaphore_create(sem_addr=0x1b155f0, attr_addr=0xd000ffe0, initial_count=0, max_count=100000)
[W : PPU[1] Thread (CPUThread)[0x00a7f408]]: sys_semaphore warning: sys_semaphore_create(sem_addr=0x1b15610, attr_addr=0xd000ffe0, initial_count=0, max_count=100000)
[W : PPU[1] Thread (CPUThread)[0x00a7f408]]: sys_semaphore warning: sys_semaphore_create(sem_addr=0x1b15630, attr_addr=0xd000ffe0, initial_count=0, max_count=100000)
[W : PPU[1] Thread (CPUThread)[0x00a7f408]]: sys_semaphore warning: sys_semaphore_create(sem_addr=0x1b15650, attr_addr=0xd000ffe0, initial_count=0, max_count=100000)
[W : PPU[1] Thread (CPUThread)[0x00a7f408]]: sys_semaphore warning: sys_semaphore_create(sem_addr=0x1b15670, attr_addr=0xd000ffe0, initial_count=0, max_count=100000)
[W : PPU[1] Thread (CPUThread)[0x00a7f408]]: sys_semaphore warning: sys_semaphore_create(sem_addr=0x1b15690, attr_addr=0xd000ffe0, initial_count=0, max_count=100000)
[W : PPU[1] Thread (CPUThread)[0x00a7f408]]: sys_semaphore warning: sys_semaphore_create(sem_addr=0x1b156b0, attr_addr=0xd000ffe0, initial_count=0, max_count=100000)
[W : PPU[1] Thread (CPUThread)[0x00a7f408]]: sys_semaphore warning: sys_semaphore_create(sem_addr=0x1b156d0, attr_addr=0xd000ffe0, initial_count=0, max_count=100000)
[W : PPU[1] Thread (CPUThread)[0x00a7f408]]: sys_semaphore warning: sys_semaphore_create(sem_addr=0x1b156f0, attr_addr=0xd000ffe0, initial_count=0, max_count=100000)
[W : PPU[1] Thread (CPUThread)[0x00a7f408]]: sys_semaphore warning: sys_semaphore_create(sem_addr=0x1b15710, attr_addr=0xd000ffe0, initial_count=0, max_count=100000)
[W : PPU[1] Thread (CPUThread)[0x00a7f408]]: sys_semaphore warning: sys_semaphore_create(sem_addr=0x1b15730, attr_addr=0xd000ffe0, initial_count=0, max_count=100000)
[W : PPU[1] Thread (CPUThread)[0x00a7f408]]: sys_semaphore warning: sys_semaphore_create(sem_addr=0x1b15750, attr_addr=0xd000ffe0, initial_count=0, max_count=100000)
[W : PPU[1] Thread (CPUThread)[0x00a7f408]]: sys_semaphore warning: sys_semaphore_create(sem_addr=0x1b15770, attr_addr=0xd000ffe0, initial_count=0, max_count=100000)
[W : PPU[1] Thread (CPUThread)[0x00a7f408]]: sys_semaphore warning: sys_semaphore_create(sem_addr=0x1b15790, attr_addr=0xd000ffe0, initial_count=0, max_count=100000)
[W : PPU[1] Thread (CPUThread)[0x00a7f408]]: sys_semaphore warning: sys_semaphore_create(sem_addr=0x1b157b0, attr_addr=0xd000ffe0, initial_count=0, max_count=100000)
[W : PPU[1] Thread (CPUThread)[0x00a7f408]]: sys_semaphore warning: sys_semaphore_create(sem_addr=0x1b157d0, attr_addr=0xd000ffe0, initial_count=0, max_count=100000)
[W : PPU[1] Thread (CPUThread)[0x00a7f408]]: sys_semaphore warning: sys_semaphore_create(sem_addr=0x1b157f0, attr_addr=0xd000ffe0, initial_count=0, max_count=100000)
[W : PPU[1] Thread (CPUThread)[0x00a7f408]]: sys_semaphore warning: sys_semaphore_create(sem_addr=0x1b15810, attr_addr=0xd000ffe0, initial_count=0, max_count=100000)
[W : PPU[1] Thread (CPUThread)[0x00a7f408]]: sys_semaphore warning: sys_semaphore_create(sem_addr=0x1b15830, attr_addr=0xd000ffe0, initial_count=0, max_count=100000)
[W : PPU[1] Thread (CPUThread)[0x00a7f408]]: sys_semaphore warning: sys_semaphore_create(sem_addr=0x1b15850, attr_addr=0xd000ffe0, initial_count=0, max_count=100000)
[W : PPU[1] Thread (CPUThread)[0x00a7f408]]: sys_semaphore warning: sys_semaphore_create(sem_addr=0x1b15870, attr_addr=0xd000ffe0, initial_count=0, max_count=100000)
[W : PPU[1] Thread (CPUThread)[0x00a7f408]]: sys_semaphore warning: sys_semaphore_create(sem_addr=0x1b15890, attr_addr=0xd000ffe0, initial_count=0, max_count=100000)
[W : PPU[1] Thread (CPUThread)[0x00a7f408]]: sys_semaphore warning: sys_semaphore_create(sem_addr=0x1b158b0, attr_addr=0xd000ffe0, initial_count=0, max_count=100000)
[W : PPU[1] Thread (CPUThread)[0x00a7f408]]: sys_semaphore warning: sys_semaphore_create(sem_addr=0x1b158d0, attr_addr=0xd000ffe0, initial_count=0, max_count=100000)
[W : PPU[1] Thread (CPUThread)[0x00a7f408]]: sys_semaphore warning: sys_semaphore_create(sem_addr=0x1b158f0, attr_addr=0xd000ffe0, initial_count=0, max_count=100000)
[W : PPU[1] Thread (CPUThread)[0x00a7f408]]: sys_semaphore warning: sys_semaphore_create(sem_addr=0x1b15910, attr_addr=0xd000ffe0, initial_count=0, max_count=100000)
[W : PPU[1] Thread (CPUThread)[0x00a7f408]]: sys_semaphore warning: sys_semaphore_create(sem_addr=0x1b15930, attr_addr=0xd000ffe0, initial_count=0, max_count=100000)
[W : PPU[1] Thread (CPUThread)[0x00a7f408]]: sys_semaphore warning: sys_semaphore_create(sem_addr=0x1b15950, attr_addr=0xd000ffe0, initial_count=0, max_count=100000)
[W : PPU[1] Thread (CPUThread)[0x00a7f408]]: sys_semaphore warning: sys_semaphore_create(sem_addr=0x1b15970, attr_addr=0xd000ffe0, initial_count=0, max_count=100000)
[W : PPU[1] Thread (CPUThread)[0x00a7f408]]: sys_semaphore warning: sys_semaphore_create(sem_addr=0x1b15990, attr_addr=0xd000ffe0, initial_count=0, max_count=100000)
[W : PPU[1] Thread (CPUThread)[0x00a7f408]]: sys_semaphore warning: sys_semaphore_create(sem_addr=0x1b159b0, attr_addr=0xd000ffe0, initial_count=0, max_count=100000)
[W : PPU[1] Thread (CPUThread)[0x00a7f408]]: sys_semaphore warning: sys_semaphore_create(sem_addr=0x1b159d0, attr_addr=0xd000ffe0, initial_count=0, max_count=100000)
[W : PPU[1] Thread (CPUThread)[0x00a7f408]]: sys_semaphore warning: sys_semaphore_create(sem_addr=0x1b159f0, attr_addr=0xd000ffe0, initial_count=0, max_count=100000)
[W : PPU[1] Thread (CPUThread)[0x00a7f408]]: sys_semaphore warning: sys_semaphore_create(sem_addr=0x1b15a10, attr_addr=0xd000ffe0, initial_count=0, max_count=100000)
[W : PPU[1] Thread (CPUThread)[0x00a7f408]]: sys_semaphore warning: sys_semaphore_create(sem_addr=0x1b15a30, attr_addr=0xd000ffe0, initial_count=0, max_count=100000)
[W : PPU[1] Thread (CPUThread)[0x00a7f408]]: sys_semaphore warning: sys_semaphore_create(sem_addr=0x1b15a50, attr_addr=0xd000ffe0, initial_count=0, max_count=100000)
[W : PPU[1] Thread (CPUThread)[0x00a7f408]]: sys_semaphore warning: sys_semaphore_create(sem_addr=0x1b15a70, attr_addr=0xd000ffe0, initial_count=0, max_count=100000)
[W : PPU[1] Thread (CPUThread)[0x00a7f408]]: sys_semaphore warning: sys_semaphore_create(sem_addr=0x1b15a90, attr_addr=0xd000ffe0, initial_count=0, max_count=100000)
[W : PPU[1] Thread (CPUThread)[0x00a7f408]]: sys_semaphore warning: sys_semaphore_create(sem_addr=0x1b15ab0, attr_addr=0xd000ffe0, initial_count=0, max_count=100000)
[W : PPU[1] Thread (CPUThread)[0x00a7f408]]: sys_semaphore warning: sys_semaphore_create(sem_addr=0x1b15ad0, attr_addr=0xd000ffe0, initial_count=0, max_count=100000)
[W : PPU[1] Thread (CPUThread)[0x00a7f408]]: sys_semaphore warning: sys_semaphore_create(sem_addr=0x1b15af0, attr_addr=0xd000ffe0, initial_count=0, max_count=100000)
[W : PPU[1] Thread (CPUThread)[0x00a7f408]]: sys_semaphore warning: sys_semaphore_create(sem_addr=0x1b15b10, attr_addr=0xd000ffe0, initial_count=0, max_count=100000)
[W : PPU[1] Thread (CPUThread)[0x00a7f408]]: sys_semaphore warning: sys_semaphore_create(sem_addr=0x1b15b30, attr_addr=0xd000ffe0, initial_count=0, max_count=100000)
[W : PPU[1] Thread (CPUThread)[0x00a7f408]]: sys_semaphore warning: sys_semaphore_create(sem_addr=0x1b15b50, attr_addr=0xd000ffe0, initial_count=0, max_count=100000)
[W : PPU[1] Thread (CPUThread)[0x00a7f408]]: sys_semaphore warning: sys_semaphore_create(sem_addr=0x1b15b70, attr_addr=0xd000ffe0, initial_count=0, max_count=100000)
[W : PPU[1] Thread (CPUThread)[0x00a7f408]]: sys_semaphore warning: sys_semaphore_create(sem_addr=0x1b15b90, attr_addr=0xd000ffe0, initial_count=0, max_count=100000)
[W : PPU[1] Thread (CPUThread)[0x00a7f408]]: sys_semaphore warning: sys_semaphore_create(sem_addr=0x1b15bb0, attr_addr=0xd000ffe0, initial_count=0, max_count=100000)
[W : PPU[1] Thread (CPUThread)[0x00a7f408]]: sys_semaphore warning: sys_semaphore_create(sem_addr=0x1b15bd0, attr_addr=0xd000ffe0, initial_count=0, max_count=100000)
[W : PPU[1] Thread (CPUThread)[0x00a7f408]]: sys_semaphore warning: sys_semaphore_create(sem_addr=0x1b15bf0, attr_addr=0xd000ffe0, initial_count=0, max_count=100000)
[W : PPU[1] Thread (CPUThread)[0x00a7f408]]: sys_semaphore warning: sys_semaphore_create(sem_addr=0x1b15c10, attr_addr=0xd000ffe0, initial_count=0, max_count=100000)
[W : PPU[1] Thread (CPUThread)[0x00a7f408]]: sys_semaphore warning: sys_semaphore_create(sem_addr=0x1b15c30, attr_addr=0xd000ffe0, initial_count=0, max_count=100000)
[W : PPU[1] Thread (CPUThread)[0x00a7f408]]: sys_semaphore warning: sys_semaphore_create(sem_addr=0x1b15c50, attr_addr=0xd000ffe0, initial_count=0, max_count=100000)
[W : PPU[1] Thread (CPUThread)[0x00a7f408]]: sys_semaphore warning: sys_semaphore_create(sem_addr=0x1b15c70, attr_addr=0xd000ffe0, initial_count=0, max_count=100000)
[W : PPU[1] Thread (CPUThread)[0x00a7f408]]: sys_semaphore warning: sys_semaphore_create(sem_addr=0x1b15c90, attr_addr=0xd000ffe0, initial_count=0, max_count=100000)
[W : PPU[1] Thread (CPUThread)[0x00a7f408]]: sys_semaphore warning: sys_semaphore_create(sem_addr=0x1b15cb0, attr_addr=0xd000ffe0, initial_count=0, max_count=100000)
[W : PPU[1] Thread (CPUThread)[0x00a7f408]]: sys_semaphore warning: sys_semaphore_create(sem_addr=0x1b15cd0, attr_addr=0xd000ffe0, initial_count=0, max_count=100000)
[W : PPU[1] Thread (CPUThread)[0x00a7f408]]: sys_semaphore warning: sys_semaphore_create(sem_addr=0x1b15cf0, attr_addr=0xd000ffe0, initial_count=0, max_count=100000)
[W : PPU[1] Thread (CPUThread)[0x00a7f408]]: sys_semaphore warning: sys_semaphore_create(sem_addr=0x1b15d10, attr_addr=0xd000ffe0, initial_count=0, max_count=100000)
[W : PPU[1] Thread (CPUThread)[0x00a7f408]]: sys_semaphore warning: sys_semaphore_create(sem_addr=0x1b15d30, attr_addr=0xd000ffe0, initial_count=0, max_count=100000)
[W : PPU[1] Thread (CPUThread)[0x00a7f408]]: sys_semaphore warning: sys_semaphore_create(sem_addr=0x1b15d50, attr_addr=0xd000ffe0, initial_count=0, max_count=100000)
[W : PPU[1] Thread (CPUThread)[0x00a7f408]]: sys_semaphore warning: sys_semaphore_create(sem_addr=0x1b15d70, attr_addr=0xd000ffe0, initial_count=0, max_count=100000)
[W : PPU[1] Thread (CPUThread)[0x00a7f408]]: sys_semaphore warning: sys_semaphore_create(sem_addr=0x1b15d90, attr_addr=0xd000ffe0, initial_count=0, max_count=100000)
[W : PPU[1] Thread (CPUThread)[0x00a7f408]]: sys_semaphore warning: sys_semaphore_create(sem_addr=0x1b15db0, attr_addr=0xd000ffe0, initial_count=0, max_count=100000)
[W : PPU[1] Thread (CPUThread)[0x00a7f408]]: sys_semaphore warning: sys_semaphore_create(sem_addr=0x1b15dd0, attr_addr=0xd000ffe0, initial_count=0, max_count=100000)
[W : PPU[1] Thread (CPUThread)[0x00a7f408]]: sys_semaphore warning: sys_semaphore_create(sem_addr=0x1b15df0, attr_addr=0xd000ffe0, initial_count=0, max_count=100000)
[W : PPU[1] Thread (CPUThread)[0x00a7f408]]: sys_semaphore warning: sys_semaphore_create(sem_addr=0x1b15e10, attr_addr=0xd000ffe0, initial_count=0, max_count=100000)
[W : PPU[1] Thread (CPUThread)[0x00a7f408]]: sys_semaphore warning: sys_semaphore_create(sem_addr=0x1b15e30, attr_addr=0xd000ffe0, initial_count=0, max_count=100000)
[W : PPU[1] Thread (CPUThread)[0x00a7f408]]: sys_semaphore warning: sys_semaphore_create(sem_addr=0x30200020, attr_addr=0xd000db20, initial_count=0, max_count=100000)
[W : PPU[1] Thread (CPUThread)[0x01c36034]]: sys_lwmutex warning: *** lwmutex created [] (attribute=0x12): sq_id = 187
[W : PPU[1] Thread (CPUThread)[0x01c360dc]]: sys_lwmutex warning: sys_lwmutex_destroy(lwmutex_addr=0x30200570)
[W : PPU[1] Thread (CPUThread)[0x00a7f408]]: sys_semaphore warning: sys_semaphore_create(sem_addr=0x30300020, attr_addr=0xd000db20, initial_count=0, max_count=100000)
[W : PPU[1] Thread (CPUThread)[0x01c36034]]: sys_lwmutex warning: *** lwmutex created [] (attribute=0x12): sq_id = 189
[W : PPU[1] Thread (CPUThread)[0x01c360dc]]: sys_lwmutex warning: sys_lwmutex_destroy(lwmutex_addr=0x30300570)
[W : PPU[1] Thread (CPUThread)[0x00a7f408]]: sys_semaphore warning: sys_semaphore_create(sem_addr=0x31700020, attr_addr=0xd000db20, initial_count=0, max_count=100000)
[W : PPU[1] Thread (CPUThread)[0x01c36034]]: sys_lwmutex warning: *** lwmutex created [] (attribute=0x12): sq_id = 191
[W : PPU[1] Thread (CPUThread)[0x01c360dc]]: sys_lwmutex warning: sys_lwmutex_destroy(lwmutex_addr=0x31700570)
[W : PPU[1] Thread (CPUThread)[0x00a7f408]]: sys_semaphore warning: sys_semaphore_create(sem_addr=0x30010020, attr_addr=0xd000db00, initial_count=0, max_count=100000)
[W : PPU[1] Thread (CPUThread)[0x00a7f408]]: sys_semaphore warning: sys_semaphore_create(sem_addr=0x33f00020, attr_addr=0xd000db20, initial_count=0, max_count=100000)
[W : PPU[1] Thread (CPUThread)[0x01c36034]]: sys_lwmutex warning: *** lwmutex created [] (attribute=0x12): sq_id = 194
[W : PPU[1] Thread (CPUThread)[0x01c360dc]]: sys_lwmutex warning: sys_lwmutex_destroy(lwmutex_addr=0x33f00570)
[W : PPU[1] Thread (CPUThread)[0x00a7f408]]: sys_semaphore warning: sys_semaphore_create(sem_addr=0x34680020, attr_addr=0xd000db20, initial_count=0, max_count=100000)
[W : PPU[1] Thread (CPUThread)[0x01c36034]]: sys_lwmutex warning: *** lwmutex created [] (attribute=0x12): sq_id = 196
[W : PPU[1] Thread (CPUThread)[0x01c360dc]]: sys_lwmutex warning: sys_lwmutex_destroy(lwmutex_addr=0x34680570)
[W : PPU[1] Thread (CPUThread)[0x00a7f408]]: sys_semaphore warning: sys_semaphore_create(sem_addr=0x300b0020, attr_addr=0xd000db20, initial_count=0, max_count=100000)
[W : PPU[1] Thread (CPUThread)[0x01c36034]]: sys_lwmutex warning: *** lwmutex created [] (attribute=0x12): sq_id = 198
[W : PPU[1] Thread (CPUThread)[0x01c360dc]]: sys_lwmutex warning: sys_lwmutex_destroy(lwmutex_addr=0x300b0570)
[W : PPU[1] Thread (CPUThread)[0x00a7f408]]: sys_semaphore warning: sys_semaphore_create(sem_addr=0x34b80020, attr_addr=0xd000db20, initial_count=0, max_count=100000)
[W : PPU[1] Thread (CPUThread)[0x01c36034]]: sys_lwmutex warning: *** lwmutex created [] (attribute=0x12): sq_id = 200
[W : PPU[1] Thread (CPUThread)[0x01c360dc]]: sys_lwmutex warning: sys_lwmutex_destroy(lwmutex_addr=0x34b80570)
[W : PPU[1] Thread (CPUThread)[0x00a7f408]]: sys_semaphore warning: sys_semaphore_create(sem_addr=0x34bf0020, attr_addr=0xd000db00, initial_count=0, max_count=100000)
[W : PPU[1] Thread (CPUThread)[0x00a7f408]]: sys_semaphore warning: sys_semaphore_create(sem_addr=0x34e30020, attr_addr=0xd000db20, initial_count=0, max_count=100000)
[W : PPU[1] Thread (CPUThread)[0x01c36034]]: sys_lwmutex warning: *** lwmutex created [] (attribute=0x12): sq_id = 203
[W : PPU[1] Thread (CPUThread)[0x01c360dc]]: sys_lwmutex warning: sys_lwmutex_destroy(lwmutex_addr=0x34e30570)
[W : PPU[1] Thread (CPUThread)[0x00a7f408]]: sys_semaphore warning: sys_semaphore_create(sem_addr=0x36230020, attr_addr=0xd000db00, initial_count=0, max_count=100000)
[W : PPU[1] Thread (CPUThread)[0x00a7f408]]: sys_semaphore warning: sys_semaphore_create(sem_addr=0x36420020, attr_addr=0xd000db20, initial_count=0, max_count=100000)
[W : PPU[1] Thread (CPUThread)[0x01c36034]]: sys_lwmutex warning: *** lwmutex created [] (attribute=0x12): sq_id = 206
[W : PPU[1] Thread (CPUThread)[0x01c360dc]]: sys_lwmutex warning: sys_lwmutex_destroy(lwmutex_addr=0x36420570)
[W : PPU[1] Thread (CPUThread)[0x00a7f408]]: sys_semaphore warning: sys_semaphore_create(sem_addr=0x36a00020, attr_addr=0xd000db00, initial_count=0, max_count=100000)
[W : PPU[1] Thread (CPUThread)[0x00a7f408]]: sys_semaphore warning: sys_semaphore_create(sem_addr=0x37000020, attr_addr=0xd000db10, initial_count=0, max_count=100000)
[W : PPU[1] Thread (CPUThread)[0x01c36034]]: sys_lwmutex warning: *** lwmutex created [] (attribute=0x12): sq_id = 209
[W : PPU[1] Thread (CPUThread)[0x01c360dc]]: sys_lwmutex warning: sys_lwmutex_destroy(lwmutex_addr=0x37000570)
[W : PPU[1] Thread (CPUThread)[0x00a7f408]]: sys_semaphore warning: sys_semaphore_create(sem_addr=0x37100020, attr_addr=0xd000db10, initial_count=0, max_count=100000)
[W : PPU[1] Thread (CPUThread)[0x01c36034]]: sys_lwmutex warning: *** lwmutex created [] (attribute=0x12): sq_id = 211
[W : PPU[1] Thread (CPUThread)[0x01c360dc]]: sys_lwmutex warning: sys_lwmutex_destroy(lwmutex_addr=0x37100570)
[W : PPU[1] Thread (CPUThread)[0x00a7f408]]: sys_semaphore warning: sys_semaphore_create(sem_addr=0x37300020, attr_addr=0xd000db00, initial_count=0, max_count=100000)
[W : PPU[1] Thread (CPUThread)[0x00a7f408]]: sys_semaphore warning: sys_semaphore_create(sem_addr=0x37400020, attr_addr=0xd000db20, initial_count=0, max_count=100000)
[W : PPU[1] Thread (CPUThread)[0x01c36034]]: sys_lwmutex warning: *** lwmutex created [] (attribute=0x12): sq_id = 214
[W : PPU[1] Thread (CPUThread)[0x01c360dc]]: sys_lwmutex warning: sys_lwmutex_destroy(lwmutex_addr=0x37400570)
[W : PPU[1] Thread (CPUThread)[0x00a7f408]]: sys_semaphore warning: sys_semaphore_create(sem_addr=0x37800020, attr_addr=0xd000db00, initial_count=0, max_count=100000)
[W : PPU[1] Thread (CPUThread)[0x00a7f408]]: sys_semaphore warning: sys_semaphore_create(sem_addr=0x37a00020, attr_addr=0xd000db10, initial_count=0, max_count=100000)
[W : PPU[1] Thread (CPUThread)[0x01c36034]]: sys_lwmutex warning: *** lwmutex created [] (attribute=0x12): sq_id = 217
[W : PPU[1] Thread (CPUThread)[0x01c360dc]]: sys_lwmutex warning: sys_lwmutex_destroy(lwmutex_addr=0x37a00570)
[W : PPU[1] Thread (CPUThread)[0x00a7f408]]: sys_semaphore warning: sys_semaphore_create(sem_addr=0x37b00020, attr_addr=0xd000db20, initial_count=0, max_count=100000)
[W : PPU[1] Thread (CPUThread)[0x01c36034]]: sys_lwmutex warning: *** lwmutex created [] (attribute=0x12): sq_id = 219
[W : PPU[1] Thread (CPUThread)[0x01c360dc]]: sys_lwmutex warning: sys_lwmutex_destroy(lwmutex_addr=0x37b00570)
[W : PPU[1] Thread (CPUThread)[0x00a7f408]]: sys_semaphore warning: sys_semaphore_create(sem_addr=0x38a00020, attr_addr=0xd000db20, initial_count=0, max_count=100000)
[W : PPU[1] Thread (CPUThread)[0x01c36034]]: sys_lwmutex warning: *** lwmutex created [] (attribute=0x12): sq_id = 221
[W : PPU[1] Thread (CPUThread)[0x01c360dc]]: sys_lwmutex warning: sys_lwmutex_destroy(lwmutex_addr=0x38a00570)
[W : PPU[1] Thread (CPUThread)[0x00a7f408]]: sys_semaphore warning: sys_semaphore_create(sem_addr=0x38f00020, attr_addr=0xd000db00, initial_count=0, max_count=100000)
[W : PPU[1] Thread (CPUThread)[0x00a7f408]]: sys_semaphore warning: sys_semaphore_create(sem_addr=0x39140020, attr_addr=0xd000db10, initial_count=0, max_count=100000)
[W : PPU[1] Thread (CPUThread)[0x01c36034]]: sys_lwmutex warning: *** lwmutex created [] (attribute=0x12): sq_id = 224
[W : PPU[1] Thread (CPUThread)[0x01c360dc]]: sys_lwmutex warning: sys_lwmutex_destroy(lwmutex_addr=0x39140570)
[W : PPU[1] Thread (CPUThread)[0x00a7f408]]: sys_semaphore warning: sys_semaphore_create(sem_addr=0x39b40020, attr_addr=0xd000db20, initial_count=0, max_count=100000)
[W : PPU[1] Thread (CPUThread)[0x01c36034]]: sys_lwmutex warning: *** lwmutex created [] (attribute=0x12): sq_id = 226
[W : PPU[1] Thread (CPUThread)[0x01c360dc]]: sys_lwmutex warning: sys_lwmutex_destroy(lwmutex_addr=0x39b40570)
[W : PPU[1] Thread (CPUThread)[0x00a7f408]]: sys_semaphore warning: sys_semaphore_create(sem_addr=0x3a540020, attr_addr=0xd000db00, initial_count=0, max_count=100000)
[W : PPU[1] Thread (CPUThread)[0x00a7f408]]: sys_semaphore warning: sys_semaphore_create(sem_addr=0x3af40020, attr_addr=0xd000db20, initial_count=0, max_count=100000)
[W : PPU[1] Thread (CPUThread)[0x01c36034]]: sys_lwmutex warning: *** lwmutex created [] (attribute=0x12): sq_id = 229
[W : PPU[1] Thread (CPUThread)[0x01c360dc]]: sys_lwmutex warning: sys_lwmutex_destroy(lwmutex_addr=0x3af40570)
[W : PPU[1] Thread (CPUThread)[0x00a7f408]]: sys_semaphore warning: sys_semaphore_create(sem_addr=0x36920020, attr_addr=0xd000db20, initial_count=0, max_count=100000)
[W : PPU[1] Thread (CPUThread)[0x01c36034]]: sys_lwmutex warning: *** lwmutex created [] (attribute=0x12): sq_id = 231
[W : PPU[1] Thread (CPUThread)[0x01c360dc]]: sys_lwmutex warning: sys_lwmutex_destroy(lwmutex_addr=0x36920570)
[W : PPU[1] Thread (CPUThread)[0x00a7f408]]: sys_semaphore warning: sys_semaphore_create(sem_addr=0x3b940020, attr_addr=0xd000db20, initial_count=0, max_count=100000)
[W : PPU[1] Thread (CPUThread)[0x01c36034]]: sys_lwmutex warning: *** lwmutex created [] (attribute=0x12): sq_id = 233
[W : PPU[1] Thread (CPUThread)[0x01c360dc]]: sys_lwmutex warning: sys_lwmutex_destroy(lwmutex_addr=0x3b940570)
[W : PPU[1] Thread (CPUThread)[0x00a7f408]]: sys_semaphore warning: sys_semaphore_create(sem_addr=0x3c340020, attr_addr=0xd000db20, initial_count=0, max_count=100000)
[W : PPU[1] Thread (CPUThread)[0x01c36034]]: sys_lwmutex warning: *** lwmutex created [] (attribute=0x12): sq_id = 235
[W : PPU[1] Thread (CPUThread)[0x01c360dc]]: sys_lwmutex warning: sys_lwmutex_destroy(lwmutex_addr=0x3c340570)
[W : PPU[1] Thread (CPUThread)[0x00a7f408]]: sys_semaphore warning: sys_semaphore_create(sem_addr=0x30100818, attr_addr=0xd000db00, initial_count=0, max_count=100000)
[W : PPU[1] Thread (CPUThread)[0x01061190]]: memory warning: sys_mmapper_allocate_address(size=0x10000000, flags=0x40f, alignment=0x10000000, alloc_addr=0x301007f4)
[W : PPU[1] Thread (CPUThread)[0x01c360d0]]: memory warning: sys_mmapper_allocate_memory(size=0x100000, flags=0x400, mem_id_addr=0x301004f4)
[W : PPU[1] Thread (CPUThread)[0x01c360e8]]: memory warning: sys_mmapper_map_memory(start_addr=0x0, mem_id=0xed, flags=0x40000)
[W : PPU[1] Thread (CPUThread)[0x01c360e8]]: memory mapped 0x3c700000 to 0x0 size=0x100000
[W : PPU[1] Thread (CPUThread)[0x01c360d0]]: memory warning: sys_mmapper_allocate_memory(size=0x100000, flags=0x400, mem_id_addr=0x301004f8)
[W : PPU[1] Thread (CPUThread)[0x01c360e8]]: memory warning: sys_mmapper_map_memory(start_addr=0x100000, mem_id=0xee, flags=0x40000)
[E : PPU[1] Thread (CPUThread)[0x01c360e8]]: memory error: sys_mmapper_map_memory failed!
[W : PPU[1] Thread (CPUThread)[0x01c360d0]]: memory warning: sys_mmapper_allocate_memory(size=0x100000, flags=0x400, mem_id_addr=0x301004fc)
[W : PPU[1] Thread (CPUThread)[0x01c360e8]]: memory warning: sys_mmapper_map_memory(start_addr=0x200000, mem_id=0xef, flags=0x40000)
[E : PPU[1] Thread (CPUThread)[0x01c360e8]]: memory error: sys_mmapper_map_memory failed!
[W : PPU[1] Thread (CPUThread)[0x01c360d0]]: memory warning: sys_mmapper_allocate_memory(size=0x100000, flags=0x400, mem_id_addr=0x30100500)
[W : PPU[1] Thread (CPUThread)[0x01c360e8]]: memory warning: sys_mmapper_map_memory(start_addr=0x300000, mem_id=0xf0, flags=0x40000)
[E : PPU[1] Thread (CPUThread)[0x01c360e8]]: memory error: sys_mmapper_map_memory failed!
[W : PPU[1] Thread (CPUThread)[0x01c360d0]]: memory warning: sys_mmapper_allocate_memory(size=0x100000, flags=0x400, mem_id_addr=0x30100504)
[W : PPU[1] Thread (CPUThread)[0x01c360e8]]: memory warning: sys_mmapper_map_memory(start_addr=0x400000, mem_id=0xf1, flags=0x40000)
[E : PPU[1] Thread (CPUThread)[0x01c360e8]]: memory error: sys_mmapper_map_memory failed!
[W : PPU[1] Thread (CPUThread)[0x01c360d0]]: memory warning: sys_mmapper_allocate_memory(size=0x100000, flags=0x400, mem_id_addr=0x30100508)
[W : PPU[1] Thread (CPUThread)[0x01c360e8]]: memory warning: sys_mmapper_map_memory(start_addr=0x500000, mem_id=0xf2, flags=0x40000)
[E : PPU[1] Thread (CPUThread)[0x01c360e8]]: memory error: sys_mmapper_map_memory failed!
[W : PPU[1] Thread (CPUThread)[0x01c360d0]]: memory warning: sys_mmapper_allocate_memory(size=0x100000, flags=0x400, mem_id_addr=0x3010050c)
[W : PPU[1] Thread (CPUThread)[0x01c360e8]]: memory warning: sys_mmapper_map_memory(start_addr=0x600000, mem_id=0xf3, flags=0x40000)
[E : PPU[1] Thread (CPUThread)[0x01c360e8]]: memory error: sys_mmapper_map_memory failed!
[W : PPU[1] Thread (CPUThread)[0x01c360d0]]: memory warning: sys_mmapper_allocate_memory(size=0x100000, flags=0x400, mem_id_addr=0x30100510)
[W : PPU[1] Thread (CPUThread)[0x01c360e8]]: memory warning: sys_mmapper_map_memory(start_addr=0x700000, mem_id=0xf4, flags=0x40000)
[E : PPU[1] Thread (CPUThread)[0x01c360e8]]: memory error: sys_mmapper_map_memory failed!
[W : PPU[1] Thread (CPUThread)[0x01c360d0]]: memory warning: sys_mmapper_allocate_memory(size=0x100000, flags=0x400, mem_id_addr=0x30100514)
[W : PPU[1] Thread (CPUThread)[0x01c360e8]]: memory warning: sys_mmapper_map_memory(start_addr=0x800000, mem_id=0xf5, flags=0x40000)
[E : PPU[1] Thread (CPUThread)[0x01c360e8]]: memory error: sys_mmapper_map_memory failed!
[W : PPU[1] Thread (CPUThread)[0x01c360d0]]: memory warning: sys_mmapper_allocate_memory(size=0x100000, flags=0x400, mem_id_addr=0x30100518)
[W : PPU[1] Thread (CPUThread)[0x01c360e8]]: memory warning: sys_mmapper_map_memory(start_addr=0x900000, mem_id=0xf6, flags=0x40000)
[E : PPU[1] Thread (CPUThread)[0x01c360e8]]: memory error: sys_mmapper_map_memory failed!
[W : PPU[1] Thread (CPUThread)[0x01c360d0]]: memory warning: sys_mmapper_allocate_memory(size=0x100000, flags=0x400, mem_id_addr=0x3010051c)
[W : PPU[1] Thread (CPUThread)[0x01c360e8]]: memory warning: sys_mmapper_map_memory(start_addr=0xa00000, mem_id=0xf7, flags=0x40000)
[E : PPU[1] Thread (CPUThread)[0x01c360e8]]: memory error: sys_mmapper_map_memory failed!
[W : PPU[1] Thread (CPUThread)[0x01c360d0]]: memory warning: sys_mmapper_allocate_memory(size=0x100000, flags=0x400, mem_id_addr=0x30100520)
[W : PPU[1] Thread (CPUThread)[0x01c360e8]]: memory warning: sys_mmapper_map_memory(start_addr=0xb00000, mem_id=0xf8, flags=0x40000)
[E : PPU[1] Thread (CPUThread)[0x01c360e8]]: memory error: sys_mmapper_map_memory failed!
[W : PPU[1] Thread (CPUThread)[0x01c360d0]]: memory warning: sys_mmapper_allocate_memory(size=0x100000, flags=0x400, mem_id_addr=0x30100524)
[W : PPU[1] Thread (CPUThread)[0x01c360e8]]: memory warning: sys_mmapper_map_memory(start_addr=0xc00000, mem_id=0xf9, flags=0x40000)
[E : PPU[1] Thread (CPUThread)[0x01c360e8]]: memory error: sys_mmapper_map_memory failed!
[W : PPU[1] Thread (CPUThread)[0x01c360d0]]: memory warning: sys_mmapper_allocate_memory(size=0x100000, flags=0x400, mem_id_addr=0x30100528)
[W : PPU[1] Thread (CPUThread)[0x01c360e8]]: memory warning: sys_mmapper_map_memory(start_addr=0xd00000, mem_id=0xfa, flags=0x40000)
[E : PPU[1] Thread (CPUThread)[0x01c360e8]]: memory error: sys_mmapper_map_memory failed!
[W : PPU[1] Thread (CPUThread)[0x01c360d0]]: memory warning: sys_mmapper_allocate_memory(size=0x100000, flags=0x400, mem_id_addr=0x3010052c)
[W : PPU[1] Thread (CPUThread)[0x01c360e8]]: memory warning: sys_mmapper_map_memory(start_addr=0xe00000, mem_id=0xfb, flags=0x40000)
[E : PPU[1] Thread (CPUThread)[0x01c360e8]]: memory error: sys_mmapper_map_memory failed!
[W : PPU[1] Thread (CPUThread)[0x01c360d0]]: memory warning: sys_mmapper_allocate_memory(size=0x100000, flags=0x400, mem_id_addr=0x30100530)
[W : PPU[1] Thread (CPUThread)[0x01c360e8]]: memory warning: sys_mmapper_map_memory(start_addr=0xf00000, mem_id=0xfc, flags=0x40000)
[E : PPU[1] Thread (CPUThread)[0x01c360e8]]: memory error: sys_mmapper_map_memory failed!
[W : PPU[1] Thread (CPUThread)[0x01c360d0]]: memory warning: sys_mmapper_allocate_memory(size=0x100000, flags=0x400, mem_id_addr=0x30100534)
[W : PPU[1] Thread (CPUThread)[0x01c360e8]]: memory warning: sys_mmapper_map_memory(start_addr=0x1000000, mem_id=0xfd, flags=0x40000)
[E : PPU[1] Thread (CPUThread)[0x01c360e8]]: memory error: sys_mmapper_map_memory failed!
[W : PPU[1] Thread (CPUThread)[0x01c360d0]]: memory warning: sys_mmapper_allocate_memory(size=0x100000, flags=0x400, mem_id_addr=0x30100538)
[W : PPU[1] Thread (CPUThread)[0x01c360e8]]: memory warning: sys_mmapper_map_memory(start_addr=0x1100000, mem_id=0xfe, flags=0x40000)
[E : PPU[1] Thread (CPUThread)[0x01c360e8]]: memory error: sys_mmapper_map_memory failed!
[W : PPU[1] Thread (CPUThread)[0x01c360d0]]: memory warning: sys_mmapper_allocate_memory(size=0x100000, flags=0x400, mem_id_addr=0x3010053c)
[W : PPU[1] Thread (CPUThread)[0x01c360e8]]: memory warning: sys_mmapper_map_memory(start_addr=0x1200000, mem_id=0xff, flags=0x40000)
[E : PPU[1] Thread (CPUThread)[0x01c360e8]]: memory error: sys_mmapper_map_memory failed!
[W : PPU[1] Thread (CPUThread)[0x01c360d0]]: memory warning: sys_mmapper_allocate_memory(size=0x100000, flags=0x400, mem_id_addr=0x30100540)
[W : PPU[1] Thread (CPUThread)[0x01c360e8]]: memory warning: sys_mmapper_map_memory(start_addr=0x1300000, mem_id=0x100, flags=0x40000)
[E : PPU[1] Thread (CPUThread)[0x01c360e8]]: memory error: sys_mmapper_map_memory failed!
[W : PPU[1] Thread (CPUThread)[0x01c360d0]]: memory warning: sys_mmapper_allocate_memory(size=0x100000, flags=0x400, mem_id_addr=0x30100544)
[W : PPU[1] Thread (CPUThread)[0x01c360e8]]: memory warning: sys_mmapper_map_memory(start_addr=0x1400000, mem_id=0x101, flags=0x40000)
[E : PPU[1] Thread (CPUThread)[0x01c360e8]]: memory error: sys_mmapper_map_memory failed!
[W : PPU[1] Thread (CPUThread)[0x01c360d0]]: memory warning: sys_mmapper_allocate_memory(size=0x100000, flags=0x400, mem_id_addr=0x30100548)
[W : PPU[1] Thread (CPUThread)[0x01c360e8]]: memory warning: sys_mmapper_map_memory(start_addr=0x1500000, mem_id=0x102, flags=0x40000)
[E : PPU[1] Thread (CPUThread)[0x01c360e8]]: memory error: sys_mmapper_map_memory failed!
[W : PPU[1] Thread (CPUThread)[0x01c360d0]]: memory warning: sys_mmapper_allocate_memory(size=0x100000, flags=0x400, mem_id_addr=0x3010054c)
[W : PPU[1] Thread (CPUThread)[0x01c360e8]]: memory warning: sys_mmapper_map_memory(start_addr=0x1600000, mem_id=0x103, flags=0x40000)
[E : PPU[1] Thread (CPUThread)[0x01c360e8]]: memory error: sys_mmapper_map_memory failed!
[W : PPU[1] Thread (CPUThread)[0x01c360d0]]: memory warning: sys_mmapper_allocate_memory(size=0x100000, flags=0x400, mem_id_addr=0x30100550)
[W : PPU[1] Thread (CPUThread)[0x01c360e8]]: memory warning: sys_mmapper_map_memory(start_addr=0x1700000, mem_id=0x104, flags=0x40000)
[E : PPU[1] Thread (CPUThread)[0x01c360e8]]: memory error: sys_mmapper_map_memory failed!
[W : PPU[1] Thread (CPUThread)[0x01c360d0]]: memory warning: sys_mmapper_allocate_memory(size=0x100000, flags=0x400, mem_id_addr=0x30100554)
[W : PPU[1] Thread (CPUThread)[0x01c360e8]]: memory warning: sys_mmapper_map_memory(start_addr=0x1800000, mem_id=0x105, flags=0x40000)
[E : PPU[1] Thread (CPUThread)[0x01c360e8]]: memory error: sys_mmapper_map_memory failed!
[W : PPU[1] Thread (CPUThread)[0x00f60b40]]: SysCall 988! r3: 0x4, r4: 0x0, pc: 0xf60b40
[W : PPU[1] Thread (CPUThread)[0x01c36100]]: Process warning: sys_process_exit(1)
[S : PPU[1] Thread (CPUThread)[0x01c36100]]: Process finished
[!]: Closing memory...
