[!]: path: /dev_hdd0/game/
[!]: Loading 'D:\Emulateurs\Rpcs3\dev_hdd0\game\BLES01120-[SPLATTERHOUSE]/PS3_GAME/USRDIR/BOOT.BIN'...
[!]: Mount info:
[!]: /dev_hdd0/ -> D:\Emulateurs\Rpcs3\dev_hdd0\
[!]: /dev_hdd1/ -> D:\Emulateurs\Rpcs3\dev_hdd1\
[!]: /dev_flash/ -> D:\Emulateurs\Rpcs3\dev_flash\
[!]: /dev_usb000/ -> D:\Emulateurs\Rpcs3\dev_usb000\
[!]: /dev_usb/ -> D:\Emulateurs\Rpcs3\dev_usb000\
[!]: /app_home/ -> D:\Emulateurs\Rpcs3\dev_hdd0\game\BLES01120-[SPLATTERHOUSE]/PS3_GAME/\USRDIR\
[!]: /dev_bdvd/ -> D:\Emulateurs\Rpcs3\dev_hdd0\game\BLES01120-[SPLATTERHOUSE]/PS3_GAME/\..\
[!]: /host_root/ -> 
[!]: ///resource/ -> D:\Emulateurs\Rpcs3\dev_hdd0\game\BLES01120-[SPLATTERHOUSE]/PS3_GAME/\USRDIR\resource\
[!]: /app_home/Game/PS3_GAME/USRDIR/ -> D:\Emulateurs\Rpcs3\dev_hdd0\game\BLES01120-[SPLATTERHOUSE]/PS3_GAME/\USRDIR\
[!]: /app_home/PS3_GAME/USRDIR/media/ -> D:\Emulateurs\Rpcs3\dev_hdd0\game\BLES01120-[SPLATTERHOUSE]/PS3_GAME/\USRDIR\media\
[!]: /Data/ -> D:\Emulateurs\Rpcs3\dev_hdd0\game\BLES01120-[SPLATTERHOUSE]/PS3_GAME/\USRDIR\Data\
[!]: / -> D:\Emulateurs\Rpcs3\dev_hdd0\game\BLES01120-[SPLATTERHOUSE]/PS3_GAME/\USRDIR\
[!]: /USRDIR/PS3_GAME/USRDIR/Data/ -> D:\Emulateurs\Rpcs3\dev_hdd0\game\BLES01120-[SPLATTERHOUSE]/PS3_GAME/\USRDIR\Data\
[!]: /app_home//dev_bdvd/PS3_GAME/USRDIR/data/gos/ -> D:\Emulateurs\Rpcs3\dev_hdd0\game\BLES01120-[SPLATTERHOUSE]/PS3_GAME/\USRDIR\
[!]: BD/ -> D:\Emulateurs\Rpcs3\dev_hdd0\game\BLES01120-[SPLATTERHOUSE]/PS3_GAME/\USRDIR\
[!]: //dev_bdvd/PS3_GAME/USRDIR/ -> D:\Emulateurs\Rpcs3\dev_hdd0\game\BLES01120-[SPLATTERHOUSE]/PS3_GAME/\USRDIR\
[!]: Initing memory...
[!]: Memory initialized.
[W]: Unknown function 0x6d3bb15b in 'sys_fs' module
[E]: TODO: cellFsSdataOpenByFd
[W]: Unknown function 0x967a162b in 'sys_fs' module
[E]: TODO: cellFsFsync
[W]: Unknown function 0x8cb722d5 in 'sys_fs' module
[E]: TODO: cellFsWriteWithOffset
[W]: Unknown function 0x16394a4e in 'cellSpurs' module
[E]: TODO: _cellSpursTasksetAttributeInitialize
[W]: Unknown function 0x4ac7bae4 in 'cellSpurs' module
[E]: TODO: cellSpursEventFlagClear
[W]: Unknown function 0x5ef96465 in 'cellSpurs' module
[E]: TODO: _cellSpursEventFlagInitialize
[W]: Unknown function 0x652b70e2 in 'cellSpurs' module
[E]: TODO: cellSpursTasksetAttributeSetName
[W]: Unknown function 0xc10931cb in 'cellSpurs' module
[E]: TODO: cellSpursCreateTasksetWithAttribute
[W]: Unknown function 0x00af2519 in 'cellSpurs' module
[E]: TODO: cellSpursJobGuardReset
[W]: Unknown function 0x011ee38b in 'cellSpurs' module
[E]: TODO: _cellSpursLFQueueInitialize
[W]: Unknown function 0x1656d49f in 'cellSpurs' module
[E]: TODO: cellSpursLFQueueAttachLv2EventQueue
[W]: Unknown function 0x1d46fedf in 'cellSpurs' module
[E]: TODO: cellSpursCreateTaskWithAttribute
[W]: Unknown function 0x303c19cd in 'cellSpurs' module
[E]: TODO: cellSpursCreateJobChainWithAttribute
[W]: Unknown function 0x3548f483 in 'cellSpurs' module
[E]: TODO: _cellSpursJobChainAttributeInitialize
[W]: Unknown function 0x569674e3 in 'cellSpurs' module
[E]: TODO: cellSpursTraceInitialize
[W]: Unknown function 0x68aaeba9 in 'cellSpurs' module
[E]: TODO: cellSpursJobGuardInitialize
[W]: Unknown function 0x738e40e6 in 'cellSpurs' module
[E]: TODO: cellSpursShutdownJobChain
[W]: Unknown function 0x73e06f91 in 'cellSpurs' module
[E]: TODO: cellSpursLFQueueDetachLv2EventQueue
[W]: Unknown function 0x7b9cbb74 in 'cellSpurs' module
[E]: TODO: cellSpursTraceFinalize
[W]: Unknown function 0x8a85674d in 'cellSpurs' module
[E]: TODO: _cellSpursLFQueuePushBody
[W]: Unknown function 0x9fef70c2 in 'cellSpurs' module
[E]: TODO: cellSpursJobChainAttributeSetName
[W]: Unknown function 0xa7c066de in 'cellSpurs' module
[E]: TODO: cellSpursJoinJobChain
[W]: Unknown function 0xb8474eff in 'cellSpurs' module
[E]: TODO: _cellSpursTaskAttributeInitialize
[W]: Unknown function 0xce853fbf in 'cellSpurs' module
[E]: TODO: cellSpursTraceStart
[W]: Unknown function 0xd5d0b256 in 'cellSpurs' module
[E]: TODO: cellSpursJobGuardNotify
[W]: Unknown function 0xddc81b5a in 'cellSpurs' module
[E]: TODO: cellSpursTraceStop
[W]: Unknown function 0xf31731bb in 'cellSpurs' module
[E]: TODO: cellSpursRunJobChain
[W]: Unknown function 0xf5507729 in 'cellSpurs' module
[E]: TODO: cellSpursEventFlagSet
[W]: Unknown function 0x20543730 in 'cellSysutil' module
[E]: TODO: cellMsgDialogClose
[W]: Unknown function 0x220894e3 in 'cellSysutil' module
[E]: TODO: cellSysutilEnableBgmPlayback
[W]: Unknown function 0x52aac4fa in 'cellSysutil' module
[E]: TODO: cellSaveDataUserAutoSave
[W]: Unknown function 0x62b0f803 in 'cellSysutil' module
[E]: TODO: cellMsgDialogAbort
[W]: Unknown function 0x8b8a2f48 in 'cellSysutil' module
[E]: TODO: cellSaveDataUserFixedDelete
[W]: Unknown function 0x94862702 in 'cellSysutil' module
[E]: TODO: cellMsgDialogProgressBarInc
[W]: Unknown function 0x9d6af72a in 'cellSysutil' module
[E]: TODO: cellMsgDialogProgressBarSetMsg
[W]: Unknown function 0xa11552f6 in 'cellSysutil' module
[E]: TODO: cellSysutilGetBgmPlaybackStatus
[W]: Unknown function 0xcdc6aefd in 'cellSysutil' module
[E]: TODO: cellSaveDataUserAutoLoad
[W]: Unknown function 0xcfdd8e87 in 'cellSysutil' module
[E]: TODO: cellSysutilDisableBgmPlayback
[W]: Unknown function 0xedadd797 in 'cellSysutil' module
[E]: TODO: cellSaveDataDelete2
[W]: Unknown function 0x52a6b523 in 'sceNp' module
[E]: TODO: sceNpManagerUnregisterCallback
[W]: Unknown function 0x6ee62ed2 in 'sceNp' module
[E]: TODO: sceNpManagerGetContentRatingFlag
[W]: Unknown function 0xb1e0718b in 'sceNp' module
[E]: TODO: sceNpManagerGetAccountRegion
[W]: Unknown function 0xe7dcd3b4 in 'sceNp' module
[E]: TODO: sceNpManagerRegisterCallback
[W]: Unknown function 0xf042b14f in 'sceNp' module
[E]: TODO: sceNpDrmIsAvailable2
[W]: Unknown function 0xfe37a7f4 in 'sceNp' module
[E]: TODO: sceNpManagerGetNpId
[W]: Unknown module 'sceNpCommerce2'
[W]: Unknown function 0x28e208bb in 'sys_net' module
[E]: TODO: listen
[W]: Unknown function 0x3f09e20a in 'sys_net' module
[E]: TODO: socketselect
[W]: Unknown function 0xdabbc2c0 in 'sys_net' module
[E]: TODO: inet_addr
[W]: Unknown module 'cellHttp'
[W]: Unknown function 0x1650aea4 in 'cellSsl' module
[E]: TODO: cellSslEnd
[W]: Unknown function 0x571afaca in 'cellSsl' module
[E]: TODO: cellSslCertificateLoader
[W]: Unknown function 0xfb02c9d2 in 'cellSsl' module
[E]: TODO: cellSslInit
[W]: Unknown function 0x26090058 in 'sysPrxForUser' module
[E]: TODO: sys_prx_load_module
[W]: Unknown function 0x8a561d92 in 'sysPrxForUser' module
[E]: TODO: _sys_heap_free
[W]: Unknown function 0xa330ad84 in 'sysPrxForUser' module
[E]: TODO: sys_prx_load_module_on_memcontainer_by_fd
[W]: Unknown function 0xaa6d9bff in 'sysPrxForUser' module
[E]: TODO: sys_prx_load_module_on_memcontainer
[W]: Unknown function 0xaede4b03 in 'sysPrxForUser' module
[E]: TODO: _sys_heap_delete_heap
[W]: Unknown function 0xef68c17c in 'sysPrxForUser' module
[E]: TODO: sys_prx_load_module_by_fd
[W : PPU[1] Thread (CPUThread)[0x01649058]]: sys_lwmutex warning: *** lwmutex created [_lc_mtx] (attribute=0x12): sq_id = 3
[W : PPU[1] Thread (CPUThread)[0x00c90150]]: memory warning: sys_memory_get_user_memory_size(mem_info_addr=0xd0010c04)
[W : PPU[1] Thread (CPUThread)[0x01649058]]: sys_lwmutex warning: *** lwmutex created [_lc_mtx] (attribute=0x12): sq_id = 4
[W : PPU[1] Thread (CPUThread)[0x01649058]]: sys_lwmutex warning: *** lwmutex created [_lc_mtx] (attribute=0x12): sq_id = 5
[W : PPU[1] Thread (CPUThread)[0x01649058]]: sys_lwmutex warning: *** lwmutex created [_lc_mtx] (attribute=0x12): sq_id = 6
[W : PPU[1] Thread (CPUThread)[0x01649058]]: sys_lwmutex warning: *** lwmutex created [_lc_mtx] (attribute=0x12): sq_id = 7
[W : PPU[1] Thread (CPUThread)[0x01649058]]: sys_lwmutex warning: *** lwmutex created [_lc_mtx] (attribute=0x12): sq_id = 8
[W : PPU[1] Thread (CPUThread)[0x01649058]]: sys_lwmutex warning: *** lwmutex created [_lc_mtx] (attribute=0x12): sq_id = 9
[W : PPU[1] Thread (CPUThread)[0x01649058]]: sys_lwmutex warning: *** lwmutex created [_lc_mtx] (attribute=0x12): sq_id = 10
[W : PPU[1] Thread (CPUThread)[0x01649058]]: sys_lwmutex warning: *** lwmutex created [_lc_mtx] (attribute=0x12): sq_id = 11
[W : PPU[1] Thread (CPUThread)[0x01649058]]: sys_lwmutex warning: *** lwmutex created [_lc_mtx] (attribute=0x12): sq_id = 12
[W : PPU[1] Thread (CPUThread)[0x01649058]]: sys_lwmutex warning: *** lwmutex created [_lgcmtx] (attribute=0x12): sq_id = 13
[W : PPU[1] Thread (CPUThread)[0x01649058]]: sys_lwmutex warning: *** lwmutex created [_lgcmtx] (attribute=0x22): sq_id = 14
[W : PPU[1] Thread (CPUThread)[0x01649058]]: sys_lwmutex warning: *** lwmutex created [NiCS0] (attribute=0x12): sq_id = 15
[W : PPU[1] Thread (CPUThread)[0x01649058]]: sys_lwmutex warning: *** lwmutex created [NiCS0] (attribute=0x12): sq_id = 16
[W : PPU[1] Thread (CPUThread)[0x00573ad0]]: sys_mutex warning: *** mutex created [] (protocol=0x1, recursive=false): id = 17
[W : PPU[1] Thread (CPUThread)[0x01649058]]: sys_lwmutex warning: *** lwmutex created [] (attribute=0x22): sq_id = 18
[W : PPU[1] Thread (CPUThread)[0x01649058]]: sys_lwmutex warning: *** lwmutex created [] (attribute=0x11): sq_id = 19
[W : PPU[1] Thread (CPUThread)[0x01649058]]: sys_lwmutex warning: *** lwmutex created [] (attribute=0x11): sq_id = 20
[W : PPU[1] Thread (CPUThread)[0x01649058]]: sys_lwmutex warning: *** lwmutex created [] (attribute=0x11): sq_id = 21
[W : PPU[1] Thread (CPUThread)[0x01649058]]: sys_lwmutex warning: *** lwmutex created [] (attribute=0x11): sq_id = 22
[W : PPU[1] Thread (CPUThread)[0x01649058]]: sys_lwmutex warning: *** lwmutex created [] (attribute=0x12): sq_id = 23
[W : PPU[1] Thread (CPUThread)[0x01649058]]: sys_lwmutex warning: *** lwmutex created [] (attribute=0x22): sq_id = 24
[W : PPU[1] Thread (CPUThread)[0x01649058]]: sys_lwmutex warning: *** lwmutex created [NiCS0] (attribute=0x12): sq_id = 25
[W : PPU[1] Thread (CPUThread)[0x01649058]]: sys_lwmutex warning: *** lwmutex created [NiCS0] (attribute=0x12): sq_id = 26
[W : PPU[1] Thread (CPUThread)[0x01649058]]: sys_lwmutex warning: *** lwmutex created [NiCS0] (attribute=0x12): sq_id = 27
[W : PPU[1] Thread (CPUThread)[0x01649058]]: sys_lwmutex warning: *** lwmutex created [NiCS0] (attribute=0x12): sq_id = 28
[W : PPU[1] Thread (CPUThread)[0x01649058]]: sys_lwmutex warning: *** lwmutex created [NiCS0] (attribute=0x12): sq_id = 29
[W : PPU[1] Thread (CPUThread)[0x01649058]]: sys_lwmutex warning: *** lwmutex created [NiCS0] (attribute=0x12): sq_id = 30
[W : PPU[1] Thread (CPUThread)[0x01649058]]: sys_lwmutex warning: *** lwmutex created [NiCS0] (attribute=0x12): sq_id = 31
[W : PPU[1] Thread (CPUThread)[0x01649058]]: sys_lwmutex warning: *** lwmutex created [NiCS0] (attribute=0x12): sq_id = 32
[W : PPU[1] Thread (CPUThread)[0x01649058]]: sys_lwmutex warning: *** lwmutex created [NiCS0] (attribute=0x12): sq_id = 33
[W : PPU[1] Thread (CPUThread)[0x01649058]]: sys_lwmutex warning: *** lwmutex created [NiFCS1] (attribute=0x22): sq_id = 34
[W : PPU[1] Thread (CPUThread)[0x01649058]]: sys_lwmutex warning: *** lwmutex created [NiCS0] (attribute=0x12): sq_id = 35
[W : PPU[1] Thread (CPUThread)[0x01649058]]: sys_lwmutex warning: *** lwmutex created [NiFCS0] (attribute=0x22): sq_id = 36
[W : PPU[1] Thread (CPUThread)[0x01649058]]: sys_lwmutex warning: *** lwmutex created [NiCS0] (attribute=0x12): sq_id = 37
[W : PPU[1] Thread (CPUThread)[0x006c5c4c]]: sys_semaphore warning: sys_semaphore_create(sem_addr=0x1587e84, attr_addr=0xd0010ba0, initial_count=0, max_count=1)
[W : PPU[1] Thread (CPUThread)[0x006c5c4c]]: sys_semaphore warning: sys_semaphore_create(sem_addr=0x1587e8c, attr_addr=0xd0010ba0, initial_count=0, max_count=1)
[W : PPU[1] Thread (CPUThread)[0x006c5c4c]]: sys_semaphore warning: sys_semaphore_create(sem_addr=0x1587e94, attr_addr=0xd0010ba0, initial_count=0, max_count=1)
[W : PPU[1] Thread (CPUThread)[0x006c5c4c]]: sys_semaphore warning: sys_semaphore_create(sem_addr=0x1587e9c, attr_addr=0xd0010ba0, initial_count=0, max_count=1)
[W : PPU[1] Thread (CPUThread)[0x006c5c4c]]: sys_semaphore warning: sys_semaphore_create(sem_addr=0x1587ea4, attr_addr=0xd0010ba0, initial_count=0, max_count=1)
[W : PPU[1] Thread (CPUThread)[0x01649058]]: sys_lwmutex warning: *** lwmutex created [NiCS0] (attribute=0x12): sq_id = 43
[W : PPU[1] Thread (CPUThread)[0x01649058]]: sys_lwmutex warning: *** lwmutex created [NiFCS1] (attribute=0x22): sq_id = 44
[W : PPU[1] Thread (CPUThread)[0x01649058]]: sys_lwmutex warning: *** lwmutex created [NiCS0] (attribute=0x12): sq_id = 45
[W : PPU[1] Thread (CPUThread)[0x01649058]]: sys_lwmutex warning: *** lwmutex created [NiFCS1] (attribute=0x22): sq_id = 46
[W : PPU[1] Thread (CPUThread)[0x01649058]]: sys_lwmutex warning: *** lwmutex created [NiFCS1] (attribute=0x22): sq_id = 47
[W : PPU[1] Thread (CPUThread)[0x01649058]]: sys_lwmutex warning: *** lwmutex created [NiCS0] (attribute=0x12): sq_id = 48
[W : PPU[1] Thread (CPUThread)[0x01649058]]: sys_lwmutex warning: *** lwmutex created [NiCS0] (attribute=0x12): sq_id = 49
[W : PPU[1] Thread (CPUThread)[0x01649058]]: sys_lwmutex warning: *** lwmutex created [NiCS0] (attribute=0x12): sq_id = 50
[W : PPU[1] Thread (CPUThread)[0x01649058]]: sys_lwmutex warning: *** lwmutex created [NiCS0] (attribute=0x12): sq_id = 51
[W : PPU[1] Thread (CPUThread)[0x01649058]]: sys_lwmutex warning: *** lwmutex created [NiFCS0] (attribute=0x22): sq_id = 52
[W : PPU[1] Thread (CPUThread)[0x01649058]]: sys_lwmutex warning: *** lwmutex created [] (attribute=0x22): sq_id = 53
[W : PPU[1] Thread (CPUThread)[0x01649058]]: sys_lwmutex warning: *** lwmutex created [] (attribute=0x22): sq_id = 54
[W : PPU[1] Thread (CPUThread)[0x01649058]]: sys_lwmutex warning: *** lwmutex created [] (attribute=0x22): sq_id = 55
[W : PPU[1] Thread (CPUThread)[0x00c7e024]]: cellSysutil warning: cellSysutilGetSystemParamInt: CELL_SYSUTIL_SYSTEMPARAM_ID_TIMEZONE
[W : PPU[1] Thread (CPUThread)[0x00c7e024]]: cellSysutil warning: cellSysutilGetSystemParamInt: CELL_SYSUTIL_SYSTEMPARAM_ID_SUMMERTIME
[W : PPU[1] Thread (CPUThread)[0x00c86584]]: cellSysutil warning: cellSysutilGetSystemParamInt: CELL_SYSUTIL_SYSTEMPARAM_ID_TIMEZONE
[W : PPU[1] Thread (CPUThread)[0x00c86584]]: cellSysutil warning: cellSysutilGetSystemParamInt: CELL_SYSUTIL_SYSTEMPARAM_ID_SUMMERTIME
[W : PPU[1] Thread (CPUThread)[0x00c7fd3c]]: cellSysutil warning: cellSysutilGetSystemParamInt: CELL_SYSUTIL_SYSTEMPARAM_ID_TIMEZONE
[W : PPU[1] Thread (CPUThread)[0x00c7fd3c]]: cellSysutil warning: cellSysutilGetSystemParamInt: CELL_SYSUTIL_SYSTEMPARAM_ID_SUMMERTIME
[W : PPU[1] Thread (CPUThread)[0x00c86584]]: cellSysutil warning: cellSysutilGetSystemParamInt: CELL_SYSUTIL_SYSTEMPARAM_ID_TIMEZONE
[W : PPU[1] Thread (CPUThread)[0x00c86584]]: cellSysutil warning: cellSysutilGetSystemParamInt: CELL_SYSUTIL_SYSTEMPARAM_ID_SUMMERTIME
[W : PPU[1] Thread (CPUThread)[0x00c7dfc8]]: cellSysutil warning: cellSysutilGetSystemParamInt: CELL_SYSUTIL_SYSTEMPARAM_ID_TIMEZONE
[W : PPU[1] Thread (CPUThread)[0x00c7dfc8]]: cellSysutil warning: cellSysutilGetSystemParamInt: CELL_SYSUTIL_SYSTEMPARAM_ID_SUMMERTIME
[W : PPU[1] Thread (CPUThread)[0x00c7fd3c]]: cellSysutil warning: cellSysutilGetSystemParamInt: CELL_SYSUTIL_SYSTEMPARAM_ID_TIMEZONE
[W : PPU[1] Thread (CPUThread)[0x00c7fd3c]]: cellSysutil warning: cellSysutilGetSystemParamInt: CELL_SYSUTIL_SYSTEMPARAM_ID_SUMMERTIME
[W : PPU[1] Thread (CPUThread)[0x01649058]]: sys_lwmutex warning: *** lwmutex created [ps3HDDL] (attribute=0x12): sq_id = 56
[W : PPU[1] Thread (CPUThread)[0x01649058]]: sys_lwmutex warning: *** lwmutex created [NiCS0] (attribute=0x12): sq_id = 57
[W : PPU[1] Thread (CPUThread)[0x01649058]]: sys_lwmutex warning: *** lwmutex created [NiCS0] (attribute=0x12): sq_id = 58
[W : PPU[1] Thread (CPUThread)[0x004b370c]]: sys_semaphore warning: sys_semaphore_create(sem_addr=0x146c1d8, attr_addr=0xd0010ba0, initial_count=1, max_count=1)
[W : PPU[1] Thread (CPUThread)[0x004b373c]]: sys_semaphore warning: sys_semaphore_create(sem_addr=0x146c1e0, attr_addr=0xd0010ba0, initial_count=1, max_count=1)
[W : PPU[1] Thread (CPUThread)[0x004b376c]]: sys_semaphore warning: sys_semaphore_create(sem_addr=0x146c1e8, attr_addr=0xd0010ba0, initial_count=1, max_count=1)
[W : PPU[1] Thread (CPUThread)[0x01649058]]: sys_lwmutex warning: *** lwmutex created [NiCS0] (attribute=0x12): sq_id = 62
[W : PPU[1] Thread (CPUThread)[0x01649058]]: sys_lwmutex warning: *** lwmutex created [NiCS0] (attribute=0x12): sq_id = 63
[W : PPU[1] Thread (CPUThread)[0x01649058]]: sys_lwmutex warning: *** lwmutex created [NiFCS1] (attribute=0x22): sq_id = 64
[W : PPU[1] Thread (CPUThread)[0x01649058]]: sys_lwmutex warning: *** lwmutex created [NiFCS1] (attribute=0x22): sq_id = 65
[W : PPU[1] Thread (CPUThread)[0x01649058]]: sys_lwmutex warning: *** lwmutex created [NiCS0] (attribute=0x12): sq_id = 66
[W : PPU[1] Thread (CPUThread)[0x01649058]]: sys_lwmutex warning: *** lwmutex created [NiCS0] (attribute=0x12): sq_id = 67
[W : PPU[1] Thread (CPUThread)[0x01649058]]: sys_lwmutex warning: *** lwmutex created [NiCS0] (attribute=0x12): sq_id = 68
[W : PPU[1] Thread (CPUThread)[0x0129f094]]: cellSysutil warning: cellSysutilRegisterCallback(slot=3, func_addr=0x12edd10, userdata=0x0)
[W : PPU[1] Thread (CPUThread)[0x008156c8]]: memory warning: sys_memory_get_user_memory_size(mem_info_addr=0xd0010c58)
[W : PPU[1] Thread (CPUThread)[0x008155f8]]: sys_spu warning: sys_spu_initialize(max_usable_spu=6, max_raw_spu=0)
[W : PPU[1] Thread (CPUThread)[0x0129d004]]: cellSysmodule warning: cellSysmoduleLoadModule(CELL_SYSMODULE_FS)
[W : PPU[1] Thread (CPUThread)[0x0129d004]]: cellSysmodule warning: cellSysmoduleLoadModule(CELL_SYSMODULE_IO)
[W : PPU[1] Thread (CPUThread)[0x0129d004]]: cellSysmodule warning: cellSysmoduleLoadModule(CELL_SYSMODULE_SPURS)
[W : PPU[1] Thread (CPUThread)[0x0129d004]]: cellSysmodule warning: cellSysmoduleLoadModule(CELL_SYSMODULE_GCM_SYS)
[W : PPU[1] Thread (CPUThread)[0x0129d004]]: cellSysmodule warning: cellSysmoduleLoadModule(CELL_SYSMODULE_GCM_SYS)
[W : PPU[1] Thread (CPUThread)[0x0129d004]]: cellSysmodule warning: cellSysmoduleLoadModule(CELL_SYSMODULE_RESC)
[W : PPU[1] Thread (CPUThread)[0x0129d004]]: cellSysmodule warning: cellSysmoduleLoadModule(CELL_SYSMODULE_SYSUTIL)
[W : PPU[1] Thread (CPUThread)[0x0129d004]]: cellSysmodule warning: cellSysmoduleLoadModule(CELL_SYSMODULE_NET)
[W : PPU[1] Thread (CPUThread)[0x0129d004]]: cellSysmodule warning: cellSysmoduleLoadModule(CELL_SYSMODULE_NETCTL)
[W : PPU[1] Thread (CPUThread)[0x0129d004]]: cellSysmodule warning: cellSysmoduleLoadModule(CELL_SYSMODULE_OVIS)
[W : PPU[1] Thread (CPUThread)[0x0129d004]]: cellSysmodule warning: cellSysmoduleLoadModule(CELL_SYSMODULE_AUDIO)
[W : PPU[1] Thread (CPUThread)[0x01649058]]: sys_lwmutex warning: *** lwmutex created [NiCS0] (attribute=0x12): sq_id = 69
[W : PPU[1] Thread (CPUThread)[0x01649058]]: sys_lwmutex warning: *** lwmutex created [NiCS0] (attribute=0x12): sq_id = 70
[W : PPU[1] Thread (CPUThread)[0x01649058]]: sys_lwmutex warning: *** lwmutex created [NiCS0] (attribute=0x12): sq_id = 71
[W : PPU[1] Thread (CPUThread)[0x01649058]]: sys_lwmutex warning: *** lwmutex created [NiCS0] (attribute=0x12): sq_id = 72
[W : PPU[1] Thread (CPUThread)[0x01649058]]: sys_lwmutex warning: *** lwmutex created [NiCS0] (attribute=0x12): sq_id = 73
[W : PPU[1] Thread (CPUThread)[0x01649058]]: sys_lwmutex warning: *** lwmutex created [NiCS0] (attribute=0x12): sq_id = 74
[W : PPU[1] Thread (CPUThread)[0x01649058]]: sys_lwmutex warning: *** lwmutex created [NiCS0] (attribute=0x12): sq_id = 75
[W : PPU[1] Thread (CPUThread)[0x01649058]]: sys_lwmutex warning: *** lwmutex created [NiCS0] (attribute=0x12): sq_id = 76
[W : PPU[1] Thread (CPUThread)[0x01649058]]: sys_lwmutex warning: *** lwmutex created [NiCS0] (attribute=0x12): sq_id = 77
[W : PPU[1] Thread (CPUThread)[0x01649058]]: sys_lwmutex warning: *** lwmutex created [NiCS0] (attribute=0x12): sq_id = 78
[W : PPU[1] Thread (CPUThread)[0x01649058]]: sys_lwmutex warning: *** lwmutex created [NiCS0] (attribute=0x12): sq_id = 79
[W : PPU[1] Thread (CPUThread)[0x01649058]]: sys_lwmutex warning: *** lwmutex created [NiCS0] (attribute=0x12): sq_id = 80
[W : PPU[1] Thread (CPUThread)[0x01649058]]: sys_lwmutex warning: *** lwmutex created [NiCS0] (attribute=0x12): sq_id = 81
[W : PPU[1] Thread (CPUThread)[0x01649058]]: sys_lwmutex warning: *** lwmutex created [NiCS0] (attribute=0x12): sq_id = 82
[W : PPU[1] Thread (CPUThread)[0x01649058]]: sys_lwmutex warning: *** lwmutex created [NiCS0] (attribute=0x12): sq_id = 83
[W : PPU[1] Thread (CPUThread)[0x01649058]]: sys_lwmutex warning: *** lwmutex created [NiCS0] (attribute=0x12): sq_id = 84
[W : PPU[1] Thread (CPUThread)[0x01649058]]: sys_lwmutex warning: *** lwmutex created [NiCS0] (attribute=0x12): sq_id = 85
[W : PPU[1] Thread (CPUThread)[0x01649058]]: sys_lwmutex warning: *** lwmutex created [NiCS0] (attribute=0x12): sq_id = 86
[W : PPU[1] Thread (CPUThread)[0x01649058]]: sys_lwmutex warning: *** lwmutex created [NiCS0] (attribute=0x12): sq_id = 87
[W : PPU[1] Thread (CPUThread)[0x01649058]]: sys_lwmutex warning: *** lwmutex created [NiCS0] (attribute=0x12): sq_id = 88
[W : PPU[1] Thread (CPUThread)[0x01649058]]: sys_lwmutex warning: *** lwmutex created [NiCS0] (attribute=0x12): sq_id = 89
[W : PPU[1] Thread (CPUThread)[0x01649058]]: sys_lwmutex warning: *** lwmutex created [NiCS0] (attribute=0x12): sq_id = 90
[W : PPU[1] Thread (CPUThread)[0x01649058]]: sys_lwmutex warning: *** lwmutex created [NiCS0] (attribute=0x12): sq_id = 91
[W : PPU[1] Thread (CPUThread)[0x01649058]]: sys_lwmutex warning: *** lwmutex created [NiCS0] (attribute=0x12): sq_id = 92
[W : PPU[1] Thread (CPUThread)[0x01649058]]: sys_lwmutex warning: *** lwmutex created [NiCS0] (attribute=0x12): sq_id = 93
[W : PPU[1] Thread (CPUThread)[0x01649058]]: sys_lwmutex warning: *** lwmutex created [NiCS0] (attribute=0x12): sq_id = 94
[W : PPU[1] Thread (CPUThread)[0x01649058]]: sys_lwmutex warning: *** lwmutex created [NiCS0] (attribute=0x12): sq_id = 95
[W : PPU[1] Thread (CPUThread)[0x01649058]]: sys_lwmutex warning: *** lwmutex created [NiCS0] (attribute=0x12): sq_id = 96
[W : PPU[1] Thread (CPUThread)[0x01649058]]: sys_lwmutex warning: *** lwmutex created [NiCS0] (attribute=0x12): sq_id = 97
[W : PPU[1] Thread (CPUThread)[0x01649058]]: sys_lwmutex warning: *** lwmutex created [NiCS0] (attribute=0x12): sq_id = 98
[W : PPU[1] Thread (CPUThread)[0x01649058]]: sys_lwmutex warning: *** lwmutex created [NiCS0] (attribute=0x12): sq_id = 99
[W : PPU[1] Thread (CPUThread)[0x01649058]]: sys_lwmutex warning: *** lwmutex created [NiCS0] (attribute=0x12): sq_id = 100
[W : PPU[1] Thread (CPUThread)[0x01649058]]: sys_lwmutex warning: *** lwmutex created [NiCS0] (attribute=0x12): sq_id = 101
[W : PPU[1] Thread (CPUThread)[0x01649058]]: sys_lwmutex warning: *** lwmutex created [NiCS0] (attribute=0x12): sq_id = 102
[W : PPU[1] Thread (CPUThread)[0x01649058]]: sys_lwmutex warning: *** lwmutex created [NiCS0] (attribute=0x12): sq_id = 103
[W : PPU[1] Thread (CPUThread)[0x01649058]]: sys_lwmutex warning: *** lwmutex created [NiCS0] (attribute=0x12): sq_id = 104
[W : PPU[1] Thread (CPUThread)[0x01649058]]: sys_lwmutex warning: *** lwmutex created [NiCS0] (attribute=0x12): sq_id = 105
[W : PPU[1] Thread (CPUThread)[0x01649058]]: sys_lwmutex warning: *** lwmutex created [NiCS0] (attribute=0x12): sq_id = 106
[W : PPU[1] Thread (CPUThread)[0x01649058]]: sys_lwmutex warning: *** lwmutex created [NiCS0] (attribute=0x12): sq_id = 107
[W : PPU[1] Thread (CPUThread)[0x01649058]]: sys_lwmutex warning: *** lwmutex created [NiCS0] (attribute=0x12): sq_id = 108
[W : PPU[1] Thread (CPUThread)[0x01649058]]: sys_lwmutex warning: *** lwmutex created [NiCS0] (attribute=0x12): sq_id = 109
[W : PPU[1] Thread (CPUThread)[0x01649058]]: sys_lwmutex warning: *** lwmutex created [NiCS0] (attribute=0x12): sq_id = 110
[W : PPU[1] Thread (CPUThread)[0x01649058]]: sys_lwmutex warning: *** lwmutex created [NiCS0] (attribute=0x12): sq_id = 111
[W : PPU[1] Thread (CPUThread)[0x01649058]]: sys_lwmutex warning: *** lwmutex created [NiCS0] (attribute=0x12): sq_id = 112
[W : PPU[1] Thread (CPUThread)[0x01649058]]: sys_lwmutex warning: *** lwmutex created [NiCS0] (attribute=0x12): sq_id = 113
[W : PPU[1] Thread (CPUThread)[0x01649058]]: sys_lwmutex warning: *** lwmutex created [NiCS0] (attribute=0x12): sq_id = 114
[W : PPU[1] Thread (CPUThread)[0x01649058]]: sys_lwmutex warning: *** lwmutex created [NiCS0] (attribute=0x12): sq_id = 115
[W : PPU[1] Thread (CPUThread)[0x01649058]]: sys_lwmutex warning: *** lwmutex created [NiCS0] (attribute=0x12): sq_id = 116
[W : PPU[1] Thread (CPUThread)[0x01649058]]: sys_lwmutex warning: *** lwmutex created [NiCS0] (attribute=0x12): sq_id = 117
[W : PPU[1] Thread (CPUThread)[0x01649058]]: sys_lwmutex warning: *** lwmutex created [NiCS0] (attribute=0x12): sq_id = 118
[W : PPU[1] Thread (CPUThread)[0x01649058]]: sys_lwmutex warning: *** lwmutex created [NiCS0] (attribute=0x12): sq_id = 119
[W : PPU[1] Thread (CPUThread)[0x01649058]]: sys_lwmutex warning: *** lwmutex created [NiCS0] (attribute=0x12): sq_id = 120
[W : PPU[1] Thread (CPUThread)[0x01649058]]: sys_lwmutex warning: *** lwmutex created [NiCS0] (attribute=0x12): sq_id = 121
[W : PPU[1] Thread (CPUThread)[0x01649058]]: sys_lwmutex warning: *** lwmutex created [NiCS0] (attribute=0x12): sq_id = 122
[W : PPU[1] Thread (CPUThread)[0x01649058]]: sys_lwmutex warning: *** lwmutex created [NiCS0] (attribute=0x12): sq_id = 123
[W : PPU[1] Thread (CPUThread)[0x01649058]]: sys_lwmutex warning: *** lwmutex created [NiCS0] (attribute=0x12): sq_id = 124
[W : PPU[1] Thread (CPUThread)[0x01649058]]: sys_lwmutex warning: *** lwmutex created [NiCS0] (attribute=0x12): sq_id = 125
[W : PPU[1] Thread (CPUThread)[0x01649058]]: sys_lwmutex warning: *** lwmutex created [NiCS0] (attribute=0x12): sq_id = 126
[W : PPU[1] Thread (CPUThread)[0x01649058]]: sys_lwmutex warning: *** lwmutex created [NiCS0] (attribute=0x12): sq_id = 127
[W : PPU[1] Thread (CPUThread)[0x01649058]]: sys_lwmutex warning: *** lwmutex created [NiCS0] (attribute=0x12): sq_id = 128
[W : PPU[1] Thread (CPUThread)[0x01649058]]: sys_lwmutex warning: *** lwmutex created [NiCS0] (attribute=0x12): sq_id = 129
[W : PPU[1] Thread (CPUThread)[0x01649058]]: sys_lwmutex warning: *** lwmutex created [NiCS0] (attribute=0x12): sq_id = 130
[W : PPU[1] Thread (CPUThread)[0x01649058]]: sys_lwmutex warning: *** lwmutex created [NiCS0] (attribute=0x12): sq_id = 131
[W : PPU[1] Thread (CPUThread)[0x01649058]]: sys_lwmutex warning: *** lwmutex created [NiCS0] (attribute=0x12): sq_id = 132
[W : PPU[1] Thread (CPUThread)[0x01649058]]: sys_lwmutex warning: *** lwmutex created [NiCS0] (attribute=0x12): sq_id = 133
[W : PPU[1] Thread (CPUThread)[0x01649058]]: sys_lwmutex warning: *** lwmutex created [NiCS0] (attribute=0x12): sq_id = 134
[W : PPU[1] Thread (CPUThread)[0x01649058]]: sys_lwmutex warning: *** lwmutex created [NiCS0] (attribute=0x12): sq_id = 135
[W : PPU[1] Thread (CPUThread)[0x01649058]]: sys_lwmutex warning: *** lwmutex created [NiCS0] (attribute=0x12): sq_id = 136
[W : PPU[1] Thread (CPUThread)[0x01649058]]: sys_lwmutex warning: *** lwmutex created [NiCS0] (attribute=0x12): sq_id = 137
[W : PPU[1] Thread (CPUThread)[0x01649058]]: sys_lwmutex warning: *** lwmutex created [NiCS0] (attribute=0x12): sq_id = 138
[W : PPU[1] Thread (CPUThread)[0x01649058]]: sys_lwmutex warning: *** lwmutex created [NiCS0] (attribute=0x12): sq_id = 139
[W : PPU[1] Thread (CPUThread)[0x01649058]]: sys_lwmutex warning: *** lwmutex created [NiCS0] (attribute=0x12): sq_id = 140
[W : PPU[1] Thread (CPUThread)[0x01649058]]: sys_lwmutex warning: *** lwmutex created [NiCS0] (attribute=0x12): sq_id = 141
[W : PPU[1] Thread (CPUThread)[0x01649058]]: sys_lwmutex warning: *** lwmutex created [NiCS0] (attribute=0x12): sq_id = 142
[W : PPU[1] Thread (CPUThread)[0x01649058]]: sys_lwmutex warning: *** lwmutex created [NiCS0] (attribute=0x12): sq_id = 143
[W : PPU[1] Thread (CPUThread)[0x01649058]]: sys_lwmutex warning: *** lwmutex created [NiCS0] (attribute=0x12): sq_id = 144
[W : PPU[1] Thread (CPUThread)[0x01649058]]: sys_lwmutex warning: *** lwmutex created [NiCS0] (attribute=0x12): sq_id = 145
[W : PPU[1] Thread (CPUThread)[0x01649058]]: sys_lwmutex warning: *** lwmutex created [NiCS0] (attribute=0x12): sq_id = 146
[W : PPU[1] Thread (CPUThread)[0x01649058]]: sys_lwmutex warning: *** lwmutex created [NiCS0] (attribute=0x12): sq_id = 147
[W : PPU[1] Thread (CPUThread)[0x01649058]]: sys_lwmutex warning: *** lwmutex created [NiCS0] (attribute=0x12): sq_id = 148
[W : PPU[1] Thread (CPUThread)[0x01649058]]: sys_lwmutex warning: *** lwmutex created [NiCS0] (attribute=0x12): sq_id = 149
[W : PPU[1] Thread (CPUThread)[0x01649058]]: sys_lwmutex warning: *** lwmutex created [NiCS0] (attribute=0x12): sq_id = 150
[W : PPU[1] Thread (CPUThread)[0x01649058]]: sys_lwmutex warning: *** lwmutex created [NiCS0] (attribute=0x12): sq_id = 151
[W : PPU[1] Thread (CPUThread)[0x01649058]]: sys_lwmutex warning: *** lwmutex created [NiCS0] (attribute=0x12): sq_id = 152
[W : PPU[1] Thread (CPUThread)[0x01649058]]: sys_lwmutex warning: *** lwmutex created [NiCS0] (attribute=0x12): sq_id = 153
[W : PPU[1] Thread (CPUThread)[0x01649058]]: sys_lwmutex warning: *** lwmutex created [NiCS0] (attribute=0x12): sq_id = 154
[W : PPU[1] Thread (CPUThread)[0x01649058]]: sys_lwmutex warning: *** lwmutex created [NiCS0] (attribute=0x12): sq_id = 155
[W : PPU[1] Thread (CPUThread)[0x01649058]]: sys_lwmutex warning: *** lwmutex created [NiCS0] (attribute=0x12): sq_id = 156
[W : PPU[1] Thread (CPUThread)[0x01649058]]: sys_lwmutex warning: *** lwmutex created [NiCS0] (attribute=0x12): sq_id = 157
[W : PPU[1] Thread (CPUThread)[0x01649058]]: sys_lwmutex warning: *** lwmutex created [NiCS0] (attribute=0x12): sq_id = 158
[W : PPU[1] Thread (CPUThread)[0x01649058]]: sys_lwmutex warning: *** lwmutex created [NiCS0] (attribute=0x12): sq_id = 159
[W : PPU[1] Thread (CPUThread)[0x01649058]]: sys_lwmutex warning: *** lwmutex created [NiCS0] (attribute=0x12): sq_id = 160
[W : PPU[1] Thread (CPUThread)[0x01649058]]: sys_lwmutex warning: *** lwmutex created [NiCS0] (attribute=0x12): sq_id = 161
[W : PPU[1] Thread (CPUThread)[0x01649058]]: sys_lwmutex warning: *** lwmutex created [NiCS0] (attribute=0x12): sq_id = 162
[W : PPU[1] Thread (CPUThread)[0x01649058]]: sys_lwmutex warning: *** lwmutex created [NiCS0] (attribute=0x12): sq_id = 163
[W : PPU[1] Thread (CPUThread)[0x01649058]]: sys_lwmutex warning: *** lwmutex created [NiCS0] (attribute=0x12): sq_id = 164
[W : PPU[1] Thread (CPUThread)[0x01649058]]: sys_lwmutex warning: *** lwmutex created [NiCS0] (attribute=0x12): sq_id = 165
[W : PPU[1] Thread (CPUThread)[0x01649058]]: sys_lwmutex warning: *** lwmutex created [NiCS0] (attribute=0x12): sq_id = 166
[W : PPU[1] Thread (CPUThread)[0x01649058]]: sys_lwmutex warning: *** lwmutex created [NiCS0] (attribute=0x12): sq_id = 167
[W : PPU[1] Thread (CPUThread)[0x01649058]]: sys_lwmutex warning: *** lwmutex created [NiCS0] (attribute=0x12): sq_id = 168
[W : PPU[1] Thread (CPUThread)[0x01649058]]: sys_lwmutex warning: *** lwmutex created [NiCS0] (attribute=0x12): sq_id = 169
[W : PPU[1] Thread (CPUThread)[0x01649058]]: sys_lwmutex warning: *** lwmutex created [NiCS0] (attribute=0x12): sq_id = 170
[W : PPU[1] Thread (CPUThread)[0x01649058]]: sys_lwmutex warning: *** lwmutex created [NiCS0] (attribute=0x12): sq_id = 171
[W : PPU[1] Thread (CPUThread)[0x01649058]]: sys_lwmutex warning: *** lwmutex created [NiCS0] (attribute=0x12): sq_id = 172
[W : PPU[1] Thread (CPUThread)[0x01649058]]: sys_lwmutex warning: *** lwmutex created [NiCS0] (attribute=0x12): sq_id = 173
[W : PPU[1] Thread (CPUThread)[0x01649058]]: sys_lwmutex warning: *** lwmutex created [NiCS0] (attribute=0x12): sq_id = 174
[W : PPU[1] Thread (CPUThread)[0x01649058]]: sys_lwmutex warning: *** lwmutex created [NiCS0] (attribute=0x12): sq_id = 175
[W : PPU[1] Thread (CPUThread)[0x01649058]]: sys_lwmutex warning: *** lwmutex created [NiCS0] (attribute=0x12): sq_id = 176
[W : PPU[1] Thread (CPUThread)[0x01649058]]: sys_lwmutex warning: *** lwmutex created [NiCS0] (attribute=0x12): sq_id = 177
[W : PPU[1] Thread (CPUThread)[0x01649058]]: sys_lwmutex warning: *** lwmutex created [NiCS0] (attribute=0x12): sq_id = 178
[W : PPU[1] Thread (CPUThread)[0x01649058]]: sys_lwmutex warning: *** lwmutex created [NiCS0] (attribute=0x12): sq_id = 179
[W : PPU[1] Thread (CPUThread)[0x01649058]]: sys_lwmutex warning: *** lwmutex created [NiCS0] (attribute=0x12): sq_id = 180
[W : PPU[1] Thread (CPUThread)[0x01649058]]: sys_lwmutex warning: *** lwmutex created [NiCS0] (attribute=0x12): sq_id = 181
[W : PPU[1] Thread (CPUThread)[0x01649058]]: sys_lwmutex warning: *** lwmutex created [NiCS0] (attribute=0x12): sq_id = 182
[W : PPU[1] Thread (CPUThread)[0x01649058]]: sys_lwmutex warning: *** lwmutex created [NiCS0] (attribute=0x12): sq_id = 183
[W : PPU[1] Thread (CPUThread)[0x01649058]]: sys_lwmutex warning: *** lwmutex created [NiCS0] (attribute=0x12): sq_id = 184
[W : PPU[1] Thread (CPUThread)[0x01649058]]: sys_lwmutex warning: *** lwmutex created [NiCS0] (attribute=0x12): sq_id = 185
[W : PPU[1] Thread (CPUThread)[0x01649058]]: sys_lwmutex warning: *** lwmutex created [NiCS0] (attribute=0x12): sq_id = 186
[W : PPU[1] Thread (CPUThread)[0x01649058]]: sys_lwmutex warning: *** lwmutex created [NiCS0] (attribute=0x12): sq_id = 187
[W : PPU[1] Thread (CPUThread)[0x01649058]]: sys_lwmutex warning: *** lwmutex created [NiCS0] (attribute=0x12): sq_id = 188
[W : PPU[1] Thread (CPUThread)[0x01649058]]: sys_lwmutex warning: *** lwmutex created [NiCS0] (attribute=0x12): sq_id = 189
[W : PPU[1] Thread (CPUThread)[0x01649058]]: sys_lwmutex warning: *** lwmutex created [NiCS0] (attribute=0x12): sq_id = 190
[W : PPU[1] Thread (CPUThread)[0x01649058]]: sys_lwmutex warning: *** lwmutex created [NiCS0] (attribute=0x12): sq_id = 191
[W : PPU[1] Thread (CPUThread)[0x01649058]]: sys_lwmutex warning: *** lwmutex created [NiCS0] (attribute=0x12): sq_id = 192
[W : PPU[1] Thread (CPUThread)[0x01649058]]: sys_lwmutex warning: *** lwmutex created [NiCS0] (attribute=0x12): sq_id = 193
[W : PPU[1] Thread (CPUThread)[0x01649058]]: sys_lwmutex warning: *** lwmutex created [NiCS0] (attribute=0x12): sq_id = 194
[W : PPU[1] Thread (CPUThread)[0x01649058]]: sys_lwmutex warning: *** lwmutex created [NiCS0] (attribute=0x12): sq_id = 195
[W : PPU[1] Thread (CPUThread)[0x01649058]]: sys_lwmutex warning: *** lwmutex created [NiCS0] (attribute=0x12): sq_id = 196
[W : PPU[1] Thread (CPUThread)[0x01649058]]: sys_lwmutex warning: *** lwmutex created [NiCS0] (attribute=0x12): sq_id = 197
[W : PPU[1] Thread (CPUThread)[0x01649058]]: sys_lwmutex warning: *** lwmutex created [NiCS0] (attribute=0x12): sq_id = 198
[W : PPU[1] Thread (CPUThread)[0x01649058]]: sys_lwmutex warning: *** lwmutex created [NiCS0] (attribute=0x12): sq_id = 199
[W : PPU[1] Thread (CPUThread)[0x01649058]]: sys_lwmutex warning: *** lwmutex created [NiCS0] (attribute=0x12): sq_id = 200
[W : PPU[1] Thread (CPUThread)[0x01649058]]: sys_lwmutex warning: *** lwmutex created [NiCS0] (attribute=0x12): sq_id = 201
[W : PPU[1] Thread (CPUThread)[0x01649058]]: sys_lwmutex warning: *** lwmutex created [NiCS0] (attribute=0x12): sq_id = 202
[W : PPU[1] Thread (CPUThread)[0x01649058]]: sys_lwmutex warning: *** lwmutex created [NiCS0] (attribute=0x12): sq_id = 203
[W : PPU[1] Thread (CPUThread)[0x01649058]]: sys_lwmutex warning: *** lwmutex created [NiCS0] (attribute=0x12): sq_id = 204
[W : PPU[1] Thread (CPUThread)[0x01649058]]: sys_lwmutex warning: *** lwmutex created [NiCS0] (attribute=0x12): sq_id = 205
[W : PPU[1] Thread (CPUThread)[0x01649058]]: sys_lwmutex warning: *** lwmutex created [NiCS0] (attribute=0x12): sq_id = 206
[W : PPU[1] Thread (CPUThread)[0x01649058]]: sys_lwmutex warning: *** lwmutex created [NiCS0] (attribute=0x12): sq_id = 207
[W : PPU[1] Thread (CPUThread)[0x01649058]]: sys_lwmutex warning: *** lwmutex created [NiCS0] (attribute=0x12): sq_id = 208
[W : PPU[1] Thread (CPUThread)[0x01649058]]: sys_lwmutex warning: *** lwmutex created [NiCS0] (attribute=0x12): sq_id = 209
[W : PPU[1] Thread (CPUThread)[0x01649058]]: sys_lwmutex warning: *** lwmutex created [NiCS0] (attribute=0x12): sq_id = 210
[W : PPU[1] Thread (CPUThread)[0x01649058]]: sys_lwmutex warning: *** lwmutex created [NiCS0] (attribute=0x12): sq_id = 211
[W : PPU[1] Thread (CPUThread)[0x01649058]]: sys_lwmutex warning: *** lwmutex created [NiCS0] (attribute=0x12): sq_id = 212
[W : PPU[1] Thread (CPUThread)[0x01649058]]: sys_lwmutex warning: *** lwmutex created [NiCS0] (attribute=0x12): sq_id = 213
[W : PPU[1] Thread (CPUThread)[0x01649058]]: sys_lwmutex warning: *** lwmutex created [NiCS0] (attribute=0x12): sq_id = 214
[W : PPU[1] Thread (CPUThread)[0x01649058]]: sys_lwmutex warning: *** lwmutex created [NiCS0] (attribute=0x12): sq_id = 215
[W : PPU[1] Thread (CPUThread)[0x01649058]]: sys_lwmutex warning: *** lwmutex created [NiCS0] (attribute=0x12): sq_id = 216
[W : PPU[1] Thread (CPUThread)[0x01649058]]: sys_lwmutex warning: *** lwmutex created [NiCS0] (attribute=0x12): sq_id = 217
[W : PPU[1] Thread (CPUThread)[0x01649058]]: sys_lwmutex warning: *** lwmutex created [NiCS0] (attribute=0x12): sq_id = 218
[W : PPU[1] Thread (CPUThread)[0x01649058]]: sys_lwmutex warning: *** lwmutex created [NiCS0] (attribute=0x12): sq_id = 219
[W : PPU[1] Thread (CPUThread)[0x01649058]]: sys_lwmutex warning: *** lwmutex created [NiCS0] (attribute=0x12): sq_id = 220
[W : PPU[1] Thread (CPUThread)[0x01649058]]: sys_lwmutex warning: *** lwmutex created [NiCS0] (attribute=0x12): sq_id = 221
[W : PPU[1] Thread (CPUThread)[0x01649058]]: sys_lwmutex warning: *** lwmutex created [NiCS0] (attribute=0x12): sq_id = 222
[W : PPU[1] Thread (CPUThread)[0x01649058]]: sys_lwmutex warning: *** lwmutex created [NiCS0] (attribute=0x12): sq_id = 223
[W : PPU[1] Thread (CPUThread)[0x01649058]]: sys_lwmutex warning: *** lwmutex created [NiCS0] (attribute=0x12): sq_id = 224
[W : PPU[1] Thread (CPUThread)[0x01649058]]: sys_lwmutex warning: *** lwmutex created [NiCS0] (attribute=0x12): sq_id = 225
[W : PPU[1] Thread (CPUThread)[0x01649058]]: sys_lwmutex warning: *** lwmutex created [NiCS0] (attribute=0x12): sq_id = 226
[W : PPU[1] Thread (CPUThread)[0x01649058]]: sys_lwmutex warning: *** lwmutex created [NiCS0] (attribute=0x12): sq_id = 227
[W : PPU[1] Thread (CPUThread)[0x01649058]]: sys_lwmutex warning: *** lwmutex created [NiCS0] (attribute=0x12): sq_id = 228
[W : PPU[1] Thread (CPUThread)[0x01649058]]: sys_lwmutex warning: *** lwmutex created [NiCS0] (attribute=0x12): sq_id = 229
[W : PPU[1] Thread (CPUThread)[0x01649058]]: sys_lwmutex warning: *** lwmutex created [NiCS0] (attribute=0x12): sq_id = 230
[W : PPU[1] Thread (CPUThread)[0x01649058]]: sys_lwmutex warning: *** lwmutex created [NiCS0] (attribute=0x12): sq_id = 231
[W : PPU[1] Thread (CPUThread)[0x01649058]]: sys_lwmutex warning: *** lwmutex created [NiCS0] (attribute=0x12): sq_id = 232
[W : PPU[1] Thread (CPUThread)[0x01649058]]: sys_lwmutex warning: *** lwmutex created [NiCS0] (attribute=0x12): sq_id = 233
[W : PPU[1] Thread (CPUThread)[0x01649058]]: sys_lwmutex warning: *** lwmutex created [NiCS0] (attribute=0x12): sq_id = 234
[W : PPU[1] Thread (CPUThread)[0x01649058]]: sys_lwmutex warning: *** lwmutex created [NiCS0] (attribute=0x12): sq_id = 235
[W : PPU[1] Thread (CPUThread)[0x01649058]]: sys_lwmutex warning: *** lwmutex created [NiCS0] (attribute=0x12): sq_id = 236
[W : PPU[1] Thread (CPUThread)[0x01649058]]: sys_lwmutex warning: *** lwmutex created [NiCS0] (attribute=0x12): sq_id = 237
[W : PPU[1] Thread (CPUThread)[0x01649058]]: sys_lwmutex warning: *** lwmutex created [NiCS0] (attribute=0x12): sq_id = 238
[W : PPU[1] Thread (CPUThread)[0x01649058]]: sys_lwmutex warning: *** lwmutex created [NiCS0] (attribute=0x12): sq_id = 239
[W : PPU[1] Thread (CPUThread)[0x01649058]]: sys_lwmutex warning: *** lwmutex created [NiCS0] (attribute=0x12): sq_id = 240
[W : PPU[1] Thread (CPUThread)[0x01649058]]: sys_lwmutex warning: *** lwmutex created [NiCS0] (attribute=0x12): sq_id = 241
[W : PPU[1] Thread (CPUThread)[0x01649058]]: sys_lwmutex warning: *** lwmutex created [NiCS0] (attribute=0x12): sq_id = 242
[W : PPU[1] Thread (CPUThread)[0x01649058]]: sys_lwmutex warning: *** lwmutex created [NiCS0] (attribute=0x12): sq_id = 243
[W : PPU[1] Thread (CPUThread)[0x01649058]]: sys_lwmutex warning: *** lwmutex created [NiCS0] (attribute=0x12): sq_id = 244
[W : PPU[1] Thread (CPUThread)[0x01649058]]: sys_lwmutex warning: *** lwmutex created [NiCS0] (attribute=0x12): sq_id = 245
[W : PPU[1] Thread (CPUThread)[0x01649058]]: sys_lwmutex warning: *** lwmutex created [NiCS0] (attribute=0x12): sq_id = 246
[W : PPU[1] Thread (CPUThread)[0x01649058]]: sys_lwmutex warning: *** lwmutex created [NiCS0] (attribute=0x12): sq_id = 247
[W : PPU[1] Thread (CPUThread)[0x01649058]]: sys_lwmutex warning: *** lwmutex created [NiCS0] (attribute=0x12): sq_id = 248
[W : PPU[1] Thread (CPUThread)[0x01649058]]: sys_lwmutex warning: *** lwmutex created [NiCS0] (attribute=0x12): sq_id = 249
[W : PPU[1] Thread (CPUThread)[0x01649058]]: sys_lwmutex warning: *** lwmutex created [NiCS0] (attribute=0x12): sq_id = 250
[W : PPU[1] Thread (CPUThread)[0x01649058]]: sys_lwmutex warning: *** lwmutex created [NiCS0] (attribute=0x12): sq_id = 251
[W : PPU[1] Thread (CPUThread)[0x01649058]]: sys_lwmutex warning: *** lwmutex created [NiCS0] (attribute=0x12): sq_id = 252
[W : PPU[1] Thread (CPUThread)[0x01649058]]: sys_lwmutex warning: *** lwmutex created [NiCS0] (attribute=0x12): sq_id = 253
[W : PPU[1] Thread (CPUThread)[0x01649058]]: sys_lwmutex warning: *** lwmutex created [NiCS0] (attribute=0x12): sq_id = 254
[W : PPU[1] Thread (CPUThread)[0x01649058]]: sys_lwmutex warning: *** lwmutex created [NiCS0] (attribute=0x12): sq_id = 255
[W : PPU[1] Thread (CPUThread)[0x01649058]]: sys_lwmutex warning: *** lwmutex created [NiCS0] (attribute=0x12): sq_id = 256
[W : PPU[1] Thread (CPUThread)[0x01649058]]: sys_lwmutex warning: *** lwmutex created [NiCS0] (attribute=0x12): sq_id = 257
[W : PPU[1] Thread (CPUThread)[0x01649058]]: sys_lwmutex warning: *** lwmutex created [NiCS0] (attribute=0x12): sq_id = 258
[W : PPU[1] Thread (CPUThread)[0x01649058]]: sys_lwmutex warning: *** lwmutex created [NiCS0] (attribute=0x12): sq_id = 259
[W : PPU[1] Thread (CPUThread)[0x01649058]]: sys_lwmutex warning: *** lwmutex created [NiCS0] (attribute=0x12): sq_id = 260
[W : PPU[1] Thread (CPUThread)[0x01649058]]: sys_lwmutex warning: *** lwmutex created [NiCS0] (attribute=0x12): sq_id = 261
[W : PPU[1] Thread (CPUThread)[0x01649058]]: sys_lwmutex warning: *** lwmutex created [NiCS0] (attribute=0x12): sq_id = 262
[W : PPU[1] Thread (CPUThread)[0x01649058]]: sys_lwmutex warning: *** lwmutex created [NiCS0] (attribute=0x12): sq_id = 263
[W : PPU[1] Thread (CPUThread)[0x01649058]]: sys_lwmutex warning: *** lwmutex created [NiCS0] (attribute=0x12): sq_id = 264
[W : PPU[1] Thread (CPUThread)[0x01649058]]: sys_lwmutex warning: *** lwmutex created [NiCS0] (attribute=0x12): sq_id = 265
[W : PPU[1] Thread (CPUThread)[0x01649058]]: sys_lwmutex warning: *** lwmutex created [NiCS0] (attribute=0x12): sq_id = 266
[W : PPU[1] Thread (CPUThread)[0x01649058]]: sys_lwmutex warning: *** lwmutex created [NiCS0] (attribute=0x12): sq_id = 267
[W : PPU[1] Thread (CPUThread)[0x01649058]]: sys_lwmutex warning: *** lwmutex created [NiCS0] (attribute=0x12): sq_id = 268
[W : PPU[1] Thread (CPUThread)[0x01649058]]: sys_lwmutex warning: *** lwmutex created [NiCS0] (attribute=0x12): sq_id = 269
[W : PPU[1] Thread (CPUThread)[0x01649058]]: sys_lwmutex warning: *** lwmutex created [NiCS0] (attribute=0x12): sq_id = 270
[W : PPU[1] Thread (CPUThread)[0x01649058]]: sys_lwmutex warning: *** lwmutex created [NiCS0] (attribute=0x12): sq_id = 271
[W : PPU[1] Thread (CPUThread)[0x01649058]]: sys_lwmutex warning: *** lwmutex created [NiCS0] (attribute=0x12): sq_id = 272
[W : PPU[1] Thread (CPUThread)[0x01649058]]: sys_lwmutex warning: *** lwmutex created [NiCS0] (attribute=0x12): sq_id = 273
[W : PPU[1] Thread (CPUThread)[0x01649058]]: sys_lwmutex warning: *** lwmutex created [NiCS0] (attribute=0x12): sq_id = 274
[W : PPU[1] Thread (CPUThread)[0x01649058]]: sys_lwmutex warning: *** lwmutex created [NiCS0] (attribute=0x12): sq_id = 275
[W : PPU[1] Thread (CPUThread)[0x01649058]]: sys_lwmutex warning: *** lwmutex created [NiCS0] (attribute=0x12): sq_id = 276
[W : PPU[1] Thread (CPUThread)[0x01649058]]: sys_lwmutex warning: *** lwmutex created [NiCS0] (attribute=0x12): sq_id = 277
[W : PPU[1] Thread (CPUThread)[0x01649058]]: sys_lwmutex warning: *** lwmutex created [NiCS0] (attribute=0x12): sq_id = 278
[W : PPU[1] Thread (CPUThread)[0x01649058]]: sys_lwmutex warning: *** lwmutex created [NiCS0] (attribute=0x12): sq_id = 279
[W : PPU[1] Thread (CPUThread)[0x01649058]]: sys_lwmutex warning: *** lwmutex created [NiCS0] (attribute=0x12): sq_id = 280
[W : PPU[1] Thread (CPUThread)[0x01649058]]: sys_lwmutex warning: *** lwmutex created [NiCS0] (attribute=0x12): sq_id = 281
[W : PPU[1] Thread (CPUThread)[0x01649058]]: sys_lwmutex warning: *** lwmutex created [NiCS0] (attribute=0x12): sq_id = 282
[W : PPU[1] Thread (CPUThread)[0x01649058]]: sys_lwmutex warning: *** lwmutex created [NiCS0] (attribute=0x12): sq_id = 283
[W : PPU[1] Thread (CPUThread)[0x01649058]]: sys_lwmutex warning: *** lwmutex created [NiCS0] (attribute=0x12): sq_id = 284
[W : PPU[1] Thread (CPUThread)[0x01649058]]: sys_lwmutex warning: *** lwmutex created [NiCS0] (attribute=0x12): sq_id = 285
[W : PPU[1] Thread (CPUThread)[0x01649058]]: sys_lwmutex warning: *** lwmutex created [NiCS0] (attribute=0x12): sq_id = 286
[W : PPU[1] Thread (CPUThread)[0x01649058]]: sys_lwmutex warning: *** lwmutex created [NiCS0] (attribute=0x12): sq_id = 287
[W : PPU[1] Thread (CPUThread)[0x01649058]]: sys_lwmutex warning: *** lwmutex created [NiCS0] (attribute=0x12): sq_id = 288
[W : PPU[1] Thread (CPUThread)[0x01649058]]: sys_lwmutex warning: *** lwmutex created [NiCS0] (attribute=0x12): sq_id = 289
[W : PPU[1] Thread (CPUThread)[0x01649058]]: sys_lwmutex warning: *** lwmutex created [NiCS0] (attribute=0x12): sq_id = 290
[W : PPU[1] Thread (CPUThread)[0x01649058]]: sys_lwmutex warning: *** lwmutex created [NiCS0] (attribute=0x12): sq_id = 291
[W : PPU[1] Thread (CPUThread)[0x01649058]]: sys_lwmutex warning: *** lwmutex created [NiCS0] (attribute=0x12): sq_id = 292
[W : PPU[1] Thread (CPUThread)[0x01649058]]: sys_lwmutex warning: *** lwmutex created [NiCS0] (attribute=0x12): sq_id = 293
[W : PPU[1] Thread (CPUThread)[0x01649058]]: sys_lwmutex warning: *** lwmutex created [NiCS0] (attribute=0x12): sq_id = 294
[W : PPU[1] Thread (CPUThread)[0x01649058]]: sys_lwmutex warning: *** lwmutex created [NiCS0] (attribute=0x12): sq_id = 295
[W : PPU[1] Thread (CPUThread)[0x01649058]]: sys_lwmutex warning: *** lwmutex created [NiCS0] (attribute=0x12): sq_id = 296
[W : PPU[1] Thread (CPUThread)[0x01649058]]: sys_lwmutex warning: *** lwmutex created [NiCS0] (attribute=0x12): sq_id = 297
[W : PPU[1] Thread (CPUThread)[0x01649058]]: sys_lwmutex warning: *** lwmutex created [NiCS0] (attribute=0x12): sq_id = 298
[W : PPU[1] Thread (CPUThread)[0x01649058]]: sys_lwmutex warning: *** lwmutex created [NiCS0] (attribute=0x12): sq_id = 299
[W : PPU[1] Thread (CPUThread)[0x01649058]]: sys_lwmutex warning: *** lwmutex created [NiCS0] (attribute=0x12): sq_id = 300
[W : PPU[1] Thread (CPUThread)[0x01649058]]: sys_lwmutex warning: *** lwmutex created [NiCS0] (attribute=0x12): sq_id = 301
[W : PPU[1] Thread (CPUThread)[0x01649058]]: sys_lwmutex warning: *** lwmutex created [NiCS0] (attribute=0x12): sq_id = 302
[W : PPU[1] Thread (CPUThread)[0x01649058]]: sys_lwmutex warning: *** lwmutex created [NiCS0] (attribute=0x12): sq_id = 303
[W : PPU[1] Thread (CPUThread)[0x01649058]]: sys_lwmutex warning: *** lwmutex created [NiCS0] (attribute=0x12): sq_id = 304
[W : PPU[1] Thread (CPUThread)[0x01649058]]: sys_lwmutex warning: *** lwmutex created [NiCS0] (attribute=0x12): sq_id = 305
[W : PPU[1] Thread (CPUThread)[0x01649058]]: sys_lwmutex warning: *** lwmutex created [NiCS0] (attribute=0x12): sq_id = 306
[W : PPU[1] Thread (CPUThread)[0x01649058]]: sys_lwmutex warning: *** lwmutex created [NiCS0] (attribute=0x12): sq_id = 307
[W : PPU[1] Thread (CPUThread)[0x01649058]]: sys_lwmutex warning: *** lwmutex created [NiCS0] (attribute=0x12): sq_id = 308
[W : PPU[1] Thread (CPUThread)[0x01649058]]: sys_lwmutex warning: *** lwmutex created [NiCS0] (attribute=0x12): sq_id = 309
[W : PPU[1] Thread (CPUThread)[0x01649058]]: sys_lwmutex warning: *** lwmutex created [NiCS0] (attribute=0x12): sq_id = 310
[W : PPU[1] Thread (CPUThread)[0x01649058]]: sys_lwmutex warning: *** lwmutex created [NiCS0] (attribute=0x12): sq_id = 311
[W : PPU[1] Thread (CPUThread)[0x01649058]]: sys_lwmutex warning: *** lwmutex created [NiCS0] (attribute=0x12): sq_id = 312
[W : PPU[1] Thread (CPUThread)[0x01649058]]: sys_lwmutex warning: *** lwmutex created [NiCS0] (attribute=0x12): sq_id = 313
[W : PPU[1] Thread (CPUThread)[0x01649058]]: sys_lwmutex warning: *** lwmutex created [NiCS0] (attribute=0x12): sq_id = 314
[W : PPU[1] Thread (CPUThread)[0x01649058]]: sys_lwmutex warning: *** lwmutex created [NiCS0] (attribute=0x12): sq_id = 315
[W : PPU[1] Thread (CPUThread)[0x01649058]]: sys_lwmutex warning: *** lwmutex created [NiCS0] (attribute=0x12): sq_id = 316
[W : PPU[1] Thread (CPUThread)[0x01649058]]: sys_lwmutex warning: *** lwmutex created [NiCS0] (attribute=0x12): sq_id = 317
[W : PPU[1] Thread (CPUThread)[0x01649058]]: sys_lwmutex warning: *** lwmutex created [NiCS0] (attribute=0x12): sq_id = 318
[W : PPU[1] Thread (CPUThread)[0x01649058]]: sys_lwmutex warning: *** lwmutex created [NiCS0] (attribute=0x12): sq_id = 319
[W : PPU[1] Thread (CPUThread)[0x01649058]]: sys_lwmutex warning: *** lwmutex created [NiCS0] (attribute=0x12): sq_id = 320
[W : PPU[1] Thread (CPUThread)[0x01649058]]: sys_lwmutex warning: *** lwmutex created [NiCS0] (attribute=0x12): sq_id = 321
[W : PPU[1] Thread (CPUThread)[0x01649058]]: sys_lwmutex warning: *** lwmutex created [NiCS0] (attribute=0x12): sq_id = 322
[W : PPU[1] Thread (CPUThread)[0x01649058]]: sys_lwmutex warning: *** lwmutex created [NiCS0] (attribute=0x12): sq_id = 323
[W : PPU[1] Thread (CPUThread)[0x01649058]]: sys_lwmutex warning: *** lwmutex created [NiCS0] (attribute=0x12): sq_id = 324
[W : PPU[1] Thread (CPUThread)[0x01649058]]: sys_lwmutex warning: *** lwmutex created [NiCS0] (attribute=0x12): sq_id = 325
[W : PPU[1] Thread (CPUThread)[0x01649058]]: sys_lwmutex warning: *** lwmutex created [NiCS0] (attribute=0x12): sq_id = 326
[W : PPU[1] Thread (CPUThread)[0x0062f35c]]: sys_semaphore warning: sys_semaphore_create(sem_addr=0x30136004, attr_addr=0xd00108a0, initial_count=0, max_count=1)
[W : PPU[1] Thread (CPUThread)[0x01649058]]: sys_lwmutex warning: *** lwmutex created [NiCS0] (attribute=0x12): sq_id = 328
[W : PPU[1] Thread (CPUThread)[0x008fef94]]: sys_semaphore warning: sys_semaphore_create(sem_addr=0x3014bce8, attr_addr=0xd0010a00, initial_count=0, max_count=2049)
[W : PPU[1] Thread (CPUThread)[0x0129b064]]: cellSpurs warning: _cellSpursAttributeInitialize(attr_addr=0xd00106f0, nSpus=2, spuPriority=3342336, ppuPriority=5, exitIfNoWork=95)
[W : PPU[1] Thread (CPUThread)[0x0129b004]]: cellSpurs warning: cellSpursAttributeSetNamePrefix(attr_addr=0xd00106f0, prefix_addr=0x11785d0, size=0x5)
[W : PPU[1] Thread (CPUThread)[0x0129b094]]: cellSpurs warning: cellSpursInitializeWithAttribute(spurs_addr=0x15a0400, spurs_addr=0xd00106f0)
[E : PPU[1] Thread (CPUThread)[0x0129b0e8]]: TODO: _cellSpursJobChainAttributeInitialize
[E : PPU[1] Thread (CPUThread)[0x0129b0dc]]: TODO: cellSpursCreateJobChainWithAttribute
[E : PPU[1] Thread (CPUThread)[0x0129b118]]: TODO: cellSpursJobGuardInitialize
[E : PPU[1] Thread (CPUThread)[0x0129b1c0]]: TODO: cellSpursRunJobChain
[E : PPU[1] Thread (CPUThread)[0x0129b0e8]]: TODO: _cellSpursJobChainAttributeInitialize
[E : PPU[1] Thread (CPUThread)[0x0129b0dc]]: TODO: cellSpursCreateJobChainWithAttribute
[E : PPU[1] Thread (CPUThread)[0x0129b118]]: TODO: cellSpursJobGuardInitialize
[E : PPU[1] Thread (CPUThread)[0x0129b1c0]]: TODO: cellSpursRunJobChain
[E : PPU[1] Thread (CPUThread)[0x0129b0e8]]: TODO: _cellSpursJobChainAttributeInitialize
[E : PPU[1] Thread (CPUThread)[0x0129b0dc]]: TODO: cellSpursCreateJobChainWithAttribute
[E : PPU[1] Thread (CPUThread)[0x0129b118]]: TODO: cellSpursJobGuardInitialize
[E : PPU[1] Thread (CPUThread)[0x0129b1c0]]: TODO: cellSpursRunJobChain
[E : PPU[1] Thread (CPUThread)[0x0129b0e8]]: TODO: _cellSpursJobChainAttributeInitialize
[E : PPU[1] Thread (CPUThread)[0x0129b0dc]]: TODO: cellSpursCreateJobChainWithAttribute
[E : PPU[1] Thread (CPUThread)[0x0129b118]]: TODO: cellSpursJobGuardInitialize
[E : PPU[1] Thread (CPUThread)[0x0129b1c0]]: TODO: cellSpursRunJobChain
[E : PPU[1] Thread (CPUThread)[0x0129b0e8]]: TODO: _cellSpursJobChainAttributeInitialize
[E : PPU[1] Thread (CPUThread)[0x0129b0dc]]: TODO: cellSpursCreateJobChainWithAttribute
[E : PPU[1] Thread (CPUThread)[0x0129b118]]: TODO: cellSpursJobGuardInitialize
[E : PPU[1] Thread (CPUThread)[0x0129b1c0]]: TODO: cellSpursRunJobChain
[E : PPU[1] Thread (CPUThread)[0x0129b0e8]]: TODO: _cellSpursJobChainAttributeInitialize
[E : PPU[1] Thread (CPUThread)[0x0129b0dc]]: TODO: cellSpursCreateJobChainWithAttribute
[E : PPU[1] Thread (CPUThread)[0x0129b118]]: TODO: cellSpursJobGuardInitialize
[E : PPU[1] Thread (CPUThread)[0x0129b1c0]]: TODO: cellSpursRunJobChain
[E : PPU[1] Thread (CPUThread)[0x0129b0e8]]: TODO: _cellSpursJobChainAttributeInitialize
[E : PPU[1] Thread (CPUThread)[0x0129b0dc]]: TODO: cellSpursCreateJobChainWithAttribute
[E : PPU[1] Thread (CPUThread)[0x0129b118]]: TODO: cellSpursJobGuardInitialize
[E : PPU[1] Thread (CPUThread)[0x0129b1c0]]: TODO: cellSpursRunJobChain
[E : PPU[1] Thread (CPUThread)[0x0129b0e8]]: TODO: _cellSpursJobChainAttributeInitialize
[E : PPU[1] Thread (CPUThread)[0x0129b0dc]]: TODO: cellSpursCreateJobChainWithAttribute
[E : PPU[1] Thread (CPUThread)[0x0129b118]]: TODO: cellSpursJobGuardInitialize
[E : PPU[1] Thread (CPUThread)[0x0129b1c0]]: TODO: cellSpursRunJobChain
[E : PPU[1] Thread (CPUThread)[0x0129b0e8]]: TODO: _cellSpursJobChainAttributeInitialize
[E : PPU[1] Thread (CPUThread)[0x0129b0dc]]: TODO: cellSpursCreateJobChainWithAttribute
[E : PPU[1] Thread (CPUThread)[0x0129b118]]: TODO: cellSpursJobGuardInitialize
[E : PPU[1] Thread (CPUThread)[0x0129b1c0]]: TODO: cellSpursRunJobChain
[E : PPU[1] Thread (CPUThread)[0x0129b0e8]]: TODO: _cellSpursJobChainAttributeInitialize
[E : PPU[1] Thread (CPUThread)[0x0129b0dc]]: TODO: cellSpursCreateJobChainWithAttribute
[E : PPU[1] Thread (CPUThread)[0x0129b118]]: TODO: cellSpursJobGuardInitialize
[E : PPU[1] Thread (CPUThread)[0x0129b1c0]]: TODO: cellSpursRunJobChain
[W : PPU[1] Thread (CPUThread)[0x00900938]]: sys_event warning: sys_event_queue_create(equeue_id_addr=0x3014b450, attr_addr=0xd0010980, event_queue_key=0xabbacab, size=127)
[W : PPU[1] Thread (CPUThread)[0x00900938]]: sys_event warning: *** event_queue created [] (protocol=0x2, type=0x1): id = 330
[W : PPU[1] Thread (CPUThread)[0x00900950]]: sys_event warning: sys_event_port_create(eport_id_addr=0x3014b454, port_type=0x1, name=0xabbacab)
[W : PPU[1] Thread (CPUThread)[0x00900950]]: sys_event warning: *** sys_event_port created: id = 331
[W : PPU[1] Thread (CPUThread)[0x00900960]]: sys_event warning: sys_event_port_connect_local(eport_id=331, equeue_id=330)
[W : PPU[1] Thread (CPUThread)[0x00573ad0]]: sys_mutex warning: *** mutex created [] (protocol=0x1, recursive=true): id = 332
[W : PPU[1] Thread (CPUThread)[0x01649058]]: sys_lwmutex warning: *** lwmutex created [] (attribute=0x22): sq_id = 333
[! : PPU[1] Thread (CPUThread)[0x01649028]]: *** New PPU Thread [3023d910] (): id = 334
[W : PPU[1] Thread (CPUThread)[0x0057467c]]: sysPrxForUser warning: sys_ppu_thread_set_priority(thread_id=334, prio=768)
[W : PPU[1] Thread (CPUThread)[0x008ff62c]]: sys_event warning: sys_event_queue_create(equeue_id_addr=0x15a0380, attr_addr=0xd00108e0, event_queue_key=0x92311294, size=127)
[W : PPU[1] Thread (CPUThread)[0x008ff62c]]: sys_event warning: *** event_queue created [] (protocol=0x2, type=0x1): id = 335
[E : PPU[1] Thread (CPUThread)[0x0129b178]]: cellSpurs error: cellSpursAttachLv2EventQueue(spurs_addr=0x15a0400, queue=0x14f, port_addr=0x3014402c, isDynamic=1)
[W : PPU[1] Thread (CPUThread)[0x00573ad0]]: sys_mutex warning: *** mutex created [] (protocol=0x1, recursive=true): id = 336
[W : PPU[1] Thread (CPUThread)[0x01649058]]: sys_lwmutex warning: *** lwmutex created [] (attribute=0x22): sq_id = 337
[! : PPU[1] Thread (CPUThread)[0x01649028]]: *** New PPU Thread [3023d990] (): id = 338
[W : PPU[1] Thread (CPUThread)[0x0057467c]]: sysPrxForUser warning: sys_ppu_thread_set_priority(thread_id=338, prio=768)
[W : PPU[1] Thread (CPUThread)[0x00573ad0]]: sys_mutex warning: *** mutex created [] (protocol=0x1, recursive=true): id = 339
[W : PPU[1] Thread (CPUThread)[0x01649058]]: sys_lwmutex warning: *** lwmutex created [] (attribute=0x22): sq_id = 340
[! : PPU[1] Thread (CPUThread)[0x01649028]]: *** New PPU Thread [3023da10] (): id = 341
[W : PPU[1] Thread (CPUThread)[0x0057467c]]: sysPrxForUser warning: sys_ppu_thread_set_priority(thread_id=341, prio=768)
[W : PPU[1] Thread (CPUThread)[0x01649058]]: sys_lwmutex warning: *** lwmutex created [NiCS0] (attribute=0x12): sq_id = 342
[W : PPU[1] Thread (CPUThread)[0x0062f35c]]: sys_semaphore warning: sys_semaphore_create(sem_addr=0x3029e86c, attr_addr=0xd0010850, initial_count=0, max_count=1)
[W : PPU[1] Thread (CPUThread)[0x01649058]]: sys_lwmutex warning: *** lwmutex created [NiCS0] (attribute=0x12): sq_id = 344
[E : PPU[1] Thread (CPUThread)[0x0057f1f0]]: Write64 to null block: [cfffffc0]: d0000180
[W : PPU[334] Thread (3023d910)[0x00df50b0]]: sys_event_queue_receive(equeue=330) aborted
[W : PPU[341] Thread (3023da10)[0x008ff1c0]]: sys_event_queue_receive(equeue=335) aborted
[!]: Mutex(336) was owned by thread 338 (recursive=1)
[!]: Mutex(332) was owned by thread 334 (recursive=1)
[!]: Mutex(339) was owned by thread 341 (recursive=1)
[!]: Closing memory...
