[!]: path: /dev_hdd0/game/
[!]: Loading 'D:\Emulateurs\Rpcs3\dev_hdd0\game\BLES01399-[YAKUZA Dead Souls]/PS3_GAME/USRDIR/BOOT.BIN'...
[!]: Mount info:
[!]: /dev_hdd0/ -> D:\Emulateurs\Rpcs3\dev_hdd0\
[!]: /dev_hdd1/ -> D:\Emulateurs\Rpcs3\dev_hdd1\
[!]: /dev_flash/ -> D:\Emulateurs\Rpcs3\dev_flash\
[!]: /dev_usb000/ -> D:\Emulateurs\Rpcs3\dev_usb000\
[!]: /dev_usb/ -> D:\Emulateurs\Rpcs3\dev_usb000\
[!]: /app_home/ -> D:\Emulateurs\Rpcs3\dev_hdd0\game\BLES01399-[YAKUZA Dead Souls]/PS3_GAME/\USRDIR\
[!]: /dev_bdvd/ -> D:\Emulateurs\Rpcs3\dev_hdd0\game\BLES01399-[YAKUZA Dead Souls]/PS3_GAME/\..\
[!]: /host_root/ -> 
[!]: ///resource/ -> D:\Emulateurs\Rpcs3\dev_hdd0\game\BLES01399-[YAKUZA Dead Souls]/PS3_GAME/\USRDIR\resource\
[!]: /app_home/Game/PS3_GAME/USRDIR/ -> D:\Emulateurs\Rpcs3\dev_hdd0\game\BLES01399-[YAKUZA Dead Souls]/PS3_GAME/\USRDIR\
[!]: /app_home/PS3_GAME/USRDIR/media/ -> D:\Emulateurs\Rpcs3\dev_hdd0\game\BLES01399-[YAKUZA Dead Souls]/PS3_GAME/\USRDIR\media\
[!]: /Data/ -> D:\Emulateurs\Rpcs3\dev_hdd0\game\BLES01399-[YAKUZA Dead Souls]/PS3_GAME/\USRDIR\Data\
[!]: /USRDIR/PS3_GAME/USRDIR/Data/ -> D:\Emulateurs\Rpcs3\dev_hdd0\game\BLES01399-[YAKUZA Dead Souls]/PS3_GAME/\USRDIR\Data\
[!]: /app_home//dev_bdvd/PS3_GAME/USRDIR/data/gos/ -> D:\Emulateurs\Rpcs3\dev_hdd0\game\BLES01399-[YAKUZA Dead Souls]/PS3_GAME/\USRDIR\
[!]: BD/ -> D:\Emulateurs\Rpcs3\dev_hdd0\game\BLES01399-[YAKUZA Dead Souls]/PS3_GAME/\USRDIR\
[!]: //dev_bdvd/PS3_GAME/USRDIR/ -> D:\Emulateurs\Rpcs3\dev_hdd0\game\BLES01399-[YAKUZA Dead Souls]/PS3_GAME/\USRDIR\
[!]: / -> D:\Emulateurs\Rpcs3\dev_hdd0\game\BLES01399-[YAKUZA Dead Souls]/PS3_GAME/\USRDIR\
[!]: // -> D:\Emulateurs\Rpcs3\dev_hdd0\game\BLES01399-[YAKUZA Dead Souls]/PS3_GAME/\USRDIR\
[!]: Initing memory...
[!]: Memory initialized.
[!]: Function 'cellSurMixerGetAANHandle' hooked (addr=0xe1180c)
[!]: Function 'cellSurMixerSetNotifyCallback' hooked (addr=0xe11844)
[!]: Function 'cellSurMixerRemoveNotifyCallback' hooked (addr=0xe118d8)
[!]: Function 'cellSurMixerSurBusAddData' hooked (addr=0xe11968)
[!]: Function 'cellSurMixerPause' hooked (addr=0xe125ac)
[!]: Function 'cellSurMixerStart' hooked (addr=0xe13a24)
[!]: Function 'cellSurMixerFinalize' hooked (addr=0xe13d2c)
[!]: Function 'cellSurMixerCreate' hooked (addr=0xe145f0)
[E]: Function 'cellSurMixerChStripGetAANPortNo' not found
[E]: Function 'cellSurMixerSetParameter' not found
[E]: Function 'cellSurMixerChStripSetParameter' not found
[E]: Function 'cellSurMixerGetCurrentBlockTag' not found
[E]: Function 'cellSurMixerGetTimestamp' not found
[E]: Function 'cellSurMixerBeep' not found
[E]: Function group [surmixer] failed: missing;
[W]: Unknown module 'cellHttp'
[W]: Unknown function 0x1650aea4 in 'cellSsl' module
[E]: TODO: cellSslEnd
[W]: Unknown function 0x571afaca in 'cellSsl' module
[E]: TODO: cellSslCertificateLoader
[W]: Unknown function 0xfb02c9d2 in 'cellSsl' module
[E]: TODO: cellSslInit
[W]: Unknown function 0x967a162b in 'sys_fs' module
[E]: TODO: cellFsFsync
[W]: Unknown function 0x20543730 in 'cellSysutil' module
[E]: TODO: cellMsgDialogClose
[W]: Unknown function 0x21425307 in 'cellSysutil' module
[E]: TODO: cellSaveDataListAutoLoad
[W]: Unknown function 0x3d1e1931 in 'cellSysutil' module
[E]: TODO: cellOskDialogUnloadAsync
[W]: Unknown function 0x619b1427 in 'cellSysutil' module
[E]: TODO: cellWebBrowserConfigSetTabCount2
[W]: Unknown function 0x749c9b5f in 'cellSysutil' module
[E]: TODO: cellWebBrowserInitialize
[W]: Unknown function 0x7fb3c6a5 in 'cellSysutil' module
[E]: TODO: cellWebBrowserConfig2
[W]: Unknown function 0x7fcfc915 in 'cellSysutil' module
[E]: TODO: cellOskDialogLoadAsync
[W]: Unknown function 0x93c523c6 in 'cellSysutil' module
[E]: TODO: cellWebBrowserConfigSetNotifyHook2
[W]: Unknown function 0x93ced48d in 'cellSysutil' module
[E]: TODO: cellWebBrowserShutdown
[W]: Unknown function 0x94862702 in 'cellSysutil' module
[E]: TODO: cellMsgDialogProgressBarInc
[W]: Unknown function 0x9d6af72a in 'cellSysutil' module
[E]: TODO: cellMsgDialogProgressBarSetMsg
[W]: Unknown function 0xa5f12145 in 'cellSysutil' module
[E]: TODO: cellWebBrowserCreate2
[W]: Unknown function 0xa9a439e0 in 'cellSysutil' module
[E]: TODO: cellWebBrowserConfigSetUnknownMIMETypeHook2
[W]: Unknown function 0xa9b62ac8 in 'cellSysutil' module
[E]: TODO: cellWebBrowserConfigSetViewRect2
[W]: Unknown function 0xac16777e in 'cellSysutil' module
[E]: TODO: cellWebBrowserConfigSetStatusHook2
[W]: Unknown function 0xd7a617f5 in 'cellSysutil' module
[E]: TODO: cellWebBrowserConfigSetViewCondition2
[W]: Unknown function 0xe22ed55d in 'cellSysutil' module
[E]: TODO: cellWebBrowserConfigSetFunction2
[W]: Unknown function 0xe8dee79c in 'cellSysutil' module
[E]: TODO: cellWebBrowserDestroy2
[W]: Unknown function 0xedadd797 in 'cellSysutil' module
[E]: TODO: cellSaveDataDelete2
[W]: Unknown function 0xf0ec3ccc in 'cellSysutil' module
[E]: TODO: cellOskDialogSetLayoutMode
[W]: Unknown function 0xfe669845 in 'cellSysutil' module
[E]: TODO: cellWebBrowserConfigSetHeapSize2
[W]: Unknown function 0x16394a4e in 'cellSpurs' module
[E]: TODO: _cellSpursTasksetAttributeInitialize
[W]: Unknown function 0x1d46fedf in 'cellSpurs' module
[E]: TODO: cellSpursCreateTaskWithAttribute
[W]: Unknown function 0x1ebcf459 in 'cellSpurs' module
[E]: TODO: cellSpursDestroyTaskset2
[W]: Unknown function 0x303c19cd in 'cellSpurs' module
[E]: TODO: cellSpursCreateJobChainWithAttribute
[W]: Unknown function 0x3548f483 in 'cellSpurs' module
[E]: TODO: _cellSpursJobChainAttributeInitialize
[W]: Unknown function 0x4a6465e3 in 'cellSpurs' module
[E]: TODO: cellSpursCreateTaskset2
[W]: Unknown function 0x5ef96465 in 'cellSpurs' module
[E]: TODO: _cellSpursEventFlagInitialize
[W]: Unknown function 0x652b70e2 in 'cellSpurs' module
[E]: TODO: cellSpursTasksetAttributeSetName
[W]: Unknown function 0x68aaeba9 in 'cellSpurs' module
[E]: TODO: cellSpursJobGuardInitialize
[W]: Unknown function 0x738e40e6 in 'cellSpurs' module
[E]: TODO: cellSpursShutdownJobChain
[W]: Unknown function 0x8f122ef8 in 'cellSpurs' module
[E]: TODO: cellSpursTasksetAttributeSetTasksetSize
[W]: Unknown function 0x9fef70c2 in 'cellSpurs' module
[E]: TODO: cellSpursJobChainAttributeSetName
[W]: Unknown function 0xa121a224 in 'cellSpurs' module
[E]: TODO: cellSpursTaskAttributeSetExitCodeContainer
[W]: Unknown function 0xa7a94892 in 'cellSpurs' module
[E]: TODO: cellSpursJoinTask2
[W]: Unknown function 0xa7c066de in 'cellSpurs' module
[E]: TODO: cellSpursJoinJobChain
[W]: Unknown function 0xb8474eff in 'cellSpurs' module
[E]: TODO: _cellSpursTaskAttributeInitialize
[W]: Unknown function 0xc10931cb in 'cellSpurs' module
[E]: TODO: cellSpursCreateTasksetWithAttribute
[W]: Unknown function 0xc2acdf43 in 'cellSpurs' module
[E]: TODO: _cellSpursTasksetAttribute2Initialize
[W]: Unknown function 0xd5d0b256 in 'cellSpurs' module
[E]: TODO: cellSpursJobGuardNotify
[W]: Unknown function 0xe4944a1c in 'cellSpurs' module
[E]: TODO: cellSpursCreateTask2WithBinInfo
[W]: Unknown function 0xe717ac73 in 'cellSpurs' module
[E]: TODO: cellSpursTaskExitCodeTryGet
[W]: Unknown function 0xf31731bb in 'cellSpurs' module
[E]: TODO: cellSpursRunJobChain
[W]: Unknown function 0x011ee38b in 'cellSpurs' module
[E]: TODO: _cellSpursLFQueueInitialize
[W]: Unknown function 0x039d70b7 in 'cellSpurs' module
[E]: TODO: cellSpursQueueDetachLv2EventQueue
[W]: Unknown function 0x082bfb09 in 'cellSpurs' module
[E]: TODO: _cellSpursQueueInitialize
[W]: Unknown function 0x1656d49f in 'cellSpurs' module
[E]: TODO: cellSpursLFQueueAttachLv2EventQueue
[W]: Unknown function 0x73e06f91 in 'cellSpurs' module
[E]: TODO: cellSpursLFQueueDetachLv2EventQueue
[W]: Unknown function 0x7fdf4fef in 'cellSpurs' module
[E]: TODO: cellSpursBarrierInitialize
[W]: Unknown function 0x838fa4f0 in 'cellSpurs' module
[E]: TODO: cellSpursTryJoinTask2
[W]: Unknown function 0x8a85674d in 'cellSpurs' module
[E]: TODO: _cellSpursLFQueuePushBody
[W]: Unknown function 0x9034e538 in 'cellSpurs' module
[E]: TODO: cellSpursTaskGetContextSaveAreaSize
[W]: Unknown function 0x91066667 in 'cellSpurs' module
[E]: TODO: cellSpursQueuePopBody
[W]: Unknown function 0x92cff6ed in 'cellSpurs' module
[E]: TODO: cellSpursQueuePushBody
[W]: Unknown function 0xe5443be7 in 'cellSpurs' module
[E]: TODO: cellSpursQueueAttachLv2EventQueue
[W]: Unknown function 0xf5507729 in 'cellSpurs' module
[E]: TODO: cellSpursEventFlagSet
[W]: Unknown function 0x0582338a in 'cellSpursJq' module
[E]: TODO: cellSpursJobQueueAttributeSetDoBusyWaiting
[W]: Unknown function 0x0f03f712 in 'cellSpursJq' module
[E]: TODO: cellSpursJobQueueAttributeSetSubmitWithEntryLock
[W]: Unknown function 0x43ddab4f in 'cellSpursJq' module
[E]: TODO: cellSpursJobQueueAttributeInitialize
[W]: Unknown function 0x8c97a96c in 'cellSpursJq' module
[E]: TODO: cellSpursShutdownJobQueue
[W]: Unknown function 0x8ce4cffa in 'cellSpursJq' module
[E]: TODO: cellSpursJoinJobQueue
[W]: Unknown function 0xc485d207 in 'cellSpursJq' module
[E]: TODO: cellSpursJobQueuePort2Destroy
[W]: Unknown function 0xe70f874e in 'cellSpursJq' module
[E]: TODO: cellSpursJobQueueAttributeSetGrabParameters
[W]: Unknown function 0xf11fe0f1 in 'cellSpursJq' module
[E]: TODO: cellSpursJobQueuePort2Create
[W]: Unknown function 0xf244e799 in 'cellSpursJq' module
[E]: TODO: _cellSpursCreateJobQueue
[W]: Unknown function 0x2ad4951b in 'cellGcmSys' module
[E]: TODO: cellGcmGetTimeStampLocation
[W]: Unknown function 0x63387071 in 'cellGcmSys' module
[E]: TODO: cellGcmGetLastFlipTime
[W]: Unknown function 0xa6b180ac in 'cellGcmSys' module
[E]: TODO: cellGcmGetReportDataLocation
[W]: Unknown function 0xffe0160e in 'cellGcmSys' module
[E]: TODO: cellGcmSetVBlankFrequency
[W]: Unknown module 'cellSysutilAvconfExt'
[W]: Unknown function 0x3f09e20a in 'sys_net' module
[E]: TODO: socketselect
[W]: Unknown function 0x04372385 in 'sceNp' module
[E]: TODO: sceNpBasicGetFriendListEntry
[W]: Unknown function 0x05d65dff in 'sceNp' module
[E]: TODO: sceNpScoreGetRankingByNpId
[W]: Unknown function 0x0968aa36 in 'sceNp' module
[E]: TODO: sceNpManagerGetTicket
[W]: Unknown function 0x1672170e in 'sceNp' module
[E]: TODO: sceNpScoreRecordScore
[W]: Unknown function 0x259113b8 in 'sceNp' module
[E]: TODO: sceNpScoreDestroyTitleCtx
[W]: Unknown function 0x2706eaa1 in 'sceNp' module
[E]: TODO: sceNpScoreSetPlayerCharacterId
[W]: Unknown function 0x32cf311f in 'sceNp' module
[E]: TODO: sceNpScoreInit
[W]: Unknown function 0x6ee62ed2 in 'sceNp' module
[E]: TODO: sceNpManagerGetContentRatingFlag
[W]: Unknown function 0x6f5e8143 in 'sceNp' module
[E]: TODO: sceNpScoreCreateTransactionCtx
[W]: Unknown function 0x8297f1ec in 'sceNp' module
[E]: TODO: sceNpManagerRequestTicket2
[W]: Unknown function 0x9851f805 in 'sceNp' module
[E]: TODO: sceNpScoreTerm
[W]: Unknown function 0xafef640d in 'sceNp' module
[E]: TODO: sceNpBasicGetFriendListEntryCount
[W]: Unknown function 0xb9f93bbb in 'sceNp' module
[E]: TODO: sceNpScoreCreateTitleCtx
[W]: Unknown function 0xc5f4cf82 in 'sceNp' module
[E]: TODO: sceNpScoreDestroyTransactionCtx
[W]: Unknown function 0xe7dcd3b4 in 'sceNp' module
[E]: TODO: sceNpManagerRegisterCallback
[W]: Unknown function 0xee5b20d9 in 'sceNp' module
[E]: TODO: sceNpScoreAbortTransaction
[W]: Unknown function 0xfbc82301 in 'sceNp' module
[E]: TODO: sceNpScoreGetRankingByRange
[W]: Unknown function 0xfe37a7f4 in 'sceNp' module
[E]: TODO: sceNpManagerGetNpId
[W]: Unknown function 0x2763fd66 in 'cellHttpUtil' module
[E]: TODO: cellHttpUtilUnescapeUri
[W]: Unknown function 0x32faaf58 in 'cellHttpUtil' module
[E]: TODO: cellHttpUtilParseUri
[W]: Unknown function 0x83faa354 in 'cellHttpUtil' module
[E]: TODO: cellHttpUtilBase64Encoder
[W]: Unknown function 0x9003b1f2 in 'cellHttpUtil' module
[E]: TODO: cellHttpUtilEscapeUri
[W]: Unknown function 0x0247c69e in 'cellSail' module
[E]: TODO: cellSailGraphicsAdapterGetFrame
[W]: Unknown function 0x0abb318b in 'cellSail' module
[E]: TODO: cellSailDescriptorCreateDatabase
[W]: Unknown function 0x0d0c2f0c in 'cellSail' module
[E]: TODO: cellSailDescriptorSetEs
[W]: Unknown function 0x1139a206 in 'cellSail' module
[E]: TODO: cellSailPlayerSetSoundAdapter
[W]: Unknown function 0x15fd6a2a in 'cellSail' module
[E]: TODO: cellSailDescriptorClose
[W]: Unknown function 0x17932b26 in 'cellSail' module
[E]: TODO: cellSailPlayerInitialize
[W]: Unknown function 0x1872331b in 'cellSail' module
[E]: TODO: cellSailGraphicsAdapterPtsToTimePosition
[W]: Unknown function 0x18b4629d in 'cellSail' module
[E]: TODO: cellSailPlayerFinalize
[W]: Unknown function 0x18bcd21b in 'cellSail' module
[E]: TODO: cellSailPlayerSetGraphicsAdapter
[W]: Unknown function 0x1c983864 in 'cellSail' module
[E]: TODO: cellSailGraphicsAdapterInitialize
[W]: Unknown function 0x28336e89 in 'cellSail' module
[E]: TODO: cellSailDescriptorDestroyDatabase
[W]: Unknown function 0x2e3ccb5e in 'cellSail' module
[E]: TODO: cellSailGraphicsAdapterSetPreferredFormat
[W]: Unknown function 0x346ebba3 in 'cellSail' module
[E]: TODO: cellSailMemAllocatorInitialize
[W]: Unknown function 0x34ecc1b9 in 'cellSail' module
[E]: TODO: cellSailPlayerOpenStream
[W]: Unknown function 0x3a2d806c in 'cellSail' module
[E]: TODO: cellSailFutureGet
[W]: Unknown function 0x3d0d3b72 in 'cellSail' module
[E]: TODO: cellSailSoundAdapterInitialize
[W]: Unknown function 0x44a20e79 in 'cellSail' module
[E]: TODO: cellSailGraphicsAdapterUpdateAvSync
[W]: Unknown function 0x47632810 in 'cellSail' module
[E]: TODO: cellSailPlayerReplaceEventHandler
[W]: Unknown function 0x4ae979df in 'cellSail' module
[E]: TODO: cellSailSoundAdapterPtsToTimePosition
[W]: Unknown function 0x4cc54f8e in 'cellSail' module
[E]: TODO: cellSailFutureInitialize
[W]: Unknown function 0x5f7c7a6f in 'cellSail' module
[E]: TODO: cellSailPlayerSetParameter
[W]: Unknown function 0x752f8585 in 'cellSail' module
[E]: TODO: cellSailPlayerGetDescriptorCount
[W]: Unknown function 0x76488bb1 in 'cellSail' module
[E]: TODO: cellSailGraphicsAdapterFinalize
[W]: Unknown function 0x76b1a425 in 'cellSail' module
[E]: TODO: cellSailDescriptorSetAutoSelection
[W]: Unknown function 0x7c8dff3b in 'cellSail' module
[E]: TODO: cellSailPlayerAddDescriptor
[W]: Unknown function 0x7eb8d6b5 in 'cellSail' module
[E]: TODO: cellSailSoundAdapterGetFrame
[W]: Unknown function 0x85beffcc in 'cellSail' module
[E]: TODO: cellSailPlayerCloseStream
[W]: Unknown function 0x9553af65 in 'cellSail' module
[E]: TODO: cellSailFutureFinalize
[W]: Unknown function 0x9897fbd1 in 'cellSail' module
[E]: TODO: cellSailPlayerRemoveDescriptor
[W]: Unknown function 0xa37fed15 in 'cellSail' module
[E]: TODO: cellSailFutureSet
[W]: Unknown function 0xaafa17b8 in 'cellSail' module
[E]: TODO: cellSailPlayerIsPaused
[W]: Unknown function 0xbdf21b0f in 'cellSail' module
[E]: TODO: cellSailPlayerBoot
[W]: Unknown function 0xc044fab1 in 'cellSail' module
[E]: TODO: cellSailDescriptorOpen
[W]: Unknown function 0xd1462438 in 'cellSail' module
[E]: TODO: cellSailSoundAdapterFinalize
[W]: Unknown function 0xd1d55a90 in 'cellSail' module
[E]: TODO: cellSailPlayerSetPaused
[W]: Unknown function 0xd5f9a15b in 'cellSail' module
[E]: TODO: cellSailDescriptorGetStreamType
[W]: Unknown function 0xd7938b8d in 'cellSail' module
[E]: TODO: cellSailPlayerCreateDescriptor
[W]: Unknown function 0xe535b0d3 in 'cellSail' module
[E]: TODO: cellSailPlayerStart
[W]: Unknown function 0xeba8d4ec in 'cellSail' module
[E]: TODO: cellSailPlayerStop
[W]: Unknown function 0xeec22809 in 'cellSail' module
[E]: TODO: cellSailSoundAdapterUpdateAvSync
[W]: Unknown function 0xf25f197d in 'cellSail' module
[E]: TODO: cellSailSoundAdapterGetFormat
[W]: Unknown function 0xfc5baf8a in 'cellSail' module
[E]: TODO: cellSailPlayerSetRepeatMode
[W]: Unknown function 0xfc839bd4 in 'cellSail' module
[E]: TODO: cellSailPlayerDestroyDescriptor
[W]: Unknown function 0xffd58aa4 in 'cellSail' module
[E]: TODO: cellSailGraphicsAdapterGetFormat
[W]: Unknown function 0x26090058 in 'sysPrxForUser' module
[E]: TODO: sys_prx_load_module
[W]: Unknown function 0x80fb0c19 in 'sysPrxForUser' module
[E]: TODO: sys_prx_stop_module
[W]: Unknown function 0x8a561d92 in 'sysPrxForUser' module
[E]: TODO: _sys_heap_free
[W]: Unknown function 0x9f18429d in 'sysPrxForUser' module
[E]: TODO: sys_prx_start_module
[W]: Unknown function 0xaede4b03 in 'sysPrxForUser' module
[E]: TODO: _sys_heap_delete_heap
[W]: Unknown function 0xdd3b27ac in 'sysPrxForUser' module
[E]: TODO: _sys_spu_printf_finalize
[W]: Unknown function 0xf0aece0d in 'sysPrxForUser' module
[E]: TODO: sys_prx_unload_module
[W : PPU[1] Thread (CPUThread)[0x01749058]]: sys_lwmutex warning: *** lwmutex created [_lc_mtx] (attribute=0x12): sq_id = 3
[W : PPU[1] Thread (CPUThread)[0x00fc3c24]]: memory warning: sys_memory_get_user_memory_size(mem_info_addr=0xd0010c04)
[W : PPU[1] Thread (CPUThread)[0x01749058]]: sys_lwmutex warning: *** lwmutex created [_lc_mtx] (attribute=0x12): sq_id = 4
[W : PPU[1] Thread (CPUThread)[0x01749058]]: sys_lwmutex warning: *** lwmutex created [_lc_mtx] (attribute=0x12): sq_id = 5
[W : PPU[1] Thread (CPUThread)[0x01749058]]: sys_lwmutex warning: *** lwmutex created [_lc_mtx] (attribute=0x12): sq_id = 6
[W : PPU[1] Thread (CPUThread)[0x01749058]]: sys_lwmutex warning: *** lwmutex created [_lc_mtx] (attribute=0x12): sq_id = 7
[W : PPU[1] Thread (CPUThread)[0x01749058]]: sys_lwmutex warning: *** lwmutex created [_lc_mtx] (attribute=0x12): sq_id = 8
[W : PPU[1] Thread (CPUThread)[0x01749058]]: sys_lwmutex warning: *** lwmutex created [_lc_mtx] (attribute=0x12): sq_id = 9
[W : PPU[1] Thread (CPUThread)[0x01749058]]: sys_lwmutex warning: *** lwmutex created [_lc_mtx] (attribute=0x12): sq_id = 10
[W : PPU[1] Thread (CPUThread)[0x01749058]]: sys_lwmutex warning: *** lwmutex created [_lc_mtx] (attribute=0x12): sq_id = 11
[W : PPU[1] Thread (CPUThread)[0x01749058]]: sys_lwmutex warning: *** lwmutex created [_lc_mtx] (attribute=0x12): sq_id = 12
[W : PPU[1] Thread (CPUThread)[0x01749058]]: sys_lwmutex warning: *** lwmutex created [_lgcmtx] (attribute=0x12): sq_id = 13
[W : PPU[1] Thread (CPUThread)[0x01749058]]: sys_lwmutex warning: *** lwmutex created [_lgcmtx] (attribute=0x22): sq_id = 14
[W : PPU[1] Thread (CPUThread)[0x01749058]]: sys_lwmutex warning: *** lwmutex created [] (attribute=0x12): sq_id = 15
[E : PPU[1] Thread (CPUThread)[0x0174907c]]: sysPrxForUser error: sys_prx_register_library(lib_addr=0x110f38c)
[E : PPU[1] Thread (CPUThread)[0x0174907c]]: sysPrxForUser error: sys_prx_register_library(lib_addr=0x110f3a8)
[W : PPU[1] Thread (CPUThread)[0x01749058]]: sys_lwmutex warning: *** lwmutex created [] (attribute=0x12): sq_id = 16
[W : PPU[1] Thread (CPUThread)[0x0131c130]]: cellSysutil warning: cellSysutilRegisterCallback(slot=0, func_addr=0x1329128, userdata=0x0)
[W : PPU[1] Thread (CPUThread)[0x00072620]]: vm warning: sys_vm_memory_map(vsize=0x8000000,psize=0x7a50000,cidr=0xffffffff,flags=0x200,policy=0x1,addr=0x152b298)
[W : PPU[1] Thread (CPUThread)[0x00072630]]: vm warning: Unimplemented function: sys_vm_touch(addr=0x30010000,size=0x7a50000)
[W : PPU[1] Thread (CPUThread)[0x01749058]]: sys_lwmutex warning: *** lwmutex created [] (attribute=0x12): sq_id = 17
[W : PPU[1] Thread (CPUThread)[0x01749058]]: sys_lwmutex warning: *** lwmutex created [] (attribute=0x12): sq_id = 18
[W : PPU[1] Thread (CPUThread)[0x01749058]]: sys_lwmutex warning: *** lwmutex created [] (attribute=0x12): sq_id = 19
[W : PPU[1] Thread (CPUThread)[0x01749148]]: sys_lwcond warning: Recursive lwmutex(sq=19)
[W : PPU[1] Thread (CPUThread)[0x01749148]]: sys_lwcond warning: *** lwcond created [] (lwmutex_addr=0x37b00010): id = 20
[W : PPU[1] Thread (CPUThread)[0x01749058]]: sys_lwmutex warning: *** lwmutex created [] (attribute=0x12): sq_id = 21
[W : PPU[1] Thread (CPUThread)[0x01749148]]: sys_lwcond warning: Recursive lwmutex(sq=21)
[W : PPU[1] Thread (CPUThread)[0x01749148]]: sys_lwcond warning: *** lwcond created [] (lwmutex_addr=0x37c55710): id = 22
[W : PPU[1] Thread (CPUThread)[0x01749058]]: sys_lwmutex warning: *** lwmutex created [] (attribute=0x12): sq_id = 23
[W : PPU[1] Thread (CPUThread)[0x01749148]]: sys_lwcond warning: Recursive lwmutex(sq=23)
[W : PPU[1] Thread (CPUThread)[0x01749148]]: sys_lwcond warning: *** lwcond created [] (lwmutex_addr=0x37c55760): id = 24
[W : PPU[1] Thread (CPUThread)[0x01749058]]: sys_lwmutex warning: *** lwmutex created [] (attribute=0x12): sq_id = 25
[W : PPU[1] Thread (CPUThread)[0x01749148]]: sys_lwcond warning: Recursive lwmutex(sq=25)
[W : PPU[1] Thread (CPUThread)[0x01749148]]: sys_lwcond warning: *** lwcond created [] (lwmutex_addr=0x37c557b0): id = 26
[W : PPU[1] Thread (CPUThread)[0x01749058]]: sys_lwmutex warning: *** lwmutex created [] (attribute=0x12): sq_id = 27
[W : PPU[1] Thread (CPUThread)[0x01749148]]: sys_lwcond warning: Recursive lwmutex(sq=27)
[W : PPU[1] Thread (CPUThread)[0x01749148]]: sys_lwcond warning: *** lwcond created [] (lwmutex_addr=0x37c55800): id = 28
[W : PPU[1] Thread (CPUThread)[0x01749058]]: sys_lwmutex warning: *** lwmutex created [] (attribute=0x12): sq_id = 29
[W : PPU[1] Thread (CPUThread)[0x01749148]]: sys_lwcond warning: Recursive lwmutex(sq=29)
[W : PPU[1] Thread (CPUThread)[0x01749148]]: sys_lwcond warning: *** lwcond created [] (lwmutex_addr=0x37c55850): id = 30
[W : PPU[1] Thread (CPUThread)[0x01749058]]: sys_lwmutex warning: *** lwmutex created [] (attribute=0x12): sq_id = 31
[W : PPU[1] Thread (CPUThread)[0x01749148]]: sys_lwcond warning: Recursive lwmutex(sq=31)
[W : PPU[1] Thread (CPUThread)[0x01749148]]: sys_lwcond warning: *** lwcond created [] (lwmutex_addr=0x37c558a0): id = 32
[W : PPU[1] Thread (CPUThread)[0x01749058]]: sys_lwmutex warning: *** lwmutex created [] (attribute=0x12): sq_id = 33
[W : PPU[1] Thread (CPUThread)[0x01749148]]: sys_lwcond warning: Recursive lwmutex(sq=33)
[W : PPU[1] Thread (CPUThread)[0x01749148]]: sys_lwcond warning: *** lwcond created [] (lwmutex_addr=0x37c558f0): id = 34
[W : PPU[1] Thread (CPUThread)[0x01749058]]: sys_lwmutex warning: *** lwmutex created [] (attribute=0x12): sq_id = 35
[W : PPU[1] Thread (CPUThread)[0x01749148]]: sys_lwcond warning: Recursive lwmutex(sq=35)
[W : PPU[1] Thread (CPUThread)[0x01749148]]: sys_lwcond warning: *** lwcond created [] (lwmutex_addr=0x37c55940): id = 36
[W : PPU[1] Thread (CPUThread)[0x01749058]]: sys_lwmutex warning: *** lwmutex created [] (attribute=0x12): sq_id = 37
[W : PPU[1] Thread (CPUThread)[0x01749148]]: sys_lwcond warning: Recursive lwmutex(sq=37)
[W : PPU[1] Thread (CPUThread)[0x01749148]]: sys_lwcond warning: *** lwcond created [] (lwmutex_addr=0x37c55990): id = 38
[W : PPU[1] Thread (CPUThread)[0x01749058]]: sys_lwmutex warning: *** lwmutex created [] (attribute=0x12): sq_id = 39
[W : PPU[1] Thread (CPUThread)[0x01749148]]: sys_lwcond warning: Recursive lwmutex(sq=39)
[W : PPU[1] Thread (CPUThread)[0x01749148]]: sys_lwcond warning: *** lwcond created [] (lwmutex_addr=0x37c559e0): id = 40
[W : PPU[1] Thread (CPUThread)[0x01749058]]: sys_lwmutex warning: *** lwmutex created [] (attribute=0x12): sq_id = 41
[W : PPU[1] Thread (CPUThread)[0x01749148]]: sys_lwcond warning: Recursive lwmutex(sq=41)
[W : PPU[1] Thread (CPUThread)[0x01749148]]: sys_lwcond warning: *** lwcond created [] (lwmutex_addr=0x37c55a30): id = 42
[W : PPU[1] Thread (CPUThread)[0x01749058]]: sys_lwmutex warning: *** lwmutex created [] (attribute=0x12): sq_id = 43
[W : PPU[1] Thread (CPUThread)[0x01749148]]: sys_lwcond warning: Recursive lwmutex(sq=43)
[W : PPU[1] Thread (CPUThread)[0x01749148]]: sys_lwcond warning: *** lwcond created [] (lwmutex_addr=0x37c55a80): id = 44
[W : PPU[1] Thread (CPUThread)[0x01749058]]: sys_lwmutex warning: *** lwmutex created [] (attribute=0x12): sq_id = 45
[W : PPU[1] Thread (CPUThread)[0x01749148]]: sys_lwcond warning: Recursive lwmutex(sq=45)
[W : PPU[1] Thread (CPUThread)[0x01749148]]: sys_lwcond warning: *** lwcond created [] (lwmutex_addr=0x37c55ad0): id = 46
[W : PPU[1] Thread (CPUThread)[0x01749058]]: sys_lwmutex warning: *** lwmutex created [] (attribute=0x12): sq_id = 47
[W : PPU[1] Thread (CPUThread)[0x01749148]]: sys_lwcond warning: Recursive lwmutex(sq=47)
[W : PPU[1] Thread (CPUThread)[0x01749148]]: sys_lwcond warning: *** lwcond created [] (lwmutex_addr=0x37c55b20): id = 48
[W : PPU[1] Thread (CPUThread)[0x01749058]]: sys_lwmutex warning: *** lwmutex created [] (attribute=0x12): sq_id = 49
[W : PPU[1] Thread (CPUThread)[0x01749148]]: sys_lwcond warning: Recursive lwmutex(sq=49)
[W : PPU[1] Thread (CPUThread)[0x01749148]]: sys_lwcond warning: *** lwcond created [] (lwmutex_addr=0x37c55b70): id = 50
[W : PPU[1] Thread (CPUThread)[0x01749058]]: sys_lwmutex warning: *** lwmutex created [] (attribute=0x12): sq_id = 51
[W : PPU[1] Thread (CPUThread)[0x01749148]]: sys_lwcond warning: Recursive lwmutex(sq=51)
[W : PPU[1] Thread (CPUThread)[0x01749148]]: sys_lwcond warning: *** lwcond created [] (lwmutex_addr=0x37c55bc0): id = 52
[W : PPU[1] Thread (CPUThread)[0x01749058]]: sys_lwmutex warning: *** lwmutex created [] (attribute=0x12): sq_id = 53
[W : PPU[1] Thread (CPUThread)[0x01749148]]: sys_lwcond warning: Recursive lwmutex(sq=53)
[W : PPU[1] Thread (CPUThread)[0x01749148]]: sys_lwcond warning: *** lwcond created [] (lwmutex_addr=0x37c55c10): id = 54
[W : PPU[1] Thread (CPUThread)[0x01749058]]: sys_lwmutex warning: *** lwmutex created [] (attribute=0x12): sq_id = 55
[W : PPU[1] Thread (CPUThread)[0x01749148]]: sys_lwcond warning: Recursive lwmutex(sq=55)
[W : PPU[1] Thread (CPUThread)[0x01749148]]: sys_lwcond warning: *** lwcond created [] (lwmutex_addr=0x37c55c60): id = 56
[W : PPU[1] Thread (CPUThread)[0x01749058]]: sys_lwmutex warning: *** lwmutex created [] (attribute=0x12): sq_id = 57
[W : PPU[1] Thread (CPUThread)[0x01749148]]: sys_lwcond warning: Recursive lwmutex(sq=57)
[W : PPU[1] Thread (CPUThread)[0x01749148]]: sys_lwcond warning: *** lwcond created [] (lwmutex_addr=0x37c55cb0): id = 58
[W : PPU[1] Thread (CPUThread)[0x01749058]]: sys_lwmutex warning: *** lwmutex created [] (attribute=0x12): sq_id = 59
[W : PPU[1] Thread (CPUThread)[0x01749148]]: sys_lwcond warning: Recursive lwmutex(sq=59)
[W : PPU[1] Thread (CPUThread)[0x01749148]]: sys_lwcond warning: *** lwcond created [] (lwmutex_addr=0x37c55d00): id = 60
[W : PPU[1] Thread (CPUThread)[0x01749058]]: sys_lwmutex warning: *** lwmutex created [] (attribute=0x12): sq_id = 61
[W : PPU[1] Thread (CPUThread)[0x01749148]]: sys_lwcond warning: Recursive lwmutex(sq=61)
[W : PPU[1] Thread (CPUThread)[0x01749148]]: sys_lwcond warning: *** lwcond created [] (lwmutex_addr=0x37c55d50): id = 62
[W : PPU[1] Thread (CPUThread)[0x01749058]]: sys_lwmutex warning: *** lwmutex created [] (attribute=0x12): sq_id = 63
[W : PPU[1] Thread (CPUThread)[0x01749148]]: sys_lwcond warning: Recursive lwmutex(sq=63)
[W : PPU[1] Thread (CPUThread)[0x01749148]]: sys_lwcond warning: *** lwcond created [] (lwmutex_addr=0x37c55da0): id = 64
[W : PPU[1] Thread (CPUThread)[0x01749058]]: sys_lwmutex warning: *** lwmutex created [] (attribute=0x12): sq_id = 65
[W : PPU[1] Thread (CPUThread)[0x01749148]]: sys_lwcond warning: Recursive lwmutex(sq=65)
[W : PPU[1] Thread (CPUThread)[0x01749148]]: sys_lwcond warning: *** lwcond created [] (lwmutex_addr=0x37c55df0): id = 66
[W : PPU[1] Thread (CPUThread)[0x01749058]]: sys_lwmutex warning: *** lwmutex created [] (attribute=0x12): sq_id = 67
[W : PPU[1] Thread (CPUThread)[0x01749148]]: sys_lwcond warning: Recursive lwmutex(sq=67)
[W : PPU[1] Thread (CPUThread)[0x01749148]]: sys_lwcond warning: *** lwcond created [] (lwmutex_addr=0x37c55e40): id = 68
[W : PPU[1] Thread (CPUThread)[0x01749058]]: sys_lwmutex warning: *** lwmutex created [] (attribute=0x12): sq_id = 69
[W : PPU[1] Thread (CPUThread)[0x01749148]]: sys_lwcond warning: Recursive lwmutex(sq=69)
[W : PPU[1] Thread (CPUThread)[0x01749148]]: sys_lwcond warning: *** lwcond created [] (lwmutex_addr=0x37c55e90): id = 70
[W : PPU[1] Thread (CPUThread)[0x01749058]]: sys_lwmutex warning: *** lwmutex created [] (attribute=0x12): sq_id = 71
[W : PPU[1] Thread (CPUThread)[0x01749148]]: sys_lwcond warning: Recursive lwmutex(sq=71)
[W : PPU[1] Thread (CPUThread)[0x01749148]]: sys_lwcond warning: *** lwcond created [] (lwmutex_addr=0x37c55ee0): id = 72
[W : PPU[1] Thread (CPUThread)[0x01749058]]: sys_lwmutex warning: *** lwmutex created [] (attribute=0x12): sq_id = 73
[W : PPU[1] Thread (CPUThread)[0x01749148]]: sys_lwcond warning: Recursive lwmutex(sq=73)
[W : PPU[1] Thread (CPUThread)[0x01749148]]: sys_lwcond warning: *** lwcond created [] (lwmutex_addr=0x37c55f30): id = 74
[W : PPU[1] Thread (CPUThread)[0x01749058]]: sys_lwmutex warning: *** lwmutex created [] (attribute=0x12): sq_id = 75
[W : PPU[1] Thread (CPUThread)[0x01749148]]: sys_lwcond warning: Recursive lwmutex(sq=75)
[W : PPU[1] Thread (CPUThread)[0x01749148]]: sys_lwcond warning: *** lwcond created [] (lwmutex_addr=0x37c55f80): id = 76
[W : PPU[1] Thread (CPUThread)[0x01749058]]: sys_lwmutex warning: *** lwmutex created [] (attribute=0x12): sq_id = 77
[W : PPU[1] Thread (CPUThread)[0x01749148]]: sys_lwcond warning: Recursive lwmutex(sq=77)
[W : PPU[1] Thread (CPUThread)[0x01749148]]: sys_lwcond warning: *** lwcond created [] (lwmutex_addr=0x37c55fd0): id = 78
[W : PPU[1] Thread (CPUThread)[0x01749058]]: sys_lwmutex warning: *** lwmutex created [] (attribute=0x12): sq_id = 79
[W : PPU[1] Thread (CPUThread)[0x01749148]]: sys_lwcond warning: Recursive lwmutex(sq=79)
[W : PPU[1] Thread (CPUThread)[0x01749148]]: sys_lwcond warning: *** lwcond created [] (lwmutex_addr=0x37c56020): id = 80
[W : PPU[1] Thread (CPUThread)[0x01749058]]: sys_lwmutex warning: *** lwmutex created [] (attribute=0x12): sq_id = 81
[W : PPU[1] Thread (CPUThread)[0x01749148]]: sys_lwcond warning: Recursive lwmutex(sq=81)
[W : PPU[1] Thread (CPUThread)[0x01749148]]: sys_lwcond warning: *** lwcond created [] (lwmutex_addr=0x37c56070): id = 82
[W : PPU[1] Thread (CPUThread)[0x01749058]]: sys_lwmutex warning: *** lwmutex created [] (attribute=0x12): sq_id = 83
[W : PPU[1] Thread (CPUThread)[0x01749148]]: sys_lwcond warning: Recursive lwmutex(sq=83)
[W : PPU[1] Thread (CPUThread)[0x01749148]]: sys_lwcond warning: *** lwcond created [] (lwmutex_addr=0x37c560c0): id = 84
[W : PPU[1] Thread (CPUThread)[0x01749058]]: sys_lwmutex warning: *** lwmutex created [] (attribute=0x12): sq_id = 85
[W : PPU[1] Thread (CPUThread)[0x01749148]]: sys_lwcond warning: Recursive lwmutex(sq=85)
[W : PPU[1] Thread (CPUThread)[0x01749148]]: sys_lwcond warning: *** lwcond created [] (lwmutex_addr=0x37c56110): id = 86
[W : PPU[1] Thread (CPUThread)[0x01749058]]: sys_lwmutex warning: *** lwmutex created [] (attribute=0x12): sq_id = 87
[W : PPU[1] Thread (CPUThread)[0x01749148]]: sys_lwcond warning: Recursive lwmutex(sq=87)
[W : PPU[1] Thread (CPUThread)[0x01749148]]: sys_lwcond warning: *** lwcond created [] (lwmutex_addr=0x37c56160): id = 88
[W : PPU[1] Thread (CPUThread)[0x01749058]]: sys_lwmutex warning: *** lwmutex created [] (attribute=0x12): sq_id = 89
[W : PPU[1] Thread (CPUThread)[0x01749148]]: sys_lwcond warning: Recursive lwmutex(sq=89)
[W : PPU[1] Thread (CPUThread)[0x01749148]]: sys_lwcond warning: *** lwcond created [] (lwmutex_addr=0x37c561b0): id = 90
[W : PPU[1] Thread (CPUThread)[0x01749058]]: sys_lwmutex warning: *** lwmutex created [] (attribute=0x12): sq_id = 91
[W : PPU[1] Thread (CPUThread)[0x01749148]]: sys_lwcond warning: Recursive lwmutex(sq=91)
[W : PPU[1] Thread (CPUThread)[0x01749148]]: sys_lwcond warning: *** lwcond created [] (lwmutex_addr=0x37c56200): id = 92
[W : PPU[1] Thread (CPUThread)[0x01749058]]: sys_lwmutex warning: *** lwmutex created [] (attribute=0x12): sq_id = 93
[W : PPU[1] Thread (CPUThread)[0x01749148]]: sys_lwcond warning: Recursive lwmutex(sq=93)
[W : PPU[1] Thread (CPUThread)[0x01749148]]: sys_lwcond warning: *** lwcond created [] (lwmutex_addr=0x37c56250): id = 94
[W : PPU[1] Thread (CPUThread)[0x01749058]]: sys_lwmutex warning: *** lwmutex created [] (attribute=0x12): sq_id = 95
[W : PPU[1] Thread (CPUThread)[0x01749148]]: sys_lwcond warning: Recursive lwmutex(sq=95)
[W : PPU[1] Thread (CPUThread)[0x01749148]]: sys_lwcond warning: *** lwcond created [] (lwmutex_addr=0x37c562a0): id = 96
[W : PPU[1] Thread (CPUThread)[0x01749058]]: sys_lwmutex warning: *** lwmutex created [] (attribute=0x12): sq_id = 97
[W : PPU[1] Thread (CPUThread)[0x01749148]]: sys_lwcond warning: Recursive lwmutex(sq=97)
[W : PPU[1] Thread (CPUThread)[0x01749148]]: sys_lwcond warning: *** lwcond created [] (lwmutex_addr=0x37c562f0): id = 98
[W : PPU[1] Thread (CPUThread)[0x01749058]]: sys_lwmutex warning: *** lwmutex created [] (attribute=0x12): sq_id = 99
[W : PPU[1] Thread (CPUThread)[0x01749148]]: sys_lwcond warning: Recursive lwmutex(sq=99)
[W : PPU[1] Thread (CPUThread)[0x01749148]]: sys_lwcond warning: *** lwcond created [] (lwmutex_addr=0x37c56340): id = 100
[W : PPU[1] Thread (CPUThread)[0x01749058]]: sys_lwmutex warning: *** lwmutex created [] (attribute=0x12): sq_id = 101
[W : PPU[1] Thread (CPUThread)[0x01749148]]: sys_lwcond warning: Recursive lwmutex(sq=101)
[W : PPU[1] Thread (CPUThread)[0x01749148]]: sys_lwcond warning: *** lwcond created [] (lwmutex_addr=0x37c56390): id = 102
[W : PPU[1] Thread (CPUThread)[0x01749058]]: sys_lwmutex warning: *** lwmutex created [] (attribute=0x12): sq_id = 103
[W : PPU[1] Thread (CPUThread)[0x01749148]]: sys_lwcond warning: Recursive lwmutex(sq=103)
[W : PPU[1] Thread (CPUThread)[0x01749148]]: sys_lwcond warning: *** lwcond created [] (lwmutex_addr=0x37c563e0): id = 104
[W : PPU[1] Thread (CPUThread)[0x01749058]]: sys_lwmutex warning: *** lwmutex created [] (attribute=0x12): sq_id = 105
[W : PPU[1] Thread (CPUThread)[0x01749148]]: sys_lwcond warning: Recursive lwmutex(sq=105)
[W : PPU[1] Thread (CPUThread)[0x01749148]]: sys_lwcond warning: *** lwcond created [] (lwmutex_addr=0x37c56430): id = 106
[W : PPU[1] Thread (CPUThread)[0x01749058]]: sys_lwmutex warning: *** lwmutex created [] (attribute=0x12): sq_id = 107
[W : PPU[1] Thread (CPUThread)[0x01749148]]: sys_lwcond warning: Recursive lwmutex(sq=107)
[W : PPU[1] Thread (CPUThread)[0x01749148]]: sys_lwcond warning: *** lwcond created [] (lwmutex_addr=0x37c56480): id = 108
[W : PPU[1] Thread (CPUThread)[0x01749058]]: sys_lwmutex warning: *** lwmutex created [] (attribute=0x12): sq_id = 109
[W : PPU[1] Thread (CPUThread)[0x01749148]]: sys_lwcond warning: Recursive lwmutex(sq=109)
[W : PPU[1] Thread (CPUThread)[0x01749148]]: sys_lwcond warning: *** lwcond created [] (lwmutex_addr=0x37c564d0): id = 110
[W : PPU[1] Thread (CPUThread)[0x01749058]]: sys_lwmutex warning: *** lwmutex created [] (attribute=0x12): sq_id = 111
[W : PPU[1] Thread (CPUThread)[0x01749148]]: sys_lwcond warning: Recursive lwmutex(sq=111)
[W : PPU[1] Thread (CPUThread)[0x01749148]]: sys_lwcond warning: *** lwcond created [] (lwmutex_addr=0x37c56520): id = 112
[W : PPU[1] Thread (CPUThread)[0x01749058]]: sys_lwmutex warning: *** lwmutex created [] (attribute=0x12): sq_id = 113
[W : PPU[1] Thread (CPUThread)[0x01749148]]: sys_lwcond warning: Recursive lwmutex(sq=113)
[W : PPU[1] Thread (CPUThread)[0x01749148]]: sys_lwcond warning: *** lwcond created [] (lwmutex_addr=0x37c56570): id = 114
[W : PPU[1] Thread (CPUThread)[0x01749058]]: sys_lwmutex warning: *** lwmutex created [] (attribute=0x12): sq_id = 115
[W : PPU[1] Thread (CPUThread)[0x01749148]]: sys_lwcond warning: Recursive lwmutex(sq=115)
[W : PPU[1] Thread (CPUThread)[0x01749148]]: sys_lwcond warning: *** lwcond created [] (lwmutex_addr=0x37c565c0): id = 116
[W : PPU[1] Thread (CPUThread)[0x01749058]]: sys_lwmutex warning: *** lwmutex created [] (attribute=0x12): sq_id = 117
[W : PPU[1] Thread (CPUThread)[0x01749148]]: sys_lwcond warning: Recursive lwmutex(sq=117)
[W : PPU[1] Thread (CPUThread)[0x01749148]]: sys_lwcond warning: *** lwcond created [] (lwmutex_addr=0x37c56610): id = 118
[W : PPU[1] Thread (CPUThread)[0x01749058]]: sys_lwmutex warning: *** lwmutex created [] (attribute=0x12): sq_id = 119
[W : PPU[1] Thread (CPUThread)[0x01749148]]: sys_lwcond warning: Recursive lwmutex(sq=119)
[W : PPU[1] Thread (CPUThread)[0x01749148]]: sys_lwcond warning: *** lwcond created [] (lwmutex_addr=0x37c56660): id = 120
[W : PPU[1] Thread (CPUThread)[0x01749058]]: sys_lwmutex warning: *** lwmutex created [] (attribute=0x12): sq_id = 121
[W : PPU[1] Thread (CPUThread)[0x01749148]]: sys_lwcond warning: Recursive lwmutex(sq=121)
[W : PPU[1] Thread (CPUThread)[0x01749148]]: sys_lwcond warning: *** lwcond created [] (lwmutex_addr=0x37c566b0): id = 122
[W : PPU[1] Thread (CPUThread)[0x01749058]]: sys_lwmutex warning: *** lwmutex created [] (attribute=0x12): sq_id = 123
[W : PPU[1] Thread (CPUThread)[0x01749148]]: sys_lwcond warning: Recursive lwmutex(sq=123)
[W : PPU[1] Thread (CPUThread)[0x01749148]]: sys_lwcond warning: *** lwcond created [] (lwmutex_addr=0x37c56700): id = 124
[W : PPU[1] Thread (CPUThread)[0x01749058]]: sys_lwmutex warning: *** lwmutex created [] (attribute=0x12): sq_id = 125
[W : PPU[1] Thread (CPUThread)[0x01749148]]: sys_lwcond warning: Recursive lwmutex(sq=125)
[W : PPU[1] Thread (CPUThread)[0x01749148]]: sys_lwcond warning: *** lwcond created [] (lwmutex_addr=0x37c56750): id = 126
[W : PPU[1] Thread (CPUThread)[0x01749058]]: sys_lwmutex warning: *** lwmutex created [] (attribute=0x12): sq_id = 127
[W : PPU[1] Thread (CPUThread)[0x01749148]]: sys_lwcond warning: Recursive lwmutex(sq=127)
[W : PPU[1] Thread (CPUThread)[0x01749148]]: sys_lwcond warning: *** lwcond created [] (lwmutex_addr=0x37c567a0): id = 128
[W : PPU[1] Thread (CPUThread)[0x01749058]]: sys_lwmutex warning: *** lwmutex created [] (attribute=0x12): sq_id = 129
[W : PPU[1] Thread (CPUThread)[0x01749148]]: sys_lwcond warning: Recursive lwmutex(sq=129)
[W : PPU[1] Thread (CPUThread)[0x01749148]]: sys_lwcond warning: *** lwcond created [] (lwmutex_addr=0x37c567f0): id = 130
[W : PPU[1] Thread (CPUThread)[0x01749058]]: sys_lwmutex warning: *** lwmutex created [] (attribute=0x12): sq_id = 131
[W : PPU[1] Thread (CPUThread)[0x01749148]]: sys_lwcond warning: Recursive lwmutex(sq=131)
[W : PPU[1] Thread (CPUThread)[0x01749148]]: sys_lwcond warning: *** lwcond created [] (lwmutex_addr=0x37c56840): id = 132
[W : PPU[1] Thread (CPUThread)[0x01749058]]: sys_lwmutex warning: *** lwmutex created [] (attribute=0x12): sq_id = 133
[W : PPU[1] Thread (CPUThread)[0x01749148]]: sys_lwcond warning: Recursive lwmutex(sq=133)
[W : PPU[1] Thread (CPUThread)[0x01749148]]: sys_lwcond warning: *** lwcond created [] (lwmutex_addr=0x37c56890): id = 134
[W : PPU[1] Thread (CPUThread)[0x01749058]]: sys_lwmutex warning: *** lwmutex created [] (attribute=0x12): sq_id = 135
[W : PPU[1] Thread (CPUThread)[0x01749148]]: sys_lwcond warning: Recursive lwmutex(sq=135)
[W : PPU[1] Thread (CPUThread)[0x01749148]]: sys_lwcond warning: *** lwcond created [] (lwmutex_addr=0x37c568e0): id = 136
[W : PPU[1] Thread (CPUThread)[0x01749058]]: sys_lwmutex warning: *** lwmutex created [] (attribute=0x12): sq_id = 137
[W : PPU[1] Thread (CPUThread)[0x01749148]]: sys_lwcond warning: Recursive lwmutex(sq=137)
[W : PPU[1] Thread (CPUThread)[0x01749148]]: sys_lwcond warning: *** lwcond created [] (lwmutex_addr=0x37c56930): id = 138
[W : PPU[1] Thread (CPUThread)[0x01749058]]: sys_lwmutex warning: *** lwmutex created [] (attribute=0x12): sq_id = 139
[W : PPU[1] Thread (CPUThread)[0x01749148]]: sys_lwcond warning: Recursive lwmutex(sq=139)
[W : PPU[1] Thread (CPUThread)[0x01749148]]: sys_lwcond warning: *** lwcond created [] (lwmutex_addr=0x37c56980): id = 140
[W : PPU[1] Thread (CPUThread)[0x01749058]]: sys_lwmutex warning: *** lwmutex created [] (attribute=0x12): sq_id = 141
[W : PPU[1] Thread (CPUThread)[0x01749148]]: sys_lwcond warning: Recursive lwmutex(sq=141)
[W : PPU[1] Thread (CPUThread)[0x01749148]]: sys_lwcond warning: *** lwcond created [] (lwmutex_addr=0x37c569d0): id = 142
[W : PPU[1] Thread (CPUThread)[0x01749058]]: sys_lwmutex warning: *** lwmutex created [] (attribute=0x12): sq_id = 143
[W : PPU[1] Thread (CPUThread)[0x01749148]]: sys_lwcond warning: Recursive lwmutex(sq=143)
[W : PPU[1] Thread (CPUThread)[0x01749148]]: sys_lwcond warning: *** lwcond created [] (lwmutex_addr=0x37c56a20): id = 144
[W : PPU[1] Thread (CPUThread)[0x01749058]]: sys_lwmutex warning: *** lwmutex created [] (attribute=0x12): sq_id = 145
[W : PPU[1] Thread (CPUThread)[0x01749148]]: sys_lwcond warning: Recursive lwmutex(sq=145)
[W : PPU[1] Thread (CPUThread)[0x01749148]]: sys_lwcond warning: *** lwcond created [] (lwmutex_addr=0x37c56a70): id = 146
[W : PPU[1] Thread (CPUThread)[0x00e55274]]: sys_semaphore warning: sys_semaphore_create(sem_addr=0x37b00060, attr_addr=0xd0010820, initial_count=0, max_count=2147483647)
[W : PPU[1] Thread (CPUThread)[0x01749058]]: sys_lwmutex warning: *** lwmutex created [] (attribute=0x12): sq_id = 148
[! : PPU[1] Thread (CPUThread)[0x01749028]]: *** New PPU Thread [pxd::async_file_access(0)] (): id = 149
[W : PPU[1] Thread (CPUThread)[0x00e55274]]: sys_semaphore warning: sys_semaphore_create(sem_addr=0x37b00070, attr_addr=0xd0010820, initial_count=0, max_count=2147483647)
[W : PPU[1] Thread (CPUThread)[0x01749058]]: sys_lwmutex warning: *** lwmutex created [] (attribute=0x12): sq_id = 151
[! : PPU[1] Thread (CPUThread)[0x01749028]]: *** New PPU Thread [pxd::async_file_access(1)] (): id = 152
[W : PPU[1] Thread (CPUThread)[0x01749058]]: sys_lwmutex warning: *** lwmutex created [] (attribute=0x12): sq_id = 153
[W : PPU[1] Thread (CPUThread)[0x01749058]]: sys_lwmutex warning: *** lwmutex created [] (attribute=0x12): sq_id = 154
[W : PPU[1] Thread (CPUThread)[0x0131e010]]: cellSysmodule warning: cellSysmoduleLoadModule(CELL_SYSMODULE_FS)
[W : PPU[1] Thread (CPUThread)[0x0131e010]]: cellSysmodule warning: cellSysmoduleLoadModule(CELL_SYSMODULE_SYSUTIL_GAME)
[W : PPU[1] Thread (CPUThread)[0x0131c094]]: cellSysutil warning: cellSysutilGetSystemParamInt: CELL_SYSUTIL_SYSTEMPARAM_ID_ENTER_BUTTON_ASSIGN
[W : PPU[1] Thread (CPUThread)[0x00e5d52c]]: sys_semaphore warning: sys_semaphore_create(sem_addr=0x37c56ac0, attr_addr=0xd0010aa0, initial_count=0, max_count=2147483647)
[W : PPU[1] Thread (CPUThread)[0x00e5d58c]]: sys_semaphore warning: sys_semaphore_create(sem_addr=0x37c56ad0, attr_addr=0xd0010aa0, initial_count=0, max_count=2147483647)
[! : PPU[1] Thread (CPUThread)[0x01749028]]: *** New PPU Thread [mt_task_thread] (): id = 157
[W : PPU[1] Thread (CPUThread)[0x0172d0d0]]: cellSpurs warning: _cellSpursAttributeInitialize(attr_addr=0xd0010560, nSpus=2, spuPriority=3342336, ppuPriority=5, exitIfNoWork=250)
[W : PPU[1] Thread (CPUThread)[0x0172d004]]: cellSpurs warning: cellSpursAttributeSetNamePrefix(attr_addr=0xd0010560, prefix_addr=0xd0010530, size=0x5)
[W : PPU[1] Thread (CPUThread)[0x0172d124]]: cellSpurs warning: cellSpursAttributeSetSpuThreadGroupType(attr_addr=0xd0010560, type=24)
[W : PPU[1] Thread (CPUThread)[0x0172d058]]: cellSpurs warning: cellSpursInitializeWithAttribute2(spurs_addr=0x37c97c80, spurs_addr=0xd0010560)
[E : PPU[1] Thread (CPUThread)[0x0172d154]]: TODO: _cellSpursTasksetAttribute2Initialize
[E : PPU[1] Thread (CPUThread)[0x0172d07c]]: TODO: cellSpursCreateTaskset2
[E : PPU[1] Thread (CPUThread)[0x0172d088]]: TODO: _cellSpursEventFlagInitialize
[E : PPU[1] Thread (CPUThread)[0x0172d0b8]]: cellSpurs error: cellSpursEventFlagAttachLv2EventQueue(event_flag_addr=0x37c9c680)
[E : PPU[1] Thread (CPUThread)[0x0172d064]]: TODO: _cellSpursJobChainAttributeInitialize
[E : PPU[1] Thread (CPUThread)[0x0172d0e8]]: TODO: cellSpursJobChainAttributeSetName
[E : PPU[1] Thread (CPUThread)[0x0172d04c]]: TODO: cellSpursCreateJobChainWithAttribute
[E : PPU[1] Thread (CPUThread)[0x0172d0a0]]: TODO: cellSpursJobGuardInitialize
[E : PPU[1] Thread (CPUThread)[0x0172d16c]]: TODO: cellSpursJobGuardNotify
[E : PPU[1] Thread (CPUThread)[0x0172d190]]: TODO: cellSpursRunJobChain
[W : PPU[1] Thread (CPUThread)[0x01749058]]: sys_lwmutex warning: *** lwmutex created [] (attribute=0x12): sq_id = 158
[W : PPU[1] Thread (CPUThread)[0x0131c1e4]]: cellSysutil warning: cellVideoOutGetDeviceInfo(videoOut=0, deviceIndex=0, info_addr=0xd001042c)
[W : PPU[1] Thread (CPUThread)[0x0131e010]]: cellSysmodule warning: cellSysmoduleLoadModule(CELL_SYSMODULE_GCM_SYS)
[W : PPU[1] Thread (CPUThread)[0x0173310c]]: cellGcmSys warning: cellGcmInitDefaultFifoMode(mode=0)
[W : PPU[1] Thread (CPUThread)[0x0173301c]]: cellGcmSys warning: cellGcmInit(context_addr=0x1654010,cmdSize=0x800000,ioSize=0x1b00000,ioAddress=0x37f00000)
[W : PPU[1] Thread (CPUThread)[0x0173301c]]: cellGcmSys warning: *** local memory(addr=0xc0000000, size=0xf900000)
[W : PPU[1] Thread (CPUThread)[0x0173301c]]: cellGcmSys warning: cellGcmMapEaIoAddress(ea=0x37f00000, io=0x0, size=0x1b00000)
[! : RSXThread]: RSX thread entry
[W : PPU[1] Thread (CPUThread)[0x01733070]]: cellGcmSys warning: cellGcmGetDefaultCommandWordSize()
[W : PPU[1] Thread (CPUThread)[0x01733070]]: cellGcmSys warning: cellGcmGetDefaultCommandWordSize()
[W : PPU[1] Thread (CPUThread)[0x01733094]]: cellGcmSys warning: cellGcmGetDefaultSegmentWordSize()
[W : PPU[1] Thread (CPUThread)[0x017330a0]]: cellGcmSys warning: cellGcmSetDefaultFifoSize(bufferSize=0x400, segmentSize=0x100)
[W : PPU[1] Thread (CPUThread)[0x017330a0]]: cellGcmSys warning: cellGcmSetDefaultFifoSize(bufferSize=0x400, segmentSize=0x40000)
[W : PPU[1] Thread (CPUThread)[0x0131c1e4]]: cellSysutil warning: cellVideoOutGetDeviceInfo(videoOut=0, deviceIndex=0, info_addr=0xd0010264)
[W : PPU[1] Thread (CPUThread)[0x01733004]]: cellGcmSys warning: cellGcmGetTiledPitchSize(size=5120)
[W : PPU[1] Thread (CPUThread)[0x0131c1d8]]: cellSysutil warning: cellVideoOutConfigure(videoOut=0, config_addr=0xd001023c, option_addr=0x0, waitForEvent=0x0)
[W : PPU[1] Thread (CPUThread)[0x01733064]]: cellGcmSys warning: cellGcmSetFlipMode(mode=2)
[E : PPU[1] Thread (CPUThread)[0x01733154]]: TODO: cellGcmSetVBlankFrequency
[W : PPU[1] Thread (CPUThread)[0x01733100]]: cellGcmSys warning: cellGcmSetTileInfo(index=0, location=0, offset=0, size=7864320, pitch=5120, comp=7, base=0, bank=0)
[E : PPU[1] Thread (CPUThread)[0x01733100]]: cellGcmSys error: cellGcmSetTileInfo: bad comp! (7)
[W : PPU[1] Thread (CPUThread)[0x01733058]]: cellGcmSys warning: cellGcmBindTile(index=0)
[W : PPU[1] Thread (CPUThread)[0x01733100]]: cellGcmSys warning: cellGcmSetTileInfo(index=1, location=0, offset=7864320, size=3932160, pitch=5120, comp=10, base=120, bank=1)
[E : PPU[1] Thread (CPUThread)[0x01733100]]: cellGcmSys error: cellGcmSetTileInfo: bad comp! (10)
[W : PPU[1] Thread (CPUThread)[0x01733058]]: cellGcmSys warning: cellGcmBindTile(index=1)
[W : PPU[1] Thread (CPUThread)[0x017330b8]]: cellGcmSys warning: cellGcmSetDisplayBuffer(id=0x0,offset=0x0,pitch=4,width=1280,height=720)
[W : PPU[1] Thread (CPUThread)[0x017330b8]]: cellGcmSys warning: cellGcmSetDisplayBuffer(id=0x1,offset=0x3c0000,pitch=4,width=1280,height=720)
[W : RSXThread]: null cmd: addr=0x50000000, put=0x64120000, get=0x0
[! : RSXThread]: RSX thread exit...
[!]: Closing memory...
