[!]: path: /dev_hdd0/game/
[W]: SELF: No NPDRM control info found!
[!]: Loading 'D:\Emulateurs\Rpcs3\dev_hdd0\game\BLES01793-[Atelier Ayesha ~The Alchemist of Dusk~]\PS3_GAME\USRDIR/BOOT.BIN'...
[!]: Mount info:
[!]: /dev_hdd0/ -> D:\Emulateurs\Rpcs3\dev_hdd0\
[!]: /dev_hdd1/ -> D:\Emulateurs\Rpcs3\dev_hdd1\
[!]: /dev_flash/ -> D:\Emulateurs\Rpcs3\dev_flash\
[!]: /dev_usb000/ -> D:\Emulateurs\Rpcs3\dev_usb000\
[!]: /dev_usb/ -> D:\Emulateurs\Rpcs3\dev_usb000\
[!]: /app_home/ -> D:\Emulateurs\Rpcs3\dev_hdd0\game\BLES01793-[Atelier Ayesha ~The Alchemist of Dusk~]\PS3_GAME\\USRDIR\
[!]: /dev_bdvd/ -> D:\Emulateurs\Rpcs3\dev_hdd0\game\BLES01793-[Atelier Ayesha ~The Alchemist of Dusk~]\PS3_GAME\\..\
[!]: /host_root/ -> 
[!]: /app_home/Game/PS3_GAME/ -> D:\Emulateurs\Rpcs3\dev_hdd0\game\BLES01793-[Atelier Ayesha ~The Alchemist of Dusk~]\PS3_GAME\
[!]: data/ -> D:\Emulateurs\Rpcs3\dev_hdd0\game\BLES01793-[Atelier Ayesha ~The Alchemist of Dusk~]\PS3_GAME\\USRDIR\Data\
[!]: /data/ -> D:\Emulateurs\Rpcs3\dev_hdd0\game\BLES01793-[Atelier Ayesha ~The Alchemist of Dusk~]\PS3_GAME\\USRDIR\Data\
[!]: DATA/ -> D:\Emulateurs\Rpcs3\dev_hdd0\game\BLES01793-[Atelier Ayesha ~The Alchemist of Dusk~]\PS3_GAME\\USRDIR\DATA\
[!]: /app_home//dev_bdvd/PS3_GAME/USRDIR/data/gos/ -> D:\Emulateurs\Rpcs3\dev_hdd0\game\BLES01793-[Atelier Ayesha ~The Alchemist of Dusk~]\PS3_GAME\\USRDIR\
[!]: //dev_bdvd/PS3_GAME/ -> D:\Emulateurs\Rpcs3\dev_hdd0\game\BLES01793-[Atelier Ayesha ~The Alchemist of Dusk~]\PS3_GAME\
[!]: /USRDIR/PS3_GAME/ -> D:\Emulateurs\Rpcs3\dev_hdd0\game\BLES01793-[Atelier Ayesha ~The Alchemist of Dusk~]\PS3_GAME\
[!]: Data/ -> D:\Emulateurs\Rpcs3\dev_hdd0\game\BLES01793-[Atelier Ayesha ~The Alchemist of Dusk~]\PS3_GAME\\USRDIR\Data\
[!]: Res/ -> D:\Emulateurs\Rpcs3\dev_hdd0\game\BLES01793-[Atelier Ayesha ~The Alchemist of Dusk~]\PS3_GAME\\USRDIR\Res\
[!]: / -> D:\Emulateurs\Rpcs3\dev_hdd0\game\BLES01793-[Atelier Ayesha ~The Alchemist of Dusk~]\PS3_GAME\\USRDIR\Res\install\
[!]: /Res/ -> D:\Emulateurs\Rpcs3\dev_hdd0\game\BLES01793-[Atelier Ayesha ~The Alchemist of Dusk~]\PS3_GAME\\USRDIR\Res\
[!]: Initing memory...
[!]: Memory initialized.
[W]: Unknown function 0x1dfbfdd6 in 'cellSysutil' module
[E]: TODO: cellSaveDataListLoad2
[W]: Unknown function 0x20543730 in 'cellSysutil' module
[E]: TODO: cellMsgDialogClose
[W]: Unknown function 0x21425307 in 'cellSysutil' module
[E]: TODO: cellSaveDataListAutoLoad
[W]: Unknown function 0x2a8eada2 in 'cellSysutil' module
[E]: TODO: cellSaveDataFixedLoad2
[W]: Unknown function 0x2aae9ef5 in 'cellSysutil' module
[E]: TODO: cellSaveDataFixedSave2
[W]: Unknown function 0x2de0d663 in 'cellSysutil' module
[E]: TODO: cellSaveDataListSave2
[W]: Unknown function 0x4dd03a4e in 'cellSysutil' module
[E]: TODO: cellSaveDataListAutoSave
[W]: Unknown function 0x62b0f803 in 'cellSysutil' module
[E]: TODO: cellMsgDialogAbort
[W]: Unknown function 0x7bc2c8a8 in 'cellSysutil' module
[E]: TODO: cellMsgDialogProgressBarReset
[W]: Unknown function 0x8b7ed64b in 'cellSysutil' module
[E]: TODO: cellSaveDataAutoSave2
[W]: Unknown function 0x8b8a2f48 in 'cellSysutil' module
[E]: TODO: cellSaveDataUserFixedDelete
[W]: Unknown function 0x94862702 in 'cellSysutil' module
[E]: TODO: cellMsgDialogProgressBarInc
[W]: Unknown function 0x9d6af72a in 'cellSysutil' module
[E]: TODO: cellMsgDialogProgressBarSetMsg
[W]: Unknown function 0xedadd797 in 'cellSysutil' module
[E]: TODO: cellSaveDataDelete2
[W]: Unknown function 0xfbd5c856 in 'cellSysutil' module
[E]: TODO: cellSaveDataAutoLoad2
[W]: Unknown function 0x63387071 in 'cellGcmSys' module
[E]: TODO: cellGcmGetLastFlipTime
[W]: Unknown function 0xacee8542 in 'cellGcmSys' module
[E]: TODO: cellGcmSetFlipImmediate
[W]: Unknown function 0xe0cef79e in 'cellResc' module
[E]: TODO: cellRescCreateInterlaceTable
[W]: Unknown function 0x57e4dec3 in 'cellSpurs' module
[E]: TODO: cellSpursRemoveWorkload
[W]: Unknown function 0x5fd43fe4 in 'cellSpurs' module
[E]: TODO: cellSpursWaitForWorkloadShutdown
[W]: Unknown function 0x69726aa2 in 'cellSpurs' module
[E]: TODO: cellSpursAddWorkload
[W]: Unknown function 0x7e4ea023 in 'cellSpurs' module
[E]: TODO: cellSpursWakeUp
[W]: Unknown function 0x98d5b343 in 'cellSpurs' module
[E]: TODO: cellSpursShutdownWorkload
[W]: Unknown function 0xa73bf47e in 'cellSpurs' module
[E]: TODO: _cellSpursWorkloadFlagReceiver
[W]: Unknown function 0xacfc8dbc in 'cellSpurs' module
[E]: TODO: cellSpursInitialize
[W]: Unknown function 0xc765b995 in 'cellSpurs' module
[E]: TODO: cellSpursGetWorkloadFlag
[W]: Unknown function 0xf843818d in 'cellSpurs' module
[E]: TODO: cellSpursReadyCountStore
[W]: Unknown function 0x22aab31d in 'cellSpurs' module
[E]: TODO: cellSpursEventFlagDetachLv2EventQueue
[W]: Unknown function 0x373523d4 in 'cellSpurs' module
[E]: TODO: cellSpursEventFlagWait
[W]: Unknown function 0x52cc6c82 in 'cellSpurs' module
[E]: TODO: cellSpursCreateTaskset
[W]: Unknown function 0x5ef96465 in 'cellSpurs' module
[E]: TODO: _cellSpursEventFlagInitialize
[W]: Unknown function 0x87630976 in 'cellSpurs' module
[E]: TODO: cellSpursEventFlagAttachLv2EventQueue
[W]: Unknown function 0x9f72add3 in 'cellSpurs' module
[E]: TODO: cellSpursJoinTaskset
[W]: Unknown function 0xa789e631 in 'cellSpurs' module
[E]: TODO: cellSpursShutdownTaskset
[W]: Unknown function 0xbeb600ac in 'cellSpurs' module
[E]: TODO: cellSpursCreateTask
[W]: Unknown function 0xe0a6dbe4 in 'cellSpurs' module
[E]: TODO: _cellSpursSendSignal
[W]: Unknown function 0x1ebcf459 in 'cellSpurs' module
[E]: TODO: cellSpursDestroyTaskset2
[W]: Unknown function 0x4a6465e3 in 'cellSpurs' module
[E]: TODO: cellSpursCreateTaskset2
[W]: Unknown function 0x838fa4f0 in 'cellSpurs' module
[E]: TODO: cellSpursTryJoinTask2
[W]: Unknown function 0xa7a94892 in 'cellSpurs' module
[E]: TODO: cellSpursJoinTask2
[W]: Unknown function 0xc2acdf43 in 'cellSpurs' module
[E]: TODO: _cellSpursTasksetAttribute2Initialize
[W]: Unknown function 0xe14ca62d in 'cellSpurs' module
[E]: TODO: cellSpursCreateTask2
[W]: Unknown function 0x06be743d in 'cellFont' module
[E]: TODO: cellFontGetKerning
[W]: Unknown function 0xced4dda9 in 'cellFont' module
[E]: TODO: cellFontGetRenderEffectSlant
[W]: Unknown module 'cellSysutilAvconfExt'
[W]: Unknown function 0x0247c69e in 'cellSail' module
[E]: TODO: cellSailGraphicsAdapterGetFrame
[W]: Unknown function 0x0c4cb439 in 'cellSail' module
[E]: TODO: cellSailFutureReset
[W]: Unknown function 0x1139a206 in 'cellSail' module
[E]: TODO: cellSailPlayerSetSoundAdapter
[W]: Unknown function 0x18b4629d in 'cellSail' module
[E]: TODO: cellSailPlayerFinalize
[W]: Unknown function 0x18bcd21b in 'cellSail' module
[E]: TODO: cellSailPlayerSetGraphicsAdapter
[W]: Unknown function 0x1c983864 in 'cellSail' module
[E]: TODO: cellSailGraphicsAdapterInitialize
[W]: Unknown function 0x23654375 in 'cellSail' module
[E]: TODO: cellSailPlayerInitialize2
[W]: Unknown function 0x2e3ccb5e in 'cellSail' module
[E]: TODO: cellSailGraphicsAdapterSetPreferredFormat
[W]: Unknown function 0x346ebba3 in 'cellSail' module
[E]: TODO: cellSailMemAllocatorInitialize
[W]: Unknown function 0x34ecc1b9 in 'cellSail' module
[E]: TODO: cellSailPlayerOpenStream
[W]: Unknown function 0x3a2d806c in 'cellSail' module
[E]: TODO: cellSailFutureGet
[W]: Unknown function 0x3d0d3b72 in 'cellSail' module
[E]: TODO: cellSailSoundAdapterInitialize
[W]: Unknown function 0x44a20e79 in 'cellSail' module
[E]: TODO: cellSailGraphicsAdapterUpdateAvSync
[W]: Unknown function 0x4cc54f8e in 'cellSail' module
[E]: TODO: cellSailFutureInitialize
[W]: Unknown function 0x76488bb1 in 'cellSail' module
[E]: TODO: cellSailGraphicsAdapterFinalize
[W]: Unknown function 0x7c8dff3b in 'cellSail' module
[E]: TODO: cellSailPlayerAddDescriptor
[W]: Unknown function 0x7eb8d6b5 in 'cellSail' module
[E]: TODO: cellSailSoundAdapterGetFrame
[W]: Unknown function 0x9553af65 in 'cellSail' module
[E]: TODO: cellSailFutureFinalize
[W]: Unknown function 0xa37fed15 in 'cellSail' module
[E]: TODO: cellSailFutureSet
[W]: Unknown function 0xbdf21b0f in 'cellSail' module
[E]: TODO: cellSailPlayerBoot
[W]: Unknown function 0xd1462438 in 'cellSail' module
[E]: TODO: cellSailSoundAdapterFinalize
[W]: Unknown function 0xd7938b8d in 'cellSail' module
[E]: TODO: cellSailPlayerCreateDescriptor
[W]: Unknown function 0xe535b0d3 in 'cellSail' module
[E]: TODO: cellSailPlayerStart
[W]: Unknown function 0xeba8d4ec in 'cellSail' module
[E]: TODO: cellSailPlayerStop
[W]: Unknown function 0xeec22809 in 'cellSail' module
[E]: TODO: cellSailSoundAdapterUpdateAvSync
[W]: Unknown function 0xf25f197d in 'cellSail' module
[E]: TODO: cellSailSoundAdapterGetFormat
[W]: Unknown function 0xfc5baf8a in 'cellSail' module
[E]: TODO: cellSailPlayerSetRepeatMode
[W]: Unknown function 0xfc839bd4 in 'cellSail' module
[E]: TODO: cellSailPlayerDestroyDescriptor
[W]: Unknown function 0xffd58aa4 in 'cellSail' module
[E]: TODO: cellSailGraphicsAdapterGetFormat
[W]: Unknown function 0x931ff25a in 'cellL10n' module
[E]: TODO: L10nConvertStr
[W]: Unknown function 0x8a561d92 in 'sysPrxForUser' module
[E]: TODO: _sys_heap_free
[W]: Unknown function 0xaede4b03 in 'sysPrxForUser' module
[E]: TODO: _sys_heap_delete_heap
[W]: Unknown function 0x28e208bb in 'sys_net' module
[E]: TODO: listen
[W]: Unknown function 0x3f09e20a in 'sys_net' module
[E]: TODO: socketselect
[W]: Unknown function 0xdabbc2c0 in 'sys_net' module
[E]: TODO: inet_addr
[W : PPU[1] Thread (CPUThread)[0x0181404c]]: sys_lwmutex warning: *** lwmutex created [_lc_mtx] (attribute=0x12): sq_id = 3
[W : PPU[1] Thread (CPUThread)[0x0040ee7c]]: memory warning: sys_memory_get_user_memory_size(mem_info_addr=0xd0010c04)
[W : PPU[1] Thread (CPUThread)[0x0181404c]]: sys_lwmutex warning: *** lwmutex created [_lc_mtx] (attribute=0x12): sq_id = 4
[W : PPU[1] Thread (CPUThread)[0x0181404c]]: sys_lwmutex warning: *** lwmutex created [_lc_mtx] (attribute=0x12): sq_id = 5
[W : PPU[1] Thread (CPUThread)[0x0181404c]]: sys_lwmutex warning: *** lwmutex created [_lc_mtx] (attribute=0x12): sq_id = 6
[W : PPU[1] Thread (CPUThread)[0x0181404c]]: sys_lwmutex warning: *** lwmutex created [_lc_mtx] (attribute=0x12): sq_id = 7
[W : PPU[1] Thread (CPUThread)[0x0181404c]]: sys_lwmutex warning: *** lwmutex created [_lc_mtx] (attribute=0x12): sq_id = 8
[W : PPU[1] Thread (CPUThread)[0x0181404c]]: sys_lwmutex warning: *** lwmutex created [_lc_mtx] (attribute=0x12): sq_id = 9
[W : PPU[1] Thread (CPUThread)[0x0181404c]]: sys_lwmutex warning: *** lwmutex created [_lc_mtx] (attribute=0x12): sq_id = 10
[W : PPU[1] Thread (CPUThread)[0x0181404c]]: sys_lwmutex warning: *** lwmutex created [_lc_mtx] (attribute=0x12): sq_id = 11
[W : PPU[1] Thread (CPUThread)[0x0181404c]]: sys_lwmutex warning: *** lwmutex created [_lc_mtx] (attribute=0x12): sq_id = 12
[W : PPU[1] Thread (CPUThread)[0x0181404c]]: sys_lwmutex warning: *** lwmutex created [] (attribute=0x22): sq_id = 13
[W : PPU[1] Thread (CPUThread)[0x001e2d04]]: sys_mutex warning: *** mutex created [] (protocol=0x2, recursive=false): id = 14
[W : PPU[1] Thread (CPUThread)[0x001e2d04]]: sys_mutex warning: *** mutex created [] (protocol=0x2, recursive=false): id = 15
[W : PPU[1] Thread (CPUThread)[0x0181404c]]: sys_lwmutex warning: *** lwmutex created [_lc_mtx] (attribute=0x12): sq_id = 16
[W : PPU[1] Thread (CPUThread)[0x001e2720]]: sys_mutex warning: *** mutex created [] (protocol=0x2, recursive=false): id = 17
[W : PPU[1] Thread (CPUThread)[0x002bd9cc]]: memory warning: sys_memory_get_user_memory_size(mem_info_addr=0xd000e5c0)
[W : PPU[1] Thread (CPUThread)[0x002bd9cc]]: memory warning: sys_memory_get_user_memory_size(mem_info_addr=0xd000e5c0)
[W : PPU[1] Thread (CPUThread)[0x002bd9cc]]: memory warning: sys_memory_get_user_memory_size(mem_info_addr=0xd000e5c0)
[W : PPU[1] Thread (CPUThread)[0x002bd904]]: memory warning: sys_memory_get_user_memory_size(mem_info_addr=0xd00106c0)
[W : PPU[1] Thread (CPUThread)[0x017fa010]]: cellSysmodule warning: cellSysmoduleLoadModule(CELL_SYSMODULE_SYSUTIL_NP)
[W : PPU[1] Thread (CPUThread)[0x017fa010]]: cellSysmodule warning: cellSysmoduleLoadModule(CELL_SYSMODULE_SYSUTIL_SAVEDATA)
[W : PPU[1] Thread (CPUThread)[0x017fa010]]: cellSysmodule warning: cellSysmoduleLoadModule(CELL_SYSMODULE_SYSUTIL_USERINFO)
[W : PPU[1] Thread (CPUThread)[0x017fa010]]: cellSysmodule warning: cellSysmoduleLoadModule(CELL_SYSMODULE_PAMF)
[W : PPU[1] Thread (CPUThread)[0x017fa010]]: cellSysmodule warning: cellSysmoduleLoadModule(CELL_SYSMODULE_SYNC2)
[W : PPU[1] Thread (CPUThread)[0x00fd80e8]]: cellSysutil warning: cellSysutilRegisterCallback(slot=2, func_addr=0x10a46d0, userdata=0x0)
[W : PPU[1] Thread (CPUThread)[0x017fa010]]: cellSysmodule warning: cellSysmoduleLoadModule(CELL_SYSMODULE_USBD)
[W : PPU[1] Thread (CPUThread)[0x017fa010]]: cellSysmodule warning: cellSysmoduleLoadModule(CELL_SYSMODULE_NET)
[W : PPU[1] Thread (CPUThread)[0x00fd80e8]]: cellSysutil warning: cellSysutilRegisterCallback(slot=0, func_addr=0x10b1610, userdata=0x14dd380)
[W : PPU[1] Thread (CPUThread)[0x005faff0]]: sys_spu warning: sys_spu_initialize(max_usable_spu=6, max_raw_spu=0)
[E : PPU[1] Thread (CPUThread)[0x0040aa18]]: sys_fs error: "/app_home/sampleArg.txt" not found! flags: 0x00000000
[W : PPU[1] Thread (CPUThread)[0x00fda01c]]: cellGcmSys warning: cellGcmInit(context_addr=0x15e4c70,cmdSize=0xf0000,ioSize=0x100000,ioAddress=0x3a100000)
[W : PPU[1] Thread (CPUThread)[0x00fda01c]]: cellGcmSys warning: *** local memory(addr=0xc0000000, size=0xf900000)
[W : PPU[1] Thread (CPUThread)[0x00fda01c]]: cellGcmSys warning: cellGcmMapEaIoAddress(ea=0x3a100000, io=0x0, size=0x100000)
[! : RSXThread]: RSX thread entry
[E : PPU[1] Thread (CPUThread)[0x00fda0e8]]: cellGcmSys error: Unimplemented function: cellGcmSetVBlankHandler
[W : PPU[1] Thread (CPUThread)[0x00fda010]]: cellGcmSys warning: cellGcmSetUserHandler(handler=0x10b1640)
[W : PPU[1] Thread (CPUThread)[0x00fd80f4]]: cellSysutil warning: cellVideoOutGetResolutionAvailability(videoOut=0, resolutionId=0x2, option_addr=0x2, aspect=0x0, option=0xe7129c80)
[W : PPU[1] Thread (CPUThread)[0x00fda004]]: cellGcmSys warning: cellGcmGetTiledPitchSize(size=5120)
[W : PPU[1] Thread (CPUThread)[0x00fd8004]]: cellSysutil warning: cellVideoOutConfigure(videoOut=0, config_addr=0xd0010b28, option_addr=0x0, waitForEvent=0x0)
[W : PPU[1] Thread (CPUThread)[0x00fda058]]: cellGcmSys warning: cellGcmSetFlipMode(mode=2)
[W : PPU[1] Thread (CPUThread)[0x00fda100]]: cellGcmSys warning: cellGcmSetTileInfo(index=0, location=0, offset=0, size=7864320, pitch=5120, comp=7, base=0, bank=0)
[E : PPU[1] Thread (CPUThread)[0x00fda100]]: cellGcmSys error: cellGcmSetTileInfo: bad comp! (7)
[W : PPU[1] Thread (CPUThread)[0x00fda04c]]: cellGcmSys warning: cellGcmBindTile(index=0)
[W : PPU[1] Thread (CPUThread)[0x00fda004]]: cellGcmSys warning: cellGcmGetTiledPitchSize(size=5120)
[W : PPU[1] Thread (CPUThread)[0x00fda100]]: cellGcmSys warning: cellGcmSetTileInfo(index=1, location=0, offset=7864320, size=3932160, pitch=5120, comp=10, base=120, bank=2)
[E : PPU[1] Thread (CPUThread)[0x00fda100]]: cellGcmSys error: cellGcmSetTileInfo: bad comp! (10)
[W : PPU[1] Thread (CPUThread)[0x00fda04c]]: cellGcmSys warning: cellGcmBindTile(index=1)
[W : PPU[1] Thread (CPUThread)[0x00fda0b8]]: cellGcmSys warning: TODO: cellGcmBindZcull(index=0)
[W : PPU[1] Thread (CPUThread)[0x00fda0c4]]: cellGcmSys warning: cellGcmSetDisplayBuffer(id=0x0,offset=0x0,pitch=4,width=1280,height=720)
[W : PPU[1] Thread (CPUThread)[0x00fda0c4]]: cellGcmSys warning: cellGcmSetDisplayBuffer(id=0x1,offset=0x3c0000,pitch=4,width=1280,height=720)
[W : PPU[1] Thread (CPUThread)[0x017fa010]]: cellSysmodule warning: cellSysmoduleLoadModule(CELL_SYSMODULE_RESC)
[W : PPU[1] Thread (CPUThread)[0x00fdc058]]: cellResc warning: cellRescInit(initConfig_addr=0xd0010b60)
[W : PPU[1] Thread (CPUThread)[0x00fdc040]]: cellResc warning: cellRescSetDisplayMode(displayMode=4)
[W : PPU[1] Thread (CPUThread)[0x00fdc040]]: cellSysutil warning: cellVideoOutConfigure(videoOut=0, config_addr=0x30016000, option_addr=0x0, waitForEvent=0x0)
[W : PPU[1] Thread (CPUThread)[0x00fdc040]]: cellGcmSys warning: cellGcmSetFlipMode(mode=2)
[W : PPU[1] Thread (CPUThread)[0x00fdc064]]: cellResc warning: cellRescGetBufferSize(colorBuffers_addr=0xd0010ac4, vertexArray_addr=0xd0010ac8, fragmentShader_addr=0xd0010acc)
[W : PPU[1] Thread (CPUThread)[0x00fdc07c]]: cellResc warning: cellRescSetBufferAddress(colorBuffers_addr=0xc0b40000, vertexArray_addr=0xc1610000, fragmentShader_addr=0xc1610400)
[W : PPU[1] Thread (CPUThread)[0x00fdc07c]]: cellGcmSys warning: cellGcmSetDisplayBuffer(id=0x0,offset=0xb40000,pitch=6,width=1280,height=720)
[W : PPU[1] Thread (CPUThread)[0x00fdc07c]]: cellGcmSys warning: cellGcmSetDisplayBuffer(id=0x1,offset=0x10a4000,pitch=6,width=1280,height=720)
[W : PPU[1] Thread (CPUThread)[0x00fda100]]: cellGcmSys warning: cellGcmSetTileInfo(index=2, location=0, offset=11796480, size=11337728, pitch=7680, comp=7, base=180, bank=0)
[E : PPU[1] Thread (CPUThread)[0x00fda100]]: cellGcmSys error: cellGcmSetTileInfo: bad comp! (7)
[W : PPU[1] Thread (CPUThread)[0x00fda04c]]: cellGcmSys warning: cellGcmBindTile(index=2)
[E : PPU[1] Thread (CPUThread)[0x00fdc0a0]]: TODO: cellRescCreateInterlaceTable
[W : PPU[1] Thread (CPUThread)[0x00fda088]]: cellGcmSys warning: cellGcmMapEaIoAddress(ea=0x3a200000, io=0xd100000, size=0xf00000)
[W : PPU[1] Thread (CPUThread)[0x00fda070]]: cellGcmSys warning: cellGcmMapEaIoAddressWithFlags(ea=0x3b100000, io=0xe000000, size=0x100000, flags=0x2)
[W : PPU[1] Thread (CPUThread)[0x00fda070]]: cellGcmSys warning: cellGcmMapEaIoAddress(ea=0x3b100000, io=0xe000000, size=0x100000)
[W : PPU[1] Thread (CPUThread)[0x017fa010]]: cellSysmodule warning: cellSysmoduleLoadModule(CELL_SYSMODULE_NET)
[W : PPU[1] Thread (CPUThread)[0x017fa010]]: cellSysmodule warning: cellSysmoduleLoadModule(CELL_SYSMODULE_NETCTL)
[W : PPU[1] Thread (CPUThread)[0x017fa010]]: cellSysmodule warning: cellSysmoduleLoadModule(CELL_SYSMODULE_RESC)
[W : PPU[1] Thread (CPUThread)[0x017fa010]]: cellSysmodule warning: cellSysmoduleLoadModule(CELL_SYSMODULE_USBD)
[W : PPU[1] Thread (CPUThread)[0x017fa010]]: cellSysmodule warning: cellSysmoduleLoadModule(CELL_SYSMODULE_FS)
[W : PPU[1] Thread (CPUThread)[0x017fa010]]: cellSysmodule warning: cellSysmoduleLoadModule(CELL_SYSMODULE_SYSUTIL_GAME)
[E : PPU[1] Thread (CPUThread)[0x017fc058]]: TODO: cellSpursInitialize
[W : PPU[1] Thread (CPUThread)[0x0181404c]]: sys_lwmutex warning: *** lwmutex created [] (attribute=0x22): sq_id = 18
[W : PPU[1] Thread (CPUThread)[0x01814100]]: sys_lwcond warning: *** lwcond created [] (lwmutex_addr=0x3012d740): id = 19
[W : PPU[1] Thread (CPUThread)[0x0181404c]]: sys_lwmutex warning: *** lwmutex created [] (attribute=0x22): sq_id = 20
[W : PPU[1] Thread (CPUThread)[0x01814100]]: sys_lwcond warning: *** lwcond created [] (lwmutex_addr=0x3012d7b0): id = 21
[W : PPU[1] Thread (CPUThread)[0x0181404c]]: sys_lwmutex warning: *** lwmutex created [] (attribute=0x22): sq_id = 22
[W : PPU[1] Thread (CPUThread)[0x01814100]]: sys_lwcond warning: *** lwcond created [] (lwmutex_addr=0x3012d810): id = 23
[W : PPU[1] Thread (CPUThread)[0x0181404c]]: sys_lwmutex warning: *** lwmutex created [] (attribute=0x22): sq_id = 24
[W : PPU[1] Thread (CPUThread)[0x01814100]]: sys_lwcond warning: *** lwcond created [] (lwmutex_addr=0x3012d850): id = 25
[W : PPU[1] Thread (CPUThread)[0x0181404c]]: sys_lwmutex warning: *** lwmutex created [] (attribute=0x22): sq_id = 26
[W : PPU[1] Thread (CPUThread)[0x01814100]]: sys_lwcond warning: *** lwcond created [] (lwmutex_addr=0x3012d890): id = 27
[W : PPU[1] Thread (CPUThread)[0x0181404c]]: sys_lwmutex warning: *** lwmutex created [] (attribute=0x22): sq_id = 28
[W : PPU[1] Thread (CPUThread)[0x01814100]]: sys_lwcond warning: *** lwcond created [] (lwmutex_addr=0x3012d8d0): id = 29
[W : PPU[1] Thread (CPUThread)[0x0181404c]]: sys_lwmutex warning: *** lwmutex created [] (attribute=0x22): sq_id = 30
[W : PPU[1] Thread (CPUThread)[0x01814100]]: sys_lwcond warning: *** lwcond created [] (lwmutex_addr=0x3012d910): id = 31
[W : PPU[1] Thread (CPUThread)[0x0181404c]]: sys_lwmutex warning: *** lwmutex created [] (attribute=0x22): sq_id = 32
[W : PPU[1] Thread (CPUThread)[0x01814100]]: sys_lwcond warning: *** lwcond created [] (lwmutex_addr=0x3012d950): id = 33
[W : PPU[1] Thread (CPUThread)[0x0181404c]]: sys_lwmutex warning: *** lwmutex created [] (attribute=0x22): sq_id = 34
[W : PPU[1] Thread (CPUThread)[0x01814100]]: sys_lwcond warning: *** lwcond created [] (lwmutex_addr=0x3012d990): id = 35
[W : PPU[1] Thread (CPUThread)[0x0181404c]]: sys_lwmutex warning: *** lwmutex created [] (attribute=0x22): sq_id = 36
[W : PPU[1] Thread (CPUThread)[0x01814100]]: sys_lwcond warning: *** lwcond created [] (lwmutex_addr=0x3012d9d0): id = 37
[W : PPU[1] Thread (CPUThread)[0x0181404c]]: sys_lwmutex warning: *** lwmutex created [] (attribute=0x22): sq_id = 38
[W : PPU[1] Thread (CPUThread)[0x01814100]]: sys_lwcond warning: *** lwcond created [] (lwmutex_addr=0x3012da40): id = 39
[W : PPU[1] Thread (CPUThread)[0x0181404c]]: sys_lwmutex warning: *** lwmutex created [] (attribute=0x22): sq_id = 40
[W : PPU[1] Thread (CPUThread)[0x01814100]]: sys_lwcond warning: *** lwcond created [] (lwmutex_addr=0x3012da80): id = 41
[W : PPU[1] Thread (CPUThread)[0x0181404c]]: sys_lwmutex warning: *** lwmutex created [] (attribute=0x22): sq_id = 42
[W : PPU[1] Thread (CPUThread)[0x01814100]]: sys_lwcond warning: *** lwcond created [] (lwmutex_addr=0x3012dac0): id = 43
[W : PPU[1] Thread (CPUThread)[0x0181404c]]: sys_lwmutex warning: *** lwmutex created [] (attribute=0x22): sq_id = 44
[W : PPU[1] Thread (CPUThread)[0x01814100]]: sys_lwcond warning: *** lwcond created [] (lwmutex_addr=0x3012db00): id = 45
[W : PPU[1] Thread (CPUThread)[0x0181404c]]: sys_lwmutex warning: *** lwmutex created [] (attribute=0x22): sq_id = 46
[W : PPU[1] Thread (CPUThread)[0x01814100]]: sys_lwcond warning: *** lwcond created [] (lwmutex_addr=0x3012db40): id = 47
[W : PPU[1] Thread (CPUThread)[0x0181404c]]: sys_lwmutex warning: *** lwmutex created [] (attribute=0x22): sq_id = 48
[W : PPU[1] Thread (CPUThread)[0x01814100]]: sys_lwcond warning: *** lwcond created [] (lwmutex_addr=0x3012dbb0): id = 49
[W : PPU[1] Thread (CPUThread)[0x0181404c]]: sys_lwmutex warning: *** lwmutex created [] (attribute=0x22): sq_id = 50
[W : PPU[1] Thread (CPUThread)[0x01814100]]: sys_lwcond warning: *** lwcond created [] (lwmutex_addr=0x3012dc20): id = 51
[W : PPU[1] Thread (CPUThread)[0x0181404c]]: sys_lwmutex warning: *** lwmutex created [] (attribute=0x22): sq_id = 52
[W : PPU[1] Thread (CPUThread)[0x01814100]]: sys_lwcond warning: *** lwcond created [] (lwmutex_addr=0x3012dc60): id = 53
[W : PPU[1] Thread (CPUThread)[0x0181404c]]: sys_lwmutex warning: *** lwmutex created [] (attribute=0x22): sq_id = 54
[W : PPU[1] Thread (CPUThread)[0x01814100]]: sys_lwcond warning: *** lwcond created [] (lwmutex_addr=0x3012ea20): id = 55
[W : PPU[1] Thread (CPUThread)[0x0181404c]]: sys_lwmutex warning: *** lwmutex created [] (attribute=0x22): sq_id = 56
[W : PPU[1] Thread (CPUThread)[0x01814100]]: sys_lwcond warning: *** lwcond created [] (lwmutex_addr=0x30131270): id = 57
[W : PPU[1] Thread (CPUThread)[0x0181404c]]: sys_lwmutex warning: *** lwmutex created [] (attribute=0x22): sq_id = 58
[W : PPU[1] Thread (CPUThread)[0x01814100]]: sys_lwcond warning: *** lwcond created [] (lwmutex_addr=0x301312b0): id = 59
[E : PPU[1] Thread (CPUThread)[0x017fe004]]: cellNetCtl error: Unimplemented function: cellNetCtlGetInfo
[W : PPU[1] Thread (CPUThread)[0x017fa010]]: cellSysmodule warning: cellSysmoduleLoadModule(CELL_SYSMODULE_FS)
[W : PPU[1] Thread (CPUThread)[0x017fa010]]: cellSysmodule warning: cellSysmoduleLoadModule(CELL_SYSMODULE_FONT)
[W : PPU[1] Thread (CPUThread)[0x017fa010]]: cellSysmodule warning: cellSysmoduleLoadModule(CELL_SYSMODULE_FREETYPE)
[W : PPU[1] Thread (CPUThread)[0x017fa010]]: cellSysmodule warning: cellSysmoduleLoadModule(CELL_SYSMODULE_FONTFT)
[W : PPU[1] Thread (CPUThread)[0x018000dc]]: cellFont warning: cellFontInitializeWithRevision(revisionFlags=0x61, config=0xd0010798)
[W : PPU[1] Thread (CPUThread)[0x01818004]]: cellFontFT warning: cellFontInitLibraryFreeTypeWithRevision(revisionFlags=0x42, config_addr=0xd00107c0, lib_addr_addr=0x16d88e0
[W : PPU[1] Thread (CPUThread)[0x0180007c]]: cellFont warning: cellFontCreateRenderer(library_addr=0x30016000, config_addr=0xd00107ac, Renderer_addr=0x16d88e4)
[E : PPU[1] Thread (CPUThread)[0x017fc028]]: TODO: cellSpursAddWorkload
[E : PPU[1] Thread (CPUThread)[0x017fc04c]]: TODO: _cellSpursWorkloadFlagReceiver
[E : PPU[1] Thread (CPUThread)[0x017fc088]]: TODO: cellSpursReadyCountStore
[E : PPU[1] Thread (CPUThread)[0x017fc034]]: TODO: cellSpursWakeUp
[W : PPU[1] Thread (CPUThread)[0x001a7134]]: sys_event warning: sys_event_queue_create(equeue_id_addr=0x15c7b50, attr_addr=0xd0010750, event_queue_key=0x0, size=3)
[W : PPU[1] Thread (CPUThread)[0x001a7134]]: sys_event warning: *** event_queue created [] (protocol=0x2, type=0x1): id = 60
[W : PPU[1] Thread (CPUThread)[0x001e2d04]]: sys_mutex warning: *** mutex created [] (protocol=0x2, recursive=false): id = 61
[W : PPU[1] Thread (CPUThread)[0x001e2d04]]: sys_mutex warning: *** mutex created [] (protocol=0x2, recursive=false): id = 62
[W : PPU[1] Thread (CPUThread)[0x000e1700]]: sys_mutex warning: *** mutex created [] (protocol=0x2, recursive=false): id = 63
[W : PPU[1] Thread (CPUThread)[0x0181404c]]: sys_lwmutex warning: *** lwmutex created [] (attribute=0x22): sq_id = 64
[W : PPU[1] Thread (CPUThread)[0x01814100]]: sys_lwcond warning: *** lwcond created [] (lwmutex_addr=0x30135340): id = 65
[W : PPU[1] Thread (CPUThread)[0x0181404c]]: sys_lwmutex warning: *** lwmutex created [] (attribute=0x22): sq_id = 66
[W : PPU[1] Thread (CPUThread)[0x01814100]]: sys_lwcond warning: *** lwcond created [] (lwmutex_addr=0x30135380): id = 67
[E : PPU[1] Thread (CPUThread)[0x017fe004]]: cellNetCtl error: Unimplemented function: cellNetCtlGetInfo
[W : PPU[1] Thread (CPUThread)[0x002cabd8]]: sys_mutex warning: *** mutex created [] (protocol=0x2, recursive=false): id = 68
[! : PPU[1] Thread (CPUThread)[0x01814028]]: *** New PPU Thread [PhyreEngineLoadingThread] (): id = 69
[! : PPU[1] Thread (CPUThread)[0x01814028]]: *** New PPU Thread [PhyreEngineLoadingThread] (): id = 70
[W : PPU[1] Thread (CPUThread)[0x001e2d04]]: sys_mutex warning: *** mutex created [] (protocol=0x2, recursive=false): id = 71
[W : PPU[1] Thread (CPUThread)[0x001e2d04]]: sys_mutex warning: *** mutex created [] (protocol=0x2, recursive=false): id = 72
[W : PPU[1] Thread (CPUThread)[0x00fda064]]: cellGcmSys warning: cellGcmGetDefaultCommandWordSize()
[W : PPU[1] Thread (CPUThread)[0x00fda0a0]]: cellGcmSys warning: cellGcmGetDefaultSegmentWordSize()
[E : PPU[1] Thread (CPUThread)[0x017fc070]]: TODO: cellSpursGetWorkloadFlag
[W : PPU[1] Thread (CPUThread)[0x00fdc070]]: cellGcmSys warning: cellGcmSetDisplayBuffer(id=0x0,offset=0x0,pitch=4,width=1280,height=720)
[E : RSXThread]: TODO: cellGcmSetBackPolygonMode(0x1b02)
[W : RSXThread]: NV4097_SET_COLOR_MASK_MRT: fff0
[E : RSXThread]: TODO: unknown/illegal method [0x00001fec](0x0)
[E : RSXThread]: TODO: cellGcmSetFrequencyDividerOperation(0x0)
[E : RSXThread]: TODO: cellGcmSetLineStipple(0x0)
[E : RSXThread]: TODO: cellGcmSetLogicOp(0x1503)
[E : RSXThread]: TODO: cellGcmSetPointSize(0x3f800000)
[E : RSXThread]: TODO: cellGcmSetPolygonOffsetScaleFactor(0x0, 0x0)
[E : RSXThread]: TODO: cellGcmSetPolygonStipple(0x0)
[E : RSXThread]: TODO: cellGcmSetRenderEnable(0x1000000)
[E : RSXThread]: TODO: cellGcmSetZcullStatsEnable(0x0)
[E : RSXThread]: TODO: cellGcmSetZpassPixelCountEnable(0x0)
[E : RSXThread]: TODO: cellGcmSetVertexTexture_Control0(0x60000)
[E : RSXThread]: TODO: cellGcmSetVertexTexture_Filter(0x0)
[E : RSXThread]: TODO: cellGcmSetVertexTexture_Address(0x101)
[E : RSXThread]: TODO: cellGcmSetVertexTexture_BorderColor(0x0)
[E : RSXThread]: TODO: cellGcmSetVertexTexture_Control0(0x60000)
[E : RSXThread]: TODO: cellGcmSetVertexTexture_Filter(0x0)
[E : RSXThread]: TODO: cellGcmSetVertexTexture_Address(0x101)
[E : RSXThread]: TODO: cellGcmSetVertexTexture_BorderColor(0x0)
[E : RSXThread]: TODO: cellGcmSetVertexTexture_Control0(0x60000)
[E : RSXThread]: TODO: cellGcmSetVertexTexture_Filter(0x0)
[E : RSXThread]: TODO: cellGcmSetVertexTexture_Address(0x101)
[E : RSXThread]: TODO: cellGcmSetVertexTexture_BorderColor(0x0)
[E : RSXThread]: TODO: cellGcmSetVertexTexture_Control0(0x60000)
[E : RSXThread]: TODO: cellGcmSetVertexTexture_Filter(0x0)
[E : RSXThread]: TODO: cellGcmSetVertexTexture_Address(0x101)
[E : RSXThread]: TODO: cellGcmSetVertexTexture_BorderColor(0x0)
[E : RSXThread]: TODO: cellGcmInvalidateZcull(0x0)
[E : RSXThread]: TODO: cellGcmInvalidateZcull(0x0)
[E : RSXThread]: TODO: cellGcmSetContextDmaReport(0xbad68000)
[W : PPU[1] Thread (CPUThread)[0x00fdc070]]: cellGcmSys warning: cellGcmSetDisplayBuffer(id=0x0,offset=0x3c0000,pitch=4,width=1280,height=720)
[! : PPU[1] Thread (CPUThread)[0x01814028]]: *** New PPU Thread [installGameDataThread] (): id = 73
[W : PPU[73] Thread (installGameDataThread)[0x017fa010]]: cellSysmodule warning: cellSysmoduleLoadModule(CELL_SYSMODULE_SYSUTIL_GAME)
[W : PPU[73] Thread (installGameDataThread)[0x01802040]]: cellGame warning: cellGameBootCheck(type_addr=0xd0040ab0, attributes_addr=0xd0040b40, size_addr=0x15ce860, dirName_addr=0xd0040990)
[E : PPU[73] Thread (installGameDataThread)[0x01802034]]: cellGame error: Unimplemented function: cellGameDataCheck
[W : PPU[73] Thread (installGameDataThread)[0x01802010]]: cellGame warning: cellGameContentPermit(contentInfoPath_addr=0xd0040800, usrdirPath_addr=0xd0040880)
[E : PPU[73] Thread (installGameDataThread)[0x00fd807c]]: TODO: cellMsgDialogAbort
[W : PPU[73] Thread (installGameDataThread)[0x017fa010]]: cellSysmodule warning: cellSysmoduleLoadModule(CELL_SYSMODULE_SYSUTIL_NP_TROPHY)
[W : PPU[73] Thread (installGameDataThread)[0x0180c04c]]: sceNpTrophy warning: sceNpTrophyCreateContext(context_addr=0x15cc86c, commID_addr=0xbde30c, commSign_addr=0xbde318, options=0x0)
[W : PPU[73] Thread (installGameDataThread)[0x0180c010]]: sceNpTrophy warning: sceNpTrophyCreateHandle(handle_addr=0x15cc870)
[W : PPU[73] Thread (installGameDataThread)[0x0180c01c]]: sceNpTrophy warning: sceNpTrophyGetRequiredDiskSpace(context=0, handle=0, reqspace_addr=0x15cc838, options=0x0)
[E : PPU[73] Thread (installGameDataThread)[0x01802034]]: cellGame error: Unimplemented function: cellGameDataCheck
[W : PPU[73] Thread (installGameDataThread)[0x01802010]]: cellGame warning: cellGameContentPermit(contentInfoPath_addr=0xd0040980, usrdirPath_addr=0xd0040a00)
[E : RSXThread]: TODO: cellGcmInvalidateZcull(0x0)
[E : RSXThread]: TODO: cellGcmSetContextDmaReport(0xbad68000)
[W : PPU[1] Thread (CPUThread)[0x00fdc070]]: cellGcmSys warning: cellGcmSetDisplayBuffer(id=0x0,offset=0x0,pitch=4,width=1280,height=720)
[E : RSXThread]: TODO: cellGcmInvalidateZcull(0x0)
[E : RSXThread]: TODO: cellGcmSetContextDmaReport(0xbad68000)
[W : PPU[1] Thread (CPUThread)[0x00fdc070]]: cellGcmSys warning: cellGcmSetDisplayBuffer(id=0x0,offset=0x3c0000,pitch=4,width=1280,height=720)
[W : PPU[1] Thread (CPUThread)[0x001e2d04]]: sys_mutex warning: *** mutex created [] (protocol=0x2, recursive=false): id = 74
[W : PPU[1] Thread (CPUThread)[0x001e2d04]]: sys_mutex warning: *** mutex created [] (protocol=0x2, recursive=false): id = 75
[E : PPU[1] Thread (CPUThread)[0x002d0338]]: Write64 to null block: [cffff980]: d0010730
[! : RSXThread]: RSX thread exit...
[!]: Closing memory...
