[!]: path: /dev_hdd0/game/
[W]: SELF: No NPDRM control info found!
[!]: Loading 'D:\Emulateurs\Rpcs3\dev_hdd0\game\BLES00130-[TONY HAWK'S PROVING GROUND]\PS3_GAME\USRDIR/BOOT.BIN'...
[!]: Mount info:
[!]: /dev_hdd0/ -> D:\Emulateurs\Rpcs3\dev_hdd0\
[!]: /dev_hdd1/ -> D:\Emulateurs\Rpcs3\dev_hdd1\
[!]: /dev_flash/ -> D:\Emulateurs\Rpcs3\dev_flash\
[!]: /dev_usb000/ -> D:\Emulateurs\Rpcs3\dev_usb000\
[!]: /dev_usb/ -> D:\Emulateurs\Rpcs3\dev_usb000\
[!]: /app_home/ -> D:\Emulateurs\Rpcs3\dev_hdd0\game\BLES00130-[TONY HAWK'S PROVING GROUND]\PS3_GAME\\USRDIR\
[!]: /dev_bdvd/ -> D:\Emulateurs\Rpcs3\dev_hdd0\game\BLES00130-[TONY HAWK'S PROVING GROUND]\PS3_GAME\\..\
[!]: /host_root/ -> 
[!]: ///resource/ -> D:\Emulateurs\Rpcs3\dev_hdd0\game\BLES00130-[TONY HAWK'S PROVING GROUND]\PS3_GAME\\USRDIR\resource\
[!]: /app_home/Game/PS3_GAME/USRDIR/ -> D:\Emulateurs\Rpcs3\dev_hdd0\game\BLES00130-[TONY HAWK'S PROVING GROUND]\PS3_GAME\\USRDIR\
[!]: /app_home/PS3_GAME/USRDIR/media/ -> D:\Emulateurs\Rpcs3\dev_hdd0\game\BLES00130-[TONY HAWK'S PROVING GROUND]\PS3_GAME\\USRDIR\media\
[!]: /Data/ -> D:\Emulateurs\Rpcs3\dev_hdd0\game\BLES00130-[TONY HAWK'S PROVING GROUND]\PS3_GAME\\USRDIR\Data\
[!]: Initing memory...
[!]: Memory initialized.
[W]: Unknown function 0x99d397ac in 'cellGcmSys' module
[E]: TODO: cellGcmGetReport
[W]: Unknown function 0xacee8542 in 'cellGcmSys' module
[E]: TODO: cellGcmSetFlipImmediate
[W]: Unknown function 0xbd6d60d9 in 'cellGcmSys' module
[E]: TODO: cellGcmSetInvalidateTile
[W]: Unknown function 0xdf6476bd in 'cellGcmSys' module
[E]: TODO: cellGcmSetWaitFlipUnsafe
[W]: Unknown function 0xbe5be3ba in 'sys_io' module
[E]: TODO: cellPadSetSensorMode
[W]: Unknown function 0xf83f8182 in 'sys_io' module
[E]: TODO: cellPadSetPressMode
[W]: Unknown function 0x28e208bb in 'sys_net' module
[E]: TODO: listen
[W]: Unknown function 0x3f09e20a in 'sys_net' module
[E]: TODO: socketselect
[W]: Unknown function 0xdabbc2c0 in 'sys_net' module
[E]: TODO: inet_addr
[W]: Unknown function 0x71f4c717 in 'sys_net' module
[E]: TODO: gethostbyname
[W]: Unknown function 0x858a930b in 'sys_net' module
[E]: TODO: inet_ntoa
[W]: Unknown function 0x21425307 in 'cellSysutil' module
[E]: TODO: cellSaveDataListAutoLoad
[W]: Unknown function 0x8b7ed64b in 'cellSysutil' module
[E]: TODO: cellSaveDataAutoSave2
[W]: Unknown function 0xb72bc4e6 in 'cellSysutil' module
[E]: TODO: cellDiscGameGetBootDiscInfo
[W]: Unknown function 0xc9645c41 in 'cellSysutil' module
[E]: TODO: cellGameDataCheckCreate2
[W]: Unknown function 0xe7951dee in 'cellSysutil' module
[E]: TODO: cellGameDataCheckCreate
[W]: Unknown function 0xedadd797 in 'cellSysutil' module
[E]: TODO: cellSaveDataDelete2
[W]: Unknown function 0xf81eca25 in 'cellSysutil' module
[E]: TODO: cellMsgDialogOpen
[W]: Unknown function 0xfbd5c856 in 'cellSysutil' module
[E]: TODO: cellSaveDataAutoLoad2
[W]: Unknown function 0x967a162b in 'sys_fs' module
[E]: TODO: cellFsFsync
[W]: Unknown function 0x0f411262 in 'cellUsbd' module
[E]: TODO: cellUsbdInterruptTransfer
[W]: Unknown function 0x9763e962 in 'cellUsbd' module
[E]: TODO: cellUsbdClosePipe
[W]: Unknown function 0x22aab31d in 'cellSpurs' module
[E]: TODO: cellSpursEventFlagDetachLv2EventQueue
[W]: Unknown function 0x373523d4 in 'cellSpurs' module
[E]: TODO: cellSpursEventFlagWait
[W]: Unknown function 0x52cc6c82 in 'cellSpurs' module
[E]: TODO: cellSpursCreateTaskset
[W]: Unknown function 0x57e4dec3 in 'cellSpurs' module
[E]: TODO: cellSpursRemoveWorkload
[W]: Unknown function 0x5ef96465 in 'cellSpurs' module
[E]: TODO: _cellSpursEventFlagInitialize
[W]: Unknown function 0x5fd43fe4 in 'cellSpurs' module
[E]: TODO: cellSpursWaitForWorkloadShutdown
[W]: Unknown function 0x69726aa2 in 'cellSpurs' module
[E]: TODO: cellSpursAddWorkload
[W]: Unknown function 0x7e4ea023 in 'cellSpurs' module
[E]: TODO: cellSpursWakeUp
[W]: Unknown function 0x87630976 in 'cellSpurs' module
[E]: TODO: cellSpursEventFlagAttachLv2EventQueue
[W]: Unknown function 0x98d5b343 in 'cellSpurs' module
[E]: TODO: cellSpursShutdownWorkload
[W]: Unknown function 0x9f72add3 in 'cellSpurs' module
[E]: TODO: cellSpursJoinTaskset
[W]: Unknown function 0xa789e631 in 'cellSpurs' module
[E]: TODO: cellSpursShutdownTaskset
[W]: Unknown function 0xacfc8dbc in 'cellSpurs' module
[E]: TODO: cellSpursInitialize
[W]: Unknown function 0xbeb600ac in 'cellSpurs' module
[E]: TODO: cellSpursCreateTask
[W]: Unknown function 0xd2e23fa9 in 'cellSpurs' module
[E]: TODO: cellSpursSetExceptionEventHandler
[W]: Unknown function 0xf5507729 in 'cellSpurs' module
[E]: TODO: cellSpursEventFlagSet
[W]: Unknown function 0xf843818d in 'cellSpurs' module
[E]: TODO: cellSpursReadyCountStore
[W]: Unknown function 0x167ea63e in 'cellSync' module
[E]: TODO: cellSyncLFQueueSize
[W]: Unknown function 0x2af0c515 in 'cellSync' module
[E]: TODO: cellSyncLFQueueClear
[W]: Unknown function 0x3929948d in 'cellSync' module
[E]: TODO: cellSyncQueueInitialize
[W]: Unknown function 0x5ae841e5 in 'cellSync' module
[E]: TODO: cellSyncQueuePush
[W]: Unknown function 0xa58df87f in 'cellSync' module
[E]: TODO: cellSyncQueueTryPop
[W]: Unknown function 0xaa355278 in 'cellSync' module
[E]: TODO: cellSyncLFQueueInitialize
[W]: Unknown function 0xba5961ca in 'cellSync' module
[E]: TODO: _cellSyncLFQueuePushBody
[W]: Unknown function 0x0968aa36 in 'sceNp' module
[E]: TODO: sceNpManagerGetTicket
[W]: Unknown function 0x58fa4fcd in 'sceNp' module
[E]: TODO: sceNpManagerGetTicketParam
[W]: Unknown function 0x6ee62ed2 in 'sceNp' module
[E]: TODO: sceNpManagerGetContentRatingFlag
[W]: Unknown function 0x7e2fef28 in 'sceNp' module
[E]: TODO: sceNpManagerRequestTicket
[W]: Unknown function 0xbe07c708 in 'sceNp' module
[E]: TODO: sceNpManagerGetOnlineId
[W]: Unknown function 0xe7dcd3b4 in 'sceNp' module
[E]: TODO: sceNpManagerRegisterCallback
[W]: Unknown function 0xeb7a3d84 in 'sceNp' module
[E]: TODO: sceNpManagerGetChatRestrictionFlag
[W]: Unknown function 0xfe37a7f4 in 'sceNp' module
[E]: TODO: sceNpManagerGetNpId
[W]: Unknown function 0x05709bbf in 'cellMic' module
[E]: TODO: cellMicOpenEx
[W]: Unknown function 0x07e1b12c in 'cellMic' module
[E]: TODO: cellMicRead
[W]: Unknown function 0x6a024aa0 in 'cellMic' module
[E]: TODO: cellMicGetDeviceAttr
[W]: Unknown function 0x6bc46aab in 'cellMic' module
[E]: TODO: cellMicReset
[W]: Unknown function 0x7903400e in 'cellMic' module
[E]: TODO: cellMicSetNotifyEventQueue
[W]: Unknown function 0x8325e02d in 'cellMic' module
[E]: TODO: cellMicInit
[W]: Unknown function 0x87a08d29 in 'cellMic' module
[E]: TODO: cellMicGetFormatDsp
[W]: Unknown function 0x8d229f8e in 'cellMic' module
[E]: TODO: cellMicClose
[W]: Unknown function 0xa52d2ae4 in 'cellMic' module
[E]: TODO: cellMicGetType
[W]: Unknown function 0xb2c16321 in 'cellMic' module
[E]: TODO: cellMicSetDeviceAttr
[W]: Unknown function 0xb30780eb in 'cellMic' module
[E]: TODO: cellMicGetSignalState
[W]: Unknown function 0xc6328caa in 'cellMic' module
[E]: TODO: cellMicEnd
[W]: Unknown function 0xdd724314 in 'cellMic' module
[E]: TODO: cellMicStart
[W]: Unknown function 0x15ec0cca in 'cellCelpEnc' module
[E]: TODO: cellCelpEncClose
[W]: Unknown function 0x3773692f in 'cellCelpEnc' module
[E]: TODO: cellCelpEncGetAu
[W]: Unknown function 0x55dc23de in 'cellCelpEnc' module
[E]: TODO: cellCelpEncStart
[W]: Unknown function 0x6b148570 in 'cellCelpEnc' module
[E]: TODO: cellCelpEncQueryAttr
[W]: Unknown function 0x77b3b29a in 'cellCelpEnc' module
[E]: TODO: cellCelpEncOpen
[W]: Unknown function 0x81fe030c in 'cellCelpEnc' module
[E]: TODO: cellCelpEncEncodeFrame
[W]: Unknown function 0x9b244272 in 'cellCelpEnc' module
[E]: TODO: cellCelpEncWaitForOutput
[W]: Unknown function 0xf2b85dff in 'cellCelpEnc' module
[E]: TODO: cellCelpEncEnd
[W]: Unknown function 0x8a561d92 in 'sysPrxForUser' module
[E]: TODO: _sys_heap_free
[W]: Unknown function 0xaede4b03 in 'sysPrxForUser' module
[E]: TODO: _sys_heap_delete_heap
[W]: Unknown function 0xf57e1d6f in 'sysPrxForUser' module
[E]: TODO: console_write
[W : PPU[1] Thread (CPUThread)[0x00ea4034]]: sys_lwmutex warning: *** lwmutex created [] (attribute=0x12): sq_id = 3
[W : PPU[1] Thread (CPUThread)[0x00ea4034]]: sys_lwmutex warning: *** lwmutex created [] (attribute=0x12): sq_id = 4
[W : PPU[1] Thread (CPUThread)[0x00ea4034]]: sys_lwmutex warning: *** lwmutex created [] (attribute=0x12): sq_id = 5
[W : PPU[1] Thread (CPUThread)[0x00ea4034]]: sys_lwmutex warning: *** lwmutex created [] (attribute=0x12): sq_id = 6
[W : PPU[1] Thread (CPUThread)[0x00ea4034]]: sys_lwmutex warning: *** lwmutex created [] (attribute=0x12): sq_id = 7
[W : PPU[1] Thread (CPUThread)[0x00ea4034]]: sys_lwmutex warning: *** lwmutex created [] (attribute=0x12): sq_id = 8
[W : PPU[1] Thread (CPUThread)[0x00ea4034]]: sys_lwmutex warning: *** lwmutex created [] (attribute=0x12): sq_id = 9
[W : PPU[1] Thread (CPUThread)[0x00ea4034]]: sys_lwmutex warning: *** lwmutex created [] (attribute=0x12): sq_id = 10
[W : PPU[1] Thread (CPUThread)[0x00ea4034]]: sys_lwmutex warning: *** lwmutex created [] (attribute=0x12): sq_id = 11
[W : PPU[1] Thread (CPUThread)[0x0068c2a0]]: memory warning: sys_mmapper_allocate_address(size=0x10000000, flags=0x40a, alignment=0x0, alloc_addr=0xd0010aa0)
[W : PPU[1] Thread (CPUThread)[0x00ea4100]]: memory warning: sys_mmapper_allocate_memory(size=0xa600000, flags=0x400, mem_id_addr=0x1075aea8)
[W : PPU[1] Thread (CPUThread)[0x00ea4124]]: memory warning: sys_mmapper_map_memory(start_addr=0x0, mem_id=0xc, flags=0x40000)
[W : PPU[1] Thread (CPUThread)[0x00ea4124]]: memory mapped 0x30200000 to 0x0 size=0xa600000
[W : PPU[1] Thread (CPUThread)[0x0068c348]]: memory warning: sys_mmapper_allocate_address(size=0x10000000, flags=0x40a, alignment=0x0, alloc_addr=0xd0010aa0)
[W : PPU[1] Thread (CPUThread)[0x00ea4100]]: memory warning: sys_mmapper_allocate_memory(size=0x800000, flags=0x400, mem_id_addr=0x1075aea4)
[W : PPU[1] Thread (CPUThread)[0x00ea4124]]: memory warning: sys_mmapper_map_memory(start_addr=0x0, mem_id=0xd, flags=0x40000)
[E : PPU[1] Thread (CPUThread)[0x00ea4124]]: memory error: sys_mmapper_map_memory failed!
[W : PPU[1] Thread (CPUThread)[0x00de901c]]: cellGcmSys warning: cellGcmInit(context_addr=0x10823cf0,cmdSize=0x10000,ioSize=0x200000,ioAddress=0x3b000000)
[W : PPU[1] Thread (CPUThread)[0x00de901c]]: cellGcmSys warning: *** local memory(addr=0xc0000000, size=0xf900000)
[W : PPU[1] Thread (CPUThread)[0x00de901c]]: cellGcmSys warning: cellGcmMapEaIoAddress(ea=0x3b000000, io=0x0, size=0x200000)
[! : RSXThread]: RSX thread entry
[W : PPU[1] Thread (CPUThread)[0x00de9058]]: cellGcmSys warning: cellGcmSetDebugOutputLevel(level=2)
[W : PPU[1] Thread (CPUThread)[0x00cd3894]]: sys_mutex warning: *** mutex created [] (protocol=0x2, recursive=false): id = 14
[E : PPU[1] Thread (CPUThread)[0x00afe060]]: Unknown/Illegal opcode! (0x1075a698 : 0x4 : 0x698) #pc: 0xafe060
[! : PPU[1] Thread (CPUThread)[0x00afe060]]: r0 = 0x1010274c
[! : PPU[1] Thread (CPUThread)[0x00afe060]]: r1 = 0xd0010ae0
[! : PPU[1] Thread (CPUThread)[0x00afe060]]: r2 = 0xe8d97c
[! : PPU[1] Thread (CPUThread)[0x00afe060]]: r3 = 0x1081ef80
[! : PPU[1] Thread (CPUThread)[0x00afe060]]: r4 = 0x1004bc88
[! : PPU[1] Thread (CPUThread)[0x00afe060]]: r5 = 0x0
[! : PPU[1] Thread (CPUThread)[0x00afe060]]: r6 = 0x0
[! : PPU[1] Thread (CPUThread)[0x00afe060]]: r7 = 0x0
[! : PPU[1] Thread (CPUThread)[0x00afe060]]: r8 = 0x0
[! : PPU[1] Thread (CPUThread)[0x00afe060]]: r9 = 0x0
[! : PPU[1] Thread (CPUThread)[0x00afe060]]: r10 = 0x0
[! : PPU[1] Thread (CPUThread)[0x00afe060]]: r11 = 0x10106e3c
[! : PPU[1] Thread (CPUThread)[0x00afe060]]: r12 = 0x0
[! : PPU[1] Thread (CPUThread)[0x00afe060]]: r13 = 0x30007060
[! : PPU[1] Thread (CPUThread)[0x00afe060]]: r14 = 0x0
[! : PPU[1] Thread (CPUThread)[0x00afe060]]: r15 = 0x0
[! : PPU[1] Thread (CPUThread)[0x00afe060]]: r16 = 0x0
[! : PPU[1] Thread (CPUThread)[0x00afe060]]: r17 = 0x0
[! : PPU[1] Thread (CPUThread)[0x00afe060]]: r18 = 0x0
[! : PPU[1] Thread (CPUThread)[0x00afe060]]: r19 = 0x4
[! : PPU[1] Thread (CPUThread)[0x00afe060]]: r20 = 0xc
[! : PPU[1] Thread (CPUThread)[0x00afe060]]: r21 = 0x3
[! : PPU[1] Thread (CPUThread)[0x00afe060]]: r22 = 0xb
[! : PPU[1] Thread (CPUThread)[0x00afe060]]: r23 = 0x1
[! : PPU[1] Thread (CPUThread)[0x00afe060]]: r24 = 0x2
[! : PPU[1] Thread (CPUThread)[0x00afe060]]: r25 = 0x1081ec68
[! : PPU[1] Thread (CPUThread)[0x00afe060]]: r26 = 0x1081f178
[! : PPU[1] Thread (CPUThread)[0x00afe060]]: r27 = 0x1081f568
[! : PPU[1] Thread (CPUThread)[0x00afe060]]: r28 = 0x1081f07c
[! : PPU[1] Thread (CPUThread)[0x00afe060]]: r29 = 0x0
[! : PPU[1] Thread (CPUThread)[0x00afe060]]: r30 = 0xe2aad8
[! : PPU[1] Thread (CPUThread)[0x00afe060]]: r31 = 0x7
[! : PPU[1] Thread (CPUThread)[0x00afe060]]: f0 = 0.000000
[! : PPU[1] Thread (CPUThread)[0x00afe060]]: f1 = 0.000000
[! : PPU[1] Thread (CPUThread)[0x00afe060]]: f2 = 0.000000
[! : PPU[1] Thread (CPUThread)[0x00afe060]]: f3 = 0.000000
[! : PPU[1] Thread (CPUThread)[0x00afe060]]: f4 = 0.000000
[! : PPU[1] Thread (CPUThread)[0x00afe060]]: f5 = 0.000000
[! : PPU[1] Thread (CPUThread)[0x00afe060]]: f6 = 0.000000
[! : PPU[1] Thread (CPUThread)[0x00afe060]]: f7 = 0.000000
[! : PPU[1] Thread (CPUThread)[0x00afe060]]: f8 = 0.000000
[! : PPU[1] Thread (CPUThread)[0x00afe060]]: f9 = 0.000000
[! : PPU[1] Thread (CPUThread)[0x00afe060]]: f10 = 0.000000
[! : PPU[1] Thread (CPUThread)[0x00afe060]]: f11 = 0.000000
[! : PPU[1] Thread (CPUThread)[0x00afe060]]: f12 = 0.000000
[! : PPU[1] Thread (CPUThread)[0x00afe060]]: f13 = 0.000000
[! : PPU[1] Thread (CPUThread)[0x00afe060]]: f14 = 0.000000
[! : PPU[1] Thread (CPUThread)[0x00afe060]]: f15 = 0.000000
[! : PPU[1] Thread (CPUThread)[0x00afe060]]: f16 = 0.000000
[! : PPU[1] Thread (CPUThread)[0x00afe060]]: f17 = 0.000000
[! : PPU[1] Thread (CPUThread)[0x00afe060]]: f18 = 0.000000
[! : PPU[1] Thread (CPUThread)[0x00afe060]]: f19 = 0.000000
[! : PPU[1] Thread (CPUThread)[0x00afe060]]: f20 = 0.000000
[! : PPU[1] Thread (CPUThread)[0x00afe060]]: f21 = 0.000000
[! : PPU[1] Thread (CPUThread)[0x00afe060]]: f22 = 0.000000
[! : PPU[1] Thread (CPUThread)[0x00afe060]]: f23 = 0.000000
[! : PPU[1] Thread (CPUThread)[0x00afe060]]: f24 = 0.000000
[! : PPU[1] Thread (CPUThread)[0x00afe060]]: f25 = 0.000000
[! : PPU[1] Thread (CPUThread)[0x00afe060]]: f26 = 0.000000
[! : PPU[1] Thread (CPUThread)[0x00afe060]]: f27 = 0.000000
[! : PPU[1] Thread (CPUThread)[0x00afe060]]: f28 = 0.000000
[! : PPU[1] Thread (CPUThread)[0x00afe060]]: f29 = 0.000000
[! : PPU[1] Thread (CPUThread)[0x00afe060]]: f30 = 0.000000
[! : PPU[1] Thread (CPUThread)[0x00afe060]]: f31 = 0.000000
[! : PPU[1] Thread (CPUThread)[0x00afe060]]: v0 = 0x00000000000000000000000000000000 [x: 0 y: 0 z: 0 w: 0]
[! : PPU[1] Thread (CPUThread)[0x00afe060]]: v1 = 0x00000000000000000000000000000000 [x: 0 y: 0 z: 0 w: 0]
[! : PPU[1] Thread (CPUThread)[0x00afe060]]: v2 = 0x00000000000000000000000000000000 [x: 0 y: 0 z: 0 w: 0]
[! : PPU[1] Thread (CPUThread)[0x00afe060]]: v3 = 0x00000000000000000000000000000000 [x: 0 y: 0 z: 0 w: 0]
[! : PPU[1] Thread (CPUThread)[0x00afe060]]: v4 = 0x00000000000000000000000000000000 [x: 0 y: 0 z: 0 w: 0]
[! : PPU[1] Thread (CPUThread)[0x00afe060]]: v5 = 0x00000000000000000000000000000000 [x: 0 y: 0 z: 0 w: 0]
[! : PPU[1] Thread (CPUThread)[0x00afe060]]: v6 = 0x00000000000000000000000000000000 [x: 0 y: 0 z: 0 w: 0]
[! : PPU[1] Thread (CPUThread)[0x00afe060]]: v7 = 0x00000000000000000000000000000000 [x: 0 y: 0 z: 0 w: 0]
[! : PPU[1] Thread (CPUThread)[0x00afe060]]: v8 = 0x00000000000000000000000000000000 [x: 0 y: 0 z: 0 w: 0]
[! : PPU[1] Thread (CPUThread)[0x00afe060]]: v9 = 0x00000000000000000000000000000000 [x: 0 y: 0 z: 0 w: 0]
[! : PPU[1] Thread (CPUThread)[0x00afe060]]: v10 = 0x00000000000000000000000000000000 [x: 0 y: 0 z: 0 w: 0]
[! : PPU[1] Thread (CPUThread)[0x00afe060]]: v11 = 0x00000000000000000000000000000000 [x: 0 y: 0 z: 0 w: 0]
[! : PPU[1] Thread (CPUThread)[0x00afe060]]: v12 = 0x00000000000000000000000000000000 [x: 0 y: 0 z: 0 w: 0]
[! : PPU[1] Thread (CPUThread)[0x00afe060]]: v13 = 0x00000000000000000000000000000000 [x: 0 y: 0 z: 0 w: 0]
[! : PPU[1] Thread (CPUThread)[0x00afe060]]: v14 = 0x00000000000000000000000000000000 [x: 0 y: 0 z: 0 w: 0]
[! : PPU[1] Thread (CPUThread)[0x00afe060]]: v15 = 0x00000000000000000000000000000000 [x: 0 y: 0 z: 0 w: 0]
[! : PPU[1] Thread (CPUThread)[0x00afe060]]: v16 = 0x00000000000000000000000000000000 [x: 0 y: 0 z: 0 w: 0]
[! : PPU[1] Thread (CPUThread)[0x00afe060]]: v17 = 0x00000000000000000000000000000000 [x: 0 y: 0 z: 0 w: 0]
[! : PPU[1] Thread (CPUThread)[0x00afe060]]: v18 = 0x00000000000000000000000000000000 [x: 0 y: 0 z: 0 w: 0]
[! : PPU[1] Thread (CPUThread)[0x00afe060]]: v19 = 0x00000000000000000000000000000000 [x: 0 y: 0 z: 0 w: 0]
[! : PPU[1] Thread (CPUThread)[0x00afe060]]: v20 = 0x00000000000000000000000000000000 [x: 0 y: 0 z: 0 w: 0]
[! : PPU[1] Thread (CPUThread)[0x00afe060]]: v21 = 0x00000000000000000000000000000000 [x: 0 y: 0 z: 0 w: 0]
[! : PPU[1] Thread (CPUThread)[0x00afe060]]: v22 = 0x00000000000000000000000000000000 [x: 0 y: 0 z: 0 w: 0]
[! : PPU[1] Thread (CPUThread)[0x00afe060]]: v23 = 0x00000000000000000000000000000000 [x: 0 y: 0 z: 0 w: 0]
[! : PPU[1] Thread (CPUThread)[0x00afe060]]: v24 = 0x00000000000000000000000000000000 [x: 0 y: 0 z: 0 w: 0]
[! : PPU[1] Thread (CPUThread)[0x00afe060]]: v25 = 0x00000000000000000000000000000000 [x: 0 y: 0 z: 0 w: 0]
[! : PPU[1] Thread (CPUThread)[0x00afe060]]: v26 = 0x00000000000000000000000000000000 [x: 0 y: 0 z: 0 w: 0]
[! : PPU[1] Thread (CPUThread)[0x00afe060]]: v27 = 0x00000000000000000000000000000000 [x: 0 y: 0 z: 0 w: 0]
[! : PPU[1] Thread (CPUThread)[0x00afe060]]: v28 = 0x00000000000000000000000000000000 [x: 0 y: 0 z: 0 w: 0]
[! : PPU[1] Thread (CPUThread)[0x00afe060]]: v29 = 0x00000000000000000000000000000000 [x: 0 y: 0 z: 0 w: 0]
[! : PPU[1] Thread (CPUThread)[0x00afe060]]: v30 = 0x00000000000000000000000000000000 [x: 0 y: 0 z: 0 w: 0]
[! : PPU[1] Thread (CPUThread)[0x00afe060]]: v31 = 0x00000000000000000000000000000000 [x: 0 y: 0 z: 0 w: 0]
[! : PPU[1] Thread (CPUThread)[0x00afe060]]: CR = 0x24000022
[! : PPU[1] Thread (CPUThread)[0x00afe060]]: LR = 0xafe02c
[! : PPU[1] Thread (CPUThread)[0x00afe060]]: CTR = 0xb0319c
[! : PPU[1] Thread (CPUThread)[0x00afe060]]: XER = 0x0 [CA=0 | OV=0 | SO=0]
[! : PPU[1] Thread (CPUThread)[0x00afe060]]: FPSCR = 0x0 [RN=0 | NI=0 | XE=0 | ZE=0 | UE=0 | OE=0 | VE=0 | VXCVI=0 | VXSQRT=0 | VXSOFT=0 | FPRF=0 | FI=0 | FR=0 | VXVC=0 | VXIMZ=0 | VXZDZ=0 | VXIDI=0 | VXISI=0 | VXSNAN=0 | XX=0 | ZX=0 | UX=0 | OX=0 | VX=0 | FEX=0 | FX=0]
[! : RSXThread]: RSX thread exit...
[!]: Closing memory...
