[!]: path: /dev_hdd0/game/
[!]: Loading 'D:\Emulateurs\Rpcs3\dev_hdd0\game\BLES00971-[Trinity Universe]/PS3_GAME/USRDIR/BOOT.BIN'...
[!]: Mount info:
[!]: /dev_hdd0/ -> D:\Emulateurs\Rpcs3\dev_hdd0\
[!]: /dev_hdd1/ -> D:\Emulateurs\Rpcs3\dev_hdd1\
[!]: /dev_flash/ -> D:\Emulateurs\Rpcs3\dev_flash\
[!]: /dev_usb000/ -> D:\Emulateurs\Rpcs3\dev_usb000\
[!]: /dev_usb/ -> D:\Emulateurs\Rpcs3\dev_usb000\
[!]: /app_home/ -> D:\Emulateurs\Rpcs3\dev_hdd0\game\BLES00971-[Trinity Universe]/PS3_GAME/\USRDIR\
[!]: /dev_bdvd/ -> D:\Emulateurs\Rpcs3\dev_hdd0\game\BLES00971-[Trinity Universe]/PS3_GAME/\..\
[!]: /host_root/ -> 
[!]: ///resource/ -> D:\Emulateurs\Rpcs3\dev_hdd0\game\BLES00971-[Trinity Universe]/PS3_GAME/\USRDIR\resource\
[!]: /app_home/Game/PS3_GAME/USRDIR/ -> D:\Emulateurs\Rpcs3\dev_hdd0\game\BLES00971-[Trinity Universe]/PS3_GAME/\USRDIR\
[!]: /app_home/PS3_GAME/USRDIR/media/ -> D:\Emulateurs\Rpcs3\dev_hdd0\game\BLES00971-[Trinity Universe]/PS3_GAME/\USRDIR\media\
[!]: /Data/ -> D:\Emulateurs\Rpcs3\dev_hdd0\game\BLES00971-[Trinity Universe]/PS3_GAME/\USRDIR\Data\
[!]: /USRDIR/PS3_GAME/USRDIR/Data/ -> D:\Emulateurs\Rpcs3\dev_hdd0\game\BLES00971-[Trinity Universe]/PS3_GAME/\USRDIR\Data\
[!]: /app_home//dev_bdvd/PS3_GAME/USRDIR/data/gos/ -> D:\Emulateurs\Rpcs3\dev_hdd0\game\BLES00971-[Trinity Universe]/PS3_GAME/\USRDIR\
[!]: BD/ -> D:\Emulateurs\Rpcs3\dev_hdd0\game\BLES00971-[Trinity Universe]/PS3_GAME/\USRDIR\
[!]: //dev_bdvd/PS3_GAME/USRDIR/ -> D:\Emulateurs\Rpcs3\dev_hdd0\game\BLES00971-[Trinity Universe]/PS3_GAME/\USRDIR\
[!]: / -> D:\Emulateurs\Rpcs3\dev_hdd0\game\BLES00971-[Trinity Universe]/PS3_GAME/\USRDIR\
[!]: // -> D:\Emulateurs\Rpcs3\dev_hdd0\game\BLES00971-[Trinity Universe]/PS3_GAME/\USRDIR\
[!]: Initing memory...
[!]: Memory initialized.
[!]: Function 'cellSurMixerGetAANHandle' hooked (addr=0x2f604)
[!]: Function 'cellSurMixerSetNotifyCallback' hooked (addr=0x2f63c)
[!]: Function 'cellSurMixerSurBusAddData' hooked (addr=0x2f6d0)
[!]: Function 'cellSurMixerPause' hooked (addr=0x30314)
[!]: Function 'cellSurMixerStart' hooked (addr=0x3178c)
[!]: Function 'cellSurMixerFinalize' hooked (addr=0x31a94)
[!]: Function 'cellSurMixerCreate' hooked (addr=0x32358)
[E]: Function 'cellSurMixerChStripGetAANPortNo' not found
[E]: Function 'cellSurMixerRemoveNotifyCallback' not found
[E]: Function 'cellSurMixerSetParameter' not found
[E]: Function 'cellSurMixerChStripSetParameter' not found
[E]: Function 'cellSurMixerGetCurrentBlockTag' not found
[E]: Function 'cellSurMixerGetTimestamp' not found
[E]: Function 'cellSurMixerBeep' not found
[E]: Function group [surmixer] failed: missing;
[W]: Unknown function 0x20543730 in 'cellSysutil' module
[E]: TODO: cellMsgDialogClose
[W]: Unknown function 0x21425307 in 'cellSysutil' module
[E]: TODO: cellSaveDataListAutoLoad
[W]: Unknown function 0x220894e3 in 'cellSysutil' module
[E]: TODO: cellSysutilEnableBgmPlayback
[W]: Unknown function 0x619b1427 in 'cellSysutil' module
[E]: TODO: cellWebBrowserConfigSetTabCount2
[W]: Unknown function 0x62b0f803 in 'cellSysutil' module
[E]: TODO: cellMsgDialogAbort
[W]: Unknown function 0x749c9b5f in 'cellSysutil' module
[E]: TODO: cellWebBrowserInitialize
[W]: Unknown function 0x7fb3c6a5 in 'cellSysutil' module
[E]: TODO: cellWebBrowserConfig2
[W]: Unknown function 0x8b7ed64b in 'cellSysutil' module
[E]: TODO: cellSaveDataAutoSave2
[W]: Unknown function 0x93ced48d in 'cellSysutil' module
[E]: TODO: cellWebBrowserShutdown
[W]: Unknown function 0xa5f12145 in 'cellSysutil' module
[E]: TODO: cellWebBrowserCreate2
[W]: Unknown function 0xa9a439e0 in 'cellSysutil' module
[E]: TODO: cellWebBrowserConfigSetUnknownMIMETypeHook2
[W]: Unknown function 0xcfdd8e87 in 'cellSysutil' module
[E]: TODO: cellSysutilDisableBgmPlayback
[W]: Unknown function 0xe22ed55d in 'cellSysutil' module
[E]: TODO: cellWebBrowserConfigSetFunction2
[W]: Unknown function 0xe8dee79c in 'cellSysutil' module
[E]: TODO: cellWebBrowserDestroy2
[W]: Unknown function 0xfbd5c856 in 'cellSysutil' module
[E]: TODO: cellSaveDataAutoLoad2
[W]: Unknown function 0xfe669845 in 'cellSysutil' module
[E]: TODO: cellWebBrowserConfigSetHeapSize2
[W]: Unknown function 0xacee8542 in 'cellGcmSys' module
[E]: TODO: cellGcmSetFlipImmediate
[W]: Unknown function 0x967a162b in 'sys_fs' module
[E]: TODO: cellFsFsync
[W]: Unknown function 0x57e4dec3 in 'cellSpurs' module
[E]: TODO: cellSpursRemoveWorkload
[W]: Unknown function 0x5fd43fe4 in 'cellSpurs' module
[E]: TODO: cellSpursWaitForWorkloadShutdown
[W]: Unknown function 0x69726aa2 in 'cellSpurs' module
[E]: TODO: cellSpursAddWorkload
[W]: Unknown function 0x7e4ea023 in 'cellSpurs' module
[E]: TODO: cellSpursWakeUp
[W]: Unknown function 0x98d5b343 in 'cellSpurs' module
[E]: TODO: cellSpursShutdownWorkload
[W]: Unknown function 0xa73bf47e in 'cellSpurs' module
[E]: TODO: _cellSpursWorkloadFlagReceiver
[W]: Unknown function 0xc765b995 in 'cellSpurs' module
[E]: TODO: cellSpursGetWorkloadFlag
[W]: Unknown function 0xf843818d in 'cellSpurs' module
[E]: TODO: cellSpursReadyCountStore
[W]: Unknown function 0x06be743d in 'cellFont' module
[E]: TODO: cellFontGetKerning
[W]: Unknown function 0xced4dda9 in 'cellFont' module
[E]: TODO: cellFontGetRenderEffectSlant
[W]: Unknown function 0x2b84030c in 'cellL10n' module
[E]: TODO: EUCKRstoUTF8s
[W]: Unknown function 0x33435818 in 'cellL10n' module
[E]: TODO: SJISstoUTF8s
[W]: Unknown function 0xdd5ebdeb in 'cellL10n' module
[E]: TODO: UTF8stoSJISs
[W]: Unknown function 0x05d65dff in 'sceNp' module
[E]: TODO: sceNpScoreGetRankingByNpId
[W]: Unknown function 0x1672170e in 'sceNp' module
[E]: TODO: sceNpScoreRecordScore
[W]: Unknown function 0x259113b8 in 'sceNp' module
[E]: TODO: sceNpScoreDestroyTitleCtx
[W]: Unknown function 0x32cf311f in 'sceNp' module
[E]: TODO: sceNpScoreInit
[W]: Unknown function 0x3f0808aa in 'sceNp' module
[E]: TODO: sceNpBasicSetPresence
[W]: Unknown function 0x52a6b523 in 'sceNp' module
[E]: TODO: sceNpManagerUnregisterCallback
[W]: Unknown function 0x5de61626 in 'sceNp' module
[E]: TODO: sceNpLookupDestroyTitleCtx
[W]: Unknown function 0x6ee62ed2 in 'sceNp' module
[E]: TODO: sceNpManagerGetContentRatingFlag
[W]: Unknown function 0x6f5e8143 in 'sceNp' module
[E]: TODO: sceNpScoreCreateTransactionCtx
[W]: Unknown function 0x8440537c in 'sceNp' module
[E]: TODO: sceNpLookupTerm
[W]: Unknown function 0x9851f805 in 'sceNp' module
[E]: TODO: sceNpScoreTerm
[W]: Unknown function 0xb9f93bbb in 'sceNp' module
[E]: TODO: sceNpScoreCreateTitleCtx
[W]: Unknown function 0xc5f4cf82 in 'sceNp' module
[E]: TODO: sceNpScoreDestroyTransactionCtx
[W]: Unknown function 0xce81c7f0 in 'sceNp' module
[E]: TODO: sceNpLookupCreateTitleCtx
[W]: Unknown function 0xe7dcd3b4 in 'sceNp' module
[E]: TODO: sceNpManagerRegisterCallback
[W]: Unknown function 0xea2e9ffc in 'sceNp' module
[E]: TODO: sceNpLookupCreateTransactionCtx
[W]: Unknown function 0xf4e0f607 in 'sceNp' module
[E]: TODO: sceNpScoreGetBoardInfo
[W]: Unknown function 0xfb87cf5e in 'sceNp' module
[E]: TODO: sceNpLookupDestroyTransactionCtx
[W]: Unknown function 0xfbc82301 in 'sceNp' module
[E]: TODO: sceNpScoreGetRankingByRange
[W]: Unknown function 0xfe37a7f4 in 'sceNp' module
[E]: TODO: sceNpManagerGetNpId
[W]: Unknown module 'cellSaveData'
[W]: Unknown function 0x07254fda in 'cellSync' module
[E]: TODO: cellSyncBarrierInitialize
[W]: Unknown function 0x6c272124 in 'cellSync' module
[E]: TODO: cellSyncBarrierTryWait
[W]: Unknown function 0x8a561d92 in 'sysPrxForUser' module
[E]: TODO: _sys_heap_free
[W]: Unknown function 0xaede4b03 in 'sysPrxForUser' module
[E]: TODO: _sys_heap_delete_heap
[W : PPU[1] Thread (CPUThread)[0x0100a04c]]: sys_lwmutex warning: *** lwmutex created [] (attribute=0x12): sq_id = 3
[W : PPU[1] Thread (CPUThread)[0x0100a04c]]: sys_lwmutex warning: *** lwmutex created [_lc_mtx] (attribute=0x12): sq_id = 4
[W : PPU[1] Thread (CPUThread)[0x0100a04c]]: sys_lwmutex warning: *** lwmutex created [_lc_mtx] (attribute=0x12): sq_id = 5
[W : PPU[1] Thread (CPUThread)[0x0100a04c]]: sys_lwmutex warning: *** lwmutex created [_lc_mtx] (attribute=0x12): sq_id = 6
[W : PPU[1] Thread (CPUThread)[0x0100a04c]]: sys_lwmutex warning: *** lwmutex created [_lc_mtx] (attribute=0x12): sq_id = 7
[W : PPU[1] Thread (CPUThread)[0x0100a04c]]: sys_lwmutex warning: *** lwmutex created [_lc_mtx] (attribute=0x12): sq_id = 8
[W : PPU[1] Thread (CPUThread)[0x0100a04c]]: sys_lwmutex warning: *** lwmutex created [_lc_mtx] (attribute=0x12): sq_id = 9
[W : PPU[1] Thread (CPUThread)[0x0100a04c]]: sys_lwmutex warning: *** lwmutex created [_lc_mtx] (attribute=0x12): sq_id = 10
[W : PPU[1] Thread (CPUThread)[0x0100a04c]]: sys_lwmutex warning: *** lwmutex created [_lc_mtx] (attribute=0x12): sq_id = 11
[W : PPU[1] Thread (CPUThread)[0x0100a04c]]: sys_lwmutex warning: *** lwmutex created [_lc_mtx] (attribute=0x12): sq_id = 12
[W : PPU[1] Thread (CPUThread)[0x0100a04c]]: sys_lwmutex warning: *** lwmutex created [_lgcmtx] (attribute=0x12): sq_id = 13
[W : PPU[1] Thread (CPUThread)[0x0100a04c]]: sys_lwmutex warning: *** lwmutex created [_lgcmtx] (attribute=0x22): sq_id = 14
[W : PPU[1] Thread (CPUThread)[0x0100a04c]]: sys_lwmutex warning: *** lwmutex created [_lc_mtx] (attribute=0x12): sq_id = 15
[W : PPU[1] Thread (CPUThread)[0x0100a04c]]: sys_lwmutex warning: *** lwmutex created [_lc_mtx] (attribute=0x12): sq_id = 16
[W : PPU[1] Thread (CPUThread)[0x0100a04c]]: sys_lwmutex warning: *** lwmutex created [_lc_mtx] (attribute=0x12): sq_id = 17
[W : PPU[1] Thread (CPUThread)[0x0100a04c]]: sys_lwmutex warning: *** lwmutex created [_lc_mtx] (attribute=0x12): sq_id = 18
[W : PPU[1] Thread (CPUThread)[0x0100a04c]]: sys_lwmutex warning: *** lwmutex created [_lc_mtx] (attribute=0x12): sq_id = 19
[W : PPU[1] Thread (CPUThread)[0x0100a04c]]: sys_lwmutex warning: *** lwmutex created [_lc_mtx] (attribute=0x12): sq_id = 20
[W : PPU[1] Thread (CPUThread)[0x0100a04c]]: sys_lwmutex warning: *** lwmutex created [_lc_mtx] (attribute=0x12): sq_id = 21
[W : PPU[1] Thread (CPUThread)[0x0100a04c]]: sys_lwmutex warning: *** lwmutex created [_lc_mtx] (attribute=0x12): sq_id = 22
[W : PPU[1] Thread (CPUThread)[0x0100a04c]]: sys_lwmutex warning: *** lwmutex created [_lc_mtx] (attribute=0x12): sq_id = 23
[W : PPU[1] Thread (CPUThread)[0x0100a04c]]: sys_lwmutex warning: *** lwmutex created [_lc_mtx] (attribute=0x12): sq_id = 24
[W : PPU[1] Thread (CPUThread)[0x0100a04c]]: sys_lwmutex warning: *** lwmutex created [_lc_mtx] (attribute=0x12): sq_id = 25
[W : PPU[1] Thread (CPUThread)[0x0100a04c]]: sys_lwmutex warning: *** lwmutex created [_lc_mtx] (attribute=0x12): sq_id = 26
[W : PPU[1] Thread (CPUThread)[0x00ff2010]]: cellSysmodule warning: cellSysmoduleLoadModule(CELL_SYSMODULE_USBD)
[W : PPU[1] Thread (CPUThread)[0x00ff2010]]: cellSysmodule warning: cellSysmoduleLoadModule(CELL_SYSMODULE_NET)
[W : PPU[1] Thread (CPUThread)[0x00fe810c]]: cellSysutil warning: cellSysutilRegisterCallback(slot=0, func_addr=0x4f1c08, userdata=0x58e080)
[W : PPU[1] Thread (CPUThread)[0x003f069c]]: sys_spu warning: sys_spu_initialize(max_usable_spu=6, max_raw_spu=0)
[E : PPU[1] Thread (CPUThread)[0x0001b270]]: sys_fs error: "/app_home/sampleArg.txt" not found! flags: 0x00000000
[W : PPU[1] Thread (CPUThread)[0x00fec028]]: cellGcmSys warning: cellGcmInit(context_addr=0x51d65c,cmdSize=0xf0000,ioSize=0x100000,ioAddress=0x36900000)
[W : PPU[1] Thread (CPUThread)[0x00fec028]]: cellGcmSys warning: *** local memory(addr=0xc0000000, size=0xf900000)
[W : PPU[1] Thread (CPUThread)[0x00fec028]]: cellGcmSys warning: cellGcmMapEaIoAddress(ea=0x36900000, io=0x0, size=0x100000)
[! : RSXThread]: RSX thread entry
[E : PPU[1] Thread (CPUThread)[0x00fec100]]: cellGcmSys error: Unimplemented function: cellGcmSetVBlankHandler
[W : PPU[1] Thread (CPUThread)[0x00fec010]]: cellGcmSys warning: cellGcmSetUserHandler(handler=0x4f1c40)
[W : PPU[1] Thread (CPUThread)[0x00fec004]]: cellGcmSys warning: cellGcmGetTiledPitchSize(size=5120)
[W : PPU[1] Thread (CPUThread)[0x00fec004]]: cellGcmSys warning: cellGcmGetTiledPitchSize(size=0)
[W : PPU[1] Thread (CPUThread)[0x00fe8010]]: cellSysutil warning: cellVideoOutConfigure(videoOut=0, config_addr=0xd0010b64, option_addr=0x0, waitForEvent=0x0)
[W : PPU[1] Thread (CPUThread)[0x00fec070]]: cellGcmSys warning: cellGcmSetFlipMode(mode=2)
[W : PPU[1] Thread (CPUThread)[0x00fec004]]: cellGcmSys warning: cellGcmGetTiledPitchSize(size=10240)
[W : PPU[1] Thread (CPUThread)[0x00fec004]]: cellGcmSys warning: cellGcmGetTiledPitchSize(size=0)
[W : PPU[1] Thread (CPUThread)[0x00fec124]]: cellGcmSys warning: cellGcmSetTileInfo(index=0, location=0, offset=0, size=7864320, pitch=5120, comp=7, base=0, bank=0)
[E : PPU[1] Thread (CPUThread)[0x00fec124]]: cellGcmSys error: cellGcmSetTileInfo: bad comp! (7)
[W : PPU[1] Thread (CPUThread)[0x00fec064]]: cellGcmSys warning: cellGcmBindTile(index=0)
[W : PPU[1] Thread (CPUThread)[0x00fec124]]: cellGcmSys warning: cellGcmSetTileInfo(index=1, location=0, offset=7864320, size=15073280, pitch=10240, comp=8, base=120, bank=0)
[E : PPU[1] Thread (CPUThread)[0x00fec124]]: cellGcmSys error: cellGcmSetTileInfo: bad comp! (8)
[W : PPU[1] Thread (CPUThread)[0x00fec064]]: cellGcmSys warning: cellGcmBindTile(index=1)
[W : PPU[1] Thread (CPUThread)[0x00fec0dc]]: cellGcmSys warning: cellGcmSetDisplayBuffer(id=0x0,offset=0x0,pitch=4,width=1280,height=720)
[W : PPU[1] Thread (CPUThread)[0x00fec0dc]]: cellGcmSys warning: cellGcmSetDisplayBuffer(id=0x1,offset=0x3c0000,pitch=4,width=1280,height=720)
[W : PPU[1] Thread (CPUThread)[0x00fec094]]: cellGcmSys warning: cellGcmMapEaIoAddress(ea=0x36a00000, io=0xc900000, size=0x1700000)
[W : PPU[1] Thread (CPUThread)[0x00fec088]]: cellGcmSys warning: cellGcmMapEaIoAddressWithFlags(ea=0x38100000, io=0xe000000, size=0x100000, flags=0x2)
[W : PPU[1] Thread (CPUThread)[0x00fec088]]: cellGcmSys warning: cellGcmMapEaIoAddress(ea=0x38100000, io=0xe000000, size=0x100000)
[W : PPU[1] Thread (CPUThread)[0x00ff2010]]: cellSysmodule warning: cellSysmoduleLoadModule(CELL_SYSMODULE_NET)
[W : PPU[1] Thread (CPUThread)[0x00ff2010]]: cellSysmodule warning: cellSysmoduleLoadModule(CELL_SYSMODULE_NETCTL)
[W : PPU[1] Thread (CPUThread)[0x00ff2010]]: cellSysmodule warning: cellSysmoduleLoadModule(CELL_SYSMODULE_RESC)
[W : PPU[1] Thread (CPUThread)[0x00ff2010]]: cellSysmodule warning: cellSysmoduleLoadModule(CELL_SYSMODULE_USBD)
[W : PPU[1] Thread (CPUThread)[0x00ff2010]]: cellSysmodule warning: cellSysmoduleLoadModule(CELL_SYSMODULE_FS)
[W : PPU[1] Thread (CPUThread)[0x00ff2010]]: cellSysmodule warning: cellSysmoduleLoadModule(CELL_SYSMODULE_SYSUTIL_GAME)
[W : PPU[1] Thread (CPUThread)[0x00ff4058]]: cellSpurs warning: cellSpursInitialize(spurs_addr=0x38100400, nSpus=5, spuPriority=250, ppuPriority=4294967295, exitIfNoWork=0)
[W : PPU[1] Thread (CPUThread)[0x0100a04c]]: sys_lwmutex warning: *** lwmutex created [] (attribute=0x22): sq_id = 27
[W : PPU[1] Thread (CPUThread)[0x0100a100]]: sys_lwcond warning: *** lwcond created [] (lwmutex_addr=0x301f2910): id = 28
[W : PPU[1] Thread (CPUThread)[0x0100a04c]]: sys_lwmutex warning: *** lwmutex created [] (attribute=0x22): sq_id = 29
[W : PPU[1] Thread (CPUThread)[0x0100a100]]: sys_lwcond warning: *** lwcond created [] (lwmutex_addr=0x301f2a90): id = 30
[W : PPU[1] Thread (CPUThread)[0x0100a04c]]: sys_lwmutex warning: *** lwmutex created [] (attribute=0x22): sq_id = 31
[W : PPU[1] Thread (CPUThread)[0x0100a100]]: sys_lwcond warning: *** lwcond created [] (lwmutex_addr=0x301f2c10): id = 32
[W : PPU[1] Thread (CPUThread)[0x0100a04c]]: sys_lwmutex warning: *** lwmutex created [] (attribute=0x22): sq_id = 33
[W : PPU[1] Thread (CPUThread)[0x0100a100]]: sys_lwcond warning: *** lwcond created [] (lwmutex_addr=0x301f2d10): id = 34
[W : PPU[1] Thread (CPUThread)[0x0100a04c]]: sys_lwmutex warning: *** lwmutex created [] (attribute=0x22): sq_id = 35
[W : PPU[1] Thread (CPUThread)[0x0100a100]]: sys_lwcond warning: *** lwcond created [] (lwmutex_addr=0x301f2e10): id = 36
[W : PPU[1] Thread (CPUThread)[0x0100a04c]]: sys_lwmutex warning: *** lwmutex created [] (attribute=0x22): sq_id = 37
[W : PPU[1] Thread (CPUThread)[0x0100a100]]: sys_lwcond warning: *** lwcond created [] (lwmutex_addr=0x301f2f10): id = 38
[W : PPU[1] Thread (CPUThread)[0x0100a04c]]: sys_lwmutex warning: *** lwmutex created [] (attribute=0x22): sq_id = 39
[W : PPU[1] Thread (CPUThread)[0x0100a100]]: sys_lwcond warning: *** lwcond created [] (lwmutex_addr=0x301f3010): id = 40
[W : PPU[1] Thread (CPUThread)[0x0100a04c]]: sys_lwmutex warning: *** lwmutex created [] (attribute=0x22): sq_id = 41
[W : PPU[1] Thread (CPUThread)[0x0100a100]]: sys_lwcond warning: *** lwcond created [] (lwmutex_addr=0x301f3110): id = 42
[W : PPU[1] Thread (CPUThread)[0x0100a04c]]: sys_lwmutex warning: *** lwmutex created [] (attribute=0x22): sq_id = 43
[W : PPU[1] Thread (CPUThread)[0x0100a100]]: sys_lwcond warning: *** lwcond created [] (lwmutex_addr=0x301f3210): id = 44
[W : PPU[1] Thread (CPUThread)[0x0100a04c]]: sys_lwmutex warning: *** lwmutex created [] (attribute=0x22): sq_id = 45
[W : PPU[1] Thread (CPUThread)[0x0100a100]]: sys_lwcond warning: *** lwcond created [] (lwmutex_addr=0x301f3310): id = 46
[W : PPU[1] Thread (CPUThread)[0x0100a04c]]: sys_lwmutex warning: *** lwmutex created [] (attribute=0x22): sq_id = 47
[W : PPU[1] Thread (CPUThread)[0x0100a100]]: sys_lwcond warning: *** lwcond created [] (lwmutex_addr=0x301f3490): id = 48
[W : PPU[1] Thread (CPUThread)[0x0100a04c]]: sys_lwmutex warning: *** lwmutex created [] (attribute=0x22): sq_id = 49
[W : PPU[1] Thread (CPUThread)[0x0100a100]]: sys_lwcond warning: *** lwcond created [] (lwmutex_addr=0x301f3590): id = 50
[W : PPU[1] Thread (CPUThread)[0x0100a04c]]: sys_lwmutex warning: *** lwmutex created [] (attribute=0x22): sq_id = 51
[W : PPU[1] Thread (CPUThread)[0x0100a100]]: sys_lwcond warning: *** lwcond created [] (lwmutex_addr=0x301f3690): id = 52
[W : PPU[1] Thread (CPUThread)[0x0100a04c]]: sys_lwmutex warning: *** lwmutex created [] (attribute=0x22): sq_id = 53
[W : PPU[1] Thread (CPUThread)[0x0100a100]]: sys_lwcond warning: *** lwcond created [] (lwmutex_addr=0x301f3790): id = 54
[W : PPU[1] Thread (CPUThread)[0x0100a04c]]: sys_lwmutex warning: *** lwmutex created [] (attribute=0x22): sq_id = 55
[W : PPU[1] Thread (CPUThread)[0x0100a100]]: sys_lwcond warning: *** lwcond created [] (lwmutex_addr=0x301f3890): id = 56
[W : PPU[1] Thread (CPUThread)[0x0100a04c]]: sys_lwmutex warning: *** lwmutex created [] (attribute=0x22): sq_id = 57
[W : PPU[1] Thread (CPUThread)[0x0100a100]]: sys_lwcond warning: *** lwcond created [] (lwmutex_addr=0x301f3a10): id = 58
[W : PPU[1] Thread (CPUThread)[0x0100a04c]]: sys_lwmutex warning: *** lwmutex created [] (attribute=0x22): sq_id = 59
[W : PPU[1] Thread (CPUThread)[0x0100a100]]: sys_lwcond warning: *** lwcond created [] (lwmutex_addr=0x301f3b90): id = 60
[W : PPU[1] Thread (CPUThread)[0x0100a04c]]: sys_lwmutex warning: *** lwmutex created [] (attribute=0x22): sq_id = 61
[W : PPU[1] Thread (CPUThread)[0x0100a100]]: sys_lwcond warning: *** lwcond created [] (lwmutex_addr=0x301f3c90): id = 62
[W : PPU[1] Thread (CPUThread)[0x0100a04c]]: sys_lwmutex warning: *** lwmutex created [] (attribute=0x22): sq_id = 63
[W : PPU[1] Thread (CPUThread)[0x0100a100]]: sys_lwcond warning: *** lwcond created [] (lwmutex_addr=0x301f4a90): id = 64
[W : PPU[1] Thread (CPUThread)[0x0100a04c]]: sys_lwmutex warning: *** lwmutex created [] (attribute=0x22): sq_id = 65
[W : PPU[1] Thread (CPUThread)[0x0100a100]]: sys_lwcond warning: *** lwcond created [] (lwmutex_addr=0x301f7410): id = 66
[W : PPU[1] Thread (CPUThread)[0x0100a04c]]: sys_lwmutex warning: *** lwmutex created [] (attribute=0x22): sq_id = 67
[W : PPU[1] Thread (CPUThread)[0x0100a100]]: sys_lwcond warning: *** lwcond created [] (lwmutex_addr=0x301f7510): id = 68
[E : PPU[1] Thread (CPUThread)[0x00ff6028]]: cellNetCtl error: Unimplemented function: cellNetCtlGetInfo
[W : PPU[1] Thread (CPUThread)[0x0100a01c]]: sys_lwcond warning: sys_lwcond_destroy(lwcond_addr=0x301f7428)
[W : PPU[1] Thread (CPUThread)[0x0100a0f4]]: sys_lwmutex warning: sys_lwmutex_destroy(lwmutex_addr=0x301f7410)
[W : PPU[1] Thread (CPUThread)[0x00ff2010]]: cellSysmodule warning: cellSysmoduleLoadModule(CELL_SYSMODULE_FS)
[W : PPU[1] Thread (CPUThread)[0x00ff2010]]: cellSysmodule warning: cellSysmoduleLoadModule(CELL_SYSMODULE_FONT)
[W : PPU[1] Thread (CPUThread)[0x00ff2010]]: cellSysmodule warning: cellSysmoduleLoadModule(CELL_SYSMODULE_FREETYPE)
[W : PPU[1] Thread (CPUThread)[0x00ff2010]]: cellSysmodule warning: cellSysmoduleLoadModule(CELL_SYSMODULE_FONTFT)
[W : PPU[1] Thread (CPUThread)[0x00ffa0d0]]: cellFont warning: cellFontInitializeWithRevision(revisionFlags=0x60, config=0xd0010818)
[W : PPU[1] Thread (CPUThread)[0x00ff8004]]: cellFontFT warning: cellFontInitLibraryFreeTypeWithRevision(revisionFlags=0x41, config_addr=0xd0010840, lib_addr_addr=0xf4b2a8
[W : PPU[1] Thread (CPUThread)[0x00ffa004]]: cellFont warning: cellFontCreateRenderer(library_addr=0x30016000, config_addr=0xd001082c, Renderer_addr=0xf4b2ac)
[W : PPU[1] Thread (CPUThread)[0x003c0a38]]: sys_event warning: sys_event_queue_create(equeue_id_addr=0xf8f5e8, attr_addr=0xd0010784, event_queue_key=0x0, size=8)
[W : PPU[1] Thread (CPUThread)[0x003c0a38]]: sys_event warning: *** event_queue created [] (protocol=0x2, type=0x1): id = 69
[! : PPU[1] Thread (CPUThread)[0x0100a028]]: *** New PPU Thread [spu_printf_handler] (): id = 70
[W : PPU[1] Thread (CPUThread)[0x003c0ac0]]: sys_event warning: sys_event_port_create(eport_id_addr=0xf8f5ec, port_type=0x1, name=0xd1ed1ed1)
[W : PPU[1] Thread (CPUThread)[0x003c0ac0]]: sys_event warning: *** sys_event_port created: id = 71
[W : PPU[1] Thread (CPUThread)[0x003c0ad0]]: sys_event warning: sys_event_port_connect_local(eport_id=71, equeue_id=69)
[E : PPU[1] Thread (CPUThread)[0x00ff4064]]: cellSpurs error: cellSpursAttachLv2EventQueue(spurs_addr=0x38100400, queue=0x45, port_addr=0xd0010780, isDynamic=0)
[E : PPU[1] Thread (CPUThread)[0x00ff4028]]: TODO: cellSpursAddWorkload
[E : PPU[1] Thread (CPUThread)[0x00ff404c]]: TODO: _cellSpursWorkloadFlagReceiver
[E : PPU[1] Thread (CPUThread)[0x00ff4088]]: TODO: cellSpursReadyCountStore
[E : PPU[1] Thread (CPUThread)[0x00ff4034]]: TODO: cellSpursWakeUp
[W : PPU[1] Thread (CPUThread)[0x00fe810c]]: cellSysutil warning: cellSysutilRegisterCallback(slot=3, func_addr=0x4e9418, userdata=0xe71d90)
[W : PPU[1] Thread (CPUThread)[0x00fec07c]]: cellGcmSys warning: cellGcmGetDefaultCommandWordSize()
[W : PPU[1] Thread (CPUThread)[0x00fec0b8]]: cellGcmSys warning: cellGcmGetDefaultSegmentWordSize()
[E : PPU[1] Thread (CPUThread)[0x00ff4070]]: TODO: cellSpursGetWorkloadFlag
[W : PPU[1] Thread (CPUThread)[0x0100a04c]]: sys_lwmutex warning: *** lwmutex created [] (attribute=0x22): sq_id = 72
[W : PPU[1] Thread (CPUThread)[0x0100a100]]: sys_lwcond warning: *** lwcond created [] (lwmutex_addr=0x30200a90): id = 73
[W : PPU[1] Thread (CPUThread)[0x0100a04c]]: sys_lwmutex warning: *** lwmutex created [] (attribute=0x22): sq_id = 74
[W : PPU[1] Thread (CPUThread)[0x0100a100]]: sys_lwcond warning: *** lwcond created [] (lwmutex_addr=0x30200b90): id = 75
[E : PPU[1] Thread (CPUThread)[0x00ff6028]]: cellNetCtl error: Unimplemented function: cellNetCtlGetInfo
[W : PPU[1] Thread (CPUThread)[0x0100a01c]]: sys_lwcond warning: sys_lwcond_destroy(lwcond_addr=0x30200ba8)
[W : PPU[1] Thread (CPUThread)[0x0100a0f4]]: sys_lwmutex warning: sys_lwmutex_destroy(lwmutex_addr=0x30200b90)
[W : PPU[1] Thread (CPUThread)[0x00fe807c]]: cellSysutil warning: cellSysutilGetSystemParamInt: CELL_SYSUTIL_SYSTEMPARAM_ID_ENTER_BUTTON_ASSIGN
[W : PPU[1] Thread (CPUThread)[0x0100a04c]]: sys_lwmutex warning: *** lwmutex created [] (attribute=0x12): sq_id = 76
[W : PPU[1] Thread (CPUThread)[0x0100a04c]]: sys_lwmutex warning: *** lwmutex created [] (attribute=0x12): sq_id = 77
[W : PPU[1] Thread (CPUThread)[0x00114a00]]: sys_mutex warning: *** mutex created [] (protocol=0x2, recursive=true): id = 78
[W : PPU[1] Thread (CPUThread)[0x00114a00]]: sys_mutex warning: *** mutex created [] (protocol=0x2, recursive=true): id = 79
[W : PPU[1] Thread (CPUThread)[0x00114a00]]: sys_mutex warning: *** mutex created [] (protocol=0x2, recursive=true): id = 80
[W : PPU[1] Thread (CPUThread)[0x00ff201c]]: cellSysmodule warning: cellSysmoduleIsLoaded(CELL_SYSMODULE_FS)
[W : PPU[1] Thread (CPUThread)[0x0100a04c]]: sys_lwmutex warning: *** lwmutex created [] (attribute=0x12): sq_id = 81
[W : PPU[1] Thread (CPUThread)[0x000caf2c]]: sys_mutex warning: *** mutex created [] (protocol=0x2, recursive=true): id = 82
[W : PPU[1] Thread (CPUThread)[0x000caf60]]: sys_cond warning: *** condition on recursive mutex(82)
[W : PPU[1] Thread (CPUThread)[0x000caf60]]: sys_cond warning: *** condition created [] (mutex_id=82): id = 83
[! : PPU[1] Thread (CPUThread)[0x0100a028]]: *** New PPU Thread [CriThread] (): id = 84
[W : PPU[1] Thread (CPUThread)[0x000cbcc8]]: sysPrxForUser warning: sys_ppu_thread_set_priority(thread_id=84, prio=900)
[W : PPU[1] Thread (CPUThread)[0x0100a04c]]: sys_lwmutex warning: *** lwmutex created [] (attribute=0x12): sq_id = 85
[W : PPU[1] Thread (CPUThread)[0x000caf2c]]: sys_mutex warning: *** mutex created [] (protocol=0x2, recursive=true): id = 86
[W : PPU[1] Thread (CPUThread)[0x000caf60]]: sys_cond warning: *** condition on recursive mutex(86)
[W : PPU[1] Thread (CPUThread)[0x000caf60]]: sys_cond warning: *** condition created [] (mutex_id=86): id = 87
[! : PPU[1] Thread (CPUThread)[0x0100a028]]: *** New PPU Thread [CriThread] (): id = 88
[W : PPU[1] Thread (CPUThread)[0x000cbcc8]]: sysPrxForUser warning: sys_ppu_thread_set_priority(thread_id=88, prio=900)
[W : PPU[1] Thread (CPUThread)[0x0100a04c]]: sys_lwmutex warning: *** lwmutex created [] (attribute=0x12): sq_id = 89
[W : PPU[1] Thread (CPUThread)[0x000caf2c]]: sys_mutex warning: *** mutex created [] (protocol=0x2, recursive=true): id = 90
[W : PPU[1] Thread (CPUThread)[0x000caf60]]: sys_cond warning: *** condition on recursive mutex(90)
[W : PPU[1] Thread (CPUThread)[0x000caf60]]: sys_cond warning: *** condition created [] (mutex_id=90): id = 91
[! : PPU[1] Thread (CPUThread)[0x0100a028]]: *** New PPU Thread [CriThread] (): id = 92
[W : PPU[1] Thread (CPUThread)[0x000cbcc8]]: sysPrxForUser warning: sys_ppu_thread_set_priority(thread_id=92, prio=900)
[W : PPU[1] Thread (CPUThread)[0x0100a04c]]: sys_lwmutex warning: *** lwmutex created [] (attribute=0x12): sq_id = 93
[W : PPU[1] Thread (CPUThread)[0x000caf2c]]: sys_mutex warning: *** mutex created [] (protocol=0x2, recursive=true): id = 94
[W : PPU[1] Thread (CPUThread)[0x000caf60]]: sys_cond warning: *** condition on recursive mutex(94)
[W : PPU[1] Thread (CPUThread)[0x000caf60]]: sys_cond warning: *** condition created [] (mutex_id=94): id = 95
[! : PPU[1] Thread (CPUThread)[0x0100a028]]: *** New PPU Thread [CriThread] (): id = 96
[W : PPU[1] Thread (CPUThread)[0x000cbcc8]]: sysPrxForUser warning: sys_ppu_thread_set_priority(thread_id=96, prio=900)
[W : PPU[1] Thread (CPUThread)[0x0100a04c]]: sys_lwmutex warning: *** lwmutex created [] (attribute=0x12): sq_id = 97
[W : PPU[1] Thread (CPUThread)[0x000caf2c]]: sys_mutex warning: *** mutex created [] (protocol=0x2, recursive=true): id = 98
[W : PPU[1] Thread (CPUThread)[0x000caf60]]: sys_cond warning: *** condition on recursive mutex(98)
[W : PPU[1] Thread (CPUThread)[0x000caf60]]: sys_cond warning: *** condition created [] (mutex_id=98): id = 99
[! : PPU[1] Thread (CPUThread)[0x0100a028]]: *** New PPU Thread [CriThread] (): id = 100
[W : PPU[1] Thread (CPUThread)[0x000cbcc8]]: sysPrxForUser warning: sys_ppu_thread_set_priority(thread_id=100, prio=900)
[W : PPU[1] Thread (CPUThread)[0x0100a04c]]: sys_lwmutex warning: *** lwmutex created [] (attribute=0x12): sq_id = 101
[W : PPU[1] Thread (CPUThread)[0x000caf2c]]: sys_mutex warning: *** mutex created [] (protocol=0x2, recursive=true): id = 102
[W : PPU[1] Thread (CPUThread)[0x000caf60]]: sys_cond warning: *** condition on recursive mutex(102)
[W : PPU[1] Thread (CPUThread)[0x000caf60]]: sys_cond warning: *** condition created [] (mutex_id=102): id = 103
[! : PPU[1] Thread (CPUThread)[0x0100a028]]: *** New PPU Thread [CriThread] (): id = 104
[W : PPU[1] Thread (CPUThread)[0x000cbcc8]]: sysPrxForUser warning: sys_ppu_thread_set_priority(thread_id=104, prio=1100)
[W : PPU[1] Thread (CPUThread)[0x0100a04c]]: sys_lwmutex warning: *** lwmutex created [] (attribute=0x12): sq_id = 105
[W : PPU[1] Thread (CPUThread)[0x0100a04c]]: sys_lwmutex warning: *** lwmutex created [] (attribute=0x12): sq_id = 106
[W : PPU[1] Thread (CPUThread)[0x0100a04c]]: sys_lwmutex warning: *** lwmutex created [] (attribute=0x12): sq_id = 107
[W : PPU[1] Thread (CPUThread)[0x0100a04c]]: sys_lwmutex warning: *** lwmutex created [] (attribute=0x12): sq_id = 108
[W : PPU[1] Thread (CPUThread)[0x0100a04c]]: sys_lwmutex warning: *** lwmutex created [] (attribute=0x12): sq_id = 109
[W : PPU[1] Thread (CPUThread)[0x0100a04c]]: sys_lwmutex warning: *** lwmutex created [] (attribute=0x12): sq_id = 110
[W : PPU[1] Thread (CPUThread)[0x0100a04c]]: sys_lwmutex warning: *** lwmutex created [] (attribute=0x12): sq_id = 111
[W : PPU[1] Thread (CPUThread)[0x0100a04c]]: sys_lwmutex warning: *** lwmutex created [] (attribute=0x12): sq_id = 112
[W : PPU[1] Thread (CPUThread)[0x0100a04c]]: sys_lwmutex warning: *** lwmutex created [] (attribute=0x12): sq_id = 113
[W : PPU[1] Thread (CPUThread)[0x0100a04c]]: sys_lwmutex warning: *** lwmutex created [] (attribute=0x12): sq_id = 114
[W : PPU[1] Thread (CPUThread)[0x0100a04c]]: sys_lwmutex warning: *** lwmutex created [] (attribute=0x12): sq_id = 115
[W : PPU[1] Thread (CPUThread)[0x0100a04c]]: sys_lwmutex warning: *** lwmutex created [] (attribute=0x12): sq_id = 116
[W : PPU[1] Thread (CPUThread)[0x0005a9bc]]: sys_mutex warning: *** mutex created [] (protocol=0x2, recursive=true): id = 117
[W : PPU[1] Thread (CPUThread)[0x0005a9f0]]: sys_cond warning: *** condition on recursive mutex(117)
[W : PPU[1] Thread (CPUThread)[0x0005a9f0]]: sys_cond warning: *** condition created [] (mutex_id=117): id = 118
[W : PPU[1] Thread (CPUThread)[0x0100a04c]]: sys_lwmutex warning: *** lwmutex created [] (attribute=0x12): sq_id = 119
[! : PPU[1] Thread (CPUThread)[0x0100a028]]: *** New PPU Thread [cri_dlg] (): id = 120
[W : PPU[1] Thread (CPUThread)[0x0100a04c]]: sys_lwmutex warning: *** lwmutex created [] (attribute=0x12): sq_id = 121
[W : PPU[1] Thread (CPUThread)[0x0100a04c]]: sys_lwmutex warning: *** lwmutex created [] (attribute=0x12): sq_id = 122
[W : PPU[1] Thread (CPUThread)[0x0100a04c]]: sys_lwmutex warning: *** lwmutex created [] (attribute=0x12): sq_id = 123
[W : PPU[1] Thread (CPUThread)[0x0005a9bc]]: sys_mutex warning: *** mutex created [] (protocol=0x2, recursive=true): id = 124
[W : PPU[1] Thread (CPUThread)[0x0005a9f0]]: sys_cond warning: *** condition on recursive mutex(124)
[W : PPU[1] Thread (CPUThread)[0x0005a9f0]]: sys_cond warning: *** condition created [] (mutex_id=124): id = 125
[W : PPU[1] Thread (CPUThread)[0x0100a04c]]: sys_lwmutex warning: *** lwmutex created [] (attribute=0x12): sq_id = 126
[! : PPU[1] Thread (CPUThread)[0x0100a028]]: *** New PPU Thread [cri_dlg] (): id = 127
[W : PPU[1] Thread (CPUThread)[0x0100a04c]]: sys_lwmutex warning: *** lwmutex created [] (attribute=0x12): sq_id = 128
[W : PPU[1] Thread (CPUThread)[0x0100a04c]]: sys_lwmutex warning: *** lwmutex created [] (attribute=0x12): sq_id = 129
[W : PPU[1] Thread (CPUThread)[0x00114a00]]: sys_mutex warning: *** mutex created [] (protocol=0x2, recursive=true): id = 130
[! : PPU[1] Thread (CPUThread)[0x0100a028]]: *** New PPU Thread [HDD Cache Server] (): id = 131
[W : PPU[1] Thread (CPUThread)[0x00ff201c]]: cellSysmodule warning: cellSysmoduleIsLoaded(CELL_SYSMODULE_AUDIO)
[W : PPU[1] Thread (CPUThread)[0x00ff2010]]: cellSysmodule warning: cellSysmoduleLoadModule(CELL_SYSMODULE_AUDIO)
[W : PPU[1] Thread (CPUThread)[0x00fe8088]]: cellSysutil warning: cellAudioOutConfigure(audioOut=0, config_addr=0xd0010614, option_addr=0x0, (!)waitForEvent=0)
[W : PPU[1] Thread (CPUThread)[0x00ffe004]]: cellAudio warning: cellAudioInit()
[! : Audio Thread]: Audio started
[W : PPU[131] Thread (HDD Cache Server)[0x00ff0040]]: sys_fs warning: cellFsStat: "/dev_hdd1/cache/BLES00971//cache" not found.
[W : PPU[1] Thread (CPUThread)[0x0003235c]]: libmixer warning: cellSurMixerCreate(config_addr=0xd0010624)
[W : PPU[1] Thread (CPUThread)[0x0003235c]]: libmixer warning: *** surMixer created (ch1=0, ch2=0, ch6=0, ch8=0)
[W : PPU[1] Thread (CPUThread)[0x0002f640]]: libmixer warning: cellSurMixerSetNotifyCallback(func_addr=0x4f2cb8, arg=0x0) (surMixerCb=0x0)
[W : PPU[1] Thread (CPUThread)[0x0002f608]]: libmixer warning: cellSurMixerGetAANHandle(handle_addr=0xd0010610) -> 0x11111111
[W : PPU[1] Thread (CPUThread)[0x0100a04c]]: sys_lwmutex warning: *** lwmutex created [] (attribute=0x12): sq_id = 132
[W : PPU[1] Thread (CPUThread)[0x0100a04c]]: sys_lwmutex warning: *** lwmutex created [] (attribute=0x12): sq_id = 133
[W : PPU[1] Thread (CPUThread)[0x0003856c]]: sys_mutex warning: *** mutex created [] (protocol=0x2, recursive=true): id = 134
[W : PPU[1] Thread (CPUThread)[0x000385a4]]: sys_cond warning: *** condition on recursive mutex(134)
[W : PPU[1] Thread (CPUThread)[0x000385a4]]: sys_cond warning: *** condition created [] (mutex_id=134): id = 135
[W : PPU[1] Thread (CPUThread)[0x0003856c]]: sys_mutex warning: *** mutex created [] (protocol=0x2, recursive=true): id = 136
[W : PPU[1] Thread (CPUThread)[0x000385a4]]: sys_cond warning: *** condition on recursive mutex(136)
[W : PPU[1] Thread (CPUThread)[0x000385a4]]: sys_cond warning: *** condition created [] (mutex_id=136): id = 137
[W : PPU[1] Thread (CPUThread)[0x0003856c]]: sys_mutex warning: *** mutex created [] (protocol=0x2, recursive=true): id = 138
[W : PPU[1] Thread (CPUThread)[0x000385a4]]: sys_cond warning: *** condition on recursive mutex(138)
[W : PPU[1] Thread (CPUThread)[0x000385a4]]: sys_cond warning: *** condition created [] (mutex_id=138): id = 139
[W : PPU[1] Thread (CPUThread)[0x0003856c]]: sys_mutex warning: *** mutex created [] (protocol=0x2, recursive=true): id = 140
[W : PPU[1] Thread (CPUThread)[0x000385a4]]: sys_cond warning: *** condition on recursive mutex(140)
[W : PPU[1] Thread (CPUThread)[0x000385a4]]: sys_cond warning: *** condition created [] (mutex_id=140): id = 141
[W : PPU[1] Thread (CPUThread)[0x0100a04c]]: sys_lwmutex warning: *** lwmutex created [] (attribute=0x12): sq_id = 142
[W : PPU[1] Thread (CPUThread)[0x0100a04c]]: sys_lwmutex warning: *** lwmutex created [] (attribute=0x12): sq_id = 143
[W : PPU[1] Thread (CPUThread)[0x0100a04c]]: sys_lwmutex warning: *** lwmutex created [] (attribute=0x12): sq_id = 144
[W : PPU[1] Thread (CPUThread)[0x0100a04c]]: sys_lwmutex warning: *** lwmutex created [] (attribute=0x12): sq_id = 145
[W : PPU[1] Thread (CPUThread)[0x0100a04c]]: sys_lwmutex warning: *** lwmutex created [] (attribute=0x12): sq_id = 146
[W : PPU[1] Thread (CPUThread)[0x0100a04c]]: sys_lwmutex warning: *** lwmutex created [] (attribute=0x12): sq_id = 147
[W : PPU[1] Thread (CPUThread)[0x0100a04c]]: sys_lwmutex warning: *** lwmutex created [] (attribute=0x12): sq_id = 148
[W : PPU[1] Thread (CPUThread)[0x0100a04c]]: sys_lwmutex warning: *** lwmutex created [] (attribute=0x12): sq_id = 149
[W : PPU[1] Thread (CPUThread)[0x0100a04c]]: sys_lwmutex warning: *** lwmutex created [] (attribute=0x12): sq_id = 150
[! : PPU[1] Thread (CPUThread)[0x0100a028]]: *** New PPU Thread [cri_adxm_vv_proc] (): id = 151
[W : PPU[1] Thread (CPUThread)[0x0100a04c]]: sys_lwmutex warning: *** lwmutex created [] (attribute=0x12): sq_id = 152
[! : PPU[1] Thread (CPUThread)[0x0100a028]]: *** New PPU Thread [cri_adxm_vsync_proc] (): id = 153
[W : PPU[1] Thread (CPUThread)[0x0100a04c]]: sys_lwmutex warning: *** lwmutex created [] (attribute=0x12): sq_id = 154
[! : PPU[1] Thread (CPUThread)[0x0100a028]]: *** New PPU Thread [cri_adxm_fs_proc] (): id = 155
[W : PPU[1] Thread (CPUThread)[0x0100a04c]]: sys_lwmutex warning: *** lwmutex created [] (attribute=0x12): sq_id = 156
[! : PPU[1] Thread (CPUThread)[0x0100a028]]: *** New PPU Thread [cri_adxm_idle_proc] (): id = 157
[W : PPU[1] Thread (CPUThread)[0x00038aa0]]: sysPrxForUser warning: sys_ppu_thread_set_priority(thread_id=1, prio=1001)
[W : PPU[1] Thread (CPUThread)[0x00031790]]: libmixer warning: cellSurMixerStart()
[W : PPU[1] Thread (CPUThread)[0x00031790]]: libmixer warning: *** audio port opened(default)
[W : PPU[1] Thread (CPUThread)[0x0100a04c]]: sys_lwmutex warning: *** lwmutex created [] (attribute=0x12): sq_id = 159
[W : PPU[1] Thread (CPUThread)[0x0100a04c]]: sys_lwmutex warning: *** lwmutex created [] (attribute=0x12): sq_id = 160
[W : PPU[1] Thread (CPUThread)[0x0100a04c]]: sys_lwmutex warning: *** lwmutex created [] (attribute=0x12): sq_id = 161
[W : PPU[1] Thread (CPUThread)[0x0100a04c]]: sys_lwmutex warning: *** lwmutex created [] (attribute=0x12): sq_id = 162
[W : PPU[1] Thread (CPUThread)[0x0100a04c]]: sys_lwmutex warning: *** lwmutex created [] (attribute=0x12): sq_id = 163
[W : PPU[1] Thread (CPUThread)[0x0100a04c]]: sys_lwmutex warning: *** lwmutex created [] (attribute=0x12): sq_id = 164
[W : PPU[1] Thread (CPUThread)[0x0100a04c]]: sys_lwmutex warning: *** lwmutex created [] (attribute=0x12): sq_id = 165
[W : PPU[1] Thread (CPUThread)[0x0100a04c]]: sys_lwmutex warning: *** lwmutex created [] (attribute=0x12): sq_id = 166
[W : PPU[1] Thread (CPUThread)[0x0100a04c]]: sys_lwmutex warning: *** lwmutex created [] (attribute=0x12): sq_id = 167
[W : PPU[1] Thread (CPUThread)[0x0100a04c]]: sys_lwmutex warning: *** lwmutex created [] (attribute=0x12): sq_id = 168
[W : PPU[1] Thread (CPUThread)[0x0100a04c]]: sys_lwmutex warning: *** lwmutex created [] (attribute=0x12): sq_id = 169
[W : PPU[1] Thread (CPUThread)[0x0100a04c]]: sys_lwmutex warning: *** lwmutex created [] (attribute=0x12): sq_id = 170
[W : PPU[1] Thread (CPUThread)[0x0100a04c]]: sys_lwmutex warning: *** lwmutex created [] (attribute=0x12): sq_id = 171
[W : PPU[1] Thread (CPUThread)[0x0100a04c]]: sys_lwmutex warning: *** lwmutex created [] (attribute=0x12): sq_id = 172
[W : PPU[1] Thread (CPUThread)[0x0100a04c]]: sys_lwmutex warning: *** lwmutex created [] (attribute=0x12): sq_id = 173
[W : PPU[1] Thread (CPUThread)[0x0100a04c]]: sys_lwmutex warning: *** lwmutex created [] (attribute=0x12): sq_id = 174
[W : PPU[1] Thread (CPUThread)[0x0100a04c]]: sys_lwmutex warning: *** lwmutex created [] (attribute=0x12): sq_id = 175
[W : PPU[1] Thread (CPUThread)[0x0100a04c]]: sys_lwmutex warning: *** lwmutex created [] (attribute=0x12): sq_id = 176
[W : PPU[1] Thread (CPUThread)[0x0100a04c]]: sys_lwmutex warning: *** lwmutex created [] (attribute=0x12): sq_id = 177
[W : PPU[1] Thread (CPUThread)[0x0100a04c]]: sys_lwmutex warning: *** lwmutex created [] (attribute=0x12): sq_id = 178
[W : PPU[1] Thread (CPUThread)[0x0100a04c]]: sys_lwmutex warning: *** lwmutex created [] (attribute=0x12): sq_id = 179
[W : PPU[1] Thread (CPUThread)[0x0100a04c]]: sys_lwmutex warning: *** lwmutex created [] (attribute=0x12): sq_id = 180
[W : PPU[1] Thread (CPUThread)[0x0100a04c]]: sys_lwmutex warning: *** lwmutex created [] (attribute=0x12): sq_id = 181
[W : PPU[1] Thread (CPUThread)[0x0100a04c]]: sys_lwmutex warning: *** lwmutex created [] (attribute=0x12): sq_id = 182
[W : PPU[1] Thread (CPUThread)[0x0100a04c]]: sys_lwmutex warning: *** lwmutex created [] (attribute=0x12): sq_id = 183
[W : PPU[1] Thread (CPUThread)[0x0100a04c]]: sys_lwmutex warning: *** lwmutex created [] (attribute=0x12): sq_id = 184
[W : PPU[1] Thread (CPUThread)[0x0100a04c]]: sys_lwmutex warning: *** lwmutex created [] (attribute=0x12): sq_id = 185
[W : PPU[1] Thread (CPUThread)[0x0100a04c]]: sys_lwmutex warning: *** lwmutex created [] (attribute=0x12): sq_id = 186
[W : PPU[1] Thread (CPUThread)[0x0100a04c]]: sys_lwmutex warning: *** lwmutex created [] (attribute=0x12): sq_id = 187
[W : PPU[1] Thread (CPUThread)[0x0100a04c]]: sys_lwmutex warning: *** lwmutex created [] (attribute=0x12): sq_id = 188
[W : PPU[1] Thread (CPUThread)[0x0100a04c]]: sys_lwmutex warning: *** lwmutex created [] (attribute=0x12): sq_id = 189
[W : PPU[1] Thread (CPUThread)[0x0100a04c]]: sys_lwmutex warning: *** lwmutex created [] (attribute=0x12): sq_id = 190
[W : PPU[1] Thread (CPUThread)[0x0005a9bc]]: sys_mutex warning: *** mutex created [] (protocol=0x2, recursive=true): id = 191
[W : PPU[1] Thread (CPUThread)[0x0005a9f0]]: sys_cond warning: *** condition on recursive mutex(191)
[W : PPU[1] Thread (CPUThread)[0x0005a9f0]]: sys_cond warning: *** condition created [] (mutex_id=191): id = 192
[W : PPU[1] Thread (CPUThread)[0x0100a04c]]: sys_lwmutex warning: *** lwmutex created [] (attribute=0x12): sq_id = 193
[! : PPU[1] Thread (CPUThread)[0x0100a028]]: *** New PPU Thread [cri_dlg] (): id = 194
[W : PPU[1] Thread (CPUThread)[0x0100a04c]]: sys_lwmutex warning: *** lwmutex created [] (attribute=0x12): sq_id = 195
[W : PPU[1] Thread (CPUThread)[0x0100a04c]]: sys_lwmutex warning: *** lwmutex created [] (attribute=0x12): sq_id = 196
[E : PPU[1] Thread (CPUThread)[0x00fe8058]]: TODO: cellSysutilEnableBgmPlayback
[W : PPU[1] Thread (CPUThread)[0x00ff2010]]: cellSysmodule warning: cellSysmoduleLoadModule(CELL_SYSMODULE_SYSUTIL_NP)
[! : PPU[1] Thread (CPUThread)[0x0100a028]]: *** New PPU Thread [gdatGetPath] (): id = 197
[E : PPU[197] Thread (gdatGetPath)[0x00ffc028]]: cellGame error: Unimplemented function: cellGameDataCheck
[W : PPU[197] Thread (gdatGetPath)[0x00ffc004]]: cellGame warning: cellGameContentPermit(contentInfoPath_addr=0x3b4ef02a, usrdirPath_addr=0x3b4eef2b)
[! : PPU[1] Thread (CPUThread)[0x0100a028]]: *** New PPU Thread [EntryArchive] (): id = 198
[W : PPU[198] Thread (EntryArchive)[0x00ffc034]]: cellGame warning: cellGameBootCheck(type_addr=0xd0130aa4, attributes_addr=0xd0130aa0, size_addr=0xd0130aa8, dirName_addr=0xd0130ab8)
[W : PPU[198] Thread (EntryArchive)[0x00ffc034]]: cellGame warning: cellGameBootCheck(type_addr=0xd0130aa4, attributes_addr=0xd0130aa0, size_addr=0xd0130aa8, dirName_addr=0xd0130ab8)
[W : PPU[198] Thread (EntryArchive)[0x00ffc034]]: cellGame warning: cellGameBootCheck(type_addr=0xd0130aa4, attributes_addr=0xd0130aa0, size_addr=0xd0130aa8, dirName_addr=0xd0130ab8)
[E : PPU[1] Thread (CPUThread)[0x00ff4088]]: TODO: cellSpursReadyCountStore
[E : PPU[1] Thread (CPUThread)[0x00ff4034]]: TODO: cellSpursWakeUp
[E : PPU[1] Thread (CPUThread)[0x00ff4088]]: TODO: cellSpursReadyCountStore
[W : PPU[198] Thread (EntryArchive)[0x00ffc034]]: cellGame warning: cellGameBootCheck(type_addr=0xd0130aa4, attributes_addr=0xd0130aa0, size_addr=0xd0130aa8, dirName_addr=0xd0130ab8)
[E : PPU[1] Thread (CPUThread)[0x00ff4034]]: TODO: cellSpursWakeUp
[W : PPU[198] Thread (EntryArchive)[0x00ffc034]]: cellGame warning: cellGameBootCheck(type_addr=0xd0130aa4, attributes_addr=0xd0130aa0, size_addr=0xd0130aa8, dirName_addr=0xd0130ab8)
[W : PPU[198] Thread (EntryArchive)[0x00ffc034]]: cellGame warning: cellGameBootCheck(type_addr=0xd0130aa4, attributes_addr=0xd0130aa0, size_addr=0xd0130aa8, dirName_addr=0xd0130ab8)
[W : PPU[198] Thread (EntryArchive)[0x00ffc034]]: cellGame warning: cellGameBootCheck(type_addr=0xd0130aa4, attributes_addr=0xd0130aa0, size_addr=0xd0130aa8, dirName_addr=0xd0130ab8)
[W : PPU[198] Thread (EntryArchive)[0x00ffc034]]: cellGame warning: cellGameBootCheck(type_addr=0xd0130aa4, attributes_addr=0xd0130aa0, size_addr=0xd0130aa8, dirName_addr=0xd0130ab8)
[W : PPU[198] Thread (EntryArchive)[0x00ffc034]]: cellGame warning: cellGameBootCheck(type_addr=0xd0130aa4, attributes_addr=0xd0130aa0, size_addr=0xd0130aa8, dirName_addr=0xd0130ab8)
[W : PPU[198] Thread (EntryArchive)[0x00ffc034]]: cellGame warning: cellGameBootCheck(type_addr=0xd0130aa4, attributes_addr=0xd0130aa0, size_addr=0xd0130aa8, dirName_addr=0xd0130ab8)
[W : PPU[198] Thread (EntryArchive)[0x00ffc034]]: cellGame warning: cellGameBootCheck(type_addr=0xd0130aa4, attributes_addr=0xd0130aa0, size_addr=0xd0130aa8, dirName_addr=0xd0130ab8)
[E : PPU[1] Thread (CPUThread)[0x003ee680]]: Read32 from null block: [30012000301cf698]
[W : PPU[92] Thread (CriThread)[0x00ff0034]]: *** cellFsOpen(path="/dev_bdvd/PS3_GAME/USRDIR/contents/system.cpk"): fd = 199
[W : PPU[194] Thread (cri_dlg)[0x0005aca8]]: sys_cond_wait(id=192) aborted
[W : PPU[127] Thread (cri_dlg)[0x0005aca8]]: sys_cond_wait(id=125) aborted
[W : Surmixer Thread]: Surmixer aborted
[W : PPU[120] Thread (cri_dlg)[0x0005aca8]]: sys_cond_wait(id=118) aborted
[W : PPU[104] Thread (CriThread)[0x000cb028]]: sys_cond_wait(id=103) aborted
[W : PPU[153] Thread (cri_adxm_vsync_proc)[0x0003818c]]: sys_cond_wait(id=135) aborted
[W : PPU[70] Thread (spu_printf_handler)[0x003c1190]]: sys_event_queue_receive(equeue=69) aborted
[W : PPU[100] Thread (CriThread)[0x000caff8]]: sys_mutex warning: sys_mutex_lock(id=98) aborted
[W : PPU[155] Thread (cri_adxm_fs_proc)[0x0003818c]]: sys_cond_wait(id=137) aborted
[W : Audio Thread]: Audio aborted
[! : RSXThread]: RSX thread exit...
[W : PPU[157] Thread (cri_adxm_idle_proc)[0x0003818c]]: sys_cond_wait(id=139) aborted
[!]: Mutex(82) was owned by thread 84 (recursive=1)
[!]: Mutex(86) was owned by thread 88 (recursive=1)
[!]: Mutex(94) was owned by thread 96 (recursive=1)
[!]: Mutex(98) was owned by thread 198 (recursive=1)
[!]: Closing memory...
