[!]: path: /dev_hdd0/game/
[W]: SELF: No NPDRM control info found!
[!]: Loading 'D:\Emulateurs\Rpcs3\dev_hdd0\game\BLES01848-[Time and Eternity]\PS3_GAME\USRDIR/BOOT.BIN'...
[!]: Mount info:
[!]: /dev_hdd0/ -> D:\Emulateurs\Rpcs3\dev_hdd0\
[!]: /dev_hdd1/ -> D:\Emulateurs\Rpcs3\dev_hdd1\
[!]: /dev_flash/ -> D:\Emulateurs\Rpcs3\dev_flash\
[!]: /dev_usb000/ -> D:\Emulateurs\Rpcs3\dev_usb000\
[!]: /dev_usb/ -> D:\Emulateurs\Rpcs3\dev_usb000\
[!]: /app_home/ -> D:\Emulateurs\Rpcs3\dev_hdd0\game\BLES01848-[Time and Eternity]\PS3_GAME\\USRDIR\
[!]: /dev_bdvd/ -> D:\Emulateurs\Rpcs3\dev_hdd0\game\BLES01848-[Time and Eternity]\PS3_GAME\\..\
[!]: /host_root/ -> 
[!]: ///resource/ -> D:\Emulateurs\Rpcs3\dev_hdd0\game\BLES01848-[Time and Eternity]\PS3_GAME\\USRDIR\resource\
[!]: /app_home/Game/PS3_GAME/USRDIR/ -> D:\Emulateurs\Rpcs3\dev_hdd0\game\BLES01848-[Time and Eternity]\PS3_GAME\\USRDIR\
[!]: /app_home/PS3_GAME/USRDIR/media/ -> D:\Emulateurs\Rpcs3\dev_hdd0\game\BLES01848-[Time and Eternity]\PS3_GAME\\USRDIR\media\
[!]: /Data/ -> D:\Emulateurs\Rpcs3\dev_hdd0\game\BLES01848-[Time and Eternity]\PS3_GAME\\USRDIR\Data\
[!]: /USRDIR/PS3_GAME/USRDIR/Data/ -> D:\Emulateurs\Rpcs3\dev_hdd0\game\BLES01848-[Time and Eternity]\PS3_GAME\\USRDIR\Data\
[!]: /app_home//dev_bdvd/PS3_GAME/USRDIR/data/gos/ -> D:\Emulateurs\Rpcs3\dev_hdd0\game\BLES01848-[Time and Eternity]\PS3_GAME\\USRDIR\
[!]: BD/ -> D:\Emulateurs\Rpcs3\dev_hdd0\game\BLES01848-[Time and Eternity]\PS3_GAME\\USRDIR\
[!]: //dev_bdvd/PS3_GAME/USRDIR/ -> D:\Emulateurs\Rpcs3\dev_hdd0\game\BLES01848-[Time and Eternity]\PS3_GAME\\USRDIR\
[!]: / -> D:\Emulateurs\Rpcs3\dev_hdd0\game\BLES01848-[Time and Eternity]\PS3_GAME\\USRDIR\
[!]: // -> D:\Emulateurs\Rpcs3\dev_hdd0\game\BLES01848-[Time and Eternity]\PS3_GAME\\USRDIR\
[!]: Initing memory...
[!]: Memory initialized.
[!]: Function 'cellSurMixerGetAANHandle' hooked (addr=0x270e8)
[!]: Function 'cellSurMixerSetNotifyCallback' hooked (addr=0x27120)
[!]: Function 'cellSurMixerRemoveNotifyCallback' hooked (addr=0x271b4)
[!]: Function 'cellSurMixerSurBusAddData' hooked (addr=0x27244)
[!]: Function 'cellSurMixerGetCurrentBlockTag' hooked (addr=0x272f4)
[!]: Function 'cellSurMixerChStripGetAANPortNo' hooked (addr=0x27b50)
[!]: Function 'cellSurMixerBeep' hooked (addr=0x27b8c)
[!]: Function 'cellSurMixerChStripSetParameter' hooked (addr=0x27f68)
[!]: Function 'cellSurMixerPause' hooked (addr=0x2821c)
[!]: Function 'cellSurMixerGetTimestamp' hooked (addr=0x29834)
[!]: Function 'cellSurMixerSetParameter' hooked (addr=0x2989c)
[!]: Function 'cellSurMixerStart' hooked (addr=0x2996c)
[!]: Function 'cellSurMixerFinalize' hooked (addr=0x29c74)
[!]: Function 'cellSurMixerCreate' hooked (addr=0x2a538)
[S]: Function group [surmixer] successfully hooked
[W]: Unknown function 0x33435818 in 'cellL10n' module
[E]: TODO: SJISstoUTF8s
[W]: Unknown function 0x596df41c in 'cellL10n' module
[E]: TODO: UCS2toSJIS
[W]: Unknown function 0xa298cad2 in 'cellL10n' module
[E]: TODO: l10n_convert_str
[W]: Unknown function 0xcc1633cc in 'cellL10n' module
[E]: TODO: l10n_get_converter
[W]: Unknown function 0xdd5ebdeb in 'cellL10n' module
[E]: TODO: UTF8stoSJISs
[W]: Unknown function 0x6122e000 in 'cellL10n' module
[E]: TODO: SJIStoUTF8
[W]: Unknown function 0x931ff25a in 'cellL10n' module
[E]: TODO: L10nConvertStr
[W]: Unknown function 0xa9a76fb8 in 'cellL10n' module
[E]: TODO: UCS2toUTF8
[W]: Unknown module 'sceNpCommerce2'
[W]: Unknown function 0x41251f74 in 'sceNp2' module
[E]: TODO: sceNp2Init
[W]: Unknown function 0xaadb7c12 in 'sceNp2' module
[E]: TODO: sceNp2Term
[W]: Unknown function 0xdc494430 in 'cellGcmSys' module
[E]: TODO: cellGcmSetSecondVHandler
[W]: Unknown function 0x21425307 in 'cellSysutil' module
[E]: TODO: cellSaveDataListAutoLoad
[W]: Unknown function 0x4dd03a4e in 'cellSysutil' module
[E]: TODO: cellSaveDataListAutoSave
[W]: Unknown function 0x8b7ed64b in 'cellSysutil' module
[E]: TODO: cellSaveDataAutoSave2
[W]: Unknown function 0xedadd797 in 'cellSysutil' module
[E]: TODO: cellSaveDataDelete2
[W]: Unknown function 0xfbd5c856 in 'cellSysutil' module
[E]: TODO: cellSaveDataAutoLoad2
[W]: Unknown function 0x1d99c3ee in 'cellSysutil' module
[E]: TODO: cellOskDialogGetInputText
[W]: Unknown function 0x20543730 in 'cellSysutil' module
[E]: TODO: cellMsgDialogClose
[W]: Unknown function 0x3d1e1931 in 'cellSysutil' module
[E]: TODO: cellOskDialogUnloadAsync
[W]: Unknown function 0x41f20828 in 'cellSysutil' module
[E]: TODO: cellOskDialogDisableDimmer
[W]: Unknown function 0x62b0f803 in 'cellSysutil' module
[E]: TODO: cellMsgDialogAbort
[W]: Unknown function 0x7bc2c8a8 in 'cellSysutil' module
[E]: TODO: cellMsgDialogProgressBarReset
[W]: Unknown function 0x7f21c918 in 'cellSysutil' module
[E]: TODO: cellOskDialogAddSupportLanguage
[W]: Unknown function 0x7fcfc915 in 'cellSysutil' module
[E]: TODO: cellOskDialogLoadAsync
[W]: Unknown function 0x94862702 in 'cellSysutil' module
[E]: TODO: cellMsgDialogProgressBarInc
[W]: Unknown function 0xb53c54fa in 'cellSysutil' module
[E]: TODO: cellOskDialogSetKeyLayoutOption
[W]: Unknown function 0xc427890c in 'cellSysutil' module
[E]: TODO: cellOskDialogSetInitialKeyLayout
[W]: Unknown function 0xf0ec3ccc in 'cellSysutil' module
[E]: TODO: cellOskDialogSetLayoutMode
[W]: Unknown function 0x16394a4e in 'cellSpurs' module
[E]: TODO: _cellSpursTasksetAttributeInitialize
[W]: Unknown function 0x4ac7bae4 in 'cellSpurs' module
[E]: TODO: cellSpursEventFlagClear
[W]: Unknown function 0x5ef96465 in 'cellSpurs' module
[E]: TODO: _cellSpursEventFlagInitialize
[W]: Unknown function 0x652b70e2 in 'cellSpurs' module
[E]: TODO: cellSpursTasksetAttributeSetName
[W]: Unknown function 0x6d2d9339 in 'cellSpurs' module
[E]: TODO: cellSpursEventFlagTryWait
[W]: Unknown function 0xc10931cb in 'cellSpurs' module
[E]: TODO: cellSpursCreateTasksetWithAttribute
[W]: Unknown function 0x011ee38b in 'cellSpurs' module
[E]: TODO: _cellSpursLFQueueInitialize
[W]: Unknown function 0x039d70b7 in 'cellSpurs' module
[E]: TODO: cellSpursQueueDetachLv2EventQueue
[W]: Unknown function 0x082bfb09 in 'cellSpurs' module
[E]: TODO: _cellSpursQueueInitialize
[W]: Unknown function 0x1656d49f in 'cellSpurs' module
[E]: TODO: cellSpursLFQueueAttachLv2EventQueue
[W]: Unknown function 0x1d46fedf in 'cellSpurs' module
[E]: TODO: cellSpursCreateTaskWithAttribute
[W]: Unknown function 0x1ebcf459 in 'cellSpurs' module
[E]: TODO: cellSpursDestroyTaskset2
[W]: Unknown function 0x303c19cd in 'cellSpurs' module
[E]: TODO: cellSpursCreateJobChainWithAttribute
[W]: Unknown function 0x3548f483 in 'cellSpurs' module
[E]: TODO: _cellSpursJobChainAttributeInitialize
[W]: Unknown function 0x4a6465e3 in 'cellSpurs' module
[E]: TODO: cellSpursCreateTaskset2
[W]: Unknown function 0x738e40e6 in 'cellSpurs' module
[E]: TODO: cellSpursShutdownJobChain
[W]: Unknown function 0x73e06f91 in 'cellSpurs' module
[E]: TODO: cellSpursLFQueueDetachLv2EventQueue
[W]: Unknown function 0x8a85674d in 'cellSpurs' module
[E]: TODO: _cellSpursLFQueuePushBody
[W]: Unknown function 0x91066667 in 'cellSpurs' module
[E]: TODO: cellSpursQueuePopBody
[W]: Unknown function 0x92cff6ed in 'cellSpurs' module
[E]: TODO: cellSpursQueuePushBody
[W]: Unknown function 0x9fef70c2 in 'cellSpurs' module
[E]: TODO: cellSpursJobChainAttributeSetName
[W]: Unknown function 0xa7a94892 in 'cellSpurs' module
[E]: TODO: cellSpursJoinTask2
[W]: Unknown function 0xa7c066de in 'cellSpurs' module
[E]: TODO: cellSpursJoinJobChain
[W]: Unknown function 0xb8474eff in 'cellSpurs' module
[E]: TODO: _cellSpursTaskAttributeInitialize
[W]: Unknown function 0xc2acdf43 in 'cellSpurs' module
[E]: TODO: _cellSpursTasksetAttribute2Initialize
[W]: Unknown function 0xe4944a1c in 'cellSpurs' module
[E]: TODO: cellSpursCreateTask2WithBinInfo
[W]: Unknown function 0xe5443be7 in 'cellSpurs' module
[E]: TODO: cellSpursQueueAttachLv2EventQueue
[W]: Unknown function 0xf31731bb in 'cellSpurs' module
[E]: TODO: cellSpursRunJobChain
[W]: Unknown function 0xf5507729 in 'cellSpurs' module
[E]: TODO: cellSpursEventFlagSet
[W]: Unknown function 0x6d3bb15b in 'sys_fs' module
[E]: TODO: cellFsSdataOpenByFd
[W]: Unknown function 0x967a162b in 'sys_fs' module
[E]: TODO: cellFsFsync
[W]: Unknown module 'cellSysutilAvconfExt'
[W]: Unknown module 'cellSaveData'
[W]: Unknown function 0x4026eac5 in 'sceNp' module
[E]: TODO: sceNpBasicRegisterContextSensitiveHandler
[W]: Unknown function 0x52a6b523 in 'sceNp' module
[E]: TODO: sceNpManagerUnregisterCallback
[W]: Unknown function 0x5e849303 in 'sceNp' module
[E]: TODO: sceNpBasicSetPresenceDetails2
[W]: Unknown function 0x6ee62ed2 in 'sceNp' module
[E]: TODO: sceNpManagerGetContentRatingFlag
[W]: Unknown function 0xacb9ee8e in 'sceNp' module
[E]: TODO: sceNpBasicUnregisterHandler
[W]: Unknown function 0xe035f7d6 in 'sceNp' module
[E]: TODO: sceNpBasicGetEvent
[W]: Unknown function 0xe7dcd3b4 in 'sceNp' module
[E]: TODO: sceNpManagerRegisterCallback
[W]: Unknown function 0xeb7a3d84 in 'sceNp' module
[E]: TODO: sceNpManagerGetChatRestrictionFlag
[W]: Unknown function 0xfe37a7f4 in 'sceNp' module
[E]: TODO: sceNpManagerGetNpId
[W]: Unknown function 0x1dd3c4cd in 'cellResc' module
[E]: TODO: cellRescGetRegisterCount
[W]: Unknown function 0x7af8a37f in 'cellResc' module
[E]: TODO: cellRescSetRegisterCount
[W]: Unknown function 0xd3758645 in 'cellResc' module
[E]: TODO: cellRescSetVBlankHandler
[W]: Unknown function 0xe0cef79e in 'cellResc' module
[E]: TODO: cellRescCreateInterlaceTable
[W]: Unknown function 0x26090058 in 'sysPrxForUser' module
[E]: TODO: sys_prx_load_module
[W]: Unknown function 0x8a561d92 in 'sysPrxForUser' module
[E]: TODO: _sys_heap_free
[W]: Unknown function 0xa330ad84 in 'sysPrxForUser' module
[E]: TODO: sys_prx_load_module_on_memcontainer_by_fd
[W]: Unknown function 0xaa6d9bff in 'sysPrxForUser' module
[E]: TODO: sys_prx_load_module_on_memcontainer
[W]: Unknown function 0xaede4b03 in 'sysPrxForUser' module
[E]: TODO: _sys_heap_delete_heap
[W]: Unknown function 0xef68c17c in 'sysPrxForUser' module
[E]: TODO: sys_prx_load_module_by_fd
[W]: Unknown module 'cellOskExtUtility'
[W]: Unknown function 0x0e63c444 in 'cellCamera' module
[E]: TODO: cellCameraGetBufferInfoEx
[W]: Unknown function 0x21fc151f in 'cellCamera' module
[E]: TODO: cellCameraReadEx
[W]: Unknown function 0x456dc4aa in 'cellCamera' module
[E]: TODO: cellCameraStart
[W]: Unknown function 0x58bc5870 in 'cellCamera' module
[E]: TODO: cellCameraGetType
[W]: Unknown function 0x5ad46570 in 'cellCamera' module
[E]: TODO: cellCameraEnd
[W]: Unknown function 0x5d25f866 in 'cellCamera' module
[E]: TODO: cellCameraOpenEx
[W]: Unknown function 0x81f83db9 in 'cellCamera' module
[E]: TODO: cellCameraReset
[W]: Unknown function 0xbf47c5dd in 'cellCamera' module
[E]: TODO: cellCameraInit
[W]: Unknown module 'libgem'
[W : PPU[1] Thread (CPUThread)[0x00acc058]]: sys_lwmutex warning: *** lwmutex created [_lc_mtx] (attribute=0x12): sq_id = 3
[W : PPU[1] Thread (CPUThread)[0x000210a4]]: memory warning: sys_memory_get_user_memory_size(mem_info_addr=0xd0010c04)
[W : PPU[1] Thread (CPUThread)[0x00acc058]]: sys_lwmutex warning: *** lwmutex created [_lc_mtx] (attribute=0x12): sq_id = 4
[W : PPU[1] Thread (CPUThread)[0x00acc058]]: sys_lwmutex warning: *** lwmutex created [_lc_mtx] (attribute=0x12): sq_id = 5
[W : PPU[1] Thread (CPUThread)[0x00acc058]]: sys_lwmutex warning: *** lwmutex created [_lc_mtx] (attribute=0x12): sq_id = 6
[W : PPU[1] Thread (CPUThread)[0x00acc058]]: sys_lwmutex warning: *** lwmutex created [_lc_mtx] (attribute=0x12): sq_id = 7
[W : PPU[1] Thread (CPUThread)[0x00acc058]]: sys_lwmutex warning: *** lwmutex created [_lc_mtx] (attribute=0x12): sq_id = 8
[W : PPU[1] Thread (CPUThread)[0x00acc058]]: sys_lwmutex warning: *** lwmutex created [_lc_mtx] (attribute=0x12): sq_id = 9
[W : PPU[1] Thread (CPUThread)[0x00acc058]]: sys_lwmutex warning: *** lwmutex created [_lc_mtx] (attribute=0x12): sq_id = 10
[W : PPU[1] Thread (CPUThread)[0x00acc058]]: sys_lwmutex warning: *** lwmutex created [_lc_mtx] (attribute=0x12): sq_id = 11
[W : PPU[1] Thread (CPUThread)[0x00acc058]]: sys_lwmutex warning: *** lwmutex created [_lc_mtx] (attribute=0x12): sq_id = 12
[W : PPU[1] Thread (CPUThread)[0x00acc058]]: sys_lwmutex warning: *** lwmutex created [_lgcmtx] (attribute=0x12): sq_id = 13
[W : PPU[1] Thread (CPUThread)[0x00acc058]]: sys_lwmutex warning: *** lwmutex created [_lgcmtx] (attribute=0x22): sq_id = 14
[W : PPU[1] Thread (CPUThread)[0x00358eb4]]: cellSysutil warning: cellSysutilGetSystemParamInt: CELL_SYSUTIL_SYSTEMPARAM_ID_TIMEZONE
[W : PPU[1] Thread (CPUThread)[0x00358eb4]]: cellSysutil warning: cellSysutilGetSystemParamInt: CELL_SYSUTIL_SYSTEMPARAM_ID_SUMMERTIME
[W : PPU[1] Thread (CPUThread)[0x0035a9ac]]: cellSysutil warning: cellSysutilGetSystemParamInt: CELL_SYSUTIL_SYSTEMPARAM_ID_TIMEZONE
[W : PPU[1] Thread (CPUThread)[0x0035a9ac]]: cellSysutil warning: cellSysutilGetSystemParamInt: CELL_SYSUTIL_SYSTEMPARAM_ID_SUMMERTIME
[W : PPU[1] Thread (CPUThread)[0x00358f40]]: cellSysutil warning: cellSysutilGetSystemParamInt: CELL_SYSUTIL_SYSTEMPARAM_ID_TIMEZONE
[W : PPU[1] Thread (CPUThread)[0x00358f40]]: cellSysutil warning: cellSysutilGetSystemParamInt: CELL_SYSUTIL_SYSTEMPARAM_ID_SUMMERTIME
[W : PPU[1] Thread (CPUThread)[0x0035a9ac]]: cellSysutil warning: cellSysutilGetSystemParamInt: CELL_SYSUTIL_SYSTEMPARAM_ID_TIMEZONE
[W : PPU[1] Thread (CPUThread)[0x0035a9ac]]: cellSysutil warning: cellSysutilGetSystemParamInt: CELL_SYSUTIL_SYSTEMPARAM_ID_SUMMERTIME
[W : PPU[1] Thread (CPUThread)[0x00358e60]]: cellSysutil warning: cellSysutilGetSystemParamInt: CELL_SYSUTIL_SYSTEMPARAM_ID_TIMEZONE
[W : PPU[1] Thread (CPUThread)[0x00358e60]]: cellSysutil warning: cellSysutilGetSystemParamInt: CELL_SYSUTIL_SYSTEMPARAM_ID_SUMMERTIME
[W : PPU[1] Thread (CPUThread)[0x00358f40]]: cellSysutil warning: cellSysutilGetSystemParamInt: CELL_SYSUTIL_SYSTEMPARAM_ID_TIMEZONE
[W : PPU[1] Thread (CPUThread)[0x00358f40]]: cellSysutil warning: cellSysutilGetSystemParamInt: CELL_SYSUTIL_SYSTEMPARAM_ID_SUMMERTIME
[W : PPU[1] Thread (CPUThread)[0x00acc058]]: sys_lwmutex warning: *** lwmutex created [ps3HDDL] (attribute=0x12): sq_id = 15
[! : PPU[1] Thread (CPUThread)[0x00acc028]]: *** New PPU Thread [CThread] (): id = 16
[W : PPU[1] Thread (CPUThread)[0x000e2e9c]]: sysPrxForUser warning: sys_ppu_thread_join(thread_id=16, vptr_addr=0xd0010c10)
[W : PPU[16] Thread (CThread)[0x006fbc70]]: memory warning: sys_memory_get_user_memory_size(mem_info_addr=0xd0020ac0)
[W : PPU[16] Thread (CThread)[0x000a5594]]: memory warning: sys_memory_get_user_memory_size(mem_info_addr=0xd0020be0)
[W : PPU[16] Thread (CThread)[0x00acc058]]: sys_lwmutex warning: *** lwmutex created [pfw_mem] (attribute=0x22): sq_id = 17
[W : PPU[16] Thread (CThread)[0x00acc058]]: sys_lwmutex warning: *** lwmutex created [pfw_mem] (attribute=0x22): sq_id = 18
[W : PPU[16] Thread (CThread)[0x000a5604]]: sys_spu warning: sys_spu_initialize(max_usable_spu=6, max_raw_spu=0)
[W : PPU[16] Thread (CThread)[0x008cf0c4]]: cellGcmSys warning: cellGcmInitDefaultFifoMode(mode=0)
[W : PPU[16] Thread (CThread)[0x008cf040]]: cellGcmSys warning: cellGcmInit(context_addr=0x9f5490,cmdSize=0x100000,ioSize=0x200000,ioAddress=0x30200000)
[W : PPU[16] Thread (CThread)[0x008cf040]]: cellGcmSys warning: *** local memory(addr=0xc0000000, size=0xf900000)
[W : PPU[16] Thread (CThread)[0x008cf040]]: cellGcmSys warning: cellGcmMapEaIoAddress(ea=0x30200000, io=0x0, size=0x200000)
[! : RSXThread]: RSX thread entry
[W : PPU[16] Thread (CThread)[0x00acc058]]: sys_lwmutex warning: *** lwmutex created [Video] (attribute=0x22): sq_id = 19
[W : PPU[16] Thread (CThread)[0x00acc058]]: sys_lwmutex warning: *** lwmutex created [Tiling] (attribute=0x22): sq_id = 20
[W : PPU[16] Thread (CThread)[0x00acc058]]: sys_lwmutex warning: *** lwmutex created [Zcull] (attribute=0x22): sq_id = 21
[W : PPU[16] Thread (CThread)[0x008cf094]]: cellGcmSys warning: cellGcmMapMainMemory(ea=0x30400000,size=0xb400000,offset_addr=0x304001b8)
[W : PPU[16] Thread (CThread)[0x008cf034]]: cellGcmSys warning: cellGcmSetUserHandler(handler=0x917e10)
[W : PPU[16] Thread (CThread)[0x008cf028]]: cellGcmSys warning: cellGcmGetTiledPitchSize(size=5120)
[W : PPU[16] Thread (CThread)[0x008cf0b8]]: cellGcmSys warning: cellGcmSetTileInfo(index=1, location=0, offset=0, size=3801088, pitch=5120, comp=7, base=0, bank=0)
[E : PPU[16] Thread (CThread)[0x008cf0b8]]: cellGcmSys error: cellGcmSetTileInfo: bad comp! (7)
[W : PPU[16] Thread (CThread)[0x008cf058]]: cellGcmSys warning: cellGcmBindTile(index=1)
[W : PPU[16] Thread (CThread)[0x008cf028]]: cellGcmSys warning: cellGcmGetTiledPitchSize(size=5120)
[W : PPU[16] Thread (CThread)[0x008cf0b8]]: cellGcmSys warning: cellGcmSetTileInfo(index=2, location=0, offset=3801088, size=3801088, pitch=5120, comp=10, base=58, bank=1)
[E : PPU[16] Thread (CThread)[0x008cf0b8]]: cellGcmSys error: cellGcmSetTileInfo: bad comp! (10)
[W : PPU[16] Thread (CThread)[0x008cf058]]: cellGcmSys warning: cellGcmBindTile(index=2)
[W : PPU[16] Thread (CThread)[0x008cf088]]: cellGcmSys warning: TODO: cellGcmBindZcull(index=1)
[W : PPU[16] Thread (CThread)[0x00aac010]]: cellSysmodule warning: cellSysmoduleLoadModule(CELL_SYSMODULE_RESC)
[W : PPU[16] Thread (CThread)[0x00ac8070]]: cellResc warning: cellRescInit(initConfig_addr=0xd00209ac)
[W : PPU[16] Thread (CThread)[0x00ac804c]]: cellResc warning: cellRescSetDisplayMode(displayMode=4)
[W : PPU[16] Thread (CThread)[0x00ac804c]]: cellSysutil warning: cellVideoOutConfigure(videoOut=0, config_addr=0x30016000, option_addr=0x0, waitForEvent=0x0)
[W : PPU[16] Thread (CThread)[0x00ac804c]]: cellGcmSys warning: cellGcmSetFlipMode(mode=2)
[E : PPU[16] Thread (CThread)[0x00ac8034]]: TODO: cellRescGetRegisterCount
[E : PPU[16] Thread (CThread)[0x00ac8094]]: TODO: cellRescSetRegisterCount
[W : PPU[16] Thread (CThread)[0x00ac807c]]: cellResc warning: cellRescGetBufferSize(colorBuffers_addr=0xd0020998, vertexArray_addr=0xd0020994, fragmentShader_addr=0xd002099c)
[W : PPU[16] Thread (CThread)[0x00ac80a0]]: cellResc warning: cellRescSetBufferAddress(colorBuffers_addr=0xc0740000, vertexArray_addr=0xcf8ffa80, fragmentShader_addr=0xcf8ff780)
[W : PPU[16] Thread (CThread)[0x00ac80a0]]: cellGcmSys warning: cellGcmSetDisplayBuffer(id=0x0,offset=0x740000,pitch=4,width=1280,height=720)
[W : PPU[16] Thread (CThread)[0x00ac80a0]]: cellGcmSys warning: cellGcmSetDisplayBuffer(id=0x1,offset=0xb00000,pitch=4,width=1280,height=720)
[W : PPU[16] Thread (CThread)[0x008cf0b8]]: cellGcmSys warning: cellGcmSetTileInfo(index=3, location=0, offset=7602176, size=7864320, pitch=5120, comp=7, base=116, bank=0)
[E : PPU[16] Thread (CThread)[0x008cf0b8]]: cellGcmSys error: cellGcmSetTileInfo: bad comp! (7)
[W : PPU[16] Thread (CThread)[0x008cf058]]: cellGcmSys warning: cellGcmBindTile(index=3)
[W : PPU[16] Thread (CThread)[0x00ac8088]]: cellGcmSys warning: cellGcmSetDisplayBuffer(id=0x0,offset=0x0,pitch=4,width=1280,height=720)
[W : PPU[16] Thread (CThread)[0x00ac8040]]: cellResc warning: cellRescAdjustAspectRatio(horizontal=1.000000, vertical=1.000000)
[E : PPU[16] Thread (CThread)[0x00ac80c4]]: TODO: cellRescSetVBlankHandler
[W : PPU[16] Thread (CThread)[0x00aac010]]: cellSysmodule warning: cellSysmoduleLoadModule(CELL_SYSMODULE_L10N)
[W : PPU[16] Thread (CThread)[0x00acc058]]: sys_lwmutex warning: *** lwmutex created [g-dlg] (attribute=0x22): sq_id = 22
[W : PPU[16] Thread (CThread)[0x00ab4148]]: cellSpurs warning: _cellSpursAttributeInitialize(attr_addr=0x30603a20, nSpus=2, spuPriority=3342336, ppuPriority=2, exitIfNoWork=100)
[E : PPU[16] Thread (CThread)[0x00ab4154]]: cellSpurs error: cellSpursAttributeEnableSystemWorkload(attr_addr=0x30603a20, priority[2527479232], maxSpu=1, isPreemptible[2527479244])
[W : PPU[16] Thread (CThread)[0x00ab40a0]]: cellSpurs warning: cellSpursAttributeSetNamePrefix(attr_addr=0x30603a20, prefix_addr=0x805e00, size=0x5)
[W : PPU[16] Thread (CThread)[0x00ab4184]]: cellSpurs warning: cellSpursInitializeWithAttribute(spurs_addr=0x30602a00, spurs_addr=0x30603a20)
[W : PPU[16] Thread (CThread)[0x00ab4148]]: cellSpurs warning: _cellSpursAttributeInitialize(attr_addr=0x30604ca0, nSpus=2, spuPriority=3342336, ppuPriority=3, exitIfNoWork=250)
[W : PPU[16] Thread (CThread)[0x00ab40a0]]: cellSpurs warning: cellSpursAttributeSetNamePrefix(attr_addr=0x30604ca0, prefix_addr=0x805e08, size=0x5)
[W : PPU[16] Thread (CThread)[0x00ab4184]]: cellSpurs warning: cellSpursInitializeWithAttribute(spurs_addr=0x30603c80, spurs_addr=0x30604ca0)
[W : PPU[16] Thread (CThread)[0x00ab4148]]: cellSpurs warning: _cellSpursAttributeInitialize(attr_addr=0x30605f20, nSpus=2, spuPriority=3342336, ppuPriority=1, exitIfNoWork=250)
[W : PPU[16] Thread (CThread)[0x00ab40a0]]: cellSpurs warning: cellSpursAttributeSetNamePrefix(attr_addr=0x30605f20, prefix_addr=0x805e10, size=0x6)
[W : PPU[16] Thread (CThread)[0x00ab4184]]: cellSpurs warning: cellSpursInitializeWithAttribute(spurs_addr=0x30604f00, spurs_addr=0x30605f20)
[E : PPU[16] Thread (CThread)[0x00ab4034]]: TODO: _cellSpursEventFlagInitialize
[E : PPU[16] Thread (CThread)[0x00ab4058]]: cellSpurs error: cellSpursEventFlagAttachLv2EventQueue(event_flag_addr=0x30666400)
[E : PPU[16] Thread (CThread)[0x00ab4034]]: TODO: _cellSpursEventFlagInitialize
[E : PPU[16] Thread (CThread)[0x00ab4058]]: cellSpurs error: cellSpursEventFlagAttachLv2EventQueue(event_flag_addr=0x306a7000)
[W : PPU[16] Thread (CThread)[0x00acc058]]: sys_lwmutex warning: *** lwmutex created [PFWText] (attribute=0x22): sq_id = 23
[W : PPU[16] Thread (CThread)[0x00aac010]]: cellSysmodule warning: cellSysmoduleLoadModule(CELL_SYSMODULE_SYSUTIL_SAVEDATA)
[W : PPU[16] Thread (CThread)[0x00aae07c]]: cellSysutil warning: cellSysutilRegisterCallback(slot=0, func_addr=0x914670, userdata=0x9812c0)
[! : PPU[16] Thread (CThread)[0x00acc028]]: *** New PPU Thread [CThread] (): id = 24
[W : PPU[24] Thread (CThread)[0x00aac010]]: cellSysmodule warning: cellSysmoduleLoadModule(CELL_SYSMODULE_PNGDEC)
[W : PPU[24] Thread (CThread)[0x00aac010]]: cellSysmodule warning: cellSysmoduleLoadModule(CELL_SYSMODULE_SYSUTIL_GAME)
[W : PPU[24] Thread (CThread)[0x00aac010]]: cellSysmodule warning: cellSysmoduleLoadModule(CELL_SYSMODULE_SYSUTIL_NP)
[W : PPU[24] Thread (CThread)[0x00ab801c]]: cellGame warning: cellGameBootCheck(type_addr=0xd0030b60, attributes_addr=0xd0030b64, size_addr=0xd0030b68, dirName_addr=0xd0030b78)
[W : PPU[24] Thread (CThread)[0x00ab8010]]: cellGame warning: cellGameContentErrorDialog(type=101, errNeedSizeKB=0, dirName_addr=0x0)
[W : PPU[24] Thread (CThread)[0x00aac010]]: cellSysmodule warning: cellSysmoduleLoadModule(CELL_SYSMODULE_RTC)
[! : RSXThread]: RSX thread exit...
[!]: Closing memory...
