[!]: path: /dev_hdd0/game/
[!]: Loading 'D:\Emulateurs\Rpcs3\dev_hdd0\game\BLES01987-[The Witch and the Hundred Knight]/PS3_GAME/USRDIR/BOOT.BIN'...
[!]: Mount info:
[!]: /dev_hdd0/ -> D:\Emulateurs\Rpcs3\dev_hdd0\
[!]: /dev_hdd1/ -> D:\Emulateurs\Rpcs3\dev_hdd1\
[!]: /dev_flash/ -> D:\Emulateurs\Rpcs3\dev_flash\
[!]: /dev_usb000/ -> D:\Emulateurs\Rpcs3\dev_usb000\
[!]: /dev_usb/ -> D:\Emulateurs\Rpcs3\dev_usb000\
[!]: /app_home/ -> D:\Emulateurs\Rpcs3\dev_hdd0\game\BLES01987-[The Witch and the Hundred Knight]/PS3_GAME/\USRDIR\
[!]: /dev_bdvd/ -> D:\Emulateurs\Rpcs3\dev_hdd0\game\BLES01987-[The Witch and the Hundred Knight]/PS3_GAME/\..\
[!]: /host_root/ -> 
[!]: ///resource/ -> D:\Emulateurs\Rpcs3\dev_hdd0\game\BLES01987-[The Witch and the Hundred Knight]/PS3_GAME/\USRDIR\resource\
[!]: /app_home/Game/PS3_GAME/USRDIR/ -> D:\Emulateurs\Rpcs3\dev_hdd0\game\BLES01987-[The Witch and the Hundred Knight]/PS3_GAME/\USRDIR\
[!]: /app_home/PS3_GAME/USRDIR/media/ -> D:\Emulateurs\Rpcs3\dev_hdd0\game\BLES01987-[The Witch and the Hundred Knight]/PS3_GAME/\USRDIR\media\
[!]: /Data/ -> D:\Emulateurs\Rpcs3\dev_hdd0\game\BLES01987-[The Witch and the Hundred Knight]/PS3_GAME/\USRDIR\Data\
[!]: / -> D:\Emulateurs\Rpcs3\dev_hdd0\game\BLES01987-[The Witch and the Hundred Knight]/PS3_GAME/\USRDIR\
[!]: /USRDIR/PS3_GAME/USRDIR/Data/ -> D:\Emulateurs\Rpcs3\dev_hdd0\game\BLES01987-[The Witch and the Hundred Knight]/PS3_GAME/\USRDIR\Data\
[!]: /app_home//dev_bdvd/PS3_GAME/USRDIR/data/gos/ -> D:\Emulateurs\Rpcs3\dev_hdd0\game\BLES01987-[The Witch and the Hundred Knight]/PS3_GAME/\USRDIR\
[!]: BD/ -> D:\Emulateurs\Rpcs3\dev_hdd0\game\BLES01987-[The Witch and the Hundred Knight]/PS3_GAME/\USRDIR\
[!]: Initing memory...
[!]: Memory initialized.
[W]: Unknown function 0x0582338a in 'cellSpursJq' module
[E]: TODO: cellSpursJobQueueAttributeSetDoBusyWaiting
[W]: Unknown function 0x0f03f712 in 'cellSpursJq' module
[E]: TODO: cellSpursJobQueueAttributeSetSubmitWithEntryLock
[W]: Unknown function 0x1686957e in 'cellSpursJq' module
[E]: TODO: cellSpursJobQueueAttributeSetMaxSizeJobDescriptor
[W]: Unknown function 0x43ddab4f in 'cellSpursJq' module
[E]: TODO: cellSpursJobQueueAttributeInitialize
[W]: Unknown function 0x742cec0d in 'cellSpursJq' module
[E]: TODO: cellSpursJobQueueAttributeSetIsJobTypeMemoryCheck
[W]: Unknown function 0x8c97a96c in 'cellSpursJq' module
[E]: TODO: cellSpursShutdownJobQueue
[W]: Unknown function 0x8ce4cffa in 'cellSpursJq' module
[E]: TODO: cellSpursJoinJobQueue
[W]: Unknown function 0xc485d207 in 'cellSpursJq' module
[E]: TODO: cellSpursJobQueuePort2Destroy
[W]: Unknown function 0xcf89f218 in 'cellSpursJq' module
[E]: TODO: _cellSpursJobQueuePort2PushJobBody
[W]: Unknown function 0xe70f874e in 'cellSpursJq' module
[E]: TODO: cellSpursJobQueueAttributeSetGrabParameters
[W]: Unknown function 0xf11fe0f1 in 'cellSpursJq' module
[E]: TODO: cellSpursJobQueuePort2Create
[W]: Unknown function 0xf244e799 in 'cellSpursJq' module
[E]: TODO: _cellSpursCreateJobQueue
[W]: Unknown function 0xfacb3ced in 'cellSpursJq' module
[E]: TODO: cellSpursJobQueuePort2Sync
[W]: Unknown function 0xfc526b72 in 'cellSpursJq' module
[E]: TODO: cellSpursJobQueuePort2PushSync
[W]: Unknown function 0xff03cc79 in 'cellSpursJq' module
[E]: TODO: cellSpursJobQueueAttributeSetIsHaltOnError
[W]: Unknown function 0x983be7fc in 'cellSpursJq' module
[E]: TODO: _cellSpursCreateJobQueueWithJobDescriptorPool
[W]: Unknown function 0xc39173a4 in 'cellSpursJq' module
[E]: TODO: _cellSpursJobQueuePort2CopyPushJobBody
[W]: Unknown function 0x967a162b in 'sys_fs' module
[E]: TODO: cellFsFsync
[W]: Unknown function 0x3929948d in 'cellSync' module
[E]: TODO: cellSyncQueueInitialize
[W]: Unknown function 0x4da349b2 in 'cellSync' module
[E]: TODO: cellSyncQueueSize
[W]: Unknown function 0x4da6d7e0 in 'cellSync' module
[E]: TODO: cellSyncQueuePop
[W]: Unknown function 0xa5362e73 in 'cellSync' module
[E]: TODO: cellSyncQueueClear
[W]: Unknown function 0x0e091c36 in 'cellSysutil' module
[E]: TODO: cellSaveDataUserListAutoSave
[W]: Unknown function 0x0f03cfb0 in 'cellSysutil' module
[E]: TODO: cellSaveDataUserListSave
[W]: Unknown function 0x20543730 in 'cellSysutil' module
[E]: TODO: cellMsgDialogClose
[W]: Unknown function 0x220894e3 in 'cellSysutil' module
[E]: TODO: cellSysutilEnableBgmPlayback
[W]: Unknown function 0x248bd1d8 in 'cellSysutil' module
[E]: TODO: cellSaveDataUserListAutoLoad
[W]: Unknown function 0x39dd8425 in 'cellSysutil' module
[E]: TODO: cellSaveDataUserListLoad
[W]: Unknown function 0x40b34847 in 'cellSysutil' module
[E]: TODO: cellSaveDataUserFixedSave
[W]: Unknown function 0x62b0f803 in 'cellSysutil' module
[E]: TODO: cellMsgDialogAbort
[W]: Unknown function 0x6cfd856f in 'cellSysutil' module
[E]: TODO: cellSysutilGetBgmPlaybackStatus2
[W]: Unknown function 0x6e7264ed in 'cellSysutil' module
[E]: TODO: cellSaveDataUserFixedLoad
[W]: Unknown function 0x8b8a2f48 in 'cellSysutil' module
[E]: TODO: cellSaveDataUserFixedDelete
[W]: Unknown function 0x94862702 in 'cellSysutil' module
[E]: TODO: cellMsgDialogProgressBarInc
[W]: Unknown function 0x9d6af72a in 'cellSysutil' module
[E]: TODO: cellMsgDialogProgressBarSetMsg
[W]: Unknown function 0xedadd797 in 'cellSysutil' module
[E]: TODO: cellSaveDataDelete2
[W]: Unknown function 0x28e208bb in 'sys_net' module
[E]: TODO: listen
[W]: Unknown function 0x3f09e20a in 'sys_net' module
[E]: TODO: socketselect
[W]: Unknown function 0xdabbc2c0 in 'sys_net' module
[E]: TODO: inet_addr
[W]: Unknown function 0x23ae55a3 in 'cellGcmSys' module
[E]: TODO: cellGcmGetLastSecondVTime
[W]: Unknown function 0x2ad4951b in 'cellGcmSys' module
[E]: TODO: cellGcmGetTimeStampLocation
[W]: Unknown function 0x63387071 in 'cellGcmSys' module
[E]: TODO: cellGcmGetLastFlipTime
[W]: Unknown function 0xacee8542 in 'cellGcmSys' module
[E]: TODO: cellGcmSetFlipImmediate
[W]: Unknown function 0xdc494430 in 'cellGcmSys' module
[E]: TODO: cellGcmSetSecondVHandler
[W]: Unknown function 0x1ebcf459 in 'cellSpurs' module
[E]: TODO: cellSpursDestroyTaskset2
[W]: Unknown function 0x4a6465e3 in 'cellSpurs' module
[E]: TODO: cellSpursCreateTaskset2
[W]: Unknown function 0x838fa4f0 in 'cellSpurs' module
[E]: TODO: cellSpursTryJoinTask2
[W]: Unknown function 0xa7a94892 in 'cellSpurs' module
[E]: TODO: cellSpursJoinTask2
[W]: Unknown function 0xc2acdf43 in 'cellSpurs' module
[E]: TODO: _cellSpursTasksetAttribute2Initialize
[W]: Unknown function 0xe14ca62d in 'cellSpurs' module
[E]: TODO: cellSpursCreateTask2
[W]: Unknown function 0xe4944a1c in 'cellSpurs' module
[E]: TODO: cellSpursCreateTask2WithBinInfo
[W]: Unknown function 0x57e4dec3 in 'cellSpurs' module
[E]: TODO: cellSpursRemoveWorkload
[W]: Unknown function 0x5fd43fe4 in 'cellSpurs' module
[E]: TODO: cellSpursWaitForWorkloadShutdown
[W]: Unknown function 0x69726aa2 in 'cellSpurs' module
[E]: TODO: cellSpursAddWorkload
[W]: Unknown function 0x7e4ea023 in 'cellSpurs' module
[E]: TODO: cellSpursWakeUp
[W]: Unknown function 0x98d5b343 in 'cellSpurs' module
[E]: TODO: cellSpursShutdownWorkload
[W]: Unknown function 0xa73bf47e in 'cellSpurs' module
[E]: TODO: _cellSpursWorkloadFlagReceiver
[W]: Unknown function 0xc765b995 in 'cellSpurs' module
[E]: TODO: cellSpursGetWorkloadFlag
[W]: Unknown function 0xf843818d in 'cellSpurs' module
[E]: TODO: cellSpursReadyCountStore
[W]: Unknown function 0xf7681b9a in 'cellL10n' module
[E]: TODO: UTF8stoUTF16s
[W]: Unknown module 'cellSaveData'
[W]: Unknown module 'cellSysutilAvconfExt'
[W]: Unknown module 'sys_crashdump'
[W : PPU[1] Thread (CPUThread)[0x012d9034]]: sys_lwmutex warning: *** lwmutex created [_lc_mtx] (attribute=0x12): sq_id = 3
[W : PPU[1] Thread (CPUThread)[0x0012e0a8]]: memory warning: sys_memory_get_user_memory_size(mem_info_addr=0xd0010c04)
[W : PPU[1] Thread (CPUThread)[0x012d9034]]: sys_lwmutex warning: *** lwmutex created [_lc_mtx] (attribute=0x12): sq_id = 4
[W : PPU[1] Thread (CPUThread)[0x012d9034]]: sys_lwmutex warning: *** lwmutex created [_lc_mtx] (attribute=0x12): sq_id = 5
[W : PPU[1] Thread (CPUThread)[0x012d9034]]: sys_lwmutex warning: *** lwmutex created [_lc_mtx] (attribute=0x12): sq_id = 6
[W : PPU[1] Thread (CPUThread)[0x012d9034]]: sys_lwmutex warning: *** lwmutex created [_lc_mtx] (attribute=0x12): sq_id = 7
[W : PPU[1] Thread (CPUThread)[0x012d9034]]: sys_lwmutex warning: *** lwmutex created [_lc_mtx] (attribute=0x12): sq_id = 8
[W : PPU[1] Thread (CPUThread)[0x012d9034]]: sys_lwmutex warning: *** lwmutex created [_lc_mtx] (attribute=0x12): sq_id = 9
[W : PPU[1] Thread (CPUThread)[0x012d9034]]: sys_lwmutex warning: *** lwmutex created [_lc_mtx] (attribute=0x12): sq_id = 10
[W : PPU[1] Thread (CPUThread)[0x012d9034]]: sys_lwmutex warning: *** lwmutex created [_lc_mtx] (attribute=0x12): sq_id = 11
[W : PPU[1] Thread (CPUThread)[0x012d9034]]: sys_lwmutex warning: *** lwmutex created [_lc_mtx] (attribute=0x12): sq_id = 12
[W : PPU[1] Thread (CPUThread)[0x020130c4]]: cellSysutil warning: cellSysutilRegisterCallback(slot=0, func_addr=0x138c7a0, userdata=0x1c92410)
[W : PPU[1] Thread (CPUThread)[0x012d9034]]: sys_lwmutex warning: *** lwmutex created [_lc_mtx] (attribute=0x12): sq_id = 13
[W : PPU[1] Thread (CPUThread)[0x012d9034]]: sys_lwmutex warning: *** lwmutex created [] (attribute=0x22): sq_id = 14
[W : PPU[1] Thread (CPUThread)[0x012d90c4]]: sys_lwcond warning: *** lwcond created [] (lwmutex_addr=0x34900510): id = 15
[W : PPU[1] Thread (CPUThread)[0x012d9034]]: sys_lwmutex warning: *** lwmutex created [] (attribute=0x22): sq_id = 16
[W : PPU[1] Thread (CPUThread)[0x012d90c4]]: sys_lwcond warning: *** lwcond created [] (lwmutex_addr=0x349004e0): id = 17
[W : PPU[1] Thread (CPUThread)[0x012d9034]]: sys_lwmutex warning: *** lwmutex created [] (attribute=0x22): sq_id = 18
[W : PPU[1] Thread (CPUThread)[0x012d90c4]]: sys_lwcond warning: *** lwcond created [] (lwmutex_addr=0x34900480): id = 19
[E : PPU[1] Thread (CPUThread)[0x0202d004]]: Unknown func id: 0xb20f87b3
[W : PPU[1] Thread (CPUThread)[0x012d9034]]: sys_lwmutex warning: *** lwmutex created [] (attribute=0x22): sq_id = 20
[W : PPU[1] Thread (CPUThread)[0x00ca2bc8]]: vm warning: sys_vm_memory_map(vsize=0x2000000,psize=0x300000,cidr=0xffffffff,flags=0x200,policy=0x1,addr=0xd0010b20)
[W : PPU[1] Thread (CPUThread)[0x012d9034]]: sys_lwmutex warning: *** lwmutex created [] (attribute=0x22): sq_id = 21
[W : PPU[1] Thread (CPUThread)[0x012d90c4]]: sys_lwcond warning: *** lwcond created [] (lwmutex_addr=0x34900450): id = 22
[W : PPU[1] Thread (CPUThread)[0x00ca2c40]]: vm warning: Unimplemented function: sys_vm_get_statistics(addr=0x38200000,stat_addr=0x1dd3578)
[E : PPU[1] Thread (CPUThread)[0x0202d004]]: Unknown func id: 0xb20f87b3
[W : PPU[1] Thread (CPUThread)[0x012d9034]]: sys_lwmutex warning: *** lwmutex created [] (attribute=0x22): sq_id = 23
[W : PPU[1] Thread (CPUThread)[0x012dd010]]: cellSysmodule warning: cellSysmoduleLoadModule(CELL_SYSMODULE_SYSUTIL_SAVEDATA)
[W : PPU[1] Thread (CPUThread)[0x012dd010]]: cellSysmodule warning: cellSysmoduleLoadModule(CELL_SYSMODULE_USBD)
[W : PPU[1] Thread (CPUThread)[0x012dd010]]: cellSysmodule warning: cellSysmoduleLoadModule(CELL_SYSMODULE_NET)
[W : PPU[1] Thread (CPUThread)[0x00822164]]: sys_spu warning: sys_spu_initialize(max_usable_spu=6, max_raw_spu=0)
[E : PPU[1] Thread (CPUThread)[0x00129338]]: sys_fs error: "/app_home/sampleArg.txt" not found! flags: 0x00000000
[W : PPU[1] Thread (CPUThread)[0x02017184]]: cellGcmSys warning: cellGcmInitDefaultFifoMode(mode=1)
[W : PPU[1] Thread (CPUThread)[0x02017088]]: cellGcmSys warning: cellGcmInit(context_addr=0x1c5ac54,cmdSize=0x1f0000,ioSize=0x200000,ioAddress=0x38500000)
[W : PPU[1] Thread (CPUThread)[0x02017088]]: cellGcmSys warning: *** local memory(addr=0xc0000000, size=0xf900000)
[W : PPU[1] Thread (CPUThread)[0x02017088]]: cellGcmSys warning: cellGcmMapEaIoAddress(ea=0x38500000, io=0x0, size=0x200000)
[! : RSXThread]: RSX thread entry
[W : PPU[1] Thread (CPUThread)[0x02017004]]: cellGcmSys warning: cellGcmGetTiledPitchSize(size=5120)
[W : PPU[1] Thread (CPUThread)[0x020130f4]]: cellSysutil warning: cellVideoOutConfigure(videoOut=0, config_addr=0xd0010b18, option_addr=0x0, waitForEvent=0x0)
[W : PPU[1] Thread (CPUThread)[0x02017004]]: cellGcmSys warning: cellGcmGetTiledPitchSize(size=5120)
[W : PPU[1] Thread (CPUThread)[0x020170c4]]: cellGcmSys warning: cellGcmSetFlipMode(mode=2)
[W : PPU[1] Thread (CPUThread)[0x02017040]]: cellGcmSys warning: cellGcmSetTileInfo(index=0, location=0, offset=0, size=11796480, pitch=5120, comp=0, base=0, bank=0)
[W : PPU[1] Thread (CPUThread)[0x0201701c]]: cellGcmSys warning: cellGcmBindTile(index=0)
[W : PPU[1] Thread (CPUThread)[0x02017004]]: cellGcmSys warning: cellGcmGetTiledPitchSize(size=5120)
[W : PPU[1] Thread (CPUThread)[0x02017040]]: cellGcmSys warning: cellGcmSetTileInfo(index=1, location=0, offset=11796480, size=3932160, pitch=5120, comp=10, base=180, bank=2)
[E : PPU[1] Thread (CPUThread)[0x02017040]]: cellGcmSys error: cellGcmSetTileInfo: bad comp! (10)
[W : PPU[1] Thread (CPUThread)[0x0201701c]]: cellGcmSys warning: cellGcmBindTile(index=1)
[W : PPU[1] Thread (CPUThread)[0x02017028]]: cellGcmSys warning: TODO: cellGcmBindZcull(index=0)
[W : PPU[1] Thread (CPUThread)[0x02017148]]: cellGcmSys warning: cellGcmSetDisplayBuffer(id=0x0,offset=0x0,pitch=4,width=1280,height=720)
[W : PPU[1] Thread (CPUThread)[0x02017148]]: cellGcmSys warning: cellGcmSetDisplayBuffer(id=0x1,offset=0x3c0000,pitch=4,width=1280,height=720)
[W : PPU[1] Thread (CPUThread)[0x02017148]]: cellGcmSys warning: cellGcmSetDisplayBuffer(id=0x2,offset=0x780000,pitch=4,width=1280,height=720)
[E : PPU[1] Thread (CPUThread)[0x02017160]]: cellGcmSys error: Unimplemented function: cellGcmSetVBlankHandler
[W : PPU[1] Thread (CPUThread)[0x02017070]]: cellGcmSys warning: cellGcmSetUserHandler(handler=0x1393020)
[W : PPU[1] Thread (CPUThread)[0x02017100]]: cellGcmSys warning: cellGcmMapEaIoAddress(ea=0x38700000, io=0xcc00000, size=0x1400000)
[W : PPU[1] Thread (CPUThread)[0x020170e8]]: cellGcmSys warning: cellGcmMapEaIoAddressWithFlags(ea=0x39b00000, io=0xe000000, size=0x100000, flags=0x2)
[W : PPU[1] Thread (CPUThread)[0x020170e8]]: cellGcmSys warning: cellGcmMapEaIoAddress(ea=0x39b00000, io=0xe000000, size=0x100000)
[W : PPU[1] Thread (CPUThread)[0x012dd010]]: cellSysmodule warning: cellSysmoduleLoadModule(CELL_SYSMODULE_NET)
[W : PPU[1] Thread (CPUThread)[0x012dd010]]: cellSysmodule warning: cellSysmoduleLoadModule(CELL_SYSMODULE_NETCTL)
[W : PPU[1] Thread (CPUThread)[0x012dd010]]: cellSysmodule warning: cellSysmoduleLoadModule(CELL_SYSMODULE_RESC)
[W : PPU[1] Thread (CPUThread)[0x012dd010]]: cellSysmodule warning: cellSysmoduleLoadModule(CELL_SYSMODULE_USBD)
[W : PPU[1] Thread (CPUThread)[0x012dd010]]: cellSysmodule warning: cellSysmoduleLoadModule(CELL_SYSMODULE_FS)
[W : PPU[1] Thread (CPUThread)[0x012dd010]]: cellSysmodule warning: cellSysmoduleLoadModule(CELL_SYSMODULE_SYSUTIL_GAME)
[W : PPU[1] Thread (CPUThread)[0x020190f4]]: cellSpurs warning: cellSpursInitialize(spurs_addr=0x39b00400, nSpus=5, spuPriority=250, ppuPriority=4294967295, exitIfNoWork=0)
[E : PPU[1] Thread (CPUThread)[0x0202d004]]: Unknown func id: 0xb20f87b3
[E : PPU[1] Thread (CPUThread)[0x0202d004]]: Unknown func id: 0xb20f87b3
[W : PPU[1] Thread (CPUThread)[0x012d9034]]: sys_lwmutex warning: *** lwmutex created [] (attribute=0x22): sq_id = 24
[W : PPU[1] Thread (CPUThread)[0x012d90c4]]: sys_lwcond warning: *** lwcond created [] (lwmutex_addr=0x34900420): id = 25
[W : PPU[1] Thread (CPUThread)[0x012d9034]]: sys_lwmutex warning: *** lwmutex created [] (attribute=0x22): sq_id = 26
[W : PPU[1] Thread (CPUThread)[0x012d90c4]]: sys_lwcond warning: *** lwcond created [] (lwmutex_addr=0x349003f0): id = 27
[W : PPU[1] Thread (CPUThread)[0x012d9034]]: sys_lwmutex warning: *** lwmutex created [] (attribute=0x22): sq_id = 28
[W : PPU[1] Thread (CPUThread)[0x012d90c4]]: sys_lwcond warning: *** lwcond created [] (lwmutex_addr=0x34900390): id = 29
[W : PPU[1] Thread (CPUThread)[0x012d9034]]: sys_lwmutex warning: *** lwmutex created [] (attribute=0x22): sq_id = 30
[W : PPU[1] Thread (CPUThread)[0x012d90c4]]: sys_lwcond warning: *** lwcond created [] (lwmutex_addr=0x34900360): id = 31
[W : PPU[1] Thread (CPUThread)[0x012d9034]]: sys_lwmutex warning: *** lwmutex created [] (attribute=0x22): sq_id = 32
[W : PPU[1] Thread (CPUThread)[0x012d90c4]]: sys_lwcond warning: *** lwcond created [] (lwmutex_addr=0x34900330): id = 33
[W : PPU[1] Thread (CPUThread)[0x012d9034]]: sys_lwmutex warning: *** lwmutex created [] (attribute=0x22): sq_id = 34
[W : PPU[1] Thread (CPUThread)[0x012d90c4]]: sys_lwcond warning: *** lwcond created [] (lwmutex_addr=0x34900300): id = 35
[W : PPU[1] Thread (CPUThread)[0x012d9034]]: sys_lwmutex warning: *** lwmutex created [] (attribute=0x22): sq_id = 36
[W : PPU[1] Thread (CPUThread)[0x012d90c4]]: sys_lwcond warning: *** lwcond created [] (lwmutex_addr=0x349002d0): id = 37
[W : PPU[1] Thread (CPUThread)[0x012d9034]]: sys_lwmutex warning: *** lwmutex created [] (attribute=0x22): sq_id = 38
[W : PPU[1] Thread (CPUThread)[0x012d90c4]]: sys_lwcond warning: *** lwcond created [] (lwmutex_addr=0x349002a0): id = 39
[W : PPU[1] Thread (CPUThread)[0x012d9034]]: sys_lwmutex warning: *** lwmutex created [] (attribute=0x22): sq_id = 40
[W : PPU[1] Thread (CPUThread)[0x012d90c4]]: sys_lwcond warning: *** lwcond created [] (lwmutex_addr=0x34900270): id = 41
[W : PPU[1] Thread (CPUThread)[0x012d9034]]: sys_lwmutex warning: *** lwmutex created [] (attribute=0x22): sq_id = 42
[W : PPU[1] Thread (CPUThread)[0x012d90c4]]: sys_lwcond warning: *** lwcond created [] (lwmutex_addr=0x34900240): id = 43
[W : PPU[1] Thread (CPUThread)[0x012d9034]]: sys_lwmutex warning: *** lwmutex created [] (attribute=0x22): sq_id = 44
[W : PPU[1] Thread (CPUThread)[0x012d90c4]]: sys_lwcond warning: *** lwcond created [] (lwmutex_addr=0x34900210): id = 45
[W : PPU[1] Thread (CPUThread)[0x012d9034]]: sys_lwmutex warning: *** lwmutex created [] (attribute=0x22): sq_id = 46
[W : PPU[1] Thread (CPUThread)[0x012d90c4]]: sys_lwcond warning: *** lwcond created [] (lwmutex_addr=0x349001b0): id = 47
[W : PPU[1] Thread (CPUThread)[0x012d9034]]: sys_lwmutex warning: *** lwmutex created [] (attribute=0x22): sq_id = 48
[W : PPU[1] Thread (CPUThread)[0x012d90c4]]: sys_lwcond warning: *** lwcond created [] (lwmutex_addr=0x34900180): id = 49
[W : PPU[1] Thread (CPUThread)[0x012d9034]]: sys_lwmutex warning: *** lwmutex created [] (attribute=0x22): sq_id = 50
[W : PPU[1] Thread (CPUThread)[0x012d90c4]]: sys_lwcond warning: *** lwcond created [] (lwmutex_addr=0x34900150): id = 51
[W : PPU[1] Thread (CPUThread)[0x012d9034]]: sys_lwmutex warning: *** lwmutex created [] (attribute=0x22): sq_id = 52
[W : PPU[1] Thread (CPUThread)[0x012d90c4]]: sys_lwcond warning: *** lwcond created [] (lwmutex_addr=0x34900120): id = 53
[W : PPU[1] Thread (CPUThread)[0x012d9034]]: sys_lwmutex warning: *** lwmutex created [] (attribute=0x22): sq_id = 54
[W : PPU[1] Thread (CPUThread)[0x012d90c4]]: sys_lwcond warning: *** lwcond created [] (lwmutex_addr=0x349000f0): id = 55
[W : PPU[1] Thread (CPUThread)[0x012d9034]]: sys_lwmutex warning: *** lwmutex created [] (attribute=0x22): sq_id = 56
[W : PPU[1] Thread (CPUThread)[0x012d90c4]]: sys_lwcond warning: *** lwcond created [] (lwmutex_addr=0x34900090): id = 57
[W : PPU[1] Thread (CPUThread)[0x012d9034]]: sys_lwmutex warning: *** lwmutex created [] (attribute=0x22): sq_id = 58
[W : PPU[1] Thread (CPUThread)[0x012d90c4]]: sys_lwcond warning: *** lwcond created [] (lwmutex_addr=0x34900030): id = 59
[W : PPU[1] Thread (CPUThread)[0x012d9034]]: sys_lwmutex warning: *** lwmutex created [] (attribute=0x22): sq_id = 60
[W : PPU[1] Thread (CPUThread)[0x012d90c4]]: sys_lwcond warning: *** lwcond created [] (lwmutex_addr=0x34900000): id = 61
[W : PPU[1] Thread (CPUThread)[0x012d9034]]: sys_lwmutex warning: *** lwmutex created [] (attribute=0x22): sq_id = 62
[W : PPU[1] Thread (CPUThread)[0x012d90c4]]: sys_lwcond warning: *** lwcond created [] (lwmutex_addr=0x348fffa0): id = 63
[W : PPU[1] Thread (CPUThread)[0x012d9034]]: sys_lwmutex warning: *** lwmutex created [] (attribute=0x22): sq_id = 64
[W : PPU[1] Thread (CPUThread)[0x012d90c4]]: sys_lwcond warning: *** lwcond created [] (lwmutex_addr=0x348fff70): id = 65
[W : PPU[1] Thread (CPUThread)[0x012d9034]]: sys_lwmutex warning: *** lwmutex created [] (attribute=0x22): sq_id = 66
[W : PPU[1] Thread (CPUThread)[0x012d90c4]]: sys_lwcond warning: *** lwcond created [] (lwmutex_addr=0x348fff40): id = 67
[W : PPU[1] Thread (CPUThread)[0x00d14624]]: sys_event warning: sys_event_queue_create(equeue_id_addr=0x1e1a760, attr_addr=0xd0010508, event_queue_key=0x0, size=8)
[W : PPU[1] Thread (CPUThread)[0x00d14624]]: sys_event warning: *** event_queue created [] (protocol=0x2, type=0x1): id = 68
[! : PPU[1] Thread (CPUThread)[0x012d901c]]: *** New PPU Thread [spu_printf_handler] (): id = 69
[W : PPU[1] Thread (CPUThread)[0x00d14680]]: sys_event warning: sys_event_port_create(eport_id_addr=0x1e1a764, port_type=0x1, name=0xd1ed1ed1)
[W : PPU[1] Thread (CPUThread)[0x00d14680]]: sys_event warning: *** sys_event_port created: id = 70
[W : PPU[1] Thread (CPUThread)[0x00d14690]]: sys_event warning: sys_event_port_connect_local(eport_id=70, equeue_id=68)
[E : PPU[1] Thread (CPUThread)[0x02019064]]: cellSpurs error: cellSpursAttachLv2EventQueue(spurs_addr=0x39b00400, queue=0x44, port_addr=0xd00104f0, isDynamic=0)
[W : PPU[1] Thread (CPUThread)[0x012dd010]]: cellSysmodule warning: cellSysmoduleLoadModule(CELL_SYSMODULE_SPURS_JQ)
[E : PPU[1] Thread (CPUThread)[0x012db028]]: TODO: cellSpursJobQueueAttributeInitialize
[E : PPU[1] Thread (CPUThread)[0x012db070]]: TODO: cellSpursJobQueueAttributeSetGrabParameters
[E : PPU[1] Thread (CPUThread)[0x012db01c]]: TODO: cellSpursJobQueueAttributeSetMaxSizeJobDescriptor
[E : PPU[1] Thread (CPUThread)[0x012db010]]: TODO: cellSpursJobQueueAttributeSetSubmitWithEntryLock
[E : PPU[1] Thread (CPUThread)[0x012db004]]: TODO: cellSpursJobQueueAttributeSetDoBusyWaiting
[E : PPU[1] Thread (CPUThread)[0x012db0ac]]: TODO: cellSpursJobQueueAttributeSetIsHaltOnError
[E : PPU[1] Thread (CPUThread)[0x012db034]]: TODO: cellSpursJobQueueAttributeSetIsJobTypeMemoryCheck
[E : PPU[1] Thread (CPUThread)[0x012db088]]: TODO: _cellSpursCreateJobQueue
[E : PPU[1] Thread (CPUThread)[0x012db07c]]: TODO: cellSpursJobQueuePort2Create
[E : PPU[1] Thread (CPUThread)[0x020190c4]]: TODO: cellSpursAddWorkload
[E : PPU[1] Thread (CPUThread)[0x020190e8]]: TODO: _cellSpursWorkloadFlagReceiver
[E : PPU[1] Thread (CPUThread)[0x0201910c]]: TODO: cellSpursReadyCountStore
[E : PPU[1] Thread (CPUThread)[0x020190d0]]: TODO: cellSpursWakeUp
[W : PPU[1] Thread (CPUThread)[0x00ca3ffc]]: vm warning: sys_vm_memory_map(vsize=0xe000000,psize=0x1300000,cidr=0xffffffff,flags=0x200,policy=0x1,addr=0xd00106c0)
[W : PPU[1] Thread (CPUThread)[0x012d9034]]: sys_lwmutex warning: *** lwmutex created [] (attribute=0x22): sq_id = 71
[W : PPU[1] Thread (CPUThread)[0x012d90c4]]: sys_lwcond warning: *** lwcond created [] (lwmutex_addr=0x348ffc70): id = 72
[W : PPU[1] Thread (CPUThread)[0x00ca4078]]: vm warning: Unimplemented function: sys_vm_get_statistics(addr=0x39c00000,stat_addr=0x1dd35c8)
[W : PPU[1] Thread (CPUThread)[0x00ca4104]]: vm warning: Unimplemented function: sys_vm_touch(addr=0x45900000,size=0x1300000)
[W : PPU[1] Thread (CPUThread)[0x012d9034]]: sys_lwmutex warning: *** lwmutex created [] (attribute=0x22): sq_id = 73
[W : PPU[1] Thread (CPUThread)[0x012d90c4]]: sys_lwcond warning: *** lwcond created [] (lwmutex_addr=0x348ffc40): id = 74
[W : PPU[1] Thread (CPUThread)[0x012d9034]]: sys_lwmutex warning: *** lwmutex created [] (attribute=0x12): sq_id = 75
[W : PPU[1] Thread (CPUThread)[0x00029c40]]: sys_mutex warning: *** mutex created [] (protocol=0x2, recursive=true): id = 76
[W : PPU[1] Thread (CPUThread)[0x00029c94]]: sys_cond warning: *** condition on recursive mutex(76)
[W : PPU[1] Thread (CPUThread)[0x00029c94]]: sys_cond warning: *** condition created [] (mutex_id=76): id = 77
[! : PPU[1] Thread (CPUThread)[0x012d901c]]: *** New PPU Thread [CRI FS File Access 0] (): id = 78
[W : PPU[1] Thread (CPUThread)[0x0002b09c]]: sysPrxForUser warning: sys_ppu_thread_set_priority(thread_id=78, prio=900)
[W : PPU[1] Thread (CPUThread)[0x012d9034]]: sys_lwmutex warning: *** lwmutex created [] (attribute=0x12): sq_id = 79
[W : PPU[1] Thread (CPUThread)[0x00029c40]]: sys_mutex warning: *** mutex created [] (protocol=0x2, recursive=true): id = 80
[W : PPU[1] Thread (CPUThread)[0x00029c94]]: sys_cond warning: *** condition on recursive mutex(80)
[W : PPU[1] Thread (CPUThread)[0x00029c94]]: sys_cond warning: *** condition created [] (mutex_id=80): id = 81
[! : PPU[1] Thread (CPUThread)[0x012d901c]]: *** New PPU Thread [CRI FS Memory File System] (): id = 82
[W : PPU[1] Thread (CPUThread)[0x0002b09c]]: sysPrxForUser warning: sys_ppu_thread_set_priority(thread_id=82, prio=1100)
[W : PPU[1] Thread (CPUThread)[0x012d9034]]: sys_lwmutex warning: *** lwmutex created [] (attribute=0x12): sq_id = 83
[W : PPU[1] Thread (CPUThread)[0x00029c40]]: sys_mutex warning: *** mutex created [] (protocol=0x2, recursive=true): id = 84
[W : PPU[1] Thread (CPUThread)[0x00029c94]]: sys_cond warning: *** condition on recursive mutex(84)
[W : PPU[1] Thread (CPUThread)[0x00029c94]]: sys_cond warning: *** condition created [] (mutex_id=84): id = 85
[! : PPU[1] Thread (CPUThread)[0x012d901c]]: *** New PPU Thread [CRI FS File Access 1] (): id = 86
[W : PPU[1] Thread (CPUThread)[0x0002b09c]]: sysPrxForUser warning: sys_ppu_thread_set_priority(thread_id=86, prio=900)
[W : PPU[1] Thread (CPUThread)[0x012d9034]]: sys_lwmutex warning: *** lwmutex created [] (attribute=0x12): sq_id = 87
[W : PPU[1] Thread (CPUThread)[0x00029c40]]: sys_mutex warning: *** mutex created [] (protocol=0x2, recursive=true): id = 88
[W : PPU[1] Thread (CPUThread)[0x00029c94]]: sys_cond warning: *** condition on recursive mutex(88)
[W : PPU[1] Thread (CPUThread)[0x00029c94]]: sys_cond warning: *** condition created [] (mutex_id=88): id = 89
[! : PPU[1] Thread (CPUThread)[0x012d901c]]: *** New PPU Thread [CRI FS File Access 2] (): id = 90
[W : PPU[1] Thread (CPUThread)[0x0002b09c]]: sysPrxForUser warning: sys_ppu_thread_set_priority(thread_id=90, prio=900)
[W : PPU[1] Thread (CPUThread)[0x012d9034]]: sys_lwmutex warning: *** lwmutex created [] (attribute=0x12): sq_id = 91
[W : PPU[1] Thread (CPUThread)[0x00029c40]]: sys_mutex warning: *** mutex created [] (protocol=0x2, recursive=true): id = 92
[W : PPU[1] Thread (CPUThread)[0x00029c94]]: sys_cond warning: *** condition on recursive mutex(92)
[W : PPU[1] Thread (CPUThread)[0x00029c94]]: sys_cond warning: *** condition created [] (mutex_id=92): id = 93
[! : PPU[1] Thread (CPUThread)[0x012d901c]]: *** New PPU Thread [CRI FS File Access 3] (): id = 94
[W : PPU[1] Thread (CPUThread)[0x0002b09c]]: sysPrxForUser warning: sys_ppu_thread_set_priority(thread_id=94, prio=900)
[W : PPU[1] Thread (CPUThread)[0x012d9034]]: sys_lwmutex warning: *** lwmutex created [] (attribute=0x12): sq_id = 95
[W : PPU[1] Thread (CPUThread)[0x00029c40]]: sys_mutex warning: *** mutex created [] (protocol=0x2, recursive=true): id = 96
[W : PPU[1] Thread (CPUThread)[0x00029c94]]: sys_cond warning: *** condition on recursive mutex(96)
[W : PPU[1] Thread (CPUThread)[0x00029c94]]: sys_cond warning: *** condition created [] (mutex_id=96): id = 97
[! : PPU[1] Thread (CPUThread)[0x012d901c]]: *** New PPU Thread [CRI FS Data Decompression 0] (): id = 98
[W : PPU[1] Thread (CPUThread)[0x0002b09c]]: sysPrxForUser warning: sys_ppu_thread_set_priority(thread_id=98, prio=1100)
[W : PPU[1] Thread (CPUThread)[0x012d9034]]: sys_lwmutex warning: *** lwmutex created [] (attribute=0x12): sq_id = 99
[W : PPU[1] Thread (CPUThread)[0x012d9034]]: sys_lwmutex warning: *** lwmutex created [] (attribute=0x12): sq_id = 100
[W : PPU[1] Thread (CPUThread)[0x012d9034]]: sys_lwmutex warning: *** lwmutex created [] (attribute=0x12): sq_id = 101
[W : PPU[1] Thread (CPUThread)[0x012d9034]]: sys_lwmutex warning: *** lwmutex created [] (attribute=0x12): sq_id = 102
[W : PPU[1] Thread (CPUThread)[0x012d9034]]: sys_lwmutex warning: *** lwmutex created [] (attribute=0x12): sq_id = 103
[W : PPU[1] Thread (CPUThread)[0x012d9034]]: sys_lwmutex warning: *** lwmutex created [] (attribute=0x12): sq_id = 104
[W : PPU[1] Thread (CPUThread)[0x012d9034]]: sys_lwmutex warning: *** lwmutex created [] (attribute=0x12): sq_id = 105
[W : PPU[1] Thread (CPUThread)[0x012d9034]]: sys_lwmutex warning: *** lwmutex created [] (attribute=0x12): sq_id = 106
[W : PPU[1] Thread (CPUThread)[0x012d9034]]: sys_lwmutex warning: *** lwmutex created [] (attribute=0x12): sq_id = 107
[W : PPU[1] Thread (CPUThread)[0x00029c40]]: sys_mutex warning: *** mutex created [] (protocol=0x2, recursive=true): id = 108
[W : PPU[1] Thread (CPUThread)[0x00029c94]]: sys_cond warning: *** condition on recursive mutex(108)
[W : PPU[1] Thread (CPUThread)[0x00029c94]]: sys_cond warning: *** condition created [] (mutex_id=108): id = 109
[! : PPU[1] Thread (CPUThread)[0x012d901c]]: *** New PPU Thread [CriThread] (): id = 110
[W : PPU[1] Thread (CPUThread)[0x0002b09c]]: sysPrxForUser warning: sys_ppu_thread_set_priority(thread_id=110, prio=910)
[W : PPU[1] Thread (CPUThread)[0x012d9034]]: sys_lwmutex warning: *** lwmutex created [] (attribute=0x12): sq_id = 111
[W : PPU[1] Thread (CPUThread)[0x012d9034]]: sys_lwmutex warning: *** lwmutex created [] (attribute=0x12): sq_id = 112
[! : PPU[1] Thread (CPUThread)[0x012d901c]]: *** New PPU Thread [CRI Server Manager] (): id = 113
[W : PPU[1] Thread (CPUThread)[0x0002b09c]]: sysPrxForUser warning: sys_ppu_thread_set_priority(thread_id=113, prio=500)
[W : PPU[1] Thread (CPUThread)[0x012d9034]]: sys_lwmutex warning: *** lwmutex created [] (attribute=0x22): sq_id = 114
[W : PPU[1] Thread (CPUThread)[0x012d90c4]]: sys_lwcond warning: *** lwcond created [] (lwmutex_addr=0x348ffc10): id = 115
[W : PPU[1] Thread (CPUThread)[0x012d9034]]: sys_lwmutex warning: *** lwmutex created [] (attribute=0x22): sq_id = 116
[W : PPU[1] Thread (CPUThread)[0x012d90c4]]: sys_lwcond warning: *** lwcond created [] (lwmutex_addr=0x348ffbe0): id = 117
[W : PPU[1] Thread (CPUThread)[0x012dd01c]]: cellSysmodule warning: cellSysmoduleIsLoaded(CELL_SYSMODULE_SPURS_JQ)
[E : PPU[1] Thread (CPUThread)[0x02011004]]: TODO: cellSyncQueueInitialize
[E : PPU[1] Thread (CPUThread)[0x012db028]]: TODO: cellSpursJobQueueAttributeInitialize
[E : PPU[1] Thread (CPUThread)[0x012db0b8]]: TODO: _cellSpursCreateJobQueueWithJobDescriptorPool
[E : PPU[1] Thread (CPUThread)[0x012db07c]]: TODO: cellSpursJobQueuePort2Create
[W : PPU[1] Thread (CPUThread)[0x012d9034]]: sys_lwmutex warning: *** lwmutex created [] (attribute=0x12): sq_id = 118
[W : PPU[1] Thread (CPUThread)[0x012d9034]]: sys_lwmutex warning: *** lwmutex created [] (attribute=0x12): sq_id = 119
[W : PPU[1] Thread (CPUThread)[0x020130d0]]: cellSysutil warning: cellAudioOutGetConfiguration(audioOut=0, config_addr=0xd000fd50, option_addr=0x0)
[W : PPU[1] Thread (CPUThread)[0x02013064]]: cellSysutil warning: cellAudioOutConfigure(audioOut=0, config_addr=0xd000fd50, option_addr=0x0, (!)waitForEvent=0)
[W : PPU[1] Thread (CPUThread)[0x020130e8]]: cellSysutil warning: cellAudioOutGetState(audioOut=0x0,deviceIndex=0x0,state_addr=0xd000fd60)
[W : PPU[1] Thread (CPUThread)[0x02027004]]: cellAudio warning: cellAudioInit()
[! : Audio Thread]: Audio started
[W : PPU[1] Thread (CPUThread)[0x012d9034]]: sys_lwmutex warning: *** lwmutex created [] (attribute=0x12): sq_id = 120
[W : PPU[1] Thread (CPUThread)[0x012d9034]]: sys_lwmutex warning: *** lwmutex created [] (attribute=0x12): sq_id = 121
[W : PPU[1] Thread (CPUThread)[0x012d9034]]: sys_lwmutex warning: *** lwmutex created [] (attribute=0x12): sq_id = 122
[W : PPU[1] Thread (CPUThread)[0x012d9034]]: sys_lwmutex warning: *** lwmutex created [] (attribute=0x12): sq_id = 123
[W : PPU[1] Thread (CPUThread)[0x012d9034]]: sys_lwmutex warning: *** lwmutex created [] (attribute=0x12): sq_id = 124
[W : PPU[1] Thread (CPUThread)[0x012d9034]]: sys_lwmutex warning: *** lwmutex created [] (attribute=0x12): sq_id = 125
[W : PPU[1] Thread (CPUThread)[0x012d9034]]: sys_lwmutex warning: *** lwmutex created [] (attribute=0x12): sq_id = 126
[W : PPU[1] Thread (CPUThread)[0x012d9034]]: sys_lwmutex warning: *** lwmutex created [] (attribute=0x12): sq_id = 127
[W : PPU[1] Thread (CPUThread)[0x012d9034]]: sys_lwmutex warning: *** lwmutex created [] (attribute=0x12): sq_id = 128
[W : PPU[1] Thread (CPUThread)[0x012d9034]]: sys_lwmutex warning: *** lwmutex created [] (attribute=0x12): sq_id = 129
[W : PPU[1] Thread (CPUThread)[0x0202704c]]: cellAudio warning: cellAudioPortOpen(audioParam_addr=0xd000fdf0, portNum_addr=0x351b3a30)
[W : PPU[1] Thread (CPUThread)[0x0202704c]]: cellAudio warning: *** audio port opened(nChannel=8, nBlock=8, attr=0x0, level=1.000000): port = 0
[W : PPU[1] Thread (CPUThread)[0x02027028]]: cellAudio warning: cellAudioGetPortConfig(portNum=0x0, portConfig_addr=0x351b3a10)
[W : PPU[1] Thread (CPUThread)[0x012d9034]]: sys_lwmutex warning: *** lwmutex created [] (attribute=0x12): sq_id = 130
[W : PPU[1] Thread (CPUThread)[0x012d9034]]: sys_lwmutex warning: *** lwmutex created [] (attribute=0x12): sq_id = 131
[E : PPU[113] Thread (CRI Server Manager)[0x012db094]]: TODO: cellSpursJobQueuePort2Sync
[E : PPU[113] Thread (CRI Server Manager)[0x012db094]]: TODO: cellSpursJobQueuePort2Sync
[E : PPU[113] Thread (CRI Server Manager)[0x012db094]]: TODO: cellSpursJobQueuePort2Sync
[E : PPU[113] Thread (CRI Server Manager)[0x012db094]]: TODO: cellSpursJobQueuePort2Sync
[E : PPU[113] Thread (CRI Server Manager)[0x012db094]]: TODO: cellSpursJobQueuePort2Sync
[E : PPU[113] Thread (CRI Server Manager)[0x012db094]]: TODO: cellSpursJobQueuePort2Sync
[E : PPU[113] Thread (CRI Server Manager)[0x012db094]]: TODO: cellSpursJobQueuePort2Sync
[W : PPU[113] Thread (CRI Server Manager)[0x02027028]]: cellAudio warning: cellAudioGetPortConfig(portNum=0x0, portConfig_addr=0x351b3a10)
[E : PPU[113] Thread (CRI Server Manager)[0x012db0c4]]: TODO: _cellSpursJobQueuePort2CopyPushJobBody
[E : PPU[113] Thread (CRI Server Manager)[0x012db094]]: TODO: cellSpursJobQueuePort2Sync
[W : PPU[113] Thread (CRI Server Manager)[0x02027034]]: cellAudio warning: cellAudioPortStart(portNum=0x0)
[E : PPU[113] Thread (CRI Server Manager)[0x012db094]]: TODO: cellSpursJobQueuePort2Sync
[E : PPU[113] Thread (CRI Server Manager)[0x012db094]]: TODO: cellSpursJobQueuePort2Sync
[E : PPU[113] Thread (CRI Server Manager)[0x012db094]]: TODO: cellSpursJobQueuePort2Sync
[E : PPU[113] Thread (CRI Server Manager)[0x012db094]]: TODO: cellSpursJobQueuePort2Sync
[E : PPU[113] Thread (CRI Server Manager)[0x012db094]]: TODO: cellSpursJobQueuePort2Sync
[E : PPU[113] Thread (CRI Server Manager)[0x012db094]]: TODO: cellSpursJobQueuePort2Sync
[E : PPU[113] Thread (CRI Server Manager)[0x012db094]]: TODO: cellSpursJobQueuePort2Sync
[W : PPU[113] Thread (CRI Server Manager)[0x02027028]]: cellAudio warning: cellAudioGetPortConfig(portNum=0x0, portConfig_addr=0x351b3a10)
[E : PPU[113] Thread (CRI Server Manager)[0x012db0c4]]: TODO: _cellSpursJobQueuePort2CopyPushJobBody
[E : PPU[113] Thread (CRI Server Manager)[0x012db094]]: TODO: cellSpursJobQueuePort2Sync
[E : PPU[113] Thread (CRI Server Manager)[0x012db0c4]]: TODO: _cellSpursJobQueuePort2CopyPushJobBody
[E : PPU[113] Thread (CRI Server Manager)[0x012db094]]: TODO: cellSpursJobQueuePort2Sync
[E : PPU[113] Thread (CRI Server Manager)[0x012db094]]: TODO: cellSpursJobQueuePort2Sync
[E : PPU[113] Thread (CRI Server Manager)[0x012db094]]: TODO: cellSpursJobQueuePort2Sync
[E : PPU[113] Thread (CRI Server Manager)[0x012db094]]: TODO: cellSpursJobQueuePort2Sync
[E : PPU[113] Thread (CRI Server Manager)[0x012db094]]: TODO: cellSpursJobQueuePort2Sync
[E : PPU[113] Thread (CRI Server Manager)[0x012db094]]: TODO: cellSpursJobQueuePort2Sync
[E : PPU[113] Thread (CRI Server Manager)[0x012db094]]: TODO: cellSpursJobQueuePort2Sync
[E : PPU[113] Thread (CRI Server Manager)[0x012db094]]: TODO: cellSpursJobQueuePort2Sync
[W : PPU[113] Thread (CRI Server Manager)[0x02027028]]: cellAudio warning: cellAudioGetPortConfig(portNum=0x0, portConfig_addr=0x351b3a10)
[E : PPU[113] Thread (CRI Server Manager)[0x012db0c4]]: TODO: _cellSpursJobQueuePort2CopyPushJobBody
[E : PPU[113] Thread (CRI Server Manager)[0x012db094]]: TODO: cellSpursJobQueuePort2Sync
[E : PPU[113] Thread (CRI Server Manager)[0x012db0c4]]: TODO: _cellSpursJobQueuePort2CopyPushJobBody
[E : PPU[113] Thread (CRI Server Manager)[0x012db094]]: TODO: cellSpursJobQueuePort2Sync
[E : PPU[113] Thread (CRI Server Manager)[0x012db0c4]]: TODO: _cellSpursJobQueuePort2CopyPushJobBody
[E : PPU[113] Thread (CRI Server Manager)[0x012db094]]: TODO: cellSpursJobQueuePort2Sync
[E : PPU[113] Thread (CRI Server Manager)[0x012db0c4]]: TODO: _cellSpursJobQueuePort2CopyPushJobBody
[E : PPU[113] Thread (CRI Server Manager)[0x012db094]]: TODO: cellSpursJobQueuePort2Sync
[E : PPU[113] Thread (CRI Server Manager)[0x012db0c4]]: TODO: _cellSpursJobQueuePort2CopyPushJobBody
[E : PPU[113] Thread (CRI Server Manager)[0x012db094]]: TODO: cellSpursJobQueuePort2Sync
[E : PPU[113] Thread (CRI Server Manager)[0x012db0c4]]: TODO: _cellSpursJobQueuePort2CopyPushJobBody
[E : PPU[113] Thread (CRI Server Manager)[0x012db094]]: TODO: cellSpursJobQueuePort2Sync
[E : PPU[113] Thread (CRI Server Manager)[0x012db094]]: TODO: cellSpursJobQueuePort2Sync
[E : PPU[113] Thread (CRI Server Manager)[0x012db094]]: TODO: cellSpursJobQueuePort2Sync
[E : PPU[113] Thread (CRI Server Manager)[0x012db094]]: TODO: cellSpursJobQueuePort2Sync
[E : PPU[113] Thread (CRI Server Manager)[0x012db094]]: TODO: cellSpursJobQueuePort2Sync
[E : PPU[113] Thread (CRI Server Manager)[0x012db094]]: TODO: cellSpursJobQueuePort2Sync
[E : PPU[113] Thread (CRI Server Manager)[0x012db094]]: TODO: cellSpursJobQueuePort2Sync
[E : PPU[113] Thread (CRI Server Manager)[0x012db094]]: TODO: cellSpursJobQueuePort2Sync
[W : PPU[113] Thread (CRI Server Manager)[0x02027028]]: cellAudio warning: cellAudioGetPortConfig(portNum=0x0, portConfig_addr=0x351b3a10)
[E : PPU[113] Thread (CRI Server Manager)[0x012db0c4]]: TODO: _cellSpursJobQueuePort2CopyPushJobBody
[E : PPU[113] Thread (CRI Server Manager)[0x012db094]]: TODO: cellSpursJobQueuePort2Sync
[E : PPU[113] Thread (CRI Server Manager)[0x012db0c4]]: TODO: _cellSpursJobQueuePort2CopyPushJobBody
[E : PPU[113] Thread (CRI Server Manager)[0x012db094]]: TODO: cellSpursJobQueuePort2Sync
[E : PPU[113] Thread (CRI Server Manager)[0x012db0c4]]: TODO: _cellSpursJobQueuePort2CopyPushJobBody
[E : PPU[113] Thread (CRI Server Manager)[0x012db094]]: TODO: cellSpursJobQueuePort2Sync
[E : PPU[113] Thread (CRI Server Manager)[0x012db0c4]]: TODO: _cellSpursJobQueuePort2CopyPushJobBody
[E : PPU[113] Thread (CRI Server Manager)[0x012db094]]: TODO: cellSpursJobQueuePort2Sync
[E : PPU[113] Thread (CRI Server Manager)[0x012db0c4]]: TODO: _cellSpursJobQueuePort2CopyPushJobBody
[E : PPU[113] Thread (CRI Server Manager)[0x012db094]]: TODO: cellSpursJobQueuePort2Sync
[E : PPU[113] Thread (CRI Server Manager)[0x012db0c4]]: TODO: _cellSpursJobQueuePort2CopyPushJobBody
[E : PPU[113] Thread (CRI Server Manager)[0x012db094]]: TODO: cellSpursJobQueuePort2Sync
[E : PPU[113] Thread (CRI Server Manager)[0x012db0c4]]: TODO: _cellSpursJobQueuePort2CopyPushJobBody
[E : PPU[113] Thread (CRI Server Manager)[0x012db094]]: TODO: cellSpursJobQueuePort2Sync
[W : PPU[1] Thread (CPUThread)[0x012d9034]]: sys_lwmutex warning: *** lwmutex created [] (attribute=0x12): sq_id = 132
[W : PPU[1] Thread (CPUThread)[0x012d9034]]: sys_lwmutex warning: *** lwmutex created [] (attribute=0x12): sq_id = 133
[W : PPU[1] Thread (CPUThread)[0x012d9034]]: sys_lwmutex warning: *** lwmutex created [] (attribute=0x12): sq_id = 134
[W : PPU[1] Thread (CPUThread)[0x012d9034]]: sys_lwmutex warning: *** lwmutex created [] (attribute=0x12): sq_id = 135
[W : PPU[1] Thread (CPUThread)[0x012d9034]]: sys_lwmutex warning: *** lwmutex created [] (attribute=0x12): sq_id = 136
[E : PPU[113] Thread (CRI Server Manager)[0x012db094]]: TODO: cellSpursJobQueuePort2Sync
[E : PPU[113] Thread (CRI Server Manager)[0x012db094]]: TODO: cellSpursJobQueuePort2Sync
[E : PPU[113] Thread (CRI Server Manager)[0x012db094]]: TODO: cellSpursJobQueuePort2Sync
[E : PPU[113] Thread (CRI Server Manager)[0x012db094]]: TODO: cellSpursJobQueuePort2Sync
[E : PPU[113] Thread (CRI Server Manager)[0x012db094]]: TODO: cellSpursJobQueuePort2Sync
[E : PPU[113] Thread (CRI Server Manager)[0x012db094]]: TODO: cellSpursJobQueuePort2Sync
[E : PPU[113] Thread (CRI Server Manager)[0x012db094]]: TODO: cellSpursJobQueuePort2Sync
[W : PPU[113] Thread (CRI Server Manager)[0x02027028]]: cellAudio warning: cellAudioGetPortConfig(portNum=0x0, portConfig_addr=0x351b3a10)
[E : PPU[113] Thread (CRI Server Manager)[0x012db0c4]]: TODO: _cellSpursJobQueuePort2CopyPushJobBody
[E : PPU[113] Thread (CRI Server Manager)[0x012db094]]: TODO: cellSpursJobQueuePort2Sync
[E : PPU[113] Thread (CRI Server Manager)[0x012db0c4]]: TODO: _cellSpursJobQueuePort2CopyPushJobBody
[E : PPU[113] Thread (CRI Server Manager)[0x012db094]]: TODO: cellSpursJobQueuePort2Sync
[E : PPU[113] Thread (CRI Server Manager)[0x012db0c4]]: TODO: _cellSpursJobQueuePort2CopyPushJobBody
[E : PPU[113] Thread (CRI Server Manager)[0x012db094]]: TODO: cellSpursJobQueuePort2Sync
[E : PPU[113] Thread (CRI Server Manager)[0x012db0c4]]: TODO: _cellSpursJobQueuePort2CopyPushJobBody
[E : PPU[113] Thread (CRI Server Manager)[0x012db094]]: TODO: cellSpursJobQueuePort2Sync
[E : PPU[113] Thread (CRI Server Manager)[0x012db0c4]]: TODO: _cellSpursJobQueuePort2CopyPushJobBody
[E : PPU[113] Thread (CRI Server Manager)[0x012db094]]: TODO: cellSpursJobQueuePort2Sync
[E : PPU[113] Thread (CRI Server Manager)[0x012db0c4]]: TODO: _cellSpursJobQueuePort2CopyPushJobBody
[E : PPU[113] Thread (CRI Server Manager)[0x012db094]]: TODO: cellSpursJobQueuePort2Sync
[E : PPU[113] Thread (CRI Server Manager)[0x012db0c4]]: TODO: _cellSpursJobQueuePort2CopyPushJobBody
[E : PPU[113] Thread (CRI Server Manager)[0x012db094]]: TODO: cellSpursJobQueuePort2Sync
[W : PPU[1] Thread (CPUThread)[0x012d9034]]: sys_lwmutex warning: *** lwmutex created [] (attribute=0x12): sq_id = 137
[W : PPU[1] Thread (CPUThread)[0x012d9034]]: sys_lwmutex warning: *** lwmutex created [] (attribute=0x12): sq_id = 138
[W : PPU[1] Thread (CPUThread)[0x012d9034]]: sys_lwmutex warning: *** lwmutex created [] (attribute=0x12): sq_id = 139
[W : PPU[1] Thread (CPUThread)[0x012d9034]]: sys_lwmutex warning: *** lwmutex created [] (attribute=0x12): sq_id = 140
[E : PPU[113] Thread (CRI Server Manager)[0x012db094]]: TODO: cellSpursJobQueuePort2Sync
[E : PPU[113] Thread (CRI Server Manager)[0x012db094]]: TODO: cellSpursJobQueuePort2Sync
[E : PPU[113] Thread (CRI Server Manager)[0x012db094]]: TODO: cellSpursJobQueuePort2Sync
[E : PPU[113] Thread (CRI Server Manager)[0x012db094]]: TODO: cellSpursJobQueuePort2Sync
[E : PPU[113] Thread (CRI Server Manager)[0x012db094]]: TODO: cellSpursJobQueuePort2Sync
[E : PPU[113] Thread (CRI Server Manager)[0x012db094]]: TODO: cellSpursJobQueuePort2Sync
[E : PPU[113] Thread (CRI Server Manager)[0x012db094]]: TODO: cellSpursJobQueuePort2Sync
[W : PPU[113] Thread (CRI Server Manager)[0x02027028]]: cellAudio warning: cellAudioGetPortConfig(portNum=0x0, portConfig_addr=0x351b3a10)
[E : PPU[113] Thread (CRI Server Manager)[0x012db0c4]]: TODO: _cellSpursJobQueuePort2CopyPushJobBody
[E : PPU[113] Thread (CRI Server Manager)[0x012db094]]: TODO: cellSpursJobQueuePort2Sync
[E : PPU[113] Thread (CRI Server Manager)[0x012db0c4]]: TODO: _cellSpursJobQueuePort2CopyPushJobBody
[E : PPU[113] Thread (CRI Server Manager)[0x012db094]]: TODO: cellSpursJobQueuePort2Sync
[E : PPU[113] Thread (CRI Server Manager)[0x012db0c4]]: TODO: _cellSpursJobQueuePort2CopyPushJobBody
[E : PPU[113] Thread (CRI Server Manager)[0x012db094]]: TODO: cellSpursJobQueuePort2Sync
[E : PPU[113] Thread (CRI Server Manager)[0x012db0c4]]: TODO: _cellSpursJobQueuePort2CopyPushJobBody
[E : PPU[113] Thread (CRI Server Manager)[0x012db094]]: TODO: cellSpursJobQueuePort2Sync
[E : PPU[113] Thread (CRI Server Manager)[0x012db0c4]]: TODO: _cellSpursJobQueuePort2CopyPushJobBody
[E : PPU[113] Thread (CRI Server Manager)[0x012db094]]: TODO: cellSpursJobQueuePort2Sync
[E : PPU[113] Thread (CRI Server Manager)[0x012db0c4]]: TODO: _cellSpursJobQueuePort2CopyPushJobBody
[E : PPU[113] Thread (CRI Server Manager)[0x012db094]]: TODO: cellSpursJobQueuePort2Sync
[E : PPU[113] Thread (CRI Server Manager)[0x012db0c4]]: TODO: _cellSpursJobQueuePort2CopyPushJobBody
[E : PPU[113] Thread (CRI Server Manager)[0x012db094]]: TODO: cellSpursJobQueuePort2Sync
[W : PPU[1] Thread (CPUThread)[0x012d9034]]: sys_lwmutex warning: *** lwmutex created [] (attribute=0x12): sq_id = 141
[W : PPU[1] Thread (CPUThread)[0x012d9034]]: sys_lwmutex warning: *** lwmutex created [] (attribute=0x12): sq_id = 142
[W : PPU[1] Thread (CPUThread)[0x012d9034]]: sys_lwmutex warning: *** lwmutex created [] (attribute=0x12): sq_id = 143
[W : PPU[1] Thread (CPUThread)[0x012d9034]]: sys_lwmutex warning: *** lwmutex created [] (attribute=0x12): sq_id = 144
[E : PPU[113] Thread (CRI Server Manager)[0x012db094]]: TODO: cellSpursJobQueuePort2Sync
[E : PPU[113] Thread (CRI Server Manager)[0x012db094]]: TODO: cellSpursJobQueuePort2Sync
[E : PPU[113] Thread (CRI Server Manager)[0x012db094]]: TODO: cellSpursJobQueuePort2Sync
[E : PPU[113] Thread (CRI Server Manager)[0x012db094]]: TODO: cellSpursJobQueuePort2Sync
[E : PPU[113] Thread (CRI Server Manager)[0x012db094]]: TODO: cellSpursJobQueuePort2Sync
[E : PPU[113] Thread (CRI Server Manager)[0x012db094]]: TODO: cellSpursJobQueuePort2Sync
[E : PPU[113] Thread (CRI Server Manager)[0x012db094]]: TODO: cellSpursJobQueuePort2Sync
[W : PPU[113] Thread (CRI Server Manager)[0x02027028]]: cellAudio warning: cellAudioGetPortConfig(portNum=0x0, portConfig_addr=0x351b3a10)
[E : PPU[113] Thread (CRI Server Manager)[0x012db0c4]]: TODO: _cellSpursJobQueuePort2CopyPushJobBody
[E : PPU[113] Thread (CRI Server Manager)[0x012db094]]: TODO: cellSpursJobQueuePort2Sync
[E : PPU[113] Thread (CRI Server Manager)[0x012db0c4]]: TODO: _cellSpursJobQueuePort2CopyPushJobBody
[E : PPU[113] Thread (CRI Server Manager)[0x012db094]]: TODO: cellSpursJobQueuePort2Sync
[E : PPU[113] Thread (CRI Server Manager)[0x012db0c4]]: TODO: _cellSpursJobQueuePort2CopyPushJobBody
[E : PPU[113] Thread (CRI Server Manager)[0x012db094]]: TODO: cellSpursJobQueuePort2Sync
[E : PPU[113] Thread (CRI Server Manager)[0x012db0c4]]: TODO: _cellSpursJobQueuePort2CopyPushJobBody
[E : PPU[113] Thread (CRI Server Manager)[0x012db094]]: TODO: cellSpursJobQueuePort2Sync
[E : PPU[113] Thread (CRI Server Manager)[0x012db0c4]]: TODO: _cellSpursJobQueuePort2CopyPushJobBody
[E : PPU[113] Thread (CRI Server Manager)[0x012db094]]: TODO: cellSpursJobQueuePort2Sync
[E : PPU[113] Thread (CRI Server Manager)[0x012db0c4]]: TODO: _cellSpursJobQueuePort2CopyPushJobBody
[E : PPU[113] Thread (CRI Server Manager)[0x012db094]]: TODO: cellSpursJobQueuePort2Sync
[E : PPU[113] Thread (CRI Server Manager)[0x012db0c4]]: TODO: _cellSpursJobQueuePort2CopyPushJobBody
[E : PPU[113] Thread (CRI Server Manager)[0x012db094]]: TODO: cellSpursJobQueuePort2Sync
[W : PPU[1] Thread (CPUThread)[0x012d9034]]: sys_lwmutex warning: *** lwmutex created [] (attribute=0x12): sq_id = 145
[W : PPU[1] Thread (CPUThread)[0x012d9034]]: sys_lwmutex warning: *** lwmutex created [] (attribute=0x12): sq_id = 146
[W : PPU[1] Thread (CPUThread)[0x012d9034]]: sys_lwmutex warning: *** lwmutex created [] (attribute=0x12): sq_id = 147
[E : PPU[113] Thread (CRI Server Manager)[0x012db094]]: TODO: cellSpursJobQueuePort2Sync
[E : PPU[113] Thread (CRI Server Manager)[0x012db094]]: TODO: cellSpursJobQueuePort2Sync
[E : PPU[113] Thread (CRI Server Manager)[0x012db094]]: TODO: cellSpursJobQueuePort2Sync
[E : PPU[113] Thread (CRI Server Manager)[0x012db094]]: TODO: cellSpursJobQueuePort2Sync
[E : PPU[113] Thread (CRI Server Manager)[0x012db094]]: TODO: cellSpursJobQueuePort2Sync
[E : PPU[113] Thread (CRI Server Manager)[0x012db094]]: TODO: cellSpursJobQueuePort2Sync
[E : PPU[113] Thread (CRI Server Manager)[0x012db094]]: TODO: cellSpursJobQueuePort2Sync
[W : PPU[113] Thread (CRI Server Manager)[0x02027028]]: cellAudio warning: cellAudioGetPortConfig(portNum=0x0, portConfig_addr=0x351b3a10)
[E : PPU[113] Thread (CRI Server Manager)[0x012db0c4]]: TODO: _cellSpursJobQueuePort2CopyPushJobBody
[E : PPU[113] Thread (CRI Server Manager)[0x012db094]]: TODO: cellSpursJobQueuePort2Sync
[E : PPU[113] Thread (CRI Server Manager)[0x012db0c4]]: TODO: _cellSpursJobQueuePort2CopyPushJobBody
[E : PPU[113] Thread (CRI Server Manager)[0x012db094]]: TODO: cellSpursJobQueuePort2Sync
[E : PPU[113] Thread (CRI Server Manager)[0x012db0c4]]: TODO: _cellSpursJobQueuePort2CopyPushJobBody
[E : PPU[113] Thread (CRI Server Manager)[0x012db094]]: TODO: cellSpursJobQueuePort2Sync
[E : PPU[113] Thread (CRI Server Manager)[0x012db0c4]]: TODO: _cellSpursJobQueuePort2CopyPushJobBody
[E : PPU[113] Thread (CRI Server Manager)[0x012db094]]: TODO: cellSpursJobQueuePort2Sync
[E : PPU[113] Thread (CRI Server Manager)[0x012db0c4]]: TODO: _cellSpursJobQueuePort2CopyPushJobBody
[E : PPU[113] Thread (CRI Server Manager)[0x012db094]]: TODO: cellSpursJobQueuePort2Sync
[W : PPU[1] Thread (CPUThread)[0x012d9034]]: sys_lwmutex warning: *** lwmutex created [] (attribute=0x12): sq_id = 148
[W : PPU[1] Thread (CPUThread)[0x012d9034]]: sys_lwmutex warning: *** lwmutex created [] (attribute=0x12): sq_id = 149
[W : PPU[1] Thread (CPUThread)[0x012d9034]]: sys_lwmutex warning: *** lwmutex created [] (attribute=0x12): sq_id = 150
[W : PPU[1] Thread (CPUThread)[0x012d9034]]: sys_lwmutex warning: *** lwmutex created [] (attribute=0x12): sq_id = 151
[E : PPU[113] Thread (CRI Server Manager)[0x012db094]]: TODO: cellSpursJobQueuePort2Sync
[E : PPU[113] Thread (CRI Server Manager)[0x012db094]]: TODO: cellSpursJobQueuePort2Sync
[E : PPU[113] Thread (CRI Server Manager)[0x012db094]]: TODO: cellSpursJobQueuePort2Sync
[E : PPU[113] Thread (CRI Server Manager)[0x012db094]]: TODO: cellSpursJobQueuePort2Sync
[E : PPU[113] Thread (CRI Server Manager)[0x012db094]]: TODO: cellSpursJobQueuePort2Sync
[E : PPU[113] Thread (CRI Server Manager)[0x012db094]]: TODO: cellSpursJobQueuePort2Sync
[E : PPU[113] Thread (CRI Server Manager)[0x012db094]]: TODO: cellSpursJobQueuePort2Sync
[W : PPU[113] Thread (CRI Server Manager)[0x02027028]]: cellAudio warning: cellAudioGetPortConfig(portNum=0x0, portConfig_addr=0x351b3a10)
[E : PPU[113] Thread (CRI Server Manager)[0x012db0c4]]: TODO: _cellSpursJobQueuePort2CopyPushJobBody
[E : PPU[113] Thread (CRI Server Manager)[0x012db094]]: TODO: cellSpursJobQueuePort2Sync
[E : PPU[113] Thread (CRI Server Manager)[0x012db0c4]]: TODO: _cellSpursJobQueuePort2CopyPushJobBody
[E : PPU[113] Thread (CRI Server Manager)[0x012db094]]: TODO: cellSpursJobQueuePort2Sync
[E : PPU[113] Thread (CRI Server Manager)[0x012db0c4]]: TODO: _cellSpursJobQueuePort2CopyPushJobBody
[E : PPU[113] Thread (CRI Server Manager)[0x012db094]]: TODO: cellSpursJobQueuePort2Sync
[E : PPU[113] Thread (CRI Server Manager)[0x012db0c4]]: TODO: _cellSpursJobQueuePort2CopyPushJobBody
[E : PPU[113] Thread (CRI Server Manager)[0x012db094]]: TODO: cellSpursJobQueuePort2Sync
[E : PPU[113] Thread (CRI Server Manager)[0x012db0c4]]: TODO: _cellSpursJobQueuePort2CopyPushJobBody
[E : PPU[113] Thread (CRI Server Manager)[0x012db094]]: TODO: cellSpursJobQueuePort2Sync
[E : PPU[113] Thread (CRI Server Manager)[0x012db0c4]]: TODO: _cellSpursJobQueuePort2CopyPushJobBody
[E : PPU[113] Thread (CRI Server Manager)[0x012db094]]: TODO: cellSpursJobQueuePort2Sync
[E : PPU[113] Thread (CRI Server Manager)[0x012db0c4]]: TODO: _cellSpursJobQueuePort2CopyPushJobBody
[E : PPU[113] Thread (CRI Server Manager)[0x012db094]]: TODO: cellSpursJobQueuePort2Sync
[W : PPU[1] Thread (CPUThread)[0x012d9034]]: sys_lwmutex warning: *** lwmutex created [] (attribute=0x12): sq_id = 152
[W : PPU[1] Thread (CPUThread)[0x012d9034]]: sys_lwmutex warning: *** lwmutex created [] (attribute=0x12): sq_id = 153
[W : PPU[1] Thread (CPUThread)[0x012d9034]]: sys_lwmutex warning: *** lwmutex created [] (attribute=0x12): sq_id = 154
[W : PPU[1] Thread (CPUThread)[0x012d9034]]: sys_lwmutex warning: *** lwmutex created [] (attribute=0x12): sq_id = 155
[E : PPU[113] Thread (CRI Server Manager)[0x012db094]]: TODO: cellSpursJobQueuePort2Sync
[E : PPU[113] Thread (CRI Server Manager)[0x012db094]]: TODO: cellSpursJobQueuePort2Sync
[E : PPU[113] Thread (CRI Server Manager)[0x012db094]]: TODO: cellSpursJobQueuePort2Sync
[E : PPU[113] Thread (CRI Server Manager)[0x012db094]]: TODO: cellSpursJobQueuePort2Sync
[E : PPU[113] Thread (CRI Server Manager)[0x012db094]]: TODO: cellSpursJobQueuePort2Sync
[E : PPU[113] Thread (CRI Server Manager)[0x012db094]]: TODO: cellSpursJobQueuePort2Sync
[E : PPU[113] Thread (CRI Server Manager)[0x012db094]]: TODO: cellSpursJobQueuePort2Sync
[W : PPU[113] Thread (CRI Server Manager)[0x02027028]]: cellAudio warning: cellAudioGetPortConfig(portNum=0x0, portConfig_addr=0x351b3a10)
[E : PPU[113] Thread (CRI Server Manager)[0x012db0c4]]: TODO: _cellSpursJobQueuePort2CopyPushJobBody
[E : PPU[113] Thread (CRI Server Manager)[0x012db094]]: TODO: cellSpursJobQueuePort2Sync
[E : PPU[113] Thread (CRI Server Manager)[0x012db0c4]]: TODO: _cellSpursJobQueuePort2CopyPushJobBody
[E : PPU[113] Thread (CRI Server Manager)[0x012db094]]: TODO: cellSpursJobQueuePort2Sync
[E : PPU[113] Thread (CRI Server Manager)[0x012db0c4]]: TODO: _cellSpursJobQueuePort2CopyPushJobBody
[E : PPU[113] Thread (CRI Server Manager)[0x012db094]]: TODO: cellSpursJobQueuePort2Sync
[E : PPU[113] Thread (CRI Server Manager)[0x012db0c4]]: TODO: _cellSpursJobQueuePort2CopyPushJobBody
[E : PPU[113] Thread (CRI Server Manager)[0x012db094]]: TODO: cellSpursJobQueuePort2Sync
[E : PPU[113] Thread (CRI Server Manager)[0x012db0c4]]: TODO: _cellSpursJobQueuePort2CopyPushJobBody
[E : PPU[113] Thread (CRI Server Manager)[0x012db094]]: TODO: cellSpursJobQueuePort2Sync
[E : PPU[113] Thread (CRI Server Manager)[0x012db0c4]]: TODO: _cellSpursJobQueuePort2CopyPushJobBody
[E : PPU[113] Thread (CRI Server Manager)[0x012db094]]: TODO: cellSpursJobQueuePort2Sync
[E : PPU[113] Thread (CRI Server Manager)[0x012db0c4]]: TODO: _cellSpursJobQueuePort2CopyPushJobBody
[E : PPU[113] Thread (CRI Server Manager)[0x012db094]]: TODO: cellSpursJobQueuePort2Sync
[W : PPU[1] Thread (CPUThread)[0x012d9034]]: sys_lwmutex warning: *** lwmutex created [] (attribute=0x12): sq_id = 156
[W : PPU[1] Thread (CPUThread)[0x012d9034]]: sys_lwmutex warning: *** lwmutex created [] (attribute=0x12): sq_id = 157
[W : PPU[1] Thread (CPUThread)[0x012d9034]]: sys_lwmutex warning: *** lwmutex created [] (attribute=0x12): sq_id = 158
[E : PPU[113] Thread (CRI Server Manager)[0x012db094]]: TODO: cellSpursJobQueuePort2Sync
[E : PPU[113] Thread (CRI Server Manager)[0x012db094]]: TODO: cellSpursJobQueuePort2Sync
[E : PPU[113] Thread (CRI Server Manager)[0x012db094]]: TODO: cellSpursJobQueuePort2Sync
[E : PPU[113] Thread (CRI Server Manager)[0x012db094]]: TODO: cellSpursJobQueuePort2Sync
[E : PPU[113] Thread (CRI Server Manager)[0x012db094]]: TODO: cellSpursJobQueuePort2Sync
[E : PPU[113] Thread (CRI Server Manager)[0x012db094]]: TODO: cellSpursJobQueuePort2Sync
[E : PPU[113] Thread (CRI Server Manager)[0x012db094]]: TODO: cellSpursJobQueuePort2Sync
[W : PPU[113] Thread (CRI Server Manager)[0x02027028]]: cellAudio warning: cellAudioGetPortConfig(portNum=0x0, portConfig_addr=0x351b3a10)
[E : PPU[113] Thread (CRI Server Manager)[0x012db0c4]]: TODO: _cellSpursJobQueuePort2CopyPushJobBody
[E : PPU[113] Thread (CRI Server Manager)[0x012db094]]: TODO: cellSpursJobQueuePort2Sync
[E : PPU[113] Thread (CRI Server Manager)[0x012db0c4]]: TODO: _cellSpursJobQueuePort2CopyPushJobBody
[E : PPU[113] Thread (CRI Server Manager)[0x012db094]]: TODO: cellSpursJobQueuePort2Sync
[E : PPU[113] Thread (CRI Server Manager)[0x012db0c4]]: TODO: _cellSpursJobQueuePort2CopyPushJobBody
[E : PPU[113] Thread (CRI Server Manager)[0x012db094]]: TODO: cellSpursJobQueuePort2Sync
[E : PPU[113] Thread (CRI Server Manager)[0x012db0c4]]: TODO: _cellSpursJobQueuePort2CopyPushJobBody
[E : PPU[113] Thread (CRI Server Manager)[0x012db094]]: TODO: cellSpursJobQueuePort2Sync
[E : PPU[113] Thread (CRI Server Manager)[0x012db0c4]]: TODO: _cellSpursJobQueuePort2CopyPushJobBody
[E : PPU[113] Thread (CRI Server Manager)[0x012db094]]: TODO: cellSpursJobQueuePort2Sync
[E : PPU[113] Thread (CRI Server Manager)[0x012db0c4]]: TODO: _cellSpursJobQueuePort2CopyPushJobBody
[E : PPU[113] Thread (CRI Server Manager)[0x012db094]]: TODO: cellSpursJobQueuePort2Sync
[E : PPU[113] Thread (CRI Server Manager)[0x012db0c4]]: TODO: _cellSpursJobQueuePort2CopyPushJobBody
[E : PPU[113] Thread (CRI Server Manager)[0x012db094]]: TODO: cellSpursJobQueuePort2Sync
[W : PPU[1] Thread (CPUThread)[0x012d9034]]: sys_lwmutex warning: *** lwmutex created [] (attribute=0x12): sq_id = 159
[W : PPU[1] Thread (CPUThread)[0x012d9034]]: sys_lwmutex warning: *** lwmutex created [] (attribute=0x12): sq_id = 160
[W : PPU[1] Thread (CPUThread)[0x012d9034]]: sys_lwmutex warning: *** lwmutex created [] (attribute=0x12): sq_id = 161
[W : PPU[1] Thread (CPUThread)[0x012d9034]]: sys_lwmutex warning: *** lwmutex created [] (attribute=0x12): sq_id = 162
[E : PPU[113] Thread (CRI Server Manager)[0x012db094]]: TODO: cellSpursJobQueuePort2Sync
[E : PPU[113] Thread (CRI Server Manager)[0x012db094]]: TODO: cellSpursJobQueuePort2Sync
[E : PPU[113] Thread (CRI Server Manager)[0x012db094]]: TODO: cellSpursJobQueuePort2Sync
[E : PPU[113] Thread (CRI Server Manager)[0x012db094]]: TODO: cellSpursJobQueuePort2Sync
[E : PPU[113] Thread (CRI Server Manager)[0x012db094]]: TODO: cellSpursJobQueuePort2Sync
[E : PPU[113] Thread (CRI Server Manager)[0x012db094]]: TODO: cellSpursJobQueuePort2Sync
[E : PPU[113] Thread (CRI Server Manager)[0x012db094]]: TODO: cellSpursJobQueuePort2Sync
[W : PPU[113] Thread (CRI Server Manager)[0x02027028]]: cellAudio warning: cellAudioGetPortConfig(portNum=0x0, portConfig_addr=0x351b3a10)
[E : PPU[113] Thread (CRI Server Manager)[0x012db0c4]]: TODO: _cellSpursJobQueuePort2CopyPushJobBody
[E : PPU[113] Thread (CRI Server Manager)[0x012db094]]: TODO: cellSpursJobQueuePort2Sync
[E : PPU[113] Thread (CRI Server Manager)[0x012db0c4]]: TODO: _cellSpursJobQueuePort2CopyPushJobBody
[E : PPU[113] Thread (CRI Server Manager)[0x012db094]]: TODO: cellSpursJobQueuePort2Sync
[E : PPU[113] Thread (CRI Server Manager)[0x012db0c4]]: TODO: _cellSpursJobQueuePort2CopyPushJobBody
[E : PPU[113] Thread (CRI Server Manager)[0x012db094]]: TODO: cellSpursJobQueuePort2Sync
[E : PPU[113] Thread (CRI Server Manager)[0x012db0c4]]: TODO: _cellSpursJobQueuePort2CopyPushJobBody
[E : PPU[113] Thread (CRI Server Manager)[0x012db094]]: TODO: cellSpursJobQueuePort2Sync
[E : PPU[113] Thread (CRI Server Manager)[0x012db0c4]]: TODO: _cellSpursJobQueuePort2CopyPushJobBody
[E : PPU[113] Thread (CRI Server Manager)[0x012db094]]: TODO: cellSpursJobQueuePort2Sync
[E : PPU[113] Thread (CRI Server Manager)[0x012db0c4]]: TODO: _cellSpursJobQueuePort2CopyPushJobBody
[E : PPU[113] Thread (CRI Server Manager)[0x012db094]]: TODO: cellSpursJobQueuePort2Sync
[E : PPU[113] Thread (CRI Server Manager)[0x012db0c4]]: TODO: _cellSpursJobQueuePort2CopyPushJobBody
[E : PPU[113] Thread (CRI Server Manager)[0x012db094]]: TODO: cellSpursJobQueuePort2Sync
[W : PPU[1] Thread (CPUThread)[0x012d9034]]: sys_lwmutex warning: *** lwmutex created [] (attribute=0x12): sq_id = 163
[W : PPU[1] Thread (CPUThread)[0x012d9034]]: sys_lwmutex warning: *** lwmutex created [] (attribute=0x12): sq_id = 164
[E : PPU[113] Thread (CRI Server Manager)[0x012db094]]: TODO: cellSpursJobQueuePort2Sync
[E : PPU[113] Thread (CRI Server Manager)[0x012db094]]: TODO: cellSpursJobQueuePort2Sync
[E : PPU[113] Thread (CRI Server Manager)[0x012db094]]: TODO: cellSpursJobQueuePort2Sync
[E : PPU[113] Thread (CRI Server Manager)[0x012db094]]: TODO: cellSpursJobQueuePort2Sync
[E : PPU[113] Thread (CRI Server Manager)[0x012db094]]: TODO: cellSpursJobQueuePort2Sync
[E : PPU[113] Thread (CRI Server Manager)[0x012db094]]: TODO: cellSpursJobQueuePort2Sync
[E : PPU[113] Thread (CRI Server Manager)[0x012db094]]: TODO: cellSpursJobQueuePort2Sync
[W : PPU[113] Thread (CRI Server Manager)[0x02027028]]: cellAudio warning: cellAudioGetPortConfig(portNum=0x0, portConfig_addr=0x351b3a10)
[E : PPU[113] Thread (CRI Server Manager)[0x012db0c4]]: TODO: _cellSpursJobQueuePort2CopyPushJobBody
[E : PPU[113] Thread (CRI Server Manager)[0x012db094]]: TODO: cellSpursJobQueuePort2Sync
[E : PPU[113] Thread (CRI Server Manager)[0x012db0c4]]: TODO: _cellSpursJobQueuePort2CopyPushJobBody
[E : PPU[113] Thread (CRI Server Manager)[0x012db094]]: TODO: cellSpursJobQueuePort2Sync
[E : PPU[113] Thread (CRI Server Manager)[0x012db0c4]]: TODO: _cellSpursJobQueuePort2CopyPushJobBody
[E : PPU[113] Thread (CRI Server Manager)[0x012db094]]: TODO: cellSpursJobQueuePort2Sync
[E : PPU[113] Thread (CRI Server Manager)[0x012db0c4]]: TODO: _cellSpursJobQueuePort2CopyPushJobBody
[E : PPU[113] Thread (CRI Server Manager)[0x012db094]]: TODO: cellSpursJobQueuePort2Sync
[E : PPU[113] Thread (CRI Server Manager)[0x012db0c4]]: TODO: _cellSpursJobQueuePort2CopyPushJobBody
[E : PPU[113] Thread (CRI Server Manager)[0x012db094]]: TODO: cellSpursJobQueuePort2Sync
[W : PPU[1] Thread (CPUThread)[0x012d9034]]: sys_lwmutex warning: *** lwmutex created [] (attribute=0x12): sq_id = 165
[W : PPU[1] Thread (CPUThread)[0x012d9034]]: sys_lwmutex warning: *** lwmutex created [] (attribute=0x12): sq_id = 166
[W : PPU[1] Thread (CPUThread)[0x012d9034]]: sys_lwmutex warning: *** lwmutex created [] (attribute=0x12): sq_id = 167
[W : PPU[1] Thread (CPUThread)[0x012d9034]]: sys_lwmutex warning: *** lwmutex created [] (attribute=0x12): sq_id = 168
[W : PPU[1] Thread (CPUThread)[0x012d9034]]: sys_lwmutex warning: *** lwmutex created [] (attribute=0x12): sq_id = 169
[E : PPU[113] Thread (CRI Server Manager)[0x012db094]]: TODO: cellSpursJobQueuePort2Sync
[E : PPU[113] Thread (CRI Server Manager)[0x012db094]]: TODO: cellSpursJobQueuePort2Sync
[! : RSXThread]: RSX thread exit...
[W : Audio Thread]: Audio aborted
[W : PPU[1] Thread (CPUThread)[0x012d9004]]: sys_lwmutex_t::lock(sq=119) aborted
[W : PPU[110] Thread (CriThread)[0x00029ed4]]: sys_cond_wait(id=109) aborted
[W : PPU[94] Thread (CRI FS File Access 3)[0x00029ed4]]: sys_cond_wait(id=93) aborted
[W : PPU[90] Thread (CRI FS File Access 2)[0x00029ed4]]: sys_cond_wait(id=89) aborted
[W : PPU[98] Thread (CRI FS Data Decompression 0)[0x00029ed4]]: sys_cond_wait(id=97) aborted
[W : PPU[69] Thread (spu_printf_handler)[0x00d14b38]]: sys_event_queue_receive(equeue=68) aborted
[W : PPU[78] Thread (CRI FS File Access 0)[0x00029ed4]]: sys_cond_wait(id=77) aborted
[W : PPU[86] Thread (CRI FS File Access 1)[0x00029ed4]]: sys_cond_wait(id=85) aborted
[W : PPU[82] Thread (CRI FS Memory File System)[0x00029ed4]]: sys_cond_wait(id=81) aborted
[!]: Closing memory...
