[!]: path: /dev_hdd0/game/
[!]: Loading 'D:\Emulateurs\Rpcs3\dev_hdd0\game\BLES01992-[Atelier Escha & Logy ~Alchemists of the Dusk Sky~]/PS3_GAME/USRDIR/BOOT.BIN'...
[!]: Mount info:
[!]: /dev_hdd0/ -> D:\Emulateurs\Rpcs3\dev_hdd0\
[!]: /dev_hdd1/ -> D:\Emulateurs\Rpcs3\dev_hdd1\
[!]: /dev_flash/ -> D:\Emulateurs\Rpcs3\dev_flash\
[!]: /dev_usb000/ -> D:\Emulateurs\Rpcs3\dev_usb000\
[!]: /dev_usb/ -> D:\Emulateurs\Rpcs3\dev_usb000\
[!]: /app_home/ -> D:\Emulateurs\Rpcs3\dev_hdd0\game\BLES01992-[Atelier Escha & Logy ~Alchemists of the Dusk Sky~]/PS3_GAME/\USRDIR\
[!]: /dev_bdvd/ -> D:\Emulateurs\Rpcs3\dev_hdd0\game\BLES01992-[Atelier Escha & Logy ~Alchemists of the Dusk Sky~]/PS3_GAME/\..\
[!]: /host_root/ -> 
[!]: ///resource/ -> D:\Emulateurs\Rpcs3\dev_hdd0\game\BLES01992-[Atelier Escha & Logy ~Alchemists of the Dusk Sky~]/PS3_GAME/\USRDIR\resource\
[!]: /app_home/Game/PS3_GAME/USRDIR/ -> D:\Emulateurs\Rpcs3\dev_hdd0\game\BLES01992-[Atelier Escha & Logy ~Alchemists of the Dusk Sky~]/PS3_GAME/\USRDIR\
[!]: /app_home/PS3_GAME/USRDIR/media/ -> D:\Emulateurs\Rpcs3\dev_hdd0\game\BLES01992-[Atelier Escha & Logy ~Alchemists of the Dusk Sky~]/PS3_GAME/\USRDIR\media\
[!]: /Data/ -> D:\Emulateurs\Rpcs3\dev_hdd0\game\BLES01992-[Atelier Escha & Logy ~Alchemists of the Dusk Sky~]/PS3_GAME/\USRDIR\Data\
[!]: / -> D:\Emulateurs\Rpcs3\dev_hdd0\game\BLES01992-[Atelier Escha & Logy ~Alchemists of the Dusk Sky~]/PS3_GAME/\USRDIR\
[!]: /USRDIR/PS3_GAME/USRDIR/Data/ -> D:\Emulateurs\Rpcs3\dev_hdd0\game\BLES01992-[Atelier Escha & Logy ~Alchemists of the Dusk Sky~]/PS3_GAME/\USRDIR\Data\
[!]: /app_home//dev_bdvd/PS3_GAME/USRDIR/data/gos/ -> D:\Emulateurs\Rpcs3\dev_hdd0\game\BLES01992-[Atelier Escha & Logy ~Alchemists of the Dusk Sky~]/PS3_GAME/\USRDIR\
[!]: BD/ -> D:\Emulateurs\Rpcs3\dev_hdd0\game\BLES01992-[Atelier Escha & Logy ~Alchemists of the Dusk Sky~]/PS3_GAME/\USRDIR\
[!]: Initing memory...
[!]: Memory initialized.
[W]: Unknown function 0x3140f6e1 in 'sys_fs' module
[E]: TODO: cellFsSetIoBuffer
[W]: Unknown function 0x8cb722d5 in 'sys_fs' module
[E]: TODO: cellFsWriteWithOffset
[W]: Unknown function 0x967a162b in 'sys_fs' module
[E]: TODO: cellFsFsync
[W]: Unknown function 0xbef554a4 in 'sys_fs' module
[E]: TODO: cellFsUtime
[W]: Unknown function 0x2aae9ef5 in 'cellSysutil' module
[E]: TODO: cellSaveDataFixedSave2
[W]: Unknown function 0x62b0f803 in 'cellSysutil' module
[E]: TODO: cellMsgDialogAbort
[W]: Unknown function 0x7bc2c8a8 in 'cellSysutil' module
[E]: TODO: cellMsgDialogProgressBarReset
[W]: Unknown function 0x94862702 in 'cellSysutil' module
[E]: TODO: cellMsgDialogProgressBarInc
[W]: Unknown function 0x9d6af72a in 'cellSysutil' module
[E]: TODO: cellMsgDialogProgressBarSetMsg
[W]: Unknown function 0xedadd797 in 'cellSysutil' module
[E]: TODO: cellSaveDataDelete2
[W]: Unknown function 0xfbd5c856 in 'cellSysutil' module
[E]: TODO: cellSaveDataAutoLoad2
[W]: Unknown function 0xacee8542 in 'cellGcmSys' module
[E]: TODO: cellGcmSetFlipImmediate
[W]: Unknown function 0xbd6d60d9 in 'cellGcmSys' module
[E]: TODO: cellGcmSetInvalidateTile
[W]: Unknown function 0xdc494430 in 'cellGcmSys' module
[E]: TODO: cellGcmSetSecondVHandler
[W]: Unknown function 0xffe0160e in 'cellGcmSys' module
[E]: TODO: cellGcmSetVBlankFrequency
[W]: Unknown function 0x63387071 in 'cellGcmSys' module
[E]: TODO: cellGcmGetLastFlipTime
[W]: Unknown function 0xd3758645 in 'cellResc' module
[E]: TODO: cellRescSetVBlankHandler
[W]: Unknown function 0xe0cef79e in 'cellResc' module
[E]: TODO: cellRescCreateInterlaceTable
[W]: Unknown function 0x011ee38b in 'cellSpurs' module
[E]: TODO: _cellSpursLFQueueInitialize
[W]: Unknown function 0x8a85674d in 'cellSpurs' module
[E]: TODO: _cellSpursLFQueuePushBody
[W]: Unknown function 0x303c19cd in 'cellSpurs' module
[E]: TODO: cellSpursCreateJobChainWithAttribute
[W]: Unknown function 0x3548f483 in 'cellSpurs' module
[E]: TODO: _cellSpursJobChainAttributeInitialize
[W]: Unknown function 0x4ac7bae4 in 'cellSpurs' module
[E]: TODO: cellSpursEventFlagClear
[W]: Unknown function 0x5ef96465 in 'cellSpurs' module
[E]: TODO: _cellSpursEventFlagInitialize
[W]: Unknown function 0x9fef70c2 in 'cellSpurs' module
[E]: TODO: cellSpursJobChainAttributeSetName
[W]: Unknown function 0xa7c066de in 'cellSpurs' module
[E]: TODO: cellSpursJoinJobChain
[W]: Unknown function 0xf31731bb in 'cellSpurs' module
[E]: TODO: cellSpursRunJobChain
[W]: Unknown function 0x16394a4e in 'cellSpurs' module
[E]: TODO: _cellSpursTasksetAttributeInitialize
[W]: Unknown function 0x1d46fedf in 'cellSpurs' module
[E]: TODO: cellSpursCreateTaskWithAttribute
[W]: Unknown function 0x34552fa6 in 'cellSpurs' module
[E]: TODO: cellSpursTaskExitCodeInitialize
[W]: Unknown function 0x8f122ef8 in 'cellSpurs' module
[E]: TODO: cellSpursTasksetAttributeSetTasksetSize
[W]: Unknown function 0xa121a224 in 'cellSpurs' module
[E]: TODO: cellSpursTaskAttributeSetExitCodeContainer
[W]: Unknown function 0xb8474eff in 'cellSpurs' module
[E]: TODO: _cellSpursTaskAttributeInitialize
[W]: Unknown function 0xc10931cb in 'cellSpurs' module
[E]: TODO: cellSpursCreateTasksetWithAttribute
[W]: Unknown function 0xe717ac73 in 'cellSpurs' module
[E]: TODO: cellSpursTaskExitCodeTryGet
[W]: Unknown module 'cellSysutilAvconfExt'
[W]: Unknown function 0x931ff25a in 'cellL10n' module
[E]: TODO: L10nConvertStr
[W]: Unknown function 0x0247c69e in 'cellSail' module
[E]: TODO: cellSailGraphicsAdapterGetFrame
[W]: Unknown function 0x0abb318b in 'cellSail' module
[E]: TODO: cellSailDescriptorCreateDatabase
[W]: Unknown function 0x0d0c2f0c in 'cellSail' module
[E]: TODO: cellSailDescriptorSetEs
[W]: Unknown function 0x1139a206 in 'cellSail' module
[E]: TODO: cellSailPlayerSetSoundAdapter
[W]: Unknown function 0x15fd6a2a in 'cellSail' module
[E]: TODO: cellSailDescriptorClose
[W]: Unknown function 0x1872331b in 'cellSail' module
[E]: TODO: cellSailGraphicsAdapterPtsToTimePosition
[W]: Unknown function 0x18b4629d in 'cellSail' module
[E]: TODO: cellSailPlayerFinalize
[W]: Unknown function 0x18bcd21b in 'cellSail' module
[E]: TODO: cellSailPlayerSetGraphicsAdapter
[W]: Unknown function 0x1c983864 in 'cellSail' module
[E]: TODO: cellSailGraphicsAdapterInitialize
[W]: Unknown function 0x23654375 in 'cellSail' module
[E]: TODO: cellSailPlayerInitialize2
[W]: Unknown function 0x28336e89 in 'cellSail' module
[E]: TODO: cellSailDescriptorDestroyDatabase
[W]: Unknown function 0x2e3ccb5e in 'cellSail' module
[E]: TODO: cellSailGraphicsAdapterSetPreferredFormat
[W]: Unknown function 0x346ebba3 in 'cellSail' module
[E]: TODO: cellSailMemAllocatorInitialize
[W]: Unknown function 0x34ecc1b9 in 'cellSail' module
[E]: TODO: cellSailPlayerOpenStream
[W]: Unknown function 0x3d0d3b72 in 'cellSail' module
[E]: TODO: cellSailSoundAdapterInitialize
[W]: Unknown function 0x44a20e79 in 'cellSail' module
[E]: TODO: cellSailGraphicsAdapterUpdateAvSync
[W]: Unknown function 0x4ae979df in 'cellSail' module
[E]: TODO: cellSailSoundAdapterPtsToTimePosition
[W]: Unknown function 0x5f7c7a6f in 'cellSail' module
[E]: TODO: cellSailPlayerSetParameter
[W]: Unknown function 0x76488bb1 in 'cellSail' module
[E]: TODO: cellSailGraphicsAdapterFinalize
[W]: Unknown function 0x76b1a425 in 'cellSail' module
[E]: TODO: cellSailDescriptorSetAutoSelection
[W]: Unknown function 0x7c8dff3b in 'cellSail' module
[E]: TODO: cellSailPlayerAddDescriptor
[W]: Unknown function 0x7eb8d6b5 in 'cellSail' module
[E]: TODO: cellSailSoundAdapterGetFrame
[W]: Unknown function 0x85beffcc in 'cellSail' module
[E]: TODO: cellSailPlayerCloseStream
[W]: Unknown function 0xbdf21b0f in 'cellSail' module
[E]: TODO: cellSailPlayerBoot
[W]: Unknown function 0xc044fab1 in 'cellSail' module
[E]: TODO: cellSailDescriptorOpen
[W]: Unknown function 0xd1462438 in 'cellSail' module
[E]: TODO: cellSailSoundAdapterFinalize
[W]: Unknown function 0xd1d55a90 in 'cellSail' module
[E]: TODO: cellSailPlayerSetPaused
[W]: Unknown function 0xd7938b8d in 'cellSail' module
[E]: TODO: cellSailPlayerCreateDescriptor
[W]: Unknown function 0xddebd2a5 in 'cellSail' module
[E]: TODO: cellSailAviMovieGetStreamByTypeAndIndex
[W]: Unknown function 0xe535b0d3 in 'cellSail' module
[E]: TODO: cellSailPlayerStart
[W]: Unknown function 0xeba8d4ec in 'cellSail' module
[E]: TODO: cellSailPlayerStop
[W]: Unknown function 0xeec22809 in 'cellSail' module
[E]: TODO: cellSailSoundAdapterUpdateAvSync
[W]: Unknown function 0xf25f197d in 'cellSail' module
[E]: TODO: cellSailSoundAdapterGetFormat
[W]: Unknown function 0xfc839bd4 in 'cellSail' module
[E]: TODO: cellSailPlayerDestroyDescriptor
[W]: Unknown function 0xffd58aa4 in 'cellSail' module
[E]: TODO: cellSailGraphicsAdapterGetFormat
[W : PPU[1] Thread (CPUThread)[0x00b8104c]]: sys_lwmutex warning: *** lwmutex created [_lc_mtx] (attribute=0x12): sq_id = 3
[W : PPU[1] Thread (CPUThread)[0x0055e104]]: memory warning: sys_memory_get_user_memory_size(mem_info_addr=0xd0010c04)
[W : PPU[1] Thread (CPUThread)[0x00b8104c]]: sys_lwmutex warning: *** lwmutex created [_lc_mtx] (attribute=0x12): sq_id = 4
[W : PPU[1] Thread (CPUThread)[0x00b8104c]]: sys_lwmutex warning: *** lwmutex created [_lc_mtx] (attribute=0x12): sq_id = 5
[W : PPU[1] Thread (CPUThread)[0x00b8104c]]: sys_lwmutex warning: *** lwmutex created [_lc_mtx] (attribute=0x12): sq_id = 6
[W : PPU[1] Thread (CPUThread)[0x00b8104c]]: sys_lwmutex warning: *** lwmutex created [_lc_mtx] (attribute=0x12): sq_id = 7
[W : PPU[1] Thread (CPUThread)[0x00b8104c]]: sys_lwmutex warning: *** lwmutex created [_lc_mtx] (attribute=0x12): sq_id = 8
[W : PPU[1] Thread (CPUThread)[0x00b8104c]]: sys_lwmutex warning: *** lwmutex created [_lc_mtx] (attribute=0x12): sq_id = 9
[W : PPU[1] Thread (CPUThread)[0x00b8104c]]: sys_lwmutex warning: *** lwmutex created [_lc_mtx] (attribute=0x12): sq_id = 10
[W : PPU[1] Thread (CPUThread)[0x00b8104c]]: sys_lwmutex warning: *** lwmutex created [_lc_mtx] (attribute=0x12): sq_id = 11
[W : PPU[1] Thread (CPUThread)[0x00b8104c]]: sys_lwmutex warning: *** lwmutex created [_lc_mtx] (attribute=0x12): sq_id = 12
[W : PPU[1] Thread (CPUThread)[0x009c70a0]]: cellSysutil warning: cellSysutilRegisterCallback(slot=0, func_addr=0x9e08d0, userdata=0x0)
[W : PPU[1] Thread (CPUThread)[0x009c3010]]: cellSysmodule warning: cellSysmoduleLoadModule(CELL_SYSMODULE_FS)
[W : PPU[1] Thread (CPUThread)[0x009c3010]]: cellSysmodule warning: cellSysmoduleLoadModule(CELL_SYSMODULE_SAIL)
[W : PPU[1] Thread (CPUThread)[0x009c3010]]: cellSysmodule warning: cellSysmoduleLoadModule(CELL_SYSMODULE_ATRAC3PLUS)
[W : PPU[1] Thread (CPUThread)[0x009c3010]]: cellSysmodule warning: cellSysmoduleLoadModule(CELL_SYSMODULE_SYSUTIL_NP)
[W : PPU[1] Thread (CPUThread)[0x009c3010]]: cellSysmodule warning: cellSysmoduleLoadModule(CELL_SYSMODULE_SYSUTIL_GAME)
[W : PPU[1] Thread (CPUThread)[0x009c3010]]: cellSysmodule warning: cellSysmoduleLoadModule(CELL_SYSMODULE_L10N)
[W : PPU[1] Thread (CPUThread)[0x00b8104c]]: sys_lwmutex warning: *** lwmutex created [] (attribute=0x12): sq_id = 13
[W : PPU[1] Thread (CPUThread)[0x00b8104c]]: sys_lwmutex warning: *** lwmutex created [] (attribute=0x12): sq_id = 14
[W : PPU[1] Thread (CPUThread)[0x009cf0b8]]: cellSpurs warning: cellSpursInitialize(spurs_addr=0x31b00080, nSpus=5, spuPriority=80, ppuPriority=10, exitIfNoWork=0)
[W : PPU[1] Thread (CPUThread)[0x00b8104c]]: sys_lwmutex warning: *** lwmutex created [] (attribute=0x22): sq_id = 15
[W : PPU[1] Thread (CPUThread)[0x00b8104c]]: sys_lwmutex warning: *** lwmutex created [] (attribute=0x22): sq_id = 16
[W : PPU[1] Thread (CPUThread)[0x00b8104c]]: sys_lwmutex warning: *** lwmutex created [] (attribute=0x22): sq_id = 17
[W : PPU[1] Thread (CPUThread)[0x00b8104c]]: sys_lwmutex warning: *** lwmutex created [] (attribute=0x22): sq_id = 18
[W : PPU[1] Thread (CPUThread)[0x00b8104c]]: sys_lwmutex warning: *** lwmutex created [] (attribute=0x22): sq_id = 19
[W : PPU[1] Thread (CPUThread)[0x00b8104c]]: sys_lwmutex warning: *** lwmutex created [] (attribute=0x22): sq_id = 20
[W : PPU[1] Thread (CPUThread)[0x00b8104c]]: sys_lwmutex warning: *** lwmutex created [] (attribute=0x22): sq_id = 21
[W : PPU[1] Thread (CPUThread)[0x00b8104c]]: sys_lwmutex warning: *** lwmutex created [] (attribute=0x22): sq_id = 22
[W : PPU[1] Thread (CPUThread)[0x00b8104c]]: sys_lwmutex warning: *** lwmutex created [] (attribute=0x22): sq_id = 23
[W : PPU[1] Thread (CPUThread)[0x00b8104c]]: sys_lwmutex warning: *** lwmutex created [] (attribute=0x22): sq_id = 24
[W : PPU[1] Thread (CPUThread)[0x00b8104c]]: sys_lwmutex warning: *** lwmutex created [] (attribute=0x22): sq_id = 25
[W : PPU[1] Thread (CPUThread)[0x00b8104c]]: sys_lwmutex warning: *** lwmutex created [] (attribute=0x22): sq_id = 26
[W : PPU[1] Thread (CPUThread)[0x00b8104c]]: sys_lwmutex warning: *** lwmutex created [] (attribute=0x22): sq_id = 27
[W : PPU[1] Thread (CPUThread)[0x00b8104c]]: sys_lwmutex warning: *** lwmutex created [] (attribute=0x22): sq_id = 28
[W : PPU[1] Thread (CPUThread)[0x00b8104c]]: sys_lwmutex warning: *** lwmutex created [] (attribute=0x22): sq_id = 29
[W : PPU[1] Thread (CPUThread)[0x003992d4]]: sys_event_flag warning: sys_event_flag_create(eflag_id_addr=0x31b04a38, attr_addr=0xd0010850, init=0x0)
[W : PPU[1] Thread (CPUThread)[0x003992d4]]: sys_event_flag warning: *** event_flag created [] (protocol=0x2, type=0x20000): id = 30
[W : PPU[1] Thread (CPUThread)[0x00399308]]: sys_event_flag warning: sys_event_flag_create(eflag_id_addr=0x31b04a3c, attr_addr=0xd0010830, init=0x0)
[W : PPU[1] Thread (CPUThread)[0x00399308]]: sys_event_flag warning: *** event_flag created [] (protocol=0x2, type=0x10000): id = 31
[W : PPU[1] Thread (CPUThread)[0x00b8104c]]: sys_lwmutex warning: *** lwmutex created [] (attribute=0x22): sq_id = 32
[W : PPU[1] Thread (CPUThread)[0x00b8104c]]: sys_lwmutex warning: *** lwmutex created [] (attribute=0x22): sq_id = 33
[W : PPU[1] Thread (CPUThread)[0x003992d4]]: sys_event_flag warning: sys_event_flag_create(eflag_id_addr=0x31b04af8, attr_addr=0xd0010850, init=0x0)
[W : PPU[1] Thread (CPUThread)[0x003992d4]]: sys_event_flag warning: *** event_flag created [] (protocol=0x2, type=0x20000): id = 34
[W : PPU[1] Thread (CPUThread)[0x00399308]]: sys_event_flag warning: sys_event_flag_create(eflag_id_addr=0x31b04afc, attr_addr=0xd0010830, init=0x0)
[W : PPU[1] Thread (CPUThread)[0x00399308]]: sys_event_flag warning: *** event_flag created [] (protocol=0x2, type=0x10000): id = 35
[W : PPU[1] Thread (CPUThread)[0x00b8104c]]: sys_lwmutex warning: *** lwmutex created [] (attribute=0x22): sq_id = 36
[W : PPU[1] Thread (CPUThread)[0x00b8104c]]: sys_lwmutex warning: *** lwmutex created [] (attribute=0x22): sq_id = 37
[W : PPU[1] Thread (CPUThread)[0x003992d4]]: sys_event_flag warning: sys_event_flag_create(eflag_id_addr=0x31b04bb8, attr_addr=0xd0010850, init=0x0)
[W : PPU[1] Thread (CPUThread)[0x003992d4]]: sys_event_flag warning: *** event_flag created [] (protocol=0x2, type=0x20000): id = 38
[W : PPU[1] Thread (CPUThread)[0x00399308]]: sys_event_flag warning: sys_event_flag_create(eflag_id_addr=0x31b04bbc, attr_addr=0xd0010830, init=0x0)
[W : PPU[1] Thread (CPUThread)[0x00399308]]: sys_event_flag warning: *** event_flag created [] (protocol=0x2, type=0x10000): id = 39
[W : PPU[1] Thread (CPUThread)[0x00b8104c]]: sys_lwmutex warning: *** lwmutex created [] (attribute=0x22): sq_id = 40
[W : PPU[1] Thread (CPUThread)[0x00b8104c]]: sys_lwmutex warning: *** lwmutex created [] (attribute=0x22): sq_id = 41
[W : PPU[1] Thread (CPUThread)[0x003992d4]]: sys_event_flag warning: sys_event_flag_create(eflag_id_addr=0x31b04c78, attr_addr=0xd0010850, init=0x0)
[W : PPU[1] Thread (CPUThread)[0x003992d4]]: sys_event_flag warning: *** event_flag created [] (protocol=0x2, type=0x20000): id = 42
[W : PPU[1] Thread (CPUThread)[0x00399308]]: sys_event_flag warning: sys_event_flag_create(eflag_id_addr=0x31b04c7c, attr_addr=0xd0010830, init=0x0)
[W : PPU[1] Thread (CPUThread)[0x00399308]]: sys_event_flag warning: *** event_flag created [] (protocol=0x2, type=0x10000): id = 43
[W : PPU[1] Thread (CPUThread)[0x00b8104c]]: sys_lwmutex warning: *** lwmutex created [] (attribute=0x22): sq_id = 44
[W : PPU[1] Thread (CPUThread)[0x00b8104c]]: sys_lwmutex warning: *** lwmutex created [] (attribute=0x22): sq_id = 45
[W : PPU[1] Thread (CPUThread)[0x003992d4]]: sys_event_flag warning: sys_event_flag_create(eflag_id_addr=0x31b04d38, attr_addr=0xd0010850, init=0x0)
[W : PPU[1] Thread (CPUThread)[0x003992d4]]: sys_event_flag warning: *** event_flag created [] (protocol=0x2, type=0x20000): id = 46
[W : PPU[1] Thread (CPUThread)[0x00399308]]: sys_event_flag warning: sys_event_flag_create(eflag_id_addr=0x31b04d3c, attr_addr=0xd0010830, init=0x0)
[W : PPU[1] Thread (CPUThread)[0x00399308]]: sys_event_flag warning: *** event_flag created [] (protocol=0x2, type=0x10000): id = 47
[W : PPU[1] Thread (CPUThread)[0x00b8104c]]: sys_lwmutex warning: *** lwmutex created [] (attribute=0x22): sq_id = 48
[W : PPU[1] Thread (CPUThread)[0x00b8104c]]: sys_lwmutex warning: *** lwmutex created [] (attribute=0x22): sq_id = 49
[W : PPU[1] Thread (CPUThread)[0x003992d4]]: sys_event_flag warning: sys_event_flag_create(eflag_id_addr=0x31b04df8, attr_addr=0xd0010850, init=0x0)
[W : PPU[1] Thread (CPUThread)[0x003992d4]]: sys_event_flag warning: *** event_flag created [] (protocol=0x2, type=0x20000): id = 50
[W : PPU[1] Thread (CPUThread)[0x00399308]]: sys_event_flag warning: sys_event_flag_create(eflag_id_addr=0x31b04dfc, attr_addr=0xd0010830, init=0x0)
[W : PPU[1] Thread (CPUThread)[0x00399308]]: sys_event_flag warning: *** event_flag created [] (protocol=0x2, type=0x10000): id = 51
[W : PPU[1] Thread (CPUThread)[0x00b8104c]]: sys_lwmutex warning: *** lwmutex created [] (attribute=0x22): sq_id = 52
[W : PPU[1] Thread (CPUThread)[0x00b8104c]]: sys_lwmutex warning: *** lwmutex created [] (attribute=0x22): sq_id = 53
[W : PPU[1] Thread (CPUThread)[0x003992d4]]: sys_event_flag warning: sys_event_flag_create(eflag_id_addr=0x31b04eb8, attr_addr=0xd0010850, init=0x0)
[W : PPU[1] Thread (CPUThread)[0x003992d4]]: sys_event_flag warning: *** event_flag created [] (protocol=0x2, type=0x20000): id = 54
[W : PPU[1] Thread (CPUThread)[0x00399308]]: sys_event_flag warning: sys_event_flag_create(eflag_id_addr=0x31b04ebc, attr_addr=0xd0010830, init=0x0)
[W : PPU[1] Thread (CPUThread)[0x00399308]]: sys_event_flag warning: *** event_flag created [] (protocol=0x2, type=0x10000): id = 55
[W : PPU[1] Thread (CPUThread)[0x00b8104c]]: sys_lwmutex warning: *** lwmutex created [] (attribute=0x22): sq_id = 56
[W : PPU[1] Thread (CPUThread)[0x00b8104c]]: sys_lwmutex warning: *** lwmutex created [] (attribute=0x22): sq_id = 57
[W : PPU[1] Thread (CPUThread)[0x003992d4]]: sys_event_flag warning: sys_event_flag_create(eflag_id_addr=0x31b04f78, attr_addr=0xd0010850, init=0x0)
[W : PPU[1] Thread (CPUThread)[0x003992d4]]: sys_event_flag warning: *** event_flag created [] (protocol=0x2, type=0x20000): id = 58
[W : PPU[1] Thread (CPUThread)[0x00399308]]: sys_event_flag warning: sys_event_flag_create(eflag_id_addr=0x31b04f7c, attr_addr=0xd0010830, init=0x0)
[W : PPU[1] Thread (CPUThread)[0x00399308]]: sys_event_flag warning: *** event_flag created [] (protocol=0x2, type=0x10000): id = 59
[W : PPU[1] Thread (CPUThread)[0x00b8104c]]: sys_lwmutex warning: *** lwmutex created [] (attribute=0x22): sq_id = 60
[W : PPU[1] Thread (CPUThread)[0x00b8104c]]: sys_lwmutex warning: *** lwmutex created [] (attribute=0x22): sq_id = 61
[W : PPU[1] Thread (CPUThread)[0x003992d4]]: sys_event_flag warning: sys_event_flag_create(eflag_id_addr=0x31b05038, attr_addr=0xd0010850, init=0x0)
[W : PPU[1] Thread (CPUThread)[0x003992d4]]: sys_event_flag warning: *** event_flag created [] (protocol=0x2, type=0x20000): id = 62
[W : PPU[1] Thread (CPUThread)[0x00399308]]: sys_event_flag warning: sys_event_flag_create(eflag_id_addr=0x31b0503c, attr_addr=0xd0010830, init=0x0)
[W : PPU[1] Thread (CPUThread)[0x00399308]]: sys_event_flag warning: *** event_flag created [] (protocol=0x2, type=0x10000): id = 63
[W : PPU[1] Thread (CPUThread)[0x00b8104c]]: sys_lwmutex warning: *** lwmutex created [] (attribute=0x22): sq_id = 64
[W : PPU[1] Thread (CPUThread)[0x00b8104c]]: sys_lwmutex warning: *** lwmutex created [] (attribute=0x22): sq_id = 65
[W : PPU[1] Thread (CPUThread)[0x003992d4]]: sys_event_flag warning: sys_event_flag_create(eflag_id_addr=0x31b050f8, attr_addr=0xd0010850, init=0x0)
[W : PPU[1] Thread (CPUThread)[0x003992d4]]: sys_event_flag warning: *** event_flag created [] (protocol=0x2, type=0x20000): id = 66
[W : PPU[1] Thread (CPUThread)[0x00399308]]: sys_event_flag warning: sys_event_flag_create(eflag_id_addr=0x31b050fc, attr_addr=0xd0010830, init=0x0)
[W : PPU[1] Thread (CPUThread)[0x00399308]]: sys_event_flag warning: *** event_flag created [] (protocol=0x2, type=0x10000): id = 67
[W : PPU[1] Thread (CPUThread)[0x00b8104c]]: sys_lwmutex warning: *** lwmutex created [] (attribute=0x22): sq_id = 68
[W : PPU[1] Thread (CPUThread)[0x00b8104c]]: sys_lwmutex warning: *** lwmutex created [] (attribute=0x22): sq_id = 69
[W : PPU[1] Thread (CPUThread)[0x003992d4]]: sys_event_flag warning: sys_event_flag_create(eflag_id_addr=0x31b051b8, attr_addr=0xd0010850, init=0x0)
[W : PPU[1] Thread (CPUThread)[0x003992d4]]: sys_event_flag warning: *** event_flag created [] (protocol=0x2, type=0x20000): id = 70
[W : PPU[1] Thread (CPUThread)[0x00399308]]: sys_event_flag warning: sys_event_flag_create(eflag_id_addr=0x31b051bc, attr_addr=0xd0010830, init=0x0)
[W : PPU[1] Thread (CPUThread)[0x00399308]]: sys_event_flag warning: *** event_flag created [] (protocol=0x2, type=0x10000): id = 71
[W : PPU[1] Thread (CPUThread)[0x00b8104c]]: sys_lwmutex warning: *** lwmutex created [] (attribute=0x22): sq_id = 72
[W : PPU[1] Thread (CPUThread)[0x00b8104c]]: sys_lwmutex warning: *** lwmutex created [] (attribute=0x22): sq_id = 73
[W : PPU[1] Thread (CPUThread)[0x003992d4]]: sys_event_flag warning: sys_event_flag_create(eflag_id_addr=0x31b05278, attr_addr=0xd0010850, init=0x0)
[W : PPU[1] Thread (CPUThread)[0x003992d4]]: sys_event_flag warning: *** event_flag created [] (protocol=0x2, type=0x20000): id = 74
[W : PPU[1] Thread (CPUThread)[0x00399308]]: sys_event_flag warning: sys_event_flag_create(eflag_id_addr=0x31b0527c, attr_addr=0xd0010830, init=0x0)
[W : PPU[1] Thread (CPUThread)[0x00399308]]: sys_event_flag warning: *** event_flag created [] (protocol=0x2, type=0x10000): id = 75
[W : PPU[1] Thread (CPUThread)[0x00b8104c]]: sys_lwmutex warning: *** lwmutex created [] (attribute=0x22): sq_id = 76
[W : PPU[1] Thread (CPUThread)[0x00b8104c]]: sys_lwmutex warning: *** lwmutex created [] (attribute=0x22): sq_id = 77
[W : PPU[1] Thread (CPUThread)[0x00b8104c]]: sys_lwmutex warning: *** lwmutex created [] (attribute=0x22): sq_id = 78
[W : PPU[1] Thread (CPUThread)[0x00b8104c]]: sys_lwmutex warning: *** lwmutex created [] (attribute=0x22): sq_id = 79
[W : PPU[1] Thread (CPUThread)[0x00b8104c]]: sys_lwmutex warning: *** lwmutex created [] (attribute=0x22): sq_id = 80
[W : PPU[1] Thread (CPUThread)[0x00b8104c]]: sys_lwmutex warning: *** lwmutex created [] (attribute=0x22): sq_id = 81
[W : PPU[1] Thread (CPUThread)[0x00b8104c]]: sys_lwmutex warning: *** lwmutex created [] (attribute=0x22): sq_id = 82
[W : PPU[1] Thread (CPUThread)[0x00b8104c]]: sys_lwmutex warning: *** lwmutex created [] (attribute=0x22): sq_id = 83
[W : PPU[1] Thread (CPUThread)[0x003995e8]]: sys_event_flag warning: sys_event_flag_create(eflag_id_addr=0x31b09c58, attr_addr=0xd00107f0, init=0x0)
[W : PPU[1] Thread (CPUThread)[0x003995e8]]: sys_event_flag warning: *** event_flag created [] (protocol=0x2, type=0x10000): id = 84
[W : PPU[1] Thread (CPUThread)[0x00b8104c]]: sys_lwmutex warning: *** lwmutex created [] (attribute=0x22): sq_id = 85
[! : PPU[1] Thread (CPUThread)[0x00b81028]]: *** New PPU Thread [KtglFsThread_Bdvd] (): id = 86
[W : PPU[1] Thread (CPUThread)[0x00b8104c]]: sys_lwmutex warning: *** lwmutex created [] (attribute=0x22): sq_id = 87
[W : PPU[86] Thread (KtglFsThread_Bdvd)[0x0039eeac]]: sys_event_flag warning: sys_event_flag_wait(eflag_id=84, bitptn=0x3, mode=0x12, result_addr=0xd0020d10, timeout=0)
[W : PPU[1] Thread (CPUThread)[0x00399764]]: sys_event_flag warning: sys_event_flag_create(eflag_id_addr=0x31b0a640, attr_addr=0xd00107d0, init=0x0)
[W : PPU[1] Thread (CPUThread)[0x00399764]]: sys_event_flag warning: *** event_flag created [] (protocol=0x2, type=0x10000): id = 88
[W : PPU[1] Thread (CPUThread)[0x00b8104c]]: sys_lwmutex warning: *** lwmutex created [] (attribute=0x22): sq_id = 89
[! : PPU[1] Thread (CPUThread)[0x00b81028]]: *** New PPU Thread [KtglFsThread_Hdd] (): id = 90
[W : PPU[90] Thread (KtglFsThread_Hdd)[0x0039eeac]]: sys_event_flag warning: sys_event_flag_wait(eflag_id=88, bitptn=0x3, mode=0x12, result_addr=0xd0030d10, timeout=0)
[W : PPU[1] Thread (CPUThread)[0x00b8104c]]: sys_lwmutex warning: *** lwmutex created [] (attribute=0x12): sq_id = 91
[W : PPU[1] Thread (CPUThread)[0x00b8104c]]: sys_lwmutex warning: *** lwmutex created [] (attribute=0x12): sq_id = 92
[W : PPU[1] Thread (CPUThread)[0x00b8104c]]: sys_lwmutex warning: *** lwmutex created [] (attribute=0x12): sq_id = 93
[W : PPU[1] Thread (CPUThread)[0x00b8104c]]: sys_lwmutex warning: *** lwmutex created [] (attribute=0x12): sq_id = 94
[W : PPU[1] Thread (CPUThread)[0x00b8104c]]: sys_lwmutex warning: *** lwmutex created [] (attribute=0x12): sq_id = 95
[W : PPU[1] Thread (CPUThread)[0x00b8104c]]: sys_lwmutex warning: *** lwmutex created [] (attribute=0x12): sq_id = 96
[W : PPU[1] Thread (CPUThread)[0x009cb0e8]]: cellGcmSys warning: cellGcmInit(context_addr=0xb1ef80,cmdSize=0x10000,ioSize=0x1900000,ioAddress=0x30200000)
[W : PPU[1] Thread (CPUThread)[0x009cb0e8]]: cellGcmSys warning: *** local memory(addr=0xc0000000, size=0xf900000)
[W : PPU[1] Thread (CPUThread)[0x009cb0e8]]: cellGcmSys warning: cellGcmMapEaIoAddress(ea=0x30200000, io=0x0, size=0x1900000)
[! : RSXThread]: RSX thread entry
[E : PPU[1] Thread (CPUThread)[0x009cf010]]: cellSpurs error: cellSpursCreateTaskset(spurs_addr=0x31b00080, taskset_addr=0x31b59000, args=0x31b59000, priority_addr=0xd00109b0, maxContention=5)
[E : PPU[1] Thread (CPUThread)[0x009cf004]]: TODO: _cellSpursLFQueueInitialize
[E : PPU[1] Thread (CPUThread)[0x009cf004]]: TODO: _cellSpursLFQueueInitialize
[E : PPU[1] Thread (CPUThread)[0x009cf004]]: TODO: _cellSpursLFQueueInitialize
[E : PPU[1] Thread (CPUThread)[0x009cf004]]: TODO: _cellSpursLFQueueInitialize
[E : PPU[1] Thread (CPUThread)[0x009cf004]]: TODO: _cellSpursLFQueueInitialize
[E : PPU[1] Thread (CPUThread)[0x009cf040]]: cellSpurs error: cellSpursCreateTask(taskset_addr=0x31b59000, taskID_addr=0x31b0a9d0, elf_addr_addr=0x8efc00, context_addr_addr=0x31b5a980, context_size=250880, lsPattern_addr=0x746300, argument_addr=0xd00109e0)
[E : PPU[1] Thread (CPUThread)[0x009cf01c]]: TODO: _cellSpursLFQueuePushBody
[! : RSXThread]: RSX thread exit...
[W : PPU[90] Thread (KtglFsThread_Hdd)[0x0039eeac]]: sys_event_flag_wait(id=88) aborted
[W : PPU[86] Thread (KtglFsThread_Bdvd)[0x0039eeac]]: sys_event_flag_wait(id=84) aborted
[!]: Closing memory...
