[!]: path: /dev_hdd0/game/
[!]: Loading 'D:\Emulateurs\Rpcs3\dev_hdd0\game\BLES00232-[SEGA Superstars Tennis]/PS3_GAME/USRDIR/BOOT.BIN'...
[!]: Mount info:
[!]: /dev_hdd0/ -> D:\Emulateurs\Rpcs3\dev_hdd0\
[!]: /dev_hdd1/ -> D:\Emulateurs\Rpcs3\dev_hdd1\
[!]: /dev_flash/ -> D:\Emulateurs\Rpcs3\dev_flash\
[!]: /dev_usb000/ -> D:\Emulateurs\Rpcs3\dev_usb000\
[!]: /dev_usb/ -> D:\Emulateurs\Rpcs3\dev_usb000\
[!]: /app_home/ -> D:\Emulateurs\Rpcs3\dev_hdd0\game\BLES00232-[SEGA Superstars Tennis]/PS3_GAME/\USRDIR\
[!]: /dev_bdvd/ -> D:\Emulateurs\Rpcs3\dev_hdd0\game\BLES00232-[SEGA Superstars Tennis]/PS3_GAME/\..\
[!]: /host_root/ -> 
[!]: ///resource/ -> D:\Emulateurs\Rpcs3\dev_hdd0\game\BLES00232-[SEGA Superstars Tennis]/PS3_GAME/\USRDIR\resource\
[!]: /app_home/Game/PS3_GAME/USRDIR/ -> D:\Emulateurs\Rpcs3\dev_hdd0\game\BLES00232-[SEGA Superstars Tennis]/PS3_GAME/\USRDIR\
[!]: /app_home/PS3_GAME/USRDIR/media/ -> D:\Emulateurs\Rpcs3\dev_hdd0\game\BLES00232-[SEGA Superstars Tennis]/PS3_GAME/\USRDIR\media\
[!]: /Data/ -> D:\Emulateurs\Rpcs3\dev_hdd0\game\BLES00232-[SEGA Superstars Tennis]/PS3_GAME/\USRDIR\Data\
[!]: / -> D:\Emulateurs\Rpcs3\dev_hdd0\game\BLES00232-[SEGA Superstars Tennis]/PS3_GAME/\USRDIR\
[!]: /USRDIR/PS3_GAME/USRDIR/Data/ -> D:\Emulateurs\Rpcs3\dev_hdd0\game\BLES00232-[SEGA Superstars Tennis]/PS3_GAME/\USRDIR\Data\
[!]: /app_home//dev_bdvd/PS3_GAME/USRDIR/data/gos/ -> D:\Emulateurs\Rpcs3\dev_hdd0\game\BLES00232-[SEGA Superstars Tennis]/PS3_GAME/\USRDIR\
[!]: BD/ -> D:\Emulateurs\Rpcs3\dev_hdd0\game\BLES00232-[SEGA Superstars Tennis]/PS3_GAME/\USRDIR\
[!]: Initing memory...
[!]: Memory initialized.
[W]: Unknown function 0x7f13fc8c in 'sys_fs' module
[E]: TODO: cellFsAioCancel
[W]: Unknown function 0x8b7ed64b in 'cellSysutil' module
[E]: TODO: cellSaveDataAutoSave2
[W]: Unknown function 0x9949bf82 in 'cellSysutil' module
[E]: TODO: cellGameDataExitBroken
[W]: Unknown function 0xb72bc4e6 in 'cellSysutil' module
[E]: TODO: cellDiscGameGetBootDiscInfo
[W]: Unknown function 0xc9645c41 in 'cellSysutil' module
[E]: TODO: cellGameDataCheckCreate2
[W]: Unknown function 0xced17573 in 'cellSysutil' module
[E]: TODO: cellSaveDataFixedDelete
[W]: Unknown function 0xfbd5c856 in 'cellSysutil' module
[E]: TODO: cellSaveDataAutoLoad2
[W]: Unknown module 'cellSysutilAvconfExt'
[W]: Unknown function 0x16394a4e in 'cellSpurs' module
[E]: TODO: _cellSpursTasksetAttributeInitialize
[W]: Unknown function 0x1d46fedf in 'cellSpurs' module
[E]: TODO: cellSpursCreateTaskWithAttribute
[W]: Unknown function 0x303c19cd in 'cellSpurs' module
[E]: TODO: cellSpursCreateJobChainWithAttribute
[W]: Unknown function 0x3548f483 in 'cellSpurs' module
[E]: TODO: _cellSpursJobChainAttributeInitialize
[W]: Unknown function 0x5ef96465 in 'cellSpurs' module
[E]: TODO: _cellSpursEventFlagInitialize
[W]: Unknown function 0x60eb2dec in 'cellSpurs' module
[E]: TODO: cellSpursCreateJobChain
[W]: Unknown function 0x652b70e2 in 'cellSpurs' module
[E]: TODO: cellSpursTasksetAttributeSetName
[W]: Unknown function 0x68aaeba9 in 'cellSpurs' module
[E]: TODO: cellSpursJobGuardInitialize
[W]: Unknown function 0x738e40e6 in 'cellSpurs' module
[E]: TODO: cellSpursShutdownJobChain
[W]: Unknown function 0x9fef70c2 in 'cellSpurs' module
[E]: TODO: cellSpursJobChainAttributeSetName
[W]: Unknown function 0xa7c066de in 'cellSpurs' module
[E]: TODO: cellSpursJoinJobChain
[W]: Unknown function 0xb8474eff in 'cellSpurs' module
[E]: TODO: _cellSpursTaskAttributeInitialize
[W]: Unknown function 0xc10931cb in 'cellSpurs' module
[E]: TODO: cellSpursCreateTasksetWithAttribute
[W]: Unknown function 0xd5d0b256 in 'cellSpurs' module
[E]: TODO: cellSpursJobGuardNotify
[W]: Unknown function 0xf31731bb in 'cellSpurs' module
[E]: TODO: cellSpursRunJobChain
[W]: Unknown function 0xf5507729 in 'cellSpurs' module
[E]: TODO: cellSpursEventFlagSet
[W]: Unknown function 0xbe5be3ba in 'sys_io' module
[E]: TODO: cellPadSetSensorMode
[W]: Unknown function 0xdbf4c59c in 'sys_io' module
[E]: Unknown func id: 0xdbf4c59c
[W]: Unknown function 0xf83f8182 in 'sys_io' module
[E]: TODO: cellPadSetPressMode
[W]: Unknown function 0x01fbbc9b in 'sceNp' module
[E]: TODO: sceNpBasicSendMessageGui
[W]: Unknown function 0x04372385 in 'sceNp' module
[E]: TODO: sceNpBasicGetFriendListEntry
[W]: Unknown function 0x0968aa36 in 'sceNp' module
[E]: TODO: sceNpManagerGetTicket
[W]: Unknown function 0x155de760 in 'sceNp' module
[E]: TODO: sceNpSignalingGetConnectionInfo
[W]: Unknown function 0x1ae8a549 in 'sceNp' module
[E]: TODO: sceNpBasicAddBlockListEntry
[W]: Unknown function 0x21206642 in 'sceNp' module
[E]: TODO: sceNpScoreGetRankingByRangeAsync
[W]: Unknown function 0x259113b8 in 'sceNp' module
[E]: TODO: sceNpScoreDestroyTitleCtx
[W]: Unknown function 0x26b3bc94 in 'sceNp' module
[E]: TODO: sceNpMatchingGetResultGUI
[W]: Unknown function 0x2e1c5068 in 'sceNp' module
[E]: TODO: sceNpMatchingDestroyCtx
[W]: Unknown function 0x32cf311f in 'sceNp' module
[E]: TODO: sceNpScoreInit
[W]: Unknown function 0x3cc8588a in 'sceNp' module
[E]: TODO: sceNpMatchingCreateRoomGUI
[W]: Unknown function 0x3db7914d in 'sceNp' module
[E]: TODO: sceNpScoreGetRankingByNpIdAsync
[W]: Unknown function 0x474b7b13 in 'sceNp' module
[E]: TODO: sceNpMatchingJoinRoomGUI
[W]: Unknown function 0x4a18a89e in 'sceNp' module
[E]: TODO: sceNpMatchingSetRoomInfoNoLimit
[W]: Unknown function 0x50b86d94 in 'sceNp' module
[E]: TODO: sceNpSignalingAddExtendedHandler
[W]: Unknown function 0x52a6b523 in 'sceNp' module
[E]: TODO: sceNpManagerUnregisterCallback
[W]: Unknown function 0x58fa4fcd in 'sceNp' module
[E]: TODO: sceNpManagerGetTicketParam
[W]: Unknown function 0x5de61626 in 'sceNp' module
[E]: TODO: sceNpLookupDestroyTitleCtx
[W]: Unknown function 0x5f2d9257 in 'sceNp' module
[E]: TODO: sceNpLookupInit
[W]: Unknown function 0x60897c38 in 'sceNp' module
[E]: TODO: sceNpSignalingActivateConnection
[W]: Unknown function 0x6356082e in 'sceNp' module
[E]: TODO: sceNpSignalingCreateCtx
[W]: Unknown function 0x64a704cc in 'sceNp' module
[E]: TODO: sceNpBasicRecvMessageAttachmentLoad
[W]: Unknown function 0x6ee62ed2 in 'sceNp' module
[E]: TODO: sceNpManagerGetContentRatingFlag
[W]: Unknown function 0x6f5e8143 in 'sceNp' module
[E]: TODO: sceNpScoreCreateTransactionCtx
[W]: Unknown function 0x73931bd0 in 'sceNp' module
[E]: TODO: sceNpBasicGetBlockListEntryCount
[W]: Unknown function 0x73a2e36b in 'sceNp' module
[E]: TODO: sceNpMatchingGetRoomMemberListLocal
[W]: Unknown function 0x7508112e in 'sceNp' module
[E]: TODO: sceNpLookupPollAsync
[W]: Unknown function 0x806960ab in 'sceNp' module
[E]: TODO: sceNpBasicRecvMessageCustom
[W]: Unknown function 0x8297f1ec in 'sceNp' module
[E]: TODO: sceNpManagerRequestTicket2
[W]: Unknown function 0x8440537c in 'sceNp' module
[E]: TODO: sceNpLookupTerm
[W]: Unknown function 0x9851f805 in 'sceNp' module
[E]: TODO: sceNpScoreTerm
[W]: Unknown function 0xa7a090e5 in 'sceNp' module
[E]: TODO: sceNpScorePollAsync
[W]: Unknown function 0xa8cf8451 in 'sceNp' module
[E]: TODO: sceNpSignalingDestroyCtx
[W]: Unknown function 0xac66568c in 'sceNp' module
[E]: TODO: sceNpMatchingCreateCtx
[W]: Unknown function 0xacb9ee8e in 'sceNp' module
[E]: TODO: sceNpBasicUnregisterHandler
[W]: Unknown function 0xafef640d in 'sceNp' module
[E]: TODO: sceNpBasicGetFriendListEntryCount
[W]: Unknown function 0xb1e0718b in 'sceNp' module
[E]: TODO: sceNpManagerGetAccountRegion
[W]: Unknown function 0xb9f93bbb in 'sceNp' module
[E]: TODO: sceNpScoreCreateTitleCtx
[W]: Unknown function 0xbcc09fe7 in 'sceNp' module
[E]: TODO: sceNpBasicRegisterHandler
[W]: Unknown function 0xbcdbb2ab in 'sceNp' module
[E]: TODO: sceNpBasicAddPlayersHistoryAsync
[W]: Unknown function 0xbdc07fd5 in 'sceNp' module
[E]: TODO: sceNpManagerGetNetworkTime
[W]: Unknown function 0xc5f4cf82 in 'sceNp' module
[E]: TODO: sceNpScoreDestroyTransactionCtx
[W]: Unknown function 0xca0a2d04 in 'sceNp' module
[E]: TODO: sceNpSignalingGetConnectionStatus
[W]: Unknown function 0xce81c7f0 in 'sceNp' module
[E]: TODO: sceNpLookupCreateTitleCtx
[W]: Unknown function 0xd12e40ae in 'sceNp' module
[E]: TODO: sceNpLookupNpIdAsync
[W]: Unknown function 0xd208f91d in 'sceNp' module
[E]: TODO: sceNpUtilCmpNpId
[W]: Unknown function 0xe035f7d6 in 'sceNp' module
[E]: TODO: sceNpBasicGetEvent
[W]: Unknown function 0xe24eea19 in 'sceNp' module
[E]: TODO: sceNpMatchingGetRoomListLimitGUI
[W]: Unknown function 0xe7dcd3b4 in 'sceNp' module
[E]: TODO: sceNpManagerRegisterCallback
[W]: Unknown function 0xea2e9ffc in 'sceNp' module
[E]: TODO: sceNpLookupCreateTransactionCtx
[W]: Unknown function 0xeb7a3d84 in 'sceNp' module
[E]: TODO: sceNpManagerGetChatRestrictionFlag
[W]: Unknown function 0xee5b20d9 in 'sceNp' module
[E]: TODO: sceNpScoreAbortTransaction
[W]: Unknown function 0xf0b1e399 in 'sceNp' module
[E]: TODO: sceNpScoreRecordScoreAsync
[W]: Unknown function 0xf2b3338a in 'sceNp' module
[E]: TODO: sceNpBasicGetBlockListEntry
[W]: Unknown function 0xf42c0df8 in 'sceNp' module
[E]: TODO: sceNpManagerGetOnlineName
[W]: Unknown function 0xf806c54c in 'sceNp' module
[E]: TODO: sceNpMatchingLeaveRoom
[W]: Unknown function 0xfb87cf5e in 'sceNp' module
[E]: TODO: sceNpLookupDestroyTransactionCtx
[W]: Unknown function 0xfd0eb5ae in 'sceNp' module
[E]: TODO: sceNpSignalingDeactivateConnection
[W]: Unknown function 0xfe37a7f4 in 'sceNp' module
[E]: TODO: sceNpManagerGetNpId
[W]: Unknown function 0x05709bbf in 'cellMic' module
[E]: TODO: cellMicOpenEx
[W]: Unknown function 0x07e1b12c in 'cellMic' module
[E]: TODO: cellMicRead
[W]: Unknown function 0x186cb1fb in 'cellMic' module
[E]: TODO: cellMicIsOpen
[W]: Unknown function 0x1b42101b in 'cellMic' module
[E]: TODO: cellMicIsAttached
[W]: Unknown function 0x65336418 in 'cellMic' module
[E]: TODO: cellMicRemoveNotifyEventQueue
[W]: Unknown function 0x6bc46aab in 'cellMic' module
[E]: TODO: cellMicReset
[W]: Unknown function 0x7903400e in 'cellMic' module
[E]: TODO: cellMicSetNotifyEventQueue
[W]: Unknown function 0x8325e02d in 'cellMic' module
[E]: TODO: cellMicInit
[W]: Unknown function 0x8d229f8e in 'cellMic' module
[E]: TODO: cellMicClose
[W]: Unknown function 0xa52d2ae4 in 'cellMic' module
[E]: TODO: cellMicGetType
[W]: Unknown function 0xb2c16321 in 'cellMic' module
[E]: TODO: cellMicSetDeviceAttr
[W]: Unknown function 0xb30780eb in 'cellMic' module
[E]: TODO: cellMicGetSignalState
[W]: Unknown function 0xc6328caa in 'cellMic' module
[E]: TODO: cellMicEnd
[W]: Unknown function 0xdd724314 in 'cellMic' module
[E]: TODO: cellMicStart
[W]: Unknown function 0xfcfaf246 in 'cellMic' module
[E]: TODO: cellMicStop
[W]: Unknown function 0x13efe7f5 in 'sys_net' module
[E]: TODO: getsockname
[W]: Unknown function 0x3f09e20a in 'sys_net' module
[E]: TODO: socketselect
[W]: Unknown function 0x5a045bd1 in 'sys_net' module
[E]: TODO: getsockopt
[W]: Unknown function 0x71f4c717 in 'sys_net' module
[E]: TODO: gethostbyname
[W]: Unknown function 0x858a930b in 'sys_net' module
[E]: TODO: inet_ntoa
[W]: Unknown function 0xdabbc2c0 in 'sys_net' module
[E]: TODO: inet_addr
[W]: Unknown function 0xf7ac8941 in 'sys_net' module
[E]: TODO: gethostbyaddr
[W]: Unknown module 'cellSaveData'
[W]: Unknown function 0x723bbc7e in 'cellGcmSys' module
[E]: TODO: cellGcmGetVBlankCount
[W]: Unknown function 0xbd6d60d9 in 'cellGcmSys' module
[E]: TODO: cellGcmSetInvalidateTile
[W : PPU[1] Thread (CPUThread)[0x00cb3034]]: sys_lwmutex warning: *** lwmutex created [_lc_mtx] (attribute=0x12): sq_id = 3
[W : PPU[1] Thread (CPUThread)[0x00615504]]: memory warning: sys_memory_get_user_memory_size(mem_info_addr=0xd0010c34)
[W : PPU[1] Thread (CPUThread)[0x00cb3034]]: sys_lwmutex warning: *** lwmutex created [_lc_mtx] (attribute=0x12): sq_id = 4
[W : PPU[1] Thread (CPUThread)[0x00cb3034]]: sys_lwmutex warning: *** lwmutex created [_lc_mtx] (attribute=0x12): sq_id = 5
[W : PPU[1] Thread (CPUThread)[0x00cb3034]]: sys_lwmutex warning: *** lwmutex created [_lc_mtx] (attribute=0x12): sq_id = 6
[W : PPU[1] Thread (CPUThread)[0x00cb3034]]: sys_lwmutex warning: *** lwmutex created [_lc_mtx] (attribute=0x12): sq_id = 7
[W : PPU[1] Thread (CPUThread)[0x00cb3034]]: sys_lwmutex warning: *** lwmutex created [_lc_mtx] (attribute=0x12): sq_id = 8
[W : PPU[1] Thread (CPUThread)[0x00cb3034]]: sys_lwmutex warning: *** lwmutex created [_lc_mtx] (attribute=0x12): sq_id = 9
[W : PPU[1] Thread (CPUThread)[0x00cb3034]]: sys_lwmutex warning: *** lwmutex created [_lc_mtx] (attribute=0x12): sq_id = 10
[W : PPU[1] Thread (CPUThread)[0x00cb3034]]: sys_lwmutex warning: *** lwmutex created [_lc_mtx] (attribute=0x12): sq_id = 11
[W : PPU[1] Thread (CPUThread)[0x00cb3034]]: sys_lwmutex warning: *** lwmutex created [_lgcmtx] (attribute=0x12): sq_id = 12
[W : PPU[1] Thread (CPUThread)[0x00cb3034]]: sys_lwmutex warning: *** lwmutex created [_lgcmtx] (attribute=0x12): sq_id = 13
[W : PPU[1] Thread (CPUThread)[0x0041dd1c]]: sys_semaphore warning: sys_semaphore_create(sem_addr=0xd0010750, attr_addr=0xd0010758, initial_count=1, max_count=2147483647)
[W : PPU[1] Thread (CPUThread)[0x0041dd1c]]: sys_semaphore warning: sys_semaphore_create(sem_addr=0xd00106c0, attr_addr=0xd00106c8, initial_count=1, max_count=2147483647)
[W : PPU[1] Thread (CPUThread)[0x00cb3034]]: sys_lwmutex warning: *** lwmutex created [_lc_mtx] (attribute=0x12): sq_id = 16
[W : PPU[1] Thread (CPUThread)[0x00cb3034]]: sys_lwmutex warning: *** lwmutex created [_lc_mtx] (attribute=0x12): sq_id = 17
[W : PPU[1] Thread (CPUThread)[0x00cb3034]]: sys_lwmutex warning: *** lwmutex created [_lc_mtx] (attribute=0x12): sq_id = 18
[W : PPU[1] Thread (CPUThread)[0x00cb3034]]: sys_lwmutex warning: *** lwmutex created [_lc_mtx] (attribute=0x12): sq_id = 19
[W : PPU[1] Thread (CPUThread)[0x00cb3034]]: sys_lwmutex warning: *** lwmutex created [_lc_mtx] (attribute=0x12): sq_id = 20
[W : PPU[1] Thread (CPUThread)[0x00cb3034]]: sys_lwmutex warning: *** lwmutex created [_lc_mtx] (attribute=0x12): sq_id = 21
[W : PPU[1] Thread (CPUThread)[0x00cb3034]]: sys_lwmutex warning: *** lwmutex created [_lc_mtx] (attribute=0x12): sq_id = 22
[W : PPU[1] Thread (CPUThread)[0x00cb3034]]: sys_lwmutex warning: *** lwmutex created [_lc_mtx] (attribute=0x12): sq_id = 23
[W : PPU[1] Thread (CPUThread)[0x00cb3034]]: sys_lwmutex warning: *** lwmutex created [_lc_mtx] (attribute=0x12): sq_id = 24
[W : PPU[1] Thread (CPUThread)[0x00cb3034]]: sys_lwmutex warning: *** lwmutex created [_lc_mtx] (attribute=0x12): sq_id = 25
[W : PPU[1] Thread (CPUThread)[0x00cb3034]]: sys_lwmutex warning: *** lwmutex created [_lc_mtx] (attribute=0x12): sq_id = 26
[W : PPU[1] Thread (CPUThread)[0x00cb3034]]: sys_lwmutex warning: *** lwmutex created [_lc_mtx] (attribute=0x12): sq_id = 27
[W : PPU[1] Thread (CPUThread)[0x00cb3034]]: sys_lwmutex warning: *** lwmutex created [_lc_mtx] (attribute=0x12): sq_id = 28
[W : PPU[1] Thread (CPUThread)[0x00cb3034]]: sys_lwmutex warning: *** lwmutex created [] (attribute=0x22): sq_id = 29
[W : PPU[1] Thread (CPUThread)[0x00cb3034]]: sys_lwmutex warning: *** lwmutex created [] (attribute=0x22): sq_id = 30
[W : PPU[1] Thread (CPUThread)[0x00cb3034]]: sys_lwmutex warning: *** lwmutex created [] (attribute=0x22): sq_id = 31
[! : PPU[1] Thread (CPUThread)[0x00cb301c]]: *** New PPU Thread [SSTJobQueue] (): id = 32
[W : PPU[1] Thread (CPUThread)[0x0080e010]]: cellSysmodule warning: cellSysmoduleLoadModule(CELL_SYSMODULE_SPURS)
[W : PPU[1] Thread (CPUThread)[0x0080e010]]: cellSysmodule warning: cellSysmoduleLoadModule(CELL_SYSMODULE_GCM_SYS)
[W : PPU[1] Thread (CPUThread)[0x0080e010]]: cellSysmodule warning: cellSysmoduleLoadModule(CELL_SYSMODULE_RTC)
[W : PPU[1] Thread (CPUThread)[0x0080e010]]: cellSysmodule warning: cellSysmoduleLoadModule(CELL_SYSMODULE_FS)
[W : PPU[1] Thread (CPUThread)[0x0080e010]]: cellSysmodule warning: cellSysmoduleLoadModule(CELL_SYSMODULE_AUDIO)
[W : PPU[1] Thread (CPUThread)[0x0080e010]]: cellSysmodule warning: cellSysmoduleLoadModule(CELL_SYSMODULE_IO)
[W : PPU[1] Thread (CPUThread)[0x0080e010]]: cellSysmodule warning: cellSysmoduleLoadModule(CELL_SYSMODULE_SYSUTIL_NP)
[W : PPU[1] Thread (CPUThread)[0x0080e010]]: cellSysmodule warning: cellSysmoduleLoadModule(CELL_SYSMODULE_NET)
[W : PPU[1] Thread (CPUThread)[0x0080e010]]: cellSysmodule warning: cellSysmoduleLoadModule(CELL_SYSMODULE_L10N)
[W : PPU[1] Thread (CPUThread)[0x0080e010]]: cellSysmodule warning: cellSysmoduleLoadModule(CELL_SYSMODULE_SYSUTIL_SAVEDATA)
[W : PPU[1] Thread (CPUThread)[0x0080e010]]: cellSysmodule warning: cellSysmoduleLoadModule(CELL_SYSMODULE_AVCONF_EXT)
[W : PPU[1] Thread (CPUThread)[0x00c9d088]]: sys_fs warning: cellFsAioInit(mount_point_addr=0xac9518 (/dev_bdvd/PS3_GAME/USRDIR/))
[W : PPU[1] Thread (CPUThread)[0x00c9f04c]]: cellSysutil warning: cellSysutilRegisterCallback(slot=1, func_addr=0x8443b8, userdata=0xac9518)
[W : PPU[1] Thread (CPUThread)[0x0035ad24]]: sys_spu warning: sys_spu_initialize(max_usable_spu=6, max_raw_spu=0)
[W : PPU[1] Thread (CPUThread)[0x00ca30c4]]: cellSpurs warning: cellSpursInitialize(spurs_addr=0x3020e100, nSpus=6, spuPriority=250, ppuPriority=4294967295, exitIfNoWork=1)
[E : PPU[1] Thread (CPUThread)[0x00ca3034]]: TODO: _cellSpursJobChainAttributeInitialize
[E : PPU[1] Thread (CPUThread)[0x00ca30a0]]: TODO: cellSpursJobChainAttributeSetName
[E : PPU[1] Thread (CPUThread)[0x00ca3028]]: TODO: cellSpursCreateJobChainWithAttribute
[E : PPU[1] Thread (CPUThread)[0x00ca3034]]: TODO: _cellSpursJobChainAttributeInitialize
[E : PPU[1] Thread (CPUThread)[0x00ca30a0]]: TODO: cellSpursJobChainAttributeSetName
[E : PPU[1] Thread (CPUThread)[0x00ca3028]]: TODO: cellSpursCreateJobChainWithAttribute
[E : PPU[1] Thread (CPUThread)[0x00ca3070]]: TODO: cellSpursJobGuardInitialize
[E : PPU[1] Thread (CPUThread)[0x00ca3100]]: TODO: cellSpursRunJobChain
[E : PPU[1] Thread (CPUThread)[0x00ca3034]]: TODO: _cellSpursJobChainAttributeInitialize
[E : PPU[1] Thread (CPUThread)[0x00ca30a0]]: TODO: cellSpursJobChainAttributeSetName
[E : PPU[1] Thread (CPUThread)[0x00ca3028]]: TODO: cellSpursCreateJobChainWithAttribute
[E : PPU[1] Thread (CPUThread)[0x00ca3070]]: TODO: cellSpursJobGuardInitialize
[E : PPU[1] Thread (CPUThread)[0x00ca3100]]: TODO: cellSpursRunJobChain
[W : PPU[1] Thread (CPUThread)[0x00cb1010]]: cellGcmSys warning: cellGcmInit(context_addr=0xb7a2f0,cmdSize=0xff000,ioSize=0x100000,ioAddress=0x3af00000)
[W : PPU[1] Thread (CPUThread)[0x00cb1010]]: cellGcmSys warning: *** local memory(addr=0xc0000000, size=0xf900000)
[W : PPU[1] Thread (CPUThread)[0x00cb1010]]: cellGcmSys warning: cellGcmMapEaIoAddress(ea=0x3af00000, io=0x0, size=0x100000)
[! : RSXThread]: RSX thread entry
[W : PPU[1] Thread (CPUThread)[0x00cb1070]]: cellGcmSys warning: cellGcmMapMainMemory(ea=0x30200000,size=0xac00000,offset_addr=0xd0010330)
[W : PPU[1] Thread (CPUThread)[0x00cb1004]]: cellGcmSys warning: cellGcmGetTiledPitchSize(size=5120)
[W : PPU[1] Thread (CPUThread)[0x00cb1004]]: cellGcmSys warning: cellGcmGetTiledPitchSize(size=5120)
[W : PPU[1] Thread (CPUThread)[0x00cb1004]]: cellGcmSys warning: cellGcmGetTiledPitchSize(size=10240)
[W : PPU[1] Thread (CPUThread)[0x00cb1004]]: cellGcmSys warning: cellGcmGetTiledPitchSize(size=5120)
[W : PPU[1] Thread (CPUThread)[0x00c9f004]]: cellSysutil warning: cellVideoOutConfigure(videoOut=0, config_addr=0xd0010344, option_addr=0x0, waitForEvent=0x0)
[W : PPU[1] Thread (CPUThread)[0x00cb1040]]: cellGcmSys warning: cellGcmSetFlipMode(mode=2)
[E : PPU[1] Thread (CPUThread)[0x00cb10a0]]: cellGcmSys error: Unimplemented function: cellGcmSetVBlankHandler
[W : PPU[1] Thread (CPUThread)[0x00cb107c]]: cellGcmSys warning: cellGcmSetFlipHandler(handler_addr=8668384)
[W : PPU[1] Thread (CPUThread)[0x0041dd1c]]: sys_semaphore warning: sys_semaphore_create(sem_addr=0xd0010120, attr_addr=0xd0010128, initial_count=1, max_count=2147483647)
[W : PPU[1] Thread (CPUThread)[0x00cb10c4]]: cellGcmSys warning: cellGcmSetTile(index=4, location=0, offset=32768000, size=3932160, pitch=5120, comp=0, base=500, bank=0)
[W : PPU[1] Thread (CPUThread)[0x00cb1088]]: cellGcmSys warning: cellGcmSetDisplayBuffer(id=0x0,offset=0x1010000,pitch=4,width=1280,height=720)
[W : PPU[1] Thread (CPUThread)[0x00cb1088]]: cellGcmSys warning: cellGcmSetDisplayBuffer(id=0x1,offset=0x13e0000,pitch=4,width=1280,height=720)
[W : PPU[1] Thread (CPUThread)[0x00cb10c4]]: cellGcmSys warning: cellGcmSetTile(index=0, location=0, offset=16842752, size=3932160, pitch=5120, comp=0, base=257, bank=0)
[W : PPU[1] Thread (CPUThread)[0x00cb10c4]]: cellGcmSys warning: cellGcmSetTile(index=1, location=0, offset=20840448, size=3932160, pitch=5120, comp=0, base=318, bank=0)
[W : PPU[1] Thread (CPUThread)[0x00cb10c4]]: cellGcmSys warning: cellGcmSetTile(index=2, location=0, offset=24838144, size=7864320, pitch=10240, comp=11, base=379, bank=1)
[E : PPU[1] Thread (CPUThread)[0x00cb10c4]]: cellGcmSys error: cellGcmSetTile: bad comp! (11)
[W : PPU[1] Thread (CPUThread)[0x00cb1064]]: cellGcmSys warning: TODO: cellGcmBindZcull(index=0)
[W : PPU[1] Thread (CPUThread)[0x00cb1004]]: cellGcmSys warning: cellGcmGetTiledPitchSize(size=10240)
[W : PPU[1] Thread (CPUThread)[0x00cb10c4]]: cellGcmSys warning: cellGcmSetTile(index=3, location=0, offset=36765696, size=7864320, pitch=10240, comp=7, base=561, bank=0)
[E : PPU[1] Thread (CPUThread)[0x00cb10c4]]: cellGcmSys error: cellGcmSetTile: bad comp! (7)
[W : PPU[1] Thread (CPUThread)[0x00c9f01c]]: cellSysutil warning: cellSysutilGetSystemParamInt: CELL_SYSUTIL_SYSTEMPARAM_ID_ENTER_BUTTON_ASSIGN
[W : PPU[1] Thread (CPUThread)[0x00048454]]: sys_rwlock warning: sys_rwlock_create(rw_lock_id_addr=0xa88fbc, attr_addr=0xd0010350)
[W : PPU[1] Thread (CPUThread)[0x00048454]]: sys_rwlock warning: TODO: SYS_SYNC_PRIORITY attr
[W : PPU[1] Thread (CPUThread)[0x00048454]]: sys_rwlock warning: *** rwlock created [] (protocol=0x2): id = 34
[W : PPU[1] Thread (CPUThread)[0x00c9d034]]: *** cellFsOpen(path="/dev_bdvd/PS3_GAME/USRDIR/RESOURCE/RESOURCE.PAC"): fd = 35
[W : PPU[1] Thread (CPUThread)[0x00c9d07c]]: sys_fs warning: cellFsAioRead(aio_addr=0xa88f88, id_addr=0xa88fb0, func_addr=0x82cca8)
[W : fsAioRead]: *** fsAioRead(fd=35, offset=0x0, buf_addr=0xd00100e0, size=0x20, error=0x0, res=0x20, xid=0x0 [])
[W : PPU[1] Thread (CPUThread)[0x00c9d004]]: sys_fs warning: cellFsClose(fd=35)
[W : PPU[1] Thread (CPUThread)[0x00c9d034]]: *** cellFsOpen(path="/dev_bdvd/PS3_GAME/USRDIR/RESOURCE/RESOURCE.PAC"): fd = 36
[W : PPU[1] Thread (CPUThread)[0x00c9d07c]]: sys_fs warning: cellFsAioRead(aio_addr=0xa88f88, id_addr=0xa88fb0, func_addr=0x82cca8)
[W : fsAioRead]: *** fsAioRead(fd=36, offset=0x0, buf_addr=0x31a87000, size=0x12000, error=0x0, res=0x12000, xid=0x1 [])
[W : PPU[1] Thread (CPUThread)[0x00c9d004]]: sys_fs warning: cellFsClose(fd=36)
[W : PPU[1] Thread (CPUThread)[0x00c9d034]]: *** cellFsOpen(path="/dev_bdvd/PS3_GAME/USRDIR/RESOURCE/RESOURCE.PAC"): fd = 37
[E : PPU[1] Thread (CPUThread)[0x00c9f058]]: TODO: cellDiscGameGetBootDiscInfo
[! : PPU[1] Thread (CPUThread)[0x00cb301c]]: *** New PPU Thread [GameDataThread] (): id = 38
[W : PPU[38] Thread (GameDataThread)[0x00356adc]]: memory warning: sys_memory_container_create(cid_addr=0xd0040dd0, yield_size=0x200000)
[E : PPU[1] Thread (CPUThread)[0x00ca5010]]: sys_io error: cellPadInfoPressMode(port_no=0)
[E : PPU[1] Thread (CPUThread)[0x00ca507c]]: sys_io error: cellPadInfoSensorMode(port_no=0)
[E : PPU[1] Thread (CPUThread)[0x00ca50ac]]: Unknown func id: 0xdbf4c59c
[W : PPU[1] Thread (CPUThread)[0x0041dd1c]]: sys_semaphore warning: sys_semaphore_create(sem_addr=0xd000e4c0, attr_addr=0xd000e4c8, initial_count=1, max_count=2147483647)
[W : PPU[38] Thread (GameDataThread)[0x00356adc]]: memory warning: *** memory_container created(addr=0x3b200000): id = 40
[E : PPU[38] Thread (GameDataThread)[0x00c9f064]]: TODO: cellGameDataCheckCreate2
[W : PPU[38] Thread (GameDataThread)[0x00356b38]]: memory warning: sys_memory_container_destroy(cid=40)
[W : PPU[1] Thread (CPUThread)[0x0041dd1c]]: sys_semaphore warning: sys_semaphore_create(sem_addr=0xd000e4c0, attr_addr=0xd000e4c8, initial_count=1, max_count=2147483647)
[W : PPU[1] Thread (CPUThread)[0x0041dd1c]]: sys_semaphore warning: sys_semaphore_create(sem_addr=0xd000e4c0, attr_addr=0xd000e4c8, initial_count=1, max_count=2147483647)
[W : PPU[1] Thread (CPUThread)[0x00c9d034]]: *** cellFsOpen(path="/dev_bdvd/PS3_GAME/USRDIR/RESOURCE/SHADERCACHE/VS_SHADER_CACHE_24.BIN"): fd = 43
[W : PPU[1] Thread (CPUThread)[0x00c9d004]]: sys_fs warning: cellFsClose(fd=43)
[W : PPU[1] Thread (CPUThread)[0x00c9d034]]: *** cellFsOpen(path="/dev_bdvd/PS3_GAME/USRDIR/RESOURCE/SHADERCACHE/PS_SHADER_CACHE_51.BIN"): fd = 44
[W : PPU[1] Thread (CPUThread)[0x00c9d004]]: sys_fs warning: cellFsClose(fd=44)
[W : PPU[1] Thread (CPUThread)[0x00cb1004]]: cellGcmSys warning: cellGcmGetTiledPitchSize(size=4096)
[W : PPU[1] Thread (CPUThread)[0x00cb1004]]: cellGcmSys warning: cellGcmGetTiledPitchSize(size=4096)
[W : PPU[1] Thread (CPUThread)[0x00cb10c4]]: cellGcmSys warning: cellGcmSetTile(index=9, location=0, offset=44695552, size=12582912, pitch=4096, comp=10, base=682, bank=2)
[E : PPU[1] Thread (CPUThread)[0x00cb10c4]]: cellGcmSys error: cellGcmSetTile: bad comp! (10)
[W : PPU[1] Thread (CPUThread)[0x00cb1064]]: cellGcmSys warning: TODO: cellGcmBindZcull(index=1)
[W : PPU[1] Thread (CPUThread)[0x00cb1004]]: cellGcmSys warning: cellGcmGetTiledPitchSize(size=1280)
[W : PPU[1] Thread (CPUThread)[0x00cb10c4]]: cellGcmSys warning: cellGcmSetTile(index=5, location=0, offset=57344000, size=1572864, pitch=1280, comp=0, base=875, bank=0)
[W : PPU[1] Thread (CPUThread)[0x00cb1004]]: cellGcmSys warning: cellGcmGetTiledPitchSize(size=1280)
[W : PPU[1] Thread (CPUThread)[0x00cb10c4]]: cellGcmSys warning: cellGcmSetTile(index=6, location=0, offset=58982400, size=262144, pitch=1280, comp=0, base=900, bank=1)
[W : PPU[1] Thread (CPUThread)[0x00cb1004]]: cellGcmSys warning: cellGcmGetTiledPitchSize(size=5120)
[W : PPU[1] Thread (CPUThread)[0x00cb10c4]]: cellGcmSys warning: cellGcmSetTile(index=7, location=0, offset=59310080, size=3932160, pitch=5120, comp=0, base=905, bank=0)
[W : PPU[1] Thread (CPUThread)[0x00cb1004]]: cellGcmSys warning: cellGcmGetTiledPitchSize(size=1280)
[W : PPU[1] Thread (CPUThread)[0x00cb10c4]]: cellGcmSys warning: cellGcmSetTile(index=8, location=0, offset=63307776, size=262144, pitch=1280, comp=0, base=966, bank=0)
[W : PPU[1] Thread (CPUThread)[0x0041dd1c]]: sys_semaphore warning: sys_semaphore_create(sem_addr=0xd0010240, attr_addr=0xd0010248, initial_count=1, max_count=2147483647)
[W : PPU[1] Thread (CPUThread)[0x00c9f01c]]: cellSysutil warning: cellSysutilGetSystemParamInt: CELL_SYSUTIL_SYSTEMPARAM_ID_LANG
[W : PPU[1] Thread (CPUThread)[0x00c9f01c]]: cellSysutil warning: cellSysutilGetSystemParamInt: CELL_SYSUTIL_SYSTEMPARAM_ID_ENTER_BUTTON_ASSIGN
[W : PPU[1] Thread (CPUThread)[0x00cab004]]: sys_net warning: sys_net_initialize_network_ex(param_addr=0xd0010630)
[E : PPU[1] Thread (CPUThread)[0x00cad034]]: cellNetCtl error: Unimplemented function: cellNetCtlInit
[E : PPU[1] Thread (CPUThread)[0x00ca7268]]: TODO: sceNpManagerRegisterCallback
[E : PPU[1] Thread (CPUThread)[0x00ca7070]]: TODO: sceNpScoreInit
[E : PPU[1] Thread (CPUThread)[0x00ca71e4]]: TODO: sceNpBasicRegisterHandler
[E : PPU[1] Thread (CPUThread)[0x00ca30f4]]: TODO: cellSpursJobGuardNotify
[E : PPU[1] Thread (CPUThread)[0x00cb104c]]: TODO: cellGcmGetVBlankCount
[W : RSXThread]: FP not found in buffer!
[W : RSXThread]: VP not found in buffer!
[! : RSXThread]: Add program (0):
[! : RSXThread]: *** prog id = 3
[! : RSXThread]: *** vp id = 2
[! : RSXThread]: *** fp id = 1
[! : RSXThread]: *** vp data size = 48
[! : RSXThread]: *** fp data size = 48
[! : RSXThread]: *** vp shader = 
#version 330

uniform mat4 scaleOffsetMat = mat4(1.0);
layout (location = 0) in vec4 in_pos;
uniform vec4 vc467;
out vec4 tc0;

void func0();

void main()
{
	gl_Position = vec4(0.0f, 0.0f, 0.0f, 1.0f);
	func0();
	gl_Position = gl_Position * scaleOffsetMat;
}

void func0()
{
	gl_Position.xy = in_pos.xyxx.xy;
	gl_Position.z = vc467.xxxx.z;
	tc0.xy = in_pos.zwzz.xy;
}

[! : RSXThread]: *** fp shader = 
#version 330

uniform vec4 fc16 = vec4(0.000100, 0.000000, 0.000000, 0.000000);
in vec4 tc0;
vec4 r0 = vec4(0.0, 0.0, 0.0, 0.0);
uniform sampler2D tex0;
layout (location = 0) out vec4 ocol;

void main()
{
	r0.xy = (tc0 + fc16.xyxx).xy;
	r0 = texture(tex0, r0.xy);
	ocol = r0;
}

[W : RSXThread]: New FBO (1280x720)
[E : RSXThread]: GLTexture::Init() -> filters: opengl error 0x0500
[! : RSXThread]: RSX thread exit...
[!]: Closing memory...
