[!]: path: /dev_hdd0/game/
[!]: Loading 'D:\Emulateurs\Rpcs3\dev_hdd0\game\BLES00599-[BAYONETTA]/PS3_GAME/USRDIR/BOOT.BIN'...
[!]: Mount info:
[!]: /dev_hdd0/ -> D:\Emulateurs\Rpcs3\dev_hdd0\
[!]: /dev_hdd1/ -> D:\Emulateurs\Rpcs3\dev_hdd1\
[!]: /dev_flash/ -> D:\Emulateurs\Rpcs3\dev_flash\
[!]: /dev_usb000/ -> D:\Emulateurs\Rpcs3\dev_usb000\
[!]: /dev_usb/ -> D:\Emulateurs\Rpcs3\dev_usb000\
[!]: /app_home/ -> D:\Emulateurs\Rpcs3\dev_hdd0\game\BLES00599-[BAYONETTA]/PS3_GAME/\USRDIR\
[!]: /dev_bdvd/ -> D:\Emulateurs\Rpcs3\dev_hdd0\game\BLES00599-[BAYONETTA]/PS3_GAME/\..\
[!]: /host_root/ -> 
[!]: ///resource/ -> D:\Emulateurs\Rpcs3\dev_hdd0\game\BLES00599-[BAYONETTA]/PS3_GAME/\USRDIR\resource\
[!]: /app_home/Game/PS3_GAME/USRDIR/ -> D:\Emulateurs\Rpcs3\dev_hdd0\game\BLES00599-[BAYONETTA]/PS3_GAME/\USRDIR\
[!]: /app_home/PS3_GAME/USRDIR/media/ -> D:\Emulateurs\Rpcs3\dev_hdd0\game\BLES00599-[BAYONETTA]/PS3_GAME/\USRDIR\media\
[!]: /Data/ -> D:\Emulateurs\Rpcs3\dev_hdd0\game\BLES00599-[BAYONETTA]/PS3_GAME/\USRDIR\Data\
[!]: / -> D:\Emulateurs\Rpcs3\dev_hdd0\game\BLES00599-[BAYONETTA]/PS3_GAME/\USRDIR\
[!]: /USRDIR/PS3_GAME/USRDIR/Data/ -> D:\Emulateurs\Rpcs3\dev_hdd0\game\BLES00599-[BAYONETTA]/PS3_GAME/\USRDIR\Data\
[!]: /app_home//dev_bdvd/PS3_GAME/USRDIR/data/gos/ -> D:\Emulateurs\Rpcs3\dev_hdd0\game\BLES00599-[BAYONETTA]/PS3_GAME/\USRDIR\
[!]: BD/ -> D:\Emulateurs\Rpcs3\dev_hdd0\game\BLES00599-[BAYONETTA]/PS3_GAME/\USRDIR\
[!]: Initing memory...
[!]: Memory initialized.
[W]: Unknown function 0x967a162b in 'sys_fs' module
[E]: TODO: cellFsFsync
[W]: Unknown function 0x220894e3 in 'cellSysutil' module
[E]: TODO: cellSysutilEnableBgmPlayback
[W]: Unknown function 0x62b0f803 in 'cellSysutil' module
[E]: TODO: cellMsgDialogAbort
[W]: Unknown function 0x8b7ed64b in 'cellSysutil' module
[E]: TODO: cellSaveDataAutoSave2
[W]: Unknown function 0x94862702 in 'cellSysutil' module
[E]: TODO: cellMsgDialogProgressBarInc
[W]: Unknown function 0xa11552f6 in 'cellSysutil' module
[E]: TODO: cellSysutilGetBgmPlaybackStatus
[W]: Unknown function 0xced17573 in 'cellSysutil' module
[E]: TODO: cellSaveDataFixedDelete
[W]: Unknown function 0xcfdd8e87 in 'cellSysutil' module
[E]: TODO: cellSysutilDisableBgmPlayback
[W]: Unknown function 0xedadd797 in 'cellSysutil' module
[E]: TODO: cellSaveDataDelete2
[W]: Unknown function 0xfbd5c856 in 'cellSysutil' module
[E]: TODO: cellSaveDataAutoLoad2
[W]: Unknown function 0x99d397ac in 'cellGcmSys' module
[E]: TODO: cellGcmGetReport
[W]: Unknown function 0x4a6465e3 in 'cellSpurs' module
[E]: TODO: cellSpursCreateTaskset2
[W]: Unknown function 0x569674e3 in 'cellSpurs' module
[E]: TODO: cellSpursTraceInitialize
[W]: Unknown function 0x7b9cbb74 in 'cellSpurs' module
[E]: TODO: cellSpursTraceFinalize
[W]: Unknown function 0x8adadf65 in 'cellSpurs' module
[E]: TODO: _cellSpursTaskAttribute2Initialize
[W]: Unknown function 0xa7a94892 in 'cellSpurs' module
[E]: TODO: cellSpursJoinTask2
[W]: Unknown function 0xc2acdf43 in 'cellSpurs' module
[E]: TODO: _cellSpursTasksetAttribute2Initialize
[W]: Unknown function 0xce853fbf in 'cellSpurs' module
[E]: TODO: cellSpursTraceStart
[W]: Unknown function 0xddc81b5a in 'cellSpurs' module
[E]: TODO: cellSpursTraceStop
[W]: Unknown function 0xe14ca62d in 'cellSpurs' module
[E]: TODO: cellSpursCreateTask2
[W]: Unknown function 0x011ee38b in 'cellSpurs' module
[E]: TODO: _cellSpursLFQueueInitialize
[W]: Unknown function 0x039d70b7 in 'cellSpurs' module
[E]: TODO: cellSpursQueueDetachLv2EventQueue
[W]: Unknown function 0x082bfb09 in 'cellSpurs' module
[E]: TODO: _cellSpursQueueInitialize
[W]: Unknown function 0x16394a4e in 'cellSpurs' module
[E]: TODO: _cellSpursTasksetAttributeInitialize
[W]: Unknown function 0x1656d49f in 'cellSpurs' module
[E]: TODO: cellSpursLFQueueAttachLv2EventQueue
[W]: Unknown function 0x17001000 in 'cellSpurs' module
[E]: TODO: cellSpursAddUrgentCommand
[W]: Unknown function 0x1d46fedf in 'cellSpurs' module
[E]: TODO: cellSpursCreateTaskWithAttribute
[W]: Unknown function 0x2093252b in 'cellSpurs' module
[E]: TODO: cellSpursQueueGetTasksetAddress
[W]: Unknown function 0x303c19cd in 'cellSpurs' module
[E]: TODO: cellSpursCreateJobChainWithAttribute
[W]: Unknown function 0x3548f483 in 'cellSpurs' module
[E]: TODO: _cellSpursJobChainAttributeInitialize
[W]: Unknown function 0x4ac7bae4 in 'cellSpurs' module
[E]: TODO: cellSpursEventFlagClear
[W]: Unknown function 0x5ef96465 in 'cellSpurs' module
[E]: TODO: _cellSpursEventFlagInitialize
[W]: Unknown function 0x652b70e2 in 'cellSpurs' module
[E]: TODO: cellSpursTasksetAttributeSetName
[W]: Unknown function 0x68aaeba9 in 'cellSpurs' module
[E]: TODO: cellSpursJobGuardInitialize
[W]: Unknown function 0x6d2d9339 in 'cellSpurs' module
[E]: TODO: cellSpursEventFlagTryWait
[W]: Unknown function 0x738e40e6 in 'cellSpurs' module
[E]: TODO: cellSpursShutdownJobChain
[W]: Unknown function 0x73e06f91 in 'cellSpurs' module
[E]: TODO: cellSpursLFQueueDetachLv2EventQueue
[W]: Unknown function 0x8a85674d in 'cellSpurs' module
[E]: TODO: _cellSpursLFQueuePushBody
[W]: Unknown function 0x8f122ef8 in 'cellSpurs' module
[E]: TODO: cellSpursTasksetAttributeSetTasksetSize
[W]: Unknown function 0x91066667 in 'cellSpurs' module
[E]: TODO: cellSpursQueuePopBody
[W]: Unknown function 0x92cff6ed in 'cellSpurs' module
[E]: TODO: cellSpursQueuePushBody
[W]: Unknown function 0x947efb0b in 'cellSpurs' module
[E]: TODO: cellSpursEventFlagGetTasksetAddress
[W]: Unknown function 0xa7c066de in 'cellSpurs' module
[E]: TODO: cellSpursJoinJobChain
[W]: Unknown function 0xb8474eff in 'cellSpurs' module
[E]: TODO: _cellSpursTaskAttributeInitialize
[W]: Unknown function 0xc10931cb in 'cellSpurs' module
[E]: TODO: cellSpursCreateTasksetWithAttribute
[W]: Unknown function 0xd5d0b256 in 'cellSpurs' module
[E]: TODO: cellSpursJobGuardNotify
[W]: Unknown function 0xe5443be7 in 'cellSpurs' module
[E]: TODO: cellSpursQueueAttachLv2EventQueue
[W]: Unknown function 0xf31731bb in 'cellSpurs' module
[E]: TODO: cellSpursRunJobChain
[W]: Unknown function 0xf5507729 in 'cellSpurs' module
[E]: TODO: cellSpursEventFlagSet
[W]: Unknown function 0x0c44f441 in 'cellFiber' module
[E]: TODO: cellFiberPpuYield
[W]: Unknown function 0x1e7a247a in 'cellFiber' module
[E]: TODO: cellFiberPpuUtilWorkerControlRunFibers
[W]: Unknown function 0x392c5aa5 in 'cellFiber' module
[E]: TODO: cellFiberPpuUtilWorkerControlSetPollingMode
[W]: Unknown function 0x5d9a7034 in 'cellFiber' module
[E]: TODO: cellFiberPpuSelf
[W]: Unknown function 0x68ba4568 in 'cellFiber' module
[E]: TODO: _cellFiberPpuUtilWorkerControlAttributeInitialize
[W]: Unknown function 0x6c164b3b in 'cellFiber' module
[E]: TODO: cellFiberPpuWaitSignal
[W]: Unknown function 0x8afb8356 in 'cellFiber' module
[E]: TODO: cellFiberPpuSendSignal
[W]: Unknown function 0xa27c95ca in 'cellFiber' module
[E]: TODO: cellFiberPpuUtilWorkerControlFinalize
[W]: Unknown function 0xa6004249 in 'cellFiber' module
[E]: TODO: cellFiberPpuJoinFiber
[W]: Unknown function 0xbabf714b in 'cellFiber' module
[E]: TODO: cellFiberPpuUtilWorkerControlWakeup
[W]: Unknown function 0xbfca88d3 in 'cellFiber' module
[E]: TODO: cellFiberPpuUtilWorkerControlCreateFiber
[W]: Unknown function 0xc04e2438 in 'cellFiber' module
[E]: TODO: cellFiberPpuUtilWorkerControlShutdown
[W]: Unknown function 0xf2ccad4f in 'cellFiber' module
[E]: TODO: cellFiberPpuUtilWorkerControlInitializeWithAttribute
[W]: Unknown function 0xfa8d5f95 in 'cellFiber' module
[E]: TODO: cellFiberPpuExit
[W]: Unknown function 0x55870804 in 'cellFiber' module
[E]: TODO: _cellFiberPpuInitialize
[W]: Unknown function 0x04372385 in 'sceNp' module
[E]: TODO: sceNpBasicGetFriendListEntry
[W]: Unknown function 0x21206642 in 'sceNp' module
[E]: TODO: sceNpScoreGetRankingByRangeAsync
[W]: Unknown function 0x259113b8 in 'sceNp' module
[E]: TODO: sceNpScoreDestroyTitleCtx
[W]: Unknown function 0x32cf311f in 'sceNp' module
[E]: TODO: sceNpScoreInit
[W]: Unknown function 0x3db7914d in 'sceNp' module
[E]: TODO: sceNpScoreGetRankingByNpIdAsync
[W]: Unknown function 0x52a6b523 in 'sceNp' module
[E]: TODO: sceNpManagerUnregisterCallback
[W]: Unknown function 0x6ee62ed2 in 'sceNp' module
[E]: TODO: sceNpManagerGetContentRatingFlag
[W]: Unknown function 0x6f5e8143 in 'sceNp' module
[E]: TODO: sceNpScoreCreateTransactionCtx
[W]: Unknown function 0x9851f805 in 'sceNp' module
[E]: TODO: sceNpScoreTerm
[W]: Unknown function 0xa7a090e5 in 'sceNp' module
[E]: TODO: sceNpScorePollAsync
[W]: Unknown function 0xafef640d in 'sceNp' module
[E]: TODO: sceNpBasicGetFriendListEntryCount
[W]: Unknown function 0xb9f93bbb in 'sceNp' module
[E]: TODO: sceNpScoreCreateTitleCtx
[W]: Unknown function 0xc5f4cf82 in 'sceNp' module
[E]: TODO: sceNpScoreDestroyTransactionCtx
[W]: Unknown function 0xceeebc7a in 'sceNp' module
[E]: TODO: sceNpProfileCallGui
[W]: Unknown function 0xd208f91d in 'sceNp' module
[E]: TODO: sceNpUtilCmpNpId
[W]: Unknown function 0xdb2e4dc2 in 'sceNp' module
[E]: TODO: sceNpScoreGetGameDataAsync
[W]: Unknown function 0xe7dcd3b4 in 'sceNp' module
[E]: TODO: sceNpManagerRegisterCallback
[W]: Unknown function 0xee5b20d9 in 'sceNp' module
[E]: TODO: sceNpScoreAbortTransaction
[W]: Unknown function 0xf0b1e399 in 'sceNp' module
[E]: TODO: sceNpScoreRecordScoreAsync
[W]: Unknown function 0xf76847c2 in 'sceNp' module
[E]: TODO: sceNpScoreRecordGameDataAsync
[W]: Unknown function 0xfe37a7f4 in 'sceNp' module
[E]: TODO: sceNpManagerGetNpId
[W]: Unknown module 'cellSysutilAvconfExt'
[W]: Unknown function 0x8a561d92 in 'sysPrxForUser' module
[E]: TODO: _sys_heap_free
[W]: Unknown function 0xaede4b03 in 'sysPrxForUser' module
[E]: TODO: _sys_heap_delete_heap
[W]: Unknown function 0xdd3b27ac in 'sysPrxForUser' module
[E]: TODO: _sys_spu_printf_finalize
[W : PPU[1] Thread (CPUThread)[0x021f0034]]: sys_lwmutex warning: *** lwmutex created [_lc_mtx] (attribute=0x12): sq_id = 3
[W : PPU[1] Thread (CPUThread)[0x01068fe0]]: memory warning: sys_memory_get_user_memory_size(mem_info_addr=0xd0010c04)
[W : PPU[1] Thread (CPUThread)[0x021f0034]]: sys_lwmutex warning: *** lwmutex created [_lc_mtx] (attribute=0x12): sq_id = 4
[W : PPU[1] Thread (CPUThread)[0x021f0034]]: sys_lwmutex warning: *** lwmutex created [_lc_mtx] (attribute=0x12): sq_id = 5
[W : PPU[1] Thread (CPUThread)[0x021f0034]]: sys_lwmutex warning: *** lwmutex created [_lc_mtx] (attribute=0x12): sq_id = 6
[W : PPU[1] Thread (CPUThread)[0x021f0034]]: sys_lwmutex warning: *** lwmutex created [_lc_mtx] (attribute=0x12): sq_id = 7
[W : PPU[1] Thread (CPUThread)[0x021f0034]]: sys_lwmutex warning: *** lwmutex created [_lc_mtx] (attribute=0x12): sq_id = 8
[W : PPU[1] Thread (CPUThread)[0x021f0034]]: sys_lwmutex warning: *** lwmutex created [_lc_mtx] (attribute=0x12): sq_id = 9
[W : PPU[1] Thread (CPUThread)[0x021f0034]]: sys_lwmutex warning: *** lwmutex created [_lc_mtx] (attribute=0x12): sq_id = 10
[W : PPU[1] Thread (CPUThread)[0x021f0034]]: sys_lwmutex warning: *** lwmutex created [_lc_mtx] (attribute=0x12): sq_id = 11
[W : PPU[1] Thread (CPUThread)[0x021f0034]]: sys_lwmutex warning: *** lwmutex created [_lc_mtx] (attribute=0x12): sq_id = 12
[W : PPU[1] Thread (CPUThread)[0x021dc010]]: cellSysmodule warning: cellSysmoduleLoadModule(CELL_SYSMODULE_FS)
[W : PPU[1] Thread (CPUThread)[0x021dc010]]: cellSysmodule warning: cellSysmoduleLoadModule(CELL_SYSMODULE_NET)
[W : PPU[1] Thread (CPUThread)[0x021dc010]]: cellSysmodule warning: cellSysmoduleLoadModule(CELL_SYSMODULE_IO)
[W : PPU[1] Thread (CPUThread)[0x021dc010]]: cellSysmodule warning: cellSysmoduleLoadModule(CELL_SYSMODULE_USBD)
[W : PPU[1] Thread (CPUThread)[0x021dc010]]: cellSysmodule warning: cellSysmoduleLoadModule(CELL_SYSMODULE_GCM_SYS)
[W : PPU[1] Thread (CPUThread)[0x021dc010]]: cellSysmodule warning: cellSysmoduleLoadModule(CELL_SYSMODULE_RESC)
[W : PPU[1] Thread (CPUThread)[0x021dc010]]: cellSysmodule warning: cellSysmoduleLoadModule(CELL_SYSMODULE_SPURS)
[W : PPU[1] Thread (CPUThread)[0x021dc010]]: cellSysmodule warning: cellSysmoduleLoadModule(CELL_SYSMODULE_SPURS_JQ)
[W : PPU[1] Thread (CPUThread)[0x021dc010]]: cellSysmodule warning: cellSysmoduleLoadModule(CELL_SYSMODULE_FIBER)
[W : PPU[1] Thread (CPUThread)[0x021dc010]]: cellSysmodule warning: cellSysmoduleLoadModule(CELL_SYSMODULE_AVCONF_EXT)
[W : PPU[1] Thread (CPUThread)[0x021dc010]]: cellSysmodule warning: cellSysmoduleLoadModule(CELL_SYSMODULE_SYSUTIL_NP_TROPHY)
[W : PPU[1] Thread (CPUThread)[0x021dc010]]: cellSysmodule warning: cellSysmoduleLoadModule(CELL_SYSMODULE_NETCTL)
[W : PPU[1] Thread (CPUThread)[0x021dc010]]: cellSysmodule warning: cellSysmoduleLoadModule(CELL_SYSMODULE_SYSUTIL_NP)
[W : PPU[1] Thread (CPUThread)[0x021dc010]]: cellSysmodule warning: cellSysmoduleLoadModule(CELL_SYSMODULE_RTC)
[W : PPU[1] Thread (CPUThread)[0x021f0034]]: sys_lwmutex warning: *** lwmutex created [] (attribute=0x22): sq_id = 13
[W : PPU[1] Thread (CPUThread)[0x00f67d54]]: memory warning: sys_memory_get_user_memory_size(mem_info_addr=0xd0010c00)
[W : PPU[1] Thread (CPUThread)[0x021f0034]]: sys_lwmutex warning: *** lwmutex created [] (attribute=0x22): sq_id = 14
[W : PPU[1] Thread (CPUThread)[0x021d8070]]: cellSysutil warning: cellSysutilRegisterCallback(slot=0, func_addr=0x14c5200, userdata=0x0)
[W : PPU[1] Thread (CPUThread)[0x021da0b8]]: cellGcmSys warning: cellGcmInitDefaultFifoMode(mode=1)
[W : PPU[1] Thread (CPUThread)[0x021da010]]: cellGcmSys warning: cellGcmInit(context_addr=0x2075510,cmdSize=0x80000,ioSize=0x100000,ioAddress=0x32900000)
[W : PPU[1] Thread (CPUThread)[0x021da010]]: cellGcmSys warning: *** local memory(addr=0xc0000000, size=0xf900000)
[W : PPU[1] Thread (CPUThread)[0x021da010]]: cellGcmSys warning: cellGcmMapEaIoAddress(ea=0x32900000, io=0x0, size=0x100000)
[! : RSXThread]: RSX thread entry
[W : PPU[1] Thread (CPUThread)[0x00f752ec]]: sys_spu warning: sys_spu_initialize(max_usable_spu=6, max_raw_spu=6)
[W : PPU[1] Thread (CPUThread)[0x021f0034]]: sys_lwmutex warning: *** lwmutex created [] (attribute=0x22): sq_id = 15
[W : PPU[1] Thread (CPUThread)[0x021f0034]]: sys_lwmutex warning: *** lwmutex created [] (attribute=0x22): sq_id = 16
[W : PPU[1] Thread (CPUThread)[0x021da058]]: cellGcmSys warning: cellGcmMapMainMemory(ea=0x32b00000,size=0x100000,offset_addr=0x212d5d0)
[W : PPU[1] Thread (CPUThread)[0x021ee058]]: cellResc warning: cellRescInit(initConfig_addr=0xd00109ec)
[W : PPU[1] Thread (CPUThread)[0x021da004]]: cellGcmSys warning: cellGcmGetTiledPitchSize(size=5120)
[W : PPU[1] Thread (CPUThread)[0x021da004]]: cellGcmSys warning: cellGcmGetTiledPitchSize(size=5120)
[W : PPU[1] Thread (CPUThread)[0x021ee034]]: cellResc warning: cellRescSetDisplayMode(displayMode=4)
[W : PPU[1] Thread (CPUThread)[0x021ee034]]: cellSysutil warning: cellVideoOutConfigure(videoOut=0, config_addr=0x30016000, option_addr=0x0, waitForEvent=0x0)
[W : PPU[1] Thread (CPUThread)[0x021ee034]]: cellGcmSys warning: cellGcmSetFlipMode(mode=1)
[W : PPU[1] Thread (CPUThread)[0x021ee064]]: cellResc warning: cellRescGetBufferSize(colorBuffers_addr=0xd00109d0, vertexArray_addr=0xd00109d8, fragmentShader_addr=0xd00109d4)
[W : PPU[1] Thread (CPUThread)[0x021ee07c]]: cellResc warning: cellRescSetBufferAddress(colorBuffers_addr=0xc03c0000, vertexArray_addr=0xc0b40000, fragmentShader_addr=0xc0b40200)
[W : PPU[1] Thread (CPUThread)[0x021ee07c]]: cellGcmSys warning: cellGcmSetDisplayBuffer(id=0x0,offset=0x3c0000,pitch=4,width=1280,height=720)
[W : PPU[1] Thread (CPUThread)[0x021ee07c]]: cellGcmSys warning: cellGcmSetDisplayBuffer(id=0x1,offset=0x780000,pitch=4,width=1280,height=720)
[W : PPU[1] Thread (CPUThread)[0x021da0ac]]: cellGcmSys warning: cellGcmSetTileInfo(index=14, location=0, offset=3932160, size=7864320, pitch=5120, comp=0, base=0, bank=0)
[W : PPU[1] Thread (CPUThread)[0x021da064]]: cellGcmSys warning: cellGcmBindTile(index=14)
[W : PPU[1] Thread (CPUThread)[0x021da0ac]]: cellGcmSys warning: cellGcmSetTileInfo(index=0, location=0, offset=0, size=3932160, pitch=5120, comp=0, base=0, bank=0)
[W : PPU[1] Thread (CPUThread)[0x021da064]]: cellGcmSys warning: cellGcmBindTile(index=0)
[W : PPU[1] Thread (CPUThread)[0x021d80d0]]: cellSysutil warning: cellVideoOutConfigure(videoOut=0, config_addr=0x30476098, option_addr=0x0, waitForEvent=0x0)
[W : PPU[1] Thread (CPUThread)[0x00f71244]]: sys_event warning: sys_event_queue_create(equeue_id_addr=0x304760c0, attr_addr=0xd0010bd0, event_queue_key=0x0, size=32)
[W : PPU[1] Thread (CPUThread)[0x00f71244]]: sys_event warning: *** event_queue created [] (protocol=0x2, type=0x1): id = 17
[W : PPU[1] Thread (CPUThread)[0x00f71258]]: sys_event warning: sys_event_port_create(eport_id_addr=0x212d7e4, port_type=0x1, name=0x0)
[W : PPU[1] Thread (CPUThread)[0x00f71258]]: sys_event warning: *** sys_event_port created: id = 18
[W : PPU[1] Thread (CPUThread)[0x00f71268]]: sys_event warning: sys_event_port_connect_local(eport_id=18, equeue_id=17)
[W : PPU[1] Thread (CPUThread)[0x021ee04c]]: cellResc warning: cellRescSetFlipHandler(handler_addr=0x14c5060)
[E : PPU[1] Thread (CPUThread)[0x021da0a0]]: cellGcmSys error: Unimplemented function: cellGcmSetVBlankHandler
[W : PPU[1] Thread (CPUThread)[0x021de1e4]]: cellSpurs warning: _cellSpursAttributeInitialize(attr_addr=0x158d928, nSpus=2, spuPriority=2555905, ppuPriority=6, exitIfNoWork=250)
[W : PPU[1] Thread (CPUThread)[0x021de0a0]]: cellSpurs warning: cellSpursAttributeSetNamePrefix(attr_addr=0x158d928, prefix_addr=0x1322e08, size=0xb)
[W : PPU[1] Thread (CPUThread)[0x021de1fc]]: cellSpurs warning: cellSpursInitializeWithAttribute(spurs_addr=0x328af000, spurs_addr=0x158d928)
[E : PPU[1] Thread (CPUThread)[0x021de154]]: TODO: _cellSpursEventFlagInitialize
[E : PPU[1] Thread (CPUThread)[0x021de19c]]: cellSpurs error: cellSpursEventFlagAttachLv2EventQueue(event_flag_addr=0x158dc00)
[W : PPU[1] Thread (CPUThread)[0x021d8070]]: cellSysutil warning: cellSysutilRegisterCallback(slot=3, func_addr=0x14b6300, userdata=0x0)
[W : PPU[1] Thread (CPUThread)[0x021d8028]]: cellSysutil warning: cellSysutilGetSystemParamInt: CELL_SYSUTIL_SYSTEMPARAM_ID_LANG
[W : PPU[1] Thread (CPUThread)[0x021f0034]]: sys_lwmutex warning: *** lwmutex created [] (attribute=0x22): sq_id = 19
[W : PPU[1] Thread (CPUThread)[0x021f0034]]: sys_lwmutex warning: *** lwmutex created [] (attribute=0x22): sq_id = 20
[W : PPU[1] Thread (CPUThread)[0x021f0034]]: sys_lwmutex warning: *** lwmutex created [] (attribute=0x22): sq_id = 21
[W : PPU[1] Thread (CPUThread)[0x021f0034]]: sys_lwmutex warning: *** lwmutex created [] (attribute=0x22): sq_id = 22
[W : PPU[1] Thread (CPUThread)[0x021f0034]]: sys_lwmutex warning: *** lwmutex created [] (attribute=0x22): sq_id = 23
[W : PPU[1] Thread (CPUThread)[0x021f0034]]: sys_lwmutex warning: *** lwmutex created [] (attribute=0x22): sq_id = 24
[W : PPU[1] Thread (CPUThread)[0x021f0034]]: sys_lwmutex warning: *** lwmutex created [] (attribute=0x22): sq_id = 25
[W : PPU[1] Thread (CPUThread)[0x021f0034]]: sys_lwmutex warning: *** lwmutex created [] (attribute=0x22): sq_id = 26
[W : PPU[1] Thread (CPUThread)[0x021f0034]]: sys_lwmutex warning: *** lwmutex created [] (attribute=0x22): sq_id = 27
[W : PPU[1] Thread (CPUThread)[0x021f0034]]: sys_lwmutex warning: *** lwmutex created [] (attribute=0x22): sq_id = 28
[W : PPU[1] Thread (CPUThread)[0x021f0034]]: sys_lwmutex warning: *** lwmutex created [] (attribute=0x22): sq_id = 29
[W : PPU[1] Thread (CPUThread)[0x021f0034]]: sys_lwmutex warning: *** lwmutex created [] (attribute=0x22): sq_id = 30
[W : PPU[1] Thread (CPUThread)[0x021f0034]]: sys_lwmutex warning: *** lwmutex created [] (attribute=0x22): sq_id = 31
[W : PPU[1] Thread (CPUThread)[0x021f0034]]: sys_lwmutex warning: *** lwmutex created [] (attribute=0x22): sq_id = 32
[W : PPU[1] Thread (CPUThread)[0x021f0034]]: sys_lwmutex warning: *** lwmutex created [] (attribute=0x22): sq_id = 33
[W : PPU[1] Thread (CPUThread)[0x021f0034]]: sys_lwmutex warning: *** lwmutex created [] (attribute=0x22): sq_id = 34
[E : PPU[1] Thread (CPUThread)[0x021ea034]]: cellNetCtl error: Unimplemented function: cellNetCtlInit
[W : PPU[1] Thread (CPUThread)[0x021f0034]]: sys_lwmutex warning: *** lwmutex created [] (attribute=0x22): sq_id = 35
[E : PPU[1] Thread (CPUThread)[0x021e80e8]]: TODO: sceNpManagerRegisterCallback
[W : PPU[1] Thread (CPUThread)[0x021e6070]]: sceNpTrophy warning: sceNpTrophyCreateContext(context_addr=0xd0010930, commID_addr=0x1233800, commSign_addr=0x123380c, options=0x0)
[W : PPU[1] Thread (CPUThread)[0x021e2058]]: cellAudio warning: cellAudioQuit()
[E : PPU[1] Thread (CPUThread)[0x021e8070]]: TODO: sceNpScoreTerm
[E : PPU[1] Thread (CPUThread)[0x021e6058]]: sceNpTrophy error: Unimplemented function: sceNpTrophyTerm
[E : PPU[1] Thread (CPUThread)[0x021e804c]]: TODO: sceNpManagerUnregisterCallback
[W : PPU[1] Thread (CPUThread)[0x021f00f4]]: sys_lwmutex warning: sys_lwmutex_destroy(lwmutex_addr=0x2037c88)
[E : PPU[1] Thread (CPUThread)[0x021ea01c]]: cellNetCtl error: Unimplemented function: cellNetCtlTerm
[W : PPU[1] Thread (CPUThread)[0x021f00f4]]: sys_lwmutex warning: sys_lwmutex_destroy(lwmutex_addr=0x1e7bf80)
[W : PPU[1] Thread (CPUThread)[0x021f00f4]]: sys_lwmutex warning: sys_lwmutex_destroy(lwmutex_addr=0x1e7bbf0)
[W : PPU[1] Thread (CPUThread)[0x021f00f4]]: sys_lwmutex warning: sys_lwmutex_destroy(lwmutex_addr=0x1e7bd00)
[W : PPU[1] Thread (CPUThread)[0x021f00f4]]: sys_lwmutex warning: sys_lwmutex_destroy(lwmutex_addr=0x1e7bc48)
[W : PPU[1] Thread (CPUThread)[0x021f00f4]]: sys_lwmutex warning: sys_lwmutex_destroy(lwmutex_addr=0x1e7bd58)
[W : PPU[1] Thread (CPUThread)[0x021f00f4]]: sys_lwmutex warning: sys_lwmutex_destroy(lwmutex_addr=0x1e7bdb0)
[W : PPU[1] Thread (CPUThread)[0x021f00f4]]: sys_lwmutex warning: sys_lwmutex_destroy(lwmutex_addr=0x1e7be08)
[W : PPU[1] Thread (CPUThread)[0x021f00f4]]: sys_lwmutex warning: sys_lwmutex_destroy(lwmutex_addr=0x1e7be60)
[W : PPU[1] Thread (CPUThread)[0x021f00f4]]: sys_lwmutex warning: sys_lwmutex_destroy(lwmutex_addr=0x1e7bf20)
[W : PPU[1] Thread (CPUThread)[0x021f00f4]]: sys_lwmutex warning: sys_lwmutex_destroy(lwmutex_addr=0x1e7bec0)
[W : PPU[1] Thread (CPUThread)[0x021f00f4]]: sys_lwmutex warning: sys_lwmutex_destroy(lwmutex_addr=0x1e7bb90)
[W : PPU[1] Thread (CPUThread)[0x021f00f4]]: sys_lwmutex warning: sys_lwmutex_destroy(lwmutex_addr=0x1e7bad8)
[W : PPU[1] Thread (CPUThread)[0x021f00f4]]: sys_lwmutex warning: sys_lwmutex_destroy(lwmutex_addr=0x1e7ba78)
[W : PPU[1] Thread (CPUThread)[0x021f00f4]]: sys_lwmutex warning: sys_lwmutex_destroy(lwmutex_addr=0x1e7bca0)
[W : PPU[1] Thread (CPUThread)[0x021f00f4]]: sys_lwmutex warning: sys_lwmutex_destroy(lwmutex_addr=0x1e7ba18)
[W : PPU[1] Thread (CPUThread)[0x021d8004]]: cellSysutil warning: cellSysutilUnregisterCallback(slot=3)
[E : PPU[1] Thread (CPUThread)[0x021de100]]: cellSpurs error: cellSpursEventFlagDetachLv2EventQueue(event_flag_addr=0x158dc00)
[W : PPU[1] Thread (CPUThread)[0x021de238]]: cellSpurs warning: cellSpursFinalize(spurs_addr=0x328af000)
[E : PPU[1] Thread (CPUThread)[0x021da0a0]]: cellGcmSys error: Unimplemented function: cellGcmSetVBlankHandler
[W : PPU[1] Thread (CPUThread)[0x021da07c]]: cellGcmSys warning: cellGcmSetFlipHandler(handler_addr=0)
[W : PPU[1] Thread (CPUThread)[0x021d8004]]: cellSysutil warning: cellSysutilUnregisterCallback(slot=0)
[W : PPU[1] Thread (CPUThread)[0x021dc004]]: cellSysmodule warning: cellSysmoduleUnloadModule(CELL_SYSMODULE_FS)
[W : PPU[1] Thread (CPUThread)[0x021dc004]]: cellSysmodule warning: cellSysmoduleUnloadModule(CELL_SYSMODULE_NET)
[W : PPU[1] Thread (CPUThread)[0x021dc004]]: cellSysmodule warning: cellSysmoduleUnloadModule(CELL_SYSMODULE_IO)
[W : PPU[1] Thread (CPUThread)[0x021dc004]]: cellSysmodule warning: cellSysmoduleUnloadModule(CELL_SYSMODULE_USBD)
[W : PPU[1] Thread (CPUThread)[0x021dc004]]: cellSysmodule warning: cellSysmoduleUnloadModule(CELL_SYSMODULE_GCM_SYS)
[W : PPU[1] Thread (CPUThread)[0x021dc004]]: cellSysmodule warning: cellSysmoduleUnloadModule(CELL_SYSMODULE_RESC)
[W : PPU[1] Thread (CPUThread)[0x021dc004]]: cellSysmodule warning: cellSysmoduleUnloadModule(CELL_SYSMODULE_SPURS)
[W : PPU[1] Thread (CPUThread)[0x021dc004]]: cellSysmodule warning: cellSysmoduleUnloadModule(CELL_SYSMODULE_SPURS_JQ)
[W : PPU[1] Thread (CPUThread)[0x021dc004]]: cellSysmodule warning: cellSysmoduleUnloadModule(CELL_SYSMODULE_FIBER)
[W : PPU[1] Thread (CPUThread)[0x021dc004]]: cellSysmodule warning: cellSysmoduleUnloadModule(CELL_SYSMODULE_AVCONF_EXT)
[W : PPU[1] Thread (CPUThread)[0x021dc004]]: cellSysmodule warning: cellSysmoduleUnloadModule(CELL_SYSMODULE_SYSUTIL_NP_TROPHY)
[W : PPU[1] Thread (CPUThread)[0x021dc004]]: cellSysmodule warning: cellSysmoduleUnloadModule(CELL_SYSMODULE_NETCTL)
[W : PPU[1] Thread (CPUThread)[0x021dc004]]: cellSysmodule warning: cellSysmoduleUnloadModule(CELL_SYSMODULE_SYSUTIL_NP)
[W : PPU[1] Thread (CPUThread)[0x021dc004]]: cellSysmodule warning: cellSysmoduleUnloadModule(CELL_SYSMODULE_RTC)
[W : PPU[1] Thread (CPUThread)[0x021f00f4]]: sys_lwmutex warning: sys_lwmutex_destroy(lwmutex_addr=0x1e7b9c0)
[W : PPU[1] Thread (CPUThread)[0x021f00f4]]: sys_lwmutex warning: sys_lwmutex_destroy(lwmutex_addr=0x21991f8)
[W : PPU[1] Thread (CPUThread)[0x021f00f4]]: sys_lwmutex warning: sys_lwmutex_destroy(lwmutex_addr=0x2199220)
[W : PPU[1] Thread (CPUThread)[0x021f00f4]]: sys_lwmutex warning: sys_lwmutex_destroy(lwmutex_addr=0x2199248)
[W : PPU[1] Thread (CPUThread)[0x021f00f4]]: sys_lwmutex warning: sys_lwmutex_destroy(lwmutex_addr=0x2199130)
[W : PPU[1] Thread (CPUThread)[0x021f00f4]]: sys_lwmutex warning: sys_lwmutex_destroy(lwmutex_addr=0x2199158)
[W : PPU[1] Thread (CPUThread)[0x021f00f4]]: sys_lwmutex warning: sys_lwmutex_destroy(lwmutex_addr=0x2199180)
[W : PPU[1] Thread (CPUThread)[0x021f00f4]]: sys_lwmutex warning: sys_lwmutex_destroy(lwmutex_addr=0x21991a8)
[W : PPU[1] Thread (CPUThread)[0x021f00f4]]: sys_lwmutex warning: sys_lwmutex_destroy(lwmutex_addr=0x21991d0)
[W : PPU[1] Thread (CPUThread)[0x021f00f4]]: sys_lwmutex warning: sys_lwmutex_destroy(lwmutex_addr=0x2199ea8)
[W : PPU[1] Thread (CPUThread)[0x021f00f4]]: sys_lwmutex warning: sys_lwmutex_destroy(lwmutex_addr=0x219a0a0)
[W : PPU[1] Thread (CPUThread)[0x021f0118]]: Process warning: sys_process_exit(0)
[S : PPU[1] Thread (CPUThread)[0x021f0118]]: Process finished
[! : RSXThread]: RSX thread exit...
[!]: Closing memory...
