[!]: path: /dev_hdd0/game/
[W]: SELF: No NPDRM control info found!
[!]: Loading 'F:\Ps3 game\dev_hdd0\game\BLES01184 - [Trinity Souls of Zill Oll]\USRDIR/BOOT.BIN'...
[!]: Mount info:
[!]: /dev_hdd0/ -> F:\Ps3 game\dev_hdd0
[!]: /dev_hdd1/ -> E:\PS3EMU\Rpcs3-x6414/dev_hdd1/
[!]: /dev_flash/ -> E:\PS3EMU\Rpcs3-x6414/dev_flash/
[!]: /dev_usb000/ -> E:\PS3EMU\Rpcs3-x6414/dev_usb000/
[!]: /dev_usb/ -> E:\PS3EMU\Rpcs3-x6414/dev_usb000/
[!]: /app_home/ -> F:\Ps3 game\dev_hdd0\game\BLES01184 - [Trinity Souls of Zill Oll]\
[!]: /dev_bdvd/ -> F:\Ps3 game\dev_hdd0\game\BLES01184 - [Trinity Souls of Zill Oll]\/../
[!]: /host_root/ -> 
[!]: / -> F:\Ps3 game\dev_hdd0\game\BLES01184 - [Trinity Souls of Zill Oll]\
[!]: Initing memory...
[!]: Memory initialized.
[W]: Unknown function 0x63387071 in 'cellGcmSys' module
[E]: TODO: cellGcmGetLastFlipTime
[W]: Unknown function 0xacee8542 in 'cellGcmSys' module
[E]: TODO: cellGcmSetFlipImmediate
[W]: Unknown function 0xbd6d60d9 in 'cellGcmSys' module
[E]: TODO: cellGcmSetInvalidateTile
[W]: Unknown function 0xdc494430 in 'cellGcmSys' module
[E]: TODO: cellGcmSetSecondVHandler
[W]: Unknown function 0xffe0160e in 'cellGcmSys' module
[E]: TODO: cellGcmSetVBlankFrequency
[W]: Unknown function 0x3140f6e1 in 'sys_fs' module
[E]: TODO: cellFsSetIoBuffer
[W]: Unknown function 0x967a162b in 'sys_fs' module
[E]: TODO: cellFsFsync
[W]: Unknown function 0xbef554a4 in 'sys_fs' module
[E]: TODO: cellFsUtime
[W]: Unknown function 0x13ae18f3 in 'cellSpurs' module
[E]: TODO: cellSpursTaskExitCodeGet
[W]: Unknown function 0x16394a4e in 'cellSpurs' module
[E]: TODO: _cellSpursTasksetAttributeInitialize
[W]: Unknown function 0x1d46fedf in 'cellSpurs' module
[E]: TODO: cellSpursCreateTaskWithAttribute
[W]: Unknown function 0x303c19cd in 'cellSpurs' module
[E]: TODO: cellSpursCreateJobChainWithAttribute
[W]: Unknown function 0x34552fa6 in 'cellSpurs' module
[E]: TODO: cellSpursTaskExitCodeInitialize
[W]: Unknown function 0x3548f483 in 'cellSpurs' module
[E]: TODO: _cellSpursJobChainAttributeInitialize
[W]: Unknown function 0x5ef96465 in 'cellSpurs' module
[E]: TODO: _cellSpursEventFlagInitialize
[W]: Unknown function 0x652b70e2 in 'cellSpurs' module
[E]: TODO: cellSpursTasksetAttributeSetName
[W]: Unknown function 0x68aaeba9 in 'cellSpurs' module
[E]: TODO: cellSpursJobGuardInitialize
[W]: Unknown function 0x6d2d9339 in 'cellSpurs' module
[E]: TODO: cellSpursEventFlagTryWait
[W]: Unknown function 0x738e40e6 in 'cellSpurs' module
[E]: TODO: cellSpursShutdownJobChain
[W]: Unknown function 0x8a85674d in 'cellSpurs' module
[E]: TODO: _cellSpursLFQueuePushBody
[W]: Unknown function 0x8f122ef8 in 'cellSpurs' module
[E]: TODO: cellSpursTasksetAttributeSetTasksetSize
[W]: Unknown function 0x9fef70c2 in 'cellSpurs' module
[E]: TODO: cellSpursJobChainAttributeSetName
[W]: Unknown function 0xa121a224 in 'cellSpurs' module
[E]: TODO: cellSpursTaskAttributeSetExitCodeContainer
[W]: Unknown function 0xa7c066de in 'cellSpurs' module
[E]: TODO: cellSpursJoinJobChain
[W]: Unknown function 0xb8474eff in 'cellSpurs' module
[E]: TODO: _cellSpursTaskAttributeInitialize
[W]: Unknown function 0xc10931cb in 'cellSpurs' module
[E]: TODO: cellSpursCreateTasksetWithAttribute
[W]: Unknown function 0xd5d0b256 in 'cellSpurs' module
[E]: TODO: cellSpursJobGuardNotify
[W]: Unknown function 0xe717ac73 in 'cellSpurs' module
[E]: TODO: cellSpursTaskExitCodeTryGet
[W]: Unknown function 0xf31731bb in 'cellSpurs' module
[E]: TODO: cellSpursRunJobChain
[W]: Unknown function 0x011ee38b in 'cellSpurs' module
[E]: TODO: _cellSpursLFQueueInitialize
[W]: Unknown function 0x1656d49f in 'cellSpurs' module
[E]: TODO: cellSpursLFQueueAttachLv2EventQueue
[W]: Unknown function 0x35dae22b in 'cellSpurs' module
[E]: TODO: _cellSpursLFQueuePopBody
[W]: Unknown function 0x4ac7bae4 in 'cellSpurs' module
[E]: TODO: cellSpursEventFlagClear
[W]: Unknown function 0x73e06f91 in 'cellSpurs' module
[E]: TODO: cellSpursLFQueueDetachLv2EventQueue
[W]: Unknown function 0x7fdf4fef in 'cellSpurs' module
[E]: TODO: cellSpursBarrierInitialize
[W]: Unknown function 0x20543730 in 'cellSysutil' module
[E]: TODO: cellMsgDialogClose
[W]: Unknown function 0x21425307 in 'cellSysutil' module
[E]: TODO: cellSaveDataListAutoLoad
[W]: Unknown function 0x220894e3 in 'cellSysutil' module
[E]: TODO: cellSysutilEnableBgmPlayback
[W]: Unknown function 0x8b7ed64b in 'cellSysutil' module
[E]: TODO: cellSaveDataAutoSave2
[W]: Unknown function 0x94862702 in 'cellSysutil' module
[E]: TODO: cellMsgDialogProgressBarInc
[W]: Unknown function 0xa11552f6 in 'cellSysutil' module
[E]: TODO: cellSysutilGetBgmPlaybackStatus
[W]: Unknown function 0xcfdd8e87 in 'cellSysutil' module
[E]: TODO: cellSysutilDisableBgmPlayback
[W]: Unknown function 0xedadd797 in 'cellSysutil' module
[E]: TODO: cellSaveDataDelete2
[W]: Unknown function 0xfbd5c856 in 'cellSysutil' module
[E]: TODO: cellSaveDataAutoLoad2
[W]: Unknown function 0x167ea63e in 'cellSync' module
[E]: TODO: cellSyncLFQueueSize
[W]: Unknown function 0x33435818 in 'cellL10n' module
[E]: TODO: SJISstoUTF8s
[W]: Unknown function 0xd3758645 in 'cellResc' module
[E]: TODO: cellRescSetVBlankHandler
[W]: Unknown function 0xe0cef79e in 'cellResc' module
[E]: TODO: cellRescCreateInterlaceTable
[W]: Unknown function 0x82f294b2 in 'cellOvis' module
[E]: TODO: cellOvisGetOverlayTableSize
[W]: Unknown function 0xa876c911 in 'cellOvis' module
[E]: TODO: cellOvisInitializeOverlayTable
[W]: Unknown function 0x0247c69e in 'cellSail' module
[E]: TODO: cellSailGraphicsAdapterGetFrame
[W]: Unknown function 0x0abb318b in 'cellSail' module
[E]: TODO: cellSailDescriptorCreateDatabase
[W]: Unknown function 0x0d0c2f0c in 'cellSail' module
[E]: TODO: cellSailDescriptorSetEs
[W]: Unknown function 0x1139a206 in 'cellSail' module
[E]: TODO: cellSailPlayerSetSoundAdapter
[W]: Unknown function 0x15fd6a2a in 'cellSail' module
[E]: TODO: cellSailDescriptorClose
[W]: Unknown function 0x1872331b in 'cellSail' module
[E]: TODO: cellSailGraphicsAdapterPtsToTimePosition
[W]: Unknown function 0x18b4629d in 'cellSail' module
[E]: TODO: cellSailPlayerFinalize
[W]: Unknown function 0x18bcd21b in 'cellSail' module
[E]: TODO: cellSailPlayerSetGraphicsAdapter
[W]: Unknown function 0x1c983864 in 'cellSail' module
[E]: TODO: cellSailGraphicsAdapterInitialize
[W]: Unknown function 0x23654375 in 'cellSail' module
[E]: TODO: cellSailPlayerInitialize2
[W]: Unknown function 0x28336e89 in 'cellSail' module
[E]: TODO: cellSailDescriptorDestroyDatabase
[W]: Unknown function 0x2e3ccb5e in 'cellSail' module
[E]: TODO: cellSailGraphicsAdapterSetPreferredFormat
[W]: Unknown function 0x346ebba3 in 'cellSail' module
[E]: TODO: cellSailMemAllocatorInitialize
[W]: Unknown function 0x34ecc1b9 in 'cellSail' module
[E]: TODO: cellSailPlayerOpenStream
[W]: Unknown function 0x3d0d3b72 in 'cellSail' module
[E]: TODO: cellSailSoundAdapterInitialize
[W]: Unknown function 0x44a20e79 in 'cellSail' module
[E]: TODO: cellSailGraphicsAdapterUpdateAvSync
[W]: Unknown function 0x4ae979df in 'cellSail' module
[E]: TODO: cellSailSoundAdapterPtsToTimePosition
[W]: Unknown function 0x5f7c7a6f in 'cellSail' module
[E]: TODO: cellSailPlayerSetParameter
[W]: Unknown function 0x76488bb1 in 'cellSail' module
[E]: TODO: cellSailGraphicsAdapterFinalize
[W]: Unknown function 0x76b1a425 in 'cellSail' module
[E]: TODO: cellSailDescriptorSetAutoSelection
[W]: Unknown function 0x7c8dff3b in 'cellSail' module
[E]: TODO: cellSailPlayerAddDescriptor
[W]: Unknown function 0x7eb8d6b5 in 'cellSail' module
[E]: TODO: cellSailSoundAdapterGetFrame
[W]: Unknown function 0x85beffcc in 'cellSail' module
[E]: TODO: cellSailPlayerCloseStream
[W]: Unknown function 0xbdf21b0f in 'cellSail' module
[E]: TODO: cellSailPlayerBoot
[W]: Unknown function 0xc044fab1 in 'cellSail' module
[E]: TODO: cellSailDescriptorOpen
[W]: Unknown function 0xd1462438 in 'cellSail' module
[E]: TODO: cellSailSoundAdapterFinalize
[W]: Unknown function 0xd1d55a90 in 'cellSail' module
[E]: TODO: cellSailPlayerSetPaused
[W]: Unknown function 0xd7938b8d in 'cellSail' module
[E]: TODO: cellSailPlayerCreateDescriptor
[W]: Unknown function 0xddebd2a5 in 'cellSail' module
[E]: TODO: cellSailAviMovieGetStreamByTypeAndIndex
[W]: Unknown function 0xe535b0d3 in 'cellSail' module
[E]: TODO: cellSailPlayerStart
[W]: Unknown function 0xeba8d4ec in 'cellSail' module
[E]: TODO: cellSailPlayerStop
[W]: Unknown function 0xeec22809 in 'cellSail' module
[E]: TODO: cellSailSoundAdapterUpdateAvSync
[W]: Unknown function 0xf25f197d in 'cellSail' module
[E]: TODO: cellSailSoundAdapterGetFormat
[W]: Unknown function 0xfc839bd4 in 'cellSail' module
[E]: TODO: cellSailPlayerDestroyDescriptor
[W]: Unknown function 0xffd58aa4 in 'cellSail' module
[E]: TODO: cellSailGraphicsAdapterGetFormat
[W]: Unknown module 'cellSysutilAvconfExt'
[W]: Unknown function 0x0582338a in 'cellSpursJq' module
[E]: TODO: cellSpursJobQueueAttributeSetDoBusyWaiting
[W]: Unknown function 0x0f03f712 in 'cellSpursJq' module
[E]: TODO: cellSpursJobQueueAttributeSetSubmitWithEntryLock
[W]: Unknown function 0x1686957e in 'cellSpursJq' module
[E]: TODO: cellSpursJobQueueAttributeSetMaxSizeJobDescriptor
[W]: Unknown function 0x26fa81b4 in 'cellSpursJq' module
[E]: TODO: cellSpursJobQueuePortFinalize
[W]: Unknown function 0x43ddab4f in 'cellSpursJq' module
[E]: TODO: cellSpursJobQueueAttributeInitialize
[W]: Unknown function 0x4e1a17a6 in 'cellSpursJq' module
[E]: TODO: _cellSpursJobQueuePortPushBody
[W]: Unknown function 0x634b1502 in 'cellSpursJq' module
[E]: TODO: cellSpursJobQueuePortSync
[W]: Unknown function 0x742cec0d in 'cellSpursJq' module
[E]: TODO: cellSpursJobQueueAttributeSetIsJobTypeMemoryCheck
[W]: Unknown function 0x8c97a96c in 'cellSpursJq' module
[E]: TODO: cellSpursShutdownJobQueue
[W]: Unknown function 0x8ce4cffa in 'cellSpursJq' module
[E]: TODO: cellSpursJoinJobQueue
[W]: Unknown function 0x9396be1d in 'cellSpursJq' module
[E]: TODO: _cellSpursJobQueuePortPushSync
[W]: Unknown function 0xe70f874e in 'cellSpursJq' module
[E]: TODO: cellSpursJobQueueAttributeSetGrabParameters
[W]: Unknown function 0xef66c4b7 in 'cellSpursJq' module
[E]: TODO: _cellSpursJobQueuePortCopyPushJobBody2
[W]: Unknown function 0xf244e799 in 'cellSpursJq' module
[E]: TODO: _cellSpursCreateJobQueue
[W]: Unknown function 0xf5de6363 in 'cellSpursJq' module
[E]: TODO: cellSpursJobQueuePortInitializeWithDescriptorBuffer
[W]: Unknown function 0xff03cc79 in 'cellSpursJq' module
[E]: TODO: cellSpursJobQueueAttributeSetIsHaltOnError
[W : PPU[1] Thread (CPUThread)[0x00c7304c]]: sys_lwmutex warning: *** lwmutex created [_lc_mtx] (attribute=0x12): sq_id = 3
[W : PPU[1] Thread (CPUThread)[0x00483680]]: memory warning: sys_memory_get_user_memory_size(mem_info_addr=0xd0010c04)
[W : PPU[1] Thread (CPUThread)[0x00c7304c]]: sys_lwmutex warning: *** lwmutex created [_lc_mtx] (attribute=0x12): sq_id = 4
[W : PPU[1] Thread (CPUThread)[0x00c7304c]]: sys_lwmutex warning: *** lwmutex created [_lc_mtx] (attribute=0x12): sq_id = 5
[W : PPU[1] Thread (CPUThread)[0x00c7304c]]: sys_lwmutex warning: *** lwmutex created [_lc_mtx] (attribute=0x12): sq_id = 6
[W : PPU[1] Thread (CPUThread)[0x00c7304c]]: sys_lwmutex warning: *** lwmutex created [_lc_mtx] (attribute=0x12): sq_id = 7
[W : PPU[1] Thread (CPUThread)[0x00c7304c]]: sys_lwmutex warning: *** lwmutex created [_lc_mtx] (attribute=0x12): sq_id = 8
[W : PPU[1] Thread (CPUThread)[0x00c7304c]]: sys_lwmutex warning: *** lwmutex created [_lc_mtx] (attribute=0x12): sq_id = 9
[W : PPU[1] Thread (CPUThread)[0x00c7304c]]: sys_lwmutex warning: *** lwmutex created [_lc_mtx] (attribute=0x12): sq_id = 10
[W : PPU[1] Thread (CPUThread)[0x00c7304c]]: sys_lwmutex warning: *** lwmutex created [_lc_mtx] (attribute=0x12): sq_id = 11
[W : PPU[1] Thread (CPUThread)[0x00c7304c]]: sys_lwmutex warning: *** lwmutex created [_lc_mtx] (attribute=0x12): sq_id = 12
[W : PPU[1] Thread (CPUThread)[0x000278f4]]: sys_spu warning: sys_spu_initialize(max_usable_spu=6, max_raw_spu=0)
[W : PPU[1] Thread (CPUThread)[0x0098f0ac]]: cellSysutil warning: cellSysutilRegisterCallback(slot=0, func_addr=0x9ad820, userdata=0x0)
[W : PPU[1] Thread (CPUThread)[0x00985010]]: cellSysmodule warning: cellSysmoduleLoadModule(CELL_SYSMODULE_FS)
[W : PPU[1] Thread (CPUThread)[0x00985010]]: cellSysmodule warning: cellSysmoduleLoadModule(CELL_SYSMODULE_ATRAC3PLUS)
[W : PPU[1] Thread (CPUThread)[0x00985010]]: cellSysmodule warning: cellSysmoduleLoadModule(CELL_SYSMODULE_RTC)
[W : PPU[1] Thread (CPUThread)[0x00985010]]: cellSysmodule warning: cellSysmoduleLoadModule(CELL_SYSMODULE_AVCONF_EXT)
[W : PPU[1] Thread (CPUThread)[0x00985010]]: cellSysmodule warning: cellSysmoduleLoadModule(CELL_SYSMODULE_RESC)
[W : PPU[1] Thread (CPUThread)[0x0098d0dc]]: cellSpurs warning: _cellSpursAttributeInitialize(attr_addr=0xd0010830, nSpus=2, spuPriority=3342336, ppuPriority=4, exitIfNoWork=90)
[E : PPU[1] Thread (CPUThread)[0x0098d010]]: cellSpurs error: cellSpursAttributeEnableSpuPrintfIfAvailable(attr_addr=0xd0010830)
[W : PPU[1] Thread (CPUThread)[0x0098d004]]: cellSpurs warning: cellSpursAttributeSetNamePrefix(attr_addr=0xd0010830, prefix_addr=0x74b5c8, size=0x9)
[W : PPU[1] Thread (CPUThread)[0x0098d124]]: cellSpurs warning: cellSpursAttributeSetSpuThreadGroupType(attr_addr=0xd0010830, type=24)
[W : PPU[1] Thread (CPUThread)[0x0098d130]]: cellSpurs warning: cellSpursInitializeWithAttribute(spurs_addr=0xaf4780, spurs_addr=0xd0010830)
[W : PPU[1] Thread (CPUThread)[0x0098d0dc]]: cellSpurs warning: _cellSpursAttributeInitialize(attr_addr=0xd0010830, nSpus=2, spuPriority=3342336, ppuPriority=1, exitIfNoWork=90)
[E : PPU[1] Thread (CPUThread)[0x0098d010]]: cellSpurs error: cellSpursAttributeEnableSpuPrintfIfAvailable(attr_addr=0xd0010830)
[W : PPU[1] Thread (CPUThread)[0x0098d004]]: cellSpurs warning: cellSpursAttributeSetNamePrefix(attr_addr=0xd0010830, prefix_addr=0x74b5d8, size=0xa)
[W : PPU[1] Thread (CPUThread)[0x0098d124]]: cellSpurs warning: cellSpursAttributeSetSpuThreadGroupType(attr_addr=0xd0010830, type=24)
[W : PPU[1] Thread (CPUThread)[0x0098d130]]: cellSpurs warning: cellSpursInitializeWithAttribute(spurs_addr=0xaf5780, spurs_addr=0xd0010830)
[W : PPU[1] Thread (CPUThread)[0x00028b94]]: memory warning: sys_memory_get_user_memory_size(mem_info_addr=0xd0010a90)
[W : PPU[1] Thread (CPUThread)[0x00c7304c]]: sys_lwmutex warning: *** lwmutex created [] (attribute=0x12): sq_id = 13
[W : PPU[1] Thread (CPUThread)[0x00c7304c]]: sys_lwmutex warning: *** lwmutex created [] (attribute=0x12): sq_id = 14
[W : PPU[1] Thread (CPUThread)[0x00c7304c]]: sys_lwmutex warning: *** lwmutex created [] (attribute=0x22): sq_id = 15
[W : PPU[1] Thread (CPUThread)[0x00c7304c]]: sys_lwmutex warning: *** lwmutex created [] (attribute=0x22): sq_id = 16
[W : PPU[1] Thread (CPUThread)[0x00c7304c]]: sys_lwmutex warning: *** lwmutex created [] (attribute=0x22): sq_id = 17
[W : PPU[1] Thread (CPUThread)[0x00c7304c]]: sys_lwmutex warning: *** lwmutex created [] (attribute=0x22): sq_id = 18
[W : PPU[1] Thread (CPUThread)[0x00c7304c]]: sys_lwmutex warning: *** lwmutex created [] (attribute=0x22): sq_id = 19
[W : PPU[1] Thread (CPUThread)[0x00c7304c]]: sys_lwmutex warning: *** lwmutex created [] (attribute=0x22): sq_id = 20
[W : PPU[1] Thread (CPUThread)[0x00c7304c]]: sys_lwmutex warning: *** lwmutex created [] (attribute=0x22): sq_id = 21
[W : PPU[1] Thread (CPUThread)[0x00c7304c]]: sys_lwmutex warning: *** lwmutex created [] (attribute=0x22): sq_id = 22
[W : PPU[1] Thread (CPUThread)[0x00573b60]]: sys_event_flag warning: sys_event_flag_create(eflag_id_addr=0x30101950, attr_addr=0xd00107a0, init=0x0)
[W : PPU[1] Thread (CPUThread)[0x00573b60]]: sys_event_flag warning: *** event_flag created [] (protocol=0x2, type=0x20000): id = 23
[W : PPU[1] Thread (CPUThread)[0x00573b94]]: sys_event_flag warning: sys_event_flag_create(eflag_id_addr=0x30101954, attr_addr=0xd00107a0, init=0x0)
[W : PPU[1] Thread (CPUThread)[0x00573b94]]: sys_event_flag warning: *** event_flag created [] (protocol=0x2, type=0x10000): id = 24
[W : PPU[1] Thread (CPUThread)[0x00c7304c]]: sys_lwmutex warning: *** lwmutex created [] (attribute=0x22): sq_id = 25
[W : PPU[1] Thread (CPUThread)[0x00c7304c]]: sys_lwmutex warning: *** lwmutex created [] (attribute=0x22): sq_id = 26
[W : PPU[1] Thread (CPUThread)[0x00573b60]]: sys_event_flag warning: sys_event_flag_create(eflag_id_addr=0x30101a10, attr_addr=0xd00107a0, init=0x0)
[W : PPU[1] Thread (CPUThread)[0x00573b60]]: sys_event_flag warning: *** event_flag created [] (protocol=0x2, type=0x20000): id = 27
[W : PPU[1] Thread (CPUThread)[0x00573b94]]: sys_event_flag warning: sys_event_flag_create(eflag_id_addr=0x30101a14, attr_addr=0xd00107a0, init=0x0)
[W : PPU[1] Thread (CPUThread)[0x00573b94]]: sys_event_flag warning: *** event_flag created [] (protocol=0x2, type=0x10000): id = 28
[W : PPU[1] Thread (CPUThread)[0x00c7304c]]: sys_lwmutex warning: *** lwmutex created [] (attribute=0x22): sq_id = 29
[W : PPU[1] Thread (CPUThread)[0x00c7304c]]: sys_lwmutex warning: *** lwmutex created [] (attribute=0x22): sq_id = 30
[W : PPU[1] Thread (CPUThread)[0x00573b60]]: sys_event_flag warning: sys_event_flag_create(eflag_id_addr=0x30101ad0, attr_addr=0xd00107a0, init=0x0)
[W : PPU[1] Thread (CPUThread)[0x00573b60]]: sys_event_flag warning: *** event_flag created [] (protocol=0x2, type=0x20000): id = 31
[W : PPU[1] Thread (CPUThread)[0x00573b94]]: sys_event_flag warning: sys_event_flag_create(eflag_id_addr=0x30101ad4, attr_addr=0xd00107a0, init=0x0)
[W : PPU[1] Thread (CPUThread)[0x00573b94]]: sys_event_flag warning: *** event_flag created [] (protocol=0x2, type=0x10000): id = 32
[W : PPU[1] Thread (CPUThread)[0x00c7304c]]: sys_lwmutex warning: *** lwmutex created [] (attribute=0x22): sq_id = 33
[W : PPU[1] Thread (CPUThread)[0x00c7304c]]: sys_lwmutex warning: *** lwmutex created [] (attribute=0x22): sq_id = 34
[W : PPU[1] Thread (CPUThread)[0x00573b60]]: sys_event_flag warning: sys_event_flag_create(eflag_id_addr=0x30101b90, attr_addr=0xd00107a0, init=0x0)
[W : PPU[1] Thread (CPUThread)[0x00573b60]]: sys_event_flag warning: *** event_flag created [] (protocol=0x2, type=0x20000): id = 35
[W : PPU[1] Thread (CPUThread)[0x00573b94]]: sys_event_flag warning: sys_event_flag_create(eflag_id_addr=0x30101b94, attr_addr=0xd00107a0, init=0x0)
[W : PPU[1] Thread (CPUThread)[0x00573b94]]: sys_event_flag warning: *** event_flag created [] (protocol=0x2, type=0x10000): id = 36
[W : PPU[1] Thread (CPUThread)[0x00c7304c]]: sys_lwmutex warning: *** lwmutex created [] (attribute=0x22): sq_id = 37
[W : PPU[1] Thread (CPUThread)[0x00c7304c]]: sys_lwmutex warning: *** lwmutex created [] (attribute=0x22): sq_id = 38
[W : PPU[1] Thread (CPUThread)[0x00573b60]]: sys_event_flag warning: sys_event_flag_create(eflag_id_addr=0x30101c50, attr_addr=0xd00107a0, init=0x0)
[W : PPU[1] Thread (CPUThread)[0x00573b60]]: sys_event_flag warning: *** event_flag created [] (protocol=0x2, type=0x20000): id = 39
[W : PPU[1] Thread (CPUThread)[0x00573b94]]: sys_event_flag warning: sys_event_flag_create(eflag_id_addr=0x30101c54, attr_addr=0xd00107a0, init=0x0)
[W : PPU[1] Thread (CPUThread)[0x00573b94]]: sys_event_flag warning: *** event_flag created [] (protocol=0x2, type=0x10000): id = 40
[W : PPU[1] Thread (CPUThread)[0x00c7304c]]: sys_lwmutex warning: *** lwmutex created [] (attribute=0x22): sq_id = 41
[W : PPU[1] Thread (CPUThread)[0x00c7304c]]: sys_lwmutex warning: *** lwmutex created [] (attribute=0x22): sq_id = 42
[W : PPU[1] Thread (CPUThread)[0x00c7304c]]: sys_lwmutex warning: *** lwmutex created [] (attribute=0x22): sq_id = 43
[W : PPU[1] Thread (CPUThread)[0x00c7304c]]: sys_lwmutex warning: *** lwmutex created [] (attribute=0x22): sq_id = 44
[W : PPU[1] Thread (CPUThread)[0x00c7304c]]: sys_lwmutex warning: *** lwmutex created [] (attribute=0x22): sq_id = 45
[W : PPU[1] Thread (CPUThread)[0x00c7304c]]: sys_lwmutex warning: *** lwmutex created [] (attribute=0x22): sq_id = 46
[W : PPU[1] Thread (CPUThread)[0x00c7304c]]: sys_lwmutex warning: *** lwmutex created [] (attribute=0x22): sq_id = 47
[W : PPU[1] Thread (CPUThread)[0x00c7304c]]: sys_lwmutex warning: *** lwmutex created [] (attribute=0x22): sq_id = 48
[W : PPU[1] Thread (CPUThread)[0x0057402c]]: sys_event_flag warning: sys_event_flag_create(eflag_id_addr=0x30106630, attr_addr=0xd00107a0, init=0x0)
[W : PPU[1] Thread (CPUThread)[0x0057402c]]: sys_event_flag warning: *** event_flag created [] (protocol=0x2, type=0x10000): id = 49
[W : PPU[1] Thread (CPUThread)[0x00c7304c]]: sys_lwmutex warning: *** lwmutex created [] (attribute=0x22): sq_id = 50
[! : PPU[1] Thread (CPUThread)[0x00c73028]]: *** New PPU Thread [KtglFsThread_Host] (): id = 51
[W : PPU[51] Thread (KtglFsThread_Host)[0x00579158]]: sys_event_flag warning: sys_event_flag_wait(eflag_id=49, bitptn=0x3, mode=0x12, result_addr=0xd0020d10, timeout=0)
[W : PPU[1] Thread (CPUThread)[0x00c7304c]]: sys_lwmutex warning: *** lwmutex created [] (attribute=0x22): sq_id = 52
[W : PPU[1] Thread (CPUThread)[0x0057434c]]: sys_event_flag warning: sys_event_flag_create(eflag_id_addr=0x30107018, attr_addr=0xd00107a0, init=0x0)
[W : PPU[1] Thread (CPUThread)[0x0057434c]]: sys_event_flag warning: *** event_flag created [] (protocol=0x2, type=0x10000): id = 53
[W : PPU[1] Thread (CPUThread)[0x00c7304c]]: sys_lwmutex warning: *** lwmutex created [] (attribute=0x22): sq_id = 54
[! : PPU[1] Thread (CPUThread)[0x00c73028]]: *** New PPU Thread [KtglFsThread_Bdvd] (): id = 55
[W : PPU[1] Thread (CPUThread)[0x00c7304c]]: sys_lwmutex warning: *** lwmutex created [] (attribute=0x22): sq_id = 56
[W : PPU[55] Thread (KtglFsThread_Bdvd)[0x00579158]]: sys_event_flag warning: sys_event_flag_wait(eflag_id=53, bitptn=0x3, mode=0x12, result_addr=0xd0030d10, timeout=0)
[W : PPU[1] Thread (CPUThread)[0x00574240]]: sys_event_flag warning: sys_event_flag_create(eflag_id_addr=0x30107a00, attr_addr=0xd00107a0, init=0x0)
[W : PPU[1] Thread (CPUThread)[0x00574240]]: sys_event_flag warning: *** event_flag created [] (protocol=0x2, type=0x10000): id = 57
[W : PPU[1] Thread (CPUThread)[0x00c7304c]]: sys_lwmutex warning: *** lwmutex created [] (attribute=0x22): sq_id = 58
[! : PPU[1] Thread (CPUThread)[0x00c73028]]: *** New PPU Thread [KtglFsThread_Hdd] (): id = 59
[W : PPU[59] Thread (KtglFsThread_Hdd)[0x00579158]]: sys_event_flag warning: sys_event_flag_wait(eflag_id=57, bitptn=0x3, mode=0x12, result_addr=0xd0040d10, timeout=0)
[W : PPU[1] Thread (CPUThread)[0x00c7304c]]: sys_lwmutex warning: *** lwmutex created [] (attribute=0x22): sq_id = 60
[W : PPU[1] Thread (CPUThread)[0x00574458]]: sys_event_flag warning: sys_event_flag_create(eflag_id_addr=0x301083e8, attr_addr=0xd00107a0, init=0x0)
[W : PPU[1] Thread (CPUThread)[0x00574458]]: sys_event_flag warning: *** event_flag created [] (protocol=0x2, type=0x10000): id = 61
[W : PPU[1] Thread (CPUThread)[0x00c7304c]]: sys_lwmutex warning: *** lwmutex created [] (attribute=0x22): sq_id = 62
[! : PPU[1] Thread (CPUThread)[0x00c73028]]: *** New PPU Thread [KtglFsThread_Ms] (): id = 63
[W : PPU[63] Thread (KtglFsThread_Ms)[0x00579158]]: sys_event_flag warning: sys_event_flag_wait(eflag_id=61, bitptn=0x3, mode=0x12, result_addr=0xd0050d10, timeout=0)
[W : PPU[1] Thread (CPUThread)[0x00c7304c]]: sys_lwmutex warning: *** lwmutex created [] (attribute=0x22): sq_id = 64
[W : PPU[1] Thread (CPUThread)[0x00573d14]]: sys_event_flag warning: sys_event_flag_create(eflag_id_addr=0x30108dd0, attr_addr=0xd00107a0, init=0x0)
[W : PPU[1] Thread (CPUThread)[0x00573d14]]: sys_event_flag warning: *** event_flag created [] (protocol=0x2, type=0x10000): id = 65
[W : PPU[1] Thread (CPUThread)[0x00c7304c]]: sys_lwmutex warning: *** lwmutex created [] (attribute=0x22): sq_id = 66
[! : PPU[1] Thread (CPUThread)[0x00c73028]]: *** New PPU Thread [KtglFsThread_Usb] (): id = 67
[W : PPU[67] Thread (KtglFsThread_Usb)[0x00579158]]: sys_event_flag warning: sys_event_flag_wait(eflag_id=65, bitptn=0x3, mode=0x12, result_addr=0xd0060d10, timeout=0)
[W : PPU[1] Thread (CPUThread)[0x00c7304c]]: sys_lwmutex warning: *** lwmutex created [] (attribute=0x12): sq_id = 68
[W : PPU[1] Thread (CPUThread)[0x00c7304c]]: sys_lwmutex warning: *** lwmutex created [] (attribute=0x12): sq_id = 69
[W : PPU[1] Thread (CPUThread)[0x0098910c]]: cellGcmSys warning: cellGcmInit(context_addr=0xc0b37c,cmdSize=0x10000,ioSize=0x400000,ioAddress=0x31b00000)
[W : PPU[1] Thread (CPUThread)[0x0098910c]]: cellGcmSys warning: *** local memory(addr=0xc0000000, size=0xf900000)
[W : PPU[1] Thread (CPUThread)[0x0098910c]]: cellGcmSys warning: cellGcmMapEaIoAddress(ea=0x31b00000, io=0x0, size=0x400000)
[! : RSXThread]: RSX thread entry
[E : PPU[1] Thread (CPUThread)[0x0098d1b4]]: cellSpurs error: cellSpursCreateTaskset(spurs_addr=0xaf4780, taskset_addr=0x30152980, args=0x30152980, priority_addr=0xd0010800, maxContention=3)
[E : PPU[1] Thread (CPUThread)[0x0098d184]]: TODO: _cellSpursLFQueueInitialize
[E : PPU[1] Thread (CPUThread)[0x0098d184]]: TODO: _cellSpursLFQueueInitialize
[E : PPU[1] Thread (CPUThread)[0x0098d184]]: TODO: _cellSpursLFQueueInitialize
[E : PPU[1] Thread (CPUThread)[0x0098d1d8]]: cellSpurs error: cellSpursCreateTask(taskset_addr=0x30152980, taskID_addr=0x30108f10, elf_addr_addr=0x82bc00, context_addr_addr=0x30154300, context_size=250880, lsPattern_addr=0x773760, argument_addr=0xd0010870)
[E : PPU[1] Thread (CPUThread)[0x0098d0c4]]: TODO: _cellSpursLFQueuePushBody
[W : PPU[55] Thread (KtglFsThread_Bdvd)[0x00579158]]: sys_event_flag_wait(id=53) aborted
[W : PPU[59] Thread (KtglFsThread_Hdd)[0x00579158]]: sys_event_flag_wait(id=57) aborted
[W : PPU[67] Thread (KtglFsThread_Usb)[0x00579158]]: sys_event_flag_wait(id=65) aborted
[W : PPU[51] Thread (KtglFsThread_Host)[0x00579158]]: sys_event_flag_wait(id=49) aborted
[W : PPU[63] Thread (KtglFsThread_Ms)[0x00579158]]: sys_event_flag_wait(id=61) aborted
[! : RSXThread]: RSX thread exit...
[!]: Closing memory...
