[!]: path: /dev_hdd0/game/
[!]: Loading 'D:\Emulateurs\Rpcs3\dev_hdd0\game\BLES01081-[YAKUZA 4]/PS3_GAME/USRDIR/BOOT.BIN'...
[!]: Mount info:
[!]: /dev_hdd0/ -> D:\Emulateurs\Rpcs3\dev_hdd0\
[!]: /dev_hdd1/ -> D:\Emulateurs\Rpcs3\dev_hdd1\
[!]: /dev_flash/ -> D:\Emulateurs\Rpcs3\dev_flash\
[!]: /dev_usb000/ -> D:\Emulateurs\Rpcs3\dev_usb000\
[!]: /dev_usb/ -> D:\Emulateurs\Rpcs3\dev_usb000\
[!]: /app_home/ -> D:\Emulateurs\Rpcs3\dev_hdd0\game\BLES01081-[YAKUZA 4]/PS3_GAME/\USRDIR\
[!]: /dev_bdvd/ -> D:\Emulateurs\Rpcs3\dev_hdd0\game\BLES01081-[YAKUZA 4]/PS3_GAME/\..\
[!]: /host_root/ -> 
[!]: ///resource/ -> D:\Emulateurs\Rpcs3\dev_hdd0\game\BLES01081-[YAKUZA 4]/PS3_GAME/\USRDIR\resource\
[!]: /app_home/Game/PS3_GAME/USRDIR/ -> D:\Emulateurs\Rpcs3\dev_hdd0\game\BLES01081-[YAKUZA 4]/PS3_GAME/\USRDIR\
[!]: /app_home/PS3_GAME/USRDIR/media/ -> D:\Emulateurs\Rpcs3\dev_hdd0\game\BLES01081-[YAKUZA 4]/PS3_GAME/\USRDIR\media\
[!]: /Data/ -> D:\Emulateurs\Rpcs3\dev_hdd0\game\BLES01081-[YAKUZA 4]/PS3_GAME/\USRDIR\Data\
[!]: / -> D:\Emulateurs\Rpcs3\dev_hdd0\game\BLES01081-[YAKUZA 4]/PS3_GAME/\USRDIR\
[!]: /USRDIR/PS3_GAME/USRDIR/Data/ -> D:\Emulateurs\Rpcs3\dev_hdd0\game\BLES01081-[YAKUZA 4]/PS3_GAME/\USRDIR\Data\
[!]: /app_home//dev_bdvd/PS3_GAME/USRDIR/data/gos/ -> D:\Emulateurs\Rpcs3\dev_hdd0\game\BLES01081-[YAKUZA 4]/PS3_GAME/\USRDIR\
[!]: BD/ -> D:\Emulateurs\Rpcs3\dev_hdd0\game\BLES01081-[YAKUZA 4]/PS3_GAME/\USRDIR\
[!]: //dev_bdvd/PS3_GAME/USRDIR/ -> D:\Emulateurs\Rpcs3\dev_hdd0\game\BLES01081-[YAKUZA 4]/PS3_GAME/\USRDIR\
[!]: Initing memory...
[!]: Memory initialized.
[W]: Unknown function 0x967a162b in 'sys_fs' module
[E]: TODO: cellFsFsync
[W]: Unknown function 0x20543730 in 'cellSysutil' module
[E]: TODO: cellMsgDialogClose
[W]: Unknown function 0x21425307 in 'cellSysutil' module
[E]: TODO: cellSaveDataListAutoLoad
[W]: Unknown function 0x2a8eada2 in 'cellSysutil' module
[E]: TODO: cellSaveDataFixedLoad2
[W]: Unknown function 0x2aae9ef5 in 'cellSysutil' module
[E]: TODO: cellSaveDataFixedSave2
[W]: Unknown function 0x3d1e1931 in 'cellSysutil' module
[E]: TODO: cellOskDialogUnloadAsync
[W]: Unknown function 0x7fcfc915 in 'cellSysutil' module
[E]: TODO: cellOskDialogLoadAsync
[W]: Unknown function 0x94862702 in 'cellSysutil' module
[E]: TODO: cellMsgDialogProgressBarInc
[W]: Unknown function 0xedadd797 in 'cellSysutil' module
[E]: TODO: cellSaveDataDelete2
[W]: Unknown function 0xf0ec3ccc in 'cellSysutil' module
[E]: TODO: cellOskDialogSetLayoutMode
[W]: Unknown function 0x13ae18f3 in 'cellSpurs' module
[E]: TODO: cellSpursTaskExitCodeGet
[W]: Unknown function 0x16394a4e in 'cellSpurs' module
[E]: TODO: _cellSpursTasksetAttributeInitialize
[W]: Unknown function 0x1d46fedf in 'cellSpurs' module
[E]: TODO: cellSpursCreateTaskWithAttribute
[W]: Unknown function 0x303c19cd in 'cellSpurs' module
[E]: TODO: cellSpursCreateJobChainWithAttribute
[W]: Unknown function 0x34552fa6 in 'cellSpurs' module
[E]: TODO: cellSpursTaskExitCodeInitialize
[W]: Unknown function 0x3548f483 in 'cellSpurs' module
[E]: TODO: _cellSpursJobChainAttributeInitialize
[W]: Unknown function 0x5ef96465 in 'cellSpurs' module
[E]: TODO: _cellSpursEventFlagInitialize
[W]: Unknown function 0x652b70e2 in 'cellSpurs' module
[E]: TODO: cellSpursTasksetAttributeSetName
[W]: Unknown function 0x68aaeba9 in 'cellSpurs' module
[E]: TODO: cellSpursJobGuardInitialize
[W]: Unknown function 0x738e40e6 in 'cellSpurs' module
[E]: TODO: cellSpursShutdownJobChain
[W]: Unknown function 0x8f122ef8 in 'cellSpurs' module
[E]: TODO: cellSpursTasksetAttributeSetTasksetSize
[W]: Unknown function 0x9fef70c2 in 'cellSpurs' module
[E]: TODO: cellSpursJobChainAttributeSetName
[W]: Unknown function 0xa121a224 in 'cellSpurs' module
[E]: TODO: cellSpursTaskAttributeSetExitCodeContainer
[W]: Unknown function 0xa7c066de in 'cellSpurs' module
[E]: TODO: cellSpursJoinJobChain
[W]: Unknown function 0xb8474eff in 'cellSpurs' module
[E]: TODO: _cellSpursTaskAttributeInitialize
[W]: Unknown function 0xc10931cb in 'cellSpurs' module
[E]: TODO: cellSpursCreateTasksetWithAttribute
[W]: Unknown function 0xd5d0b256 in 'cellSpurs' module
[E]: TODO: cellSpursJobGuardNotify
[W]: Unknown function 0xe717ac73 in 'cellSpurs' module
[E]: TODO: cellSpursTaskExitCodeTryGet
[W]: Unknown function 0xf31731bb in 'cellSpurs' module
[E]: TODO: cellSpursRunJobChain
[W]: Unknown function 0x011ee38b in 'cellSpurs' module
[E]: TODO: _cellSpursLFQueueInitialize
[W]: Unknown function 0x039d70b7 in 'cellSpurs' module
[E]: TODO: cellSpursQueueDetachLv2EventQueue
[W]: Unknown function 0x082bfb09 in 'cellSpurs' module
[E]: TODO: _cellSpursQueueInitialize
[W]: Unknown function 0x1656d49f in 'cellSpurs' module
[E]: TODO: cellSpursLFQueueAttachLv2EventQueue
[W]: Unknown function 0x73e06f91 in 'cellSpurs' module
[E]: TODO: cellSpursLFQueueDetachLv2EventQueue
[W]: Unknown function 0x8a85674d in 'cellSpurs' module
[E]: TODO: _cellSpursLFQueuePushBody
[W]: Unknown function 0x9034e538 in 'cellSpurs' module
[E]: TODO: cellSpursTaskGetContextSaveAreaSize
[W]: Unknown function 0x91066667 in 'cellSpurs' module
[E]: TODO: cellSpursQueuePopBody
[W]: Unknown function 0x92cff6ed in 'cellSpurs' module
[E]: TODO: cellSpursQueuePushBody
[W]: Unknown function 0xe5443be7 in 'cellSpurs' module
[E]: TODO: cellSpursQueueAttachLv2EventQueue
[W]: Unknown function 0xf5507729 in 'cellSpurs' module
[E]: TODO: cellSpursEventFlagSet
[W]: Unknown function 0x63387071 in 'cellGcmSys' module
[E]: TODO: cellGcmGetLastFlipTime
[W]: Unknown function 0x99d397ac in 'cellGcmSys' module
[E]: TODO: cellGcmGetReport
[W]: Unknown function 0xffe0160e in 'cellGcmSys' module
[E]: TODO: cellGcmSetVBlankFrequency
[W]: Unknown module 'cellSysutilAvconfExt'
[W]: Unknown function 0x28e208bb in 'sys_net' module
[E]: TODO: listen
[W]: Unknown function 0x3f09e20a in 'sys_net' module
[E]: TODO: socketselect
[W]: Unknown function 0xdabbc2c0 in 'sys_net' module
[E]: TODO: inet_addr
[W]: Unknown function 0x04372385 in 'sceNp' module
[E]: TODO: sceNpBasicGetFriendListEntry
[W]: Unknown function 0x05d65dff in 'sceNp' module
[E]: TODO: sceNpScoreGetRankingByNpId
[W]: Unknown function 0x1672170e in 'sceNp' module
[E]: TODO: sceNpScoreRecordScore
[W]: Unknown function 0x259113b8 in 'sceNp' module
[E]: TODO: sceNpScoreDestroyTitleCtx
[W]: Unknown function 0x2706eaa1 in 'sceNp' module
[E]: TODO: sceNpScoreSetPlayerCharacterId
[W]: Unknown function 0x29dd45dc in 'sceNp' module
[E]: TODO: sceNpScoreSetTimeout
[W]: Unknown function 0x32cf311f in 'sceNp' module
[E]: TODO: sceNpScoreInit
[W]: Unknown function 0x6ee62ed2 in 'sceNp' module
[E]: TODO: sceNpManagerGetContentRatingFlag
[W]: Unknown function 0x6f5e8143 in 'sceNp' module
[E]: TODO: sceNpScoreCreateTransactionCtx
[W]: Unknown function 0x9851f805 in 'sceNp' module
[E]: TODO: sceNpScoreTerm
[W]: Unknown function 0xafef640d in 'sceNp' module
[E]: TODO: sceNpBasicGetFriendListEntryCount
[W]: Unknown function 0xb9f93bbb in 'sceNp' module
[E]: TODO: sceNpScoreCreateTitleCtx
[W]: Unknown function 0xc5f4cf82 in 'sceNp' module
[E]: TODO: sceNpScoreDestroyTransactionCtx
[W]: Unknown function 0xe7dcd3b4 in 'sceNp' module
[E]: TODO: sceNpManagerRegisterCallback
[W]: Unknown function 0xee5b20d9 in 'sceNp' module
[E]: TODO: sceNpScoreAbortTransaction
[W]: Unknown function 0xfbc82301 in 'sceNp' module
[E]: TODO: sceNpScoreGetRankingByRange
[W]: Unknown function 0xfe37a7f4 in 'sceNp' module
[E]: TODO: sceNpManagerGetNpId
[W]: Unknown function 0x0791015f in 'cellNetCtl' module
[E]: TODO: cellGameUpdateCheckStartAsyncEx
[W]: Unknown function 0x10dae56d in 'cellNetCtl' module
[E]: TODO: cellGameUpdateTerm
[W]: Unknown function 0x558700f6 in 'cellNetCtl' module
[E]: TODO: cellGameUpdateCheckStartWithoutDialogAsyncEx
[W]: Unknown function 0x99ab1a26 in 'cellNetCtl' module
[E]: TODO: cellGameUpdateInit
[W]: Unknown function 0xf463981c in 'cellNetCtl' module
[E]: TODO: cellGameUpdateCheckFinishAsyncEx
[W]: Unknown function 0x0247c69e in 'cellSail' module
[E]: TODO: cellSailGraphicsAdapterGetFrame
[W]: Unknown function 0x0abb318b in 'cellSail' module
[E]: TODO: cellSailDescriptorCreateDatabase
[W]: Unknown function 0x0d0c2f0c in 'cellSail' module
[E]: TODO: cellSailDescriptorSetEs
[W]: Unknown function 0x1139a206 in 'cellSail' module
[E]: TODO: cellSailPlayerSetSoundAdapter
[W]: Unknown function 0x15fd6a2a in 'cellSail' module
[E]: TODO: cellSailDescriptorClose
[W]: Unknown function 0x17932b26 in 'cellSail' module
[E]: TODO: cellSailPlayerInitialize
[W]: Unknown function 0x1872331b in 'cellSail' module
[E]: TODO: cellSailGraphicsAdapterPtsToTimePosition
[W]: Unknown function 0x18b4629d in 'cellSail' module
[E]: TODO: cellSailPlayerFinalize
[W]: Unknown function 0x18bcd21b in 'cellSail' module
[E]: TODO: cellSailPlayerSetGraphicsAdapter
[W]: Unknown function 0x1c983864 in 'cellSail' module
[E]: TODO: cellSailGraphicsAdapterInitialize
[W]: Unknown function 0x28336e89 in 'cellSail' module
[E]: TODO: cellSailDescriptorDestroyDatabase
[W]: Unknown function 0x2e3ccb5e in 'cellSail' module
[E]: TODO: cellSailGraphicsAdapterSetPreferredFormat
[W]: Unknown function 0x346ebba3 in 'cellSail' module
[E]: TODO: cellSailMemAllocatorInitialize
[W]: Unknown function 0x34ecc1b9 in 'cellSail' module
[E]: TODO: cellSailPlayerOpenStream
[W]: Unknown function 0x3a2d806c in 'cellSail' module
[E]: TODO: cellSailFutureGet
[W]: Unknown function 0x3d0d3b72 in 'cellSail' module
[E]: TODO: cellSailSoundAdapterInitialize
[W]: Unknown function 0x44a20e79 in 'cellSail' module
[E]: TODO: cellSailGraphicsAdapterUpdateAvSync
[W]: Unknown function 0x47632810 in 'cellSail' module
[E]: TODO: cellSailPlayerReplaceEventHandler
[W]: Unknown function 0x4ae979df in 'cellSail' module
[E]: TODO: cellSailSoundAdapterPtsToTimePosition
[W]: Unknown function 0x4cc54f8e in 'cellSail' module
[E]: TODO: cellSailFutureInitialize
[W]: Unknown function 0x5f7c7a6f in 'cellSail' module
[E]: TODO: cellSailPlayerSetParameter
[W]: Unknown function 0x752f8585 in 'cellSail' module
[E]: TODO: cellSailPlayerGetDescriptorCount
[W]: Unknown function 0x76488bb1 in 'cellSail' module
[E]: TODO: cellSailGraphicsAdapterFinalize
[W]: Unknown function 0x76b1a425 in 'cellSail' module
[E]: TODO: cellSailDescriptorSetAutoSelection
[W]: Unknown function 0x7c8dff3b in 'cellSail' module
[E]: TODO: cellSailPlayerAddDescriptor
[W]: Unknown function 0x7eb8d6b5 in 'cellSail' module
[E]: TODO: cellSailSoundAdapterGetFrame
[W]: Unknown function 0x85beffcc in 'cellSail' module
[E]: TODO: cellSailPlayerCloseStream
[W]: Unknown function 0x9553af65 in 'cellSail' module
[E]: TODO: cellSailFutureFinalize
[W]: Unknown function 0x9897fbd1 in 'cellSail' module
[E]: TODO: cellSailPlayerRemoveDescriptor
[W]: Unknown function 0xa37fed15 in 'cellSail' module
[E]: TODO: cellSailFutureSet
[W]: Unknown function 0xaafa17b8 in 'cellSail' module
[E]: TODO: cellSailPlayerIsPaused
[W]: Unknown function 0xbdf21b0f in 'cellSail' module
[E]: TODO: cellSailPlayerBoot
[W]: Unknown function 0xc044fab1 in 'cellSail' module
[E]: TODO: cellSailDescriptorOpen
[W]: Unknown function 0xd1462438 in 'cellSail' module
[E]: TODO: cellSailSoundAdapterFinalize
[W]: Unknown function 0xd1d55a90 in 'cellSail' module
[E]: TODO: cellSailPlayerSetPaused
[W]: Unknown function 0xd5f9a15b in 'cellSail' module
[E]: TODO: cellSailDescriptorGetStreamType
[W]: Unknown function 0xd7938b8d in 'cellSail' module
[E]: TODO: cellSailPlayerCreateDescriptor
[W]: Unknown function 0xe535b0d3 in 'cellSail' module
[E]: TODO: cellSailPlayerStart
[W]: Unknown function 0xeba8d4ec in 'cellSail' module
[E]: TODO: cellSailPlayerStop
[W]: Unknown function 0xeec22809 in 'cellSail' module
[E]: TODO: cellSailSoundAdapterUpdateAvSync
[W]: Unknown function 0xf25f197d in 'cellSail' module
[E]: TODO: cellSailSoundAdapterGetFormat
[W]: Unknown function 0xfc5baf8a in 'cellSail' module
[E]: TODO: cellSailPlayerSetRepeatMode
[W]: Unknown function 0xfc839bd4 in 'cellSail' module
[E]: TODO: cellSailPlayerDestroyDescriptor
[W]: Unknown function 0xffd58aa4 in 'cellSail' module
[E]: TODO: cellSailGraphicsAdapterGetFormat
[W]: Unknown function 0x26090058 in 'sysPrxForUser' module
[E]: TODO: sys_prx_load_module
[W]: Unknown function 0x80fb0c19 in 'sysPrxForUser' module
[E]: TODO: sys_prx_stop_module
[W]: Unknown function 0x8a561d92 in 'sysPrxForUser' module
[E]: TODO: _sys_heap_free
[W]: Unknown function 0x9f18429d in 'sysPrxForUser' module
[E]: TODO: sys_prx_start_module
[W]: Unknown function 0xaede4b03 in 'sysPrxForUser' module
[E]: TODO: _sys_heap_delete_heap
[W]: Unknown function 0xdd3b27ac in 'sysPrxForUser' module
[E]: TODO: _sys_spu_printf_finalize
[W]: Unknown function 0xf0aece0d in 'sysPrxForUser' module
[E]: TODO: sys_prx_unload_module
[W : PPU[1] Thread (CPUThread)[0x01400058]]: sys_lwmutex warning: *** lwmutex created [_lc_mtx] (attribute=0x12): sq_id = 3
[W : PPU[1] Thread (CPUThread)[0x00db6920]]: memory warning: sys_memory_get_user_memory_size(mem_info_addr=0xd0010c04)
[W : PPU[1] Thread (CPUThread)[0x01400058]]: sys_lwmutex warning: *** lwmutex created [_lc_mtx] (attribute=0x12): sq_id = 4
[W : PPU[1] Thread (CPUThread)[0x01400058]]: sys_lwmutex warning: *** lwmutex created [_lc_mtx] (attribute=0x12): sq_id = 5
[W : PPU[1] Thread (CPUThread)[0x01400058]]: sys_lwmutex warning: *** lwmutex created [_lc_mtx] (attribute=0x12): sq_id = 6
[W : PPU[1] Thread (CPUThread)[0x01400058]]: sys_lwmutex warning: *** lwmutex created [_lc_mtx] (attribute=0x12): sq_id = 7
[W : PPU[1] Thread (CPUThread)[0x01400058]]: sys_lwmutex warning: *** lwmutex created [_lc_mtx] (attribute=0x12): sq_id = 8
[W : PPU[1] Thread (CPUThread)[0x01400058]]: sys_lwmutex warning: *** lwmutex created [_lc_mtx] (attribute=0x12): sq_id = 9
[W : PPU[1] Thread (CPUThread)[0x01400058]]: sys_lwmutex warning: *** lwmutex created [_lc_mtx] (attribute=0x12): sq_id = 10
[W : PPU[1] Thread (CPUThread)[0x01400058]]: sys_lwmutex warning: *** lwmutex created [_lc_mtx] (attribute=0x12): sq_id = 11
[W : PPU[1] Thread (CPUThread)[0x01400058]]: sys_lwmutex warning: *** lwmutex created [_lc_mtx] (attribute=0x12): sq_id = 12
[W : PPU[1] Thread (CPUThread)[0x01400058]]: sys_lwmutex warning: *** lwmutex created [] (attribute=0x12): sq_id = 13
[E : PPU[1] Thread (CPUThread)[0x0140007c]]: sysPrxForUser error: sys_prx_register_library(lib_addr=0xea7da4)
[E : PPU[1] Thread (CPUThread)[0x0140007c]]: sysPrxForUser error: sys_prx_register_library(lib_addr=0xea7dc0)
[W : PPU[1] Thread (CPUThread)[0x01400058]]: sys_lwmutex warning: *** lwmutex created [] (attribute=0x12): sq_id = 14
[W : PPU[1] Thread (CPUThread)[0x0102c0d0]]: cellSysutil warning: cellSysutilRegisterCallback(slot=0, func_addr=0x1038390, userdata=0x0)
[W : PPU[1] Thread (CPUThread)[0x01400058]]: sys_lwmutex warning: *** lwmutex created [] (attribute=0x12): sq_id = 15
[W : PPU[1] Thread (CPUThread)[0x01400058]]: sys_lwmutex warning: *** lwmutex created [] (attribute=0x12): sq_id = 16
[W : PPU[1] Thread (CPUThread)[0x01400058]]: sys_lwmutex warning: *** lwmutex created [] (attribute=0x12): sq_id = 17
[W : PPU[1] Thread (CPUThread)[0x01400148]]: sys_lwcond warning: Recursive lwmutex(sq=17)
[W : PPU[1] Thread (CPUThread)[0x01400148]]: sys_lwcond warning: *** lwcond created [] (lwmutex_addr=0x37f7bb20): id = 18
[W : PPU[1] Thread (CPUThread)[0x01400058]]: sys_lwmutex warning: *** lwmutex created [] (attribute=0x12): sq_id = 19
[W : PPU[1] Thread (CPUThread)[0x01400148]]: sys_lwcond warning: Recursive lwmutex(sq=19)
[W : PPU[1] Thread (CPUThread)[0x01400148]]: sys_lwcond warning: *** lwcond created [] (lwmutex_addr=0x380d1210): id = 20
[W : PPU[1] Thread (CPUThread)[0x01400058]]: sys_lwmutex warning: *** lwmutex created [] (attribute=0x12): sq_id = 21
[W : PPU[1] Thread (CPUThread)[0x01400148]]: sys_lwcond warning: Recursive lwmutex(sq=21)
[W : PPU[1] Thread (CPUThread)[0x01400148]]: sys_lwcond warning: *** lwcond created [] (lwmutex_addr=0x380d1260): id = 22
[W : PPU[1] Thread (CPUThread)[0x01400058]]: sys_lwmutex warning: *** lwmutex created [] (attribute=0x12): sq_id = 23
[W : PPU[1] Thread (CPUThread)[0x01400148]]: sys_lwcond warning: Recursive lwmutex(sq=23)
[W : PPU[1] Thread (CPUThread)[0x01400148]]: sys_lwcond warning: *** lwcond created [] (lwmutex_addr=0x380d12b0): id = 24
[W : PPU[1] Thread (CPUThread)[0x01400058]]: sys_lwmutex warning: *** lwmutex created [] (attribute=0x12): sq_id = 25
[W : PPU[1] Thread (CPUThread)[0x01400148]]: sys_lwcond warning: Recursive lwmutex(sq=25)
[W : PPU[1] Thread (CPUThread)[0x01400148]]: sys_lwcond warning: *** lwcond created [] (lwmutex_addr=0x380d1300): id = 26
[W : PPU[1] Thread (CPUThread)[0x01400058]]: sys_lwmutex warning: *** lwmutex created [] (attribute=0x12): sq_id = 27
[W : PPU[1] Thread (CPUThread)[0x01400148]]: sys_lwcond warning: Recursive lwmutex(sq=27)
[W : PPU[1] Thread (CPUThread)[0x01400148]]: sys_lwcond warning: *** lwcond created [] (lwmutex_addr=0x380d1350): id = 28
[W : PPU[1] Thread (CPUThread)[0x01400058]]: sys_lwmutex warning: *** lwmutex created [] (attribute=0x12): sq_id = 29
[W : PPU[1] Thread (CPUThread)[0x01400148]]: sys_lwcond warning: Recursive lwmutex(sq=29)
[W : PPU[1] Thread (CPUThread)[0x01400148]]: sys_lwcond warning: *** lwcond created [] (lwmutex_addr=0x380d13a0): id = 30
[W : PPU[1] Thread (CPUThread)[0x01400058]]: sys_lwmutex warning: *** lwmutex created [] (attribute=0x12): sq_id = 31
[W : PPU[1] Thread (CPUThread)[0x01400148]]: sys_lwcond warning: Recursive lwmutex(sq=31)
[W : PPU[1] Thread (CPUThread)[0x01400148]]: sys_lwcond warning: *** lwcond created [] (lwmutex_addr=0x380d13f0): id = 32
[W : PPU[1] Thread (CPUThread)[0x01400058]]: sys_lwmutex warning: *** lwmutex created [] (attribute=0x12): sq_id = 33
[W : PPU[1] Thread (CPUThread)[0x01400148]]: sys_lwcond warning: Recursive lwmutex(sq=33)
[W : PPU[1] Thread (CPUThread)[0x01400148]]: sys_lwcond warning: *** lwcond created [] (lwmutex_addr=0x380d1440): id = 34
[W : PPU[1] Thread (CPUThread)[0x01400058]]: sys_lwmutex warning: *** lwmutex created [] (attribute=0x12): sq_id = 35
[W : PPU[1] Thread (CPUThread)[0x01400148]]: sys_lwcond warning: Recursive lwmutex(sq=35)
[W : PPU[1] Thread (CPUThread)[0x01400148]]: sys_lwcond warning: *** lwcond created [] (lwmutex_addr=0x380d1490): id = 36
[W : PPU[1] Thread (CPUThread)[0x01400058]]: sys_lwmutex warning: *** lwmutex created [] (attribute=0x12): sq_id = 37
[W : PPU[1] Thread (CPUThread)[0x01400148]]: sys_lwcond warning: Recursive lwmutex(sq=37)
[W : PPU[1] Thread (CPUThread)[0x01400148]]: sys_lwcond warning: *** lwcond created [] (lwmutex_addr=0x380d14e0): id = 38
[W : PPU[1] Thread (CPUThread)[0x01400058]]: sys_lwmutex warning: *** lwmutex created [] (attribute=0x12): sq_id = 39
[W : PPU[1] Thread (CPUThread)[0x01400148]]: sys_lwcond warning: Recursive lwmutex(sq=39)
[W : PPU[1] Thread (CPUThread)[0x01400148]]: sys_lwcond warning: *** lwcond created [] (lwmutex_addr=0x380d1530): id = 40
[W : PPU[1] Thread (CPUThread)[0x01400058]]: sys_lwmutex warning: *** lwmutex created [] (attribute=0x12): sq_id = 41
[W : PPU[1] Thread (CPUThread)[0x01400148]]: sys_lwcond warning: Recursive lwmutex(sq=41)
[W : PPU[1] Thread (CPUThread)[0x01400148]]: sys_lwcond warning: *** lwcond created [] (lwmutex_addr=0x380d1580): id = 42
[W : PPU[1] Thread (CPUThread)[0x01400058]]: sys_lwmutex warning: *** lwmutex created [] (attribute=0x12): sq_id = 43
[W : PPU[1] Thread (CPUThread)[0x01400148]]: sys_lwcond warning: Recursive lwmutex(sq=43)
[W : PPU[1] Thread (CPUThread)[0x01400148]]: sys_lwcond warning: *** lwcond created [] (lwmutex_addr=0x380d15d0): id = 44
[W : PPU[1] Thread (CPUThread)[0x01400058]]: sys_lwmutex warning: *** lwmutex created [] (attribute=0x12): sq_id = 45
[W : PPU[1] Thread (CPUThread)[0x01400148]]: sys_lwcond warning: Recursive lwmutex(sq=45)
[W : PPU[1] Thread (CPUThread)[0x01400148]]: sys_lwcond warning: *** lwcond created [] (lwmutex_addr=0x380d1620): id = 46
[W : PPU[1] Thread (CPUThread)[0x01400058]]: sys_lwmutex warning: *** lwmutex created [] (attribute=0x12): sq_id = 47
[W : PPU[1] Thread (CPUThread)[0x01400148]]: sys_lwcond warning: Recursive lwmutex(sq=47)
[W : PPU[1] Thread (CPUThread)[0x01400148]]: sys_lwcond warning: *** lwcond created [] (lwmutex_addr=0x380d1670): id = 48
[W : PPU[1] Thread (CPUThread)[0x01400058]]: sys_lwmutex warning: *** lwmutex created [] (attribute=0x12): sq_id = 49
[W : PPU[1] Thread (CPUThread)[0x01400148]]: sys_lwcond warning: Recursive lwmutex(sq=49)
[W : PPU[1] Thread (CPUThread)[0x01400148]]: sys_lwcond warning: *** lwcond created [] (lwmutex_addr=0x380d16c0): id = 50
[W : PPU[1] Thread (CPUThread)[0x01400058]]: sys_lwmutex warning: *** lwmutex created [] (attribute=0x12): sq_id = 51
[W : PPU[1] Thread (CPUThread)[0x01400148]]: sys_lwcond warning: Recursive lwmutex(sq=51)
[W : PPU[1] Thread (CPUThread)[0x01400148]]: sys_lwcond warning: *** lwcond created [] (lwmutex_addr=0x380d1710): id = 52
[W : PPU[1] Thread (CPUThread)[0x01400058]]: sys_lwmutex warning: *** lwmutex created [] (attribute=0x12): sq_id = 53
[W : PPU[1] Thread (CPUThread)[0x01400148]]: sys_lwcond warning: Recursive lwmutex(sq=53)
[W : PPU[1] Thread (CPUThread)[0x01400148]]: sys_lwcond warning: *** lwcond created [] (lwmutex_addr=0x380d1760): id = 54
[W : PPU[1] Thread (CPUThread)[0x01400058]]: sys_lwmutex warning: *** lwmutex created [] (attribute=0x12): sq_id = 55
[W : PPU[1] Thread (CPUThread)[0x01400148]]: sys_lwcond warning: Recursive lwmutex(sq=55)
[W : PPU[1] Thread (CPUThread)[0x01400148]]: sys_lwcond warning: *** lwcond created [] (lwmutex_addr=0x380d17b0): id = 56
[W : PPU[1] Thread (CPUThread)[0x01400058]]: sys_lwmutex warning: *** lwmutex created [] (attribute=0x12): sq_id = 57
[W : PPU[1] Thread (CPUThread)[0x01400148]]: sys_lwcond warning: Recursive lwmutex(sq=57)
[W : PPU[1] Thread (CPUThread)[0x01400148]]: sys_lwcond warning: *** lwcond created [] (lwmutex_addr=0x380d1800): id = 58
[W : PPU[1] Thread (CPUThread)[0x01400058]]: sys_lwmutex warning: *** lwmutex created [] (attribute=0x12): sq_id = 59
[W : PPU[1] Thread (CPUThread)[0x01400148]]: sys_lwcond warning: Recursive lwmutex(sq=59)
[W : PPU[1] Thread (CPUThread)[0x01400148]]: sys_lwcond warning: *** lwcond created [] (lwmutex_addr=0x380d1850): id = 60
[W : PPU[1] Thread (CPUThread)[0x01400058]]: sys_lwmutex warning: *** lwmutex created [] (attribute=0x12): sq_id = 61
[W : PPU[1] Thread (CPUThread)[0x01400148]]: sys_lwcond warning: Recursive lwmutex(sq=61)
[W : PPU[1] Thread (CPUThread)[0x01400148]]: sys_lwcond warning: *** lwcond created [] (lwmutex_addr=0x380d18a0): id = 62
[W : PPU[1] Thread (CPUThread)[0x01400058]]: sys_lwmutex warning: *** lwmutex created [] (attribute=0x12): sq_id = 63
[W : PPU[1] Thread (CPUThread)[0x01400148]]: sys_lwcond warning: Recursive lwmutex(sq=63)
[W : PPU[1] Thread (CPUThread)[0x01400148]]: sys_lwcond warning: *** lwcond created [] (lwmutex_addr=0x380d18f0): id = 64
[W : PPU[1] Thread (CPUThread)[0x01400058]]: sys_lwmutex warning: *** lwmutex created [] (attribute=0x12): sq_id = 65
[W : PPU[1] Thread (CPUThread)[0x01400148]]: sys_lwcond warning: Recursive lwmutex(sq=65)
[W : PPU[1] Thread (CPUThread)[0x01400148]]: sys_lwcond warning: *** lwcond created [] (lwmutex_addr=0x380d1940): id = 66
[W : PPU[1] Thread (CPUThread)[0x01400058]]: sys_lwmutex warning: *** lwmutex created [] (attribute=0x12): sq_id = 67
[W : PPU[1] Thread (CPUThread)[0x01400148]]: sys_lwcond warning: Recursive lwmutex(sq=67)
[W : PPU[1] Thread (CPUThread)[0x01400148]]: sys_lwcond warning: *** lwcond created [] (lwmutex_addr=0x380d1990): id = 68
[W : PPU[1] Thread (CPUThread)[0x01400058]]: sys_lwmutex warning: *** lwmutex created [] (attribute=0x12): sq_id = 69
[W : PPU[1] Thread (CPUThread)[0x01400148]]: sys_lwcond warning: Recursive lwmutex(sq=69)
[W : PPU[1] Thread (CPUThread)[0x01400148]]: sys_lwcond warning: *** lwcond created [] (lwmutex_addr=0x380d19e0): id = 70
[W : PPU[1] Thread (CPUThread)[0x01400058]]: sys_lwmutex warning: *** lwmutex created [] (attribute=0x12): sq_id = 71
[W : PPU[1] Thread (CPUThread)[0x01400148]]: sys_lwcond warning: Recursive lwmutex(sq=71)
[W : PPU[1] Thread (CPUThread)[0x01400148]]: sys_lwcond warning: *** lwcond created [] (lwmutex_addr=0x380d1a30): id = 72
[W : PPU[1] Thread (CPUThread)[0x01400058]]: sys_lwmutex warning: *** lwmutex created [] (attribute=0x12): sq_id = 73
[W : PPU[1] Thread (CPUThread)[0x01400148]]: sys_lwcond warning: Recursive lwmutex(sq=73)
[W : PPU[1] Thread (CPUThread)[0x01400148]]: sys_lwcond warning: *** lwcond created [] (lwmutex_addr=0x380d1a80): id = 74
[W : PPU[1] Thread (CPUThread)[0x01400058]]: sys_lwmutex warning: *** lwmutex created [] (attribute=0x12): sq_id = 75
[W : PPU[1] Thread (CPUThread)[0x01400148]]: sys_lwcond warning: Recursive lwmutex(sq=75)
[W : PPU[1] Thread (CPUThread)[0x01400148]]: sys_lwcond warning: *** lwcond created [] (lwmutex_addr=0x380d1ad0): id = 76
[W : PPU[1] Thread (CPUThread)[0x01400058]]: sys_lwmutex warning: *** lwmutex created [] (attribute=0x12): sq_id = 77
[W : PPU[1] Thread (CPUThread)[0x01400148]]: sys_lwcond warning: Recursive lwmutex(sq=77)
[W : PPU[1] Thread (CPUThread)[0x01400148]]: sys_lwcond warning: *** lwcond created [] (lwmutex_addr=0x380d1b20): id = 78
[W : PPU[1] Thread (CPUThread)[0x01400058]]: sys_lwmutex warning: *** lwmutex created [] (attribute=0x12): sq_id = 79
[W : PPU[1] Thread (CPUThread)[0x01400148]]: sys_lwcond warning: Recursive lwmutex(sq=79)
[W : PPU[1] Thread (CPUThread)[0x01400148]]: sys_lwcond warning: *** lwcond created [] (lwmutex_addr=0x380d1b70): id = 80
[W : PPU[1] Thread (CPUThread)[0x01400058]]: sys_lwmutex warning: *** lwmutex created [] (attribute=0x12): sq_id = 81
[W : PPU[1] Thread (CPUThread)[0x01400148]]: sys_lwcond warning: Recursive lwmutex(sq=81)
[W : PPU[1] Thread (CPUThread)[0x01400148]]: sys_lwcond warning: *** lwcond created [] (lwmutex_addr=0x380d1bc0): id = 82
[W : PPU[1] Thread (CPUThread)[0x01400058]]: sys_lwmutex warning: *** lwmutex created [] (attribute=0x12): sq_id = 83
[W : PPU[1] Thread (CPUThread)[0x01400148]]: sys_lwcond warning: Recursive lwmutex(sq=83)
[W : PPU[1] Thread (CPUThread)[0x01400148]]: sys_lwcond warning: *** lwcond created [] (lwmutex_addr=0x380d1c10): id = 84
[W : PPU[1] Thread (CPUThread)[0x01400058]]: sys_lwmutex warning: *** lwmutex created [] (attribute=0x12): sq_id = 85
[W : PPU[1] Thread (CPUThread)[0x01400148]]: sys_lwcond warning: Recursive lwmutex(sq=85)
[W : PPU[1] Thread (CPUThread)[0x01400148]]: sys_lwcond warning: *** lwcond created [] (lwmutex_addr=0x380d1c60): id = 86
[W : PPU[1] Thread (CPUThread)[0x01400058]]: sys_lwmutex warning: *** lwmutex created [] (attribute=0x12): sq_id = 87
[W : PPU[1] Thread (CPUThread)[0x01400148]]: sys_lwcond warning: Recursive lwmutex(sq=87)
[W : PPU[1] Thread (CPUThread)[0x01400148]]: sys_lwcond warning: *** lwcond created [] (lwmutex_addr=0x380d1cb0): id = 88
[W : PPU[1] Thread (CPUThread)[0x01400058]]: sys_lwmutex warning: *** lwmutex created [] (attribute=0x12): sq_id = 89
[W : PPU[1] Thread (CPUThread)[0x01400148]]: sys_lwcond warning: Recursive lwmutex(sq=89)
[W : PPU[1] Thread (CPUThread)[0x01400148]]: sys_lwcond warning: *** lwcond created [] (lwmutex_addr=0x380d1d00): id = 90
[W : PPU[1] Thread (CPUThread)[0x01400058]]: sys_lwmutex warning: *** lwmutex created [] (attribute=0x12): sq_id = 91
[W : PPU[1] Thread (CPUThread)[0x01400148]]: sys_lwcond warning: Recursive lwmutex(sq=91)
[W : PPU[1] Thread (CPUThread)[0x01400148]]: sys_lwcond warning: *** lwcond created [] (lwmutex_addr=0x380d1d50): id = 92
[W : PPU[1] Thread (CPUThread)[0x01400058]]: sys_lwmutex warning: *** lwmutex created [] (attribute=0x12): sq_id = 93
[W : PPU[1] Thread (CPUThread)[0x01400148]]: sys_lwcond warning: Recursive lwmutex(sq=93)
[W : PPU[1] Thread (CPUThread)[0x01400148]]: sys_lwcond warning: *** lwcond created [] (lwmutex_addr=0x380d1da0): id = 94
[W : PPU[1] Thread (CPUThread)[0x01400058]]: sys_lwmutex warning: *** lwmutex created [] (attribute=0x12): sq_id = 95
[W : PPU[1] Thread (CPUThread)[0x01400148]]: sys_lwcond warning: Recursive lwmutex(sq=95)
[W : PPU[1] Thread (CPUThread)[0x01400148]]: sys_lwcond warning: *** lwcond created [] (lwmutex_addr=0x380d1df0): id = 96
[W : PPU[1] Thread (CPUThread)[0x01400058]]: sys_lwmutex warning: *** lwmutex created [] (attribute=0x12): sq_id = 97
[W : PPU[1] Thread (CPUThread)[0x01400148]]: sys_lwcond warning: Recursive lwmutex(sq=97)
[W : PPU[1] Thread (CPUThread)[0x01400148]]: sys_lwcond warning: *** lwcond created [] (lwmutex_addr=0x380d1e40): id = 98
[W : PPU[1] Thread (CPUThread)[0x01400058]]: sys_lwmutex warning: *** lwmutex created [] (attribute=0x12): sq_id = 99
[W : PPU[1] Thread (CPUThread)[0x01400148]]: sys_lwcond warning: Recursive lwmutex(sq=99)
[W : PPU[1] Thread (CPUThread)[0x01400148]]: sys_lwcond warning: *** lwcond created [] (lwmutex_addr=0x380d1e90): id = 100
[W : PPU[1] Thread (CPUThread)[0x01400058]]: sys_lwmutex warning: *** lwmutex created [] (attribute=0x12): sq_id = 101
[W : PPU[1] Thread (CPUThread)[0x01400148]]: sys_lwcond warning: Recursive lwmutex(sq=101)
[W : PPU[1] Thread (CPUThread)[0x01400148]]: sys_lwcond warning: *** lwcond created [] (lwmutex_addr=0x380d1ee0): id = 102
[W : PPU[1] Thread (CPUThread)[0x01400058]]: sys_lwmutex warning: *** lwmutex created [] (attribute=0x12): sq_id = 103
[W : PPU[1] Thread (CPUThread)[0x01400148]]: sys_lwcond warning: Recursive lwmutex(sq=103)
[W : PPU[1] Thread (CPUThread)[0x01400148]]: sys_lwcond warning: *** lwcond created [] (lwmutex_addr=0x380d1f30): id = 104
[W : PPU[1] Thread (CPUThread)[0x01400058]]: sys_lwmutex warning: *** lwmutex created [] (attribute=0x12): sq_id = 105
[W : PPU[1] Thread (CPUThread)[0x01400148]]: sys_lwcond warning: Recursive lwmutex(sq=105)
[W : PPU[1] Thread (CPUThread)[0x01400148]]: sys_lwcond warning: *** lwcond created [] (lwmutex_addr=0x380d1f80): id = 106
[W : PPU[1] Thread (CPUThread)[0x01400058]]: sys_lwmutex warning: *** lwmutex created [] (attribute=0x12): sq_id = 107
[W : PPU[1] Thread (CPUThread)[0x01400148]]: sys_lwcond warning: Recursive lwmutex(sq=107)
[W : PPU[1] Thread (CPUThread)[0x01400148]]: sys_lwcond warning: *** lwcond created [] (lwmutex_addr=0x380d1fd0): id = 108
[W : PPU[1] Thread (CPUThread)[0x01400058]]: sys_lwmutex warning: *** lwmutex created [] (attribute=0x12): sq_id = 109
[W : PPU[1] Thread (CPUThread)[0x01400148]]: sys_lwcond warning: Recursive lwmutex(sq=109)
[W : PPU[1] Thread (CPUThread)[0x01400148]]: sys_lwcond warning: *** lwcond created [] (lwmutex_addr=0x380d2020): id = 110
[W : PPU[1] Thread (CPUThread)[0x01400058]]: sys_lwmutex warning: *** lwmutex created [] (attribute=0x12): sq_id = 111
[W : PPU[1] Thread (CPUThread)[0x01400148]]: sys_lwcond warning: Recursive lwmutex(sq=111)
[W : PPU[1] Thread (CPUThread)[0x01400148]]: sys_lwcond warning: *** lwcond created [] (lwmutex_addr=0x380d2070): id = 112
[W : PPU[1] Thread (CPUThread)[0x01400058]]: sys_lwmutex warning: *** lwmutex created [] (attribute=0x12): sq_id = 113
[W : PPU[1] Thread (CPUThread)[0x01400148]]: sys_lwcond warning: Recursive lwmutex(sq=113)
[W : PPU[1] Thread (CPUThread)[0x01400148]]: sys_lwcond warning: *** lwcond created [] (lwmutex_addr=0x380d20c0): id = 114
[W : PPU[1] Thread (CPUThread)[0x01400058]]: sys_lwmutex warning: *** lwmutex created [] (attribute=0x12): sq_id = 115
[W : PPU[1] Thread (CPUThread)[0x01400148]]: sys_lwcond warning: Recursive lwmutex(sq=115)
[W : PPU[1] Thread (CPUThread)[0x01400148]]: sys_lwcond warning: *** lwcond created [] (lwmutex_addr=0x380d2110): id = 116
[W : PPU[1] Thread (CPUThread)[0x01400058]]: sys_lwmutex warning: *** lwmutex created [] (attribute=0x12): sq_id = 117
[W : PPU[1] Thread (CPUThread)[0x01400148]]: sys_lwcond warning: Recursive lwmutex(sq=117)
[W : PPU[1] Thread (CPUThread)[0x01400148]]: sys_lwcond warning: *** lwcond created [] (lwmutex_addr=0x380d2160): id = 118
[W : PPU[1] Thread (CPUThread)[0x01400058]]: sys_lwmutex warning: *** lwmutex created [] (attribute=0x12): sq_id = 119
[W : PPU[1] Thread (CPUThread)[0x01400148]]: sys_lwcond warning: Recursive lwmutex(sq=119)
[W : PPU[1] Thread (CPUThread)[0x01400148]]: sys_lwcond warning: *** lwcond created [] (lwmutex_addr=0x380d21b0): id = 120
[W : PPU[1] Thread (CPUThread)[0x01400058]]: sys_lwmutex warning: *** lwmutex created [] (attribute=0x12): sq_id = 121
[W : PPU[1] Thread (CPUThread)[0x01400148]]: sys_lwcond warning: Recursive lwmutex(sq=121)
[W : PPU[1] Thread (CPUThread)[0x01400148]]: sys_lwcond warning: *** lwcond created [] (lwmutex_addr=0x380d2200): id = 122
[W : PPU[1] Thread (CPUThread)[0x01400058]]: sys_lwmutex warning: *** lwmutex created [] (attribute=0x12): sq_id = 123
[W : PPU[1] Thread (CPUThread)[0x01400148]]: sys_lwcond warning: Recursive lwmutex(sq=123)
[W : PPU[1] Thread (CPUThread)[0x01400148]]: sys_lwcond warning: *** lwcond created [] (lwmutex_addr=0x380d2250): id = 124
[W : PPU[1] Thread (CPUThread)[0x01400058]]: sys_lwmutex warning: *** lwmutex created [] (attribute=0x12): sq_id = 125
[W : PPU[1] Thread (CPUThread)[0x01400148]]: sys_lwcond warning: Recursive lwmutex(sq=125)
[W : PPU[1] Thread (CPUThread)[0x01400148]]: sys_lwcond warning: *** lwcond created [] (lwmutex_addr=0x380d22a0): id = 126
[W : PPU[1] Thread (CPUThread)[0x01400058]]: sys_lwmutex warning: *** lwmutex created [] (attribute=0x12): sq_id = 127
[W : PPU[1] Thread (CPUThread)[0x01400148]]: sys_lwcond warning: Recursive lwmutex(sq=127)
[W : PPU[1] Thread (CPUThread)[0x01400148]]: sys_lwcond warning: *** lwcond created [] (lwmutex_addr=0x380d22f0): id = 128
[W : PPU[1] Thread (CPUThread)[0x01400058]]: sys_lwmutex warning: *** lwmutex created [] (attribute=0x12): sq_id = 129
[W : PPU[1] Thread (CPUThread)[0x01400148]]: sys_lwcond warning: Recursive lwmutex(sq=129)
[W : PPU[1] Thread (CPUThread)[0x01400148]]: sys_lwcond warning: *** lwcond created [] (lwmutex_addr=0x380d2340): id = 130
[W : PPU[1] Thread (CPUThread)[0x01400058]]: sys_lwmutex warning: *** lwmutex created [] (attribute=0x12): sq_id = 131
[W : PPU[1] Thread (CPUThread)[0x01400148]]: sys_lwcond warning: Recursive lwmutex(sq=131)
[W : PPU[1] Thread (CPUThread)[0x01400148]]: sys_lwcond warning: *** lwcond created [] (lwmutex_addr=0x380d2390): id = 132
[W : PPU[1] Thread (CPUThread)[0x01400058]]: sys_lwmutex warning: *** lwmutex created [] (attribute=0x12): sq_id = 133
[W : PPU[1] Thread (CPUThread)[0x01400148]]: sys_lwcond warning: Recursive lwmutex(sq=133)
[W : PPU[1] Thread (CPUThread)[0x01400148]]: sys_lwcond warning: *** lwcond created [] (lwmutex_addr=0x380d23e0): id = 134
[W : PPU[1] Thread (CPUThread)[0x01400058]]: sys_lwmutex warning: *** lwmutex created [] (attribute=0x12): sq_id = 135
[W : PPU[1] Thread (CPUThread)[0x01400148]]: sys_lwcond warning: Recursive lwmutex(sq=135)
[W : PPU[1] Thread (CPUThread)[0x01400148]]: sys_lwcond warning: *** lwcond created [] (lwmutex_addr=0x380d2430): id = 136
[W : PPU[1] Thread (CPUThread)[0x01400058]]: sys_lwmutex warning: *** lwmutex created [] (attribute=0x12): sq_id = 137
[W : PPU[1] Thread (CPUThread)[0x01400148]]: sys_lwcond warning: Recursive lwmutex(sq=137)
[W : PPU[1] Thread (CPUThread)[0x01400148]]: sys_lwcond warning: *** lwcond created [] (lwmutex_addr=0x380d2480): id = 138
[W : PPU[1] Thread (CPUThread)[0x01400058]]: sys_lwmutex warning: *** lwmutex created [] (attribute=0x12): sq_id = 139
[W : PPU[1] Thread (CPUThread)[0x01400148]]: sys_lwcond warning: Recursive lwmutex(sq=139)
[W : PPU[1] Thread (CPUThread)[0x01400148]]: sys_lwcond warning: *** lwcond created [] (lwmutex_addr=0x380d24d0): id = 140
[W : PPU[1] Thread (CPUThread)[0x01400058]]: sys_lwmutex warning: *** lwmutex created [] (attribute=0x12): sq_id = 141
[W : PPU[1] Thread (CPUThread)[0x01400148]]: sys_lwcond warning: Recursive lwmutex(sq=141)
[W : PPU[1] Thread (CPUThread)[0x01400148]]: sys_lwcond warning: *** lwcond created [] (lwmutex_addr=0x380d2520): id = 142
[W : PPU[1] Thread (CPUThread)[0x01400058]]: sys_lwmutex warning: *** lwmutex created [] (attribute=0x12): sq_id = 143
[W : PPU[1] Thread (CPUThread)[0x01400148]]: sys_lwcond warning: Recursive lwmutex(sq=143)
[W : PPU[1] Thread (CPUThread)[0x01400148]]: sys_lwcond warning: *** lwcond created [] (lwmutex_addr=0x380d2570): id = 144
[W : PPU[1] Thread (CPUThread)[0x00c5e20c]]: sys_semaphore warning: sys_semaphore_create(sem_addr=0xd0010790, attr_addr=0xd0010798, initial_count=0, max_count=2147483647)
[W : PPU[1] Thread (CPUThread)[0x01400058]]: sys_lwmutex warning: *** lwmutex created [] (attribute=0x12): sq_id = 146
[! : PPU[1] Thread (CPUThread)[0x01400028]]: *** New PPU Thread [pxd::async_file_access(0)] (): id = 147
[W : PPU[1] Thread (CPUThread)[0x00c5e20c]]: sys_semaphore warning: sys_semaphore_create(sem_addr=0xd0010790, attr_addr=0xd0010798, initial_count=0, max_count=2147483647)
[W : PPU[1] Thread (CPUThread)[0x01400058]]: sys_lwmutex warning: *** lwmutex created [] (attribute=0x12): sq_id = 149
[! : PPU[1] Thread (CPUThread)[0x01400028]]: *** New PPU Thread [pxd::async_file_access(1)] (): id = 150
[W : PPU[1] Thread (CPUThread)[0x01400058]]: sys_lwmutex warning: *** lwmutex created [] (attribute=0x12): sq_id = 151
[W : PPU[1] Thread (CPUThread)[0x01400058]]: sys_lwmutex warning: *** lwmutex created [] (attribute=0x12): sq_id = 152
[W : PPU[1] Thread (CPUThread)[0x0102e010]]: cellSysmodule warning: cellSysmoduleLoadModule(CELL_SYSMODULE_FS)
[W : PPU[1] Thread (CPUThread)[0x0102e010]]: cellSysmodule warning: cellSysmoduleLoadModule(CELL_SYSMODULE_SYSUTIL_GAME)
[W : PPU[1] Thread (CPUThread)[0x00c5e20c]]: sys_semaphore warning: sys_semaphore_create(sem_addr=0xd0010a20, attr_addr=0xd0010a28, initial_count=0, max_count=2147483647)
[W : PPU[1] Thread (CPUThread)[0x00c5e20c]]: sys_semaphore warning: sys_semaphore_create(sem_addr=0xd0010a20, attr_addr=0xd0010a28, initial_count=0, max_count=2147483647)
[! : PPU[1] Thread (CPUThread)[0x01400028]]: *** New PPU Thread [mt_task_thread] (): id = 155
[W : PPU[1] Thread (CPUThread)[0x013e80c4]]: cellSpurs warning: _cellSpursAttributeInitialize(attr_addr=0xd0010770, nSpus=2, spuPriority=2555905, ppuPriority=5, exitIfNoWork=250)
[W : PPU[1] Thread (CPUThread)[0x013e8004]]: cellSpurs warning: cellSpursAttributeSetNamePrefix(attr_addr=0xd0010770, prefix_addr=0xd0010740, size=0x5)
[W : PPU[1] Thread (CPUThread)[0x013e810c]]: cellSpurs warning: cellSpursAttributeSetSpuThreadGroupType(attr_addr=0xd0010770, type=24)
[W : PPU[1] Thread (CPUThread)[0x013e8118]]: cellSpurs warning: cellSpursInitializeWithAttribute(spurs_addr=0x38113780, spurs_addr=0xd0010770)
[E : PPU[1] Thread (CPUThread)[0x013e8028]]: TODO: _cellSpursTasksetAttributeInitialize
[E : PPU[1] Thread (CPUThread)[0x013e80b8]]: TODO: cellSpursTasksetAttributeSetTasksetSize
[E : PPU[1] Thread (CPUThread)[0x013e8088]]: TODO: cellSpursTasksetAttributeSetName
[E : PPU[1] Thread (CPUThread)[0x013e8130]]: TODO: cellSpursCreateTasksetWithAttribute
[E : PPU[1] Thread (CPUThread)[0x013e807c]]: TODO: _cellSpursEventFlagInitialize
[E : PPU[1] Thread (CPUThread)[0x013e80ac]]: cellSpurs error: cellSpursEventFlagAttachLv2EventQueue(event_flag_addr=0x38117180)
[E : PPU[1] Thread (CPUThread)[0x013e8064]]: TODO: _cellSpursJobChainAttributeInitialize
[E : PPU[1] Thread (CPUThread)[0x013e80dc]]: TODO: cellSpursJobChainAttributeSetName
[E : PPU[1] Thread (CPUThread)[0x013e804c]]: TODO: cellSpursCreateJobChainWithAttribute
[E : PPU[1] Thread (CPUThread)[0x013e8094]]: TODO: cellSpursJobGuardInitialize
[E : PPU[1] Thread (CPUThread)[0x013e8148]]: TODO: cellSpursJobGuardNotify
[E : PPU[1] Thread (CPUThread)[0x013e8160]]: TODO: cellSpursRunJobChain
[W : PPU[1] Thread (CPUThread)[0x0102c124]]: cellSysutil warning: cellVideoOutGetDeviceInfo(videoOut=0, deviceIndex=0, info_addr=0xd00103cc)
[W : PPU[1] Thread (CPUThread)[0x0102e010]]: cellSysmodule warning: cellSysmoduleLoadModule(CELL_SYSMODULE_GCM_SYS)
[W : PPU[1] Thread (CPUThread)[0x013ec0e8]]: cellGcmSys warning: cellGcmInitDefaultFifoMode(mode=0)
[W : PPU[1] Thread (CPUThread)[0x013ec010]]: cellGcmSys warning: cellGcmInit(context_addr=0x1310448,cmdSize=0xa00000,ioSize=0x1a00000,ioAddress=0x38200000)
[W : PPU[1] Thread (CPUThread)[0x013ec010]]: cellGcmSys warning: *** local memory(addr=0xc0000000, size=0xf900000)
[W : PPU[1] Thread (CPUThread)[0x013ec010]]: cellGcmSys warning: cellGcmMapEaIoAddress(ea=0x38200000, io=0x0, size=0x1a00000)
[! : RSXThread]: RSX thread entry
[W : PPU[1] Thread (CPUThread)[0x013ec064]]: cellGcmSys warning: cellGcmGetDefaultCommandWordSize()
[W : PPU[1] Thread (CPUThread)[0x013ec088]]: cellGcmSys warning: cellGcmSetDefaultFifoSize(bufferSize=0x400, segmentSize=0x40000)
[W : PPU[1] Thread (CPUThread)[0x0102c124]]: cellSysutil warning: cellVideoOutGetDeviceInfo(videoOut=0, deviceIndex=0, info_addr=0xd0010204)
[W : PPU[1] Thread (CPUThread)[0x013ec004]]: cellGcmSys warning: cellGcmGetTiledPitchSize(size=5120)
[W : PPU[1] Thread (CPUThread)[0x0102c118]]: cellSysutil warning: cellVideoOutConfigure(videoOut=0, config_addr=0xd00101dc, option_addr=0x0, waitForEvent=0x0)
[W : PPU[1] Thread (CPUThread)[0x013ec04c]]: cellGcmSys warning: cellGcmSetFlipMode(mode=2)
[E : PPU[1] Thread (CPUThread)[0x013ec124]]: TODO: cellGcmSetVBlankFrequency
[W : PPU[1] Thread (CPUThread)[0x013ec0dc]]: cellGcmSys warning: cellGcmSetTileInfo(index=0, location=0, offset=0, size=7864320, pitch=5120, comp=7, base=0, bank=0)
[E : PPU[1] Thread (CPUThread)[0x013ec0dc]]: cellGcmSys error: cellGcmSetTileInfo: bad comp! (7)
[W : PPU[1] Thread (CPUThread)[0x013ec040]]: cellGcmSys warning: cellGcmBindTile(index=0)
[W : PPU[1] Thread (CPUThread)[0x013ec0a0]]: cellGcmSys warning: cellGcmSetDisplayBuffer(id=0x0,offset=0x0,pitch=4,width=1280,height=720)
[W : PPU[1] Thread (CPUThread)[0x013ec0a0]]: cellGcmSys warning: cellGcmSetDisplayBuffer(id=0x1,offset=0x3c0000,pitch=4,width=1280,height=720)
[W : RSXThread]: null cmd: addr=0x50000000, put=0x64120000, get=0x0
[! : RSXThread]: RSX thread exit...
[!]: Closing memory...
