[!]: path: /dev_hdd0/game/
[!]: Loading 'D:\Emulateurs\Rpcs3\dev_hdd0\game\BLES00927-[VANQUISH]/PS3_GAME/USRDIR/BOOT.BIN'...
[!]: Mount info:
[!]: /dev_hdd0/ -> D:\Emulateurs\Rpcs3/dev_hdd0/
[!]: /dev_hdd1/ -> D:\Emulateurs\Rpcs3/dev_hdd1/
[!]: /dev_flash/ -> D:\Emulateurs\Rpcs3/dev_flash/
[!]: /dev_usb000/ -> D:\Emulateurs\Rpcs3/dev_usb000/
[!]: /dev_usb/ -> D:\Emulateurs\Rpcs3/dev_usb000/
[!]: /app_home/ -> D:\Emulateurs\Rpcs3\dev_hdd0\game\BLES00927-[VANQUISH]/PS3_GAME/\USRDIR\
[!]: /dev_bdvd/ -> D:\Emulateurs\Rpcs3\dev_hdd0\game\BLES00927-[VANQUISH]/PS3_GAME//../
[!]: /host_root/ -> 
[!]: / -> D:\Emulateurs\Rpcs3\dev_hdd0\game\BLES00927-[VANQUISH]/PS3_GAME/\USRDIR\
[!]: /USRDIR/PS3_GAME/USRDIR/Data/ -> D:\Emulateurs\Rpcs3\dev_hdd0\game\BLES00927-[VANQUISH]/PS3_GAME/\USRDIR\Data\
[!]: ///resource/ -> D:\Emulateurs\Rpcs3\dev_hdd0\game\BLES00927-[VANQUISH]/PS3_GAME/\USRDIR\resource\
[!]: Initing memory...
[!]: Memory initialized.
[!]: Function 'cellSurMixerGetAANHandle' hooked (addr=0xb204dc)
[!]: Function 'cellSurMixerSetNotifyCallback' hooked (addr=0xb20514)
[!]: Function 'cellSurMixerRemoveNotifyCallback' hooked (addr=0xb205a8)
[!]: Function 'cellSurMixerSurBusAddData' hooked (addr=0xb20638)
[!]: Function 'cellSurMixerPause' hooked (addr=0xb212a4)
[!]: Function 'cellSurMixerStart' hooked (addr=0xb2271c)
[!]: Function 'cellSurMixerFinalize' hooked (addr=0xb22a24)
[!]: Function 'cellSurMixerCreate' hooked (addr=0xb230a4)
[E]: Function 'cellSurMixerChStripGetAANPortNo' not found
[E]: Function 'cellSurMixerSetParameter' not found
[E]: Function 'cellSurMixerChStripSetParameter' not found
[E]: Function 'cellSurMixerGetCurrentBlockTag' not found
[E]: Function 'cellSurMixerGetTimestamp' not found
[E]: Function 'cellSurMixerBeep' not found
[E]: Function group [surmixer] failed: missing;
[W]: Unknown function 0x967a162b in 'sys_fs' module
[E]: TODO: cellFsFsync
[W]: Unknown function 0x220894e3 in 'cellSysutil' module
[E]: TODO: cellSysutilEnableBgmPlayback
[W]: Unknown function 0x62b0f803 in 'cellSysutil' module
[E]: TODO: cellMsgDialogAbort
[W]: Unknown function 0x6cfd856f in 'cellSysutil' module
[E]: TODO: cellSysutilGetBgmPlaybackStatus2
[W]: Unknown function 0x94862702 in 'cellSysutil' module
[E]: TODO: cellMsgDialogProgressBarInc
[W]: Unknown function 0xcfdd8e87 in 'cellSysutil' module
[E]: TODO: cellSysutilDisableBgmPlayback
[W]: Unknown function 0xe7fa820b in 'cellSysutil' module
[E]: TODO: cellSaveDataEnableOverlay
[W]: Unknown function 0xedadd797 in 'cellSysutil' module
[E]: TODO: cellSaveDataDelete2
[W]: Unknown function 0xe7b0e69a in 'cellSpurs' module
[E]: TODO: cellSpursJobSetMaxGrab
[W]: Unknown function 0x8f122ef8 in 'cellSpurs' module
[E]: TODO: cellSpursTasksetAttributeSetTasksetSize
[W]: Unknown function 0x3f09e20a in 'sys_net' module
[E]: TODO: socketselect
[W]: Unknown function 0x0c44f441 in 'cellFiber' module
[E]: TODO: cellFiberPpuYield
[W]: Unknown function 0x12b1acf0 in 'cellFiber' module
[E]: TODO: cellFiberPpuRunFibers
[W]: Unknown function 0x5d9a7034 in 'cellFiber' module
[E]: TODO: cellFiberPpuSelf
[W]: Unknown function 0x6c164b3b in 'cellFiber' module
[E]: TODO: cellFiberPpuWaitSignal
[W]: Unknown function 0x7c2f4034 in 'cellFiber' module
[E]: TODO: cellFiberPpuCreateFiber
[W]: Unknown function 0x8afb8356 in 'cellFiber' module
[E]: TODO: cellFiberPpuSendSignal
[W]: Unknown function 0x9e25c72d in 'cellFiber' module
[E]: TODO: _cellFiberPpuSchedulerAttributeInitialize
[W]: Unknown function 0xc11f8056 in 'cellFiber' module
[E]: TODO: _cellFiberPpuAttributeInitialize
[W]: Unknown function 0xee3b604d in 'cellFiber' module
[E]: TODO: cellFiberPpuInitializeScheduler
[W]: Unknown function 0x55870804 in 'cellFiber' module
[E]: TODO: _cellFiberPpuInitialize
[W]: Unknown function 0xd3758645 in 'cellResc' module
[E]: TODO: cellRescSetVBlankHandler
[W]: Unknown function 0xe0cef79e in 'cellResc' module
[E]: TODO: cellRescCreateInterlaceTable
[W]: Unknown function 0x04372385 in 'sceNp' module
[E]: TODO: sceNpBasicGetFriendListEntry
[W]: Unknown function 0x21206642 in 'sceNp' module
[E]: TODO: sceNpScoreGetRankingByRangeAsync
[W]: Unknown function 0x259113b8 in 'sceNp' module
[E]: TODO: sceNpScoreDestroyTitleCtx
[W]: Unknown function 0x32cf311f in 'sceNp' module
[E]: TODO: sceNpScoreInit
[W]: Unknown function 0x3db7914d in 'sceNp' module
[E]: TODO: sceNpScoreGetRankingByNpIdAsync
[W]: Unknown function 0x52a6b523 in 'sceNp' module
[E]: TODO: sceNpManagerUnregisterCallback
[W]: Unknown function 0x6ee62ed2 in 'sceNp' module
[E]: TODO: sceNpManagerGetContentRatingFlag
[W]: Unknown function 0x6f5e8143 in 'sceNp' module
[E]: TODO: sceNpScoreCreateTransactionCtx
[W]: Unknown function 0x9851f805 in 'sceNp' module
[E]: TODO: sceNpScoreTerm
[W]: Unknown function 0xa7a090e5 in 'sceNp' module
[E]: TODO: sceNpScorePollAsync
[W]: Unknown function 0xafef640d in 'sceNp' module
[E]: TODO: sceNpBasicGetFriendListEntryCount
[W]: Unknown function 0xb9f93bbb in 'sceNp' module
[E]: TODO: sceNpScoreCreateTitleCtx
[W]: Unknown function 0xbe07c708 in 'sceNp' module
[E]: TODO: sceNpManagerGetOnlineId
[W]: Unknown function 0xc5f4cf82 in 'sceNp' module
[E]: TODO: sceNpScoreDestroyTransactionCtx
[W]: Unknown function 0xdb2e4dc2 in 'sceNp' module
[E]: TODO: sceNpScoreGetGameDataAsync
[W]: Unknown function 0xe7dcd3b4 in 'sceNp' module
[E]: TODO: sceNpManagerRegisterCallback
[W]: Unknown function 0xee5b20d9 in 'sceNp' module
[E]: TODO: sceNpScoreAbortTransaction
[W]: Unknown function 0xf0b1e399 in 'sceNp' module
[E]: TODO: sceNpScoreRecordScoreAsync
[W]: Unknown function 0xf42c0df8 in 'sceNp' module
[E]: TODO: sceNpManagerGetOnlineName
[W]: Unknown function 0xf76847c2 in 'sceNp' module
[E]: TODO: sceNpScoreRecordGameDataAsync
[W]: Unknown function 0xfe37a7f4 in 'sceNp' module
[E]: TODO: sceNpManagerGetNpId
[W]: Unknown function 0x8a561d92 in 'sysPrxForUser' module
[E]: TODO: _sys_heap_free
[W]: Unknown function 0xaede4b03 in 'sysPrxForUser' module
[E]: TODO: _sys_heap_delete_heap
[W]: Unknown function 0xdd3b27ac in 'sysPrxForUser' module
[E]: TODO: _sys_spu_printf_finalize
[W : PPU[1] Thread (CPUThread)[0x01e2404c]]: sys_lwmutex warning: *** lwmutex created [_lc_mtx] (attribute=0x12): sq_id = 3
[W : PPU[1] Thread (CPUThread)[0x007b6c34]]: memory warning: sys_memory_get_user_memory_size(mem_info_addr=0xd0010cd0)
[W : PPU[1] Thread (CPUThread)[0x01e2404c]]: sys_lwmutex warning: *** lwmutex created [_lc_mtx] (attribute=0x12): sq_id = 4
[W : PPU[1] Thread (CPUThread)[0x01e2404c]]: sys_lwmutex warning: *** lwmutex created [_lc_mtx] (attribute=0x12): sq_id = 5
[W : PPU[1] Thread (CPUThread)[0x01e2404c]]: sys_lwmutex warning: *** lwmutex created [_lc_mtx] (attribute=0x12): sq_id = 6
[W : PPU[1] Thread (CPUThread)[0x01e2404c]]: sys_lwmutex warning: *** lwmutex created [_lc_mtx] (attribute=0x12): sq_id = 7
[W : PPU[1] Thread (CPUThread)[0x01e2404c]]: sys_lwmutex warning: *** lwmutex created [_lc_mtx] (attribute=0x12): sq_id = 8
[W : PPU[1] Thread (CPUThread)[0x01e2404c]]: sys_lwmutex warning: *** lwmutex created [_lc_mtx] (attribute=0x12): sq_id = 9
[W : PPU[1] Thread (CPUThread)[0x01e2404c]]: sys_lwmutex warning: *** lwmutex created [_lc_mtx] (attribute=0x12): sq_id = 10
[W : PPU[1] Thread (CPUThread)[0x01e2404c]]: sys_lwmutex warning: *** lwmutex created [_lc_mtx] (attribute=0x12): sq_id = 11
[W : PPU[1] Thread (CPUThread)[0x01e2404c]]: sys_lwmutex warning: *** lwmutex created [_lc_mtx] (attribute=0x12): sq_id = 12
[W : PPU[1] Thread (CPUThread)[0x01e2404c]]: sys_lwmutex warning: *** lwmutex created [_lc_mtx] (attribute=0x12): sq_id = 13
[W : PPU[1] Thread (CPUThread)[0x01e2404c]]: sys_lwmutex warning: *** lwmutex created [_lgcmtx] (attribute=0x12): sq_id = 14
[W : PPU[1] Thread (CPUThread)[0x01e2404c]]: sys_lwmutex warning: *** lwmutex created [_lgcmtx] (attribute=0x22): sq_id = 15
[W : PPU[1] Thread (CPUThread)[0x01e2404c]]: sys_lwmutex warning: *** lwmutex created [] (attribute=0x11): sq_id = 16
[W : PPU[1] Thread (CPUThread)[0x01e2404c]]: sys_lwmutex warning: *** lwmutex created [] (attribute=0x11): sq_id = 17
[W : PPU[1] Thread (CPUThread)[0x01e2404c]]: sys_lwmutex warning: *** lwmutex created [] (attribute=0x11): sq_id = 18
[W : PPU[1] Thread (CPUThread)[0x01e2404c]]: sys_lwmutex warning: *** lwmutex created [] (attribute=0x11): sq_id = 19
[W : PPU[1] Thread (CPUThread)[0x01e2404c]]: sys_lwmutex warning: *** lwmutex created [] (attribute=0x11): sq_id = 20
[W : PPU[1] Thread (CPUThread)[0x01e2404c]]: sys_lwmutex warning: *** lwmutex created [] (attribute=0x11): sq_id = 21
[W : PPU[1] Thread (CPUThread)[0x01e0c088]]: cellSysutil warning: cellSysutilRegisterCallback(slot=0, func_addr=0x1533808, userdata=0x0)
[W : PPU[1] Thread (CPUThread)[0x0073e1a0]]: sys_spu warning: sys_spu_initialize(max_usable_spu=6, max_raw_spu=0)
[W : PPU[1] Thread (CPUThread)[0x01e0e010]]: cellSysmodule warning: cellSysmoduleLoadModule(CELL_SYSMODULE_FS)
[W : PPU[1] Thread (CPUThread)[0x01e0e010]]: cellSysmodule warning: cellSysmoduleLoadModule(CELL_SYSMODULE_RTC)
[W : PPU[1] Thread (CPUThread)[0x01e0e010]]: cellSysmodule warning: cellSysmoduleLoadModule(CELL_SYSMODULE_IO)
[W : PPU[1] Thread (CPUThread)[0x01e0e010]]: cellSysmodule warning: cellSysmoduleLoadModule(CELL_SYSMODULE_SYNC)
[W : PPU[1] Thread (CPUThread)[0x01e0e010]]: cellSysmodule warning: cellSysmoduleLoadModule(CELL_SYSMODULE_SPURS)
[W : PPU[1] Thread (CPUThread)[0x01e0e010]]: cellSysmodule warning: cellSysmoduleLoadModule(CELL_SYSMODULE_SPURS_JQ)
[W : PPU[1] Thread (CPUThread)[0x01e0e010]]: cellSysmodule warning: cellSysmoduleLoadModule(CELL_SYSMODULE_L10N)
[W : PPU[1] Thread (CPUThread)[0x01e0e010]]: cellSysmodule warning: cellSysmoduleLoadModule(CELL_SYSMODULE_FIBER)
[W : PPU[1] Thread (CPUThread)[0x01e0e010]]: cellSysmodule warning: cellSysmoduleLoadModule(CELL_SYSMODULE_SYSUTIL_GAME)
[W : PPU[1] Thread (CPUThread)[0x01e0e010]]: cellSysmodule warning: cellSysmoduleLoadModule(CELL_SYSMODULE_SYSUTIL_NP)
[W : PPU[1] Thread (CPUThread)[0x01e0e01c]]: cellSysmodule warning: cellSysmoduleIsLoaded(CELL_SYSMODULE_FIBER)
[E : PPU[1] Thread (CPUThread)[0x01e16070]]: TODO: _cellFiberPpuInitialize
[W : PPU[1] Thread (CPUThread)[0x01e0a010]]: cellGcmSys warning: cellGcmInit(context_addr=0x1d52fdc,cmdSize=0x200000,ioSize=0xf900000,ioAddress=0x30100000)
[W : PPU[1] Thread (CPUThread)[0x01e0a010]]: cellGcmSys warning: *** local memory(addr=0xc0000000, size=0xf900000)
[W : PPU[1] Thread (CPUThread)[0x01e0a010]]: cellGcmSys warning: cellGcmMapEaIoAddress(ea=0x30100000, io=0x0, size=0xf900000)
[! : RSXThread]: RSX thread entry
[W : PPU[1] Thread (CPUThread)[0x01e0c028]]: cellSysutil warning: cellSysutilGetSystemParamInt: CELL_SYSUTIL_SYSTEMPARAM_ID_ENTER_BUTTON_ASSIGN
[W : PPU[1] Thread (CPUThread)[0x01e0c028]]: cellSysutil warning: cellSysutilGetSystemParamInt: CELL_SYSUTIL_SYSTEMPARAM_ID_PAD_RUMBLE
[W : PPU[1] Thread (CPUThread)[0x01e0c028]]: cellSysutil warning: cellSysutilGetSystemParamInt: CELL_SYSUTIL_SYSTEMPARAM_ID_LANG
[W : PPU[1] Thread (CPUThread)[0x01e2404c]]: sys_lwmutex warning: *** lwmutex created [] (attribute=0x11): sq_id = 22
[W : PPU[1] Thread (CPUThread)[0x01e2404c]]: sys_lwmutex warning: *** lwmutex created [] (attribute=0x11): sq_id = 23
[W : PPU[1] Thread (CPUThread)[0x01e2404c]]: sys_lwmutex warning: *** lwmutex created [] (attribute=0x11): sq_id = 24
[W : PPU[1] Thread (CPUThread)[0x01e2404c]]: sys_lwmutex warning: *** lwmutex created [] (attribute=0x11): sq_id = 25
[W : PPU[1] Thread (CPUThread)[0x01e2404c]]: sys_lwmutex warning: *** lwmutex created [] (attribute=0x11): sq_id = 26
[W : PPU[1] Thread (CPUThread)[0x01e2404c]]: sys_lwmutex warning: *** lwmutex created [] (attribute=0x11): sq_id = 27
[W : PPU[1] Thread (CPUThread)[0x01e2404c]]: sys_lwmutex warning: *** lwmutex created [] (attribute=0x11): sq_id = 28
[W : PPU[1] Thread (CPUThread)[0x01e2404c]]: sys_lwmutex warning: *** lwmutex created [] (attribute=0x11): sq_id = 29
[W : PPU[1] Thread (CPUThread)[0x01e2404c]]: sys_lwmutex warning: *** lwmutex created [] (attribute=0x11): sq_id = 30
[W : PPU[1] Thread (CPUThread)[0x01e2404c]]: sys_lwmutex warning: *** lwmutex created [] (attribute=0x11): sq_id = 31
[W : PPU[1] Thread (CPUThread)[0x01e2404c]]: sys_lwmutex warning: *** lwmutex created [] (attribute=0x11): sq_id = 32
[W : PPU[1] Thread (CPUThread)[0x01e2404c]]: sys_lwmutex warning: *** lwmutex created [] (attribute=0x11): sq_id = 33
[W : PPU[1] Thread (CPUThread)[0x01e2404c]]: sys_lwmutex warning: *** lwmutex created [] (attribute=0x11): sq_id = 34
[W : PPU[1] Thread (CPUThread)[0x01e2404c]]: sys_lwmutex warning: *** lwmutex created [] (attribute=0x11): sq_id = 35
[W : PPU[1] Thread (CPUThread)[0x01e2404c]]: sys_lwmutex warning: *** lwmutex created [] (attribute=0x11): sq_id = 36
[W : PPU[1] Thread (CPUThread)[0x01e2404c]]: sys_lwmutex warning: *** lwmutex created [_lc_mtx] (attribute=0x12): sq_id = 37
[W : PPU[1] Thread (CPUThread)[0x01e2404c]]: sys_lwmutex warning: *** lwmutex created [] (attribute=0x11): sq_id = 38
[W : PPU[1] Thread (CPUThread)[0x01e2404c]]: sys_lwmutex warning: *** lwmutex created [_lc_mtx] (attribute=0x12): sq_id = 39
[W : PPU[1] Thread (CPUThread)[0x01e2404c]]: sys_lwmutex warning: *** lwmutex created [] (attribute=0x11): sq_id = 40
[W : PPU[1] Thread (CPUThread)[0x01e2404c]]: sys_lwmutex warning: *** lwmutex created [] (attribute=0x11): sq_id = 41
[W : PPU[1] Thread (CPUThread)[0x01e2404c]]: sys_lwmutex warning: *** lwmutex created [] (attribute=0x11): sq_id = 42
[W : PPU[1] Thread (CPUThread)[0x01e2404c]]: sys_lwmutex warning: *** lwmutex created [] (attribute=0x11): sq_id = 43
[W : PPU[1] Thread (CPUThread)[0x01e2404c]]: sys_lwmutex warning: *** lwmutex created [] (attribute=0x11): sq_id = 44
[W : PPU[1] Thread (CPUThread)[0x01e2404c]]: sys_lwmutex warning: *** lwmutex created [] (attribute=0x11): sq_id = 45
[W : PPU[1] Thread (CPUThread)[0x01e2404c]]: sys_lwmutex warning: *** lwmutex created [] (attribute=0x11): sq_id = 46
[W : PPU[1] Thread (CPUThread)[0x01e2404c]]: sys_lwmutex warning: *** lwmutex created [] (attribute=0x11): sq_id = 47
[W : PPU[1] Thread (CPUThread)[0x01e2404c]]: sys_lwmutex warning: *** lwmutex created [] (attribute=0x11): sq_id = 48
[W : PPU[1] Thread (CPUThread)[0x01e2404c]]: sys_lwmutex warning: *** lwmutex created [] (attribute=0x11): sq_id = 49
[W : PPU[1] Thread (CPUThread)[0x01e2404c]]: sys_lwmutex warning: *** lwmutex created [] (attribute=0x11): sq_id = 50
[W : PPU[1] Thread (CPUThread)[0x01e2404c]]: sys_lwmutex warning: *** lwmutex created [] (attribute=0x11): sq_id = 51
[W : PPU[1] Thread (CPUThread)[0x01e2404c]]: sys_lwmutex warning: *** lwmutex created [] (attribute=0x11): sq_id = 52
[W : PPU[1] Thread (CPUThread)[0x01e2404c]]: sys_lwmutex warning: *** lwmutex created [_lc_mtx] (attribute=0x12): sq_id = 53
[W : PPU[1] Thread (CPUThread)[0x01e2404c]]: sys_lwmutex warning: *** lwmutex created [] (attribute=0x11): sq_id = 54
[W : PPU[1] Thread (CPUThread)[0x01e2404c]]: sys_lwmutex warning: *** lwmutex created [] (attribute=0x11): sq_id = 55
[W : PPU[1] Thread (CPUThread)[0x01e2404c]]: sys_lwmutex warning: *** lwmutex created [_lc_mtx] (attribute=0x12): sq_id = 56
[W : PPU[1] Thread (CPUThread)[0x01e2404c]]: sys_lwmutex warning: *** lwmutex created [] (attribute=0x11): sq_id = 57
[W : PPU[1] Thread (CPUThread)[0x01e2404c]]: sys_lwmutex warning: *** lwmutex created [_lc_mtx] (attribute=0x12): sq_id = 58
[W : PPU[1] Thread (CPUThread)[0x01e2404c]]: sys_lwmutex warning: *** lwmutex created [] (attribute=0x11): sq_id = 59
[W : PPU[1] Thread (CPUThread)[0x01e2404c]]: sys_lwmutex warning: *** lwmutex created [_lc_mtx] (attribute=0x12): sq_id = 60
[W : PPU[1] Thread (CPUThread)[0x01e2404c]]: sys_lwmutex warning: *** lwmutex created [] (attribute=0x11): sq_id = 61
[W : PPU[1] Thread (CPUThread)[0x01e2404c]]: sys_lwmutex warning: *** lwmutex created [_lc_mtx] (attribute=0x12): sq_id = 62
[W : PPU[1] Thread (CPUThread)[0x01e2404c]]: sys_lwmutex warning: *** lwmutex created [] (attribute=0x11): sq_id = 63
[W : PPU[1] Thread (CPUThread)[0x01e1e040]]: cellGame warning: cellGameBootCheck(type_addr=0xd0010994, attributes_addr=0xd0010998, size_addr=0xd001099c, dirName_addr=0xd00109e0)
[W : PPU[1] Thread (CPUThread)[0x01e06010]]: sys_fs warning: cellFsOpendir(path="/dev_bdvd/PS3_GAME/USRDIR/data/", fd_addr=0xd00106e0)
[W : PPU[1] Thread (CPUThread)[0x01e2404c]]: sys_lwmutex warning: *** lwmutex created [] (attribute=0x12): sq_id = 65
[W : PPU[1] Thread (CPUThread)[0x01e2404c]]: sys_lwmutex warning: *** lwmutex created [] (attribute=0x12): sq_id = 66
[W : PPU[1] Thread (CPUThread)[0x00b87b80]]: sys_mutex warning: *** mutex created [] (protocol=0x2, recursive=true): id = 67
[W : PPU[1] Thread (CPUThread)[0x00b87bb4]]: sys_cond warning: *** condition on recursive mutex(67)
[W : PPU[1] Thread (CPUThread)[0x00b87bb4]]: sys_cond warning: *** condition created [] (mutex_id=67): id = 68
[! : PPU[1] Thread (CPUThread)[0x01e24028]]: *** New PPU Thread [CriThread] (): id = 69
[W : PPU[1] Thread (CPUThread)[0x00b8ab9c]]: sysPrxForUser warning: sys_ppu_thread_set_priority(thread_id=69, prio=900)
[W : PPU[1] Thread (CPUThread)[0x01e2404c]]: sys_lwmutex warning: *** lwmutex created [] (attribute=0x12): sq_id = 70
[W : PPU[1] Thread (CPUThread)[0x00b87b80]]: sys_mutex warning: *** mutex created [] (protocol=0x2, recursive=true): id = 71
[W : PPU[1] Thread (CPUThread)[0x00b87bb4]]: sys_cond warning: *** condition on recursive mutex(71)
[W : PPU[1] Thread (CPUThread)[0x00b87bb4]]: sys_cond warning: *** condition created [] (mutex_id=71): id = 72
[! : PPU[1] Thread (CPUThread)[0x01e24028]]: *** New PPU Thread [CriThread] (): id = 73
[W : PPU[1] Thread (CPUThread)[0x00b8ab9c]]: sysPrxForUser warning: sys_ppu_thread_set_priority(thread_id=73, prio=900)
[W : PPU[1] Thread (CPUThread)[0x01e2404c]]: sys_lwmutex warning: *** lwmutex created [] (attribute=0x12): sq_id = 74
[W : PPU[1] Thread (CPUThread)[0x00b87b80]]: sys_mutex warning: *** mutex created [] (protocol=0x2, recursive=true): id = 75
[W : PPU[1] Thread (CPUThread)[0x00b87bb4]]: sys_cond warning: *** condition on recursive mutex(75)
[W : PPU[1] Thread (CPUThread)[0x00b87bb4]]: sys_cond warning: *** condition created [] (mutex_id=75): id = 76
[! : PPU[1] Thread (CPUThread)[0x01e24028]]: *** New PPU Thread [CriThread] (): id = 77
[W : PPU[1] Thread (CPUThread)[0x00b8ab9c]]: sysPrxForUser warning: sys_ppu_thread_set_priority(thread_id=77, prio=900)
[W : PPU[1] Thread (CPUThread)[0x01e2404c]]: sys_lwmutex warning: *** lwmutex created [] (attribute=0x12): sq_id = 78
[W : PPU[1] Thread (CPUThread)[0x00b87b80]]: sys_mutex warning: *** mutex created [] (protocol=0x2, recursive=true): id = 79
[W : PPU[1] Thread (CPUThread)[0x00b87bb4]]: sys_cond warning: *** condition on recursive mutex(79)
[W : PPU[1] Thread (CPUThread)[0x00b87bb4]]: sys_cond warning: *** condition created [] (mutex_id=79): id = 80
[! : PPU[1] Thread (CPUThread)[0x01e24028]]: *** New PPU Thread [CriThread] (): id = 81
[W : PPU[1] Thread (CPUThread)[0x00b8ab9c]]: sysPrxForUser warning: sys_ppu_thread_set_priority(thread_id=81, prio=900)
[W : PPU[1] Thread (CPUThread)[0x01e2404c]]: sys_lwmutex warning: *** lwmutex created [] (attribute=0x12): sq_id = 82
[W : PPU[1] Thread (CPUThread)[0x00b87b80]]: sys_mutex warning: *** mutex created [] (protocol=0x2, recursive=true): id = 83
[W : PPU[1] Thread (CPUThread)[0x00b87bb4]]: sys_cond warning: *** condition on recursive mutex(83)
[W : PPU[1] Thread (CPUThread)[0x00b87bb4]]: sys_cond warning: *** condition created [] (mutex_id=83): id = 84
[! : PPU[1] Thread (CPUThread)[0x01e24028]]: *** New PPU Thread [CriThread] (): id = 85
[W : PPU[1] Thread (CPUThread)[0x00b8ab9c]]: sysPrxForUser warning: sys_ppu_thread_set_priority(thread_id=85, prio=900)
[W : PPU[1] Thread (CPUThread)[0x01e2404c]]: sys_lwmutex warning: *** lwmutex created [] (attribute=0x12): sq_id = 86
[W : PPU[1] Thread (CPUThread)[0x00b87b80]]: sys_mutex warning: *** mutex created [] (protocol=0x2, recursive=true): id = 87
[W : PPU[1] Thread (CPUThread)[0x00b87bb4]]: sys_cond warning: *** condition on recursive mutex(87)
[W : PPU[1] Thread (CPUThread)[0x00b87bb4]]: sys_cond warning: *** condition created [] (mutex_id=87): id = 88
[! : PPU[1] Thread (CPUThread)[0x01e24028]]: *** New PPU Thread [CriThread] (): id = 89
[W : PPU[1] Thread (CPUThread)[0x00b8ab9c]]: sysPrxForUser warning: sys_ppu_thread_set_priority(thread_id=89, prio=1100)
[W : PPU[1] Thread (CPUThread)[0x01e2404c]]: sys_lwmutex warning: *** lwmutex created [] (attribute=0x12): sq_id = 90
[W : PPU[1] Thread (CPUThread)[0x01e2404c]]: sys_lwmutex warning: *** lwmutex created [] (attribute=0x12): sq_id = 91
[W : PPU[1] Thread (CPUThread)[0x01e2404c]]: sys_lwmutex warning: *** lwmutex created [] (attribute=0x12): sq_id = 92
[W : PPU[1] Thread (CPUThread)[0x01e2404c]]: sys_lwmutex warning: *** lwmutex created [] (attribute=0x12): sq_id = 93
[W : PPU[1] Thread (CPUThread)[0x01e2404c]]: sys_lwmutex warning: *** lwmutex created [] (attribute=0x12): sq_id = 94
[W : PPU[1] Thread (CPUThread)[0x01e2404c]]: sys_lwmutex warning: *** lwmutex created [] (attribute=0x12): sq_id = 95
[W : PPU[1] Thread (CPUThread)[0x01e2404c]]: sys_lwmutex warning: *** lwmutex created [] (attribute=0x12): sq_id = 96
[W : PPU[1] Thread (CPUThread)[0x01e2404c]]: sys_lwmutex warning: *** lwmutex created [] (attribute=0x12): sq_id = 97
[W : PPU[1] Thread (CPUThread)[0x01e2404c]]: sys_lwmutex warning: *** lwmutex created [] (attribute=0x12): sq_id = 98
[W : PPU[1] Thread (CPUThread)[0x01e2404c]]: sys_lwmutex warning: *** lwmutex created [] (attribute=0x12): sq_id = 99
[W : PPU[1] Thread (CPUThread)[0x01e2404c]]: sys_lwmutex warning: *** lwmutex created [] (attribute=0x12): sq_id = 100
[W : PPU[1] Thread (CPUThread)[0x01e2404c]]: sys_lwmutex warning: *** lwmutex created [] (attribute=0x12): sq_id = 101
[W : PPU[1] Thread (CPUThread)[0x00b87b80]]: sys_mutex warning: *** mutex created [] (protocol=0x2, recursive=true): id = 102
[W : PPU[1] Thread (CPUThread)[0x00b87bb4]]: sys_cond warning: *** condition on recursive mutex(102)
[W : PPU[1] Thread (CPUThread)[0x00b87bb4]]: sys_cond warning: *** condition created [] (mutex_id=102): id = 103
[! : PPU[1] Thread (CPUThread)[0x01e24028]]: *** New PPU Thread [CriThread] (): id = 104
[W : PPU[1] Thread (CPUThread)[0x00b8ab9c]]: sysPrxForUser warning: sys_ppu_thread_set_priority(thread_id=104, prio=910)
[W : PPU[1] Thread (CPUThread)[0x01e2404c]]: sys_lwmutex warning: *** lwmutex created [] (attribute=0x12): sq_id = 105
[W : PPU[1] Thread (CPUThread)[0x01e2404c]]: sys_lwmutex warning: *** lwmutex created [] (attribute=0x12): sq_id = 106
[! : PPU[1] Thread (CPUThread)[0x01e24028]]: *** New PPU Thread [CRI Server Manager] (): id = 107
[W : PPU[1] Thread (CPUThread)[0x00b8ab9c]]: sysPrxForUser warning: sys_ppu_thread_set_priority(thread_id=107, prio=500)
[W : PPU[1] Thread (CPUThread)[0x01e2404c]]: sys_lwmutex warning: *** lwmutex created [] (attribute=0x11): sq_id = 108
[W : PPU[77] Thread (CriThread)[0x01e06034]]: *** cellFsOpen(path="/dev_bdvd/PS3_GAME/USRDIR/data/data000.cpk"): fd = 109
[W : PPU[77] Thread (CriThread)[0x01e06034]]: *** cellFsOpen(path="/dev_bdvd/PS3_GAME/USRDIR/data/data002.cpk"): fd = 110
[W : PPU[1] Thread (CPUThread)[0x01e240d0]]: sysPrxForUser warning: sys_ppu_thread_once(once_ctrl_addr=0x1dbf934, entry=0x157ce10)
[W : PPU[111] Thread (CPUThread)[0x01e2404c]]: sys_lwmutex warning: *** lwmutex created [_lc_spf] (attribute=0x22): sq_id = 112
[W : PPU[1] Thread (CPUThread)[0x01e10064]]: cellSpurs warning: _cellSpursAttributeInitialize(attr_addr=0xd00108f0, nSpus=2, spuPriority=3211264, ppuPriority=6, exitIfNoWork=100)
[E : PPU[1] Thread (CPUThread)[0x01e10004]]: cellSpurs error: cellSpursAttributeEnableSpuPrintfIfAvailable(attr_addr=0xd00108f0)
[E : PPU[1] Thread (CPUThread)[0x01e10070]]: cellSpurs error: cellSpursAttributeEnableSystemWorkload(attr_addr=0xd00108f0, priority[1045997552], maxSpu=1, isPreemptible[1045997560])
[E : PPU[1] Thread (CPUThread)[0x01e10070]]: cellSpurs error: cellSpursAttributeEnableSystemWorkload : CELL_SPURS_CORE_ERROR_INVAL
[W : PPU[1] Thread (CPUThread)[0x01e10088]]: cellSpurs warning: cellSpursInitializeWithAttribute(spurs_addr=0x16c7d80, spurs_addr=0xd00108f0)
[E : PPU[1] Thread (CPUThread)[0x01e10028]]: cellSpurs error: Unimplemented function: _cellSpursJobChainAttributeInitialize
[E : PPU[1] Thread (CPUThread)[0x01e1007c]]: cellSpurs error: Unimplemented function: cellSpursJobChainAttributeSetName
[E : PPU[1] Thread (CPUThread)[0x01e1001c]]: cellSpurs error: Unimplemented function: cellSpursCreateJobChainWithAttribute
[E : PPU[1] Thread (CPUThread)[0x01e1004c]]: cellSpurs error: Unimplemented function: cellSpursJobGuardInitialize
[E : PPU[1] Thread (CPUThread)[0x01e1004c]]: cellSpurs error: Unimplemented function: cellSpursJobGuardInitialize
[E : PPU[1] Thread (CPUThread)[0x01e10028]]: cellSpurs error: Unimplemented function: _cellSpursJobChainAttributeInitialize
[E : PPU[1] Thread (CPUThread)[0x01e1007c]]: cellSpurs error: Unimplemented function: cellSpursJobChainAttributeSetName
[E : PPU[1] Thread (CPUThread)[0x01e1001c]]: cellSpurs error: Unimplemented function: cellSpursCreateJobChainWithAttribute
[E : PPU[1] Thread (CPUThread)[0x01e1004c]]: cellSpurs error: Unimplemented function: cellSpursJobGuardInitialize
[E : PPU[1] Thread (CPUThread)[0x01e1004c]]: cellSpurs error: Unimplemented function: cellSpursJobGuardInitialize
[W : PPU[1] Thread (CPUThread)[0x01e2404c]]: sys_lwmutex warning: *** lwmutex created [] (attribute=0x11): sq_id = 113
[E : PPU[1] Thread (CPUThread)[0x01e1604c]]: TODO: _cellFiberPpuSchedulerAttributeInitialize
[E : PPU[1] Thread (CPUThread)[0x01e16058]]: TODO: _cellFiberPpuAttributeInitialize
[E : PPU[1] Thread (CPUThread)[0x01e16064]]: TODO: cellFiberPpuInitializeScheduler
[E : PPU[1] Thread (CPUThread)[0x01e16034]]: TODO: cellFiberPpuCreateFiber
[E : PPU[1] Thread (CPUThread)[0x01e16034]]: TODO: cellFiberPpuCreateFiber
[E : PPU[1] Thread (CPUThread)[0x01e16034]]: TODO: cellFiberPpuCreateFiber
[E : PPU[1] Thread (CPUThread)[0x01e16034]]: TODO: cellFiberPpuCreateFiber
[W : PPU[1] Thread (CPUThread)[0x01e2404c]]: sys_lwmutex warning: *** lwmutex created [] (attribute=0x11): sq_id = 114
[W : PPU[1] Thread (CPUThread)[0x01e2404c]]: sys_lwmutex warning: *** lwmutex created [] (attribute=0x11): sq_id = 115
[W : PPU[1] Thread (CPUThread)[0x01e2404c]]: sys_lwmutex warning: *** lwmutex created [] (attribute=0x11): sq_id = 116
[W : PPU[1] Thread (CPUThread)[0x01e2404c]]: sys_lwmutex warning: *** lwmutex created [] (attribute=0x11): sq_id = 117
[W : PPU[1] Thread (CPUThread)[0x01e24118]]: sys_lwcond warning: Recursive lwmutex(sq=117)
[W : PPU[1] Thread (CPUThread)[0x01e24118]]: sys_lwcond warning: *** lwcond created [] (lwmutex_addr=0x16aa038): id = 118
[W : PPU[1] Thread (CPUThread)[0x01e24118]]: sys_lwcond warning: Recursive lwmutex(sq=117)
[W : PPU[1] Thread (CPUThread)[0x01e24118]]: sys_lwcond warning: *** lwcond created [] (lwmutex_addr=0x16aa038): id = 119
[W : PPU[1] Thread (CPUThread)[0x01e2404c]]: sys_lwmutex warning: *** lwmutex created [] (attribute=0x11): sq_id = 120
[W : PPU[1] Thread (CPUThread)[0x01e24118]]: sys_lwcond warning: Recursive lwmutex(sq=120)
[W : PPU[1] Thread (CPUThread)[0x01e24118]]: sys_lwcond warning: *** lwcond created [] (lwmutex_addr=0x16aa0d0): id = 121
[W : PPU[1] Thread (CPUThread)[0x01e24118]]: sys_lwcond warning: Recursive lwmutex(sq=120)
[W : PPU[1] Thread (CPUThread)[0x01e24118]]: sys_lwcond warning: *** lwcond created [] (lwmutex_addr=0x16aa0d0): id = 122
[W : PPU[1] Thread (CPUThread)[0x01e2404c]]: sys_lwmutex warning: *** lwmutex created [] (attribute=0x22): sq_id = 123
[W : PPU[1] Thread (CPUThread)[0x01e2404c]]: sys_lwmutex warning: *** lwmutex created [] (attribute=0x22): sq_id = 124
[W : PPU[1] Thread (CPUThread)[0x01e2404c]]: sys_lwmutex warning: *** lwmutex created [] (attribute=0x22): sq_id = 125
[W : PPU[1] Thread (CPUThread)[0x01e2404c]]: sys_lwmutex warning: *** lwmutex created [] (attribute=0x22): sq_id = 126
[W : PPU[1] Thread (CPUThread)[0x01e2404c]]: sys_lwmutex warning: *** lwmutex created [] (attribute=0x22): sq_id = 127
[W : PPU[1] Thread (CPUThread)[0x01e2404c]]: sys_lwmutex warning: *** lwmutex created [] (attribute=0x11): sq_id = 128
[W : PPU[1] Thread (CPUThread)[0x01e2404c]]: sys_lwmutex warning: *** lwmutex created [] (attribute=0x11): sq_id = 129
[W : PPU[1] Thread (CPUThread)[0x01e24118]]: sys_lwcond warning: Recursive lwmutex(sq=129)
[W : PPU[1] Thread (CPUThread)[0x01e24118]]: sys_lwcond warning: *** lwcond created [] (lwmutex_addr=0x16aa420): id = 130
[W : PPU[1] Thread (CPUThread)[0x01e24118]]: sys_lwcond warning: Recursive lwmutex(sq=129)
[W : PPU[1] Thread (CPUThread)[0x01e24118]]: sys_lwcond warning: *** lwcond created [] (lwmutex_addr=0x16aa420): id = 131
[W : PPU[1] Thread (CPUThread)[0x01e2404c]]: sys_lwmutex warning: *** lwmutex created [] (attribute=0x11): sq_id = 132
[W : PPU[1] Thread (CPUThread)[0x01e24118]]: sys_lwcond warning: Recursive lwmutex(sq=132)
[W : PPU[1] Thread (CPUThread)[0x01e24118]]: sys_lwcond warning: *** lwcond created [] (lwmutex_addr=0x16aa258): id = 133
[W : PPU[1] Thread (CPUThread)[0x01e24118]]: sys_lwcond warning: Recursive lwmutex(sq=132)
[W : PPU[1] Thread (CPUThread)[0x01e24118]]: sys_lwcond warning: *** lwcond created [] (lwmutex_addr=0x16aa258): id = 134
[W : PPU[1] Thread (CPUThread)[0x01e2404c]]: sys_lwmutex warning: *** lwmutex created [] (attribute=0x11): sq_id = 135
[W : PPU[1] Thread (CPUThread)[0x01e2404c]]: sys_lwmutex warning: *** lwmutex created [] (attribute=0x11): sq_id = 136
[W : PPU[1] Thread (CPUThread)[0x01e2404c]]: sys_lwmutex warning: *** lwmutex created [] (attribute=0x11): sq_id = 137
[W : PPU[1] Thread (CPUThread)[0x01e2404c]]: sys_lwmutex warning: *** lwmutex created [_lc_mtx] (attribute=0x12): sq_id = 138
[W : PPU[1] Thread (CPUThread)[0x01e2404c]]: sys_lwmutex warning: *** lwmutex created [] (attribute=0x11): sq_id = 139
[W : PPU[1] Thread (CPUThread)[0x00b20374]]: sys_semaphore warning: sys_semaphore_create(sem_addr=0xd0010ab0, attr_addr=0xd0010ab8, initial_count=0, max_count=2147483647)
[W : PPU[1] Thread (CPUThread)[0x00b20374]]: sys_semaphore warning: sys_semaphore_create(sem_addr=0xd0010ab0, attr_addr=0xd0010ab8, initial_count=0, max_count=2147483647)
[! : PPU[1] Thread (CPUThread)[0x01e24028]]: *** New PPU Thread [MainJob1] (): id = 142
[W : PPU[1] Thread (CPUThread)[0x00b20374]]: sys_semaphore warning: sys_semaphore_create(sem_addr=0xd0010ab0, attr_addr=0xd0010ab8, initial_count=0, max_count=2147483647)
[W : PPU[1] Thread (CPUThread)[0x00b20374]]: sys_semaphore warning: sys_semaphore_create(sem_addr=0xd0010ab0, attr_addr=0xd0010ab8, initial_count=0, max_count=2147483647)
[! : PPU[1] Thread (CPUThread)[0x01e24028]]: *** New PPU Thread [MainDraw] (): id = 145
[W : PPU[1] Thread (CPUThread)[0x00b20374]]: sys_semaphore warning: sys_semaphore_create(sem_addr=0xd0010ab0, attr_addr=0xd0010ab8, initial_count=0, max_count=2147483647)
[W : PPU[1] Thread (CPUThread)[0x00b20374]]: sys_semaphore warning: sys_semaphore_create(sem_addr=0xd0010ab0, attr_addr=0xd0010ab8, initial_count=0, max_count=2147483647)
[! : PPU[1] Thread (CPUThread)[0x01e24028]]: *** New PPU Thread [MainSound] (): id = 148
[W : PPU[1] Thread (CPUThread)[0x01e0a004]]: cellGcmSys warning: cellGcmGetTiledPitchSize(size=8192)
[W : PPU[1] Thread (CPUThread)[0x01e0a004]]: cellGcmSys warning: cellGcmGetTiledPitchSize(size=1280)
[W : PPU[1] Thread (CPUThread)[0x01e0a004]]: cellGcmSys warning: cellGcmGetTiledPitchSize(size=32)
[W : PPU[1] Thread (CPUThread)[0x01e0a004]]: cellGcmSys warning: cellGcmGetTiledPitchSize(size=1024)
[W : PPU[1] Thread (CPUThread)[0x01e0a004]]: cellGcmSys warning: cellGcmGetTiledPitchSize(size=1024)
[W : PPU[1] Thread (CPUThread)[0x01e0a004]]: cellGcmSys warning: cellGcmGetTiledPitchSize(size=1024)
[W : PPU[1] Thread (CPUThread)[0x01e0a004]]: cellGcmSys warning: cellGcmGetTiledPitchSize(size=1024)
[W : PPU[1] Thread (CPUThread)[0x01e0a004]]: cellGcmSys warning: cellGcmGetTiledPitchSize(size=512)
[W : PPU[1] Thread (CPUThread)[0x01e0a004]]: cellGcmSys warning: cellGcmGetTiledPitchSize(size=512)
[W : PPU[1] Thread (CPUThread)[0x01e0a004]]: cellGcmSys warning: cellGcmGetTiledPitchSize(size=512)
[W : PPU[1] Thread (CPUThread)[0x01e0a004]]: cellGcmSys warning: cellGcmGetTiledPitchSize(size=512)
[W : PPU[1] Thread (CPUThread)[0x01e0a004]]: cellGcmSys warning: cellGcmGetTiledPitchSize(size=256)
[W : PPU[1] Thread (CPUThread)[0x01e0a004]]: cellGcmSys warning: cellGcmGetTiledPitchSize(size=256)
[W : PPU[1] Thread (CPUThread)[0x01e0a004]]: cellGcmSys warning: cellGcmGetTiledPitchSize(size=256)
[W : PPU[1] Thread (CPUThread)[0x01e0a004]]: cellGcmSys warning: cellGcmGetTiledPitchSize(size=256)
[W : PPU[1] Thread (CPUThread)[0x01e0a004]]: cellGcmSys warning: cellGcmGetTiledPitchSize(size=256)
[W : PPU[1] Thread (CPUThread)[0x01e0a004]]: cellGcmSys warning: cellGcmGetTiledPitchSize(size=256)
[W : PPU[1] Thread (CPUThread)[0x01e0a004]]: cellGcmSys warning: cellGcmGetTiledPitchSize(size=256)
[W : PPU[1] Thread (CPUThread)[0x01e0a004]]: cellGcmSys warning: cellGcmGetTiledPitchSize(size=256)
[W : PPU[1] Thread (CPUThread)[0x01e0a004]]: cellGcmSys warning: cellGcmGetTiledPitchSize(size=8192)
[W : PPU[1] Thread (CPUThread)[0x01e0a004]]: cellGcmSys warning: cellGcmGetTiledPitchSize(size=8192)
[W : PPU[1] Thread (CPUThread)[0x01e0a004]]: cellGcmSys warning: cellGcmGetTiledPitchSize(size=8192)
[W : PPU[1] Thread (CPUThread)[0x01e0a004]]: cellGcmSys warning: cellGcmGetTiledPitchSize(size=8192)
[W : PPU[1] Thread (CPUThread)[0x01e0a004]]: cellGcmSys warning: cellGcmGetTiledPitchSize(size=4096)
[W : PPU[1] Thread (CPUThread)[0x01e0a004]]: cellGcmSys warning: cellGcmGetTiledPitchSize(size=4096)
[W : PPU[1] Thread (CPUThread)[0x01e0a004]]: cellGcmSys warning: cellGcmGetTiledPitchSize(size=8192)
[W : PPU[1] Thread (CPUThread)[0x01e0a004]]: cellGcmSys warning: cellGcmGetTiledPitchSize(size=1024)
[W : PPU[1] Thread (CPUThread)[0x01e0a004]]: cellGcmSys warning: cellGcmGetTiledPitchSize(size=1024)
[W : PPU[1] Thread (CPUThread)[0x01e0a004]]: cellGcmSys warning: cellGcmGetTiledPitchSize(size=512)
[W : PPU[1] Thread (CPUThread)[0x01e0a004]]: cellGcmSys warning: cellGcmGetTiledPitchSize(size=512)
[W : PPU[77] Thread (CriThread)[0x01e060ac]]: sys_fs warning: cellFsSdataOpen(path="/dev_bdvd/PS3_GAME/USRDIR/data/shader2.sdat", flags=0x0, fd_addr=0x30700b80, arg_addr=0x0, size=0x0)
[W : PPU[89] Thread (CriThread)[0x00b87c7c]]: sys_cond_wait(id=88) aborted
[! : RSXThread]: RSX thread exit...
[W : PPU[73] Thread (CriThread)[0x00b87c7c]]: sys_cond_wait(id=72) aborted
[W : PPU[69] Thread (CriThread)[0x00b87c7c]]: sys_cond_wait(id=68) aborted
[W : PPU[81] Thread (CriThread)[0x00b87c7c]]: sys_cond_wait(id=80) aborted
[W : PPU[85] Thread (CriThread)[0x00b87c7c]]: sys_cond_wait(id=84) aborted
[W : PPU[104] Thread (CriThread)[0x00b87c7c]]: sys_cond_wait(id=103) aborted
[W : PPU[77] Thread (CriThread)[0x00b87c7c]]: sys_cond_wait(id=76) aborted
[!]: Closing memory...
