[!]: path: /dev_hdd0/game/
[!]: Loading 'D:\Emulateurs\Rpcs3\dev_hdd0\game\BLES01593-[Atelier MeruruThe Apprentice of Arland]/PS3_GAME/USRDIR/BOOT.BIN'...
[!]: Mount info:
[!]: /dev_hdd0/ -> D:\Emulateurs\Rpcs3\dev_hdd0\
[!]: /dev_hdd1/ -> D:\Emulateurs\Rpcs3\dev_hdd1\
[!]: /dev_flash/ -> D:\Emulateurs\Rpcs3\dev_flash\
[!]: /dev_usb000/ -> D:\Emulateurs\Rpcs3\dev_usb000\
[!]: /dev_usb/ -> D:\Emulateurs\Rpcs3\dev_usb000\
[!]: /app_home/ -> D:\Emulateurs\Rpcs3\dev_hdd0\game\BLES01593-[Atelier MeruruThe Apprentice of Arland]/PS3_GAME/\USRDIR\
[!]: /dev_bdvd/ -> D:\Emulateurs\Rpcs3\dev_hdd0\game\BLES01593-[Atelier MeruruThe Apprentice of Arland]/PS3_GAME/\..\
[!]: /host_root/ -> 
[!]: /app_home/Game/PS3_GAME/ -> D:\Emulateurs\Rpcs3\dev_hdd0\game\BLES01593-[Atelier MeruruThe Apprentice of Arland]/PS3_GAME/
[!]: data/ -> D:\Emulateurs\Rpcs3\dev_hdd0\game\BLES01593-[Atelier MeruruThe Apprentice of Arland]/PS3_GAME/\USRDIR\Data\
[!]: /data/ -> D:\Emulateurs\Rpcs3\dev_hdd0\game\BLES01593-[Atelier MeruruThe Apprentice of Arland]/PS3_GAME/\USRDIR\Data\
[!]: DATA/ -> D:\Emulateurs\Rpcs3\dev_hdd0\game\BLES01593-[Atelier MeruruThe Apprentice of Arland]/PS3_GAME/\USRDIR\DATA\
[!]: /app_home//dev_bdvd/PS3_GAME/USRDIR/data/gos/ -> D:\Emulateurs\Rpcs3\dev_hdd0\game\BLES01593-[Atelier MeruruThe Apprentice of Arland]/PS3_GAME/\USRDIR\
[!]: //dev_bdvd/PS3_GAME/ -> D:\Emulateurs\Rpcs3\dev_hdd0\game\BLES01593-[Atelier MeruruThe Apprentice of Arland]/PS3_GAME/
[!]: /USRDIR/PS3_GAME/ -> D:\Emulateurs\Rpcs3\dev_hdd0\game\BLES01593-[Atelier MeruruThe Apprentice of Arland]/PS3_GAME/
[!]: Data/ -> D:\Emulateurs\Rpcs3\dev_hdd0\game\BLES01593-[Atelier MeruruThe Apprentice of Arland]/PS3_GAME/\USRDIR\Data\
[!]: Res/ -> D:\Emulateurs\Rpcs3\dev_hdd0\game\BLES01593-[Atelier MeruruThe Apprentice of Arland]/PS3_GAME/\USRDIR\Res\
[!]: / -> D:\Emulateurs\Rpcs3\dev_hdd0\game\BLES01593-[Atelier MeruruThe Apprentice of Arland]/PS3_GAME/\USRDIR\Res\install\
[!]: /Res/ -> D:\Emulateurs\Rpcs3\dev_hdd0\game\BLES01593-[Atelier MeruruThe Apprentice of Arland]/PS3_GAME/\USRDIR\Res\
[!]: Initing memory...
[!]: Memory initialized.
[W]: Unknown function 0x1dfbfdd6 in 'cellSysutil' module
[E]: TODO: cellSaveDataListLoad2
[W]: Unknown function 0x20543730 in 'cellSysutil' module
[E]: TODO: cellMsgDialogClose
[W]: Unknown function 0x21425307 in 'cellSysutil' module
[E]: TODO: cellSaveDataListAutoLoad
[W]: Unknown function 0x2a8eada2 in 'cellSysutil' module
[E]: TODO: cellSaveDataFixedLoad2
[W]: Unknown function 0x2aae9ef5 in 'cellSysutil' module
[E]: TODO: cellSaveDataFixedSave2
[W]: Unknown function 0x2de0d663 in 'cellSysutil' module
[E]: TODO: cellSaveDataListSave2
[W]: Unknown function 0x4dd03a4e in 'cellSysutil' module
[E]: TODO: cellSaveDataListAutoSave
[W]: Unknown function 0x62b0f803 in 'cellSysutil' module
[E]: TODO: cellMsgDialogAbort
[W]: Unknown function 0x7bc2c8a8 in 'cellSysutil' module
[E]: TODO: cellMsgDialogProgressBarReset
[W]: Unknown function 0x8b7ed64b in 'cellSysutil' module
[E]: TODO: cellSaveDataAutoSave2
[W]: Unknown function 0x8b8a2f48 in 'cellSysutil' module
[E]: TODO: cellSaveDataUserFixedDelete
[W]: Unknown function 0x94862702 in 'cellSysutil' module
[E]: TODO: cellMsgDialogProgressBarInc
[W]: Unknown function 0x9d6af72a in 'cellSysutil' module
[E]: TODO: cellMsgDialogProgressBarSetMsg
[W]: Unknown function 0xedadd797 in 'cellSysutil' module
[E]: TODO: cellSaveDataDelete2
[W]: Unknown function 0xfbd5c856 in 'cellSysutil' module
[E]: TODO: cellSaveDataAutoLoad2
[W]: Unknown function 0x63387071 in 'cellGcmSys' module
[E]: TODO: cellGcmGetLastFlipTime
[W]: Unknown function 0xacee8542 in 'cellGcmSys' module
[E]: TODO: cellGcmSetFlipImmediate
[W]: Unknown function 0xe0cef79e in 'cellResc' module
[E]: TODO: cellRescCreateInterlaceTable
[W]: Unknown function 0x373523d4 in 'cellSpurs' module
[E]: TODO: cellSpursEventFlagWait
[W]: Unknown function 0x57e4dec3 in 'cellSpurs' module
[E]: TODO: cellSpursRemoveWorkload
[W]: Unknown function 0x5fd43fe4 in 'cellSpurs' module
[E]: TODO: cellSpursWaitForWorkloadShutdown
[W]: Unknown function 0x69726aa2 in 'cellSpurs' module
[E]: TODO: cellSpursAddWorkload
[W]: Unknown function 0x7e4ea023 in 'cellSpurs' module
[E]: TODO: cellSpursWakeUp
[W]: Unknown function 0x98d5b343 in 'cellSpurs' module
[E]: TODO: cellSpursShutdownWorkload
[W]: Unknown function 0xa73bf47e in 'cellSpurs' module
[E]: TODO: _cellSpursWorkloadFlagReceiver
[W]: Unknown function 0xacfc8dbc in 'cellSpurs' module
[E]: TODO: cellSpursInitialize
[W]: Unknown function 0xc765b995 in 'cellSpurs' module
[E]: TODO: cellSpursGetWorkloadFlag
[W]: Unknown function 0xf843818d in 'cellSpurs' module
[E]: TODO: cellSpursReadyCountStore
[W]: Unknown function 0x22aab31d in 'cellSpurs' module
[E]: TODO: cellSpursEventFlagDetachLv2EventQueue
[W]: Unknown function 0x52cc6c82 in 'cellSpurs' module
[E]: TODO: cellSpursCreateTaskset
[W]: Unknown function 0x5ef96465 in 'cellSpurs' module
[E]: TODO: _cellSpursEventFlagInitialize
[W]: Unknown function 0x87630976 in 'cellSpurs' module
[E]: TODO: cellSpursEventFlagAttachLv2EventQueue
[W]: Unknown function 0x9f72add3 in 'cellSpurs' module
[E]: TODO: cellSpursJoinTaskset
[W]: Unknown function 0xa789e631 in 'cellSpurs' module
[E]: TODO: cellSpursShutdownTaskset
[W]: Unknown function 0xbeb600ac in 'cellSpurs' module
[E]: TODO: cellSpursCreateTask
[W]: Unknown function 0xe0a6dbe4 in 'cellSpurs' module
[E]: TODO: _cellSpursSendSignal
[W]: Unknown function 0x1ebcf459 in 'cellSpurs' module
[E]: TODO: cellSpursDestroyTaskset2
[W]: Unknown function 0x4a6465e3 in 'cellSpurs' module
[E]: TODO: cellSpursCreateTaskset2
[W]: Unknown function 0x838fa4f0 in 'cellSpurs' module
[E]: TODO: cellSpursTryJoinTask2
[W]: Unknown function 0xa7a94892 in 'cellSpurs' module
[E]: TODO: cellSpursJoinTask2
[W]: Unknown function 0xc2acdf43 in 'cellSpurs' module
[E]: TODO: _cellSpursTasksetAttribute2Initialize
[W]: Unknown function 0xe14ca62d in 'cellSpurs' module
[E]: TODO: cellSpursCreateTask2
[W]: Unknown function 0x06be743d in 'cellFont' module
[E]: TODO: cellFontGetKerning
[W]: Unknown function 0xced4dda9 in 'cellFont' module
[E]: TODO: cellFontGetRenderEffectSlant
[W]: Unknown module 'cellSysutilAvconfExt'
[W]: Unknown function 0x01bbf2e0 in 'cellSpursJq' module
[E]: TODO: cellSpursJobQueueGetSpurs
[W]: Unknown function 0x0582338a in 'cellSpursJq' module
[E]: TODO: cellSpursJobQueueAttributeSetDoBusyWaiting
[W]: Unknown function 0x0f03f712 in 'cellSpursJq' module
[E]: TODO: cellSpursJobQueueAttributeSetSubmitWithEntryLock
[W]: Unknown function 0x1686957e in 'cellSpursJq' module
[E]: TODO: cellSpursJobQueueAttributeSetMaxSizeJobDescriptor
[W]: Unknown function 0x26fa81b4 in 'cellSpursJq' module
[E]: TODO: cellSpursJobQueuePortFinalize
[W]: Unknown function 0x3d1294fc in 'cellSpursJq' module
[E]: TODO: cellSpursJobQueuePortInitialize
[W]: Unknown function 0x43ddab4f in 'cellSpursJq' module
[E]: TODO: cellSpursJobQueueAttributeInitialize
[W]: Unknown function 0x4e1a17a6 in 'cellSpursJq' module
[E]: TODO: _cellSpursJobQueuePortPushBody
[W]: Unknown function 0x742cec0d in 'cellSpursJq' module
[E]: TODO: cellSpursJobQueueAttributeSetIsJobTypeMemoryCheck
[W]: Unknown function 0x8c97a96c in 'cellSpursJq' module
[E]: TODO: cellSpursShutdownJobQueue
[W]: Unknown function 0x8ce4cffa in 'cellSpursJq' module
[E]: TODO: cellSpursJoinJobQueue
[W]: Unknown function 0x90c88f84 in 'cellSpursJq' module
[E]: TODO: cellSpursJobQueuePortGetJobQueue
[W]: Unknown function 0xe70f874e in 'cellSpursJq' module
[E]: TODO: cellSpursJobQueueAttributeSetGrabParameters
[W]: Unknown function 0xf244e799 in 'cellSpursJq' module
[E]: TODO: _cellSpursCreateJobQueue
[W]: Unknown function 0xff03cc79 in 'cellSpursJq' module
[E]: TODO: cellSpursJobQueueAttributeSetIsHaltOnError
[W]: Unknown function 0x0247c69e in 'cellSail' module
[E]: TODO: cellSailGraphicsAdapterGetFrame
[W]: Unknown function 0x0c4cb439 in 'cellSail' module
[E]: TODO: cellSailFutureReset
[W]: Unknown function 0x1139a206 in 'cellSail' module
[E]: TODO: cellSailPlayerSetSoundAdapter
[W]: Unknown function 0x18b4629d in 'cellSail' module
[E]: TODO: cellSailPlayerFinalize
[W]: Unknown function 0x18bcd21b in 'cellSail' module
[E]: TODO: cellSailPlayerSetGraphicsAdapter
[W]: Unknown function 0x1c983864 in 'cellSail' module
[E]: TODO: cellSailGraphicsAdapterInitialize
[W]: Unknown function 0x23654375 in 'cellSail' module
[E]: TODO: cellSailPlayerInitialize2
[W]: Unknown function 0x2e3ccb5e in 'cellSail' module
[E]: TODO: cellSailGraphicsAdapterSetPreferredFormat
[W]: Unknown function 0x346ebba3 in 'cellSail' module
[E]: TODO: cellSailMemAllocatorInitialize
[W]: Unknown function 0x34ecc1b9 in 'cellSail' module
[E]: TODO: cellSailPlayerOpenStream
[W]: Unknown function 0x3a2d806c in 'cellSail' module
[E]: TODO: cellSailFutureGet
[W]: Unknown function 0x3d0d3b72 in 'cellSail' module
[E]: TODO: cellSailSoundAdapterInitialize
[W]: Unknown function 0x44a20e79 in 'cellSail' module
[E]: TODO: cellSailGraphicsAdapterUpdateAvSync
[W]: Unknown function 0x4cc54f8e in 'cellSail' module
[E]: TODO: cellSailFutureInitialize
[W]: Unknown function 0x76488bb1 in 'cellSail' module
[E]: TODO: cellSailGraphicsAdapterFinalize
[W]: Unknown function 0x7c8dff3b in 'cellSail' module
[E]: TODO: cellSailPlayerAddDescriptor
[W]: Unknown function 0x7eb8d6b5 in 'cellSail' module
[E]: TODO: cellSailSoundAdapterGetFrame
[W]: Unknown function 0x9553af65 in 'cellSail' module
[E]: TODO: cellSailFutureFinalize
[W]: Unknown function 0xa37fed15 in 'cellSail' module
[E]: TODO: cellSailFutureSet
[W]: Unknown function 0xbdf21b0f in 'cellSail' module
[E]: TODO: cellSailPlayerBoot
[W]: Unknown function 0xd1462438 in 'cellSail' module
[E]: TODO: cellSailSoundAdapterFinalize
[W]: Unknown function 0xd7938b8d in 'cellSail' module
[E]: TODO: cellSailPlayerCreateDescriptor
[W]: Unknown function 0xe535b0d3 in 'cellSail' module
[E]: TODO: cellSailPlayerStart
[W]: Unknown function 0xeba8d4ec in 'cellSail' module
[E]: TODO: cellSailPlayerStop
[W]: Unknown function 0xeec22809 in 'cellSail' module
[E]: TODO: cellSailSoundAdapterUpdateAvSync
[W]: Unknown function 0xf25f197d in 'cellSail' module
[E]: TODO: cellSailSoundAdapterGetFormat
[W]: Unknown function 0xfc5baf8a in 'cellSail' module
[E]: TODO: cellSailPlayerSetRepeatMode
[W]: Unknown function 0xfc839bd4 in 'cellSail' module
[E]: TODO: cellSailPlayerDestroyDescriptor
[W]: Unknown function 0xffd58aa4 in 'cellSail' module
[E]: TODO: cellSailGraphicsAdapterGetFormat
[W]: Unknown function 0x1e7a247a in 'cellFiber' module
[E]: TODO: cellFiberPpuUtilWorkerControlRunFibers
[W]: Unknown function 0x392c5aa5 in 'cellFiber' module
[E]: TODO: cellFiberPpuUtilWorkerControlSetPollingMode
[W]: Unknown function 0x5d9a7034 in 'cellFiber' module
[E]: TODO: cellFiberPpuSelf
[W]: Unknown function 0x68ba4568 in 'cellFiber' module
[E]: TODO: _cellFiberPpuUtilWorkerControlAttributeInitialize
[W]: Unknown function 0x6c164b3b in 'cellFiber' module
[E]: TODO: cellFiberPpuWaitSignal
[W]: Unknown function 0x8afb8356 in 'cellFiber' module
[E]: TODO: cellFiberPpuSendSignal
[W]: Unknown function 0xa27c95ca in 'cellFiber' module
[E]: TODO: cellFiberPpuUtilWorkerControlFinalize
[W]: Unknown function 0xa6004249 in 'cellFiber' module
[E]: TODO: cellFiberPpuJoinFiber
[W]: Unknown function 0xbabf714b in 'cellFiber' module
[E]: TODO: cellFiberPpuUtilWorkerControlWakeup
[W]: Unknown function 0xbfca88d3 in 'cellFiber' module
[E]: TODO: cellFiberPpuUtilWorkerControlCreateFiber
[W]: Unknown function 0xc04e2438 in 'cellFiber' module
[E]: TODO: cellFiberPpuUtilWorkerControlShutdown
[W]: Unknown function 0xc11f8056 in 'cellFiber' module
[E]: TODO: _cellFiberPpuAttributeInitialize
[W]: Unknown function 0xf2ccad4f in 'cellFiber' module
[E]: TODO: cellFiberPpuUtilWorkerControlInitializeWithAttribute
[W]: Unknown function 0x55870804 in 'cellFiber' module
[E]: TODO: _cellFiberPpuInitialize
[W]: Unknown function 0x0c2983ac in 'cellSync2' module
[E]: TODO: cellSync2SemaphoreRelease
[W]: Unknown function 0x164843a7 in 'cellSync2' module
[E]: TODO: cellSync2SemaphoreFinalize
[W]: Unknown function 0x2d77fe17 in 'cellSync2' module
[E]: TODO: _cellSync2SemaphoreAttributeInitialize
[W]: Unknown function 0xc5dee254 in 'cellSync2' module
[E]: TODO: cellSync2SemaphoreInitialize
[W]: Unknown function 0xd1b0d146 in 'cellSync2' module
[E]: TODO: cellSync2SemaphoreAcquire
[W]: Unknown function 0x931ff25a in 'cellL10n' module
[E]: TODO: L10nConvertStr
[W]: Unknown function 0x8a561d92 in 'sysPrxForUser' module
[E]: TODO: _sys_heap_free
[W]: Unknown function 0xaede4b03 in 'sysPrxForUser' module
[E]: TODO: _sys_heap_delete_heap
[W]: Unknown function 0x28e208bb in 'sys_net' module
[E]: TODO: listen
[W]: Unknown function 0x3f09e20a in 'sys_net' module
[E]: TODO: socketselect
[W]: Unknown function 0xdabbc2c0 in 'sys_net' module
[E]: TODO: inet_addr
[W : PPU[1] Thread (CPUThread)[0x0174404c]]: sys_lwmutex warning: *** lwmutex created [_lc_mtx] (attribute=0x12): sq_id = 3
[W : PPU[1] Thread (CPUThread)[0x0001f380]]: memory warning: sys_memory_get_user_memory_size(mem_info_addr=0xd0010c04)
[W : PPU[1] Thread (CPUThread)[0x0174404c]]: sys_lwmutex warning: *** lwmutex created [_lc_mtx] (attribute=0x12): sq_id = 4
[W : PPU[1] Thread (CPUThread)[0x0174404c]]: sys_lwmutex warning: *** lwmutex created [_lc_mtx] (attribute=0x12): sq_id = 5
[W : PPU[1] Thread (CPUThread)[0x0174404c]]: sys_lwmutex warning: *** lwmutex created [_lc_mtx] (attribute=0x12): sq_id = 6
[W : PPU[1] Thread (CPUThread)[0x0174404c]]: sys_lwmutex warning: *** lwmutex created [_lc_mtx] (attribute=0x12): sq_id = 7
[W : PPU[1] Thread (CPUThread)[0x0174404c]]: sys_lwmutex warning: *** lwmutex created [_lc_mtx] (attribute=0x12): sq_id = 8
[W : PPU[1] Thread (CPUThread)[0x0174404c]]: sys_lwmutex warning: *** lwmutex created [_lc_mtx] (attribute=0x12): sq_id = 9
[W : PPU[1] Thread (CPUThread)[0x0174404c]]: sys_lwmutex warning: *** lwmutex created [_lc_mtx] (attribute=0x12): sq_id = 10
[W : PPU[1] Thread (CPUThread)[0x0174404c]]: sys_lwmutex warning: *** lwmutex created [_lc_mtx] (attribute=0x12): sq_id = 11
[W : PPU[1] Thread (CPUThread)[0x0174404c]]: sys_lwmutex warning: *** lwmutex created [_lc_mtx] (attribute=0x12): sq_id = 12
[W : PPU[1] Thread (CPUThread)[0x0174404c]]: sys_lwmutex warning: *** lwmutex created [] (attribute=0x22): sq_id = 13
[W : PPU[1] Thread (CPUThread)[0x002cde6c]]: sys_mutex warning: *** mutex created [] (protocol=0x2, recursive=false): id = 14
[W : PPU[1] Thread (CPUThread)[0x002cde6c]]: sys_mutex warning: *** mutex created [] (protocol=0x2, recursive=false): id = 15
[W : PPU[1] Thread (CPUThread)[0x002cde6c]]: sys_mutex warning: *** mutex created [] (protocol=0x2, recursive=false): id = 16
[W : PPU[1] Thread (CPUThread)[0x002cde6c]]: sys_mutex warning: *** mutex created [] (protocol=0x2, recursive=false): id = 17
[W : PPU[1] Thread (CPUThread)[0x002cde6c]]: sys_mutex warning: *** mutex created [] (protocol=0x2, recursive=false): id = 18
[W : PPU[1] Thread (CPUThread)[0x002cde6c]]: sys_mutex warning: *** mutex created [] (protocol=0x2, recursive=false): id = 19
[W : PPU[1] Thread (CPUThread)[0x002c8438]]: sys_mutex warning: *** mutex created [] (protocol=0x2, recursive=false): id = 20
[W : PPU[1] Thread (CPUThread)[0x003c7598]]: memory warning: sys_memory_get_user_memory_size(mem_info_addr=0xd000e630)
[W : PPU[1] Thread (CPUThread)[0x003c7598]]: memory warning: sys_memory_get_user_memory_size(mem_info_addr=0xd000e630)
[W : PPU[1] Thread (CPUThread)[0x003c7598]]: memory warning: sys_memory_get_user_memory_size(mem_info_addr=0xd000e630)
[W : PPU[1] Thread (CPUThread)[0x003c7598]]: memory warning: sys_memory_get_user_memory_size(mem_info_addr=0xd000e630)
[W : PPU[1] Thread (CPUThread)[0x003c74b0]]: memory warning: sys_memory_get_user_memory_size(mem_info_addr=0xd0010720)
[W : PPU[1] Thread (CPUThread)[0x01724010]]: cellSysmodule warning: cellSysmoduleLoadModule(CELL_SYSMODULE_SYSUTIL_NP)
[W : PPU[1] Thread (CPUThread)[0x01724010]]: cellSysmodule warning: cellSysmoduleLoadModule(CELL_SYSMODULE_SYSUTIL_SAVEDATA)
[W : PPU[1] Thread (CPUThread)[0x01724010]]: cellSysmodule warning: cellSysmoduleLoadModule(CELL_SYSMODULE_SYSUTIL_USERINFO)
[W : PPU[1] Thread (CPUThread)[0x01724010]]: cellSysmodule warning: cellSysmoduleLoadModule(CELL_SYSMODULE_PAMF)
[W : PPU[1] Thread (CPUThread)[0x01724010]]: cellSysmodule warning: cellSysmoduleLoadModule(CELL_SYSMODULE_SYNC2)
[W : PPU[1] Thread (CPUThread)[0x00f4d0e8]]: cellSysutil warning: cellSysutilRegisterCallback(slot=2, func_addr=0x1051088, userdata=0x0)
[W : PPU[1] Thread (CPUThread)[0x01724010]]: cellSysmodule warning: cellSysmoduleLoadModule(CELL_SYSMODULE_USBD)
[W : PPU[1] Thread (CPUThread)[0x01724010]]: cellSysmodule warning: cellSysmoduleLoadModule(CELL_SYSMODULE_NET)
[W : PPU[1] Thread (CPUThread)[0x00f4d0e8]]: cellSysutil warning: cellSysutilRegisterCallback(slot=0, func_addr=0x105d7c0, userdata=0x148f180)
[W : PPU[1] Thread (CPUThread)[0x0059ba18]]: sys_spu warning: sys_spu_initialize(max_usable_spu=6, max_raw_spu=0)
[E : PPU[1] Thread (CPUThread)[0x0001b10c]]: sys_fs error: "/app_home/sampleArg.txt" not found! flags: 0x00000000
[W : PPU[1] Thread (CPUThread)[0x00f4f01c]]: cellGcmSys warning: cellGcmInit(context_addr=0x13f6464,cmdSize=0xf0000,ioSize=0x100000,ioAddress=0x3a200000)
[W : PPU[1] Thread (CPUThread)[0x00f4f01c]]: cellGcmSys warning: *** local memory(addr=0xc0000000, size=0xf900000)
[W : PPU[1] Thread (CPUThread)[0x00f4f01c]]: cellGcmSys warning: cellGcmMapEaIoAddress(ea=0x3a200000, io=0x0, size=0x100000)
[! : RSXThread]: RSX thread entry
[E : PPU[1] Thread (CPUThread)[0x00f4f0e8]]: cellGcmSys error: Unimplemented function: cellGcmSetVBlankHandler
[W : PPU[1] Thread (CPUThread)[0x00f4f010]]: cellGcmSys warning: cellGcmSetUserHandler(handler=0x105d7f0)
[W : PPU[1] Thread (CPUThread)[0x00f4d0f4]]: cellSysutil warning: cellVideoOutGetResolutionAvailability(videoOut=0, resolutionId=0x2, option_addr=0x2, aspect=0x0, option=0x623c9780)
[W : PPU[1] Thread (CPUThread)[0x00f4f004]]: cellGcmSys warning: cellGcmGetTiledPitchSize(size=5120)
[W : PPU[1] Thread (CPUThread)[0x00f4d004]]: cellSysutil warning: cellVideoOutConfigure(videoOut=0, config_addr=0xd0010b38, option_addr=0x0, waitForEvent=0x0)
[W : PPU[1] Thread (CPUThread)[0x00f4f058]]: cellGcmSys warning: cellGcmSetFlipMode(mode=2)
[W : PPU[1] Thread (CPUThread)[0x00f4f100]]: cellGcmSys warning: cellGcmSetTileInfo(index=0, location=0, offset=0, size=7864320, pitch=5120, comp=7, base=0, bank=0)
[E : PPU[1] Thread (CPUThread)[0x00f4f100]]: cellGcmSys error: cellGcmSetTileInfo: bad comp! (7)
[W : PPU[1] Thread (CPUThread)[0x00f4f04c]]: cellGcmSys warning: cellGcmBindTile(index=0)
[W : PPU[1] Thread (CPUThread)[0x00f4f004]]: cellGcmSys warning: cellGcmGetTiledPitchSize(size=5120)
[W : PPU[1] Thread (CPUThread)[0x00f4f100]]: cellGcmSys warning: cellGcmSetTileInfo(index=1, location=0, offset=7864320, size=3932160, pitch=5120, comp=10, base=120, bank=2)
[E : PPU[1] Thread (CPUThread)[0x00f4f100]]: cellGcmSys error: cellGcmSetTileInfo: bad comp! (10)
[W : PPU[1] Thread (CPUThread)[0x00f4f04c]]: cellGcmSys warning: cellGcmBindTile(index=1)
[W : PPU[1] Thread (CPUThread)[0x00f4f0b8]]: cellGcmSys warning: TODO: cellGcmBindZcull(index=0)
[W : PPU[1] Thread (CPUThread)[0x00f4f0c4]]: cellGcmSys warning: cellGcmSetDisplayBuffer(id=0x0,offset=0x0,pitch=4,width=1280,height=720)
[W : PPU[1] Thread (CPUThread)[0x00f4f0c4]]: cellGcmSys warning: cellGcmSetDisplayBuffer(id=0x1,offset=0x3c0000,pitch=4,width=1280,height=720)
[W : PPU[1] Thread (CPUThread)[0x01724010]]: cellSysmodule warning: cellSysmoduleLoadModule(CELL_SYSMODULE_RESC)
[W : PPU[1] Thread (CPUThread)[0x0171e058]]: cellResc warning: cellRescInit(initConfig_addr=0xd0010b70)
[W : PPU[1] Thread (CPUThread)[0x0171e040]]: cellResc warning: cellRescSetDisplayMode(displayMode=4)
[W : PPU[1] Thread (CPUThread)[0x0171e040]]: cellSysutil warning: cellVideoOutConfigure(videoOut=0, config_addr=0x30016000, option_addr=0x0, waitForEvent=0x0)
[W : PPU[1] Thread (CPUThread)[0x0171e040]]: cellGcmSys warning: cellGcmSetFlipMode(mode=2)
[W : PPU[1] Thread (CPUThread)[0x0171e064]]: cellResc warning: cellRescGetBufferSize(colorBuffers_addr=0xd0010ad4, vertexArray_addr=0xd0010ad8, fragmentShader_addr=0xd0010adc)
[W : PPU[1] Thread (CPUThread)[0x0171e07c]]: cellResc warning: cellRescSetBufferAddress(colorBuffers_addr=0xc0b40000, vertexArray_addr=0xc1610000, fragmentShader_addr=0xc1610400)
[W : PPU[1] Thread (CPUThread)[0x0171e07c]]: cellGcmSys warning: cellGcmSetDisplayBuffer(id=0x0,offset=0xb40000,pitch=6,width=1280,height=720)
[W : PPU[1] Thread (CPUThread)[0x0171e07c]]: cellGcmSys warning: cellGcmSetDisplayBuffer(id=0x1,offset=0x10a4000,pitch=6,width=1280,height=720)
[W : PPU[1] Thread (CPUThread)[0x00f4f100]]: cellGcmSys warning: cellGcmSetTileInfo(index=2, location=0, offset=11796480, size=11337728, pitch=7680, comp=7, base=180, bank=0)
[E : PPU[1] Thread (CPUThread)[0x00f4f100]]: cellGcmSys error: cellGcmSetTileInfo: bad comp! (7)
[W : PPU[1] Thread (CPUThread)[0x00f4f04c]]: cellGcmSys warning: cellGcmBindTile(index=2)
[E : PPU[1] Thread (CPUThread)[0x0171e0a0]]: TODO: cellRescCreateInterlaceTable
[W : PPU[1] Thread (CPUThread)[0x00f4f088]]: cellGcmSys warning: cellGcmMapEaIoAddress(ea=0x3a300000, io=0xd100000, size=0xf00000)
[W : PPU[1] Thread (CPUThread)[0x00f4f070]]: cellGcmSys warning: cellGcmMapEaIoAddressWithFlags(ea=0x3b200000, io=0xe000000, size=0x100000, flags=0x2)
[W : PPU[1] Thread (CPUThread)[0x00f4f070]]: cellGcmSys warning: cellGcmMapEaIoAddress(ea=0x3b200000, io=0xe000000, size=0x100000)
[W : PPU[1] Thread (CPUThread)[0x01724010]]: cellSysmodule warning: cellSysmoduleLoadModule(CELL_SYSMODULE_NET)
[W : PPU[1] Thread (CPUThread)[0x01724010]]: cellSysmodule warning: cellSysmoduleLoadModule(CELL_SYSMODULE_NETCTL)
[W : PPU[1] Thread (CPUThread)[0x01724010]]: cellSysmodule warning: cellSysmoduleLoadModule(CELL_SYSMODULE_RESC)
[W : PPU[1] Thread (CPUThread)[0x01724010]]: cellSysmodule warning: cellSysmoduleLoadModule(CELL_SYSMODULE_USBD)
[W : PPU[1] Thread (CPUThread)[0x01724010]]: cellSysmodule warning: cellSysmoduleLoadModule(CELL_SYSMODULE_FS)
[W : PPU[1] Thread (CPUThread)[0x01724010]]: cellSysmodule warning: cellSysmoduleLoadModule(CELL_SYSMODULE_SYSUTIL_GAME)
[E : PPU[1] Thread (CPUThread)[0x01726064]]: TODO: cellSpursInitialize
[W : PPU[1] Thread (CPUThread)[0x0174404c]]: sys_lwmutex warning: *** lwmutex created [] (attribute=0x22): sq_id = 21
[W : PPU[1] Thread (CPUThread)[0x01744100]]: sys_lwcond warning: *** lwcond created [] (lwmutex_addr=0x306f5930): id = 22
[W : PPU[1] Thread (CPUThread)[0x0174404c]]: sys_lwmutex warning: *** lwmutex created [] (attribute=0x22): sq_id = 23
[W : PPU[1] Thread (CPUThread)[0x01744100]]: sys_lwcond warning: *** lwcond created [] (lwmutex_addr=0x306f59a0): id = 24
[W : PPU[1] Thread (CPUThread)[0x0174404c]]: sys_lwmutex warning: *** lwmutex created [] (attribute=0x22): sq_id = 25
[W : PPU[1] Thread (CPUThread)[0x01744100]]: sys_lwcond warning: *** lwcond created [] (lwmutex_addr=0x306f5a00): id = 26
[W : PPU[1] Thread (CPUThread)[0x0174404c]]: sys_lwmutex warning: *** lwmutex created [] (attribute=0x22): sq_id = 27
[W : PPU[1] Thread (CPUThread)[0x01744100]]: sys_lwcond warning: *** lwcond created [] (lwmutex_addr=0x306f5a40): id = 28
[W : PPU[1] Thread (CPUThread)[0x0174404c]]: sys_lwmutex warning: *** lwmutex created [] (attribute=0x22): sq_id = 29
[W : PPU[1] Thread (CPUThread)[0x01744100]]: sys_lwcond warning: *** lwcond created [] (lwmutex_addr=0x306f5a80): id = 30
[W : PPU[1] Thread (CPUThread)[0x0174404c]]: sys_lwmutex warning: *** lwmutex created [] (attribute=0x22): sq_id = 31
[W : PPU[1] Thread (CPUThread)[0x01744100]]: sys_lwcond warning: *** lwcond created [] (lwmutex_addr=0x306f5ac0): id = 32
[W : PPU[1] Thread (CPUThread)[0x0174404c]]: sys_lwmutex warning: *** lwmutex created [] (attribute=0x22): sq_id = 33
[W : PPU[1] Thread (CPUThread)[0x01744100]]: sys_lwcond warning: *** lwcond created [] (lwmutex_addr=0x306f5b00): id = 34
[W : PPU[1] Thread (CPUThread)[0x0174404c]]: sys_lwmutex warning: *** lwmutex created [] (attribute=0x22): sq_id = 35
[W : PPU[1] Thread (CPUThread)[0x01744100]]: sys_lwcond warning: *** lwcond created [] (lwmutex_addr=0x306f5b40): id = 36
[W : PPU[1] Thread (CPUThread)[0x0174404c]]: sys_lwmutex warning: *** lwmutex created [] (attribute=0x22): sq_id = 37
[W : PPU[1] Thread (CPUThread)[0x01744100]]: sys_lwcond warning: *** lwcond created [] (lwmutex_addr=0x306f5b80): id = 38
[W : PPU[1] Thread (CPUThread)[0x0174404c]]: sys_lwmutex warning: *** lwmutex created [] (attribute=0x22): sq_id = 39
[W : PPU[1] Thread (CPUThread)[0x01744100]]: sys_lwcond warning: *** lwcond created [] (lwmutex_addr=0x306f5bc0): id = 40
[W : PPU[1] Thread (CPUThread)[0x0174404c]]: sys_lwmutex warning: *** lwmutex created [] (attribute=0x22): sq_id = 41
[W : PPU[1] Thread (CPUThread)[0x01744100]]: sys_lwcond warning: *** lwcond created [] (lwmutex_addr=0x306f5c30): id = 42
[W : PPU[1] Thread (CPUThread)[0x0174404c]]: sys_lwmutex warning: *** lwmutex created [] (attribute=0x22): sq_id = 43
[W : PPU[1] Thread (CPUThread)[0x01744100]]: sys_lwcond warning: *** lwcond created [] (lwmutex_addr=0x306f5c70): id = 44
[W : PPU[1] Thread (CPUThread)[0x0174404c]]: sys_lwmutex warning: *** lwmutex created [] (attribute=0x22): sq_id = 45
[W : PPU[1] Thread (CPUThread)[0x01744100]]: sys_lwcond warning: *** lwcond created [] (lwmutex_addr=0x306f5cb0): id = 46
[W : PPU[1] Thread (CPUThread)[0x0174404c]]: sys_lwmutex warning: *** lwmutex created [] (attribute=0x22): sq_id = 47
[W : PPU[1] Thread (CPUThread)[0x01744100]]: sys_lwcond warning: *** lwcond created [] (lwmutex_addr=0x306f5cf0): id = 48
[W : PPU[1] Thread (CPUThread)[0x0174404c]]: sys_lwmutex warning: *** lwmutex created [] (attribute=0x22): sq_id = 49
[W : PPU[1] Thread (CPUThread)[0x01744100]]: sys_lwcond warning: *** lwcond created [] (lwmutex_addr=0x306f5d30): id = 50
[W : PPU[1] Thread (CPUThread)[0x0174404c]]: sys_lwmutex warning: *** lwmutex created [] (attribute=0x22): sq_id = 51
[W : PPU[1] Thread (CPUThread)[0x01744100]]: sys_lwcond warning: *** lwcond created [] (lwmutex_addr=0x306f5da0): id = 52
[W : PPU[1] Thread (CPUThread)[0x0174404c]]: sys_lwmutex warning: *** lwmutex created [] (attribute=0x22): sq_id = 53
[W : PPU[1] Thread (CPUThread)[0x01744100]]: sys_lwcond warning: *** lwcond created [] (lwmutex_addr=0x306f5e10): id = 54
[W : PPU[1] Thread (CPUThread)[0x0174404c]]: sys_lwmutex warning: *** lwmutex created [] (attribute=0x22): sq_id = 55
[W : PPU[1] Thread (CPUThread)[0x01744100]]: sys_lwcond warning: *** lwcond created [] (lwmutex_addr=0x306f5e50): id = 56
[W : PPU[1] Thread (CPUThread)[0x0174404c]]: sys_lwmutex warning: *** lwmutex created [] (attribute=0x22): sq_id = 57
[W : PPU[1] Thread (CPUThread)[0x01744100]]: sys_lwcond warning: *** lwcond created [] (lwmutex_addr=0x306f6dd0): id = 58
[W : PPU[1] Thread (CPUThread)[0x0174404c]]: sys_lwmutex warning: *** lwmutex created [] (attribute=0x22): sq_id = 59
[W : PPU[1] Thread (CPUThread)[0x01744100]]: sys_lwcond warning: *** lwcond created [] (lwmutex_addr=0x306f9620): id = 60
[W : PPU[1] Thread (CPUThread)[0x0174404c]]: sys_lwmutex warning: *** lwmutex created [] (attribute=0x22): sq_id = 61
[W : PPU[1] Thread (CPUThread)[0x01744100]]: sys_lwcond warning: *** lwcond created [] (lwmutex_addr=0x306f9660): id = 62
[E : PPU[1] Thread (CPUThread)[0x01728004]]: cellNetCtl error: Unimplemented function: cellNetCtlGetInfo
[W : PPU[1] Thread (CPUThread)[0x01724010]]: cellSysmodule warning: cellSysmoduleLoadModule(CELL_SYSMODULE_FS)
[W : PPU[1] Thread (CPUThread)[0x01724010]]: cellSysmodule warning: cellSysmoduleLoadModule(CELL_SYSMODULE_FONT)
[W : PPU[1] Thread (CPUThread)[0x01724010]]: cellSysmodule warning: cellSysmoduleLoadModule(CELL_SYSMODULE_FREETYPE)
[W : PPU[1] Thread (CPUThread)[0x01724010]]: cellSysmodule warning: cellSysmoduleLoadModule(CELL_SYSMODULE_FONTFT)
[W : PPU[1] Thread (CPUThread)[0x0172a0dc]]: cellFont warning: cellFontInitializeWithRevision(revisionFlags=0x61, config=0xd00107a8)
[W : PPU[1] Thread (CPUThread)[0x01748004]]: cellFontFT warning: cellFontInitLibraryFreeTypeWithRevision(revisionFlags=0x41, config_addr=0xd00107d0, lib_addr_addr=0x15fe070
[W : PPU[1] Thread (CPUThread)[0x0172a07c]]: cellFont warning: cellFontCreateRenderer(library_addr=0x30016000, config_addr=0xd00107bc, Renderer_addr=0x15fe074)
[E : PPU[1] Thread (CPUThread)[0x01726034]]: TODO: cellSpursAddWorkload
[E : PPU[1] Thread (CPUThread)[0x01726058]]: TODO: _cellSpursWorkloadFlagReceiver
[E : PPU[1] Thread (CPUThread)[0x01726094]]: TODO: cellSpursReadyCountStore
[E : PPU[1] Thread (CPUThread)[0x01726040]]: TODO: cellSpursWakeUp
[W : PPU[1] Thread (CPUThread)[0x0026b670]]: sys_event warning: sys_event_queue_create(equeue_id_addr=0x1582e00, attr_addr=0xd0010760, event_queue_key=0x0, size=3)
[W : PPU[1] Thread (CPUThread)[0x0026b670]]: sys_event warning: *** event_queue created [] (protocol=0x2, type=0x1): id = 63
[W : PPU[1] Thread (CPUThread)[0x002cde6c]]: sys_mutex warning: *** mutex created [] (protocol=0x2, recursive=false): id = 64
[W : PPU[1] Thread (CPUThread)[0x002cde6c]]: sys_mutex warning: *** mutex created [] (protocol=0x2, recursive=false): id = 65
[W : PPU[1] Thread (CPUThread)[0x0015692c]]: sys_mutex warning: *** mutex created [] (protocol=0x2, recursive=false): id = 66
[W : PPU[1] Thread (CPUThread)[0x0174404c]]: sys_lwmutex warning: *** lwmutex created [] (attribute=0x22): sq_id = 67
[W : PPU[1] Thread (CPUThread)[0x01744100]]: sys_lwcond warning: *** lwcond created [] (lwmutex_addr=0x306fd400): id = 68
[W : PPU[1] Thread (CPUThread)[0x0174404c]]: sys_lwmutex warning: *** lwmutex created [] (attribute=0x22): sq_id = 69
[W : PPU[1] Thread (CPUThread)[0x01744100]]: sys_lwcond warning: *** lwcond created [] (lwmutex_addr=0x306fd440): id = 70
[E : PPU[1] Thread (CPUThread)[0x01728004]]: cellNetCtl error: Unimplemented function: cellNetCtlGetInfo
[W : PPU[1] Thread (CPUThread)[0x003cab88]]: sys_mutex warning: *** mutex created [] (protocol=0x2, recursive=false): id = 71
[! : PPU[1] Thread (CPUThread)[0x01744028]]: *** New PPU Thread [PhyreEngineLoadingThread] (): id = 72
[! : PPU[1] Thread (CPUThread)[0x01744028]]: *** New PPU Thread [PhyreEngineLoadingThread] (): id = 73
[W : PPU[1] Thread (CPUThread)[0x00f4f064]]: cellGcmSys warning: cellGcmGetDefaultCommandWordSize()
[W : PPU[1] Thread (CPUThread)[0x00f4f0a0]]: cellGcmSys warning: cellGcmGetDefaultSegmentWordSize()
[E : PPU[1] Thread (CPUThread)[0x0172607c]]: TODO: cellSpursGetWorkloadFlag
[W : PPU[1] Thread (CPUThread)[0x0171e070]]: cellGcmSys warning: cellGcmSetDisplayBuffer(id=0x0,offset=0x0,pitch=4,width=1280,height=720)
[E : RSXThread]: TODO: cellGcmSetBackPolygonMode(0x1b02)
[W : RSXThread]: NV4097_SET_COLOR_MASK_MRT: fff0
[E : RSXThread]: TODO: unknown/illegal method [0x00001fec](0x0)
[E : RSXThread]: TODO: cellGcmSetFrequencyDividerOperation(0x0)
[E : RSXThread]: TODO: cellGcmSetLineStipple(0x0)
[E : RSXThread]: TODO: cellGcmSetLogicOp(0x1503)
[E : RSXThread]: TODO: cellGcmSetPointSize(0x3f800000)
[E : RSXThread]: TODO: cellGcmSetPolygonOffsetScaleFactor(0x0, 0x0)
[E : RSXThread]: TODO: cellGcmSetPolygonStipple(0x0)
[E : RSXThread]: TODO: cellGcmSetRenderEnable(0x1000000)
[E : RSXThread]: TODO: cellGcmSetZcullStatsEnable(0x0)
[E : RSXThread]: TODO: cellGcmSetZpassPixelCountEnable(0x0)
[E : RSXThread]: TODO: cellGcmSetVertexTexture_Control0(0x60000)
[E : RSXThread]: TODO: cellGcmSetVertexTexture_Filter(0x0)
[E : RSXThread]: TODO: cellGcmSetVertexTexture_Address(0x101)
[E : RSXThread]: TODO: cellGcmSetVertexTexture_BorderColor(0x0)
[E : RSXThread]: TODO: cellGcmSetVertexTexture_Control0(0x60000)
[E : RSXThread]: TODO: cellGcmSetVertexTexture_Filter(0x0)
[E : RSXThread]: TODO: cellGcmSetVertexTexture_Address(0x101)
[E : RSXThread]: TODO: cellGcmSetVertexTexture_BorderColor(0x0)
[E : RSXThread]: TODO: cellGcmSetVertexTexture_Control0(0x60000)
[E : RSXThread]: TODO: cellGcmSetVertexTexture_Filter(0x0)
[E : RSXThread]: TODO: cellGcmSetVertexTexture_Address(0x101)
[E : RSXThread]: TODO: cellGcmSetVertexTexture_BorderColor(0x0)
[E : RSXThread]: TODO: cellGcmSetVertexTexture_Control0(0x60000)
[E : RSXThread]: TODO: cellGcmSetVertexTexture_Filter(0x0)
[E : RSXThread]: TODO: cellGcmSetVertexTexture_Address(0x101)
[E : RSXThread]: TODO: cellGcmSetVertexTexture_BorderColor(0x0)
[E : RSXThread]: TODO: cellGcmInvalidateZcull(0x0)
[E : RSXThread]: TODO: cellGcmInvalidateZcull(0x0)
[E : RSXThread]: TODO: cellGcmSetContextDmaReport(0xbad68000)
[W : PPU[1] Thread (CPUThread)[0x0171e070]]: cellGcmSys warning: cellGcmSetDisplayBuffer(id=0x0,offset=0x3c0000,pitch=4,width=1280,height=720)
[! : PPU[1] Thread (CPUThread)[0x01744028]]: *** New PPU Thread [installGameDataThread] (): id = 74
[W : PPU[74] Thread (installGameDataThread)[0x01724010]]: cellSysmodule warning: cellSysmoduleLoadModule(CELL_SYSMODULE_SYSUTIL_GAME)
[W : PPU[74] Thread (installGameDataThread)[0x0172c034]]: cellGame warning: cellGameBootCheck(type_addr=0xd00408f0, attributes_addr=0xd0040ad0, size_addr=0x15899cc, dirName_addr=0xd00408f8)
[E : PPU[74] Thread (installGameDataThread)[0x0172c028]]: cellGame error: Unimplemented function: cellGameDataCheck
[W : PPU[74] Thread (installGameDataThread)[0x0172c010]]: cellGame warning: cellGameContentPermit(contentInfoPath_addr=0xd0040810, usrdirPath_addr=0xd0040890)
[E : RSXThread]: TODO: cellGcmInvalidateZcull(0x0)
[E : RSXThread]: TODO: cellGcmSetContextDmaReport(0xbad68000)
[E : PPU[74] Thread (installGameDataThread)[0x00f4d07c]]: TODO: cellMsgDialogAbort
[W : PPU[74] Thread (installGameDataThread)[0x01724010]]: cellSysmodule warning: cellSysmoduleLoadModule(CELL_SYSMODULE_SYSUTIL_NP_TROPHY)
[W : PPU[74] Thread (installGameDataThread)[0x0173604c]]: sceNpTrophy warning: sceNpTrophyCreateContext(context_addr=0x1587ca4, commID_addr=0xb92b20, commSign_addr=0xb92b2c, options=0x0)
[W : PPU[74] Thread (installGameDataThread)[0x01736010]]: sceNpTrophy warning: sceNpTrophyCreateHandle(handle_addr=0x1587ca8)
[W : PPU[74] Thread (installGameDataThread)[0x0173601c]]: sceNpTrophy warning: sceNpTrophyGetRequiredDiskSpace(context=0, handle=0, reqspace_addr=0x1587cb0, options=0x0)
[E : PPU[74] Thread (installGameDataThread)[0x0172c028]]: cellGame error: Unimplemented function: cellGameDataCheck
[W : PPU[74] Thread (installGameDataThread)[0x0172c010]]: cellGame warning: cellGameContentPermit(contentInfoPath_addr=0xd0040a40, usrdirPath_addr=0xd0040ac0)
[W : PPU[1] Thread (CPUThread)[0x0171e070]]: cellGcmSys warning: cellGcmSetDisplayBuffer(id=0x0,offset=0x0,pitch=4,width=1280,height=720)
[E : RSXThread]: TODO: cellGcmInvalidateZcull(0x0)
[E : RSXThread]: TODO: cellGcmSetContextDmaReport(0xbad68000)
[W : PPU[1] Thread (CPUThread)[0x0171e070]]: cellGcmSys warning: cellGcmSetDisplayBuffer(id=0x0,offset=0x3c0000,pitch=4,width=1280,height=720)
[W : PPU[1] Thread (CPUThread)[0x01724010]]: cellSysmodule warning: cellSysmoduleLoadModule(CELL_SYSMODULE_SYSUTIL_USERINFO)
[W : PPU[1] Thread (CPUThread)[0x01724010]]: cellSysmodule warning: cellSysmoduleLoadModule(CELL_SYSMODULE_SYSUTIL_SAVEDATA)
[! : PPU[1] Thread (CPUThread)[0x01744028]]: *** New PPU Thread [startAutoLoad] (): id = 75
[E : PPU[75] Thread (startAutoLoad)[0x00f4d124]]: TODO: cellSaveDataAutoLoad2
[E : RSXThread]: TODO: cellGcmInvalidateZcull(0x0)
[E : RSXThread]: TODO: cellGcmSetContextDmaReport(0xbad68000)
[W : PPU[1] Thread (CPUThread)[0x0171e070]]: cellGcmSys warning: cellGcmSetDisplayBuffer(id=0x0,offset=0x0,pitch=4,width=1280,height=720)
[W : PPU[1] Thread (CPUThread)[0x01724004]]: cellSysmodule warning: cellSysmoduleUnloadModule(CELL_SYSMODULE_SYSUTIL_USERINFO)
[W : PPU[1] Thread (CPUThread)[0x01724004]]: cellSysmodule warning: cellSysmoduleUnloadModule(CELL_SYSMODULE_SYSUTIL_SAVEDATA)
[E : RSXThread]: TODO: cellGcmInvalidateZcull(0x0)
[E : RSXThread]: TODO: cellGcmSetContextDmaReport(0xbad68000)
[W : PPU[1] Thread (CPUThread)[0x0171e070]]: cellGcmSys warning: cellGcmSetDisplayBuffer(id=0x0,offset=0x3c0000,pitch=4,width=1280,height=720)
[E : PPU[1] Thread (CPUThread)[0x0172c028]]: cellGame error: Unimplemented function: cellGameDataCheck
[W : PPU[1] Thread (CPUThread)[0x0172c010]]: cellGame warning: cellGameContentPermit(contentInfoPath_addr=0xd00105e0, usrdirPath_addr=0xd0010660)
[W : PPU[1] Thread (CPUThread)[0x0026e65c]]: sys_mutex warning: *** mutex created [] (protocol=0x2, recursive=false): id = 76
[W : PPU[1] Thread (CPUThread)[0x0174404c]]: sys_lwmutex warning: *** lwmutex created [] (attribute=0x22): sq_id = 77
[W : PPU[1] Thread (CPUThread)[0x01744100]]: sys_lwcond warning: *** lwcond created [] (lwmutex_addr=0x30990fb0): id = 78
[W : PPU[1] Thread (CPUThread)[0x0174404c]]: sys_lwmutex warning: *** lwmutex created [] (attribute=0x22): sq_id = 79
[W : PPU[1] Thread (CPUThread)[0x01744100]]: sys_lwcond warning: *** lwcond created [] (lwmutex_addr=0x30990ff0): id = 80
[E : PPU[1] Thread (CPUThread)[0x01728004]]: cellNetCtl error: Unimplemented function: cellNetCtlGetInfo
[! : PPU[1] Thread (CPUThread)[0x01744028]]: *** New PPU Thread [ThreadEasyMainTime] (): id = 81
[W : PPU[1] Thread (CPUThread)[0x01724010]]: cellSysmodule warning: cellSysmoduleLoadModule(CELL_SYSMODULE_SYSUTIL_GAME)
[W : PPU[1] Thread (CPUThread)[0x0172c034]]: cellGame warning: cellGameBootCheck(type_addr=0xd00104c0, attributes_addr=0xd00106a0, size_addr=0x15899cc, dirName_addr=0xd00104c8)
[E : PPU[1] Thread (CPUThread)[0x0172c028]]: cellGame error: Unimplemented function: cellGameDataCheck
[W : PPU[1] Thread (CPUThread)[0x0172c010]]: cellGame warning: cellGameContentPermit(contentInfoPath_addr=0xd00103e0, usrdirPath_addr=0xd0010460)
[W : PPU[1] Thread (CPUThread)[0x00163d48]]: sys_mutex warning: *** mutex created [] (protocol=0x2, recursive=false): id = 82
[W : PPU[1] Thread (CPUThread)[0x01722034]]: *** cellFsOpen(path="/Res/cg/commonShader.PSSG"): fd = 83
[W : PPU[1] Thread (CPUThread)[0x01722004]]: sys_fs warning: cellFsStReadInit(fd=83, ringbuf_addr=0xd000ff68)
[W : PPU[1] Thread (CPUThread)[0x0172204c]]: sys_fs warning: TODO: cellFsStReadStart(fd=83, offset=0x0, size=0x5cece)
[W : PPU[1] Thread (CPUThread)[0x01722010]]: sys_fs warning: TODO: cellFsStRead(fd=83, buf_addr=0x3099a340, size=0x8000, rsize_addr = 0xd0010028)
[W : PPU[1] Thread (CPUThread)[0x0174404c]]: sys_lwmutex warning: *** lwmutex created [] (attribute=0x22): sq_id = 84
[W : PPU[1] Thread (CPUThread)[0x01744100]]: sys_lwcond warning: *** lwcond created [] (lwmutex_addr=0x309a26f0): id = 85
[W : PPU[1] Thread (CPUThread)[0x0174404c]]: sys_lwmutex warning: *** lwmutex created [] (attribute=0x22): sq_id = 86
[W : PPU[1] Thread (CPUThread)[0x01744100]]: sys_lwcond warning: *** lwcond created [] (lwmutex_addr=0x309a2730): id = 87
[E : PPU[1] Thread (CPUThread)[0x01728004]]: cellNetCtl error: Unimplemented function: cellNetCtlGetInfo
[W : PPU[1] Thread (CPUThread)[0x01722010]]: sys_fs warning: TODO: cellFsStRead(fd=83, buf_addr=0x3099a340, size=0x8000, rsize_addr = 0xd000f8a8)
[W : PPU[1] Thread (CPUThread)[0x01722010]]: sys_fs warning: TODO: cellFsStRead(fd=83, buf_addr=0x309aa340, size=0x10000, rsize_addr = 0xd000f8a8)
[W : PPU[1] Thread (CPUThread)[0x01722010]]: sys_fs warning: TODO: cellFsStRead(fd=83, buf_addr=0x309ca340, size=0x10000, rsize_addr = 0xd000f8a8)
[W : PPU[1] Thread (CPUThread)[0x01722010]]: sys_fs warning: TODO: cellFsStRead(fd=83, buf_addr=0x309fa340, size=0x10000, rsize_addr = 0xd000f8a8)
[W : PPU[1] Thread (CPUThread)[0x01722010]]: sys_fs warning: TODO: cellFsStRead(fd=83, buf_addr=0x30a3a340, size=0x10000, rsize_addr = 0xd000f8a8)
[W : PPU[1] Thread (CPUThread)[0x01722010]]: sys_fs warning: TODO: cellFsStRead(fd=83, buf_addr=0x30a8a340, size=0x10000, rsize_addr = 0xd000f8a8)
[W : PPU[1] Thread (CPUThread)[0x01722010]]: sys_fs warning: TODO: cellFsStRead(fd=83, buf_addr=0x30aea340, size=0x10000, rsize_addr = 0xd000f8a8)
[W : PPU[1] Thread (CPUThread)[0x01722010]]: sys_fs warning: TODO: cellFsStRead(fd=83, buf_addr=0x30b5a340, size=0x10000, rsize_addr = 0xd000f8a8)
[W : PPU[1] Thread (CPUThread)[0x01722010]]: sys_fs warning: TODO: cellFsStRead(fd=83, buf_addr=0x30bda340, size=0x10000, rsize_addr = 0xd000f8a8)
[W : PPU[1] Thread (CPUThread)[0x01722010]]: sys_fs warning: TODO: cellFsStRead(fd=83, buf_addr=0x30c6a340, size=0x10000, rsize_addr = 0xd000f8a8)
[W : PPU[1] Thread (CPUThread)[0x01722010]]: sys_fs warning: TODO: cellFsStRead(fd=83, buf_addr=0x30d0a340, size=0x10000, rsize_addr = 0xd000f8a8)
[W : PPU[1] Thread (CPUThread)[0x01722010]]: sys_fs warning: TODO: cellFsStRead(fd=83, buf_addr=0x30dba340, size=0x10000, rsize_addr = 0xd000f8a8)
[W : PPU[1] Thread (CPUThread)[0x01722010]]: sys_fs warning: TODO: cellFsStRead(fd=83, buf_addr=0x30e7a340, size=0x10000, rsize_addr = 0xd000f8a8)
[W : PPU[1] Thread (CPUThread)[0x01722010]]: sys_fs warning: TODO: cellFsStRead(fd=83, buf_addr=0x30f4a340, size=0x10000, rsize_addr = 0xd000f8a8)
[W : PPU[1] Thread (CPUThread)[0x01722010]]: sys_fs warning: TODO: cellFsStRead(fd=83, buf_addr=0x3102a340, size=0x10000, rsize_addr = 0xd000f8a8)
[W : PPU[1] Thread (CPUThread)[0x01722010]]: sys_fs warning: TODO: cellFsStRead(fd=83, buf_addr=0x3111a340, size=0x10000, rsize_addr = 0xd000f8a8)
[W : PPU[1] Thread (CPUThread)[0x01722010]]: sys_fs warning: TODO: cellFsStRead(fd=83, buf_addr=0x3121a340, size=0x10000, rsize_addr = 0xd000f8a8)
[W : PPU[1] Thread (CPUThread)[0x01722010]]: sys_fs warning: TODO: cellFsStRead(fd=83, buf_addr=0x3132a340, size=0x10000, rsize_addr = 0xd000f8a8)
[W : PPU[1] Thread (CPUThread)[0x01722010]]: sys_fs warning: TODO: cellFsStRead(fd=83, buf_addr=0x3144a340, size=0x10000, rsize_addr = 0xd000f8a8)
[W : PPU[1] Thread (CPUThread)[0x01722010]]: sys_fs warning: TODO: cellFsStRead(fd=83, buf_addr=0x3157a340, size=0x10000, rsize_addr = 0xd000f8a8)
[W : PPU[1] Thread (CPUThread)[0x01722010]]: sys_fs warning: TODO: cellFsStRead(fd=83, buf_addr=0x316ba340, size=0x10000, rsize_addr = 0xd000f8a8)
[W : PPU[1] Thread (CPUThread)[0x01722010]]: sys_fs warning: TODO: cellFsStRead(fd=83, buf_addr=0x3180a340, size=0x10000, rsize_addr = 0xd000f8a8)
[W : PPU[1] Thread (CPUThread)[0x01722010]]: sys_fs warning: TODO: cellFsStRead(fd=83, buf_addr=0x3196a340, size=0x10000, rsize_addr = 0xd000f8a8)
[W : PPU[1] Thread (CPUThread)[0x01722010]]: sys_fs warning: TODO: cellFsStRead(fd=83, buf_addr=0x31ada340, size=0x10000, rsize_addr = 0xd000f8a8)
[W : PPU[1] Thread (CPUThread)[0x01722010]]: sys_fs warning: TODO: cellFsStRead(fd=83, buf_addr=0x31c5a340, size=0x10000, rsize_addr = 0xd000f8a8)
[W : PPU[1] Thread (CPUThread)[0x01722010]]: sys_fs warning: TODO: cellFsStRead(fd=83, buf_addr=0x31dea340, size=0x10000, rsize_addr = 0xd000f8a8)
[W : PPU[1] Thread (CPUThread)[0x01722010]]: sys_fs warning: TODO: cellFsStRead(fd=83, buf_addr=0x31f8a340, size=0x10000, rsize_addr = 0xd000f8a8)
[W : PPU[1] Thread (CPUThread)[0x01722010]]: sys_fs warning: TODO: cellFsStRead(fd=83, buf_addr=0x3213a340, size=0x10000, rsize_addr = 0xd000f8a8)
[W : PPU[1] Thread (CPUThread)[0x01722010]]: sys_fs warning: TODO: cellFsStRead(fd=83, buf_addr=0x322fa340, size=0x10000, rsize_addr = 0xd000f8a8)
[W : PPU[1] Thread (CPUThread)[0x01722010]]: sys_fs warning: TODO: cellFsStRead(fd=83, buf_addr=0x324ca340, size=0x10000, rsize_addr = 0xd000f8a8)
[W : PPU[1] Thread (CPUThread)[0x01722010]]: sys_fs warning: TODO: cellFsStRead(fd=83, buf_addr=0x326aa340, size=0x10000, rsize_addr = 0xd000f8a8)
[W : PPU[1] Thread (CPUThread)[0x01722010]]: sys_fs warning: TODO: cellFsStRead(fd=83, buf_addr=0x3289a340, size=0x10000, rsize_addr = 0xd000f8a8)
[W : PPU[1] Thread (CPUThread)[0x01722010]]: sys_fs warning: TODO: cellFsStRead(fd=83, buf_addr=0x32a9a340, size=0x10000, rsize_addr = 0xd000f8a8)
[W : PPU[1] Thread (CPUThread)[0x01722010]]: sys_fs warning: TODO: cellFsStRead(fd=83, buf_addr=0x32caa340, size=0x10000, rsize_addr = 0xd000f8a8)
[W : PPU[1] Thread (CPUThread)[0x01722010]]: sys_fs warning: TODO: cellFsStRead(fd=83, buf_addr=0x32eca340, size=0x10000, rsize_addr = 0xd000f8a8)
[W : PPU[1] Thread (CPUThread)[0x01722010]]: sys_fs warning: TODO: cellFsStRead(fd=83, buf_addr=0x330fa340, size=0x10000, rsize_addr = 0xd000f8a8)
[W : PPU[1] Thread (CPUThread)[0x01722010]]: sys_fs warning: TODO: cellFsStRead(fd=83, buf_addr=0x3333a340, size=0x10000, rsize_addr = 0xd000f8a8)
[W : PPU[1] Thread (CPUThread)[0x01722010]]: sys_fs warning: TODO: cellFsStRead(fd=83, buf_addr=0x3358a340, size=0x10000, rsize_addr = 0xd000f8a8)
[W : PPU[1] Thread (CPUThread)[0x01722010]]: sys_fs warning: TODO: cellFsStRead(fd=83, buf_addr=0x337ea340, size=0x10000, rsize_addr = 0xd000f8a8)
[W : PPU[1] Thread (CPUThread)[0x01722010]]: sys_fs warning: TODO: cellFsStRead(fd=83, buf_addr=0x33a5a340, size=0x10000, rsize_addr = 0xd000f8a8)
[W : PPU[1] Thread (CPUThread)[0x01722010]]: sys_fs warning: TODO: cellFsStRead(fd=83, buf_addr=0x33cda340, size=0x10000, rsize_addr = 0xd000f8a8)
[W : PPU[1] Thread (CPUThread)[0x01722010]]: sys_fs warning: TODO: cellFsStRead(fd=83, buf_addr=0x33f6a340, size=0x10000, rsize_addr = 0xd000f8a8)
[W : PPU[1] Thread (CPUThread)[0x01722010]]: sys_fs warning: TODO: cellFsStRead(fd=83, buf_addr=0x3420a340, size=0x10000, rsize_addr = 0xd000f8a8)
[W : PPU[1] Thread (CPUThread)[0x01722010]]: sys_fs warning: TODO: cellFsStRead(fd=83, buf_addr=0x344ba340, size=0x10000, rsize_addr = 0xd000f8a8)
[W : PPU[1] Thread (CPUThread)[0x01722010]]: sys_fs warning: TODO: cellFsStRead(fd=83, buf_addr=0x3477a340, size=0x10000, rsize_addr = 0xd000f8a8)
[W : PPU[1] Thread (CPUThread)[0x01722010]]: sys_fs warning: TODO: cellFsStRead(fd=83, buf_addr=0x34a4a340, size=0x10000, rsize_addr = 0xd000f8a8)
[W : PPU[1] Thread (CPUThread)[0x01722010]]: sys_fs warning: TODO: cellFsStRead(fd=83, buf_addr=0x34d2a340, size=0x10000, rsize_addr = 0xd000f8a8)
[W : PPU[1] Thread (CPUThread)[0x01722010]]: sys_fs warning: TODO: cellFsStRead(fd=83, buf_addr=0x3501a340, size=0x10000, rsize_addr = 0xd000f8a8)
[W : PPU[1] Thread (CPUThread)[0x01722010]]: sys_fs warning: TODO: cellFsStRead(fd=83, buf_addr=0x3531a340, size=0x10000, rsize_addr = 0xd000f8a8)
[W : PPU[1] Thread (CPUThread)[0x01722010]]: sys_fs warning: TODO: cellFsStRead(fd=83, buf_addr=0x3562a340, size=0x10000, rsize_addr = 0xd000f8a8)
[W : PPU[1] Thread (CPUThread)[0x01722010]]: sys_fs warning: TODO: cellFsStRead(fd=83, buf_addr=0x3594a340, size=0x10000, rsize_addr = 0xd000f8a8)
[W : PPU[1] Thread (CPUThread)[0x01722010]]: sys_fs warning: TODO: cellFsStRead(fd=83, buf_addr=0x35c7a340, size=0x10000, rsize_addr = 0xd000f8a8)
[W : PPU[1] Thread (CPUThread)[0x01722010]]: sys_fs warning: TODO: cellFsStRead(fd=83, buf_addr=0x35fba340, size=0x10000, rsize_addr = 0xd000f8a8)
[W : PPU[1] Thread (CPUThread)[0x01722010]]: sys_fs warning: TODO: cellFsStRead(fd=83, buf_addr=0x3630a340, size=0x10000, rsize_addr = 0xd000f8a8)
[W : PPU[1] Thread (CPUThread)[0x01722010]]: sys_fs warning: TODO: cellFsStRead(fd=83, buf_addr=0x3666a340, size=0x10000, rsize_addr = 0xd000f8a8)
[W : PPU[1] Thread (CPUThread)[0x01722010]]: sys_fs warning: TODO: cellFsStRead(fd=83, buf_addr=0x369da340, size=0x10000, rsize_addr = 0xd000f8a8)
[W : PPU[1] Thread (CPUThread)[0x01722010]]: sys_fs warning: TODO: cellFsStRead(fd=83, buf_addr=0x36d5a340, size=0x10000, rsize_addr = 0xd000f8a8)
[W : PPU[1] Thread (CPUThread)[0x01722010]]: sys_fs warning: TODO: cellFsStRead(fd=83, buf_addr=0x370ea340, size=0x10000, rsize_addr = 0xd000f8a8)
[W : PPU[1] Thread (CPUThread)[0x01722010]]: sys_fs warning: TODO: cellFsStRead(fd=83, buf_addr=0x3748a340, size=0x10000, rsize_addr = 0xd000f8a8)
[W : PPU[1] Thread (CPUThread)[0x01722010]]: sys_fs warning: TODO: cellFsStRead(fd=83, buf_addr=0x3783a340, size=0x10000, rsize_addr = 0xd000f8a8)
[W : PPU[1] Thread (CPUThread)[0x01722010]]: sys_fs warning: TODO: cellFsStRead(fd=83, buf_addr=0x37bfa340, size=0x10000, rsize_addr = 0xd000f8a8)
[W : PPU[1] Thread (CPUThread)[0x01722010]]: sys_fs warning: TODO: cellFsStRead(fd=83, buf_addr=0x37fca340, size=0x10000, rsize_addr = 0xd000f8a8)
[W : PPU[1] Thread (CPUThread)[0x01722010]]: sys_fs warning: TODO: cellFsStRead(fd=83, buf_addr=0x383aa340, size=0x10000, rsize_addr = 0xd000f8a8)
[W : PPU[1] Thread (CPUThread)[0x01722010]]: sys_fs warning: TODO: cellFsStRead(fd=83, buf_addr=0x3879a340, size=0x10000, rsize_addr = 0xd000f8a8)
[W : PPU[1] Thread (CPUThread)[0x01722010]]: sys_fs warning: TODO: cellFsStRead(fd=83, buf_addr=0x38b9a340, size=0x10000, rsize_addr = 0xd000f8a8)
[W : PPU[1] Thread (CPUThread)[0x01722010]]: sys_fs warning: TODO: cellFsStRead(fd=83, buf_addr=0x38faa340, size=0x10000, rsize_addr = 0xd000f8a8)
[W : PPU[1] Thread (CPUThread)[0x01722010]]: sys_fs warning: TODO: cellFsStRead(fd=83, buf_addr=0x393ca340, size=0x10000, rsize_addr = 0xd000f8a8)
[W : PPU[1] Thread (CPUThread)[0x01722010]]: sys_fs warning: TODO: cellFsStRead(fd=83, buf_addr=0x397fa340, size=0x10000, rsize_addr = 0xd000f8a8)
[W : PPU[1] Thread (CPUThread)[0x01722010]]: sys_fs warning: TODO: cellFsStRead(fd=83, buf_addr=0x39c3a340, size=0x10000, rsize_addr = 0xd000f8a8)
[W : PPU[1] Thread (CPUThread)[0x01722010]]: sys_fs warning: TODO: cellFsStRead(fd=83, buf_addr=0x3a08a340, size=0x10000, rsize_addr = 0xd000f8a8)
[W : PPU[1] Thread (CPUThread)[0x01722010]]: sys_fs warning: TODO: cellFsStRead(fd=83, buf_addr=0x3a4ea340, size=0x10000, rsize_addr = 0xd000f8a8)
[W : PPU[1] Thread (CPUThread)[0x01722010]]: sys_fs warning: TODO: cellFsStRead(fd=83, buf_addr=0x3a95a340, size=0x10000, rsize_addr = 0xd000f8a8)
[W : PPU[1] Thread (CPUThread)[0x01722010]]: sys_fs warning: TODO: cellFsStRead(fd=83, buf_addr=0x3adda340, size=0x10000, rsize_addr = 0xd000f8a8)
[W : PPU[1] Thread (CPUThread)[0x01722010]]: sys_fs warning: TODO: cellFsStRead(fd=83, buf_addr=0x3b26a340, size=0x10000, rsize_addr = 0xd000f8a8)
[W : PPU[1] Thread (CPUThread)[0x01722010]]: sys_fs warning: TODO: cellFsStRead(fd=83, buf_addr=0x3b70a340, size=0x10000, rsize_addr = 0xd000f8a8)
[W : PPU[1] Thread (CPUThread)[0x01722010]]: sys_fs warning: TODO: cellFsStRead(fd=83, buf_addr=0x3bbba340, size=0x10000, rsize_addr = 0xd000f8a8)
[W : PPU[1] Thread (CPUThread)[0x01722010]]: sys_fs warning: TODO: cellFsStRead(fd=83, buf_addr=0x3c07a340, size=0x10000, rsize_addr = 0xd000f8a8)
[W : PPU[1] Thread (CPUThread)[0x01722010]]: sys_fs warning: TODO: cellFsStRead(fd=83, buf_addr=0x3c54a340, size=0x10000, rsize_addr = 0xd000f8a8)
[W : PPU[1] Thread (CPUThread)[0x01722010]]: sys_fs warning: TODO: cellFsStRead(fd=83, buf_addr=0x3ca2a340, size=0x10000, rsize_addr = 0xd000f8a8)
[W : PPU[1] Thread (CPUThread)[0x01722010]]: sys_fs warning: TODO: cellFsStRead(fd=83, buf_addr=0x3cf1a340, size=0x10000, rsize_addr = 0xd000f8a8)
[W : PPU[1] Thread (CPUThread)[0x01722010]]: sys_fs warning: TODO: cellFsStRead(fd=83, buf_addr=0x3d41a340, size=0x10000, rsize_addr = 0xd000f8a8)
[W : PPU[1] Thread (CPUThread)[0x01722010]]: sys_fs warning: TODO: cellFsStRead(fd=83, buf_addr=0x3d92a340, size=0x10000, rsize_addr = 0xd000f8a8)
[W : PPU[1] Thread (CPUThread)[0x01722010]]: sys_fs warning: TODO: cellFsStRead(fd=83, buf_addr=0x3de4a340, size=0x10000, rsize_addr = 0xd000f8a8)
[W : PPU[1] Thread (CPUThread)[0x01722010]]: sys_fs warning: TODO: cellFsStRead(fd=83, buf_addr=0x3e37a340, size=0x10000, rsize_addr = 0xd000f8a8)
[W : PPU[1] Thread (CPUThread)[0x01722010]]: sys_fs warning: TODO: cellFsStRead(fd=83, buf_addr=0x3e8ba340, size=0x10000, rsize_addr = 0xd000f8a8)
[W : PPU[1] Thread (CPUThread)[0x01722010]]: sys_fs warning: TODO: cellFsStRead(fd=83, buf_addr=0x3ee0a340, size=0x10000, rsize_addr = 0xd000f8a8)
[W : PPU[1] Thread (CPUThread)[0x01722010]]: sys_fs warning: TODO: cellFsStRead(fd=83, buf_addr=0x3f36a340, size=0x10000, rsize_addr = 0xd000f8a8)
[W : PPU[1] Thread (CPUThread)[0x01722010]]: sys_fs warning: TODO: cellFsStRead(fd=83, buf_addr=0x3f8da340, size=0x10000, rsize_addr = 0xd000f8a8)
[W : PPU[1] Thread (CPUThread)[0x01722010]]: sys_fs warning: TODO: cellFsStRead(fd=83, buf_addr=0x3fe5a340, size=0x10000, rsize_addr = 0xd000f8a8)
[W : PPU[1] Thread (CPUThread)[0x01722010]]: sys_fs warning: TODO: cellFsStRead(fd=83, buf_addr=0x403ea340, size=0x10000, rsize_addr = 0xd000f8a8)
[W : PPU[1] Thread (CPUThread)[0x01722010]]: sys_fs warning: TODO: cellFsStRead(fd=83, buf_addr=0x4098a340, size=0x10000, rsize_addr = 0xd000f8a8)
[W : PPU[1] Thread (CPUThread)[0x01722010]]: sys_fs warning: TODO: cellFsStRead(fd=83, buf_addr=0x40f3a340, size=0x10000, rsize_addr = 0xd000f8a8)
[W : PPU[1] Thread (CPUThread)[0x01722010]]: sys_fs warning: TODO: cellFsStRead(fd=83, buf_addr=0x414fa340, size=0x10000, rsize_addr = 0xd000f8a8)
[W : PPU[1] Thread (CPUThread)[0x01722010]]: sys_fs warning: TODO: cellFsStRead(fd=83, buf_addr=0x41aca340, size=0x10000, rsize_addr = 0xd000f8a8)
[W : PPU[1] Thread (CPUThread)[0x01722010]]: sys_fs warning: TODO: cellFsStRead(fd=83, buf_addr=0x420aa340, size=0x10000, rsize_addr = 0xd000f8a8)
[W : PPU[1] Thread (CPUThread)[0x01722010]]: sys_fs warning: TODO: cellFsStRead(fd=83, buf_addr=0x4269a340, size=0x10000, rsize_addr = 0xd000f8a8)
[W : PPU[1] Thread (CPUThread)[0x01722010]]: sys_fs warning: TODO: cellFsStRead(fd=83, buf_addr=0x42c9a340, size=0x10000, rsize_addr = 0xd000f8a8)
[W : PPU[1] Thread (CPUThread)[0x01722010]]: sys_fs warning: TODO: cellFsStRead(fd=83, buf_addr=0x432aa340, size=0x10000, rsize_addr = 0xd000f8a8)
[W : PPU[1] Thread (CPUThread)[0x01722010]]: sys_fs warning: TODO: cellFsStRead(fd=83, buf_addr=0x438ca340, size=0x10000, rsize_addr = 0xd000f8a8)
[W : PPU[1] Thread (CPUThread)[0x01722010]]: sys_fs warning: TODO: cellFsStRead(fd=83, buf_addr=0x43efa340, size=0x10000, rsize_addr = 0xd000f8a8)
[W : PPU[1] Thread (CPUThread)[0x01722010]]: sys_fs warning: TODO: cellFsStRead(fd=83, buf_addr=0x4453a340, size=0x10000, rsize_addr = 0xd000f8a8)
[W : PPU[1] Thread (CPUThread)[0x01722010]]: sys_fs warning: TODO: cellFsStRead(fd=83, buf_addr=0x44b8a340, size=0x10000, rsize_addr = 0xd000f8a8)
[W : PPU[1] Thread (CPUThread)[0x01722010]]: sys_fs warning: TODO: cellFsStRead(fd=83, buf_addr=0x451ea340, size=0x10000, rsize_addr = 0xd000f8a8)
[W : PPU[1] Thread (CPUThread)[0x01722010]]: sys_fs warning: TODO: cellFsStRead(fd=83, buf_addr=0x4585a340, size=0x10000, rsize_addr = 0xd000f8a8)
[W : PPU[1] Thread (CPUThread)[0x01722010]]: sys_fs warning: TODO: cellFsStRead(fd=83, buf_addr=0x45eda340, size=0x10000, rsize_addr = 0xd000f8a8)
[W : PPU[1] Thread (CPUThread)[0x01722010]]: sys_fs warning: TODO: cellFsStRead(fd=83, buf_addr=0x4656a340, size=0x10000, rsize_addr = 0xd000f8a8)
[W : PPU[1] Thread (CPUThread)[0x01722010]]: sys_fs warning: TODO: cellFsStRead(fd=83, buf_addr=0x46c0a340, size=0x10000, rsize_addr = 0xd000f8a8)
[W : PPU[1] Thread (CPUThread)[0x01722010]]: sys_fs warning: TODO: cellFsStRead(fd=83, buf_addr=0x472ba340, size=0x10000, rsize_addr = 0xd000f8a8)
[W : PPU[1] Thread (CPUThread)[0x01722010]]: sys_fs warning: TODO: cellFsStRead(fd=83, buf_addr=0x4797a340, size=0x10000, rsize_addr = 0xd000f8a8)
[W : PPU[1] Thread (CPUThread)[0x01722010]]: sys_fs warning: TODO: cellFsStRead(fd=83, buf_addr=0x4804a340, size=0x10000, rsize_addr = 0xd000f8a8)
[W : PPU[1] Thread (CPUThread)[0x01722010]]: sys_fs warning: TODO: cellFsStRead(fd=83, buf_addr=0x4872a340, size=0x10000, rsize_addr = 0xd000f8a8)
[W : PPU[1] Thread (CPUThread)[0x01722010]]: sys_fs warning: TODO: cellFsStRead(fd=83, buf_addr=0x48e1a340, size=0x10000, rsize_addr = 0xd000f8a8)
[W : PPU[1] Thread (CPUThread)[0x01722010]]: sys_fs warning: TODO: cellFsStRead(fd=83, buf_addr=0x4951a340, size=0x10000, rsize_addr = 0xd000f8a8)
[W : PPU[1] Thread (CPUThread)[0x01722010]]: sys_fs warning: TODO: cellFsStRead(fd=83, buf_addr=0x49c2a340, size=0x10000, rsize_addr = 0xd000f8a8)
[W : PPU[1] Thread (CPUThread)[0x01722010]]: sys_fs warning: TODO: cellFsStRead(fd=83, buf_addr=0x4a34a340, size=0x10000, rsize_addr = 0xd000f8a8)
[W : PPU[1] Thread (CPUThread)[0x01722010]]: sys_fs warning: TODO: cellFsStRead(fd=83, buf_addr=0x4aa7a340, size=0x10000, rsize_addr = 0xd000f8a8)
[W : PPU[1] Thread (CPUThread)[0x01722010]]: sys_fs warning: TODO: cellFsStRead(fd=83, buf_addr=0x4b1ba340, size=0x10000, rsize_addr = 0xd000f8a8)
[W : PPU[1] Thread (CPUThread)[0x01722010]]: sys_fs warning: TODO: cellFsStRead(fd=83, buf_addr=0x4b90a340, size=0x10000, rsize_addr = 0xd000f8a8)
[W : PPU[1] Thread (CPUThread)[0x01722010]]: sys_fs warning: TODO: cellFsStRead(fd=83, buf_addr=0x4c06a340, size=0x10000, rsize_addr = 0xd000f8a8)
[W : PPU[1] Thread (CPUThread)[0x01722010]]: sys_fs warning: TODO: cellFsStRead(fd=83, buf_addr=0x4c7da340, size=0x10000, rsize_addr = 0xd000f8a8)
[W : PPU[1] Thread (CPUThread)[0x01722010]]: sys_fs warning: TODO: cellFsStRead(fd=83, buf_addr=0x4cf5a340, size=0x10000, rsize_addr = 0xd000f8a8)
[W : PPU[1] Thread (CPUThread)[0x01722010]]: sys_fs warning: TODO: cellFsStRead(fd=83, buf_addr=0x4d6ea340, size=0x10000, rsize_addr = 0xd000f8a8)
[W : PPU[1] Thread (CPUThread)[0x01722010]]: sys_fs warning: TODO: cellFsStRead(fd=83, buf_addr=0x4de8a340, size=0x10000, rsize_addr = 0xd000f8a8)
[W : PPU[1] Thread (CPUThread)[0x01722010]]: sys_fs warning: TODO: cellFsStRead(fd=83, buf_addr=0x4e63a340, size=0x10000, rsize_addr = 0xd000f8a8)
[W : PPU[1] Thread (CPUThread)[0x01722010]]: sys_fs warning: TODO: cellFsStRead(fd=83, buf_addr=0x4edfa340, size=0x10000, rsize_addr = 0xd000f8a8)
[W : PPU[1] Thread (CPUThread)[0x01722010]]: sys_fs warning: TODO: cellFsStRead(fd=83, buf_addr=0x4f5ca340, size=0x10000, rsize_addr = 0xd000f8a8)
[W : PPU[1] Thread (CPUThread)[0x01722010]]: sys_fs warning: TODO: cellFsStRead(fd=83, buf_addr=0x4fdaa340, size=0x10000, rsize_addr = 0xd000f8a8)
[W : PPU[1] Thread (CPUThread)[0x01722010]]: sys_fs warning: TODO: cellFsStRead(fd=83, buf_addr=0x5059a340, size=0x10000, rsize_addr = 0xd000f8a8)
[W : PPU[1] Thread (CPUThread)[0x01722010]]: sys_fs warning: TODO: cellFsStRead(fd=83, buf_addr=0x50d9a340, size=0x10000, rsize_addr = 0xd000f8a8)
[W : PPU[1] Thread (CPUThread)[0x01722010]]: sys_fs warning: TODO: cellFsStRead(fd=83, buf_addr=0x515aa340, size=0x10000, rsize_addr = 0xd000f8a8)
[W : PPU[1] Thread (CPUThread)[0x01722010]]: sys_fs warning: TODO: cellFsStRead(fd=83, buf_addr=0x51dca340, size=0x10000, rsize_addr = 0xd000f8a8)
[W : PPU[1] Thread (CPUThread)[0x01722010]]: sys_fs warning: TODO: cellFsStRead(fd=83, buf_addr=0x525fa340, size=0x10000, rsize_addr = 0xd000f8a8)
[W : PPU[1] Thread (CPUThread)[0x01722010]]: sys_fs warning: TODO: cellFsStRead(fd=83, buf_addr=0x52e3a340, size=0x10000, rsize_addr = 0xd000f8a8)
[W : PPU[1] Thread (CPUThread)[0x01722010]]: sys_fs warning: TODO: cellFsStRead(fd=83, buf_addr=0x5368a340, size=0x10000, rsize_addr = 0xd000f8a8)
[W : PPU[1] Thread (CPUThread)[0x01722010]]: sys_fs warning: TODO: cellFsStRead(fd=83, buf_addr=0x53eea340, size=0x10000, rsize_addr = 0xd000f8a8)
[W : PPU[1] Thread (CPUThread)[0x01722010]]: sys_fs warning: TODO: cellFsStRead(fd=83, buf_addr=0x5475a340, size=0x10000, rsize_addr = 0xd000f8a8)
[W : PPU[1] Thread (CPUThread)[0x01722010]]: sys_fs warning: TODO: cellFsStRead(fd=83, buf_addr=0x54fda340, size=0x10000, rsize_addr = 0xd000f8a8)
[W : PPU[1] Thread (CPUThread)[0x01722010]]: sys_fs warning: TODO: cellFsStRead(fd=83, buf_addr=0x5586a340, size=0x10000, rsize_addr = 0xd000f8a8)
[W : PPU[1] Thread (CPUThread)[0x01722010]]: sys_fs warning: TODO: cellFsStRead(fd=83, buf_addr=0x5610a340, size=0x10000, rsize_addr = 0xd000f8a8)
[W : PPU[1] Thread (CPUThread)[0x01722010]]: sys_fs warning: TODO: cellFsStRead(fd=83, buf_addr=0x569ba340, size=0x10000, rsize_addr = 0xd000f8a8)
[W : PPU[1] Thread (CPUThread)[0x01722010]]: sys_fs warning: TODO: cellFsStRead(fd=83, buf_addr=0x5727a340, size=0x10000, rsize_addr = 0xd000f8a8)
[W : PPU[1] Thread (CPUThread)[0x01722010]]: sys_fs warning: TODO: cellFsStRead(fd=83, buf_addr=0x57b4a340, size=0x10000, rsize_addr = 0xd000f8a8)
[W : PPU[1] Thread (CPUThread)[0x01722010]]: sys_fs warning: TODO: cellFsStRead(fd=83, buf_addr=0x5842a340, size=0x10000, rsize_addr = 0xd000f8a8)
[W : PPU[1] Thread (CPUThread)[0x01722010]]: sys_fs warning: TODO: cellFsStRead(fd=83, buf_addr=0x58d1a340, size=0x10000, rsize_addr = 0xd000f8a8)
[W : PPU[1] Thread (CPUThread)[0x01722010]]: sys_fs warning: TODO: cellFsStRead(fd=83, buf_addr=0x5961a340, size=0x10000, rsize_addr = 0xd000f8a8)
[W : PPU[1] Thread (CPUThread)[0x01722010]]: sys_fs warning: TODO: cellFsStRead(fd=83, buf_addr=0x59f2a340, size=0x10000, rsize_addr = 0xd000f8a8)
[W : PPU[1] Thread (CPUThread)[0x01722010]]: sys_fs warning: TODO: cellFsStRead(fd=83, buf_addr=0x5a84a340, size=0x10000, rsize_addr = 0xd000f8a8)
[W : PPU[1] Thread (CPUThread)[0x01722010]]: sys_fs warning: TODO: cellFsStRead(fd=83, buf_addr=0x5b17a340, size=0x10000, rsize_addr = 0xd000f8a8)
[W : PPU[1] Thread (CPUThread)[0x01722010]]: sys_fs warning: TODO: cellFsStRead(fd=83, buf_addr=0x5baba340, size=0x10000, rsize_addr = 0xd000f8a8)
[W : PPU[1] Thread (CPUThread)[0x01722010]]: sys_fs warning: TODO: cellFsStRead(fd=83, buf_addr=0x5c40a340, size=0x10000, rsize_addr = 0xd000f8a8)
[W : PPU[1] Thread (CPUThread)[0x01722010]]: sys_fs warning: TODO: cellFsStRead(fd=83, buf_addr=0x5cd6a340, size=0x10000, rsize_addr = 0xd000f8a8)
[W : PPU[1] Thread (CPUThread)[0x01722010]]: sys_fs warning: TODO: cellFsStRead(fd=83, buf_addr=0x5d6da340, size=0x10000, rsize_addr = 0xd000f8a8)
[W : PPU[1] Thread (CPUThread)[0x01722010]]: sys_fs warning: TODO: cellFsStRead(fd=83, buf_addr=0x5e05a340, size=0x10000, rsize_addr = 0xd000f8a8)
[W : PPU[1] Thread (CPUThread)[0x01722010]]: sys_fs warning: TODO: cellFsStRead(fd=83, buf_addr=0x5e9ea340, size=0x10000, rsize_addr = 0xd000f8a8)
[W : PPU[1] Thread (CPUThread)[0x01722010]]: sys_fs warning: TODO: cellFsStRead(fd=83, buf_addr=0x5f38a340, size=0x10000, rsize_addr = 0xd000f8a8)
[W : PPU[1] Thread (CPUThread)[0x01722010]]: sys_fs warning: TODO: cellFsStRead(fd=83, buf_addr=0x5fd3a340, size=0x10000, rsize_addr = 0xd000f8a8)
[W : PPU[1] Thread (CPUThread)[0x01722010]]: sys_fs warning: TODO: cellFsStRead(fd=83, buf_addr=0x606fa340, size=0x10000, rsize_addr = 0xd000f8a8)
[W : PPU[1] Thread (CPUThread)[0x01722010]]: sys_fs warning: TODO: cellFsStRead(fd=83, buf_addr=0x610ca340, size=0x10000, rsize_addr = 0xd000f8a8)
[E : PPU[81] Thread (ThreadEasyMainTime)[0x01726094]]: TODO: cellSpursReadyCountStore
[E : PPU[81] Thread (ThreadEasyMainTime)[0x01726040]]: TODO: cellSpursWakeUp
[W : PPU[1] Thread (CPUThread)[0x01722010]]: sys_fs warning: TODO: cellFsStRead(fd=83, buf_addr=0x61aaa340, size=0x10000, rsize_addr = 0xd000f8a8)
[W : PPU[1] Thread (CPUThread)[0x01722010]]: sys_fs warning: TODO: cellFsStRead(fd=83, buf_addr=0x6249a340, size=0x10000, rsize_addr = 0xd000f8a8)
[W : PPU[1] Thread (CPUThread)[0x01722010]]: sys_fs warning: TODO: cellFsStRead(fd=83, buf_addr=0x62e9a340, size=0x10000, rsize_addr = 0xd000f8a8)
[W : PPU[1] Thread (CPUThread)[0x01722010]]: sys_fs warning: TODO: cellFsStRead(fd=83, buf_addr=0x638aa340, size=0x10000, rsize_addr = 0xd000f8a8)
[W : PPU[1] Thread (CPUThread)[0x01722010]]: sys_fs warning: TODO: cellFsStRead(fd=83, buf_addr=0x642ca340, size=0x10000, rsize_addr = 0xd000f8a8)
[W : PPU[1] Thread (CPUThread)[0x01722010]]: sys_fs warning: TODO: cellFsStRead(fd=83, buf_addr=0x64cfa340, size=0x10000, rsize_addr = 0xd000f8a8)
[W : PPU[1] Thread (CPUThread)[0x01722010]]: sys_fs warning: TODO: cellFsStRead(fd=83, buf_addr=0x6573a340, size=0x10000, rsize_addr = 0xd000f8a8)
[W : PPU[1] Thread (CPUThread)[0x01722010]]: sys_fs warning: TODO: cellFsStRead(fd=83, buf_addr=0x6618a340, size=0x10000, rsize_addr = 0xd000f8a8)
[W : PPU[1] Thread (CPUThread)[0x01722010]]: sys_fs warning: TODO: cellFsStRead(fd=83, buf_addr=0x66bea340, size=0x10000, rsize_addr = 0xd000f8a8)
[W : PPU[1] Thread (CPUThread)[0x01722010]]: sys_fs warning: TODO: cellFsStRead(fd=83, buf_addr=0x6765a340, size=0x10000, rsize_addr = 0xd000f8a8)
[W : PPU[1] Thread (CPUThread)[0x01722010]]: sys_fs warning: TODO: cellFsStRead(fd=83, buf_addr=0x680da340, size=0x10000, rsize_addr = 0xd000f8a8)
[W : PPU[1] Thread (CPUThread)[0x01722010]]: sys_fs warning: TODO: cellFsStRead(fd=83, buf_addr=0x68b6a340, size=0x10000, rsize_addr = 0xd000f8a8)
[W : PPU[1] Thread (CPUThread)[0x01722010]]: sys_fs warning: TODO: cellFsStRead(fd=83, buf_addr=0x6960a340, size=0x10000, rsize_addr = 0xd000f8a8)
[W : PPU[1] Thread (CPUThread)[0x01722010]]: sys_fs warning: TODO: cellFsStRead(fd=83, buf_addr=0x6a0ba340, size=0x10000, rsize_addr = 0xd000f8a8)
[W : PPU[1] Thread (CPUThread)[0x01722010]]: sys_fs warning: TODO: cellFsStRead(fd=83, buf_addr=0x6ab7a340, size=0x10000, rsize_addr = 0xd000f8a8)
[W : PPU[1] Thread (CPUThread)[0x01722010]]: sys_fs warning: TODO: cellFsStRead(fd=83, buf_addr=0x6b64a340, size=0x10000, rsize_addr = 0xd000f8a8)
[W : PPU[1] Thread (CPUThread)[0x01722010]]: sys_fs warning: TODO: cellFsStRead(fd=83, buf_addr=0x6c12a340, size=0x10000, rsize_addr = 0xd000f8a8)
[W : PPU[1] Thread (CPUThread)[0x01722010]]: sys_fs warning: TODO: cellFsStRead(fd=83, buf_addr=0x6cc1a340, size=0x10000, rsize_addr = 0xd000f8a8)
[W : PPU[1] Thread (CPUThread)[0x01722010]]: sys_fs warning: TODO: cellFsStRead(fd=83, buf_addr=0x6d71a340, size=0x10000, rsize_addr = 0xd000f8a8)
[W : PPU[1] Thread (CPUThread)[0x01722010]]: sys_fs warning: TODO: cellFsStRead(fd=83, buf_addr=0x6e22a340, size=0x10000, rsize_addr = 0xd000f8a8)
[W : PPU[1] Thread (CPUThread)[0x01722010]]: sys_fs warning: TODO: cellFsStRead(fd=83, buf_addr=0x6ed4a340, size=0x10000, rsize_addr = 0xd000f8a8)
[W : PPU[1] Thread (CPUThread)[0x01722010]]: sys_fs warning: TODO: cellFsStRead(fd=83, buf_addr=0x6f87a340, size=0x10000, rsize_addr = 0xd000f8a8)
[W : PPU[1] Thread (CPUThread)[0x01722010]]: sys_fs warning: TODO: cellFsStRead(fd=83, buf_addr=0x703ba340, size=0x10000, rsize_addr = 0xd000f8a8)
[W : PPU[1] Thread (CPUThread)[0x01722010]]: sys_fs warning: TODO: cellFsStRead(fd=83, buf_addr=0x70f0a340, size=0x10000, rsize_addr = 0xd000f8a8)
[W : PPU[1] Thread (CPUThread)[0x01722010]]: sys_fs warning: TODO: cellFsStRead(fd=83, buf_addr=0x71a6a340, size=0x10000, rsize_addr = 0xd000f8a8)
[W : PPU[1] Thread (CPUThread)[0x01722010]]: sys_fs warning: TODO: cellFsStRead(fd=83, buf_addr=0x725da340, size=0x10000, rsize_addr = 0xd000f8a8)
[W : PPU[1] Thread (CPUThread)[0x01722010]]: sys_fs warning: TODO: cellFsStRead(fd=83, buf_addr=0x7315a340, size=0x10000, rsize_addr = 0xd000f8a8)
[W : PPU[1] Thread (CPUThread)[0x01722010]]: sys_fs warning: TODO: cellFsStRead(fd=83, buf_addr=0x73cea340, size=0x10000, rsize_addr = 0xd000f8a8)
[W : PPU[1] Thread (CPUThread)[0x01722010]]: sys_fs warning: TODO: cellFsStRead(fd=83, buf_addr=0x7488a340, size=0x10000, rsize_addr = 0xd000f8a8)
[W : PPU[1] Thread (CPUThread)[0x01722010]]: sys_fs warning: TODO: cellFsStRead(fd=83, buf_addr=0x7543a340, size=0x10000, rsize_addr = 0xd000f8a8)
[W : PPU[1] Thread (CPUThread)[0x01722010]]: sys_fs warning: TODO: cellFsStRead(fd=83, buf_addr=0x75ffa340, size=0x10000, rsize_addr = 0xd000f8a8)
[W : PPU[1] Thread (CPUThread)[0x01722010]]: sys_fs warning: TODO: cellFsStRead(fd=83, buf_addr=0x76bca340, size=0x10000, rsize_addr = 0xd000f8a8)
[W : PPU[1] Thread (CPUThread)[0x01722010]]: sys_fs warning: TODO: cellFsStRead(fd=83, buf_addr=0x777aa340, size=0x10000, rsize_addr = 0xd000f8a8)
[W : PPU[1] Thread (CPUThread)[0x01722010]]: sys_fs warning: TODO: cellFsStRead(fd=83, buf_addr=0x7839a340, size=0x10000, rsize_addr = 0xd000f8a8)
[W : PPU[1] Thread (CPUThread)[0x01722010]]: sys_fs warning: TODO: cellFsStRead(fd=83, buf_addr=0x78f9a340, size=0x10000, rsize_addr = 0xd000f8a8)
[W : PPU[1] Thread (CPUThread)[0x01722010]]: sys_fs warning: TODO: cellFsStRead(fd=83, buf_addr=0x79baa340, size=0x10000, rsize_addr = 0xd000f8a8)
[W : PPU[1] Thread (CPUThread)[0x01722010]]: sys_fs warning: TODO: cellFsStRead(fd=83, buf_addr=0x7a7ca340, size=0x10000, rsize_addr = 0xd000f8a8)
[W : PPU[1] Thread (CPUThread)[0x01722010]]: sys_fs warning: TODO: cellFsStRead(fd=83, buf_addr=0x7b3fa340, size=0x10000, rsize_addr = 0xd000f8a8)
[W : PPU[1] Thread (CPUThread)[0x01722010]]: sys_fs warning: TODO: cellFsStRead(fd=83, buf_addr=0x7c03a340, size=0x10000, rsize_addr = 0xd000f8a8)
[W : PPU[1] Thread (CPUThread)[0x01722010]]: sys_fs warning: TODO: cellFsStRead(fd=83, buf_addr=0x7cc8a340, size=0x10000, rsize_addr = 0xd000f8a8)
[W : PPU[1] Thread (CPUThread)[0x01722010]]: sys_fs warning: TODO: cellFsStRead(fd=83, buf_addr=0x7d8ea340, size=0x10000, rsize_addr = 0xd000f8a8)
[W : PPU[1] Thread (CPUThread)[0x01722010]]: sys_fs warning: TODO: cellFsStRead(fd=83, buf_addr=0x7e55a340, size=0x10000, rsize_addr = 0xd000f8a8)
[W : PPU[1] Thread (CPUThread)[0x01722010]]: sys_fs warning: TODO: cellFsStRead(fd=83, buf_addr=0x7f1da340, size=0x10000, rsize_addr = 0xd000f8a8)
[W : PPU[1] Thread (CPUThread)[0x01722010]]: sys_fs warning: TODO: cellFsStRead(fd=83, buf_addr=0x7fe6a340, size=0x10000, rsize_addr = 0xd000f8a8)
[W : PPU[1] Thread (CPUThread)[0x01722010]]: sys_fs warning: TODO: cellFsStRead(fd=83, buf_addr=0x80b0a340, size=0x10000, rsize_addr = 0xd000f8a8)
[W : PPU[1] Thread (CPUThread)[0x01722010]]: sys_fs warning: TODO: cellFsStRead(fd=83, buf_addr=0x817ba340, size=0x10000, rsize_addr = 0xd000f8a8)
[W : PPU[1] Thread (CPUThread)[0x01722010]]: sys_fs warning: TODO: cellFsStRead(fd=83, buf_addr=0x8247a340, size=0x10000, rsize_addr = 0xd000f8a8)
[W : PPU[1] Thread (CPUThread)[0x01722010]]: sys_fs warning: TODO: cellFsStRead(fd=83, buf_addr=0x8314a340, size=0x10000, rsize_addr = 0xd000f8a8)
[W : PPU[1] Thread (CPUThread)[0x01722010]]: sys_fs warning: TODO: cellFsStRead(fd=83, buf_addr=0x83e2a340, size=0x10000, rsize_addr = 0xd000f8a8)
[W : PPU[1] Thread (CPUThread)[0x01722010]]: sys_fs warning: TODO: cellFsStRead(fd=83, buf_addr=0x84b1a340, size=0x10000, rsize_addr = 0xd000f8a8)
[W : PPU[1] Thread (CPUThread)[0x01722010]]: sys_fs warning: TODO: cellFsStRead(fd=83, buf_addr=0x8581a340, size=0x10000, rsize_addr = 0xd000f8a8)
[W : PPU[1] Thread (CPUThread)[0x01722010]]: sys_fs warning: TODO: cellFsStRead(fd=83, buf_addr=0x8652a340, size=0x10000, rsize_addr = 0xd000f8a8)
[W : PPU[1] Thread (CPUThread)[0x01722010]]: sys_fs warning: TODO: cellFsStRead(fd=83, buf_addr=0x8724a340, size=0x10000, rsize_addr = 0xd000f8a8)
[W : PPU[1] Thread (CPUThread)[0x01722010]]: sys_fs warning: TODO: cellFsStRead(fd=83, buf_addr=0x87f7a340, size=0x10000, rsize_addr = 0xd000f8a8)
[W : PPU[1] Thread (CPUThread)[0x01722010]]: sys_fs warning: TODO: cellFsStRead(fd=83, buf_addr=0x88cba340, size=0x10000, rsize_addr = 0xd000f8a8)
[W : PPU[1] Thread (CPUThread)[0x01722010]]: sys_fs warning: TODO: cellFsStRead(fd=83, buf_addr=0x89a0a340, size=0x10000, rsize_addr = 0xd000f8a8)
[W : PPU[1] Thread (CPUThread)[0x01722010]]: sys_fs warning: TODO: cellFsStRead(fd=83, buf_addr=0x8a76a340, size=0x10000, rsize_addr = 0xd000f8a8)
[E : PPU[81] Thread (ThreadEasyMainTime)[0x01726094]]: TODO: cellSpursReadyCountStore
[W : PPU[1] Thread (CPUThread)[0x01722010]]: sys_fs warning: TODO: cellFsStRead(fd=83, buf_addr=0x8b4da340, size=0x10000, rsize_addr = 0xd000f8a8)
[E : PPU[81] Thread (ThreadEasyMainTime)[0x01726040]]: TODO: cellSpursWakeUp
[W : PPU[1] Thread (CPUThread)[0x01722010]]: sys_fs warning: TODO: cellFsStRead(fd=83, buf_addr=0x8c25a340, size=0x10000, rsize_addr = 0xd000f8a8)
[W : PPU[1] Thread (CPUThread)[0x01722010]]: sys_fs warning: TODO: cellFsStRead(fd=83, buf_addr=0x8cfea340, size=0x10000, rsize_addr = 0xd000f8a8)
[W : PPU[1] Thread (CPUThread)[0x01722010]]: sys_fs warning: TODO: cellFsStRead(fd=83, buf_addr=0x8dd8a340, size=0x10000, rsize_addr = 0xd000f8a8)
[W : PPU[1] Thread (CPUThread)[0x01722010]]: sys_fs warning: TODO: cellFsStRead(fd=83, buf_addr=0x8eb3a340, size=0x10000, rsize_addr = 0xd000f8a8)
[W : PPU[1] Thread (CPUThread)[0x01722010]]: sys_fs warning: TODO: cellFsStRead(fd=83, buf_addr=0x8f8fa340, size=0x10000, rsize_addr = 0xd000f8a8)
[W : PPU[1] Thread (CPUThread)[0x01722010]]: sys_fs warning: TODO: cellFsStRead(fd=83, buf_addr=0x906ca340, size=0x10000, rsize_addr = 0xd000f8a8)
[W : PPU[1] Thread (CPUThread)[0x01722010]]: sys_fs warning: TODO: cellFsStRead(fd=83, buf_addr=0x914aa340, size=0x10000, rsize_addr = 0xd000f8a8)
[W : PPU[1] Thread (CPUThread)[0x01722010]]: sys_fs warning: TODO: cellFsStRead(fd=83, buf_addr=0x9229a340, size=0x10000, rsize_addr = 0xd000f8a8)
[W : PPU[1] Thread (CPUThread)[0x01722010]]: sys_fs warning: TODO: cellFsStRead(fd=83, buf_addr=0x9309a340, size=0x10000, rsize_addr = 0xd000f8a8)
[W : PPU[1] Thread (CPUThread)[0x01722010]]: sys_fs warning: TODO: cellFsStRead(fd=83, buf_addr=0x93eaa340, size=0x10000, rsize_addr = 0xd000f8a8)
[W : PPU[1] Thread (CPUThread)[0x01722010]]: sys_fs warning: TODO: cellFsStRead(fd=83, buf_addr=0x94cca340, size=0x10000, rsize_addr = 0xd000f8a8)
[W : PPU[1] Thread (CPUThread)[0x01722010]]: sys_fs warning: TODO: cellFsStRead(fd=83, buf_addr=0x95afa340, size=0x10000, rsize_addr = 0xd000f8a8)
[W : PPU[1] Thread (CPUThread)[0x01722010]]: sys_fs warning: TODO: cellFsStRead(fd=83, buf_addr=0x9693a340, size=0x10000, rsize_addr = 0xd000f8a8)
[W : PPU[1] Thread (CPUThread)[0x01722010]]: sys_fs warning: TODO: cellFsStRead(fd=83, buf_addr=0x9778a340, size=0x10000, rsize_addr = 0xd000f8a8)
[E : PPU[81] Thread (ThreadEasyMainTime)[0x01726094]]: TODO: cellSpursReadyCountStore
[W : PPU[1] Thread (CPUThread)[0x01722010]]: sys_fs warning: TODO: cellFsStRead(fd=83, buf_addr=0x985ea340, size=0x10000, rsize_addr = 0xd000f8a8)
[E : PPU[81] Thread (ThreadEasyMainTime)[0x01726040]]: TODO: cellSpursWakeUp
[W : PPU[1] Thread (CPUThread)[0x01722010]]: sys_fs warning: TODO: cellFsStRead(fd=83, buf_addr=0x9945a340, size=0x10000, rsize_addr = 0xd000f8a8)
[W : PPU[1] Thread (CPUThread)[0x01722010]]: sys_fs warning: TODO: cellFsStRead(fd=83, buf_addr=0x9a2da340, size=0x10000, rsize_addr = 0xd000f8a8)
[W : PPU[1] Thread (CPUThread)[0x01722010]]: sys_fs warning: TODO: cellFsStRead(fd=83, buf_addr=0x9b16a340, size=0x10000, rsize_addr = 0xd000f8a8)
[W : PPU[1] Thread (CPUThread)[0x01722010]]: sys_fs warning: TODO: cellFsStRead(fd=83, buf_addr=0x9c00a340, size=0x10000, rsize_addr = 0xd000f8a8)
[W : PPU[1] Thread (CPUThread)[0x01722010]]: sys_fs warning: TODO: cellFsStRead(fd=83, buf_addr=0x9ceba340, size=0x10000, rsize_addr = 0xd000f8a8)
[W : PPU[1] Thread (CPUThread)[0x01722010]]: sys_fs warning: TODO: cellFsStRead(fd=83, buf_addr=0x9dd7a340, size=0x10000, rsize_addr = 0xd000f8a8)
[W : PPU[1] Thread (CPUThread)[0x01722010]]: sys_fs warning: TODO: cellFsStRead(fd=83, buf_addr=0x9ec4a340, size=0x10000, rsize_addr = 0xd000f8a8)
[W : PPU[1] Thread (CPUThread)[0x01722010]]: sys_fs warning: TODO: cellFsStRead(fd=83, buf_addr=0x9fb2a340, size=0x10000, rsize_addr = 0xd000f8a8)
[W : PPU[1] Thread (CPUThread)[0x01722010]]: sys_fs warning: TODO: cellFsStRead(fd=83, buf_addr=0xa0a1a340, size=0x10000, rsize_addr = 0xd000f8a8)
[W : PPU[1] Thread (CPUThread)[0x01722010]]: sys_fs warning: TODO: cellFsStRead(fd=83, buf_addr=0xa191a340, size=0x10000, rsize_addr = 0xd000f8a8)
[W : PPU[1] Thread (CPUThread)[0x01722010]]: sys_fs warning: TODO: cellFsStRead(fd=83, buf_addr=0xa282a340, size=0x10000, rsize_addr = 0xd000f8a8)
[W : PPU[1] Thread (CPUThread)[0x01722010]]: sys_fs warning: TODO: cellFsStRead(fd=83, buf_addr=0xa374a340, size=0x10000, rsize_addr = 0xd000f8a8)
[W : PPU[1] Thread (CPUThread)[0x01722010]]: sys_fs warning: TODO: cellFsStRead(fd=83, buf_addr=0xa467a340, size=0x10000, rsize_addr = 0xd000f8a8)
[W : PPU[1] Thread (CPUThread)[0x01722010]]: sys_fs warning: TODO: cellFsStRead(fd=83, buf_addr=0xa55ba340, size=0x10000, rsize_addr = 0xd000f8a8)
[W : PPU[1] Thread (CPUThread)[0x01722010]]: sys_fs warning: TODO: cellFsStRead(fd=83, buf_addr=0xa650a340, size=0x10000, rsize_addr = 0xd000f8a8)
[W : PPU[1] Thread (CPUThread)[0x01722010]]: sys_fs warning: TODO: cellFsStRead(fd=83, buf_addr=0xa746a340, size=0x10000, rsize_addr = 0xd000f8a8)
[W : PPU[1] Thread (CPUThread)[0x01722010]]: sys_fs warning: TODO: cellFsStRead(fd=83, buf_addr=0xa83da340, size=0x10000, rsize_addr = 0xd000f8a8)
[W : PPU[1] Thread (CPUThread)[0x01722010]]: sys_fs warning: TODO: cellFsStRead(fd=83, buf_addr=0xa935a340, size=0x10000, rsize_addr = 0xd000f8a8)
[W : PPU[1] Thread (CPUThread)[0x01722010]]: sys_fs warning: TODO: cellFsStRead(fd=83, buf_addr=0xaa2ea340, size=0x10000, rsize_addr = 0xd000f8a8)
[W : PPU[1] Thread (CPUThread)[0x01722010]]: sys_fs warning: TODO: cellFsStRead(fd=83, buf_addr=0xab28a340, size=0x10000, rsize_addr = 0xd000f8a8)
[W : PPU[1] Thread (CPUThread)[0x01722010]]: sys_fs warning: TODO: cellFsStRead(fd=83, buf_addr=0xac23a340, size=0x10000, rsize_addr = 0xd000f8a8)
[W : PPU[1] Thread (CPUThread)[0x01722010]]: sys_fs warning: TODO: cellFsStRead(fd=83, buf_addr=0xad1fa340, size=0x10000, rsize_addr = 0xd000f8a8)
[W : PPU[1] Thread (CPUThread)[0x01722010]]: sys_fs warning: TODO: cellFsStRead(fd=83, buf_addr=0xae1ca340, size=0x10000, rsize_addr = 0xd000f8a8)
[W : PPU[1] Thread (CPUThread)[0x01722010]]: sys_fs warning: TODO: cellFsStRead(fd=83, buf_addr=0xaf1aa340, size=0x10000, rsize_addr = 0xd000f8a8)
[W : PPU[1] Thread (CPUThread)[0x01722010]]: sys_fs warning: TODO: cellFsStRead(fd=83, buf_addr=0xb019a340, size=0x10000, rsize_addr = 0xd000f8a8)
[W : PPU[1] Thread (CPUThread)[0x01722010]]: sys_fs warning: TODO: cellFsStRead(fd=83, buf_addr=0xb119a340, size=0x10000, rsize_addr = 0xd000f8a8)
[W : PPU[1] Thread (CPUThread)[0x01722010]]: sys_fs warning: TODO: cellFsStRead(fd=83, buf_addr=0xb21aa340, size=0x10000, rsize_addr = 0xd000f8a8)
[W : PPU[1] Thread (CPUThread)[0x01722010]]: sys_fs warning: TODO: cellFsStRead(fd=83, buf_addr=0xb31ca340, size=0x10000, rsize_addr = 0xd000f8a8)
[W : PPU[1] Thread (CPUThread)[0x01722010]]: sys_fs warning: TODO: cellFsStRead(fd=83, buf_addr=0xb41fa340, size=0x10000, rsize_addr = 0xd000f8a8)
[W : PPU[1] Thread (CPUThread)[0x01722010]]: sys_fs warning: TODO: cellFsStRead(fd=83, buf_addr=0xb523a340, size=0x10000, rsize_addr = 0xd000f8a8)
[W : PPU[1] Thread (CPUThread)[0x01722010]]: sys_fs warning: TODO: cellFsStRead(fd=83, buf_addr=0xb628a340, size=0x10000, rsize_addr = 0xd000f8a8)
[W : PPU[1] Thread (CPUThread)[0x01722010]]: sys_fs warning: TODO: cellFsStRead(fd=83, buf_addr=0xb72ea340, size=0x10000, rsize_addr = 0xd000f8a8)
[W : PPU[1] Thread (CPUThread)[0x01722010]]: sys_fs warning: TODO: cellFsStRead(fd=83, buf_addr=0xb835a340, size=0x10000, rsize_addr = 0xd000f8a8)
[W : PPU[1] Thread (CPUThread)[0x01722010]]: sys_fs warning: TODO: cellFsStRead(fd=83, buf_addr=0xb93da340, size=0x10000, rsize_addr = 0xd000f8a8)
[W : PPU[1] Thread (CPUThread)[0x01722010]]: sys_fs warning: TODO: cellFsStRead(fd=83, buf_addr=0xba46a340, size=0x10000, rsize_addr = 0xd000f8a8)
[W : PPU[1] Thread (CPUThread)[0x01722010]]: sys_fs warning: TODO: cellFsStRead(fd=83, buf_addr=0xbb50a340, size=0x10000, rsize_addr = 0xd000f8a8)
[W : PPU[1] Thread (CPUThread)[0x01722010]]: sys_fs warning: TODO: cellFsStRead(fd=83, buf_addr=0xbc5ba340, size=0x10000, rsize_addr = 0xd000f8a8)
[W : PPU[1] Thread (CPUThread)[0x01722010]]: sys_fs warning: TODO: cellFsStRead(fd=83, buf_addr=0xbd67a340, size=0x10000, rsize_addr = 0xd000f8a8)
[W : PPU[1] Thread (CPUThread)[0x01722010]]: sys_fs warning: TODO: cellFsStRead(fd=83, buf_addr=0xbe74a340, size=0x10000, rsize_addr = 0xd000f8a8)
[W : PPU[1] Thread (CPUThread)[0x01722010]]: sys_fs warning: TODO: cellFsStRead(fd=83, buf_addr=0xbf82a340, size=0x10000, rsize_addr = 0xd000f8a8)
[W : PPU[1] Thread (CPUThread)[0x01722010]]: sys_fs warning: TODO: cellFsStRead(fd=83, buf_addr=0xc091a340, size=0x10000, rsize_addr = 0xd000f8a8)
[W : PPU[1] Thread (CPUThread)[0x01722010]]: sys_fs warning: TODO: cellFsStRead(fd=83, buf_addr=0xc1a1a340, size=0x10000, rsize_addr = 0xd000f8a8)
[W : PPU[1] Thread (CPUThread)[0x01722010]]: sys_fs warning: TODO: cellFsStRead(fd=83, buf_addr=0xc2b2a340, size=0x10000, rsize_addr = 0xd000f8a8)
[W : PPU[1] Thread (CPUThread)[0x01722010]]: sys_fs warning: TODO: cellFsStRead(fd=83, buf_addr=0xc3c4a340, size=0x10000, rsize_addr = 0xd000f8a8)
[W : PPU[1] Thread (CPUThread)[0x01722010]]: sys_fs warning: TODO: cellFsStRead(fd=83, buf_addr=0xc4d7a340, size=0x10000, rsize_addr = 0xd000f8a8)
[W : PPU[1] Thread (CPUThread)[0x01722010]]: sys_fs warning: TODO: cellFsStRead(fd=83, buf_addr=0xc5eba340, size=0x10000, rsize_addr = 0xd000f8a8)
[W : PPU[1] Thread (CPUThread)[0x01722010]]: sys_fs warning: TODO: cellFsStRead(fd=83, buf_addr=0xc700a340, size=0x10000, rsize_addr = 0xd000f8a8)
[W : PPU[1] Thread (CPUThread)[0x01722010]]: sys_fs warning: TODO: cellFsStRead(fd=83, buf_addr=0xc816a340, size=0x10000, rsize_addr = 0xd000f8a8)
[W : PPU[1] Thread (CPUThread)[0x01722010]]: sys_fs warning: TODO: cellFsStRead(fd=83, buf_addr=0xc92da340, size=0x10000, rsize_addr = 0xd000f8a8)
[W : PPU[1] Thread (CPUThread)[0x01722010]]: sys_fs warning: TODO: cellFsStRead(fd=83, buf_addr=0xca45a340, size=0x10000, rsize_addr = 0xd000f8a8)
[W : PPU[1] Thread (CPUThread)[0x01722010]]: sys_fs warning: TODO: cellFsStRead(fd=83, buf_addr=0xcb5ea340, size=0x10000, rsize_addr = 0xd000f8a8)
[W : PPU[1] Thread (CPUThread)[0x01722010]]: sys_fs warning: TODO: cellFsStRead(fd=83, buf_addr=0xcc78a340, size=0x10000, rsize_addr = 0xd000f8a8)
[W : PPU[1] Thread (CPUThread)[0x01722010]]: sys_fs warning: TODO: cellFsStRead(fd=83, buf_addr=0xcd93a340, size=0x10000, rsize_addr = 0xd000f8a8)
[W : PPU[1] Thread (CPUThread)[0x01722010]]: sys_fs warning: TODO: cellFsStRead(fd=83, buf_addr=0xceafa340, size=0x10000, rsize_addr = 0xd000f8a8)
[W : PPU[1] Thread (CPUThread)[0x01722010]]: sys_fs warning: TODO: cellFsStRead(fd=83, buf_addr=0xcfcca340, size=0x10000, rsize_addr = 0xd000f8a8)
[W : PPU[1] Thread (CPUThread)[0x01722010]]: sys_fs warning: TODO: cellFsStRead(fd=83, buf_addr=0xd0eaa340, size=0x10000, rsize_addr = 0xd000f8a8)
[W : PPU[1] Thread (CPUThread)[0x01722010]]: sys_fs warning: TODO: cellFsStRead(fd=83, buf_addr=0xd209a340, size=0x10000, rsize_addr = 0xd000f8a8)
[W : PPU[1] Thread (CPUThread)[0x01722010]]: sys_fs warning: TODO: cellFsStRead(fd=83, buf_addr=0xd329a340, size=0x10000, rsize_addr = 0xd000f8a8)
[W : PPU[1] Thread (CPUThread)[0x01722010]]: sys_fs warning: TODO: cellFsStRead(fd=83, buf_addr=0xd44aa340, size=0x10000, rsize_addr = 0xd000f8a8)
[W : PPU[1] Thread (CPUThread)[0x01722010]]: sys_fs warning: TODO: cellFsStRead(fd=83, buf_addr=0xd56ca340, size=0x10000, rsize_addr = 0xd000f8a8)
[W : PPU[1] Thread (CPUThread)[0x01722010]]: sys_fs warning: TODO: cellFsStRead(fd=83, buf_addr=0xd68fa340, size=0x10000, rsize_addr = 0xd000f8a8)
[W : PPU[1] Thread (CPUThread)[0x01722010]]: sys_fs warning: TODO: cellFsStRead(fd=83, buf_addr=0xd7b3a340, size=0x10000, rsize_addr = 0xd000f8a8)
[W : PPU[1] Thread (CPUThread)[0x01722010]]: sys_fs warning: TODO: cellFsStRead(fd=83, buf_addr=0xd8d8a340, size=0x10000, rsize_addr = 0xd000f8a8)
[W : PPU[1] Thread (CPUThread)[0x01722010]]: sys_fs warning: TODO: cellFsStRead(fd=83, buf_addr=0xd9fea340, size=0x10000, rsize_addr = 0xd000f8a8)
[W : PPU[1] Thread (CPUThread)[0x01722010]]: sys_fs warning: TODO: cellFsStRead(fd=83, buf_addr=0xdb25a340, size=0x10000, rsize_addr = 0xd000f8a8)
[W : PPU[1] Thread (CPUThread)[0x01722010]]: sys_fs warning: TODO: cellFsStRead(fd=83, buf_addr=0xdc4da340, size=0x10000, rsize_addr = 0xd000f8a8)
[W : PPU[1] Thread (CPUThread)[0x01722010]]: sys_fs warning: TODO: cellFsStRead(fd=83, buf_addr=0xdd76a340, size=0x10000, rsize_addr = 0xd000f8a8)
[W : PPU[1] Thread (CPUThread)[0x01722010]]: sys_fs warning: TODO: cellFsStRead(fd=83, buf_addr=0xdea0a340, size=0x10000, rsize_addr = 0xd000f8a8)
[W : PPU[1] Thread (CPUThread)[0x01722010]]: sys_fs warning: TODO: cellFsStRead(fd=83, buf_addr=0xdfcba340, size=0x10000, rsize_addr = 0xd000f8a8)
[W : PPU[1] Thread (CPUThread)[0x01722010]]: sys_fs warning: TODO: cellFsStRead(fd=83, buf_addr=0xe0f7a340, size=0x10000, rsize_addr = 0xd000f8a8)
[W : PPU[1] Thread (CPUThread)[0x01722010]]: sys_fs warning: TODO: cellFsStRead(fd=83, buf_addr=0xe224a340, size=0x10000, rsize_addr = 0xd000f8a8)
[W : PPU[1] Thread (CPUThread)[0x01722010]]: sys_fs warning: TODO: cellFsStRead(fd=83, buf_addr=0xe352a340, size=0x10000, rsize_addr = 0xd000f8a8)
[W : PPU[1] Thread (CPUThread)[0x01722010]]: sys_fs warning: TODO: cellFsStRead(fd=83, buf_addr=0xe481a340, size=0x10000, rsize_addr = 0xd000f8a8)
[W : PPU[1] Thread (CPUThread)[0x01722010]]: sys_fs warning: TODO: cellFsStRead(fd=83, buf_addr=0xe5b1a340, size=0x10000, rsize_addr = 0xd000f8a8)
[W : PPU[1] Thread (CPUThread)[0x01722010]]: sys_fs warning: TODO: cellFsStRead(fd=83, buf_addr=0xe6e2a340, size=0x10000, rsize_addr = 0xd000f8a8)
[W : PPU[1] Thread (CPUThread)[0x01722010]]: sys_fs warning: TODO: cellFsStRead(fd=83, buf_addr=0xe814a340, size=0x10000, rsize_addr = 0xd000f8a8)
[W : PPU[1] Thread (CPUThread)[0x01722010]]: sys_fs warning: TODO: cellFsStRead(fd=83, buf_addr=0xe947a340, size=0x10000, rsize_addr = 0xd000f8a8)
[W : PPU[1] Thread (CPUThread)[0x01722010]]: sys_fs warning: TODO: cellFsStRead(fd=83, buf_addr=0xea7ba340, size=0x10000, rsize_addr = 0xd000f8a8)
[W : PPU[1] Thread (CPUThread)[0x01722010]]: sys_fs warning: TODO: cellFsStRead(fd=83, buf_addr=0xebb0a340, size=0x10000, rsize_addr = 0xd000f8a8)
[W : PPU[1] Thread (CPUThread)[0x01722010]]: sys_fs warning: TODO: cellFsStRead(fd=83, buf_addr=0xece6a340, size=0x10000, rsize_addr = 0xd000f8a8)
[W : PPU[1] Thread (CPUThread)[0x01722010]]: sys_fs warning: TODO: cellFsStRead(fd=83, buf_addr=0xee1da340, size=0x10000, rsize_addr = 0xd000f8a8)
[W : PPU[1] Thread (CPUThread)[0x01722010]]: sys_fs warning: TODO: cellFsStRead(fd=83, buf_addr=0xef55a340, size=0x10000, rsize_addr = 0xd000f8a8)
[W : PPU[1] Thread (CPUThread)[0x01722010]]: sys_fs warning: TODO: cellFsStRead(fd=83, buf_addr=0xf08ea340, size=0x10000, rsize_addr = 0xd000f8a8)
[W : PPU[1] Thread (CPUThread)[0x01722010]]: sys_fs warning: TODO: cellFsStRead(fd=83, buf_addr=0xf1c8a340, size=0x10000, rsize_addr = 0xd000f8a8)
[W : PPU[1] Thread (CPUThread)[0x01722010]]: sys_fs warning: TODO: cellFsStRead(fd=83, buf_addr=0xf303a340, size=0x10000, rsize_addr = 0xd000f8a8)
[W : PPU[1] Thread (CPUThread)[0x01722010]]: sys_fs warning: TODO: cellFsStRead(fd=83, buf_addr=0xf43fa340, size=0x10000, rsize_addr = 0xd000f8a8)
[W : PPU[1] Thread (CPUThread)[0x01722010]]: sys_fs warning: TODO: cellFsStRead(fd=83, buf_addr=0xf57ca340, size=0x10000, rsize_addr = 0xd000f8a8)
[W : PPU[1] Thread (CPUThread)[0x01722010]]: sys_fs warning: TODO: cellFsStRead(fd=83, buf_addr=0xf6baa340, size=0x10000, rsize_addr = 0xd000f8a8)
[W : PPU[1] Thread (CPUThread)[0x01722010]]: sys_fs warning: TODO: cellFsStRead(fd=83, buf_addr=0xf7f9a340, size=0x10000, rsize_addr = 0xd000f8a8)
[W : PPU[1] Thread (CPUThread)[0x01722010]]: sys_fs warning: TODO: cellFsStRead(fd=83, buf_addr=0xf939a340, size=0x10000, rsize_addr = 0xd000f8a8)
[W : PPU[1] Thread (CPUThread)[0x01722010]]: sys_fs warning: TODO: cellFsStRead(fd=83, buf_addr=0xfa7aa340, size=0x10000, rsize_addr = 0xd000f8a8)
[W : PPU[1] Thread (CPUThread)[0x01722010]]: sys_fs warning: TODO: cellFsStRead(fd=83, buf_addr=0xfbbca340, size=0x10000, rsize_addr = 0xd000f8a8)
[W : PPU[1] Thread (CPUThread)[0x01722010]]: sys_fs warning: TODO: cellFsStRead(fd=83, buf_addr=0xfcffa340, size=0x10000, rsize_addr = 0xd000f8a8)
[W : PPU[1] Thread (CPUThread)[0x01722010]]: sys_fs warning: TODO: cellFsStRead(fd=83, buf_addr=0xfe43a340, size=0x10000, rsize_addr = 0xd000f8a8)
[W : PPU[1] Thread (CPUThread)[0x01722010]]: sys_fs warning: TODO: cellFsStRead(fd=83, buf_addr=0xff88a340, size=0x10000, rsize_addr = 0xd000f8a8)
[W : PPU[1] Thread (CPUThread)[0x01722010]]: sys_fs warning: TODO: cellFsStRead(fd=83, buf_addr=0xcea340, size=0x10000, rsize_addr = 0xd000f8a8)
[W : PPU[1] Thread (CPUThread)[0x01722010]]: sys_fs warning: TODO: cellFsStRead(fd=83, buf_addr=0x215a340, size=0x10000, rsize_addr = 0xd000f8a8)
[W : PPU[1] Thread (CPUThread)[0x01722010]]: sys_fs warning: TODO: cellFsStRead(fd=83, buf_addr=0x35da340, size=0x10000, rsize_addr = 0xd000f8a8)
[W : PPU[1] Thread (CPUThread)[0x01722010]]: sys_fs warning: TODO: cellFsStRead(fd=83, buf_addr=0x4a6a340, size=0x10000, rsize_addr = 0xd000f8a8)
[W : PPU[1] Thread (CPUThread)[0x01722010]]: sys_fs warning: TODO: cellFsStRead(fd=83, buf_addr=0x5f0a340, size=0x10000, rsize_addr = 0xd000f8a8)
[W : PPU[1] Thread (CPUThread)[0x01722010]]: sys_fs warning: TODO: cellFsStRead(fd=83, buf_addr=0x73ba340, size=0x10000, rsize_addr = 0xd000f8a8)
[W : PPU[1] Thread (CPUThread)[0x01722010]]: sys_fs warning: TODO: cellFsStRead(fd=83, buf_addr=0x887a340, size=0x10000, rsize_addr = 0xd000f8a8)
[W : PPU[1] Thread (CPUThread)[0x01722010]]: sys_fs warning: TODO: cellFsStRead(fd=83, buf_addr=0x9d4a340, size=0x10000, rsize_addr = 0xd000f8a8)
[W : PPU[1] Thread (CPUThread)[0x01722010]]: sys_fs warning: TODO: cellFsStRead(fd=83, buf_addr=0xb22a340, size=0x10000, rsize_addr = 0xd000f8a8)
[W : PPU[1] Thread (CPUThread)[0x01722010]]: sys_fs warning: TODO: cellFsStRead(fd=83, buf_addr=0xc71a340, size=0x10000, rsize_addr = 0xd000f8a8)
[W : PPU[1] Thread (CPUThread)[0x01722010]]: sys_fs warning: TODO: cellFsStRead(fd=83, buf_addr=0xdc1a340, size=0x10000, rsize_addr = 0xd000f8a8)
[W : PPU[1] Thread (CPUThread)[0x01722010]]: sys_fs warning: TODO: cellFsStRead(fd=83, buf_addr=0xf12a340, size=0x10000, rsize_addr = 0xd000f8a8)
[W : PPU[1] Thread (CPUThread)[0x01722010]]: sys_fs warning: TODO: cellFsStRead(fd=83, buf_addr=0x1064a340, size=0x10000, rsize_addr = 0xd000f8a8)
[W : PPU[1] Thread (CPUThread)[0x01722010]]: sys_fs warning: TODO: cellFsStRead(fd=83, buf_addr=0x11b7a340, size=0x10000, rsize_addr = 0xd000f8a8)
[W : PPU[1] Thread (CPUThread)[0x01722010]]: sys_fs warning: TODO: cellFsStRead(fd=83, buf_addr=0x130ba340, size=0x10000, rsize_addr = 0xd000f8a8)
[W : PPU[1] Thread (CPUThread)[0x01722010]]: sys_fs warning: TODO: cellFsStRead(fd=83, buf_addr=0x1460a340, size=0x10000, rsize_addr = 0xd000f8a8)
[W : PPU[1] Thread (CPUThread)[0x01722010]]: sys_fs warning: TODO: cellFsStRead(fd=83, buf_addr=0x15b6a340, size=0x10000, rsize_addr = 0xd000f8a8)
[W : PPU[1] Thread (CPUThread)[0x01722010]]: sys_fs warning: TODO: cellFsStRead(fd=83, buf_addr=0x170da340, size=0x10000, rsize_addr = 0xd000f8a8)
[W : PPU[1] Thread (CPUThread)[0x01722010]]: sys_fs warning: TODO: cellFsStRead(fd=83, buf_addr=0x1865a340, size=0x10000, rsize_addr = 0xd000f8a8)
[W : PPU[1] Thread (CPUThread)[0x01722010]]: sys_fs warning: TODO: cellFsStRead(fd=83, buf_addr=0x19bea340, size=0x10000, rsize_addr = 0xd000f8a8)
[W : PPU[1] Thread (CPUThread)[0x01722010]]: sys_fs warning: TODO: cellFsStRead(fd=83, buf_addr=0x1b18a340, size=0x10000, rsize_addr = 0xd000f8a8)
[W : PPU[1] Thread (CPUThread)[0x01722010]]: sys_fs warning: TODO: cellFsStRead(fd=83, buf_addr=0x1c73a340, size=0x10000, rsize_addr = 0xd000f8a8)
[W : PPU[1] Thread (CPUThread)[0x01722010]]: sys_fs warning: TODO: cellFsStRead(fd=83, buf_addr=0x1dcfa340, size=0x10000, rsize_addr = 0xd000f8a8)
[W : PPU[1] Thread (CPUThread)[0x01722010]]: sys_fs warning: TODO: cellFsStRead(fd=83, buf_addr=0x1f2ca340, size=0x10000, rsize_addr = 0xd000f8a8)
[W : PPU[1] Thread (CPUThread)[0x01722010]]: sys_fs warning: TODO: cellFsStRead(fd=83, buf_addr=0x208aa340, size=0x10000, rsize_addr = 0xd000f8a8)
[W : PPU[1] Thread (CPUThread)[0x01722010]]: sys_fs warning: TODO: cellFsStRead(fd=83, buf_addr=0x21e9a340, size=0x10000, rsize_addr = 0xd000f8a8)
[W : PPU[1] Thread (CPUThread)[0x01722010]]: sys_fs warning: TODO: cellFsStRead(fd=83, buf_addr=0x2349a340, size=0x10000, rsize_addr = 0xd000f8a8)
[W : PPU[1] Thread (CPUThread)[0x01722010]]: sys_fs warning: TODO: cellFsStRead(fd=83, buf_addr=0x24aaa340, size=0x10000, rsize_addr = 0xd000f8a8)
[W : PPU[1] Thread (CPUThread)[0x01722010]]: sys_fs warning: TODO: cellFsStRead(fd=83, buf_addr=0x260ca340, size=0x10000, rsize_addr = 0xd000f8a8)
[W : PPU[1] Thread (CPUThread)[0x01722010]]: sys_fs warning: TODO: cellFsStRead(fd=83, buf_addr=0x276fa340, size=0x10000, rsize_addr = 0xd000f8a8)
[W : PPU[1] Thread (CPUThread)[0x01722010]]: sys_fs warning: TODO: cellFsStRead(fd=83, buf_addr=0x28d3a340, size=0x10000, rsize_addr = 0xd000f8a8)
[W : PPU[1] Thread (CPUThread)[0x01722010]]: sys_fs warning: TODO: cellFsStRead(fd=83, buf_addr=0x2a38a340, size=0x10000, rsize_addr = 0xd000f8a8)
[W : PPU[1] Thread (CPUThread)[0x01722010]]: sys_fs warning: TODO: cellFsStRead(fd=83, buf_addr=0x2b9ea340, size=0x10000, rsize_addr = 0xd000f8a8)
[W : PPU[1] Thread (CPUThread)[0x01722010]]: sys_fs warning: TODO: cellFsStRead(fd=83, buf_addr=0x2d05a340, size=0x10000, rsize_addr = 0xd000f8a8)
[W : PPU[1] Thread (CPUThread)[0x01722010]]: sys_fs warning: TODO: cellFsStRead(fd=83, buf_addr=0x2e6da340, size=0x10000, rsize_addr = 0xd000f8a8)
[W : PPU[1] Thread (CPUThread)[0x01722010]]: sys_fs warning: TODO: cellFsStRead(fd=83, buf_addr=0x2fd6a340, size=0x10000, rsize_addr = 0xd000f8a8)
[W : PPU[1] Thread (CPUThread)[0x01722010]]: sys_fs warning: TODO: cellFsStRead(fd=83, buf_addr=0x3140a340, size=0x10000, rsize_addr = 0xd000f8a8)
[W : PPU[1] Thread (CPUThread)[0x01722010]]: sys_fs warning: TODO: cellFsStRead(fd=83, buf_addr=0x32aba340, size=0x10000, rsize_addr = 0xd000f8a8)
[W : PPU[1] Thread (CPUThread)[0x01722010]]: sys_fs warning: TODO: cellFsStRead(fd=83, buf_addr=0x3417a340, size=0x10000, rsize_addr = 0xd000f8a8)
[W : PPU[1] Thread (CPUThread)[0x01722010]]: sys_fs warning: TODO: cellFsStRead(fd=83, buf_addr=0x3584a340, size=0x10000, rsize_addr = 0xd000f8a8)
[W : PPU[1] Thread (CPUThread)[0x01722010]]: sys_fs warning: TODO: cellFsStRead(fd=83, buf_addr=0x36f2a340, size=0x10000, rsize_addr = 0xd000f8a8)
[W : PPU[1] Thread (CPUThread)[0x01722010]]: sys_fs warning: TODO: cellFsStRead(fd=83, buf_addr=0x3861a340, size=0x10000, rsize_addr = 0xd000f8a8)
[E : RSXThread]: TODO: cellGcmInvalidateZcull(0x0)
[E : RSXThread]: TODO: cellGcmSetContextDmaReport(0xbad68000)
[W : PPU[1] Thread (CPUThread)[0x01722010]]: sys_fs warning: TODO: cellFsStRead(fd=83, buf_addr=0x39d1a340, size=0x10000, rsize_addr = 0xd000f8a8)
[W : RSXThread]: null cmd: addr=0x50000d34, put=0x600e0000, get=0xd34
[W : PPU[1] Thread (CPUThread)[0x01722010]]: sys_fs warning: TODO: cellFsStRead(fd=83, buf_addr=0x3b42a340, size=0x10000, rsize_addr = 0xd000f8a8)
[W : PPU[1] Thread (CPUThread)[0x01722010]]: sys_fs warning: TODO: cellFsStRead(fd=83, buf_addr=0x3cb4a340, size=0x10000, rsize_addr = 0xd000f8a8)
[! : RSXThread]: RSX thread exit...
