[!]: path: /dev_hdd0/game/
[!]: Loading 'D:\Emulateurs\Rpcs3\dev_hdd0\game\BLES00219-[Condemned 2]/PS3_GAME/USRDIR/BOOT.BIN'...
[!]: Mount info:
[!]: /dev_hdd0/ -> D:\Emulateurs\Rpcs3\dev_hdd0\
[!]: /dev_hdd1/ -> D:\Emulateurs\Rpcs3\dev_hdd1\
[!]: /dev_flash/ -> D:\Emulateurs\Rpcs3\dev_flash\
[!]: /dev_usb000/ -> D:\Emulateurs\Rpcs3\dev_usb000\
[!]: /dev_usb/ -> D:\Emulateurs\Rpcs3\dev_usb000\
[!]: /app_home/ -> D:\Emulateurs\Rpcs3\dev_hdd0\game\BLES00219-[Condemned 2]/PS3_GAME/\USRDIR\
[!]: /dev_bdvd/ -> D:\Emulateurs\Rpcs3\dev_hdd0\game\BLES00219-[Condemned 2]/PS3_GAME/\..\
[!]: /host_root/ -> 
[!]: ///resource/ -> D:\Emulateurs\Rpcs3\dev_hdd0\game\BLES00219-[Condemned 2]/PS3_GAME/\USRDIR\resource\
[!]: /app_home/Game/PS3_GAME/USRDIR/ -> D:\Emulateurs\Rpcs3\dev_hdd0\game\BLES00219-[Condemned 2]/PS3_GAME/\USRDIR\
[!]: /app_home/PS3_GAME/USRDIR/media/ -> D:\Emulateurs\Rpcs3\dev_hdd0\game\BLES00219-[Condemned 2]/PS3_GAME/\USRDIR\media\
[!]: /Data/ -> D:\Emulateurs\Rpcs3\dev_hdd0\game\BLES00219-[Condemned 2]/PS3_GAME/\USRDIR\Data\
[!]: / -> D:\Emulateurs\Rpcs3\dev_hdd0\game\BLES00219-[Condemned 2]/PS3_GAME/\USRDIR\
[!]: /USRDIR/PS3_GAME/USRDIR/Data/ -> D:\Emulateurs\Rpcs3\dev_hdd0\game\BLES00219-[Condemned 2]/PS3_GAME/\USRDIR\Data\
[!]: /app_home//dev_bdvd/PS3_GAME/USRDIR/data/gos/ -> D:\Emulateurs\Rpcs3\dev_hdd0\game\BLES00219-[Condemned 2]/PS3_GAME/\USRDIR\
[!]: BD/ -> D:\Emulateurs\Rpcs3\dev_hdd0\game\BLES00219-[Condemned 2]/PS3_GAME/\USRDIR\
[!]: //dev_bdvd/PS3_GAME/USRDIR/ -> D:\Emulateurs\Rpcs3\dev_hdd0\game\BLES00219-[Condemned 2]/PS3_GAME/\USRDIR\
[!]: Initing memory...
[!]: Memory initialized.
[W]: Unknown function 0x13ae18f3 in 'cellSpurs' module
[E]: TODO: cellSpursTaskExitCodeGet
[W]: Unknown function 0x16394a4e in 'cellSpurs' module
[E]: TODO: _cellSpursTasksetAttributeInitialize
[W]: Unknown function 0x1d46fedf in 'cellSpurs' module
[E]: TODO: cellSpursCreateTaskWithAttribute
[W]: Unknown function 0x34552fa6 in 'cellSpurs' module
[E]: TODO: cellSpursTaskExitCodeInitialize
[W]: Unknown function 0x4ac7bae4 in 'cellSpurs' module
[E]: TODO: cellSpursEventFlagClear
[W]: Unknown function 0x5ef96465 in 'cellSpurs' module
[E]: TODO: _cellSpursEventFlagInitialize
[W]: Unknown function 0x652b70e2 in 'cellSpurs' module
[E]: TODO: cellSpursTasksetAttributeSetName
[W]: Unknown function 0x6d2d9339 in 'cellSpurs' module
[E]: TODO: cellSpursEventFlagTryWait
[W]: Unknown function 0x8f122ef8 in 'cellSpurs' module
[E]: TODO: cellSpursTasksetAttributeSetTasksetSize
[W]: Unknown function 0xa121a224 in 'cellSpurs' module
[E]: TODO: cellSpursTaskAttributeSetExitCodeContainer
[W]: Unknown function 0xb8474eff in 'cellSpurs' module
[E]: TODO: _cellSpursTaskAttributeInitialize
[W]: Unknown function 0xc10931cb in 'cellSpurs' module
[E]: TODO: cellSpursCreateTasksetWithAttribute
[W]: Unknown function 0xf5507729 in 'cellSpurs' module
[E]: TODO: cellSpursEventFlagSet
[W]: Unknown function 0xdbf4c59c in 'sys_io' module
[E]: Unknown func id: 0xdbf4c59c
[W]: Unknown function 0xf83f8182 in 'sys_io' module
[E]: TODO: cellPadSetPressMode
[W]: Unknown function 0x13efe7f5 in 'sys_net' module
[E]: TODO: getsockname
[W]: Unknown function 0x3f09e20a in 'sys_net' module
[E]: TODO: socketselect
[W]: Unknown function 0x5a045bd1 in 'sys_net' module
[E]: TODO: getsockopt
[W]: Unknown function 0x71f4c717 in 'sys_net' module
[E]: TODO: gethostbyname
[W]: Unknown function 0x858a930b in 'sys_net' module
[E]: TODO: inet_ntoa
[W]: Unknown function 0xdabbc2c0 in 'sys_net' module
[E]: TODO: inet_addr
[W]: Unknown function 0xf7ac8941 in 'sys_net' module
[E]: TODO: gethostbyaddr
[W]: Unknown function 0x28e208bb in 'sys_net' module
[E]: TODO: listen
[W]: Unknown function 0xc9645c41 in 'cellSysutil' module
[E]: TODO: cellGameDataCheckCreate2
[W]: Unknown function 0xdfdd302e in 'cellSysutil' module
[E]: TODO: cellDiscGameRegisterDiscChangeCallback
[W]: Unknown function 0x21425307 in 'cellSysutil' module
[E]: TODO: cellSaveDataListAutoLoad
[W]: Unknown function 0x4dd03a4e in 'cellSysutil' module
[E]: TODO: cellSaveDataListAutoSave
[W]: Unknown function 0xb72bc4e6 in 'cellSysutil' module
[E]: TODO: cellDiscGameGetBootDiscInfo
[W]: Unknown function 0x168fcece in 'sceNp' module
[E]: TODO: sceNpManagerGetAccountAge
[W]: Unknown function 0x52a6b523 in 'sceNp' module
[E]: TODO: sceNpManagerUnregisterCallback
[W]: Unknown function 0x6ee62ed2 in 'sceNp' module
[E]: TODO: sceNpManagerGetContentRatingFlag
[W]: Unknown function 0xbe07c708 in 'sceNp' module
[E]: TODO: sceNpManagerGetOnlineId
[W]: Unknown function 0xd208f91d in 'sceNp' module
[E]: TODO: sceNpUtilCmpNpId
[W]: Unknown function 0xe7dcd3b4 in 'sceNp' module
[E]: TODO: sceNpManagerRegisterCallback
[W]: Unknown function 0xfe37a7f4 in 'sceNp' module
[E]: TODO: sceNpManagerGetNpId
[W : PPU[1] Thread (CPUThread)[0x0118b034]]: sys_lwmutex warning: *** lwmutex created [_lc_mtx] (attribute=0x12): sq_id = 3
[W : PPU[1] Thread (CPUThread)[0x0118b034]]: sys_lwmutex warning: *** lwmutex created [_lc_mtx] (attribute=0x12): sq_id = 4
[W : PPU[1] Thread (CPUThread)[0x0118b034]]: sys_lwmutex warning: *** lwmutex created [_lc_mtx] (attribute=0x12): sq_id = 5
[W : PPU[1] Thread (CPUThread)[0x0118b034]]: sys_lwmutex warning: *** lwmutex created [_lc_mtx] (attribute=0x12): sq_id = 6
[W : PPU[1] Thread (CPUThread)[0x0118b034]]: sys_lwmutex warning: *** lwmutex created [_lc_mtx] (attribute=0x12): sq_id = 7
[W : PPU[1] Thread (CPUThread)[0x0118b034]]: sys_lwmutex warning: *** lwmutex created [_lc_mtx] (attribute=0x12): sq_id = 8
[W : PPU[1] Thread (CPUThread)[0x0118b034]]: sys_lwmutex warning: *** lwmutex created [_lc_mtx] (attribute=0x12): sq_id = 9
[W : PPU[1] Thread (CPUThread)[0x0118b034]]: sys_lwmutex warning: *** lwmutex created [_lc_mtx] (attribute=0x12): sq_id = 10
[W : PPU[1] Thread (CPUThread)[0x0118b034]]: sys_lwmutex warning: *** lwmutex created [_lc_mtx] (attribute=0x12): sq_id = 11
[W : PPU[1] Thread (CPUThread)[0x007ea8cc]]: sys_mutex warning: *** mutex created [] (protocol=0x1, recursive=true): id = 12
[W : PPU[1] Thread (CPUThread)[0x007ea8cc]]: sys_mutex warning: *** mutex created [] (protocol=0x1, recursive=true): id = 13
[W : PPU[1] Thread (CPUThread)[0x007ea8cc]]: sys_mutex warning: *** mutex created [] (protocol=0x1, recursive=true): id = 14
[W : PPU[1] Thread (CPUThread)[0x007ea8cc]]: sys_mutex warning: *** mutex created [] (protocol=0x1, recursive=true): id = 15
[W : PPU[1] Thread (CPUThread)[0x007ea8cc]]: sys_mutex warning: *** mutex created [] (protocol=0x1, recursive=true): id = 16
[W : PPU[1] Thread (CPUThread)[0x007ea8cc]]: sys_mutex warning: *** mutex created [] (protocol=0x1, recursive=true): id = 17
[W : PPU[1] Thread (CPUThread)[0x007ea8cc]]: sys_mutex warning: *** mutex created [] (protocol=0x1, recursive=true): id = 18
[W : PPU[1] Thread (CPUThread)[0x007ea8cc]]: sys_mutex warning: *** mutex created [] (protocol=0x1, recursive=true): id = 19
[W : PPU[1] Thread (CPUThread)[0x007ea8cc]]: sys_mutex warning: *** mutex created [] (protocol=0x1, recursive=true): id = 20
[W : PPU[1] Thread (CPUThread)[0x007ea8cc]]: sys_mutex warning: *** mutex created [] (protocol=0x1, recursive=true): id = 21
[W : PPU[1] Thread (CPUThread)[0x0118b034]]: sys_lwmutex warning: *** lwmutex created [_lc_mtx] (attribute=0x12): sq_id = 22
[W : PPU[1] Thread (CPUThread)[0x0118b034]]: sys_lwmutex warning: *** lwmutex created [_lc_mtx] (attribute=0x12): sq_id = 23
[W : PPU[1] Thread (CPUThread)[0x0118b034]]: sys_lwmutex warning: *** lwmutex created [_lc_mtx] (attribute=0x12): sq_id = 24
[W : PPU[1] Thread (CPUThread)[0x0118b034]]: sys_lwmutex warning: *** lwmutex created [_lc_mtx] (attribute=0x12): sq_id = 25
[W : PPU[1] Thread (CPUThread)[0x0118b034]]: sys_lwmutex warning: *** lwmutex created [_lc_mtx] (attribute=0x12): sq_id = 26
[W : PPU[1] Thread (CPUThread)[0x0118b034]]: sys_lwmutex warning: *** lwmutex created [_lc_mtx] (attribute=0x12): sq_id = 27
[W : PPU[1] Thread (CPUThread)[0x0118b034]]: sys_lwmutex warning: *** lwmutex created [_lc_mtx] (attribute=0x12): sq_id = 28
[W : PPU[1] Thread (CPUThread)[0x0118b034]]: sys_lwmutex warning: *** lwmutex created [_lc_mtx] (attribute=0x12): sq_id = 29
[W : PPU[1] Thread (CPUThread)[0x0118b034]]: sys_lwmutex warning: *** lwmutex created [_lc_mtx] (attribute=0x12): sq_id = 30
[W : PPU[1] Thread (CPUThread)[0x0118b034]]: sys_lwmutex warning: *** lwmutex created [_lc_mtx] (attribute=0x12): sq_id = 31
[W : PPU[1] Thread (CPUThread)[0x0118b034]]: sys_lwmutex warning: *** lwmutex created [_lc_mtx] (attribute=0x12): sq_id = 32
[W : PPU[1] Thread (CPUThread)[0x0118b034]]: sys_lwmutex warning: *** lwmutex created [_lc_mtx] (attribute=0x12): sq_id = 33
[W : PPU[1] Thread (CPUThread)[0x007ea8cc]]: sys_mutex warning: *** mutex created [] (protocol=0x1, recursive=true): id = 34
[W : PPU[1] Thread (CPUThread)[0x007ea8cc]]: sys_mutex warning: *** mutex created [] (protocol=0x1, recursive=true): id = 35
[W : PPU[1] Thread (CPUThread)[0x007ea8cc]]: sys_mutex warning: *** mutex created [] (protocol=0x1, recursive=true): id = 36
[W : PPU[1] Thread (CPUThread)[0x007ea8cc]]: sys_mutex warning: *** mutex created [] (protocol=0x1, recursive=true): id = 37
[W : PPU[1] Thread (CPUThread)[0x007ea8cc]]: sys_mutex warning: *** mutex created [] (protocol=0x1, recursive=true): id = 38
[W : PPU[1] Thread (CPUThread)[0x007ea8cc]]: sys_mutex warning: *** mutex created [] (protocol=0x1, recursive=true): id = 39
[W : PPU[1] Thread (CPUThread)[0x007ea8cc]]: sys_mutex warning: *** mutex created [] (protocol=0x1, recursive=true): id = 40
[W : PPU[1] Thread (CPUThread)[0x007ea8cc]]: sys_mutex warning: *** mutex created [] (protocol=0x1, recursive=true): id = 41
[W : PPU[1] Thread (CPUThread)[0x007ea8cc]]: sys_mutex warning: *** mutex created [] (protocol=0x1, recursive=true): id = 42
[W : PPU[1] Thread (CPUThread)[0x007ea8cc]]: sys_mutex warning: *** mutex created [] (protocol=0x1, recursive=true): id = 43
[W : PPU[1] Thread (CPUThread)[0x007ea8cc]]: sys_mutex warning: *** mutex created [] (protocol=0x1, recursive=true): id = 44
[W : PPU[1] Thread (CPUThread)[0x007ea8cc]]: sys_mutex warning: *** mutex created [] (protocol=0x1, recursive=true): id = 45
[W : PPU[1] Thread (CPUThread)[0x007ea8cc]]: sys_mutex warning: *** mutex created [] (protocol=0x1, recursive=true): id = 46
[W : PPU[1] Thread (CPUThread)[0x007ea8cc]]: sys_mutex warning: *** mutex created [] (protocol=0x1, recursive=true): id = 47
[W : PPU[1] Thread (CPUThread)[0x007ea8cc]]: sys_mutex warning: *** mutex created [] (protocol=0x1, recursive=true): id = 48
[W : PPU[1] Thread (CPUThread)[0x007ea8cc]]: sys_mutex warning: *** mutex created [] (protocol=0x1, recursive=true): id = 49
[W : PPU[1] Thread (CPUThread)[0x007ea8cc]]: sys_mutex warning: *** mutex created [] (protocol=0x1, recursive=true): id = 50
[W : PPU[1] Thread (CPUThread)[0x007ea8cc]]: sys_mutex warning: *** mutex created [] (protocol=0x1, recursive=true): id = 51
[W : PPU[1] Thread (CPUThread)[0x007ea8cc]]: sys_mutex warning: *** mutex created [] (protocol=0x1, recursive=true): id = 52
[W : PPU[1] Thread (CPUThread)[0x007ea8cc]]: sys_mutex warning: *** mutex created [] (protocol=0x1, recursive=true): id = 53
[W : PPU[1] Thread (CPUThread)[0x007ea8cc]]: sys_mutex warning: *** mutex created [] (protocol=0x1, recursive=true): id = 54
[W : PPU[1] Thread (CPUThread)[0x007ea8cc]]: sys_mutex warning: *** mutex created [] (protocol=0x1, recursive=true): id = 55
[W : PPU[1] Thread (CPUThread)[0x007ea8cc]]: sys_mutex warning: *** mutex created [] (protocol=0x1, recursive=true): id = 56
[W : PPU[1] Thread (CPUThread)[0x007ea8cc]]: sys_mutex warning: *** mutex created [] (protocol=0x1, recursive=true): id = 57
[W : PPU[1] Thread (CPUThread)[0x007ea8cc]]: sys_mutex warning: *** mutex created [] (protocol=0x1, recursive=true): id = 58
[W : PPU[1] Thread (CPUThread)[0x007ea8cc]]: sys_mutex warning: *** mutex created [] (protocol=0x1, recursive=true): id = 59
[W : PPU[1] Thread (CPUThread)[0x007ea8cc]]: sys_mutex warning: *** mutex created [] (protocol=0x1, recursive=true): id = 60
[W : PPU[1] Thread (CPUThread)[0x007ea8cc]]: sys_mutex warning: *** mutex created [] (protocol=0x1, recursive=true): id = 61
[W : PPU[1] Thread (CPUThread)[0x007ea8cc]]: sys_mutex warning: *** mutex created [] (protocol=0x1, recursive=true): id = 62
[W : PPU[1] Thread (CPUThread)[0x007ea8cc]]: sys_mutex warning: *** mutex created [] (protocol=0x1, recursive=true): id = 63
[W : PPU[1] Thread (CPUThread)[0x007ea8cc]]: sys_mutex warning: *** mutex created [] (protocol=0x1, recursive=true): id = 64
[W : PPU[1] Thread (CPUThread)[0x007ea8cc]]: sys_mutex warning: *** mutex created [] (protocol=0x1, recursive=true): id = 65
[W : PPU[1] Thread (CPUThread)[0x007ea8cc]]: sys_mutex warning: *** mutex created [] (protocol=0x1, recursive=true): id = 66
[W : PPU[1] Thread (CPUThread)[0x007ea8cc]]: sys_mutex warning: *** mutex created [] (protocol=0x1, recursive=true): id = 67
[W : PPU[1] Thread (CPUThread)[0x007ea8cc]]: sys_mutex warning: *** mutex created [] (protocol=0x1, recursive=true): id = 68
[W : PPU[1] Thread (CPUThread)[0x007ea8cc]]: sys_mutex warning: *** mutex created [] (protocol=0x1, recursive=true): id = 69
[W : PPU[1] Thread (CPUThread)[0x007ea8cc]]: sys_mutex warning: *** mutex created [] (protocol=0x1, recursive=true): id = 70
[W : PPU[1] Thread (CPUThread)[0x007ea8cc]]: sys_mutex warning: *** mutex created [] (protocol=0x1, recursive=true): id = 71
[W : PPU[1] Thread (CPUThread)[0x007ea8cc]]: sys_mutex warning: *** mutex created [] (protocol=0x1, recursive=true): id = 72
[W : PPU[1] Thread (CPUThread)[0x007ea8cc]]: sys_mutex warning: *** mutex created [] (protocol=0x1, recursive=true): id = 73
[W : PPU[1] Thread (CPUThread)[0x007ea8cc]]: sys_mutex warning: *** mutex created [] (protocol=0x1, recursive=true): id = 74
[W : PPU[1] Thread (CPUThread)[0x007ea8cc]]: sys_mutex warning: *** mutex created [] (protocol=0x1, recursive=true): id = 75
[W : PPU[1] Thread (CPUThread)[0x007ea8cc]]: sys_mutex warning: *** mutex created [] (protocol=0x1, recursive=true): id = 76
[W : PPU[1] Thread (CPUThread)[0x007ea8cc]]: sys_mutex warning: *** mutex created [] (protocol=0x1, recursive=true): id = 77
[W : PPU[1] Thread (CPUThread)[0x007ea8cc]]: sys_mutex warning: *** mutex created [] (protocol=0x1, recursive=true): id = 78
[W : PPU[1] Thread (CPUThread)[0x007ea8cc]]: sys_mutex warning: *** mutex created [] (protocol=0x1, recursive=true): id = 79
[W : PPU[1] Thread (CPUThread)[0x007ea8cc]]: sys_mutex warning: *** mutex created [] (protocol=0x1, recursive=true): id = 80
[W : PPU[1] Thread (CPUThread)[0x007ea8cc]]: sys_mutex warning: *** mutex created [] (protocol=0x1, recursive=true): id = 81
[W : PPU[1] Thread (CPUThread)[0x007ea8cc]]: sys_mutex warning: *** mutex created [] (protocol=0x1, recursive=true): id = 82
[W : PPU[1] Thread (CPUThread)[0x007ea8cc]]: sys_mutex warning: *** mutex created [] (protocol=0x1, recursive=true): id = 83
[W : PPU[1] Thread (CPUThread)[0x007ea8cc]]: sys_mutex warning: *** mutex created [] (protocol=0x1, recursive=true): id = 84
[W : PPU[1] Thread (CPUThread)[0x007ea8cc]]: sys_mutex warning: *** mutex created [] (protocol=0x1, recursive=true): id = 85
[W : PPU[1] Thread (CPUThread)[0x007ea8cc]]: sys_mutex warning: *** mutex created [] (protocol=0x1, recursive=true): id = 86
[W : PPU[1] Thread (CPUThread)[0x007ea8cc]]: sys_mutex warning: *** mutex created [] (protocol=0x1, recursive=true): id = 87
[W : PPU[1] Thread (CPUThread)[0x007ea8cc]]: sys_mutex warning: *** mutex created [] (protocol=0x1, recursive=true): id = 88
[W : PPU[1] Thread (CPUThread)[0x007ea8cc]]: sys_mutex warning: *** mutex created [] (protocol=0x1, recursive=true): id = 89
[W : PPU[1] Thread (CPUThread)[0x007ea8cc]]: sys_mutex warning: *** mutex created [] (protocol=0x1, recursive=true): id = 90
[W : PPU[1] Thread (CPUThread)[0x007ea8cc]]: sys_mutex warning: *** mutex created [] (protocol=0x1, recursive=true): id = 91
[W : PPU[1] Thread (CPUThread)[0x007ea8cc]]: sys_mutex warning: *** mutex created [] (protocol=0x1, recursive=true): id = 92
[W : PPU[1] Thread (CPUThread)[0x007ea8cc]]: sys_mutex warning: *** mutex created [] (protocol=0x1, recursive=true): id = 93
[W : PPU[1] Thread (CPUThread)[0x007ea8cc]]: sys_mutex warning: *** mutex created [] (protocol=0x1, recursive=true): id = 94
[W : PPU[1] Thread (CPUThread)[0x007ea8cc]]: sys_mutex warning: *** mutex created [] (protocol=0x1, recursive=true): id = 95
[W : PPU[1] Thread (CPUThread)[0x007ea8cc]]: sys_mutex warning: *** mutex created [] (protocol=0x1, recursive=true): id = 96
[W : PPU[1] Thread (CPUThread)[0x007ea8cc]]: sys_mutex warning: *** mutex created [] (protocol=0x1, recursive=true): id = 97
[W : PPU[1] Thread (CPUThread)[0x007ea8cc]]: sys_mutex warning: *** mutex created [] (protocol=0x1, recursive=true): id = 98
[W : PPU[1] Thread (CPUThread)[0x007ea8cc]]: sys_mutex warning: *** mutex created [] (protocol=0x1, recursive=true): id = 99
[W : PPU[1] Thread (CPUThread)[0x007ea8cc]]: sys_mutex warning: *** mutex created [] (protocol=0x1, recursive=true): id = 100
[W : PPU[1] Thread (CPUThread)[0x007ea8cc]]: sys_mutex warning: *** mutex created [] (protocol=0x1, recursive=true): id = 101
[W : PPU[1] Thread (CPUThread)[0x007ea8cc]]: sys_mutex warning: *** mutex created [] (protocol=0x1, recursive=true): id = 102
[W : PPU[1] Thread (CPUThread)[0x007ea8cc]]: sys_mutex warning: *** mutex created [] (protocol=0x1, recursive=true): id = 103
[W : PPU[1] Thread (CPUThread)[0x007ea8cc]]: sys_mutex warning: *** mutex created [] (protocol=0x1, recursive=true): id = 104
[W : PPU[1] Thread (CPUThread)[0x007ea8cc]]: sys_mutex warning: *** mutex created [] (protocol=0x1, recursive=true): id = 105
[W : PPU[1] Thread (CPUThread)[0x007ea8cc]]: sys_mutex warning: *** mutex created [] (protocol=0x1, recursive=true): id = 106
[W : PPU[1] Thread (CPUThread)[0x007ea8cc]]: sys_mutex warning: *** mutex created [] (protocol=0x1, recursive=true): id = 107
[W : PPU[1] Thread (CPUThread)[0x007ea8cc]]: sys_mutex warning: *** mutex created [] (protocol=0x1, recursive=true): id = 108
[W : PPU[1] Thread (CPUThread)[0x007ea8cc]]: sys_mutex warning: *** mutex created [] (protocol=0x1, recursive=true): id = 109
[W : PPU[1] Thread (CPUThread)[0x007ea8cc]]: sys_mutex warning: *** mutex created [] (protocol=0x1, recursive=true): id = 110
[W : PPU[1] Thread (CPUThread)[0x007ea8cc]]: sys_mutex warning: *** mutex created [] (protocol=0x1, recursive=true): id = 111
[W : PPU[1] Thread (CPUThread)[0x007ea8cc]]: sys_mutex warning: *** mutex created [] (protocol=0x1, recursive=true): id = 112
[W : PPU[1] Thread (CPUThread)[0x007ea8cc]]: sys_mutex warning: *** mutex created [] (protocol=0x1, recursive=true): id = 113
[W : PPU[1] Thread (CPUThread)[0x007ea8cc]]: sys_mutex warning: *** mutex created [] (protocol=0x1, recursive=true): id = 114
[W : PPU[1] Thread (CPUThread)[0x007ea8cc]]: sys_mutex warning: *** mutex created [] (protocol=0x1, recursive=true): id = 115
[W : PPU[1] Thread (CPUThread)[0x007ea8cc]]: sys_mutex warning: *** mutex created [] (protocol=0x1, recursive=true): id = 116
[W : PPU[1] Thread (CPUThread)[0x007ea8cc]]: sys_mutex warning: *** mutex created [] (protocol=0x1, recursive=true): id = 117
[W : PPU[1] Thread (CPUThread)[0x007ea8cc]]: sys_mutex warning: *** mutex created [] (protocol=0x1, recursive=true): id = 118
[W : PPU[1] Thread (CPUThread)[0x007ea8cc]]: sys_mutex warning: *** mutex created [] (protocol=0x1, recursive=true): id = 119
[W : PPU[1] Thread (CPUThread)[0x007ea8cc]]: sys_mutex warning: *** mutex created [] (protocol=0x1, recursive=true): id = 120
[W : PPU[1] Thread (CPUThread)[0x007ea8cc]]: sys_mutex warning: *** mutex created [] (protocol=0x1, recursive=true): id = 121
[W : PPU[1] Thread (CPUThread)[0x007ea8cc]]: sys_mutex warning: *** mutex created [] (protocol=0x1, recursive=true): id = 122
[W : PPU[1] Thread (CPUThread)[0x007ea8cc]]: sys_mutex warning: *** mutex created [] (protocol=0x1, recursive=true): id = 123
[W : PPU[1] Thread (CPUThread)[0x007ea8cc]]: sys_mutex warning: *** mutex created [] (protocol=0x1, recursive=true): id = 124
[W : PPU[1] Thread (CPUThread)[0x007ea8cc]]: sys_mutex warning: *** mutex created [] (protocol=0x1, recursive=true): id = 125
[W : PPU[1] Thread (CPUThread)[0x007ea8cc]]: sys_mutex warning: *** mutex created [] (protocol=0x1, recursive=true): id = 126
[W : PPU[1] Thread (CPUThread)[0x007ea8cc]]: sys_mutex warning: *** mutex created [] (protocol=0x1, recursive=true): id = 127
[W : PPU[1] Thread (CPUThread)[0x007ea8cc]]: sys_mutex warning: *** mutex created [] (protocol=0x1, recursive=true): id = 128
[W : PPU[1] Thread (CPUThread)[0x007ea8cc]]: sys_mutex warning: *** mutex created [] (protocol=0x1, recursive=true): id = 129
[W : PPU[1] Thread (CPUThread)[0x007ea8cc]]: sys_mutex warning: *** mutex created [] (protocol=0x1, recursive=true): id = 130
[W : PPU[1] Thread (CPUThread)[0x007ea8cc]]: sys_mutex warning: *** mutex created [] (protocol=0x1, recursive=true): id = 131
[W : PPU[1] Thread (CPUThread)[0x007ea8cc]]: sys_mutex warning: *** mutex created [] (protocol=0x1, recursive=true): id = 132
[W : PPU[1] Thread (CPUThread)[0x007ea8cc]]: sys_mutex warning: *** mutex created [] (protocol=0x1, recursive=true): id = 133
[W : PPU[1] Thread (CPUThread)[0x007ea8cc]]: sys_mutex warning: *** mutex created [] (protocol=0x1, recursive=true): id = 134
[W : PPU[1] Thread (CPUThread)[0x007ea8cc]]: sys_mutex warning: *** mutex created [] (protocol=0x1, recursive=true): id = 135
[W : PPU[1] Thread (CPUThread)[0x007ea8cc]]: sys_mutex warning: *** mutex created [] (protocol=0x1, recursive=true): id = 136
[W : PPU[1] Thread (CPUThread)[0x007ea8cc]]: sys_mutex warning: *** mutex created [] (protocol=0x1, recursive=true): id = 137
[W : PPU[1] Thread (CPUThread)[0x007ea8cc]]: sys_mutex warning: *** mutex created [] (protocol=0x1, recursive=true): id = 138
[W : PPU[1] Thread (CPUThread)[0x007ea8cc]]: sys_mutex warning: *** mutex created [] (protocol=0x1, recursive=true): id = 139
[W : PPU[1] Thread (CPUThread)[0x007ea8cc]]: sys_mutex warning: *** mutex created [] (protocol=0x1, recursive=true): id = 140
[W : PPU[1] Thread (CPUThread)[0x007ea8cc]]: sys_mutex warning: *** mutex created [] (protocol=0x1, recursive=true): id = 141
[W : PPU[1] Thread (CPUThread)[0x007ea8cc]]: sys_mutex warning: *** mutex created [] (protocol=0x1, recursive=true): id = 142
[W : PPU[1] Thread (CPUThread)[0x007ea8cc]]: sys_mutex warning: *** mutex created [] (protocol=0x1, recursive=true): id = 143
[W : PPU[1] Thread (CPUThread)[0x007ea8cc]]: sys_mutex warning: *** mutex created [] (protocol=0x1, recursive=true): id = 144
[W : PPU[1] Thread (CPUThread)[0x007ea8cc]]: sys_mutex warning: *** mutex created [] (protocol=0x1, recursive=true): id = 145
[W : PPU[1] Thread (CPUThread)[0x007ea8cc]]: sys_mutex warning: *** mutex created [] (protocol=0x1, recursive=true): id = 146
[W : PPU[1] Thread (CPUThread)[0x007ea8cc]]: sys_mutex warning: *** mutex created [] (protocol=0x1, recursive=true): id = 147
[W : PPU[1] Thread (CPUThread)[0x007ea8cc]]: sys_mutex warning: *** mutex created [] (protocol=0x1, recursive=true): id = 148
[W : PPU[1] Thread (CPUThread)[0x007ea8cc]]: sys_mutex warning: *** mutex created [] (protocol=0x1, recursive=true): id = 149
[W : PPU[1] Thread (CPUThread)[0x007ea8cc]]: sys_mutex warning: *** mutex created [] (protocol=0x1, recursive=true): id = 150
[W : PPU[1] Thread (CPUThread)[0x007ea8cc]]: sys_mutex warning: *** mutex created [] (protocol=0x1, recursive=true): id = 151
[W : PPU[1] Thread (CPUThread)[0x007ea8cc]]: sys_mutex warning: *** mutex created [] (protocol=0x1, recursive=true): id = 152
[W : PPU[1] Thread (CPUThread)[0x007ea8cc]]: sys_mutex warning: *** mutex created [] (protocol=0x1, recursive=true): id = 153
[W : PPU[1] Thread (CPUThread)[0x007ea8cc]]: sys_mutex warning: *** mutex created [] (protocol=0x1, recursive=true): id = 154
[W : PPU[1] Thread (CPUThread)[0x007ea8cc]]: sys_mutex warning: *** mutex created [] (protocol=0x1, recursive=true): id = 155
[W : PPU[1] Thread (CPUThread)[0x007ea8cc]]: sys_mutex warning: *** mutex created [] (protocol=0x1, recursive=true): id = 156
[W : PPU[1] Thread (CPUThread)[0x007ea8cc]]: sys_mutex warning: *** mutex created [] (protocol=0x1, recursive=true): id = 157
[W : PPU[1] Thread (CPUThread)[0x007ea8cc]]: sys_mutex warning: *** mutex created [] (protocol=0x1, recursive=true): id = 158
[W : PPU[1] Thread (CPUThread)[0x007ea8cc]]: sys_mutex warning: *** mutex created [] (protocol=0x1, recursive=true): id = 159
[W : PPU[1] Thread (CPUThread)[0x007ea8cc]]: sys_mutex warning: *** mutex created [] (protocol=0x1, recursive=true): id = 160
[W : PPU[1] Thread (CPUThread)[0x007ea8cc]]: sys_mutex warning: *** mutex created [] (protocol=0x1, recursive=true): id = 161
[W : PPU[1] Thread (CPUThread)[0x007ea8cc]]: sys_mutex warning: *** mutex created [] (protocol=0x1, recursive=true): id = 162
[W : PPU[1] Thread (CPUThread)[0x007ea8cc]]: sys_mutex warning: *** mutex created [] (protocol=0x1, recursive=true): id = 163
[W : PPU[1] Thread (CPUThread)[0x007ea8cc]]: sys_mutex warning: *** mutex created [] (protocol=0x1, recursive=true): id = 164
[W : PPU[1] Thread (CPUThread)[0x007ea8cc]]: sys_mutex warning: *** mutex created [] (protocol=0x1, recursive=true): id = 165
[W : PPU[1] Thread (CPUThread)[0x007ea8cc]]: sys_mutex warning: *** mutex created [] (protocol=0x1, recursive=true): id = 166
[W : PPU[1] Thread (CPUThread)[0x007ea8cc]]: sys_mutex warning: *** mutex created [] (protocol=0x1, recursive=true): id = 167
[W : PPU[1] Thread (CPUThread)[0x007ea8cc]]: sys_mutex warning: *** mutex created [] (protocol=0x1, recursive=true): id = 168
[W : PPU[1] Thread (CPUThread)[0x007ea8cc]]: sys_mutex warning: *** mutex created [] (protocol=0x1, recursive=true): id = 169
[W : PPU[1] Thread (CPUThread)[0x007ea8cc]]: sys_mutex warning: *** mutex created [] (protocol=0x1, recursive=true): id = 170
[W : PPU[1] Thread (CPUThread)[0x007ea8cc]]: sys_mutex warning: *** mutex created [] (protocol=0x1, recursive=true): id = 171
[W : PPU[1] Thread (CPUThread)[0x007ea8cc]]: sys_mutex warning: *** mutex created [] (protocol=0x1, recursive=true): id = 172
[W : PPU[1] Thread (CPUThread)[0x007ea8cc]]: sys_mutex warning: *** mutex created [] (protocol=0x1, recursive=true): id = 173
[W : PPU[1] Thread (CPUThread)[0x007ea8cc]]: sys_mutex warning: *** mutex created [] (protocol=0x1, recursive=true): id = 174
[W : PPU[1] Thread (CPUThread)[0x007ea8cc]]: sys_mutex warning: *** mutex created [] (protocol=0x1, recursive=true): id = 175
[W : PPU[1] Thread (CPUThread)[0x007ea8cc]]: sys_mutex warning: *** mutex created [] (protocol=0x1, recursive=true): id = 176
[W : PPU[1] Thread (CPUThread)[0x007ea8cc]]: sys_mutex warning: *** mutex created [] (protocol=0x1, recursive=true): id = 177
[W : PPU[1] Thread (CPUThread)[0x007ea8cc]]: sys_mutex warning: *** mutex created [] (protocol=0x1, recursive=true): id = 178
[W : PPU[1] Thread (CPUThread)[0x007ea8cc]]: sys_mutex warning: *** mutex created [] (protocol=0x1, recursive=true): id = 179
[W : PPU[1] Thread (CPUThread)[0x007ea8cc]]: sys_mutex warning: *** mutex created [] (protocol=0x1, recursive=true): id = 180
[W : PPU[1] Thread (CPUThread)[0x007ea8cc]]: sys_mutex warning: *** mutex created [] (protocol=0x1, recursive=true): id = 181
[W : PPU[1] Thread (CPUThread)[0x007ea8cc]]: sys_mutex warning: *** mutex created [] (protocol=0x1, recursive=true): id = 182
[W : PPU[1] Thread (CPUThread)[0x007ea8cc]]: sys_mutex warning: *** mutex created [] (protocol=0x1, recursive=true): id = 183
[W : PPU[1] Thread (CPUThread)[0x007ea8cc]]: sys_mutex warning: *** mutex created [] (protocol=0x1, recursive=true): id = 184
[W : PPU[1] Thread (CPUThread)[0x007ea8cc]]: sys_mutex warning: *** mutex created [] (protocol=0x1, recursive=true): id = 185
[W : PPU[1] Thread (CPUThread)[0x007ea8cc]]: sys_mutex warning: *** mutex created [] (protocol=0x1, recursive=true): id = 186
[W : PPU[1] Thread (CPUThread)[0x007ea8cc]]: sys_mutex warning: *** mutex created [] (protocol=0x1, recursive=true): id = 187
[W : PPU[1] Thread (CPUThread)[0x007ea8cc]]: sys_mutex warning: *** mutex created [] (protocol=0x1, recursive=true): id = 188
[W : PPU[1] Thread (CPUThread)[0x007ea8cc]]: sys_mutex warning: *** mutex created [] (protocol=0x1, recursive=true): id = 189
[W : PPU[1] Thread (CPUThread)[0x007ea8cc]]: sys_mutex warning: *** mutex created [] (protocol=0x1, recursive=true): id = 190
[W : PPU[1] Thread (CPUThread)[0x007ea8cc]]: sys_mutex warning: *** mutex created [] (protocol=0x1, recursive=true): id = 191
[W : PPU[1] Thread (CPUThread)[0x007ea8cc]]: sys_mutex warning: *** mutex created [] (protocol=0x1, recursive=true): id = 192
[W : PPU[1] Thread (CPUThread)[0x007ea8cc]]: sys_mutex warning: *** mutex created [] (protocol=0x1, recursive=true): id = 193
[W : PPU[1] Thread (CPUThread)[0x007ea8cc]]: sys_mutex warning: *** mutex created [] (protocol=0x1, recursive=true): id = 194
[W : PPU[1] Thread (CPUThread)[0x007ea8cc]]: sys_mutex warning: *** mutex created [] (protocol=0x1, recursive=true): id = 195
[W : PPU[1] Thread (CPUThread)[0x007ea8cc]]: sys_mutex warning: *** mutex created [] (protocol=0x1, recursive=true): id = 196
[W : PPU[1] Thread (CPUThread)[0x007ea8cc]]: sys_mutex warning: *** mutex created [] (protocol=0x1, recursive=true): id = 197
[W : PPU[1] Thread (CPUThread)[0x007ea8cc]]: sys_mutex warning: *** mutex created [] (protocol=0x1, recursive=true): id = 198
[W : PPU[1] Thread (CPUThread)[0x007ea8cc]]: sys_mutex warning: *** mutex created [] (protocol=0x1, recursive=true): id = 199
[W : PPU[1] Thread (CPUThread)[0x007ea8cc]]: sys_mutex warning: *** mutex created [] (protocol=0x1, recursive=true): id = 200
[W : PPU[1] Thread (CPUThread)[0x007ea8cc]]: sys_mutex warning: *** mutex created [] (protocol=0x1, recursive=true): id = 201
[W : PPU[1] Thread (CPUThread)[0x007ea8cc]]: sys_mutex warning: *** mutex created [] (protocol=0x1, recursive=true): id = 202
[W : PPU[1] Thread (CPUThread)[0x007ea8cc]]: sys_mutex warning: *** mutex created [] (protocol=0x1, recursive=true): id = 203
[W : PPU[1] Thread (CPUThread)[0x007ea8cc]]: sys_mutex warning: *** mutex created [] (protocol=0x1, recursive=true): id = 204
[W : PPU[1] Thread (CPUThread)[0x007ea8cc]]: sys_mutex warning: *** mutex created [] (protocol=0x1, recursive=true): id = 205
[W : PPU[1] Thread (CPUThread)[0x007ea8cc]]: sys_mutex warning: *** mutex created [] (protocol=0x1, recursive=true): id = 206
[W : PPU[1] Thread (CPUThread)[0x007ea8cc]]: sys_mutex warning: *** mutex created [] (protocol=0x1, recursive=true): id = 207
[W : PPU[1] Thread (CPUThread)[0x007ea8cc]]: sys_mutex warning: *** mutex created [] (protocol=0x1, recursive=true): id = 208
[W : PPU[1] Thread (CPUThread)[0x007ea8cc]]: sys_mutex warning: *** mutex created [] (protocol=0x1, recursive=true): id = 209
[W : PPU[1] Thread (CPUThread)[0x007ea8cc]]: sys_mutex warning: *** mutex created [] (protocol=0x1, recursive=true): id = 210
[W : PPU[1] Thread (CPUThread)[0x007ea8cc]]: sys_mutex warning: *** mutex created [] (protocol=0x1, recursive=true): id = 211
[W : PPU[1] Thread (CPUThread)[0x007ea8cc]]: sys_mutex warning: *** mutex created [] (protocol=0x1, recursive=true): id = 212
[W : PPU[1] Thread (CPUThread)[0x007ea8cc]]: sys_mutex warning: *** mutex created [] (protocol=0x1, recursive=true): id = 213
[W : PPU[1] Thread (CPUThread)[0x007ea8cc]]: sys_mutex warning: *** mutex created [] (protocol=0x1, recursive=true): id = 214
[W : PPU[1] Thread (CPUThread)[0x007ea8cc]]: sys_mutex warning: *** mutex created [] (protocol=0x1, recursive=true): id = 215
[W : PPU[1] Thread (CPUThread)[0x007ea8cc]]: sys_mutex warning: *** mutex created [] (protocol=0x1, recursive=true): id = 216
[W : PPU[1] Thread (CPUThread)[0x007ea8cc]]: sys_mutex warning: *** mutex created [] (protocol=0x1, recursive=true): id = 217
[W : PPU[1] Thread (CPUThread)[0x007ea8cc]]: sys_mutex warning: *** mutex created [] (protocol=0x1, recursive=true): id = 218
[W : PPU[1] Thread (CPUThread)[0x007ea8cc]]: sys_mutex warning: *** mutex created [] (protocol=0x1, recursive=true): id = 219
[W : PPU[1] Thread (CPUThread)[0x007ea8cc]]: sys_mutex warning: *** mutex created [] (protocol=0x1, recursive=true): id = 220
[W : PPU[1] Thread (CPUThread)[0x007ea8cc]]: sys_mutex warning: *** mutex created [] (protocol=0x1, recursive=true): id = 221
[W : PPU[1] Thread (CPUThread)[0x007ea8cc]]: sys_mutex warning: *** mutex created [] (protocol=0x1, recursive=true): id = 222
[W : PPU[1] Thread (CPUThread)[0x007ea8cc]]: sys_mutex warning: *** mutex created [] (protocol=0x1, recursive=true): id = 223
[W : PPU[1] Thread (CPUThread)[0x007ea8cc]]: sys_mutex warning: *** mutex created [] (protocol=0x1, recursive=true): id = 224
[W : PPU[1] Thread (CPUThread)[0x007ea8cc]]: sys_mutex warning: *** mutex created [] (protocol=0x1, recursive=true): id = 225
[W : PPU[1] Thread (CPUThread)[0x007ea8cc]]: sys_mutex warning: *** mutex created [] (protocol=0x1, recursive=true): id = 226
[W : PPU[1] Thread (CPUThread)[0x007ea8cc]]: sys_mutex warning: *** mutex created [] (protocol=0x1, recursive=true): id = 227
[W : PPU[1] Thread (CPUThread)[0x007ea8cc]]: sys_mutex warning: *** mutex created [] (protocol=0x1, recursive=true): id = 228
[W : PPU[1] Thread (CPUThread)[0x007ea8cc]]: sys_mutex warning: *** mutex created [] (protocol=0x1, recursive=true): id = 229
[W : PPU[1] Thread (CPUThread)[0x007ea8cc]]: sys_mutex warning: *** mutex created [] (protocol=0x1, recursive=true): id = 230
[W : PPU[1] Thread (CPUThread)[0x007ea8cc]]: sys_mutex warning: *** mutex created [] (protocol=0x1, recursive=true): id = 231
[W : PPU[1] Thread (CPUThread)[0x007ea8cc]]: sys_mutex warning: *** mutex created [] (protocol=0x1, recursive=true): id = 232
[W : PPU[1] Thread (CPUThread)[0x007ea8cc]]: sys_mutex warning: *** mutex created [] (protocol=0x1, recursive=true): id = 233
[W : PPU[1] Thread (CPUThread)[0x007ea8cc]]: sys_mutex warning: *** mutex created [] (protocol=0x1, recursive=true): id = 234
[W : PPU[1] Thread (CPUThread)[0x007ea8cc]]: sys_mutex warning: *** mutex created [] (protocol=0x1, recursive=true): id = 235
[W : PPU[1] Thread (CPUThread)[0x007ea8cc]]: sys_mutex warning: *** mutex created [] (protocol=0x1, recursive=true): id = 236
[W : PPU[1] Thread (CPUThread)[0x007ea8cc]]: sys_mutex warning: *** mutex created [] (protocol=0x1, recursive=true): id = 237
[W : PPU[1] Thread (CPUThread)[0x007ea8cc]]: sys_mutex warning: *** mutex created [] (protocol=0x1, recursive=true): id = 238
[W : PPU[1] Thread (CPUThread)[0x007ea8cc]]: sys_mutex warning: *** mutex created [] (protocol=0x1, recursive=true): id = 239
[W : PPU[1] Thread (CPUThread)[0x007ea8cc]]: sys_mutex warning: *** mutex created [] (protocol=0x1, recursive=true): id = 240
[W : PPU[1] Thread (CPUThread)[0x007ea8cc]]: sys_mutex warning: *** mutex created [] (protocol=0x1, recursive=true): id = 241
[W : PPU[1] Thread (CPUThread)[0x007ea8cc]]: sys_mutex warning: *** mutex created [] (protocol=0x1, recursive=true): id = 242
[W : PPU[1] Thread (CPUThread)[0x007ea8cc]]: sys_mutex warning: *** mutex created [] (protocol=0x1, recursive=true): id = 243
[W : PPU[1] Thread (CPUThread)[0x007ea8cc]]: sys_mutex warning: *** mutex created [] (protocol=0x1, recursive=true): id = 244
[W : PPU[1] Thread (CPUThread)[0x007ea8cc]]: sys_mutex warning: *** mutex created [] (protocol=0x1, recursive=true): id = 245
[W : PPU[1] Thread (CPUThread)[0x007ea8cc]]: sys_mutex warning: *** mutex created [] (protocol=0x1, recursive=true): id = 246
[W : PPU[1] Thread (CPUThread)[0x007ea8cc]]: sys_mutex warning: *** mutex created [] (protocol=0x1, recursive=true): id = 247
[W : PPU[1] Thread (CPUThread)[0x007ea8cc]]: sys_mutex warning: *** mutex created [] (protocol=0x1, recursive=true): id = 248
[W : PPU[1] Thread (CPUThread)[0x007ea8cc]]: sys_mutex warning: *** mutex created [] (protocol=0x1, recursive=true): id = 249
[W : PPU[1] Thread (CPUThread)[0x007ea8cc]]: sys_mutex warning: *** mutex created [] (protocol=0x1, recursive=true): id = 250
[W : PPU[1] Thread (CPUThread)[0x007ea8cc]]: sys_mutex warning: *** mutex created [] (protocol=0x1, recursive=true): id = 251
[W : PPU[1] Thread (CPUThread)[0x007ea8cc]]: sys_mutex warning: *** mutex created [] (protocol=0x1, recursive=true): id = 252
[W : PPU[1] Thread (CPUThread)[0x007ea8cc]]: sys_mutex warning: *** mutex created [] (protocol=0x1, recursive=true): id = 253
[W : PPU[1] Thread (CPUThread)[0x007ea8cc]]: sys_mutex warning: *** mutex created [] (protocol=0x1, recursive=true): id = 254
[W : PPU[1] Thread (CPUThread)[0x007ea8cc]]: sys_mutex warning: *** mutex created [] (protocol=0x1, recursive=true): id = 255
[W : PPU[1] Thread (CPUThread)[0x007ea8cc]]: sys_mutex warning: *** mutex created [] (protocol=0x1, recursive=true): id = 256
[W : PPU[1] Thread (CPUThread)[0x007ea8cc]]: sys_mutex warning: *** mutex created [] (protocol=0x1, recursive=true): id = 257
[W : PPU[1] Thread (CPUThread)[0x007ea8cc]]: sys_mutex warning: *** mutex created [] (protocol=0x1, recursive=true): id = 258
[W : PPU[1] Thread (CPUThread)[0x007ea8cc]]: sys_mutex warning: *** mutex created [] (protocol=0x1, recursive=true): id = 259
[W : PPU[1] Thread (CPUThread)[0x007ea8cc]]: sys_mutex warning: *** mutex created [] (protocol=0x1, recursive=true): id = 260
[W : PPU[1] Thread (CPUThread)[0x007ea8cc]]: sys_mutex warning: *** mutex created [] (protocol=0x1, recursive=true): id = 261
[W : PPU[1] Thread (CPUThread)[0x007ea8cc]]: sys_mutex warning: *** mutex created [] (protocol=0x1, recursive=true): id = 262
[W : PPU[1] Thread (CPUThread)[0x007ea8cc]]: sys_mutex warning: *** mutex created [] (protocol=0x1, recursive=true): id = 263
[W : PPU[1] Thread (CPUThread)[0x007ea8cc]]: sys_mutex warning: *** mutex created [] (protocol=0x1, recursive=true): id = 264
[W : PPU[1] Thread (CPUThread)[0x007ea8cc]]: sys_mutex warning: *** mutex created [] (protocol=0x1, recursive=true): id = 265
[W : PPU[1] Thread (CPUThread)[0x007ea8cc]]: sys_mutex warning: *** mutex created [] (protocol=0x1, recursive=true): id = 266
[W : PPU[1] Thread (CPUThread)[0x007ea8cc]]: sys_mutex warning: *** mutex created [] (protocol=0x1, recursive=true): id = 267
[W : PPU[1] Thread (CPUThread)[0x007ea8cc]]: sys_mutex warning: *** mutex created [] (protocol=0x1, recursive=true): id = 268
[W : PPU[1] Thread (CPUThread)[0x007ea8cc]]: sys_mutex warning: *** mutex created [] (protocol=0x1, recursive=true): id = 269
[W : PPU[1] Thread (CPUThread)[0x007ea8cc]]: sys_mutex warning: *** mutex created [] (protocol=0x1, recursive=true): id = 270
[W : PPU[1] Thread (CPUThread)[0x007ea8cc]]: sys_mutex warning: *** mutex created [] (protocol=0x1, recursive=true): id = 271
[W : PPU[1] Thread (CPUThread)[0x007ea8cc]]: sys_mutex warning: *** mutex created [] (protocol=0x1, recursive=true): id = 272
[W : PPU[1] Thread (CPUThread)[0x007ea8cc]]: sys_mutex warning: *** mutex created [] (protocol=0x1, recursive=true): id = 273
[W : PPU[1] Thread (CPUThread)[0x007ea8cc]]: sys_mutex warning: *** mutex created [] (protocol=0x1, recursive=true): id = 274
[W : PPU[1] Thread (CPUThread)[0x007ea8cc]]: sys_mutex warning: *** mutex created [] (protocol=0x1, recursive=true): id = 275
[W : PPU[1] Thread (CPUThread)[0x007ea8cc]]: sys_mutex warning: *** mutex created [] (protocol=0x1, recursive=true): id = 276
[W : PPU[1] Thread (CPUThread)[0x007ea8cc]]: sys_mutex warning: *** mutex created [] (protocol=0x1, recursive=true): id = 277
[W : PPU[1] Thread (CPUThread)[0x007ea8cc]]: sys_mutex warning: *** mutex created [] (protocol=0x1, recursive=true): id = 278
[W : PPU[1] Thread (CPUThread)[0x007ea8cc]]: sys_mutex warning: *** mutex created [] (protocol=0x1, recursive=true): id = 279
[W : PPU[1] Thread (CPUThread)[0x007ea8cc]]: sys_mutex warning: *** mutex created [] (protocol=0x1, recursive=true): id = 280
[W : PPU[1] Thread (CPUThread)[0x007ea8cc]]: sys_mutex warning: *** mutex created [] (protocol=0x1, recursive=true): id = 281
[W : PPU[1] Thread (CPUThread)[0x007ea8cc]]: sys_mutex warning: *** mutex created [] (protocol=0x1, recursive=true): id = 282
[W : PPU[1] Thread (CPUThread)[0x007ea8cc]]: sys_mutex warning: *** mutex created [] (protocol=0x1, recursive=true): id = 283
[W : PPU[1] Thread (CPUThread)[0x007ea8cc]]: sys_mutex warning: *** mutex created [] (protocol=0x1, recursive=true): id = 284
[W : PPU[1] Thread (CPUThread)[0x007ea8cc]]: sys_mutex warning: *** mutex created [] (protocol=0x1, recursive=true): id = 285
[W : PPU[1] Thread (CPUThread)[0x007ea8cc]]: sys_mutex warning: *** mutex created [] (protocol=0x1, recursive=true): id = 286
[W : PPU[1] Thread (CPUThread)[0x007ea8cc]]: sys_mutex warning: *** mutex created [] (protocol=0x1, recursive=true): id = 287
[W : PPU[1] Thread (CPUThread)[0x007ea8cc]]: sys_mutex warning: *** mutex created [] (protocol=0x1, recursive=true): id = 288
[W : PPU[1] Thread (CPUThread)[0x007ea8cc]]: sys_mutex warning: *** mutex created [] (protocol=0x1, recursive=true): id = 289
[W : PPU[1] Thread (CPUThread)[0x007ea8cc]]: sys_mutex warning: *** mutex created [] (protocol=0x1, recursive=true): id = 290
[W : PPU[1] Thread (CPUThread)[0x007ea8cc]]: sys_mutex warning: *** mutex created [] (protocol=0x1, recursive=true): id = 291
[W : PPU[1] Thread (CPUThread)[0x007ea8cc]]: sys_mutex warning: *** mutex created [] (protocol=0x1, recursive=true): id = 292
[W : PPU[1] Thread (CPUThread)[0x00db42c4]]: sys_mutex warning: *** mutex created [] (protocol=0x2, recursive=false): id = 293
[W : PPU[1] Thread (CPUThread)[0x0118b034]]: sys_lwmutex warning: *** lwmutex created [] (attribute=0x22): sq_id = 294
[W : PPU[1] Thread (CPUThread)[0x0118b034]]: sys_lwmutex warning: *** lwmutex created [] (attribute=0x22): sq_id = 295
[W : PPU[1] Thread (CPUThread)[0x0118b034]]: sys_lwmutex warning: *** lwmutex created [] (attribute=0x22): sq_id = 296
[W : PPU[1] Thread (CPUThread)[0x0118b034]]: sys_lwmutex warning: *** lwmutex created [] (attribute=0x22): sq_id = 297
[W : PPU[1] Thread (CPUThread)[0x007ea8cc]]: sys_mutex warning: *** mutex created [] (protocol=0x1, recursive=true): id = 298
[W : PPU[1] Thread (CPUThread)[0x007ea8cc]]: sys_mutex warning: *** mutex created [] (protocol=0x1, recursive=true): id = 299
[W : PPU[1] Thread (CPUThread)[0x007ea8cc]]: sys_mutex warning: *** mutex created [] (protocol=0x1, recursive=true): id = 300
[W : PPU[1] Thread (CPUThread)[0x007ea8cc]]: sys_mutex warning: *** mutex created [] (protocol=0x1, recursive=true): id = 301
[W : PPU[1] Thread (CPUThread)[0x007ea8cc]]: sys_mutex warning: *** mutex created [] (protocol=0x1, recursive=true): id = 302
[W : PPU[1] Thread (CPUThread)[0x007ea8cc]]: sys_mutex warning: *** mutex created [] (protocol=0x1, recursive=true): id = 303
[W : PPU[1] Thread (CPUThread)[0x007ea8cc]]: sys_mutex warning: *** mutex created [] (protocol=0x1, recursive=true): id = 304
[W : PPU[1] Thread (CPUThread)[0x01183010]]: cellSysmodule warning: cellSysmoduleLoadModule(CELL_SYSMODULE_SYSUTIL)
[W : PPU[1] Thread (CPUThread)[0x01183010]]: cellSysmodule warning: cellSysmoduleLoadModule(CELL_SYSMODULE_FS)
[W : PPU[1] Thread (CPUThread)[0x01183010]]: cellSysmodule warning: cellSysmoduleLoadModule(CELL_SYSMODULE_NET)
[W : PPU[1] Thread (CPUThread)[0x01183010]]: cellSysmodule warning: cellSysmoduleLoadModule(CELL_SYSMODULE_NETCTL)
[W : PPU[1] Thread (CPUThread)[0x01183010]]: cellSysmodule warning: cellSysmoduleLoadModule(CELL_SYSMODULE_SYSUTIL_NP)
[W : PPU[1] Thread (CPUThread)[0x01183010]]: cellSysmodule warning: cellSysmoduleLoadModule(CELL_SYSMODULE_GCM_SYS)
[W : PPU[1] Thread (CPUThread)[0x01183010]]: cellSysmodule warning: cellSysmoduleLoadModule(CELL_SYSMODULE_GCM_SYS)
[W : PPU[1] Thread (CPUThread)[0x01183010]]: cellSysmodule warning: cellSysmoduleLoadModule(CELL_SYSMODULE_AUDIO)
[W : PPU[1] Thread (CPUThread)[0x01183010]]: cellSysmodule warning: cellSysmoduleLoadModule(CELL_SYSMODULE_RESC)
[W : PPU[1] Thread (CPUThread)[0x01183010]]: cellSysmodule warning: cellSysmoduleLoadModule(CELL_SYSMODULE_IO)
[W : PPU[1] Thread (CPUThread)[0x01183010]]: cellSysmodule warning: cellSysmoduleLoadModule(CELL_SYSMODULE_SYNC)
[W : PPU[1] Thread (CPUThread)[0x01183010]]: cellSysmodule warning: cellSysmoduleLoadModule(CELL_SYSMODULE_SPURS)
[W : PPU[1] Thread (CPUThread)[0x01183010]]: cellSysmodule warning: cellSysmoduleLoadModule(CELL_SYSMODULE_RTC)
[W : PPU[1] Thread (CPUThread)[0x00010838]]: memory warning: sys_memory_get_user_memory_size(mem_info_addr=0xd0010a50)
[W : PPU[1] Thread (CPUThread)[0x0002a80c]]: sys_spu warning: sys_spu_initialize(max_usable_spu=5, max_raw_spu=0)
[W : PPU[1] Thread (CPUThread)[0x0107f0ac]]: cellSpurs warning: _cellSpursAttributeInitialize(attr_addr=0xd0010670, nSpus=1, spuPriority=2097154, ppuPriority=5, exitIfNoWork=100)
[W : PPU[1] Thread (CPUThread)[0x0107f004]]: cellSpurs warning: cellSpursAttributeSetNamePrefix(attr_addr=0xd0010670, prefix_addr=0x1000c488, size=0x4)
[W : PPU[1] Thread (CPUThread)[0x0107f0dc]]: cellSpurs warning: cellSpursInitializeWithAttribute(spurs_addr=0x3018c300, spurs_addr=0xd0010670)
[E : PPU[1] Thread (CPUThread)[0x0107f01c]]: TODO: _cellSpursTasksetAttributeInitialize
[E : PPU[1] Thread (CPUThread)[0x0107f07c]]: TODO: cellSpursTasksetAttributeSetName
[E : PPU[1] Thread (CPUThread)[0x0107f0a0]]: TODO: cellSpursTasksetAttributeSetTasksetSize
[E : PPU[1] Thread (CPUThread)[0x0107f100]]: TODO: cellSpursCreateTasksetWithAttribute
[E : PPU[1] Thread (CPUThread)[0x0107f0a0]]: TODO: cellSpursTasksetAttributeSetTasksetSize
[W : PPU[1] Thread (CPUThread)[0x01177034]]: *** cellFsOpen(path="/dev_bdvd/PS3_GAME/USRDIR/cmdline.txt"): fd = 305
[W : PPU[1] Thread (CPUThread)[0x01177004]]: sys_fs warning: cellFsClose(fd=305)
[W : PPU[1] Thread (CPUThread)[0x0117f040]]: cellSysutil warning: cellSysutilRegisterCallback(slot=3, func_addr=0x10eb9d0, userdata=0x0)
[W : PPU[1] Thread (CPUThread)[0x0117b0dc]]: sys_net warning: sys_net_initialize_network_ex(param_addr=0xd0010470)
[E : PPU[1] Thread (CPUThread)[0x0117d058]]: cellNetCtl error: Unimplemented function: cellNetCtlInit
[W : PPU[1] Thread (CPUThread)[0x00da6d2c]]: sys_mutex warning: *** mutex created [] (protocol=0x2, recursive=false): id = 306
[W : PPU[1] Thread (CPUThread)[0x01177010]]: sys_fs warning: cellFsOpendir(path="//dev_bdvd/PS3_GAME/USRDIR/Custom/AdditionalContent/*.Arch02", fd_addr=0xd000f900)
[W : PPU[1] Thread (CPUThread)[0x01177034]]: *** cellFsOpen(path="//dev_bdvd/PS3_GAME/USRDIR/default.archcfg"): fd = 307
[W : PPU[1] Thread (CPUThread)[0x007ea8cc]]: sys_mutex warning: *** mutex created [] (protocol=0x1, recursive=true): id = 308
[W : PPU[1] Thread (CPUThread)[0x01177010]]: sys_fs warning: cellFsOpendir(path="/dev_bdvd/PS3_GAME/USRDIR/game", fd_addr=0xd000f2c0)
[W : PPU[1] Thread (CPUThread)[0x01177004]]: sys_fs warning: cellFsClose(fd=309)
[W : PPU[1] Thread (CPUThread)[0x01177010]]: sys_fs warning: cellFsOpendir(path="/dev_bdvd/PS3_GAME/USRDIR/Layer.Arch02", fd_addr=0xd000f2c0)
[W : PPU[1] Thread (CPUThread)[0x007ea8cc]]: sys_mutex warning: *** mutex created [] (protocol=0x1, recursive=true): id = 310
[W : PPU[1] Thread (CPUThread)[0x007ea8cc]]: sys_mutex warning: *** mutex created [] (protocol=0x1, recursive=false): id = 311
[W : PPU[1] Thread (CPUThread)[0x007ea8cc]]: sys_mutex warning: *** mutex created [] (protocol=0x1, recursive=false): id = 312
[W : PPU[1] Thread (CPUThread)[0x007ea8cc]]: sys_mutex warning: *** mutex created [] (protocol=0x1, recursive=true): id = 313
[E : PPU[1] Thread (CPUThread)[0x0107f070]]: TODO: _cellSpursEventFlagInitialize
[E : PPU[1] Thread (CPUThread)[0x0107f058]]: TODO: cellSpursEventFlagClear
[E : PPU[1] Thread (CPUThread)[0x0107f094]]: cellSpurs error: cellSpursEventFlagAttachLv2EventQueue(event_flag_addr=0x30157d80)
[E : PPU[1] Thread (CPUThread)[0x0107f070]]: TODO: _cellSpursEventFlagInitialize
[E : PPU[1] Thread (CPUThread)[0x0107f058]]: TODO: cellSpursEventFlagClear
[E : PPU[1] Thread (CPUThread)[0x0107f0e8]]: TODO: _cellSpursTaskAttributeInitialize
[E : PPU[1] Thread (CPUThread)[0x0107f040]]: TODO: cellSpursTaskExitCodeInitialize
[E : PPU[1] Thread (CPUThread)[0x0107f0c4]]: TODO: cellSpursTaskAttributeSetExitCodeContainer
[E : PPU[1] Thread (CPUThread)[0x0107f028]]: TODO: cellSpursCreateTaskWithAttribute
[E : PPU[1] Thread (CPUThread)[0x0107f070]]: TODO: _cellSpursEventFlagInitialize
[E : PPU[1] Thread (CPUThread)[0x0107f058]]: TODO: cellSpursEventFlagClear
[E : PPU[1] Thread (CPUThread)[0x0107f094]]: cellSpurs error: cellSpursEventFlagAttachLv2EventQueue(event_flag_addr=0x30232900)
[E : PPU[1] Thread (CPUThread)[0x0107f070]]: TODO: _cellSpursEventFlagInitialize
[E : PPU[1] Thread (CPUThread)[0x0107f058]]: TODO: cellSpursEventFlagClear
[E : PPU[1] Thread (CPUThread)[0x0107f0e8]]: TODO: _cellSpursTaskAttributeInitialize
[E : PPU[1] Thread (CPUThread)[0x0107f040]]: TODO: cellSpursTaskExitCodeInitialize
[E : PPU[1] Thread (CPUThread)[0x0107f0c4]]: TODO: cellSpursTaskAttributeSetExitCodeContainer
[E : PPU[1] Thread (CPUThread)[0x0107f028]]: TODO: cellSpursCreateTaskWithAttribute
[W : PPU[1] Thread (CPUThread)[0x0118b034]]: sys_lwmutex warning: *** lwmutex created [] (attribute=0x22): sq_id = 314
[! : PPU[1] Thread (CPUThread)[0x0118b01c]]: *** New PPU Thread [FileDecomp] (): id = 315
[W : PPU[315] Thread (FileDecomp)[0x007e9d68]]: sys_cond warning: *** condition created [] (mutex_id=312): id = 316
[W : PPU[1] Thread (CPUThread)[0x01177034]]: *** cellFsOpen(path="/dev_bdvd/PS3_GAME/USRDIR/Layer.Arch02"): fd = 317
[W : PPU[1] Thread (CPUThread)[0x01177004]]: sys_fs warning: cellFsClose(fd=317)
[W : PPU[1] Thread (CPUThread)[0x01177034]]: *** cellFsOpen(path="/dev_bdvd/PS3_GAME/USRDIR/Layer.Arch02"): fd = 318
[W : PPU[1] Thread (CPUThread)[0x01177034]]: *** cellFsOpen(path="/dev_bdvd/PS3_GAME/USRDIR/Layer.Arch02"): fd = 319
[W : PPU[1] Thread (CPUThread)[0x01177034]]: *** cellFsOpen(path="/dev_bdvd/PS3_GAME/USRDIR/Layer.Arch02"): fd = 320
[W : PPU[1] Thread (CPUThread)[0x01177004]]: sys_fs warning: cellFsClose(fd=307)
[W : PPU[1] Thread (CPUThread)[0x0001aea4]]: memory warning: sys_memory_container_create(cid_addr=0xd000fb20, yield_size=0x300000)
[W : PPU[1] Thread (CPUThread)[0x0001aea4]]: memory warning: *** memory_container created(addr=0x30300000): id = 321
[E : PPU[1] Thread (CPUThread)[0x0117f058]]: TODO: cellGameDataCheckCreate2
[W : PPU[1] Thread (CPUThread)[0x0001aed8]]: memory warning: sys_memory_container_destroy(cid=321)
[W : PPU[1] Thread (CPUThread)[0x0001a940]]: memory warning: sys_memory_container_create(cid_addr=0xd000fb20, yield_size=0x300000)
[W : PPU[1] Thread (CPUThread)[0x0001a940]]: memory warning: *** memory_container created(addr=0x30300000): id = 322
[E : PPU[1] Thread (CPUThread)[0x0117f058]]: TODO: cellGameDataCheckCreate2
[W : PPU[1] Thread (CPUThread)[0x0001a974]]: memory warning: sys_memory_container_destroy(cid=322)
[W : PPU[1] Thread (CPUThread)[0x007fe180]]: *** cellFsOpen(path="//dev_bdvd/PS3_GAME/USRDIR/autoexec.cfg"): fd = 323
[W : PPU[1] Thread (CPUThread)[0x0118b034]]: sys_lwmutex warning: *** lwmutex created [_lc_mtx] (attribute=0x12): sq_id = 324
[W : PPU[1] Thread (CPUThread)[0x007fe06c]]: sys_fs warning: cellFsClose(fd=323)
[W : PPU[1] Thread (CPUThread)[0x0118b07c]]: sys_lwmutex warning: sys_lwmutex_destroy(lwmutex_addr=0x30157f40)
[E : PPU[1] Thread (CPUThread)[0x007fe180]]: sys_fs error: "//dev_bdvd/PS3_GAME/USRDIR/display.cfg" not found! flags: 0x00000000
[E : PPU[1] Thread (CPUThread)[0x007fe180]]: sys_fs error: "//dev_bdvd/PS3_GAME/USRDIR/settings.cfg" not found! flags: 0x00000000
[W : PPU[1] Thread (CPUThread)[0x007fe180]]: *** cellFsOpen(path="//dev_bdvd/PS3_GAME/USRDIR/autoexec.cfg"): fd = 325
[W : PPU[1] Thread (CPUThread)[0x0118b034]]: sys_lwmutex warning: *** lwmutex created [_lc_mtx] (attribute=0x12): sq_id = 326
[W : PPU[1] Thread (CPUThread)[0x007fe06c]]: sys_fs warning: cellFsClose(fd=325)
[W : PPU[1] Thread (CPUThread)[0x0118b07c]]: sys_lwmutex warning: sys_lwmutex_destroy(lwmutex_addr=0x30157f40)
[E : PPU[1] Thread (CPUThread)[0x007fe180]]: sys_fs error: "//dev_bdvd/PS3_GAME/USRDIR/display.cfg" not found! flags: 0x00000000
[E : PPU[1] Thread (CPUThread)[0x007fe180]]: sys_fs error: "//dev_bdvd/PS3_GAME/USRDIR/settings.cfg" not found! flags: 0x00000000
[W : PPU[1] Thread (CPUThread)[0x007ea8cc]]: sys_mutex warning: *** mutex created [] (protocol=0x1, recursive=true): id = 327
[W : PPU[1] Thread (CPUThread)[0x007ea8cc]]: sys_mutex warning: *** mutex created [] (protocol=0x1, recursive=true): id = 328
[W : PPU[1] Thread (CPUThread)[0x007ea8cc]]: sys_mutex warning: *** mutex created [] (protocol=0x1, recursive=false): id = 329
[W : PPU[1] Thread (CPUThread)[0x007ea8cc]]: sys_mutex warning: *** mutex created [] (protocol=0x1, recursive=false): id = 330
[W : PPU[1] Thread (CPUThread)[0x007ea8cc]]: sys_mutex warning: *** mutex created [] (protocol=0x1, recursive=true): id = 331
[W : PPU[1] Thread (CPUThread)[0x007ea8cc]]: sys_mutex warning: *** mutex created [] (protocol=0x1, recursive=false): id = 332
[W : PPU[1] Thread (CPUThread)[0x01177010]]: sys_fs warning: cellFsOpendir(path="//dev_bdvd/PS3_GAME/USRDIR/Save", fd_addr=0xd00100f0)
[W : PPU[1] Thread (CPUThread)[0x01177004]]: sys_fs warning: cellFsClose(fd=333)
[W : PPU[1] Thread (CPUThread)[0x0118b034]]: sys_lwmutex warning: *** lwmutex created [] (attribute=0x22): sq_id = 334
[! : PPU[1] Thread (CPUThread)[0x0118b01c]]: *** New PPU Thread [ResourceLoader] (): id = 335
[W : PPU[335] Thread (ResourceLoader)[0x007e9d68]]: sys_cond warning: *** condition created [] (mutex_id=329): id = 336
[W : PPU[1] Thread (CPUThread)[0x0117f01c]]: cellSysutil warning: cellSysutilGetSystemParamInt: CELL_SYSUTIL_SYSTEMPARAM_ID_LANG
[W : PPU[1] Thread (CPUThread)[0x007ea8cc]]: sys_mutex warning: *** mutex created [] (protocol=0x1, recursive=false): id = 337
[W : PPU[1] Thread (CPUThread)[0x007e9d68]]: sys_cond warning: *** condition created [] (mutex_id=337): id = 338
[E : PPU[315] Thread (FileDecomp)[0x0107f118]]: TODO: cellSpursEventFlagSet
[E : PPU[315] Thread (FileDecomp)[0x0107f118]]: TODO: cellSpursEventFlagSet
[E : PPU[315] Thread (FileDecomp)[0x0107f088]]: TODO: cellSpursEventFlagTryWait
[E : PPU[315] Thread (FileDecomp)[0x0107f088]]: TODO: cellSpursEventFlagTryWait
[E : PPU[315] Thread (FileDecomp)[0x0107f118]]: TODO: cellSpursEventFlagSet
[E : PPU[315] Thread (FileDecomp)[0x0107f118]]: TODO: cellSpursEventFlagSet
[E : PPU[315] Thread (FileDecomp)[0x0107f088]]: TODO: cellSpursEventFlagTryWait
[E : PPU[315] Thread (FileDecomp)[0x0107f088]]: TODO: cellSpursEventFlagTryWait
[E : PPU[315] Thread (FileDecomp)[0x0107f118]]: TODO: cellSpursEventFlagSet
[E : PPU[315] Thread (FileDecomp)[0x0107f118]]: TODO: cellSpursEventFlagSet
[E : PPU[315] Thread (FileDecomp)[0x0107f088]]: TODO: cellSpursEventFlagTryWait
[E : PPU[315] Thread (FileDecomp)[0x0107f088]]: TODO: cellSpursEventFlagTryWait
[E : PPU[315] Thread (FileDecomp)[0x0107f118]]: TODO: cellSpursEventFlagSet
[E : PPU[315] Thread (FileDecomp)[0x0107f118]]: TODO: cellSpursEventFlagSet
[E : PPU[315] Thread (FileDecomp)[0x0107f088]]: TODO: cellSpursEventFlagTryWait
[E : PPU[315] Thread (FileDecomp)[0x0107f088]]: TODO: cellSpursEventFlagTryWait
[W : PPU[315] Thread (FileDecomp)[0x007e9f00]]: sys_cond_wait(id=316) aborted
[W : PPU[335] Thread (ResourceLoader)[0x007e9f00]]: sys_cond_wait(id=336) aborted
[!]: Closing memory...
