[!]: path: /dev_hdd0/game/
[!]: Loading 'D:\Emulateurs\Rpcs3\dev_hdd0\game\BLES00452-[Disgaea 3 Absence of Detention]/PS3_GAME/USRDIR/BOOT.BIN'...
[!]: Mount info:
[!]: /dev_hdd0/ -> D:\Emulateurs\Rpcs3\dev_hdd0\
[!]: /dev_hdd1/ -> D:\Emulateurs\Rpcs3\dev_hdd1\
[!]: /dev_flash/ -> D:\Emulateurs\Rpcs3\dev_flash\
[!]: /dev_usb000/ -> D:\Emulateurs\Rpcs3\dev_usb000\
[!]: /dev_usb/ -> D:\Emulateurs\Rpcs3\dev_usb000\
[!]: /app_home/ -> D:\Emulateurs\Rpcs3\dev_hdd0\game\BLES00452-[Disgaea 3 Absence of Detention]/PS3_GAME/\USRDIR\
[!]: /dev_bdvd/ -> D:\Emulateurs\Rpcs3\dev_hdd0\game\BLES00452-[Disgaea 3 Absence of Detention]/PS3_GAME/\..\
[!]: /host_root/ -> 
[!]: ///resource/ -> D:\Emulateurs\Rpcs3\dev_hdd0\game\BLES00452-[Disgaea 3 Absence of Detention]/PS3_GAME/\USRDIR\resource\
[!]: /app_home/Game/PS3_GAME/USRDIR/ -> D:\Emulateurs\Rpcs3\dev_hdd0\game\BLES00452-[Disgaea 3 Absence of Detention]/PS3_GAME/\USRDIR\
[!]: /app_home/PS3_GAME/USRDIR/media/ -> D:\Emulateurs\Rpcs3\dev_hdd0\game\BLES00452-[Disgaea 3 Absence of Detention]/PS3_GAME/\USRDIR\media\
[!]: /Data/ -> D:\Emulateurs\Rpcs3\dev_hdd0\game\BLES00452-[Disgaea 3 Absence of Detention]/PS3_GAME/\USRDIR\Data\
[!]: /USRDIR/PS3_GAME/USRDIR/Data/ -> D:\Emulateurs\Rpcs3\dev_hdd0\game\BLES00452-[Disgaea 3 Absence of Detention]/PS3_GAME/\USRDIR\Data\
[!]: /app_home//dev_bdvd/PS3_GAME/USRDIR/data/gos/ -> D:\Emulateurs\Rpcs3\dev_hdd0\game\BLES00452-[Disgaea 3 Absence of Detention]/PS3_GAME/\USRDIR\
[!]: BD/ -> D:\Emulateurs\Rpcs3\dev_hdd0\game\BLES00452-[Disgaea 3 Absence of Detention]/PS3_GAME/\USRDIR\
[!]: //dev_bdvd/PS3_GAME/USRDIR/ -> D:\Emulateurs\Rpcs3\dev_hdd0\game\BLES00452-[Disgaea 3 Absence of Detention]/PS3_GAME/\USRDIR\
[!]: / -> D:\Emulateurs\Rpcs3\dev_hdd0\game\BLES00452-[Disgaea 3 Absence of Detention]/PS3_GAME/\USRDIR\
[!]: Initing memory...
[!]: Memory initialized.
[!]: Function 'cellAANConnect' hooked (addr=0x24a130)
[!]: Function 'cellAANDisconnect' hooked (addr=0x24a1c8)
[!]: Function 'cellAANAddData' hooked (addr=0x24a260)
[!]: Function 'cellSurMixerGetAANHandle' hooked (addr=0x24a3c0)
[!]: Function 'cellSurMixerSetNotifyCallback' hooked (addr=0x24a3f8)
[!]: Function 'cellSurMixerRemoveNotifyCallback' hooked (addr=0x24a490)
[!]: Function 'cellSurMixerSurBusAddData' hooked (addr=0x24a528)
[!]: Function 'cellSurMixerGetCurrentBlockTag' hooked (addr=0x24a5e8)
[!]: Function 'cellSurMixerChStripGetAANPortNo' hooked (addr=0x24aec8)
[!]: Function 'cellSurMixerBeep' hooked (addr=0x24af08)
[!]: Function 'cellSurMixerChStripSetParameter' hooked (addr=0x24b300)
[!]: Function 'cellSurMixerPause' hooked (addr=0x24b5c0)
[!]: Function 'cellSurMixerGetTimestamp' hooked (addr=0x24cc58)
[!]: Function 'cellSurMixerSetParameter' hooked (addr=0x24ccc0)
[!]: Function 'cellSurMixerStart' hooked (addr=0x24cd90)
[!]: Function 'cellSurMixerFinalize' hooked (addr=0x24d0a0)
[!]: Function 'cellSurMixerCreate' hooked (addr=0x24d980)
[S]: Function group [surmxAAN] successfully hooked
[S]: Function group [surmixer] successfully hooked
[W]: Unknown function 0xc9645c41 in 'cellSysutil' module
[E]: TODO: cellGameDataCheckCreate2
[W]: Unknown function 0xedadd797 in 'cellSysutil' module
[E]: TODO: cellSaveDataDelete2
[W]: Unknown function 0x4cef342e in 'sys_fs' module
[E]: TODO: cellFsAioWrite
[W]: Unknown function 0x7f13fc8c in 'sys_fs' module
[E]: TODO: cellFsAioCancel
[W]: Unknown function 0x99406d0b in 'sys_fs' module
[E]: TODO: cellFsChmod
[W]: Unknown function 0x07254fda in 'cellSync' module
[E]: TODO: cellSyncBarrierInitialize
[W]: Unknown function 0x35f21355 in 'cellSync' module
[E]: TODO: cellSyncBarrierWait
[W]: Unknown function 0xf06a6415 in 'cellSync' module
[E]: TODO: cellSyncBarrierNotify
[W]: Unknown function 0x33435818 in 'cellL10n' module
[E]: TODO: SJISstoUTF8s
[W]: Unknown function 0x638c2fc1 in 'cellL10n' module
[E]: TODO: SjisHan2Zen
[W]: Unknown function 0x28e208bb in 'sys_net' module
[E]: TODO: listen
[W]: Unknown function 0x3f09e20a in 'sys_net' module
[E]: TODO: socketselect
[W]: Unknown function 0x1a2704f7 in 'sceNp' module
[E]: TODO: sceNpScoreWaitAsync
[W]: Unknown function 0x21206642 in 'sceNp' module
[E]: TODO: sceNpScoreGetRankingByRangeAsync
[W]: Unknown function 0x259113b8 in 'sceNp' module
[E]: TODO: sceNpScoreDestroyTitleCtx
[W]: Unknown function 0x29dd45dc in 'sceNp' module
[E]: TODO: sceNpScoreSetTimeout
[W]: Unknown function 0x32cf311f in 'sceNp' module
[E]: TODO: sceNpScoreInit
[W]: Unknown function 0x3db7914d in 'sceNp' module
[E]: TODO: sceNpScoreGetRankingByNpIdAsync
[W]: Unknown function 0x52a6b523 in 'sceNp' module
[E]: TODO: sceNpManagerUnregisterCallback
[W]: Unknown function 0x6ee62ed2 in 'sceNp' module
[E]: TODO: sceNpManagerGetContentRatingFlag
[W]: Unknown function 0x6f5e8143 in 'sceNp' module
[E]: TODO: sceNpScoreCreateTransactionCtx
[W]: Unknown function 0x7be47e61 in 'sceNp' module
[E]: TODO: sceNpScoreCensorCommentAsync
[W]: Unknown function 0x9851f805 in 'sceNp' module
[E]: TODO: sceNpScoreTerm
[W]: Unknown function 0xa1709abd in 'sceNp' module
[E]: TODO: sceNpManagerGetEntitlementById
[W]: Unknown function 0xa7a090e5 in 'sceNp' module
[E]: TODO: sceNpScorePollAsync
[W]: Unknown function 0xb9f93bbb in 'sceNp' module
[E]: TODO: sceNpScoreCreateTitleCtx
[W]: Unknown function 0xbdc07fd5 in 'sceNp' module
[E]: TODO: sceNpManagerGetNetworkTime
[W]: Unknown function 0xc4b6cd8f in 'sceNp' module
[E]: TODO: sceNpScoreGetRankingByNpIdPcIdAsync
[W]: Unknown function 0xc5f4cf82 in 'sceNp' module
[E]: TODO: sceNpScoreDestroyTransactionCtx
[W]: Unknown function 0xdb2e4dc2 in 'sceNp' module
[E]: TODO: sceNpScoreGetGameDataAsync
[W]: Unknown function 0xddce7d15 in 'sceNp' module
[E]: TODO: sceNpScoreGetBoardInfoAsync
[W]: Unknown function 0xe7dcd3b4 in 'sceNp' module
[E]: TODO: sceNpManagerRegisterCallback
[W]: Unknown function 0xf0b1e399 in 'sceNp' module
[E]: TODO: sceNpScoreRecordScoreAsync
[W]: Unknown function 0xf76847c2 in 'sceNp' module
[E]: TODO: sceNpScoreRecordGameDataAsync
[W]: Unknown function 0xfe37a7f4 in 'sceNp' module
[E]: TODO: sceNpManagerGetNpId
[W]: Unknown function 0x59b1ede1 in 'cellGameExec' module
[E]: TODO: cellGameGetHomeDataExportPath
[W]: Unknown function 0x8a561d92 in 'sysPrxForUser' module
[E]: TODO: _sys_heap_free
[W]: Unknown function 0xaede4b03 in 'sysPrxForUser' module
[E]: TODO: _sys_heap_delete_heap
[W : PPU[1] Thread (CPUThread)[0x01f3f034]]: sys_lwmutex warning: *** lwmutex created [_lc_mtx] (attribute=0x12): sq_id = 3
[W : PPU[1] Thread (CPUThread)[0x00261270]]: memory warning: sys_memory_get_user_memory_size(mem_info_addr=0xd0010c04)
[W : PPU[1] Thread (CPUThread)[0x01f3f034]]: sys_lwmutex warning: *** lwmutex created [_lc_mtx] (attribute=0x12): sq_id = 4
[W : PPU[1] Thread (CPUThread)[0x01f3f034]]: sys_lwmutex warning: *** lwmutex created [_lc_mtx] (attribute=0x12): sq_id = 5
[W : PPU[1] Thread (CPUThread)[0x01f3f034]]: sys_lwmutex warning: *** lwmutex created [_lc_mtx] (attribute=0x12): sq_id = 6
[W : PPU[1] Thread (CPUThread)[0x01f3f034]]: sys_lwmutex warning: *** lwmutex created [_lc_mtx] (attribute=0x12): sq_id = 7
[W : PPU[1] Thread (CPUThread)[0x01f3f034]]: sys_lwmutex warning: *** lwmutex created [_lc_mtx] (attribute=0x12): sq_id = 8
[W : PPU[1] Thread (CPUThread)[0x01f3f034]]: sys_lwmutex warning: *** lwmutex created [_lc_mtx] (attribute=0x12): sq_id = 9
[W : PPU[1] Thread (CPUThread)[0x01f3f034]]: sys_lwmutex warning: *** lwmutex created [_lc_mtx] (attribute=0x12): sq_id = 10
[W : PPU[1] Thread (CPUThread)[0x01f3f034]]: sys_lwmutex warning: *** lwmutex created [_lc_mtx] (attribute=0x12): sq_id = 11
[W : PPU[1] Thread (CPUThread)[0x01f3f034]]: sys_lwmutex warning: *** lwmutex created [_lc_mtx] (attribute=0x12): sq_id = 12
[W : PPU[1] Thread (CPUThread)[0x0003a1f0]]: sys_mutex warning: *** mutex created [] (protocol=0x2, recursive=false): id = 13
[W : PPU[1] Thread (CPUThread)[0x0003a5c0]]: sys_mutex warning: *** mutex created [] (protocol=0x2, recursive=false): id = 14
[W : PPU[1] Thread (CPUThread)[0x0029d07c]]: cellSysutil warning: cellSysutilRegisterCallback(slot=0, func_addr=0x2a0578, userdata=0x0)
[! : PPU[1] Thread (CPUThread)[0x01f3f01c]]: *** New PPU Thread [Check game data thread] (): id = 15
[W : PPU[15] Thread (Check game data thread)[0x000152f4]]: memory warning: sys_memory_container_create(cid_addr=0xd0020dd0, yield_size=0x300000)
[W : PPU[1] Thread (CPUThread)[0x0029f01c]]: cellSysmodule warning: cellSysmoduleIsLoaded(CELL_SYSMODULE_NET)
[W : PPU[1] Thread (CPUThread)[0x0029f010]]: cellSysmodule warning: cellSysmoduleLoadModule(CELL_SYSMODULE_NET)
[W : PPU[1] Thread (CPUThread)[0x01f27004]]: sys_net warning: sys_net_initialize_network_ex(param_addr=0xd0010bd0)
[W : PPU[15] Thread (Check game data thread)[0x000152f4]]: memory warning: *** memory_container created(addr=0x30100000): id = 16
[E : PPU[15] Thread (Check game data thread)[0x0029d094]]: TODO: cellGameDataCheckCreate2
[W : PPU[15] Thread (Check game data thread)[0x0001531c]]: memory warning: sys_memory_container_destroy(cid=16)
[W : PPU[1] Thread (CPUThread)[0x0029f01c]]: cellSysmodule warning: cellSysmoduleIsLoaded(CELL_SYSMODULE_SYSUTIL_NP)
[W : PPU[1] Thread (CPUThread)[0x0029f010]]: cellSysmodule warning: cellSysmoduleLoadModule(CELL_SYSMODULE_SYSUTIL_NP)
[E : PPU[1] Thread (CPUThread)[0x01f37034]]: TODO: sceNpScoreInit
[W : PPU[1] Thread (CPUThread)[0x0029f010]]: cellSysmodule warning: cellSysmoduleLoadModule(CELL_SYSMODULE_RTC)
[W : PPU[1] Thread (CPUThread)[0x0029f010]]: cellSysmodule warning: cellSysmoduleLoadModule(CELL_SYSMODULE_FS)
[W : PPU[1] Thread (CPUThread)[0x0029f010]]: cellSysmodule warning: cellSysmoduleLoadModule(CELL_SYSMODULE_SYNC)
[W : PPU[1] Thread (CPUThread)[0x00016fd4]]: sys_spu warning: sys_spu_initialize(max_usable_spu=6, max_raw_spu=0)
[W : PPU[1] Thread (CPUThread)[0x0029b010]]: cellGcmSys warning: cellGcmInit(context_addr=0x1e7e1f8,cmdSize=0x3f000,ioSize=0x1800000,ioAddress=0x30100000)
[W : PPU[1] Thread (CPUThread)[0x0029b010]]: cellGcmSys warning: *** local memory(addr=0xc0000000, size=0xf900000)
[W : PPU[1] Thread (CPUThread)[0x0029b010]]: cellGcmSys warning: cellGcmMapEaIoAddress(ea=0x30100000, io=0x0, size=0x1800000)
[! : RSXThread]: RSX thread entry
[W : PPU[1] Thread (CPUThread)[0x0029b004]]: cellGcmSys warning: cellGcmGetTiledPitchSize(size=5120)
[W : PPU[1] Thread (CPUThread)[0x0029b058]]: cellGcmSys warning: cellGcmSetTile(index=0, location=0, offset=0, size=3801088, pitch=5120, comp=0, base=0, bank=0)
[W : PPU[1] Thread (CPUThread)[0x0029b040]]: cellGcmSys warning: cellGcmSetDisplayBuffer(id=0x0,offset=0x0,pitch=4,width=1280,height=720)
[W : PPU[1] Thread (CPUThread)[0x0029b058]]: cellGcmSys warning: cellGcmSetTile(index=2, location=0, offset=3801088, size=3801088, pitch=5120, comp=0, base=0, bank=1)
[W : PPU[1] Thread (CPUThread)[0x0029b064]]: cellGcmSys warning: TODO: cellGcmSetZcull(index=0, offset=0x3a0000, width=1280, height=768, cullStart=0x0, zFormat=0x2, aaFormat=0x0, zCullDir=0x0, zCullFormat=0x1, sFunc=0x7, sRef=0x0, sMask=0x0)
[W : PPU[1] Thread (CPUThread)[0x0029f010]]: cellSysmodule warning: cellSysmoduleLoadModule(CELL_SYSMODULE_RESC)
[W : PPU[1] Thread (CPUThread)[0x00299040]]: cellResc warning: cellRescInit(initConfig_addr=0xd0010534)
[W : PPU[1] Thread (CPUThread)[0x0029b004]]: cellGcmSys warning: cellGcmGetTiledPitchSize(size=5120)
[W : PPU[1] Thread (CPUThread)[0x00299028]]: cellResc warning: cellRescSetDisplayMode(displayMode=4)
[W : PPU[1] Thread (CPUThread)[0x00299028]]: cellSysutil warning: cellVideoOutConfigure(videoOut=0, config_addr=0x30017000, option_addr=0x0, waitForEvent=0x0)
[W : PPU[1] Thread (CPUThread)[0x00299028]]: cellGcmSys warning: cellGcmSetFlipMode(mode=2)
[W : PPU[1] Thread (CPUThread)[0x0029904c]]: cellResc warning: cellRescGetBufferSize(colorBuffers_addr=0x1e3df14, vertexArray_addr=0x1e3df18, fragmentShader_addr=0x1e3df1c)
[W : PPU[1] Thread (CPUThread)[0x0029b058]]: cellGcmSys warning: cellGcmSetTile(index=3, location=0, offset=198180864, size=7536640, pitch=5120, comp=0, base=0, bank=0)
[W : PPU[1] Thread (CPUThread)[0x00299064]]: cellResc warning: cellRescSetBufferAddress(colorBuffers_addr=0xcbd00000, vertexArray_addr=0xc0ac0000, fragmentShader_addr=0xc0ac1000)
[W : PPU[1] Thread (CPUThread)[0x00299064]]: cellGcmSys warning: cellGcmSetDisplayBuffer(id=0x0,offset=0xbd00000,pitch=4,width=1280,height=720)
[W : PPU[1] Thread (CPUThread)[0x00299064]]: cellGcmSys warning: cellGcmSetDisplayBuffer(id=0x1,offset=0xc084000,pitch=4,width=1280,height=720)
[W : PPU[1] Thread (CPUThread)[0x00299058]]: cellGcmSys warning: cellGcmSetDisplayBuffer(id=0x0,offset=0x0,pitch=4,width=1280,height=720)
[W : PPU[1] Thread (CPUThread)[0x00299058]]: cellGcmSys warning: cellGcmSetDisplayBuffer(id=0x1,offset=0xc03a0000,pitch=4,width=1280,height=720)
[W : PPU[1] Thread (CPUThread)[0x01f3f100]]: sysPrxForUser warning: sys_spu_image_import(img=0x1f1bec0, src=0x292300, type=0x0)
[W : PPU[1] Thread (CPUThread)[0x01f3f100]]: desc = 'NisGraphics.spu.elf'
[W : PPU[1] Thread (CPUThread)[0x000172e0]]: sys_spu warning: sys_spu_thread_group_create(id_addr=0x1f1bedc, num=6, prio=16, attr_addr=0xd0010a3c)
[W : PPU[1] Thread (CPUThread)[0x000172e0]]: sys_spu warning: *** SPU Thread Group created [NisGraphicsSpu_Group] (type=0x0, option.ct=0x0): id=17
[W : PPU[1] Thread (CPUThread)[0x00017354]]: sys_spu warning: sys_spu_thread_initialize(thread_addr=0x1f1beec, group=0x11, spu_num=0, img_addr=0x1f1bec0, attr_addr=0xd0010a30, arg_addr=0xd0010a50)
[W : PPU[1] Thread (CPUThread)[0x00017354]]: sys_spu warning: *** New SPU Thread [NGS_Thread1] (img_offset=0x1f43000, ls_offset=0x1f83000, ep=0x90, a1=0x1f1c060, a2=0x1f1c0c0, a3=0x0, a4=0x1f1c180): id=18
[W : PPU[1] Thread (CPUThread)[0x00017354]]: sys_spu warning: sys_spu_thread_initialize(thread_addr=0x1f1bf2c, group=0x11, spu_num=1, img_addr=0x1f1bec0, attr_addr=0xd0010a30, arg_addr=0xd0010a50)
[W : PPU[1] Thread (CPUThread)[0x00017354]]: sys_spu warning: *** New SPU Thread [NGS_Thread2] (img_offset=0x1f43000, ls_offset=0x1fc3000, ep=0x90, a1=0x1f1c070, a2=0x1f1c0e0, a3=0x0, a4=0x1f1c184): id=19
[W : PPU[1] Thread (CPUThread)[0x00017354]]: sys_spu warning: sys_spu_thread_initialize(thread_addr=0x1f1bf6c, group=0x11, spu_num=2, img_addr=0x1f1bec0, attr_addr=0xd0010a30, arg_addr=0xd0010a50)
[W : PPU[1] Thread (CPUThread)[0x00017354]]: sys_spu warning: *** New SPU Thread [NGS_Thread3] (img_offset=0x1f43000, ls_offset=0x2003000, ep=0x90, a1=0x1f1c080, a2=0x1f1c100, a3=0x0, a4=0x1f1c188): id=20
[W : PPU[1] Thread (CPUThread)[0x00017354]]: sys_spu warning: sys_spu_thread_initialize(thread_addr=0x1f1bfac, group=0x11, spu_num=3, img_addr=0x1f1bec0, attr_addr=0xd0010a30, arg_addr=0xd0010a50)
[W : PPU[1] Thread (CPUThread)[0x00017354]]: sys_spu warning: *** New SPU Thread [NGS_Thread4] (img_offset=0x1f43000, ls_offset=0x2043000, ep=0x90, a1=0x1f1c090, a2=0x1f1c120, a3=0x0, a4=0x1f1c18c): id=21
[W : PPU[1] Thread (CPUThread)[0x00017354]]: sys_spu warning: sys_spu_thread_initialize(thread_addr=0x1f1bfec, group=0x11, spu_num=4, img_addr=0x1f1bec0, attr_addr=0xd0010a30, arg_addr=0xd0010a50)
[W : PPU[1] Thread (CPUThread)[0x00017354]]: sys_spu warning: *** New SPU Thread [NGS_Thread4] (img_offset=0x1f43000, ls_offset=0x2083000, ep=0x90, a1=0x1f1c0a0, a2=0x1f1c140, a3=0x0, a4=0x1f1c190): id=22
[W : PPU[1] Thread (CPUThread)[0x00017354]]: sys_spu warning: sys_spu_thread_initialize(thread_addr=0x1f1c02c, group=0x11, spu_num=5, img_addr=0x1f1bec0, attr_addr=0xd0010a30, arg_addr=0xd0010a50)
[W : PPU[1] Thread (CPUThread)[0x00017354]]: sys_spu warning: *** New SPU Thread [NGS_Thread5] (img_offset=0x1f43000, ls_offset=0x20c3000, ep=0x90, a1=0x1f1c0b0, a2=0x1f1c160, a3=0x0, a4=0x1f1c194): id=23
[W : PPU[1] Thread (CPUThread)[0x00017380]]: sys_spu warning: sys_spu_thread_group_start(id=17)
[E : SPU[18] Thread (NGS_Thread1)[0x00001df8]]: SPURecompiler::HEQI #pc: 0x1df8
[E : SPU[19] Thread (NGS_Thread2)[0x00001df8]]: SPURecompiler::HEQI #pc: 0x1df8
[! : RSXThread]: RSX thread exit...
[!]: Closing memory...
