[!]: path: /dev_hdd0/game/
[!]: Loading 'D:\Emulateurs\Rpcs3\dev_hdd0\game\BLES01062-[Fist of the North Star Ken's Rage]/PS3_GAME/USRDIR/BOOT.BIN'...
[!]: Mount info:
[!]: /dev_hdd0/ -> D:\Emulateurs\Rpcs3\dev_hdd0\
[!]: /dev_hdd1/ -> D:\Emulateurs\Rpcs3\dev_hdd1\
[!]: /dev_flash/ -> D:\Emulateurs\Rpcs3\dev_flash\
[!]: /dev_usb000/ -> D:\Emulateurs\Rpcs3\dev_usb000\
[!]: /dev_usb/ -> D:\Emulateurs\Rpcs3\dev_usb000\
[!]: /app_home/ -> D:\Emulateurs\Rpcs3\dev_hdd0\game\BLES01062-[Fist of the North Star Ken's Rage]/PS3_GAME/\USRDIR\
[!]: /dev_bdvd/ -> D:\Emulateurs\Rpcs3\dev_hdd0\game\BLES01062-[Fist of the North Star Ken's Rage]/PS3_GAME/\..\
[!]: /host_root/ -> 
[!]: ///resource/ -> D:\Emulateurs\Rpcs3\dev_hdd0\game\BLES01062-[Fist of the North Star Ken's Rage]/PS3_GAME/\USRDIR\resource\
[!]: /app_home/Game/PS3_GAME/USRDIR/ -> D:\Emulateurs\Rpcs3\dev_hdd0\game\BLES01062-[Fist of the North Star Ken's Rage]/PS3_GAME/\USRDIR\
[!]: /app_home/PS3_GAME/USRDIR/media/ -> D:\Emulateurs\Rpcs3\dev_hdd0\game\BLES01062-[Fist of the North Star Ken's Rage]/PS3_GAME/\USRDIR\media\
[!]: /Data/ -> D:\Emulateurs\Rpcs3\dev_hdd0\game\BLES01062-[Fist of the North Star Ken's Rage]/PS3_GAME/\USRDIR\Data\
[!]: / -> D:\Emulateurs\Rpcs3\dev_hdd0\game\BLES01062-[Fist of the North Star Ken's Rage]/PS3_GAME/\USRDIR\
[!]: /USRDIR/PS3_GAME/USRDIR/Data/ -> D:\Emulateurs\Rpcs3\dev_hdd0\game\BLES01062-[Fist of the North Star Ken's Rage]/PS3_GAME/\USRDIR\Data\
[!]: Initing memory...
[!]: Memory initialized.
[S]: Function group [mixerAAN] successfully hooked
[S]: Function group [surMixer] successfully hooked
[W]: Unknown function 0x63387071 in 'cellGcmSys' module
[E]: TODO: cellGcmGetLastFlipTime
[W]: Unknown function 0xbd6d60d9 in 'cellGcmSys' module
[E]: TODO: cellGcmSetInvalidateTile
[W]: Unknown function 0xdc494430 in 'cellGcmSys' module
[E]: TODO: cellGcmSetSecondVHandler
[W]: Unknown function 0xffe0160e in 'cellGcmSys' module
[E]: TODO: cellGcmSetVBlankFrequency
[W]: Unknown function 0x1dfbfdd6 in 'cellSysutil' module
[E]: TODO: cellSaveDataListLoad2
[W]: Unknown function 0x21425307 in 'cellSysutil' module
[E]: TODO: cellSaveDataListAutoLoad
[W]: Unknown function 0x2de0d663 in 'cellSysutil' module
[E]: TODO: cellSaveDataListSave2
[W]: Unknown function 0x4dd03a4e in 'cellSysutil' module
[E]: TODO: cellSaveDataListAutoSave
[W]: Unknown function 0xedadd797 in 'cellSysutil' module
[E]: TODO: cellSaveDataDelete2
[W]: Unknown function 0x3140f6e1 in 'sys_fs' module
[E]: TODO: cellFsSetIoBuffer
[W]: Unknown function 0x967a162b in 'sys_fs' module
[E]: TODO: cellFsFsync
[W]: Unknown function 0xbef554a4 in 'sys_fs' module
[E]: TODO: cellFsUtime
[W]: Unknown function 0x13ae18f3 in 'cellSpurs' module
[E]: TODO: cellSpursTaskExitCodeGet
[W]: Unknown function 0x16394a4e in 'cellSpurs' module
[E]: TODO: _cellSpursTasksetAttributeInitialize
[W]: Unknown function 0x1d46fedf in 'cellSpurs' module
[E]: TODO: cellSpursCreateTaskWithAttribute
[W]: Unknown function 0x8a85674d in 'cellSpurs' module
[E]: TODO: _cellSpursLFQueuePushBody
[W]: Unknown function 0x8f122ef8 in 'cellSpurs' module
[E]: TODO: cellSpursTasksetAttributeSetTasksetSize
[W]: Unknown function 0x9f72add3 in 'cellSpurs' module
[E]: TODO: cellSpursJoinTaskset
[W]: Unknown function 0xa121a224 in 'cellSpurs' module
[E]: TODO: cellSpursTaskAttributeSetExitCodeContainer
[W]: Unknown function 0xa789e631 in 'cellSpurs' module
[E]: TODO: cellSpursShutdownTaskset
[W]: Unknown function 0xb8474eff in 'cellSpurs' module
[E]: TODO: _cellSpursTaskAttributeInitialize
[W]: Unknown function 0xc10931cb in 'cellSpurs' module
[E]: TODO: cellSpursCreateTasksetWithAttribute
[W]: Unknown function 0x011ee38b in 'cellSpurs' module
[E]: TODO: _cellSpursLFQueueInitialize
[W]: Unknown function 0x1656d49f in 'cellSpurs' module
[E]: TODO: cellSpursLFQueueAttachLv2EventQueue
[W]: Unknown function 0x22aab31d in 'cellSpurs' module
[E]: TODO: cellSpursEventFlagDetachLv2EventQueue
[W]: Unknown function 0x303c19cd in 'cellSpurs' module
[E]: TODO: cellSpursCreateJobChainWithAttribute
[W]: Unknown function 0x3548f483 in 'cellSpurs' module
[E]: TODO: _cellSpursJobChainAttributeInitialize
[W]: Unknown function 0x35dae22b in 'cellSpurs' module
[E]: TODO: _cellSpursLFQueuePopBody
[W]: Unknown function 0x373523d4 in 'cellSpurs' module
[E]: TODO: cellSpursEventFlagWait
[W]: Unknown function 0x4ac7bae4 in 'cellSpurs' module
[E]: TODO: cellSpursEventFlagClear
[W]: Unknown function 0x52cc6c82 in 'cellSpurs' module
[E]: TODO: cellSpursCreateTaskset
[W]: Unknown function 0x5ef96465 in 'cellSpurs' module
[E]: TODO: _cellSpursEventFlagInitialize
[W]: Unknown function 0x73e06f91 in 'cellSpurs' module
[E]: TODO: cellSpursLFQueueDetachLv2EventQueue
[W]: Unknown function 0x87630976 in 'cellSpurs' module
[E]: TODO: cellSpursEventFlagAttachLv2EventQueue
[W]: Unknown function 0x9fef70c2 in 'cellSpurs' module
[E]: TODO: cellSpursJobChainAttributeSetName
[W]: Unknown function 0xa7c066de in 'cellSpurs' module
[E]: TODO: cellSpursJoinJobChain
[W]: Unknown function 0xacfc8dbc in 'cellSpurs' module
[E]: TODO: cellSpursInitialize
[W]: Unknown function 0xbeb600ac in 'cellSpurs' module
[E]: TODO: cellSpursCreateTask
[W]: Unknown function 0xf31731bb in 'cellSpurs' module
[E]: TODO: cellSpursRunJobChain
[W]: Unknown function 0xe0a6dbe4 in 'cellSpurs' module
[E]: TODO: _cellSpursSendSignal
[W]: Unknown function 0x8a561d92 in 'sysPrxForUser' module
[E]: TODO: _sys_heap_free
[W]: Unknown function 0xaede4b03 in 'sysPrxForUser' module
[E]: TODO: _sys_heap_delete_heap
[W]: Unknown function 0x6ee62ed2 in 'sceNp' module
[E]: TODO: sceNpManagerGetContentRatingFlag
[W]: Unknown function 0xbe07c708 in 'sceNp' module
[E]: TODO: sceNpManagerGetOnlineId
[W]: Unknown function 0xfe37a7f4 in 'sceNp' module
[E]: TODO: sceNpManagerGetNpId
[W]: Unknown function 0x01fbbc9b in 'sceNp' module
[E]: TODO: sceNpBasicSendMessageGui
[W]: Unknown function 0x21206642 in 'sceNp' module
[E]: TODO: sceNpScoreGetRankingByRangeAsync
[W]: Unknown function 0x259113b8 in 'sceNp' module
[E]: TODO: sceNpScoreDestroyTitleCtx
[W]: Unknown function 0x32cf311f in 'sceNp' module
[E]: TODO: sceNpScoreInit
[W]: Unknown function 0x3db7914d in 'sceNp' module
[E]: TODO: sceNpScoreGetRankingByNpIdAsync
[W]: Unknown function 0x4026eac5 in 'sceNp' module
[E]: TODO: sceNpBasicRegisterContextSensitiveHandler
[W]: Unknown function 0x52a6b523 in 'sceNp' module
[E]: TODO: sceNpManagerUnregisterCallback
[W]: Unknown function 0x64a704cc in 'sceNp' module
[E]: TODO: sceNpBasicRecvMessageAttachmentLoad
[W]: Unknown function 0x6f5e8143 in 'sceNp' module
[E]: TODO: sceNpScoreCreateTransactionCtx
[W]: Unknown function 0x806960ab in 'sceNp' module
[E]: TODO: sceNpBasicRecvMessageCustom
[W]: Unknown function 0x9851f805 in 'sceNp' module
[E]: TODO: sceNpScoreTerm
[W]: Unknown function 0xa7a090e5 in 'sceNp' module
[E]: TODO: sceNpScorePollAsync
[W]: Unknown function 0xa8afa7d4 in 'sceNp' module
[E]: TODO: sceNpBasicGetCustomInvitationEntryCount
[W]: Unknown function 0xacb9ee8e in 'sceNp' module
[E]: TODO: sceNpBasicUnregisterHandler
[W]: Unknown function 0xb9f93bbb in 'sceNp' module
[E]: TODO: sceNpScoreCreateTitleCtx
[W]: Unknown function 0xbcdbb2ab in 'sceNp' module
[E]: TODO: sceNpBasicAddPlayersHistoryAsync
[W]: Unknown function 0xc5f4cf82 in 'sceNp' module
[E]: TODO: sceNpScoreDestroyTransactionCtx
[W]: Unknown function 0xe035f7d6 in 'sceNp' module
[E]: TODO: sceNpBasicGetEvent
[W]: Unknown function 0xe7dcd3b4 in 'sceNp' module
[E]: TODO: sceNpManagerRegisterCallback
[W]: Unknown function 0xf0b1e399 in 'sceNp' module
[E]: TODO: sceNpScoreRecordScoreAsync
[W]: Unknown function 0xa298cad2 in 'cellL10n' module
[E]: TODO: l10n_convert_str
[W]: Unknown function 0xcc1633cc in 'cellL10n' module
[E]: TODO: l10n_get_converter
[W]: Unknown function 0x0582338a in 'cellSpursJq' module
[E]: TODO: cellSpursJobQueueAttributeSetDoBusyWaiting
[W]: Unknown function 0x0f03f712 in 'cellSpursJq' module
[E]: TODO: cellSpursJobQueueAttributeSetSubmitWithEntryLock
[W]: Unknown function 0x1686957e in 'cellSpursJq' module
[E]: TODO: cellSpursJobQueueAttributeSetMaxSizeJobDescriptor
[W]: Unknown function 0x26fa81b4 in 'cellSpursJq' module
[E]: TODO: cellSpursJobQueuePortFinalize
[W]: Unknown function 0x43ddab4f in 'cellSpursJq' module
[E]: TODO: cellSpursJobQueueAttributeInitialize
[W]: Unknown function 0x46c3fb5a in 'cellSpursJq' module
[E]: TODO: _cellSpursJobQueuePortCopyPushBody
[W]: Unknown function 0x634b1502 in 'cellSpursJq' module
[E]: TODO: cellSpursJobQueuePortSync
[W]: Unknown function 0x742cec0d in 'cellSpursJq' module
[E]: TODO: cellSpursJobQueueAttributeSetIsJobTypeMemoryCheck
[W]: Unknown function 0x80a0264c in 'cellSpursJq' module
[E]: TODO: cellSpursJobQueuePortTrySync
[W]: Unknown function 0x8c97a96c in 'cellSpursJq' module
[E]: TODO: cellSpursShutdownJobQueue
[W]: Unknown function 0x8ce4cffa in 'cellSpursJq' module
[E]: TODO: cellSpursJoinJobQueue
[W]: Unknown function 0xe70f874e in 'cellSpursJq' module
[E]: TODO: cellSpursJobQueueAttributeSetGrabParameters
[W]: Unknown function 0xf244e799 in 'cellSpursJq' module
[E]: TODO: _cellSpursCreateJobQueue
[W]: Unknown function 0xf5de6363 in 'cellSpursJq' module
[E]: TODO: cellSpursJobQueuePortInitializeWithDescriptorBuffer
[W]: Unknown function 0xff03cc79 in 'cellSpursJq' module
[E]: TODO: cellSpursJobQueueAttributeSetIsHaltOnError
[W]: Unknown function 0x3d1294fc in 'cellSpursJq' module
[E]: TODO: cellSpursJobQueuePortInitialize
[W]: Unknown function 0x4e1a17a6 in 'cellSpursJq' module
[E]: TODO: _cellSpursJobQueuePortPushBody
[W]: Unknown function 0xd3758645 in 'cellResc' module
[E]: TODO: cellRescSetVBlankHandler
[W]: Unknown function 0xe0cef79e in 'cellResc' module
[E]: TODO: cellRescCreateInterlaceTable
[W]: Unknown function 0x167ea63e in 'cellSync' module
[E]: TODO: cellSyncLFQueueSize
[W]: Unknown function 0x82f294b2 in 'cellOvis' module
[E]: TODO: cellOvisGetOverlayTableSize
[W]: Unknown function 0xa876c911 in 'cellOvis' module
[E]: TODO: cellOvisInitializeOverlayTable
[W]: Unknown module 'cellSysutilAvconfExt'
[W]: Unknown function 0x01379fd7 in 'sceNp2' module
[E]: TODO: sceNpMatching2DestroyContext
[W]: Unknown function 0x05bf2fbd in 'sceNp2' module
[E]: TODO: sceNpMatching2GetWorldInfoList
[W]: Unknown function 0x0d22867f in 'sceNp2' module
[E]: TODO: sceNpMatching2SearchRoom
[W]: Unknown function 0x1f372697 in 'sceNp2' module
[E]: TODO: sceNpMatching2LeaveRoom
[W]: Unknown function 0x23009d07 in 'sceNp2' module
[E]: TODO: sceNpMatching2Term2
[W]: Unknown function 0x26ae9ff8 in 'sceNp2' module
[E]: TODO: sceNpMatching2SignalingGetConnectionInfo
[W]: Unknown function 0x28cad8b3 in 'sceNp2' module
[E]: TODO: sceNpMatching2SendRoomMessage
[W]: Unknown function 0x3457c0db in 'sceNp2' module
[E]: TODO: sceNpMatching2GetServerInfo
[W]: Unknown function 0x3c00c9d4 in 'sceNp2' module
[E]: TODO: sceNpMatching2GetEventData
[W]: Unknown function 0x41251f74 in 'sceNp2' module
[E]: TODO: sceNp2Init
[W]: Unknown function 0x5721e711 in 'sceNp2' module
[E]: TODO: sceNpMatching2JoinRoom
[W]: Unknown function 0x66f19527 in 'sceNp2' module
[E]: TODO: sceNpMatching2KickoutRoomMember
[W]: Unknown function 0x6ba4c668 in 'sceNp2' module
[E]: TODO: sceNpMatching2ContextStartAsync
[W]: Unknown function 0x748029a2 in 'sceNp2' module
[E]: TODO: sceNpMatching2RegisterContextCallback
[W]: Unknown function 0x817d1090 in 'sceNp2' module
[E]: TODO: sceNpMatching2SetRoomDataInternal
[W]: Unknown function 0x8e5cfe9f in 'sceNp2' module
[E]: TODO: sceNpMatching2GetServerIdListLocal
[W]: Unknown function 0x9cbce3f2 in 'sceNp2' module
[E]: TODO: sceNpMatching2CreateContext
[W]: Unknown function 0xa9e6103e in 'sceNp2' module
[E]: TODO: sceNpMatching2RegisterSignalingCallback
[W]: Unknown function 0xaadb7c12 in 'sceNp2' module
[E]: TODO: sceNp2Term
[W]: Unknown function 0xdb87b088 in 'sceNp2' module
[E]: TODO: sceNpMatching2SetDefaultRequestOptParam
[W]: Unknown function 0xdcb6b27d in 'sceNp2' module
[E]: TODO: sceNpMatching2RegisterRoomEventCallback
[W]: Unknown function 0xe4ac32ca in 'sceNp2' module
[E]: TODO: sceNpMatching2GetRoomDataExternalList
[W]: Unknown function 0xe7a3bc7a in 'sceNp2' module
[E]: TODO: sceNpMatching2CreateJoinRoom
[W]: Unknown function 0xf43c647a in 'sceNp2' module
[E]: TODO: sceNpMatching2ContextStop
[W]: Unknown function 0xf4babd3f in 'sceNp2' module
[E]: TODO: sceNpMatching2Init2
[W]: Unknown function 0xfee11e72 in 'sceNp2' module
[E]: TODO: sceNpMatching2RegisterRoomMessageCallback
[W]: Unknown function 0x0247c69e in 'cellSail' module
[E]: TODO: cellSailGraphicsAdapterGetFrame
[W]: Unknown function 0x0abb318b in 'cellSail' module
[E]: TODO: cellSailDescriptorCreateDatabase
[W]: Unknown function 0x0d0c2f0c in 'cellSail' module
[E]: TODO: cellSailDescriptorSetEs
[W]: Unknown function 0x1139a206 in 'cellSail' module
[E]: TODO: cellSailPlayerSetSoundAdapter
[W]: Unknown function 0x15fd6a2a in 'cellSail' module
[E]: TODO: cellSailDescriptorClose
[W]: Unknown function 0x1872331b in 'cellSail' module
[E]: TODO: cellSailGraphicsAdapterPtsToTimePosition
[W]: Unknown function 0x18b4629d in 'cellSail' module
[E]: TODO: cellSailPlayerFinalize
[W]: Unknown function 0x18bcd21b in 'cellSail' module
[E]: TODO: cellSailPlayerSetGraphicsAdapter
[W]: Unknown function 0x1c983864 in 'cellSail' module
[E]: TODO: cellSailGraphicsAdapterInitialize
[W]: Unknown function 0x23654375 in 'cellSail' module
[E]: TODO: cellSailPlayerInitialize2
[W]: Unknown function 0x28336e89 in 'cellSail' module
[E]: TODO: cellSailDescriptorDestroyDatabase
[W]: Unknown function 0x2e3ccb5e in 'cellSail' module
[E]: TODO: cellSailGraphicsAdapterSetPreferredFormat
[W]: Unknown function 0x346ebba3 in 'cellSail' module
[E]: TODO: cellSailMemAllocatorInitialize
[W]: Unknown function 0x34ecc1b9 in 'cellSail' module
[E]: TODO: cellSailPlayerOpenStream
[W]: Unknown function 0x3d0d3b72 in 'cellSail' module
[E]: TODO: cellSailSoundAdapterInitialize
[W]: Unknown function 0x44a20e79 in 'cellSail' module
[E]: TODO: cellSailGraphicsAdapterUpdateAvSync
[W]: Unknown function 0x4ae979df in 'cellSail' module
[E]: TODO: cellSailSoundAdapterPtsToTimePosition
[W]: Unknown function 0x76488bb1 in 'cellSail' module
[E]: TODO: cellSailGraphicsAdapterFinalize
[W]: Unknown function 0x76b1a425 in 'cellSail' module
[E]: TODO: cellSailDescriptorSetAutoSelection
[W]: Unknown function 0x7c8dff3b in 'cellSail' module
[E]: TODO: cellSailPlayerAddDescriptor
[W]: Unknown function 0x7eb8d6b5 in 'cellSail' module
[E]: TODO: cellSailSoundAdapterGetFrame
[W]: Unknown function 0x85beffcc in 'cellSail' module
[E]: TODO: cellSailPlayerCloseStream
[W]: Unknown function 0xbdf21b0f in 'cellSail' module
[E]: TODO: cellSailPlayerBoot
[W]: Unknown function 0xc044fab1 in 'cellSail' module
[E]: TODO: cellSailDescriptorOpen
[W]: Unknown function 0xd1462438 in 'cellSail' module
[E]: TODO: cellSailSoundAdapterFinalize
[W]: Unknown function 0xd1d55a90 in 'cellSail' module
[E]: TODO: cellSailPlayerSetPaused
[W]: Unknown function 0xd7938b8d in 'cellSail' module
[E]: TODO: cellSailPlayerCreateDescriptor
[W]: Unknown function 0xddebd2a5 in 'cellSail' module
[E]: TODO: cellSailAviMovieGetStreamByTypeAndIndex
[W]: Unknown function 0xe535b0d3 in 'cellSail' module
[E]: TODO: cellSailPlayerStart
[W]: Unknown function 0xeba8d4ec in 'cellSail' module
[E]: TODO: cellSailPlayerStop
[W]: Unknown function 0xeec22809 in 'cellSail' module
[E]: TODO: cellSailSoundAdapterUpdateAvSync
[W]: Unknown function 0xf25f197d in 'cellSail' module
[E]: TODO: cellSailSoundAdapterGetFormat
[W]: Unknown function 0xfc839bd4 in 'cellSail' module
[E]: TODO: cellSailPlayerDestroyDescriptor
[W]: Unknown function 0xffd58aa4 in 'cellSail' module
[E]: TODO: cellSailGraphicsAdapterGetFormat
[W]: Unknown function 0x12b1acf0 in 'cellFiber' module
[E]: TODO: cellFiberPpuRunFibers
[W]: Unknown function 0x6c164b3b in 'cellFiber' module
[E]: TODO: cellFiberPpuWaitSignal
[W]: Unknown function 0x7c2f4034 in 'cellFiber' module
[E]: TODO: cellFiberPpuCreateFiber
[W]: Unknown function 0x8afb8356 in 'cellFiber' module
[E]: TODO: cellFiberPpuSendSignal
[W]: Unknown function 0x8b6baa01 in 'cellFiber' module
[E]: TODO: cellFiberPpuFinalizeScheduler
[W]: Unknown function 0x9e25c72d in 'cellFiber' module
[E]: TODO: _cellFiberPpuSchedulerAttributeInitialize
[W]: Unknown function 0xa6004249 in 'cellFiber' module
[E]: TODO: cellFiberPpuJoinFiber
[W]: Unknown function 0xc11f8056 in 'cellFiber' module
[E]: TODO: _cellFiberPpuAttributeInitialize
[W]: Unknown function 0xee3b604d in 'cellFiber' module
[E]: TODO: cellFiberPpuInitializeScheduler
[W]: Unknown function 0xfa8d5f95 in 'cellFiber' module
[E]: TODO: cellFiberPpuExit
[W]: Unknown function 0x55870804 in 'cellFiber' module
[E]: TODO: _cellFiberPpuInitialize
[W]: Unknown module 'sceNpTus'
[W : PPU[1] Thread (CPUThread)[0x0094a04c]]: sys_lwmutex warning: *** lwmutex created [_lc_mtx] (attribute=0x12): sq_id = 3
[W : PPU[1] Thread (CPUThread)[0x004019e4]]: memory warning: sys_memory_get_user_memory_size(mem_info_addr=0xd0010c04)
[W : PPU[1] Thread (CPUThread)[0x0094a04c]]: sys_lwmutex warning: *** lwmutex created [_lc_mtx] (attribute=0x12): sq_id = 4
[W : PPU[1] Thread (CPUThread)[0x0094a04c]]: sys_lwmutex warning: *** lwmutex created [_lc_mtx] (attribute=0x12): sq_id = 5
[W : PPU[1] Thread (CPUThread)[0x0094a04c]]: sys_lwmutex warning: *** lwmutex created [_lc_mtx] (attribute=0x12): sq_id = 6
[W : PPU[1] Thread (CPUThread)[0x0094a04c]]: sys_lwmutex warning: *** lwmutex created [_lc_mtx] (attribute=0x12): sq_id = 7
[W : PPU[1] Thread (CPUThread)[0x0094a04c]]: sys_lwmutex warning: *** lwmutex created [_lc_mtx] (attribute=0x12): sq_id = 8
[W : PPU[1] Thread (CPUThread)[0x0094a04c]]: sys_lwmutex warning: *** lwmutex created [_lc_mtx] (attribute=0x12): sq_id = 9
[W : PPU[1] Thread (CPUThread)[0x0094a04c]]: sys_lwmutex warning: *** lwmutex created [_lc_mtx] (attribute=0x12): sq_id = 10
[W : PPU[1] Thread (CPUThread)[0x0094a04c]]: sys_lwmutex warning: *** lwmutex created [_lc_mtx] (attribute=0x12): sq_id = 11
[W : PPU[1] Thread (CPUThread)[0x0094a04c]]: sys_lwmutex warning: *** lwmutex created [_lc_mtx] (attribute=0x12): sq_id = 12
[W : PPU[1] Thread (CPUThread)[0x0081d010]]: cellSysmodule warning: cellSysmoduleLoadModule(CELL_SYSMODULE_GCM_SYS)
[W : PPU[1] Thread (CPUThread)[0x0081d010]]: cellSysmodule warning: cellSysmoduleLoadModule(CELL_SYSMODULE_IO)
[W : PPU[1] Thread (CPUThread)[0x0081d010]]: cellSysmodule warning: cellSysmoduleLoadModule(CELL_SYSMODULE_FS)
[W : PPU[1] Thread (CPUThread)[0x0081d010]]: cellSysmodule warning: cellSysmoduleLoadModule(CELL_SYSMODULE_RESC)
[W : PPU[1] Thread (CPUThread)[0x0081d010]]: cellSysmodule warning: cellSysmoduleLoadModule(CELL_SYSMODULE_ATRAC3PLUS)
[W : PPU[1] Thread (CPUThread)[0x0081d010]]: cellSysmodule warning: cellSysmoduleLoadModule(CELL_SYSMODULE_L10N)
[W : PPU[1] Thread (CPUThread)[0x0081d010]]: cellSysmodule warning: cellSysmoduleLoadModule(CELL_SYSMODULE_AUDIO)
[W : PPU[1] Thread (CPUThread)[0x0081d010]]: cellSysmodule warning: cellSysmoduleLoadModule(CELL_SYSMODULE_ADEC)
[W : PPU[1] Thread (CPUThread)[0x0081d010]]: cellSysmodule warning: cellSysmoduleLoadModule(CELL_SYSMODULE_SAIL)
[W : PPU[1] Thread (CPUThread)[0x0081d010]]: cellSysmodule warning: cellSysmoduleLoadModule(CELL_SYSMODULE_RTC)
[W : PPU[1] Thread (CPUThread)[0x0081d010]]: cellSysmodule warning: cellSysmoduleLoadModule(CELL_SYSMODULE_AVCONF_EXT)
[W : PPU[1] Thread (CPUThread)[0x0081d010]]: cellSysmodule warning: cellSysmoduleLoadModule(CELL_SYSMODULE_SYSUTIL_GAME)
[W : PPU[1] Thread (CPUThread)[0x0081d010]]: cellSysmodule warning: cellSysmoduleLoadModule(CELL_SYSMODULE_SYSUTIL_NP_TROPHY)
[W : PPU[1] Thread (CPUThread)[0x0081d010]]: cellSysmodule warning: cellSysmoduleLoadModule(CELL_SYSMODULE_SPURS_JQ)
[W : PPU[1] Thread (CPUThread)[0x0081d010]]: cellSysmodule warning: cellSysmoduleLoadModule(CELL_SYSMODULE_NET)
[W : PPU[1] Thread (CPUThread)[0x0038ad80]]: sys_spu warning: sys_spu_initialize(max_usable_spu=6, max_raw_spu=0)
[W : PPU[1] Thread (CPUThread)[0x0038aa78]]: memory warning: sys_memory_get_user_memory_size(mem_info_addr=0xd0010b40)
[W : PPU[1] Thread (CPUThread)[0x0094a04c]]: sys_lwmutex warning: *** lwmutex created [] (attribute=0x12): sq_id = 13
[W : PPU[1] Thread (CPUThread)[0x0094a04c]]: sys_lwmutex warning: *** lwmutex created [] (attribute=0x12): sq_id = 14
[E : PPU[1] Thread (CPUThread)[0x00946124]]: TODO: cellSpursInitialize
[W : PPU[1] Thread (CPUThread)[0x0094a04c]]: sys_lwmutex warning: *** lwmutex created [] (attribute=0x22): sq_id = 15
[W : PPU[1] Thread (CPUThread)[0x0094a04c]]: sys_lwmutex warning: *** lwmutex created [] (attribute=0x22): sq_id = 16
[W : PPU[1] Thread (CPUThread)[0x0094a04c]]: sys_lwmutex warning: *** lwmutex created [] (attribute=0x22): sq_id = 17
[W : PPU[1] Thread (CPUThread)[0x004759e0]]: sys_event_flag warning: sys_event_flag_create(eflag_id_addr=0x33801620, attr_addr=0xd0010820, init=0x0)
[W : PPU[1] Thread (CPUThread)[0x004759e0]]: sys_event_flag warning: *** event_flag created [] (protocol=0x2, type=0x20000): id = 18
[W : PPU[1] Thread (CPUThread)[0x00475a14]]: sys_event_flag warning: sys_event_flag_create(eflag_id_addr=0x33801624, attr_addr=0xd0010820, init=0x0)
[W : PPU[1] Thread (CPUThread)[0x00475a14]]: sys_event_flag warning: *** event_flag created [] (protocol=0x2, type=0x10000): id = 19
[W : PPU[1] Thread (CPUThread)[0x0094a04c]]: sys_lwmutex warning: *** lwmutex created [] (attribute=0x22): sq_id = 20
[W : PPU[1] Thread (CPUThread)[0x0094a04c]]: sys_lwmutex warning: *** lwmutex created [] (attribute=0x22): sq_id = 21
[W : PPU[1] Thread (CPUThread)[0x004759e0]]: sys_event_flag warning: sys_event_flag_create(eflag_id_addr=0x33801b08, attr_addr=0xd0010820, init=0x0)
[W : PPU[1] Thread (CPUThread)[0x004759e0]]: sys_event_flag warning: *** event_flag created [] (protocol=0x2, type=0x20000): id = 22
[W : PPU[1] Thread (CPUThread)[0x00475a14]]: sys_event_flag warning: sys_event_flag_create(eflag_id_addr=0x33801b0c, attr_addr=0xd0010820, init=0x0)
[W : PPU[1] Thread (CPUThread)[0x00475a14]]: sys_event_flag warning: *** event_flag created [] (protocol=0x2, type=0x10000): id = 23
[W : PPU[1] Thread (CPUThread)[0x0094a04c]]: sys_lwmutex warning: *** lwmutex created [] (attribute=0x22): sq_id = 24
[W : PPU[1] Thread (CPUThread)[0x0094a04c]]: sys_lwmutex warning: *** lwmutex created [] (attribute=0x22): sq_id = 25
[W : PPU[1] Thread (CPUThread)[0x004759e0]]: sys_event_flag warning: sys_event_flag_create(eflag_id_addr=0x33801ff0, attr_addr=0xd0010820, init=0x0)
[W : PPU[1] Thread (CPUThread)[0x004759e0]]: sys_event_flag warning: *** event_flag created [] (protocol=0x2, type=0x20000): id = 26
[W : PPU[1] Thread (CPUThread)[0x00475a14]]: sys_event_flag warning: sys_event_flag_create(eflag_id_addr=0x33801ff4, attr_addr=0xd0010820, init=0x0)
[W : PPU[1] Thread (CPUThread)[0x00475a14]]: sys_event_flag warning: *** event_flag created [] (protocol=0x2, type=0x10000): id = 27
[W : PPU[1] Thread (CPUThread)[0x0094a04c]]: sys_lwmutex warning: *** lwmutex created [] (attribute=0x22): sq_id = 28
[W : PPU[1] Thread (CPUThread)[0x0094a04c]]: sys_lwmutex warning: *** lwmutex created [] (attribute=0x22): sq_id = 29
[W : PPU[1] Thread (CPUThread)[0x004759e0]]: sys_event_flag warning: sys_event_flag_create(eflag_id_addr=0x338024d8, attr_addr=0xd0010820, init=0x0)
[W : PPU[1] Thread (CPUThread)[0x004759e0]]: sys_event_flag warning: *** event_flag created [] (protocol=0x2, type=0x20000): id = 30
[W : PPU[1] Thread (CPUThread)[0x00475a14]]: sys_event_flag warning: sys_event_flag_create(eflag_id_addr=0x338024dc, attr_addr=0xd0010820, init=0x0)
[W : PPU[1] Thread (CPUThread)[0x00475a14]]: sys_event_flag warning: *** event_flag created [] (protocol=0x2, type=0x10000): id = 31
[W : PPU[1] Thread (CPUThread)[0x0094a04c]]: sys_lwmutex warning: *** lwmutex created [] (attribute=0x22): sq_id = 32
[W : PPU[1] Thread (CPUThread)[0x0094a04c]]: sys_lwmutex warning: *** lwmutex created [] (attribute=0x22): sq_id = 33
[W : PPU[1] Thread (CPUThread)[0x004759e0]]: sys_event_flag warning: sys_event_flag_create(eflag_id_addr=0x338029c0, attr_addr=0xd0010820, init=0x0)
[W : PPU[1] Thread (CPUThread)[0x004759e0]]: sys_event_flag warning: *** event_flag created [] (protocol=0x2, type=0x20000): id = 34
[W : PPU[1] Thread (CPUThread)[0x00475a14]]: sys_event_flag warning: sys_event_flag_create(eflag_id_addr=0x338029c4, attr_addr=0xd0010820, init=0x0)
[W : PPU[1] Thread (CPUThread)[0x00475a14]]: sys_event_flag warning: *** event_flag created [] (protocol=0x2, type=0x10000): id = 35
[W : PPU[1] Thread (CPUThread)[0x0094a04c]]: sys_lwmutex warning: *** lwmutex created [] (attribute=0x22): sq_id = 36
[W : PPU[1] Thread (CPUThread)[0x0094a04c]]: sys_lwmutex warning: *** lwmutex created [] (attribute=0x22): sq_id = 37
[W : PPU[1] Thread (CPUThread)[0x004759e0]]: sys_event_flag warning: sys_event_flag_create(eflag_id_addr=0x33802ea8, attr_addr=0xd0010820, init=0x0)
[W : PPU[1] Thread (CPUThread)[0x004759e0]]: sys_event_flag warning: *** event_flag created [] (protocol=0x2, type=0x20000): id = 38
[W : PPU[1] Thread (CPUThread)[0x00475a14]]: sys_event_flag warning: sys_event_flag_create(eflag_id_addr=0x33802eac, attr_addr=0xd0010820, init=0x0)
[W : PPU[1] Thread (CPUThread)[0x00475a14]]: sys_event_flag warning: *** event_flag created [] (protocol=0x2, type=0x10000): id = 39
[W : PPU[1] Thread (CPUThread)[0x0094a04c]]: sys_lwmutex warning: *** lwmutex created [] (attribute=0x22): sq_id = 40
[W : PPU[1] Thread (CPUThread)[0x0094a04c]]: sys_lwmutex warning: *** lwmutex created [] (attribute=0x22): sq_id = 41
[W : PPU[1] Thread (CPUThread)[0x004759e0]]: sys_event_flag warning: sys_event_flag_create(eflag_id_addr=0x33803390, attr_addr=0xd0010820, init=0x0)
[W : PPU[1] Thread (CPUThread)[0x004759e0]]: sys_event_flag warning: *** event_flag created [] (protocol=0x2, type=0x20000): id = 42
[W : PPU[1] Thread (CPUThread)[0x00475a14]]: sys_event_flag warning: sys_event_flag_create(eflag_id_addr=0x33803394, attr_addr=0xd0010820, init=0x0)
[W : PPU[1] Thread (CPUThread)[0x00475a14]]: sys_event_flag warning: *** event_flag created [] (protocol=0x2, type=0x10000): id = 43
[W : PPU[1] Thread (CPUThread)[0x0094a04c]]: sys_lwmutex warning: *** lwmutex created [] (attribute=0x22): sq_id = 44
[W : PPU[1] Thread (CPUThread)[0x0094a04c]]: sys_lwmutex warning: *** lwmutex created [] (attribute=0x22): sq_id = 45
[W : PPU[1] Thread (CPUThread)[0x004759e0]]: sys_event_flag warning: sys_event_flag_create(eflag_id_addr=0x33803878, attr_addr=0xd0010820, init=0x0)
[W : PPU[1] Thread (CPUThread)[0x004759e0]]: sys_event_flag warning: *** event_flag created [] (protocol=0x2, type=0x20000): id = 46
[W : PPU[1] Thread (CPUThread)[0x00475a14]]: sys_event_flag warning: sys_event_flag_create(eflag_id_addr=0x3380387c, attr_addr=0xd0010820, init=0x0)
[W : PPU[1] Thread (CPUThread)[0x00475a14]]: sys_event_flag warning: *** event_flag created [] (protocol=0x2, type=0x10000): id = 47
[W : PPU[1] Thread (CPUThread)[0x0094a04c]]: sys_lwmutex warning: *** lwmutex created [] (attribute=0x22): sq_id = 48
[W : PPU[1] Thread (CPUThread)[0x0094a04c]]: sys_lwmutex warning: *** lwmutex created [] (attribute=0x22): sq_id = 49
[W : PPU[1] Thread (CPUThread)[0x004759e0]]: sys_event_flag warning: sys_event_flag_create(eflag_id_addr=0x33803d60, attr_addr=0xd0010820, init=0x0)
[W : PPU[1] Thread (CPUThread)[0x004759e0]]: sys_event_flag warning: *** event_flag created [] (protocol=0x2, type=0x20000): id = 50
[W : PPU[1] Thread (CPUThread)[0x00475a14]]: sys_event_flag warning: sys_event_flag_create(eflag_id_addr=0x33803d64, attr_addr=0xd0010820, init=0x0)
[W : PPU[1] Thread (CPUThread)[0x00475a14]]: sys_event_flag warning: *** event_flag created [] (protocol=0x2, type=0x10000): id = 51
[W : PPU[1] Thread (CPUThread)[0x0094a04c]]: sys_lwmutex warning: *** lwmutex created [] (attribute=0x22): sq_id = 52
[W : PPU[1] Thread (CPUThread)[0x0094a04c]]: sys_lwmutex warning: *** lwmutex created [] (attribute=0x22): sq_id = 53
[W : PPU[1] Thread (CPUThread)[0x004759e0]]: sys_event_flag warning: sys_event_flag_create(eflag_id_addr=0x33804248, attr_addr=0xd0010820, init=0x0)
[W : PPU[1] Thread (CPUThread)[0x004759e0]]: sys_event_flag warning: *** event_flag created [] (protocol=0x2, type=0x20000): id = 54
[W : PPU[1] Thread (CPUThread)[0x00475a14]]: sys_event_flag warning: sys_event_flag_create(eflag_id_addr=0x3380424c, attr_addr=0xd0010820, init=0x0)
[W : PPU[1] Thread (CPUThread)[0x00475a14]]: sys_event_flag warning: *** event_flag created [] (protocol=0x2, type=0x10000): id = 55
[W : PPU[1] Thread (CPUThread)[0x0094a04c]]: sys_lwmutex warning: *** lwmutex created [] (attribute=0x22): sq_id = 56
[W : PPU[1] Thread (CPUThread)[0x0094a04c]]: sys_lwmutex warning: *** lwmutex created [] (attribute=0x22): sq_id = 57
[W : PPU[1] Thread (CPUThread)[0x004759e0]]: sys_event_flag warning: sys_event_flag_create(eflag_id_addr=0x33804730, attr_addr=0xd0010820, init=0x0)
[W : PPU[1] Thread (CPUThread)[0x004759e0]]: sys_event_flag warning: *** event_flag created [] (protocol=0x2, type=0x20000): id = 58
[W : PPU[1] Thread (CPUThread)[0x00475a14]]: sys_event_flag warning: sys_event_flag_create(eflag_id_addr=0x33804734, attr_addr=0xd0010820, init=0x0)
[W : PPU[1] Thread (CPUThread)[0x00475a14]]: sys_event_flag warning: *** event_flag created [] (protocol=0x2, type=0x10000): id = 59
[W : PPU[1] Thread (CPUThread)[0x0094a04c]]: sys_lwmutex warning: *** lwmutex created [] (attribute=0x22): sq_id = 60
[W : PPU[1] Thread (CPUThread)[0x0094a04c]]: sys_lwmutex warning: *** lwmutex created [] (attribute=0x22): sq_id = 61
[W : PPU[1] Thread (CPUThread)[0x004759e0]]: sys_event_flag warning: sys_event_flag_create(eflag_id_addr=0x33804c18, attr_addr=0xd0010820, init=0x0)
[W : PPU[1] Thread (CPUThread)[0x004759e0]]: sys_event_flag warning: *** event_flag created [] (protocol=0x2, type=0x20000): id = 62
[W : PPU[1] Thread (CPUThread)[0x00475a14]]: sys_event_flag warning: sys_event_flag_create(eflag_id_addr=0x33804c1c, attr_addr=0xd0010820, init=0x0)
[W : PPU[1] Thread (CPUThread)[0x00475a14]]: sys_event_flag warning: *** event_flag created [] (protocol=0x2, type=0x10000): id = 63
[W : PPU[1] Thread (CPUThread)[0x0094a04c]]: sys_lwmutex warning: *** lwmutex created [] (attribute=0x22): sq_id = 64
[W : PPU[1] Thread (CPUThread)[0x0094a04c]]: sys_lwmutex warning: *** lwmutex created [] (attribute=0x22): sq_id = 65
[W : PPU[1] Thread (CPUThread)[0x004759e0]]: sys_event_flag warning: sys_event_flag_create(eflag_id_addr=0x33805100, attr_addr=0xd0010820, init=0x0)
[W : PPU[1] Thread (CPUThread)[0x004759e0]]: sys_event_flag warning: *** event_flag created [] (protocol=0x2, type=0x20000): id = 66
[W : PPU[1] Thread (CPUThread)[0x00475a14]]: sys_event_flag warning: sys_event_flag_create(eflag_id_addr=0x33805104, attr_addr=0xd0010820, init=0x0)
[W : PPU[1] Thread (CPUThread)[0x00475a14]]: sys_event_flag warning: *** event_flag created [] (protocol=0x2, type=0x10000): id = 67
[W : PPU[1] Thread (CPUThread)[0x0094a04c]]: sys_lwmutex warning: *** lwmutex created [] (attribute=0x22): sq_id = 68
[W : PPU[1] Thread (CPUThread)[0x0094a04c]]: sys_lwmutex warning: *** lwmutex created [] (attribute=0x22): sq_id = 69
[W : PPU[1] Thread (CPUThread)[0x004759e0]]: sys_event_flag warning: sys_event_flag_create(eflag_id_addr=0x338055e8, attr_addr=0xd0010820, init=0x0)
[W : PPU[1] Thread (CPUThread)[0x004759e0]]: sys_event_flag warning: *** event_flag created [] (protocol=0x2, type=0x20000): id = 70
[W : PPU[1] Thread (CPUThread)[0x00475a14]]: sys_event_flag warning: sys_event_flag_create(eflag_id_addr=0x338055ec, attr_addr=0xd0010820, init=0x0)
[W : PPU[1] Thread (CPUThread)[0x00475a14]]: sys_event_flag warning: *** event_flag created [] (protocol=0x2, type=0x10000): id = 71
[W : PPU[1] Thread (CPUThread)[0x0094a04c]]: sys_lwmutex warning: *** lwmutex created [] (attribute=0x22): sq_id = 72
[W : PPU[1] Thread (CPUThread)[0x0094a04c]]: sys_lwmutex warning: *** lwmutex created [] (attribute=0x22): sq_id = 73
[W : PPU[1] Thread (CPUThread)[0x004759e0]]: sys_event_flag warning: sys_event_flag_create(eflag_id_addr=0x33805ad0, attr_addr=0xd0010820, init=0x0)
[W : PPU[1] Thread (CPUThread)[0x004759e0]]: sys_event_flag warning: *** event_flag created [] (protocol=0x2, type=0x20000): id = 74
[W : PPU[1] Thread (CPUThread)[0x00475a14]]: sys_event_flag warning: sys_event_flag_create(eflag_id_addr=0x33805ad4, attr_addr=0xd0010820, init=0x0)
[W : PPU[1] Thread (CPUThread)[0x00475a14]]: sys_event_flag warning: *** event_flag created [] (protocol=0x2, type=0x10000): id = 75
[W : PPU[1] Thread (CPUThread)[0x0094a04c]]: sys_lwmutex warning: *** lwmutex created [] (attribute=0x22): sq_id = 76
[W : PPU[1] Thread (CPUThread)[0x0094a04c]]: sys_lwmutex warning: *** lwmutex created [] (attribute=0x22): sq_id = 77
[W : PPU[1] Thread (CPUThread)[0x004759e0]]: sys_event_flag warning: sys_event_flag_create(eflag_id_addr=0x33805fb8, attr_addr=0xd0010820, init=0x0)
[W : PPU[1] Thread (CPUThread)[0x004759e0]]: sys_event_flag warning: *** event_flag created [] (protocol=0x2, type=0x20000): id = 78
[W : PPU[1] Thread (CPUThread)[0x00475a14]]: sys_event_flag warning: sys_event_flag_create(eflag_id_addr=0x33805fbc, attr_addr=0xd0010820, init=0x0)
[W : PPU[1] Thread (CPUThread)[0x00475a14]]: sys_event_flag warning: *** event_flag created [] (protocol=0x2, type=0x10000): id = 79
[W : PPU[1] Thread (CPUThread)[0x0094a04c]]: sys_lwmutex warning: *** lwmutex created [] (attribute=0x22): sq_id = 80
[W : PPU[1] Thread (CPUThread)[0x0094a04c]]: sys_lwmutex warning: *** lwmutex created [] (attribute=0x22): sq_id = 81
[W : PPU[1] Thread (CPUThread)[0x004759e0]]: sys_event_flag warning: sys_event_flag_create(eflag_id_addr=0x338064a0, attr_addr=0xd0010820, init=0x0)
[W : PPU[1] Thread (CPUThread)[0x004759e0]]: sys_event_flag warning: *** event_flag created [] (protocol=0x2, type=0x20000): id = 82
[W : PPU[1] Thread (CPUThread)[0x00475a14]]: sys_event_flag warning: sys_event_flag_create(eflag_id_addr=0x338064a4, attr_addr=0xd0010820, init=0x0)
[W : PPU[1] Thread (CPUThread)[0x00475a14]]: sys_event_flag warning: *** event_flag created [] (protocol=0x2, type=0x10000): id = 83
[W : PPU[1] Thread (CPUThread)[0x0094a04c]]: sys_lwmutex warning: *** lwmutex created [] (attribute=0x22): sq_id = 84
[W : PPU[1] Thread (CPUThread)[0x0094a04c]]: sys_lwmutex warning: *** lwmutex created [] (attribute=0x22): sq_id = 85
[W : PPU[1] Thread (CPUThread)[0x004759e0]]: sys_event_flag warning: sys_event_flag_create(eflag_id_addr=0x33806988, attr_addr=0xd0010820, init=0x0)
[W : PPU[1] Thread (CPUThread)[0x004759e0]]: sys_event_flag warning: *** event_flag created [] (protocol=0x2, type=0x20000): id = 86
[W : PPU[1] Thread (CPUThread)[0x00475a14]]: sys_event_flag warning: sys_event_flag_create(eflag_id_addr=0x3380698c, attr_addr=0xd0010820, init=0x0)
[W : PPU[1] Thread (CPUThread)[0x00475a14]]: sys_event_flag warning: *** event_flag created [] (protocol=0x2, type=0x10000): id = 87
[W : PPU[1] Thread (CPUThread)[0x0094a04c]]: sys_lwmutex warning: *** lwmutex created [] (attribute=0x22): sq_id = 88
[W : PPU[1] Thread (CPUThread)[0x0094a04c]]: sys_lwmutex warning: *** lwmutex created [] (attribute=0x22): sq_id = 89
[W : PPU[1] Thread (CPUThread)[0x004759e0]]: sys_event_flag warning: sys_event_flag_create(eflag_id_addr=0x33806e70, attr_addr=0xd0010820, init=0x0)
[W : PPU[1] Thread (CPUThread)[0x004759e0]]: sys_event_flag warning: *** event_flag created [] (protocol=0x2, type=0x20000): id = 90
[W : PPU[1] Thread (CPUThread)[0x00475a14]]: sys_event_flag warning: sys_event_flag_create(eflag_id_addr=0x33806e74, attr_addr=0xd0010820, init=0x0)
[W : PPU[1] Thread (CPUThread)[0x00475a14]]: sys_event_flag warning: *** event_flag created [] (protocol=0x2, type=0x10000): id = 91
[W : PPU[1] Thread (CPUThread)[0x0094a04c]]: sys_lwmutex warning: *** lwmutex created [] (attribute=0x22): sq_id = 92
[W : PPU[1] Thread (CPUThread)[0x0094a04c]]: sys_lwmutex warning: *** lwmutex created [] (attribute=0x22): sq_id = 93
[W : PPU[1] Thread (CPUThread)[0x004759e0]]: sys_event_flag warning: sys_event_flag_create(eflag_id_addr=0x33807358, attr_addr=0xd0010820, init=0x0)
[W : PPU[1] Thread (CPUThread)[0x004759e0]]: sys_event_flag warning: *** event_flag created [] (protocol=0x2, type=0x20000): id = 94
[W : PPU[1] Thread (CPUThread)[0x00475a14]]: sys_event_flag warning: sys_event_flag_create(eflag_id_addr=0x3380735c, attr_addr=0xd0010820, init=0x0)
[W : PPU[1] Thread (CPUThread)[0x00475a14]]: sys_event_flag warning: *** event_flag created [] (protocol=0x2, type=0x10000): id = 95
[W : PPU[1] Thread (CPUThread)[0x0094a04c]]: sys_lwmutex warning: *** lwmutex created [] (attribute=0x22): sq_id = 96
[W : PPU[1] Thread (CPUThread)[0x0094a04c]]: sys_lwmutex warning: *** lwmutex created [] (attribute=0x22): sq_id = 97
[W : PPU[1] Thread (CPUThread)[0x004759e0]]: sys_event_flag warning: sys_event_flag_create(eflag_id_addr=0x33807840, attr_addr=0xd0010820, init=0x0)
[W : PPU[1] Thread (CPUThread)[0x004759e0]]: sys_event_flag warning: *** event_flag created [] (protocol=0x2, type=0x20000): id = 98
[W : PPU[1] Thread (CPUThread)[0x00475a14]]: sys_event_flag warning: sys_event_flag_create(eflag_id_addr=0x33807844, attr_addr=0xd0010820, init=0x0)
[W : PPU[1] Thread (CPUThread)[0x00475a14]]: sys_event_flag warning: *** event_flag created [] (protocol=0x2, type=0x10000): id = 99
[W : PPU[1] Thread (CPUThread)[0x0094a04c]]: sys_lwmutex warning: *** lwmutex created [] (attribute=0x22): sq_id = 100
[W : PPU[1] Thread (CPUThread)[0x0094a04c]]: sys_lwmutex warning: *** lwmutex created [] (attribute=0x22): sq_id = 101
[W : PPU[1] Thread (CPUThread)[0x004759e0]]: sys_event_flag warning: sys_event_flag_create(eflag_id_addr=0x33807d28, attr_addr=0xd0010820, init=0x0)
[W : PPU[1] Thread (CPUThread)[0x004759e0]]: sys_event_flag warning: *** event_flag created [] (protocol=0x2, type=0x20000): id = 102
[W : PPU[1] Thread (CPUThread)[0x00475a14]]: sys_event_flag warning: sys_event_flag_create(eflag_id_addr=0x33807d2c, attr_addr=0xd0010820, init=0x0)
[W : PPU[1] Thread (CPUThread)[0x00475a14]]: sys_event_flag warning: *** event_flag created [] (protocol=0x2, type=0x10000): id = 103
[W : PPU[1] Thread (CPUThread)[0x0094a04c]]: sys_lwmutex warning: *** lwmutex created [] (attribute=0x22): sq_id = 104
[W : PPU[1] Thread (CPUThread)[0x0094a04c]]: sys_lwmutex warning: *** lwmutex created [] (attribute=0x22): sq_id = 105
[W : PPU[1] Thread (CPUThread)[0x004759e0]]: sys_event_flag warning: sys_event_flag_create(eflag_id_addr=0x33808210, attr_addr=0xd0010820, init=0x0)
[W : PPU[1] Thread (CPUThread)[0x004759e0]]: sys_event_flag warning: *** event_flag created [] (protocol=0x2, type=0x20000): id = 106
[W : PPU[1] Thread (CPUThread)[0x00475a14]]: sys_event_flag warning: sys_event_flag_create(eflag_id_addr=0x33808214, attr_addr=0xd0010820, init=0x0)
[W : PPU[1] Thread (CPUThread)[0x00475a14]]: sys_event_flag warning: *** event_flag created [] (protocol=0x2, type=0x10000): id = 107
[W : PPU[1] Thread (CPUThread)[0x0094a04c]]: sys_lwmutex warning: *** lwmutex created [] (attribute=0x22): sq_id = 108
[W : PPU[1] Thread (CPUThread)[0x0094a04c]]: sys_lwmutex warning: *** lwmutex created [] (attribute=0x22): sq_id = 109
[W : PPU[1] Thread (CPUThread)[0x004759e0]]: sys_event_flag warning: sys_event_flag_create(eflag_id_addr=0x338086f8, attr_addr=0xd0010820, init=0x0)
[W : PPU[1] Thread (CPUThread)[0x004759e0]]: sys_event_flag warning: *** event_flag created [] (protocol=0x2, type=0x20000): id = 110
[W : PPU[1] Thread (CPUThread)[0x00475a14]]: sys_event_flag warning: sys_event_flag_create(eflag_id_addr=0x338086fc, attr_addr=0xd0010820, init=0x0)
[W : PPU[1] Thread (CPUThread)[0x00475a14]]: sys_event_flag warning: *** event_flag created [] (protocol=0x2, type=0x10000): id = 111
[W : PPU[1] Thread (CPUThread)[0x0094a04c]]: sys_lwmutex warning: *** lwmutex created [] (attribute=0x22): sq_id = 112
[W : PPU[1] Thread (CPUThread)[0x0094a04c]]: sys_lwmutex warning: *** lwmutex created [] (attribute=0x22): sq_id = 113
[W : PPU[1] Thread (CPUThread)[0x004759e0]]: sys_event_flag warning: sys_event_flag_create(eflag_id_addr=0x33808be0, attr_addr=0xd0010820, init=0x0)
[W : PPU[1] Thread (CPUThread)[0x004759e0]]: sys_event_flag warning: *** event_flag created [] (protocol=0x2, type=0x20000): id = 114
[W : PPU[1] Thread (CPUThread)[0x00475a14]]: sys_event_flag warning: sys_event_flag_create(eflag_id_addr=0x33808be4, attr_addr=0xd0010820, init=0x0)
[W : PPU[1] Thread (CPUThread)[0x00475a14]]: sys_event_flag warning: *** event_flag created [] (protocol=0x2, type=0x10000): id = 115
[W : PPU[1] Thread (CPUThread)[0x0094a04c]]: sys_lwmutex warning: *** lwmutex created [] (attribute=0x22): sq_id = 116
[W : PPU[1] Thread (CPUThread)[0x0094a04c]]: sys_lwmutex warning: *** lwmutex created [] (attribute=0x22): sq_id = 117
[W : PPU[1] Thread (CPUThread)[0x004759e0]]: sys_event_flag warning: sys_event_flag_create(eflag_id_addr=0x338090c8, attr_addr=0xd0010820, init=0x0)
[W : PPU[1] Thread (CPUThread)[0x004759e0]]: sys_event_flag warning: *** event_flag created [] (protocol=0x2, type=0x20000): id = 118
[W : PPU[1] Thread (CPUThread)[0x00475a14]]: sys_event_flag warning: sys_event_flag_create(eflag_id_addr=0x338090cc, attr_addr=0xd0010820, init=0x0)
[W : PPU[1] Thread (CPUThread)[0x00475a14]]: sys_event_flag warning: *** event_flag created [] (protocol=0x2, type=0x10000): id = 119
[W : PPU[1] Thread (CPUThread)[0x0094a04c]]: sys_lwmutex warning: *** lwmutex created [] (attribute=0x22): sq_id = 120
[W : PPU[1] Thread (CPUThread)[0x0094a04c]]: sys_lwmutex warning: *** lwmutex created [] (attribute=0x22): sq_id = 121
[W : PPU[1] Thread (CPUThread)[0x004759e0]]: sys_event_flag warning: sys_event_flag_create(eflag_id_addr=0x338095b0, attr_addr=0xd0010820, init=0x0)
[W : PPU[1] Thread (CPUThread)[0x004759e0]]: sys_event_flag warning: *** event_flag created [] (protocol=0x2, type=0x20000): id = 122
[W : PPU[1] Thread (CPUThread)[0x00475a14]]: sys_event_flag warning: sys_event_flag_create(eflag_id_addr=0x338095b4, attr_addr=0xd0010820, init=0x0)
[W : PPU[1] Thread (CPUThread)[0x00475a14]]: sys_event_flag warning: *** event_flag created [] (protocol=0x2, type=0x10000): id = 123
[W : PPU[1] Thread (CPUThread)[0x0094a04c]]: sys_lwmutex warning: *** lwmutex created [] (attribute=0x22): sq_id = 124
[W : PPU[1] Thread (CPUThread)[0x0094a04c]]: sys_lwmutex warning: *** lwmutex created [] (attribute=0x22): sq_id = 125
[W : PPU[1] Thread (CPUThread)[0x004759e0]]: sys_event_flag warning: sys_event_flag_create(eflag_id_addr=0x33809a98, attr_addr=0xd0010820, init=0x0)
[W : PPU[1] Thread (CPUThread)[0x004759e0]]: sys_event_flag warning: *** event_flag created [] (protocol=0x2, type=0x20000): id = 126
[W : PPU[1] Thread (CPUThread)[0x00475a14]]: sys_event_flag warning: sys_event_flag_create(eflag_id_addr=0x33809a9c, attr_addr=0xd0010820, init=0x0)
[W : PPU[1] Thread (CPUThread)[0x00475a14]]: sys_event_flag warning: *** event_flag created [] (protocol=0x2, type=0x10000): id = 127
[W : PPU[1] Thread (CPUThread)[0x0094a04c]]: sys_lwmutex warning: *** lwmutex created [] (attribute=0x22): sq_id = 128
[W : PPU[1] Thread (CPUThread)[0x0094a04c]]: sys_lwmutex warning: *** lwmutex created [] (attribute=0x22): sq_id = 129
[W : PPU[1] Thread (CPUThread)[0x004759e0]]: sys_event_flag warning: sys_event_flag_create(eflag_id_addr=0x33809f80, attr_addr=0xd0010820, init=0x0)
[W : PPU[1] Thread (CPUThread)[0x004759e0]]: sys_event_flag warning: *** event_flag created [] (protocol=0x2, type=0x20000): id = 130
[W : PPU[1] Thread (CPUThread)[0x00475a14]]: sys_event_flag warning: sys_event_flag_create(eflag_id_addr=0x33809f84, attr_addr=0xd0010820, init=0x0)
[W : PPU[1] Thread (CPUThread)[0x00475a14]]: sys_event_flag warning: *** event_flag created [] (protocol=0x2, type=0x10000): id = 131
[W : PPU[1] Thread (CPUThread)[0x0094a04c]]: sys_lwmutex warning: *** lwmutex created [] (attribute=0x22): sq_id = 132
[W : PPU[1] Thread (CPUThread)[0x0094a04c]]: sys_lwmutex warning: *** lwmutex created [] (attribute=0x22): sq_id = 133
[W : PPU[1] Thread (CPUThread)[0x004759e0]]: sys_event_flag warning: sys_event_flag_create(eflag_id_addr=0x3380a468, attr_addr=0xd0010820, init=0x0)
[W : PPU[1] Thread (CPUThread)[0x004759e0]]: sys_event_flag warning: *** event_flag created [] (protocol=0x2, type=0x20000): id = 134
[W : PPU[1] Thread (CPUThread)[0x00475a14]]: sys_event_flag warning: sys_event_flag_create(eflag_id_addr=0x3380a46c, attr_addr=0xd0010820, init=0x0)
[W : PPU[1] Thread (CPUThread)[0x00475a14]]: sys_event_flag warning: *** event_flag created [] (protocol=0x2, type=0x10000): id = 135
[W : PPU[1] Thread (CPUThread)[0x0094a04c]]: sys_lwmutex warning: *** lwmutex created [] (attribute=0x22): sq_id = 136
[W : PPU[1] Thread (CPUThread)[0x0094a04c]]: sys_lwmutex warning: *** lwmutex created [] (attribute=0x22): sq_id = 137
[W : PPU[1] Thread (CPUThread)[0x004759e0]]: sys_event_flag warning: sys_event_flag_create(eflag_id_addr=0x3380a950, attr_addr=0xd0010820, init=0x0)
[W : PPU[1] Thread (CPUThread)[0x004759e0]]: sys_event_flag warning: *** event_flag created [] (protocol=0x2, type=0x20000): id = 138
[W : PPU[1] Thread (CPUThread)[0x00475a14]]: sys_event_flag warning: sys_event_flag_create(eflag_id_addr=0x3380a954, attr_addr=0xd0010820, init=0x0)
[W : PPU[1] Thread (CPUThread)[0x00475a14]]: sys_event_flag warning: *** event_flag created [] (protocol=0x2, type=0x10000): id = 139
[W : PPU[1] Thread (CPUThread)[0x0094a04c]]: sys_lwmutex warning: *** lwmutex created [] (attribute=0x22): sq_id = 140
[W : PPU[1] Thread (CPUThread)[0x0094a04c]]: sys_lwmutex warning: *** lwmutex created [] (attribute=0x22): sq_id = 141
[W : PPU[1] Thread (CPUThread)[0x004759e0]]: sys_event_flag warning: sys_event_flag_create(eflag_id_addr=0x3380ae38, attr_addr=0xd0010820, init=0x0)
[W : PPU[1] Thread (CPUThread)[0x004759e0]]: sys_event_flag warning: *** event_flag created [] (protocol=0x2, type=0x20000): id = 142
[W : PPU[1] Thread (CPUThread)[0x00475a14]]: sys_event_flag warning: sys_event_flag_create(eflag_id_addr=0x3380ae3c, attr_addr=0xd0010820, init=0x0)
[W : PPU[1] Thread (CPUThread)[0x00475a14]]: sys_event_flag warning: *** event_flag created [] (protocol=0x2, type=0x10000): id = 143
[W : PPU[1] Thread (CPUThread)[0x0094a04c]]: sys_lwmutex warning: *** lwmutex created [] (attribute=0x22): sq_id = 144
[W : PPU[1] Thread (CPUThread)[0x0094a04c]]: sys_lwmutex warning: *** lwmutex created [] (attribute=0x22): sq_id = 145
[W : PPU[1] Thread (CPUThread)[0x004759e0]]: sys_event_flag warning: sys_event_flag_create(eflag_id_addr=0x3380b320, attr_addr=0xd0010820, init=0x0)
[W : PPU[1] Thread (CPUThread)[0x004759e0]]: sys_event_flag warning: *** event_flag created [] (protocol=0x2, type=0x20000): id = 146
[W : PPU[1] Thread (CPUThread)[0x00475a14]]: sys_event_flag warning: sys_event_flag_create(eflag_id_addr=0x3380b324, attr_addr=0xd0010820, init=0x0)
[W : PPU[1] Thread (CPUThread)[0x00475a14]]: sys_event_flag warning: *** event_flag created [] (protocol=0x2, type=0x10000): id = 147
[W : PPU[1] Thread (CPUThread)[0x0094a04c]]: sys_lwmutex warning: *** lwmutex created [] (attribute=0x22): sq_id = 148
[W : PPU[1] Thread (CPUThread)[0x0094a04c]]: sys_lwmutex warning: *** lwmutex created [] (attribute=0x22): sq_id = 149
[W : PPU[1] Thread (CPUThread)[0x004759e0]]: sys_event_flag warning: sys_event_flag_create(eflag_id_addr=0x3380b808, attr_addr=0xd0010820, init=0x0)
[W : PPU[1] Thread (CPUThread)[0x004759e0]]: sys_event_flag warning: *** event_flag created [] (protocol=0x2, type=0x20000): id = 150
[W : PPU[1] Thread (CPUThread)[0x00475a14]]: sys_event_flag warning: sys_event_flag_create(eflag_id_addr=0x3380b80c, attr_addr=0xd0010820, init=0x0)
[W : PPU[1] Thread (CPUThread)[0x00475a14]]: sys_event_flag warning: *** event_flag created [] (protocol=0x2, type=0x10000): id = 151
[W : PPU[1] Thread (CPUThread)[0x0094a04c]]: sys_lwmutex warning: *** lwmutex created [] (attribute=0x22): sq_id = 152
[W : PPU[1] Thread (CPUThread)[0x0094a04c]]: sys_lwmutex warning: *** lwmutex created [] (attribute=0x22): sq_id = 153
[W : PPU[1] Thread (CPUThread)[0x004759e0]]: sys_event_flag warning: sys_event_flag_create(eflag_id_addr=0x3380bcf0, attr_addr=0xd0010820, init=0x0)
[W : PPU[1] Thread (CPUThread)[0x004759e0]]: sys_event_flag warning: *** event_flag created [] (protocol=0x2, type=0x20000): id = 154
[W : PPU[1] Thread (CPUThread)[0x00475a14]]: sys_event_flag warning: sys_event_flag_create(eflag_id_addr=0x3380bcf4, attr_addr=0xd0010820, init=0x0)
[W : PPU[1] Thread (CPUThread)[0x00475a14]]: sys_event_flag warning: *** event_flag created [] (protocol=0x2, type=0x10000): id = 155
[W : PPU[1] Thread (CPUThread)[0x0094a04c]]: sys_lwmutex warning: *** lwmutex created [] (attribute=0x22): sq_id = 156
[W : PPU[1] Thread (CPUThread)[0x0094a04c]]: sys_lwmutex warning: *** lwmutex created [] (attribute=0x22): sq_id = 157
[W : PPU[1] Thread (CPUThread)[0x004759e0]]: sys_event_flag warning: sys_event_flag_create(eflag_id_addr=0x3380c1d8, attr_addr=0xd0010820, init=0x0)
[W : PPU[1] Thread (CPUThread)[0x004759e0]]: sys_event_flag warning: *** event_flag created [] (protocol=0x2, type=0x20000): id = 158
[W : PPU[1] Thread (CPUThread)[0x00475a14]]: sys_event_flag warning: sys_event_flag_create(eflag_id_addr=0x3380c1dc, attr_addr=0xd0010820, init=0x0)
[W : PPU[1] Thread (CPUThread)[0x00475a14]]: sys_event_flag warning: *** event_flag created [] (protocol=0x2, type=0x10000): id = 159
[W : PPU[1] Thread (CPUThread)[0x0094a04c]]: sys_lwmutex warning: *** lwmutex created [] (attribute=0x22): sq_id = 160
[W : PPU[1] Thread (CPUThread)[0x0094a04c]]: sys_lwmutex warning: *** lwmutex created [] (attribute=0x22): sq_id = 161
[W : PPU[1] Thread (CPUThread)[0x004759e0]]: sys_event_flag warning: sys_event_flag_create(eflag_id_addr=0x3380c6c0, attr_addr=0xd0010820, init=0x0)
[W : PPU[1] Thread (CPUThread)[0x004759e0]]: sys_event_flag warning: *** event_flag created [] (protocol=0x2, type=0x20000): id = 162
[W : PPU[1] Thread (CPUThread)[0x00475a14]]: sys_event_flag warning: sys_event_flag_create(eflag_id_addr=0x3380c6c4, attr_addr=0xd0010820, init=0x0)
[W : PPU[1] Thread (CPUThread)[0x00475a14]]: sys_event_flag warning: *** event_flag created [] (protocol=0x2, type=0x10000): id = 163
[W : PPU[1] Thread (CPUThread)[0x0094a04c]]: sys_lwmutex warning: *** lwmutex created [] (attribute=0x22): sq_id = 164
[W : PPU[1] Thread (CPUThread)[0x0094a04c]]: sys_lwmutex warning: *** lwmutex created [] (attribute=0x22): sq_id = 165
[W : PPU[1] Thread (CPUThread)[0x004759e0]]: sys_event_flag warning: sys_event_flag_create(eflag_id_addr=0x3380cba8, attr_addr=0xd0010820, init=0x0)
[W : PPU[1] Thread (CPUThread)[0x004759e0]]: sys_event_flag warning: *** event_flag created [] (protocol=0x2, type=0x20000): id = 166
[W : PPU[1] Thread (CPUThread)[0x00475a14]]: sys_event_flag warning: sys_event_flag_create(eflag_id_addr=0x3380cbac, attr_addr=0xd0010820, init=0x0)
[W : PPU[1] Thread (CPUThread)[0x00475a14]]: sys_event_flag warning: *** event_flag created [] (protocol=0x2, type=0x10000): id = 167
[W : PPU[1] Thread (CPUThread)[0x0094a04c]]: sys_lwmutex warning: *** lwmutex created [] (attribute=0x22): sq_id = 168
[W : PPU[1] Thread (CPUThread)[0x0094a04c]]: sys_lwmutex warning: *** lwmutex created [] (attribute=0x22): sq_id = 169
[W : PPU[1] Thread (CPUThread)[0x004759e0]]: sys_event_flag warning: sys_event_flag_create(eflag_id_addr=0x3380d090, attr_addr=0xd0010820, init=0x0)
[W : PPU[1] Thread (CPUThread)[0x004759e0]]: sys_event_flag warning: *** event_flag created [] (protocol=0x2, type=0x20000): id = 170
[W : PPU[1] Thread (CPUThread)[0x00475a14]]: sys_event_flag warning: sys_event_flag_create(eflag_id_addr=0x3380d094, attr_addr=0xd0010820, init=0x0)
[W : PPU[1] Thread (CPUThread)[0x00475a14]]: sys_event_flag warning: *** event_flag created [] (protocol=0x2, type=0x10000): id = 171
[W : PPU[1] Thread (CPUThread)[0x0094a04c]]: sys_lwmutex warning: *** lwmutex created [] (attribute=0x22): sq_id = 172
[W : PPU[1] Thread (CPUThread)[0x0094a04c]]: sys_lwmutex warning: *** lwmutex created [] (attribute=0x22): sq_id = 173
[W : PPU[1] Thread (CPUThread)[0x004759e0]]: sys_event_flag warning: sys_event_flag_create(eflag_id_addr=0x3380d578, attr_addr=0xd0010820, init=0x0)
[W : PPU[1] Thread (CPUThread)[0x004759e0]]: sys_event_flag warning: *** event_flag created [] (protocol=0x2, type=0x20000): id = 174
[W : PPU[1] Thread (CPUThread)[0x00475a14]]: sys_event_flag warning: sys_event_flag_create(eflag_id_addr=0x3380d57c, attr_addr=0xd0010820, init=0x0)
[W : PPU[1] Thread (CPUThread)[0x00475a14]]: sys_event_flag warning: *** event_flag created [] (protocol=0x2, type=0x10000): id = 175
[W : PPU[1] Thread (CPUThread)[0x0094a04c]]: sys_lwmutex warning: *** lwmutex created [] (attribute=0x22): sq_id = 176
[W : PPU[1] Thread (CPUThread)[0x0094a04c]]: sys_lwmutex warning: *** lwmutex created [] (attribute=0x22): sq_id = 177
[W : PPU[1] Thread (CPUThread)[0x004759e0]]: sys_event_flag warning: sys_event_flag_create(eflag_id_addr=0x3380da60, attr_addr=0xd0010820, init=0x0)
[W : PPU[1] Thread (CPUThread)[0x004759e0]]: sys_event_flag warning: *** event_flag created [] (protocol=0x2, type=0x20000): id = 178
[W : PPU[1] Thread (CPUThread)[0x00475a14]]: sys_event_flag warning: sys_event_flag_create(eflag_id_addr=0x3380da64, attr_addr=0xd0010820, init=0x0)
[W : PPU[1] Thread (CPUThread)[0x00475a14]]: sys_event_flag warning: *** event_flag created [] (protocol=0x2, type=0x10000): id = 179
[W : PPU[1] Thread (CPUThread)[0x0094a04c]]: sys_lwmutex warning: *** lwmutex created [] (attribute=0x22): sq_id = 180
[W : PPU[1] Thread (CPUThread)[0x0094a04c]]: sys_lwmutex warning: *** lwmutex created [] (attribute=0x22): sq_id = 181
[W : PPU[1] Thread (CPUThread)[0x004759e0]]: sys_event_flag warning: sys_event_flag_create(eflag_id_addr=0x3380df48, attr_addr=0xd0010820, init=0x0)
[W : PPU[1] Thread (CPUThread)[0x004759e0]]: sys_event_flag warning: *** event_flag created [] (protocol=0x2, type=0x20000): id = 182
[W : PPU[1] Thread (CPUThread)[0x00475a14]]: sys_event_flag warning: sys_event_flag_create(eflag_id_addr=0x3380df4c, attr_addr=0xd0010820, init=0x0)
[W : PPU[1] Thread (CPUThread)[0x00475a14]]: sys_event_flag warning: *** event_flag created [] (protocol=0x2, type=0x10000): id = 183
[W : PPU[1] Thread (CPUThread)[0x0094a04c]]: sys_lwmutex warning: *** lwmutex created [] (attribute=0x22): sq_id = 184
[W : PPU[1] Thread (CPUThread)[0x0094a04c]]: sys_lwmutex warning: *** lwmutex created [] (attribute=0x22): sq_id = 185
[W : PPU[1] Thread (CPUThread)[0x004759e0]]: sys_event_flag warning: sys_event_flag_create(eflag_id_addr=0x3380e430, attr_addr=0xd0010820, init=0x0)
[W : PPU[1] Thread (CPUThread)[0x004759e0]]: sys_event_flag warning: *** event_flag created [] (protocol=0x2, type=0x20000): id = 186
[W : PPU[1] Thread (CPUThread)[0x00475a14]]: sys_event_flag warning: sys_event_flag_create(eflag_id_addr=0x3380e434, attr_addr=0xd0010820, init=0x0)
[W : PPU[1] Thread (CPUThread)[0x00475a14]]: sys_event_flag warning: *** event_flag created [] (protocol=0x2, type=0x10000): id = 187
[W : PPU[1] Thread (CPUThread)[0x0094a04c]]: sys_lwmutex warning: *** lwmutex created [] (attribute=0x22): sq_id = 188
[W : PPU[1] Thread (CPUThread)[0x0094a04c]]: sys_lwmutex warning: *** lwmutex created [] (attribute=0x22): sq_id = 189
[W : PPU[1] Thread (CPUThread)[0x004759e0]]: sys_event_flag warning: sys_event_flag_create(eflag_id_addr=0x3380e918, attr_addr=0xd0010820, init=0x0)
[W : PPU[1] Thread (CPUThread)[0x004759e0]]: sys_event_flag warning: *** event_flag created [] (protocol=0x2, type=0x20000): id = 190
[W : PPU[1] Thread (CPUThread)[0x00475a14]]: sys_event_flag warning: sys_event_flag_create(eflag_id_addr=0x3380e91c, attr_addr=0xd0010820, init=0x0)
[W : PPU[1] Thread (CPUThread)[0x00475a14]]: sys_event_flag warning: *** event_flag created [] (protocol=0x2, type=0x10000): id = 191
[W : PPU[1] Thread (CPUThread)[0x0094a04c]]: sys_lwmutex warning: *** lwmutex created [] (attribute=0x22): sq_id = 192
[W : PPU[1] Thread (CPUThread)[0x0094a04c]]: sys_lwmutex warning: *** lwmutex created [] (attribute=0x22): sq_id = 193
[W : PPU[1] Thread (CPUThread)[0x004759e0]]: sys_event_flag warning: sys_event_flag_create(eflag_id_addr=0x3380ee00, attr_addr=0xd0010820, init=0x0)
[W : PPU[1] Thread (CPUThread)[0x004759e0]]: sys_event_flag warning: *** event_flag created [] (protocol=0x2, type=0x20000): id = 194
[W : PPU[1] Thread (CPUThread)[0x00475a14]]: sys_event_flag warning: sys_event_flag_create(eflag_id_addr=0x3380ee04, attr_addr=0xd0010820, init=0x0)
[W : PPU[1] Thread (CPUThread)[0x00475a14]]: sys_event_flag warning: *** event_flag created [] (protocol=0x2, type=0x10000): id = 195
[W : PPU[1] Thread (CPUThread)[0x0094a04c]]: sys_lwmutex warning: *** lwmutex created [] (attribute=0x22): sq_id = 196
[W : PPU[1] Thread (CPUThread)[0x0094a04c]]: sys_lwmutex warning: *** lwmutex created [] (attribute=0x22): sq_id = 197
[W : PPU[1] Thread (CPUThread)[0x004759e0]]: sys_event_flag warning: sys_event_flag_create(eflag_id_addr=0x3380f2e8, attr_addr=0xd0010820, init=0x0)
[W : PPU[1] Thread (CPUThread)[0x004759e0]]: sys_event_flag warning: *** event_flag created [] (protocol=0x2, type=0x20000): id = 198
[W : PPU[1] Thread (CPUThread)[0x00475a14]]: sys_event_flag warning: sys_event_flag_create(eflag_id_addr=0x3380f2ec, attr_addr=0xd0010820, init=0x0)
[W : PPU[1] Thread (CPUThread)[0x00475a14]]: sys_event_flag warning: *** event_flag created [] (protocol=0x2, type=0x10000): id = 199
[W : PPU[1] Thread (CPUThread)[0x0094a04c]]: sys_lwmutex warning: *** lwmutex created [] (attribute=0x22): sq_id = 200
[W : PPU[1] Thread (CPUThread)[0x0094a04c]]: sys_lwmutex warning: *** lwmutex created [] (attribute=0x22): sq_id = 201
[W : PPU[1] Thread (CPUThread)[0x004759e0]]: sys_event_flag warning: sys_event_flag_create(eflag_id_addr=0x3380f7d0, attr_addr=0xd0010820, init=0x0)
[W : PPU[1] Thread (CPUThread)[0x004759e0]]: sys_event_flag warning: *** event_flag created [] (protocol=0x2, type=0x20000): id = 202
[W : PPU[1] Thread (CPUThread)[0x00475a14]]: sys_event_flag warning: sys_event_flag_create(eflag_id_addr=0x3380f7d4, attr_addr=0xd0010820, init=0x0)
[W : PPU[1] Thread (CPUThread)[0x00475a14]]: sys_event_flag warning: *** event_flag created [] (protocol=0x2, type=0x10000): id = 203
[W : PPU[1] Thread (CPUThread)[0x0094a04c]]: sys_lwmutex warning: *** lwmutex created [] (attribute=0x22): sq_id = 204
[W : PPU[1] Thread (CPUThread)[0x0094a04c]]: sys_lwmutex warning: *** lwmutex created [] (attribute=0x22): sq_id = 205
[W : PPU[1] Thread (CPUThread)[0x004759e0]]: sys_event_flag warning: sys_event_flag_create(eflag_id_addr=0x3380fcb8, attr_addr=0xd0010820, init=0x0)
[W : PPU[1] Thread (CPUThread)[0x004759e0]]: sys_event_flag warning: *** event_flag created [] (protocol=0x2, type=0x20000): id = 206
[W : PPU[1] Thread (CPUThread)[0x00475a14]]: sys_event_flag warning: sys_event_flag_create(eflag_id_addr=0x3380fcbc, attr_addr=0xd0010820, init=0x0)
[W : PPU[1] Thread (CPUThread)[0x00475a14]]: sys_event_flag warning: *** event_flag created [] (protocol=0x2, type=0x10000): id = 207
[W : PPU[1] Thread (CPUThread)[0x0094a04c]]: sys_lwmutex warning: *** lwmutex created [] (attribute=0x22): sq_id = 208
[W : PPU[1] Thread (CPUThread)[0x0094a04c]]: sys_lwmutex warning: *** lwmutex created [] (attribute=0x22): sq_id = 209
[W : PPU[1] Thread (CPUThread)[0x004759e0]]: sys_event_flag warning: sys_event_flag_create(eflag_id_addr=0x338101a0, attr_addr=0xd0010820, init=0x0)
[W : PPU[1] Thread (CPUThread)[0x004759e0]]: sys_event_flag warning: *** event_flag created [] (protocol=0x2, type=0x20000): id = 210
[W : PPU[1] Thread (CPUThread)[0x00475a14]]: sys_event_flag warning: sys_event_flag_create(eflag_id_addr=0x338101a4, attr_addr=0xd0010820, init=0x0)
[W : PPU[1] Thread (CPUThread)[0x00475a14]]: sys_event_flag warning: *** event_flag created [] (protocol=0x2, type=0x10000): id = 211
[W : PPU[1] Thread (CPUThread)[0x0094a04c]]: sys_lwmutex warning: *** lwmutex created [] (attribute=0x22): sq_id = 212
[W : PPU[1] Thread (CPUThread)[0x0094a04c]]: sys_lwmutex warning: *** lwmutex created [] (attribute=0x22): sq_id = 213
[W : PPU[1] Thread (CPUThread)[0x004759e0]]: sys_event_flag warning: sys_event_flag_create(eflag_id_addr=0x33810688, attr_addr=0xd0010820, init=0x0)
[W : PPU[1] Thread (CPUThread)[0x004759e0]]: sys_event_flag warning: *** event_flag created [] (protocol=0x2, type=0x20000): id = 214
[W : PPU[1] Thread (CPUThread)[0x00475a14]]: sys_event_flag warning: sys_event_flag_create(eflag_id_addr=0x3381068c, attr_addr=0xd0010820, init=0x0)
[W : PPU[1] Thread (CPUThread)[0x00475a14]]: sys_event_flag warning: *** event_flag created [] (protocol=0x2, type=0x10000): id = 215
[W : PPU[1] Thread (CPUThread)[0x0094a04c]]: sys_lwmutex warning: *** lwmutex created [] (attribute=0x22): sq_id = 216
[W : PPU[1] Thread (CPUThread)[0x0094a04c]]: sys_lwmutex warning: *** lwmutex created [] (attribute=0x22): sq_id = 217
[W : PPU[1] Thread (CPUThread)[0x004759e0]]: sys_event_flag warning: sys_event_flag_create(eflag_id_addr=0x33810b70, attr_addr=0xd0010820, init=0x0)
[W : PPU[1] Thread (CPUThread)[0x004759e0]]: sys_event_flag warning: *** event_flag created [] (protocol=0x2, type=0x20000): id = 218
[W : PPU[1] Thread (CPUThread)[0x00475a14]]: sys_event_flag warning: sys_event_flag_create(eflag_id_addr=0x33810b74, attr_addr=0xd0010820, init=0x0)
[W : PPU[1] Thread (CPUThread)[0x00475a14]]: sys_event_flag warning: *** event_flag created [] (protocol=0x2, type=0x10000): id = 219
[W : PPU[1] Thread (CPUThread)[0x0094a04c]]: sys_lwmutex warning: *** lwmutex created [] (attribute=0x22): sq_id = 220
[W : PPU[1] Thread (CPUThread)[0x0094a04c]]: sys_lwmutex warning: *** lwmutex created [] (attribute=0x22): sq_id = 221
[W : PPU[1] Thread (CPUThread)[0x004759e0]]: sys_event_flag warning: sys_event_flag_create(eflag_id_addr=0x33811058, attr_addr=0xd0010820, init=0x0)
[W : PPU[1] Thread (CPUThread)[0x004759e0]]: sys_event_flag warning: *** event_flag created [] (protocol=0x2, type=0x20000): id = 222
[W : PPU[1] Thread (CPUThread)[0x00475a14]]: sys_event_flag warning: sys_event_flag_create(eflag_id_addr=0x3381105c, attr_addr=0xd0010820, init=0x0)
[W : PPU[1] Thread (CPUThread)[0x00475a14]]: sys_event_flag warning: *** event_flag created [] (protocol=0x2, type=0x10000): id = 223
[W : PPU[1] Thread (CPUThread)[0x0094a04c]]: sys_lwmutex warning: *** lwmutex created [] (attribute=0x22): sq_id = 224
[W : PPU[1] Thread (CPUThread)[0x0094a04c]]: sys_lwmutex warning: *** lwmutex created [] (attribute=0x22): sq_id = 225
[W : PPU[1] Thread (CPUThread)[0x004759e0]]: sys_event_flag warning: sys_event_flag_create(eflag_id_addr=0x33811540, attr_addr=0xd0010820, init=0x0)
[W : PPU[1] Thread (CPUThread)[0x004759e0]]: sys_event_flag warning: *** event_flag created [] (protocol=0x2, type=0x20000): id = 226
[W : PPU[1] Thread (CPUThread)[0x00475a14]]: sys_event_flag warning: sys_event_flag_create(eflag_id_addr=0x33811544, attr_addr=0xd0010820, init=0x0)
[W : PPU[1] Thread (CPUThread)[0x00475a14]]: sys_event_flag warning: *** event_flag created [] (protocol=0x2, type=0x10000): id = 227
[W : PPU[1] Thread (CPUThread)[0x0094a04c]]: sys_lwmutex warning: *** lwmutex created [] (attribute=0x22): sq_id = 228
[W : PPU[1] Thread (CPUThread)[0x0094a04c]]: sys_lwmutex warning: *** lwmutex created [] (attribute=0x22): sq_id = 229
[W : PPU[1] Thread (CPUThread)[0x004759e0]]: sys_event_flag warning: sys_event_flag_create(eflag_id_addr=0x33811a28, attr_addr=0xd0010820, init=0x0)
[W : PPU[1] Thread (CPUThread)[0x004759e0]]: sys_event_flag warning: *** event_flag created [] (protocol=0x2, type=0x20000): id = 230
[W : PPU[1] Thread (CPUThread)[0x00475a14]]: sys_event_flag warning: sys_event_flag_create(eflag_id_addr=0x33811a2c, attr_addr=0xd0010820, init=0x0)
[W : PPU[1] Thread (CPUThread)[0x00475a14]]: sys_event_flag warning: *** event_flag created [] (protocol=0x2, type=0x10000): id = 231
[W : PPU[1] Thread (CPUThread)[0x0094a04c]]: sys_lwmutex warning: *** lwmutex created [] (attribute=0x22): sq_id = 232
[W : PPU[1] Thread (CPUThread)[0x0094a04c]]: sys_lwmutex warning: *** lwmutex created [] (attribute=0x22): sq_id = 233
[W : PPU[1] Thread (CPUThread)[0x004759e0]]: sys_event_flag warning: sys_event_flag_create(eflag_id_addr=0x33811f10, attr_addr=0xd0010820, init=0x0)
[W : PPU[1] Thread (CPUThread)[0x004759e0]]: sys_event_flag warning: *** event_flag created [] (protocol=0x2, type=0x20000): id = 234
[W : PPU[1] Thread (CPUThread)[0x00475a14]]: sys_event_flag warning: sys_event_flag_create(eflag_id_addr=0x33811f14, attr_addr=0xd0010820, init=0x0)
[W : PPU[1] Thread (CPUThread)[0x00475a14]]: sys_event_flag warning: *** event_flag created [] (protocol=0x2, type=0x10000): id = 235
[W : PPU[1] Thread (CPUThread)[0x0094a04c]]: sys_lwmutex warning: *** lwmutex created [] (attribute=0x22): sq_id = 236
[W : PPU[1] Thread (CPUThread)[0x0094a04c]]: sys_lwmutex warning: *** lwmutex created [] (attribute=0x22): sq_id = 237
[W : PPU[1] Thread (CPUThread)[0x004759e0]]: sys_event_flag warning: sys_event_flag_create(eflag_id_addr=0x338123f8, attr_addr=0xd0010820, init=0x0)
[W : PPU[1] Thread (CPUThread)[0x004759e0]]: sys_event_flag warning: *** event_flag created [] (protocol=0x2, type=0x20000): id = 238
[W : PPU[1] Thread (CPUThread)[0x00475a14]]: sys_event_flag warning: sys_event_flag_create(eflag_id_addr=0x338123fc, attr_addr=0xd0010820, init=0x0)
[W : PPU[1] Thread (CPUThread)[0x00475a14]]: sys_event_flag warning: *** event_flag created [] (protocol=0x2, type=0x10000): id = 239
[W : PPU[1] Thread (CPUThread)[0x0094a04c]]: sys_lwmutex warning: *** lwmutex created [] (attribute=0x22): sq_id = 240
[W : PPU[1] Thread (CPUThread)[0x0094a04c]]: sys_lwmutex warning: *** lwmutex created [] (attribute=0x22): sq_id = 241
[W : PPU[1] Thread (CPUThread)[0x004759e0]]: sys_event_flag warning: sys_event_flag_create(eflag_id_addr=0x338128e0, attr_addr=0xd0010820, init=0x0)
[W : PPU[1] Thread (CPUThread)[0x004759e0]]: sys_event_flag warning: *** event_flag created [] (protocol=0x2, type=0x20000): id = 242
[W : PPU[1] Thread (CPUThread)[0x00475a14]]: sys_event_flag warning: sys_event_flag_create(eflag_id_addr=0x338128e4, attr_addr=0xd0010820, init=0x0)
[W : PPU[1] Thread (CPUThread)[0x00475a14]]: sys_event_flag warning: *** event_flag created [] (protocol=0x2, type=0x10000): id = 243
[W : PPU[1] Thread (CPUThread)[0x0094a04c]]: sys_lwmutex warning: *** lwmutex created [] (attribute=0x22): sq_id = 244
[W : PPU[1] Thread (CPUThread)[0x0094a04c]]: sys_lwmutex warning: *** lwmutex created [] (attribute=0x22): sq_id = 245
[W : PPU[1] Thread (CPUThread)[0x004759e0]]: sys_event_flag warning: sys_event_flag_create(eflag_id_addr=0x33812dc8, attr_addr=0xd0010820, init=0x0)
[W : PPU[1] Thread (CPUThread)[0x004759e0]]: sys_event_flag warning: *** event_flag created [] (protocol=0x2, type=0x20000): id = 246
[W : PPU[1] Thread (CPUThread)[0x00475a14]]: sys_event_flag warning: sys_event_flag_create(eflag_id_addr=0x33812dcc, attr_addr=0xd0010820, init=0x0)
[W : PPU[1] Thread (CPUThread)[0x00475a14]]: sys_event_flag warning: *** event_flag created [] (protocol=0x2, type=0x10000): id = 247
[W : PPU[1] Thread (CPUThread)[0x0094a04c]]: sys_lwmutex warning: *** lwmutex created [] (attribute=0x22): sq_id = 248
[W : PPU[1] Thread (CPUThread)[0x0094a04c]]: sys_lwmutex warning: *** lwmutex created [] (attribute=0x22): sq_id = 249
[W : PPU[1] Thread (CPUThread)[0x004759e0]]: sys_event_flag warning: sys_event_flag_create(eflag_id_addr=0x338132b0, attr_addr=0xd0010820, init=0x0)
[W : PPU[1] Thread (CPUThread)[0x004759e0]]: sys_event_flag warning: *** event_flag created [] (protocol=0x2, type=0x20000): id = 250
[W : PPU[1] Thread (CPUThread)[0x00475a14]]: sys_event_flag warning: sys_event_flag_create(eflag_id_addr=0x338132b4, attr_addr=0xd0010820, init=0x0)
[W : PPU[1] Thread (CPUThread)[0x00475a14]]: sys_event_flag warning: *** event_flag created [] (protocol=0x2, type=0x10000): id = 251
[W : PPU[1] Thread (CPUThread)[0x0094a04c]]: sys_lwmutex warning: *** lwmutex created [] (attribute=0x22): sq_id = 252
[W : PPU[1] Thread (CPUThread)[0x0094a04c]]: sys_lwmutex warning: *** lwmutex created [] (attribute=0x22): sq_id = 253
[W : PPU[1] Thread (CPUThread)[0x004759e0]]: sys_event_flag warning: sys_event_flag_create(eflag_id_addr=0x33813798, attr_addr=0xd0010820, init=0x0)
[W : PPU[1] Thread (CPUThread)[0x004759e0]]: sys_event_flag warning: *** event_flag created [] (protocol=0x2, type=0x20000): id = 254
[W : PPU[1] Thread (CPUThread)[0x00475a14]]: sys_event_flag warning: sys_event_flag_create(eflag_id_addr=0x3381379c, attr_addr=0xd0010820, init=0x0)
[W : PPU[1] Thread (CPUThread)[0x00475a14]]: sys_event_flag warning: *** event_flag created [] (protocol=0x2, type=0x10000): id = 255
[W : PPU[1] Thread (CPUThread)[0x0094a04c]]: sys_lwmutex warning: *** lwmutex created [] (attribute=0x22): sq_id = 256
[W : PPU[1] Thread (CPUThread)[0x0094a04c]]: sys_lwmutex warning: *** lwmutex created [] (attribute=0x22): sq_id = 257
[W : PPU[1] Thread (CPUThread)[0x004759e0]]: sys_event_flag warning: sys_event_flag_create(eflag_id_addr=0x33813c80, attr_addr=0xd0010820, init=0x0)
[W : PPU[1] Thread (CPUThread)[0x004759e0]]: sys_event_flag warning: *** event_flag created [] (protocol=0x2, type=0x20000): id = 258
[W : PPU[1] Thread (CPUThread)[0x00475a14]]: sys_event_flag warning: sys_event_flag_create(eflag_id_addr=0x33813c84, attr_addr=0xd0010820, init=0x0)
[W : PPU[1] Thread (CPUThread)[0x00475a14]]: sys_event_flag warning: *** event_flag created [] (protocol=0x2, type=0x10000): id = 259
[W : PPU[1] Thread (CPUThread)[0x0094a04c]]: sys_lwmutex warning: *** lwmutex created [] (attribute=0x22): sq_id = 260
[W : PPU[1] Thread (CPUThread)[0x0094a04c]]: sys_lwmutex warning: *** lwmutex created [] (attribute=0x22): sq_id = 261
[W : PPU[1] Thread (CPUThread)[0x004759e0]]: sys_event_flag warning: sys_event_flag_create(eflag_id_addr=0x33814168, attr_addr=0xd0010820, init=0x0)
[W : PPU[1] Thread (CPUThread)[0x004759e0]]: sys_event_flag warning: *** event_flag created [] (protocol=0x2, type=0x20000): id = 262
[W : PPU[1] Thread (CPUThread)[0x00475a14]]: sys_event_flag warning: sys_event_flag_create(eflag_id_addr=0x3381416c, attr_addr=0xd0010820, init=0x0)
[W : PPU[1] Thread (CPUThread)[0x00475a14]]: sys_event_flag warning: *** event_flag created [] (protocol=0x2, type=0x10000): id = 263
[W : PPU[1] Thread (CPUThread)[0x0094a04c]]: sys_lwmutex warning: *** lwmutex created [] (attribute=0x22): sq_id = 264
[W : PPU[1] Thread (CPUThread)[0x0094a04c]]: sys_lwmutex warning: *** lwmutex created [] (attribute=0x22): sq_id = 265
[W : PPU[1] Thread (CPUThread)[0x004759e0]]: sys_event_flag warning: sys_event_flag_create(eflag_id_addr=0x33814650, attr_addr=0xd0010820, init=0x0)
[W : PPU[1] Thread (CPUThread)[0x004759e0]]: sys_event_flag warning: *** event_flag created [] (protocol=0x2, type=0x20000): id = 266
[W : PPU[1] Thread (CPUThread)[0x00475a14]]: sys_event_flag warning: sys_event_flag_create(eflag_id_addr=0x33814654, attr_addr=0xd0010820, init=0x0)
[W : PPU[1] Thread (CPUThread)[0x00475a14]]: sys_event_flag warning: *** event_flag created [] (protocol=0x2, type=0x10000): id = 267
[W : PPU[1] Thread (CPUThread)[0x0094a04c]]: sys_lwmutex warning: *** lwmutex created [] (attribute=0x22): sq_id = 268
[W : PPU[1] Thread (CPUThread)[0x0094a04c]]: sys_lwmutex warning: *** lwmutex created [] (attribute=0x22): sq_id = 269
[W : PPU[1] Thread (CPUThread)[0x004759e0]]: sys_event_flag warning: sys_event_flag_create(eflag_id_addr=0x33814b38, attr_addr=0xd0010820, init=0x0)
[W : PPU[1] Thread (CPUThread)[0x004759e0]]: sys_event_flag warning: *** event_flag created [] (protocol=0x2, type=0x20000): id = 270
[W : PPU[1] Thread (CPUThread)[0x00475a14]]: sys_event_flag warning: sys_event_flag_create(eflag_id_addr=0x33814b3c, attr_addr=0xd0010820, init=0x0)
[W : PPU[1] Thread (CPUThread)[0x00475a14]]: sys_event_flag warning: *** event_flag created [] (protocol=0x2, type=0x10000): id = 271
[W : PPU[1] Thread (CPUThread)[0x0094a04c]]: sys_lwmutex warning: *** lwmutex created [] (attribute=0x22): sq_id = 272
[W : PPU[1] Thread (CPUThread)[0x0094a04c]]: sys_lwmutex warning: *** lwmutex created [] (attribute=0x22): sq_id = 273
[W : PPU[1] Thread (CPUThread)[0x0094a04c]]: sys_lwmutex warning: *** lwmutex created [] (attribute=0x22): sq_id = 274
[W : PPU[1] Thread (CPUThread)[0x0094a04c]]: sys_lwmutex warning: *** lwmutex created [] (attribute=0x22): sq_id = 275
[W : PPU[1] Thread (CPUThread)[0x00475ea8]]: sys_event_flag warning: sys_event_flag_create(eflag_id_addr=0x33817058, attr_addr=0xd0010820, init=0x0)
[W : PPU[1] Thread (CPUThread)[0x00475ea8]]: sys_event_flag warning: *** event_flag created [] (protocol=0x2, type=0x10000): id = 276
[W : PPU[1] Thread (CPUThread)[0x0094a04c]]: sys_lwmutex warning: *** lwmutex created [] (attribute=0x22): sq_id = 277
[! : PPU[1] Thread (CPUThread)[0x0094a028]]: *** New PPU Thread [KsgFsThread_Host] (): id = 278
[W : PPU[278] Thread (KsgFsThread_Host)[0x0047b448]]: sys_event_flag warning: sys_event_flag_wait(eflag_id=276, bitptn=0x3, mode=0x12, result_addr=0xd0020d10, timeout=0)
[W : PPU[1] Thread (CPUThread)[0x0094a04c]]: sys_lwmutex warning: *** lwmutex created [] (attribute=0x22): sq_id = 279
[W : PPU[1] Thread (CPUThread)[0x004761c8]]: sys_event_flag warning: sys_event_flag_create(eflag_id_addr=0x33817a28, attr_addr=0xd0010820, init=0x0)
[W : PPU[1] Thread (CPUThread)[0x004761c8]]: sys_event_flag warning: *** event_flag created [] (protocol=0x2, type=0x10000): id = 280
[W : PPU[1] Thread (CPUThread)[0x0094a04c]]: sys_lwmutex warning: *** lwmutex created [] (attribute=0x22): sq_id = 281
[! : PPU[1] Thread (CPUThread)[0x0094a028]]: *** New PPU Thread [KsgFsThread_Bdvd] (): id = 282
[W : PPU[1] Thread (CPUThread)[0x0094a04c]]: sys_lwmutex warning: *** lwmutex created [] (attribute=0x22): sq_id = 283
[W : PPU[282] Thread (KsgFsThread_Bdvd)[0x0047b448]]: sys_event_flag warning: sys_event_flag_wait(eflag_id=280, bitptn=0x3, mode=0x12, result_addr=0xd0030d10, timeout=0)
[W : PPU[1] Thread (CPUThread)[0x004760bc]]: sys_event_flag warning: sys_event_flag_create(eflag_id_addr=0x338183f8, attr_addr=0xd0010820, init=0x0)
[W : PPU[1] Thread (CPUThread)[0x004760bc]]: sys_event_flag warning: *** event_flag created [] (protocol=0x2, type=0x10000): id = 284
[W : PPU[1] Thread (CPUThread)[0x0094a04c]]: sys_lwmutex warning: *** lwmutex created [] (attribute=0x22): sq_id = 285
[! : PPU[1] Thread (CPUThread)[0x0094a028]]: *** New PPU Thread [KsgFsThread_Hdd] (): id = 286
[W : PPU[286] Thread (KsgFsThread_Hdd)[0x0047b448]]: sys_event_flag warning: sys_event_flag_wait(eflag_id=284, bitptn=0x3, mode=0x12, result_addr=0xd0040d10, timeout=0)
[W : PPU[1] Thread (CPUThread)[0x0094a04c]]: sys_lwmutex warning: *** lwmutex created [] (attribute=0x22): sq_id = 287
[W : PPU[1] Thread (CPUThread)[0x004762d4]]: sys_event_flag warning: sys_event_flag_create(eflag_id_addr=0x33818dc8, attr_addr=0xd0010820, init=0x0)
[W : PPU[1] Thread (CPUThread)[0x004762d4]]: sys_event_flag warning: *** event_flag created [] (protocol=0x2, type=0x10000): id = 288
[W : PPU[1] Thread (CPUThread)[0x0094a04c]]: sys_lwmutex warning: *** lwmutex created [] (attribute=0x22): sq_id = 289
[! : PPU[1] Thread (CPUThread)[0x0094a028]]: *** New PPU Thread [KsgFsThread_Ms] (): id = 290
[W : PPU[290] Thread (KsgFsThread_Ms)[0x0047b448]]: sys_event_flag warning: sys_event_flag_wait(eflag_id=288, bitptn=0x3, mode=0x12, result_addr=0xd0050d10, timeout=0)
[W : PPU[1] Thread (CPUThread)[0x0094a04c]]: sys_lwmutex warning: *** lwmutex created [] (attribute=0x22): sq_id = 291
[W : PPU[1] Thread (CPUThread)[0x00475b88]]: sys_event_flag warning: sys_event_flag_create(eflag_id_addr=0x33819798, attr_addr=0xd0010820, init=0x0)
[W : PPU[1] Thread (CPUThread)[0x00475b88]]: sys_event_flag warning: *** event_flag created [] (protocol=0x2, type=0x10000): id = 292
[W : PPU[1] Thread (CPUThread)[0x0094a04c]]: sys_lwmutex warning: *** lwmutex created [] (attribute=0x22): sq_id = 293
[! : PPU[1] Thread (CPUThread)[0x0094a028]]: *** New PPU Thread [KsgFsThread_Usb] (): id = 294
[W : PPU[294] Thread (KsgFsThread_Usb)[0x0047b448]]: sys_event_flag warning: sys_event_flag_wait(eflag_id=292, bitptn=0x3, mode=0x12, result_addr=0xd0060d10, timeout=0)
[W : PPU[1] Thread (CPUThread)[0x0094a04c]]: sys_lwmutex warning: *** lwmutex created [] (attribute=0x12): sq_id = 295
[W : PPU[1] Thread (CPUThread)[0x0081f0dc]]: cellGcmSys warning: cellGcmInit(context_addr=0x8f3230,cmdSize=0x10000,ioSize=0x3600000,ioAddress=0x30200000)
[W : PPU[1] Thread (CPUThread)[0x0081f0dc]]: cellGcmSys warning: *** local memory(addr=0xc0000000, size=0xf900000)
[W : PPU[1] Thread (CPUThread)[0x0081f0dc]]: cellGcmSys warning: cellGcmMapEaIoAddress(ea=0x30200000, io=0x0, size=0x3600000)
[! : RSXThread]: RSX thread entry
[E : PPU[1] Thread (CPUThread)[0x009460dc]]: TODO: cellSpursCreateTaskset
[E : PPU[1] Thread (CPUThread)[0x0094607c]]: TODO: _cellSpursLFQueueInitialize
[E : PPU[1] Thread (CPUThread)[0x0094607c]]: TODO: _cellSpursLFQueueInitialize
[E : PPU[1] Thread (CPUThread)[0x0094607c]]: TODO: _cellSpursLFQueueInitialize
[E : PPU[1] Thread (CPUThread)[0x0094607c]]: TODO: _cellSpursLFQueueInitialize
[E : PPU[1] Thread (CPUThread)[0x0094607c]]: TODO: _cellSpursLFQueueInitialize
[E : PPU[1] Thread (CPUThread)[0x00946130]]: TODO: cellSpursCreateTask
[E : PPU[1] Thread (CPUThread)[0x00946028]]: TODO: _cellSpursLFQueuePushBody
[! : RSXThread]: RSX thread exit...
[W : PPU[294] Thread (KsgFsThread_Usb)[0x0047b448]]: sys_event_flag_wait(id=292) aborted
[W : PPU[278] Thread (KsgFsThread_Host)[0x0047b448]]: sys_event_flag_wait(id=276) aborted
[W : PPU[286] Thread (KsgFsThread_Hdd)[0x0047b448]]: sys_event_flag_wait(id=284) aborted
[W : PPU[290] Thread (KsgFsThread_Ms)[0x0047b448]]: sys_event_flag_wait(id=288) aborted
[W : PPU[282] Thread (KsgFsThread_Bdvd)[0x0047b448]]: sys_event_flag_wait(id=280) aborted
[!]: Closing memory...
