[!]: path: /dev_hdd0/game/
[!]: Loading 'D:\Emulateurs\Rpcs3\dev_hdd0\game\BLES00945-[Naughty Bear]/PS3_GAME/USRDIR/BOOT.BIN'...
[!]: Mount info:
[!]: /dev_hdd0/ -> D:\Emulateurs\Rpcs3\dev_hdd0\
[!]: /dev_hdd1/ -> D:\Emulateurs\Rpcs3\dev_hdd1\
[!]: /dev_flash/ -> D:\Emulateurs\Rpcs3\dev_flash\
[!]: /dev_usb000/ -> D:\Emulateurs\Rpcs3\dev_usb000\
[!]: /dev_usb/ -> D:\Emulateurs\Rpcs3\dev_usb000\
[!]: /app_home/ -> D:\Emulateurs\Rpcs3\dev_hdd0\game\BLES00945-[Naughty Bear]/PS3_GAME/\USRDIR\
[!]: /dev_bdvd/ -> D:\Emulateurs\Rpcs3\dev_hdd0\game\BLES00945-[Naughty Bear]/PS3_GAME/\..\
[!]: /host_root/ -> 
[!]: ///resource/ -> D:\Emulateurs\Rpcs3\dev_hdd0\game\BLES00945-[Naughty Bear]/PS3_GAME/\USRDIR\resource\
[!]: /app_home/Game/PS3_GAME/USRDIR/ -> D:\Emulateurs\Rpcs3\dev_hdd0\game\BLES00945-[Naughty Bear]/PS3_GAME/\USRDIR\
[!]: /app_home/PS3_GAME/USRDIR/media/ -> D:\Emulateurs\Rpcs3\dev_hdd0\game\BLES00945-[Naughty Bear]/PS3_GAME/\USRDIR\media\
[!]: /Data/ -> D:\Emulateurs\Rpcs3\dev_hdd0\game\BLES00945-[Naughty Bear]/PS3_GAME/\USRDIR\Data\
[!]: / -> D:\Emulateurs\Rpcs3\dev_hdd0\game\BLES00945-[Naughty Bear]/PS3_GAME/\USRDIR\
[!]: /USRDIR/PS3_GAME/USRDIR/Data/ -> D:\Emulateurs\Rpcs3\dev_hdd0\game\BLES00945-[Naughty Bear]/PS3_GAME/\USRDIR\Data\
[!]: /app_home//dev_bdvd/PS3_GAME/USRDIR/data/gos/ -> D:\Emulateurs\Rpcs3\dev_hdd0\game\BLES00945-[Naughty Bear]/PS3_GAME/\USRDIR\
[!]: BD/ -> D:\Emulateurs\Rpcs3\dev_hdd0\game\BLES00945-[Naughty Bear]/PS3_GAME/\USRDIR\
[!]: //dev_bdvd/PS3_GAME/USRDIR/ -> D:\Emulateurs\Rpcs3\dev_hdd0\game\BLES00945-[Naughty Bear]/PS3_GAME/\USRDIR\
[!]: Initing memory...
[!]: Memory initialized.
[W]: Unknown function 0x172c3197 in 'cellGcmSys' module
[E]: TODO: cellGcmSetDefaultCommandBufferAndSegmentWordSize
[W]: Unknown function 0x23ae55a3 in 'cellGcmSys' module
[E]: TODO: cellGcmGetLastSecondVTime
[W]: Unknown function 0x25b40ab4 in 'cellGcmSys' module
[E]: TODO: cellGcmSortRemapEaIoAddress
[W]: Unknown function 0x371674cf in 'cellGcmSys' module
[E]: TODO: cellGcmGetDisplayBufferByFlipIndex
[W]: Unknown function 0x63387071 in 'cellGcmSys' module
[E]: TODO: cellGcmGetLastFlipTime
[W]: Unknown function 0x723bbc7e in 'cellGcmSys' module
[E]: TODO: cellGcmGetVBlankCount
[W]: Unknown function 0x99d397ac in 'cellGcmSys' module
[E]: TODO: cellGcmGetReport
[W]: Unknown function 0x9a0159af in 'cellGcmSys' module
[E]: TODO: cellGcmGetReportDataAddress
[W]: Unknown function 0xa6b180ac in 'cellGcmSys' module
[E]: TODO: cellGcmGetReportDataLocation
[W]: Unknown function 0xacee8542 in 'cellGcmSys' module
[E]: TODO: cellGcmSetFlipImmediate
[W]: Unknown function 0xbd6d60d9 in 'cellGcmSys' module
[E]: TODO: cellGcmSetInvalidateTile
[W]: Unknown function 0xc8f3bd09 in 'cellGcmSys' module
[E]: TODO: cellGcmGetCurrentField
[W]: Unknown function 0xffe0160e in 'cellGcmSys' module
[E]: TODO: cellGcmSetVBlankFrequency
[W]: Unknown function 0x6d3bb15b in 'sys_fs' module
[E]: TODO: cellFsSdataOpenByFd
[W]: Unknown function 0x967a162b in 'sys_fs' module
[E]: TODO: cellFsFsync
[W]: Unknown function 0xf7681b9a in 'cellL10n' module
[E]: TODO: UTF8stoUTF16s
[W]: Unknown function 0x28e208bb in 'sys_net' module
[E]: TODO: listen
[W]: Unknown function 0x3f09e20a in 'sys_net' module
[E]: TODO: socketselect
[W]: Unknown function 0x71f4c717 in 'sys_net' module
[E]: TODO: gethostbyname
[W]: Unknown function 0x858a930b in 'sys_net' module
[E]: TODO: inet_ntoa
[W]: Unknown function 0xdabbc2c0 in 'sys_net' module
[E]: TODO: inet_addr
[W]: Unknown function 0x051ee3ee in 'sys_net' module
[E]: TODO: socketpoll
[W]: Unknown function 0xd3758645 in 'cellResc' module
[E]: TODO: cellRescSetVBlankHandler
[W]: Unknown function 0x167ea63e in 'cellSync' module
[E]: TODO: cellSyncLFQueueSize
[W]: Unknown function 0x21425307 in 'cellSysutil' module
[E]: TODO: cellSaveDataListAutoLoad
[W]: Unknown function 0x4dd03a4e in 'cellSysutil' module
[E]: TODO: cellSaveDataListAutoSave
[W]: Unknown function 0x62b0f803 in 'cellSysutil' module
[E]: TODO: cellMsgDialogAbort
[W]: Unknown function 0xa11552f6 in 'cellSysutil' module
[E]: TODO: cellSysutilGetBgmPlaybackStatus
[W]: Unknown function 0xac58ad2b in 'cellSysutil' module
[E]: TODO: cellSysutilEnableBgmPlaybackEx
[W]: Unknown function 0xe7fa820b in 'cellSysutil' module
[E]: TODO: cellSaveDataEnableOverlay
[W]: Unknown function 0xedadd797 in 'cellSysutil' module
[E]: TODO: cellSaveDataDelete2
[W]: Unknown function 0xfbd5c856 in 'cellSysutil' module
[E]: TODO: cellSaveDataAutoLoad2
[W]: Unknown module 'cellSysutilAvconfExt'
[W]: Unknown function 0x011ee38b in 'cellSpurs' module
[E]: TODO: _cellSpursLFQueueInitialize
[W]: Unknown function 0x16394a4e in 'cellSpurs' module
[E]: TODO: _cellSpursTasksetAttributeInitialize
[W]: Unknown function 0x1656d49f in 'cellSpurs' module
[E]: TODO: cellSpursLFQueueAttachLv2EventQueue
[W]: Unknown function 0x1d46fedf in 'cellSpurs' module
[E]: TODO: cellSpursCreateTaskWithAttribute
[W]: Unknown function 0x35dae22b in 'cellSpurs' module
[E]: TODO: _cellSpursLFQueuePopBody
[W]: Unknown function 0x4ac7bae4 in 'cellSpurs' module
[E]: TODO: cellSpursEventFlagClear
[W]: Unknown function 0x5ef96465 in 'cellSpurs' module
[E]: TODO: _cellSpursEventFlagInitialize
[W]: Unknown function 0x652b70e2 in 'cellSpurs' module
[E]: TODO: cellSpursTasksetAttributeSetName
[W]: Unknown function 0x7e4ea023 in 'cellSpurs' module
[E]: TODO: cellSpursWakeUp
[W]: Unknown function 0x8a85674d in 'cellSpurs' module
[E]: TODO: _cellSpursLFQueuePushBody
[W]: Unknown function 0xb8474eff in 'cellSpurs' module
[E]: TODO: _cellSpursTaskAttributeInitialize
[W]: Unknown function 0xc10931cb in 'cellSpurs' module
[E]: TODO: cellSpursCreateTasksetWithAttribute
[W]: Unknown function 0xf5507729 in 'cellSpurs' module
[E]: TODO: cellSpursEventFlagSet
[W]: Unknown function 0x73e06f91 in 'cellSpurs' module
[E]: TODO: cellSpursLFQueueDetachLv2EventQueue
[W]: Unknown module 'cellSysutilAvc2'
[W]: Unknown function 0x000e53cc in 'sceNp' module
[E]: TODO: sceNpManagerSubSignout
[W]: Unknown function 0x01fbbc9b in 'sceNp' module
[E]: TODO: sceNpBasicSendMessageGui
[W]: Unknown function 0x04372385 in 'sceNp' module
[E]: TODO: sceNpBasicGetFriendListEntry
[W]: Unknown function 0x1672170e in 'sceNp' module
[E]: TODO: sceNpScoreRecordScore
[W]: Unknown function 0x1a2704f7 in 'sceNp' module
[E]: TODO: sceNpScoreWaitAsync
[W]: Unknown function 0x21206642 in 'sceNp' module
[E]: TODO: sceNpScoreGetRankingByRangeAsync
[W]: Unknown function 0x259113b8 in 'sceNp' module
[E]: TODO: sceNpScoreDestroyTitleCtx
[W]: Unknown function 0x29dd45dc in 'sceNp' module
[E]: TODO: sceNpScoreSetTimeout
[W]: Unknown function 0x32c78a6a in 'sceNp' module
[E]: TODO: sceNpBasicGetFriendPresenceByIndex
[W]: Unknown function 0x32cf311f in 'sceNp' module
[E]: TODO: sceNpScoreInit
[W]: Unknown function 0x3db7914d in 'sceNp' module
[E]: TODO: sceNpScoreGetRankingByNpIdAsync
[W]: Unknown function 0x4026eac5 in 'sceNp' module
[E]: TODO: sceNpBasicRegisterContextSensitiveHandler
[W]: Unknown function 0x442381f7 in 'sceNp' module
[E]: TODO: sceNpManagerSubSignin
[W]: Unknown function 0x45f8f3aa in 'sceNp' module
[E]: TODO: sceNpCustomMenuRegisterActions
[W]: Unknown function 0x52a6b523 in 'sceNp' module
[E]: TODO: sceNpManagerUnregisterCallback
[W]: Unknown function 0x5de61626 in 'sceNp' module
[E]: TODO: sceNpLookupDestroyTitleCtx
[W]: Unknown function 0x5f2d9257 in 'sceNp' module
[E]: TODO: sceNpLookupInit
[W]: Unknown function 0x6356082e in 'sceNp' module
[E]: TODO: sceNpSignalingCreateCtx
[W]: Unknown function 0x64a704cc in 'sceNp' module
[E]: TODO: sceNpBasicRecvMessageAttachmentLoad
[W]: Unknown function 0x6ee62ed2 in 'sceNp' module
[E]: TODO: sceNpManagerGetContentRatingFlag
[W]: Unknown function 0x6f5e8143 in 'sceNp' module
[E]: TODO: sceNpScoreCreateTransactionCtx
[W]: Unknown function 0x73931bd0 in 'sceNp' module
[E]: TODO: sceNpBasicGetBlockListEntryCount
[W]: Unknown function 0x8440537c in 'sceNp' module
[E]: TODO: sceNpLookupTerm
[W]: Unknown function 0x9851f805 in 'sceNp' module
[E]: TODO: sceNpScoreTerm
[W]: Unknown function 0xa8cf8451 in 'sceNp' module
[E]: TODO: sceNpSignalingDestroyCtx
[W]: Unknown function 0xacb9ee8e in 'sceNp' module
[E]: TODO: sceNpBasicUnregisterHandler
[W]: Unknown function 0xafef640d in 'sceNp' module
[E]: TODO: sceNpBasicGetFriendListEntryCount
[W]: Unknown function 0xb9f93bbb in 'sceNp' module
[E]: TODO: sceNpScoreCreateTitleCtx
[W]: Unknown function 0xbcc09fe7 in 'sceNp' module
[E]: TODO: sceNpBasicRegisterHandler
[W]: Unknown function 0xc5f4cf82 in 'sceNp' module
[E]: TODO: sceNpScoreDestroyTransactionCtx
[W]: Unknown function 0xce81c7f0 in 'sceNp' module
[E]: TODO: sceNpLookupCreateTitleCtx
[W]: Unknown function 0xceeebc7a in 'sceNp' module
[E]: TODO: sceNpProfileCallGui
[W]: Unknown function 0xd208f91d in 'sceNp' module
[E]: TODO: sceNpUtilCmpNpId
[W]: Unknown function 0xe035f7d6 in 'sceNp' module
[E]: TODO: sceNpBasicGetEvent
[W]: Unknown function 0xe7dcd3b4 in 'sceNp' module
[E]: TODO: sceNpManagerRegisterCallback
[W]: Unknown function 0xeb7a3d84 in 'sceNp' module
[E]: TODO: sceNpManagerGetChatRestrictionFlag
[W]: Unknown function 0xee5b20d9 in 'sceNp' module
[E]: TODO: sceNpScoreAbortTransaction
[W]: Unknown function 0xf042b14f in 'sceNp' module
[E]: TODO: sceNpDrmIsAvailable2
[W]: Unknown function 0xf0a9182b in 'sceNp' module
[E]: TODO: sceNpFriendlist
[W]: Unknown function 0xf2b3338a in 'sceNp' module
[E]: TODO: sceNpBasicGetBlockListEntry
[W]: Unknown function 0xf42c0df8 in 'sceNp' module
[E]: TODO: sceNpManagerGetOnlineName
[W]: Unknown function 0xf4e0f607 in 'sceNp' module
[E]: TODO: sceNpScoreGetBoardInfo
[W]: Unknown function 0xfe37a7f4 in 'sceNp' module
[E]: TODO: sceNpManagerGetNpId
[W]: Unknown function 0x155de760 in 'sceNp' module
[E]: TODO: sceNpSignalingGetConnectionInfo
[W]: Unknown function 0x60897c38 in 'sceNp' module
[E]: TODO: sceNpSignalingActivateConnection
[W]: Unknown function 0x806960ab in 'sceNp' module
[E]: TODO: sceNpBasicRecvMessageCustom
[W]: Unknown function 0xca0a2d04 in 'sceNp' module
[E]: TODO: sceNpSignalingGetConnectionStatus
[W]: Unknown function 0xfd0eb5ae in 'sceNp' module
[E]: TODO: sceNpSignalingDeactivateConnection
[W]: Unknown function 0x01379fd7 in 'sceNp2' module
[E]: TODO: sceNpMatching2DestroyContext
[W]: Unknown function 0x05bf2fbd in 'sceNp2' module
[E]: TODO: sceNpMatching2GetWorldInfoList
[W]: Unknown function 0x0d22867f in 'sceNp2' module
[E]: TODO: sceNpMatching2SearchRoom
[W]: Unknown function 0x12d0b0f9 in 'sceNp2' module
[E]: TODO: sceNpMatching2ContextStart
[W]: Unknown function 0x1f372697 in 'sceNp2' module
[E]: TODO: sceNpMatching2LeaveRoom
[W]: Unknown function 0x215b0d75 in 'sceNp2' module
[E]: TODO: sceNpMatching2SetRoomDataExternal
[W]: Unknown function 0x3457c0db in 'sceNp2' module
[E]: TODO: sceNpMatching2GetServerInfo
[W]: Unknown function 0x3c00c9d4 in 'sceNp2' module
[E]: TODO: sceNpMatching2GetEventData
[W]: Unknown function 0x3f62c759 in 'sceNp2' module
[E]: TODO: sceNpMatching2Init
[W]: Unknown function 0x41251f74 in 'sceNp2' module
[E]: TODO: sceNp2Init
[W]: Unknown function 0x5721e711 in 'sceNp2' module
[E]: TODO: sceNpMatching2JoinRoom
[W]: Unknown function 0x58a04247 in 'sceNp2' module
[E]: TODO: sceNpMatching2GetRoomMemberDataInternalLocal
[W]: Unknown function 0x748029a2 in 'sceNp2' module
[E]: TODO: sceNpMatching2RegisterContextCallback
[W]: Unknown function 0x817d1090 in 'sceNp2' module
[E]: TODO: sceNpMatching2SetRoomDataInternal
[W]: Unknown function 0x8b209ca2 in 'sceNp2' module
[E]: TODO: sceNpMatching2GetRoomDataInternal
[W]: Unknown function 0x8e5cfe9f in 'sceNp2' module
[E]: TODO: sceNpMatching2GetServerIdListLocal
[W]: Unknown function 0x9cbce3f2 in 'sceNp2' module
[E]: TODO: sceNpMatching2CreateContext
[W]: Unknown function 0xdb87b088 in 'sceNp2' module
[E]: TODO: sceNpMatching2SetDefaultRequestOptParam
[W]: Unknown function 0xdcb6b27d in 'sceNp2' module
[E]: TODO: sceNpMatching2RegisterRoomEventCallback
[W]: Unknown function 0xe7a3bc7a in 'sceNp2' module
[E]: TODO: sceNpMatching2CreateJoinRoom
[W]: Unknown function 0xf43c647a in 'sceNp2' module
[E]: TODO: sceNpMatching2ContextStop
[W]: Unknown function 0x26090058 in 'sysPrxForUser' module
[E]: TODO: sys_prx_load_module
[W]: Unknown function 0x4a071d98 in 'sysPrxForUser' module
[E]: TODO: sys_interrupt_thread_disestablish
[W]: Unknown function 0xa330ad84 in 'sysPrxForUser' module
[E]: TODO: sys_prx_load_module_on_memcontainer_by_fd
[W]: Unknown function 0xaa6d9bff in 'sysPrxForUser' module
[E]: TODO: sys_prx_load_module_on_memcontainer
[W]: Unknown function 0xdd3b27ac in 'sysPrxForUser' module
[E]: TODO: _sys_spu_printf_finalize
[W]: Unknown function 0xef68c17c in 'sysPrxForUser' module
[E]: TODO: sys_prx_load_module_by_fd
[W : PPU[1] Thread (CPUThread)[0x015ca058]]: sys_lwmutex warning: *** lwmutex created [] (attribute=0x12): sq_id = 3
[W : PPU[1] Thread (CPUThread)[0x015ca058]]: sys_lwmutex warning: *** lwmutex created [] (attribute=0x12): sq_id = 4
[W : PPU[1] Thread (CPUThread)[0x009ce4a4]]: memory warning: sys_memory_get_user_memory_size(mem_info_addr=0xd0010ba4)
[W : PPU[1] Thread (CPUThread)[0x015a401c]]: cellSysmodule warning: cellSysmoduleIsLoaded(CELL_SYSMODULE_FS)
[W : PPU[1] Thread (CPUThread)[0x015a4010]]: cellSysmodule warning: cellSysmoduleLoadModule(CELL_SYSMODULE_FS)
[W : PPU[1] Thread (CPUThread)[0x015a6094]]: sys_fs warning: cellFsSdataOpen(path="/dev_bdvd/PS3_GAME/USRDIR/__dummy.sdat", flags=0x0, fd_addr=0xd000f8c4, arg_addr=0x0, size=0x0)
[W : PPU[1] Thread (CPUThread)[0x015a401c]]: cellSysmodule warning: cellSysmoduleIsLoaded(CELL_SYSMODULE_FS)
[W : PPU[1] Thread (CPUThread)[0x015a6094]]: sys_fs warning: cellFsSdataOpen(path="/dev_bdvd/PS3_GAME/USRDIR/engine.sdat", flags=0x0, fd_addr=0xd000f8c4, arg_addr=0x0, size=0x0)
[W : PPU[1] Thread (CPUThread)[0x015a401c]]: cellSysmodule warning: cellSysmoduleIsLoaded(CELL_SYSMODULE_FS)
[W : PPU[1] Thread (CPUThread)[0x015a6094]]: sys_fs warning: cellFsSdataOpen(path="/app_home/engine.sdat", flags=0x0, fd_addr=0xd000f8c4, arg_addr=0x0, size=0x0)
[W : PPU[1] Thread (CPUThread)[0x015a401c]]: cellSysmodule warning: cellSysmoduleIsLoaded(CELL_SYSMODULE_FS)
[E : PPU[1] Thread (CPUThread)[0x015a604c]]: sys_fs error: "/dev_bdvd/PS3_GAME/USRDIR/__dummy.ini" not found! flags: 0x00000000
[W : PPU[1] Thread (CPUThread)[0x015a401c]]: cellSysmodule warning: cellSysmoduleIsLoaded(CELL_SYSMODULE_FS)
[E : PPU[1] Thread (CPUThread)[0x015a604c]]: sys_fs error: "/dev_bdvd/PS3_GAME/USRDIR/engine.ini" not found! flags: 0x00000000
[W : PPU[1] Thread (CPUThread)[0x015a401c]]: cellSysmodule warning: cellSysmoduleIsLoaded(CELL_SYSMODULE_FS)
[E : PPU[1] Thread (CPUThread)[0x015a604c]]: sys_fs error: "/app_home/engine.ini" not found! flags: 0x00000000
[W : PPU[1] Thread (CPUThread)[0x009ce6e0]]: memory warning: sys_memory_get_user_memory_size(mem_info_addr=0x14ecba0)
[W : PPU[1] Thread (CPUThread)[0x015ca058]]: sys_lwmutex warning: *** lwmutex created [] (attribute=0x12): sq_id = 5
[W : PPU[1] Thread (CPUThread)[0x015ca058]]: sys_lwmutex warning: *** lwmutex created [] (attribute=0x12): sq_id = 6
[W : PPU[1] Thread (CPUThread)[0x015ca058]]: sys_lwmutex warning: *** lwmutex created [] (attribute=0x12): sq_id = 7
[W : PPU[1] Thread (CPUThread)[0x015ca058]]: sys_lwmutex warning: *** lwmutex created [] (attribute=0x12): sq_id = 8
[W : PPU[1] Thread (CPUThread)[0x015ca058]]: sys_lwmutex warning: *** lwmutex created [] (attribute=0x12): sq_id = 9
[W : PPU[1] Thread (CPUThread)[0x015ca058]]: sys_lwmutex warning: *** lwmutex created [_lc_mtx] (attribute=0x12): sq_id = 10
[W : PPU[1] Thread (CPUThread)[0x015ca058]]: sys_lwmutex warning: *** lwmutex created [_lc_mtx] (attribute=0x12): sq_id = 11
[W : PPU[1] Thread (CPUThread)[0x015ca058]]: sys_lwmutex warning: *** lwmutex created [_lc_mtx] (attribute=0x12): sq_id = 12
[W : PPU[1] Thread (CPUThread)[0x015ca058]]: sys_lwmutex warning: *** lwmutex created [_lc_mtx] (attribute=0x12): sq_id = 13
[W : PPU[1] Thread (CPUThread)[0x015ca058]]: sys_lwmutex warning: *** lwmutex created [_lc_mtx] (attribute=0x12): sq_id = 14
[W : PPU[1] Thread (CPUThread)[0x015ca058]]: sys_lwmutex warning: *** lwmutex created [_lc_mtx] (attribute=0x12): sq_id = 15
[W : PPU[1] Thread (CPUThread)[0x015ca058]]: sys_lwmutex warning: *** lwmutex created [_lc_mtx] (attribute=0x12): sq_id = 16
[W : PPU[1] Thread (CPUThread)[0x015ca058]]: sys_lwmutex warning: *** lwmutex created [_lc_mtx] (attribute=0x12): sq_id = 17
[W : PPU[1] Thread (CPUThread)[0x015ca058]]: sys_lwmutex warning: *** lwmutex created [_lc_mtx] (attribute=0x12): sq_id = 18
[W : PPU[1] Thread (CPUThread)[0x015ca118]]: sys_lwmutex warning: sys_lwmutex_destroy(lwmutex_addr=0x1554bd8)
[W : PPU[1] Thread (CPUThread)[0x015ca118]]: sys_lwmutex warning: sys_lwmutex_destroy(lwmutex_addr=0x1554c00)
[W : PPU[1] Thread (CPUThread)[0x015ca118]]: sys_lwmutex warning: sys_lwmutex_destroy(lwmutex_addr=0x1554bb0)
[W : PPU[1] Thread (CPUThread)[0x015ca058]]: sys_lwmutex warning: *** lwmutex created [_lc_mtx] (attribute=0x12): sq_id = 19
[W : PPU[1] Thread (CPUThread)[0x015ca058]]: sys_lwmutex warning: *** lwmutex created [_lc_mtx] (attribute=0x12): sq_id = 20
[W : PPU[1] Thread (CPUThread)[0x015ca058]]: sys_lwmutex warning: *** lwmutex created [_lc_mtx] (attribute=0x12): sq_id = 21
[W : PPU[1] Thread (CPUThread)[0x015ca058]]: sys_lwmutex warning: *** lwmutex created [_lc_mtx] (attribute=0x12): sq_id = 22
[W : PPU[1] Thread (CPUThread)[0x015ca058]]: sys_lwmutex warning: *** lwmutex created [_lc_mtx] (attribute=0x12): sq_id = 23
[W : PPU[1] Thread (CPUThread)[0x015ca058]]: sys_lwmutex warning: *** lwmutex created [_lc_mtx] (attribute=0x12): sq_id = 24
[W : PPU[1] Thread (CPUThread)[0x015ca058]]: sys_lwmutex warning: *** lwmutex created [_lgcmtx] (attribute=0x12): sq_id = 25
[W : PPU[1] Thread (CPUThread)[0x015ca058]]: sys_lwmutex warning: *** lwmutex created [_lgcmtx] (attribute=0x22): sq_id = 26
[W : PPU[1] Thread (CPUThread)[0x015ca058]]: sys_lwmutex warning: *** lwmutex created [_lc_mtx] (attribute=0x12): sq_id = 27
[W : PPU[1] Thread (CPUThread)[0x015ca058]]: sys_lwmutex warning: *** lwmutex created [_lc_mtx] (attribute=0x12): sq_id = 28
[W : PPU[1] Thread (CPUThread)[0x015ca058]]: sys_lwmutex warning: *** lwmutex created [_lc_mtx] (attribute=0x12): sq_id = 29
[W : PPU[1] Thread (CPUThread)[0x015ca058]]: sys_lwmutex warning: *** lwmutex created [_lc_mtx] (attribute=0x12): sq_id = 30
[W : PPU[1] Thread (CPUThread)[0x015ca058]]: sys_lwmutex warning: *** lwmutex created [_lc_mtx] (attribute=0x12): sq_id = 31
[W : PPU[1] Thread (CPUThread)[0x015ca058]]: sys_lwmutex warning: *** lwmutex created [_lc_mtx] (attribute=0x12): sq_id = 32
[W : PPU[1] Thread (CPUThread)[0x015ca058]]: sys_lwmutex warning: *** lwmutex created [] (attribute=0x12): sq_id = 33
[W : PPU[1] Thread (CPUThread)[0x015ca058]]: sys_lwmutex warning: *** lwmutex created [] (attribute=0x12): sq_id = 34
[W : PPU[1] Thread (CPUThread)[0x015ca058]]: sys_lwmutex warning: *** lwmutex created [] (attribute=0x12): sq_id = 35
[W : PPU[1] Thread (CPUThread)[0x015ca058]]: sys_lwmutex warning: *** lwmutex created [] (attribute=0x12): sq_id = 36
[W : PPU[1] Thread (CPUThread)[0x015ca058]]: sys_lwmutex warning: *** lwmutex created [] (attribute=0x12): sq_id = 37
[W : PPU[1] Thread (CPUThread)[0x015ca058]]: sys_lwmutex warning: *** lwmutex created [] (attribute=0x12): sq_id = 38
[W : PPU[1] Thread (CPUThread)[0x015ca058]]: sys_lwmutex warning: *** lwmutex created [] (attribute=0x12): sq_id = 39
[W : PPU[1] Thread (CPUThread)[0x015ca058]]: sys_lwmutex warning: *** lwmutex created [] (attribute=0x12): sq_id = 40
[W : PPU[1] Thread (CPUThread)[0x015ca058]]: sys_lwmutex warning: *** lwmutex created [] (attribute=0x12): sq_id = 41
[W : PPU[1] Thread (CPUThread)[0x015ca058]]: sys_lwmutex warning: *** lwmutex created [] (attribute=0x12): sq_id = 42
[W : PPU[1] Thread (CPUThread)[0x015ca058]]: sys_lwmutex warning: *** lwmutex created [] (attribute=0x12): sq_id = 43
[W : PPU[1] Thread (CPUThread)[0x015ca058]]: sys_lwmutex warning: *** lwmutex created [] (attribute=0x12): sq_id = 44
[W : PPU[1] Thread (CPUThread)[0x015ca058]]: sys_lwmutex warning: *** lwmutex created [] (attribute=0x12): sq_id = 45
[W : PPU[1] Thread (CPUThread)[0x015ca058]]: sys_lwmutex warning: *** lwmutex created [] (attribute=0x12): sq_id = 46
[W : PPU[1] Thread (CPUThread)[0x015ca058]]: sys_lwmutex warning: *** lwmutex created [] (attribute=0x12): sq_id = 47
[W : PPU[1] Thread (CPUThread)[0x015ca058]]: sys_lwmutex warning: *** lwmutex created [] (attribute=0x12): sq_id = 48
[W : PPU[1] Thread (CPUThread)[0x00d292b0]]: cellSysutil warning: cellSysutilGetSystemParamInt: CELL_SYSUTIL_SYSTEMPARAM_ID_TIMEZONE
[W : PPU[1] Thread (CPUThread)[0x00d292b0]]: cellSysutil warning: cellSysutilGetSystemParamInt: CELL_SYSUTIL_SYSTEMPARAM_ID_SUMMERTIME
[W : PPU[1] Thread (CPUThread)[0x00d31e2c]]: cellSysutil warning: cellSysutilGetSystemParamInt: CELL_SYSUTIL_SYSTEMPARAM_ID_TIMEZONE
[W : PPU[1] Thread (CPUThread)[0x00d31e2c]]: cellSysutil warning: cellSysutilGetSystemParamInt: CELL_SYSUTIL_SYSTEMPARAM_ID_SUMMERTIME
[W : PPU[1] Thread (CPUThread)[0x00d2ad20]]: cellSysutil warning: cellSysutilGetSystemParamInt: CELL_SYSUTIL_SYSTEMPARAM_ID_TIMEZONE
[W : PPU[1] Thread (CPUThread)[0x00d2ad20]]: cellSysutil warning: cellSysutilGetSystemParamInt: CELL_SYSUTIL_SYSTEMPARAM_ID_SUMMERTIME
[W : PPU[1] Thread (CPUThread)[0x00d31e2c]]: cellSysutil warning: cellSysutilGetSystemParamInt: CELL_SYSUTIL_SYSTEMPARAM_ID_TIMEZONE
[W : PPU[1] Thread (CPUThread)[0x00d31e2c]]: cellSysutil warning: cellSysutilGetSystemParamInt: CELL_SYSUTIL_SYSTEMPARAM_ID_SUMMERTIME
[W : PPU[1] Thread (CPUThread)[0x00d29254]]: cellSysutil warning: cellSysutilGetSystemParamInt: CELL_SYSUTIL_SYSTEMPARAM_ID_TIMEZONE
[W : PPU[1] Thread (CPUThread)[0x00d29254]]: cellSysutil warning: cellSysutilGetSystemParamInt: CELL_SYSUTIL_SYSTEMPARAM_ID_SUMMERTIME
[W : PPU[1] Thread (CPUThread)[0x00d2ad20]]: cellSysutil warning: cellSysutilGetSystemParamInt: CELL_SYSUTIL_SYSTEMPARAM_ID_TIMEZONE
[W : PPU[1] Thread (CPUThread)[0x00d2ad20]]: cellSysutil warning: cellSysutilGetSystemParamInt: CELL_SYSUTIL_SYSTEMPARAM_ID_SUMMERTIME
[W : PPU[1] Thread (CPUThread)[0x015ca058]]: sys_lwmutex warning: *** lwmutex created [ps3HDDL] (attribute=0x12): sq_id = 49
[W : PPU[1] Thread (CPUThread)[0x015ca058]]: sys_lwmutex warning: *** lwmutex created [] (attribute=0x22): sq_id = 50
[W : PPU[1] Thread (CPUThread)[0x015ca058]]: sys_lwmutex warning: *** lwmutex created [] (attribute=0x22): sq_id = 51
[W : PPU[1] Thread (CPUThread)[0x015ca058]]: sys_lwmutex warning: *** lwmutex created [] (attribute=0x22): sq_id = 52
[W : PPU[1] Thread (CPUThread)[0x015ca058]]: sys_lwmutex warning: *** lwmutex created [] (attribute=0x22): sq_id = 53
[W : PPU[1] Thread (CPUThread)[0x015ca058]]: sys_lwmutex warning: *** lwmutex created [] (attribute=0x22): sq_id = 54
[W : PPU[1] Thread (CPUThread)[0x015ca058]]: sys_lwmutex warning: *** lwmutex created [] (attribute=0x22): sq_id = 55
[W : PPU[1] Thread (CPUThread)[0x015ca058]]: sys_lwmutex warning: *** lwmutex created [] (attribute=0x12): sq_id = 56
[W : PPU[1] Thread (CPUThread)[0x015ca058]]: sys_lwmutex warning: *** lwmutex created [] (attribute=0x12): sq_id = 57
[W : PPU[1] Thread (CPUThread)[0x015ca058]]: sys_lwmutex warning: *** lwmutex created [] (attribute=0x12): sq_id = 58
[W : PPU[1] Thread (CPUThread)[0x015ca058]]: sys_lwmutex warning: *** lwmutex created [] (attribute=0x12): sq_id = 59
[W : PPU[1] Thread (CPUThread)[0x015ca058]]: sys_lwmutex warning: *** lwmutex created [] (attribute=0x12): sq_id = 60
[W : PPU[1] Thread (CPUThread)[0x015ca058]]: sys_lwmutex warning: *** lwmutex created [] (attribute=0x12): sq_id = 61
[W : PPU[1] Thread (CPUThread)[0x015ca058]]: sys_lwmutex warning: *** lwmutex created [] (attribute=0x12): sq_id = 62
[W : PPU[1] Thread (CPUThread)[0x015ca058]]: sys_lwmutex warning: *** lwmutex created [] (attribute=0x12): sq_id = 63
[W : PPU[1] Thread (CPUThread)[0x015ca058]]: sys_lwmutex warning: *** lwmutex created [] (attribute=0x12): sq_id = 64
[W : PPU[1] Thread (CPUThread)[0x015ca058]]: sys_lwmutex warning: *** lwmutex created [] (attribute=0x12): sq_id = 65
[W : PPU[1] Thread (CPUThread)[0x015ca058]]: sys_lwmutex warning: *** lwmutex created [] (attribute=0x12): sq_id = 66
[W : PPU[1] Thread (CPUThread)[0x015ca058]]: sys_lwmutex warning: *** lwmutex created [] (attribute=0x12): sq_id = 67
[W : PPU[1] Thread (CPUThread)[0x015ca058]]: sys_lwmutex warning: *** lwmutex created [] (attribute=0x12): sq_id = 68
[W : PPU[1] Thread (CPUThread)[0x015ca058]]: sys_lwmutex warning: *** lwmutex created [] (attribute=0x12): sq_id = 69
[W : PPU[1] Thread (CPUThread)[0x015ca058]]: sys_lwmutex warning: *** lwmutex created [] (attribute=0x12): sq_id = 70
[W : PPU[1] Thread (CPUThread)[0x009d6f10]]: sys_spu warning: sys_spu_initialize(max_usable_spu=6, max_raw_spu=1)
[W : PPU[1] Thread (CPUThread)[0x015ca0dc]]: sysPrxForUser warning: sys_ppu_thread_once(once_ctrl_addr=0x155505c, entry=0x13889c8)
[W : PPU[71] Thread (CPUThread)[0x015ca058]]: sys_lwmutex warning: *** lwmutex created [_lc_spf] (attribute=0x22): sq_id = 72
[W : PPU[1] Thread (CPUThread)[0x015b60a0]]: cellSysutil warning: cellSysutilGetSystemParamString: CELL_SYSUTIL_SYSTEMPARAM_ID_NICKNAME
[W : PPU[1] Thread (CPUThread)[0x015ca058]]: sys_lwmutex warning: *** lwmutex created [] (attribute=0x12): sq_id = 73
[W : PPU[1] Thread (CPUThread)[0x015ba0dc]]: cellSpurs warning: _cellSpursAttributeInitialize(attr_addr=0xd000ffd0, nSpus=2, spuPriority=3211264, ppuPriority=4, exitIfNoWork=200)
[E : PPU[1] Thread (CPUThread)[0x015ba01c]]: cellSpurs error: cellSpursAttributeEnableSpuPrintfIfAvailable(attr_addr=0xd000ffd0)
[W : PPU[1] Thread (CPUThread)[0x015ba010]]: cellSpurs warning: cellSpursAttributeSetNamePrefix(attr_addr=0xd000ffd0, prefix_addr=0x12707fc, size=0xa)
[W : PPU[1] Thread (CPUThread)[0x015ba100]]: cellSpurs warning: cellSpursInitializeWithAttribute(spurs_addr=0x30142d80, spurs_addr=0xd000ffd0)
[E : PPU[1] Thread (CPUThread)[0x015ba0b8]]: TODO: cellSpursWakeUp
[W : PPU[1] Thread (CPUThread)[0x015ba0dc]]: cellSpurs warning: _cellSpursAttributeInitialize(attr_addr=0xd00101d0, nSpus=2, spuPriority=3211264, ppuPriority=1, exitIfNoWork=200)
[W : PPU[1] Thread (CPUThread)[0x015ba010]]: cellSpurs warning: cellSpursAttributeSetNamePrefix(attr_addr=0xd00101d0, prefix_addr=0x1270944, size=0xd)
[W : PPU[1] Thread (CPUThread)[0x015ba100]]: cellSpurs warning: cellSpursInitializeWithAttribute(spurs_addr=0x30143e00, spurs_addr=0xd00101d0)
[E : PPU[1] Thread (CPUThread)[0x015ba0b8]]: TODO: cellSpursWakeUp
[W : PPU[1] Thread (CPUThread)[0x015ca058]]: sys_lwmutex warning: *** lwmutex created [] (attribute=0x22): sq_id = 74
[W : PPU[1] Thread (CPUThread)[0x015ca124]]: sys_lwcond warning: *** lwcond created [] (lwmutex_addr=0x30150938): id = 75
[W : PPU[1] Thread (CPUThread)[0x015ca058]]: sys_lwmutex warning: *** lwmutex created [] (attribute=0x22): sq_id = 76
[W : PPU[1] Thread (CPUThread)[0x015ca124]]: sys_lwcond warning: *** lwcond created [] (lwmutex_addr=0x30150960): id = 77
[W : PPU[1] Thread (CPUThread)[0x015ca058]]: sys_lwmutex warning: *** lwmutex created [] (attribute=0x12): sq_id = 78
[! : PPU[1] Thread (CPUThread)[0x015ca028]]: *** New PPU Thread [HazingCullingTask] (): id = 79
[W : PPU[1] Thread (CPUThread)[0x015ca058]]: sys_lwmutex warning: *** lwmutex created [] (attribute=0x22): sq_id = 80
[W : PPU[1] Thread (CPUThread)[0x015ca124]]: sys_lwcond warning: *** lwcond created [] (lwmutex_addr=0x30154398): id = 81
[W : PPU[1] Thread (CPUThread)[0x015ca058]]: sys_lwmutex warning: *** lwmutex created [] (attribute=0x22): sq_id = 82
[W : PPU[1] Thread (CPUThread)[0x015ca124]]: sys_lwcond warning: *** lwcond created [] (lwmutex_addr=0x301543c0): id = 83
[! : PPU[1] Thread (CPUThread)[0x015ca028]]: *** New PPU Thread [FlipTask] (): id = 84
[W : PPU[1] Thread (CPUThread)[0x015ca058]]: sys_lwmutex warning: *** lwmutex created [] (attribute=0x12): sq_id = 85
[W : PPU[1] Thread (CPUThread)[0x015ca058]]: sys_lwmutex warning: *** lwmutex created [] (attribute=0x12): sq_id = 86
[W : PPU[1] Thread (CPUThread)[0x015ca058]]: sys_lwmutex warning: *** lwmutex created [] (attribute=0x12): sq_id = 87
[W : PPU[1] Thread (CPUThread)[0x015ca058]]: sys_lwmutex warning: *** lwmutex created [] (attribute=0x22): sq_id = 88
[W : PPU[1] Thread (CPUThread)[0x015ca124]]: sys_lwcond warning: *** lwcond created [] (lwmutex_addr=0x3012d758): id = 89
[W : PPU[1] Thread (CPUThread)[0x015ca058]]: sys_lwmutex warning: *** lwmutex created [] (attribute=0x22): sq_id = 90
[W : PPU[1] Thread (CPUThread)[0x015ca124]]: sys_lwcond warning: *** lwcond created [] (lwmutex_addr=0x3012d790): id = 91
[! : PPU[1] Thread (CPUThread)[0x015ca028]]: *** New PPU Thread [CommandQueueConsumerThread] (): id = 92
[! : PPU[1] Thread (CPUThread)[0x015ca028]]: *** New PPU Thread [CommandQueueConsumerThread] (): id = 93
[! : PPU[1] Thread (CPUThread)[0x015ca028]]: *** New PPU Thread [SysUtilCallbackPollingThrea] (): id = 94
[W : PPU[94] Thread (SysUtilCallbackPollingThrea)[0x015ca058]]: sys_lwmutex warning: *** lwmutex created [] (attribute=0x12): sq_id = 95
[W : PPU[94] Thread (SysUtilCallbackPollingThrea)[0x015ca058]]: sys_lwmutex warning: *** lwmutex created [] (attribute=0x12): sq_id = 96
[W : PPU[94] Thread (SysUtilCallbackPollingThrea)[0x015ca058]]: sys_lwmutex warning: *** lwmutex created [] (attribute=0x12): sq_id = 97
[W : PPU[94] Thread (SysUtilCallbackPollingThrea)[0x015ca058]]: sys_lwmutex warning: *** lwmutex created [] (attribute=0x22): sq_id = 98
[W : PPU[94] Thread (SysUtilCallbackPollingThrea)[0x015ca124]]: sys_lwcond warning: *** lwcond created [] (lwmutex_addr=0x3012d7c8): id = 99
[W : PPU[94] Thread (SysUtilCallbackPollingThrea)[0x015ca058]]: sys_lwmutex warning: *** lwmutex created [] (attribute=0x22): sq_id = 100
[W : PPU[94] Thread (SysUtilCallbackPollingThrea)[0x015ca124]]: sys_lwcond warning: *** lwcond created [] (lwmutex_addr=0x3012d800): id = 101
[W : PPU[1] Thread (CPUThread)[0x015b60ac]]: cellSysutil warning: cellSysutilRegisterCallback(slot=0, func_addr=0x1379e80, userdata=0x30174658)
[! : PPU[94] Thread (SysUtilCallbackPollingThrea)[0x015ca028]]: *** New PPU Thread [CommandQueueConsumerThread] (): id = 102
[! : PPU[94] Thread (SysUtilCallbackPollingThrea)[0x015ca028]]: *** New PPU Thread [CommandQueueConsumerThread] (): id = 103
[! : PPU[94] Thread (SysUtilCallbackPollingThrea)[0x015ca028]]: *** New PPU Thread [SysUtilCallbackPollingThrea] (): id = 104
[W : PPU[94] Thread (SysUtilCallbackPollingThrea)[0x009d4c00]]: sysPrxForUser warning: sys_ppu_thread_join(thread_id=104, vptr_addr=0xd0070b40)
[W : PPU[104] Thread (SysUtilCallbackPollingThrea)[0x015a401c]]: cellSysmodule warning: cellSysmoduleIsLoaded(CELL_SYSMODULE_NET)
[W : PPU[1] Thread (CPUThread)[0x015ca058]]: sys_lwmutex warning: *** lwmutex created [] (attribute=0x12): sq_id = 105
[W : PPU[1] Thread (CPUThread)[0x015a4010]]: cellSysmodule warning: cellSysmoduleLoadModule(CELL_SYSMODULE_FS)
[W : PPU[94] Thread (SysUtilCallbackPollingThrea)[0x015ca058]]: sys_lwmutex warning: *** lwmutex created [] (attribute=0x22): sq_id = 106
[W : PPU[94] Thread (SysUtilCallbackPollingThrea)[0x015ca124]]: sys_lwcond warning: *** lwcond created [] (lwmutex_addr=0x3017ac50): id = 107
[W : PPU[102] Thread (CommandQueueConsumerThread)[0x015ca01c]]: sys_lwcond warning: sys_lwcond_destroy(lwcond_addr=0x3017ac68)
[W : PPU[102] Thread (CommandQueueConsumerThread)[0x015ca118]]: sys_lwmutex warning: sys_lwmutex_destroy(lwmutex_addr=0x3017ac50)
[W : PPU[94] Thread (SysUtilCallbackPollingThrea)[0x015ca058]]: sys_lwmutex warning: *** lwmutex created [] (attribute=0x22): sq_id = 108
[W : PPU[94] Thread (SysUtilCallbackPollingThrea)[0x015ca124]]: sys_lwcond warning: *** lwcond created [] (lwmutex_addr=0x3017aca8): id = 109
[W : PPU[94] Thread (SysUtilCallbackPollingThrea)[0x009d4c00]]: sysPrxForUser warning: sys_ppu_thread_join(thread_id=102, vptr_addr=0xd00709c0)
[W : PPU[103] Thread (CommandQueueConsumerThread)[0x015ca01c]]: sys_lwcond warning: sys_lwcond_destroy(lwcond_addr=0x3017acc0)
[W : PPU[103] Thread (CommandQueueConsumerThread)[0x015ca118]]: sys_lwmutex warning: sys_lwmutex_destroy(lwmutex_addr=0x3017aca8)
[W : PPU[102] Thread (CommandQueueConsumerThread)[0x015a401c]]: cellSysmodule warning: cellSysmoduleIsLoaded(CELL_SYSMODULE_NET)
[W : PPU[94] Thread (SysUtilCallbackPollingThrea)[0x009d4c00]]: sysPrxForUser warning: sys_ppu_thread_join(thread_id=103, vptr_addr=0xd00709c0)
[W : PPU[103] Thread (CommandQueueConsumerThread)[0x015a401c]]: cellSysmodule warning: cellSysmoduleIsLoaded(CELL_SYSMODULE_NET)
[W : PPU[94] Thread (SysUtilCallbackPollingThrea)[0x015ca118]]: sys_lwmutex warning: sys_lwmutex_destroy(lwmutex_addr=0x30174730)
[W : PPU[94] Thread (SysUtilCallbackPollingThrea)[0x015ca01c]]: sys_lwcond warning: sys_lwcond_destroy(lwcond_addr=0x3012d7e0)
[W : PPU[94] Thread (SysUtilCallbackPollingThrea)[0x015ca118]]: sys_lwmutex warning: sys_lwmutex_destroy(lwmutex_addr=0x3012d7c8)
[W : PPU[94] Thread (SysUtilCallbackPollingThrea)[0x015ca01c]]: sys_lwcond warning: sys_lwcond_destroy(lwcond_addr=0x3012d818)
[W : PPU[94] Thread (SysUtilCallbackPollingThrea)[0x015ca118]]: sys_lwmutex warning: sys_lwmutex_destroy(lwmutex_addr=0x3012d800)
[W : PPU[94] Thread (SysUtilCallbackPollingThrea)[0x015ca118]]: sys_lwmutex warning: sys_lwmutex_destroy(lwmutex_addr=0x30120688)
[W : PPU[94] Thread (SysUtilCallbackPollingThrea)[0x015ca118]]: sys_lwmutex warning: sys_lwmutex_destroy(lwmutex_addr=0x30120658)
[W : PPU[1] Thread (CPUThread)[0x015ca058]]: sys_lwmutex warning: *** lwmutex created [] (attribute=0x12): sq_id = 110
[W : PPU[1] Thread (CPUThread)[0x015ca058]]: sys_lwmutex warning: *** lwmutex created [] (attribute=0x12): sq_id = 111
[W : PPU[1] Thread (CPUThread)[0x015b6004]]: cellSysutil warning: cellSysutilUnregisterCallback(slot=0)
[W : PPU[1] Thread (CPUThread)[0x009d4c00]]: sysPrxForUser warning: sys_ppu_thread_join(thread_id=94, vptr_addr=0xd00103f0)
[W : PPU[94] Thread (SysUtilCallbackPollingThrea)[0x015a401c]]: cellSysmodule warning: cellSysmoduleIsLoaded(CELL_SYSMODULE_NET)
[W : PPU[1] Thread (CPUThread)[0x015ca058]]: sys_lwmutex warning: *** lwmutex created [] (attribute=0x22): sq_id = 112
[W : PPU[1] Thread (CPUThread)[0x015ca124]]: sys_lwcond warning: *** lwcond created [] (lwmutex_addr=0x3017aca8): id = 113
[W : PPU[1] Thread (CPUThread)[0x015ca058]]: sys_lwmutex warning: *** lwmutex created [] (attribute=0x22): sq_id = 114
[W : PPU[1] Thread (CPUThread)[0x015ca124]]: sys_lwcond warning: *** lwcond created [] (lwmutex_addr=0x3017ac50): id = 115
[W : PPU[1] Thread (CPUThread)[0x009d4c00]]: sysPrxForUser warning: sys_ppu_thread_join(thread_id=92, vptr_addr=0xd0010270)
[W : PPU[92] Thread (CommandQueueConsumerThread)[0x015ca01c]]: sys_lwcond warning: sys_lwcond_destroy(lwcond_addr=0x3017ac68)
[W : PPU[92] Thread (CommandQueueConsumerThread)[0x015ca118]]: sys_lwmutex warning: sys_lwmutex_destroy(lwmutex_addr=0x3017ac50)
[W : PPU[92] Thread (CommandQueueConsumerThread)[0x015a401c]]: cellSysmodule warning: cellSysmoduleIsLoaded(CELL_SYSMODULE_NET)
[W : PPU[1] Thread (CPUThread)[0x009d4c00]]: sysPrxForUser warning: sys_ppu_thread_join(thread_id=93, vptr_addr=0xd0010270)
[W : PPU[93] Thread (CommandQueueConsumerThread)[0x015ca01c]]: sys_lwcond warning: sys_lwcond_destroy(lwcond_addr=0x3017acc0)
[W : PPU[93] Thread (CommandQueueConsumerThread)[0x015ca118]]: sys_lwmutex warning: sys_lwmutex_destroy(lwmutex_addr=0x3017aca8)
[W : PPU[93] Thread (CommandQueueConsumerThread)[0x015a401c]]: cellSysmodule warning: cellSysmoduleIsLoaded(CELL_SYSMODULE_NET)
[W : PPU[1] Thread (CPUThread)[0x015ca118]]: sys_lwmutex warning: sys_lwmutex_destroy(lwmutex_addr=0x301746e0)
[W : PPU[1] Thread (CPUThread)[0x015ca01c]]: sys_lwcond warning: sys_lwcond_destroy(lwcond_addr=0x3012d770)
[W : PPU[1] Thread (CPUThread)[0x015ca118]]: sys_lwmutex warning: sys_lwmutex_destroy(lwmutex_addr=0x3012d758)
[W : PPU[1] Thread (CPUThread)[0x015ca01c]]: sys_lwcond warning: sys_lwcond_destroy(lwcond_addr=0x3012d7a8)
[W : PPU[1] Thread (CPUThread)[0x015ca118]]: sys_lwmutex warning: sys_lwmutex_destroy(lwmutex_addr=0x3012d790)
[W : PPU[1] Thread (CPUThread)[0x015ca118]]: sys_lwmutex warning: sys_lwmutex_destroy(lwmutex_addr=0x30120628)
[W : PPU[1] Thread (CPUThread)[0x015ca118]]: sys_lwmutex warning: sys_lwmutex_destroy(lwmutex_addr=0x301205c8)
[W : PPU[1] Thread (CPUThread)[0x009d4c00]]: sysPrxForUser warning: sys_ppu_thread_join(thread_id=84, vptr_addr=0xd0010640)
[W : PPU[84] Thread (FlipTask)[0x015a401c]]: cellSysmodule warning: cellSysmoduleIsLoaded(CELL_SYSMODULE_NET)
[W : PPU[1] Thread (CPUThread)[0x015ca01c]]: sys_lwcond warning: sys_lwcond_destroy(lwcond_addr=0x301543d8)
[W : PPU[1] Thread (CPUThread)[0x015ca118]]: sys_lwmutex warning: sys_lwmutex_destroy(lwmutex_addr=0x301543c0)
[W : PPU[1] Thread (CPUThread)[0x015ca01c]]: sys_lwcond warning: sys_lwcond_destroy(lwcond_addr=0x301543b0)
[W : PPU[1] Thread (CPUThread)[0x015ca118]]: sys_lwmutex warning: sys_lwmutex_destroy(lwmutex_addr=0x30154398)
[W : PPU[1] Thread (CPUThread)[0x009d4c00]]: sysPrxForUser warning: sys_ppu_thread_join(thread_id=79, vptr_addr=0xd0010640)
[W : PPU[79] Thread (HazingCullingTask)[0x015a401c]]: cellSysmodule warning: cellSysmoduleIsLoaded(CELL_SYSMODULE_NET)
[W : PPU[1] Thread (CPUThread)[0x015ca01c]]: sys_lwcond warning: sys_lwcond_destroy(lwcond_addr=0x30150978)
[W : PPU[1] Thread (CPUThread)[0x015ca118]]: sys_lwmutex warning: sys_lwmutex_destroy(lwmutex_addr=0x30150960)
[W : PPU[1] Thread (CPUThread)[0x015ca01c]]: sys_lwcond warning: sys_lwcond_destroy(lwcond_addr=0x30150950)
[W : PPU[1] Thread (CPUThread)[0x015ca118]]: sys_lwmutex warning: sys_lwmutex_destroy(lwmutex_addr=0x30150938)
[W : PPU[1] Thread (CPUThread)[0x015ca058]]: sys_lwmutex warning: *** lwmutex created [] (attribute=0x12): sq_id = 116
[W : PPU[1] Thread (CPUThread)[0x015ba13c]]: cellSpurs warning: cellSpursFinalize(spurs_addr=0x30143e00)
[W : PPU[1] Thread (CPUThread)[0x015ba13c]]: cellSpurs warning: cellSpursFinalize(spurs_addr=0x30142d80)
[W : PPU[1] Thread (CPUThread)[0x015b60a0]]: cellSysutil warning: cellSysutilGetSystemParamString: CELL_SYSUTIL_SYSTEMPARAM_ID_NICKNAME
[W : PPU[1] Thread (CPUThread)[0x015ca118]]: sys_lwmutex warning: sys_lwmutex_destroy(lwmutex_addr=0x148a6d8)
[W : PPU[1] Thread (CPUThread)[0x015ca118]]: sys_lwmutex warning: sys_lwmutex_destroy(lwmutex_addr=0x14aed30)
[W : PPU[1] Thread (CPUThread)[0x015ca118]]: sys_lwmutex warning: sys_lwmutex_destroy(lwmutex_addr=0x145b460)
[W : PPU[1] Thread (CPUThread)[0x015ca118]]: sys_lwmutex warning: sys_lwmutex_destroy(lwmutex_addr=0x14bac28)
[W : PPU[1] Thread (CPUThread)[0x015ca118]]: sys_lwmutex warning: sys_lwmutex_destroy(lwmutex_addr=0x14bad60)
[W : PPU[1] Thread (CPUThread)[0x015ca118]]: sys_lwmutex warning: sys_lwmutex_destroy(lwmutex_addr=0x14c30f0)
[W : PPU[1] Thread (CPUThread)[0x015ca118]]: sys_lwmutex warning: sys_lwmutex_destroy(lwmutex_addr=0x14c30c0)
[W : PPU[1] Thread (CPUThread)[0x015ca058]]: sys_lwmutex warning: *** lwmutex created [] (attribute=0x12): sq_id = 117
[W : PPU[1] Thread (CPUThread)[0x015ca118]]: sys_lwmutex warning: sys_lwmutex_destroy(lwmutex_addr=0x14c7e30)
[W : PPU[1] Thread (CPUThread)[0x015ca118]]: sys_lwmutex warning: sys_lwmutex_destroy(lwmutex_addr=0x14c7e18)
[W : PPU[1] Thread (CPUThread)[0x015ca118]]: sys_lwmutex warning: sys_lwmutex_destroy(lwmutex_addr=0x14c7e00)
[W : PPU[1] Thread (CPUThread)[0x015ca118]]: sys_lwmutex warning: sys_lwmutex_destroy(lwmutex_addr=0x14c7de8)
[W : PPU[1] Thread (CPUThread)[0x015ca118]]: sys_lwmutex warning: sys_lwmutex_destroy(lwmutex_addr=0x14c7dd0)
[W : PPU[1] Thread (CPUThread)[0x015ca118]]: sys_lwmutex warning: sys_lwmutex_destroy(lwmutex_addr=0x14c7ee8)
[W : PPU[1] Thread (CPUThread)[0x015ca118]]: sys_lwmutex warning: sys_lwmutex_destroy(lwmutex_addr=0x14ece30)
[W : PPU[1] Thread (CPUThread)[0x015ca118]]: sys_lwmutex warning: sys_lwmutex_destroy(lwmutex_addr=0x301224e8)
[W : PPU[1] Thread (CPUThread)[0x015ca118]]: sys_lwmutex warning: sys_lwmutex_destroy(lwmutex_addr=0x30121488)
[W : PPU[1] Thread (CPUThread)[0x015ca118]]: sys_lwmutex warning: sys_lwmutex_destroy(lwmutex_addr=0x30120588)
[W : PPU[1] Thread (CPUThread)[0x015ca118]]: sys_lwmutex warning: sys_lwmutex_destroy(lwmutex_addr=0x30120558)
[W : PPU[1] Thread (CPUThread)[0x015ca118]]: sys_lwmutex warning: sys_lwmutex_destroy(lwmutex_addr=0x30120528)
[W : PPU[1] Thread (CPUThread)[0x015ca118]]: sys_lwmutex warning: sys_lwmutex_destroy(lwmutex_addr=0x14ecdd0)
[W : PPU[1] Thread (CPUThread)[0x015ca118]]: sys_lwmutex warning: sys_lwmutex_destroy(lwmutex_addr=0x14fdf78)
[W : PPU[1] Thread (CPUThread)[0x015ca118]]: sys_lwmutex warning: sys_lwmutex_destroy(lwmutex_addr=0x14fdfe8)
[W : PPU[1] Thread (CPUThread)[0x015ca118]]: sys_lwmutex warning: sys_lwmutex_destroy(lwmutex_addr=0x13ceba0)
[W : PPU[1] Thread (CPUThread)[0x015ca118]]: sys_lwmutex warning: sys_lwmutex_destroy(lwmutex_addr=0x148a700)
[W : PPU[1] Thread (CPUThread)[0x015ca118]]: sys_lwmutex warning: sys_lwmutex_destroy(lwmutex_addr=0x1511518)
[W : PPU[1] Thread (CPUThread)[0x015ca118]]: sys_lwmutex warning: sys_lwmutex_destroy(lwmutex_addr=0x3012aaa8)
[W : PPU[1] Thread (CPUThread)[0x015ca118]]: sys_lwmutex warning: sys_lwmutex_destroy(lwmutex_addr=0x3012aa68)
[W : PPU[1] Thread (CPUThread)[0x015ca118]]: sys_lwmutex warning: sys_lwmutex_destroy(lwmutex_addr=0x3012a9e8)
[W : PPU[1] Thread (CPUThread)[0x015ca118]]: sys_lwmutex warning: sys_lwmutex_destroy(lwmutex_addr=0x3012a9c8)
[W : PPU[1] Thread (CPUThread)[0x015ca118]]: sys_lwmutex warning: sys_lwmutex_destroy(lwmutex_addr=0x3012a9a8)
[W : PPU[1] Thread (CPUThread)[0x015ca118]]: sys_lwmutex warning: sys_lwmutex_destroy(lwmutex_addr=0x3012a988)
[W : PPU[1] Thread (CPUThread)[0x015ca118]]: sys_lwmutex warning: sys_lwmutex_destroy(lwmutex_addr=0x3012a968)
[W : PPU[1] Thread (CPUThread)[0x015ca118]]: sys_lwmutex warning: sys_lwmutex_destroy(lwmutex_addr=0x3012a928)
[W : PPU[1] Thread (CPUThread)[0x015ca118]]: sys_lwmutex warning: sys_lwmutex_destroy(lwmutex_addr=0x3012a8c8)
[W : PPU[1] Thread (CPUThread)[0x015ca118]]: sys_lwmutex warning: sys_lwmutex_destroy(lwmutex_addr=0x3012a868)
[W : PPU[1] Thread (CPUThread)[0x015ca118]]: sys_lwmutex warning: sys_lwmutex_destroy(lwmutex_addr=0x3012a848)
[W : PPU[1] Thread (CPUThread)[0x015ca118]]: sys_lwmutex warning: sys_lwmutex_destroy(lwmutex_addr=0x3012a828)
[W : PPU[1] Thread (CPUThread)[0x015ca118]]: sys_lwmutex warning: sys_lwmutex_destroy(lwmutex_addr=0x3012a808)
[E : PPU[1] Thread (CPUThread)[0x01195488]]: Read32 from null block: [00000000]
[!]: Closing memory...
