[!]: path: /dev_hdd0/game/
[!]: Loading 'D:\Emulateurs\Rpcs3\dev_hdd0\game\BLJM60571-[White Album 2 Shiawase no Mukougawa]/PS3_GAME/USRDIR/BOOT.BIN'...
[!]: Mount info:
[!]: /dev_hdd0/ -> D:\Emulateurs\Rpcs3\dev_hdd0\
[!]: /dev_hdd1/ -> D:\Emulateurs\Rpcs3\dev_hdd1\
[!]: /dev_flash/ -> D:\Emulateurs\Rpcs3\dev_flash\
[!]: /dev_usb000/ -> D:\Emulateurs\Rpcs3\dev_usb000\
[!]: /dev_usb/ -> D:\Emulateurs\Rpcs3\dev_usb000\
[!]: /app_home/ -> D:\Emulateurs\Rpcs3\dev_hdd0\game\BLJM60571-[White Album 2 Shiawase no Mukougawa]/PS3_GAME/\USRDIR\
[!]: /dev_bdvd/ -> D:\Emulateurs\Rpcs3\dev_hdd0\game\BLJM60571-[White Album 2 Shiawase no Mukougawa]/PS3_GAME/\..\
[!]: /host_root/ -> 
[!]: ///resource/ -> D:\Emulateurs\Rpcs3\dev_hdd0\game\BLJM60571-[White Album 2 Shiawase no Mukougawa]/PS3_GAME/\USRDIR\resource\
[!]: /app_home/Game/PS3_GAME/USRDIR/ -> D:\Emulateurs\Rpcs3\dev_hdd0\game\BLJM60571-[White Album 2 Shiawase no Mukougawa]/PS3_GAME/\USRDIR\
[!]: /app_home/PS3_GAME/USRDIR/media/ -> D:\Emulateurs\Rpcs3\dev_hdd0\game\BLJM60571-[White Album 2 Shiawase no Mukougawa]/PS3_GAME/\USRDIR\media\
[!]: /Data/ -> D:\Emulateurs\Rpcs3\dev_hdd0\game\BLJM60571-[White Album 2 Shiawase no Mukougawa]/PS3_GAME/\USRDIR\Data\
[!]: /USRDIR/PS3_GAME/USRDIR/Data/ -> D:\Emulateurs\Rpcs3\dev_hdd0\game\BLJM60571-[White Album 2 Shiawase no Mukougawa]/PS3_GAME/\USRDIR\Data\
[!]: /app_home//dev_bdvd/PS3_GAME/USRDIR/data/gos/ -> D:\Emulateurs\Rpcs3\dev_hdd0\game\BLJM60571-[White Album 2 Shiawase no Mukougawa]/PS3_GAME/\USRDIR\
[!]: BD/ -> D:\Emulateurs\Rpcs3\dev_hdd0\game\BLJM60571-[White Album 2 Shiawase no Mukougawa]/PS3_GAME/\USRDIR\
[!]: //dev_bdvd/PS3_GAME/USRDIR/ -> D:\Emulateurs\Rpcs3\dev_hdd0\game\BLJM60571-[White Album 2 Shiawase no Mukougawa]/PS3_GAME/\USRDIR\
[!]: / -> D:\Emulateurs\Rpcs3\dev_hdd0\game\BLJM60571-[White Album 2 Shiawase no Mukougawa]/PS3_GAME/\USRDIR\
[!]: Initing memory...
[!]: Memory initialized.
[!]: Function 'cellAANAddData' hooked (addr=0xc3e24)
[!]: Function 'cellSurMixerGetAANHandle' hooked (addr=0xc3e7c)
[!]: Function 'cellSurMixerSetNotifyCallback' hooked (addr=0xc3eb4)
[!]: Function 'cellSurMixerRemoveNotifyCallback' hooked (addr=0xc3f48)
[!]: Function 'cellSurMixerChStripGetAANPortNo' hooked (addr=0xc4780)
[!]: Function 'cellSurMixerChStripSetParameter' hooked (addr=0xc4aac)
[!]: Function 'cellSurMixerSetParameter' hooked (addr=0xc611c)
[!]: Function 'cellSurMixerStart' hooked (addr=0xc61ec)
[!]: Function 'cellSurMixerFinalize' hooked (addr=0xc64f4)
[!]: Function 'cellSurMixerCreate' hooked (addr=0xc6b74)
[E]: Function 'cellAANConnect' not found
[E]: Function 'cellAANDisconnect' not found
[E]: Function group [surmxAAN] failed: missing;
[E]: Function 'cellSurMixerSurBusAddData' not found
[E]: Function 'cellSurMixerPause' not found
[E]: Function 'cellSurMixerGetCurrentBlockTag' not found
[E]: Function 'cellSurMixerGetTimestamp' not found
[E]: Function 'cellSurMixerBeep' not found
[E]: Function group [surmixer] failed: missing;
[W]: Unknown function 0x723bbc7e in 'cellGcmSys' module
[E]: TODO: cellGcmGetVBlankCount
[W]: Unknown function 0x16394a4e in 'cellSpurs' module
[E]: TODO: _cellSpursTasksetAttributeInitialize
[W]: Unknown function 0x303c19cd in 'cellSpurs' module
[E]: TODO: cellSpursCreateJobChainWithAttribute
[W]: Unknown function 0x3548f483 in 'cellSpurs' module
[E]: TODO: _cellSpursJobChainAttributeInitialize
[W]: Unknown function 0x5ef96465 in 'cellSpurs' module
[E]: TODO: _cellSpursEventFlagInitialize
[W]: Unknown function 0x652b70e2 in 'cellSpurs' module
[E]: TODO: cellSpursTasksetAttributeSetName
[W]: Unknown function 0x738e40e6 in 'cellSpurs' module
[E]: TODO: cellSpursShutdownJobChain
[W]: Unknown function 0xa7c066de in 'cellSpurs' module
[E]: TODO: cellSpursJoinJobChain
[W]: Unknown function 0xbb68d76e in 'cellSpurs' module
[E]: TODO: cellSpursJobChainAttributeSetHaltOnError
[W]: Unknown function 0xc10931cb in 'cellSpurs' module
[E]: TODO: cellSpursCreateTasksetWithAttribute
[W]: Unknown function 0xf31731bb in 'cellSpurs' module
[E]: TODO: cellSpursRunJobChain
[W]: Unknown function 0x011ee38b in 'cellSpurs' module
[E]: TODO: _cellSpursLFQueueInitialize
[W]: Unknown function 0x1656d49f in 'cellSpurs' module
[E]: TODO: cellSpursLFQueueAttachLv2EventQueue
[W]: Unknown function 0x73e06f91 in 'cellSpurs' module
[E]: TODO: cellSpursLFQueueDetachLv2EventQueue
[W]: Unknown function 0x8a85674d in 'cellSpurs' module
[E]: TODO: _cellSpursLFQueuePushBody
[W]: Unknown function 0x20543730 in 'cellSysutil' module
[E]: TODO: cellMsgDialogClose
[W]: Unknown function 0x21425307 in 'cellSysutil' module
[E]: TODO: cellSaveDataListAutoLoad
[W]: Unknown function 0x220894e3 in 'cellSysutil' module
[E]: TODO: cellSysutilEnableBgmPlayback
[W]: Unknown function 0x62b0f803 in 'cellSysutil' module
[E]: TODO: cellMsgDialogAbort
[W]: Unknown function 0x8b7ed64b in 'cellSysutil' module
[E]: TODO: cellSaveDataAutoSave2
[W]: Unknown function 0x94862702 in 'cellSysutil' module
[E]: TODO: cellMsgDialogProgressBarInc
[W]: Unknown function 0xcfdd8e87 in 'cellSysutil' module
[E]: TODO: cellSysutilDisableBgmPlayback
[W]: Unknown function 0xedadd797 in 'cellSysutil' module
[E]: TODO: cellSaveDataDelete2
[W]: Unknown function 0xfbd5c856 in 'cellSysutil' module
[E]: TODO: cellSaveDataAutoLoad2
[W]: Unknown function 0x33435818 in 'cellL10n' module
[E]: TODO: SJISstoUTF8s
[W]: Unknown function 0x8a561d92 in 'sysPrxForUser' module
[E]: TODO: _sys_heap_free
[W]: Unknown function 0xaede4b03 in 'sysPrxForUser' module
[E]: TODO: _sys_heap_delete_heap
[W]: Unknown function 0xdd3b27ac in 'sysPrxForUser' module
[E]: TODO: _sys_spu_printf_finalize
[W : PPU[1] Thread (CPUThread)[0x01249034]]: sys_lwmutex warning: *** lwmutex created [_lc_mtx] (attribute=0x12): sq_id = 3
[W : PPU[1] Thread (CPUThread)[0x000f87cc]]: memory warning: sys_memory_get_user_memory_size(mem_info_addr=0xd0010c04)
[W : PPU[1] Thread (CPUThread)[0x01249034]]: sys_lwmutex warning: *** lwmutex created [_lc_mtx] (attribute=0x12): sq_id = 4
[W : PPU[1] Thread (CPUThread)[0x01249034]]: sys_lwmutex warning: *** lwmutex created [_lc_mtx] (attribute=0x12): sq_id = 5
[W : PPU[1] Thread (CPUThread)[0x01249034]]: sys_lwmutex warning: *** lwmutex created [_lc_mtx] (attribute=0x12): sq_id = 6
[W : PPU[1] Thread (CPUThread)[0x01249034]]: sys_lwmutex warning: *** lwmutex created [_lc_mtx] (attribute=0x12): sq_id = 7
[W : PPU[1] Thread (CPUThread)[0x01249034]]: sys_lwmutex warning: *** lwmutex created [_lc_mtx] (attribute=0x12): sq_id = 8
[W : PPU[1] Thread (CPUThread)[0x01249034]]: sys_lwmutex warning: *** lwmutex created [_lc_mtx] (attribute=0x12): sq_id = 9
[W : PPU[1] Thread (CPUThread)[0x01249034]]: sys_lwmutex warning: *** lwmutex created [_lc_mtx] (attribute=0x12): sq_id = 10
[W : PPU[1] Thread (CPUThread)[0x01249034]]: sys_lwmutex warning: *** lwmutex created [_lc_mtx] (attribute=0x12): sq_id = 11
[W : PPU[1] Thread (CPUThread)[0x01249034]]: sys_lwmutex warning: *** lwmutex created [_lc_mtx] (attribute=0x12): sq_id = 12
[W : PPU[1] Thread (CPUThread)[0x0013e0a0]]: cellSysutil warning: cellSysutilRegisterCallback(slot=0, func_addr=0x140568, userdata=0x0)
[W : PPU[1] Thread (CPUThread)[0x0123b010]]: cellSysmodule warning: cellSysmoduleLoadModule(CELL_SYSMODULE_L10N)
[W : PPU[1] Thread (CPUThread)[0x0123b010]]: cellSysmodule warning: cellSysmoduleLoadModule(CELL_SYSMODULE_RESC)
[W : PPU[1] Thread (CPUThread)[0x0123b010]]: cellSysmodule warning: cellSysmoduleLoadModule(CELL_SYSMODULE_FS)
[W : PPU[1] Thread (CPUThread)[0x0123b010]]: cellSysmodule warning: cellSysmoduleLoadModule(CELL_SYSMODULE_ATRAC3PLUS)
[W : PPU[1] Thread (CPUThread)[0x0123b010]]: cellSysmodule warning: cellSysmoduleLoadModule(CELL_SYSMODULE_RTC)
[W : PPU[1] Thread (CPUThread)[0x0123b010]]: cellSysmodule warning: cellSysmoduleLoadModule(CELL_SYSMODULE_SYSUTIL_GAME)
[W : PPU[1] Thread (CPUThread)[0x0123b010]]: cellSysmodule warning: cellSysmoduleLoadModule(CELL_SYSMODULE_SYSUTIL_SAVEDATA)
[W : PPU[1] Thread (CPUThread)[0x01249034]]: sys_lwmutex warning: *** lwmutex created [_lc_mtx] (attribute=0x12): sq_id = 13
[W : PPU[1] Thread (CPUThread)[0x01249034]]: sys_lwmutex warning: *** lwmutex created [vpl] (attribute=0x21): sq_id = 14
[W : PPU[1] Thread (CPUThread)[0x01249034]]: sys_lwmutex warning: *** lwmutex created [inputsys] (attribute=0x21): sq_id = 15
[! : PPU[1] Thread (CPUThread)[0x0124901c]]: *** New PPU Thread [input] (): id = 16
[W : PPU[1] Thread (CPUThread)[0x0013407c]]: sys_fs warning: cellFsAioInit(mount_point_addr=0x114a1c (/dev_bdvd/PS3_GAME/USRDIR))
[W : PPU[1] Thread (CPUThread)[0x01249034]]: sys_lwmutex warning: *** lwmutex created [uty] (attribute=0x21): sq_id = 17
[W : PPU[1] Thread (CPUThread)[0x00136070]]: cellGcmSys warning: cellGcmInit(context_addr=0x11a5520,cmdSize=0x10000,ioSize=0x100000,ioAddress=0x30300000)
[W : PPU[1] Thread (CPUThread)[0x00136070]]: cellGcmSys warning: *** local memory(addr=0xc0000000, size=0xf900000)
[W : PPU[1] Thread (CPUThread)[0x00136070]]: cellGcmSys warning: cellGcmMapEaIoAddress(ea=0x30300000, io=0x0, size=0x100000)
[! : RSXThread]: RSX thread entry
[W : PPU[1] Thread (CPUThread)[0x01249034]]: sys_lwmutex warning: *** lwmutex created [fpl] (attribute=0x21): sq_id = 18
[W : PPU[1] Thread (CPUThread)[0x01249034]]: sys_lwmutex warning: *** lwmutex created [_lc_mtx] (attribute=0x12): sq_id = 19
[W : PPU[1] Thread (CPUThread)[0x01249034]]: sys_lwmutex warning: *** lwmutex created [vpl] (attribute=0x21): sq_id = 20
[W : PPU[1] Thread (CPUThread)[0x01249034]]: sys_lwmutex warning: *** lwmutex created [sndsys] (attribute=0x21): sq_id = 21
[W : PPU[1] Thread (CPUThread)[0x01235010]]: cellAudio warning: cellAudioInit()
[! : Audio Thread]: Audio started
[W : PPU[1] Thread (CPUThread)[0x0013e04c]]: cellSysutil warning: cellAudioOutConfigure(audioOut=0, config_addr=0xd0010870, option_addr=0x0, (!)waitForEvent=0)
[W : PPU[1] Thread (CPUThread)[0x000c6b78]]: libmixer warning: cellSurMixerCreate(config_addr=0xd0010890)
[W : PPU[1] Thread (CPUThread)[0x000c6b78]]: libmixer warning: *** surMixer created (ch1=0, ch2=16, ch6=0, ch8=0)
[W : PPU[1] Thread (CPUThread)[0x000c3e80]]: libmixer warning: cellSurMixerGetAANHandle(handle_addr=0x3010100c) -> 0x11111111
[W : PPU[1] Thread (CPUThread)[0x000c4784]]: libmixer warning: cellSurMixerChStripGetAANPortNo(port_addr=0x30101010, type=0x2, index=0x0) -> 0x20000
[W : PPU[1] Thread (CPUThread)[0x000c4784]]: libmixer warning: cellSurMixerChStripGetAANPortNo(port_addr=0x30101014, type=0x2, index=0x1) -> 0x20001
[W : PPU[1] Thread (CPUThread)[0x000c4784]]: libmixer warning: cellSurMixerChStripGetAANPortNo(port_addr=0x30101018, type=0x2, index=0x2) -> 0x20002
[W : PPU[1] Thread (CPUThread)[0x000c4784]]: libmixer warning: cellSurMixerChStripGetAANPortNo(port_addr=0x3010101c, type=0x2, index=0x3) -> 0x20003
[W : PPU[1] Thread (CPUThread)[0x000c4784]]: libmixer warning: cellSurMixerChStripGetAANPortNo(port_addr=0x30101020, type=0x2, index=0x4) -> 0x20004
[W : PPU[1] Thread (CPUThread)[0x000c4784]]: libmixer warning: cellSurMixerChStripGetAANPortNo(port_addr=0x30101024, type=0x2, index=0x5) -> 0x20005
[W : PPU[1] Thread (CPUThread)[0x000c4784]]: libmixer warning: cellSurMixerChStripGetAANPortNo(port_addr=0x30101028, type=0x2, index=0x6) -> 0x20006
[W : PPU[1] Thread (CPUThread)[0x000c4784]]: libmixer warning: cellSurMixerChStripGetAANPortNo(port_addr=0x3010102c, type=0x2, index=0x7) -> 0x20007
[W : PPU[1] Thread (CPUThread)[0x000c4784]]: libmixer warning: cellSurMixerChStripGetAANPortNo(port_addr=0x30101030, type=0x2, index=0x8) -> 0x20008
[W : PPU[1] Thread (CPUThread)[0x000c4784]]: libmixer warning: cellSurMixerChStripGetAANPortNo(port_addr=0x30101034, type=0x2, index=0x9) -> 0x20009
[W : PPU[1] Thread (CPUThread)[0x000c4784]]: libmixer warning: cellSurMixerChStripGetAANPortNo(port_addr=0x30101038, type=0x2, index=0xa) -> 0x2000a
[W : PPU[1] Thread (CPUThread)[0x000c4784]]: libmixer warning: cellSurMixerChStripGetAANPortNo(port_addr=0x3010103c, type=0x2, index=0xb) -> 0x2000b
[W : PPU[1] Thread (CPUThread)[0x000c4784]]: libmixer warning: cellSurMixerChStripGetAANPortNo(port_addr=0x30101040, type=0x2, index=0xc) -> 0x2000c
[W : PPU[1] Thread (CPUThread)[0x000c4784]]: libmixer warning: cellSurMixerChStripGetAANPortNo(port_addr=0x30101044, type=0x2, index=0xd) -> 0x2000d
[W : PPU[1] Thread (CPUThread)[0x000c4784]]: libmixer warning: cellSurMixerChStripGetAANPortNo(port_addr=0x30101048, type=0x2, index=0xe) -> 0x2000e
[W : PPU[1] Thread (CPUThread)[0x000c4784]]: libmixer warning: cellSurMixerChStripGetAANPortNo(port_addr=0x3010104c, type=0x2, index=0xf) -> 0x2000f
[W : PPU[1] Thread (CPUThread)[0x000c3eb8]]: libmixer warning: cellSurMixerSetNotifyCallback(func_addr=0x140ee0, arg=0x30100fe0) (surMixerCb=0x0)
[E : PPU[1] Thread (CPUThread)[0x000c6120]]: libmixer error: cellSurMixerSetParameter(param=0x28, value=0.000000)
[W : PPU[1] Thread (CPUThread)[0x01249034]]: sys_lwmutex warning: *** lwmutex created [ringbuf] (attribute=0x21): sq_id = 22
[W : PPU[1] Thread (CPUThread)[0x01249034]]: sys_lwmutex warning: *** lwmutex created [ringbuf] (attribute=0x21): sq_id = 23
[W : PPU[1] Thread (CPUThread)[0x01249034]]: sys_lwmutex warning: *** lwmutex created [ringbuf] (attribute=0x21): sq_id = 24
[W : PPU[1] Thread (CPUThread)[0x01249034]]: sys_lwmutex warning: *** lwmutex created [ringbuf] (attribute=0x21): sq_id = 25
[W : PPU[1] Thread (CPUThread)[0x01249034]]: sys_lwmutex warning: *** lwmutex created [ringbuf] (attribute=0x21): sq_id = 26
[W : PPU[1] Thread (CPUThread)[0x01249034]]: sys_lwmutex warning: *** lwmutex created [ringbuf] (attribute=0x21): sq_id = 27
[W : PPU[1] Thread (CPUThread)[0x01249034]]: sys_lwmutex warning: *** lwmutex created [ringbuf] (attribute=0x21): sq_id = 28
[W : PPU[1] Thread (CPUThread)[0x01249034]]: sys_lwmutex warning: *** lwmutex created [ringbuf] (attribute=0x21): sq_id = 29
[W : PPU[1] Thread (CPUThread)[0x01249034]]: sys_lwmutex warning: *** lwmutex created [ringbuf] (attribute=0x21): sq_id = 30
[W : PPU[1] Thread (CPUThread)[0x01249034]]: sys_lwmutex warning: *** lwmutex created [ringbuf] (attribute=0x21): sq_id = 31
[W : PPU[1] Thread (CPUThread)[0x01249034]]: sys_lwmutex warning: *** lwmutex created [ringbuf] (attribute=0x21): sq_id = 32
[W : PPU[1] Thread (CPUThread)[0x01249034]]: sys_lwmutex warning: *** lwmutex created [ringbuf] (attribute=0x21): sq_id = 33
[W : PPU[1] Thread (CPUThread)[0x01249034]]: sys_lwmutex warning: *** lwmutex created [ringbuf] (attribute=0x21): sq_id = 34
[W : PPU[1] Thread (CPUThread)[0x01249034]]: sys_lwmutex warning: *** lwmutex created [ringbuf] (attribute=0x21): sq_id = 35
[W : PPU[1] Thread (CPUThread)[0x01249034]]: sys_lwmutex warning: *** lwmutex created [ringbuf] (attribute=0x21): sq_id = 36
[W : PPU[1] Thread (CPUThread)[0x01249034]]: sys_lwmutex warning: *** lwmutex created [ringbuf] (attribute=0x21): sq_id = 37
[W : PPU[1] Thread (CPUThread)[0x01249034]]: sys_lwmutex warning: *** lwmutex created [synth2] (attribute=0x21): sq_id = 38
[W : PPU[1] Thread (CPUThread)[0x01235058]]: cellAudio warning: cellAudioPortOpen(audioParam_addr=0x30101590, portNum_addr=0x301015d0)
[W : PPU[1] Thread (CPUThread)[0x01235058]]: cellAudio warning: *** audio port opened(nChannel=8, nBlock=8, attr=0x0, level=1.000000): port = 0
[W : PPU[1] Thread (CPUThread)[0x01235034]]: cellAudio warning: cellAudioGetPortConfig(portNum=0x0, portConfig_addr=0x301015b0)
[E : PPU[1] Thread (CPUThread)[0x01235028]]: cellAudio error: cellAudioSetPortLevel(portNum=0x0, level=0.000000)
[W : PPU[1] Thread (CPUThread)[0x01235004]]: cellAudio warning: cellAudioCreateNotifyEventQueue(id_addr=0x301015dc, key_addr=0x301015e0)
[W : PPU[1] Thread (CPUThread)[0x000ce0e8]]: sys_mutex warning: *** mutex created [] (protocol=0x2, recursive=false): id = 40
[W : PPU[1] Thread (CPUThread)[0x000ce25c]]: sys_spu warning: sys_spu_thread_group_create(id_addr=0x122e290, num=1, prio=100, attr_addr=0x122e384)
[W : PPU[1] Thread (CPUThread)[0x000ce25c]]: sys_spu warning: *** SPU Thread Group created [_synth2 Group] (type=0x0, option.ct=0x0): id=41
[W : PPU[1] Thread (CPUThread)[0x01249130]]: sysPrxForUser warning: sys_spu_image_import(img=0x122e294, src=0x122080, type=0x1)
[W : PPU[1] Thread (CPUThread)[0x01249130]]: LoadShdr32 error: shstrndx too big!
[W : PPU[1] Thread (CPUThread)[0x01249130]]: desc = 'synth2.elf'
[W : PPU[1] Thread (CPUThread)[0x000ce35c]]: sys_spu warning: sys_spu_thread_initialize(thread_addr=0x122e28c, group=0x29, spu_num=0, img_addr=0x122e294, attr_addr=0x122e394, arg_addr=0x122e3a0)
[W : PPU[1] Thread (CPUThread)[0x000ce35c]]: sys_spu warning: *** New SPU Thread [_synth2 Thread] (img_offset=0x124d000, ls_offset=0x128d000, ep=0xf0, a1=0x122e300, a2=0x0, a3=0x0, a4=0x0): id=42
[W : PPU[1] Thread (CPUThread)[0x000ce82c]]: sys_event warning: sys_event_queue_create(equeue_id_addr=0x11a6c28, attr_addr=0x11a6c30, event_queue_key=0x0, size=32)
[W : PPU[1] Thread (CPUThread)[0x000ce82c]]: sys_event warning: *** event_queue created [] (protocol=0x2, type=0x1): id = 43
[W : PPU[1] Thread (CPUThread)[0x000ce848]]: sys_spu warning: sys_spu_thread_connect_event(id=42, eq_id=43, event_type=0x1, spup=58)
[W : PPU[1] Thread (CPUThread)[0x000ce868]]: sys_event warning: sys_event_queue_create(equeue_id_addr=0x11a6c2c, attr_addr=0x11a6c30, event_queue_key=0x0, size=32)
[W : PPU[1] Thread (CPUThread)[0x000ce868]]: sys_event warning: *** event_queue created [] (protocol=0x2, type=0x2): id = 44
[W : PPU[1] Thread (CPUThread)[0x000ce880]]: sys_event warning: sys_event_port_create(eport_id_addr=0x11a6c40, port_type=0x1, name=0x0)
[W : PPU[1] Thread (CPUThread)[0x000ce880]]: sys_event warning: *** sys_event_port created: id = 45
[W : PPU[1] Thread (CPUThread)[0x000ce890]]: sys_event warning: sys_event_port_connect_local(eport_id=45, equeue_id=44)
[W : PPU[1] Thread (CPUThread)[0x000ce8a8]]: sys_spu warning: sys_spu_thread_bind_queue(id=42, equeue_id=44, spuq_num=0x1012000)
[W : PPU[1] Thread (CPUThread)[0x000ce390]]: sys_spu warning: sys_spu_thread_group_start(id=41)
[! : SPU[42] Thread (_synth2 Thread)[0x000000b0]]: BISL(rt=0,ra=3)
