[!]: path: /dev_hdd0/game/
[W]: SELF: No NPDRM control info found!
[!]: Loading 'F:\Ps3 game\dev_hdd0\game\BLJM60582 - [Sharin no Kuni, Himawari no Shoujo]\USRDIR/BOOT.BIN'...
[!]: Mount info:
[!]: /dev_hdd0/ -> F:\Ps3 game\dev_hdd0
[!]: /dev_hdd1/ -> E:\PS3EMU\Rpcs3-x6413/dev_hdd1/
[!]: /dev_flash/ -> E:\PS3EMU\Rpcs3-x6413/dev_flash/
[!]: /dev_usb000/ -> E:\PS3EMU\Rpcs3-x6413/dev_usb000/
[!]: /dev_usb/ -> E:\PS3EMU\Rpcs3-x6413/dev_usb000/
[!]: /app_home/ -> F:\Ps3 game\dev_hdd0\game\BLJM60582 - [Sharin no Kuni, Himawari no Shoujo]\
[!]: /dev_bdvd/ -> F:\Ps3 game\dev_hdd0\game\BLJM60582 - [Sharin no Kuni, Himawari no Shoujo]\/../
[!]: /host_root/ -> 
[!]: / -> F:\Ps3 game\dev_hdd0\game\BLJM60582 - [Sharin no Kuni, Himawari no Shoujo]\
[!]: Initing memory...
[!]: Memory initialized.
[W]: Unknown function 0x20543730 in 'cellSysutil' module
[E]: TODO: cellMsgDialogClose
[W]: Unknown function 0x21425307 in 'cellSysutil' module
[E]: TODO: cellSaveDataListAutoLoad
[W]: Unknown function 0x2a8eada2 in 'cellSysutil' module
[E]: TODO: cellSaveDataFixedLoad2
[W]: Unknown function 0x2aae9ef5 in 'cellSysutil' module
[E]: TODO: cellSaveDataFixedSave2
[W]: Unknown function 0x4dd03a4e in 'cellSysutil' module
[E]: TODO: cellSaveDataListAutoSave
[W]: Unknown function 0x62b0f803 in 'cellSysutil' module
[E]: TODO: cellMsgDialogAbort
[W]: Unknown function 0x8b7ed64b in 'cellSysutil' module
[E]: TODO: cellSaveDataAutoSave2
[W]: Unknown function 0x94862702 in 'cellSysutil' module
[E]: TODO: cellMsgDialogProgressBarInc
[W]: Unknown function 0x9d6af72a in 'cellSysutil' module
[E]: TODO: cellMsgDialogProgressBarSetMsg
[W]: Unknown function 0xe7fa820b in 'cellSysutil' module
[E]: TODO: cellSaveDataEnableOverlay
[W]: Unknown function 0xfbd5c856 in 'cellSysutil' module
[E]: TODO: cellSaveDataAutoLoad2
[W]: Unknown function 0x63387071 in 'cellGcmSys' module
[E]: TODO: cellGcmGetLastFlipTime
[W]: Unknown function 0xaa6269a8 in 'cellSpurs' module
[E]: TODO: cellSpursInitializeWithAttribute
[W]: Unknown function 0x16394a4e in 'cellSpurs' module
[E]: TODO: _cellSpursTasksetAttributeInitialize
[W]: Unknown function 0x1d46fedf in 'cellSpurs' module
[E]: TODO: cellSpursCreateTaskWithAttribute
[W]: Unknown function 0x22aab31d in 'cellSpurs' module
[E]: TODO: cellSpursEventFlagDetachLv2EventQueue
[W]: Unknown function 0x373523d4 in 'cellSpurs' module
[E]: TODO: cellSpursEventFlagWait
[W]: Unknown function 0x5ef96465 in 'cellSpurs' module
[E]: TODO: _cellSpursEventFlagInitialize
[W]: Unknown function 0x652b70e2 in 'cellSpurs' module
[E]: TODO: cellSpursTasksetAttributeSetName
[W]: Unknown function 0x87630976 in 'cellSpurs' module
[E]: TODO: cellSpursEventFlagAttachLv2EventQueue
[W]: Unknown function 0x9f72add3 in 'cellSpurs' module
[E]: TODO: cellSpursJoinTaskset
[W]: Unknown function 0xa789e631 in 'cellSpurs' module
[E]: TODO: cellSpursShutdownTaskset
[W]: Unknown function 0xb8474eff in 'cellSpurs' module
[E]: TODO: _cellSpursTaskAttributeInitialize
[W]: Unknown function 0xc10931cb in 'cellSpurs' module
[E]: TODO: cellSpursCreateTasksetWithAttribute
[W]: Unknown function 0xf5507729 in 'cellSpurs' module
[E]: TODO: cellSpursEventFlagSet
[W]: Unknown function 0x33435818 in 'cellL10n' module
[E]: TODO: SJISstoUTF8s
[W]: Unknown function 0xa298cad2 in 'cellL10n' module
[E]: TODO: l10n_convert_str
[W]: Unknown function 0xcc1633cc in 'cellL10n' module
[E]: TODO: l10n_get_converter
[W]: Unknown function 0x8a561d92 in 'sysPrxForUser' module
[E]: TODO: _sys_heap_free
[W]: Unknown function 0xaede4b03 in 'sysPrxForUser' module
[E]: TODO: _sys_heap_delete_heap
[W : PPU[1] Thread (CPUThread)[0x008c7034]]: sys_lwmutex warning: *** lwmutex created [_lc_mtx] (attribute=0x12): sq_id = 3
[W : PPU[1] Thread (CPUThread)[0x0011b614]]: memory warning: sys_memory_get_user_memory_size(mem_info_addr=0xd0010c04)
[W : PPU[1] Thread (CPUThread)[0x008c7034]]: sys_lwmutex warning: *** lwmutex created [_lc_mtx] (attribute=0x12): sq_id = 4
[W : PPU[1] Thread (CPUThread)[0x008c7034]]: sys_lwmutex warning: *** lwmutex created [_lc_mtx] (attribute=0x12): sq_id = 5
[W : PPU[1] Thread (CPUThread)[0x008c7034]]: sys_lwmutex warning: *** lwmutex created [_lc_mtx] (attribute=0x12): sq_id = 6
[W : PPU[1] Thread (CPUThread)[0x008c7034]]: sys_lwmutex warning: *** lwmutex created [_lc_mtx] (attribute=0x12): sq_id = 7
[W : PPU[1] Thread (CPUThread)[0x008c7034]]: sys_lwmutex warning: *** lwmutex created [_lc_mtx] (attribute=0x12): sq_id = 8
[W : PPU[1] Thread (CPUThread)[0x008c7034]]: sys_lwmutex warning: *** lwmutex created [_lc_mtx] (attribute=0x12): sq_id = 9
[W : PPU[1] Thread (CPUThread)[0x008c7034]]: sys_lwmutex warning: *** lwmutex created [_lc_mtx] (attribute=0x12): sq_id = 10
[W : PPU[1] Thread (CPUThread)[0x008c7034]]: sys_lwmutex warning: *** lwmutex created [_lc_mtx] (attribute=0x12): sq_id = 11
[W : PPU[1] Thread (CPUThread)[0x008c7034]]: sys_lwmutex warning: *** lwmutex created [_lc_mtx] (attribute=0x12): sq_id = 12
[W : PPU[1] Thread (CPUThread)[0x0018d01c]]: cellSysmodule warning: cellSysmoduleIsLoaded(CELL_SYSMODULE_L10N)
[W : PPU[1] Thread (CPUThread)[0x0018d010]]: cellSysmodule warning: cellSysmoduleLoadModule(CELL_SYSMODULE_L10N)
[E : PPU[1] Thread (CPUThread)[0x008bd004]]: TODO: SJISstoUTF8s
[E : PPU[1] Thread (CPUThread)[0x008bd004]]: TODO: SJISstoUTF8s
[W : PPU[1] Thread (CPUThread)[0x0018d01c]]: cellSysmodule warning: cellSysmoduleIsLoaded(CELL_SYSMODULE_FS)
[W : PPU[1] Thread (CPUThread)[0x0018d010]]: cellSysmodule warning: cellSysmoduleLoadModule(CELL_SYSMODULE_FS)
[W : PPU[1] Thread (CPUThread)[0x0018d01c]]: cellSysmodule warning: cellSysmoduleIsLoaded(CELL_SYSMODULE_RESC)
[W : PPU[1] Thread (CPUThread)[0x0018d010]]: cellSysmodule warning: cellSysmoduleLoadModule(CELL_SYSMODULE_RESC)
[W : PPU[1] Thread (CPUThread)[0x0018d01c]]: cellSysmodule warning: cellSysmoduleIsLoaded(CELL_SYSMODULE_FS)
[W : PPU[1] Thread (CPUThread)[0x0018d01c]]: cellSysmodule warning: cellSysmoduleIsLoaded(CELL_SYSMODULE_SYSUTIL_GAME)
[W : PPU[1] Thread (CPUThread)[0x0018d010]]: cellSysmodule warning: cellSysmoduleLoadModule(CELL_SYSMODULE_SYSUTIL_GAME)
[W : PPU[1] Thread (CPUThread)[0x008b901c]]: cellGame warning: cellGameBootCheck(type_addr=0x1a17d4, attributes_addr=0xd0010880, size_addr=0x1a18d8, dirName_addr=0xd0010888)
[W : PPU[1] Thread (CPUThread)[0x008b9004]]: cellGame warning: cellGameContentPermit(contentInfoPath_addr=0xd0010988, usrdirPath_addr=0x1a17d8)
[W : PPU[1] Thread (CPUThread)[0x0018d01c]]: cellSysmodule warning: cellSysmoduleIsLoaded(CELL_SYSMODULE_L10N)
[W : PPU[1] Thread (CPUThread)[0x000619cc]]: sys_spu warning: sys_spu_initialize(max_usable_spu=6, max_raw_spu=1)
[W : PPU[1] Thread (CPUThread)[0x0018b0b8]]: cellGcmSys warning: cellGcmInitDefaultFifoMode(mode=1)
[W : PPU[1] Thread (CPUThread)[0x0018b010]]: cellGcmSys warning: cellGcmInit(context_addr=0x813318,cmdSize=0x800000,ioSize=0x2800000,ioAddress=0x30200000)
[W : PPU[1] Thread (CPUThread)[0x0018b010]]: cellGcmSys warning: *** local memory(addr=0xc0000000, size=0xf900000)
[W : PPU[1] Thread (CPUThread)[0x0018b010]]: cellGcmSys warning: cellGcmMapEaIoAddress(ea=0x30200000, io=0x0, size=0x2800000)
[W : PPU[1] Thread (CPUThread)[0x008bf058]]: cellResc warning: cellRescInit(initConfig_addr=0xd0010bc4)
[! : RSXThread]: RSX thread entry
[W : PPU[1] Thread (CPUThread)[0x008bf028]]: cellResc warning: cellRescSetDisplayMode(displayMode=1)
[W : PPU[1] Thread (CPUThread)[0x008bf028]]: cellSysutil warning: cellVideoOutConfigure(videoOut=0, config_addr=0x30016000, option_addr=0x0, waitForEvent=0x0)
[W : PPU[1] Thread (CPUThread)[0x008bf028]]: cellGcmSys warning: cellGcmSetFlipMode(mode=2)
[W : PPU[1] Thread (CPUThread)[0x008bf064]]: cellResc warning: cellRescGetBufferSize(colorBuffers_addr=0xd0010b1c, vertexArray_addr=0xd0010b20, fragmentShader_addr=0xd0010b24)
[W : PPU[1] Thread (CPUThread)[0x008bf07c]]: cellResc warning: cellRescSetBufferAddress(colorBuffers_addr=0xc0720000, vertexArray_addr=0xc1820000, fragmentShader_addr=0xc0384000)
[W : PPU[1] Thread (CPUThread)[0x008bf07c]]: cellGcmSys warning: cellGcmSetDisplayBuffer(id=0x0,offset=0x720000,pitch=4,width=720,height=480)
[W : PPU[1] Thread (CPUThread)[0x008bf07c]]: cellGcmSys warning: cellGcmSetDisplayBuffer(id=0x1,offset=0x8a0000,pitch=4,width=720,height=480)
[W : PPU[1] Thread (CPUThread)[0x0018b0ac]]: cellGcmSys warning: cellGcmSetTileInfo(index=14, location=0, offset=7471104, size=17825792, pitch=3072, comp=7, base=114, bank=0)
[E : PPU[1] Thread (CPUThread)[0x0018b0ac]]: cellGcmSys error: cellGcmSetTileInfo: bad comp! (7)
[W : PPU[1] Thread (CPUThread)[0x0018b040]]: cellGcmSys warning: cellGcmBindTile(index=14)
[W : PPU[1] Thread (CPUThread)[0x008bf04c]]: cellResc warning: cellRescSetFlipHandler(handler_addr=0x191130)
[W : PPU[1] Thread (CPUThread)[0x001890c4]]: cellSysutil warning: cellSysutilRegisterCallback(slot=0, func_addr=0x191140, userdata=0x0)
[W : PPU[1] Thread (CPUThread)[0x00189058]]: cellSysutil warning: cellSysutilGetSystemParamInt: CELL_SYSUTIL_SYSTEMPARAM_ID_ENTER_BUTTON_ASSIGN
[W : PPU[1] Thread (CPUThread)[0x008c307c]]: sys_fs warning: cellFsSdataOpen(path="/dev_hdd0/game/BLJM60582/USRDIR/vs_texture.vpo.sdat", flags=0x0, fd_addr=0xd00107bc, arg_addr=0x0, size=0x0)
[E : PPU[1] Thread (CPUThread)[0x008c307c]]: sys_fs error: '/dev_hdd0/game/BLJM60582/USRDIR/vs_texture.vpo.sdat' not found! flags: 0x00000001
[W : PPU[1] Thread (CPUThread)[0x0018d01c]]: cellSysmodule warning: cellSysmoduleIsLoaded(CELL_SYSMODULE_IO)
[W : PPU[1] Thread (CPUThread)[0x0018d010]]: cellSysmodule warning: cellSysmoduleLoadModule(CELL_SYSMODULE_IO)
[W : PPU[1] Thread (CPUThread)[0x0018d01c]]: cellSysmodule warning: cellSysmoduleIsLoaded(CELL_SYSMODULE_FS)
[W : PPU[1] Thread (CPUThread)[0x0018d01c]]: cellSysmodule warning: cellSysmoduleIsLoaded(CELL_SYSMODULE_SYNC)
[W : PPU[1] Thread (CPUThread)[0x0018d010]]: cellSysmodule warning: cellSysmoduleLoadModule(CELL_SYSMODULE_SYNC)
[W : PPU[1] Thread (CPUThread)[0x0018d01c]]: cellSysmodule warning: cellSysmoduleIsLoaded(CELL_SYSMODULE_SPURS)
[W : PPU[1] Thread (CPUThread)[0x0018d010]]: cellSysmodule warning: cellSysmoduleLoadModule(CELL_SYSMODULE_SPURS)
[W : PPU[1] Thread (CPUThread)[0x0018d01c]]: cellSysmodule warning: cellSysmoduleIsLoaded(CELL_SYSMODULE_AUDIO)
[W : PPU[1] Thread (CPUThread)[0x0018d010]]: cellSysmodule warning: cellSysmoduleLoadModule(CELL_SYSMODULE_AUDIO)
[W : PPU[1] Thread (CPUThread)[0x0018d01c]]: cellSysmodule warning: cellSysmoduleIsLoaded(CELL_SYSMODULE_SYSUTIL_GAME)
[W : PPU[1] Thread (CPUThread)[0x008c7034]]: sys_lwmutex warning: *** lwmutex created [] (attribute=0x12): sq_id = 13
[W : PPU[1] Thread (CPUThread)[0x000be158]]: sys_mutex warning: *** mutex created [] (protocol=0x2, recursive=true): id = 14
[W : PPU[1] Thread (CPUThread)[0x000be18c]]: sys_cond warning: *** condition on recursive mutex(14)
[W : PPU[1] Thread (CPUThread)[0x000be18c]]: sys_cond warning: *** condition created [] (mutex_id=14): id = 15
[W : PPU[1] Thread (CPUThread)[0x008c7034]]: sys_lwmutex warning: *** lwmutex created [] (attribute=0x12): sq_id = 16
[! : PPU[1] Thread (CPUThread)[0x008c701c]]: *** New PPU Thread [cri_dlg] (): id = 17
[W : PPU[1] Thread (CPUThread)[0x008c7034]]: sys_lwmutex warning: *** lwmutex created [] (attribute=0x12): sq_id = 18
[W : PPU[1] Thread (CPUThread)[0x008c7034]]: sys_lwmutex warning: *** lwmutex created [] (attribute=0x12): sq_id = 19
[W : PPU[1] Thread (CPUThread)[0x008c7034]]: sys_lwmutex warning: *** lwmutex created [] (attribute=0x12): sq_id = 20
[W : PPU[1] Thread (CPUThread)[0x000be158]]: sys_mutex warning: *** mutex created [] (protocol=0x2, recursive=true): id = 21
[W : PPU[1] Thread (CPUThread)[0x000be18c]]: sys_cond warning: *** condition on recursive mutex(21)
[W : PPU[1] Thread (CPUThread)[0x000be18c]]: sys_cond warning: *** condition created [] (mutex_id=21): id = 22
[W : PPU[1] Thread (CPUThread)[0x008c7034]]: sys_lwmutex warning: *** lwmutex created [] (attribute=0x12): sq_id = 23
[! : PPU[1] Thread (CPUThread)[0x008c701c]]: *** New PPU Thread [cri_dlg] (): id = 24
[W : PPU[1] Thread (CPUThread)[0x008c7034]]: sys_lwmutex warning: *** lwmutex created [] (attribute=0x12): sq_id = 25
[W : PPU[1] Thread (CPUThread)[0x008c7034]]: sys_lwmutex warning: *** lwmutex created [] (attribute=0x12): sq_id = 26
[W : PPU[1] Thread (CPUThread)[0x0009c11c]]: sys_mutex warning: *** mutex created [] (protocol=0x2, recursive=true): id = 27
[W : PPU[1] Thread (CPUThread)[0x0009c154]]: sys_cond warning: *** condition on recursive mutex(27)
[W : PPU[1] Thread (CPUThread)[0x0009c154]]: sys_cond warning: *** condition created [] (mutex_id=27): id = 28
[W : PPU[1] Thread (CPUThread)[0x0009c11c]]: sys_mutex warning: *** mutex created [] (protocol=0x2, recursive=true): id = 29
[W : PPU[1] Thread (CPUThread)[0x0009c154]]: sys_cond warning: *** condition on recursive mutex(29)
[W : PPU[1] Thread (CPUThread)[0x0009c154]]: sys_cond warning: *** condition created [] (mutex_id=29): id = 30
[W : PPU[1] Thread (CPUThread)[0x0009c11c]]: sys_mutex warning: *** mutex created [] (protocol=0x2, recursive=true): id = 31
[W : PPU[1] Thread (CPUThread)[0x0009c154]]: sys_cond warning: *** condition on recursive mutex(31)
[W : PPU[1] Thread (CPUThread)[0x0009c154]]: sys_cond warning: *** condition created [] (mutex_id=31): id = 32
[W : PPU[1] Thread (CPUThread)[0x0009c11c]]: sys_mutex warning: *** mutex created [] (protocol=0x2, recursive=true): id = 33
[W : PPU[1] Thread (CPUThread)[0x0009c154]]: sys_cond warning: *** condition on recursive mutex(33)
[W : PPU[1] Thread (CPUThread)[0x0009c154]]: sys_cond warning: *** condition created [] (mutex_id=33): id = 34
[W : PPU[1] Thread (CPUThread)[0x008c7034]]: sys_lwmutex warning: *** lwmutex created [] (attribute=0x12): sq_id = 35
[W : PPU[1] Thread (CPUThread)[0x008c7034]]: sys_lwmutex warning: *** lwmutex created [] (attribute=0x12): sq_id = 36
[W : PPU[1] Thread (CPUThread)[0x008c7034]]: sys_lwmutex warning: *** lwmutex created [] (attribute=0x12): sq_id = 37
[W : PPU[1] Thread (CPUThread)[0x008c7034]]: sys_lwmutex warning: *** lwmutex created [] (attribute=0x12): sq_id = 38
[W : PPU[1] Thread (CPUThread)[0x008c7034]]: sys_lwmutex warning: *** lwmutex created [] (attribute=0x12): sq_id = 39
[W : PPU[1] Thread (CPUThread)[0x008c7034]]: sys_lwmutex warning: *** lwmutex created [] (attribute=0x12): sq_id = 40
[W : PPU[1] Thread (CPUThread)[0x008c7034]]: sys_lwmutex warning: *** lwmutex created [] (attribute=0x12): sq_id = 41
[W : PPU[1] Thread (CPUThread)[0x008c7034]]: sys_lwmutex warning: *** lwmutex created [] (attribute=0x12): sq_id = 42
[W : PPU[1] Thread (CPUThread)[0x008c7034]]: sys_lwmutex warning: *** lwmutex created [] (attribute=0x12): sq_id = 43
[! : PPU[1] Thread (CPUThread)[0x008c701c]]: *** New PPU Thread [cri_adxm_vv_proc] (): id = 44
[W : PPU[1] Thread (CPUThread)[0x008c7034]]: sys_lwmutex warning: *** lwmutex created [] (attribute=0x12): sq_id = 45
[! : PPU[1] Thread (CPUThread)[0x008c701c]]: *** New PPU Thread [cri_adxm_vsync_proc] (): id = 46
[W : PPU[1] Thread (CPUThread)[0x008c7034]]: sys_lwmutex warning: *** lwmutex created [] (attribute=0x12): sq_id = 47
[! : PPU[1] Thread (CPUThread)[0x008c701c]]: *** New PPU Thread [cri_adxm_fs_proc] (): id = 48
[W : PPU[1] Thread (CPUThread)[0x008c7034]]: sys_lwmutex warning: *** lwmutex created [] (attribute=0x12): sq_id = 49
[! : PPU[1] Thread (CPUThread)[0x008c701c]]: *** New PPU Thread [cri_adxm_idle_proc] (): id = 50
[W : PPU[1] Thread (CPUThread)[0x0009c650]]: sysPrxForUser warning: sys_ppu_thread_set_priority(thread_id=1, prio=1001)
[W : PPU[1] Thread (CPUThread)[0x001890d0]]: cellSysutil warning: cellAudioOutGetSoundAvailability(audioOut=0, type=0, fs=0x4, option=0)
[W : PPU[1] Thread (CPUThread)[0x00189064]]: cellSysutil warning: cellAudioOutConfigure(audioOut=0, config_addr=0xd00107b0, option_addr=0x0, (!)waitForEvent=0)
[W : PPU[1] Thread (CPUThread)[0x001890e8]]: cellSysutil warning: cellAudioOutGetState(audioOut=0x0,deviceIndex=0x0,state_addr=0xd00107d4)
[W : PPU[1] Thread (CPUThread)[0x008b5004]]: cellAudio warning: cellAudioInit()
[! : Audio Thread]: Audio started
[W : PPU[1] Thread (CPUThread)[0x008c70d0]]: sys_heap warning: sys_heap_create_heap(heap_addr=0x159bb0, align=0x20000, size=0x110000)
[W : PPU[1] Thread (CPUThread)[0x008c70d0]]: sys_heap warning: *** sys_heap created: id = 51
[W : PPU[1] Thread (CPUThread)[0x008c7064]]: sys_heap warning: _sys_heap_memalign(heap_id=51, align=0x10, size=0x1080)
[W : PPU[1] Thread (CPUThread)[0x008c7034]]: sys_lwmutex warning: *** lwmutex created [_mxr004] (attribute=0x22): sq_id = 52
[W : PPU[1] Thread (CPUThread)[0x008c7064]]: sys_heap warning: _sys_heap_memalign(heap_id=51, align=0x10, size=0x8280)
[W : PPU[1] Thread (CPUThread)[0x000921b0]]: sys_mutex warning: *** mutex created [_mxr005] (protocol=0x2, recursive=false): id = 53
[W : PPU[1] Thread (CPUThread)[0x000921d4]]: sys_cond warning: *** condition created [] (mutex_id=53): id = 54
[W : PPU[1] Thread (CPUThread)[0x00092260]]: sys_mutex warning: *** mutex created [_mxr007] (protocol=0x2, recursive=false): id = 55
[W : PPU[1] Thread (CPUThread)[0x00092284]]: sys_cond warning: *** condition created [] (mutex_id=55): id = 56
[W : PPU[1] Thread (CPUThread)[0x00092308]]: sys_mutex warning: *** mutex created [_mxr009] (protocol=0x2, recursive=false): id = 57
[W : PPU[1] Thread (CPUThread)[0x0009232c]]: sys_cond warning: *** condition created [] (mutex_id=57): id = 58
[! : PPU[1] Thread (CPUThread)[0x008c701c]]: *** New PPU Thread [_sys_mixerSurBusReq] (): id = 59
[W : PPU[1] Thread (CPUThread)[0x008c7034]]: sys_lwmutex warning: *** lwmutex created [_mxr001] (attribute=0x22): sq_id = 60
[W : PPU[1] Thread (CPUThread)[0x008c7034]]: sys_lwmutex warning: *** lwmutex created [_mxr002] (attribute=0x22): sq_id = 61
[! : PPU[1] Thread (CPUThread)[0x008c701c]]: *** New PPU Thread [_cellsurMixerMain] (): id = 62
[W : PPU[62] Thread (_cellsurMixerMain)[0x000939f4]]: sys_event warning: sys_event_queue_create(equeue_id_addr=0x8138a4, attr_addr=0x814950, event_queue_key=0x8000cafe02460300, size=2)
[W : PPU[1] Thread (CPUThread)[0x008c7034]]: sys_lwmutex warning: *** lwmutex created [_mxr003] (attribute=0x22): sq_id = 63
[W : PPU[1] Thread (CPUThread)[0x008b5064]]: cellAudio warning: cellAudioPortOpen(audioParam_addr=0x8138e8, portNum_addr=0x813858)
[W : PPU[62] Thread (_cellsurMixerMain)[0x000939f4]]: sys_event warning: *** event_queue created [_mxr000] (protocol=0x1, type=0x1): id = 64
[W : PPU[1] Thread (CPUThread)[0x008b5064]]: cellAudio warning: *** audio port opened(nChannel=8, nBlock=8, attr=0x0, level=1.000000): port = 0
[W : PPU[1] Thread (CPUThread)[0x008b5040]]: cellAudio warning: cellAudioGetPortConfig(portNum=0x0, portConfig_addr=0x813908)
[W : PPU[1] Thread (CPUThread)[0x008c7034]]: sys_lwmutex warning: *** lwmutex created [] (attribute=0x12): sq_id = 65
[W : PPU[1] Thread (CPUThread)[0x008b504c]]: cellAudio warning: cellAudioPortStart(portNum=0x0)
[W : PPU[1] Thread (CPUThread)[0x008b5010]]: cellAudio warning: cellAudioSetNotifyEventQueue(key=0x8000cafe02460300)
[W : PPU[1] Thread (CPUThread)[0x008c7034]]: sys_lwmutex warning: *** lwmutex created [] (attribute=0x12): sq_id = 66
[W : PPU[1] Thread (CPUThread)[0x008c7034]]: sys_lwmutex warning: *** lwmutex created [] (attribute=0x12): sq_id = 67
[W : PPU[1] Thread (CPUThread)[0x008c7034]]: sys_lwmutex warning: *** lwmutex created [] (attribute=0x12): sq_id = 68
[W : PPU[1] Thread (CPUThread)[0x008c7034]]: sys_lwmutex warning: *** lwmutex created [] (attribute=0x12): sq_id = 69
[W : PPU[1] Thread (CPUThread)[0x008c7034]]: sys_lwmutex warning: *** lwmutex created [] (attribute=0x12): sq_id = 70
[W : PPU[1] Thread (CPUThread)[0x008c7034]]: sys_lwmutex warning: *** lwmutex created [] (attribute=0x12): sq_id = 71
[W : PPU[1] Thread (CPUThread)[0x008c7034]]: sys_lwmutex warning: *** lwmutex created [] (attribute=0x12): sq_id = 72
[W : PPU[1] Thread (CPUThread)[0x008c7034]]: sys_lwmutex warning: *** lwmutex created [] (attribute=0x12): sq_id = 73
[W : PPU[1] Thread (CPUThread)[0x008c7034]]: sys_lwmutex warning: *** lwmutex created [] (attribute=0x12): sq_id = 74
[W : PPU[1] Thread (CPUThread)[0x008c7034]]: sys_lwmutex warning: *** lwmutex created [] (attribute=0x12): sq_id = 75
[W : PPU[1] Thread (CPUThread)[0x0018d01c]]: cellSysmodule warning: cellSysmoduleIsLoaded(CELL_SYSMODULE_PNGDEC)
[W : PPU[1] Thread (CPUThread)[0x0018d010]]: cellSysmodule warning: cellSysmoduleLoadModule(CELL_SYSMODULE_PNGDEC)
[E : PPU[1] Thread (CPUThread)[0x008b7004]]: cellPngDec error: Unimplemented function: cellPngDecCreate
[E : PPU[1] Thread (CPUThread)[0x008c3034]]: sys_fs error: "/dev_hdd0/game/BLJM60582/USRDIR/media/SystemData.afs" not found! flags: 0x00000000
[W : PPU[48] Thread (cri_adxm_fs_proc)[0x008c7034]]: sys_lwmutex warning: *** lwmutex created [] (attribute=0x12): sq_id = 76
[E : PPU[17] Thread (cri_dlg)[0x008c3034]]: sys_fs error: "/dev_hdd0/game/BLJM60582/USRDIR/media/SystemData.afs" not found! flags: 0x00000000
[W : PPU[48] Thread (cri_adxm_fs_proc)[0x008c70dc]]: sys_lwmutex warning: sys_lwmutex_destroy(lwmutex_addr=0x816688)
[E : PPU[46] Thread (cri_adxm_vsync_proc)[0x008c7004]]: sys_lwmutex error: sys_lwmutex_t::(try)lock(19): deadlock on invalid thread(0)
[W : PPU[46] Thread (cri_adxm_vsync_proc)[0x008c7004]]: sys_lwmutex_t::lock(sq=19) aborted
[W : PPU[50] Thread (cri_adxm_idle_proc)[0x0009bd3c]]: sys_cond_wait(id=32) aborted
[W : PPU[24] Thread (cri_dlg)[0x000be444]]: sys_cond_wait(id=22) aborted
[W : PPU[1] Thread (CPUThread)[0x008c7004]]: sys_lwmutex_t::lock(sq=19) aborted
[W : PPU[17] Thread (cri_dlg)[0x000be444]]: sys_cond_wait(id=15) aborted
[W : PPU[59] Thread (_sys_mixerSurBusReq)[0x0009165c]]: sys_cond_wait(id=54) aborted
[! : RSXThread]: RSX thread exit...
[W : Audio Thread]: Audio aborted
[!]: Closing memory...
