[!]: path: /dev_hdd0/game/
[!]: Loading 'D:\Emulateurs\Rpcs3\dev_hdd0\game\BLJM61033-[Memories Off 6 Complete]/PS3_GAME/USRDIR/BOOT.BIN'...
[!]: Mount info:
[!]: /dev_hdd0/ -> D:\Emulateurs\Rpcs3\dev_hdd0\
[!]: /dev_hdd1/ -> D:\Emulateurs\Rpcs3\dev_hdd1\
[!]: /dev_flash/ -> D:\Emulateurs\Rpcs3\dev_flash\
[!]: /dev_usb000/ -> D:\Emulateurs\Rpcs3\dev_usb000\
[!]: /dev_usb/ -> D:\Emulateurs\Rpcs3\dev_usb000\
[!]: /app_home/ -> D:\Emulateurs\Rpcs3\dev_hdd0\game\BLJM61033-[Memories Off 6 Complete]/PS3_GAME/\USRDIR\
[!]: /dev_bdvd/ -> D:\Emulateurs\Rpcs3\dev_hdd0\game\BLJM61033-[Memories Off 6 Complete]/PS3_GAME/\..\
[!]: /host_root/ -> 
[!]: / -> D:\Emulateurs\Rpcs3\dev_hdd0\game\BLJM61033-[Memories Off 6 Complete]/PS3_GAME/\USRDIR\
[!]: /app_home/Game/PS3_GAME/ -> D:\Emulateurs\Rpcs3\dev_hdd0\game\BLJM61033-[Memories Off 6 Complete]/PS3_GAME/
[!]: data/ -> D:\Emulateurs\Rpcs3\dev_hdd0\game\BLJM61033-[Memories Off 6 Complete]/PS3_GAME/\USRDIR\Data\
[!]: /data/ -> D:\Emulateurs\Rpcs3\dev_hdd0\game\BLJM61033-[Memories Off 6 Complete]/PS3_GAME/\USRDIR\Data\
[!]: DATA/ -> D:\Emulateurs\Rpcs3\dev_hdd0\game\BLJM61033-[Memories Off 6 Complete]/PS3_GAME/\USRDIR\DATA\
[!]: /app_home//dev_bdvd/PS3_GAME/USRDIR/data/gos/ -> D:\Emulateurs\Rpcs3\dev_hdd0\game\BLJM61033-[Memories Off 6 Complete]/PS3_GAME/\USRDIR\
[!]: //dev_bdvd/PS3_GAME/ -> D:\Emulateurs\Rpcs3\dev_hdd0\game\BLJM61033-[Memories Off 6 Complete]/PS3_GAME/
[!]: /USRDIR/PS3_GAME/ -> D:\Emulateurs\Rpcs3\dev_hdd0\game\BLJM61033-[Memories Off 6 Complete]/PS3_GAME/
[!]: Initing memory...
[!]: Memory initialized.
[W]: Unknown function 0x8b7ed64b in 'cellSysutil' module
[E]: TODO: cellSaveDataAutoSave2
[W]: Unknown function 0xfbd5c856 in 'cellSysutil' module
[E]: TODO: cellSaveDataAutoLoad2
[W]: Unknown function 0xd3758645 in 'cellResc' module
[E]: TODO: cellRescSetVBlankHandler
[W]: Unknown function 0xaa6269a8 in 'cellSpurs' module
[E]: TODO: cellSpursInitializeWithAttribute
[W]: Unknown function 0x16394a4e in 'cellSpurs' module
[E]: TODO: _cellSpursTasksetAttributeInitialize
[W]: Unknown function 0x1d46fedf in 'cellSpurs' module
[E]: TODO: cellSpursCreateTaskWithAttribute
[W]: Unknown function 0x22aab31d in 'cellSpurs' module
[E]: TODO: cellSpursEventFlagDetachLv2EventQueue
[W]: Unknown function 0x373523d4 in 'cellSpurs' module
[E]: TODO: cellSpursEventFlagWait
[W]: Unknown function 0x5ef96465 in 'cellSpurs' module
[E]: TODO: _cellSpursEventFlagInitialize
[W]: Unknown function 0x652b70e2 in 'cellSpurs' module
[E]: TODO: cellSpursTasksetAttributeSetName
[W]: Unknown function 0x87630976 in 'cellSpurs' module
[E]: TODO: cellSpursEventFlagAttachLv2EventQueue
[W]: Unknown function 0x9f72add3 in 'cellSpurs' module
[E]: TODO: cellSpursJoinTaskset
[W]: Unknown function 0xa789e631 in 'cellSpurs' module
[E]: TODO: cellSpursShutdownTaskset
[W]: Unknown function 0xb8474eff in 'cellSpurs' module
[E]: TODO: _cellSpursTaskAttributeInitialize
[W]: Unknown function 0xc10931cb in 'cellSpurs' module
[E]: TODO: cellSpursCreateTasksetWithAttribute
[W]: Unknown function 0xf5507729 in 'cellSpurs' module
[E]: TODO: cellSpursEventFlagSet
[W]: Unknown function 0x6ee62ed2 in 'sceNp' module
[E]: TODO: sceNpManagerGetContentRatingFlag
[W]: Unknown function 0xe6c8f3f9 in 'sceNp' module
[E]: TODO: sceNpDrmProcessExitSpawn2
[W]: Unknown function 0x967a162b in 'sys_fs' module
[E]: TODO: cellFsFsync
[W]: Unknown function 0xa298cad2 in 'cellL10n' module
[E]: TODO: l10n_convert_str
[W]: Unknown function 0xcc1633cc in 'cellL10n' module
[E]: TODO: l10n_get_converter
[W]: Unknown function 0x8a561d92 in 'sysPrxForUser' module
[E]: TODO: _sys_heap_free
[W]: Unknown function 0xaede4b03 in 'sysPrxForUser' module
[E]: TODO: _sys_heap_delete_heap
[W : PPU[1] Thread (CPUThread)[0x0030b034]]: sys_lwmutex warning: *** lwmutex created [_lc_mtx] (attribute=0x12): sq_id = 3
[W : PPU[1] Thread (CPUThread)[0x0010e914]]: memory warning: sys_memory_get_user_memory_size(mem_info_addr=0xd0020c04)
[W : PPU[1] Thread (CPUThread)[0x0030b034]]: sys_lwmutex warning: *** lwmutex created [_lc_mtx] (attribute=0x12): sq_id = 4
[W : PPU[1] Thread (CPUThread)[0x0030b034]]: sys_lwmutex warning: *** lwmutex created [_lc_mtx] (attribute=0x12): sq_id = 5
[W : PPU[1] Thread (CPUThread)[0x0030b034]]: sys_lwmutex warning: *** lwmutex created [_lc_mtx] (attribute=0x12): sq_id = 6
[W : PPU[1] Thread (CPUThread)[0x0030b034]]: sys_lwmutex warning: *** lwmutex created [_lc_mtx] (attribute=0x12): sq_id = 7
[W : PPU[1] Thread (CPUThread)[0x0030b034]]: sys_lwmutex warning: *** lwmutex created [_lc_mtx] (attribute=0x12): sq_id = 8
[W : PPU[1] Thread (CPUThread)[0x0030b034]]: sys_lwmutex warning: *** lwmutex created [_lc_mtx] (attribute=0x12): sq_id = 9
[W : PPU[1] Thread (CPUThread)[0x0030b034]]: sys_lwmutex warning: *** lwmutex created [_lc_mtx] (attribute=0x12): sq_id = 10
[W : PPU[1] Thread (CPUThread)[0x0030b034]]: sys_lwmutex warning: *** lwmutex created [_lc_mtx] (attribute=0x12): sq_id = 11
[W : PPU[1] Thread (CPUThread)[0x0030b034]]: sys_lwmutex warning: *** lwmutex created [_lc_mtx] (attribute=0x12): sq_id = 12
[W : PPU[1] Thread (CPUThread)[0x00154010]]: cellSysmodule warning: cellSysmoduleLoadModule(CELL_SYSMODULE_RESC)
[W : PPU[1] Thread (CPUThread)[0x00154010]]: cellSysmodule warning: cellSysmoduleLoadModule(CELL_SYSMODULE_FS)
[W : PPU[1] Thread (CPUThread)[0x00154010]]: cellSysmodule warning: cellSysmoduleLoadModule(CELL_SYSMODULE_RTC)
[W : PPU[1] Thread (CPUThread)[0x00154010]]: cellSysmodule warning: cellSysmoduleLoadModule(CELL_SYSMODULE_L10N)
[W : PPU[1] Thread (CPUThread)[0x00154010]]: cellSysmodule warning: cellSysmoduleLoadModule(CELL_SYSMODULE_SYSUTIL_NP_TROPHY)
[W : PPU[1] Thread (CPUThread)[0x00154010]]: cellSysmodule warning: cellSysmoduleLoadModule(CELL_SYSMODULE_SYSUTIL_NP2)
[W : PPU[1] Thread (CPUThread)[0x00154010]]: cellSysmodule warning: cellSysmoduleLoadModule(CELL_SYSMODULE_PNGDEC)
[W : PPU[1] Thread (CPUThread)[0x00152034]]: cellSysutil warning: cellSysutilRegisterCallback(slot=0, func_addr=0x161318, userdata=0x0)
[W : PPU[1] Thread (CPUThread)[0x0030b034]]: sys_lwmutex warning: *** lwmutex created [] (attribute=0x12): sq_id = 13
[W : PPU[1] Thread (CPUThread)[0x000c6f80]]: sys_mutex warning: *** mutex created [] (protocol=0x2, recursive=true): id = 14
[W : PPU[1] Thread (CPUThread)[0x000c6fd4]]: sys_cond warning: *** condition on recursive mutex(14)
[W : PPU[1] Thread (CPUThread)[0x000c6fd4]]: sys_cond warning: *** condition created [] (mutex_id=14): id = 15
[W : PPU[1] Thread (CPUThread)[0x000c85d0]]: sysPrxForUser warning: sys_ppu_thread_set_priority(thread_id=16, prio=900)
[W : PPU[1] Thread (CPUThread)[0x0030b034]]: sys_lwmutex warning: *** lwmutex created [] (attribute=0x12): sq_id = 17
[W : PPU[1] Thread (CPUThread)[0x000c6f80]]: sys_mutex warning: *** mutex created [] (protocol=0x2, recursive=true): id = 18
[W : PPU[1] Thread (CPUThread)[0x000c6fd4]]: sys_cond warning: *** condition on recursive mutex(18)
[W : PPU[1] Thread (CPUThread)[0x000c6fd4]]: sys_cond warning: *** condition created [] (mutex_id=18): id = 19
[W : PPU[1] Thread (CPUThread)[0x000c85d0]]: sysPrxForUser warning: sys_ppu_thread_set_priority(thread_id=20, prio=1100)
[W : PPU[1] Thread (CPUThread)[0x0030b034]]: sys_lwmutex warning: *** lwmutex created [] (attribute=0x12): sq_id = 21
[W : PPU[1] Thread (CPUThread)[0x000c6f80]]: sys_mutex warning: *** mutex created [] (protocol=0x2, recursive=true): id = 22
[W : PPU[1] Thread (CPUThread)[0x000c6fd4]]: sys_cond warning: *** condition on recursive mutex(22)
[W : PPU[1] Thread (CPUThread)[0x000c6fd4]]: sys_cond warning: *** condition created [] (mutex_id=22): id = 23
[W : PPU[1] Thread (CPUThread)[0x000c85d0]]: sysPrxForUser warning: sys_ppu_thread_set_priority(thread_id=24, prio=900)
[W : PPU[1] Thread (CPUThread)[0x0030b034]]: sys_lwmutex warning: *** lwmutex created [] (attribute=0x12): sq_id = 25
[W : PPU[1] Thread (CPUThread)[0x000c6f80]]: sys_mutex warning: *** mutex created [] (protocol=0x2, recursive=true): id = 26
[W : PPU[1] Thread (CPUThread)[0x000c6fd4]]: sys_cond warning: *** condition on recursive mutex(26)
[W : PPU[1] Thread (CPUThread)[0x000c6fd4]]: sys_cond warning: *** condition created [] (mutex_id=26): id = 27
[W : PPU[1] Thread (CPUThread)[0x000c85d0]]: sysPrxForUser warning: sys_ppu_thread_set_priority(thread_id=28, prio=900)
[W : PPU[1] Thread (CPUThread)[0x0030b034]]: sys_lwmutex warning: *** lwmutex created [] (attribute=0x12): sq_id = 29
[W : PPU[1] Thread (CPUThread)[0x000c6f80]]: sys_mutex warning: *** mutex created [] (protocol=0x2, recursive=true): id = 30
[W : PPU[1] Thread (CPUThread)[0x000c6fd4]]: sys_cond warning: *** condition on recursive mutex(30)
[W : PPU[1] Thread (CPUThread)[0x000c6fd4]]: sys_cond warning: *** condition created [] (mutex_id=30): id = 31
[W : PPU[1] Thread (CPUThread)[0x000c85d0]]: sysPrxForUser warning: sys_ppu_thread_set_priority(thread_id=32, prio=900)
[W : PPU[1] Thread (CPUThread)[0x0030b034]]: sys_lwmutex warning: *** lwmutex created [] (attribute=0x12): sq_id = 33
[W : PPU[1] Thread (CPUThread)[0x000c6f80]]: sys_mutex warning: *** mutex created [] (protocol=0x2, recursive=true): id = 34
[W : PPU[1] Thread (CPUThread)[0x000c6fd4]]: sys_cond warning: *** condition on recursive mutex(34)
[W : PPU[1] Thread (CPUThread)[0x000c6fd4]]: sys_cond warning: *** condition created [] (mutex_id=34): id = 35
[W : PPU[1] Thread (CPUThread)[0x000c85d0]]: sysPrxForUser warning: sys_ppu_thread_set_priority(thread_id=36, prio=1100)
[W : PPU[1] Thread (CPUThread)[0x0030b034]]: sys_lwmutex warning: *** lwmutex created [] (attribute=0x12): sq_id = 37
[W : PPU[1] Thread (CPUThread)[0x0030b034]]: sys_lwmutex warning: *** lwmutex created [] (attribute=0x12): sq_id = 38
[W : PPU[1] Thread (CPUThread)[0x0030b034]]: sys_lwmutex warning: *** lwmutex created [] (attribute=0x12): sq_id = 39
[W : PPU[1] Thread (CPUThread)[0x0030b034]]: sys_lwmutex warning: *** lwmutex created [] (attribute=0x12): sq_id = 40
[W : PPU[1] Thread (CPUThread)[0x0030b034]]: sys_lwmutex warning: *** lwmutex created [] (attribute=0x12): sq_id = 41
[W : PPU[1] Thread (CPUThread)[0x0030b034]]: sys_lwmutex warning: *** lwmutex created [] (attribute=0x12): sq_id = 42
[W : PPU[1] Thread (CPUThread)[0x0030b034]]: sys_lwmutex warning: *** lwmutex created [] (attribute=0x12): sq_id = 43
[W : PPU[1] Thread (CPUThread)[0x0030b034]]: sys_lwmutex warning: *** lwmutex created [] (attribute=0x12): sq_id = 44
[W : PPU[1] Thread (CPUThread)[0x0030b034]]: sys_lwmutex warning: *** lwmutex created [] (attribute=0x12): sq_id = 45
[W : PPU[1] Thread (CPUThread)[0x0030b034]]: sys_lwmutex warning: *** lwmutex created [] (attribute=0x12): sq_id = 46
[W : PPU[1] Thread (CPUThread)[0x0030b034]]: sys_lwmutex warning: *** lwmutex created [] (attribute=0x12): sq_id = 47
[W : PPU[1] Thread (CPUThread)[0x0030b034]]: sys_lwmutex warning: *** lwmutex created [] (attribute=0x12): sq_id = 48
[W : PPU[1] Thread (CPUThread)[0x000c6f80]]: sys_mutex warning: *** mutex created [] (protocol=0x2, recursive=true): id = 49
[W : PPU[1] Thread (CPUThread)[0x000c6fd4]]: sys_cond warning: *** condition on recursive mutex(49)
[W : PPU[1] Thread (CPUThread)[0x000c6fd4]]: sys_cond warning: *** condition created [] (mutex_id=49): id = 50
[W : PPU[1] Thread (CPUThread)[0x000c85d0]]: sysPrxForUser warning: sys_ppu_thread_set_priority(thread_id=51, prio=910)
[W : PPU[1] Thread (CPUThread)[0x0030b034]]: sys_lwmutex warning: *** lwmutex created [] (attribute=0x12): sq_id = 52
[W : PPU[1] Thread (CPUThread)[0x0030b034]]: sys_lwmutex warning: *** lwmutex created [] (attribute=0x12): sq_id = 53
[W : PPU[1] Thread (CPUThread)[0x000c85d0]]: sysPrxForUser warning: sys_ppu_thread_set_priority(thread_id=54, prio=500)
[W : PPU[1] Thread (CPUThread)[0x0030b034]]: sys_lwmutex warning: *** lwmutex created [] (attribute=0x12): sq_id = 55
[W : PPU[1] Thread (CPUThread)[0x000c1974]]: sys_mutex warning: *** mutex created [] (protocol=0x2, recursive=true): id = 56
[W : PPU[1] Thread (CPUThread)[0x000c19a8]]: sys_cond warning: *** condition on recursive mutex(56)
[W : PPU[1] Thread (CPUThread)[0x000c19a8]]: sys_cond warning: *** condition created [] (mutex_id=56): id = 57
[W : PPU[1] Thread (CPUThread)[0x0030b034]]: sys_lwmutex warning: *** lwmutex created [] (attribute=0x12): sq_id = 58
[W : PPU[1] Thread (CPUThread)[0x0030b034]]: sys_lwmutex warning: *** lwmutex created [] (attribute=0x12): sq_id = 60
[W : PPU[1] Thread (CPUThread)[0x0030b034]]: sys_lwmutex warning: *** lwmutex created [] (attribute=0x12): sq_id = 61
[W : PPU[1] Thread (CPUThread)[0x0030b034]]: sys_lwmutex warning: *** lwmutex created [] (attribute=0x12): sq_id = 62
[W : PPU[1] Thread (CPUThread)[0x000c1974]]: sys_mutex warning: *** mutex created [] (protocol=0x2, recursive=true): id = 63
[W : PPU[1] Thread (CPUThread)[0x000c19a8]]: sys_cond warning: *** condition on recursive mutex(63)
[W : PPU[1] Thread (CPUThread)[0x000c19a8]]: sys_cond warning: *** condition created [] (mutex_id=63): id = 64
[W : PPU[1] Thread (CPUThread)[0x0030b034]]: sys_lwmutex warning: *** lwmutex created [] (attribute=0x12): sq_id = 65
[W : PPU[1] Thread (CPUThread)[0x0030b034]]: sys_lwmutex warning: *** lwmutex created [] (attribute=0x12): sq_id = 67
[W : PPU[1] Thread (CPUThread)[0x0030b034]]: sys_lwmutex warning: *** lwmutex created [] (attribute=0x12): sq_id = 68
[W : PPU[1] Thread (CPUThread)[0x00154010]]: cellSysmodule warning: cellSysmoduleLoadModule(CELL_SYSMODULE_AUDIO)
[W : PPU[1] Thread (CPUThread)[0x00152040]]: cellSysutil warning: cellAudioOutGetSoundAvailability(audioOut=0, type=0, fs=0x4, option=0)
[W : PPU[1] Thread (CPUThread)[0x00152010]]: cellSysutil warning: cellAudioOutConfigure(audioOut=0, config_addr=0xd0020ae0, option_addr=0x0, (!)waitForEvent=0)
[W : PPU[1] Thread (CPUThread)[0x00152058]]: cellSysutil warning: cellAudioOutGetState(audioOut=0x0,deviceIndex=0x0,state_addr=0xd0020b08)
[W : PPU[1] Thread (CPUThread)[0x00156004]]: cellAudio warning: cellAudioInit()
[! : Audio Thread]: Audio started
[W : PPU[1] Thread (CPUThread)[0x0030b0dc]]: sys_heap warning: sys_heap_create_heap(heap_addr=0x122590, align=0x20000, size=0x110000)
[W : PPU[1] Thread (CPUThread)[0x0030b0dc]]: sys_heap warning: *** sys_heap created: id = 69
[W : PPU[1] Thread (CPUThread)[0x0030b064]]: sys_heap warning: _sys_heap_memalign(heap_id=69, align=0x10, size=0x1080)
[W : PPU[1] Thread (CPUThread)[0x0030b034]]: sys_lwmutex warning: *** lwmutex created [_mxr004] (attribute=0x22): sq_id = 70
[W : PPU[1] Thread (CPUThread)[0x0030b064]]: sys_heap warning: _sys_heap_memalign(heap_id=69, align=0x10, size=0x8280)
[W : PPU[1] Thread (CPUThread)[0x000326a4]]: sys_mutex warning: *** mutex created [_mxr005] (protocol=0x2, recursive=false): id = 71
[W : PPU[1] Thread (CPUThread)[0x000326c8]]: sys_cond warning: *** condition created [] (mutex_id=71): id = 72
[W : PPU[1] Thread (CPUThread)[0x00032754]]: sys_mutex warning: *** mutex created [_mxr007] (protocol=0x2, recursive=false): id = 73
[W : PPU[1] Thread (CPUThread)[0x00032778]]: sys_cond warning: *** condition created [] (mutex_id=73): id = 74
[W : PPU[1] Thread (CPUThread)[0x000327fc]]: sys_mutex warning: *** mutex created [_mxr009] (protocol=0x2, recursive=false): id = 75
[W : PPU[1] Thread (CPUThread)[0x00032820]]: sys_cond warning: *** condition created [] (mutex_id=75): id = 76
[W : PPU[1] Thread (CPUThread)[0x0030b034]]: sys_lwmutex warning: *** lwmutex created [_mxr001] (attribute=0x22): sq_id = 78
[W : PPU[1] Thread (CPUThread)[0x0030b034]]: sys_lwmutex warning: *** lwmutex created [_mxr002] (attribute=0x22): sq_id = 79
[W : PPU[80] Thread (_cellsurMixerMain)[0x00034a68]]: sys_event warning: sys_event_queue_create(equeue_id_addr=0x1976a4, attr_addr=0x198750, event_queue_key=0x8000cafe02460300, size=2)
[W : PPU[1] Thread (CPUThread)[0x0030b034]]: sys_lwmutex warning: *** lwmutex created [_mxr003] (attribute=0x22): sq_id = 81
[W : PPU[80] Thread (_cellsurMixerMain)[0x00034a68]]: sys_event warning: *** event_queue created [_mxr000] (protocol=0x1, type=0x1): id = 82
[W : PPU[1] Thread (CPUThread)[0x00156064]]: cellAudio warning: cellAudioPortOpen(audioParam_addr=0x1976e8, portNum_addr=0x197658)
[W : PPU[1] Thread (CPUThread)[0x00156064]]: cellAudio warning: *** audio port opened(nChannel=8, nBlock=8, attr=0x0, level=1.000000): port = 0
[W : PPU[1] Thread (CPUThread)[0x0015604c]]: cellAudio warning: cellAudioGetPortConfig(portNum=0x0, portConfig_addr=0x197708)
[W : PPU[1] Thread (CPUThread)[0x0030b034]]: sys_lwmutex warning: *** lwmutex created [] (attribute=0x12): sq_id = 83
[W : PPU[1] Thread (CPUThread)[0x00156058]]: cellAudio warning: cellAudioPortStart(portNum=0x0)
[W : PPU[1] Thread (CPUThread)[0x0015601c]]: cellAudio warning: cellAudioSetNotifyEventQueue(key=0x8000cafe02460300)
[W : PPU[1] Thread (CPUThread)[0x0030b034]]: sys_lwmutex warning: *** lwmutex created [] (attribute=0x12): sq_id = 84
[W : PPU[1] Thread (CPUThread)[0x0003c684]]: sys_mutex warning: *** mutex created [] (protocol=0x2, recursive=true): id = 85
[W : PPU[1] Thread (CPUThread)[0x0003c6bc]]: sys_cond warning: *** condition on recursive mutex(85)
[W : PPU[1] Thread (CPUThread)[0x0003c6bc]]: sys_cond warning: *** condition created [] (mutex_id=85): id = 86
[W : PPU[1] Thread (CPUThread)[0x0003c684]]: sys_mutex warning: *** mutex created [] (protocol=0x2, recursive=true): id = 87
[W : PPU[1] Thread (CPUThread)[0x0003c6bc]]: sys_cond warning: *** condition on recursive mutex(87)
[W : PPU[1] Thread (CPUThread)[0x0003c6bc]]: sys_cond warning: *** condition created [] (mutex_id=87): id = 88
[W : PPU[1] Thread (CPUThread)[0x0003c684]]: sys_mutex warning: *** mutex created [] (protocol=0x2, recursive=true): id = 89
[W : PPU[1] Thread (CPUThread)[0x0003c6bc]]: sys_cond warning: *** condition on recursive mutex(89)
[W : PPU[1] Thread (CPUThread)[0x0003c6bc]]: sys_cond warning: *** condition created [] (mutex_id=89): id = 90
[W : PPU[1] Thread (CPUThread)[0x0003c684]]: sys_mutex warning: *** mutex created [] (protocol=0x2, recursive=true): id = 91
[W : PPU[1] Thread (CPUThread)[0x0003c6bc]]: sys_cond warning: *** condition on recursive mutex(91)
[W : PPU[1] Thread (CPUThread)[0x0003c6bc]]: sys_cond warning: *** condition created [] (mutex_id=91): id = 92
[W : PPU[1] Thread (CPUThread)[0x0030b034]]: sys_lwmutex warning: *** lwmutex created [] (attribute=0x12): sq_id = 93
[W : PPU[1] Thread (CPUThread)[0x0030b034]]: sys_lwmutex warning: *** lwmutex created [] (attribute=0x12): sq_id = 94
[W : PPU[1] Thread (CPUThread)[0x0030b034]]: sys_lwmutex warning: *** lwmutex created [] (attribute=0x12): sq_id = 95
[W : PPU[1] Thread (CPUThread)[0x0030b034]]: sys_lwmutex warning: *** lwmutex created [] (attribute=0x12): sq_id = 96
[W : PPU[1] Thread (CPUThread)[0x0030b034]]: sys_lwmutex warning: *** lwmutex created [] (attribute=0x12): sq_id = 97
[W : PPU[1] Thread (CPUThread)[0x0030b034]]: sys_lwmutex warning: *** lwmutex created [] (attribute=0x12): sq_id = 98
[W : PPU[1] Thread (CPUThread)[0x0030b034]]: sys_lwmutex warning: *** lwmutex created [] (attribute=0x12): sq_id = 99
[W : PPU[1] Thread (CPUThread)[0x0030b034]]: sys_lwmutex warning: *** lwmutex created [] (attribute=0x12): sq_id = 100
[W : PPU[1] Thread (CPUThread)[0x0030b034]]: sys_lwmutex warning: *** lwmutex created [] (attribute=0x12): sq_id = 101
[W : PPU[1] Thread (CPUThread)[0x0030b034]]: sys_lwmutex warning: *** lwmutex created [] (attribute=0x12): sq_id = 103
[W : PPU[1] Thread (CPUThread)[0x0030b034]]: sys_lwmutex warning: *** lwmutex created [] (attribute=0x12): sq_id = 105
[W : PPU[1] Thread (CPUThread)[0x0030b034]]: sys_lwmutex warning: *** lwmutex created [] (attribute=0x12): sq_id = 107
[W : PPU[1] Thread (CPUThread)[0x0003cbb8]]: sysPrxForUser warning: sys_ppu_thread_set_priority(thread_id=1, prio=1001)
[W : PPU[1] Thread (CPUThread)[0x0030b034]]: sys_lwmutex warning: *** lwmutex created [] (attribute=0x12): sq_id = 109
[W : PPU[1] Thread (CPUThread)[0x0030b034]]: sys_lwmutex warning: *** lwmutex created [] (attribute=0x12): sq_id = 110
[W : PPU[1] Thread (CPUThread)[0x0030b034]]: sys_lwmutex warning: *** lwmutex created [] (attribute=0x12): sq_id = 111
[W : PPU[1] Thread (CPUThread)[0x0030b034]]: sys_lwmutex warning: *** lwmutex created [] (attribute=0x12): sq_id = 112
[W : PPU[1] Thread (CPUThread)[0x0030b034]]: sys_lwmutex warning: *** lwmutex created [] (attribute=0x12): sq_id = 113
[W : PPU[1] Thread (CPUThread)[0x0030b034]]: sys_lwmutex warning: *** lwmutex created [] (attribute=0x12): sq_id = 114
[W : PPU[1] Thread (CPUThread)[0x0030b034]]: sys_lwmutex warning: *** lwmutex created [] (attribute=0x12): sq_id = 115
[W : PPU[1] Thread (CPUThread)[0x0030b034]]: sys_lwmutex warning: *** lwmutex created [] (attribute=0x12): sq_id = 116
[W : PPU[1] Thread (CPUThread)[0x0030b034]]: sys_lwmutex warning: *** lwmutex created [] (attribute=0x12): sq_id = 117
[W : PPU[1] Thread (CPUThread)[0x0030b034]]: sys_lwmutex warning: *** lwmutex created [] (attribute=0x12): sq_id = 118
[W : PPU[1] Thread (CPUThread)[0x0030b034]]: sys_lwmutex warning: *** lwmutex created [] (attribute=0x12): sq_id = 119
[W : PPU[1] Thread (CPUThread)[0x0030b034]]: sys_lwmutex warning: *** lwmutex created [] (attribute=0x12): sq_id = 120
[W : PPU[1] Thread (CPUThread)[0x0030b034]]: sys_lwmutex warning: *** lwmutex created [] (attribute=0x12): sq_id = 121
[W : PPU[1] Thread (CPUThread)[0x0030b034]]: sys_lwmutex warning: *** lwmutex created [] (attribute=0x12): sq_id = 122
[W : PPU[1] Thread (CPUThread)[0x0030b034]]: sys_lwmutex warning: *** lwmutex created [] (attribute=0x12): sq_id = 123
[W : PPU[1] Thread (CPUThread)[0x0030b034]]: sys_lwmutex warning: *** lwmutex created [] (attribute=0x12): sq_id = 124
[W : PPU[1] Thread (CPUThread)[0x0030b034]]: sys_lwmutex warning: *** lwmutex created [] (attribute=0x12): sq_id = 125
[W : PPU[1] Thread (CPUThread)[0x0030b034]]: sys_lwmutex warning: *** lwmutex created [] (attribute=0x12): sq_id = 126
[W : PPU[1] Thread (CPUThread)[0x0030b034]]: sys_lwmutex warning: *** lwmutex created [] (attribute=0x12): sq_id = 127
[W : PPU[1] Thread (CPUThread)[0x0030b034]]: sys_lwmutex warning: *** lwmutex created [] (attribute=0x12): sq_id = 128
[W : PPU[1] Thread (CPUThread)[0x0030b034]]: sys_lwmutex warning: *** lwmutex created [] (attribute=0x12): sq_id = 129
[W : PPU[1] Thread (CPUThread)[0x0030b034]]: sys_lwmutex warning: *** lwmutex created [] (attribute=0x12): sq_id = 130
[W : PPU[1] Thread (CPUThread)[0x0030b034]]: sys_lwmutex warning: *** lwmutex created [] (attribute=0x12): sq_id = 131
[W : PPU[1] Thread (CPUThread)[0x0030b034]]: sys_lwmutex warning: *** lwmutex created [] (attribute=0x12): sq_id = 132
[W : PPU[1] Thread (CPUThread)[0x0030b034]]: sys_lwmutex warning: *** lwmutex created [] (attribute=0x12): sq_id = 133
[W : PPU[1] Thread (CPUThread)[0x0030b034]]: sys_lwmutex warning: *** lwmutex created [] (attribute=0x12): sq_id = 134
[W : PPU[1] Thread (CPUThread)[0x0030b034]]: sys_lwmutex warning: *** lwmutex created [] (attribute=0x12): sq_id = 135
[W : PPU[1] Thread (CPUThread)[0x0030b034]]: sys_lwmutex warning: *** lwmutex created [] (attribute=0x12): sq_id = 136
[W : PPU[1] Thread (CPUThread)[0x0030b034]]: sys_lwmutex warning: *** lwmutex created [] (attribute=0x12): sq_id = 137
[W : PPU[1] Thread (CPUThread)[0x0030b034]]: sys_lwmutex warning: *** lwmutex created [] (attribute=0x12): sq_id = 138
[W : PPU[1] Thread (CPUThread)[0x0030b034]]: sys_lwmutex warning: *** lwmutex created [] (attribute=0x12): sq_id = 139
[W : PPU[1] Thread (CPUThread)[0x0030b034]]: sys_lwmutex warning: *** lwmutex created [] (attribute=0x12): sq_id = 140
[W : PPU[1] Thread (CPUThread)[0x0030b034]]: sys_lwmutex warning: *** lwmutex created [] (attribute=0x12): sq_id = 141
[W : PPU[1] Thread (CPUThread)[0x0030b034]]: sys_lwmutex warning: *** lwmutex created [] (attribute=0x12): sq_id = 142
[E : PPU[1] Thread (CPUThread)[0x0015c004]]: cellSpurs error: _cellSpursAttributeInitialize(attr_addr=0xd0020990, nSpus=2, spuPriority=3342336, ppuPriority=2, exitIfNoWork=200)
[E : PPU[1] Thread (CPUThread)[0x0015c010]]: TODO: cellSpursInitializeWithAttribute
[W : PPU[1] Thread (CPUThread)[0x0030b034]]: sys_lwmutex warning: *** lwmutex created [] (attribute=0x12): sq_id = 143
[W : PPU[1] Thread (CPUThread)[0x0030b034]]: sys_lwmutex warning: *** lwmutex created [] (attribute=0x12): sq_id = 144
[W : PPU[1] Thread (CPUThread)[0x0030b034]]: sys_lwmutex warning: *** lwmutex created [] (attribute=0x12): sq_id = 145
[W : PPU[1] Thread (CPUThread)[0x0030b034]]: sys_lwmutex warning: *** lwmutex created [] (attribute=0x12): sq_id = 146
[W : PPU[1] Thread (CPUThread)[0x0030b034]]: sys_lwmutex warning: *** lwmutex created [] (attribute=0x12): sq_id = 147
[W : PPU[1] Thread (CPUThread)[0x0030b034]]: sys_lwmutex warning: *** lwmutex created [] (attribute=0x12): sq_id = 148
[W : PPU[1] Thread (CPUThread)[0x0030b034]]: sys_lwmutex warning: *** lwmutex created [] (attribute=0x12): sq_id = 149
[W : PPU[1] Thread (CPUThread)[0x0030b034]]: sys_lwmutex warning: *** lwmutex created [] (attribute=0x12): sq_id = 150
[W : PPU[1] Thread (CPUThread)[0x0030b034]]: sys_lwmutex warning: *** lwmutex created [] (attribute=0x12): sq_id = 151
[W : PPU[1] Thread (CPUThread)[0x0030b034]]: sys_lwmutex warning: *** lwmutex created [] (attribute=0x12): sq_id = 152
[W : PPU[1] Thread (CPUThread)[0x0030b034]]: sys_lwmutex warning: *** lwmutex created [] (attribute=0x12): sq_id = 153
[E : PPU[1] Thread (CPUThread)[0x0015c01c]]: TODO: _cellSpursTasksetAttributeInitialize
[E : PPU[1] Thread (CPUThread)[0x0015c058]]: TODO: cellSpursTasksetAttributeSetName
[E : PPU[1] Thread (CPUThread)[0x0015c094]]: TODO: cellSpursCreateTasksetWithAttribute
[E : PPU[1] Thread (CPUThread)[0x0015c04c]]: TODO: _cellSpursEventFlagInitialize
[E : PPU[1] Thread (CPUThread)[0x0015c04c]]: TODO: _cellSpursEventFlagInitialize
[E : PPU[1] Thread (CPUThread)[0x0015c064]]: TODO: cellSpursEventFlagAttachLv2EventQueue
[E : PPU[1] Thread (CPUThread)[0x0015c088]]: TODO: _cellSpursTaskAttributeInitialize
[E : PPU[1] Thread (CPUThread)[0x0015c028]]: TODO: cellSpursCreateTaskWithAttribute
[E : PPU[1] Thread (CPUThread)[0x0015c04c]]: TODO: _cellSpursEventFlagInitialize
[E : PPU[1] Thread (CPUThread)[0x0015c04c]]: TODO: _cellSpursEventFlagInitialize
[E : PPU[1] Thread (CPUThread)[0x0015c064]]: TODO: cellSpursEventFlagAttachLv2EventQueue
[E : PPU[1] Thread (CPUThread)[0x0015c088]]: TODO: _cellSpursTaskAttributeInitialize
[E : PPU[1] Thread (CPUThread)[0x0015c028]]: TODO: cellSpursCreateTaskWithAttribute
[W : PPU[108] Thread (cri_adxm_idle_proc)[0x0003c214]]: sys_cond_wait(id=90) aborted
[W : PPU[24] Thread (CRI FS File Access 1)[0x000c7214]]: sys_cond_wait(id=23) aborted
[W : PPU[28] Thread (CRI FS File Access 2)[0x000c7214]]: sys_cond_wait(id=27) aborted
[W : PPU[36] Thread (CRI FS Data Decompression 0)[0x000c7214]]: sys_cond_wait(id=35) aborted
[W : PPU[32] Thread (CRI FS File Access 3)[0x000c7214]]: sys_cond_wait(id=31) aborted
[W : PPU[59] Thread (cri_dlg)[0x000c1c60]]: sys_cond_wait(id=57) aborted
[W : PPU[51] Thread (CriThread)[0x000c7214]]: sys_cond_wait(id=50) aborted
[W : PPU[106] Thread (cri_adxm_fs_proc)[0x0003c214]]: sys_cond_wait(id=88) aborted
[W : PPU[20] Thread (CRI FS Memory File System)[0x000c7214]]: sys_cond_wait(id=19) aborted
[W : PPU[66] Thread (cri_dlg)[0x000c1c60]]: sys_cond_wait(id=64) aborted
[W : PPU[16] Thread (CRI FS File Access 0)[0x000c7214]]: sys_cond_wait(id=15) aborted
[W : PPU[77] Thread (_sys_mixerSurBusReq)[0x000319b0]]: sys_cond_wait(id=72) aborted
[W : PPU[104] Thread (cri_adxm_vsync_proc)[0x0030b004]]: sys_lwmutex_t::lock(sq=61) aborted
[W : PPU[80] Thread (_cellsurMixerMain)[0x00034c90]]: sys_event_queue_receive(equeue=82) aborted
[!]: Closing memory...
