[!]: path: /dev_hdd0/game/
[!]: Loading 'D:\Emulateurs\Rpcs3\dev_hdd0\game\BLJM60446-[Robotics Notes]\PS3_GAME\USRDIR/BOOT.BIN'...
[!]: Mount info:
[!]: /dev_hdd0/ -> D:\Emulateurs\Rpcs3\dev_hdd0\
[!]: /dev_hdd1/ -> D:\Emulateurs\Rpcs3\dev_hdd1\
[!]: /dev_flash/ -> D:\Emulateurs\Rpcs3\dev_flash\
[!]: /dev_usb000/ -> D:\Emulateurs\Rpcs3\dev_usb000\
[!]: /dev_usb/ -> D:\Emulateurs\Rpcs3\dev_usb000\
[!]: /app_home/ -> D:\Emulateurs\Rpcs3\dev_hdd0\game\BLJM60446-[Robotics Notes]\PS3_GAME\\USRDIR\
[!]: /dev_bdvd/ -> D:\Emulateurs\Rpcs3\dev_hdd0\game\BLJM60446-[Robotics Notes]\PS3_GAME\\..\
[!]: /host_root/ -> 
[!]: ///resource/ -> D:\Emulateurs\Rpcs3\dev_hdd0\game\BLJM60446-[Robotics Notes]\PS3_GAME\\USRDIR\resource\
[!]: /app_home/Game/PS3_GAME/USRDIR/ -> D:\Emulateurs\Rpcs3\dev_hdd0\game\BLJM60446-[Robotics Notes]\PS3_GAME\\USRDIR\
[!]: /app_home/PS3_GAME/USRDIR/media/ -> D:\Emulateurs\Rpcs3\dev_hdd0\game\BLJM60446-[Robotics Notes]\PS3_GAME\\USRDIR\media\
[!]: /Data/ -> D:\Emulateurs\Rpcs3\dev_hdd0\game\BLJM60446-[Robotics Notes]\PS3_GAME\\USRDIR\Data\
[!]: / -> D:\Emulateurs\Rpcs3\dev_hdd0\game\BLJM60446-[Robotics Notes]\PS3_GAME\\USRDIR\
[!]: /USRDIR/PS3_GAME/USRDIR/Data/ -> D:\Emulateurs\Rpcs3\dev_hdd0\game\BLJM60446-[Robotics Notes]\PS3_GAME\\USRDIR\Data\
[!]: Initing memory...
[!]: Memory initialized.
[S]: Function group [surMixer] successfully hooked
[W]: Unknown function 0xd3758645 in 'cellResc' module
[E]: TODO: cellRescSetVBlankHandler
[W]: Unknown function 0xaa6269a8 in 'cellSpurs' module
[E]: TODO: cellSpursInitializeWithAttribute
[W]: Unknown function 0x16394a4e in 'cellSpurs' module
[E]: TODO: _cellSpursTasksetAttributeInitialize
[W]: Unknown function 0x1d46fedf in 'cellSpurs' module
[E]: TODO: cellSpursCreateTaskWithAttribute
[W]: Unknown function 0x22aab31d in 'cellSpurs' module
[E]: TODO: cellSpursEventFlagDetachLv2EventQueue
[W]: Unknown function 0x373523d4 in 'cellSpurs' module
[E]: TODO: cellSpursEventFlagWait
[W]: Unknown function 0x5ef96465 in 'cellSpurs' module
[E]: TODO: _cellSpursEventFlagInitialize
[W]: Unknown function 0x652b70e2 in 'cellSpurs' module
[E]: TODO: cellSpursTasksetAttributeSetName
[W]: Unknown function 0x87630976 in 'cellSpurs' module
[E]: TODO: cellSpursEventFlagAttachLv2EventQueue
[W]: Unknown function 0x9f72add3 in 'cellSpurs' module
[E]: TODO: cellSpursJoinTaskset
[W]: Unknown function 0xa789e631 in 'cellSpurs' module
[E]: TODO: cellSpursShutdownTaskset
[W]: Unknown function 0xb8474eff in 'cellSpurs' module
[E]: TODO: _cellSpursTaskAttributeInitialize
[W]: Unknown function 0xc10931cb in 'cellSpurs' module
[E]: TODO: cellSpursCreateTasksetWithAttribute
[W]: Unknown function 0xf5507729 in 'cellSpurs' module
[E]: TODO: cellSpursEventFlagSet
[W]: Unknown function 0x039d70b7 in 'cellSpurs' module
[E]: TODO: cellSpursQueueDetachLv2EventQueue
[W]: Unknown function 0x082bfb09 in 'cellSpurs' module
[E]: TODO: _cellSpursQueueInitialize
[W]: Unknown function 0x303c19cd in 'cellSpurs' module
[E]: TODO: cellSpursCreateJobChainWithAttribute
[W]: Unknown function 0x3548f483 in 'cellSpurs' module
[E]: TODO: _cellSpursJobChainAttributeInitialize
[W]: Unknown function 0x68aaeba9 in 'cellSpurs' module
[E]: TODO: cellSpursJobGuardInitialize
[W]: Unknown function 0x738e40e6 in 'cellSpurs' module
[E]: TODO: cellSpursShutdownJobChain
[W]: Unknown function 0x91066667 in 'cellSpurs' module
[E]: TODO: cellSpursQueuePopBody
[W]: Unknown function 0xa7c066de in 'cellSpurs' module
[E]: TODO: cellSpursJoinJobChain
[W]: Unknown function 0xacfc8dbc in 'cellSpurs' module
[E]: TODO: cellSpursInitialize
[W]: Unknown function 0xbeb600ac in 'cellSpurs' module
[E]: TODO: cellSpursCreateTask
[W]: Unknown function 0xd5d0b256 in 'cellSpurs' module
[E]: TODO: cellSpursJobGuardNotify
[W]: Unknown function 0xe5443be7 in 'cellSpurs' module
[E]: TODO: cellSpursQueueAttachLv2EventQueue
[W]: Unknown function 0xf31731bb in 'cellSpurs' module
[E]: TODO: cellSpursRunJobChain
[W]: Unknown function 0x92cff6ed in 'cellSpurs' module
[E]: TODO: cellSpursQueuePushBody
[W]: Unknown function 0x8b7ed64b in 'cellSysutil' module
[E]: TODO: cellSaveDataAutoSave2
[W]: Unknown function 0xfbd5c856 in 'cellSysutil' module
[E]: TODO: cellSaveDataAutoLoad2
[W]: Unknown function 0x71f4c717 in 'sys_net' module
[E]: TODO: gethostbyname
[W]: Unknown function 0xdabbc2c0 in 'sys_net' module
[E]: TODO: inet_addr
[W]: Unknown function 0xf7ac8941 in 'sys_net' module
[E]: TODO: gethostbyaddr
[W]: Unknown function 0x82f294b2 in 'cellOvis' module
[E]: TODO: cellOvisGetOverlayTableSize
[W]: Unknown function 0xa876c911 in 'cellOvis' module
[E]: TODO: cellOvisInitializeOverlayTable
[W]: Unknown function 0x967a162b in 'sys_fs' module
[E]: TODO: cellFsFsync
[W]: Unknown function 0xa298cad2 in 'cellL10n' module
[E]: TODO: l10n_convert_str
[W]: Unknown function 0xcc1633cc in 'cellL10n' module
[E]: TODO: l10n_get_converter
[W]: Unknown function 0x8a561d92 in 'sysPrxForUser' module
[E]: TODO: _sys_heap_free
[W]: Unknown function 0xaede4b03 in 'sysPrxForUser' module
[E]: TODO: _sys_heap_delete_heap
[W : PPU[1] Thread (CPUThread)[0x026f1034]]: sys_lwmutex warning: *** lwmutex created [_lc_mtx] (attribute=0x12): sq_id = 3
[W : PPU[1] Thread (CPUThread)[0x0057832c]]: memory warning: sys_memory_get_user_memory_size(mem_info_addr=0xd0010c04)
[W : PPU[1] Thread (CPUThread)[0x026f1034]]: sys_lwmutex warning: *** lwmutex created [_lc_mtx] (attribute=0x12): sq_id = 4
[W : PPU[1] Thread (CPUThread)[0x026f1034]]: sys_lwmutex warning: *** lwmutex created [_lc_mtx] (attribute=0x12): sq_id = 5
[W : PPU[1] Thread (CPUThread)[0x026f1034]]: sys_lwmutex warning: *** lwmutex created [_lc_mtx] (attribute=0x12): sq_id = 6
[W : PPU[1] Thread (CPUThread)[0x026f1034]]: sys_lwmutex warning: *** lwmutex created [_lc_mtx] (attribute=0x12): sq_id = 7
[W : PPU[1] Thread (CPUThread)[0x026f1034]]: sys_lwmutex warning: *** lwmutex created [_lc_mtx] (attribute=0x12): sq_id = 8
[W : PPU[1] Thread (CPUThread)[0x026f1034]]: sys_lwmutex warning: *** lwmutex created [_lc_mtx] (attribute=0x12): sq_id = 9
[W : PPU[1] Thread (CPUThread)[0x026f1034]]: sys_lwmutex warning: *** lwmutex created [_lc_mtx] (attribute=0x12): sq_id = 10
[W : PPU[1] Thread (CPUThread)[0x026f1034]]: sys_lwmutex warning: *** lwmutex created [_lc_mtx] (attribute=0x12): sq_id = 11
[W : PPU[1] Thread (CPUThread)[0x026f1034]]: sys_lwmutex warning: *** lwmutex created [_lc_mtx] (attribute=0x12): sq_id = 12
[W : PPU[1] Thread (CPUThread)[0x026f1034]]: sys_lwmutex warning: *** lwmutex created [] (attribute=0x12): sq_id = 13
[W : PPU[1] Thread (CPUThread)[0x026db010]]: cellSysmodule warning: cellSysmoduleLoadModule(CELL_SYSMODULE_RESC)
[W : PPU[1] Thread (CPUThread)[0x026db010]]: cellSysmodule warning: cellSysmoduleLoadModule(CELL_SYSMODULE_FS)
[W : PPU[1] Thread (CPUThread)[0x026db010]]: cellSysmodule warning: cellSysmoduleLoadModule(CELL_SYSMODULE_SYSUTIL_NP_TROPHY)
[W : PPU[1] Thread (CPUThread)[0x026db010]]: cellSysmodule warning: cellSysmoduleLoadModule(CELL_SYSMODULE_PNGDEC)
[W : PPU[1] Thread (CPUThread)[0x026db010]]: cellSysmodule warning: cellSysmoduleLoadModule(CELL_SYSMODULE_RTC)
[W : PPU[1] Thread (CPUThread)[0x026db010]]: cellSysmodule warning: cellSysmoduleLoadModule(CELL_SYSMODULE_L10N)
[W : PPU[1] Thread (CPUThread)[0x026db010]]: cellSysmodule warning: cellSysmoduleLoadModule(CELL_SYSMODULE_SYSUTIL_GAME)
[W : PPU[1] Thread (CPUThread)[0x026e1034]]: cellSysutil warning: cellSysutilRegisterCallback(slot=0, func_addr=0x770208, userdata=0x0)
[W : PPU[1] Thread (CPUThread)[0x026f1034]]: sys_lwmutex warning: *** lwmutex created [] (attribute=0x12): sq_id = 14
[W : PPU[1] Thread (CPUThread)[0x0015f078]]: sys_mutex warning: *** mutex created [] (protocol=0x2, recursive=true): id = 15
[W : PPU[1] Thread (CPUThread)[0x0015f0d0]]: sys_cond warning: *** condition on recursive mutex(15)
[W : PPU[1] Thread (CPUThread)[0x0015f0d0]]: sys_cond warning: *** condition created [] (mutex_id=15): id = 16
[! : PPU[1] Thread (CPUThread)[0x026f101c]]: *** New PPU Thread [CRI FS File Access 0] (): id = 17
[W : PPU[1] Thread (CPUThread)[0x0016051c]]: sysPrxForUser warning: sys_ppu_thread_set_priority(thread_id=17, prio=900)
[W : PPU[1] Thread (CPUThread)[0x026f1034]]: sys_lwmutex warning: *** lwmutex created [] (attribute=0x12): sq_id = 18
[W : PPU[1] Thread (CPUThread)[0x0015f078]]: sys_mutex warning: *** mutex created [] (protocol=0x2, recursive=true): id = 19
[W : PPU[1] Thread (CPUThread)[0x0015f0d0]]: sys_cond warning: *** condition on recursive mutex(19)
[W : PPU[1] Thread (CPUThread)[0x0015f0d0]]: sys_cond warning: *** condition created [] (mutex_id=19): id = 20
[! : PPU[1] Thread (CPUThread)[0x026f101c]]: *** New PPU Thread [CRI FS Memory File System] (): id = 21
[W : PPU[1] Thread (CPUThread)[0x0016051c]]: sysPrxForUser warning: sys_ppu_thread_set_priority(thread_id=21, prio=1100)
[W : PPU[1] Thread (CPUThread)[0x026f1034]]: sys_lwmutex warning: *** lwmutex created [] (attribute=0x12): sq_id = 22
[W : PPU[1] Thread (CPUThread)[0x0015f078]]: sys_mutex warning: *** mutex created [] (protocol=0x2, recursive=true): id = 23
[W : PPU[1] Thread (CPUThread)[0x0015f0d0]]: sys_cond warning: *** condition on recursive mutex(23)
[W : PPU[1] Thread (CPUThread)[0x0015f0d0]]: sys_cond warning: *** condition created [] (mutex_id=23): id = 24
[! : PPU[1] Thread (CPUThread)[0x026f101c]]: *** New PPU Thread [CRI FS File Access 1] (): id = 25
[W : PPU[1] Thread (CPUThread)[0x0016051c]]: sysPrxForUser warning: sys_ppu_thread_set_priority(thread_id=25, prio=900)
[W : PPU[1] Thread (CPUThread)[0x026f1034]]: sys_lwmutex warning: *** lwmutex created [] (attribute=0x12): sq_id = 26
[W : PPU[1] Thread (CPUThread)[0x0015f078]]: sys_mutex warning: *** mutex created [] (protocol=0x2, recursive=true): id = 27
[W : PPU[1] Thread (CPUThread)[0x0015f0d0]]: sys_cond warning: *** condition on recursive mutex(27)
[W : PPU[1] Thread (CPUThread)[0x0015f0d0]]: sys_cond warning: *** condition created [] (mutex_id=27): id = 28
[! : PPU[1] Thread (CPUThread)[0x026f101c]]: *** New PPU Thread [CRI FS File Access 2] (): id = 29
[W : PPU[1] Thread (CPUThread)[0x0016051c]]: sysPrxForUser warning: sys_ppu_thread_set_priority(thread_id=29, prio=900)
[W : PPU[1] Thread (CPUThread)[0x026f1034]]: sys_lwmutex warning: *** lwmutex created [] (attribute=0x12): sq_id = 30
[W : PPU[1] Thread (CPUThread)[0x0015f078]]: sys_mutex warning: *** mutex created [] (protocol=0x2, recursive=true): id = 31
[W : PPU[1] Thread (CPUThread)[0x0015f0d0]]: sys_cond warning: *** condition on recursive mutex(31)
[W : PPU[1] Thread (CPUThread)[0x0015f0d0]]: sys_cond warning: *** condition created [] (mutex_id=31): id = 32
[! : PPU[1] Thread (CPUThread)[0x026f101c]]: *** New PPU Thread [CRI FS File Access 3] (): id = 33
[W : PPU[1] Thread (CPUThread)[0x0016051c]]: sysPrxForUser warning: sys_ppu_thread_set_priority(thread_id=33, prio=900)
[W : PPU[1] Thread (CPUThread)[0x026f1034]]: sys_lwmutex warning: *** lwmutex created [] (attribute=0x12): sq_id = 34
[W : PPU[1] Thread (CPUThread)[0x0015f078]]: sys_mutex warning: *** mutex created [] (protocol=0x2, recursive=true): id = 35
[W : PPU[1] Thread (CPUThread)[0x0015f0d0]]: sys_cond warning: *** condition on recursive mutex(35)
[W : PPU[1] Thread (CPUThread)[0x0015f0d0]]: sys_cond warning: *** condition created [] (mutex_id=35): id = 36
[! : PPU[1] Thread (CPUThread)[0x026f101c]]: *** New PPU Thread [CRI FS Data Decompression 0] (): id = 37
[W : PPU[1] Thread (CPUThread)[0x0016051c]]: sysPrxForUser warning: sys_ppu_thread_set_priority(thread_id=37, prio=1100)
[W : PPU[1] Thread (CPUThread)[0x026f1034]]: sys_lwmutex warning: *** lwmutex created [] (attribute=0x12): sq_id = 38
[W : PPU[1] Thread (CPUThread)[0x026f1034]]: sys_lwmutex warning: *** lwmutex created [] (attribute=0x12): sq_id = 39
[W : PPU[1] Thread (CPUThread)[0x026f1034]]: sys_lwmutex warning: *** lwmutex created [] (attribute=0x12): sq_id = 40
[W : PPU[1] Thread (CPUThread)[0x026f1034]]: sys_lwmutex warning: *** lwmutex created [] (attribute=0x12): sq_id = 41
[W : PPU[1] Thread (CPUThread)[0x026f1034]]: sys_lwmutex warning: *** lwmutex created [] (attribute=0x12): sq_id = 42
[W : PPU[1] Thread (CPUThread)[0x026f1034]]: sys_lwmutex warning: *** lwmutex created [] (attribute=0x12): sq_id = 43
[W : PPU[1] Thread (CPUThread)[0x026f1034]]: sys_lwmutex warning: *** lwmutex created [] (attribute=0x12): sq_id = 44
[W : PPU[1] Thread (CPUThread)[0x026f1034]]: sys_lwmutex warning: *** lwmutex created [] (attribute=0x12): sq_id = 45
[W : PPU[1] Thread (CPUThread)[0x026f1034]]: sys_lwmutex warning: *** lwmutex created [] (attribute=0x12): sq_id = 46
[W : PPU[1] Thread (CPUThread)[0x026f1034]]: sys_lwmutex warning: *** lwmutex created [] (attribute=0x12): sq_id = 47
[W : PPU[1] Thread (CPUThread)[0x026f1034]]: sys_lwmutex warning: *** lwmutex created [] (attribute=0x12): sq_id = 48
[W : PPU[1] Thread (CPUThread)[0x026f1034]]: sys_lwmutex warning: *** lwmutex created [] (attribute=0x12): sq_id = 49
[W : PPU[1] Thread (CPUThread)[0x0015f078]]: sys_mutex warning: *** mutex created [] (protocol=0x2, recursive=true): id = 50
[W : PPU[1] Thread (CPUThread)[0x0015f0d0]]: sys_cond warning: *** condition on recursive mutex(50)
[W : PPU[1] Thread (CPUThread)[0x0015f0d0]]: sys_cond warning: *** condition created [] (mutex_id=50): id = 51
[! : PPU[1] Thread (CPUThread)[0x026f101c]]: *** New PPU Thread [CriThread] (): id = 52
[W : PPU[1] Thread (CPUThread)[0x0016051c]]: sysPrxForUser warning: sys_ppu_thread_set_priority(thread_id=52, prio=910)
[W : PPU[1] Thread (CPUThread)[0x026f1034]]: sys_lwmutex warning: *** lwmutex created [] (attribute=0x12): sq_id = 53
[W : PPU[1] Thread (CPUThread)[0x026f1034]]: sys_lwmutex warning: *** lwmutex created [] (attribute=0x12): sq_id = 54
[! : PPU[1] Thread (CPUThread)[0x026f101c]]: *** New PPU Thread [CRI Server Manager] (): id = 55
[W : PPU[1] Thread (CPUThread)[0x0016051c]]: sysPrxForUser warning: sys_ppu_thread_set_priority(thread_id=55, prio=500)
[W : PPU[1] Thread (CPUThread)[0x026f1034]]: sys_lwmutex warning: *** lwmutex created [] (attribute=0x12): sq_id = 56
[W : PPU[1] Thread (CPUThread)[0x00159ad8]]: sys_mutex warning: *** mutex created [] (protocol=0x2, recursive=true): id = 57
[W : PPU[1] Thread (CPUThread)[0x00159b0c]]: sys_cond warning: *** condition on recursive mutex(57)
[W : PPU[1] Thread (CPUThread)[0x00159b0c]]: sys_cond warning: *** condition created [] (mutex_id=57): id = 58
[W : PPU[1] Thread (CPUThread)[0x026f1034]]: sys_lwmutex warning: *** lwmutex created [] (attribute=0x12): sq_id = 59
[! : PPU[1] Thread (CPUThread)[0x026f101c]]: *** New PPU Thread [cri_dlg] (): id = 60
[W : PPU[1] Thread (CPUThread)[0x026f1034]]: sys_lwmutex warning: *** lwmutex created [] (attribute=0x12): sq_id = 61
[W : PPU[1] Thread (CPUThread)[0x026f1034]]: sys_lwmutex warning: *** lwmutex created [] (attribute=0x12): sq_id = 62
[W : PPU[1] Thread (CPUThread)[0x026f1034]]: sys_lwmutex warning: *** lwmutex created [] (attribute=0x12): sq_id = 63
[W : PPU[1] Thread (CPUThread)[0x00159ad8]]: sys_mutex warning: *** mutex created [] (protocol=0x2, recursive=true): id = 64
[W : PPU[1] Thread (CPUThread)[0x00159b0c]]: sys_cond warning: *** condition on recursive mutex(64)
[W : PPU[1] Thread (CPUThread)[0x00159b0c]]: sys_cond warning: *** condition created [] (mutex_id=64): id = 65
[W : PPU[1] Thread (CPUThread)[0x026f1034]]: sys_lwmutex warning: *** lwmutex created [] (attribute=0x12): sq_id = 66
[! : PPU[1] Thread (CPUThread)[0x026f101c]]: *** New PPU Thread [cri_dlg] (): id = 67
[W : PPU[1] Thread (CPUThread)[0x026f1034]]: sys_lwmutex warning: *** lwmutex created [] (attribute=0x12): sq_id = 68
[W : PPU[1] Thread (CPUThread)[0x026f1034]]: sys_lwmutex warning: *** lwmutex created [] (attribute=0x12): sq_id = 69
[W : PPU[1] Thread (CPUThread)[0x026db010]]: cellSysmodule warning: cellSysmoduleLoadModule(CELL_SYSMODULE_AUDIO)
[W : PPU[1] Thread (CPUThread)[0x026e1040]]: cellSysutil warning: cellAudioOutGetSoundAvailability(audioOut=0, type=0, fs=0x4, option=0)
[W : PPU[1] Thread (CPUThread)[0x026e1010]]: cellSysutil warning: cellAudioOutConfigure(audioOut=0, config_addr=0xd0010a60, option_addr=0x0, (!)waitForEvent=0)
[W : PPU[1] Thread (CPUThread)[0x026e1058]]: cellSysutil warning: cellAudioOutGetState(audioOut=0x0,deviceIndex=0x0,state_addr=0xd0010a88)
[W : PPU[1] Thread (CPUThread)[0x0075d004]]: cellAudio warning: cellAudioInit()
[! : Audio Thread]: Audio started
[W : PPU[1] Thread (CPUThread)[0x000cc668]]: libmixer warning: cellSurMixerCreate(config_addr=0xd0010a74)
[W : PPU[1] Thread (CPUThread)[0x000cc668]]: libmixer warning: *** surMixer created (ch1=0, ch2=0, ch6=0, ch8=0)
[W : PPU[1] Thread (CPUThread)[0x000c9254]]: libmixer warning: cellSurMixerSetNotifyCallback(func_addr=0x76fdc0, arg=0x0)
[W : PPU[1] Thread (CPUThread)[0x000c921c]]: libmixer warning: cellSurMixerGetAANHandle(handle_addr=0xd0010a70) -> 0x11111111
[W : PPU[1] Thread (CPUThread)[0x026f1034]]: sys_lwmutex warning: *** lwmutex created [] (attribute=0x12): sq_id = 70
[W : PPU[1] Thread (CPUThread)[0x000cba9c]]: libmixer warning: cellSurMixerStart()
[W : PPU[1] Thread (CPUThread)[0x000cba9c]]: libmixer warning: *** audio port opened(default, port 7)
[W : PPU[1] Thread (CPUThread)[0x026f1034]]: sys_lwmutex warning: *** lwmutex created [] (attribute=0x12): sq_id = 72
[W : PPU[1] Thread (CPUThread)[0x000d554c]]: sys_mutex warning: *** mutex created [] (protocol=0x2, recursive=true): id = 73
[W : PPU[1] Thread (CPUThread)[0x000d5584]]: sys_cond warning: *** condition on recursive mutex(73)
[W : PPU[1] Thread (CPUThread)[0x000d5584]]: sys_cond warning: *** condition created [] (mutex_id=73): id = 74
[W : PPU[1] Thread (CPUThread)[0x000d554c]]: sys_mutex warning: *** mutex created [] (protocol=0x2, recursive=true): id = 75
[W : PPU[1] Thread (CPUThread)[0x000d5584]]: sys_cond warning: *** condition on recursive mutex(75)
[W : PPU[1] Thread (CPUThread)[0x000d5584]]: sys_cond warning: *** condition created [] (mutex_id=75): id = 76
[W : PPU[1] Thread (CPUThread)[0x000d554c]]: sys_mutex warning: *** mutex created [] (protocol=0x2, recursive=true): id = 77
[W : PPU[1] Thread (CPUThread)[0x000d5584]]: sys_cond warning: *** condition on recursive mutex(77)
[W : PPU[1] Thread (CPUThread)[0x000d5584]]: sys_cond warning: *** condition created [] (mutex_id=77): id = 78
[W : PPU[1] Thread (CPUThread)[0x000d554c]]: sys_mutex warning: *** mutex created [] (protocol=0x2, recursive=true): id = 79
[W : PPU[1] Thread (CPUThread)[0x000d5584]]: sys_cond warning: *** condition on recursive mutex(79)
[W : PPU[1] Thread (CPUThread)[0x000d5584]]: sys_cond warning: *** condition created [] (mutex_id=79): id = 80
[W : PPU[1] Thread (CPUThread)[0x026f1034]]: sys_lwmutex warning: *** lwmutex created [] (attribute=0x12): sq_id = 81
[W : PPU[1] Thread (CPUThread)[0x026f1034]]: sys_lwmutex warning: *** lwmutex created [] (attribute=0x12): sq_id = 82
[W : PPU[1] Thread (CPUThread)[0x026f1034]]: sys_lwmutex warning: *** lwmutex created [] (attribute=0x12): sq_id = 83
[W : PPU[1] Thread (CPUThread)[0x026f1034]]: sys_lwmutex warning: *** lwmutex created [] (attribute=0x12): sq_id = 84
[W : PPU[1] Thread (CPUThread)[0x026f1034]]: sys_lwmutex warning: *** lwmutex created [] (attribute=0x12): sq_id = 85
[W : PPU[1] Thread (CPUThread)[0x026f1034]]: sys_lwmutex warning: *** lwmutex created [] (attribute=0x12): sq_id = 86
[W : PPU[1] Thread (CPUThread)[0x026f1034]]: sys_lwmutex warning: *** lwmutex created [] (attribute=0x12): sq_id = 87
[W : PPU[1] Thread (CPUThread)[0x026f1034]]: sys_lwmutex warning: *** lwmutex created [] (attribute=0x12): sq_id = 88
[W : PPU[1] Thread (CPUThread)[0x026f1034]]: sys_lwmutex warning: *** lwmutex created [] (attribute=0x12): sq_id = 89
[! : PPU[1] Thread (CPUThread)[0x026f101c]]: *** New PPU Thread [cri_adxm_vv_proc] (): id = 90
[W : PPU[1] Thread (CPUThread)[0x026f1034]]: sys_lwmutex warning: *** lwmutex created [] (attribute=0x12): sq_id = 91
[! : PPU[1] Thread (CPUThread)[0x026f101c]]: *** New PPU Thread [cri_adxm_vsync_proc] (): id = 92
[W : PPU[1] Thread (CPUThread)[0x026f1034]]: sys_lwmutex warning: *** lwmutex created [] (attribute=0x12): sq_id = 93
[! : PPU[1] Thread (CPUThread)[0x026f101c]]: *** New PPU Thread [cri_adxm_fs_proc] (): id = 94
[W : PPU[1] Thread (CPUThread)[0x026f1034]]: sys_lwmutex warning: *** lwmutex created [] (attribute=0x12): sq_id = 95
[! : PPU[1] Thread (CPUThread)[0x026f101c]]: *** New PPU Thread [cri_adxm_idle_proc] (): id = 96
[W : PPU[1] Thread (CPUThread)[0x000d5a80]]: sysPrxForUser warning: sys_ppu_thread_set_priority(thread_id=1, prio=1001)
[W : PPU[1] Thread (CPUThread)[0x026f1034]]: sys_lwmutex warning: *** lwmutex created [] (attribute=0x12): sq_id = 97
[W : PPU[1] Thread (CPUThread)[0x026f1034]]: sys_lwmutex warning: *** lwmutex created [] (attribute=0x12): sq_id = 98
[W : PPU[1] Thread (CPUThread)[0x026f1034]]: sys_lwmutex warning: *** lwmutex created [] (attribute=0x12): sq_id = 99
[W : PPU[1] Thread (CPUThread)[0x026f1034]]: sys_lwmutex warning: *** lwmutex created [] (attribute=0x12): sq_id = 100
[W : PPU[1] Thread (CPUThread)[0x026f1034]]: sys_lwmutex warning: *** lwmutex created [] (attribute=0x12): sq_id = 101
[W : PPU[1] Thread (CPUThread)[0x026f1034]]: sys_lwmutex warning: *** lwmutex created [] (attribute=0x12): sq_id = 102
[W : PPU[1] Thread (CPUThread)[0x026f1034]]: sys_lwmutex warning: *** lwmutex created [] (attribute=0x12): sq_id = 103
[W : PPU[1] Thread (CPUThread)[0x026f1034]]: sys_lwmutex warning: *** lwmutex created [] (attribute=0x12): sq_id = 104
[W : PPU[1] Thread (CPUThread)[0x026f1034]]: sys_lwmutex warning: *** lwmutex created [] (attribute=0x12): sq_id = 105
[W : PPU[1] Thread (CPUThread)[0x026f1034]]: sys_lwmutex warning: *** lwmutex created [] (attribute=0x12): sq_id = 106
[W : PPU[1] Thread (CPUThread)[0x026f1034]]: sys_lwmutex warning: *** lwmutex created [] (attribute=0x12): sq_id = 107
[W : PPU[1] Thread (CPUThread)[0x026f1034]]: sys_lwmutex warning: *** lwmutex created [] (attribute=0x12): sq_id = 108
[W : PPU[1] Thread (CPUThread)[0x026f1034]]: sys_lwmutex warning: *** lwmutex created [] (attribute=0x12): sq_id = 109
[W : PPU[1] Thread (CPUThread)[0x026f1034]]: sys_lwmutex warning: *** lwmutex created [] (attribute=0x12): sq_id = 110
[W : PPU[1] Thread (CPUThread)[0x026f1034]]: sys_lwmutex warning: *** lwmutex created [] (attribute=0x12): sq_id = 111
[W : PPU[1] Thread (CPUThread)[0x026f1034]]: sys_lwmutex warning: *** lwmutex created [] (attribute=0x12): sq_id = 112
[W : PPU[1] Thread (CPUThread)[0x026f1034]]: sys_lwmutex warning: *** lwmutex created [] (attribute=0x12): sq_id = 113
[W : PPU[1] Thread (CPUThread)[0x026f1034]]: sys_lwmutex warning: *** lwmutex created [] (attribute=0x12): sq_id = 114
[W : PPU[1] Thread (CPUThread)[0x026f1034]]: sys_lwmutex warning: *** lwmutex created [] (attribute=0x12): sq_id = 115
[W : PPU[1] Thread (CPUThread)[0x026f1034]]: sys_lwmutex warning: *** lwmutex created [] (attribute=0x12): sq_id = 116
[W : PPU[1] Thread (CPUThread)[0x026f1034]]: sys_lwmutex warning: *** lwmutex created [] (attribute=0x12): sq_id = 117
[W : PPU[1] Thread (CPUThread)[0x026f1034]]: sys_lwmutex warning: *** lwmutex created [] (attribute=0x12): sq_id = 118
[W : PPU[1] Thread (CPUThread)[0x026f1034]]: sys_lwmutex warning: *** lwmutex created [] (attribute=0x12): sq_id = 119
[W : PPU[1] Thread (CPUThread)[0x026f1034]]: sys_lwmutex warning: *** lwmutex created [] (attribute=0x12): sq_id = 120
[W : PPU[1] Thread (CPUThread)[0x026f1034]]: sys_lwmutex warning: *** lwmutex created [] (attribute=0x12): sq_id = 121
[W : PPU[1] Thread (CPUThread)[0x026f1034]]: sys_lwmutex warning: *** lwmutex created [] (attribute=0x12): sq_id = 122
[W : PPU[1] Thread (CPUThread)[0x026f1034]]: sys_lwmutex warning: *** lwmutex created [] (attribute=0x12): sq_id = 123
[W : PPU[1] Thread (CPUThread)[0x026f1034]]: sys_lwmutex warning: *** lwmutex created [] (attribute=0x12): sq_id = 124
[W : PPU[1] Thread (CPUThread)[0x026f1034]]: sys_lwmutex warning: *** lwmutex created [] (attribute=0x12): sq_id = 125
[W : PPU[1] Thread (CPUThread)[0x026f1034]]: sys_lwmutex warning: *** lwmutex created [] (attribute=0x12): sq_id = 126
[W : PPU[1] Thread (CPUThread)[0x026f1034]]: sys_lwmutex warning: *** lwmutex created [] (attribute=0x12): sq_id = 127
[W : PPU[1] Thread (CPUThread)[0x026f1034]]: sys_lwmutex warning: *** lwmutex created [] (attribute=0x12): sq_id = 128
[W : PPU[1] Thread (CPUThread)[0x026f1034]]: sys_lwmutex warning: *** lwmutex created [] (attribute=0x12): sq_id = 129
[W : PPU[1] Thread (CPUThread)[0x026f1034]]: sys_lwmutex warning: *** lwmutex created [] (attribute=0x12): sq_id = 130
[E : PPU[1] Thread (CPUThread)[0x026d9004]]: cellSpurs error: _cellSpursAttributeInitialize(attr_addr=0xd0010910, nSpus=2, spuPriority=3342336, ppuPriority=2, exitIfNoWork=200)
[E : PPU[1] Thread (CPUThread)[0x026d9010]]: TODO: cellSpursInitializeWithAttribute
[W : PPU[1] Thread (CPUThread)[0x026f1034]]: sys_lwmutex warning: *** lwmutex created [] (attribute=0x12): sq_id = 131
[W : PPU[1] Thread (CPUThread)[0x026f1034]]: sys_lwmutex warning: *** lwmutex created [] (attribute=0x12): sq_id = 132
[W : PPU[1] Thread (CPUThread)[0x026f1034]]: sys_lwmutex warning: *** lwmutex created [] (attribute=0x12): sq_id = 133
[W : PPU[1] Thread (CPUThread)[0x026f1034]]: sys_lwmutex warning: *** lwmutex created [] (attribute=0x12): sq_id = 134
[W : PPU[1] Thread (CPUThread)[0x026f1034]]: sys_lwmutex warning: *** lwmutex created [] (attribute=0x12): sq_id = 135
[W : PPU[1] Thread (CPUThread)[0x026f1034]]: sys_lwmutex warning: *** lwmutex created [] (attribute=0x12): sq_id = 136
[W : PPU[1] Thread (CPUThread)[0x026f1034]]: sys_lwmutex warning: *** lwmutex created [] (attribute=0x12): sq_id = 137
[W : PPU[1] Thread (CPUThread)[0x026f1034]]: sys_lwmutex warning: *** lwmutex created [] (attribute=0x12): sq_id = 138
[W : PPU[1] Thread (CPUThread)[0x026f1034]]: sys_lwmutex warning: *** lwmutex created [] (attribute=0x12): sq_id = 139
[W : PPU[1] Thread (CPUThread)[0x026f1034]]: sys_lwmutex warning: *** lwmutex created [] (attribute=0x12): sq_id = 140
[W : PPU[1] Thread (CPUThread)[0x026f1034]]: sys_lwmutex warning: *** lwmutex created [] (attribute=0x12): sq_id = 141
[E : PPU[1] Thread (CPUThread)[0x026d901c]]: TODO: _cellSpursTasksetAttributeInitialize
[E : PPU[1] Thread (CPUThread)[0x026d9058]]: TODO: cellSpursTasksetAttributeSetName
[E : PPU[1] Thread (CPUThread)[0x026d9094]]: TODO: cellSpursCreateTasksetWithAttribute
[E : PPU[1] Thread (CPUThread)[0x026d904c]]: TODO: _cellSpursEventFlagInitialize
[E : PPU[1] Thread (CPUThread)[0x026d904c]]: TODO: _cellSpursEventFlagInitialize
[E : PPU[1] Thread (CPUThread)[0x026d9064]]: TODO: cellSpursEventFlagAttachLv2EventQueue
[E : PPU[1] Thread (CPUThread)[0x026d9088]]: TODO: _cellSpursTaskAttributeInitialize
[E : PPU[1] Thread (CPUThread)[0x026d9028]]: TODO: cellSpursCreateTaskWithAttribute
[E : PPU[1] Thread (CPUThread)[0x026d904c]]: TODO: _cellSpursEventFlagInitialize
[E : PPU[1] Thread (CPUThread)[0x026d904c]]: TODO: _cellSpursEventFlagInitialize
[E : PPU[1] Thread (CPUThread)[0x026d9064]]: TODO: cellSpursEventFlagAttachLv2EventQueue
[E : PPU[1] Thread (CPUThread)[0x026d9088]]: TODO: _cellSpursTaskAttributeInitialize
[E : PPU[1] Thread (CPUThread)[0x026d9028]]: TODO: cellSpursCreateTaskWithAttribute
[W : Libmixer Thread]: Libmixer aborted
[W : PPU[29] Thread (CRI FS File Access 2)[0x0015f314]]: sys_cond_wait(id=28) aborted
[W : PPU[33] Thread (CRI FS File Access 3)[0x0015f314]]: sys_cond_wait(id=32) aborted
[W : PPU[92] Thread (cri_adxm_vsync_proc)[0x000d50dc]]: sys_cond_wait(id=74) aborted
[W : Audio Thread]: Audio aborted
[W : PPU[25] Thread (CRI FS File Access 1)[0x0015f314]]: sys_cond_wait(id=24) aborted
[W : PPU[94] Thread (cri_adxm_fs_proc)[0x000d50dc]]: sys_cond_wait(id=76) aborted
[W : PPU[17] Thread (CRI FS File Access 0)[0x0015f314]]: sys_cond_wait(id=16) aborted
[W : PPU[96] Thread (cri_adxm_idle_proc)[0x000d50dc]]: sys_cond_wait(id=78) aborted
[W : PPU[52] Thread (CriThread)[0x0015f314]]: sys_cond_wait(id=51) aborted
[W : PPU[60] Thread (cri_dlg)[0x00159dc4]]: sys_cond_wait(id=58) aborted
[W : PPU[37] Thread (CRI FS Data Decompression 0)[0x0015f314]]: sys_cond_wait(id=36) aborted
[W : PPU[67] Thread (cri_dlg)[0x00159dc4]]: sys_cond_wait(id=65) aborted
[W : PPU[21] Thread (CRI FS Memory File System)[0x0015f314]]: sys_cond_wait(id=20) aborted
[!]: Closing memory...
