[!]: path: /dev_hdd0/game/
[!]: Loading 'D:\Emulateurs\Rpcs3\dev_hdd0\game\BLJM60476-[AQUAPAZZA AQUAPLUS DREAM MATCH]\PS3_GAME\USRDIR/BOOT.BIN'...
[!]: Mount info:
[!]: /dev_hdd0/ -> D:\Emulateurs\Rpcs3\dev_hdd0\
[!]: /dev_hdd1/ -> D:\Emulateurs\Rpcs3\dev_hdd1\
[!]: /dev_flash/ -> D:\Emulateurs\Rpcs3\dev_flash\
[!]: /dev_usb000/ -> D:\Emulateurs\Rpcs3\dev_usb000\
[!]: /dev_usb/ -> D:\Emulateurs\Rpcs3\dev_usb000\
[!]: /app_home/ -> D:\Emulateurs\Rpcs3\dev_hdd0\game\BLJM60476-[AQUAPAZZA AQUAPLUS DREAM MATCH]\PS3_GAME\\USRDIR\
[!]: /dev_bdvd/ -> D:\Emulateurs\Rpcs3\dev_hdd0\game\BLJM60476-[AQUAPAZZA AQUAPLUS DREAM MATCH]\PS3_GAME\\..\
[!]: /host_root/ -> 
[!]: /app_home/Game/PS3_GAME/ -> D:\Emulateurs\Rpcs3\dev_hdd0\game\BLJM60476-[AQUAPAZZA AQUAPLUS DREAM MATCH]\PS3_GAME\
[!]: data/ -> D:\Emulateurs\Rpcs3\dev_hdd0\game\BLJM60476-[AQUAPAZZA AQUAPLUS DREAM MATCH]\PS3_GAME\\USRDIR\Data\
[!]: /data/ -> D:\Emulateurs\Rpcs3\dev_hdd0\game\BLJM60476-[AQUAPAZZA AQUAPLUS DREAM MATCH]\PS3_GAME\\USRDIR\Data\
[!]: DATA/ -> D:\Emulateurs\Rpcs3\dev_hdd0\game\BLJM60476-[AQUAPAZZA AQUAPLUS DREAM MATCH]\PS3_GAME\\USRDIR\DATA\
[!]: /app_home//dev_bdvd/PS3_GAME/USRDIR/data/gos/ -> D:\Emulateurs\Rpcs3\dev_hdd0\game\BLJM60476-[AQUAPAZZA AQUAPLUS DREAM MATCH]\PS3_GAME\\USRDIR\
[!]: //dev_bdvd/PS3_GAME/ -> D:\Emulateurs\Rpcs3\dev_hdd0\game\BLJM60476-[AQUAPAZZA AQUAPLUS DREAM MATCH]\PS3_GAME\
[!]: /USRDIR/PS3_GAME/ -> D:\Emulateurs\Rpcs3\dev_hdd0\game\BLJM60476-[AQUAPAZZA AQUAPLUS DREAM MATCH]\PS3_GAME\
[!]: Data/ -> D:\Emulateurs\Rpcs3\dev_hdd0\game\BLJM60476-[AQUAPAZZA AQUAPLUS DREAM MATCH]\PS3_GAME\\USRDIR\Data\
[!]: Res/ -> D:\Emulateurs\Rpcs3\dev_hdd0\game\BLJM60476-[AQUAPAZZA AQUAPLUS DREAM MATCH]\PS3_GAME\\USRDIR\Res\
[!]: / -> D:\Emulateurs\Rpcs3\dev_hdd0\game\BLJM60476-[AQUAPAZZA AQUAPLUS DREAM MATCH]\PS3_GAME\\USRDIR\Res\install\
[!]: /Res/ -> D:\Emulateurs\Rpcs3\dev_hdd0\game\BLJM60476-[AQUAPAZZA AQUAPLUS DREAM MATCH]\PS3_GAME\\USRDIR\Res\
[!]: Initing memory...
[!]: Memory initialized.
[W]: Unknown function 0x20543730 in 'cellSysutil' module
[E]: TODO: cellMsgDialogClose
[W]: Unknown function 0x220894e3 in 'cellSysutil' module
[E]: TODO: cellSysutilEnableBgmPlayback
[W]: Unknown function 0x3d1e1931 in 'cellSysutil' module
[E]: TODO: cellOskDialogUnloadAsync
[W]: Unknown function 0x62b0f803 in 'cellSysutil' module
[E]: TODO: cellMsgDialogAbort
[W]: Unknown function 0x7f21c918 in 'cellSysutil' module
[E]: TODO: cellOskDialogAddSupportLanguage
[W]: Unknown function 0x7fcfc915 in 'cellSysutil' module
[E]: TODO: cellOskDialogLoadAsync
[W]: Unknown function 0x8b7ed64b in 'cellSysutil' module
[E]: TODO: cellSaveDataAutoSave2
[W]: Unknown function 0x94862702 in 'cellSysutil' module
[E]: TODO: cellMsgDialogProgressBarInc
[W]: Unknown function 0xa11552f6 in 'cellSysutil' module
[E]: TODO: cellSysutilGetBgmPlaybackStatus
[W]: Unknown function 0xb53c54fa in 'cellSysutil' module
[E]: TODO: cellOskDialogSetKeyLayoutOption
[W]: Unknown function 0xb6d84526 in 'cellSysutil' module
[E]: TODO: cellOskDialogAbort
[W]: Unknown function 0xcfdd8e87 in 'cellSysutil' module
[E]: TODO: cellSysutilDisableBgmPlayback
[W]: Unknown function 0xedadd797 in 'cellSysutil' module
[E]: TODO: cellSaveDataDelete2
[W]: Unknown function 0xfbd5c856 in 'cellSysutil' module
[E]: TODO: cellSaveDataAutoLoad2
[W]: Unknown function 0x23ae55a3 in 'cellGcmSys' module
[E]: TODO: cellGcmGetLastSecondVTime
[W]: Unknown function 0x63387071 in 'cellGcmSys' module
[E]: TODO: cellGcmGetLastFlipTime
[W]: Unknown function 0x6d3bb15b in 'sys_fs' module
[E]: TODO: cellFsSdataOpenByFd
[W]: Unknown function 0x967a162b in 'sys_fs' module
[E]: TODO: cellFsFsync
[W]: Unknown function 0x01fbbc9b in 'sceNp' module
[E]: TODO: sceNpBasicSendMessageGui
[W]: Unknown function 0x04372385 in 'sceNp' module
[E]: TODO: sceNpBasicGetFriendListEntry
[W]: Unknown function 0x04ca5e6a in 'sceNp' module
[E]: TODO: sceNpScoreRecordGameData
[W]: Unknown function 0x05d65dff in 'sceNp' module
[E]: TODO: sceNpScoreGetRankingByNpId
[W]: Unknown function 0x166dcc11 in 'sceNp' module
[E]: TODO: sceNpLookupNpId
[W]: Unknown function 0x1672170e in 'sceNp' module
[E]: TODO: sceNpScoreRecordScore
[W]: Unknown function 0x168a3117 in 'sceNp' module
[E]: TODO: sceNpBasicAddPlayersHistory
[W]: Unknown function 0x168fcece in 'sceNp' module
[E]: TODO: sceNpManagerGetAccountAge
[W]: Unknown function 0x2706eaa1 in 'sceNp' module
[E]: TODO: sceNpScoreSetPlayerCharacterId
[W]: Unknown function 0x32200389 in 'sceNp' module
[E]: TODO: sceNpManagerGetMyLanguages
[W]: Unknown function 0x32cf311f in 'sceNp' module
[E]: TODO: sceNpScoreInit
[W]: Unknown function 0x36d0c2c5 in 'sceNp' module
[E]: TODO: sceNpManagerGetAvatarUrl
[W]: Unknown function 0x3b02418d in 'sceNp' module
[E]: TODO: sceNpScoreGetGameData
[W]: Unknown function 0x52a6b523 in 'sceNp' module
[E]: TODO: sceNpManagerUnregisterCallback
[W]: Unknown function 0x5de61626 in 'sceNp' module
[E]: TODO: sceNpLookupDestroyTitleCtx
[W]: Unknown function 0x5f2d9257 in 'sceNp' module
[E]: TODO: sceNpLookupInit
[W]: Unknown function 0x64a704cc in 'sceNp' module
[E]: TODO: sceNpBasicRecvMessageAttachmentLoad
[W]: Unknown function 0x6ee62ed2 in 'sceNp' module
[E]: TODO: sceNpManagerGetContentRatingFlag
[W]: Unknown function 0x6f5e8143 in 'sceNp' module
[E]: TODO: sceNpScoreCreateTransactionCtx
[W]: Unknown function 0x73931bd0 in 'sceNp' module
[E]: TODO: sceNpBasicGetBlockListEntryCount
[W]: Unknown function 0x806960ab in 'sceNp' module
[E]: TODO: sceNpBasicRecvMessageCustom
[W]: Unknown function 0x8440537c in 'sceNp' module
[E]: TODO: sceNpLookupTerm
[W]: Unknown function 0x9851f805 in 'sceNp' module
[E]: TODO: sceNpScoreTerm
[W]: Unknown function 0xacb9ee8e in 'sceNp' module
[E]: TODO: sceNpBasicUnregisterHandler
[W]: Unknown function 0xafef640d in 'sceNp' module
[E]: TODO: sceNpBasicGetFriendListEntryCount
[W]: Unknown function 0xb1e0718b in 'sceNp' module
[E]: TODO: sceNpManagerGetAccountRegion
[W]: Unknown function 0xb9f93bbb in 'sceNp' module
[E]: TODO: sceNpScoreCreateTitleCtx
[W]: Unknown function 0xbcc09fe7 in 'sceNp' module
[E]: TODO: sceNpBasicRegisterHandler
[W]: Unknown function 0xbdc07fd5 in 'sceNp' module
[E]: TODO: sceNpManagerGetNetworkTime
[W]: Unknown function 0xbe07c708 in 'sceNp' module
[E]: TODO: sceNpManagerGetOnlineId
[W]: Unknown function 0xc5f4cf82 in 'sceNp' module
[E]: TODO: sceNpScoreDestroyTransactionCtx
[W]: Unknown function 0xce81c7f0 in 'sceNp' module
[E]: TODO: sceNpLookupCreateTitleCtx
[W]: Unknown function 0xceeebc7a in 'sceNp' module
[E]: TODO: sceNpProfileCallGui
[W]: Unknown function 0xe035f7d6 in 'sceNp' module
[E]: TODO: sceNpBasicGetEvent
[W]: Unknown function 0xe7dcd3b4 in 'sceNp' module
[E]: TODO: sceNpManagerRegisterCallback
[W]: Unknown function 0xea2e9ffc in 'sceNp' module
[E]: TODO: sceNpLookupCreateTransactionCtx
[W]: Unknown function 0xeb7a3d84 in 'sceNp' module
[E]: TODO: sceNpManagerGetChatRestrictionFlag
[W]: Unknown function 0xee5b20d9 in 'sceNp' module
[E]: TODO: sceNpScoreAbortTransaction
[W]: Unknown function 0xf042b14f in 'sceNp' module
[E]: TODO: sceNpDrmIsAvailable2
[W]: Unknown function 0xf2b3338a in 'sceNp' module
[E]: TODO: sceNpBasicGetBlockListEntry
[W]: Unknown function 0xf42c0df8 in 'sceNp' module
[E]: TODO: sceNpManagerGetOnlineName
[W]: Unknown function 0xfb87cf5e in 'sceNp' module
[E]: TODO: sceNpLookupDestroyTransactionCtx
[W]: Unknown function 0xfbc82301 in 'sceNp' module
[E]: TODO: sceNpScoreGetRankingByRange
[W]: Unknown function 0xfe37a7f4 in 'sceNp' module
[E]: TODO: sceNpManagerGetNpId
[W]: Unknown function 0x33435818 in 'cellL10n' module
[E]: TODO: SJISstoUTF8s
[W]: Unknown function 0xa298cad2 in 'cellL10n' module
[E]: TODO: l10n_convert_str
[W]: Unknown function 0xcc1633cc in 'cellL10n' module
[E]: TODO: l10n_get_converter
[W]: Unknown function 0xdd5ebdeb in 'cellL10n' module
[E]: TODO: UTF8stoSJISs
[W]: Unknown function 0xf7681b9a in 'cellL10n' module
[E]: TODO: UTF8stoUTF16s
[W]: Unknown function 0x22aab31d in 'cellSpurs' module
[E]: TODO: cellSpursEventFlagDetachLv2EventQueue
[W]: Unknown function 0x373523d4 in 'cellSpurs' module
[E]: TODO: cellSpursEventFlagWait
[W]: Unknown function 0x52cc6c82 in 'cellSpurs' module
[E]: TODO: cellSpursCreateTaskset
[W]: Unknown function 0x5ef96465 in 'cellSpurs' module
[E]: TODO: _cellSpursEventFlagInitialize
[W]: Unknown function 0x87630976 in 'cellSpurs' module
[E]: TODO: cellSpursEventFlagAttachLv2EventQueue
[W]: Unknown function 0x9f72add3 in 'cellSpurs' module
[E]: TODO: cellSpursJoinTaskset
[W]: Unknown function 0xa789e631 in 'cellSpurs' module
[E]: TODO: cellSpursShutdownTaskset
[W]: Unknown function 0xbeb600ac in 'cellSpurs' module
[E]: TODO: cellSpursCreateTask
[W]: Unknown function 0xe0a6dbe4 in 'cellSpurs' module
[E]: TODO: _cellSpursSendSignal
[W]: Unknown function 0x832df17e in 'cellAudio' module
[E]: TODO: cellAudioAdd6chData
[W]: Unknown function 0x4a5b9659 in 'cellSheap' module
[E]: TODO: cellKeySheapBufferNew
[W]: Unknown function 0xa1b25841 in 'cellSheap' module
[E]: TODO: cellKeySheapInitialize
[W]: Unknown function 0x01379fd7 in 'sceNp2' module
[E]: TODO: sceNpMatching2DestroyContext
[W]: Unknown function 0x05bf2fbd in 'sceNp2' module
[E]: TODO: sceNpMatching2GetWorldInfoList
[W]: Unknown function 0x0d22867f in 'sceNp2' module
[E]: TODO: sceNpMatching2SearchRoom
[W]: Unknown function 0x0ebe4c6b in 'sceNp2' module
[E]: TODO: sceNpMatching2SignalingGetConnectionStatus
[W]: Unknown function 0x16b3e5a4 in 'sceNp2' module
[E]: TODO: sceNpMatching2CreateServerContext
[W]: Unknown function 0x1f372697 in 'sceNp2' module
[E]: TODO: sceNpMatching2LeaveRoom
[W]: Unknown function 0x23009d07 in 'sceNp2' module
[E]: TODO: sceNpMatching2Term2
[W]: Unknown function 0x26ae9ff8 in 'sceNp2' module
[E]: TODO: sceNpMatching2SignalingGetConnectionInfo
[W]: Unknown function 0x2ed909dc in 'sceNp2' module
[E]: TODO: sceNpMatching2AbortRequest
[W]: Unknown function 0x3457c0db in 'sceNp2' module
[E]: TODO: sceNpMatching2GetServerInfo
[W]: Unknown function 0x3c00c9d4 in 'sceNp2' module
[E]: TODO: sceNpMatching2GetEventData
[W]: Unknown function 0x41251f74 in 'sceNp2' module
[E]: TODO: sceNp2Init
[W]: Unknown function 0x5721e711 in 'sceNp2' module
[E]: TODO: sceNpMatching2JoinRoom
[W]: Unknown function 0x66f19527 in 'sceNp2' module
[E]: TODO: sceNpMatching2KickoutRoomMember
[W]: Unknown function 0x6ba4c668 in 'sceNp2' module
[E]: TODO: sceNpMatching2ContextStartAsync
[W]: Unknown function 0x748029a2 in 'sceNp2' module
[E]: TODO: sceNpMatching2RegisterContextCallback
[W]: Unknown function 0x817d1090 in 'sceNp2' module
[E]: TODO: sceNpMatching2SetRoomDataInternal
[W]: Unknown function 0x8d3f8d49 in 'sceNp2' module
[E]: TODO: sceNpMatching2SignalingGetPingInfo
[W]: Unknown function 0x8e5cfe9f in 'sceNp2' module
[E]: TODO: sceNpMatching2GetServerIdListLocal
[W]: Unknown function 0x9cbce3f2 in 'sceNp2' module
[E]: TODO: sceNpMatching2CreateContext
[W]: Unknown function 0xa9e6103e in 'sceNp2' module
[E]: TODO: sceNpMatching2RegisterSignalingCallback
[W]: Unknown function 0xaa6c2c43 in 'sceNp2' module
[E]: TODO: sceNpMatching2ClearEventData
[W]: Unknown function 0xaadb7c12 in 'sceNp2' module
[E]: TODO: sceNp2Term
[W]: Unknown function 0xdb87b088 in 'sceNp2' module
[E]: TODO: sceNpMatching2SetDefaultRequestOptParam
[W]: Unknown function 0xdcb6b27d in 'sceNp2' module
[E]: TODO: sceNpMatching2RegisterRoomEventCallback
[W]: Unknown function 0xe7a3bc7a in 'sceNp2' module
[E]: TODO: sceNpMatching2CreateJoinRoom
[W]: Unknown function 0xf43c647a in 'sceNp2' module
[E]: TODO: sceNpMatching2ContextStop
[W]: Unknown function 0xf4babd3f in 'sceNp2' module
[E]: TODO: sceNpMatching2Init2
[W]: Unknown function 0xfee11e72 in 'sceNp2' module
[E]: TODO: sceNpMatching2RegisterRoomMessageCallback
[W]: Unknown function 0x2cde989f in 'cellRudp' module
[E]: TODO: cellRudpGetSizeReadable
[W]: Unknown function 0x384ba777 in 'cellRudp' module
[E]: TODO: cellRudpSetOption
[W]: Unknown function 0x48c001b0 in 'cellRudp' module
[E]: TODO: cellRudpWrite
[W]: Unknown function 0x48d3eeac in 'cellRudp' module
[E]: TODO: cellRudpTerminate
[W]: Unknown function 0x63f63545 in 'cellRudp' module
[E]: TODO: cellRudpInit
[W]: Unknown function 0x6ee04954 in 'cellRudp' module
[E]: TODO: cellRudpNetReceived
[W]: Unknown function 0x74bfad12 in 'cellRudp' module
[E]: TODO: cellRudpGetContextStatus
[W]: Unknown function 0x7dadc739 in 'cellRudp' module
[E]: TODO: cellRudpCreateContext
[W]: Unknown function 0x7ed95e60 in 'cellRudp' module
[E]: TODO: cellRudpSetEventHandler
[W]: Unknown function 0x92e4d899 in 'cellRudp' module
[E]: TODO: cellRudpRead
[W]: Unknown function 0xa86b28e3 in 'cellRudp' module
[E]: TODO: cellRudpGetSizeWritable
[W]: Unknown function 0xb6bcb4a1 in 'cellRudp' module
[E]: TODO: cellRudpEnd
[W]: Unknown function 0xc1ad7ced in 'cellRudp' module
[E]: TODO: cellRudpActivate
[W]: Unknown function 0xc407844f in 'cellRudp' module
[E]: TODO: cellRudpInitiate
[W]: Unknown function 0xcd1a3f23 in 'cellRudp' module
[E]: TODO: cellRudpGetStatus
[W]: Unknown function 0xee41e16a in 'cellRudp' module
[E]: TODO: cellRudpBind
[W]: Unknown function 0xfade48b2 in 'cellRudp' module
[E]: TODO: cellRudpProcessEvents
[W]: Unknown function 0x3f09e20a in 'sys_net' module
[E]: TODO: socketselect
[W]: Unknown function 0x858a930b in 'sys_net' module
[E]: TODO: inet_ntoa
[W]: Unknown module 'cellSysutilAvc2'
[W]: Unknown function 0x018281a8 in 'cellSail' module
[E]: TODO: cellSailGraphicsAdapterGetFrame2
[W]: Unknown function 0x1139a206 in 'cellSail' module
[E]: TODO: cellSailPlayerSetSoundAdapter
[W]: Unknown function 0x18b4629d in 'cellSail' module
[E]: TODO: cellSailPlayerFinalize
[W]: Unknown function 0x18bcd21b in 'cellSail' module
[E]: TODO: cellSailPlayerSetGraphicsAdapter
[W]: Unknown function 0x1c983864 in 'cellSail' module
[E]: TODO: cellSailGraphicsAdapterInitialize
[W]: Unknown function 0x1c9d5e5a in 'cellSail' module
[E]: TODO: cellSailSoundAdapterSetPreferredFormat
[W]: Unknown function 0x23654375 in 'cellSail' module
[E]: TODO: cellSailPlayerInitialize2
[W]: Unknown function 0x2e3ccb5e in 'cellSail' module
[E]: TODO: cellSailGraphicsAdapterSetPreferredFormat
[W]: Unknown function 0x346ebba3 in 'cellSail' module
[E]: TODO: cellSailMemAllocatorInitialize
[W]: Unknown function 0x34ecc1b9 in 'cellSail' module
[E]: TODO: cellSailPlayerOpenStream
[W]: Unknown function 0x3d0d3b72 in 'cellSail' module
[E]: TODO: cellSailSoundAdapterInitialize
[W]: Unknown function 0x44a20e79 in 'cellSail' module
[E]: TODO: cellSailGraphicsAdapterUpdateAvSync
[W]: Unknown function 0x5f7c7a6f in 'cellSail' module
[E]: TODO: cellSailPlayerSetParameter
[W]: Unknown function 0x76488bb1 in 'cellSail' module
[E]: TODO: cellSailGraphicsAdapterFinalize
[W]: Unknown function 0x7c8dff3b in 'cellSail' module
[E]: TODO: cellSailPlayerAddDescriptor
[W]: Unknown function 0x7eb8d6b5 in 'cellSail' module
[E]: TODO: cellSailSoundAdapterGetFrame
[W]: Unknown function 0x85beffcc in 'cellSail' module
[E]: TODO: cellSailPlayerCloseStream
[W]: Unknown function 0xaafa17b8 in 'cellSail' module
[E]: TODO: cellSailPlayerIsPaused
[W]: Unknown function 0xbdf21b0f in 'cellSail' module
[E]: TODO: cellSailPlayerBoot
[W]: Unknown function 0xd1462438 in 'cellSail' module
[E]: TODO: cellSailSoundAdapterFinalize
[W]: Unknown function 0xd1d55a90 in 'cellSail' module
[E]: TODO: cellSailPlayerSetPaused
[W]: Unknown function 0xd7938b8d in 'cellSail' module
[E]: TODO: cellSailPlayerCreateDescriptor
[W]: Unknown function 0xe535b0d3 in 'cellSail' module
[E]: TODO: cellSailPlayerStart
[W]: Unknown function 0xeba8d4ec in 'cellSail' module
[E]: TODO: cellSailPlayerStop
[W]: Unknown function 0xeec22809 in 'cellSail' module
[E]: TODO: cellSailSoundAdapterUpdateAvSync
[W]: Unknown function 0xf25f197d in 'cellSail' module
[E]: TODO: cellSailSoundAdapterGetFormat
[W]: Unknown function 0xfc839bd4 in 'cellSail' module
[E]: TODO: cellSailPlayerDestroyDescriptor
[W]: Unknown function 0x26090058 in 'sysPrxForUser' module
[E]: TODO: sys_prx_load_module
[W]: Unknown function 0xa330ad84 in 'sysPrxForUser' module
[E]: TODO: sys_prx_load_module_on_memcontainer_by_fd
[W]: Unknown function 0xaa6d9bff in 'sysPrxForUser' module
[E]: TODO: sys_prx_load_module_on_memcontainer
[W]: Unknown function 0xdd3b27ac in 'sysPrxForUser' module
[E]: TODO: _sys_spu_printf_finalize
[W]: Unknown function 0xef68c17c in 'sysPrxForUser' module
[E]: TODO: sys_prx_load_module_by_fd
[W : PPU[1] Thread (CPUThread)[0x00854058]]: sys_lwmutex warning: *** lwmutex created [_lc_mtx] (attribute=0x12): sq_id = 3
[W : PPU[1] Thread (CPUThread)[0x0023eaa4]]: memory warning: sys_memory_get_user_memory_size(mem_info_addr=0xd0010c04)
[W : PPU[1] Thread (CPUThread)[0x00854058]]: sys_lwmutex warning: *** lwmutex created [_lc_mtx] (attribute=0x12): sq_id = 4
[W : PPU[1] Thread (CPUThread)[0x00854058]]: sys_lwmutex warning: *** lwmutex created [_lc_mtx] (attribute=0x12): sq_id = 5
[W : PPU[1] Thread (CPUThread)[0x00854058]]: sys_lwmutex warning: *** lwmutex created [_lc_mtx] (attribute=0x12): sq_id = 6
[W : PPU[1] Thread (CPUThread)[0x00854058]]: sys_lwmutex warning: *** lwmutex created [_lc_mtx] (attribute=0x12): sq_id = 7
[W : PPU[1] Thread (CPUThread)[0x00854058]]: sys_lwmutex warning: *** lwmutex created [_lc_mtx] (attribute=0x12): sq_id = 8
[W : PPU[1] Thread (CPUThread)[0x00854058]]: sys_lwmutex warning: *** lwmutex created [_lc_mtx] (attribute=0x12): sq_id = 9
[W : PPU[1] Thread (CPUThread)[0x00854058]]: sys_lwmutex warning: *** lwmutex created [_lc_mtx] (attribute=0x12): sq_id = 10
[W : PPU[1] Thread (CPUThread)[0x00854058]]: sys_lwmutex warning: *** lwmutex created [_lc_mtx] (attribute=0x12): sq_id = 11
[W : PPU[1] Thread (CPUThread)[0x00854058]]: sys_lwmutex warning: *** lwmutex created [_lc_mtx] (attribute=0x12): sq_id = 12
[W : PPU[1] Thread (CPUThread)[0x002307d8]]: cellSysutil warning: cellSysutilGetSystemParamInt: CELL_SYSUTIL_SYSTEMPARAM_ID_TIMEZONE
[W : PPU[1] Thread (CPUThread)[0x002307d8]]: cellSysutil warning: cellSysutilGetSystemParamInt: CELL_SYSUTIL_SYSTEMPARAM_ID_SUMMERTIME
[W : PPU[1] Thread (CPUThread)[0x00235524]]: cellSysutil warning: cellSysutilGetSystemParamInt: CELL_SYSUTIL_SYSTEMPARAM_ID_TIMEZONE
[W : PPU[1] Thread (CPUThread)[0x00235524]]: cellSysutil warning: cellSysutilGetSystemParamInt: CELL_SYSUTIL_SYSTEMPARAM_ID_SUMMERTIME
[W : PPU[1] Thread (CPUThread)[0x00232338]]: cellSysutil warning: cellSysutilGetSystemParamInt: CELL_SYSUTIL_SYSTEMPARAM_ID_TIMEZONE
[W : PPU[1] Thread (CPUThread)[0x00232338]]: cellSysutil warning: cellSysutilGetSystemParamInt: CELL_SYSUTIL_SYSTEMPARAM_ID_SUMMERTIME
[W : PPU[1] Thread (CPUThread)[0x00235524]]: cellSysutil warning: cellSysutilGetSystemParamInt: CELL_SYSUTIL_SYSTEMPARAM_ID_TIMEZONE
[W : PPU[1] Thread (CPUThread)[0x00235524]]: cellSysutil warning: cellSysutilGetSystemParamInt: CELL_SYSUTIL_SYSTEMPARAM_ID_SUMMERTIME
[W : PPU[1] Thread (CPUThread)[0x00230784]]: cellSysutil warning: cellSysutilGetSystemParamInt: CELL_SYSUTIL_SYSTEMPARAM_ID_TIMEZONE
[W : PPU[1] Thread (CPUThread)[0x00230784]]: cellSysutil warning: cellSysutilGetSystemParamInt: CELL_SYSUTIL_SYSTEMPARAM_ID_SUMMERTIME
[W : PPU[1] Thread (CPUThread)[0x00232338]]: cellSysutil warning: cellSysutilGetSystemParamInt: CELL_SYSUTIL_SYSTEMPARAM_ID_TIMEZONE
[W : PPU[1] Thread (CPUThread)[0x00232338]]: cellSysutil warning: cellSysutilGetSystemParamInt: CELL_SYSUTIL_SYSTEMPARAM_ID_SUMMERTIME
[W : PPU[1] Thread (CPUThread)[0x00854058]]: sys_lwmutex warning: *** lwmutex created [ps3HDDL] (attribute=0x12): sq_id = 13
[W : PPU[1] Thread (CPUThread)[0x003d80b8]]: cellSysutil warning: cellSysutilRegisterCallback(slot=0, func_addr=0x3edc38, userdata=0x0)
[E : PPU[1] Thread (CPUThread)[0x003d8040]]: TODO: cellSysutilEnableBgmPlayback
[W : PPU[1] Thread (CPUThread)[0x003dc010]]: cellSysmodule warning: cellSysmoduleLoadModule(CELL_SYSMODULE_SYSUTIL_GAME)
[W : PPU[1] Thread (CPUThread)[0x003dc010]]: cellSysmodule warning: cellSysmoduleLoadModule(CELL_SYSMODULE_SPURS)
[W : PPU[1] Thread (CPUThread)[0x003dc010]]: cellSysmodule warning: cellSysmoduleLoadModule(CELL_SYSMODULE_FS)
[W : PPU[1] Thread (CPUThread)[0x003dc010]]: cellSysmodule warning: cellSysmoduleLoadModule(CELL_SYSMODULE_AUDIO)
[W : PPU[1] Thread (CPUThread)[0x003dc010]]: cellSysmodule warning: cellSysmoduleLoadModule(CELL_SYSMODULE_L10N)
[W : PPU[1] Thread (CPUThread)[0x003dc010]]: cellSysmodule warning: cellSysmoduleLoadModule(CELL_SYSMODULE_NET)
[W : PPU[1] Thread (CPUThread)[0x003dc010]]: cellSysmodule warning: cellSysmoduleLoadModule(CELL_SYSMODULE_SYSUTIL_NP2)
[W : PPU[1] Thread (CPUThread)[0x003dc010]]: cellSysmodule warning: cellSysmoduleLoadModule(CELL_SYSMODULE_RTC)
[W : PPU[1] Thread (CPUThread)[0x003dc010]]: cellSysmodule warning: cellSysmoduleLoadModule(CELL_SYSMODULE_RUDP)
[W : PPU[1] Thread (CPUThread)[0x003dc010]]: cellSysmodule warning: cellSysmoduleLoadModule(CELL_SYSMODULE_SYSUTIL_AVCHAT2)
[W : PPU[1] Thread (CPUThread)[0x00838040]]: cellGame warning: cellGameBootCheck(type_addr=0xd0010ad0, attributes_addr=0xd0010ad4, size_addr=0x0, dirName_addr=0x0)
[W : PPU[1] Thread (CPUThread)[0x00838040]]: cellGame warning: cellGameBootCheck returns CELL_GAME_ERROR_PARAM. As a result size->hddFreeSizeKB may be 0.
[W : PPU[1] Thread (CPUThread)[0x0001616c]]: sysPrxForUser warning: sys_ppu_thread_join(thread_id=0, vptr_addr=0xd0010c00)
[E : PPU[1] Thread (CPUThread)[0x00848028]]: TODO: cellRudpTerminate
[E : PPU[1] Thread (CPUThread)[0x00848028]]: TODO: cellRudpTerminate
[E : PPU[1] Thread (CPUThread)[0x00848028]]: TODO: cellRudpTerminate
[E : PPU[1] Thread (CPUThread)[0x00848028]]: TODO: cellRudpTerminate
[E : PPU[1] Thread (CPUThread)[0x00848028]]: TODO: cellRudpTerminate
[E : PPU[1] Thread (CPUThread)[0x00848028]]: TODO: cellRudpTerminate
[E : PPU[1] Thread (CPUThread)[0x00848088]]: TODO: cellRudpEnd
[E : PPU[1] Thread (CPUThread)[0x008480ac]]: TODO: cellRudpGetStatus
[W : PPU[1] Thread (CPUThread)[0x00036aa0]]: sysPrxForUser warning: sys_ppu_thread_join(thread_id=0, vptr_addr=0xd0010b60)
[E : PPU[1] Thread (CPUThread)[0x0084613c]]: TODO: sceNpMatching2ContextStop
[E : PPU[1] Thread (CPUThread)[0x00846004]]: TODO: sceNpMatching2DestroyContext
[E : PPU[1] Thread (CPUThread)[0x0083a124]]: TODO: sceNpBasicUnregisterHandler
[E : PPU[1] Thread (CPUThread)[0x0083a0a0]]: TODO: sceNpManagerUnregisterCallback
[E : PPU[1] Thread (CPUThread)[0x0083a178]]: TODO: sceNpScoreDestroyTransactionCtx
[E : PPU[1] Thread (CPUThread)[0x0083a10c]]: TODO: sceNpScoreTerm
[E : PPU[1] Thread (CPUThread)[0x0083a100]]: TODO: sceNpLookupTerm
[E : PPU[1] Thread (CPUThread)[0x0084604c]]: TODO: sceNpMatching2Term2
[E : PPU[1] Thread (CPUThread)[0x0084610c]]: TODO: sceNp2Term
[E : PPU[1] Thread (CPUThread)[0x0084a01c]]: cellNetCtl error: Unimplemented function: cellNetCtlTerm
[W : PPU[1] Thread (CPUThread)[0x0084c07c]]: sys_net warning: sys_net_initialize_network_ex()
[E : PPU[1] Thread (CPUThread)[0x0084c07c]]: DynamicMemoryBlock::Free(addr=0x0): failed
[! : PPU[1] Thread (CPUThread)[0x0084c07c]]: *** Memory Block: addr = 0x30000000, size = 0x10000
[W : PPU[1] Thread (CPUThread)[0x00036b60]]: sys_event warning: sys_event_port_disconnect(eport_id=0)
[W : PPU[1] Thread (CPUThread)[0x00036b6c]]: sys_event warning: sys_event_port_destroy(eport_id=0)
[E : PPU[1] Thread (CPUThread)[0x00036b7c]]: sys_event error: sys_event_queue_destroy(equeue_id=0, mode=0x1)
[W : PPU[1] Thread (CPUThread)[0x00016408]]: sysPrxForUser warning: sys_ppu_thread_join(thread_id=0, vptr_addr=0xd0010b90)
[E : PPU[1] Thread (CPUThread)[0x00844040]]: sceNpTrophy error: Unimplemented function: sceNpTrophyTerm
[W : PPU[1] Thread (CPUThread)[0x003da118]]: cellGcmSys warning: cellGcmUnbindTile(index=0)
[W : PPU[1] Thread (CPUThread)[0x003da118]]: cellGcmSys warning: cellGcmUnbindTile(index=1)
[W : PPU[1] Thread (CPUThread)[0x003da118]]: cellGcmSys warning: cellGcmUnbindTile(index=2)
[W : PPU[1] Thread (CPUThread)[0x003da118]]: cellGcmSys warning: cellGcmUnbindTile(index=3)
[W : PPU[1] Thread (CPUThread)[0x003da118]]: cellGcmSys warning: cellGcmUnbindTile(index=4)
[W : PPU[1] Thread (CPUThread)[0x003da118]]: cellGcmSys warning: cellGcmUnbindTile(index=5)
[W : PPU[1] Thread (CPUThread)[0x003da118]]: cellGcmSys warning: cellGcmUnbindTile(index=6)
[W : PPU[1] Thread (CPUThread)[0x003da118]]: cellGcmSys warning: cellGcmUnbindTile(index=7)
[W : PPU[1] Thread (CPUThread)[0x003da118]]: cellGcmSys warning: cellGcmUnbindTile(index=8)
[W : PPU[1] Thread (CPUThread)[0x003da118]]: cellGcmSys warning: cellGcmUnbindTile(index=9)
[W : PPU[1] Thread (CPUThread)[0x003da118]]: cellGcmSys warning: cellGcmUnbindTile(index=10)
[W : PPU[1] Thread (CPUThread)[0x003da118]]: cellGcmSys warning: cellGcmUnbindTile(index=11)
[W : PPU[1] Thread (CPUThread)[0x003da118]]: cellGcmSys warning: cellGcmUnbindTile(index=12)
[W : PPU[1] Thread (CPUThread)[0x003da118]]: cellGcmSys warning: cellGcmUnbindTile(index=13)
[W : PPU[1] Thread (CPUThread)[0x003da118]]: cellGcmSys warning: cellGcmUnbindTile(index=14)
[W : PPU[1] Thread (CPUThread)[0x0001d558]]: sys_spu warning: sys_spu_thread_group_join(id=0, cause_addr=0xd0010b90, status_addr=0xd0010b94)
[W : PPU[1] Thread (CPUThread)[0x00854118]]: sysPrxForUser warning: sys_spu_image_close(img=0x66f168)
[W : PPU[1] Thread (CPUThread)[0x003dc004]]: cellSysmodule warning: cellSysmoduleUnloadModule(CELL_SYSMODULE_RUDP)
[W : PPU[1] Thread (CPUThread)[0x003dc004]]: cellSysmodule warning: cellSysmoduleUnloadModule(CELL_SYSMODULE_RTC)
[W : PPU[1] Thread (CPUThread)[0x003dc004]]: cellSysmodule warning: cellSysmoduleUnloadModule(CELL_SYSMODULE_SYSUTIL_NP2)
[W : PPU[1] Thread (CPUThread)[0x003dc004]]: cellSysmodule warning: cellSysmoduleUnloadModule(CELL_SYSMODULE_NET)
[W : PPU[1] Thread (CPUThread)[0x003dc010]]: cellSysmodule warning: cellSysmoduleLoadModule(CELL_SYSMODULE_SYSUTIL_AVCHAT2)
[W : PPU[1] Thread (CPUThread)[0x003dc004]]: cellSysmodule warning: cellSysmoduleUnloadModule(CELL_SYSMODULE_L10N)
[W : PPU[1] Thread (CPUThread)[0x003dc004]]: cellSysmodule warning: cellSysmoduleUnloadModule(CELL_SYSMODULE_AUDIO)
[W : PPU[1] Thread (CPUThread)[0x003dc004]]: cellSysmodule warning: cellSysmoduleUnloadModule(CELL_SYSMODULE_FS)
[W : PPU[1] Thread (CPUThread)[0x003dc004]]: cellSysmodule warning: cellSysmoduleUnloadModule(CELL_SYSMODULE_SPURS)
[W : PPU[1] Thread (CPUThread)[0x003dc004]]: cellSysmodule warning: cellSysmoduleUnloadModule(CELL_SYSMODULE_SYSUTIL_GAME)
[E : PPU[1] Thread (CPUThread)[0x001eeb8c]]: Read32 from null block: [00000008]
[!]: Closing memory...
