[!]: path: /dev_hdd0/game/
[W]: SELF: No NPDRM control info found!
[!]: Loading 'F:\Ps3 game\dev_hdd0\game\BLJM61009 - [Little Busters! Converted Edition]\USRDIR/BOOT.BIN'...
[!]: Mount info:
[!]: /dev_hdd0/ -> F:\Ps3 game\dev_hdd0
[!]: /dev_hdd1/ -> E:\PS3EMU\Rpcs3-x6413/dev_hdd1/
[!]: /dev_flash/ -> E:\PS3EMU\Rpcs3-x6413/dev_flash/
[!]: /dev_usb000/ -> E:\PS3EMU\Rpcs3-x6413/dev_usb000/
[!]: /dev_usb/ -> E:\PS3EMU\Rpcs3-x6413/dev_usb000/
[!]: /app_home/ -> F:\Ps3 game\dev_hdd0\game\BLJM61009 - [Little Busters! Converted Edition]\
[!]: /dev_bdvd/ -> F:\Ps3 game\dev_hdd0\game\BLJM61009 - [Little Busters! Converted Edition]\/../
[!]: /host_root/ -> 
[!]: / -> F:\Ps3 game\dev_hdd0\game\BLJM61009 - [Little Busters! Converted Edition]\
[!]: Initing memory...
[!]: Memory initialized.
[W]: Unknown function 0x63387071 in 'cellGcmSys' module
[E]: TODO: cellGcmGetLastFlipTime
[W]: Unknown function 0x33435818 in 'cellL10n' module
[E]: TODO: SJISstoUTF8s
[W]: Unknown function 0xdd5ebdeb in 'cellL10n' module
[E]: TODO: UTF8stoSJISs
[W]: Unknown function 0xf7681b9a in 'cellL10n' module
[E]: TODO: UTF8stoUTF16s
[W]: Unknown function 0x8a561d92 in 'sysPrxForUser' module
[E]: TODO: _sys_heap_free
[W]: Unknown function 0xaede4b03 in 'sysPrxForUser' module
[E]: TODO: _sys_heap_delete_heap
[W]: Unknown function 0x117cd726 in 'cellPngEnc' module
[E]: TODO: cellPngEncClose
[W]: Unknown function 0x19256dc5 in 'cellPngEnc' module
[E]: TODO: cellPngEncOpen
[W]: Unknown function 0x496cfcd0 in 'cellPngEnc' module
[E]: TODO: cellPngEncQueryAttr
[W]: Unknown function 0x585269bc in 'cellPngEnc' module
[E]: TODO: cellPngEncGetStreamInfo
[W]: Unknown function 0x5b546ca4 in 'cellPngEnc' module
[E]: TODO: cellPngEncEncodePicture
[W]: Unknown function 0x662bd637 in 'cellPngEnc' module
[E]: TODO: cellPngEncWaitForInput
[W]: Unknown function 0x90ef2963 in 'cellPngEnc' module
[E]: TODO: cellPngEncWaitForOutput
[W]: Unknown function 0x0247c69e in 'cellSail' module
[E]: TODO: cellSailGraphicsAdapterGetFrame
[W]: Unknown function 0x0c4cb439 in 'cellSail' module
[E]: TODO: cellSailFutureReset
[W]: Unknown function 0x1139a206 in 'cellSail' module
[E]: TODO: cellSailPlayerSetSoundAdapter
[W]: Unknown function 0x15fd6a2a in 'cellSail' module
[E]: TODO: cellSailDescriptorClose
[W]: Unknown function 0x18b4629d in 'cellSail' module
[E]: TODO: cellSailPlayerFinalize
[W]: Unknown function 0x18bcd21b in 'cellSail' module
[E]: TODO: cellSailPlayerSetGraphicsAdapter
[W]: Unknown function 0x1c983864 in 'cellSail' module
[E]: TODO: cellSailGraphicsAdapterInitialize
[W]: Unknown function 0x23654375 in 'cellSail' module
[E]: TODO: cellSailPlayerInitialize2
[W]: Unknown function 0x2e3ccb5e in 'cellSail' module
[E]: TODO: cellSailGraphicsAdapterSetPreferredFormat
[W]: Unknown function 0x346ebba3 in 'cellSail' module
[E]: TODO: cellSailMemAllocatorInitialize
[W]: Unknown function 0x34ecc1b9 in 'cellSail' module
[E]: TODO: cellSailPlayerOpenStream
[W]: Unknown function 0x3a2d806c in 'cellSail' module
[E]: TODO: cellSailFutureGet
[W]: Unknown function 0x3d0d3b72 in 'cellSail' module
[E]: TODO: cellSailSoundAdapterInitialize
[W]: Unknown function 0x44a20e79 in 'cellSail' module
[E]: TODO: cellSailGraphicsAdapterUpdateAvSync
[W]: Unknown function 0x4cc54f8e in 'cellSail' module
[E]: TODO: cellSailFutureInitialize
[W]: Unknown function 0x76488bb1 in 'cellSail' module
[E]: TODO: cellSailGraphicsAdapterFinalize
[W]: Unknown function 0x7c8dff3b in 'cellSail' module
[E]: TODO: cellSailPlayerAddDescriptor
[W]: Unknown function 0x7eb8d6b5 in 'cellSail' module
[E]: TODO: cellSailSoundAdapterGetFrame
[W]: Unknown function 0x85beffcc in 'cellSail' module
[E]: TODO: cellSailPlayerCloseStream
[W]: Unknown function 0x9553af65 in 'cellSail' module
[E]: TODO: cellSailFutureFinalize
[W]: Unknown function 0x9897fbd1 in 'cellSail' module
[E]: TODO: cellSailPlayerRemoveDescriptor
[W]: Unknown function 0xa37fed15 in 'cellSail' module
[E]: TODO: cellSailFutureSet
[W]: Unknown function 0xbdf21b0f in 'cellSail' module
[E]: TODO: cellSailPlayerBoot
[W]: Unknown function 0xd1462438 in 'cellSail' module
[E]: TODO: cellSailSoundAdapterFinalize
[W]: Unknown function 0xd7938b8d in 'cellSail' module
[E]: TODO: cellSailPlayerCreateDescriptor
[W]: Unknown function 0xe535b0d3 in 'cellSail' module
[E]: TODO: cellSailPlayerStart
[W]: Unknown function 0xeba8d4ec in 'cellSail' module
[E]: TODO: cellSailPlayerStop
[W]: Unknown function 0xeec22809 in 'cellSail' module
[E]: TODO: cellSailSoundAdapterUpdateAvSync
[W]: Unknown function 0xfc839bd4 in 'cellSail' module
[E]: TODO: cellSailPlayerDestroyDescriptor
[W]: Unknown function 0xffd58aa4 in 'cellSail' module
[E]: TODO: cellSailGraphicsAdapterGetFormat
[W]: Unknown module 'cellScreenShotUtility'
[W]: Unknown function 0x20543730 in 'cellSysutil' module
[E]: TODO: cellMsgDialogClose
[W]: Unknown function 0x8b7ed64b in 'cellSysutil' module
[E]: TODO: cellSaveDataAutoSave2
[W]: Unknown function 0x94862702 in 'cellSysutil' module
[E]: TODO: cellMsgDialogProgressBarInc
[W]: Unknown function 0x9d6af72a in 'cellSysutil' module
[E]: TODO: cellMsgDialogProgressBarSetMsg
[W]: Unknown function 0xedadd797 in 'cellSysutil' module
[E]: TODO: cellSaveDataDelete2
[W]: Unknown function 0xfbd5c856 in 'cellSysutil' module
[E]: TODO: cellSaveDataAutoLoad2
[W : PPU[1] Thread (CPUThread)[0x0189e034]]: sys_lwmutex warning: *** lwmutex created [_lc_mtx] (attribute=0x12): sq_id = 3
[W : PPU[1] Thread (CPUThread)[0x001b14a4]]: memory warning: sys_memory_get_user_memory_size(mem_info_addr=0xd0010c04)
[W : PPU[1] Thread (CPUThread)[0x0189e034]]: sys_lwmutex warning: *** lwmutex created [_lc_mtx] (attribute=0x12): sq_id = 4
[W : PPU[1] Thread (CPUThread)[0x0189e034]]: sys_lwmutex warning: *** lwmutex created [_lc_mtx] (attribute=0x12): sq_id = 5
[W : PPU[1] Thread (CPUThread)[0x0189e034]]: sys_lwmutex warning: *** lwmutex created [_lc_mtx] (attribute=0x12): sq_id = 6
[W : PPU[1] Thread (CPUThread)[0x0189e034]]: sys_lwmutex warning: *** lwmutex created [_lc_mtx] (attribute=0x12): sq_id = 7
[W : PPU[1] Thread (CPUThread)[0x0189e034]]: sys_lwmutex warning: *** lwmutex created [_lc_mtx] (attribute=0x12): sq_id = 8
[W : PPU[1] Thread (CPUThread)[0x0189e034]]: sys_lwmutex warning: *** lwmutex created [_lc_mtx] (attribute=0x12): sq_id = 9
[W : PPU[1] Thread (CPUThread)[0x0189e034]]: sys_lwmutex warning: *** lwmutex created [_lc_mtx] (attribute=0x12): sq_id = 10
[W : PPU[1] Thread (CPUThread)[0x0189e034]]: sys_lwmutex warning: *** lwmutex created [_lc_mtx] (attribute=0x12): sq_id = 11
[W : PPU[1] Thread (CPUThread)[0x0189e034]]: sys_lwmutex warning: *** lwmutex created [_lc_mtx] (attribute=0x12): sq_id = 12
[W : PPU[1] Thread (CPUThread)[0x0189e034]]: sys_lwmutex warning: *** lwmutex created [] (attribute=0x22): sq_id = 13
[W : PPU[1] Thread (CPUThread)[0x0189e034]]: sys_lwmutex warning: *** lwmutex created [] (attribute=0x22): sq_id = 14
[W : PPU[1] Thread (CPUThread)[0x0189e034]]: sys_lwmutex warning: *** lwmutex created [] (attribute=0x22): sq_id = 15
[W : PPU[1] Thread (CPUThread)[0x0189e034]]: sys_lwmutex warning: *** lwmutex created [] (attribute=0x22): sq_id = 16
[W : PPU[1] Thread (CPUThread)[0x0189e034]]: sys_lwmutex warning: *** lwmutex created [] (attribute=0x22): sq_id = 17
[W : PPU[1] Thread (CPUThread)[0x0189e034]]: sys_lwmutex warning: *** lwmutex created [] (attribute=0x22): sq_id = 18
[W : PPU[1] Thread (CPUThread)[0x0189e034]]: sys_lwmutex warning: *** lwmutex created [] (attribute=0x22): sq_id = 19
[W : PPU[1] Thread (CPUThread)[0x0189e034]]: sys_lwmutex warning: *** lwmutex created [] (attribute=0x22): sq_id = 20
[W : PPU[1] Thread (CPUThread)[0x00094348]]: sys_spu warning: sys_spu_initialize(max_usable_spu=6, max_raw_spu=0)
[W : PPU[1] Thread (CPUThread)[0x018a4010]]: cellSysmodule warning: cellSysmoduleLoadModule(CELL_SYSMODULE_IO)
[W : PPU[1] Thread (CPUThread)[0x018a4010]]: cellSysmodule warning: cellSysmoduleLoadModule(CELL_SYSMODULE_GCM_SYS)
[W : PPU[1] Thread (CPUThread)[0x018a4010]]: cellSysmodule warning: cellSysmoduleLoadModule(CELL_SYSMODULE_FS)
[W : PPU[1] Thread (CPUThread)[0x018a4010]]: cellSysmodule warning: cellSysmoduleLoadModule(CELL_SYSMODULE_PNGENC)
[W : PPU[1] Thread (CPUThread)[0x018a4010]]: cellSysmodule warning: cellSysmoduleLoadModule(CELL_SYSMODULE_ATRAC3PLUS)
[W : PPU[1] Thread (CPUThread)[0x018a4010]]: cellSysmodule warning: cellSysmoduleLoadModule(CELL_SYSMODULE_PAMF)
[W : PPU[1] Thread (CPUThread)[0x018a4010]]: cellSysmodule warning: cellSysmoduleLoadModule(CELL_SYSMODULE_SAIL)
[W : PPU[1] Thread (CPUThread)[0x018a4010]]: cellSysmodule warning: cellSysmoduleLoadModule(CELL_SYSMODULE_L10N)
[W : PPU[1] Thread (CPUThread)[0x018a4010]]: cellSysmodule warning: cellSysmoduleLoadModule(CELL_SYSMODULE_SYSUTIL_GAME)
[W : PPU[1] Thread (CPUThread)[0x018a4010]]: cellSysmodule warning: cellSysmoduleLoadModule(CELL_SYSMODULE_AVCONF_EXT)
[W : PPU[1] Thread (CPUThread)[0x018a4010]]: cellSysmodule warning: cellSysmoduleLoadModule(CELL_SYSMODULE_SYSUTIL_SCREENSHOT)
[W : PPU[1] Thread (CPUThread)[0x018a4010]]: cellSysmodule warning: cellSysmoduleLoadModule(CELL_SYSMODULE_SYSUTIL_NP)
[W : PPU[1] Thread (CPUThread)[0x018ae0a0]]: cellSysutil warning: cellSysutilRegisterCallback(slot=0, func_addr=0x1ffa08, userdata=0x0)
[W : PPU[1] Thread (CPUThread)[0x018980f4]]: cellGcmSys warning: cellGcmInitDefaultFifoMode(mode=1)
[W : PPU[1] Thread (CPUThread)[0x01898010]]: cellGcmSys warning: cellGcmInit(context_addr=0x18947d0,cmdSize=0x200000,ioSize=0x600000,ioAddress=0x30300000)
[W : PPU[1] Thread (CPUThread)[0x01898010]]: cellGcmSys warning: *** local memory(addr=0xc0000000, size=0xf900000)
[W : PPU[1] Thread (CPUThread)[0x01898010]]: cellGcmSys warning: cellGcmMapEaIoAddress(ea=0x30300000, io=0x0, size=0x600000)
[! : RSXThread]: RSX thread entry
[W : PPU[1] Thread (CPUThread)[0x018980a0]]: cellGcmSys warning: cellGcmMapMainMemory(ea=0x30a00000,size=0x100000,offset_addr=0x180f5ec)
[W : PPU[1] Thread (CPUThread)[0x018ae0ac]]: cellSysutil warning: cellVideoOutGetResolutionAvailability(videoOut=0, resolutionId=0x1, option_addr=0x2, aspect=0x0, option=0x6b9e8370)
[W : PPU[1] Thread (CPUThread)[0x018ae0ac]]: cellSysutil warning: cellVideoOutGetResolutionAvailability(videoOut=0, resolutionId=0x2, option_addr=0x2, aspect=0x0, option=0x6b9e9080)
[W : PPU[1] Thread (CPUThread)[0x018ae0ac]]: cellSysutil warning: cellVideoOutGetResolutionAvailability(videoOut=0, resolutionId=0x4, option_addr=0x1, aspect=0x0, option=0x6b9e8830)
[W : PPU[1] Thread (CPUThread)[0x018ae0ac]]: cellSysutil warning: cellVideoOutGetResolutionAvailability(videoOut=0, resolutionId=0x4, option_addr=0x2, aspect=0x0, option=0x6bd3a650)
[W : PPU[1] Thread (CPUThread)[0x01898004]]: cellGcmSys warning: cellGcmGetTiledPitchSize(size=5120)
[W : PPU[1] Thread (CPUThread)[0x018ae010]]: cellSysutil warning: cellVideoOutConfigure(videoOut=0, config_addr=0xd0010344, option_addr=0x0, waitForEvent=0x0)
[W : PPU[1] Thread (CPUThread)[0x0189804c]]: cellGcmSys warning: cellGcmSetFlipMode(mode=2)
[W : PPU[1] Thread (CPUThread)[0x01898004]]: cellGcmSys warning: cellGcmGetTiledPitchSize(size=5120)
[W : PPU[1] Thread (CPUThread)[0x01898004]]: cellGcmSys warning: cellGcmGetTiledPitchSize(size=7680)
[W : PPU[1] Thread (CPUThread)[0x018980e8]]: cellGcmSys warning: cellGcmSetTileInfo(index=0, location=0, offset=0, size=8388608, pitch=5120, comp=0, base=0, bank=0)
[W : PPU[1] Thread (CPUThread)[0x01898040]]: cellGcmSys warning: cellGcmBindTile(index=0)
[W : PPU[1] Thread (CPUThread)[0x018980b8]]: cellGcmSys warning: cellGcmSetDisplayBuffer(id=0x0,offset=0x0,pitch=4,width=1280,height=720)
[W : PPU[1] Thread (CPUThread)[0x018980e8]]: cellGcmSys warning: cellGcmSetTileInfo(index=1, location=0, offset=8388608, size=8388608, pitch=5120, comp=0, base=0, bank=0)
[W : PPU[1] Thread (CPUThread)[0x01898040]]: cellGcmSys warning: cellGcmBindTile(index=1)
[W : PPU[1] Thread (CPUThread)[0x018980b8]]: cellGcmSys warning: cellGcmSetDisplayBuffer(id=0x1,offset=0x800000,pitch=4,width=1280,height=720)
[W : PPU[1] Thread (CPUThread)[0x01898004]]: cellGcmSys warning: cellGcmGetTiledPitchSize(size=5120)
[W : PPU[1] Thread (CPUThread)[0x018980e8]]: cellGcmSys warning: cellGcmSetTileInfo(index=3, location=0, offset=16777216, size=3932160, pitch=5120, comp=0, base=0, bank=0)
[W : PPU[1] Thread (CPUThread)[0x01898040]]: cellGcmSys warning: cellGcmBindTile(index=3)
[W : PPU[1] Thread (CPUThread)[0x01898094]]: cellGcmSys warning: TODO: cellGcmBindZcull(index=0)
[W : PPU[1] Thread (CPUThread)[0x018980e8]]: cellGcmSys warning: cellGcmSetTileInfo(index=4, location=0, offset=20709376, size=3932160, pitch=5120, comp=10, base=768, bank=3)
[E : PPU[1] Thread (CPUThread)[0x018980e8]]: cellGcmSys error: cellGcmSetTileInfo: bad comp! (10)
[W : PPU[1] Thread (CPUThread)[0x01898040]]: cellGcmSys warning: cellGcmBindTile(index=4)
[W : PPU[1] Thread (CPUThread)[0x01898004]]: cellGcmSys warning: cellGcmGetTiledPitchSize(size=5120)
[W : PPU[1] Thread (CPUThread)[0x01898004]]: cellGcmSys warning: cellGcmGetTiledPitchSize(size=5120)
[W : PPU[1] Thread (CPUThread)[0x01898004]]: cellGcmSys warning: cellGcmGetTiledPitchSize(size=5120)
[W : PPU[1] Thread (CPUThread)[0x01898004]]: cellGcmSys warning: cellGcmGetTiledPitchSize(size=5120)
[E : PPU[1] Thread (CPUThread)[0x018980d0]]: cellGcmSys error: Unimplemented function: cellGcmSetVBlankHandler
[W : PPU[1] Thread (CPUThread)[0x018980ac]]: cellGcmSys warning: cellGcmSetFlipStatus()
[W : PPU[1] Thread (CPUThread)[0x018a6034]]: cellGame warning: cellGameBootCheck(type_addr=0xd0010260, attributes_addr=0xd0010264, size_addr=0xd0010268, dirName_addr=0xd0010278)
[W : PPU[1] Thread (CPUThread)[0x018a6010]]: cellGame warning: cellGameContentPermit(contentInfoPath_addr=0xd0010298, usrdirPath_addr=0xd0010318)
[E : PPU[1] Thread (CPUThread)[0x018a6028]]: cellGame error: Unimplemented function: cellGameDataCheck
[W : PPU[1] Thread (CPUThread)[0x018a6010]]: cellGame warning: cellGameContentPermit(contentInfoPath_addr=0x180e928, usrdirPath_addr=0x180e9b0)
[W : PPU[1] Thread (CPUThread)[0x018a6010]]: cellGame warning: cellGameContentPermit(contentInfoPath_addr=0xd0010298, usrdirPath_addr=0xd0010318)
[! : PPU[1] Thread (CPUThread)[0x0189e01c]]: *** New PPU Thread [PreLoad] (): id = 21
[W : PPU[1] Thread (CPUThread)[0x01896034]]: sys_fs warning: cellFsStat: "/dev_hdd0/game/BLJM61009/USRDIR/BGCG.SDAT" not found.
[W : PPU[1] Thread (CPUThread)[0x01896058]]: sys_fs warning: cellFsSdataOpen(path="/dev_hdd0/game/BLJM61009/USRDIR/BGCG.SDAT", flags=0x0, fd_addr=0xd0010350, arg_addr=0x0, size=0x0)
[E : PPU[1] Thread (CPUThread)[0x01896058]]: sys_fs error: '/dev_hdd0/game/BLJM61009/USRDIR/BGCG.SDAT' not found! flags: 0x00000001
[W : RSXThread]: FP not found in buffer!
[W : RSXThread]: VP not found in buffer!
[! : RSXThread]: Add program (0):
[! : RSXThread]: *** prog id = 3
[! : RSXThread]: *** vp id = 2
[! : RSXThread]: *** fp id = 1
[! : RSXThread]: *** vp data size = 48
[! : RSXThread]: *** fp data size = 416
[! : RSXThread]: *** vp shader = 
#version 330

uniform mat4 scaleOffsetMat = mat4(1.0);
layout (location = 3) in vec4 in_col0;
layout (location = 0) in vec4 in_pos;
layout (location = 8) in vec4 in_tc0;
out vec4 col0;
out vec4 tc0;

void func0();

void main()
{
	gl_Position = vec4(0.0f, 0.0f, 0.0f, 1.0f);
	func0();
	gl_Position = gl_Position * scaleOffsetMat;
}

void func0()
{
	col0 = in_col0;
	gl_Position.xyz = in_pos.xyzx.xyz;
	tc0.xy = in_tc0.xyxx.xy;
}

[! : RSXThread]: *** fp shader = 
#version 330

in vec4 tc0;
in vec4 col0;
uniform sampler2D tex0;
uniform sampler2D tex1;
vec4 r0 = vec4(0.0, 0.0, 0.0, 0.0);
vec4 r1 = vec4(0.0, 0.0, 0.0, 0.0);
vec4 h0 = vec4(0.0, 0.0, 0.0, 0.0);
uniform vec4 fc32 = vec4(0.093750, 0.000000, 0.000000, 0.000000);
uniform vec4 fc64 = vec4(0.000000, 0.999022, 0.000000, 0.000000);
uniform vec4 fc96 = vec4(0.999022, 0.000000, 0.000000, 0.000000);
uniform vec4 fc144 = vec4(0.343750, 0.000000, 0.000000, 0.000000);
uniform vec4 fc176 = vec4(0.000000, 0.999022, 0.000000, 0.000000);
uniform vec4 fc240 = vec4(0.593750, 0.000000, 0.000000, 0.000000);
uniform vec4 fc272 = vec4(0.000000, 0.882353, 0.078431, 0.000000);
uniform vec4 fc320 = vec4(0.882353, 0.078431, 0.000000, 0.000000);
uniform vec4 fc352 = vec4(0.882353, 0.078431, 0.000000, 0.000000);
uniform vec4 fc384 = vec4(1.000000, 0.000000, 0.000000, 0.000000);
layout (location = 0) out vec4 ocol;

void main()
{
	r0.xyz = texture(tex0, tc0.xy).xyz;
	r1.w = fc32.xxxx.w;
	r1.z = min(r0.xxxx, fc64.yyyy).z;
	r0.z = min(r0, fc96.xxxx).z;
	r1.x = texture(tex1, r1.zwzz.xy).x;
	r1.w = fc144.xxxx.w;
	r1.z = min(r0.yyyy, fc176.yyyy).z;
	r1.y = texture(tex1, r1.zwzz.xy).y;
	h0 = col0;
	r0.w = fc240.xxxx.w;
	r1.y = (r1 * fc272.yyyy + fc272.zzzz).y;
	r0.z = texture(tex1, r0.zwzz.xy).z;
	r1.z = (r0 * fc320.xxxx + fc320.yyyy).z;
	r1.x = (r1 * fc352.xxxx + fc352.yyyy).x;
	r1.w = fc384.xxxx.w;
	r0 = (r1 * h0);
	ocol = r0;
}

[W : RSXThread]: New FBO (1280x720)
[! : RSXThread]: RSX thread exit...
[!]: Closing memory...
