[!]: path: /dev_hdd0/game/
[W]: SELF: No NPDRM control info found!
[!]: Loading 'F:\Ps3 game\dev_hdd0\game\BLJM60489 - [Ryu ga Gotoku 5 Yume, Kanaeshi Mono]\USRDIR/BOOT.BIN'...
[!]: Mount info:
[!]: /dev_hdd0/ -> F:\Ps3 game\dev_hdd0
[!]: /dev_hdd1/ -> E:\PS3EMU\Rpcs3-x6413/dev_hdd1/
[!]: /dev_flash/ -> E:\PS3EMU\Rpcs3-x6413/dev_flash/
[!]: /dev_usb000/ -> E:\PS3EMU\Rpcs3-x6413/dev_usb000/
[!]: /dev_usb/ -> E:\PS3EMU\Rpcs3-x6413/dev_usb000/
[!]: /app_home/ -> F:\Ps3 game\dev_hdd0\game\BLJM60489 - [Ryu ga Gotoku 5 Yume, Kanaeshi Mono]\
[!]: /dev_bdvd/ -> F:\Ps3 game\dev_hdd0\game\BLJM60489 - [Ryu ga Gotoku 5 Yume, Kanaeshi Mono]\/../
[!]: /host_root/ -> 
[!]: / -> F:\Ps3 game\dev_hdd0\game\BLJM60489 - [Ryu ga Gotoku 5 Yume, Kanaeshi Mono]\
[!]: Initing memory...
[!]: Memory initialized.
[W]: Unknown function 0x0c44f441 in 'cellFiber' module
[E]: TODO: cellFiberPpuYield
[W]: Unknown function 0x12b1acf0 in 'cellFiber' module
[E]: TODO: cellFiberPpuRunFibers
[W]: Unknown function 0x5d9a7034 in 'cellFiber' module
[E]: TODO: cellFiberPpuSelf
[W]: Unknown function 0x7c2f4034 in 'cellFiber' module
[E]: TODO: cellFiberPpuCreateFiber
[W]: Unknown function 0x8b6baa01 in 'cellFiber' module
[E]: TODO: cellFiberPpuFinalizeScheduler
[W]: Unknown function 0x9e25c72d in 'cellFiber' module
[E]: TODO: _cellFiberPpuSchedulerAttributeInitialize
[W]: Unknown function 0xa6004249 in 'cellFiber' module
[E]: TODO: cellFiberPpuJoinFiber
[W]: Unknown function 0xe492a675 in 'cellFiber' module
[E]: TODO: cellFiberPpuHasRunnableFiber
[W]: Unknown function 0xee3b604d in 'cellFiber' module
[E]: TODO: cellFiberPpuInitializeScheduler
[W]: Unknown function 0xfa8d5f95 in 'cellFiber' module
[E]: TODO: cellFiberPpuExit
[W]: Unknown function 0x55870804 in 'cellFiber' module
[E]: TODO: _cellFiberPpuInitialize
[W]: Unknown function 0x967a162b in 'sys_fs' module
[E]: TODO: cellFsFsync
[W]: Unknown function 0x20543730 in 'cellSysutil' module
[E]: TODO: cellMsgDialogClose
[W]: Unknown function 0x21425307 in 'cellSysutil' module
[E]: TODO: cellSaveDataListAutoLoad
[W]: Unknown function 0x2a8eada2 in 'cellSysutil' module
[E]: TODO: cellSaveDataFixedLoad2
[W]: Unknown function 0x2aae9ef5 in 'cellSysutil' module
[E]: TODO: cellSaveDataFixedSave2
[W]: Unknown function 0x3d1e1931 in 'cellSysutil' module
[E]: TODO: cellOskDialogUnloadAsync
[W]: Unknown function 0x62b0f803 in 'cellSysutil' module
[E]: TODO: cellMsgDialogAbort
[W]: Unknown function 0x7fcfc915 in 'cellSysutil' module
[E]: TODO: cellOskDialogLoadAsync
[W]: Unknown function 0x94862702 in 'cellSysutil' module
[E]: TODO: cellMsgDialogProgressBarInc
[W]: Unknown function 0x9d6af72a in 'cellSysutil' module
[E]: TODO: cellMsgDialogProgressBarSetMsg
[W]: Unknown function 0xedadd797 in 'cellSysutil' module
[E]: TODO: cellSaveDataDelete2
[W]: Unknown function 0xf0ec3ccc in 'cellSysutil' module
[E]: TODO: cellOskDialogSetLayoutMode
[W]: Unknown function 0x16394a4e in 'cellSpurs' module
[E]: TODO: _cellSpursTasksetAttributeInitialize
[W]: Unknown function 0x1d46fedf in 'cellSpurs' module
[E]: TODO: cellSpursCreateTaskWithAttribute
[W]: Unknown function 0x1ebcf459 in 'cellSpurs' module
[E]: TODO: cellSpursDestroyTaskset2
[W]: Unknown function 0x22aab31d in 'cellSpurs' module
[E]: TODO: cellSpursEventFlagDetachLv2EventQueue
[W]: Unknown function 0x303c19cd in 'cellSpurs' module
[E]: TODO: cellSpursCreateJobChainWithAttribute
[W]: Unknown function 0x3548f483 in 'cellSpurs' module
[E]: TODO: _cellSpursJobChainAttributeInitialize
[W]: Unknown function 0x373523d4 in 'cellSpurs' module
[E]: TODO: cellSpursEventFlagWait
[W]: Unknown function 0x4a6465e3 in 'cellSpurs' module
[E]: TODO: cellSpursCreateTaskset2
[W]: Unknown function 0x5ef96465 in 'cellSpurs' module
[E]: TODO: _cellSpursEventFlagInitialize
[W]: Unknown function 0x652b70e2 in 'cellSpurs' module
[E]: TODO: cellSpursTasksetAttributeSetName
[W]: Unknown function 0x68aaeba9 in 'cellSpurs' module
[E]: TODO: cellSpursJobGuardInitialize
[W]: Unknown function 0x738e40e6 in 'cellSpurs' module
[E]: TODO: cellSpursShutdownJobChain
[W]: Unknown function 0x838fa4f0 in 'cellSpurs' module
[E]: TODO: cellSpursTryJoinTask2
[W]: Unknown function 0x87630976 in 'cellSpurs' module
[E]: TODO: cellSpursEventFlagAttachLv2EventQueue
[W]: Unknown function 0x8f122ef8 in 'cellSpurs' module
[E]: TODO: cellSpursTasksetAttributeSetTasksetSize
[W]: Unknown function 0x9f72add3 in 'cellSpurs' module
[E]: TODO: cellSpursJoinTaskset
[W]: Unknown function 0x9fef70c2 in 'cellSpurs' module
[E]: TODO: cellSpursJobChainAttributeSetName
[W]: Unknown function 0xa121a224 in 'cellSpurs' module
[E]: TODO: cellSpursTaskAttributeSetExitCodeContainer
[W]: Unknown function 0xa789e631 in 'cellSpurs' module
[E]: TODO: cellSpursShutdownTaskset
[W]: Unknown function 0xa7a94892 in 'cellSpurs' module
[E]: TODO: cellSpursJoinTask2
[W]: Unknown function 0xa7c066de in 'cellSpurs' module
[E]: TODO: cellSpursJoinJobChain
[W]: Unknown function 0xaa6269a8 in 'cellSpurs' module
[E]: TODO: cellSpursInitializeWithAttribute
[W]: Unknown function 0xb8474eff in 'cellSpurs' module
[E]: TODO: _cellSpursTaskAttributeInitialize
[W]: Unknown function 0xc10931cb in 'cellSpurs' module
[E]: TODO: cellSpursCreateTasksetWithAttribute
[W]: Unknown function 0xc2acdf43 in 'cellSpurs' module
[E]: TODO: _cellSpursTasksetAttribute2Initialize
[W]: Unknown function 0xd5d0b256 in 'cellSpurs' module
[E]: TODO: cellSpursJobGuardNotify
[W]: Unknown function 0xe4944a1c in 'cellSpurs' module
[E]: TODO: cellSpursCreateTask2WithBinInfo
[W]: Unknown function 0xe717ac73 in 'cellSpurs' module
[E]: TODO: cellSpursTaskExitCodeTryGet
[W]: Unknown function 0xf31731bb in 'cellSpurs' module
[E]: TODO: cellSpursRunJobChain
[W]: Unknown function 0x7fdf4fef in 'cellSpurs' module
[E]: TODO: cellSpursBarrierInitialize
[W]: Unknown function 0x9034e538 in 'cellSpurs' module
[E]: TODO: cellSpursTaskGetContextSaveAreaSize
[W]: Unknown function 0xe0a6dbe4 in 'cellSpurs' module
[E]: TODO: _cellSpursSendSignal
[W]: Unknown function 0xf5507729 in 'cellSpurs' module
[E]: TODO: cellSpursEventFlagSet
[W]: Unknown function 0x0582338a in 'cellSpursJq' module
[E]: TODO: cellSpursJobQueueAttributeSetDoBusyWaiting
[W]: Unknown function 0x0f03f712 in 'cellSpursJq' module
[E]: TODO: cellSpursJobQueueAttributeSetSubmitWithEntryLock
[W]: Unknown function 0x29c2acc5 in 'cellSpursJq' module
[E]: TODO: cellSpursJobQueueClose
[W]: Unknown function 0x36d0a53c in 'cellSpursJq' module
[E]: TODO: _cellSpursJobQueuePushJob2Body
[W]: Unknown function 0x43ddab4f in 'cellSpursJq' module
[E]: TODO: cellSpursJobQueueAttributeInitialize
[W]: Unknown function 0x677027af in 'cellSpursJq' module
[E]: TODO: cellSpursJobQueueSemaphoreInitialize
[W]: Unknown function 0x6c93ea18 in 'cellSpursJq' module
[E]: TODO: cellSpursJobQueueSemaphoreAcquire
[W]: Unknown function 0x701fd8a9 in 'cellSpursJq' module
[E]: TODO: _cellSpursJobQueuePushSync
[W]: Unknown function 0x8c97a96c in 'cellSpursJq' module
[E]: TODO: cellSpursShutdownJobQueue
[W]: Unknown function 0x8ce4cffa in 'cellSpursJq' module
[E]: TODO: cellSpursJoinJobQueue
[W]: Unknown function 0xaf1c7a1d in 'cellSpursJq' module
[E]: TODO: _cellSpursJobQueuePushJobListBody
[W]: Unknown function 0xdf0120c2 in 'cellSpursJq' module
[E]: TODO: _cellSpursJobQueuePushFlush
[W]: Unknown function 0xe70f874e in 'cellSpursJq' module
[E]: TODO: cellSpursJobQueueAttributeSetGrabParameters
[W]: Unknown function 0xf244e799 in 'cellSpursJq' module
[E]: TODO: _cellSpursCreateJobQueue
[W]: Unknown function 0xff7a7bd2 in 'cellSpursJq' module
[E]: TODO: cellSpursJobQueueOpen
[W]: Unknown function 0x983be7fc in 'cellSpursJq' module
[E]: TODO: _cellSpursCreateJobQueueWithJobDescriptorPool
[W]: Unknown function 0xc39173a4 in 'cellSpursJq' module
[E]: TODO: _cellSpursJobQueuePort2CopyPushJobBody
[W]: Unknown function 0xc485d207 in 'cellSpursJq' module
[E]: TODO: cellSpursJobQueuePort2Destroy
[W]: Unknown function 0xcf89f218 in 'cellSpursJq' module
[E]: TODO: _cellSpursJobQueuePort2PushJobBody
[W]: Unknown function 0xf11fe0f1 in 'cellSpursJq' module
[E]: TODO: cellSpursJobQueuePort2Create
[W]: Unknown function 0xfacb3ced in 'cellSpursJq' module
[E]: TODO: cellSpursJobQueuePort2Sync
[W]: Unknown function 0x2ad4951b in 'cellGcmSys' module
[E]: TODO: cellGcmGetTimeStampLocation
[W]: Unknown function 0xa6b180ac in 'cellGcmSys' module
[E]: TODO: cellGcmGetReportDataLocation
[W]: Unknown function 0xffe0160e in 'cellGcmSys' module
[E]: TODO: cellGcmSetVBlankFrequency
[W]: Unknown module 'cellSysutilAvconfExt'
[W]: Unknown function 0x13efe7f5 in 'sys_net' module
[E]: TODO: getsockname
[W]: Unknown function 0x28e208bb in 'sys_net' module
[E]: TODO: listen
[W]: Unknown function 0x3f09e20a in 'sys_net' module
[E]: TODO: socketselect
[W]: Unknown function 0x71f4c717 in 'sys_net' module
[E]: TODO: gethostbyname
[W]: Unknown function 0x858a930b in 'sys_net' module
[E]: TODO: inet_ntoa
[W]: Unknown function 0xdabbc2c0 in 'sys_net' module
[E]: TODO: inet_addr
[W]: Unknown function 0x01379fd7 in 'sceNp2' module
[E]: TODO: sceNpMatching2DestroyContext
[W]: Unknown function 0x05bf2fbd in 'sceNp2' module
[E]: TODO: sceNpMatching2GetWorldInfoList
[W]: Unknown function 0x0d22867f in 'sceNp2' module
[E]: TODO: sceNpMatching2SearchRoom
[W]: Unknown function 0x1f372697 in 'sceNp2' module
[E]: TODO: sceNpMatching2LeaveRoom
[W]: Unknown function 0x215b0d75 in 'sceNp2' module
[E]: TODO: sceNpMatching2SetRoomDataExternal
[W]: Unknown function 0x23009d07 in 'sceNp2' module
[E]: TODO: sceNpMatching2Term2
[W]: Unknown function 0x2ed909dc in 'sceNp2' module
[E]: TODO: sceNpMatching2AbortRequest
[W]: Unknown function 0x3457c0db in 'sceNp2' module
[E]: TODO: sceNpMatching2GetServerInfo
[W]: Unknown function 0x3c00c9d4 in 'sceNp2' module
[E]: TODO: sceNpMatching2GetEventData
[W]: Unknown function 0x41251f74 in 'sceNp2' module
[E]: TODO: sceNp2Init
[W]: Unknown function 0x66f19527 in 'sceNp2' module
[E]: TODO: sceNpMatching2KickoutRoomMember
[W]: Unknown function 0x6ba4c668 in 'sceNp2' module
[E]: TODO: sceNpMatching2ContextStartAsync
[W]: Unknown function 0x748029a2 in 'sceNp2' module
[E]: TODO: sceNpMatching2RegisterContextCallback
[W]: Unknown function 0x817d1090 in 'sceNp2' module
[E]: TODO: sceNpMatching2SetRoomDataInternal
[W]: Unknown function 0x8e5cfe9f in 'sceNp2' module
[E]: TODO: sceNpMatching2GetServerIdListLocal
[W]: Unknown function 0x9cbce3f2 in 'sceNp2' module
[E]: TODO: sceNpMatching2CreateContext
[W]: Unknown function 0xaa6c2c43 in 'sceNp2' module
[E]: TODO: sceNpMatching2ClearEventData
[W]: Unknown function 0xaadb7c12 in 'sceNp2' module
[E]: TODO: sceNp2Term
[W]: Unknown function 0xb851aacf in 'sceNp2' module
[E]: TODO: sceNpMatching2SetRoomMemberDataInternal
[W]: Unknown function 0xba578d19 in 'sceNp2' module
[E]: TODO: sceNpMatching2JoinProhibitiveRoom
[W]: Unknown function 0xdb87b088 in 'sceNp2' module
[E]: TODO: sceNpMatching2SetDefaultRequestOptParam
[W]: Unknown function 0xdcb6b27d in 'sceNp2' module
[E]: TODO: sceNpMatching2RegisterRoomEventCallback
[W]: Unknown function 0xe4ac32ca in 'sceNp2' module
[E]: TODO: sceNpMatching2GetRoomDataExternalList
[W]: Unknown function 0xe7a3bc7a in 'sceNp2' module
[E]: TODO: sceNpMatching2CreateJoinRoom
[W]: Unknown function 0xf43c647a in 'sceNp2' module
[E]: TODO: sceNpMatching2ContextStop
[W]: Unknown function 0xf4babd3f in 'sceNp2' module
[E]: TODO: sceNpMatching2Init2
[W]: Unknown function 0xfee11e72 in 'sceNp2' module
[E]: TODO: sceNpMatching2RegisterRoomMessageCallback
[W]: Unknown function 0x01fbbc9b in 'sceNp' module
[E]: TODO: sceNpBasicSendMessageGui
[W]: Unknown function 0x04372385 in 'sceNp' module
[E]: TODO: sceNpBasicGetFriendListEntry
[W]: Unknown function 0x155de760 in 'sceNp' module
[E]: TODO: sceNpSignalingGetConnectionInfo
[W]: Unknown function 0x168a3117 in 'sceNp' module
[E]: TODO: sceNpBasicAddPlayersHistory
[W]: Unknown function 0x32cf311f in 'sceNp' module
[E]: TODO: sceNpScoreInit
[W]: Unknown function 0x50b86d94 in 'sceNp' module
[E]: TODO: sceNpSignalingAddExtendedHandler
[W]: Unknown function 0x52a6b523 in 'sceNp' module
[E]: TODO: sceNpManagerUnregisterCallback
[W]: Unknown function 0x60897c38 in 'sceNp' module
[E]: TODO: sceNpSignalingActivateConnection
[W]: Unknown function 0x6356082e in 'sceNp' module
[E]: TODO: sceNpSignalingCreateCtx
[W]: Unknown function 0x6ee62ed2 in 'sceNp' module
[E]: TODO: sceNpManagerGetContentRatingFlag
[W]: Unknown function 0x73931bd0 in 'sceNp' module
[E]: TODO: sceNpBasicGetBlockListEntryCount
[W]: Unknown function 0x806960ab in 'sceNp' module
[E]: TODO: sceNpBasicRecvMessageCustom
[W]: Unknown function 0x8297f1ec in 'sceNp' module
[E]: TODO: sceNpManagerRequestTicket2
[W]: Unknown function 0xa8cf8451 in 'sceNp' module
[E]: TODO: sceNpSignalingDestroyCtx
[W]: Unknown function 0xafef640d in 'sceNp' module
[E]: TODO: sceNpBasicGetFriendListEntryCount
[W]: Unknown function 0xca0a2d04 in 'sceNp' module
[E]: TODO: sceNpSignalingGetConnectionStatus
[W]: Unknown function 0xceeebc7a in 'sceNp' module
[E]: TODO: sceNpProfileCallGui
[W]: Unknown function 0xd208f91d in 'sceNp' module
[E]: TODO: sceNpUtilCmpNpId
[W]: Unknown function 0xe035f7d6 in 'sceNp' module
[E]: TODO: sceNpBasicGetEvent
[W]: Unknown function 0xe7dcd3b4 in 'sceNp' module
[E]: TODO: sceNpManagerRegisterCallback
[W]: Unknown function 0xeb7a3d84 in 'sceNp' module
[E]: TODO: sceNpManagerGetChatRestrictionFlag
[W]: Unknown function 0xec0a1fbf in 'sceNp' module
[E]: TODO: sceNpBasicSendMessage
[W]: Unknown function 0xf0a9182b in 'sceNp' module
[E]: TODO: sceNpFriendlist
[W]: Unknown function 0xf2b3338a in 'sceNp' module
[E]: TODO: sceNpBasicGetBlockListEntry
[W]: Unknown function 0xfd0eb5ae in 'sceNp' module
[E]: TODO: sceNpSignalingDeactivateConnection
[W]: Unknown function 0xfe37a7f4 in 'sceNp' module
[E]: TODO: sceNpManagerGetNpId
[W]: Unknown function 0x0791015f in 'cellNetCtl' module
[E]: TODO: cellGameUpdateCheckStartAsyncEx
[W]: Unknown function 0x10dae56d in 'cellNetCtl' module
[E]: TODO: cellGameUpdateTerm
[W]: Unknown function 0x558700f6 in 'cellNetCtl' module
[E]: TODO: cellGameUpdateCheckStartWithoutDialogAsyncEx
[W]: Unknown function 0x99ab1a26 in 'cellNetCtl' module
[E]: TODO: cellGameUpdateInit
[W]: Unknown function 0xf463981c in 'cellNetCtl' module
[E]: TODO: cellGameUpdateCheckFinishAsyncEx
[W]: Unknown function 0x3929948d in 'cellSync' module
[E]: TODO: cellSyncQueueInitialize
[W]: Unknown function 0x4da349b2 in 'cellSync' module
[E]: TODO: cellSyncQueueSize
[W]: Unknown function 0x4da6d7e0 in 'cellSync' module
[E]: TODO: cellSyncQueuePop
[W]: Unknown function 0xa5362e73 in 'cellSync' module
[E]: TODO: cellSyncQueueClear
[W]: Unknown function 0x26090058 in 'sysPrxForUser' module
[E]: TODO: sys_prx_load_module
[W]: Unknown function 0x80fb0c19 in 'sysPrxForUser' module
[E]: TODO: sys_prx_stop_module
[W]: Unknown function 0x9f18429d in 'sysPrxForUser' module
[E]: TODO: sys_prx_start_module
[W]: Unknown function 0xaa6d9bff in 'sysPrxForUser' module
[E]: TODO: sys_prx_load_module_on_memcontainer
[W]: Unknown function 0xdd3b27ac in 'sysPrxForUser' module
[E]: TODO: _sys_spu_printf_finalize
[W]: Unknown function 0xf0aece0d in 'sysPrxForUser' module
[E]: TODO: sys_prx_unload_module
[W : PPU[1] Thread (CPUThread)[0x015db058]]: sys_lwmutex warning: *** lwmutex created [_lc_mtx] (attribute=0x12): sq_id = 3
[W : PPU[1] Thread (CPUThread)[0x00f1e4a0]]: memory warning: sys_memory_get_user_memory_size(mem_info_addr=0xd0010c04)
[W : PPU[1] Thread (CPUThread)[0x015db058]]: sys_lwmutex warning: *** lwmutex created [_lc_mtx] (attribute=0x12): sq_id = 4
[W : PPU[1] Thread (CPUThread)[0x015db058]]: sys_lwmutex warning: *** lwmutex created [_lc_mtx] (attribute=0x12): sq_id = 5
[W : PPU[1] Thread (CPUThread)[0x015db058]]: sys_lwmutex warning: *** lwmutex created [_lc_mtx] (attribute=0x12): sq_id = 6
[W : PPU[1] Thread (CPUThread)[0x015db058]]: sys_lwmutex warning: *** lwmutex created [_lc_mtx] (attribute=0x12): sq_id = 7
[W : PPU[1] Thread (CPUThread)[0x015db058]]: sys_lwmutex warning: *** lwmutex created [_lc_mtx] (attribute=0x12): sq_id = 8
[W : PPU[1] Thread (CPUThread)[0x015db058]]: sys_lwmutex warning: *** lwmutex created [_lc_mtx] (attribute=0x12): sq_id = 9
[W : PPU[1] Thread (CPUThread)[0x015db058]]: sys_lwmutex warning: *** lwmutex created [_lc_mtx] (attribute=0x12): sq_id = 10
[W : PPU[1] Thread (CPUThread)[0x015db058]]: sys_lwmutex warning: *** lwmutex created [_lc_mtx] (attribute=0x12): sq_id = 11
[W : PPU[1] Thread (CPUThread)[0x015db058]]: sys_lwmutex warning: *** lwmutex created [_lc_mtx] (attribute=0x12): sq_id = 12
[W : PPU[1] Thread (CPUThread)[0x015db058]]: sys_lwmutex warning: *** lwmutex created [] (attribute=0x12): sq_id = 13
[W : PPU[1] Thread (CPUThread)[0x015db058]]: sys_lwmutex warning: *** lwmutex created [] (attribute=0x12): sq_id = 14
[E : PPU[1] Thread (CPUThread)[0x015db070]]: sysPrxForUser error: sys_prx_register_library(lib_addr=0xfedd10)
[E : PPU[1] Thread (CPUThread)[0x015db070]]: sysPrxForUser error: sys_prx_register_library(lib_addr=0xfedd2c)
[W : PPU[1] Thread (CPUThread)[0x015c1010]]: cellSysmodule warning: cellSysmoduleLoadModule(CELL_SYSMODULE_FIBER)
[W : PPU[1] Thread (CPUThread)[0x015c101c]]: cellSysmodule warning: cellSysmoduleIsLoaded(CELL_SYSMODULE_FIBER)
[E : PPU[1] Thread (CPUThread)[0x011ef07c]]: TODO: _cellFiberPpuInitialize
[W : PPU[1] Thread (CPUThread)[0x015db058]]: sys_lwmutex warning: *** lwmutex created [] (attribute=0x12): sq_id = 15
[W : PPU[1] Thread (CPUThread)[0x015db058]]: sys_lwmutex warning: *** lwmutex created [] (attribute=0x12): sq_id = 16
[W : PPU[1] Thread (CPUThread)[0x00af7204]]: vm warning: sys_vm_memory_map(vsize=0x8000000,psize=0x7ca0000,cidr=0xffffffff,flags=0x200,policy=0x1,addr=0x14624a4)
[W : PPU[1] Thread (CPUThread)[0x00af7214]]: vm warning: Unimplemented function: sys_vm_touch(addr=0x30010000,size=0x7ca0000)
[E : PPU[1] Thread (CPUThread)[0x011ef01c]]: TODO: cellFiberPpuSelf
[E : PPU[1] Thread (CPUThread)[0x015c30dc]]: cellSpurs error: _cellSpursAttributeInitialize(attr_addr=0xd0010478, nSpus=2, spuPriority=3342336, ppuPriority=6, exitIfNoWork=100)
[E : PPU[1] Thread (CPUThread)[0x015c3004]]: cellSpurs error: cellSpursAttributeSetNamePrefix(attr_addr=0xd0010478, prefix_addr=0xd00106b0, size=0x5)
[W : PPU[1] Thread (CPUThread)[0x00da30f8]]: sys_spu warning: sys_spu_initialize(max_usable_spu=6, max_raw_spu=0)
[E : PPU[1] Thread (CPUThread)[0x015c30e8]]: cellSpurs error: cellSpursAttributeEnableSystemWorkload(attr_addr=0xd0010478, priority[3007980320], maxSpu=1, isPreemptible[3007980328])
[E : PPU[1] Thread (CPUThread)[0x015c3058]]: cellSpurs error: cellSpursInitializeWithAttribute2(spurs_addr=0x37d00080, spurs_addr=0xd0010478)
[E : PPU[1] Thread (CPUThread)[0x015c316c]]: TODO: _cellSpursTasksetAttribute2Initialize
[E : PPU[1] Thread (CPUThread)[0x015c307c]]: TODO: cellSpursCreateTaskset2
[W : PPU[1] Thread (CPUThread)[0x015c101c]]: cellSysmodule warning: cellSysmoduleIsLoaded(CELL_SYSMODULE_FIBER)
[W : PPU[1] Thread (CPUThread)[0x015db058]]: sys_lwmutex warning: *** lwmutex created [] (attribute=0x12): sq_id = 17
[W : PPU[1] Thread (CPUThread)[0x015db058]]: sys_lwmutex warning: *** lwmutex created [] (attribute=0x12): sq_id = 18
[W : PPU[1] Thread (CPUThread)[0x015db118]]: sys_lwcond warning: Recursive lwmutex(sq=18)
[W : PPU[1] Thread (CPUThread)[0x015db118]]: sys_lwcond warning: *** lwcond created [] (lwmutex_addr=0x37d00030): id = 19
[W : PPU[1] Thread (CPUThread)[0x015db058]]: sys_lwmutex warning: *** lwmutex created [] (attribute=0x12): sq_id = 20
[W : PPU[1] Thread (CPUThread)[0x015db118]]: sys_lwcond warning: Recursive lwmutex(sq=20)
[W : PPU[1] Thread (CPUThread)[0x015db118]]: sys_lwcond warning: *** lwcond created [] (lwmutex_addr=0x37d04a10): id = 21
[W : PPU[1] Thread (CPUThread)[0x015db058]]: sys_lwmutex warning: *** lwmutex created [] (attribute=0x12): sq_id = 22
[W : PPU[1] Thread (CPUThread)[0x015db118]]: sys_lwcond warning: Recursive lwmutex(sq=22)
[W : PPU[1] Thread (CPUThread)[0x015db118]]: sys_lwcond warning: *** lwcond created [] (lwmutex_addr=0x37d02090): id = 23
[W : PPU[1] Thread (CPUThread)[0x015db058]]: sys_lwmutex warning: *** lwmutex created [] (attribute=0x12): sq_id = 24
[W : PPU[1] Thread (CPUThread)[0x015db118]]: sys_lwcond warning: Recursive lwmutex(sq=24)
[W : PPU[1] Thread (CPUThread)[0x015db118]]: sys_lwcond warning: *** lwcond created [] (lwmutex_addr=0x38104a90): id = 25
[W : PPU[1] Thread (CPUThread)[0x015db058]]: sys_lwmutex warning: *** lwmutex created [] (attribute=0x12): sq_id = 26
[W : PPU[1] Thread (CPUThread)[0x015db118]]: sys_lwcond warning: Recursive lwmutex(sq=26)
[W : PPU[1] Thread (CPUThread)[0x015db118]]: sys_lwcond warning: *** lwcond created [] (lwmutex_addr=0x38104ae0): id = 27
[W : PPU[1] Thread (CPUThread)[0x015db058]]: sys_lwmutex warning: *** lwmutex created [] (attribute=0x12): sq_id = 28
[W : PPU[1] Thread (CPUThread)[0x015db118]]: sys_lwcond warning: Recursive lwmutex(sq=28)
[W : PPU[1] Thread (CPUThread)[0x015db118]]: sys_lwcond warning: *** lwcond created [] (lwmutex_addr=0x38104b30): id = 29
[W : PPU[1] Thread (CPUThread)[0x015db058]]: sys_lwmutex warning: *** lwmutex created [] (attribute=0x12): sq_id = 30
[W : PPU[1] Thread (CPUThread)[0x015db118]]: sys_lwcond warning: Recursive lwmutex(sq=30)
[W : PPU[1] Thread (CPUThread)[0x015db118]]: sys_lwcond warning: *** lwcond created [] (lwmutex_addr=0x38104b80): id = 31
[W : PPU[1] Thread (CPUThread)[0x015db058]]: sys_lwmutex warning: *** lwmutex created [] (attribute=0x12): sq_id = 32
[W : PPU[1] Thread (CPUThread)[0x015db118]]: sys_lwcond warning: Recursive lwmutex(sq=32)
[W : PPU[1] Thread (CPUThread)[0x015db118]]: sys_lwcond warning: *** lwcond created [] (lwmutex_addr=0x38104bd0): id = 33
[W : PPU[1] Thread (CPUThread)[0x015db058]]: sys_lwmutex warning: *** lwmutex created [] (attribute=0x12): sq_id = 34
[W : PPU[1] Thread (CPUThread)[0x015db118]]: sys_lwcond warning: Recursive lwmutex(sq=34)
[W : PPU[1] Thread (CPUThread)[0x015db118]]: sys_lwcond warning: *** lwcond created [] (lwmutex_addr=0x38104c20): id = 35
[W : PPU[1] Thread (CPUThread)[0x015db058]]: sys_lwmutex warning: *** lwmutex created [] (attribute=0x12): sq_id = 36
[W : PPU[1] Thread (CPUThread)[0x015db118]]: sys_lwcond warning: Recursive lwmutex(sq=36)
[W : PPU[1] Thread (CPUThread)[0x015db118]]: sys_lwcond warning: *** lwcond created [] (lwmutex_addr=0x38104c70): id = 37
[W : PPU[1] Thread (CPUThread)[0x015db058]]: sys_lwmutex warning: *** lwmutex created [] (attribute=0x12): sq_id = 38
[W : PPU[1] Thread (CPUThread)[0x015db118]]: sys_lwcond warning: Recursive lwmutex(sq=38)
[W : PPU[1] Thread (CPUThread)[0x015db118]]: sys_lwcond warning: *** lwcond created [] (lwmutex_addr=0x38104cc0): id = 39
[W : PPU[1] Thread (CPUThread)[0x015db058]]: sys_lwmutex warning: *** lwmutex created [] (attribute=0x12): sq_id = 40
[W : PPU[1] Thread (CPUThread)[0x015db118]]: sys_lwcond warning: Recursive lwmutex(sq=40)
[W : PPU[1] Thread (CPUThread)[0x015db118]]: sys_lwcond warning: *** lwcond created [] (lwmutex_addr=0x38104d10): id = 41
[W : PPU[1] Thread (CPUThread)[0x015db058]]: sys_lwmutex warning: *** lwmutex created [] (attribute=0x12): sq_id = 42
[W : PPU[1] Thread (CPUThread)[0x015db118]]: sys_lwcond warning: Recursive lwmutex(sq=42)
[W : PPU[1] Thread (CPUThread)[0x015db118]]: sys_lwcond warning: *** lwcond created [] (lwmutex_addr=0x38104d60): id = 43
[W : PPU[1] Thread (CPUThread)[0x015db058]]: sys_lwmutex warning: *** lwmutex created [] (attribute=0x12): sq_id = 44
[W : PPU[1] Thread (CPUThread)[0x015db118]]: sys_lwcond warning: Recursive lwmutex(sq=44)
[W : PPU[1] Thread (CPUThread)[0x015db118]]: sys_lwcond warning: *** lwcond created [] (lwmutex_addr=0x38104db0): id = 45
[W : PPU[1] Thread (CPUThread)[0x015db058]]: sys_lwmutex warning: *** lwmutex created [] (attribute=0x12): sq_id = 46
[W : PPU[1] Thread (CPUThread)[0x015db118]]: sys_lwcond warning: Recursive lwmutex(sq=46)
[W : PPU[1] Thread (CPUThread)[0x015db118]]: sys_lwcond warning: *** lwcond created [] (lwmutex_addr=0x38104e00): id = 47
[W : PPU[1] Thread (CPUThread)[0x015db058]]: sys_lwmutex warning: *** lwmutex created [] (attribute=0x12): sq_id = 48
[W : PPU[1] Thread (CPUThread)[0x015db118]]: sys_lwcond warning: Recursive lwmutex(sq=48)
[W : PPU[1] Thread (CPUThread)[0x015db118]]: sys_lwcond warning: *** lwcond created [] (lwmutex_addr=0x38104e50): id = 49
[W : PPU[1] Thread (CPUThread)[0x015db058]]: sys_lwmutex warning: *** lwmutex created [] (attribute=0x12): sq_id = 50
[W : PPU[1] Thread (CPUThread)[0x015db118]]: sys_lwcond warning: Recursive lwmutex(sq=50)
[W : PPU[1] Thread (CPUThread)[0x015db118]]: sys_lwcond warning: *** lwcond created [] (lwmutex_addr=0x38104ea0): id = 51
[W : PPU[1] Thread (CPUThread)[0x015db058]]: sys_lwmutex warning: *** lwmutex created [] (attribute=0x12): sq_id = 52
[W : PPU[1] Thread (CPUThread)[0x015db118]]: sys_lwcond warning: Recursive lwmutex(sq=52)
[W : PPU[1] Thread (CPUThread)[0x015db118]]: sys_lwcond warning: *** lwcond created [] (lwmutex_addr=0x38104ef0): id = 53
[W : PPU[1] Thread (CPUThread)[0x015db058]]: sys_lwmutex warning: *** lwmutex created [] (attribute=0x12): sq_id = 54
[W : PPU[1] Thread (CPUThread)[0x015db118]]: sys_lwcond warning: Recursive lwmutex(sq=54)
[W : PPU[1] Thread (CPUThread)[0x015db118]]: sys_lwcond warning: *** lwcond created [] (lwmutex_addr=0x38104f40): id = 55
[W : PPU[1] Thread (CPUThread)[0x015db058]]: sys_lwmutex warning: *** lwmutex created [] (attribute=0x12): sq_id = 56
[W : PPU[1] Thread (CPUThread)[0x015db118]]: sys_lwcond warning: Recursive lwmutex(sq=56)
[W : PPU[1] Thread (CPUThread)[0x015db118]]: sys_lwcond warning: *** lwcond created [] (lwmutex_addr=0x38104f90): id = 57
[W : PPU[1] Thread (CPUThread)[0x015db058]]: sys_lwmutex warning: *** lwmutex created [] (attribute=0x12): sq_id = 58
[W : PPU[1] Thread (CPUThread)[0x015db118]]: sys_lwcond warning: Recursive lwmutex(sq=58)
[W : PPU[1] Thread (CPUThread)[0x015db118]]: sys_lwcond warning: *** lwcond created [] (lwmutex_addr=0x38104fe0): id = 59
[W : PPU[1] Thread (CPUThread)[0x015db058]]: sys_lwmutex warning: *** lwmutex created [] (attribute=0x12): sq_id = 60
[W : PPU[1] Thread (CPUThread)[0x015db118]]: sys_lwcond warning: Recursive lwmutex(sq=60)
[W : PPU[1] Thread (CPUThread)[0x015db118]]: sys_lwcond warning: *** lwcond created [] (lwmutex_addr=0x38105030): id = 61
[W : PPU[1] Thread (CPUThread)[0x015db058]]: sys_lwmutex warning: *** lwmutex created [] (attribute=0x12): sq_id = 62
[W : PPU[1] Thread (CPUThread)[0x015db118]]: sys_lwcond warning: Recursive lwmutex(sq=62)
[W : PPU[1] Thread (CPUThread)[0x015db118]]: sys_lwcond warning: *** lwcond created [] (lwmutex_addr=0x38105080): id = 63
[W : PPU[1] Thread (CPUThread)[0x015db058]]: sys_lwmutex warning: *** lwmutex created [] (attribute=0x12): sq_id = 64
[W : PPU[1] Thread (CPUThread)[0x015db118]]: sys_lwcond warning: Recursive lwmutex(sq=64)
[W : PPU[1] Thread (CPUThread)[0x015db118]]: sys_lwcond warning: *** lwcond created [] (lwmutex_addr=0x381050d0): id = 65
[W : PPU[1] Thread (CPUThread)[0x015db058]]: sys_lwmutex warning: *** lwmutex created [] (attribute=0x12): sq_id = 66
[W : PPU[1] Thread (CPUThread)[0x015db118]]: sys_lwcond warning: Recursive lwmutex(sq=66)
[W : PPU[1] Thread (CPUThread)[0x015db118]]: sys_lwcond warning: *** lwcond created [] (lwmutex_addr=0x38105120): id = 67
[W : PPU[1] Thread (CPUThread)[0x015db058]]: sys_lwmutex warning: *** lwmutex created [] (attribute=0x12): sq_id = 68
[W : PPU[1] Thread (CPUThread)[0x015db118]]: sys_lwcond warning: Recursive lwmutex(sq=68)
[W : PPU[1] Thread (CPUThread)[0x015db118]]: sys_lwcond warning: *** lwcond created [] (lwmutex_addr=0x38105170): id = 69
[W : PPU[1] Thread (CPUThread)[0x015db058]]: sys_lwmutex warning: *** lwmutex created [] (attribute=0x12): sq_id = 70
[W : PPU[1] Thread (CPUThread)[0x015db118]]: sys_lwcond warning: Recursive lwmutex(sq=70)
[W : PPU[1] Thread (CPUThread)[0x015db118]]: sys_lwcond warning: *** lwcond created [] (lwmutex_addr=0x381051c0): id = 71
[W : PPU[1] Thread (CPUThread)[0x015db058]]: sys_lwmutex warning: *** lwmutex created [] (attribute=0x12): sq_id = 72
[W : PPU[1] Thread (CPUThread)[0x015db118]]: sys_lwcond warning: Recursive lwmutex(sq=72)
[W : PPU[1] Thread (CPUThread)[0x015db118]]: sys_lwcond warning: *** lwcond created [] (lwmutex_addr=0x38105210): id = 73
[W : PPU[1] Thread (CPUThread)[0x015db058]]: sys_lwmutex warning: *** lwmutex created [] (attribute=0x12): sq_id = 74
[W : PPU[1] Thread (CPUThread)[0x015db118]]: sys_lwcond warning: Recursive lwmutex(sq=74)
[W : PPU[1] Thread (CPUThread)[0x015db118]]: sys_lwcond warning: *** lwcond created [] (lwmutex_addr=0x38105260): id = 75
[W : PPU[1] Thread (CPUThread)[0x015db058]]: sys_lwmutex warning: *** lwmutex created [] (attribute=0x12): sq_id = 76
[W : PPU[1] Thread (CPUThread)[0x015db118]]: sys_lwcond warning: Recursive lwmutex(sq=76)
[W : PPU[1] Thread (CPUThread)[0x015db118]]: sys_lwcond warning: *** lwcond created [] (lwmutex_addr=0x381052b0): id = 77
[W : PPU[1] Thread (CPUThread)[0x015db058]]: sys_lwmutex warning: *** lwmutex created [] (attribute=0x12): sq_id = 78
[W : PPU[1] Thread (CPUThread)[0x015db118]]: sys_lwcond warning: Recursive lwmutex(sq=78)
[W : PPU[1] Thread (CPUThread)[0x015db118]]: sys_lwcond warning: *** lwcond created [] (lwmutex_addr=0x38105300): id = 79
[W : PPU[1] Thread (CPUThread)[0x015db058]]: sys_lwmutex warning: *** lwmutex created [] (attribute=0x12): sq_id = 80
[W : PPU[1] Thread (CPUThread)[0x015db118]]: sys_lwcond warning: Recursive lwmutex(sq=80)
[W : PPU[1] Thread (CPUThread)[0x015db118]]: sys_lwcond warning: *** lwcond created [] (lwmutex_addr=0x38105350): id = 81
[W : PPU[1] Thread (CPUThread)[0x015db058]]: sys_lwmutex warning: *** lwmutex created [] (attribute=0x12): sq_id = 82
[W : PPU[1] Thread (CPUThread)[0x015db118]]: sys_lwcond warning: Recursive lwmutex(sq=82)
[W : PPU[1] Thread (CPUThread)[0x015db118]]: sys_lwcond warning: *** lwcond created [] (lwmutex_addr=0x381053a0): id = 83
[W : PPU[1] Thread (CPUThread)[0x015db058]]: sys_lwmutex warning: *** lwmutex created [] (attribute=0x12): sq_id = 84
[W : PPU[1] Thread (CPUThread)[0x015db118]]: sys_lwcond warning: Recursive lwmutex(sq=84)
[W : PPU[1] Thread (CPUThread)[0x015db118]]: sys_lwcond warning: *** lwcond created [] (lwmutex_addr=0x381053f0): id = 85
[W : PPU[1] Thread (CPUThread)[0x015db058]]: sys_lwmutex warning: *** lwmutex created [] (attribute=0x12): sq_id = 86
[W : PPU[1] Thread (CPUThread)[0x015db118]]: sys_lwcond warning: Recursive lwmutex(sq=86)
[W : PPU[1] Thread (CPUThread)[0x015db118]]: sys_lwcond warning: *** lwcond created [] (lwmutex_addr=0x38105440): id = 87
[W : PPU[1] Thread (CPUThread)[0x015db058]]: sys_lwmutex warning: *** lwmutex created [] (attribute=0x12): sq_id = 88
[W : PPU[1] Thread (CPUThread)[0x015db118]]: sys_lwcond warning: Recursive lwmutex(sq=88)
[W : PPU[1] Thread (CPUThread)[0x015db118]]: sys_lwcond warning: *** lwcond created [] (lwmutex_addr=0x38105490): id = 89
[W : PPU[1] Thread (CPUThread)[0x015db058]]: sys_lwmutex warning: *** lwmutex created [] (attribute=0x12): sq_id = 90
[W : PPU[1] Thread (CPUThread)[0x015db118]]: sys_lwcond warning: Recursive lwmutex(sq=90)
[W : PPU[1] Thread (CPUThread)[0x015db118]]: sys_lwcond warning: *** lwcond created [] (lwmutex_addr=0x381054e0): id = 91
[W : PPU[1] Thread (CPUThread)[0x015db058]]: sys_lwmutex warning: *** lwmutex created [] (attribute=0x12): sq_id = 92
[W : PPU[1] Thread (CPUThread)[0x015db118]]: sys_lwcond warning: Recursive lwmutex(sq=92)
[W : PPU[1] Thread (CPUThread)[0x015db118]]: sys_lwcond warning: *** lwcond created [] (lwmutex_addr=0x38105530): id = 93
[W : PPU[1] Thread (CPUThread)[0x015db058]]: sys_lwmutex warning: *** lwmutex created [] (attribute=0x12): sq_id = 94
[W : PPU[1] Thread (CPUThread)[0x015db118]]: sys_lwcond warning: Recursive lwmutex(sq=94)
[W : PPU[1] Thread (CPUThread)[0x015db118]]: sys_lwcond warning: *** lwcond created [] (lwmutex_addr=0x38105580): id = 95
[W : PPU[1] Thread (CPUThread)[0x015db058]]: sys_lwmutex warning: *** lwmutex created [] (attribute=0x12): sq_id = 96
[W : PPU[1] Thread (CPUThread)[0x015db118]]: sys_lwcond warning: Recursive lwmutex(sq=96)
[W : PPU[1] Thread (CPUThread)[0x015db118]]: sys_lwcond warning: *** lwcond created [] (lwmutex_addr=0x381055d0): id = 97
[W : PPU[1] Thread (CPUThread)[0x015db058]]: sys_lwmutex warning: *** lwmutex created [] (attribute=0x12): sq_id = 98
[W : PPU[1] Thread (CPUThread)[0x015db118]]: sys_lwcond warning: Recursive lwmutex(sq=98)
[W : PPU[1] Thread (CPUThread)[0x015db118]]: sys_lwcond warning: *** lwcond created [] (lwmutex_addr=0x38105620): id = 99
[W : PPU[1] Thread (CPUThread)[0x015db058]]: sys_lwmutex warning: *** lwmutex created [] (attribute=0x12): sq_id = 100
[W : PPU[1] Thread (CPUThread)[0x015db118]]: sys_lwcond warning: Recursive lwmutex(sq=100)
[W : PPU[1] Thread (CPUThread)[0x015db118]]: sys_lwcond warning: *** lwcond created [] (lwmutex_addr=0x38105670): id = 101
[W : PPU[1] Thread (CPUThread)[0x015db058]]: sys_lwmutex warning: *** lwmutex created [] (attribute=0x12): sq_id = 102
[W : PPU[1] Thread (CPUThread)[0x015db118]]: sys_lwcond warning: Recursive lwmutex(sq=102)
[W : PPU[1] Thread (CPUThread)[0x015db118]]: sys_lwcond warning: *** lwcond created [] (lwmutex_addr=0x381056c0): id = 103
[W : PPU[1] Thread (CPUThread)[0x015db058]]: sys_lwmutex warning: *** lwmutex created [] (attribute=0x12): sq_id = 104
[W : PPU[1] Thread (CPUThread)[0x015db118]]: sys_lwcond warning: Recursive lwmutex(sq=104)
[W : PPU[1] Thread (CPUThread)[0x015db118]]: sys_lwcond warning: *** lwcond created [] (lwmutex_addr=0x38105710): id = 105
[W : PPU[1] Thread (CPUThread)[0x015db058]]: sys_lwmutex warning: *** lwmutex created [] (attribute=0x12): sq_id = 106
[W : PPU[1] Thread (CPUThread)[0x015db118]]: sys_lwcond warning: Recursive lwmutex(sq=106)
[W : PPU[1] Thread (CPUThread)[0x015db118]]: sys_lwcond warning: *** lwcond created [] (lwmutex_addr=0x38105760): id = 107
[W : PPU[1] Thread (CPUThread)[0x015db058]]: sys_lwmutex warning: *** lwmutex created [] (attribute=0x12): sq_id = 108
[W : PPU[1] Thread (CPUThread)[0x015db118]]: sys_lwcond warning: Recursive lwmutex(sq=108)
[W : PPU[1] Thread (CPUThread)[0x015db118]]: sys_lwcond warning: *** lwcond created [] (lwmutex_addr=0x381057b0): id = 109
[W : PPU[1] Thread (CPUThread)[0x015db058]]: sys_lwmutex warning: *** lwmutex created [] (attribute=0x12): sq_id = 110
[W : PPU[1] Thread (CPUThread)[0x015db118]]: sys_lwcond warning: Recursive lwmutex(sq=110)
[W : PPU[1] Thread (CPUThread)[0x015db118]]: sys_lwcond warning: *** lwcond created [] (lwmutex_addr=0x38105800): id = 111
[W : PPU[1] Thread (CPUThread)[0x015db058]]: sys_lwmutex warning: *** lwmutex created [] (attribute=0x12): sq_id = 112
[W : PPU[1] Thread (CPUThread)[0x015db118]]: sys_lwcond warning: Recursive lwmutex(sq=112)
[W : PPU[1] Thread (CPUThread)[0x015db118]]: sys_lwcond warning: *** lwcond created [] (lwmutex_addr=0x38105850): id = 113
[W : PPU[1] Thread (CPUThread)[0x015db058]]: sys_lwmutex warning: *** lwmutex created [] (attribute=0x12): sq_id = 114
[W : PPU[1] Thread (CPUThread)[0x015db118]]: sys_lwcond warning: Recursive lwmutex(sq=114)
[W : PPU[1] Thread (CPUThread)[0x015db118]]: sys_lwcond warning: *** lwcond created [] (lwmutex_addr=0x381058a0): id = 115
[W : PPU[1] Thread (CPUThread)[0x015db058]]: sys_lwmutex warning: *** lwmutex created [] (attribute=0x12): sq_id = 116
[W : PPU[1] Thread (CPUThread)[0x015db118]]: sys_lwcond warning: Recursive lwmutex(sq=116)
[W : PPU[1] Thread (CPUThread)[0x015db118]]: sys_lwcond warning: *** lwcond created [] (lwmutex_addr=0x381058f0): id = 117
[W : PPU[1] Thread (CPUThread)[0x015db058]]: sys_lwmutex warning: *** lwmutex created [] (attribute=0x12): sq_id = 118
[W : PPU[1] Thread (CPUThread)[0x015db118]]: sys_lwcond warning: Recursive lwmutex(sq=118)
[W : PPU[1] Thread (CPUThread)[0x015db118]]: sys_lwcond warning: *** lwcond created [] (lwmutex_addr=0x38105940): id = 119
[W : PPU[1] Thread (CPUThread)[0x015db058]]: sys_lwmutex warning: *** lwmutex created [] (attribute=0x12): sq_id = 120
[W : PPU[1] Thread (CPUThread)[0x015db118]]: sys_lwcond warning: Recursive lwmutex(sq=120)
[W : PPU[1] Thread (CPUThread)[0x015db118]]: sys_lwcond warning: *** lwcond created [] (lwmutex_addr=0x38105990): id = 121
[W : PPU[1] Thread (CPUThread)[0x015db058]]: sys_lwmutex warning: *** lwmutex created [] (attribute=0x12): sq_id = 122
[W : PPU[1] Thread (CPUThread)[0x015db118]]: sys_lwcond warning: Recursive lwmutex(sq=122)
[W : PPU[1] Thread (CPUThread)[0x015db118]]: sys_lwcond warning: *** lwcond created [] (lwmutex_addr=0x381059e0): id = 123
[W : PPU[1] Thread (CPUThread)[0x015db058]]: sys_lwmutex warning: *** lwmutex created [] (attribute=0x12): sq_id = 124
[W : PPU[1] Thread (CPUThread)[0x015db118]]: sys_lwcond warning: Recursive lwmutex(sq=124)
[W : PPU[1] Thread (CPUThread)[0x015db118]]: sys_lwcond warning: *** lwcond created [] (lwmutex_addr=0x38105a30): id = 125
[W : PPU[1] Thread (CPUThread)[0x015db058]]: sys_lwmutex warning: *** lwmutex created [] (attribute=0x12): sq_id = 126
[W : PPU[1] Thread (CPUThread)[0x015db118]]: sys_lwcond warning: Recursive lwmutex(sq=126)
[W : PPU[1] Thread (CPUThread)[0x015db118]]: sys_lwcond warning: *** lwcond created [] (lwmutex_addr=0x38105a80): id = 127
[W : PPU[1] Thread (CPUThread)[0x015db058]]: sys_lwmutex warning: *** lwmutex created [] (attribute=0x12): sq_id = 128
[W : PPU[1] Thread (CPUThread)[0x015db118]]: sys_lwcond warning: Recursive lwmutex(sq=128)
[W : PPU[1] Thread (CPUThread)[0x015db118]]: sys_lwcond warning: *** lwcond created [] (lwmutex_addr=0x38105ad0): id = 129
[W : PPU[1] Thread (CPUThread)[0x015db058]]: sys_lwmutex warning: *** lwmutex created [] (attribute=0x12): sq_id = 130
[W : PPU[1] Thread (CPUThread)[0x015db118]]: sys_lwcond warning: Recursive lwmutex(sq=130)
[W : PPU[1] Thread (CPUThread)[0x015db118]]: sys_lwcond warning: *** lwcond created [] (lwmutex_addr=0x38105b20): id = 131
[W : PPU[1] Thread (CPUThread)[0x015db058]]: sys_lwmutex warning: *** lwmutex created [] (attribute=0x12): sq_id = 132
[W : PPU[1] Thread (CPUThread)[0x015db118]]: sys_lwcond warning: Recursive lwmutex(sq=132)
[W : PPU[1] Thread (CPUThread)[0x015db118]]: sys_lwcond warning: *** lwcond created [] (lwmutex_addr=0x38105b70): id = 133
[W : PPU[1] Thread (CPUThread)[0x015db058]]: sys_lwmutex warning: *** lwmutex created [] (attribute=0x12): sq_id = 134
[W : PPU[1] Thread (CPUThread)[0x015db118]]: sys_lwcond warning: Recursive lwmutex(sq=134)
[W : PPU[1] Thread (CPUThread)[0x015db118]]: sys_lwcond warning: *** lwcond created [] (lwmutex_addr=0x38105bc0): id = 135
[W : PPU[1] Thread (CPUThread)[0x015db058]]: sys_lwmutex warning: *** lwmutex created [] (attribute=0x12): sq_id = 136
[W : PPU[1] Thread (CPUThread)[0x015db118]]: sys_lwcond warning: Recursive lwmutex(sq=136)
[W : PPU[1] Thread (CPUThread)[0x015db118]]: sys_lwcond warning: *** lwcond created [] (lwmutex_addr=0x38105c10): id = 137
[W : PPU[1] Thread (CPUThread)[0x015db058]]: sys_lwmutex warning: *** lwmutex created [] (attribute=0x12): sq_id = 138
[W : PPU[1] Thread (CPUThread)[0x015db118]]: sys_lwcond warning: Recursive lwmutex(sq=138)
[W : PPU[1] Thread (CPUThread)[0x015db118]]: sys_lwcond warning: *** lwcond created [] (lwmutex_addr=0x38105c60): id = 139
[W : PPU[1] Thread (CPUThread)[0x015db058]]: sys_lwmutex warning: *** lwmutex created [] (attribute=0x12): sq_id = 140
[W : PPU[1] Thread (CPUThread)[0x015db118]]: sys_lwcond warning: Recursive lwmutex(sq=140)
[W : PPU[1] Thread (CPUThread)[0x015db118]]: sys_lwcond warning: *** lwcond created [] (lwmutex_addr=0x38105cb0): id = 141
[W : PPU[1] Thread (CPUThread)[0x015db058]]: sys_lwmutex warning: *** lwmutex created [] (attribute=0x12): sq_id = 142
[W : PPU[1] Thread (CPUThread)[0x015db118]]: sys_lwcond warning: Recursive lwmutex(sq=142)
[W : PPU[1] Thread (CPUThread)[0x015db118]]: sys_lwcond warning: *** lwcond created [] (lwmutex_addr=0x38105d00): id = 143
[W : PPU[1] Thread (CPUThread)[0x015db058]]: sys_lwmutex warning: *** lwmutex created [] (attribute=0x12): sq_id = 144
[W : PPU[1] Thread (CPUThread)[0x015db118]]: sys_lwcond warning: Recursive lwmutex(sq=144)
[W : PPU[1] Thread (CPUThread)[0x015db118]]: sys_lwcond warning: *** lwcond created [] (lwmutex_addr=0x38105d50): id = 145
[W : PPU[1] Thread (CPUThread)[0x015db058]]: sys_lwmutex warning: *** lwmutex created [] (attribute=0x12): sq_id = 146
[W : PPU[1] Thread (CPUThread)[0x015db118]]: sys_lwcond warning: Recursive lwmutex(sq=146)
[W : PPU[1] Thread (CPUThread)[0x015db118]]: sys_lwcond warning: *** lwcond created [] (lwmutex_addr=0x38105da0): id = 147
[W : PPU[1] Thread (CPUThread)[0x015db058]]: sys_lwmutex warning: *** lwmutex created [] (attribute=0x12): sq_id = 148
[W : PPU[1] Thread (CPUThread)[0x015db118]]: sys_lwcond warning: Recursive lwmutex(sq=148)
[W : PPU[1] Thread (CPUThread)[0x015db118]]: sys_lwcond warning: *** lwcond created [] (lwmutex_addr=0x38105df0): id = 149
[W : PPU[1] Thread (CPUThread)[0x015db058]]: sys_lwmutex warning: *** lwmutex created [] (attribute=0x12): sq_id = 150
[W : PPU[1] Thread (CPUThread)[0x015db118]]: sys_lwcond warning: Recursive lwmutex(sq=150)
[W : PPU[1] Thread (CPUThread)[0x015db118]]: sys_lwcond warning: *** lwcond created [] (lwmutex_addr=0x38105e40): id = 151
[W : PPU[1] Thread (CPUThread)[0x015db058]]: sys_lwmutex warning: *** lwmutex created [] (attribute=0x12): sq_id = 152
[W : PPU[1] Thread (CPUThread)[0x015db118]]: sys_lwcond warning: Recursive lwmutex(sq=152)
[W : PPU[1] Thread (CPUThread)[0x015db118]]: sys_lwcond warning: *** lwcond created [] (lwmutex_addr=0x38105e90): id = 153
[W : PPU[1] Thread (CPUThread)[0x015db058]]: sys_lwmutex warning: *** lwmutex created [] (attribute=0x12): sq_id = 154
[W : PPU[1] Thread (CPUThread)[0x015db118]]: sys_lwcond warning: Recursive lwmutex(sq=154)
[W : PPU[1] Thread (CPUThread)[0x015db118]]: sys_lwcond warning: *** lwcond created [] (lwmutex_addr=0x38105ee0): id = 155
[W : PPU[1] Thread (CPUThread)[0x015db058]]: sys_lwmutex warning: *** lwmutex created [] (attribute=0x12): sq_id = 156
[W : PPU[1] Thread (CPUThread)[0x015db118]]: sys_lwcond warning: Recursive lwmutex(sq=156)
[W : PPU[1] Thread (CPUThread)[0x015db118]]: sys_lwcond warning: *** lwcond created [] (lwmutex_addr=0x38105f30): id = 157
[W : PPU[1] Thread (CPUThread)[0x015db058]]: sys_lwmutex warning: *** lwmutex created [] (attribute=0x12): sq_id = 158
[W : PPU[1] Thread (CPUThread)[0x015db118]]: sys_lwcond warning: Recursive lwmutex(sq=158)
[W : PPU[1] Thread (CPUThread)[0x015db118]]: sys_lwcond warning: *** lwcond created [] (lwmutex_addr=0x38105f80): id = 159
[W : PPU[1] Thread (CPUThread)[0x015db058]]: sys_lwmutex warning: *** lwmutex created [] (attribute=0x12): sq_id = 160
[W : PPU[1] Thread (CPUThread)[0x015db118]]: sys_lwcond warning: Recursive lwmutex(sq=160)
[W : PPU[1] Thread (CPUThread)[0x015db118]]: sys_lwcond warning: *** lwcond created [] (lwmutex_addr=0x38105fd0): id = 161
[W : PPU[1] Thread (CPUThread)[0x015db058]]: sys_lwmutex warning: *** lwmutex created [] (attribute=0x12): sq_id = 162
[W : PPU[1] Thread (CPUThread)[0x015db118]]: sys_lwcond warning: Recursive lwmutex(sq=162)
[W : PPU[1] Thread (CPUThread)[0x015db118]]: sys_lwcond warning: *** lwcond created [] (lwmutex_addr=0x38106020): id = 163
[W : PPU[1] Thread (CPUThread)[0x015db058]]: sys_lwmutex warning: *** lwmutex created [] (attribute=0x12): sq_id = 164
[W : PPU[1] Thread (CPUThread)[0x015db118]]: sys_lwcond warning: Recursive lwmutex(sq=164)
[W : PPU[1] Thread (CPUThread)[0x015db118]]: sys_lwcond warning: *** lwcond created [] (lwmutex_addr=0x38106070): id = 165
[W : PPU[1] Thread (CPUThread)[0x015db058]]: sys_lwmutex warning: *** lwmutex created [] (attribute=0x12): sq_id = 166
[W : PPU[1] Thread (CPUThread)[0x015db118]]: sys_lwcond warning: Recursive lwmutex(sq=166)
[W : PPU[1] Thread (CPUThread)[0x015db118]]: sys_lwcond warning: *** lwcond created [] (lwmutex_addr=0x381060c0): id = 167
[W : PPU[1] Thread (CPUThread)[0x015db058]]: sys_lwmutex warning: *** lwmutex created [] (attribute=0x12): sq_id = 168
[W : PPU[1] Thread (CPUThread)[0x015db118]]: sys_lwcond warning: Recursive lwmutex(sq=168)
[W : PPU[1] Thread (CPUThread)[0x015db118]]: sys_lwcond warning: *** lwcond created [] (lwmutex_addr=0x38106110): id = 169
[W : PPU[1] Thread (CPUThread)[0x015db058]]: sys_lwmutex warning: *** lwmutex created [] (attribute=0x12): sq_id = 170
[W : PPU[1] Thread (CPUThread)[0x015db118]]: sys_lwcond warning: Recursive lwmutex(sq=170)
[W : PPU[1] Thread (CPUThread)[0x015db118]]: sys_lwcond warning: *** lwcond created [] (lwmutex_addr=0x38106160): id = 171
[W : PPU[1] Thread (CPUThread)[0x015db058]]: sys_lwmutex warning: *** lwmutex created [] (attribute=0x12): sq_id = 172
[W : PPU[1] Thread (CPUThread)[0x015db118]]: sys_lwcond warning: Recursive lwmutex(sq=172)
[W : PPU[1] Thread (CPUThread)[0x015db118]]: sys_lwcond warning: *** lwcond created [] (lwmutex_addr=0x381061b0): id = 173
[W : PPU[1] Thread (CPUThread)[0x015db058]]: sys_lwmutex warning: *** lwmutex created [] (attribute=0x12): sq_id = 174
[W : PPU[1] Thread (CPUThread)[0x015db118]]: sys_lwcond warning: Recursive lwmutex(sq=174)
[W : PPU[1] Thread (CPUThread)[0x015db118]]: sys_lwcond warning: *** lwcond created [] (lwmutex_addr=0x38106200): id = 175
[W : PPU[1] Thread (CPUThread)[0x015db058]]: sys_lwmutex warning: *** lwmutex created [] (attribute=0x12): sq_id = 176
[W : PPU[1] Thread (CPUThread)[0x015db118]]: sys_lwcond warning: Recursive lwmutex(sq=176)
[W : PPU[1] Thread (CPUThread)[0x015db118]]: sys_lwcond warning: *** lwcond created [] (lwmutex_addr=0x38106250): id = 177
[W : PPU[1] Thread (CPUThread)[0x015db058]]: sys_lwmutex warning: *** lwmutex created [] (attribute=0x12): sq_id = 178
[W : PPU[1] Thread (CPUThread)[0x015db118]]: sys_lwcond warning: Recursive lwmutex(sq=178)
[W : PPU[1] Thread (CPUThread)[0x015db118]]: sys_lwcond warning: *** lwcond created [] (lwmutex_addr=0x381062a0): id = 179
[W : PPU[1] Thread (CPUThread)[0x015db058]]: sys_lwmutex warning: *** lwmutex created [] (attribute=0x12): sq_id = 180
[W : PPU[1] Thread (CPUThread)[0x015db118]]: sys_lwcond warning: Recursive lwmutex(sq=180)
[W : PPU[1] Thread (CPUThread)[0x015db118]]: sys_lwcond warning: *** lwcond created [] (lwmutex_addr=0x381062f0): id = 181
[W : PPU[1] Thread (CPUThread)[0x015db058]]: sys_lwmutex warning: *** lwmutex created [] (attribute=0x12): sq_id = 182
[W : PPU[1] Thread (CPUThread)[0x015db118]]: sys_lwcond warning: Recursive lwmutex(sq=182)
[W : PPU[1] Thread (CPUThread)[0x015db118]]: sys_lwcond warning: *** lwcond created [] (lwmutex_addr=0x38106340): id = 183
[W : PPU[1] Thread (CPUThread)[0x015db058]]: sys_lwmutex warning: *** lwmutex created [] (attribute=0x12): sq_id = 184
[W : PPU[1] Thread (CPUThread)[0x015db118]]: sys_lwcond warning: Recursive lwmutex(sq=184)
[W : PPU[1] Thread (CPUThread)[0x015db118]]: sys_lwcond warning: *** lwcond created [] (lwmutex_addr=0x38106390): id = 185
[W : PPU[1] Thread (CPUThread)[0x015db058]]: sys_lwmutex warning: *** lwmutex created [] (attribute=0x12): sq_id = 186
[W : PPU[1] Thread (CPUThread)[0x015db118]]: sys_lwcond warning: Recursive lwmutex(sq=186)
[W : PPU[1] Thread (CPUThread)[0x015db118]]: sys_lwcond warning: *** lwcond created [] (lwmutex_addr=0x381063e0): id = 187
[W : PPU[1] Thread (CPUThread)[0x015db058]]: sys_lwmutex warning: *** lwmutex created [] (attribute=0x12): sq_id = 188
[W : PPU[1] Thread (CPUThread)[0x015db118]]: sys_lwcond warning: Recursive lwmutex(sq=188)
[W : PPU[1] Thread (CPUThread)[0x015db118]]: sys_lwcond warning: *** lwcond created [] (lwmutex_addr=0x38106430): id = 189
[W : PPU[1] Thread (CPUThread)[0x015db058]]: sys_lwmutex warning: *** lwmutex created [] (attribute=0x12): sq_id = 190
[W : PPU[1] Thread (CPUThread)[0x015db118]]: sys_lwcond warning: Recursive lwmutex(sq=190)
[W : PPU[1] Thread (CPUThread)[0x015db118]]: sys_lwcond warning: *** lwcond created [] (lwmutex_addr=0x38106480): id = 191
[W : PPU[1] Thread (CPUThread)[0x015db058]]: sys_lwmutex warning: *** lwmutex created [] (attribute=0x12): sq_id = 192
[W : PPU[1] Thread (CPUThread)[0x015db118]]: sys_lwcond warning: Recursive lwmutex(sq=192)
[W : PPU[1] Thread (CPUThread)[0x015db118]]: sys_lwcond warning: *** lwcond created [] (lwmutex_addr=0x381064d0): id = 193
[W : PPU[1] Thread (CPUThread)[0x015db058]]: sys_lwmutex warning: *** lwmutex created [] (attribute=0x12): sq_id = 194
[W : PPU[1] Thread (CPUThread)[0x015db118]]: sys_lwcond warning: Recursive lwmutex(sq=194)
[W : PPU[1] Thread (CPUThread)[0x015db118]]: sys_lwcond warning: *** lwcond created [] (lwmutex_addr=0x38106520): id = 195
[W : PPU[1] Thread (CPUThread)[0x015db058]]: sys_lwmutex warning: *** lwmutex created [] (attribute=0x12): sq_id = 196
[W : PPU[1] Thread (CPUThread)[0x015db118]]: sys_lwcond warning: Recursive lwmutex(sq=196)
[W : PPU[1] Thread (CPUThread)[0x015db118]]: sys_lwcond warning: *** lwcond created [] (lwmutex_addr=0x38106570): id = 197
[W : PPU[1] Thread (CPUThread)[0x015db058]]: sys_lwmutex warning: *** lwmutex created [] (attribute=0x12): sq_id = 198
[W : PPU[1] Thread (CPUThread)[0x015db118]]: sys_lwcond warning: Recursive lwmutex(sq=198)
[W : PPU[1] Thread (CPUThread)[0x015db118]]: sys_lwcond warning: *** lwcond created [] (lwmutex_addr=0x381065c0): id = 199
[W : PPU[1] Thread (CPUThread)[0x015db058]]: sys_lwmutex warning: *** lwmutex created [] (attribute=0x12): sq_id = 200
[W : PPU[1] Thread (CPUThread)[0x015db118]]: sys_lwcond warning: Recursive lwmutex(sq=200)
[W : PPU[1] Thread (CPUThread)[0x015db118]]: sys_lwcond warning: *** lwcond created [] (lwmutex_addr=0x38106610): id = 201
[W : PPU[1] Thread (CPUThread)[0x015db058]]: sys_lwmutex warning: *** lwmutex created [] (attribute=0x12): sq_id = 202
[W : PPU[1] Thread (CPUThread)[0x015db118]]: sys_lwcond warning: Recursive lwmutex(sq=202)
[W : PPU[1] Thread (CPUThread)[0x015db118]]: sys_lwcond warning: *** lwcond created [] (lwmutex_addr=0x38106660): id = 203
[W : PPU[1] Thread (CPUThread)[0x015db058]]: sys_lwmutex warning: *** lwmutex created [] (attribute=0x12): sq_id = 204
[W : PPU[1] Thread (CPUThread)[0x015db118]]: sys_lwcond warning: Recursive lwmutex(sq=204)
[W : PPU[1] Thread (CPUThread)[0x015db118]]: sys_lwcond warning: *** lwcond created [] (lwmutex_addr=0x381066b0): id = 205
[W : PPU[1] Thread (CPUThread)[0x015db058]]: sys_lwmutex warning: *** lwmutex created [] (attribute=0x12): sq_id = 206
[W : PPU[1] Thread (CPUThread)[0x015db118]]: sys_lwcond warning: Recursive lwmutex(sq=206)
[W : PPU[1] Thread (CPUThread)[0x015db118]]: sys_lwcond warning: *** lwcond created [] (lwmutex_addr=0x38106700): id = 207
[W : PPU[1] Thread (CPUThread)[0x015db058]]: sys_lwmutex warning: *** lwmutex created [] (attribute=0x12): sq_id = 208
[W : PPU[1] Thread (CPUThread)[0x015db118]]: sys_lwcond warning: Recursive lwmutex(sq=208)
[W : PPU[1] Thread (CPUThread)[0x015db118]]: sys_lwcond warning: *** lwcond created [] (lwmutex_addr=0x38106750): id = 209
[W : PPU[1] Thread (CPUThread)[0x015db058]]: sys_lwmutex warning: *** lwmutex created [] (attribute=0x12): sq_id = 210
[W : PPU[1] Thread (CPUThread)[0x015db118]]: sys_lwcond warning: Recursive lwmutex(sq=210)
[W : PPU[1] Thread (CPUThread)[0x015db118]]: sys_lwcond warning: *** lwcond created [] (lwmutex_addr=0x381067a0): id = 211
[W : PPU[1] Thread (CPUThread)[0x015db058]]: sys_lwmutex warning: *** lwmutex created [] (attribute=0x12): sq_id = 212
[W : PPU[1] Thread (CPUThread)[0x015db118]]: sys_lwcond warning: Recursive lwmutex(sq=212)
[W : PPU[1] Thread (CPUThread)[0x015db118]]: sys_lwcond warning: *** lwcond created [] (lwmutex_addr=0x381067f0): id = 213
[W : PPU[1] Thread (CPUThread)[0x015db058]]: sys_lwmutex warning: *** lwmutex created [] (attribute=0x12): sq_id = 214
[W : PPU[1] Thread (CPUThread)[0x015db118]]: sys_lwcond warning: Recursive lwmutex(sq=214)
[W : PPU[1] Thread (CPUThread)[0x015db118]]: sys_lwcond warning: *** lwcond created [] (lwmutex_addr=0x38106840): id = 215
[W : PPU[1] Thread (CPUThread)[0x015db058]]: sys_lwmutex warning: *** lwmutex created [] (attribute=0x12): sq_id = 216
[W : PPU[1] Thread (CPUThread)[0x015db118]]: sys_lwcond warning: Recursive lwmutex(sq=216)
[W : PPU[1] Thread (CPUThread)[0x015db118]]: sys_lwcond warning: *** lwcond created [] (lwmutex_addr=0x38106890): id = 217
[W : PPU[1] Thread (CPUThread)[0x015db058]]: sys_lwmutex warning: *** lwmutex created [] (attribute=0x12): sq_id = 218
[W : PPU[1] Thread (CPUThread)[0x015db118]]: sys_lwcond warning: Recursive lwmutex(sq=218)
[W : PPU[1] Thread (CPUThread)[0x015db118]]: sys_lwcond warning: *** lwcond created [] (lwmutex_addr=0x381068e0): id = 219
[W : PPU[1] Thread (CPUThread)[0x015db058]]: sys_lwmutex warning: *** lwmutex created [] (attribute=0x12): sq_id = 220
[W : PPU[1] Thread (CPUThread)[0x015db118]]: sys_lwcond warning: Recursive lwmutex(sq=220)
[W : PPU[1] Thread (CPUThread)[0x015db118]]: sys_lwcond warning: *** lwcond created [] (lwmutex_addr=0x38106930): id = 221
[W : PPU[1] Thread (CPUThread)[0x015db058]]: sys_lwmutex warning: *** lwmutex created [] (attribute=0x12): sq_id = 222
[W : PPU[1] Thread (CPUThread)[0x015db118]]: sys_lwcond warning: Recursive lwmutex(sq=222)
[W : PPU[1] Thread (CPUThread)[0x015db118]]: sys_lwcond warning: *** lwcond created [] (lwmutex_addr=0x38106980): id = 223
[W : PPU[1] Thread (CPUThread)[0x015db058]]: sys_lwmutex warning: *** lwmutex created [] (attribute=0x12): sq_id = 224
[W : PPU[1] Thread (CPUThread)[0x015db118]]: sys_lwcond warning: Recursive lwmutex(sq=224)
[W : PPU[1] Thread (CPUThread)[0x015db118]]: sys_lwcond warning: *** lwcond created [] (lwmutex_addr=0x381069d0): id = 225
[W : PPU[1] Thread (CPUThread)[0x015db058]]: sys_lwmutex warning: *** lwmutex created [] (attribute=0x12): sq_id = 226
[W : PPU[1] Thread (CPUThread)[0x015db118]]: sys_lwcond warning: Recursive lwmutex(sq=226)
[W : PPU[1] Thread (CPUThread)[0x015db118]]: sys_lwcond warning: *** lwcond created [] (lwmutex_addr=0x38106a20): id = 227
[W : PPU[1] Thread (CPUThread)[0x015db058]]: sys_lwmutex warning: *** lwmutex created [] (attribute=0x12): sq_id = 228
[W : PPU[1] Thread (CPUThread)[0x015db118]]: sys_lwcond warning: Recursive lwmutex(sq=228)
[W : PPU[1] Thread (CPUThread)[0x015db118]]: sys_lwcond warning: *** lwcond created [] (lwmutex_addr=0x38106a70): id = 229
[W : PPU[1] Thread (CPUThread)[0x015db058]]: sys_lwmutex warning: *** lwmutex created [] (attribute=0x12): sq_id = 230
[W : PPU[1] Thread (CPUThread)[0x015db118]]: sys_lwcond warning: Recursive lwmutex(sq=230)
[W : PPU[1] Thread (CPUThread)[0x015db118]]: sys_lwcond warning: *** lwcond created [] (lwmutex_addr=0x38106ac0): id = 231
[W : PPU[1] Thread (CPUThread)[0x015db058]]: sys_lwmutex warning: *** lwmutex created [] (attribute=0x12): sq_id = 232
[W : PPU[1] Thread (CPUThread)[0x015db118]]: sys_lwcond warning: Recursive lwmutex(sq=232)
[W : PPU[1] Thread (CPUThread)[0x015db118]]: sys_lwcond warning: *** lwcond created [] (lwmutex_addr=0x38106b10): id = 233
[W : PPU[1] Thread (CPUThread)[0x015db058]]: sys_lwmutex warning: *** lwmutex created [] (attribute=0x12): sq_id = 234
[W : PPU[1] Thread (CPUThread)[0x015db118]]: sys_lwcond warning: Recursive lwmutex(sq=234)
[W : PPU[1] Thread (CPUThread)[0x015db118]]: sys_lwcond warning: *** lwcond created [] (lwmutex_addr=0x38106b60): id = 235
[W : PPU[1] Thread (CPUThread)[0x015db058]]: sys_lwmutex warning: *** lwmutex created [] (attribute=0x12): sq_id = 236
[W : PPU[1] Thread (CPUThread)[0x015db118]]: sys_lwcond warning: Recursive lwmutex(sq=236)
[W : PPU[1] Thread (CPUThread)[0x015db118]]: sys_lwcond warning: *** lwcond created [] (lwmutex_addr=0x38106bb0): id = 237
[W : PPU[1] Thread (CPUThread)[0x015db058]]: sys_lwmutex warning: *** lwmutex created [] (attribute=0x12): sq_id = 238
[W : PPU[1] Thread (CPUThread)[0x015db118]]: sys_lwcond warning: Recursive lwmutex(sq=238)
[W : PPU[1] Thread (CPUThread)[0x015db118]]: sys_lwcond warning: *** lwcond created [] (lwmutex_addr=0x38106c00): id = 239
[W : PPU[1] Thread (CPUThread)[0x015db058]]: sys_lwmutex warning: *** lwmutex created [] (attribute=0x12): sq_id = 240
[W : PPU[1] Thread (CPUThread)[0x015db118]]: sys_lwcond warning: Recursive lwmutex(sq=240)
[W : PPU[1] Thread (CPUThread)[0x015db118]]: sys_lwcond warning: *** lwcond created [] (lwmutex_addr=0x38106c50): id = 241
[W : PPU[1] Thread (CPUThread)[0x015db058]]: sys_lwmutex warning: *** lwmutex created [] (attribute=0x12): sq_id = 242
[W : PPU[1] Thread (CPUThread)[0x015db118]]: sys_lwcond warning: Recursive lwmutex(sq=242)
[W : PPU[1] Thread (CPUThread)[0x015db118]]: sys_lwcond warning: *** lwcond created [] (lwmutex_addr=0x38106ca0): id = 243
[W : PPU[1] Thread (CPUThread)[0x015db058]]: sys_lwmutex warning: *** lwmutex created [] (attribute=0x12): sq_id = 244
[W : PPU[1] Thread (CPUThread)[0x015db118]]: sys_lwcond warning: Recursive lwmutex(sq=244)
[W : PPU[1] Thread (CPUThread)[0x015db118]]: sys_lwcond warning: *** lwcond created [] (lwmutex_addr=0x38106cf0): id = 245
[W : PPU[1] Thread (CPUThread)[0x015db058]]: sys_lwmutex warning: *** lwmutex created [] (attribute=0x12): sq_id = 246
[W : PPU[1] Thread (CPUThread)[0x015db118]]: sys_lwcond warning: Recursive lwmutex(sq=246)
[W : PPU[1] Thread (CPUThread)[0x015db118]]: sys_lwcond warning: *** lwcond created [] (lwmutex_addr=0x38106d40): id = 247
[W : PPU[1] Thread (CPUThread)[0x015db058]]: sys_lwmutex warning: *** lwmutex created [] (attribute=0x12): sq_id = 248
[W : PPU[1] Thread (CPUThread)[0x015db118]]: sys_lwcond warning: Recursive lwmutex(sq=248)
[W : PPU[1] Thread (CPUThread)[0x015db118]]: sys_lwcond warning: *** lwcond created [] (lwmutex_addr=0x38106d90): id = 249
[W : PPU[1] Thread (CPUThread)[0x015db058]]: sys_lwmutex warning: *** lwmutex created [] (attribute=0x12): sq_id = 250
[W : PPU[1] Thread (CPUThread)[0x015db118]]: sys_lwcond warning: Recursive lwmutex(sq=250)
[W : PPU[1] Thread (CPUThread)[0x015db118]]: sys_lwcond warning: *** lwcond created [] (lwmutex_addr=0x38106de0): id = 251
[W : PPU[1] Thread (CPUThread)[0x015db058]]: sys_lwmutex warning: *** lwmutex created [] (attribute=0x12): sq_id = 252
[W : PPU[1] Thread (CPUThread)[0x015db118]]: sys_lwcond warning: Recursive lwmutex(sq=252)
[W : PPU[1] Thread (CPUThread)[0x015db118]]: sys_lwcond warning: *** lwcond created [] (lwmutex_addr=0x38106e30): id = 253
[W : PPU[1] Thread (CPUThread)[0x015db058]]: sys_lwmutex warning: *** lwmutex created [] (attribute=0x12): sq_id = 254
[W : PPU[1] Thread (CPUThread)[0x015db118]]: sys_lwcond warning: Recursive lwmutex(sq=254)
[W : PPU[1] Thread (CPUThread)[0x015db118]]: sys_lwcond warning: *** lwcond created [] (lwmutex_addr=0x38106e80): id = 255
[W : PPU[1] Thread (CPUThread)[0x015db058]]: sys_lwmutex warning: *** lwmutex created [] (attribute=0x12): sq_id = 256
[W : PPU[1] Thread (CPUThread)[0x015db118]]: sys_lwcond warning: Recursive lwmutex(sq=256)
[W : PPU[1] Thread (CPUThread)[0x015db118]]: sys_lwcond warning: *** lwcond created [] (lwmutex_addr=0x38106ed0): id = 257
[W : PPU[1] Thread (CPUThread)[0x015db058]]: sys_lwmutex warning: *** lwmutex created [] (attribute=0x12): sq_id = 258
[W : PPU[1] Thread (CPUThread)[0x015db118]]: sys_lwcond warning: Recursive lwmutex(sq=258)
[W : PPU[1] Thread (CPUThread)[0x015db118]]: sys_lwcond warning: *** lwcond created [] (lwmutex_addr=0x38106f20): id = 259
[W : PPU[1] Thread (CPUThread)[0x015db058]]: sys_lwmutex warning: *** lwmutex created [] (attribute=0x12): sq_id = 260
[W : PPU[1] Thread (CPUThread)[0x015db118]]: sys_lwcond warning: Recursive lwmutex(sq=260)
[W : PPU[1] Thread (CPUThread)[0x015db118]]: sys_lwcond warning: *** lwcond created [] (lwmutex_addr=0x38106f70): id = 261
[W : PPU[1] Thread (CPUThread)[0x015db058]]: sys_lwmutex warning: *** lwmutex created [] (attribute=0x12): sq_id = 262
[W : PPU[1] Thread (CPUThread)[0x015db118]]: sys_lwcond warning: Recursive lwmutex(sq=262)
[W : PPU[1] Thread (CPUThread)[0x015db118]]: sys_lwcond warning: *** lwcond created [] (lwmutex_addr=0x38106fc0): id = 263
[W : PPU[1] Thread (CPUThread)[0x015db058]]: sys_lwmutex warning: *** lwmutex created [] (attribute=0x12): sq_id = 264
[W : PPU[1] Thread (CPUThread)[0x015db118]]: sys_lwcond warning: Recursive lwmutex(sq=264)
[W : PPU[1] Thread (CPUThread)[0x015db118]]: sys_lwcond warning: *** lwcond created [] (lwmutex_addr=0x38107010): id = 265
[W : PPU[1] Thread (CPUThread)[0x015db058]]: sys_lwmutex warning: *** lwmutex created [] (attribute=0x12): sq_id = 266
[W : PPU[1] Thread (CPUThread)[0x015db118]]: sys_lwcond warning: Recursive lwmutex(sq=266)
[W : PPU[1] Thread (CPUThread)[0x015db118]]: sys_lwcond warning: *** lwcond created [] (lwmutex_addr=0x38107060): id = 267
[W : PPU[1] Thread (CPUThread)[0x015db058]]: sys_lwmutex warning: *** lwmutex created [] (attribute=0x12): sq_id = 268
[W : PPU[1] Thread (CPUThread)[0x015db118]]: sys_lwcond warning: Recursive lwmutex(sq=268)
[W : PPU[1] Thread (CPUThread)[0x015db118]]: sys_lwcond warning: *** lwcond created [] (lwmutex_addr=0x381070b0): id = 269
[W : PPU[1] Thread (CPUThread)[0x015db058]]: sys_lwmutex warning: *** lwmutex created [] (attribute=0x12): sq_id = 270
[W : PPU[1] Thread (CPUThread)[0x015db118]]: sys_lwcond warning: Recursive lwmutex(sq=270)
[W : PPU[1] Thread (CPUThread)[0x015db118]]: sys_lwcond warning: *** lwcond created [] (lwmutex_addr=0x38107100): id = 271
[W : PPU[1] Thread (CPUThread)[0x015db058]]: sys_lwmutex warning: *** lwmutex created [] (attribute=0x12): sq_id = 272
[W : PPU[1] Thread (CPUThread)[0x015db118]]: sys_lwcond warning: Recursive lwmutex(sq=272)
[W : PPU[1] Thread (CPUThread)[0x015db118]]: sys_lwcond warning: *** lwcond created [] (lwmutex_addr=0x38107150): id = 273
[E : PPU[1] Thread (CPUThread)[0x011ef01c]]: TODO: cellFiberPpuSelf
[E : PPU[1] Thread (CPUThread)[0x011ef01c]]: TODO: cellFiberPpuSelf
[E : PPU[1] Thread (CPUThread)[0x011ef01c]]: TODO: cellFiberPpuSelf
[W : PPU[1] Thread (CPUThread)[0x00da1838]]: sys_semaphore warning: sys_semaphore_create(sem_addr=0x37d020e0, attr_addr=0xd0010690, initial_count=0, max_count=2147483647)
[W : PPU[1] Thread (CPUThread)[0x015db058]]: sys_lwmutex warning: *** lwmutex created [] (attribute=0x12): sq_id = 275
[E : PPU[1] Thread (CPUThread)[0x011ef01c]]: TODO: cellFiberPpuSelf
[! : PPU[1] Thread (CPUThread)[0x015db028]]: *** New PPU Thread [pxd::async_file_access(0)] (): id = 276
[E : PPU[1] Thread (CPUThread)[0x011ef01c]]: TODO: cellFiberPpuSelf
[W : PPU[1] Thread (CPUThread)[0x00da1838]]: sys_semaphore warning: sys_semaphore_create(sem_addr=0x37d020f0, attr_addr=0xd0010690, initial_count=0, max_count=2147483647)
[W : PPU[1] Thread (CPUThread)[0x015db058]]: sys_lwmutex warning: *** lwmutex created [] (attribute=0x12): sq_id = 278
[E : PPU[1] Thread (CPUThread)[0x011ef01c]]: TODO: cellFiberPpuSelf
[! : PPU[1] Thread (CPUThread)[0x015db028]]: *** New PPU Thread [pxd::async_file_access(1)] (): id = 279
[W : PPU[1] Thread (CPUThread)[0x015db058]]: sys_lwmutex warning: *** lwmutex created [] (attribute=0x12): sq_id = 280
[W : PPU[1] Thread (CPUThread)[0x015db058]]: sys_lwmutex warning: *** lwmutex created [] (attribute=0x12): sq_id = 281
[W : PPU[1] Thread (CPUThread)[0x015c1010]]: cellSysmodule warning: cellSysmoduleLoadModule(CELL_SYSMODULE_FS)
[W : PPU[1] Thread (CPUThread)[0x015c1010]]: cellSysmodule warning: cellSysmoduleLoadModule(CELL_SYSMODULE_SYSUTIL_GAME)
[W : PPU[1] Thread (CPUThread)[0x015bf088]]: cellSysutil warning: cellSysutilGetSystemParamInt: CELL_SYSUTIL_SYSTEMPARAM_ID_ENTER_BUTTON_ASSIGN
[W : PPU[1] Thread (CPUThread)[0x00da1838]]: sys_semaphore warning: sys_semaphore_create(sem_addr=0x37d04a60, attr_addr=0xd0010940, initial_count=0, max_count=2147483647)
[W : PPU[1] Thread (CPUThread)[0x00da1838]]: sys_semaphore warning: sys_semaphore_create(sem_addr=0x37d04a70, attr_addr=0xd0010940, initial_count=0, max_count=2147483647)
[E : PPU[1] Thread (CPUThread)[0x011ef01c]]: TODO: cellFiberPpuSelf
[! : PPU[1] Thread (CPUThread)[0x015db028]]: *** New PPU Thread [mt_task_thread] (): id = 284
[W : PPU[1] Thread (CPUThread)[0x015bf0dc]]: cellSysutil warning: cellSysutilRegisterCallback(slot=0, func_addr=0x1209758, userdata=0x0)
[E : PPU[1] Thread (CPUThread)[0x011ef01c]]: TODO: cellFiberPpuSelf
[W : PPU[1] Thread (CPUThread)[0x015db058]]: sys_lwmutex warning: *** lwmutex created [] (attribute=0x12): sq_id = 285
[E : PPU[1] Thread (CPUThread)[0x011ef01c]]: TODO: cellFiberPpuSelf
[E : PPU[1] Thread (CPUThread)[0x011ef01c]]: TODO: cellFiberPpuSelf
[E : PPU[1] Thread (CPUThread)[0x011ef01c]]: TODO: cellFiberPpuSelf
[E : PPU[1] Thread (CPUThread)[0x011ef01c]]: TODO: cellFiberPpuSelf
[W : PPU[1] Thread (CPUThread)[0x015c1010]]: cellSysmodule warning: cellSysmoduleLoadModule(CELL_SYSMODULE_SPURS_JQ)
[E : PPU[1] Thread (CPUThread)[0x015c5034]]: TODO: cellSpursJobQueueAttributeInitialize
[E : PPU[1] Thread (CPUThread)[0x015c5094]]: TODO: cellSpursJobQueueAttributeSetGrabParameters
[E : PPU[1] Thread (CPUThread)[0x015c5010]]: TODO: cellSpursJobQueueAttributeSetSubmitWithEntryLock
[E : PPU[1] Thread (CPUThread)[0x015c5004]]: TODO: cellSpursJobQueueAttributeSetDoBusyWaiting
[E : PPU[1] Thread (CPUThread)[0x015c50a0]]: TODO: _cellSpursCreateJobQueue
[E : PPU[1] Thread (CPUThread)[0x015c5040]]: TODO: cellSpursJobQueueSemaphoreInitialize
[E : PPU[1] Thread (CPUThread)[0x015c50ac]]: TODO: cellSpursJobQueueOpen
[E : PPU[1] Thread (CPUThread)[0x015c5040]]: TODO: cellSpursJobQueueSemaphoreInitialize
[E : PPU[1] Thread (CPUThread)[0x015c50ac]]: TODO: cellSpursJobQueueOpen
[E : PPU[1] Thread (CPUThread)[0x015c5040]]: TODO: cellSpursJobQueueSemaphoreInitialize
[E : PPU[1] Thread (CPUThread)[0x015c50ac]]: TODO: cellSpursJobQueueOpen
[E : PPU[1] Thread (CPUThread)[0x015c5040]]: TODO: cellSpursJobQueueSemaphoreInitialize
[E : PPU[1] Thread (CPUThread)[0x015c50ac]]: TODO: cellSpursJobQueueOpen
[E : PPU[1] Thread (CPUThread)[0x015c5040]]: TODO: cellSpursJobQueueSemaphoreInitialize
[E : PPU[1] Thread (CPUThread)[0x015c50ac]]: TODO: cellSpursJobQueueOpen
[E : PPU[1] Thread (CPUThread)[0x015c5040]]: TODO: cellSpursJobQueueSemaphoreInitialize
[E : PPU[1] Thread (CPUThread)[0x015c50ac]]: TODO: cellSpursJobQueueOpen
[E : PPU[1] Thread (CPUThread)[0x015c5040]]: TODO: cellSpursJobQueueSemaphoreInitialize
[E : PPU[1] Thread (CPUThread)[0x015c50ac]]: TODO: cellSpursJobQueueOpen
[E : PPU[1] Thread (CPUThread)[0x015c5040]]: TODO: cellSpursJobQueueSemaphoreInitialize
[E : PPU[1] Thread (CPUThread)[0x015c50ac]]: TODO: cellSpursJobQueueOpen
[E : PPU[1] Thread (CPUThread)[0x015c5040]]: TODO: cellSpursJobQueueSemaphoreInitialize
[E : PPU[1] Thread (CPUThread)[0x015c50ac]]: TODO: cellSpursJobQueueOpen
[E : PPU[1] Thread (CPUThread)[0x015c5040]]: TODO: cellSpursJobQueueSemaphoreInitialize
[E : PPU[1] Thread (CPUThread)[0x015c50ac]]: TODO: cellSpursJobQueueOpen
[E : PPU[1] Thread (CPUThread)[0x015c316c]]: TODO: _cellSpursTasksetAttribute2Initialize
[E : PPU[1] Thread (CPUThread)[0x015c307c]]: TODO: cellSpursCreateTaskset2
[E : PPU[1] Thread (CPUThread)[0x015c3190]]: TODO: cellSpursCreateTask2WithBinInfo
[W : PPU[1] Thread (CPUThread)[0x015db058]]: sys_lwmutex warning: *** lwmutex created [] (attribute=0x12): sq_id = 286
[W : PPU[1] Thread (CPUThread)[0x00da1838]]: sys_semaphore warning: sys_semaphore_create(sem_addr=0x3814c3d0, attr_addr=0xd00107f0, initial_count=0, max_count=2147483647)
[W : PPU[1] Thread (CPUThread)[0x00da1838]]: sys_semaphore warning: sys_semaphore_create(sem_addr=0x3814c3e0, attr_addr=0xd00107f0, initial_count=0, max_count=2147483647)
[E : PPU[1] Thread (CPUThread)[0x011ef01c]]: TODO: cellFiberPpuSelf
[! : PPU[1] Thread (CPUThread)[0x015db028]]: *** New PPU Thread [core::worker_thread(1)] (): id = 289
[E : PPU[1] Thread (CPUThread)[0x011ef040]]: TODO: _cellFiberPpuSchedulerAttributeInitialize
[E : PPU[1] Thread (CPUThread)[0x011ef064]]: TODO: cellFiberPpuInitializeScheduler
[W : PPU[1] Thread (CPUThread)[0x015db058]]: sys_lwmutex warning: *** lwmutex created [] (attribute=0x12): sq_id = 290
[E : PPU[1] Thread (CPUThread)[0x011ef01c]]: TODO: cellFiberPpuSelf
[E : PPU[1] Thread (CPUThread)[0x011ef01c]]: TODO: cellFiberPpuSelf
[E : PPU[1] Thread (CPUThread)[0x011ef01c]]: TODO: cellFiberPpuSelf
[E : PPU[1] Thread (CPUThread)[0x011ef01c]]: TODO: cellFiberPpuSelf
[E : PPU[1] Thread (CPUThread)[0x011ef01c]]: TODO: cellFiberPpuSelf
[E : PPU[1] Thread (CPUThread)[0x011ef01c]]: TODO: cellFiberPpuSelf
[E : PPU[1] Thread (CPUThread)[0x011ef01c]]: TODO: cellFiberPpuSelf
[E : PPU[1] Thread (CPUThread)[0x011ef01c]]: TODO: cellFiberPpuSelf
[W : PPU[1] Thread (CPUThread)[0x015db058]]: sys_lwmutex warning: *** lwmutex created [] (attribute=0x12): sq_id = 291
[W : PPU[1] Thread (CPUThread)[0x015bf0dc]]: cellSysutil warning: cellSysutilRegisterCallback(slot=0, func_addr=0x1220160, userdata=0x0)
[E : PPU[1] Thread (CPUThread)[0x011ef01c]]: TODO: cellFiberPpuSelf
[E : PPU[1] Thread (CPUThread)[0x011ef01c]]: TODO: cellFiberPpuSelf
[E : PPU[1] Thread (CPUThread)[0x011ef01c]]: TODO: cellFiberPpuSelf
[E : PPU[1] Thread (CPUThread)[0x011ef01c]]: TODO: cellFiberPpuSelf
[E : PPU[1] Thread (CPUThread)[0x011ef01c]]: TODO: cellFiberPpuSelf
[W : PPU[1] Thread (CPUThread)[0x015bf10c]]: cellSysutil warning: cellVideoOutGetDeviceInfo(videoOut=0, deviceIndex=0, info_addr=0xd0010230)
[W : PPU[1] Thread (CPUThread)[0x015c1010]]: cellSysmodule warning: cellSysmoduleLoadModule(CELL_SYSMODULE_GCM_SYS)
[W : PPU[1] Thread (CPUThread)[0x015c9100]]: cellGcmSys warning: cellGcmInitDefaultFifoMode(mode=0)
[W : PPU[1] Thread (CPUThread)[0x015c901c]]: cellGcmSys warning: cellGcmInit(context_addr=0x1544380,cmdSize=0x800000,ioSize=0x1b00000,ioAddress=0x38400000)
[W : PPU[1] Thread (CPUThread)[0x015c901c]]: cellGcmSys warning: *** local memory(addr=0xc0000000, size=0xf900000)
[W : PPU[1] Thread (CPUThread)[0x015c901c]]: cellGcmSys warning: cellGcmMapEaIoAddress(ea=0x38400000, io=0x0, size=0x1b00000)
[! : RSXThread]: RSX thread entry
[W : PPU[1] Thread (CPUThread)[0x015c9070]]: cellGcmSys warning: cellGcmGetDefaultCommandWordSize()
[W : PPU[1] Thread (CPUThread)[0x015c9070]]: cellGcmSys warning: cellGcmGetDefaultCommandWordSize()
[W : PPU[1] Thread (CPUThread)[0x015c9088]]: cellGcmSys warning: cellGcmGetDefaultSegmentWordSize()
[W : PPU[1] Thread (CPUThread)[0x015c9094]]: cellGcmSys warning: cellGcmSetDefaultFifoSize(bufferSize=0x400, segmentSize=0x100)
[W : PPU[1] Thread (CPUThread)[0x015c9094]]: cellGcmSys warning: cellGcmSetDefaultFifoSize(bufferSize=0x400, segmentSize=0x40000)
[W : PPU[1] Thread (CPUThread)[0x015bf10c]]: cellSysutil warning: cellVideoOutGetDeviceInfo(videoOut=0, deviceIndex=0, info_addr=0xd00103f8)
[W : PPU[1] Thread (CPUThread)[0x015c9004]]: cellGcmSys warning: cellGcmGetTiledPitchSize(size=2880)
[W : PPU[1] Thread (CPUThread)[0x015bf100]]: cellSysutil warning: cellVideoOutConfigure(videoOut=0, config_addr=0xd0010208, option_addr=0x0, waitForEvent=0x0)
[W : PPU[1] Thread (CPUThread)[0x015c9064]]: cellGcmSys warning: cellGcmSetFlipMode(mode=2)
[E : PPU[1] Thread (CPUThread)[0x015c9148]]: TODO: cellGcmSetVBlankFrequency
[W : PPU[1] Thread (CPUThread)[0x015c90f4]]: cellGcmSys warning: cellGcmSetTileInfo(index=0, location=0, offset=0, size=3014656, pitch=2880, comp=7, base=0, bank=0)
[E : PPU[1] Thread (CPUThread)[0x015c90f4]]: cellGcmSys error: cellGcmSetTileInfo: bad comp! (7)
[W : PPU[1] Thread (CPUThread)[0x015c9058]]: cellGcmSys warning: cellGcmBindTile(index=0)
[W : PPU[1] Thread (CPUThread)[0x015c90ac]]: cellGcmSys warning: cellGcmSetDisplayBuffer(id=0x0,offset=0x0,pitch=4,width=720,height=480)
[W : PPU[1] Thread (CPUThread)[0x015c90ac]]: cellGcmSys warning: cellGcmSetDisplayBuffer(id=0x1,offset=0x170000,pitch=4,width=720,height=480)
[W : RSXThread]: null cmd: addr=0x50000000, put=0x64120000, get=0x0
[W : RSXThread]: null cmd: addr=0x50000000, put=0x64120000, get=0x0
[W : RSXThread]: null cmd: addr=0x50000000, put=0x64120000, get=0x0
[W : RSXThread]: null cmd: addr=0x50000000, put=0x64120000, get=0x0
[W : RSXThread]: null cmd: addr=0x50000000, put=0x64120000, get=0x0
[W : RSXThread]: null cmd: addr=0x50000000, put=0x64120000, get=0x0
[W : RSXThread]: null cmd: addr=0x50000000, put=0x64120000, get=0x0
[W : RSXThread]: null cmd: addr=0x50000000, put=0x64120000, get=0x0
[W : RSXThread]: null cmd: addr=0x50000000, put=0x64120000, get=0x0
[W : RSXThread]: null cmd: addr=0x50000000, put=0x64120000, get=0x0
[W : RSXThread]: null cmd: addr=0x50000000, put=0x64120000, get=0x0
[W : RSXThread]: null cmd: addr=0x50000000, put=0x64120000, get=0x0
[W : RSXThread]: null cmd: addr=0x50000000, put=0x64120000, get=0x0
[W : RSXThread]: null cmd: addr=0x50000000, put=0x64120000, get=0x0
[W : RSXThread]: null cmd: addr=0x50000000, put=0x64120000, get=0x0
[W : RSXThread]: null cmd: addr=0x50000000, put=0x64120000, get=0x0
[W : RSXThread]: null cmd: addr=0x50000000, put=0x64120000, get=0x0
[W : RSXThread]: null cmd: addr=0x50000000, put=0x64120000, get=0x0
[W : RSXThread]: null cmd: addr=0x50000000, put=0x64120000, get=0x0
[W : RSXThread]: null cmd: addr=0x50000000, put=0x64120000, get=0x0
[W : RSXThread]: null cmd: addr=0x50000000, put=0x64120000, get=0x0
[W : RSXThread]: null cmd: addr=0x50000000, put=0x64120000, get=0x0
[W : RSXThread]: null cmd: addr=0x50000000, put=0x64120000, get=0x0
[W : RSXThread]: null cmd: addr=0x50000000, put=0x64120000, get=0x0
[W : RSXThread]: null cmd: addr=0x50000000, put=0x64120000, get=0x0
[W : RSXThread]: null cmd: addr=0x50000000, put=0x64120000, get=0x0
[W : RSXThread]: null cmd: addr=0x50000000, put=0x64120000, get=0x0
[W : RSXThread]: null cmd: addr=0x50000000, put=0x64120000, get=0x0
[W : RSXThread]: null cmd: addr=0x50000000, put=0x64120000, get=0x0
[W : RSXThread]: null cmd: addr=0x50000000, put=0x64120000, get=0x0
[W : RSXThread]: null cmd: addr=0x50000000, put=0x64120000, get=0x0
[W : RSXThread]: null cmd: addr=0x50000000, put=0x64120000, get=0x0
[W : RSXThread]: null cmd: addr=0x50000000, put=0x64120000, get=0x0
[W : RSXThread]: null cmd: addr=0x50000000, put=0x64120000, get=0x0
[W : RSXThread]: null cmd: addr=0x50000000, put=0x64120000, get=0x0
[W : RSXThread]: null cmd: addr=0x50000000, put=0x64120000, get=0x0
[W : RSXThread]: null cmd: addr=0x50000000, put=0x64120000, get=0x0
[W : RSXThread]: null cmd: addr=0x50000000, put=0x64120000, get=0x0
[W : RSXThread]: null cmd: addr=0x50000000, put=0x64120000, get=0x0
[W : RSXThread]: null cmd: addr=0x50000000, put=0x64120000, get=0x0
[W : RSXThread]: null cmd: addr=0x50000000, put=0x64120000, get=0x0
[W : RSXThread]: null cmd: addr=0x50000000, put=0x64120000, get=0x0
[W : RSXThread]: null cmd: addr=0x50000000, put=0x64120000, get=0x0
[W : RSXThread]: null cmd: addr=0x50000000, put=0x64120000, get=0x0
[W : RSXThread]: null cmd: addr=0x50000000, put=0x64120000, get=0x0
[W : RSXThread]: null cmd: addr=0x50000000, put=0x64120000, get=0x0
[W : RSXThread]: null cmd: addr=0x50000000, put=0x64120000, get=0x0
[W : RSXThread]: null cmd: addr=0x50000000, put=0x64120000, get=0x0
[W : RSXThread]: null cmd: addr=0x50000000, put=0x64120000, get=0x0
[W : RSXThread]: null cmd: addr=0x50000000, put=0x64120000, get=0x0
[W : RSXThread]: null cmd: addr=0x50000000, put=0x64120000, get=0x0
[W : RSXThread]: null cmd: addr=0x50000000, put=0x64120000, get=0x0
[W : RSXThread]: null cmd: addr=0x50000000, put=0x64120000, get=0x0
[W : RSXThread]: null cmd: addr=0x50000000, put=0x64120000, get=0x0
[W : RSXThread]: null cmd: addr=0x50000000, put=0x64120000, get=0x0
[W : RSXThread]: null cmd: addr=0x50000000, put=0x64120000, get=0x0
[W : RSXThread]: null cmd: addr=0x50000000, put=0x64120000, get=0x0
[W : RSXThread]: null cmd: addr=0x50000000, put=0x64120000, get=0x0
[W : RSXThread]: null cmd: addr=0x50000000, put=0x64120000, get=0x0
[W : RSXThread]: null cmd: addr=0x50000000, put=0x64120000, get=0x0
[W : RSXThread]: null cmd: addr=0x50000000, put=0x64120000, get=0x0
[W : RSXThread]: null cmd: addr=0x50000000, put=0x64120000, get=0x0
[W : RSXThread]: null cmd: addr=0x50000000, put=0x64120000, get=0x0
[! : RSXThread]: RSX thread exit...
[!]: Closing memory...
