[!]: path: /dev_hdd0/game/
[!]: Loading 'D:\Emulateurs\Rpcs3\dev_hdd0\game\BLJM60381-[To Heart 2 DX PLUS]/PS3_GAME/USRDIR/BOOT.BIN'...
[!]: Mount info:
[!]: /dev_hdd0/ -> D:\Emulateurs\Rpcs3\dev_hdd0\
[!]: /dev_hdd1/ -> D:\Emulateurs\Rpcs3\dev_hdd1\
[!]: /dev_flash/ -> D:\Emulateurs\Rpcs3\dev_flash\
[!]: /dev_usb000/ -> D:\Emulateurs\Rpcs3\dev_usb000\
[!]: /dev_usb/ -> D:\Emulateurs\Rpcs3\dev_usb000\
[!]: /app_home/ -> D:\Emulateurs\Rpcs3\dev_hdd0\game\BLJM60381-[To Heart 2 DX PLUS]/PS3_GAME/\USRDIR\
[!]: /dev_bdvd/ -> D:\Emulateurs\Rpcs3\dev_hdd0\game\BLJM60381-[To Heart 2 DX PLUS]/PS3_GAME/\..\
[!]: /host_root/ -> 
[!]: ///resource/ -> D:\Emulateurs\Rpcs3\dev_hdd0\game\BLJM60381-[To Heart 2 DX PLUS]/PS3_GAME/\USRDIR\resource\
[!]: /app_home/Game/PS3_GAME/USRDIR/ -> D:\Emulateurs\Rpcs3\dev_hdd0\game\BLJM60381-[To Heart 2 DX PLUS]/PS3_GAME/\USRDIR\
[!]: /app_home/PS3_GAME/USRDIR/media/ -> D:\Emulateurs\Rpcs3\dev_hdd0\game\BLJM60381-[To Heart 2 DX PLUS]/PS3_GAME/\USRDIR\media\
[!]: /Data/ -> D:\Emulateurs\Rpcs3\dev_hdd0\game\BLJM60381-[To Heart 2 DX PLUS]/PS3_GAME/\USRDIR\Data\
[!]: / -> D:\Emulateurs\Rpcs3\dev_hdd0\game\BLJM60381-[To Heart 2 DX PLUS]/PS3_GAME/\USRDIR\
[!]: /USRDIR/PS3_GAME/USRDIR/Data/ -> D:\Emulateurs\Rpcs3\dev_hdd0\game\BLJM60381-[To Heart 2 DX PLUS]/PS3_GAME/\USRDIR\Data\
[!]: /app_home//dev_bdvd/PS3_GAME/USRDIR/data/gos/ -> D:\Emulateurs\Rpcs3\dev_hdd0\game\BLJM60381-[To Heart 2 DX PLUS]/PS3_GAME/\USRDIR\
[!]: BD/ -> D:\Emulateurs\Rpcs3\dev_hdd0\game\BLJM60381-[To Heart 2 DX PLUS]/PS3_GAME/\USRDIR\
[!]: //dev_bdvd/PS3_GAME/USRDIR/ -> D:\Emulateurs\Rpcs3\dev_hdd0\game\BLJM60381-[To Heart 2 DX PLUS]/PS3_GAME/\USRDIR\
[!]: Initing memory...
[!]: Memory initialized.
[!]: Function 'cellAANAddData' hooked (addr=0xa9698)
[!]: Function 'cellSurMixerGetAANHandle' hooked (addr=0xa96f0)
[!]: Function 'cellSurMixerSetNotifyCallback' hooked (addr=0xa9728)
[!]: Function 'cellSurMixerRemoveNotifyCallback' hooked (addr=0xa97bc)
[!]: Function 'cellSurMixerChStripGetAANPortNo' hooked (addr=0xa9ff4)
[!]: Function 'cellSurMixerChStripSetParameter' hooked (addr=0xaa320)
[!]: Function 'cellSurMixerPause' hooked (addr=0xaa5d4)
[!]: Function 'cellSurMixerSetParameter' hooked (addr=0xaba4c)
[!]: Function 'cellSurMixerStart' hooked (addr=0xabb1c)
[!]: Function 'cellSurMixerFinalize' hooked (addr=0xabe24)
[!]: Function 'cellSurMixerCreate' hooked (addr=0xac4a4)
[E]: Function 'cellAANConnect' not found
[E]: Function 'cellAANDisconnect' not found
[E]: Function group [surmxAAN] failed: missing;
[E]: Function 'cellSurMixerSurBusAddData' not found
[E]: Function 'cellSurMixerGetCurrentBlockTag' not found
[E]: Function 'cellSurMixerGetTimestamp' not found
[E]: Function 'cellSurMixerBeep' not found
[E]: Function group [surmixer] failed: missing;
[W]: Unknown function 0x723bbc7e in 'cellGcmSys' module
[E]: TODO: cellGcmGetVBlankCount
[W]: Unknown function 0x21425307 in 'cellSysutil' module
[E]: TODO: cellSaveDataListAutoLoad
[W]: Unknown function 0x220894e3 in 'cellSysutil' module
[E]: TODO: cellSysutilEnableBgmPlayback
[W]: Unknown function 0x62b0f803 in 'cellSysutil' module
[E]: TODO: cellMsgDialogAbort
[W]: Unknown function 0x8b7ed64b in 'cellSysutil' module
[E]: TODO: cellSaveDataAutoSave2
[W]: Unknown function 0xcfdd8e87 in 'cellSysutil' module
[E]: TODO: cellSysutilDisableBgmPlayback
[W]: Unknown function 0xedadd797 in 'cellSysutil' module
[E]: TODO: cellSaveDataDelete2
[W]: Unknown function 0xfbd5c856 in 'cellSysutil' module
[E]: TODO: cellSaveDataAutoLoad2
[W]: Unknown function 0x33435818 in 'cellL10n' module
[E]: TODO: SJISstoUTF8s
[W]: Unknown function 0x011ee38b in 'cellSpurs' module
[E]: TODO: _cellSpursLFQueueInitialize
[W]: Unknown function 0x1656d49f in 'cellSpurs' module
[E]: TODO: cellSpursLFQueueAttachLv2EventQueue
[W]: Unknown function 0x1ebcf459 in 'cellSpurs' module
[E]: TODO: cellSpursDestroyTaskset2
[W]: Unknown function 0x303c19cd in 'cellSpurs' module
[E]: TODO: cellSpursCreateJobChainWithAttribute
[W]: Unknown function 0x3548f483 in 'cellSpurs' module
[E]: TODO: _cellSpursJobChainAttributeInitialize
[W]: Unknown function 0x4a6465e3 in 'cellSpurs' module
[E]: TODO: cellSpursCreateTaskset2
[W]: Unknown function 0x5ef96465 in 'cellSpurs' module
[E]: TODO: _cellSpursEventFlagInitialize
[W]: Unknown function 0x738e40e6 in 'cellSpurs' module
[E]: TODO: cellSpursShutdownJobChain
[W]: Unknown function 0x73e06f91 in 'cellSpurs' module
[E]: TODO: cellSpursLFQueueDetachLv2EventQueue
[W]: Unknown function 0x8a85674d in 'cellSpurs' module
[E]: TODO: _cellSpursLFQueuePushBody
[W]: Unknown function 0xa7c066de in 'cellSpurs' module
[E]: TODO: cellSpursJoinJobChain
[W]: Unknown function 0xbb68d76e in 'cellSpurs' module
[E]: TODO: cellSpursJobChainAttributeSetHaltOnError
[W]: Unknown function 0xc2acdf43 in 'cellSpurs' module
[E]: TODO: _cellSpursTasksetAttribute2Initialize
[W]: Unknown function 0xf31731bb in 'cellSpurs' module
[E]: TODO: cellSpursRunJobChain
[W]: Unknown function 0x8a561d92 in 'sysPrxForUser' module
[E]: TODO: _sys_heap_free
[W]: Unknown function 0xaede4b03 in 'sysPrxForUser' module
[E]: TODO: _sys_heap_delete_heap
[W]: Unknown function 0xdd3b27ac in 'sysPrxForUser' module
[E]: TODO: _sys_spu_printf_finalize
[W : PPU[1] Thread (CPUThread)[0x00a47034]]: sys_lwmutex warning: *** lwmutex created [_lc_mtx] (attribute=0x12): sq_id = 3
[W : PPU[1] Thread (CPUThread)[0x000dc9f8]]: memory warning: sys_memory_get_user_memory_size(mem_info_addr=0xd0010c04)
[W : PPU[1] Thread (CPUThread)[0x00a47034]]: sys_lwmutex warning: *** lwmutex created [_lc_mtx] (attribute=0x12): sq_id = 4
[W : PPU[1] Thread (CPUThread)[0x00a47034]]: sys_lwmutex warning: *** lwmutex created [_lc_mtx] (attribute=0x12): sq_id = 5
[W : PPU[1] Thread (CPUThread)[0x00a47034]]: sys_lwmutex warning: *** lwmutex created [_lc_mtx] (attribute=0x12): sq_id = 6
[W : PPU[1] Thread (CPUThread)[0x00a47034]]: sys_lwmutex warning: *** lwmutex created [_lc_mtx] (attribute=0x12): sq_id = 7
[W : PPU[1] Thread (CPUThread)[0x00a47034]]: sys_lwmutex warning: *** lwmutex created [_lc_mtx] (attribute=0x12): sq_id = 8
[W : PPU[1] Thread (CPUThread)[0x00a47034]]: sys_lwmutex warning: *** lwmutex created [_lc_mtx] (attribute=0x12): sq_id = 9
[W : PPU[1] Thread (CPUThread)[0x00a47034]]: sys_lwmutex warning: *** lwmutex created [_lc_mtx] (attribute=0x12): sq_id = 10
[W : PPU[1] Thread (CPUThread)[0x00a47034]]: sys_lwmutex warning: *** lwmutex created [_lc_mtx] (attribute=0x12): sq_id = 11
[W : PPU[1] Thread (CPUThread)[0x00a47034]]: sys_lwmutex warning: *** lwmutex created [_lc_mtx] (attribute=0x12): sq_id = 12
[W : PPU[1] Thread (CPUThread)[0x00a29088]]: cellSysutil warning: cellSysutilRegisterCallback(slot=0, func_addr=0x120568, userdata=0x0)
[W : PPU[1] Thread (CPUThread)[0x00a2b010]]: cellSysmodule warning: cellSysmoduleLoadModule(CELL_SYSMODULE_L10N)
[W : PPU[1] Thread (CPUThread)[0x00a2b010]]: cellSysmodule warning: cellSysmoduleLoadModule(CELL_SYSMODULE_RESC)
[W : PPU[1] Thread (CPUThread)[0x00a2b010]]: cellSysmodule warning: cellSysmoduleLoadModule(CELL_SYSMODULE_FS)
[W : PPU[1] Thread (CPUThread)[0x00a2b010]]: cellSysmodule warning: cellSysmoduleLoadModule(CELL_SYSMODULE_ATRAC3PLUS)
[W : PPU[1] Thread (CPUThread)[0x00a2b010]]: cellSysmodule warning: cellSysmoduleLoadModule(CELL_SYSMODULE_RTC)
[W : PPU[1] Thread (CPUThread)[0x00a2b010]]: cellSysmodule warning: cellSysmoduleLoadModule(CELL_SYSMODULE_SYSUTIL_GAME)
[W : PPU[1] Thread (CPUThread)[0x00a2b010]]: cellSysmodule warning: cellSysmoduleLoadModule(CELL_SYSMODULE_SYSUTIL_SAVEDATA)
[W : PPU[1] Thread (CPUThread)[0x00a47034]]: sys_lwmutex warning: *** lwmutex created [_lc_mtx] (attribute=0x12): sq_id = 13
[W : PPU[1] Thread (CPUThread)[0x00a47034]]: sys_lwmutex warning: *** lwmutex created [vpl] (attribute=0x21): sq_id = 14
[W : PPU[1] Thread (CPUThread)[0x00a2507c]]: sys_fs warning: cellFsAioInit(mount_point_addr=0xeace0 (/dev_bdvd/PS3_GAME/USRDIR))
[W : PPU[1] Thread (CPUThread)[0x00a47034]]: sys_lwmutex warning: *** lwmutex created [uty] (attribute=0x21): sq_id = 15
[W : PPU[1] Thread (CPUThread)[0x00a2707c]]: cellGcmSys warning: cellGcmInit(context_addr=0x995800,cmdSize=0x10000,ioSize=0x100000,ioAddress=0x30300000)
[W : PPU[1] Thread (CPUThread)[0x00a2707c]]: cellGcmSys warning: *** local memory(addr=0xc0000000, size=0xf900000)
[W : PPU[1] Thread (CPUThread)[0x00a2707c]]: cellGcmSys warning: cellGcmMapEaIoAddress(ea=0x30300000, io=0x0, size=0x100000)
[! : RSXThread]: RSX thread entry
[W : PPU[1] Thread (CPUThread)[0x00a47034]]: sys_lwmutex warning: *** lwmutex created [fpl] (attribute=0x21): sq_id = 16
[W : PPU[1] Thread (CPUThread)[0x00a47034]]: sys_lwmutex warning: *** lwmutex created [_lc_mtx] (attribute=0x12): sq_id = 17
[W : PPU[1] Thread (CPUThread)[0x00a47034]]: sys_lwmutex warning: *** lwmutex created [vpl] (attribute=0x21): sq_id = 18
[W : PPU[1] Thread (CPUThread)[0x00a47034]]: sys_lwmutex warning: *** lwmutex created [sndsys] (attribute=0x21): sq_id = 19
[W : PPU[1] Thread (CPUThread)[0x00a3d010]]: cellAudio warning: cellAudioInit()
[! : Audio Thread]: Audio started
[W : PPU[1] Thread (CPUThread)[0x00a29040]]: cellSysutil warning: cellAudioOutConfigure(audioOut=0, config_addr=0xd0010870, option_addr=0x0, (!)waitForEvent=0)
[W : PPU[1] Thread (CPUThread)[0x000ac4a8]]: libmixer warning: cellSurMixerCreate(config_addr=0xd0010890)
[W : PPU[1] Thread (CPUThread)[0x000ac4a8]]: libmixer warning: *** surMixer created (ch1=0, ch2=2, ch6=0, ch8=0)
[W : PPU[1] Thread (CPUThread)[0x000a96f4]]: libmixer warning: cellSurMixerGetAANHandle(handle_addr=0x30100f64) -> 0x11111111
[W : PPU[1] Thread (CPUThread)[0x000a9ff8]]: libmixer warning: cellSurMixerChStripGetAANPortNo(port_addr=0x30100f68, type=0x2, index=0x0) -> 0x20000
[W : PPU[1] Thread (CPUThread)[0x000a9ff8]]: libmixer warning: cellSurMixerChStripGetAANPortNo(port_addr=0x30100f6c, type=0x2, index=0x1) -> 0x20001
[W : PPU[1] Thread (CPUThread)[0x000a972c]]: libmixer warning: cellSurMixerSetNotifyCallback(func_addr=0x1209a0, arg=0x30100f40) (surMixerCb=0x0)
[E : PPU[1] Thread (CPUThread)[0x000aba50]]: libmixer error: cellSurMixerSetParameter(param=0x28, value=0.000000)
[W : PPU[1] Thread (CPUThread)[0x00a47034]]: sys_lwmutex warning: *** lwmutex created [ringbuf] (attribute=0x21): sq_id = 20
[W : PPU[1] Thread (CPUThread)[0x00a47034]]: sys_lwmutex warning: *** lwmutex created [ringbuf] (attribute=0x21): sq_id = 21
[W : PPU[1] Thread (CPUThread)[0x00a47034]]: sys_lwmutex warning: *** lwmutex created [synth2] (attribute=0x21): sq_id = 22
[W : PPU[1] Thread (CPUThread)[0x00a3d058]]: cellAudio warning: cellAudioPortOpen(audioParam_addr=0x301010c0, portNum_addr=0x30101100)
[W : PPU[1] Thread (CPUThread)[0x00a3d058]]: cellAudio warning: *** audio port opened(nChannel=8, nBlock=8, attr=0x0, level=1.000000): port = 0
[W : PPU[1] Thread (CPUThread)[0x00a3d034]]: cellAudio warning: cellAudioGetPortConfig(portNum=0x0, portConfig_addr=0x301010e0)
[E : PPU[1] Thread (CPUThread)[0x00a3d028]]: cellAudio error: cellAudioSetPortLevel(portNum=0x0, level=0.000000)
[W : PPU[1] Thread (CPUThread)[0x00a3d004]]: cellAudio warning: cellAudioCreateNotifyEventQueue(id_addr=0x3010110c, key_addr=0x30101110)
[W : PPU[1] Thread (CPUThread)[0x000b3a18]]: sys_mutex warning: *** mutex created [] (protocol=0x2, recursive=false): id = 24
[W : PPU[1] Thread (CPUThread)[0x000b3b8c]]: sys_spu warning: sys_spu_thread_group_create(id_addr=0xa1e590, num=1, prio=100, attr_addr=0xa1e684)
[W : PPU[1] Thread (CPUThread)[0x000b3b8c]]: sys_spu warning: *** SPU Thread Group created [_synth2 Group] (type=0x0, option.ct=0x0): id=25
[W : PPU[1] Thread (CPUThread)[0x00a47124]]: sysPrxForUser warning: sys_spu_image_import(img=0xa1e594, src=0x114400, type=0x1)
[W : PPU[1] Thread (CPUThread)[0x00a47124]]: LoadShdr32 error: shstrndx too big!
[W : PPU[1] Thread (CPUThread)[0x00a47124]]: desc = 'synth2.elf'
[W : PPU[1] Thread (CPUThread)[0x000b3c8c]]: sys_spu warning: sys_spu_thread_initialize(thread_addr=0xa1e58c, group=0x19, spu_num=0, img_addr=0xa1e594, attr_addr=0xa1e694, arg_addr=0xa1e6a0)
[W : PPU[1] Thread (CPUThread)[0x000b3c8c]]: sys_spu warning: *** New SPU Thread [_synth2 Thread] (img_offset=0xa4b000, ls_offset=0xa8b000, ep=0xf0, a1=0xa1e600, a2=0x0, a3=0x0, a4=0x0): id=26
[W : PPU[1] Thread (CPUThread)[0x000b415c]]: sys_event warning: sys_event_queue_create(equeue_id_addr=0x996f28, attr_addr=0x996f30, event_queue_key=0x0, size=32)
[W : PPU[1] Thread (CPUThread)[0x000b415c]]: sys_event warning: *** event_queue created [] (protocol=0x2, type=0x1): id = 27
[W : PPU[1] Thread (CPUThread)[0x000b4178]]: sys_spu warning: sys_spu_thread_connect_event(id=26, eq_id=27, event_type=0x1, spup=58)
[W : PPU[1] Thread (CPUThread)[0x000b4198]]: sys_event warning: sys_event_queue_create(equeue_id_addr=0x996f2c, attr_addr=0x996f30, event_queue_key=0x0, size=32)
[W : PPU[1] Thread (CPUThread)[0x000b4198]]: sys_event warning: *** event_queue created [] (protocol=0x2, type=0x2): id = 28
[W : PPU[1] Thread (CPUThread)[0x000b41b0]]: sys_event warning: sys_event_port_create(eport_id_addr=0x996f40, port_type=0x1, name=0x0)
[W : PPU[1] Thread (CPUThread)[0x000b41b0]]: sys_event warning: *** sys_event_port created: id = 29
[W : PPU[1] Thread (CPUThread)[0x000b41c0]]: sys_event warning: sys_event_port_connect_local(eport_id=29, equeue_id=28)
[W : PPU[1] Thread (CPUThread)[0x000b41d8]]: sys_spu warning: sys_spu_thread_bind_queue(id=26, equeue_id=28, spuq_num=0x1012000)
[W : PPU[1] Thread (CPUThread)[0x000b3cc0]]: sys_spu warning: sys_spu_thread_group_start(id=25)
[! : PPU[1] Thread (CPUThread)[0x00a4701c]]: *** New PPU Thread [synth2se] (): id = 30
[W : PPU[30] Thread (synth2se)[0x00a3d040]]: cellAudio warning: cellAudioPortStart(portNum=0x0)
[W : PPU[30] Thread (synth2se)[0x00a3d01c]]: cellAudio warning: cellAudioSetNotifyEventQueue(key=0x80004d494f323221)
[W : PPU[1] Thread (CPUThread)[0x00a47034]]: sys_lwmutex warning: *** lwmutex created [fpl] (attribute=0x21): sq_id = 31
[W : PPU[1] Thread (CPUThread)[0x00a47034]]: sys_lwmutex warning: *** lwmutex created [ringbf0] (attribute=0x21): sq_id = 32
[! : PPU[1] Thread (CPUThread)[0x00a4701c]]: *** New PPU Thread [atrac3-bgm] (): id = 33
[W : PPU[1] Thread (CPUThread)[0x00a47034]]: sys_lwmutex warning: *** lwmutex created [ringbf1] (attribute=0x21): sq_id = 34
[! : PPU[1] Thread (CPUThread)[0x00a4701c]]: *** New PPU Thread [atrac3-voice0] (): id = 35
[W : PPU[1] Thread (CPUThread)[0x000abb20]]: libmixer warning: cellSurMixerStart()
[W : PPU[1] Thread (CPUThread)[0x000abb20]]: libmixer warning: *** audio port opened(default)
[W : PPU[1] Thread (CPUThread)[0x00011e5c]]: sys_spu warning: sys_spu_initialize(max_usable_spu=6, max_raw_spu=0)
[W : PPU[1] Thread (CPUThread)[0x00a470b8]]: sysPrxForUser warning: sys_ppu_thread_once(once_ctrl_addr=0xa21e64, entry=0x121d90)
[W : PPU[37] Thread (CPUThread)[0x00a47034]]: sys_lwmutex warning: *** lwmutex created [_lc_spf] (attribute=0x22): sq_id = 38
[W : PPU[1] Thread (CPUThread)[0x00a310ac]]: cellSpurs warning: _cellSpursAttributeInitialize(attr_addr=0xd00109c8, nSpus=2, spuPriority=3342336, ppuPriority=5, exitIfNoWork=250)
[E : PPU[1] Thread (CPUThread)[0x00a31010]]: cellSpurs error: cellSpursAttributeEnableSpuPrintfIfAvailable(attr_addr=0xd00109c8)
[W : PPU[1] Thread (CPUThread)[0x00a310c4]]: cellSpurs warning: cellSpursInitializeWithAttribute(spurs_addr=0x659380, spurs_addr=0xd00109c8)
[E : PPU[1] Thread (CPUThread)[0x00a31070]]: TODO: _cellSpursEventFlagInitialize
[E : PPU[1] Thread (CPUThread)[0x00a31094]]: cellSpurs error: cellSpursEventFlagAttachLv2EventQueue(event_flag_addr=0x65a380)
[W : PPU[1] Thread (CPUThread)[0x00a27004]]: cellGcmSys warning: cellGcmGetTiledPitchSize(size=5120)
[W : PPU[1] Thread (CPUThread)[0x00a27004]]: cellGcmSys warning: cellGcmGetTiledPitchSize(size=5120)
[W : PPU[1] Thread (CPUThread)[0x00a27004]]: cellGcmSys warning: cellGcmGetTiledPitchSize(size=5120)
[W : PPU[1] Thread (CPUThread)[0x00a29058]]: cellSysutil warning: cellVideoOutGetNumberOfDevice(videoOut=0)
[W : PPU[1] Thread (CPUThread)[0x00a27004]]: cellGcmSys warning: cellGcmGetTiledPitchSize(size=10240)
[W : PPU[1] Thread (CPUThread)[0x00a29004]]: cellSysutil warning: cellVideoOutConfigure(videoOut=0, config_addr=0xd00109c0, option_addr=0x0, waitForEvent=0x0)
[W : PPU[1] Thread (CPUThread)[0x00a2d058]]: cellResc warning: cellRescInit(initConfig_addr=0xd00109f8)
[W : PPU[1] Thread (CPUThread)[0x00a27004]]: cellGcmSys warning: cellGcmGetTiledPitchSize(size=3072)
[W : PPU[1] Thread (CPUThread)[0x00a27004]]: cellGcmSys warning: cellGcmGetTiledPitchSize(size=3072)
[W : PPU[1] Thread (CPUThread)[0x00a27004]]: cellGcmSys warning: cellGcmGetTiledPitchSize(size=5120)
[W : PPU[1] Thread (CPUThread)[0x00a27004]]: cellGcmSys warning: cellGcmGetTiledPitchSize(size=7680)
[W : PPU[1] Thread (CPUThread)[0x00a2d034]]: cellResc warning: cellRescSetDisplayMode(displayMode=4)
[W : PPU[1] Thread (CPUThread)[0x00a2d034]]: cellSysutil warning: cellVideoOutConfigure(videoOut=0, config_addr=0x30017000, option_addr=0x0, waitForEvent=0x0)
[W : PPU[1] Thread (CPUThread)[0x00a2d034]]: cellGcmSys warning: cellGcmSetFlipMode(mode=2)
[W : PPU[1] Thread (CPUThread)[0x00a2d064]]: cellResc warning: cellRescGetBufferSize(colorBuffers_addr=0xd00109d4, vertexArray_addr=0xd00109d8, fragmentShader_addr=0xd00109dc)
[W : PPU[1] Thread (CPUThread)[0x00a2d07c]]: cellResc warning: cellRescSetBufferAddress(colorBuffers_addr=0xc1c10000, vertexArray_addr=0xc2c10000, fragmentShader_addr=0xc2c20200)
[W : PPU[1] Thread (CPUThread)[0x00a2d07c]]: cellGcmSys warning: cellGcmSetDisplayBuffer(id=0x0,offset=0x1c10000,pitch=4,width=1280,height=720)
[W : PPU[1] Thread (CPUThread)[0x00a2d07c]]: cellGcmSys warning: cellGcmSetDisplayBuffer(id=0x1,offset=0x1fd0000,pitch=4,width=1280,height=720)
[W : PPU[1] Thread (CPUThread)[0x00a2704c]]: cellGcmSys warning: cellGcmSetTileInfo(index=0, location=0, offset=29425664, size=16777216, pitch=5120, comp=0, base=0, bank=0)
[W : PPU[1] Thread (CPUThread)[0x00a2701c]]: cellGcmSys warning: cellGcmBindTile(index=0)
[W : PPU[1] Thread (CPUThread)[0x00a2d04c]]: cellResc warning: cellRescSetFlipHandler(handler_addr=0x1207f0)
[W : PPU[1] Thread (CPUThread)[0x00a2704c]]: cellGcmSys warning: cellGcmSetTileInfo(index=1, location=0, offset=16777216, size=3801088, pitch=5120, comp=0, base=0, bank=0)
[W : PPU[1] Thread (CPUThread)[0x00a2701c]]: cellGcmSys warning: cellGcmBindTile(index=1)
[W : PPU[1] Thread (CPUThread)[0x00a2704c]]: cellGcmSys warning: cellGcmSetTileInfo(index=2, location=0, offset=20578304, size=3801088, pitch=5120, comp=0, base=0, bank=3)
[W : PPU[1] Thread (CPUThread)[0x00a2701c]]: cellGcmSys warning: cellGcmBindTile(index=2)
[W : PPU[1] Thread (CPUThread)[0x00a27034]]: cellGcmSys warning: TODO: cellGcmBindZcull(index=0)
[W : PPU[1] Thread (CPUThread)[0x00a2704c]]: cellGcmSys warning: cellGcmSetTileInfo(index=3, location=0, offset=24444928, size=4915200, pitch=5120, comp=0, base=0, bank=0)
[W : PPU[1] Thread (CPUThread)[0x00a2701c]]: cellGcmSys warning: cellGcmBindTile(index=3)
[W : PPU[1] Thread (CPUThread)[0x00a47034]]: sys_lwmutex warning: *** lwmutex created [_lc_mtx] (attribute=0x12): sq_id = 39
[W : PPU[1] Thread (CPUThread)[0x00a47034]]: sys_lwmutex warning: *** lwmutex created [vpl] (attribute=0x21): sq_id = 40
[! : PPU[1] Thread (CPUThread)[0x00a4701c]]: *** New PPU Thread [installGameData] (): id = 41
[W : PPU[1] Thread (CPUThread)[0x00020398]]: sysPrxForUser warning: sys_ppu_thread_join(thread_id=41, vptr_addr=0xd0010b38)
[W : PPU[41] Thread (installGameData)[0x00a4504c]]: cellGame warning: cellGameBootCheck(type_addr=0xd0080db0, attributes_addr=0xd0080db4, size_addr=0xd0080db8, dirName_addr=0xd0080dd0)
[W : PPU[1] Thread (CPUThread)[0x00a43064]]: sceNpTrophy warning: sceNpTrophyCreateContext(context_addr=0x657e78, commID_addr=0x2613fc, commSign_addr=0x261408, options=0x0)
[! : PPU[1] Thread (CPUThread)[0x00a4701c]]: *** New PPU Thread [nld] (): id = 42
[W : PPU[42] Thread (nld)[0x00a2d070]]: cellGcmSys warning: cellGcmSetDisplayBuffer(id=0x0,offset=0x1000000,pitch=4,width=1280,height=720)
[W : PPU[1] Thread (CPUThread)[0x00a47034]]: sys_lwmutex warning: *** lwmutex created [fpl] (attribute=0x21): sq_id = 43
[W : PPU[1] Thread (CPUThread)[0x00a47034]]: sys_lwmutex warning: *** lwmutex created [fpl] (attribute=0x21): sq_id = 44
[W : PPU[1] Thread (CPUThread)[0x00a47034]]: sys_lwmutex warning: *** lwmutex created [fpl] (attribute=0x21): sq_id = 45
[W : PPU[1] Thread (CPUThread)[0x00a47034]]: sys_lwmutex warning: *** lwmutex created [dir] (attribute=0x21): sq_id = 46
[W : PPU[1] Thread (CPUThread)[0x00a25064]]: sys_fs warning: cellFsSdataOpen(path="/dev_bdvd/PS3_GAME/USRDIR/data.sdat", flags=0x0, fd_addr=0xd0010980, arg_addr=0x0, size=0x0)
[W : PPU[42] Thread (nld)[0x00a2d070]]: cellGcmSys warning: cellGcmSetDisplayBuffer(id=0x0,offset=0x1000000,pitch=4,width=1280,height=720)
[W : RSXThread]: FP not found in buffer!
[W : RSXThread]: VP not found in buffer!
[! : RSXThread]: Add program (0):
[! : RSXThread]: *** prog id = 3
[! : RSXThread]: *** vp id = 2
[! : RSXThread]: *** fp id = 1
[! : RSXThread]: *** vp data size = 96
[! : RSXThread]: *** fp data size = 80
[! : RSXThread]: *** vp shader = 
#version 330

uniform mat4 scaleOffsetMat = mat4(1.0);
layout (location = 3) in vec4 in_col0;
layout (location = 0) in vec4 in_pos;
layout (location = 8) in vec4 in_tc0;
out vec4 col0;
out vec4 tc0;
uniform vec4 vc257;
uniform vec4 vc256;
uniform vec4 vc258;
uniform vec4 vc259;
vec4 tmp0;

void func0();

void main()
{
	gl_Position = vec4(0.0f, 0.0f, 0.0f, 1.0f);
	func0();
	gl_Position = gl_Position * scaleOffsetMat;
}

void func0()
{
	col0 = in_col0;
	tmp0 = (in_pos.yyyy * vc257);
	tc0.xy = in_tc0.xyxx.xy;
	tmp0 = (in_pos.xxxx * vc256 + tmp0);
	tmp0 = (in_pos.zzzz * vc258 + tmp0);
	gl_Position = (vc259 + tmp0);
}

[! : RSXThread]: *** fp shader = 
#version 330

in vec4 tc0;
in vec4 col0;
uniform sampler2D tex0;
vec4 r0 = vec4(0.0, 0.0, 0.0, 0.0);
uniform vec4 fc64 = vec4(2.000000, 1.000000, 0.000000, 0.000000);
layout (location = 0) out vec4 ocol;

void main()
{
	r0 = texture(tex0, tc0.xy);
	r0 = (r0 * col0);
	r0 = (r0 * fc64.xxxy);
	ocol = r0;
}

[W : RSXThread]: New FBO (1280x720)
[W : PPU[42] Thread (nld)[0x00a2d070]]: cellGcmSys warning: cellGcmSetDisplayBuffer(id=0x0,offset=0x1000000,pitch=4,width=1280,height=720)
[W : PPU[42] Thread (nld)[0x00a2d070]]: cellGcmSys warning: cellGcmSetDisplayBuffer(id=0x0,offset=0x1000000,pitch=4,width=1280,height=720)
[W : PPU[42] Thread (nld)[0x00a2d070]]: cellGcmSys warning: cellGcmSetDisplayBuffer(id=0x0,offset=0x1000000,pitch=4,width=1280,height=720)
[W : PPU[42] Thread (nld)[0x00a2d070]]: cellGcmSys warning: cellGcmSetDisplayBuffer(id=0x0,offset=0x1000000,pitch=4,width=1280,height=720)
[W : PPU[42] Thread (nld)[0x00a2d070]]: cellGcmSys warning: cellGcmSetDisplayBuffer(id=0x0,offset=0x1000000,pitch=4,width=1280,height=720)
[W : PPU[42] Thread (nld)[0x00a2d070]]: cellGcmSys warning: cellGcmSetDisplayBuffer(id=0x0,offset=0x1000000,pitch=4,width=1280,height=720)
[W : PPU[42] Thread (nld)[0x00a2d070]]: cellGcmSys warning: cellGcmSetDisplayBuffer(id=0x0,offset=0x1000000,pitch=4,width=1280,height=720)
[W : PPU[42] Thread (nld)[0x00a2d070]]: cellGcmSys warning: cellGcmSetDisplayBuffer(id=0x0,offset=0x1000000,pitch=4,width=1280,height=720)
[W : PPU[42] Thread (nld)[0x00a2d070]]: cellGcmSys warning: cellGcmSetDisplayBuffer(id=0x0,offset=0x1000000,pitch=4,width=1280,height=720)
[W : PPU[42] Thread (nld)[0x00a2d070]]: cellGcmSys warning: cellGcmSetDisplayBuffer(id=0x0,offset=0x1000000,pitch=4,width=1280,height=720)
[W : PPU[42] Thread (nld)[0x00a2d070]]: cellGcmSys warning: cellGcmSetDisplayBuffer(id=0x0,offset=0x1000000,pitch=4,width=1280,height=720)
[W : PPU[42] Thread (nld)[0x00a2d070]]: cellGcmSys warning: cellGcmSetDisplayBuffer(id=0x0,offset=0x1000000,pitch=4,width=1280,height=720)
[W : PPU[42] Thread (nld)[0x00a2d070]]: cellGcmSys warning: cellGcmSetDisplayBuffer(id=0x0,offset=0x1000000,pitch=4,width=1280,height=720)
[W : PPU[42] Thread (nld)[0x00a2d070]]: cellGcmSys warning: cellGcmSetDisplayBuffer(id=0x0,offset=0x1000000,pitch=4,width=1280,height=720)
[W : PPU[1] Thread (CPUThread)[0x00a25064]]: sys_fs warning: cellFsSdataOpen(path="/dev_bdvd/PS3_GAME/USRDIR/data.sdat", flags=0x0, fd_addr=0xd0010980, arg_addr=0x0, size=0x0)
[W : PPU[42] Thread (nld)[0x00a2d070]]: cellGcmSys warning: cellGcmSetDisplayBuffer(id=0x0,offset=0x1000000,pitch=4,width=1280,height=720)
[W : PPU[42] Thread (nld)[0x00a2d070]]: cellGcmSys warning: cellGcmSetDisplayBuffer(id=0x0,offset=0x1000000,pitch=4,width=1280,height=720)
[W : PPU[42] Thread (nld)[0x00a2d070]]: cellGcmSys warning: cellGcmSetDisplayBuffer(id=0x0,offset=0x1000000,pitch=4,width=1280,height=720)
[W : PPU[42] Thread (nld)[0x00a2d070]]: cellGcmSys warning: cellGcmSetDisplayBuffer(id=0x0,offset=0x1000000,pitch=4,width=1280,height=720)
[W : PPU[42] Thread (nld)[0x00a2d070]]: cellGcmSys warning: cellGcmSetDisplayBuffer(id=0x0,offset=0x1000000,pitch=4,width=1280,height=720)
[W : PPU[42] Thread (nld)[0x00a2d070]]: cellGcmSys warning: cellGcmSetDisplayBuffer(id=0x0,offset=0x1000000,pitch=4,width=1280,height=720)
[W : PPU[42] Thread (nld)[0x00a2d070]]: cellGcmSys warning: cellGcmSetDisplayBuffer(id=0x0,offset=0x1000000,pitch=4,width=1280,height=720)
[W : PPU[42] Thread (nld)[0x00a2d070]]: cellGcmSys warning: cellGcmSetDisplayBuffer(id=0x0,offset=0x1000000,pitch=4,width=1280,height=720)
[W : PPU[42] Thread (nld)[0x00a2d070]]: cellGcmSys warning: cellGcmSetDisplayBuffer(id=0x0,offset=0x1000000,pitch=4,width=1280,height=720)
[W : PPU[42] Thread (nld)[0x00a2d070]]: cellGcmSys warning: cellGcmSetDisplayBuffer(id=0x0,offset=0x1000000,pitch=4,width=1280,height=720)
[W : PPU[42] Thread (nld)[0x00a2d070]]: cellGcmSys warning: cellGcmSetDisplayBuffer(id=0x0,offset=0x1000000,pitch=4,width=1280,height=720)
[W : PPU[42] Thread (nld)[0x00a2d070]]: cellGcmSys warning: cellGcmSetDisplayBuffer(id=0x0,offset=0x1000000,pitch=4,width=1280,height=720)
[W : PPU[42] Thread (nld)[0x00a2d070]]: cellGcmSys warning: cellGcmSetDisplayBuffer(id=0x0,offset=0x1000000,pitch=4,width=1280,height=720)
[W : PPU[42] Thread (nld)[0x00a2d070]]: cellGcmSys warning: cellGcmSetDisplayBuffer(id=0x0,offset=0x1000000,pitch=4,width=1280,height=720)
[W : PPU[1] Thread (CPUThread)[0x00a25064]]: sys_fs warning: cellFsSdataOpen(path="/dev_bdvd/PS3_GAME/USRDIR/data.sdat", flags=0x0, fd_addr=0xd0010980, arg_addr=0x0, size=0x0)
[W : PPU[42] Thread (nld)[0x00a2d070]]: cellGcmSys warning: cellGcmSetDisplayBuffer(id=0x0,offset=0x1000000,pitch=4,width=1280,height=720)
[W : PPU[42] Thread (nld)[0x00a2d070]]: cellGcmSys warning: cellGcmSetDisplayBuffer(id=0x0,offset=0x1000000,pitch=4,width=1280,height=720)
[W : PPU[42] Thread (nld)[0x00a2d070]]: cellGcmSys warning: cellGcmSetDisplayBuffer(id=0x0,offset=0x1000000,pitch=4,width=1280,height=720)
[W : PPU[42] Thread (nld)[0x00a2d070]]: cellGcmSys warning: cellGcmSetDisplayBuffer(id=0x0,offset=0x1000000,pitch=4,width=1280,height=720)
[W : PPU[42] Thread (nld)[0x00a2d070]]: cellGcmSys warning: cellGcmSetDisplayBuffer(id=0x0,offset=0x1000000,pitch=4,width=1280,height=720)
[W : PPU[42] Thread (nld)[0x00a2d070]]: cellGcmSys warning: cellGcmSetDisplayBuffer(id=0x0,offset=0x1000000,pitch=4,width=1280,height=720)
[W : PPU[42] Thread (nld)[0x00a2d070]]: cellGcmSys warning: cellGcmSetDisplayBuffer(id=0x0,offset=0x1000000,pitch=4,width=1280,height=720)
[W : PPU[42] Thread (nld)[0x00a2d070]]: cellGcmSys warning: cellGcmSetDisplayBuffer(id=0x0,offset=0x1000000,pitch=4,width=1280,height=720)
[W : PPU[42] Thread (nld)[0x00a2d070]]: cellGcmSys warning: cellGcmSetDisplayBuffer(id=0x0,offset=0x1000000,pitch=4,width=1280,height=720)
[W : PPU[42] Thread (nld)[0x00a2d070]]: cellGcmSys warning: cellGcmSetDisplayBuffer(id=0x0,offset=0x1000000,pitch=4,width=1280,height=720)
[W : PPU[42] Thread (nld)[0x00a2d070]]: cellGcmSys warning: cellGcmSetDisplayBuffer(id=0x0,offset=0x1000000,pitch=4,width=1280,height=720)
[W : PPU[42] Thread (nld)[0x00a2d070]]: cellGcmSys warning: cellGcmSetDisplayBuffer(id=0x0,offset=0x1000000,pitch=4,width=1280,height=720)
[W : PPU[42] Thread (nld)[0x00a2d070]]: cellGcmSys warning: cellGcmSetDisplayBuffer(id=0x0,offset=0x1000000,pitch=4,width=1280,height=720)
[W : PPU[1] Thread (CPUThread)[0x00a25064]]: sys_fs warning: cellFsSdataOpen(path="/dev_bdvd/PS3_GAME/USRDIR/data.sdat", flags=0x0, fd_addr=0xd0010980, arg_addr=0x0, size=0x0)
[W : PPU[42] Thread (nld)[0x00a2d070]]: cellGcmSys warning: cellGcmSetDisplayBuffer(id=0x0,offset=0x1000000,pitch=4,width=1280,height=720)
[W : PPU[42] Thread (nld)[0x00a2d070]]: cellGcmSys warning: cellGcmSetDisplayBuffer(id=0x0,offset=0x1000000,pitch=4,width=1280,height=720)
[W : PPU[42] Thread (nld)[0x00a2d070]]: cellGcmSys warning: cellGcmSetDisplayBuffer(id=0x0,offset=0x1000000,pitch=4,width=1280,height=720)
[W : PPU[42] Thread (nld)[0x00a2d070]]: cellGcmSys warning: cellGcmSetDisplayBuffer(id=0x0,offset=0x1000000,pitch=4,width=1280,height=720)
[W : PPU[42] Thread (nld)[0x00a2d070]]: cellGcmSys warning: cellGcmSetDisplayBuffer(id=0x0,offset=0x1000000,pitch=4,width=1280,height=720)
[W : PPU[42] Thread (nld)[0x00a2d070]]: cellGcmSys warning: cellGcmSetDisplayBuffer(id=0x0,offset=0x1000000,pitch=4,width=1280,height=720)
[W : PPU[42] Thread (nld)[0x00a2d070]]: cellGcmSys warning: cellGcmSetDisplayBuffer(id=0x0,offset=0x1000000,pitch=4,width=1280,height=720)
[W : PPU[42] Thread (nld)[0x00a2d070]]: cellGcmSys warning: cellGcmSetDisplayBuffer(id=0x0,offset=0x1000000,pitch=4,width=1280,height=720)
[W : PPU[42] Thread (nld)[0x00a2d070]]: cellGcmSys warning: cellGcmSetDisplayBuffer(id=0x0,offset=0x1000000,pitch=4,width=1280,height=720)
[W : PPU[42] Thread (nld)[0x00a2d070]]: cellGcmSys warning: cellGcmSetDisplayBuffer(id=0x0,offset=0x1000000,pitch=4,width=1280,height=720)
[W : PPU[42] Thread (nld)[0x00a2d070]]: cellGcmSys warning: cellGcmSetDisplayBuffer(id=0x0,offset=0x1000000,pitch=4,width=1280,height=720)
[W : PPU[42] Thread (nld)[0x00a2d070]]: cellGcmSys warning: cellGcmSetDisplayBuffer(id=0x0,offset=0x1000000,pitch=4,width=1280,height=720)
[W : PPU[42] Thread (nld)[0x00a2d070]]: cellGcmSys warning: cellGcmSetDisplayBuffer(id=0x0,offset=0x1000000,pitch=4,width=1280,height=720)
[W : PPU[1] Thread (CPUThread)[0x00a25064]]: sys_fs warning: cellFsSdataOpen(path="/dev_bdvd/PS3_GAME/USRDIR/data.sdat", flags=0x0, fd_addr=0xd0010980, arg_addr=0x0, size=0x0)
[W : PPU[42] Thread (nld)[0x00a2d070]]: cellGcmSys warning: cellGcmSetDisplayBuffer(id=0x0,offset=0x1000000,pitch=4,width=1280,height=720)
[W : PPU[42] Thread (nld)[0x00a2d070]]: cellGcmSys warning: cellGcmSetDisplayBuffer(id=0x0,offset=0x1000000,pitch=4,width=1280,height=720)
[W : PPU[42] Thread (nld)[0x00a2d070]]: cellGcmSys warning: cellGcmSetDisplayBuffer(id=0x0,offset=0x1000000,pitch=4,width=1280,height=720)
[W : PPU[42] Thread (nld)[0x00a2d070]]: cellGcmSys warning: cellGcmSetDisplayBuffer(id=0x0,offset=0x1000000,pitch=4,width=1280,height=720)
[W : PPU[42] Thread (nld)[0x00a2d070]]: cellGcmSys warning: cellGcmSetDisplayBuffer(id=0x0,offset=0x1000000,pitch=4,width=1280,height=720)
[W : PPU[42] Thread (nld)[0x00a2d070]]: cellGcmSys warning: cellGcmSetDisplayBuffer(id=0x0,offset=0x1000000,pitch=4,width=1280,height=720)
[W : PPU[42] Thread (nld)[0x00a2d070]]: cellGcmSys warning: cellGcmSetDisplayBuffer(id=0x0,offset=0x1000000,pitch=4,width=1280,height=720)
[W : PPU[42] Thread (nld)[0x00a2d070]]: cellGcmSys warning: cellGcmSetDisplayBuffer(id=0x0,offset=0x1000000,pitch=4,width=1280,height=720)
[W : PPU[42] Thread (nld)[0x00a2d070]]: cellGcmSys warning: cellGcmSetDisplayBuffer(id=0x0,offset=0x1000000,pitch=4,width=1280,height=720)
[W : PPU[42] Thread (nld)[0x00a2d070]]: cellGcmSys warning: cellGcmSetDisplayBuffer(id=0x0,offset=0x1000000,pitch=4,width=1280,height=720)
[W : PPU[42] Thread (nld)[0x00a2d070]]: cellGcmSys warning: cellGcmSetDisplayBuffer(id=0x0,offset=0x1000000,pitch=4,width=1280,height=720)
[W : PPU[42] Thread (nld)[0x00a2d070]]: cellGcmSys warning: cellGcmSetDisplayBuffer(id=0x0,offset=0x1000000,pitch=4,width=1280,height=720)
[W : PPU[42] Thread (nld)[0x00a2d070]]: cellGcmSys warning: cellGcmSetDisplayBuffer(id=0x0,offset=0x1000000,pitch=4,width=1280,height=720)
[W : PPU[42] Thread (nld)[0x00a2d070]]: cellGcmSys warning: cellGcmSetDisplayBuffer(id=0x0,offset=0x1000000,pitch=4,width=1280,height=720)
[W : PPU[42] Thread (nld)[0x00a2d070]]: cellGcmSys warning: cellGcmSetDisplayBuffer(id=0x0,offset=0x1000000,pitch=4,width=1280,height=720)
[W : PPU[42] Thread (nld)[0x00a2d070]]: cellGcmSys warning: cellGcmSetDisplayBuffer(id=0x0,offset=0x1000000,pitch=4,width=1280,height=720)
[W : PPU[42] Thread (nld)[0x00a2d070]]: cellGcmSys warning: cellGcmSetDisplayBuffer(id=0x0,offset=0x1000000,pitch=4,width=1280,height=720)
[W : PPU[42] Thread (nld)[0x00a2d070]]: cellGcmSys warning: cellGcmSetDisplayBuffer(id=0x0,offset=0x1000000,pitch=4,width=1280,height=720)
[W : PPU[42] Thread (nld)[0x00a2d070]]: cellGcmSys warning: cellGcmSetDisplayBuffer(id=0x0,offset=0x1000000,pitch=4,width=1280,height=720)
[W : PPU[42] Thread (nld)[0x00a2d070]]: cellGcmSys warning: cellGcmSetDisplayBuffer(id=0x0,offset=0x1000000,pitch=4,width=1280,height=720)
[W : PPU[42] Thread (nld)[0x00a2d070]]: cellGcmSys warning: cellGcmSetDisplayBuffer(id=0x0,offset=0x1000000,pitch=4,width=1280,height=720)
[W : PPU[42] Thread (nld)[0x00a2d070]]: cellGcmSys warning: cellGcmSetDisplayBuffer(id=0x0,offset=0x1000000,pitch=4,width=1280,height=720)
[W : PPU[42] Thread (nld)[0x00a2d070]]: cellGcmSys warning: cellGcmSetDisplayBuffer(id=0x0,offset=0x1000000,pitch=4,width=1280,height=720)
[W : PPU[42] Thread (nld)[0x00a2d070]]: cellGcmSys warning: cellGcmSetDisplayBuffer(id=0x0,offset=0x1000000,pitch=4,width=1280,height=720)
[W : PPU[42] Thread (nld)[0x00a2d070]]: cellGcmSys warning: cellGcmSetDisplayBuffer(id=0x0,offset=0x1000000,pitch=4,width=1280,height=720)
[W : PPU[42] Thread (nld)[0x00a2d070]]: cellGcmSys warning: cellGcmSetDisplayBuffer(id=0x0,offset=0x1000000,pitch=4,width=1280,height=720)
[W : PPU[1] Thread (CPUThread)[0x00a25064]]: sys_fs warning: cellFsSdataOpen(path="/dev_bdvd/PS3_GAME/USRDIR/data.sdat", flags=0x0, fd_addr=0xd0010980, arg_addr=0x0, size=0x0)
[W : PPU[42] Thread (nld)[0x00a2d070]]: cellGcmSys warning: cellGcmSetDisplayBuffer(id=0x0,offset=0x1000000,pitch=4,width=1280,height=720)
[W : PPU[42] Thread (nld)[0x00a2d070]]: cellGcmSys warning: cellGcmSetDisplayBuffer(id=0x0,offset=0x1000000,pitch=4,width=1280,height=720)
[W : PPU[42] Thread (nld)[0x00a2d070]]: cellGcmSys warning: cellGcmSetDisplayBuffer(id=0x0,offset=0x1000000,pitch=4,width=1280,height=720)
[W : PPU[42] Thread (nld)[0x00a2d070]]: cellGcmSys warning: cellGcmSetDisplayBuffer(id=0x0,offset=0x1000000,pitch=4,width=1280,height=720)
[W : PPU[42] Thread (nld)[0x00a2d070]]: cellGcmSys warning: cellGcmSetDisplayBuffer(id=0x0,offset=0x1000000,pitch=4,width=1280,height=720)
[W : PPU[42] Thread (nld)[0x00a2d070]]: cellGcmSys warning: cellGcmSetDisplayBuffer(id=0x0,offset=0x1000000,pitch=4,width=1280,height=720)
[W : PPU[42] Thread (nld)[0x00a2d070]]: cellGcmSys warning: cellGcmSetDisplayBuffer(id=0x0,offset=0x1000000,pitch=4,width=1280,height=720)
[W : PPU[42] Thread (nld)[0x00a2d070]]: cellGcmSys warning: cellGcmSetDisplayBuffer(id=0x0,offset=0x1000000,pitch=4,width=1280,height=720)
[W : PPU[42] Thread (nld)[0x00a2d070]]: cellGcmSys warning: cellGcmSetDisplayBuffer(id=0x0,offset=0x1000000,pitch=4,width=1280,height=720)
[W : PPU[42] Thread (nld)[0x00a2d070]]: cellGcmSys warning: cellGcmSetDisplayBuffer(id=0x0,offset=0x1000000,pitch=4,width=1280,height=720)
[W : PPU[42] Thread (nld)[0x00a2d070]]: cellGcmSys warning: cellGcmSetDisplayBuffer(id=0x0,offset=0x1000000,pitch=4,width=1280,height=720)
[W : PPU[42] Thread (nld)[0x00a2d070]]: cellGcmSys warning: cellGcmSetDisplayBuffer(id=0x0,offset=0x1000000,pitch=4,width=1280,height=720)
[W : PPU[42] Thread (nld)[0x00a2d070]]: cellGcmSys warning: cellGcmSetDisplayBuffer(id=0x0,offset=0x1000000,pitch=4,width=1280,height=720)
[W : PPU[42] Thread (nld)[0x00a2d070]]: cellGcmSys warning: cellGcmSetDisplayBuffer(id=0x0,offset=0x1000000,pitch=4,width=1280,height=720)
[W : PPU[42] Thread (nld)[0x00a2d070]]: cellGcmSys warning: cellGcmSetDisplayBuffer(id=0x0,offset=0x1000000,pitch=4,width=1280,height=720)
[W : PPU[42] Thread (nld)[0x00a2d070]]: cellGcmSys warning: cellGcmSetDisplayBuffer(id=0x0,offset=0x1000000,pitch=4,width=1280,height=720)
[W : PPU[42] Thread (nld)[0x00a2d070]]: cellGcmSys warning: cellGcmSetDisplayBuffer(id=0x0,offset=0x1000000,pitch=4,width=1280,height=720)
[W : PPU[42] Thread (nld)[0x00a2d070]]: cellGcmSys warning: cellGcmSetDisplayBuffer(id=0x0,offset=0x1000000,pitch=4,width=1280,height=720)
[W : PPU[42] Thread (nld)[0x00a2d070]]: cellGcmSys warning: cellGcmSetDisplayBuffer(id=0x0,offset=0x1000000,pitch=4,width=1280,height=720)
[W : PPU[42] Thread (nld)[0x00a2d070]]: cellGcmSys warning: cellGcmSetDisplayBuffer(id=0x0,offset=0x1000000,pitch=4,width=1280,height=720)
[W : PPU[42] Thread (nld)[0x00a2d070]]: cellGcmSys warning: cellGcmSetDisplayBuffer(id=0x0,offset=0x1000000,pitch=4,width=1280,height=720)
[W : PPU[1] Thread (CPUThread)[0x00a25064]]: sys_fs warning: cellFsSdataOpen(path="/dev_bdvd/PS3_GAME/USRDIR/data.sdat", flags=0x0, fd_addr=0xd0010980, arg_addr=0x0, size=0x0)
[W : PPU[42] Thread (nld)[0x00a2d070]]: cellGcmSys warning: cellGcmSetDisplayBuffer(id=0x0,offset=0x1000000,pitch=4,width=1280,height=720)
[W : PPU[42] Thread (nld)[0x00a2d070]]: cellGcmSys warning: cellGcmSetDisplayBuffer(id=0x0,offset=0x1000000,pitch=4,width=1280,height=720)
[W : PPU[42] Thread (nld)[0x00a2d070]]: cellGcmSys warning: cellGcmSetDisplayBuffer(id=0x0,offset=0x1000000,pitch=4,width=1280,height=720)
[W : PPU[42] Thread (nld)[0x00a2d070]]: cellGcmSys warning: cellGcmSetDisplayBuffer(id=0x0,offset=0x1000000,pitch=4,width=1280,height=720)
[W : PPU[42] Thread (nld)[0x00a2d070]]: cellGcmSys warning: cellGcmSetDisplayBuffer(id=0x0,offset=0x1000000,pitch=4,width=1280,height=720)
[W : PPU[42] Thread (nld)[0x00a2d070]]: cellGcmSys warning: cellGcmSetDisplayBuffer(id=0x0,offset=0x1000000,pitch=4,width=1280,height=720)
[W : PPU[42] Thread (nld)[0x00a2d070]]: cellGcmSys warning: cellGcmSetDisplayBuffer(id=0x0,offset=0x1000000,pitch=4,width=1280,height=720)
[W : PPU[42] Thread (nld)[0x00a2d070]]: cellGcmSys warning: cellGcmSetDisplayBuffer(id=0x0,offset=0x1000000,pitch=4,width=1280,height=720)
[W : PPU[42] Thread (nld)[0x00a2d070]]: cellGcmSys warning: cellGcmSetDisplayBuffer(id=0x0,offset=0x1000000,pitch=4,width=1280,height=720)
[W : PPU[42] Thread (nld)[0x00a2d070]]: cellGcmSys warning: cellGcmSetDisplayBuffer(id=0x0,offset=0x1000000,pitch=4,width=1280,height=720)
[W : PPU[42] Thread (nld)[0x00a2d070]]: cellGcmSys warning: cellGcmSetDisplayBuffer(id=0x0,offset=0x1000000,pitch=4,width=1280,height=720)
[W : PPU[42] Thread (nld)[0x00a2d070]]: cellGcmSys warning: cellGcmSetDisplayBuffer(id=0x0,offset=0x1000000,pitch=4,width=1280,height=720)
[W : PPU[42] Thread (nld)[0x00a2d070]]: cellGcmSys warning: cellGcmSetDisplayBuffer(id=0x0,offset=0x1000000,pitch=4,width=1280,height=720)
[W : PPU[42] Thread (nld)[0x00a2d070]]: cellGcmSys warning: cellGcmSetDisplayBuffer(id=0x0,offset=0x1000000,pitch=4,width=1280,height=720)
[W : PPU[42] Thread (nld)[0x00a2d070]]: cellGcmSys warning: cellGcmSetDisplayBuffer(id=0x0,offset=0x1000000,pitch=4,width=1280,height=720)
[W : PPU[42] Thread (nld)[0x00a2d070]]: cellGcmSys warning: cellGcmSetDisplayBuffer(id=0x0,offset=0x1000000,pitch=4,width=1280,height=720)
[W : PPU[42] Thread (nld)[0x00a2d070]]: cellGcmSys warning: cellGcmSetDisplayBuffer(id=0x0,offset=0x1000000,pitch=4,width=1280,height=720)
[W : PPU[42] Thread (nld)[0x00a2d070]]: cellGcmSys warning: cellGcmSetDisplayBuffer(id=0x0,offset=0x1000000,pitch=4,width=1280,height=720)
[W : PPU[42] Thread (nld)[0x00a2d070]]: cellGcmSys warning: cellGcmSetDisplayBuffer(id=0x0,offset=0x1000000,pitch=4,width=1280,height=720)
[W : PPU[42] Thread (nld)[0x00a2d070]]: cellGcmSys warning: cellGcmSetDisplayBuffer(id=0x0,offset=0x1000000,pitch=4,width=1280,height=720)
[W : PPU[42] Thread (nld)[0x00a2d070]]: cellGcmSys warning: cellGcmSetDisplayBuffer(id=0x0,offset=0x1000000,pitch=4,width=1280,height=720)
[W : PPU[1] Thread (CPUThread)[0x00a25064]]: sys_fs warning: cellFsSdataOpen(path="/dev_bdvd/PS3_GAME/USRDIR/data.sdat", flags=0x0, fd_addr=0xd0010980, arg_addr=0x0, size=0x0)
[W : PPU[42] Thread (nld)[0x00a2d070]]: cellGcmSys warning: cellGcmSetDisplayBuffer(id=0x0,offset=0x1000000,pitch=4,width=1280,height=720)
[W : PPU[42] Thread (nld)[0x00a2d070]]: cellGcmSys warning: cellGcmSetDisplayBuffer(id=0x0,offset=0x1000000,pitch=4,width=1280,height=720)
[W : PPU[42] Thread (nld)[0x00a2d070]]: cellGcmSys warning: cellGcmSetDisplayBuffer(id=0x0,offset=0x1000000,pitch=4,width=1280,height=720)
[W : PPU[42] Thread (nld)[0x00a2d070]]: cellGcmSys warning: cellGcmSetDisplayBuffer(id=0x0,offset=0x1000000,pitch=4,width=1280,height=720)
[W : PPU[42] Thread (nld)[0x00a2d070]]: cellGcmSys warning: cellGcmSetDisplayBuffer(id=0x0,offset=0x1000000,pitch=4,width=1280,height=720)
[W : PPU[42] Thread (nld)[0x00a2d070]]: cellGcmSys warning: cellGcmSetDisplayBuffer(id=0x0,offset=0x1000000,pitch=4,width=1280,height=720)
[W : PPU[42] Thread (nld)[0x00a2d070]]: cellGcmSys warning: cellGcmSetDisplayBuffer(id=0x0,offset=0x1000000,pitch=4,width=1280,height=720)
[W : PPU[42] Thread (nld)[0x00a2d070]]: cellGcmSys warning: cellGcmSetDisplayBuffer(id=0x0,offset=0x1000000,pitch=4,width=1280,height=720)
[W : PPU[42] Thread (nld)[0x00a2d070]]: cellGcmSys warning: cellGcmSetDisplayBuffer(id=0x0,offset=0x1000000,pitch=4,width=1280,height=720)
[W : PPU[42] Thread (nld)[0x00a2d070]]: cellGcmSys warning: cellGcmSetDisplayBuffer(id=0x0,offset=0x1000000,pitch=4,width=1280,height=720)
[W : PPU[42] Thread (nld)[0x00a2d070]]: cellGcmSys warning: cellGcmSetDisplayBuffer(id=0x0,offset=0x1000000,pitch=4,width=1280,height=720)
[W : PPU[42] Thread (nld)[0x00a2d070]]: cellGcmSys warning: cellGcmSetDisplayBuffer(id=0x0,offset=0x1000000,pitch=4,width=1280,height=720)
[W : PPU[42] Thread (nld)[0x00a2d070]]: cellGcmSys warning: cellGcmSetDisplayBuffer(id=0x0,offset=0x1000000,pitch=4,width=1280,height=720)
[W : PPU[42] Thread (nld)[0x00a2d070]]: cellGcmSys warning: cellGcmSetDisplayBuffer(id=0x0,offset=0x1000000,pitch=4,width=1280,height=720)
[W : PPU[42] Thread (nld)[0x00a2d070]]: cellGcmSys warning: cellGcmSetDisplayBuffer(id=0x0,offset=0x1000000,pitch=4,width=1280,height=720)
[W : PPU[42] Thread (nld)[0x00a2d070]]: cellGcmSys warning: cellGcmSetDisplayBuffer(id=0x0,offset=0x1000000,pitch=4,width=1280,height=720)
[W : PPU[42] Thread (nld)[0x00a2d070]]: cellGcmSys warning: cellGcmSetDisplayBuffer(id=0x0,offset=0x1000000,pitch=4,width=1280,height=720)
[W : PPU[42] Thread (nld)[0x00a2d070]]: cellGcmSys warning: cellGcmSetDisplayBuffer(id=0x0,offset=0x1000000,pitch=4,width=1280,height=720)
[W : PPU[42] Thread (nld)[0x00a2d070]]: cellGcmSys warning: cellGcmSetDisplayBuffer(id=0x0,offset=0x1000000,pitch=4,width=1280,height=720)
[W : PPU[42] Thread (nld)[0x00a2d070]]: cellGcmSys warning: cellGcmSetDisplayBuffer(id=0x0,offset=0x1000000,pitch=4,width=1280,height=720)
[W : PPU[42] Thread (nld)[0x00a2d070]]: cellGcmSys warning: cellGcmSetDisplayBuffer(id=0x0,offset=0x1000000,pitch=4,width=1280,height=720)
[W : PPU[1] Thread (CPUThread)[0x00a25064]]: sys_fs warning: cellFsSdataOpen(path="/dev_bdvd/PS3_GAME/USRDIR/data.sdat", flags=0x0, fd_addr=0xd0010980, arg_addr=0x0, size=0x0)
[W : PPU[42] Thread (nld)[0x00a2d070]]: cellGcmSys warning: cellGcmSetDisplayBuffer(id=0x0,offset=0x1000000,pitch=4,width=1280,height=720)
[W : PPU[42] Thread (nld)[0x00a2d070]]: cellGcmSys warning: cellGcmSetDisplayBuffer(id=0x0,offset=0x1000000,pitch=4,width=1280,height=720)
[W : PPU[42] Thread (nld)[0x00a2d070]]: cellGcmSys warning: cellGcmSetDisplayBuffer(id=0x0,offset=0x1000000,pitch=4,width=1280,height=720)
[W : PPU[42] Thread (nld)[0x00a2d070]]: cellGcmSys warning: cellGcmSetDisplayBuffer(id=0x0,offset=0x1000000,pitch=4,width=1280,height=720)
[W : PPU[42] Thread (nld)[0x00a2d070]]: cellGcmSys warning: cellGcmSetDisplayBuffer(id=0x0,offset=0x1000000,pitch=4,width=1280,height=720)
[W : PPU[42] Thread (nld)[0x00a2d070]]: cellGcmSys warning: cellGcmSetDisplayBuffer(id=0x0,offset=0x1000000,pitch=4,width=1280,height=720)
[W : PPU[42] Thread (nld)[0x00a2d070]]: cellGcmSys warning: cellGcmSetDisplayBuffer(id=0x0,offset=0x1000000,pitch=4,width=1280,height=720)
[W : PPU[42] Thread (nld)[0x00a2d070]]: cellGcmSys warning: cellGcmSetDisplayBuffer(id=0x0,offset=0x1000000,pitch=4,width=1280,height=720)
[W : PPU[42] Thread (nld)[0x00a2d070]]: cellGcmSys warning: cellGcmSetDisplayBuffer(id=0x0,offset=0x1000000,pitch=4,width=1280,height=720)
[W : PPU[42] Thread (nld)[0x00a2d070]]: cellGcmSys warning: cellGcmSetDisplayBuffer(id=0x0,offset=0x1000000,pitch=4,width=1280,height=720)
[W : PPU[42] Thread (nld)[0x00a2d070]]: cellGcmSys warning: cellGcmSetDisplayBuffer(id=0x0,offset=0x1000000,pitch=4,width=1280,height=720)
[W : PPU[42] Thread (nld)[0x00a2d070]]: cellGcmSys warning: cellGcmSetDisplayBuffer(id=0x0,offset=0x1000000,pitch=4,width=1280,height=720)
[W : PPU[42] Thread (nld)[0x00a2d070]]: cellGcmSys warning: cellGcmSetDisplayBuffer(id=0x0,offset=0x1000000,pitch=4,width=1280,height=720)
[W : PPU[42] Thread (nld)[0x00a2d070]]: cellGcmSys warning: cellGcmSetDisplayBuffer(id=0x0,offset=0x1000000,pitch=4,width=1280,height=720)
[W : PPU[42] Thread (nld)[0x00a2d070]]: cellGcmSys warning: cellGcmSetDisplayBuffer(id=0x0,offset=0x1000000,pitch=4,width=1280,height=720)
[W : PPU[42] Thread (nld)[0x00a2d070]]: cellGcmSys warning: cellGcmSetDisplayBuffer(id=0x0,offset=0x1000000,pitch=4,width=1280,height=720)
[W : PPU[42] Thread (nld)[0x00a2d070]]: cellGcmSys warning: cellGcmSetDisplayBuffer(id=0x0,offset=0x1000000,pitch=4,width=1280,height=720)
[W : PPU[42] Thread (nld)[0x00a2d070]]: cellGcmSys warning: cellGcmSetDisplayBuffer(id=0x0,offset=0x1000000,pitch=4,width=1280,height=720)
[W : PPU[42] Thread (nld)[0x00a2d070]]: cellGcmSys warning: cellGcmSetDisplayBuffer(id=0x0,offset=0x1000000,pitch=4,width=1280,height=720)
[W : PPU[42] Thread (nld)[0x00a2d070]]: cellGcmSys warning: cellGcmSetDisplayBuffer(id=0x0,offset=0x1000000,pitch=4,width=1280,height=720)
[W : PPU[42] Thread (nld)[0x00a2d070]]: cellGcmSys warning: cellGcmSetDisplayBuffer(id=0x0,offset=0x1000000,pitch=4,width=1280,height=720)
[W : PPU[1] Thread (CPUThread)[0x00a25064]]: sys_fs warning: cellFsSdataOpen(path="/dev_bdvd/PS3_GAME/USRDIR/data.sdat", flags=0x0, fd_addr=0xd0010980, arg_addr=0x0, size=0x0)
[W : PPU[42] Thread (nld)[0x00a2d070]]: cellGcmSys warning: cellGcmSetDisplayBuffer(id=0x0,offset=0x1000000,pitch=4,width=1280,height=720)
[W : PPU[42] Thread (nld)[0x00a2d070]]: cellGcmSys warning: cellGcmSetDisplayBuffer(id=0x0,offset=0x1000000,pitch=4,width=1280,height=720)
[W : PPU[42] Thread (nld)[0x00a2d070]]: cellGcmSys warning: cellGcmSetDisplayBuffer(id=0x0,offset=0x1000000,pitch=4,width=1280,height=720)
[W : PPU[42] Thread (nld)[0x00a2d070]]: cellGcmSys warning: cellGcmSetDisplayBuffer(id=0x0,offset=0x1000000,pitch=4,width=1280,height=720)
[W : PPU[42] Thread (nld)[0x00a2d070]]: cellGcmSys warning: cellGcmSetDisplayBuffer(id=0x0,offset=0x1000000,pitch=4,width=1280,height=720)
[W : PPU[42] Thread (nld)[0x00a2d070]]: cellGcmSys warning: cellGcmSetDisplayBuffer(id=0x0,offset=0x1000000,pitch=4,width=1280,height=720)
[W : PPU[42] Thread (nld)[0x00a2d070]]: cellGcmSys warning: cellGcmSetDisplayBuffer(id=0x0,offset=0x1000000,pitch=4,width=1280,height=720)
[W : PPU[42] Thread (nld)[0x00a2d070]]: cellGcmSys warning: cellGcmSetDisplayBuffer(id=0x0,offset=0x1000000,pitch=4,width=1280,height=720)
[W : PPU[42] Thread (nld)[0x00a2d070]]: cellGcmSys warning: cellGcmSetDisplayBuffer(id=0x0,offset=0x1000000,pitch=4,width=1280,height=720)
[W : PPU[42] Thread (nld)[0x00a2d070]]: cellGcmSys warning: cellGcmSetDisplayBuffer(id=0x0,offset=0x1000000,pitch=4,width=1280,height=720)
[W : PPU[42] Thread (nld)[0x00a2d070]]: cellGcmSys warning: cellGcmSetDisplayBuffer(id=0x0,offset=0x1000000,pitch=4,width=1280,height=720)
[W : PPU[42] Thread (nld)[0x00a2d070]]: cellGcmSys warning: cellGcmSetDisplayBuffer(id=0x0,offset=0x1000000,pitch=4,width=1280,height=720)
[W : PPU[42] Thread (nld)[0x00a2d070]]: cellGcmSys warning: cellGcmSetDisplayBuffer(id=0x0,offset=0x1000000,pitch=4,width=1280,height=720)
[W : PPU[42] Thread (nld)[0x00a2d070]]: cellGcmSys warning: cellGcmSetDisplayBuffer(id=0x0,offset=0x1000000,pitch=4,width=1280,height=720)
[W : PPU[42] Thread (nld)[0x00a2d070]]: cellGcmSys warning: cellGcmSetDisplayBuffer(id=0x0,offset=0x1000000,pitch=4,width=1280,height=720)
[W : PPU[42] Thread (nld)[0x00a2d070]]: cellGcmSys warning: cellGcmSetDisplayBuffer(id=0x0,offset=0x1000000,pitch=4,width=1280,height=720)
[W : PPU[42] Thread (nld)[0x00a2d070]]: cellGcmSys warning: cellGcmSetDisplayBuffer(id=0x0,offset=0x1000000,pitch=4,width=1280,height=720)
[W : PPU[42] Thread (nld)[0x00a2d070]]: cellGcmSys warning: cellGcmSetDisplayBuffer(id=0x0,offset=0x1000000,pitch=4,width=1280,height=720)
[W : PPU[42] Thread (nld)[0x00a2d070]]: cellGcmSys warning: cellGcmSetDisplayBuffer(id=0x0,offset=0x1000000,pitch=4,width=1280,height=720)
[W : PPU[42] Thread (nld)[0x00a2d070]]: cellGcmSys warning: cellGcmSetDisplayBuffer(id=0x0,offset=0x1000000,pitch=4,width=1280,height=720)
[W : PPU[42] Thread (nld)[0x00a2d070]]: cellGcmSys warning: cellGcmSetDisplayBuffer(id=0x0,offset=0x1000000,pitch=4,width=1280,height=720)
[W : PPU[42] Thread (nld)[0x00a2d070]]: cellGcmSys warning: cellGcmSetDisplayBuffer(id=0x0,offset=0x1000000,pitch=4,width=1280,height=720)
[W : PPU[1] Thread (CPUThread)[0x00a25064]]: sys_fs warning: cellFsSdataOpen(path="/dev_bdvd/PS3_GAME/USRDIR/data.sdat", flags=0x0, fd_addr=0xd0010980, arg_addr=0x0, size=0x0)
[W : PPU[42] Thread (nld)[0x00a2d070]]: cellGcmSys warning: cellGcmSetDisplayBuffer(id=0x0,offset=0x1000000,pitch=4,width=1280,height=720)
[W : PPU[42] Thread (nld)[0x00a2d070]]: cellGcmSys warning: cellGcmSetDisplayBuffer(id=0x0,offset=0x1000000,pitch=4,width=1280,height=720)
[W : PPU[42] Thread (nld)[0x00a2d070]]: cellGcmSys warning: cellGcmSetDisplayBuffer(id=0x0,offset=0x1000000,pitch=4,width=1280,height=720)
[W : PPU[42] Thread (nld)[0x00a2d070]]: cellGcmSys warning: cellGcmSetDisplayBuffer(id=0x0,offset=0x1000000,pitch=4,width=1280,height=720)
[W : PPU[42] Thread (nld)[0x00a2d070]]: cellGcmSys warning: cellGcmSetDisplayBuffer(id=0x0,offset=0x1000000,pitch=4,width=1280,height=720)
[W : PPU[42] Thread (nld)[0x00a2d070]]: cellGcmSys warning: cellGcmSetDisplayBuffer(id=0x0,offset=0x1000000,pitch=4,width=1280,height=720)
[W : PPU[42] Thread (nld)[0x00a2d070]]: cellGcmSys warning: cellGcmSetDisplayBuffer(id=0x0,offset=0x1000000,pitch=4,width=1280,height=720)
[W : PPU[42] Thread (nld)[0x00a2d070]]: cellGcmSys warning: cellGcmSetDisplayBuffer(id=0x0,offset=0x1000000,pitch=4,width=1280,height=720)
[W : PPU[42] Thread (nld)[0x00a2d070]]: cellGcmSys warning: cellGcmSetDisplayBuffer(id=0x0,offset=0x1000000,pitch=4,width=1280,height=720)
[W : PPU[42] Thread (nld)[0x00a2d070]]: cellGcmSys warning: cellGcmSetDisplayBuffer(id=0x0,offset=0x1000000,pitch=4,width=1280,height=720)
[W : PPU[42] Thread (nld)[0x00a2d070]]: cellGcmSys warning: cellGcmSetDisplayBuffer(id=0x0,offset=0x1000000,pitch=4,width=1280,height=720)
[W : PPU[42] Thread (nld)[0x00a2d070]]: cellGcmSys warning: cellGcmSetDisplayBuffer(id=0x0,offset=0x1000000,pitch=4,width=1280,height=720)
[W : PPU[42] Thread (nld)[0x00a2d070]]: cellGcmSys warning: cellGcmSetDisplayBuffer(id=0x0,offset=0x1000000,pitch=4,width=1280,height=720)
[W : PPU[42] Thread (nld)[0x00a2d070]]: cellGcmSys warning: cellGcmSetDisplayBuffer(id=0x0,offset=0x1000000,pitch=4,width=1280,height=720)
[W : PPU[42] Thread (nld)[0x00a2d070]]: cellGcmSys warning: cellGcmSetDisplayBuffer(id=0x0,offset=0x1000000,pitch=4,width=1280,height=720)
[W : PPU[42] Thread (nld)[0x00a2d070]]: cellGcmSys warning: cellGcmSetDisplayBuffer(id=0x0,offset=0x1000000,pitch=4,width=1280,height=720)
[W : PPU[42] Thread (nld)[0x00a2d070]]: cellGcmSys warning: cellGcmSetDisplayBuffer(id=0x0,offset=0x1000000,pitch=4,width=1280,height=720)
[W : PPU[42] Thread (nld)[0x00a2d070]]: cellGcmSys warning: cellGcmSetDisplayBuffer(id=0x0,offset=0x1000000,pitch=4,width=1280,height=720)
[W : PPU[42] Thread (nld)[0x00a2d070]]: cellGcmSys warning: cellGcmSetDisplayBuffer(id=0x0,offset=0x1000000,pitch=4,width=1280,height=720)
[W : PPU[42] Thread (nld)[0x00a2d070]]: cellGcmSys warning: cellGcmSetDisplayBuffer(id=0x0,offset=0x1000000,pitch=4,width=1280,height=720)
[W : PPU[42] Thread (nld)[0x00a2d070]]: cellGcmSys warning: cellGcmSetDisplayBuffer(id=0x0,offset=0x1000000,pitch=4,width=1280,height=720)
[W : PPU[1] Thread (CPUThread)[0x00a25064]]: sys_fs warning: cellFsSdataOpen(path="/dev_bdvd/PS3_GAME/USRDIR/data.sdat", flags=0x0, fd_addr=0xd0010980, arg_addr=0x0, size=0x0)
[W : PPU[42] Thread (nld)[0x00a2d070]]: cellGcmSys warning: cellGcmSetDisplayBuffer(id=0x0,offset=0x1000000,pitch=4,width=1280,height=720)
[W : PPU[42] Thread (nld)[0x00a2d070]]: cellGcmSys warning: cellGcmSetDisplayBuffer(id=0x0,offset=0x1000000,pitch=4,width=1280,height=720)
[W : PPU[42] Thread (nld)[0x00a2d070]]: cellGcmSys warning: cellGcmSetDisplayBuffer(id=0x0,offset=0x1000000,pitch=4,width=1280,height=720)
[W : PPU[42] Thread (nld)[0x00a2d070]]: cellGcmSys warning: cellGcmSetDisplayBuffer(id=0x0,offset=0x1000000,pitch=4,width=1280,height=720)
[W : PPU[42] Thread (nld)[0x00a2d070]]: cellGcmSys warning: cellGcmSetDisplayBuffer(id=0x0,offset=0x1000000,pitch=4,width=1280,height=720)
[W : PPU[42] Thread (nld)[0x00a2d070]]: cellGcmSys warning: cellGcmSetDisplayBuffer(id=0x0,offset=0x1000000,pitch=4,width=1280,height=720)
[W : PPU[42] Thread (nld)[0x00a2d070]]: cellGcmSys warning: cellGcmSetDisplayBuffer(id=0x0,offset=0x1000000,pitch=4,width=1280,height=720)
[W : PPU[42] Thread (nld)[0x00a2d070]]: cellGcmSys warning: cellGcmSetDisplayBuffer(id=0x0,offset=0x1000000,pitch=4,width=1280,height=720)
[W : PPU[42] Thread (nld)[0x00a2d070]]: cellGcmSys warning: cellGcmSetDisplayBuffer(id=0x0,offset=0x1000000,pitch=4,width=1280,height=720)
[W : PPU[42] Thread (nld)[0x00a2d070]]: cellGcmSys warning: cellGcmSetDisplayBuffer(id=0x0,offset=0x1000000,pitch=4,width=1280,height=720)
[W : PPU[42] Thread (nld)[0x00a2d070]]: cellGcmSys warning: cellGcmSetDisplayBuffer(id=0x0,offset=0x1000000,pitch=4,width=1280,height=720)
[W : PPU[42] Thread (nld)[0x00a2d070]]: cellGcmSys warning: cellGcmSetDisplayBuffer(id=0x0,offset=0x1000000,pitch=4,width=1280,height=720)
[W : PPU[42] Thread (nld)[0x00a2d070]]: cellGcmSys warning: cellGcmSetDisplayBuffer(id=0x0,offset=0x1000000,pitch=4,width=1280,height=720)
[W : PPU[42] Thread (nld)[0x00a2d070]]: cellGcmSys warning: cellGcmSetDisplayBuffer(id=0x0,offset=0x1000000,pitch=4,width=1280,height=720)
[W : PPU[42] Thread (nld)[0x00a2d070]]: cellGcmSys warning: cellGcmSetDisplayBuffer(id=0x0,offset=0x1000000,pitch=4,width=1280,height=720)
[W : PPU[42] Thread (nld)[0x00a2d070]]: cellGcmSys warning: cellGcmSetDisplayBuffer(id=0x0,offset=0x1000000,pitch=4,width=1280,height=720)
[W : PPU[42] Thread (nld)[0x00a2d070]]: cellGcmSys warning: cellGcmSetDisplayBuffer(id=0x0,offset=0x1000000,pitch=4,width=1280,height=720)
[W : PPU[42] Thread (nld)[0x00a2d070]]: cellGcmSys warning: cellGcmSetDisplayBuffer(id=0x0,offset=0x1000000,pitch=4,width=1280,height=720)
[W : PPU[42] Thread (nld)[0x00a2d070]]: cellGcmSys warning: cellGcmSetDisplayBuffer(id=0x0,offset=0x1000000,pitch=4,width=1280,height=720)
[W : PPU[42] Thread (nld)[0x00a2d070]]: cellGcmSys warning: cellGcmSetDisplayBuffer(id=0x0,offset=0x1000000,pitch=4,width=1280,height=720)
[W : PPU[42] Thread (nld)[0x00a2d070]]: cellGcmSys warning: cellGcmSetDisplayBuffer(id=0x0,offset=0x1000000,pitch=4,width=1280,height=720)
[W : PPU[1] Thread (CPUThread)[0x00a25064]]: sys_fs warning: cellFsSdataOpen(path="/dev_bdvd/PS3_GAME/USRDIR/data.sdat", flags=0x0, fd_addr=0xd0010980, arg_addr=0x0, size=0x0)
[W : PPU[42] Thread (nld)[0x00a2d070]]: cellGcmSys warning: cellGcmSetDisplayBuffer(id=0x0,offset=0x1000000,pitch=4,width=1280,height=720)
[W : PPU[42] Thread (nld)[0x00a2d070]]: cellGcmSys warning: cellGcmSetDisplayBuffer(id=0x0,offset=0x1000000,pitch=4,width=1280,height=720)
[W : PPU[42] Thread (nld)[0x00a2d070]]: cellGcmSys warning: cellGcmSetDisplayBuffer(id=0x0,offset=0x1000000,pitch=4,width=1280,height=720)
[W : PPU[42] Thread (nld)[0x00a2d070]]: cellGcmSys warning: cellGcmSetDisplayBuffer(id=0x0,offset=0x1000000,pitch=4,width=1280,height=720)
[W : PPU[42] Thread (nld)[0x00a2d070]]: cellGcmSys warning: cellGcmSetDisplayBuffer(id=0x0,offset=0x1000000,pitch=4,width=1280,height=720)
[W : PPU[42] Thread (nld)[0x00a2d070]]: cellGcmSys warning: cellGcmSetDisplayBuffer(id=0x0,offset=0x1000000,pitch=4,width=1280,height=720)
[W : PPU[42] Thread (nld)[0x00a2d070]]: cellGcmSys warning: cellGcmSetDisplayBuffer(id=0x0,offset=0x1000000,pitch=4,width=1280,height=720)
[W : PPU[42] Thread (nld)[0x00a2d070]]: cellGcmSys warning: cellGcmSetDisplayBuffer(id=0x0,offset=0x1000000,pitch=4,width=1280,height=720)
[W : PPU[42] Thread (nld)[0x00a2d070]]: cellGcmSys warning: cellGcmSetDisplayBuffer(id=0x0,offset=0x1000000,pitch=4,width=1280,height=720)
[W : PPU[42] Thread (nld)[0x00a2d070]]: cellGcmSys warning: cellGcmSetDisplayBuffer(id=0x0,offset=0x1000000,pitch=4,width=1280,height=720)
[W : PPU[42] Thread (nld)[0x00a2d070]]: cellGcmSys warning: cellGcmSetDisplayBuffer(id=0x0,offset=0x1000000,pitch=4,width=1280,height=720)
[W : PPU[42] Thread (nld)[0x00a2d070]]: cellGcmSys warning: cellGcmSetDisplayBuffer(id=0x0,offset=0x1000000,pitch=4,width=1280,height=720)
[W : PPU[42] Thread (nld)[0x00a2d070]]: cellGcmSys warning: cellGcmSetDisplayBuffer(id=0x0,offset=0x1000000,pitch=4,width=1280,height=720)
[W : PPU[42] Thread (nld)[0x00a2d070]]: cellGcmSys warning: cellGcmSetDisplayBuffer(id=0x0,offset=0x1000000,pitch=4,width=1280,height=720)
[W : PPU[42] Thread (nld)[0x00a2d070]]: cellGcmSys warning: cellGcmSetDisplayBuffer(id=0x0,offset=0x1000000,pitch=4,width=1280,height=720)
[W : PPU[42] Thread (nld)[0x00a2d070]]: cellGcmSys warning: cellGcmSetDisplayBuffer(id=0x0,offset=0x1000000,pitch=4,width=1280,height=720)
[W : PPU[42] Thread (nld)[0x00a2d070]]: cellGcmSys warning: cellGcmSetDisplayBuffer(id=0x0,offset=0x1000000,pitch=4,width=1280,height=720)
[W : PPU[42] Thread (nld)[0x00a2d070]]: cellGcmSys warning: cellGcmSetDisplayBuffer(id=0x0,offset=0x1000000,pitch=4,width=1280,height=720)
[W : PPU[42] Thread (nld)[0x00a2d070]]: cellGcmSys warning: cellGcmSetDisplayBuffer(id=0x0,offset=0x1000000,pitch=4,width=1280,height=720)
[W : PPU[42] Thread (nld)[0x00a2d070]]: cellGcmSys warning: cellGcmSetDisplayBuffer(id=0x0,offset=0x1000000,pitch=4,width=1280,height=720)
[W : PPU[42] Thread (nld)[0x00a2d070]]: cellGcmSys warning: cellGcmSetDisplayBuffer(id=0x0,offset=0x1000000,pitch=4,width=1280,height=720)
[W : PPU[1] Thread (CPUThread)[0x00a25064]]: sys_fs warning: cellFsSdataOpen(path="/dev_bdvd/PS3_GAME/USRDIR/data.sdat", flags=0x0, fd_addr=0xd0010980, arg_addr=0x0, size=0x0)
[W : PPU[42] Thread (nld)[0x00a2d070]]: cellGcmSys warning: cellGcmSetDisplayBuffer(id=0x0,offset=0x1000000,pitch=4,width=1280,height=720)
[W : PPU[42] Thread (nld)[0x00a2d070]]: cellGcmSys warning: cellGcmSetDisplayBuffer(id=0x0,offset=0x1000000,pitch=4,width=1280,height=720)
[W : PPU[42] Thread (nld)[0x00a2d070]]: cellGcmSys warning: cellGcmSetDisplayBuffer(id=0x0,offset=0x1000000,pitch=4,width=1280,height=720)
[W : PPU[42] Thread (nld)[0x00a2d070]]: cellGcmSys warning: cellGcmSetDisplayBuffer(id=0x0,offset=0x1000000,pitch=4,width=1280,height=720)
[W : PPU[42] Thread (nld)[0x00a2d070]]: cellGcmSys warning: cellGcmSetDisplayBuffer(id=0x0,offset=0x1000000,pitch=4,width=1280,height=720)
[W : PPU[42] Thread (nld)[0x00a2d070]]: cellGcmSys warning: cellGcmSetDisplayBuffer(id=0x0,offset=0x1000000,pitch=4,width=1280,height=720)
[W : PPU[42] Thread (nld)[0x00a2d070]]: cellGcmSys warning: cellGcmSetDisplayBuffer(id=0x0,offset=0x1000000,pitch=4,width=1280,height=720)
[W : PPU[42] Thread (nld)[0x00a2d070]]: cellGcmSys warning: cellGcmSetDisplayBuffer(id=0x0,offset=0x1000000,pitch=4,width=1280,height=720)
[W : PPU[42] Thread (nld)[0x00a2d070]]: cellGcmSys warning: cellGcmSetDisplayBuffer(id=0x0,offset=0x1000000,pitch=4,width=1280,height=720)
[W : PPU[42] Thread (nld)[0x00a2d070]]: cellGcmSys warning: cellGcmSetDisplayBuffer(id=0x0,offset=0x1000000,pitch=4,width=1280,height=720)
[W : PPU[42] Thread (nld)[0x00a2d070]]: cellGcmSys warning: cellGcmSetDisplayBuffer(id=0x0,offset=0x1000000,pitch=4,width=1280,height=720)
[W : PPU[42] Thread (nld)[0x00a2d070]]: cellGcmSys warning: cellGcmSetDisplayBuffer(id=0x0,offset=0x1000000,pitch=4,width=1280,height=720)
[W : PPU[42] Thread (nld)[0x00a2d070]]: cellGcmSys warning: cellGcmSetDisplayBuffer(id=0x0,offset=0x1000000,pitch=4,width=1280,height=720)
[W : PPU[42] Thread (nld)[0x00a2d070]]: cellGcmSys warning: cellGcmSetDisplayBuffer(id=0x0,offset=0x1000000,pitch=4,width=1280,height=720)
[W : PPU[42] Thread (nld)[0x00a2d070]]: cellGcmSys warning: cellGcmSetDisplayBuffer(id=0x0,offset=0x1000000,pitch=4,width=1280,height=720)
[W : PPU[42] Thread (nld)[0x00a2d070]]: cellGcmSys warning: cellGcmSetDisplayBuffer(id=0x0,offset=0x1000000,pitch=4,width=1280,height=720)
[W : PPU[42] Thread (nld)[0x00a2d070]]: cellGcmSys warning: cellGcmSetDisplayBuffer(id=0x0,offset=0x1000000,pitch=4,width=1280,height=720)
[W : PPU[42] Thread (nld)[0x00a2d070]]: cellGcmSys warning: cellGcmSetDisplayBuffer(id=0x0,offset=0x1000000,pitch=4,width=1280,height=720)
[W : PPU[42] Thread (nld)[0x00a2d070]]: cellGcmSys warning: cellGcmSetDisplayBuffer(id=0x0,offset=0x1000000,pitch=4,width=1280,height=720)
[W : PPU[42] Thread (nld)[0x00a2d070]]: cellGcmSys warning: cellGcmSetDisplayBuffer(id=0x0,offset=0x1000000,pitch=4,width=1280,height=720)
[W : PPU[1] Thread (CPUThread)[0x00a25064]]: sys_fs warning: cellFsSdataOpen(path="/dev_bdvd/PS3_GAME/USRDIR/data.sdat", flags=0x0, fd_addr=0xd0010980, arg_addr=0x0, size=0x0)
[W : PPU[42] Thread (nld)[0x00a2d070]]: cellGcmSys warning: cellGcmSetDisplayBuffer(id=0x0,offset=0x1000000,pitch=4,width=1280,height=720)
[W : PPU[42] Thread (nld)[0x00a2d070]]: cellGcmSys warning: cellGcmSetDisplayBuffer(id=0x0,offset=0x1000000,pitch=4,width=1280,height=720)
[W : PPU[42] Thread (nld)[0x00a2d070]]: cellGcmSys warning: cellGcmSetDisplayBuffer(id=0x0,offset=0x1000000,pitch=4,width=1280,height=720)
[W : PPU[42] Thread (nld)[0x00a2d070]]: cellGcmSys warning: cellGcmSetDisplayBuffer(id=0x0,offset=0x1000000,pitch=4,width=1280,height=720)
[W : PPU[42] Thread (nld)[0x00a2d070]]: cellGcmSys warning: cellGcmSetDisplayBuffer(id=0x0,offset=0x1000000,pitch=4,width=1280,height=720)
[W : PPU[42] Thread (nld)[0x00a2d070]]: cellGcmSys warning: cellGcmSetDisplayBuffer(id=0x0,offset=0x1000000,pitch=4,width=1280,height=720)
[W : PPU[42] Thread (nld)[0x00a2d070]]: cellGcmSys warning: cellGcmSetDisplayBuffer(id=0x0,offset=0x1000000,pitch=4,width=1280,height=720)
[W : PPU[42] Thread (nld)[0x00a2d070]]: cellGcmSys warning: cellGcmSetDisplayBuffer(id=0x0,offset=0x1000000,pitch=4,width=1280,height=720)
[E : PPU[30] Thread (synth2se)[0x00a3d028]]: cellAudio error: cellAudioSetPortLevel(portNum=0x0, level=0.000000)
[W : PPU[42] Thread (nld)[0x00a2d070]]: cellGcmSys warning: cellGcmSetDisplayBuffer(id=0x0,offset=0x1000000,pitch=4,width=1280,height=720)
[W : PPU[42] Thread (nld)[0x00a2d070]]: cellGcmSys warning: cellGcmSetDisplayBuffer(id=0x0,offset=0x1000000,pitch=4,width=1280,height=720)
[W : PPU[42] Thread (nld)[0x00a2d070]]: cellGcmSys warning: cellGcmSetDisplayBuffer(id=0x0,offset=0x1000000,pitch=4,width=1280,height=720)
[W : PPU[42] Thread (nld)[0x00a2d070]]: cellGcmSys warning: cellGcmSetDisplayBuffer(id=0x0,offset=0x1000000,pitch=4,width=1280,height=720)
[W : PPU[42] Thread (nld)[0x00a2d070]]: cellGcmSys warning: cellGcmSetDisplayBuffer(id=0x0,offset=0x1000000,pitch=4,width=1280,height=720)
[W : PPU[42] Thread (nld)[0x00a2d070]]: cellGcmSys warning: cellGcmSetDisplayBuffer(id=0x0,offset=0x1000000,pitch=4,width=1280,height=720)
[W : PPU[42] Thread (nld)[0x00a2d070]]: cellGcmSys warning: cellGcmSetDisplayBuffer(id=0x0,offset=0x1000000,pitch=4,width=1280,height=720)
[W : PPU[42] Thread (nld)[0x00a2d070]]: cellGcmSys warning: cellGcmSetDisplayBuffer(id=0x0,offset=0x1000000,pitch=4,width=1280,height=720)
[W : PPU[42] Thread (nld)[0x00a2d070]]: cellGcmSys warning: cellGcmSetDisplayBuffer(id=0x0,offset=0x1000000,pitch=4,width=1280,height=720)
[W : PPU[42] Thread (nld)[0x00a2d070]]: cellGcmSys warning: cellGcmSetDisplayBuffer(id=0x0,offset=0x1000000,pitch=4,width=1280,height=720)
[W : PPU[42] Thread (nld)[0x00a2d070]]: cellGcmSys warning: cellGcmSetDisplayBuffer(id=0x0,offset=0x1000000,pitch=4,width=1280,height=720)
[W : PPU[42] Thread (nld)[0x00a2d070]]: cellGcmSys warning: cellGcmSetDisplayBuffer(id=0x0,offset=0x1000000,pitch=4,width=1280,height=720)
[W : PPU[42] Thread (nld)[0x00a2d070]]: cellGcmSys warning: cellGcmSetDisplayBuffer(id=0x0,offset=0x1000000,pitch=4,width=1280,height=720)
[W : PPU[1] Thread (CPUThread)[0x00a25064]]: sys_fs warning: cellFsSdataOpen(path="/dev_bdvd/PS3_GAME/USRDIR/data.sdat", flags=0x0, fd_addr=0xd0010980, arg_addr=0x0, size=0x0)
[W : PPU[42] Thread (nld)[0x00a2d070]]: cellGcmSys warning: cellGcmSetDisplayBuffer(id=0x0,offset=0x1000000,pitch=4,width=1280,height=720)
[W : PPU[42] Thread (nld)[0x00a2d070]]: cellGcmSys warning: cellGcmSetDisplayBuffer(id=0x0,offset=0x1000000,pitch=4,width=1280,height=720)
[W : PPU[42] Thread (nld)[0x00a2d070]]: cellGcmSys warning: cellGcmSetDisplayBuffer(id=0x0,offset=0x1000000,pitch=4,width=1280,height=720)
[W : PPU[42] Thread (nld)[0x00a2d070]]: cellGcmSys warning: cellGcmSetDisplayBuffer(id=0x0,offset=0x1000000,pitch=4,width=1280,height=720)
[W : PPU[42] Thread (nld)[0x00a2d070]]: cellGcmSys warning: cellGcmSetDisplayBuffer(id=0x0,offset=0x1000000,pitch=4,width=1280,height=720)
[W : PPU[42] Thread (nld)[0x00a2d070]]: cellGcmSys warning: cellGcmSetDisplayBuffer(id=0x0,offset=0x1000000,pitch=4,width=1280,height=720)
[W : PPU[42] Thread (nld)[0x00a2d070]]: cellGcmSys warning: cellGcmSetDisplayBuffer(id=0x0,offset=0x1000000,pitch=4,width=1280,height=720)
[W : PPU[42] Thread (nld)[0x00a2d070]]: cellGcmSys warning: cellGcmSetDisplayBuffer(id=0x0,offset=0x1000000,pitch=4,width=1280,height=720)
[W : PPU[42] Thread (nld)[0x00a2d070]]: cellGcmSys warning: cellGcmSetDisplayBuffer(id=0x0,offset=0x1000000,pitch=4,width=1280,height=720)
[W : PPU[42] Thread (nld)[0x00a2d070]]: cellGcmSys warning: cellGcmSetDisplayBuffer(id=0x0,offset=0x1000000,pitch=4,width=1280,height=720)
[W : PPU[42] Thread (nld)[0x00a2d070]]: cellGcmSys warning: cellGcmSetDisplayBuffer(id=0x0,offset=0x1000000,pitch=4,width=1280,height=720)
[W : PPU[42] Thread (nld)[0x00a2d070]]: cellGcmSys warning: cellGcmSetDisplayBuffer(id=0x0,offset=0x1000000,pitch=4,width=1280,height=720)
[W : PPU[42] Thread (nld)[0x00a2d070]]: cellGcmSys warning: cellGcmSetDisplayBuffer(id=0x0,offset=0x1000000,pitch=4,width=1280,height=720)
[W : PPU[42] Thread (nld)[0x00a2d070]]: cellGcmSys warning: cellGcmSetDisplayBuffer(id=0x0,offset=0x1000000,pitch=4,width=1280,height=720)
[W : PPU[42] Thread (nld)[0x00a2d070]]: cellGcmSys warning: cellGcmSetDisplayBuffer(id=0x0,offset=0x1000000,pitch=4,width=1280,height=720)
[W : PPU[42] Thread (nld)[0x00a2d070]]: cellGcmSys warning: cellGcmSetDisplayBuffer(id=0x0,offset=0x1000000,pitch=4,width=1280,height=720)
[W : PPU[42] Thread (nld)[0x00a2d070]]: cellGcmSys warning: cellGcmSetDisplayBuffer(id=0x0,offset=0x1000000,pitch=4,width=1280,height=720)
[W : PPU[42] Thread (nld)[0x00a2d070]]: cellGcmSys warning: cellGcmSetDisplayBuffer(id=0x0,offset=0x1000000,pitch=4,width=1280,height=720)
[W : PPU[42] Thread (nld)[0x00a2d070]]: cellGcmSys warning: cellGcmSetDisplayBuffer(id=0x0,offset=0x1000000,pitch=4,width=1280,height=720)
[W : PPU[42] Thread (nld)[0x00a2d070]]: cellGcmSys warning: cellGcmSetDisplayBuffer(id=0x0,offset=0x1000000,pitch=4,width=1280,height=720)
[W : PPU[1] Thread (CPUThread)[0x00a25064]]: sys_fs warning: cellFsSdataOpen(path="/dev_bdvd/PS3_GAME/USRDIR/data.sdat", flags=0x0, fd_addr=0xd0010980, arg_addr=0x0, size=0x0)
[W : PPU[42] Thread (nld)[0x00a2d070]]: cellGcmSys warning: cellGcmSetDisplayBuffer(id=0x0,offset=0x1000000,pitch=4,width=1280,height=720)
[W : PPU[42] Thread (nld)[0x00a2d070]]: cellGcmSys warning: cellGcmSetDisplayBuffer(id=0x0,offset=0x1000000,pitch=4,width=1280,height=720)
[W : PPU[42] Thread (nld)[0x00a2d070]]: cellGcmSys warning: cellGcmSetDisplayBuffer(id=0x0,offset=0x1000000,pitch=4,width=1280,height=720)
[W : PPU[42] Thread (nld)[0x00a2d070]]: cellGcmSys warning: cellGcmSetDisplayBuffer(id=0x0,offset=0x1000000,pitch=4,width=1280,height=720)
[W : PPU[42] Thread (nld)[0x00a2d070]]: cellGcmSys warning: cellGcmSetDisplayBuffer(id=0x0,offset=0x1000000,pitch=4,width=1280,height=720)
[W : PPU[42] Thread (nld)[0x00a2d070]]: cellGcmSys warning: cellGcmSetDisplayBuffer(id=0x0,offset=0x1000000,pitch=4,width=1280,height=720)
[W : PPU[42] Thread (nld)[0x00a2d070]]: cellGcmSys warning: cellGcmSetDisplayBuffer(id=0x0,offset=0x1000000,pitch=4,width=1280,height=720)
[W : PPU[42] Thread (nld)[0x00a2d070]]: cellGcmSys warning: cellGcmSetDisplayBuffer(id=0x0,offset=0x1000000,pitch=4,width=1280,height=720)
[W : PPU[42] Thread (nld)[0x00a2d070]]: cellGcmSys warning: cellGcmSetDisplayBuffer(id=0x0,offset=0x1000000,pitch=4,width=1280,height=720)
[W : PPU[42] Thread (nld)[0x00a2d070]]: cellGcmSys warning: cellGcmSetDisplayBuffer(id=0x0,offset=0x1000000,pitch=4,width=1280,height=720)
[W : PPU[42] Thread (nld)[0x00a2d070]]: cellGcmSys warning: cellGcmSetDisplayBuffer(id=0x0,offset=0x1000000,pitch=4,width=1280,height=720)
[W : PPU[42] Thread (nld)[0x00a2d070]]: cellGcmSys warning: cellGcmSetDisplayBuffer(id=0x0,offset=0x1000000,pitch=4,width=1280,height=720)
[W : PPU[42] Thread (nld)[0x00a2d070]]: cellGcmSys warning: cellGcmSetDisplayBuffer(id=0x0,offset=0x1000000,pitch=4,width=1280,height=720)
[W : PPU[42] Thread (nld)[0x00a2d070]]: cellGcmSys warning: cellGcmSetDisplayBuffer(id=0x0,offset=0x1000000,pitch=4,width=1280,height=720)
[W : PPU[42] Thread (nld)[0x00a2d070]]: cellGcmSys warning: cellGcmSetDisplayBuffer(id=0x0,offset=0x1000000,pitch=4,width=1280,height=720)
[W : PPU[42] Thread (nld)[0x00a2d070]]: cellGcmSys warning: cellGcmSetDisplayBuffer(id=0x0,offset=0x1000000,pitch=4,width=1280,height=720)
[W : PPU[42] Thread (nld)[0x00a2d070]]: cellGcmSys warning: cellGcmSetDisplayBuffer(id=0x0,offset=0x1000000,pitch=4,width=1280,height=720)
[W : PPU[42] Thread (nld)[0x00a2d070]]: cellGcmSys warning: cellGcmSetDisplayBuffer(id=0x0,offset=0x1000000,pitch=4,width=1280,height=720)
[! : RSXThread]: RSX thread exit...
[W : PPU[30] Thread (synth2se)[0x000b4094]]: sys_event_queue_receive(equeue=27) aborted
[W : Surmixer Thread]: Surmixer aborted
[W : Audio Thread]: Audio aborted
[W : SPU[26] Thread (_synth2 Thread)[0x00006be4]]: SPUThread::WriteChannel($MFC_Cmd) aborted
[!]: Closing memory...
