[!]: path: /dev_hdd0/game/
[W]: SELF: No NPDRM control info found!
[!]: Loading 'F:\Ps3 game\dev_hdd0\game\BLJM60408 - [Beyond the Future Fix the Time Arrows] - HDD\USRDIR/BOOT.BIN'...
[!]: Mount info:
[!]: /dev_hdd0/ -> F:\Ps3 game\dev_hdd0
[!]: /dev_hdd1/ -> E:\PS3EMU\Rpcs3-x6413/dev_hdd1/
[!]: /dev_flash/ -> E:\PS3EMU\Rpcs3-x6413/dev_flash/
[!]: /dev_usb000/ -> E:\PS3EMU\Rpcs3-x6413/dev_usb000/
[!]: /dev_usb/ -> E:\PS3EMU\Rpcs3-x6413/dev_usb000/
[!]: /app_home/ -> F:\Ps3 game\dev_hdd0\game\BLJM60408 - [Beyond the Future Fix the Time Arrows] - HDD\
[!]: /dev_bdvd/ -> F:\Ps3 game\dev_hdd0\game\BLJM60408 - [Beyond the Future Fix the Time Arrows] - HDD\/../
[!]: /host_root/ -> 
[!]: / -> F:\Ps3 game\dev_hdd0\game\BLJM60408 - [Beyond the Future Fix the Time Arrows] - HDD\
[!]: Initing memory...
[!]: Memory initialized.
[W]: Unknown function 0xd3758645 in 'cellResc' module
[E]: TODO: cellRescSetVBlankHandler
[W]: Unknown function 0x21425307 in 'cellSysutil' module
[E]: TODO: cellSaveDataListAutoLoad
[W]: Unknown function 0x2a8eada2 in 'cellSysutil' module
[E]: TODO: cellSaveDataFixedLoad2
[W]: Unknown function 0x2aae9ef5 in 'cellSysutil' module
[E]: TODO: cellSaveDataFixedSave2
[W]: Unknown function 0x4dd03a4e in 'cellSysutil' module
[E]: TODO: cellSaveDataListAutoSave
[W]: Unknown function 0x62b0f803 in 'cellSysutil' module
[E]: TODO: cellMsgDialogAbort
[W]: Unknown function 0x8b7ed64b in 'cellSysutil' module
[E]: TODO: cellSaveDataAutoSave2
[W]: Unknown function 0xced17573 in 'cellSysutil' module
[E]: TODO: cellSaveDataFixedDelete
[W]: Unknown function 0xe7fa820b in 'cellSysutil' module
[E]: TODO: cellSaveDataEnableOverlay
[W]: Unknown function 0xedadd797 in 'cellSysutil' module
[E]: TODO: cellSaveDataDelete2
[W]: Unknown function 0xfbd5c856 in 'cellSysutil' module
[E]: TODO: cellSaveDataAutoLoad2
[W]: Unknown module 'cellSaveData'
[W]: Unknown function 0x04372385 in 'sceNp' module
[E]: TODO: sceNpBasicGetFriendListEntry
[W]: Unknown function 0x21206642 in 'sceNp' module
[E]: TODO: sceNpScoreGetRankingByRangeAsync
[W]: Unknown function 0x259113b8 in 'sceNp' module
[E]: TODO: sceNpScoreDestroyTitleCtx
[W]: Unknown function 0x32cf311f in 'sceNp' module
[E]: TODO: sceNpScoreInit
[W]: Unknown function 0x3db7914d in 'sceNp' module
[E]: TODO: sceNpScoreGetRankingByNpIdAsync
[W]: Unknown function 0x6f5e8143 in 'sceNp' module
[E]: TODO: sceNpScoreCreateTransactionCtx
[W]: Unknown function 0x9851f805 in 'sceNp' module
[E]: TODO: sceNpScoreTerm
[W]: Unknown function 0xa7a090e5 in 'sceNp' module
[E]: TODO: sceNpScorePollAsync
[W]: Unknown function 0xafef640d in 'sceNp' module
[E]: TODO: sceNpBasicGetFriendListEntryCount
[W]: Unknown function 0xb9f93bbb in 'sceNp' module
[E]: TODO: sceNpScoreCreateTitleCtx
[W]: Unknown function 0xc5f4cf82 in 'sceNp' module
[E]: TODO: sceNpScoreDestroyTransactionCtx
[W]: Unknown function 0xceeebc7a in 'sceNp' module
[E]: TODO: sceNpProfileCallGui
[W]: Unknown function 0xd208f91d in 'sceNp' module
[E]: TODO: sceNpUtilCmpNpId
[W]: Unknown function 0xdb2e4dc2 in 'sceNp' module
[E]: TODO: sceNpScoreGetGameDataAsync
[W]: Unknown function 0xee5b20d9 in 'sceNp' module
[E]: TODO: sceNpScoreAbortTransaction
[W]: Unknown function 0xf0b1e399 in 'sceNp' module
[E]: TODO: sceNpScoreRecordScoreAsync
[W]: Unknown function 0xf76847c2 in 'sceNp' module
[E]: TODO: sceNpScoreRecordGameDataAsync
[W]: Unknown function 0xfe37a7f4 in 'sceNp' module
[E]: TODO: sceNpManagerGetNpId
[W]: Unknown function 0x832df17e in 'cellAudio' module
[E]: TODO: cellAudioAdd6chData
[W]: Unknown function 0x63387071 in 'cellGcmSys' module
[E]: TODO: cellGcmGetLastFlipTime
[W]: Unknown function 0xacee8542 in 'cellGcmSys' module
[E]: TODO: cellGcmSetFlipImmediate
[W]: Unknown function 0x117cd726 in 'cellPngEnc' module
[E]: TODO: cellPngEncClose
[W]: Unknown function 0x19256dc5 in 'cellPngEnc' module
[E]: TODO: cellPngEncOpen
[W]: Unknown function 0x496cfcd0 in 'cellPngEnc' module
[E]: TODO: cellPngEncQueryAttr
[W]: Unknown function 0x585269bc in 'cellPngEnc' module
[E]: TODO: cellPngEncGetStreamInfo
[W]: Unknown function 0x5b546ca4 in 'cellPngEnc' module
[E]: TODO: cellPngEncEncodePicture
[W]: Unknown function 0x662bd637 in 'cellPngEnc' module
[E]: TODO: cellPngEncWaitForInput
[W]: Unknown function 0x90ef2963 in 'cellPngEnc' module
[E]: TODO: cellPngEncWaitForOutput
[W]: Unknown module 'cellSysutilAvconfExt'
[W]: Unknown function 0xaa6269a8 in 'cellSpurs' module
[E]: TODO: cellSpursInitializeWithAttribute
[W]: Unknown function 0x0247c69e in 'cellSail' module
[E]: TODO: cellSailGraphicsAdapterGetFrame
[W]: Unknown function 0x0abb318b in 'cellSail' module
[E]: TODO: cellSailDescriptorCreateDatabase
[W]: Unknown function 0x0c4cb439 in 'cellSail' module
[E]: TODO: cellSailFutureReset
[W]: Unknown function 0x1139a206 in 'cellSail' module
[E]: TODO: cellSailPlayerSetSoundAdapter
[W]: Unknown function 0x1872331b in 'cellSail' module
[E]: TODO: cellSailGraphicsAdapterPtsToTimePosition
[W]: Unknown function 0x18b4629d in 'cellSail' module
[E]: TODO: cellSailPlayerFinalize
[W]: Unknown function 0x18bcd21b in 'cellSail' module
[E]: TODO: cellSailPlayerSetGraphicsAdapter
[W]: Unknown function 0x1c983864 in 'cellSail' module
[E]: TODO: cellSailGraphicsAdapterInitialize
[W]: Unknown function 0x1c9d5e5a in 'cellSail' module
[E]: TODO: cellSailSoundAdapterSetPreferredFormat
[W]: Unknown function 0x23654375 in 'cellSail' module
[E]: TODO: cellSailPlayerInitialize2
[W]: Unknown function 0x28336e89 in 'cellSail' module
[E]: TODO: cellSailDescriptorDestroyDatabase
[W]: Unknown function 0x2e3ccb5e in 'cellSail' module
[E]: TODO: cellSailGraphicsAdapterSetPreferredFormat
[W]: Unknown function 0x346ebba3 in 'cellSail' module
[E]: TODO: cellSailMemAllocatorInitialize
[W]: Unknown function 0x34ecc1b9 in 'cellSail' module
[E]: TODO: cellSailPlayerOpenStream
[W]: Unknown function 0x3a2d806c in 'cellSail' module
[E]: TODO: cellSailFutureGet
[W]: Unknown function 0x3d0d3b72 in 'cellSail' module
[E]: TODO: cellSailSoundAdapterInitialize
[W]: Unknown function 0x44a20e79 in 'cellSail' module
[E]: TODO: cellSailGraphicsAdapterUpdateAvSync
[W]: Unknown function 0x4ae979df in 'cellSail' module
[E]: TODO: cellSailSoundAdapterPtsToTimePosition
[W]: Unknown function 0x4cc54f8e in 'cellSail' module
[E]: TODO: cellSailFutureInitialize
[W]: Unknown function 0x5783a454 in 'cellSail' module
[E]: TODO: cellSailMp4MovieGetMovieInfo
[W]: Unknown function 0x5f7c7a6f in 'cellSail' module
[E]: TODO: cellSailPlayerSetParameter
[W]: Unknown function 0x6e83f5c0 in 'cellSail' module
[E]: TODO: cellSailAviMovieGetMovieInfo
[W]: Unknown function 0x76488bb1 in 'cellSail' module
[E]: TODO: cellSailGraphicsAdapterFinalize
[W]: Unknown function 0x7c8dff3b in 'cellSail' module
[E]: TODO: cellSailPlayerAddDescriptor
[W]: Unknown function 0x7eb8d6b5 in 'cellSail' module
[E]: TODO: cellSailSoundAdapterGetFrame
[W]: Unknown function 0x9553af65 in 'cellSail' module
[E]: TODO: cellSailFutureFinalize
[W]: Unknown function 0xa37fed15 in 'cellSail' module
[E]: TODO: cellSailFutureSet
[W]: Unknown function 0xbdf21b0f in 'cellSail' module
[E]: TODO: cellSailPlayerBoot
[W]: Unknown function 0xd1462438 in 'cellSail' module
[E]: TODO: cellSailSoundAdapterFinalize
[W]: Unknown function 0xd1d55a90 in 'cellSail' module
[E]: TODO: cellSailPlayerSetPaused
[W]: Unknown function 0xd7938b8d in 'cellSail' module
[E]: TODO: cellSailPlayerCreateDescriptor
[W]: Unknown function 0xe535b0d3 in 'cellSail' module
[E]: TODO: cellSailPlayerStart
[W]: Unknown function 0xeba8d4ec in 'cellSail' module
[E]: TODO: cellSailPlayerStop
[W]: Unknown function 0xeec22809 in 'cellSail' module
[E]: TODO: cellSailSoundAdapterUpdateAvSync
[W]: Unknown function 0xf25f197d in 'cellSail' module
[E]: TODO: cellSailSoundAdapterGetFormat
[W]: Unknown function 0xfc5baf8a in 'cellSail' module
[E]: TODO: cellSailPlayerSetRepeatMode
[W]: Unknown function 0xfc839bd4 in 'cellSail' module
[E]: TODO: cellSailPlayerDestroyDescriptor
[W]: Unknown function 0xffd58aa4 in 'cellSail' module
[E]: TODO: cellSailGraphicsAdapterGetFormat
[W]: Unknown function 0x8a561d92 in 'sysPrxForUser' module
[E]: TODO: _sys_heap_free
[W]: Unknown function 0xaede4b03 in 'sysPrxForUser' module
[E]: TODO: _sys_heap_delete_heap
[W : PPU[1] Thread (CPUThread)[0x00312034]]: sys_lwmutex warning: *** lwmutex created [_lc_mtx] (attribute=0x12): sq_id = 3
[W : PPU[1] Thread (CPUThread)[0x0002e194]]: memory warning: sys_memory_get_user_memory_size(mem_info_addr=0xd0010c04)
[W : PPU[1] Thread (CPUThread)[0x00312034]]: sys_lwmutex warning: *** lwmutex created [_lc_mtx] (attribute=0x12): sq_id = 4
[W : PPU[1] Thread (CPUThread)[0x00312034]]: sys_lwmutex warning: *** lwmutex created [_lc_mtx] (attribute=0x12): sq_id = 5
[W : PPU[1] Thread (CPUThread)[0x00312034]]: sys_lwmutex warning: *** lwmutex created [_lc_mtx] (attribute=0x12): sq_id = 6
[W : PPU[1] Thread (CPUThread)[0x00312034]]: sys_lwmutex warning: *** lwmutex created [_lc_mtx] (attribute=0x12): sq_id = 7
[W : PPU[1] Thread (CPUThread)[0x00312034]]: sys_lwmutex warning: *** lwmutex created [_lc_mtx] (attribute=0x12): sq_id = 8
[W : PPU[1] Thread (CPUThread)[0x00312034]]: sys_lwmutex warning: *** lwmutex created [_lc_mtx] (attribute=0x12): sq_id = 9
[W : PPU[1] Thread (CPUThread)[0x00312034]]: sys_lwmutex warning: *** lwmutex created [_lc_mtx] (attribute=0x12): sq_id = 10
[W : PPU[1] Thread (CPUThread)[0x00312034]]: sys_lwmutex warning: *** lwmutex created [_lc_mtx] (attribute=0x12): sq_id = 11
[W : PPU[1] Thread (CPUThread)[0x00312034]]: sys_lwmutex warning: *** lwmutex created [_lc_mtx] (attribute=0x12): sq_id = 12
[W : PPU[1] Thread (CPUThread)[0x00312034]]: sys_lwmutex warning: *** lwmutex created [_lc_mtx] (attribute=0x12): sq_id = 13
[W : PPU[1] Thread (CPUThread)[0x00312034]]: sys_lwmutex warning: *** lwmutex created [_lc_mtx] (attribute=0x12): sq_id = 14
[W : PPU[1] Thread (CPUThread)[0x00312034]]: sys_lwmutex warning: *** lwmutex created [_lc_mtx] (attribute=0x12): sq_id = 15
[W : PPU[1] Thread (CPUThread)[0x00312034]]: sys_lwmutex warning: *** lwmutex created [_lc_mtx] (attribute=0x12): sq_id = 16
[W : PPU[1] Thread (CPUThread)[0x00312034]]: sys_lwmutex warning: *** lwmutex created [_lc_mtx] (attribute=0x12): sq_id = 17
[W : PPU[1] Thread (CPUThread)[0x00312034]]: sys_lwmutex warning: *** lwmutex created [_lc_mtx] (attribute=0x12): sq_id = 18
[W : PPU[1] Thread (CPUThread)[0x00312034]]: sys_lwmutex warning: *** lwmutex created [_lc_mtx] (attribute=0x12): sq_id = 19
[W : PPU[1] Thread (CPUThread)[0x00312034]]: sys_lwmutex warning: *** lwmutex created [_lc_mtx] (attribute=0x12): sq_id = 20
[W : PPU[1] Thread (CPUThread)[0x00312034]]: sys_lwmutex warning: *** lwmutex created [_lc_mtx] (attribute=0x12): sq_id = 21
[W : PPU[1] Thread (CPUThread)[0x00312034]]: sys_lwmutex warning: *** lwmutex created [_lc_mtx] (attribute=0x12): sq_id = 22
[W : PPU[1] Thread (CPUThread)[0x00312034]]: sys_lwmutex warning: *** lwmutex created [_lc_mtx] (attribute=0x12): sq_id = 23
[W : PPU[1] Thread (CPUThread)[0x00312034]]: sys_lwmutex warning: *** lwmutex created [_lc_mtx] (attribute=0x12): sq_id = 24
[W : PPU[1] Thread (CPUThread)[0x001d5f80]]: sys_mutex warning: *** mutex created [] (protocol=0x1, recursive=true): id = 25
[W : PPU[1] Thread (CPUThread)[0x001d43a8]]: sys_mutex warning: *** mutex created [] (protocol=0x1, recursive=true): id = 26
[W : PPU[1] Thread (CPUThread)[0x00153e24]]: sys_mutex warning: *** mutex created [] (protocol=0x1, recursive=true): id = 27
[W : PPU[1] Thread (CPUThread)[0x00153e64]]: sys_mutex warning: *** mutex created [] (protocol=0x1, recursive=true): id = 28
[W : PPU[1] Thread (CPUThread)[0x00142c8c]]: sys_mutex warning: *** mutex created [] (protocol=0x1, recursive=true): id = 29
[W : PPU[1] Thread (CPUThread)[0x001d4000]]: sys_event_flag warning: sys_event_flag_create(eflag_id_addr=0x2210a0, attr_addr=0xd0010c40, init=0x0)
[W : PPU[1] Thread (CPUThread)[0x001d4000]]: sys_event_flag warning: *** event_flag created [] (protocol=0x2, type=0x20000): id = 30
[W : PPU[1] Thread (CPUThread)[0x002f60a0]]: cellSysutil warning: cellSysutilRegisterCallback(slot=0, func_addr=0x218a68, userdata=0x0)
[W : PPU[1] Thread (CPUThread)[0x0015cfa4]]: sys_mutex warning: *** mutex created [] (protocol=0x1, recursive=true): id = 31
[W : PPU[1] Thread (CPUThread)[0x0015d0fc]]: sys_mutex warning: *** mutex created [] (protocol=0x1, recursive=true): id = 32
[W : PPU[1] Thread (CPUThread)[0x0015d144]]: sys_mutex warning: *** mutex created [] (protocol=0x1, recursive=true): id = 33
[W : PPU[1] Thread (CPUThread)[0x0015d0b4]]: sys_mutex warning: *** mutex created [] (protocol=0x1, recursive=true): id = 34
[W : PPU[1] Thread (CPUThread)[0x0030001c]]: cellGcmSys warning: cellGcmInit(context_addr=0x2213b0,cmdSize=0x40000,ioSize=0x100000,ioAddress=0x30200000)
[W : PPU[1] Thread (CPUThread)[0x0030001c]]: cellGcmSys warning: *** local memory(addr=0xc0000000, size=0xf900000)
[W : PPU[1] Thread (CPUThread)[0x0030001c]]: cellGcmSys warning: cellGcmMapEaIoAddress(ea=0x30200000, io=0x0, size=0x100000)
[! : RSXThread]: RSX thread entry
[W : PPU[1] Thread (CPUThread)[0x002f60ac]]: cellSysutil warning: cellVideoOutGetResolutionAvailability(videoOut=0, resolutionId=0x1, option_addr=0x0, aspect=0x0, option=0x2f0710)
[W : PPU[1] Thread (CPUThread)[0x002f60ac]]: cellSysutil warning: cellVideoOutGetResolutionAvailability(videoOut=0, resolutionId=0x81, option_addr=0x0, aspect=0x0, option=0x2f0250)
[W : PPU[1] Thread (CPUThread)[0x00300004]]: cellGcmSys warning: cellGcmGetTiledPitchSize(size=7680)
[W : PPU[1] Thread (CPUThread)[0x00300004]]: cellGcmSys warning: cellGcmGetTiledPitchSize(size=3840)
[W : PPU[1] Thread (CPUThread)[0x00300004]]: cellGcmSys warning: cellGcmGetTiledPitchSize(size=7680)
[W : PPU[1] Thread (CPUThread)[0x00300004]]: cellGcmSys warning: cellGcmGetTiledPitchSize(size=3840)
[W : PPU[1] Thread (CPUThread)[0x002f6004]]: cellSysutil warning: cellVideoOutConfigure(videoOut=0, config_addr=0xd0010a84, option_addr=0x0, waitForEvent=0x0)
[W : PPU[1] Thread (CPUThread)[0x002f2010]]: cellSysmodule warning: cellSysmoduleLoadModule(CELL_SYSMODULE_RESC)
[W : PPU[1] Thread (CPUThread)[0x002f4058]]: cellResc warning: cellRescInit(initConfig_addr=0xd0010a94)
[W : PPU[1] Thread (CPUThread)[0x002f4028]]: cellResc warning: cellRescSetDisplayMode(displayMode=8)
[W : PPU[1] Thread (CPUThread)[0x002f4028]]: cellSysutil warning: cellVideoOutConfigure(videoOut=0, config_addr=0x30016000, option_addr=0x0, waitForEvent=0x0)
[W : PPU[1] Thread (CPUThread)[0x002f4028]]: cellGcmSys warning: cellGcmSetFlipMode(mode=2)
[W : PPU[1] Thread (CPUThread)[0x002f4064]]: cellResc warning: cellRescGetBufferSize(colorBuffers_addr=0xd0010a60, vertexArray_addr=0xd0010a64, fragmentShader_addr=0xd0010a68)
[W : PPU[1] Thread (CPUThread)[0x003000dc]]: cellGcmSys warning: cellGcmSetTileInfo(index=0, location=0, offset=0, size=8388608, pitch=7680, comp=7, base=0, bank=0)
[E : PPU[1] Thread (CPUThread)[0x003000dc]]: cellGcmSys error: cellGcmSetTileInfo: bad comp! (7)
[W : PPU[1] Thread (CPUThread)[0x0030004c]]: cellGcmSys warning: cellGcmBindTile(index=0)
[W : PPU[1] Thread (CPUThread)[0x003000dc]]: cellGcmSys warning: cellGcmSetTileInfo(index=1, location=0, offset=8388608, size=4194304, pitch=3840, comp=0, base=128, bank=1)
[W : PPU[1] Thread (CPUThread)[0x0030004c]]: cellGcmSys warning: cellGcmBindTile(index=1)
[W : PPU[1] Thread (CPUThread)[0x002f407c]]: cellResc warning: cellRescSetBufferAddress(colorBuffers_addr=0xc0c00000, vertexArray_addr=0xc1d00000, fragmentShader_addr=0xc1d00180)
[W : PPU[1] Thread (CPUThread)[0x002f407c]]: cellGcmSys warning: cellGcmSetDisplayBuffer(id=0x0,offset=0xc00000,pitch=4,width=1920,height=1080)
[W : PPU[1] Thread (CPUThread)[0x002f407c]]: cellGcmSys warning: cellGcmSetDisplayBuffer(id=0x1,offset=0x1480000,pitch=4,width=1920,height=1080)
[W : PPU[1] Thread (CPUThread)[0x003000dc]]: cellGcmSys warning: cellGcmSetTileInfo(index=2, location=0, offset=12582912, size=17825792, pitch=8192, comp=7, base=192, bank=0)
[E : PPU[1] Thread (CPUThread)[0x003000dc]]: cellGcmSys error: cellGcmSetTileInfo: bad comp! (7)
[W : PPU[1] Thread (CPUThread)[0x0030004c]]: cellGcmSys warning: cellGcmBindTile(index=2)
[W : PPU[1] Thread (CPUThread)[0x002f4070]]: cellGcmSys warning: cellGcmSetDisplayBuffer(id=0x0,offset=0x0,pitch=4,width=1920,height=1080)
[W : PPU[1] Thread (CPUThread)[0x00312034]]: sys_lwmutex warning: *** lwmutex created [] (attribute=0x22): sq_id = 35
[W : PPU[1] Thread (CPUThread)[0x001bdee8]]: sys_event_flag warning: sys_event_flag_create(eflag_id_addr=0x220f98, attr_addr=0xd0010c40, init=0x0)
[W : PPU[1] Thread (CPUThread)[0x001bdee8]]: sys_event_flag warning: *** event_flag created [] (protocol=0x2, type=0x20000): id = 36
[W : PPU[1] Thread (CPUThread)[0x002f2010]]: cellSysmodule warning: cellSysmoduleLoadModule(CELL_SYSMODULE_SYSUTIL_NP)
[W : PPU[1] Thread (CPUThread)[0x002f2010]]: cellSysmodule warning: cellSysmoduleLoadModule(CELL_SYSMODULE_SYSUTIL_GAME)
[W : PPU[1] Thread (CPUThread)[0x002f801c]]: cellGame warning: cellGameBootCheck(type_addr=0xd00107a4, attributes_addr=0xd00107a0, size_addr=0xd00107a8, dirName_addr=0xd0010b00)
[W : PPU[1] Thread (CPUThread)[0x002f8004]]: cellGame warning: cellGameContentPermit(contentInfoPath_addr=0xd0010b20, usrdirPath_addr=0xd0010ba0)
[W : PPU[1] Thread (CPUThread)[0x002f2004]]: cellSysmodule warning: cellSysmoduleUnloadModule(CELL_SYSMODULE_SYSUTIL_GAME)
[W : PPU[1] Thread (CPUThread)[0x002fe010]]: cellAudio warning: cellAudioInit()
[W : PPU[1] Thread (CPUThread)[0x002fe07c]]: cellAudio warning: cellAudioPortOpen(audioParam_addr=0xd0010210, portNum_addr=0x2aa790)
[! : Audio Thread]: Audio started
[W : PPU[1] Thread (CPUThread)[0x002fe07c]]: cellAudio warning: *** audio port opened(nChannel=8, nBlock=8, attr=0x0, level=0.000000): port = 0
[W : PPU[1] Thread (CPUThread)[0x002fe040]]: cellAudio warning: cellAudioGetPortConfig(portNum=0x0, portConfig_addr=0x2aa7b8)
[W : PPU[1] Thread (CPUThread)[0x002fe004]]: cellAudio warning: cellAudioCreateNotifyEventQueue(id_addr=0x2aa7a4, key_addr=0x2aa798)
[W : PPU[1] Thread (CPUThread)[0x00312034]]: sys_lwmutex warning: *** lwmutex created [aud-cal] (attribute=0x22): sq_id = 38
[W : PPU[1] Thread (CPUThread)[0x002f2010]]: cellSysmodule warning: cellSysmoduleLoadModule(CELL_SYSMODULE_ATRAC3PLUS)
[W : PPU[1] Thread (CPUThread)[0x00138e28]]: sys_mutex warning: *** mutex created [] (protocol=0x2, recursive=false): id = 39
[W : PPU[1] Thread (CPUThread)[0x0013826c]]: sys_mutex warning: *** mutex created [] (protocol=0x2, recursive=false): id = 40
[W : PPU[1] Thread (CPUThread)[0x00016284]]: sys_mutex warning: *** mutex created [] (protocol=0x2, recursive=false): id = 41
[W : PPU[1] Thread (CPUThread)[0x000163f8]]: sys_spu warning: sys_spu_thread_group_create(id_addr=0x2a8a90, num=1, prio=100, attr_addr=0x2a8b84)
[W : PPU[1] Thread (CPUThread)[0x000163f8]]: sys_spu warning: *** SPU Thread Group created [_synth2 Group] (type=0x0, option.ct=0x0): id=42
[W : PPU[1] Thread (CPUThread)[0x003120e8]]: sysPrxForUser warning: sys_spu_image_import(img=0x2a8a94, src=0x204d00, type=0x1)
[W : PPU[1] Thread (CPUThread)[0x003120e8]]: LoadShdr32 error: shstrndx too big!
[W : PPU[1] Thread (CPUThread)[0x003120e8]]: desc = 'synth2.elf'
[W : PPU[1] Thread (CPUThread)[0x000164f8]]: sys_spu warning: sys_spu_thread_initialize(thread_addr=0x2a8a8c, group=0x2a, spu_num=0, img_addr=0x2a8a94, attr_addr=0x2a8b94, arg_addr=0x2a8ba0)
[W : PPU[1] Thread (CPUThread)[0x000164f8]]: sys_spu warning: *** New SPU Thread [_synth2 Thread] (img_offset=0x316000, ls_offset=0x356000, ep=0xf0, a1=0x2a8b00, a2=0x0, a3=0x0, a4=0x0): id=43
[W : PPU[1] Thread (CPUThread)[0x00016778]]: sys_event warning: sys_event_queue_create(equeue_id_addr=0x221428, attr_addr=0x221430, event_queue_key=0x0, size=32)
[W : PPU[1] Thread (CPUThread)[0x00016778]]: sys_event warning: *** event_queue created [] (protocol=0x2, type=0x1): id = 44
[W : PPU[1] Thread (CPUThread)[0x00016794]]: sys_spu warning: sys_spu_thread_connect_event(id=43, eq_id=44, event_type=0x1, spup=58)
[W : PPU[1] Thread (CPUThread)[0x000167b4]]: sys_event warning: sys_event_queue_create(equeue_id_addr=0x22142c, attr_addr=0x221430, event_queue_key=0x0, size=32)
[W : PPU[1] Thread (CPUThread)[0x000167b4]]: sys_event warning: *** event_queue created [] (protocol=0x2, type=0x2): id = 45
[W : PPU[1] Thread (CPUThread)[0x000167cc]]: sys_event warning: sys_event_port_create(eport_id_addr=0x221440, port_type=0x1, name=0x0)
[W : PPU[1] Thread (CPUThread)[0x000167cc]]: sys_event warning: *** sys_event_port created: id = 46
[W : PPU[1] Thread (CPUThread)[0x000167dc]]: sys_event warning: sys_event_port_connect_local(eport_id=46, equeue_id=45)
[W : PPU[1] Thread (CPUThread)[0x000167f4]]: sys_spu warning: sys_spu_thread_bind_queue(id=43, equeue_id=45, spuq_num=0x1012000)
[W : PPU[1] Thread (CPUThread)[0x0001652c]]: sys_spu warning: sys_spu_thread_group_start(id=42)
[! : PPU[1] Thread (CPUThread)[0x0031201c]]: *** New PPU Thread [synth] (): id = 47
[W : PPU[47] Thread (synth)[0x002fe058]]: cellAudio warning: cellAudioPortStart(portNum=0x0)
[W : PPU[47] Thread (synth)[0x002fe01c]]: cellAudio warning: cellAudioSetNotifyEventQueue(key=0x80004d494f323221)
[W : PPU[1] Thread (CPUThread)[0x001d4174]]: sys_event_flag warning: sys_event_flag_trywait(eflag_id=30, bitptn=0x1, mode=0x2, result_addr=0xd0010490)
[W : PPU[1] Thread (CPUThread)[0x001d4174]]: sys_event_flag warning: sys_event_flag_trywait(eflag_id=30, bitptn=0x1, mode=0x2, result_addr=0xd00104d0)
[W : PPU[1] Thread (CPUThread)[0x001d4174]]: sys_event_flag warning: sys_event_flag_trywait(eflag_id=30, bitptn=0x1, mode=0x2, result_addr=0xd0010580)
[E : PPU[1] Thread (CPUThread)[0x002f4094]]: TODO: cellRescSetVBlankHandler
[W : PPU[1] Thread (CPUThread)[0x002f404c]]: cellResc warning: cellRescSetFlipHandler(handler_addr=0x218c10)
[W : PPU[2] Thread (Callback)[0x001bfe30]]: sys_event_flag warning: sys_event_flag_set(eflag_id=36, bitptn=0x2)
[W : PPU[1] Thread (CPUThread)[0x002f4070]]: cellGcmSys warning: cellGcmSetDisplayBuffer(id=0x0,offset=0x0,pitch=4,width=1920,height=1080)
[W : PPU[1] Thread (CPUThread)[0x001bdf34]]: sys_event_flag warning: sys_event_flag_wait(eflag_id=36, bitptn=0x3, mode=0x11, result_addr=0xd0010580, timeout=0)
[W : PPU[47] Thread (synth)[0x000166b0]]: sys_event_queue_receive(equeue=44) aborted
[W : PPU[1] Thread (CPUThread)[0x001bdf34]]: sys_event_flag_wait(id=36) aborted
[! : RSXThread]: RSX thread exit...
[W : Audio Thread]: Audio aborted
[!]: Mutex(40) was owned by thread 47 (recursive=1)
[!]: Closing memory...
