[!]: path: /dev_hdd0/game/
[!]: Loading 'D:\Emulateurs\Rpcs3\dev_hdd0\game\BLJM61067-[DISORDER6]/PS3_GAME/USRDIR/BOOT.BIN'...
[!]: Mount info:
[!]: /dev_hdd0/ -> D:\Emulateurs\Rpcs3/dev_hdd0/
[!]: /dev_hdd1/ -> D:\Emulateurs\Rpcs3/dev_hdd1/
[!]: /dev_flash/ -> D:\Emulateurs\Rpcs3/dev_flash/
[!]: /dev_usb000/ -> D:\Emulateurs\Rpcs3/dev_usb000/
[!]: /dev_usb/ -> D:\Emulateurs\Rpcs3/dev_usb000/
[!]: /app_home/ -> D:\Emulateurs\Rpcs3\dev_hdd0\game\BLJM61067-[DISORDER6]/PS3_GAME/\USRDIR\
[!]: /dev_bdvd/ -> D:\Emulateurs\Rpcs3\dev_hdd0\game\BLJM61067-[DISORDER6]/PS3_GAME//../
[!]: /host_root/ -> 
[!]: / -> D:\Emulateurs\Rpcs3\dev_hdd0\game\BLJM61067-[DISORDER6]/PS3_GAME/\USRDIR\
[!]: /USRDIR/PS3_GAME/USRDIR/Data/ -> D:\Emulateurs\Rpcs3\dev_hdd0\game\BLJM61067-[DISORDER6]/PS3_GAME/\USRDIR\Data\
[!]: ///resource/ -> D:\Emulateurs\Rpcs3\dev_hdd0\game\BLJM61067-[DISORDER6]/PS3_GAME/\USRDIR\resource\
[!]: /app_home/Game/PS3_GAME/USRDIR/ -> D:\Emulateurs\Rpcs3\dev_hdd0\game\BLJM61067-[DISORDER6]/PS3_GAME/\USRDIR\
[!]: Initing memory...
[!]: Memory initialized.
[!]: Function 'cellAANAddData' hooked (addr=0x2d988c)
[!]: Function 'cellSurMixerGetAANHandle' hooked (addr=0x2d98e4)
[!]: Function 'cellSurMixerSetNotifyCallback' hooked (addr=0x2d991c)
[!]: Function 'cellSurMixerRemoveNotifyCallback' hooked (addr=0x2d99b0)
[!]: Function 'cellSurMixerChStripGetAANPortNo' hooked (addr=0x2da1e8)
[!]: Function 'cellSurMixerSetParameter' hooked (addr=0x2dbacc)
[!]: Function 'cellSurMixerStart' hooked (addr=0x2dbb9c)
[!]: Function 'cellSurMixerFinalize' hooked (addr=0x2dbea4)
[!]: Function 'cellSurMixerCreate' hooked (addr=0x2dc524)
[E]: Function 'cellAANConnect' not found
[E]: Function 'cellAANDisconnect' not found
[E]: Function group [surmxAAN] failed: missing;
[E]: Function 'cellSurMixerSurBusAddData' not found
[E]: Function 'cellSurMixerChStripSetParameter' not found
[E]: Function 'cellSurMixerPause' not found
[E]: Function 'cellSurMixerGetCurrentBlockTag' not found
[E]: Function 'cellSurMixerGetTimestamp' not found
[E]: Function 'cellSurMixerBeep' not found
[E]: Function group [surmixer] failed: missing;
[W]: Unknown module 'cellPhotoUtility'
[W]: Unknown function 0x967a162b in 'sys_fs' module
[E]: TODO: cellFsFsync
[W]: Unknown function 0x21425307 in 'cellSysutil' module
[E]: TODO: cellSaveDataListAutoLoad
[W]: Unknown function 0x220894e3 in 'cellSysutil' module
[E]: TODO: cellSysutilEnableBgmPlayback
[W]: Unknown function 0x4dd03a4e in 'cellSysutil' module
[E]: TODO: cellSaveDataListAutoSave
[W]: Unknown function 0x6cfd856f in 'cellSysutil' module
[E]: TODO: cellSysutilGetBgmPlaybackStatus2
[W]: Unknown function 0xedadd797 in 'cellSysutil' module
[E]: TODO: cellSaveDataDelete2
[W]: Unknown function 0x66f5e388 in 'cellResc' module
[E]: TODO: cellRescGetLastFlipTime
[W]: Unknown function 0xd3758645 in 'cellResc' module
[E]: TODO: cellRescSetVBlankHandler
[W]: Unknown function 0xe0cef79e in 'cellResc' module
[E]: TODO: cellRescCreateInterlaceTable
[W]: Unknown function 0x33435818 in 'cellL10n' module
[E]: TODO: SJISstoUTF8s
[W]: Unknown function 0x8a561d92 in 'sysPrxForUser' module
[E]: TODO: _sys_heap_free
[W]: Unknown function 0xaede4b03 in 'sysPrxForUser' module
[E]: TODO: _sys_heap_delete_heap
[W : PPU[1] Thread (CPUThread)[0x00499034]]: sys_lwmutex warning: *** lwmutex created [_lc_mtx] (attribute=0x12): sq_id = 3
[W : PPU[1] Thread (CPUThread)[0x00307570]]: memory warning: sys_memory_get_user_memory_size(mem_info_addr=0xd0010c04)
[W : PPU[1] Thread (CPUThread)[0x00499034]]: sys_lwmutex warning: *** lwmutex created [_lc_mtx] (attribute=0x12): sq_id = 4
[W : PPU[1] Thread (CPUThread)[0x00499034]]: sys_lwmutex warning: *** lwmutex created [_lc_mtx] (attribute=0x12): sq_id = 5
[W : PPU[1] Thread (CPUThread)[0x00499034]]: sys_lwmutex warning: *** lwmutex created [_lc_mtx] (attribute=0x12): sq_id = 6
[W : PPU[1] Thread (CPUThread)[0x00499034]]: sys_lwmutex warning: *** lwmutex created [_lc_mtx] (attribute=0x12): sq_id = 7
[W : PPU[1] Thread (CPUThread)[0x00499034]]: sys_lwmutex warning: *** lwmutex created [_lc_mtx] (attribute=0x12): sq_id = 8
[W : PPU[1] Thread (CPUThread)[0x00499034]]: sys_lwmutex warning: *** lwmutex created [_lc_mtx] (attribute=0x12): sq_id = 9
[W : PPU[1] Thread (CPUThread)[0x00499034]]: sys_lwmutex warning: *** lwmutex created [_lc_mtx] (attribute=0x12): sq_id = 10
[W : PPU[1] Thread (CPUThread)[0x00499034]]: sys_lwmutex warning: *** lwmutex created [_lc_mtx] (attribute=0x12): sq_id = 11
[W : PPU[1] Thread (CPUThread)[0x00499034]]: sys_lwmutex warning: *** lwmutex created [_lc_mtx] (attribute=0x12): sq_id = 12
[W : PPU[1] Thread (CPUThread)[0x00499034]]: sys_lwmutex warning: *** lwmutex created [_lgcmtx] (attribute=0x12): sq_id = 13
[W : PPU[1] Thread (CPUThread)[0x00499034]]: sys_lwmutex warning: *** lwmutex created [_lgcmtx] (attribute=0x12): sq_id = 14
[W : PPU[1] Thread (CPUThread)[0x00499034]]: sys_lwmutex warning: *** lwmutex created [_lgcmtx] (attribute=0x22): sq_id = 15
[W : PPU[1] Thread (CPUThread)[0x00499034]]: sys_lwmutex warning: *** lwmutex created [_lc_mtx] (attribute=0x12): sq_id = 16
[W : PPU[1] Thread (CPUThread)[0x00499034]]: sys_lwmutex warning: *** lwmutex created [_lc_mtx] (attribute=0x12): sq_id = 17
[W : PPU[1] Thread (CPUThread)[0x00499034]]: sys_lwmutex warning: *** lwmutex created [_lc_mtx] (attribute=0x12): sq_id = 18
[W : PPU[1] Thread (CPUThread)[0x00499034]]: sys_lwmutex warning: *** lwmutex created [_lc_mtx] (attribute=0x12): sq_id = 19
[W : PPU[1] Thread (CPUThread)[0x00499034]]: sys_lwmutex warning: *** lwmutex created [_lc_mtx] (attribute=0x12): sq_id = 20
[W : PPU[1] Thread (CPUThread)[0x00499034]]: sys_lwmutex warning: *** lwmutex created [_lc_mtx] (attribute=0x12): sq_id = 21
[W : PPU[1] Thread (CPUThread)[0x00499034]]: sys_lwmutex warning: *** lwmutex created [_lc_mtx] (attribute=0x12): sq_id = 22
[W : PPU[1] Thread (CPUThread)[0x00499034]]: sys_lwmutex warning: *** lwmutex created [_lc_mtx] (attribute=0x12): sq_id = 23
[W : PPU[1] Thread (CPUThread)[0x00499034]]: sys_lwmutex warning: *** lwmutex created [_lc_mtx] (attribute=0x12): sq_id = 24
[W : PPU[1] Thread (CPUThread)[0x00499034]]: sys_lwmutex warning: *** lwmutex created [_lc_mtx] (attribute=0x12): sq_id = 25
[W : PPU[1] Thread (CPUThread)[0x00499034]]: sys_lwmutex warning: *** lwmutex created [_lc_mtx] (attribute=0x12): sq_id = 26
[W : PPU[1] Thread (CPUThread)[0x00499034]]: sys_lwmutex warning: *** lwmutex created [_lc_mtx] (attribute=0x12): sq_id = 27
[W : PPU[1] Thread (CPUThread)[0x00499034]]: sys_lwmutex warning: *** lwmutex created [] (attribute=0x22): sq_id = 28
[W : PPU[1] Thread (CPUThread)[0x002e202c]]: sys_mutex warning: *** mutex created [] (protocol=0x1, recursive=false): id = 29
[W : PPU[1] Thread (CPUThread)[0x002e202c]]: sys_mutex warning: *** mutex created [] (protocol=0x1, recursive=false): id = 30
[W : PPU[1] Thread (CPUThread)[0x00499034]]: sys_lwmutex warning: *** lwmutex created [] (attribute=0x22): sq_id = 31
[W : PPU[1] Thread (CPUThread)[0x000f1bdc]]: sys_event_flag warning: sys_event_flag_create(eflag_id_addr=0x44b408, attr_addr=0xd0010b00, init=0x0)
[W : PPU[1] Thread (CPUThread)[0x000f1bdc]]: sys_event_flag warning: *** event_flag created [] (protocol=0x2, type=0x20000): id = 32
[W : PPU[1] Thread (CPUThread)[0x000f1c04]]: sys_event_flag warning: sys_event_flag_create(eflag_id_addr=0x44b40c, attr_addr=0xd0010b00, init=0x0)
[W : PPU[1] Thread (CPUThread)[0x000f1c04]]: sys_event_flag warning: *** event_flag created [] (protocol=0x2, type=0x20000): id = 33
[W : PPU[1] Thread (CPUThread)[0x000f1c2c]]: sys_event_flag warning: sys_event_flag_create(eflag_id_addr=0x44b410, attr_addr=0xd0010b00, init=0x0)
[W : PPU[1] Thread (CPUThread)[0x000f1c2c]]: sys_event_flag warning: *** event_flag created [] (protocol=0x2, type=0x20000): id = 34
[W : PPU[1] Thread (CPUThread)[0x000f1c54]]: sys_event_flag warning: sys_event_flag_create(eflag_id_addr=0x44b414, attr_addr=0xd0010b00, init=0x0)
[W : PPU[1] Thread (CPUThread)[0x000f1c54]]: sys_event_flag warning: *** event_flag created [] (protocol=0x2, type=0x20000): id = 35
[W : PPU[1] Thread (CPUThread)[0x0048d010]]: cellSysmodule warning: cellSysmoduleLoadModule(CELL_SYSMODULE_NET)
[W : PPU[1] Thread (CPUThread)[0x0048d010]]: cellSysmodule warning: cellSysmoduleLoadModule(CELL_SYSMODULE_IO)
[W : PPU[1] Thread (CPUThread)[0x0048d010]]: cellSysmodule warning: cellSysmoduleLoadModule(CELL_SYSMODULE_USBD)
[W : PPU[1] Thread (CPUThread)[0x0048d010]]: cellSysmodule warning: cellSysmoduleLoadModule(CELL_SYSMODULE_GCM_SYS)
[W : PPU[1] Thread (CPUThread)[0x0048d010]]: cellSysmodule warning: cellSysmoduleLoadModule(CELL_SYSMODULE_RESC)
[W : PPU[1] Thread (CPUThread)[0x0034c9ec]]: sys_spu warning: sys_spu_initialize(max_usable_spu=6, max_raw_spu=3)
[W : PPU[1] Thread (CPUThread)[0x00489058]]: cellSysutil warning: cellSysutilRegisterCallback(slot=0, func_addr=0x42ce98, userdata=0x0)
[E : PPU[1] Thread (CPUThread)[0x0030347c]]: sys_fs error: "/app_home/fwArgs.txt" not found! flags: 0x00000000
[W : PPU[1] Thread (CPUThread)[0x0048d010]]: cellSysmodule warning: cellSysmoduleLoadModule(CELL_SYSMODULE_GCM_SYS)
[W : PPU[1] Thread (CPUThread)[0x0048d010]]: cellSysmodule warning: cellSysmoduleLoadModule(CELL_SYSMODULE_RESC)
[W : PPU[1] Thread (CPUThread)[0x000379f8]]: sys_spu warning: sys_raw_spu_create(id_addr=0x449564, attr_addr=0xd0010a00)
[W : PPU[1] Thread (CPUThread)[0x00037c38]]: RawSPUThread[0]: Read32(MFC_CMDStatus)
[W : PPU[1] Thread (CPUThread)[0x00037c38]]: RawSPUThread[0]: Read32(MFC_CMDStatus)
[W : PPU[1] Thread (CPUThread)[0x00037f34]]: RawSPUThread[0]: Write32(Prxy_QueryMask, 0x80000000)
[W : PPU[1] Thread (CPUThread)[0x00037f38]]: RawSPUThread[0]: Write32(Prxy_QueryType, 0x2)
[W : PPU[1] Thread (CPUThread)[0x00037f38]]: RawSPUThread[0]: Prxy Query Immediate.
[W : PPU[1] Thread (CPUThread)[0x00037f48]]: RawSPUThread[0]: Read32(MFC_QStatus)
[W : PPU[1] Thread (CPUThread)[0x00037f88]]: RawSPUThread[0]: Write32(SPU_NPC, 0xe0)
[W : PPU[1] Thread (CPUThread)[0x000379a8]]: RawSPUThread[0]: Write32(SPU_NPC, 0xe0)
[W : PPU[1] Thread (CPUThread)[0x0003797c]]: RawSPUThread[0]: Write32(SPU_RunCntl, 0x1)
[W : RawSPU[36] Thread (CPUThread)[0x000000e0]]: Starting RawSPU...
[W : PPU[1] Thread (CPUThread)[0x00034acc]]: RawSPUThread[0]: Read32(SPU_Out_MBox)
[W : PPU[1] Thread (CPUThread)[0x00034b08]]: RawSPUThread[0]: Read32(SPU_Out_MBox)
[W : PPU[1] Thread (CPUThread)[0x00487010]]: cellGcmSys warning: cellGcmInit(context_addr=0x47ca20,cmdSize=0x10000,ioSize=0x100000,ioAddress=0x30200000)
[W : PPU[1] Thread (CPUThread)[0x00487010]]: cellGcmSys warning: *** local memory(addr=0xc0000000, size=0xf900000)
[W : PPU[1] Thread (CPUThread)[0x00487010]]: cellGcmSys warning: cellGcmMapEaIoAddress(ea=0x30200000, io=0x0, size=0x100000)
[! : RSXThread]: RSX thread entry
[W : PPU[1] Thread (CPUThread)[0x00487070]]: cellGcmSys warning: cellGcmSetDebugOutputLevel(level=2)
[E : PPU[1] Thread (CPUThread)[0x0048716c]]: cellGcmSys error: Unimplemented function: cellGcmSetGraphicsHandler
[E : RSXThread]: TODO: unknown/illegal method [0x00001fec](0x0)
[E : RSXThread]: TODO: cellGcmSetTwoSideLightEn(0x0)
[E : RSXThread]: TODO: cellGcmSetFrequencyDividerOperation(0x0)
[W : RSXThread]: NV4097_SET_VIEWPORT_OFFSET: 45000000
[W : RSXThread]: NV4097_SET_VIEWPORT_OFFSET: 45000000
[W : PPU[1] Thread (CPUThread)[0x00487094]]: cellGcmSys warning: cellGcmMapEaIoAddress(ea=0x30500000, io=0xe000000, size=0x100000)
[W : PPU[1] Thread (CPUThread)[0x00487184]]: cellGcmSys warning: cellGcmUnbindTile(index=0)
[W : PPU[1] Thread (CPUThread)[0x00487184]]: cellGcmSys warning: cellGcmUnbindTile(index=1)
[W : PPU[1] Thread (CPUThread)[0x00487184]]: cellGcmSys warning: cellGcmUnbindTile(index=2)
[W : PPU[1] Thread (CPUThread)[0x00487184]]: cellGcmSys warning: cellGcmUnbindTile(index=3)
[W : PPU[1] Thread (CPUThread)[0x00487184]]: cellGcmSys warning: cellGcmUnbindTile(index=4)
[W : PPU[1] Thread (CPUThread)[0x00487184]]: cellGcmSys warning: cellGcmUnbindTile(index=5)
[W : PPU[1] Thread (CPUThread)[0x00487184]]: cellGcmSys warning: cellGcmUnbindTile(index=6)
[W : PPU[1] Thread (CPUThread)[0x00487184]]: cellGcmSys warning: cellGcmUnbindTile(index=7)
[W : PPU[1] Thread (CPUThread)[0x00487184]]: cellGcmSys warning: cellGcmUnbindTile(index=8)
[W : PPU[1] Thread (CPUThread)[0x00487184]]: cellGcmSys warning: cellGcmUnbindTile(index=9)
[W : PPU[1] Thread (CPUThread)[0x00487184]]: cellGcmSys warning: cellGcmUnbindTile(index=10)
[W : PPU[1] Thread (CPUThread)[0x00487184]]: cellGcmSys warning: cellGcmUnbindTile(index=11)
[W : PPU[1] Thread (CPUThread)[0x00487184]]: cellGcmSys warning: cellGcmUnbindTile(index=12)
[W : PPU[1] Thread (CPUThread)[0x00487184]]: cellGcmSys warning: cellGcmUnbindTile(index=13)
[W : PPU[1] Thread (CPUThread)[0x00487184]]: cellGcmSys warning: cellGcmUnbindTile(index=14)
[W : RSXThread]: NV406E_SEMAPHORE_ACQUIRE: 1
[W : PPU[1] Thread (CPUThread)[0x00487148]]: cellGcmSys warning: cellGcmSetTileInfo(index=0, location=0, offset=257163264, size=3932160, pitch=5120, comp=0, base=0, bank=0)
[W : PPU[1] Thread (CPUThread)[0x00487058]]: cellGcmSys warning: cellGcmBindTile(index=0)
[W : RSXThread]: NV406E_SEMAPHORE_ACQUIRE: 3
[W : PPU[1] Thread (CPUThread)[0x00487148]]: cellGcmSys warning: cellGcmSetTileInfo(index=0, location=0, offset=253231104, size=7864320, pitch=5120, comp=0, base=0, bank=0)
[W : PPU[1] Thread (CPUThread)[0x00487058]]: cellGcmSys warning: cellGcmBindTile(index=0)
[W : RSXThread]: NV406E_SEMAPHORE_ACQUIRE: 5
[W : PPU[1] Thread (CPUThread)[0x00487148]]: cellGcmSys warning: cellGcmSetTileInfo(index=1, location=0, offset=249298944, size=3932160, pitch=5120, comp=10, base=1, bank=3)
[E : PPU[1] Thread (CPUThread)[0x00487148]]: cellGcmSys error: cellGcmSetTileInfo: bad comp! (10)
[W : PPU[1] Thread (CPUThread)[0x00487058]]: cellGcmSys warning: cellGcmBindTile(index=1)
[W : RSXThread]: NV406E_SEMAPHORE_ACQUIRE: 7
[W : PPU[1] Thread (CPUThread)[0x004870dc]]: cellGcmSys warning: TODO: cellGcmBindZcull(index=0)
[W : PPU[1] Thread (CPUThread)[0x0008aa34]]: sys_semaphore warning: sys_semaphore_create(sem_addr=0x449b28, attr_addr=0xd00108d0, initial_count=1, max_count=2)
[W : PPU[1] Thread (CPUThread)[0x004870f4]]: cellGcmSys warning: cellGcmSetFlipHandler(handler_addr=4341048)
[E : PPU[1] Thread (CPUThread)[0x00487130]]: cellGcmSys error: Unimplemented function: cellGcmSetVBlankHandler
[W : PPU[1] Thread (CPUThread)[0x00489004]]: cellSysutil warning: cellVideoOutConfigure(videoOut=0, config_addr=0xd00108a0, option_addr=0x0, waitForEvent=0x0)
[W : PPU[1] Thread (CPUThread)[0x00487064]]: cellGcmSys warning: cellGcmSetFlipMode(mode=1)
[W : RSXThread]: NV4097_SET_VIEWPORT_OFFSET: 44200002
[W : RSXThread]: NV4097_SET_VIEWPORT_OFFSET: 44200002
[W : RSXThread]: NV4097_SET_VIEWPORT_OFFSET: 44200002
[W : RSXThread]: NV4097_SET_VIEWPORT_OFFSET: 44200002
[W : RSXThread]: NV4097_SET_ANTI_ALIASING_CONTROL: ffff0000
[W : RSXThread]: NV4097_SET_ZCULL_CONTROL0: 10
[W : RSXThread]: NV4097_NO_OPERATION
[W : RSXThread]: NV4097_SET_ANTI_ALIASING_CONTROL: ffff0000
[W : RSXThread]: NV4097_NO_OPERATION
[W : PPU[1] Thread (CPUThread)[0x00037734]]: sys_mutex warning: *** mutex created [] (protocol=0x2, recursive=false): id = 38
[W : PPU[1] Thread (CPUThread)[0x0003786c]]: sys_cond warning: *** condition created [] (mutex_id=38): id = 39
[W : PPU[1] Thread (CPUThread)[0x00035290]]: RawSPUThread[0]: Write32(SPU_In_MBox, 0x0)
[W : PPU[1] Thread (CPUThread)[0x00035290]]: RawSPUThread[0]: Write32(SPU_In_MBox, 0x120001)
[W : PPU[1] Thread (CPUThread)[0x00035314]]: RawSPUThread[0]: Read32(SPU_Out_MBox)
[W : PPU[1] Thread (CPUThread)[0x000f1f94]]: vm warning: sys_vm_memory_map(vsize=0xc000000,psize=0x1c00000,cidr=0xffffffff,flags=0x40b,policy=0x1,addr=0xd0010970)
[W : PPU[1] Thread (CPUThread)[0x0048d010]]: cellSysmodule warning: cellSysmoduleLoadModule(CELL_SYSMODULE_SYSUTIL_GAME)
[W : PPU[1] Thread (CPUThread)[0x0048d01c]]: cellSysmodule warning: cellSysmoduleIsLoaded(CELL_SYSMODULE_SYSUTIL_GAME)
[W : PPU[1] Thread (CPUThread)[0x0041b01c]]: cellGame warning: cellGameBootCheck(type_addr=0xd0010690, attributes_addr=0xd0010694, size_addr=0xd00106a0, dirName_addr=0xd00106b0)
[W : PPU[1] Thread (CPUThread)[0x0048d004]]: cellSysmodule warning: cellSysmoduleUnloadModule(CELL_SYSMODULE_SYSUTIL_GAME)
[! : PPU[1] Thread (CPUThread)[0x0049901c]]: *** New PPU Thread [AGEST7ti] (): id = 40
[W : PPU[40] Thread (AGEST7ti)[0x0041d058]]: sceNpTrophy warning: sceNpTrophyCreateContext(context_addr=0x448aa8, commID_addr=0x3efc84, commSign_addr=0x3efc90, options=0x0)
[W : PPU[1] Thread (CPUThread)[0x00487064]]: cellGcmSys warning: cellGcmSetFlipMode(mode=2)
[W : RSXThread]: NV4097_SET_VERTEX_ATTRIB_INPUT_MASK: f0d
[W : RSXThread]: NV4097_SET_ANTI_ALIASING_CONTROL: ffff0000
[W : RSXThread]: NV4097_SET_ZCULL_CONTROL0: 10
[W : RSXThread]: NV4097_NO_OPERATION
[W : PPU[1] Thread (CPUThread)[0x00487118]]: cellGcmSys warning: cellGcmGetReportDataLocation(index=4991, location=1)
[W : PPU[1] Thread (CPUThread)[0x00487118]]: cellGcmSys warning: cellGcmGetReportDataLocation(index=4992, location=1)
[W : PPU[1] Thread (CPUThread)[0x00487118]]: cellGcmSys warning: cellGcmGetReportDataLocation(index=4993, location=1)
[W : PPU[1] Thread (CPUThread)[0x00487118]]: cellGcmSys warning: cellGcmGetReportDataLocation(index=4994, location=1)
[E : RSXThread]: TODO: cellGcmSetLineStipple(0x0)
[E : RSXThread]: TODO: cellGcmSetPolygonStipple(0x0)
[E : RSXThread]: TODO: cellGcmSetContextDmaReport(0xbad68000)
[E : RSXThread]: TODO: cellGcmSetZcullStatsEnable(0x0)
[W : RSXThread]: NV4097_GET_REPORT: Unimplemented type 2
[W : RSXThread]: NV4097_GET_REPORT: Unimplemented type 3
[W : RSXThread]: NV4097_GET_REPORT: Unimplemented type 4
[W : RSXThread]: NV4097_GET_REPORT: Unimplemented type 5
[E : RSXThread]: TODO: cellGcmClearReportValue(0x2)
[E : RSXThread]: TODO: cellGcmSetZcullStatsEnable(0x1)
[W : RSXThread]: NV4097_SET_ANTI_ALIASING_CONTROL: ffff0000
[W : RSXThread]: NV4097_SET_ZCULL_CONTROL0: 10
[W : RSXThread]: NV4097_NO_OPERATION
[W : PPU[1] Thread (CPUThread)[0x00487118]]: cellGcmSys warning: cellGcmGetReportDataLocation(index=4991, location=1)
[W : PPU[1] Thread (CPUThread)[0x00487118]]: cellGcmSys warning: cellGcmGetReportDataLocation(index=4992, location=1)
[W : PPU[1] Thread (CPUThread)[0x00487118]]: cellGcmSys warning: cellGcmGetReportDataLocation(index=4993, location=1)
[W : PPU[1] Thread (CPUThread)[0x00487118]]: cellGcmSys warning: cellGcmGetReportDataLocation(index=4994, location=1)
[E : RSXThread]: TODO: cellGcmSetLineStipple(0x0)
[E : RSXThread]: TODO: cellGcmSetPolygonStipple(0x0)
[E : RSXThread]: TODO: cellGcmSetContextDmaReport(0xbad68000)
[E : RSXThread]: TODO: cellGcmSetZcullStatsEnable(0x0)
[W : RSXThread]: NV4097_GET_REPORT: Unimplemented type 2
[W : RSXThread]: NV4097_GET_REPORT: Unimplemented type 3
[W : RSXThread]: NV4097_GET_REPORT: Unimplemented type 4
[W : RSXThread]: NV4097_GET_REPORT: Unimplemented type 5
[E : RSXThread]: TODO: cellGcmClearReportValue(0x2)
[E : RSXThread]: TODO: cellGcmSetZcullStatsEnable(0x1)
[W : PPU[1] Thread (CPUThread)[0x0030347c]]: *** cellFsOpen(path="/shaders/vsNonTexture2D.cgelf"): fd = 41
[W : PPU[1] Thread (CPUThread)[0x00499034]]: sys_lwmutex warning: *** lwmutex created [_lc_mtx] (attribute=0x12): sq_id = 42
[W : PPU[1] Thread (CPUThread)[0x003033f4]]: sys_fs warning: cellFsClose(fd=41)
[W : PPU[1] Thread (CPUThread)[0x0049910c]]: sys_lwmutex warning: sys_lwmutex_destroy(lwmutex_addr=0x301a2500)
[W : PPU[1] Thread (CPUThread)[0x0030347c]]: *** cellFsOpen(path="/shaders/vsNonTexture2D.cgelf"): fd = 43
[W : PPU[1] Thread (CPUThread)[0x00499034]]: sys_lwmutex warning: *** lwmutex created [_lc_mtx] (attribute=0x12): sq_id = 44
[W : PPU[1] Thread (CPUThread)[0x003033f4]]: sys_fs warning: cellFsClose(fd=43)
[W : PPU[1] Thread (CPUThread)[0x0049910c]]: sys_lwmutex warning: sys_lwmutex_destroy(lwmutex_addr=0x301a2500)
[W : PPU[1] Thread (CPUThread)[0x0030347c]]: *** cellFsOpen(path="/shaders/fsNonTexture2D.cgelf"): fd = 45
[W : PPU[1] Thread (CPUThread)[0x00499034]]: sys_lwmutex warning: *** lwmutex created [_lc_mtx] (attribute=0x12): sq_id = 46
[W : PPU[1] Thread (CPUThread)[0x003033f4]]: sys_fs warning: cellFsClose(fd=45)
[W : PPU[1] Thread (CPUThread)[0x0049910c]]: sys_lwmutex warning: sys_lwmutex_destroy(lwmutex_addr=0x301a2b30)
[W : PPU[1] Thread (CPUThread)[0x0030347c]]: *** cellFsOpen(path="/shaders/fsNonTexture2D.cgelf"): fd = 47
[W : PPU[1] Thread (CPUThread)[0x00499034]]: sys_lwmutex warning: *** lwmutex created [_lc_mtx] (attribute=0x12): sq_id = 48
[W : PPU[1] Thread (CPUThread)[0x003033f4]]: sys_fs warning: cellFsClose(fd=47)
[W : PPU[1] Thread (CPUThread)[0x0049910c]]: sys_lwmutex warning: sys_lwmutex_destroy(lwmutex_addr=0x301a2b30)
[W : PPU[1] Thread (CPUThread)[0x0030347c]]: *** cellFsOpen(path="/shaders/vsUseTexture2D.cgelf"): fd = 49
[W : PPU[1] Thread (CPUThread)[0x00499034]]: sys_lwmutex warning: *** lwmutex created [_lc_mtx] (attribute=0x12): sq_id = 50
[W : PPU[1] Thread (CPUThread)[0x003033f4]]: sys_fs warning: cellFsClose(fd=49)
[W : PPU[1] Thread (CPUThread)[0x0049910c]]: sys_lwmutex warning: sys_lwmutex_destroy(lwmutex_addr=0x301a3330)
[W : PPU[1] Thread (CPUThread)[0x0030347c]]: *** cellFsOpen(path="/shaders/vsUseTexture2D.cgelf"): fd = 51
[W : PPU[1] Thread (CPUThread)[0x00499034]]: sys_lwmutex warning: *** lwmutex created [_lc_mtx] (attribute=0x12): sq_id = 52
[W : PPU[1] Thread (CPUThread)[0x003033f4]]: sys_fs warning: cellFsClose(fd=51)
[W : PPU[1] Thread (CPUThread)[0x0049910c]]: sys_lwmutex warning: sys_lwmutex_destroy(lwmutex_addr=0x301a3330)
[W : PPU[1] Thread (CPUThread)[0x0030347c]]: *** cellFsOpen(path="/shaders/fsUseTexture2D.cgelf"): fd = 53
[W : PPU[1] Thread (CPUThread)[0x00499034]]: sys_lwmutex warning: *** lwmutex created [_lc_mtx] (attribute=0x12): sq_id = 54
[W : PPU[1] Thread (CPUThread)[0x003033f4]]: sys_fs warning: cellFsClose(fd=53)
[W : PPU[1] Thread (CPUThread)[0x0049910c]]: sys_lwmutex warning: sys_lwmutex_destroy(lwmutex_addr=0x301a3050)
[W : PPU[1] Thread (CPUThread)[0x0030347c]]: *** cellFsOpen(path="/shaders/fsUseTexture2D.cgelf"): fd = 55
[W : PPU[1] Thread (CPUThread)[0x00499034]]: sys_lwmutex warning: *** lwmutex created [_lc_mtx] (attribute=0x12): sq_id = 56
[W : PPU[1] Thread (CPUThread)[0x003033f4]]: sys_fs warning: cellFsClose(fd=55)
[W : PPU[1] Thread (CPUThread)[0x0049910c]]: sys_lwmutex warning: sys_lwmutex_destroy(lwmutex_addr=0x301a3050)
[W : PPU[1] Thread (CPUThread)[0x00035290]]: RawSPUThread[0]: Write32(SPU_In_MBox, 0x80002)
[W : PPU[1] Thread (CPUThread)[0x00035290]]: RawSPUThread[0]: Write32(SPU_In_MBox, 0x120003)
[W : PPU[1] Thread (CPUThread)[0x00035314]]: RawSPUThread[0]: Read32(SPU_Out_MBox)
[W : PPU[1] Thread (CPUThread)[0x0030347c]]: *** cellFsOpen(path="/shaders/fsUseTexture2D_Tile.cgelf"): fd = 57
[W : PPU[1] Thread (CPUThread)[0x00499034]]: sys_lwmutex warning: *** lwmutex created [_lc_mtx] (attribute=0x12): sq_id = 58
[W : PPU[1] Thread (CPUThread)[0x003033f4]]: sys_fs warning: cellFsClose(fd=57)
[W : PPU[1] Thread (CPUThread)[0x0049910c]]: sys_lwmutex warning: sys_lwmutex_destroy(lwmutex_addr=0x301a40e0)
[W : PPU[1] Thread (CPUThread)[0x0030347c]]: *** cellFsOpen(path="/shaders/fsUseTexture2D_Tile.cgelf"): fd = 59
[W : PPU[1] Thread (CPUThread)[0x00499034]]: sys_lwmutex warning: *** lwmutex created [_lc_mtx] (attribute=0x12): sq_id = 60
[W : PPU[1] Thread (CPUThread)[0x003033f4]]: sys_fs warning: cellFsClose(fd=59)
[W : PPU[1] Thread (CPUThread)[0x0049910c]]: sys_lwmutex warning: sys_lwmutex_destroy(lwmutex_addr=0x301a40e0)
[W : PPU[1] Thread (CPUThread)[0x00035290]]: RawSPUThread[0]: Write32(SPU_In_MBox, 0x80004)
[W : PPU[1] Thread (CPUThread)[0x00035290]]: RawSPUThread[0]: Write32(SPU_In_MBox, 0x120005)
[W : PPU[1] Thread (CPUThread)[0x00035314]]: RawSPUThread[0]: Read32(SPU_Out_MBox)
[W : PPU[1] Thread (CPUThread)[0x0030347c]]: *** cellFsOpen(path="/shaders/fsUseFontTexture2D.cgelf"): fd = 61
[W : PPU[1] Thread (CPUThread)[0x00499034]]: sys_lwmutex warning: *** lwmutex created [_lc_mtx] (attribute=0x12): sq_id = 62
[W : PPU[1] Thread (CPUThread)[0x003033f4]]: sys_fs warning: cellFsClose(fd=61)
[W : PPU[1] Thread (CPUThread)[0x0049910c]]: sys_lwmutex warning: sys_lwmutex_destroy(lwmutex_addr=0x301a4840)
[W : PPU[1] Thread (CPUThread)[0x0030347c]]: *** cellFsOpen(path="/shaders/fsUseFontTexture2D.cgelf"): fd = 63
[W : PPU[1] Thread (CPUThread)[0x00499034]]: sys_lwmutex warning: *** lwmutex created [_lc_mtx] (attribute=0x12): sq_id = 64
[W : PPU[1] Thread (CPUThread)[0x003033f4]]: sys_fs warning: cellFsClose(fd=63)
[W : PPU[1] Thread (CPUThread)[0x0049910c]]: sys_lwmutex warning: sys_lwmutex_destroy(lwmutex_addr=0x301a4840)
[W : PPU[1] Thread (CPUThread)[0x00035290]]: RawSPUThread[0]: Write32(SPU_In_MBox, 0x80006)
[W : PPU[1] Thread (CPUThread)[0x00035290]]: RawSPUThread[0]: Write32(SPU_In_MBox, 0x120007)
[W : PPU[1] Thread (CPUThread)[0x00035314]]: RawSPUThread[0]: Read32(SPU_Out_MBox)
[W : PPU[1] Thread (CPUThread)[0x0030347c]]: *** cellFsOpen(path="/shaders/fsUseTexture2D_FadeCarten_D2U.cgelf"): fd = 65
[W : PPU[1] Thread (CPUThread)[0x00499034]]: sys_lwmutex warning: *** lwmutex created [_lc_mtx] (attribute=0x12): sq_id = 66
[W : PPU[1] Thread (CPUThread)[0x003033f4]]: sys_fs warning: cellFsClose(fd=65)
[W : PPU[1] Thread (CPUThread)[0x0049910c]]: sys_lwmutex warning: sys_lwmutex_destroy(lwmutex_addr=0x301a4fc0)
[W : PPU[1] Thread (CPUThread)[0x0030347c]]: *** cellFsOpen(path="/shaders/fsUseTexture2D_FadeCarten_D2U.cgelf"): fd = 67
[W : PPU[1] Thread (CPUThread)[0x00499034]]: sys_lwmutex warning: *** lwmutex created [_lc_mtx] (attribute=0x12): sq_id = 68
[W : PPU[1] Thread (CPUThread)[0x003033f4]]: sys_fs warning: cellFsClose(fd=67)
[W : PPU[1] Thread (CPUThread)[0x0049910c]]: sys_lwmutex warning: sys_lwmutex_destroy(lwmutex_addr=0x301a4fc0)
[W : PPU[1] Thread (CPUThread)[0x00035290]]: RawSPUThread[0]: Write32(SPU_In_MBox, 0x80008)
[W : PPU[1] Thread (CPUThread)[0x00035290]]: RawSPUThread[0]: Write32(SPU_In_MBox, 0x120009)
[W : PPU[1] Thread (CPUThread)[0x00035314]]: RawSPUThread[0]: Read32(SPU_Out_MBox)
[W : PPU[1] Thread (CPUThread)[0x0030347c]]: *** cellFsOpen(path="/shaders/fsUseTexture2D_FadeCarten_U2D.cgelf"): fd = 69
[W : PPU[1] Thread (CPUThread)[0x00499034]]: sys_lwmutex warning: *** lwmutex created [_lc_mtx] (attribute=0x12): sq_id = 70
[W : PPU[1] Thread (CPUThread)[0x003033f4]]: sys_fs warning: cellFsClose(fd=69)
[W : PPU[1] Thread (CPUThread)[0x0049910c]]: sys_lwmutex warning: sys_lwmutex_destroy(lwmutex_addr=0x301a5720)
[W : PPU[1] Thread (CPUThread)[0x0030347c]]: *** cellFsOpen(path="/shaders/fsUseTexture2D_FadeCarten_U2D.cgelf"): fd = 71
[W : PPU[1] Thread (CPUThread)[0x00499034]]: sys_lwmutex warning: *** lwmutex created [_lc_mtx] (attribute=0x12): sq_id = 72
[W : PPU[1] Thread (CPUThread)[0x003033f4]]: sys_fs warning: cellFsClose(fd=71)
[W : PPU[1] Thread (CPUThread)[0x0049910c]]: sys_lwmutex warning: sys_lwmutex_destroy(lwmutex_addr=0x301a5720)
[W : PPU[1] Thread (CPUThread)[0x00035290]]: RawSPUThread[0]: Write32(SPU_In_MBox, 0x8000a)
[W : PPU[1] Thread (CPUThread)[0x00035290]]: RawSPUThread[0]: Write32(SPU_In_MBox, 0x12000b)
[W : PPU[1] Thread (CPUThread)[0x00035314]]: RawSPUThread[0]: Read32(SPU_Out_MBox)
[W : PPU[1] Thread (CPUThread)[0x0030347c]]: *** cellFsOpen(path="/shaders/fsUseTexture2D_FadeCarten_L2R.cgelf"): fd = 73
[W : PPU[1] Thread (CPUThread)[0x00499034]]: sys_lwmutex warning: *** lwmutex created [_lc_mtx] (attribute=0x12): sq_id = 74
[W : PPU[1] Thread (CPUThread)[0x003033f4]]: sys_fs warning: cellFsClose(fd=73)
[W : PPU[1] Thread (CPUThread)[0x0049910c]]: sys_lwmutex warning: sys_lwmutex_destroy(lwmutex_addr=0x301a5de0)
[W : PPU[1] Thread (CPUThread)[0x0030347c]]: *** cellFsOpen(path="/shaders/fsUseTexture2D_FadeCarten_L2R.cgelf"): fd = 75
[W : PPU[1] Thread (CPUThread)[0x00499034]]: sys_lwmutex warning: *** lwmutex created [_lc_mtx] (attribute=0x12): sq_id = 76
[W : PPU[1] Thread (CPUThread)[0x003033f4]]: sys_fs warning: cellFsClose(fd=75)
[W : PPU[1] Thread (CPUThread)[0x0049910c]]: sys_lwmutex warning: sys_lwmutex_destroy(lwmutex_addr=0x301a5de0)
[W : PPU[1] Thread (CPUThread)[0x00035290]]: RawSPUThread[0]: Write32(SPU_In_MBox, 0x8000c)
[W : PPU[1] Thread (CPUThread)[0x00035290]]: RawSPUThread[0]: Write32(SPU_In_MBox, 0x12000d)
[W : PPU[1] Thread (CPUThread)[0x00035314]]: RawSPUThread[0]: Read32(SPU_Out_MBox)
[W : PPU[1] Thread (CPUThread)[0x0030347c]]: *** cellFsOpen(path="/shaders/fsUseTexture2D_FadeCarten_R2L.cgelf"): fd = 77
[W : PPU[1] Thread (CPUThread)[0x00499034]]: sys_lwmutex warning: *** lwmutex created [_lc_mtx] (attribute=0x12): sq_id = 78
[W : PPU[1] Thread (CPUThread)[0x003033f4]]: sys_fs warning: cellFsClose(fd=77)
[W : PPU[1] Thread (CPUThread)[0x0049910c]]: sys_lwmutex warning: sys_lwmutex_destroy(lwmutex_addr=0x301a4620)
[W : PPU[1] Thread (CPUThread)[0x0030347c]]: *** cellFsOpen(path="/shaders/fsUseTexture2D_FadeCarten_R2L.cgelf"): fd = 79
[W : PPU[1] Thread (CPUThread)[0x00499034]]: sys_lwmutex warning: *** lwmutex created [_lc_mtx] (attribute=0x12): sq_id = 80
[W : PPU[1] Thread (CPUThread)[0x003033f4]]: sys_fs warning: cellFsClose(fd=79)
[W : PPU[1] Thread (CPUThread)[0x0049910c]]: sys_lwmutex warning: sys_lwmutex_destroy(lwmutex_addr=0x301a4620)
[W : PPU[1] Thread (CPUThread)[0x00035290]]: RawSPUThread[0]: Write32(SPU_In_MBox, 0x8000e)
[W : PPU[1] Thread (CPUThread)[0x00035290]]: RawSPUThread[0]: Write32(SPU_In_MBox, 0x12000f)
[W : PPU[1] Thread (CPUThread)[0x00035314]]: RawSPUThread[0]: Read32(SPU_Out_MBox)
[W : PPU[1] Thread (CPUThread)[0x0030347c]]: *** cellFsOpen(path="/shaders/fsUseTexture2D_FadeMozaik.cgelf"): fd = 81
[W : PPU[1] Thread (CPUThread)[0x00499034]]: sys_lwmutex warning: *** lwmutex created [_lc_mtx] (attribute=0x12): sq_id = 82
[W : PPU[1] Thread (CPUThread)[0x003033f4]]: sys_fs warning: cellFsClose(fd=81)
[W : PPU[1] Thread (CPUThread)[0x0049910c]]: sys_lwmutex warning: sys_lwmutex_destroy(lwmutex_addr=0x301a6ca0)
[W : PPU[1] Thread (CPUThread)[0x0030347c]]: *** cellFsOpen(path="/shaders/fsUseTexture2D_FadeMozaik.cgelf"): fd = 83
[W : PPU[1] Thread (CPUThread)[0x00499034]]: sys_lwmutex warning: *** lwmutex created [_lc_mtx] (attribute=0x12): sq_id = 84
[W : PPU[1] Thread (CPUThread)[0x003033f4]]: sys_fs warning: cellFsClose(fd=83)
[W : PPU[1] Thread (CPUThread)[0x0049910c]]: sys_lwmutex warning: sys_lwmutex_destroy(lwmutex_addr=0x301a6ca0)
[W : PPU[1] Thread (CPUThread)[0x00035290]]: RawSPUThread[0]: Write32(SPU_In_MBox, 0x80000)
[W : PPU[1] Thread (CPUThread)[0x00035290]]: RawSPUThread[0]: Write32(SPU_In_MBox, 0x120001)
[W : PPU[1] Thread (CPUThread)[0x00035314]]: RawSPUThread[0]: Read32(SPU_Out_MBox)
[W : PPU[1] Thread (CPUThread)[0x0030347c]]: *** cellFsOpen(path="/shaders/fsUseTexture2D_FadeInvert.cgelf"): fd = 85
[W : PPU[1] Thread (CPUThread)[0x00499034]]: sys_lwmutex warning: *** lwmutex created [_lc_mtx] (attribute=0x12): sq_id = 86
[W : PPU[1] Thread (CPUThread)[0x003033f4]]: sys_fs warning: cellFsClose(fd=85)
[W : PPU[1] Thread (CPUThread)[0x0049910c]]: sys_lwmutex warning: sys_lwmutex_destroy(lwmutex_addr=0x301a6540)
[W : PPU[1] Thread (CPUThread)[0x0030347c]]: *** cellFsOpen(path="/shaders/fsUseTexture2D_FadeInvert.cgelf"): fd = 87
[W : PPU[1] Thread (CPUThread)[0x00499034]]: sys_lwmutex warning: *** lwmutex created [_lc_mtx] (attribute=0x12): sq_id = 88
[W : PPU[1] Thread (CPUThread)[0x003033f4]]: sys_fs warning: cellFsClose(fd=87)
[W : PPU[1] Thread (CPUThread)[0x0049910c]]: sys_lwmutex warning: sys_lwmutex_destroy(lwmutex_addr=0x301a6540)
[W : PPU[1] Thread (CPUThread)[0x00035290]]: RawSPUThread[0]: Write32(SPU_In_MBox, 0x80002)
[W : PPU[1] Thread (CPUThread)[0x00035290]]: RawSPUThread[0]: Write32(SPU_In_MBox, 0x120003)
[W : PPU[1] Thread (CPUThread)[0x00035314]]: RawSPUThread[0]: Read32(SPU_Out_MBox)
[W : PPU[1] Thread (CPUThread)[0x0030347c]]: *** cellFsOpen(path="/shaders/fsUseTexture2D_PatternTransition.cgelf"): fd = 89
[W : PPU[1] Thread (CPUThread)[0x00499034]]: sys_lwmutex warning: *** lwmutex created [_lc_mtx] (attribute=0x12): sq_id = 90
[W : PPU[1] Thread (CPUThread)[0x003033f4]]: sys_fs warning: cellFsClose(fd=89)
[W : PPU[1] Thread (CPUThread)[0x0049910c]]: sys_lwmutex warning: sys_lwmutex_destroy(lwmutex_addr=0x301a7af0)
[W : PPU[1] Thread (CPUThread)[0x0030347c]]: *** cellFsOpen(path="/shaders/fsUseTexture2D_PatternTransition.cgelf"): fd = 91
[W : PPU[1] Thread (CPUThread)[0x00499034]]: sys_lwmutex warning: *** lwmutex created [_lc_mtx] (attribute=0x12): sq_id = 92
[W : PPU[1] Thread (CPUThread)[0x003033f4]]: sys_fs warning: cellFsClose(fd=91)
[W : PPU[1] Thread (CPUThread)[0x0049910c]]: sys_lwmutex warning: sys_lwmutex_destroy(lwmutex_addr=0x301a7af0)
[W : PPU[1] Thread (CPUThread)[0x00035290]]: RawSPUThread[0]: Write32(SPU_In_MBox, 0x80004)
[W : PPU[1] Thread (CPUThread)[0x00035290]]: RawSPUThread[0]: Write32(SPU_In_MBox, 0x120005)
[W : PPU[1] Thread (CPUThread)[0x00035314]]: RawSPUThread[0]: Read32(SPU_Out_MBox)
[W : PPU[1] Thread (CPUThread)[0x0030347c]]: *** cellFsOpen(path="/shaders/fsUseTexture2D_LumMulAddFog_UvClip.cgelf"): fd = 93
[W : PPU[1] Thread (CPUThread)[0x00499034]]: sys_lwmutex warning: *** lwmutex created [_lc_mtx] (attribute=0x12): sq_id = 94
[W : PPU[1] Thread (CPUThread)[0x003033f4]]: sys_fs warning: cellFsClose(fd=93)
[W : PPU[1] Thread (CPUThread)[0x0049910c]]: sys_lwmutex warning: sys_lwmutex_destroy(lwmutex_addr=0x301a84e0)
[W : PPU[1] Thread (CPUThread)[0x0030347c]]: *** cellFsOpen(path="/shaders/fsUseTexture2D_LumMulAddFog_UvClip.cgelf"): fd = 95
[W : PPU[1] Thread (CPUThread)[0x00499034]]: sys_lwmutex warning: *** lwmutex created [_lc_mtx] (attribute=0x12): sq_id = 96
[W : PPU[1] Thread (CPUThread)[0x003033f4]]: sys_fs warning: cellFsClose(fd=95)
[W : PPU[1] Thread (CPUThread)[0x0049910c]]: sys_lwmutex warning: sys_lwmutex_destroy(lwmutex_addr=0x301a84e0)
[W : PPU[1] Thread (CPUThread)[0x00035290]]: RawSPUThread[0]: Write32(SPU_In_MBox, 0x80006)
[W : PPU[1] Thread (CPUThread)[0x00035290]]: RawSPUThread[0]: Write32(SPU_In_MBox, 0x120007)
[W : PPU[1] Thread (CPUThread)[0x00035314]]: RawSPUThread[0]: Read32(SPU_Out_MBox)
[W : PPU[1] Thread (CPUThread)[0x0030347c]]: *** cellFsOpen(path="/shaders/fsUseTexture2D_FadeXsSrcRotate.cgelf"): fd = 97
[W : PPU[1] Thread (CPUThread)[0x00499034]]: sys_lwmutex warning: *** lwmutex created [_lc_mtx] (attribute=0x12): sq_id = 98
[W : PPU[1] Thread (CPUThread)[0x003033f4]]: sys_fs warning: cellFsClose(fd=97)
[W : PPU[1] Thread (CPUThread)[0x0049910c]]: sys_lwmutex warning: sys_lwmutex_destroy(lwmutex_addr=0x301a8b20)
[W : PPU[1] Thread (CPUThread)[0x0030347c]]: *** cellFsOpen(path="/shaders/fsUseTexture2D_FadeXsSrcRotate.cgelf"): fd = 99
[W : PPU[1] Thread (CPUThread)[0x00499034]]: sys_lwmutex warning: *** lwmutex created [_lc_mtx] (attribute=0x12): sq_id = 100
[W : PPU[1] Thread (CPUThread)[0x003033f4]]: sys_fs warning: cellFsClose(fd=99)
[W : PPU[1] Thread (CPUThread)[0x0049910c]]: sys_lwmutex warning: sys_lwmutex_destroy(lwmutex_addr=0x301a8b20)
[W : PPU[1] Thread (CPUThread)[0x00035290]]: RawSPUThread[0]: Write32(SPU_In_MBox, 0x80008)
[W : PPU[1] Thread (CPUThread)[0x00035290]]: RawSPUThread[0]: Write32(SPU_In_MBox, 0x120009)
[W : PPU[1] Thread (CPUThread)[0x00035314]]: RawSPUThread[0]: Read32(SPU_Out_MBox)
[W : PPU[1] Thread (CPUThread)[0x0030347c]]: *** cellFsOpen(path="/shaders/fsUseTexture2D_FadeMulHorz.cgelf"): fd = 101
[W : PPU[1] Thread (CPUThread)[0x00499034]]: sys_lwmutex warning: *** lwmutex created [_lc_mtx] (attribute=0x12): sq_id = 102
[W : PPU[1] Thread (CPUThread)[0x003033f4]]: sys_fs warning: cellFsClose(fd=101)
[W : PPU[1] Thread (CPUThread)[0x0049910c]]: sys_lwmutex warning: sys_lwmutex_destroy(lwmutex_addr=0x301a8b20)
[W : PPU[1] Thread (CPUThread)[0x0030347c]]: *** cellFsOpen(path="/shaders/fsUseTexture2D_FadeMulHorz.cgelf"): fd = 103
[W : PPU[1] Thread (CPUThread)[0x00499034]]: sys_lwmutex warning: *** lwmutex created [_lc_mtx] (attribute=0x12): sq_id = 104
[W : PPU[1] Thread (CPUThread)[0x003033f4]]: sys_fs warning: cellFsClose(fd=103)
[W : PPU[1] Thread (CPUThread)[0x0049910c]]: sys_lwmutex warning: sys_lwmutex_destroy(lwmutex_addr=0x301a8b20)
[W : PPU[1] Thread (CPUThread)[0x00035290]]: RawSPUThread[0]: Write32(SPU_In_MBox, 0x8000a)
[W : PPU[1] Thread (CPUThread)[0x00035290]]: RawSPUThread[0]: Write32(SPU_In_MBox, 0x12000b)
[W : PPU[1] Thread (CPUThread)[0x00035314]]: RawSPUThread[0]: Read32(SPU_Out_MBox)
[W : PPU[1] Thread (CPUThread)[0x0030347c]]: *** cellFsOpen(path="/shaders/fsUseTexture2D_FadeXsRasterNoize0.cgelf"): fd = 105
[W : PPU[1] Thread (CPUThread)[0x00499034]]: sys_lwmutex warning: *** lwmutex created [_lc_mtx] (attribute=0x12): sq_id = 106
[W : PPU[1] Thread (CPUThread)[0x003033f4]]: sys_fs warning: cellFsClose(fd=105)
[W : PPU[1] Thread (CPUThread)[0x0049910c]]: sys_lwmutex warning: sys_lwmutex_destroy(lwmutex_addr=0x301aa290)
[W : PPU[1] Thread (CPUThread)[0x0030347c]]: *** cellFsOpen(path="/shaders/fsUseTexture2D_FadeXsRasterNoize0.cgelf"): fd = 107
[W : PPU[1] Thread (CPUThread)[0x00499034]]: sys_lwmutex warning: *** lwmutex created [_lc_mtx] (attribute=0x12): sq_id = 108
[W : PPU[1] Thread (CPUThread)[0x003033f4]]: sys_fs warning: cellFsClose(fd=107)
[W : PPU[1] Thread (CPUThread)[0x0049910c]]: sys_lwmutex warning: sys_lwmutex_destroy(lwmutex_addr=0x301aa290)
[W : PPU[1] Thread (CPUThread)[0x00035290]]: RawSPUThread[0]: Write32(SPU_In_MBox, 0x8000c)
[W : PPU[1] Thread (CPUThread)[0x00035290]]: RawSPUThread[0]: Write32(SPU_In_MBox, 0x12000d)
[W : PPU[1] Thread (CPUThread)[0x00035314]]: RawSPUThread[0]: Read32(SPU_Out_MBox)
[W : PPU[1] Thread (CPUThread)[0x0030347c]]: *** cellFsOpen(path="/shaders/fsUseTexture2D_FadeXsRasterNoize3.cgelf"): fd = 109
[W : PPU[1] Thread (CPUThread)[0x00499034]]: sys_lwmutex warning: *** lwmutex created [_lc_mtx] (attribute=0x12): sq_id = 110
[W : PPU[1] Thread (CPUThread)[0x003033f4]]: sys_fs warning: cellFsClose(fd=109)
[W : PPU[1] Thread (CPUThread)[0x0049910c]]: sys_lwmutex warning: sys_lwmutex_destroy(lwmutex_addr=0x301aac00)
[W : PPU[1] Thread (CPUThread)[0x0030347c]]: *** cellFsOpen(path="/shaders/fsUseTexture2D_FadeXsRasterNoize3.cgelf"): fd = 111
[W : PPU[1] Thread (CPUThread)[0x00499034]]: sys_lwmutex warning: *** lwmutex created [_lc_mtx] (attribute=0x12): sq_id = 112
[W : PPU[1] Thread (CPUThread)[0x003033f4]]: sys_fs warning: cellFsClose(fd=111)
[W : PPU[1] Thread (CPUThread)[0x0049910c]]: sys_lwmutex warning: sys_lwmutex_destroy(lwmutex_addr=0x301aac00)
[W : PPU[1] Thread (CPUThread)[0x00035290]]: RawSPUThread[0]: Write32(SPU_In_MBox, 0x8000e)
[W : PPU[1] Thread (CPUThread)[0x00035290]]: RawSPUThread[0]: Write32(SPU_In_MBox, 0x12000f)
[W : PPU[1] Thread (CPUThread)[0x00035314]]: RawSPUThread[0]: Read32(SPU_Out_MBox)
[W : PPU[1] Thread (CPUThread)[0x0030347c]]: *** cellFsOpen(path="/shaders/fsUseTexture2D_FadeXsRasterNoize6.cgelf"): fd = 113
[W : PPU[1] Thread (CPUThread)[0x00499034]]: sys_lwmutex warning: *** lwmutex created [_lc_mtx] (attribute=0x12): sq_id = 114
[W : PPU[1] Thread (CPUThread)[0x003033f4]]: sys_fs warning: cellFsClose(fd=113)
[W : PPU[1] Thread (CPUThread)[0x0049910c]]: sys_lwmutex warning: sys_lwmutex_destroy(lwmutex_addr=0x301aac00)
[W : PPU[1] Thread (CPUThread)[0x0030347c]]: *** cellFsOpen(path="/shaders/fsUseTexture2D_FadeXsRasterNoize6.cgelf"): fd = 115
[W : PPU[1] Thread (CPUThread)[0x00499034]]: sys_lwmutex warning: *** lwmutex created [_lc_mtx] (attribute=0x12): sq_id = 116
[W : PPU[1] Thread (CPUThread)[0x003033f4]]: sys_fs warning: cellFsClose(fd=115)
[W : PPU[1] Thread (CPUThread)[0x0049910c]]: sys_lwmutex warning: sys_lwmutex_destroy(lwmutex_addr=0x301aac00)
[W : PPU[1] Thread (CPUThread)[0x00035290]]: RawSPUThread[0]: Write32(SPU_In_MBox, 0x80000)
[W : PPU[1] Thread (CPUThread)[0x00035290]]: RawSPUThread[0]: Write32(SPU_In_MBox, 0x120001)
[W : PPU[1] Thread (CPUThread)[0x00035314]]: RawSPUThread[0]: Read32(SPU_Out_MBox)
[W : PPU[1] Thread (CPUThread)[0x0030347c]]: *** cellFsOpen(path="/shaders/fsUseTexture2D_FadeXsRasterNoize8.cgelf"): fd = 117
[W : PPU[1] Thread (CPUThread)[0x00499034]]: sys_lwmutex warning: *** lwmutex created [_lc_mtx] (attribute=0x12): sq_id = 118
[W : PPU[1] Thread (CPUThread)[0x003033f4]]: sys_fs warning: cellFsClose(fd=117)
[W : PPU[1] Thread (CPUThread)[0x0049910c]]: sys_lwmutex warning: sys_lwmutex_destroy(lwmutex_addr=0x301aac00)
[W : PPU[1] Thread (CPUThread)[0x0030347c]]: *** cellFsOpen(path="/shaders/fsUseTexture2D_FadeXsRasterNoize8.cgelf"): fd = 119
[W : PPU[1] Thread (CPUThread)[0x00499034]]: sys_lwmutex warning: *** lwmutex created [_lc_mtx] (attribute=0x12): sq_id = 120
[W : PPU[1] Thread (CPUThread)[0x003033f4]]: sys_fs warning: cellFsClose(fd=119)
[W : PPU[1] Thread (CPUThread)[0x0049910c]]: sys_lwmutex warning: sys_lwmutex_destroy(lwmutex_addr=0x301aac00)
[W : PPU[1] Thread (CPUThread)[0x00035290]]: RawSPUThread[0]: Write32(SPU_In_MBox, 0x80002)
[W : PPU[1] Thread (CPUThread)[0x00035290]]: RawSPUThread[0]: Write32(SPU_In_MBox, 0x120003)
[W : PPU[1] Thread (CPUThread)[0x00035314]]: RawSPUThread[0]: Read32(SPU_Out_MBox)
[W : PPU[1] Thread (CPUThread)[0x0030347c]]: *** cellFsOpen(path="/shaders/fsUseTexture2D_FadeXsRasterNoize9.cgelf"): fd = 121
[W : PPU[1] Thread (CPUThread)[0x00499034]]: sys_lwmutex warning: *** lwmutex created [_lc_mtx] (attribute=0x12): sq_id = 122
[W : PPU[1] Thread (CPUThread)[0x003033f4]]: sys_fs warning: cellFsClose(fd=121)
[W : PPU[1] Thread (CPUThread)[0x0049910c]]: sys_lwmutex warning: sys_lwmutex_destroy(lwmutex_addr=0x301acfe0)
[W : PPU[1] Thread (CPUThread)[0x0030347c]]: *** cellFsOpen(path="/shaders/fsUseTexture2D_FadeXsRasterNoize9.cgelf"): fd = 123
[W : PPU[1] Thread (CPUThread)[0x00499034]]: sys_lwmutex warning: *** lwmutex created [_lc_mtx] (attribute=0x12): sq_id = 124
[W : PPU[1] Thread (CPUThread)[0x003033f4]]: sys_fs warning: cellFsClose(fd=123)
[W : PPU[1] Thread (CPUThread)[0x0049910c]]: sys_lwmutex warning: sys_lwmutex_destroy(lwmutex_addr=0x301acfe0)
[W : PPU[1] Thread (CPUThread)[0x00035290]]: RawSPUThread[0]: Write32(SPU_In_MBox, 0x80004)
[W : PPU[1] Thread (CPUThread)[0x00035290]]: RawSPUThread[0]: Write32(SPU_In_MBox, 0x120005)
[W : PPU[1] Thread (CPUThread)[0x00035314]]: RawSPUThread[0]: Read32(SPU_Out_MBox)
[W : PPU[1] Thread (CPUThread)[0x0030347c]]: *** cellFsOpen(path="/shaders/fsUseTexture2D_FadeXsHRasterHOffset.cgelf"): fd = 125
[W : PPU[1] Thread (CPUThread)[0x00499034]]: sys_lwmutex warning: *** lwmutex created [_lc_mtx] (attribute=0x12): sq_id = 126
[W : PPU[1] Thread (CPUThread)[0x003033f4]]: sys_fs warning: cellFsClose(fd=125)
[W : PPU[1] Thread (CPUThread)[0x0049910c]]: sys_lwmutex warning: sys_lwmutex_destroy(lwmutex_addr=0x301adb80)
[W : PPU[1] Thread (CPUThread)[0x0030347c]]: *** cellFsOpen(path="/shaders/fsUseTexture2D_FadeXsHRasterHOffset.cgelf"): fd = 127
[W : PPU[1] Thread (CPUThread)[0x00499034]]: sys_lwmutex warning: *** lwmutex created [_lc_mtx] (attribute=0x12): sq_id = 128
[W : PPU[1] Thread (CPUThread)[0x003033f4]]: sys_fs warning: cellFsClose(fd=127)
[W : PPU[1] Thread (CPUThread)[0x0049910c]]: sys_lwmutex warning: sys_lwmutex_destroy(lwmutex_addr=0x301adb80)
[W : PPU[1] Thread (CPUThread)[0x00035290]]: RawSPUThread[0]: Write32(SPU_In_MBox, 0x80006)
[W : PPU[1] Thread (CPUThread)[0x00035290]]: RawSPUThread[0]: Write32(SPU_In_MBox, 0x120007)
[W : PPU[1] Thread (CPUThread)[0x00035314]]: RawSPUThread[0]: Read32(SPU_Out_MBox)
[W : PPU[1] Thread (CPUThread)[0x0030347c]]: *** cellFsOpen(path="/shaders/fsUseTexture2D_FadeXsSqrRaster_HRasterV_VRasterH.cgelf"): fd = 129
[W : PPU[1] Thread (CPUThread)[0x00499034]]: sys_lwmutex warning: *** lwmutex created [_lc_mtx] (attribute=0x12): sq_id = 130
[W : PPU[1] Thread (CPUThread)[0x003033f4]]: sys_fs warning: cellFsClose(fd=129)
[W : PPU[1] Thread (CPUThread)[0x0049910c]]: sys_lwmutex warning: sys_lwmutex_destroy(lwmutex_addr=0x301ae700)
[W : PPU[1] Thread (CPUThread)[0x0030347c]]: *** cellFsOpen(path="/shaders/fsUseTexture2D_FadeXsSqrRaster_HRasterV_VRasterH.cgelf"): fd = 131
[W : PPU[1] Thread (CPUThread)[0x00499034]]: sys_lwmutex warning: *** lwmutex created [_lc_mtx] (attribute=0x12): sq_id = 132
[W : PPU[1] Thread (CPUThread)[0x003033f4]]: sys_fs warning: cellFsClose(fd=131)
[W : PPU[1] Thread (CPUThread)[0x0049910c]]: sys_lwmutex warning: sys_lwmutex_destroy(lwmutex_addr=0x301ae700)
[W : PPU[1] Thread (CPUThread)[0x00035290]]: RawSPUThread[0]: Write32(SPU_In_MBox, 0x80008)
[W : PPU[1] Thread (CPUThread)[0x00035290]]: RawSPUThread[0]: Write32(SPU_In_MBox, 0x120009)
[W : PPU[1] Thread (CPUThread)[0x00035314]]: RawSPUThread[0]: Read32(SPU_Out_MBox)
[W : PPU[1] Thread (CPUThread)[0x0030347c]]: *** cellFsOpen(path="/shaders/fsUseTexture2D_FadeXsCircleRaster.cgelf"): fd = 133
[W : PPU[1] Thread (CPUThread)[0x00499034]]: sys_lwmutex warning: *** lwmutex created [_lc_mtx] (attribute=0x12): sq_id = 134
[W : PPU[1] Thread (CPUThread)[0x003033f4]]: sys_fs warning: cellFsClose(fd=133)
[W : PPU[1] Thread (CPUThread)[0x0049910c]]: sys_lwmutex warning: sys_lwmutex_destroy(lwmutex_addr=0x301aef30)
[W : PPU[1] Thread (CPUThread)[0x0030347c]]: *** cellFsOpen(path="/shaders/fsUseTexture2D_FadeXsCircleRaster.cgelf"): fd = 135
[W : PPU[1] Thread (CPUThread)[0x00499034]]: sys_lwmutex warning: *** lwmutex created [_lc_mtx] (attribute=0x12): sq_id = 136
[W : PPU[1] Thread (CPUThread)[0x003033f4]]: sys_fs warning: cellFsClose(fd=135)
[W : PPU[1] Thread (CPUThread)[0x0049910c]]: sys_lwmutex warning: sys_lwmutex_destroy(lwmutex_addr=0x301aef30)
[W : PPU[1] Thread (CPUThread)[0x00035290]]: RawSPUThread[0]: Write32(SPU_In_MBox, 0x8000a)
[W : PPU[1] Thread (CPUThread)[0x00035290]]: RawSPUThread[0]: Write32(SPU_In_MBox, 0x12000b)
[W : PPU[1] Thread (CPUThread)[0x00035314]]: RawSPUThread[0]: Read32(SPU_Out_MBox)
[W : PPU[1] Thread (CPUThread)[0x0030347c]]: *** cellFsOpen(path="/shaders/fsUseTexture2D_Dis_Alpha_UvClip.cgelf"): fd = 137
[W : PPU[1] Thread (CPUThread)[0x00499034]]: sys_lwmutex warning: *** lwmutex created [_lc_mtx] (attribute=0x12): sq_id = 138
[W : PPU[1] Thread (CPUThread)[0x003033f4]]: sys_fs warning: cellFsClose(fd=137)
[W : PPU[1] Thread (CPUThread)[0x0049910c]]: sys_lwmutex warning: sys_lwmutex_destroy(lwmutex_addr=0x301b02f0)
[W : PPU[1] Thread (CPUThread)[0x0030347c]]: *** cellFsOpen(path="/shaders/fsUseTexture2D_Dis_Alpha_UvClip.cgelf"): fd = 139
[W : PPU[1] Thread (CPUThread)[0x00499034]]: sys_lwmutex warning: *** lwmutex created [_lc_mtx] (attribute=0x12): sq_id = 140
[W : PPU[1] Thread (CPUThread)[0x003033f4]]: sys_fs warning: cellFsClose(fd=139)
[W : PPU[1] Thread (CPUThread)[0x0049910c]]: sys_lwmutex warning: sys_lwmutex_destroy(lwmutex_addr=0x301b02f0)
[W : PPU[1] Thread (CPUThread)[0x00035290]]: RawSPUThread[0]: Write32(SPU_In_MBox, 0x8000c)
[W : PPU[1] Thread (CPUThread)[0x00035290]]: RawSPUThread[0]: Write32(SPU_In_MBox, 0x12000d)
[W : PPU[1] Thread (CPUThread)[0x00035314]]: RawSPUThread[0]: Read32(SPU_Out_MBox)
[W : PPU[1] Thread (CPUThread)[0x0030347c]]: *** cellFsOpen(path="/shaders/fsUseTexture2D_Alpha_Z_Bg.cgelf"): fd = 141
[W : PPU[1] Thread (CPUThread)[0x00499034]]: sys_lwmutex warning: *** lwmutex created [_lc_mtx] (attribute=0x12): sq_id = 142
[W : PPU[1] Thread (CPUThread)[0x003033f4]]: sys_fs warning: cellFsClose(fd=141)
[W : PPU[1] Thread (CPUThread)[0x0049910c]]: sys_lwmutex warning: sys_lwmutex_destroy(lwmutex_addr=0x301b06a0)
[W : PPU[1] Thread (CPUThread)[0x0030347c]]: *** cellFsOpen(path="/shaders/fsUseTexture2D_Alpha_Z_Bg.cgelf"): fd = 143
[W : PPU[1] Thread (CPUThread)[0x00499034]]: sys_lwmutex warning: *** lwmutex created [_lc_mtx] (attribute=0x12): sq_id = 144
[W : PPU[1] Thread (CPUThread)[0x003033f4]]: sys_fs warning: cellFsClose(fd=143)
[W : PPU[1] Thread (CPUThread)[0x0049910c]]: sys_lwmutex warning: sys_lwmutex_destroy(lwmutex_addr=0x301b06a0)
[W : PPU[1] Thread (CPUThread)[0x00035290]]: RawSPUThread[0]: Write32(SPU_In_MBox, 0x8000e)
[W : PPU[1] Thread (CPUThread)[0x00035290]]: RawSPUThread[0]: Write32(SPU_In_MBox, 0x12000f)
[W : PPU[1] Thread (CPUThread)[0x00035314]]: RawSPUThread[0]: Read32(SPU_Out_MBox)
[W : PPU[1] Thread (CPUThread)[0x0030347c]]: *** cellFsOpen(path="/shaders/fsUseTexture2D_TelevisionWipe.cgelf"): fd = 145
[W : PPU[1] Thread (CPUThread)[0x00499034]]: sys_lwmutex warning: *** lwmutex created [_lc_mtx] (attribute=0x12): sq_id = 146
[W : PPU[1] Thread (CPUThread)[0x003033f4]]: sys_fs warning: cellFsClose(fd=145)
[W : PPU[1] Thread (CPUThread)[0x0049910c]]: sys_lwmutex warning: sys_lwmutex_destroy(lwmutex_addr=0x301b0e70)
[W : PPU[1] Thread (CPUThread)[0x0030347c]]: *** cellFsOpen(path="/shaders/fsUseTexture2D_TelevisionWipe.cgelf"): fd = 147
[W : PPU[1] Thread (CPUThread)[0x00499034]]: sys_lwmutex warning: *** lwmutex created [_lc_mtx] (attribute=0x12): sq_id = 148
[W : PPU[1] Thread (CPUThread)[0x003033f4]]: sys_fs warning: cellFsClose(fd=147)
[W : PPU[1] Thread (CPUThread)[0x0049910c]]: sys_lwmutex warning: sys_lwmutex_destroy(lwmutex_addr=0x301b0e70)
[W : PPU[1] Thread (CPUThread)[0x00035290]]: RawSPUThread[0]: Write32(SPU_In_MBox, 0x80000)
[W : PPU[1] Thread (CPUThread)[0x00035290]]: RawSPUThread[0]: Write32(SPU_In_MBox, 0x120001)
[W : PPU[1] Thread (CPUThread)[0x00035314]]: RawSPUThread[0]: Read32(SPU_Out_MBox)
[W : PPU[1] Thread (CPUThread)[0x0030347c]]: *** cellFsOpen(path="/shaders/fsUseTexture2D_DiagonalFisheyeLens.cgelf"): fd = 149
[W : PPU[1] Thread (CPUThread)[0x00499034]]: sys_lwmutex warning: *** lwmutex created [_lc_mtx] (attribute=0x12): sq_id = 150
[W : PPU[1] Thread (CPUThread)[0x003033f4]]: sys_fs warning: cellFsClose(fd=149)
[W : PPU[1] Thread (CPUThread)[0x0049910c]]: sys_lwmutex warning: sys_lwmutex_destroy(lwmutex_addr=0x301b1810)
[W : PPU[1] Thread (CPUThread)[0x0030347c]]: *** cellFsOpen(path="/shaders/fsUseTexture2D_DiagonalFisheyeLens.cgelf"): fd = 151
[W : PPU[1] Thread (CPUThread)[0x00499034]]: sys_lwmutex warning: *** lwmutex created [_lc_mtx] (attribute=0x12): sq_id = 152
[W : PPU[1] Thread (CPUThread)[0x003033f4]]: sys_fs warning: cellFsClose(fd=151)
[W : PPU[1] Thread (CPUThread)[0x0049910c]]: sys_lwmutex warning: sys_lwmutex_destroy(lwmutex_addr=0x301b1810)
[W : PPU[1] Thread (CPUThread)[0x00035290]]: RawSPUThread[0]: Write32(SPU_In_MBox, 0x80002)
[W : PPU[1] Thread (CPUThread)[0x00035290]]: RawSPUThread[0]: Write32(SPU_In_MBox, 0x120003)
[W : PPU[1] Thread (CPUThread)[0x00035314]]: RawSPUThread[0]: Read32(SPU_Out_MBox)
[W : PPU[1] Thread (CPUThread)[0x0030347c]]: *** cellFsOpen(path="/shaders/fsUseTexture2D_MulLighting_FillColor.cgelf"): fd = 153
[W : PPU[1] Thread (CPUThread)[0x00499034]]: sys_lwmutex warning: *** lwmutex created [_lc_mtx] (attribute=0x12): sq_id = 154
[W : PPU[1] Thread (CPUThread)[0x003033f4]]: sys_fs warning: cellFsClose(fd=153)
[W : PPU[1] Thread (CPUThread)[0x0049910c]]: sys_lwmutex warning: sys_lwmutex_destroy(lwmutex_addr=0x301b22a0)
[W : PPU[1] Thread (CPUThread)[0x0030347c]]: *** cellFsOpen(path="/shaders/fsUseTexture2D_MulLighting_FillColor.cgelf"): fd = 155
[W : PPU[1] Thread (CPUThread)[0x00499034]]: sys_lwmutex warning: *** lwmutex created [_lc_mtx] (attribute=0x12): sq_id = 156
[W : PPU[1] Thread (CPUThread)[0x003033f4]]: sys_fs warning: cellFsClose(fd=155)
[W : PPU[1] Thread (CPUThread)[0x0049910c]]: sys_lwmutex warning: sys_lwmutex_destroy(lwmutex_addr=0x301b22a0)
[W : PPU[1] Thread (CPUThread)[0x0030347c]]: *** cellFsOpen(path="/shaders/fsUseTexture2D_MulLighting_MaskTexture.cgelf"): fd = 157
[W : PPU[1] Thread (CPUThread)[0x00499034]]: sys_lwmutex warning: *** lwmutex created [_lc_mtx] (attribute=0x12): sq_id = 158
[W : PPU[1] Thread (CPUThread)[0x003033f4]]: sys_fs warning: cellFsClose(fd=157)
[W : PPU[1] Thread (CPUThread)[0x0049910c]]: sys_lwmutex warning: sys_lwmutex_destroy(lwmutex_addr=0x301b28c0)
[W : PPU[1] Thread (CPUThread)[0x0030347c]]: *** cellFsOpen(path="/shaders/fsUseTexture2D_MulLighting_MaskTexture.cgelf"): fd = 159
[W : PPU[1] Thread (CPUThread)[0x00499034]]: sys_lwmutex warning: *** lwmutex created [_lc_mtx] (attribute=0x12): sq_id = 160
[W : PPU[1] Thread (CPUThread)[0x003033f4]]: sys_fs warning: cellFsClose(fd=159)
[W : PPU[1] Thread (CPUThread)[0x0049910c]]: sys_lwmutex warning: sys_lwmutex_destroy(lwmutex_addr=0x301b28c0)
[W : PPU[1] Thread (CPUThread)[0x00035290]]: RawSPUThread[0]: Write32(SPU_In_MBox, 0x80004)
[W : PPU[1] Thread (CPUThread)[0x00035290]]: RawSPUThread[0]: Write32(SPU_In_MBox, 0x120005)
[W : PPU[1] Thread (CPUThread)[0x00035314]]: RawSPUThread[0]: Read32(SPU_Out_MBox)
[W : PPU[1] Thread (CPUThread)[0x0030347c]]: *** cellFsOpen(path="/shaders/fsUseTexture2D_Movie_FillTexture.cgelf"): fd = 161
[W : PPU[1] Thread (CPUThread)[0x00499034]]: sys_lwmutex warning: *** lwmutex created [_lc_mtx] (attribute=0x12): sq_id = 162
[W : PPU[1] Thread (CPUThread)[0x003033f4]]: sys_fs warning: cellFsClose(fd=161)
[W : PPU[1] Thread (CPUThread)[0x0049910c]]: sys_lwmutex warning: sys_lwmutex_destroy(lwmutex_addr=0x301b28c0)
[W : PPU[1] Thread (CPUThread)[0x0030347c]]: *** cellFsOpen(path="/shaders/fsUseTexture2D_Movie_FillTexture.cgelf"): fd = 163
[W : PPU[1] Thread (CPUThread)[0x00499034]]: sys_lwmutex warning: *** lwmutex created [_lc_mtx] (attribute=0x12): sq_id = 164
[W : PPU[1] Thread (CPUThread)[0x003033f4]]: sys_fs warning: cellFsClose(fd=163)
[W : PPU[1] Thread (CPUThread)[0x0049910c]]: sys_lwmutex warning: sys_lwmutex_destroy(lwmutex_addr=0x301b28c0)
[W : PPU[1] Thread (CPUThread)[0x0030347c]]: *** cellFsOpen(path="/shaders/fsUseTexture2D_Movie_UnderAlphaMask.cgelf"): fd = 165
[W : PPU[1] Thread (CPUThread)[0x00499034]]: sys_lwmutex warning: *** lwmutex created [_lc_mtx] (attribute=0x12): sq_id = 166
[W : PPU[1] Thread (CPUThread)[0x003033f4]]: sys_fs warning: cellFsClose(fd=165)
[W : PPU[1] Thread (CPUThread)[0x0049910c]]: sys_lwmutex warning: sys_lwmutex_destroy(lwmutex_addr=0x301b28c0)
[W : PPU[1] Thread (CPUThread)[0x0030347c]]: *** cellFsOpen(path="/shaders/fsUseTexture2D_Movie_UnderAlphaMask.cgelf"): fd = 167
[W : PPU[1] Thread (CPUThread)[0x00499034]]: sys_lwmutex warning: *** lwmutex created [_lc_mtx] (attribute=0x12): sq_id = 168
[W : PPU[1] Thread (CPUThread)[0x003033f4]]: sys_fs warning: cellFsClose(fd=167)
[W : PPU[1] Thread (CPUThread)[0x0049910c]]: sys_lwmutex warning: sys_lwmutex_destroy(lwmutex_addr=0x301b28c0)
[W : PPU[1] Thread (CPUThread)[0x00035290]]: RawSPUThread[0]: Write32(SPU_In_MBox, 0x80006)
[W : PPU[1] Thread (CPUThread)[0x00035290]]: RawSPUThread[0]: Write32(SPU_In_MBox, 0x120007)
[W : PPU[1] Thread (CPUThread)[0x00035314]]: RawSPUThread[0]: Read32(SPU_Out_MBox)
[W : PPU[1] Thread (CPUThread)[0x0030347c]]: *** cellFsOpen(path="/shaders/fsUseTexture2D_DisregardPixelAlpha_OpacityOnly.cgelf"): fd = 169
[W : PPU[1] Thread (CPUThread)[0x00499034]]: sys_lwmutex warning: *** lwmutex created [_lc_mtx] (attribute=0x12): sq_id = 170
[W : PPU[1] Thread (CPUThread)[0x003033f4]]: sys_fs warning: cellFsClose(fd=169)
[W : PPU[1] Thread (CPUThread)[0x0049910c]]: sys_lwmutex warning: sys_lwmutex_destroy(lwmutex_addr=0x301b28c0)
[W : PPU[1] Thread (CPUThread)[0x0030347c]]: *** cellFsOpen(path="/shaders/fsUseTexture2D_DisregardPixelAlpha_OpacityOnly.cgelf"): fd = 171
[W : PPU[1] Thread (CPUThread)[0x00499034]]: sys_lwmutex warning: *** lwmutex created [_lc_mtx] (attribute=0x12): sq_id = 172
[W : PPU[1] Thread (CPUThread)[0x003033f4]]: sys_fs warning: cellFsClose(fd=171)
[W : PPU[1] Thread (CPUThread)[0x0049910c]]: sys_lwmutex warning: sys_lwmutex_destroy(lwmutex_addr=0x301b28c0)
[W : PPU[1] Thread (CPUThread)[0x0030347c]]: *** cellFsOpen(path="/shaders/vsNonTexture3D.cgelf"): fd = 173
[W : PPU[1] Thread (CPUThread)[0x00499034]]: sys_lwmutex warning: *** lwmutex created [_lc_mtx] (attribute=0x12): sq_id = 174
[W : PPU[1] Thread (CPUThread)[0x003033f4]]: sys_fs warning: cellFsClose(fd=173)
[W : PPU[1] Thread (CPUThread)[0x0049910c]]: sys_lwmutex warning: sys_lwmutex_destroy(lwmutex_addr=0x301b28c0)
[W : PPU[1] Thread (CPUThread)[0x0030347c]]: *** cellFsOpen(path="/shaders/vsNonTexture3D.cgelf"): fd = 175
[W : PPU[1] Thread (CPUThread)[0x00499034]]: sys_lwmutex warning: *** lwmutex created [_lc_mtx] (attribute=0x12): sq_id = 176
[W : PPU[1] Thread (CPUThread)[0x003033f4]]: sys_fs warning: cellFsClose(fd=175)
[W : PPU[1] Thread (CPUThread)[0x0049910c]]: sys_lwmutex warning: sys_lwmutex_destroy(lwmutex_addr=0x301b28c0)
[W : PPU[1] Thread (CPUThread)[0x0030347c]]: *** cellFsOpen(path="/shaders/fsNonTexture3D.cgelf"): fd = 177
[W : PPU[1] Thread (CPUThread)[0x00499034]]: sys_lwmutex warning: *** lwmutex created [_lc_mtx] (attribute=0x12): sq_id = 178
[W : PPU[1] Thread (CPUThread)[0x003033f4]]: sys_fs warning: cellFsClose(fd=177)
[W : PPU[1] Thread (CPUThread)[0x0049910c]]: sys_lwmutex warning: sys_lwmutex_destroy(lwmutex_addr=0x301b51d0)
[W : PPU[1] Thread (CPUThread)[0x0030347c]]: *** cellFsOpen(path="/shaders/fsNonTexture3D.cgelf"): fd = 179
[W : PPU[1] Thread (CPUThread)[0x00499034]]: sys_lwmutex warning: *** lwmutex created [_lc_mtx] (attribute=0x12): sq_id = 180
[W : PPU[1] Thread (CPUThread)[0x003033f4]]: sys_fs warning: cellFsClose(fd=179)
[W : PPU[1] Thread (CPUThread)[0x0049910c]]: sys_lwmutex warning: sys_lwmutex_destroy(lwmutex_addr=0x301b51d0)
[W : PPU[1] Thread (CPUThread)[0x0030347c]]: *** cellFsOpen(path="/shaders/vsPolDraw_Fog_Gouraud.cgelf"): fd = 181
[W : PPU[1] Thread (CPUThread)[0x00499034]]: sys_lwmutex warning: *** lwmutex created [_lc_mtx] (attribute=0x12): sq_id = 182
[W : PPU[1] Thread (CPUThread)[0x003033f4]]: sys_fs warning: cellFsClose(fd=181)
[W : PPU[1] Thread (CPUThread)[0x0049910c]]: sys_lwmutex warning: sys_lwmutex_destroy(lwmutex_addr=0x301b52c0)
[W : PPU[1] Thread (CPUThread)[0x0030347c]]: *** cellFsOpen(path="/shaders/vsPolDraw_Fog_Gouraud.cgelf"): fd = 183
[W : PPU[1] Thread (CPUThread)[0x00499034]]: sys_lwmutex warning: *** lwmutex created [_lc_mtx] (attribute=0x12): sq_id = 184
[W : PPU[1] Thread (CPUThread)[0x003033f4]]: sys_fs warning: cellFsClose(fd=183)
[W : PPU[1] Thread (CPUThread)[0x0049910c]]: sys_lwmutex warning: sys_lwmutex_destroy(lwmutex_addr=0x301b52c0)
[W : PPU[1] Thread (CPUThread)[0x0030347c]]: *** cellFsOpen(path="/shaders/fsPolDraw_Fog_Gouraud.cgelf"): fd = 185
[W : PPU[1] Thread (CPUThread)[0x00499034]]: sys_lwmutex warning: *** lwmutex created [_lc_mtx] (attribute=0x12): sq_id = 186
[W : PPU[1] Thread (CPUThread)[0x003033f4]]: sys_fs warning: cellFsClose(fd=185)
[W : PPU[1] Thread (CPUThread)[0x0049910c]]: sys_lwmutex warning: sys_lwmutex_destroy(lwmutex_addr=0x301b3600)
[W : PPU[1] Thread (CPUThread)[0x0030347c]]: *** cellFsOpen(path="/shaders/fsPolDraw_Fog_Gouraud.cgelf"): fd = 187
[W : PPU[1] Thread (CPUThread)[0x00499034]]: sys_lwmutex warning: *** lwmutex created [_lc_mtx] (attribute=0x12): sq_id = 188
[W : PPU[1] Thread (CPUThread)[0x003033f4]]: sys_fs warning: cellFsClose(fd=187)
[W : PPU[1] Thread (CPUThread)[0x0049910c]]: sys_lwmutex warning: sys_lwmutex_destroy(lwmutex_addr=0x301b3600)
[W : PPU[1] Thread (CPUThread)[0x0030347c]]: *** cellFsOpen(path="/shaders/vsPolDraw_Fog_Texture.cgelf"): fd = 189
[W : PPU[1] Thread (CPUThread)[0x00499034]]: sys_lwmutex warning: *** lwmutex created [_lc_mtx] (attribute=0x12): sq_id = 190
[W : PPU[1] Thread (CPUThread)[0x003033f4]]: sys_fs warning: cellFsClose(fd=189)
[W : PPU[1] Thread (CPUThread)[0x0049910c]]: sys_lwmutex warning: sys_lwmutex_destroy(lwmutex_addr=0x301b5e80)
[W : PPU[1] Thread (CPUThread)[0x0030347c]]: *** cellFsOpen(path="/shaders/vsPolDraw_Fog_Texture.cgelf"): fd = 191
[W : PPU[1] Thread (CPUThread)[0x00499034]]: sys_lwmutex warning: *** lwmutex created [_lc_mtx] (attribute=0x12): sq_id = 192
[W : PPU[1] Thread (CPUThread)[0x003033f4]]: sys_fs warning: cellFsClose(fd=191)
[W : PPU[1] Thread (CPUThread)[0x0049910c]]: sys_lwmutex warning: sys_lwmutex_destroy(lwmutex_addr=0x301b5e80)
[W : PPU[1] Thread (CPUThread)[0x0030347c]]: *** cellFsOpen(path="/shaders/fsPolDraw_Fog_Texture.cgelf"): fd = 193
[W : PPU[1] Thread (CPUThread)[0x00499034]]: sys_lwmutex warning: *** lwmutex created [_lc_mtx] (attribute=0x12): sq_id = 194
[W : PPU[1] Thread (CPUThread)[0x003033f4]]: sys_fs warning: cellFsClose(fd=193)
[W : PPU[1] Thread (CPUThread)[0x0049910c]]: sys_lwmutex warning: sys_lwmutex_destroy(lwmutex_addr=0x301b68e0)
[W : PPU[1] Thread (CPUThread)[0x0030347c]]: *** cellFsOpen(path="/shaders/fsPolDraw_Fog_Texture.cgelf"): fd = 195
[W : PPU[1] Thread (CPUThread)[0x00499034]]: sys_lwmutex warning: *** lwmutex created [_lc_mtx] (attribute=0x12): sq_id = 196
[W : PPU[1] Thread (CPUThread)[0x003033f4]]: sys_fs warning: cellFsClose(fd=195)
[W : PPU[1] Thread (CPUThread)[0x0049910c]]: sys_lwmutex warning: sys_lwmutex_destroy(lwmutex_addr=0x301b68e0)
[W : PPU[1] Thread (CPUThread)[0x00035290]]: RawSPUThread[0]: Write32(SPU_In_MBox, 0x80008)
[W : PPU[1] Thread (CPUThread)[0x00035290]]: RawSPUThread[0]: Write32(SPU_In_MBox, 0x120009)
[W : PPU[1] Thread (CPUThread)[0x00035314]]: RawSPUThread[0]: Read32(SPU_Out_MBox)
[W : PPU[1] Thread (CPUThread)[0x0030347c]]: *** cellFsOpen(path="/shaders/vsParticle_VertexCollar.cgelf"): fd = 197
[W : PPU[1] Thread (CPUThread)[0x00499034]]: sys_lwmutex warning: *** lwmutex created [_lc_mtx] (attribute=0x12): sq_id = 198
[W : PPU[1] Thread (CPUThread)[0x003033f4]]: sys_fs warning: cellFsClose(fd=197)
[W : PPU[1] Thread (CPUThread)[0x0049910c]]: sys_lwmutex warning: sys_lwmutex_destroy(lwmutex_addr=0x301b6eb0)
[W : PPU[1] Thread (CPUThread)[0x0030347c]]: *** cellFsOpen(path="/shaders/vsParticle_VertexCollar.cgelf"): fd = 199
[W : PPU[1] Thread (CPUThread)[0x00499034]]: sys_lwmutex warning: *** lwmutex created [_lc_mtx] (attribute=0x12): sq_id = 200
[W : PPU[1] Thread (CPUThread)[0x003033f4]]: sys_fs warning: cellFsClose(fd=199)
[W : PPU[1] Thread (CPUThread)[0x0049910c]]: sys_lwmutex warning: sys_lwmutex_destroy(lwmutex_addr=0x301b6eb0)
[W : PPU[1] Thread (CPUThread)[0x0030347c]]: *** cellFsOpen(path="/shaders/fsParticle_VertexCollar.cgelf"): fd = 201
[W : PPU[1] Thread (CPUThread)[0x00499034]]: sys_lwmutex warning: *** lwmutex created [_lc_mtx] (attribute=0x12): sq_id = 202
[W : PPU[1] Thread (CPUThread)[0x003033f4]]: sys_fs warning: cellFsClose(fd=201)
[W : PPU[1] Thread (CPUThread)[0x0049910c]]: sys_lwmutex warning: sys_lwmutex_destroy(lwmutex_addr=0x301b7860)
[W : PPU[1] Thread (CPUThread)[0x0030347c]]: *** cellFsOpen(path="/shaders/fsParticle_VertexCollar.cgelf"): fd = 203
[W : PPU[1] Thread (CPUThread)[0x00499034]]: sys_lwmutex warning: *** lwmutex created [_lc_mtx] (attribute=0x12): sq_id = 204
[W : PPU[1] Thread (CPUThread)[0x003033f4]]: sys_fs warning: cellFsClose(fd=203)
[W : PPU[1] Thread (CPUThread)[0x0049910c]]: sys_lwmutex warning: sys_lwmutex_destroy(lwmutex_addr=0x301b7860)
[W : PPU[1] Thread (CPUThread)[0x0030347c]]: *** cellFsOpen(path="/shaders/vsParticle_Bullet_Bloom.cgelf"): fd = 205
[W : PPU[1] Thread (CPUThread)[0x00499034]]: sys_lwmutex warning: *** lwmutex created [_lc_mtx] (attribute=0x12): sq_id = 206
[W : PPU[1] Thread (CPUThread)[0x003033f4]]: sys_fs warning: cellFsClose(fd=205)
[W : PPU[1] Thread (CPUThread)[0x0049910c]]: sys_lwmutex warning: sys_lwmutex_destroy(lwmutex_addr=0x301b7900)
[W : PPU[1] Thread (CPUThread)[0x0030347c]]: *** cellFsOpen(path="/shaders/vsParticle_Bullet_Bloom.cgelf"): fd = 207
[W : PPU[1] Thread (CPUThread)[0x00499034]]: sys_lwmutex warning: *** lwmutex created [_lc_mtx] (attribute=0x12): sq_id = 208
[W : PPU[1] Thread (CPUThread)[0x003033f4]]: sys_fs warning: cellFsClose(fd=207)
[W : PPU[1] Thread (CPUThread)[0x0049910c]]: sys_lwmutex warning: sys_lwmutex_destroy(lwmutex_addr=0x301b7900)
[W : PPU[1] Thread (CPUThread)[0x0030347c]]: *** cellFsOpen(path="/shaders/vsParticle_UseTexture.cgelf"): fd = 209
[W : PPU[1] Thread (CPUThread)[0x00499034]]: sys_lwmutex warning: *** lwmutex created [_lc_mtx] (attribute=0x12): sq_id = 210
[W : PPU[1] Thread (CPUThread)[0x003033f4]]: sys_fs warning: cellFsClose(fd=209)
[W : PPU[1] Thread (CPUThread)[0x0049910c]]: sys_lwmutex warning: sys_lwmutex_destroy(lwmutex_addr=0x301b7ee0)
[W : PPU[1] Thread (CPUThread)[0x0030347c]]: *** cellFsOpen(path="/shaders/vsParticle_UseTexture.cgelf"): fd = 211
[W : PPU[1] Thread (CPUThread)[0x00499034]]: sys_lwmutex warning: *** lwmutex created [_lc_mtx] (attribute=0x12): sq_id = 212
[W : PPU[1] Thread (CPUThread)[0x003033f4]]: sys_fs warning: cellFsClose(fd=211)
[W : PPU[1] Thread (CPUThread)[0x0049910c]]: sys_lwmutex warning: sys_lwmutex_destroy(lwmutex_addr=0x301b7ee0)
[W : PPU[1] Thread (CPUThread)[0x0030347c]]: *** cellFsOpen(path="/shaders/fsParticle_UseTexture.cgelf"): fd = 213
[W : PPU[1] Thread (CPUThread)[0x00499034]]: sys_lwmutex warning: *** lwmutex created [_lc_mtx] (attribute=0x12): sq_id = 214
[W : PPU[1] Thread (CPUThread)[0x003033f4]]: sys_fs warning: cellFsClose(fd=213)
[W : PPU[1] Thread (CPUThread)[0x0049910c]]: sys_lwmutex warning: sys_lwmutex_destroy(lwmutex_addr=0x301b85f0)
[W : PPU[1] Thread (CPUThread)[0x0030347c]]: *** cellFsOpen(path="/shaders/fsParticle_UseTexture.cgelf"): fd = 215
[W : PPU[1] Thread (CPUThread)[0x00499034]]: sys_lwmutex warning: *** lwmutex created [_lc_mtx] (attribute=0x12): sq_id = 216
[W : PPU[1] Thread (CPUThread)[0x003033f4]]: sys_fs warning: cellFsClose(fd=215)
[W : PPU[1] Thread (CPUThread)[0x0049910c]]: sys_lwmutex warning: sys_lwmutex_destroy(lwmutex_addr=0x301b85f0)
[W : PPU[1] Thread (CPUThread)[0x00035290]]: RawSPUThread[0]: Write32(SPU_In_MBox, 0x8000a)
[W : PPU[1] Thread (CPUThread)[0x00035290]]: RawSPUThread[0]: Write32(SPU_In_MBox, 0x12000b)
[W : PPU[1] Thread (CPUThread)[0x00035314]]: RawSPUThread[0]: Read32(SPU_Out_MBox)
[W : PPU[1] Thread (CPUThread)[0x0030347c]]: *** cellFsOpen(path="/shaders/vsPolDraw_Char_Fog_Alpha.cgelf"): fd = 217
[W : PPU[1] Thread (CPUThread)[0x00499034]]: sys_lwmutex warning: *** lwmutex created [_lc_mtx] (attribute=0x12): sq_id = 218
[W : PPU[1] Thread (CPUThread)[0x003033f4]]: sys_fs warning: cellFsClose(fd=217)
[W : PPU[1] Thread (CPUThread)[0x0049910c]]: sys_lwmutex warning: sys_lwmutex_destroy(lwmutex_addr=0x301b9110)
[W : PPU[1] Thread (CPUThread)[0x0030347c]]: *** cellFsOpen(path="/shaders/vsPolDraw_Char_Fog_Alpha.cgelf"): fd = 219
[W : PPU[1] Thread (CPUThread)[0x00499034]]: sys_lwmutex warning: *** lwmutex created [_lc_mtx] (attribute=0x12): sq_id = 220
[W : PPU[1] Thread (CPUThread)[0x003033f4]]: sys_fs warning: cellFsClose(fd=219)
[W : PPU[1] Thread (CPUThread)[0x0049910c]]: sys_lwmutex warning: sys_lwmutex_destroy(lwmutex_addr=0x301b9110)
[W : PPU[1] Thread (CPUThread)[0x0030347c]]: *** cellFsOpen(path="/shaders/fsPolDraw_Char_Fog_Alpha.cgelf"): fd = 221
[W : PPU[1] Thread (CPUThread)[0x00499034]]: sys_lwmutex warning: *** lwmutex created [_lc_mtx] (attribute=0x12): sq_id = 222
[W : PPU[1] Thread (CPUThread)[0x003033f4]]: sys_fs warning: cellFsClose(fd=221)
[W : PPU[1] Thread (CPUThread)[0x0049910c]]: sys_lwmutex warning: sys_lwmutex_destroy(lwmutex_addr=0x301b9d70)
[W : PPU[1] Thread (CPUThread)[0x0030347c]]: *** cellFsOpen(path="/shaders/fsPolDraw_Char_Fog_Alpha.cgelf"): fd = 223
[W : PPU[1] Thread (CPUThread)[0x00499034]]: sys_lwmutex warning: *** lwmutex created [_lc_mtx] (attribute=0x12): sq_id = 224
[W : PPU[1] Thread (CPUThread)[0x003033f4]]: sys_fs warning: cellFsClose(fd=223)
[W : PPU[1] Thread (CPUThread)[0x0049910c]]: sys_lwmutex warning: sys_lwmutex_destroy(lwmutex_addr=0x301b9d70)
[W : PPU[1] Thread (CPUThread)[0x00035290]]: RawSPUThread[0]: Write32(SPU_In_MBox, 0x8000c)
[W : PPU[1] Thread (CPUThread)[0x00035290]]: RawSPUThread[0]: Write32(SPU_In_MBox, 0x12000d)
[W : PPU[1] Thread (CPUThread)[0x00035314]]: RawSPUThread[0]: Read32(SPU_Out_MBox)
[W : PPU[1] Thread (CPUThread)[0x0030347c]]: *** cellFsOpen(path="/shaders/fsPolDraw_Char_Fog_DisregardPixelAlpha_OpacityOnly.cgelf"): fd = 225
[W : PPU[1] Thread (CPUThread)[0x00499034]]: sys_lwmutex warning: *** lwmutex created [_lc_mtx] (attribute=0x12): sq_id = 226
[W : PPU[1] Thread (CPUThread)[0x003033f4]]: sys_fs warning: cellFsClose(fd=225)
[W : PPU[1] Thread (CPUThread)[0x0049910c]]: sys_lwmutex warning: sys_lwmutex_destroy(lwmutex_addr=0x301bc6e0)
[W : PPU[1] Thread (CPUThread)[0x0030347c]]: *** cellFsOpen(path="/shaders/fsPolDraw_Char_Fog_DisregardPixelAlpha_OpacityOnly.cgelf"): fd = 227
[W : PPU[1] Thread (CPUThread)[0x00499034]]: sys_lwmutex warning: *** lwmutex created [_lc_mtx] (attribute=0x12): sq_id = 228
[W : PPU[1] Thread (CPUThread)[0x003033f4]]: sys_fs warning: cellFsClose(fd=227)
[W : PPU[1] Thread (CPUThread)[0x0049910c]]: sys_lwmutex warning: sys_lwmutex_destroy(lwmutex_addr=0x301bc6e0)
[W : PPU[1] Thread (CPUThread)[0x0041f040]]: sys_fs warning: cellFsStat: "aaa" not found.
[W : PPU[1] Thread (CPUThread)[0x0041f040]]: sys_fs warning: cellFsStat: "aaa" not found.
[W : PPU[1] Thread (CPUThread)[0x0041f040]]: sys_fs warning: cellFsStat: "aaa" not found.
[W : PPU[1] Thread (CPUThread)[0x0041f040]]: sys_fs warning: cellFsStat: "aaa" not found.
[W : PPU[1] Thread (CPUThread)[0x0041f040]]: sys_fs warning: cellFsStat: "aaa" not found.
[W : PPU[1] Thread (CPUThread)[0x0041f040]]: sys_fs warning: cellFsStat: "aaa" not found.
[W : PPU[1] Thread (CPUThread)[0x0041f040]]: sys_fs warning: cellFsStat: "aaa" not found.
[W : PPU[1] Thread (CPUThread)[0x0041f040]]: sys_fs warning: cellFsStat: "aaa" not found.
[W : PPU[1] Thread (CPUThread)[0x0041f040]]: sys_fs warning: cellFsStat: "disorder6.rio" not found.
[W : PPU[1] Thread (CPUThread)[0x0041f040]]: sys_fs warning: cellFsStat: "disorder6.rio.ici" not found.
[W : PPU[1] Thread (CPUThread)[0x0041f040]]: sys_fs warning: cellFsStat: "DF_CHYUMARUGOTHIC%$-B$-A.rfr" not found.
[W : PPU[1] Thread (CPUThread)[0x0041f040]]: sys_fs warning: cellFsStat: "DF_CHYUMARUGOTHIC%$-B$-A.rfr" not found.
[W : PPU[1] Thread (CPUThread)[0x0041f040]]: sys_fs warning: cellFsStat: "DF_CHYUMARUGOTHIC%$-B$-A.rfr" not found.
[W : PPU[1] Thread (CPUThread)[0x0030783c]]: SysCall 988! r3: 0x4, r4: 0x0, pc: 0x30783c
[W : PPU[1] Thread (CPUThread)[0x00499118]]: Process warning: sys_process_exit(1)
[S : PPU[1] Thread (CPUThread)[0x00499118]]: Process finished
[! : RSXThread]: RSX thread exit...
[!]: Closing memory...
