[!]: path: /dev_hdd0/game/
[!]: Loading 'D:\Emulateurs\Rpcs3\dev_hdd0\game\BLJM61088-[Rui Ha Tomo Wo Yobu]/PS3_GAME/USRDIR/BOOT.BIN'...
[!]: Mount info:
[!]: /dev_hdd0/ -> D:\Emulateurs\Rpcs3\dev_hdd0\
[!]: /dev_hdd1/ -> D:\Emulateurs\Rpcs3\dev_hdd1\
[!]: /dev_flash/ -> D:\Emulateurs\Rpcs3\dev_flash\
[!]: /dev_usb000/ -> D:\Emulateurs\Rpcs3\dev_usb000\
[!]: /dev_usb/ -> D:\Emulateurs\Rpcs3\dev_usb000\
[!]: /app_home/ -> D:\Emulateurs\Rpcs3\dev_hdd0\game\BLJM61088-[Rui Ha Tomo Wo Yobu]/PS3_GAME/\USRDIR\
[!]: /dev_bdvd/ -> D:\Emulateurs\Rpcs3\dev_hdd0\game\BLJM61088-[Rui Ha Tomo Wo Yobu]/PS3_GAME/\..\
[!]: /host_root/ -> 
[!]: ///resource/ -> D:\Emulateurs\Rpcs3\dev_hdd0\game\BLJM61088-[Rui Ha Tomo Wo Yobu]/PS3_GAME/\USRDIR\resource\
[!]: /app_home/Game/PS3_GAME/USRDIR/ -> D:\Emulateurs\Rpcs3\dev_hdd0\game\BLJM61088-[Rui Ha Tomo Wo Yobu]/PS3_GAME/\USRDIR\
[!]: /app_home/PS3_GAME/USRDIR/media/ -> D:\Emulateurs\Rpcs3\dev_hdd0\game\BLJM61088-[Rui Ha Tomo Wo Yobu]/PS3_GAME/\USRDIR\media\
[!]: /Data/ -> D:\Emulateurs\Rpcs3\dev_hdd0\game\BLJM61088-[Rui Ha Tomo Wo Yobu]/PS3_GAME/\USRDIR\Data\
[!]: / -> D:\Emulateurs\Rpcs3\dev_hdd0\game\BLJM61088-[Rui Ha Tomo Wo Yobu]/PS3_GAME/\USRDIR\
[!]: /USRDIR/PS3_GAME/USRDIR/Data/ -> D:\Emulateurs\Rpcs3\dev_hdd0\game\BLJM61088-[Rui Ha Tomo Wo Yobu]/PS3_GAME/\USRDIR\Data\
[!]: /app_home//dev_bdvd/PS3_GAME/USRDIR/data/gos/ -> D:\Emulateurs\Rpcs3\dev_hdd0\game\BLJM61088-[Rui Ha Tomo Wo Yobu]/PS3_GAME/\USRDIR\
[!]: BD/ -> D:\Emulateurs\Rpcs3\dev_hdd0\game\BLJM61088-[Rui Ha Tomo Wo Yobu]/PS3_GAME/\USRDIR\
[!]: Initing memory...
[!]: Memory initialized.
[W]: Unknown function 0xd3758645 in 'cellResc' module
[E]: TODO: cellRescSetVBlankHandler
[W]: Unknown function 0x21425307 in 'cellSysutil' module
[E]: TODO: cellSaveDataListAutoLoad
[W]: Unknown function 0x2a8eada2 in 'cellSysutil' module
[E]: TODO: cellSaveDataFixedLoad2
[W]: Unknown function 0x2aae9ef5 in 'cellSysutil' module
[E]: TODO: cellSaveDataFixedSave2
[W]: Unknown function 0x4dd03a4e in 'cellSysutil' module
[E]: TODO: cellSaveDataListAutoSave
[W]: Unknown function 0x62b0f803 in 'cellSysutil' module
[E]: TODO: cellMsgDialogAbort
[W]: Unknown function 0x8b7ed64b in 'cellSysutil' module
[E]: TODO: cellSaveDataAutoSave2
[W]: Unknown function 0xced17573 in 'cellSysutil' module
[E]: TODO: cellSaveDataFixedDelete
[W]: Unknown function 0xe7fa820b in 'cellSysutil' module
[E]: TODO: cellSaveDataEnableOverlay
[W]: Unknown function 0xedadd797 in 'cellSysutil' module
[E]: TODO: cellSaveDataDelete2
[W]: Unknown function 0xfbd5c856 in 'cellSysutil' module
[E]: TODO: cellSaveDataAutoLoad2
[W]: Unknown module 'cellSaveData'
[W]: Unknown function 0x01fbbc9b in 'sceNp' module
[E]: TODO: sceNpBasicSendMessageGui
[W]: Unknown function 0x04372385 in 'sceNp' module
[E]: TODO: sceNpBasicGetFriendListEntry
[W]: Unknown function 0x166dcc11 in 'sceNp' module
[E]: TODO: sceNpLookupNpId
[W]: Unknown function 0x168fcece in 'sceNp' module
[E]: TODO: sceNpManagerGetAccountAge
[W]: Unknown function 0x21206642 in 'sceNp' module
[E]: TODO: sceNpScoreGetRankingByRangeAsync
[W]: Unknown function 0x259113b8 in 'sceNp' module
[E]: TODO: sceNpScoreDestroyTitleCtx
[W]: Unknown function 0x32cf311f in 'sceNp' module
[E]: TODO: sceNpScoreInit
[W]: Unknown function 0x3db7914d in 'sceNp' module
[E]: TODO: sceNpScoreGetRankingByNpIdAsync
[W]: Unknown function 0x52a6b523 in 'sceNp' module
[E]: TODO: sceNpManagerUnregisterCallback
[W]: Unknown function 0x5de61626 in 'sceNp' module
[E]: TODO: sceNpLookupDestroyTitleCtx
[W]: Unknown function 0x5f2d9257 in 'sceNp' module
[E]: TODO: sceNpLookupInit
[W]: Unknown function 0x64a704cc in 'sceNp' module
[E]: TODO: sceNpBasicRecvMessageAttachmentLoad
[W]: Unknown function 0x6ee62ed2 in 'sceNp' module
[E]: TODO: sceNpManagerGetContentRatingFlag
[W]: Unknown function 0x6f5e8143 in 'sceNp' module
[E]: TODO: sceNpScoreCreateTransactionCtx
[W]: Unknown function 0x73931bd0 in 'sceNp' module
[E]: TODO: sceNpBasicGetBlockListEntryCount
[W]: Unknown function 0x7508112e in 'sceNp' module
[E]: TODO: sceNpLookupPollAsync
[W]: Unknown function 0x806960ab in 'sceNp' module
[E]: TODO: sceNpBasicRecvMessageCustom
[W]: Unknown function 0x8440537c in 'sceNp' module
[E]: TODO: sceNpLookupTerm
[W]: Unknown function 0x860b1756 in 'sceNp' module
[E]: TODO: sceNpLookupTitleSmallStorageAsync
[W]: Unknown function 0x9851f805 in 'sceNp' module
[E]: TODO: sceNpScoreTerm
[W]: Unknown function 0xa7a090e5 in 'sceNp' module
[E]: TODO: sceNpScorePollAsync
[W]: Unknown function 0xacb9ee8e in 'sceNp' module
[E]: TODO: sceNpBasicUnregisterHandler
[W]: Unknown function 0xafef640d in 'sceNp' module
[E]: TODO: sceNpBasicGetFriendListEntryCount
[W]: Unknown function 0xb1e0718b in 'sceNp' module
[E]: TODO: sceNpManagerGetAccountRegion
[W]: Unknown function 0xb9f93bbb in 'sceNp' module
[E]: TODO: sceNpScoreCreateTitleCtx
[W]: Unknown function 0xbcc09fe7 in 'sceNp' module
[E]: TODO: sceNpBasicRegisterHandler
[W]: Unknown function 0xbcdbb2ab in 'sceNp' module
[E]: TODO: sceNpBasicAddPlayersHistoryAsync
[W]: Unknown function 0xc5f4cf82 in 'sceNp' module
[E]: TODO: sceNpScoreDestroyTransactionCtx
[W]: Unknown function 0xce81c7f0 in 'sceNp' module
[E]: TODO: sceNpLookupCreateTitleCtx
[W]: Unknown function 0xceeebc7a in 'sceNp' module
[E]: TODO: sceNpProfileCallGui
[W]: Unknown function 0xd208f91d in 'sceNp' module
[E]: TODO: sceNpUtilCmpNpId
[W]: Unknown function 0xdb2e4dc2 in 'sceNp' module
[E]: TODO: sceNpScoreGetGameDataAsync
[W]: Unknown function 0xdfd63b62 in 'sceNp' module
[E]: TODO: sceNpLookupUserProfile
[W]: Unknown function 0xe035f7d6 in 'sceNp' module
[E]: TODO: sceNpBasicGetEvent
[W]: Unknown function 0xe7dcd3b4 in 'sceNp' module
[E]: TODO: sceNpManagerRegisterCallback
[W]: Unknown function 0xea2e9ffc in 'sceNp' module
[E]: TODO: sceNpLookupCreateTransactionCtx
[W]: Unknown function 0xeb7a3d84 in 'sceNp' module
[E]: TODO: sceNpManagerGetChatRestrictionFlag
[W]: Unknown function 0xee5b20d9 in 'sceNp' module
[E]: TODO: sceNpScoreAbortTransaction
[W]: Unknown function 0xf0b1e399 in 'sceNp' module
[E]: TODO: sceNpScoreRecordScoreAsync
[W]: Unknown function 0xf2b3338a in 'sceNp' module
[E]: TODO: sceNpBasicGetBlockListEntry
[W]: Unknown function 0xf76847c2 in 'sceNp' module
[E]: TODO: sceNpScoreRecordGameDataAsync
[W]: Unknown function 0xfb87cf5e in 'sceNp' module
[E]: TODO: sceNpLookupDestroyTransactionCtx
[W]: Unknown function 0xfe37a7f4 in 'sceNp' module
[E]: TODO: sceNpManagerGetNpId
[W]: Unknown function 0x832df17e in 'cellAudio' module
[E]: TODO: cellAudioAdd6chData
[W]: Unknown function 0x63387071 in 'cellGcmSys' module
[E]: TODO: cellGcmGetLastFlipTime
[W]: Unknown function 0xacee8542 in 'cellGcmSys' module
[E]: TODO: cellGcmSetFlipImmediate
[W]: Unknown function 0x117cd726 in 'cellPngEnc' module
[E]: TODO: cellPngEncClose
[W]: Unknown function 0x19256dc5 in 'cellPngEnc' module
[E]: TODO: cellPngEncOpen
[W]: Unknown function 0x496cfcd0 in 'cellPngEnc' module
[E]: TODO: cellPngEncQueryAttr
[W]: Unknown function 0x585269bc in 'cellPngEnc' module
[E]: TODO: cellPngEncGetStreamInfo
[W]: Unknown function 0x5b546ca4 in 'cellPngEnc' module
[E]: TODO: cellPngEncEncodePicture
[W]: Unknown function 0x662bd637 in 'cellPngEnc' module
[E]: TODO: cellPngEncWaitForInput
[W]: Unknown function 0x90ef2963 in 'cellPngEnc' module
[E]: TODO: cellPngEncWaitForOutput
[W]: Unknown module 'cellSysutilAvconfExt'
[W]: Unknown module 'cellRemotePlay'
[W]: Unknown module 'sceNpTus'
[W]: Unknown function 0x0247c69e in 'cellSail' module
[E]: TODO: cellSailGraphicsAdapterGetFrame
[W]: Unknown function 0x0abb318b in 'cellSail' module
[E]: TODO: cellSailDescriptorCreateDatabase
[W]: Unknown function 0x0c4cb439 in 'cellSail' module
[E]: TODO: cellSailFutureReset
[W]: Unknown function 0x1139a206 in 'cellSail' module
[E]: TODO: cellSailPlayerSetSoundAdapter
[W]: Unknown function 0x1872331b in 'cellSail' module
[E]: TODO: cellSailGraphicsAdapterPtsToTimePosition
[W]: Unknown function 0x18b4629d in 'cellSail' module
[E]: TODO: cellSailPlayerFinalize
[W]: Unknown function 0x18bcd21b in 'cellSail' module
[E]: TODO: cellSailPlayerSetGraphicsAdapter
[W]: Unknown function 0x1c983864 in 'cellSail' module
[E]: TODO: cellSailGraphicsAdapterInitialize
[W]: Unknown function 0x1c9d5e5a in 'cellSail' module
[E]: TODO: cellSailSoundAdapterSetPreferredFormat
[W]: Unknown function 0x23654375 in 'cellSail' module
[E]: TODO: cellSailPlayerInitialize2
[W]: Unknown function 0x28336e89 in 'cellSail' module
[E]: TODO: cellSailDescriptorDestroyDatabase
[W]: Unknown function 0x2e3ccb5e in 'cellSail' module
[E]: TODO: cellSailGraphicsAdapterSetPreferredFormat
[W]: Unknown function 0x346ebba3 in 'cellSail' module
[E]: TODO: cellSailMemAllocatorInitialize
[W]: Unknown function 0x34ecc1b9 in 'cellSail' module
[E]: TODO: cellSailPlayerOpenStream
[W]: Unknown function 0x3a2d806c in 'cellSail' module
[E]: TODO: cellSailFutureGet
[W]: Unknown function 0x3d0d3b72 in 'cellSail' module
[E]: TODO: cellSailSoundAdapterInitialize
[W]: Unknown function 0x44a20e79 in 'cellSail' module
[E]: TODO: cellSailGraphicsAdapterUpdateAvSync
[W]: Unknown function 0x4ae979df in 'cellSail' module
[E]: TODO: cellSailSoundAdapterPtsToTimePosition
[W]: Unknown function 0x4cc54f8e in 'cellSail' module
[E]: TODO: cellSailFutureInitialize
[W]: Unknown function 0x5783a454 in 'cellSail' module
[E]: TODO: cellSailMp4MovieGetMovieInfo
[W]: Unknown function 0x5f7c7a6f in 'cellSail' module
[E]: TODO: cellSailPlayerSetParameter
[W]: Unknown function 0x6e83f5c0 in 'cellSail' module
[E]: TODO: cellSailAviMovieGetMovieInfo
[W]: Unknown function 0x76488bb1 in 'cellSail' module
[E]: TODO: cellSailGraphicsAdapterFinalize
[W]: Unknown function 0x7c8dff3b in 'cellSail' module
[E]: TODO: cellSailPlayerAddDescriptor
[W]: Unknown function 0x7eb8d6b5 in 'cellSail' module
[E]: TODO: cellSailSoundAdapterGetFrame
[W]: Unknown function 0x9553af65 in 'cellSail' module
[E]: TODO: cellSailFutureFinalize
[W]: Unknown function 0xa37fed15 in 'cellSail' module
[E]: TODO: cellSailFutureSet
[W]: Unknown function 0xbdf21b0f in 'cellSail' module
[E]: TODO: cellSailPlayerBoot
[W]: Unknown function 0xd1462438 in 'cellSail' module
[E]: TODO: cellSailSoundAdapterFinalize
[W]: Unknown function 0xd1d55a90 in 'cellSail' module
[E]: TODO: cellSailPlayerSetPaused
[W]: Unknown function 0xd7938b8d in 'cellSail' module
[E]: TODO: cellSailPlayerCreateDescriptor
[W]: Unknown function 0xe535b0d3 in 'cellSail' module
[E]: TODO: cellSailPlayerStart
[W]: Unknown function 0xeba8d4ec in 'cellSail' module
[E]: TODO: cellSailPlayerStop
[W]: Unknown function 0xeec22809 in 'cellSail' module
[E]: TODO: cellSailSoundAdapterUpdateAvSync
[W]: Unknown function 0xf25f197d in 'cellSail' module
[E]: TODO: cellSailSoundAdapterGetFormat
[W]: Unknown function 0xfc5baf8a in 'cellSail' module
[E]: TODO: cellSailPlayerSetRepeatMode
[W]: Unknown function 0xfc839bd4 in 'cellSail' module
[E]: TODO: cellSailPlayerDestroyDescriptor
[W]: Unknown function 0xffd58aa4 in 'cellSail' module
[E]: TODO: cellSailGraphicsAdapterGetFormat
[W]: Unknown function 0x01379fd7 in 'sceNp2' module
[E]: TODO: sceNpMatching2DestroyContext
[W]: Unknown function 0x05bf2fbd in 'sceNp2' module
[E]: TODO: sceNpMatching2GetWorldInfoList
[W]: Unknown function 0x0d22867f in 'sceNp2' module
[E]: TODO: sceNpMatching2SearchRoom
[W]: Unknown function 0x1022e6d6 in 'sceNp2' module
[E]: TODO: sceNpMatching2SetUserInfo
[W]: Unknown function 0x1f372697 in 'sceNp2' module
[E]: TODO: sceNpMatching2LeaveRoom
[W]: Unknown function 0x23009d07 in 'sceNp2' module
[E]: TODO: sceNpMatching2Term2
[W]: Unknown function 0x26ae9ff8 in 'sceNp2' module
[E]: TODO: sceNpMatching2SignalingGetConnectionInfo
[W]: Unknown function 0x2ed909dc in 'sceNp2' module
[E]: TODO: sceNpMatching2AbortRequest
[W]: Unknown function 0x3457c0db in 'sceNp2' module
[E]: TODO: sceNpMatching2GetServerInfo
[W]: Unknown function 0x3c00c9d4 in 'sceNp2' module
[E]: TODO: sceNpMatching2GetEventData
[W]: Unknown function 0x41251f74 in 'sceNp2' module
[E]: TODO: sceNp2Init
[W]: Unknown function 0x430ce063 in 'sceNp2' module
[E]: TODO: sceNpMatching2AbortContextStart
[W]: Unknown function 0x490124fd in 'sceNp2' module
[E]: TODO: sceNpMatching2GetRoomMemberIdListLocal
[W]: Unknown function 0x5721e711 in 'sceNp2' module
[E]: TODO: sceNpMatching2JoinRoom
[W]: Unknown function 0x58a04247 in 'sceNp2' module
[E]: TODO: sceNpMatching2GetRoomMemberDataInternalLocal
[W]: Unknown function 0x6ba4c668 in 'sceNp2' module
[E]: TODO: sceNpMatching2ContextStartAsync
[W]: Unknown function 0x748029a2 in 'sceNp2' module
[E]: TODO: sceNpMatching2RegisterContextCallback
[W]: Unknown function 0x817d1090 in 'sceNp2' module
[E]: TODO: sceNpMatching2SetRoomDataInternal
[W]: Unknown function 0x8d3f8d49 in 'sceNp2' module
[E]: TODO: sceNpMatching2SignalingGetPingInfo
[W]: Unknown function 0x8e5cfe9f in 'sceNp2' module
[E]: TODO: sceNpMatching2GetServerIdListLocal
[W]: Unknown function 0x9cbce3f2 in 'sceNp2' module
[E]: TODO: sceNpMatching2CreateContext
[W]: Unknown function 0xa9e6103e in 'sceNp2' module
[E]: TODO: sceNpMatching2RegisterSignalingCallback
[W]: Unknown function 0xaa6c2c43 in 'sceNp2' module
[E]: TODO: sceNpMatching2ClearEventData
[W]: Unknown function 0xaadb7c12 in 'sceNp2' module
[E]: TODO: sceNp2Term
[W]: Unknown function 0xb851aacf in 'sceNp2' module
[E]: TODO: sceNpMatching2SetRoomMemberDataInternal
[W]: Unknown function 0xdb87b088 in 'sceNp2' module
[E]: TODO: sceNpMatching2SetDefaultRequestOptParam
[W]: Unknown function 0xdcb6b27d in 'sceNp2' module
[E]: TODO: sceNpMatching2RegisterRoomEventCallback
[W]: Unknown function 0xe4ac32ca in 'sceNp2' module
[E]: TODO: sceNpMatching2GetRoomDataExternalList
[W]: Unknown function 0xe7a3bc7a in 'sceNp2' module
[E]: TODO: sceNpMatching2CreateJoinRoom
[W]: Unknown function 0xf43c647a in 'sceNp2' module
[E]: TODO: sceNpMatching2ContextStop
[W]: Unknown function 0xf4babd3f in 'sceNp2' module
[E]: TODO: sceNpMatching2Init2
[W]: Unknown module 'cellSysutilAvc2'
[W]: Unknown function 0x384ba777 in 'cellRudp' module
[E]: TODO: cellRudpSetOption
[W]: Unknown function 0x48c001b0 in 'cellRudp' module
[E]: TODO: cellRudpWrite
[W]: Unknown function 0x48d3eeac in 'cellRudp' module
[E]: TODO: cellRudpTerminate
[W]: Unknown function 0x63f63545 in 'cellRudp' module
[E]: TODO: cellRudpInit
[W]: Unknown function 0x6c0cff03 in 'cellRudp' module
[E]: TODO: cellRudpEnableInternalIOThread
[W]: Unknown function 0x7dadc739 in 'cellRudp' module
[E]: TODO: cellRudpCreateContext
[W]: Unknown function 0x7ed95e60 in 'cellRudp' module
[E]: TODO: cellRudpSetEventHandler
[W]: Unknown function 0x92e4d899 in 'cellRudp' module
[E]: TODO: cellRudpRead
[W]: Unknown function 0xb6bcb4a1 in 'cellRudp' module
[E]: TODO: cellRudpEnd
[W]: Unknown function 0xc407844f in 'cellRudp' module
[E]: TODO: cellRudpInitiate
[W]: Unknown function 0xee41e16a in 'cellRudp' module
[E]: TODO: cellRudpBind
[W]: Unknown function 0x28e208bb in 'sys_net' module
[E]: TODO: listen
[W]: Unknown function 0x3f09e20a in 'sys_net' module
[E]: TODO: socketselect
[W]: Unknown function 0x8a561d92 in 'sysPrxForUser' module
[E]: TODO: _sys_heap_free
[W]: Unknown function 0xaede4b03 in 'sysPrxForUser' module
[E]: TODO: _sys_heap_delete_heap
[W : PPU[1] Thread (CPUThread)[0x003de034]]: sys_lwmutex warning: *** lwmutex created [_lc_mtx] (attribute=0x12): sq_id = 3
[W : PPU[1] Thread (CPUThread)[0x0002f474]]: memory warning: sys_memory_get_user_memory_size(mem_info_addr=0xd0010c04)
[W : PPU[1] Thread (CPUThread)[0x003de034]]: sys_lwmutex warning: *** lwmutex created [_lc_mtx] (attribute=0x12): sq_id = 4
[W : PPU[1] Thread (CPUThread)[0x003de034]]: sys_lwmutex warning: *** lwmutex created [_lc_mtx] (attribute=0x12): sq_id = 5
[W : PPU[1] Thread (CPUThread)[0x003de034]]: sys_lwmutex warning: *** lwmutex created [_lc_mtx] (attribute=0x12): sq_id = 6
[W : PPU[1] Thread (CPUThread)[0x003de034]]: sys_lwmutex warning: *** lwmutex created [_lc_mtx] (attribute=0x12): sq_id = 7
[W : PPU[1] Thread (CPUThread)[0x003de034]]: sys_lwmutex warning: *** lwmutex created [_lc_mtx] (attribute=0x12): sq_id = 8
[W : PPU[1] Thread (CPUThread)[0x003de034]]: sys_lwmutex warning: *** lwmutex created [_lc_mtx] (attribute=0x12): sq_id = 9
[W : PPU[1] Thread (CPUThread)[0x003de034]]: sys_lwmutex warning: *** lwmutex created [_lc_mtx] (attribute=0x12): sq_id = 10
[W : PPU[1] Thread (CPUThread)[0x003de034]]: sys_lwmutex warning: *** lwmutex created [_lc_mtx] (attribute=0x12): sq_id = 11
[W : PPU[1] Thread (CPUThread)[0x003de034]]: sys_lwmutex warning: *** lwmutex created [_lc_mtx] (attribute=0x12): sq_id = 12
[W : PPU[1] Thread (CPUThread)[0x003de034]]: sys_lwmutex warning: *** lwmutex created [_lc_mtx] (attribute=0x12): sq_id = 13
[W : PPU[1] Thread (CPUThread)[0x003de034]]: sys_lwmutex warning: *** lwmutex created [_lc_mtx] (attribute=0x12): sq_id = 14
[W : PPU[1] Thread (CPUThread)[0x003de034]]: sys_lwmutex warning: *** lwmutex created [_lc_mtx] (attribute=0x12): sq_id = 15
[W : PPU[1] Thread (CPUThread)[0x003de034]]: sys_lwmutex warning: *** lwmutex created [_lc_mtx] (attribute=0x12): sq_id = 16
[W : PPU[1] Thread (CPUThread)[0x003de034]]: sys_lwmutex warning: *** lwmutex created [_lc_mtx] (attribute=0x12): sq_id = 17
[W : PPU[1] Thread (CPUThread)[0x003de034]]: sys_lwmutex warning: *** lwmutex created [_lc_mtx] (attribute=0x12): sq_id = 18
[W : PPU[1] Thread (CPUThread)[0x003de034]]: sys_lwmutex warning: *** lwmutex created [_lc_mtx] (attribute=0x12): sq_id = 19
[W : PPU[1] Thread (CPUThread)[0x003de034]]: sys_lwmutex warning: *** lwmutex created [_lc_mtx] (attribute=0x12): sq_id = 20
[W : PPU[1] Thread (CPUThread)[0x003de034]]: sys_lwmutex warning: *** lwmutex created [_lc_mtx] (attribute=0x12): sq_id = 21
[W : PPU[1] Thread (CPUThread)[0x003de034]]: sys_lwmutex warning: *** lwmutex created [_lc_mtx] (attribute=0x12): sq_id = 22
[W : PPU[1] Thread (CPUThread)[0x003de034]]: sys_lwmutex warning: *** lwmutex created [_lc_mtx] (attribute=0x12): sq_id = 23
[W : PPU[1] Thread (CPUThread)[0x003de034]]: sys_lwmutex warning: *** lwmutex created [_lc_mtx] (attribute=0x12): sq_id = 24
[W : PPU[1] Thread (CPUThread)[0x0021d054]]: sys_mutex warning: *** mutex created [] (protocol=0x1, recursive=true): id = 25
[W : PPU[1] Thread (CPUThread)[0x0021aa00]]: sys_mutex warning: *** mutex created [] (protocol=0x1, recursive=true): id = 26
[W : PPU[1] Thread (CPUThread)[0x0020967c]]: sys_mutex warning: *** mutex created [] (protocol=0x1, recursive=true): id = 27
[W : PPU[1] Thread (CPUThread)[0x00188060]]: sys_mutex warning: *** mutex created [] (protocol=0x1, recursive=true): id = 28
[W : PPU[1] Thread (CPUThread)[0x001880a0]]: sys_mutex warning: *** mutex created [] (protocol=0x1, recursive=true): id = 29
[W : PPU[1] Thread (CPUThread)[0x0015794c]]: sys_mutex warning: *** mutex created [] (protocol=0x1, recursive=true): id = 30
[W : PPU[1] Thread (CPUThread)[0x0021a7c8]]: sys_event_flag warning: sys_event_flag_create(eflag_id_addr=0x284020, attr_addr=0xd0010c40, init=0x0)
[W : PPU[1] Thread (CPUThread)[0x0021a7c8]]: sys_event_flag warning: *** event_flag created [] (protocol=0x2, type=0x20000): id = 31
[W : PPU[1] Thread (CPUThread)[0x003b4070]]: cellSysutil warning: cellSysutilGetSystemParamInt: CELL_SYSUTIL_SYSTEMPARAM_ID_DATE_FORMAT
[W : PPU[1] Thread (CPUThread)[0x003b40b8]]: cellSysutil warning: cellSysutilRegisterCallback(slot=0, func_addr=0x269c90, userdata=0x0)
[W : PPU[1] Thread (CPUThread)[0x001936ac]]: sys_mutex warning: *** mutex created [] (protocol=0x1, recursive=true): id = 32
[W : PPU[1] Thread (CPUThread)[0x0019382c]]: sys_mutex warning: *** mutex created [] (protocol=0x1, recursive=true): id = 33
[W : PPU[1] Thread (CPUThread)[0x0019387c]]: sys_mutex warning: *** mutex created [] (protocol=0x1, recursive=true): id = 34
[W : PPU[1] Thread (CPUThread)[0x001938cc]]: sys_mutex warning: *** mutex created [] (protocol=0x1, recursive=true): id = 35
[W : PPU[1] Thread (CPUThread)[0x001937dc]]: sys_mutex warning: *** mutex created [] (protocol=0x1, recursive=true): id = 36
[W : PPU[1] Thread (CPUThread)[0x003be01c]]: cellGcmSys warning: cellGcmInit(context_addr=0x284330,cmdSize=0x20000,ioSize=0x200000,ioAddress=0x30200000)
[W : PPU[1] Thread (CPUThread)[0x003be01c]]: cellGcmSys warning: *** local memory(addr=0xc0000000, size=0xf900000)
[W : PPU[1] Thread (CPUThread)[0x003be01c]]: cellGcmSys warning: cellGcmMapEaIoAddress(ea=0x30200000, io=0x0, size=0x200000)
[! : RSXThread]: RSX thread entry
[W : PPU[1] Thread (CPUThread)[0x003b40c4]]: cellSysutil warning: cellVideoOutGetResolutionAvailability(videoOut=0, resolutionId=0x1, option_addr=0x0, aspect=0x0, option=0xdf889700)
[W : PPU[1] Thread (CPUThread)[0x003b40c4]]: cellSysutil warning: cellVideoOutGetResolutionAvailability(videoOut=0, resolutionId=0x81, option_addr=0x0, aspect=0x0, option=0xdf888800)
[W : PPU[1] Thread (CPUThread)[0x003be004]]: cellGcmSys warning: cellGcmGetTiledPitchSize(size=7680)
[W : PPU[1] Thread (CPUThread)[0x003be004]]: cellGcmSys warning: cellGcmGetTiledPitchSize(size=3840)
[W : PPU[1] Thread (CPUThread)[0x003be004]]: cellGcmSys warning: cellGcmGetTiledPitchSize(size=7680)
[W : PPU[1] Thread (CPUThread)[0x003be004]]: cellGcmSys warning: cellGcmGetTiledPitchSize(size=3840)
[W : PPU[1] Thread (CPUThread)[0x003b4010]]: cellSysutil warning: cellVideoOutConfigure(videoOut=0, config_addr=0xd0010ac4, option_addr=0x0, waitForEvent=0x0)
[W : PPU[1] Thread (CPUThread)[0x0025f010]]: cellSysmodule warning: cellSysmoduleLoadModule(CELL_SYSMODULE_RESC)
[W : PPU[1] Thread (CPUThread)[0x003b2058]]: cellResc warning: cellRescInit(initConfig_addr=0xd0010ad4)
[W : PPU[1] Thread (CPUThread)[0x003b2028]]: cellResc warning: cellRescSetDisplayMode(displayMode=8)
[W : PPU[1] Thread (CPUThread)[0x003b2028]]: cellSysutil warning: cellVideoOutConfigure(videoOut=0, config_addr=0x30016000, option_addr=0x0, waitForEvent=0x0)
[W : PPU[1] Thread (CPUThread)[0x003b2028]]: cellGcmSys warning: cellGcmSetFlipMode(mode=2)
[W : PPU[1] Thread (CPUThread)[0x003b2064]]: cellResc warning: cellRescGetBufferSize(colorBuffers_addr=0xd0010aa0, vertexArray_addr=0xd0010aa4, fragmentShader_addr=0xd0010aa8)
[W : PPU[1] Thread (CPUThread)[0x003be0dc]]: cellGcmSys warning: cellGcmSetTileInfo(index=0, location=0, offset=0, size=8388608, pitch=7680, comp=7, base=0, bank=0)
[E : PPU[1] Thread (CPUThread)[0x003be0dc]]: cellGcmSys error: cellGcmSetTileInfo: bad comp! (7)
[W : PPU[1] Thread (CPUThread)[0x003be04c]]: cellGcmSys warning: cellGcmBindTile(index=0)
[W : PPU[1] Thread (CPUThread)[0x003be0dc]]: cellGcmSys warning: cellGcmSetTileInfo(index=1, location=0, offset=8388608, size=4194304, pitch=3840, comp=0, base=128, bank=1)
[W : PPU[1] Thread (CPUThread)[0x003be04c]]: cellGcmSys warning: cellGcmBindTile(index=1)
[W : PPU[1] Thread (CPUThread)[0x003b207c]]: cellResc warning: cellRescSetBufferAddress(colorBuffers_addr=0xc0c00000, vertexArray_addr=0xc1d00000, fragmentShader_addr=0xc1d00180)
[W : PPU[1] Thread (CPUThread)[0x003b207c]]: cellGcmSys warning: cellGcmSetDisplayBuffer(id=0x0,offset=0xc00000,pitch=4,width=1920,height=1080)
[W : PPU[1] Thread (CPUThread)[0x003b207c]]: cellGcmSys warning: cellGcmSetDisplayBuffer(id=0x1,offset=0x1480000,pitch=4,width=1920,height=1080)
[W : PPU[1] Thread (CPUThread)[0x003be0dc]]: cellGcmSys warning: cellGcmSetTileInfo(index=2, location=0, offset=12582912, size=17825792, pitch=8192, comp=7, base=192, bank=0)
[E : PPU[1] Thread (CPUThread)[0x003be0dc]]: cellGcmSys error: cellGcmSetTileInfo: bad comp! (7)
[W : PPU[1] Thread (CPUThread)[0x003be04c]]: cellGcmSys warning: cellGcmBindTile(index=2)
[W : PPU[1] Thread (CPUThread)[0x003b2070]]: cellGcmSys warning: cellGcmSetDisplayBuffer(id=0x0,offset=0x0,pitch=4,width=1920,height=1080)
[W : PPU[1] Thread (CPUThread)[0x003de034]]: sys_lwmutex warning: *** lwmutex created [] (attribute=0x22): sq_id = 37
[W : PPU[1] Thread (CPUThread)[0x00203144]]: sys_event_flag warning: sys_event_flag_create(eflag_id_addr=0x283de0, attr_addr=0xd0010c40, init=0x0)
[W : PPU[1] Thread (CPUThread)[0x00203144]]: sys_event_flag warning: *** event_flag created [] (protocol=0x2, type=0x20000): id = 38
[W : PPU[1] Thread (CPUThread)[0x0025f010]]: cellSysmodule warning: cellSysmoduleLoadModule(CELL_SYSMODULE_SYSUTIL_NP)
[W : PPU[1] Thread (CPUThread)[0x0025f010]]: cellSysmodule warning: cellSysmoduleLoadModule(CELL_SYSMODULE_SYSUTIL_GAME)
[W : PPU[1] Thread (CPUThread)[0x003b6034]]: cellGame warning: cellGameBootCheck(type_addr=0xd0010820, attributes_addr=0xd0010824, size_addr=0xd0010828, dirName_addr=0xd00109e8)
[W : PPU[1] Thread (CPUThread)[0x003b6004]]: cellGame warning: cellGameContentPermit(contentInfoPath_addr=0xd0010b08, usrdirPath_addr=0xd0010b88)
[W : PPU[1] Thread (CPUThread)[0x0025f004]]: cellSysmodule warning: cellSysmoduleUnloadModule(CELL_SYSMODULE_SYSUTIL_GAME)
[W : PPU[1] Thread (CPUThread)[0x0025f010]]: cellSysmodule warning: cellSysmoduleLoadModule(CELL_SYSMODULE_NET)
[W : PPU[1] Thread (CPUThread)[0x003da004]]: sys_net warning: sys_net_initialize_network_ex(param_addr=0xd0010780)
[W : PPU[1] Thread (CPUThread)[0x0025f010]]: cellSysmodule warning: cellSysmoduleLoadModule(CELL_SYSMODULE_RUDP)
[E : PPU[1] Thread (CPUThread)[0x003d8028]]: TODO: cellRudpInit
[E : PPU[1] Thread (CPUThread)[0x003d804c]]: TODO: cellRudpSetEventHandler
[E : PPU[1] Thread (CPUThread)[0x003d8034]]: TODO: cellRudpEnableInternalIOThread
[W : PPU[1] Thread (CPUThread)[0x0025f010]]: cellSysmodule warning: cellSysmoduleLoadModule(CELL_SYSMODULE_SYSUTIL_NP)
[W : PPU[1] Thread (CPUThread)[0x0001f908]]: SysCall 988! r3: 0x1, r4: 0x0, pc: 0x1f908
[W : PPU[1] Thread (CPUThread)[0x001578b8]]: sys_mutex warning: sys_mutex_destroy(mutex_id=30)
[! : PPU[1] Thread (CPUThread)[0x001578b8]]: Mutex(30) was owned by thread -1 (recursive=41)
[W : PPU[1] Thread (CPUThread)[0x00187df4]]: sys_mutex warning: sys_mutex_destroy(mutex_id=29)
[! : PPU[1] Thread (CPUThread)[0x00187df4]]: Mutex(29) was owned by thread -1 (recursive=0)
[W : PPU[1] Thread (CPUThread)[0x00187e2c]]: sys_mutex warning: sys_mutex_destroy(mutex_id=28)
[! : PPU[1] Thread (CPUThread)[0x00187e2c]]: Mutex(28) was owned by thread -1 (recursive=41)
[W : PPU[1] Thread (CPUThread)[0x00209614]]: sys_mutex warning: sys_mutex_destroy(mutex_id=27)
[! : PPU[1] Thread (CPUThread)[0x00209614]]: Mutex(27) was owned by thread -1 (recursive=0)
[W : PPU[1] Thread (CPUThread)[0x0021a8e4]]: sys_mutex warning: sys_mutex_destroy(mutex_id=26)
[! : PPU[1] Thread (CPUThread)[0x0021a8e4]]: Mutex(26) was owned by thread -1 (recursive=41)
[W : PPU[1] Thread (CPUThread)[0x0021cfbc]]: sys_mutex warning: sys_mutex_destroy(mutex_id=25)
[! : PPU[1] Thread (CPUThread)[0x0021cfbc]]: Mutex(25) was owned by thread -1 (recursive=0)
[W : PPU[1] Thread (CPUThread)[0x003de0c4]]: sys_lwmutex warning: sys_lwmutex_destroy(lwmutex_addr=0x301003c0)
[W : PPU[1] Thread (CPUThread)[0x003de0c4]]: sys_lwmutex warning: sys_lwmutex_destroy(lwmutex_addr=0x30100390)
[W : PPU[1] Thread (CPUThread)[0x003de0c4]]: sys_lwmutex warning: sys_lwmutex_destroy(lwmutex_addr=0x30100360)
[W : PPU[1] Thread (CPUThread)[0x003de0c4]]: sys_lwmutex warning: sys_lwmutex_destroy(lwmutex_addr=0x30100330)
[W : PPU[1] Thread (CPUThread)[0x003de0c4]]: sys_lwmutex warning: sys_lwmutex_destroy(lwmutex_addr=0x30100300)
[W : PPU[1] Thread (CPUThread)[0x003de0c4]]: sys_lwmutex warning: sys_lwmutex_destroy(lwmutex_addr=0x301002d0)
[W : PPU[1] Thread (CPUThread)[0x00023da8]]: SysCall 988! r3: 0x1, r4: 0x0, pc: 0x23da8
[W : PPU[1] Thread (CPUThread)[0x003de0c4]]: sys_lwmutex warning: sys_lwmutex_destroy(lwmutex_addr=0x30c2a0)
[W : PPU[1] Thread (CPUThread)[0x003de0c4]]: sys_lwmutex warning: sys_lwmutex_destroy(lwmutex_addr=0x30c2c8)
[W : PPU[1] Thread (CPUThread)[0x003de0c4]]: sys_lwmutex warning: sys_lwmutex_destroy(lwmutex_addr=0x30c2f0)
[W : PPU[1] Thread (CPUThread)[0x003de0c4]]: sys_lwmutex warning: sys_lwmutex_destroy(lwmutex_addr=0x30c1d8)
[W : PPU[1] Thread (CPUThread)[0x003de0c4]]: sys_lwmutex warning: sys_lwmutex_destroy(lwmutex_addr=0x30c200)
[W : PPU[1] Thread (CPUThread)[0x003de0c4]]: sys_lwmutex warning: sys_lwmutex_destroy(lwmutex_addr=0x30c228)
[W : PPU[1] Thread (CPUThread)[0x003de0c4]]: sys_lwmutex warning: sys_lwmutex_destroy(lwmutex_addr=0x30c250)
[W : PPU[1] Thread (CPUThread)[0x003de0c4]]: sys_lwmutex warning: sys_lwmutex_destroy(lwmutex_addr=0x30c278)
[W : PPU[1] Thread (CPUThread)[0x003de0c4]]: sys_lwmutex warning: sys_lwmutex_destroy(lwmutex_addr=0x30cb10)
[W : PPU[1] Thread (CPUThread)[0x003de0c4]]: sys_lwmutex warning: sys_lwmutex_destroy(lwmutex_addr=0x30cd10)
[W : PPU[1] Thread (CPUThread)[0x003de0dc]]: Process warning: sys_process_exit(0)
[S : PPU[1] Thread (CPUThread)[0x003de0dc]]: Process finished
[! : RSXThread]: RSX thread exit...
[!]: Closing memory...
