[!]: path: /dev_hdd0/game/
[!]: Loading 'D:\Emulateurs\Rpcs3\dev_hdd0\game\BLJM60462-[STEINS;GATE]/PS3_GAME/USRDIR/BOOT.BIN'...
[!]: Mount info:
[!]: /dev_hdd0/ -> D:\Emulateurs\Rpcs3\dev_hdd0\
[!]: /dev_hdd1/ -> D:\Emulateurs\Rpcs3\dev_hdd1\
[!]: /dev_flash/ -> D:\Emulateurs\Rpcs3\dev_flash\
[!]: /dev_usb000/ -> D:\Emulateurs\Rpcs3\dev_usb000\
[!]: /dev_usb/ -> D:\Emulateurs\Rpcs3\dev_usb000\
[!]: /app_home/ -> D:\Emulateurs\Rpcs3\dev_hdd0\game\BLJM60462-[STEINS;GATE]/PS3_GAME/\USRDIR\
[!]: /dev_bdvd/ -> D:\Emulateurs\Rpcs3\dev_hdd0\game\BLJM60462-[STEINS;GATE]/PS3_GAME/\..\
[!]: /host_root/ -> 
[!]: ///resource/ -> D:\Emulateurs\Rpcs3\dev_hdd0\game\BLJM60462-[STEINS;GATE]/PS3_GAME/\USRDIR\resource\
[!]: /app_home/Game/PS3_GAME/USRDIR/ -> D:\Emulateurs\Rpcs3\dev_hdd0\game\BLJM60462-[STEINS;GATE]/PS3_GAME/\USRDIR\
[!]: /app_home/PS3_GAME/USRDIR/media/ -> D:\Emulateurs\Rpcs3\dev_hdd0\game\BLJM60462-[STEINS;GATE]/PS3_GAME/\USRDIR\media\
[!]: /Data/ -> D:\Emulateurs\Rpcs3\dev_hdd0\game\BLJM60462-[STEINS;GATE]/PS3_GAME/\USRDIR\Data\
[!]: / -> D:\Emulateurs\Rpcs3\dev_hdd0\game\BLJM60462-[STEINS;GATE]/PS3_GAME/\USRDIR\
[!]: /USRDIR/PS3_GAME/USRDIR/Data/ -> D:\Emulateurs\Rpcs3\dev_hdd0\game\BLJM60462-[STEINS;GATE]/PS3_GAME/\USRDIR\Data\
[!]: Initing memory...
[!]: Memory initialized.
[S]: Function group [surMixer] successfully hooked
[W]: Unknown function 0xd3758645 in 'cellResc' module
[E]: TODO: cellRescSetVBlankHandler
[W]: Unknown function 0xaa6269a8 in 'cellSpurs' module
[E]: TODO: cellSpursInitializeWithAttribute
[W]: Unknown function 0x16394a4e in 'cellSpurs' module
[E]: TODO: _cellSpursTasksetAttributeInitialize
[W]: Unknown function 0x1d46fedf in 'cellSpurs' module
[E]: TODO: cellSpursCreateTaskWithAttribute
[W]: Unknown function 0x22aab31d in 'cellSpurs' module
[E]: TODO: cellSpursEventFlagDetachLv2EventQueue
[W]: Unknown function 0x373523d4 in 'cellSpurs' module
[E]: TODO: cellSpursEventFlagWait
[W]: Unknown function 0x5ef96465 in 'cellSpurs' module
[E]: TODO: _cellSpursEventFlagInitialize
[W]: Unknown function 0x652b70e2 in 'cellSpurs' module
[E]: TODO: cellSpursTasksetAttributeSetName
[W]: Unknown function 0x87630976 in 'cellSpurs' module
[E]: TODO: cellSpursEventFlagAttachLv2EventQueue
[W]: Unknown function 0x9f72add3 in 'cellSpurs' module
[E]: TODO: cellSpursJoinTaskset
[W]: Unknown function 0xa789e631 in 'cellSpurs' module
[E]: TODO: cellSpursShutdownTaskset
[W]: Unknown function 0xb8474eff in 'cellSpurs' module
[E]: TODO: _cellSpursTaskAttributeInitialize
[W]: Unknown function 0xc10931cb in 'cellSpurs' module
[E]: TODO: cellSpursCreateTasksetWithAttribute
[W]: Unknown function 0xf5507729 in 'cellSpurs' module
[E]: TODO: cellSpursEventFlagSet
[W]: Unknown function 0x8b7ed64b in 'cellSysutil' module
[E]: TODO: cellSaveDataAutoSave2
[W]: Unknown function 0xfbd5c856 in 'cellSysutil' module
[E]: TODO: cellSaveDataAutoLoad2
[W]: Unknown function 0x967a162b in 'sys_fs' module
[E]: TODO: cellFsFsync
[W]: Unknown function 0xa298cad2 in 'cellL10n' module
[E]: TODO: l10n_convert_str
[W]: Unknown function 0xcc1633cc in 'cellL10n' module
[E]: TODO: l10n_get_converter
[W]: Unknown function 0x8a561d92 in 'sysPrxForUser' module
[E]: TODO: _sys_heap_free
[W]: Unknown function 0xaede4b03 in 'sysPrxForUser' module
[E]: TODO: _sys_heap_delete_heap
[W : PPU[1] Thread (CPUThread)[0x0082e034]]: sys_lwmutex warning: *** lwmutex created [_lc_mtx] (attribute=0x12): sq_id = 3
[W : PPU[1] Thread (CPUThread)[0x00155d1c]]: memory warning: sys_memory_get_user_memory_size(mem_info_addr=0xd0010c04)
[W : PPU[1] Thread (CPUThread)[0x0082e034]]: sys_lwmutex warning: *** lwmutex created [_lc_mtx] (attribute=0x12): sq_id = 4
[W : PPU[1] Thread (CPUThread)[0x0082e034]]: sys_lwmutex warning: *** lwmutex created [_lc_mtx] (attribute=0x12): sq_id = 5
[W : PPU[1] Thread (CPUThread)[0x0082e034]]: sys_lwmutex warning: *** lwmutex created [_lc_mtx] (attribute=0x12): sq_id = 6
[W : PPU[1] Thread (CPUThread)[0x0082e034]]: sys_lwmutex warning: *** lwmutex created [_lc_mtx] (attribute=0x12): sq_id = 7
[W : PPU[1] Thread (CPUThread)[0x0082e034]]: sys_lwmutex warning: *** lwmutex created [_lc_mtx] (attribute=0x12): sq_id = 8
[W : PPU[1] Thread (CPUThread)[0x0082e034]]: sys_lwmutex warning: *** lwmutex created [_lc_mtx] (attribute=0x12): sq_id = 9
[W : PPU[1] Thread (CPUThread)[0x0082e034]]: sys_lwmutex warning: *** lwmutex created [_lc_mtx] (attribute=0x12): sq_id = 10
[W : PPU[1] Thread (CPUThread)[0x0082e034]]: sys_lwmutex warning: *** lwmutex created [_lc_mtx] (attribute=0x12): sq_id = 11
[W : PPU[1] Thread (CPUThread)[0x0082e034]]: sys_lwmutex warning: *** lwmutex created [_lc_mtx] (attribute=0x12): sq_id = 12
[W : PPU[1] Thread (CPUThread)[0x0082e034]]: sys_lwmutex warning: *** lwmutex created [_lgcmtx] (attribute=0x12): sq_id = 13
[W : PPU[1] Thread (CPUThread)[0x0082e034]]: sys_lwmutex warning: *** lwmutex created [_lgcmtx] (attribute=0x22): sq_id = 14
[W : PPU[1] Thread (CPUThread)[0x00820010]]: cellSysmodule warning: cellSysmoduleLoadModule(CELL_SYSMODULE_RESC)
[W : PPU[1] Thread (CPUThread)[0x00820010]]: cellSysmodule warning: cellSysmoduleLoadModule(CELL_SYSMODULE_FS)
[W : PPU[1] Thread (CPUThread)[0x00820010]]: cellSysmodule warning: cellSysmoduleLoadModule(CELL_SYSMODULE_RTC)
[W : PPU[1] Thread (CPUThread)[0x00820010]]: cellSysmodule warning: cellSysmoduleLoadModule(CELL_SYSMODULE_L10N)
[W : PPU[1] Thread (CPUThread)[0x00820010]]: cellSysmodule warning: cellSysmoduleLoadModule(CELL_SYSMODULE_SYSUTIL_NP_TROPHY)
[W : PPU[1] Thread (CPUThread)[0x00820010]]: cellSysmodule warning: cellSysmoduleLoadModule(CELL_SYSMODULE_PNGDEC)
[W : PPU[1] Thread (CPUThread)[0x00824034]]: cellSysutil warning: cellSysutilRegisterCallback(slot=0, func_addr=0x1c3058, userdata=0x0)
[W : PPU[1] Thread (CPUThread)[0x0082e034]]: sys_lwmutex warning: *** lwmutex created [] (attribute=0x12): sq_id = 15
[W : PPU[1] Thread (CPUThread)[0x00128630]]: sys_mutex warning: *** mutex created [] (protocol=0x2, recursive=true): id = 16
[W : PPU[1] Thread (CPUThread)[0x00128688]]: sys_cond warning: *** condition on recursive mutex(16)
[W : PPU[1] Thread (CPUThread)[0x00128688]]: sys_cond warning: *** condition created [] (mutex_id=16): id = 17
[! : PPU[1] Thread (CPUThread)[0x0082e01c]]: *** New PPU Thread [CRI FS File Access 0] (): id = 18
[W : PPU[1] Thread (CPUThread)[0x00129adc]]: sysPrxForUser warning: sys_ppu_thread_set_priority(thread_id=18, prio=900)
[W : PPU[1] Thread (CPUThread)[0x0082e034]]: sys_lwmutex warning: *** lwmutex created [] (attribute=0x12): sq_id = 19
[W : PPU[1] Thread (CPUThread)[0x00128630]]: sys_mutex warning: *** mutex created [] (protocol=0x2, recursive=true): id = 20
[W : PPU[1] Thread (CPUThread)[0x00128688]]: sys_cond warning: *** condition on recursive mutex(20)
[W : PPU[1] Thread (CPUThread)[0x00128688]]: sys_cond warning: *** condition created [] (mutex_id=20): id = 21
[! : PPU[1] Thread (CPUThread)[0x0082e01c]]: *** New PPU Thread [CRI FS File Access 1] (): id = 22
[W : PPU[1] Thread (CPUThread)[0x00129adc]]: sysPrxForUser warning: sys_ppu_thread_set_priority(thread_id=22, prio=900)
[W : PPU[1] Thread (CPUThread)[0x0082e034]]: sys_lwmutex warning: *** lwmutex created [] (attribute=0x12): sq_id = 23
[W : PPU[1] Thread (CPUThread)[0x00128630]]: sys_mutex warning: *** mutex created [] (protocol=0x2, recursive=true): id = 24
[W : PPU[1] Thread (CPUThread)[0x00128688]]: sys_cond warning: *** condition on recursive mutex(24)
[W : PPU[1] Thread (CPUThread)[0x00128688]]: sys_cond warning: *** condition created [] (mutex_id=24): id = 25
[! : PPU[1] Thread (CPUThread)[0x0082e01c]]: *** New PPU Thread [CRI FS File Access 2] (): id = 26
[W : PPU[1] Thread (CPUThread)[0x00129adc]]: sysPrxForUser warning: sys_ppu_thread_set_priority(thread_id=26, prio=900)
[W : PPU[1] Thread (CPUThread)[0x0082e034]]: sys_lwmutex warning: *** lwmutex created [] (attribute=0x12): sq_id = 27
[W : PPU[1] Thread (CPUThread)[0x00128630]]: sys_mutex warning: *** mutex created [] (protocol=0x2, recursive=true): id = 28
[W : PPU[1] Thread (CPUThread)[0x00128688]]: sys_cond warning: *** condition on recursive mutex(28)
[W : PPU[1] Thread (CPUThread)[0x00128688]]: sys_cond warning: *** condition created [] (mutex_id=28): id = 29
[! : PPU[1] Thread (CPUThread)[0x0082e01c]]: *** New PPU Thread [CRI FS File Access 3] (): id = 30
[W : PPU[1] Thread (CPUThread)[0x00129adc]]: sysPrxForUser warning: sys_ppu_thread_set_priority(thread_id=30, prio=900)
[W : PPU[1] Thread (CPUThread)[0x0082e034]]: sys_lwmutex warning: *** lwmutex created [] (attribute=0x12): sq_id = 31
[W : PPU[1] Thread (CPUThread)[0x00128630]]: sys_mutex warning: *** mutex created [] (protocol=0x2, recursive=true): id = 32
[W : PPU[1] Thread (CPUThread)[0x00128688]]: sys_cond warning: *** condition on recursive mutex(32)
[W : PPU[1] Thread (CPUThread)[0x00128688]]: sys_cond warning: *** condition created [] (mutex_id=32): id = 33
[! : PPU[1] Thread (CPUThread)[0x0082e01c]]: *** New PPU Thread [CRI FS Memory File System] (): id = 34
[W : PPU[1] Thread (CPUThread)[0x00129adc]]: sysPrxForUser warning: sys_ppu_thread_set_priority(thread_id=34, prio=1100)
[W : PPU[1] Thread (CPUThread)[0x0082e034]]: sys_lwmutex warning: *** lwmutex created [] (attribute=0x12): sq_id = 35
[W : PPU[1] Thread (CPUThread)[0x00128630]]: sys_mutex warning: *** mutex created [] (protocol=0x2, recursive=true): id = 36
[W : PPU[1] Thread (CPUThread)[0x00128688]]: sys_cond warning: *** condition on recursive mutex(36)
[W : PPU[1] Thread (CPUThread)[0x00128688]]: sys_cond warning: *** condition created [] (mutex_id=36): id = 37
[! : PPU[1] Thread (CPUThread)[0x0082e01c]]: *** New PPU Thread [CRI FS Data Decompression 0] (): id = 38
[W : PPU[1] Thread (CPUThread)[0x00129adc]]: sysPrxForUser warning: sys_ppu_thread_set_priority(thread_id=38, prio=1100)
[W : PPU[1] Thread (CPUThread)[0x0082e034]]: sys_lwmutex warning: *** lwmutex created [] (attribute=0x12): sq_id = 39
[W : PPU[1] Thread (CPUThread)[0x0082e034]]: sys_lwmutex warning: *** lwmutex created [] (attribute=0x12): sq_id = 40
[W : PPU[1] Thread (CPUThread)[0x0082e034]]: sys_lwmutex warning: *** lwmutex created [] (attribute=0x12): sq_id = 41
[W : PPU[1] Thread (CPUThread)[0x0082e034]]: sys_lwmutex warning: *** lwmutex created [] (attribute=0x12): sq_id = 42
[W : PPU[1] Thread (CPUThread)[0x0082e034]]: sys_lwmutex warning: *** lwmutex created [] (attribute=0x12): sq_id = 43
[W : PPU[1] Thread (CPUThread)[0x0082e034]]: sys_lwmutex warning: *** lwmutex created [] (attribute=0x12): sq_id = 44
[W : PPU[1] Thread (CPUThread)[0x0082e034]]: sys_lwmutex warning: *** lwmutex created [] (attribute=0x12): sq_id = 45
[W : PPU[1] Thread (CPUThread)[0x0082e034]]: sys_lwmutex warning: *** lwmutex created [] (attribute=0x12): sq_id = 46
[W : PPU[1] Thread (CPUThread)[0x0082e034]]: sys_lwmutex warning: *** lwmutex created [] (attribute=0x12): sq_id = 47
[W : PPU[1] Thread (CPUThread)[0x0082e034]]: sys_lwmutex warning: *** lwmutex created [] (attribute=0x12): sq_id = 48
[W : PPU[1] Thread (CPUThread)[0x0082e034]]: sys_lwmutex warning: *** lwmutex created [] (attribute=0x12): sq_id = 49
[W : PPU[1] Thread (CPUThread)[0x0082e034]]: sys_lwmutex warning: *** lwmutex created [] (attribute=0x12): sq_id = 50
[! : PPU[1] Thread (CPUThread)[0x0082e01c]]: *** New PPU Thread [CRI Server Manager] (): id = 51
[W : PPU[1] Thread (CPUThread)[0x00129adc]]: sysPrxForUser warning: sys_ppu_thread_set_priority(thread_id=51, prio=500)
[W : PPU[1] Thread (CPUThread)[0x0082e034]]: sys_lwmutex warning: *** lwmutex created [] (attribute=0x12): sq_id = 52
[W : PPU[1] Thread (CPUThread)[0x001230e4]]: sys_mutex warning: *** mutex created [] (protocol=0x2, recursive=true): id = 53
[W : PPU[1] Thread (CPUThread)[0x00123118]]: sys_cond warning: *** condition on recursive mutex(53)
[W : PPU[1] Thread (CPUThread)[0x00123118]]: sys_cond warning: *** condition created [] (mutex_id=53): id = 54
[W : PPU[1] Thread (CPUThread)[0x0082e034]]: sys_lwmutex warning: *** lwmutex created [] (attribute=0x12): sq_id = 55
[! : PPU[1] Thread (CPUThread)[0x0082e01c]]: *** New PPU Thread [cri_dlg] (): id = 56
[W : PPU[1] Thread (CPUThread)[0x0082e034]]: sys_lwmutex warning: *** lwmutex created [] (attribute=0x12): sq_id = 57
[W : PPU[1] Thread (CPUThread)[0x0082e034]]: sys_lwmutex warning: *** lwmutex created [] (attribute=0x12): sq_id = 58
[W : PPU[1] Thread (CPUThread)[0x0082e034]]: sys_lwmutex warning: *** lwmutex created [] (attribute=0x12): sq_id = 59
[W : PPU[1] Thread (CPUThread)[0x001230e4]]: sys_mutex warning: *** mutex created [] (protocol=0x2, recursive=true): id = 60
[W : PPU[1] Thread (CPUThread)[0x00123118]]: sys_cond warning: *** condition on recursive mutex(60)
[W : PPU[1] Thread (CPUThread)[0x00123118]]: sys_cond warning: *** condition created [] (mutex_id=60): id = 61
[W : PPU[1] Thread (CPUThread)[0x0082e034]]: sys_lwmutex warning: *** lwmutex created [] (attribute=0x12): sq_id = 62
[! : PPU[1] Thread (CPUThread)[0x0082e01c]]: *** New PPU Thread [cri_dlg] (): id = 63
[W : PPU[1] Thread (CPUThread)[0x0082e034]]: sys_lwmutex warning: *** lwmutex created [] (attribute=0x12): sq_id = 64
[W : PPU[1] Thread (CPUThread)[0x0082e034]]: sys_lwmutex warning: *** lwmutex created [] (attribute=0x12): sq_id = 65
[W : PPU[1] Thread (CPUThread)[0x00820010]]: cellSysmodule warning: cellSysmoduleLoadModule(CELL_SYSMODULE_AUDIO)
[W : PPU[1] Thread (CPUThread)[0x00824040]]: cellSysutil warning: cellAudioOutGetSoundAvailability(audioOut=0, type=0, fs=0x4, option=0)
[W : PPU[1] Thread (CPUThread)[0x00824010]]: cellSysutil warning: cellAudioOutConfigure(audioOut=0, config_addr=0xd0010a90, option_addr=0x0, (!)waitForEvent=0)
[W : PPU[1] Thread (CPUThread)[0x00824058]]: cellSysutil warning: cellAudioOutGetState(audioOut=0x0,deviceIndex=0x0,state_addr=0xd0010ab8)
[W : PPU[1] Thread (CPUThread)[0x001bb004]]: cellAudio warning: cellAudioInit()
[! : Audio Thread]: Audio started
[W : PPU[1] Thread (CPUThread)[0x00099418]]: libmixer warning: cellSurMixerCreate(config_addr=0xd0010aa4)
[W : PPU[1] Thread (CPUThread)[0x00099418]]: libmixer warning: *** surMixer created (ch1=0, ch2=0, ch6=0, ch8=0)
[W : PPU[1] Thread (CPUThread)[0x00096004]]: libmixer warning: cellSurMixerSetNotifyCallback(func_addr=0x1c2c08, arg=0x0)
[W : PPU[1] Thread (CPUThread)[0x00095fcc]]: libmixer warning: cellSurMixerGetAANHandle(handle_addr=0xd0010aa0) -> 0x11111111
[W : PPU[1] Thread (CPUThread)[0x0082e034]]: sys_lwmutex warning: *** lwmutex created [] (attribute=0x12): sq_id = 66
[W : PPU[1] Thread (CPUThread)[0x0009884c]]: libmixer warning: cellSurMixerStart()
[W : PPU[1] Thread (CPUThread)[0x0009884c]]: libmixer warning: *** audio port opened(default, port 7)
[W : PPU[1] Thread (CPUThread)[0x0082e034]]: sys_lwmutex warning: *** lwmutex created [] (attribute=0x12): sq_id = 68
[W : PPU[1] Thread (CPUThread)[0x000a22fc]]: sys_mutex warning: *** mutex created [] (protocol=0x2, recursive=true): id = 69
[W : PPU[1] Thread (CPUThread)[0x000a2334]]: sys_cond warning: *** condition on recursive mutex(69)
[W : PPU[1] Thread (CPUThread)[0x000a2334]]: sys_cond warning: *** condition created [] (mutex_id=69): id = 70
[W : PPU[1] Thread (CPUThread)[0x000a22fc]]: sys_mutex warning: *** mutex created [] (protocol=0x2, recursive=true): id = 71
[W : PPU[1] Thread (CPUThread)[0x000a2334]]: sys_cond warning: *** condition on recursive mutex(71)
[W : PPU[1] Thread (CPUThread)[0x000a2334]]: sys_cond warning: *** condition created [] (mutex_id=71): id = 72
[W : PPU[1] Thread (CPUThread)[0x000a22fc]]: sys_mutex warning: *** mutex created [] (protocol=0x2, recursive=true): id = 73
[W : PPU[1] Thread (CPUThread)[0x000a2334]]: sys_cond warning: *** condition on recursive mutex(73)
[W : PPU[1] Thread (CPUThread)[0x000a2334]]: sys_cond warning: *** condition created [] (mutex_id=73): id = 74
[W : PPU[1] Thread (CPUThread)[0x000a22fc]]: sys_mutex warning: *** mutex created [] (protocol=0x2, recursive=true): id = 75
[W : PPU[1] Thread (CPUThread)[0x000a2334]]: sys_cond warning: *** condition on recursive mutex(75)
[W : PPU[1] Thread (CPUThread)[0x000a2334]]: sys_cond warning: *** condition created [] (mutex_id=75): id = 76
[W : PPU[1] Thread (CPUThread)[0x0082e034]]: sys_lwmutex warning: *** lwmutex created [] (attribute=0x12): sq_id = 77
[W : PPU[1] Thread (CPUThread)[0x0082e034]]: sys_lwmutex warning: *** lwmutex created [] (attribute=0x12): sq_id = 78
[W : PPU[1] Thread (CPUThread)[0x0082e034]]: sys_lwmutex warning: *** lwmutex created [] (attribute=0x12): sq_id = 79
[W : PPU[1] Thread (CPUThread)[0x0082e034]]: sys_lwmutex warning: *** lwmutex created [] (attribute=0x12): sq_id = 80
[W : PPU[1] Thread (CPUThread)[0x0082e034]]: sys_lwmutex warning: *** lwmutex created [] (attribute=0x12): sq_id = 81
[W : PPU[1] Thread (CPUThread)[0x0082e034]]: sys_lwmutex warning: *** lwmutex created [] (attribute=0x12): sq_id = 82
[W : PPU[1] Thread (CPUThread)[0x0082e034]]: sys_lwmutex warning: *** lwmutex created [] (attribute=0x12): sq_id = 83
[W : PPU[1] Thread (CPUThread)[0x0082e034]]: sys_lwmutex warning: *** lwmutex created [] (attribute=0x12): sq_id = 84
[W : PPU[1] Thread (CPUThread)[0x0082e034]]: sys_lwmutex warning: *** lwmutex created [] (attribute=0x12): sq_id = 85
[! : PPU[1] Thread (CPUThread)[0x0082e01c]]: *** New PPU Thread [cri_adxm_vv_proc] (): id = 86
[W : PPU[1] Thread (CPUThread)[0x0082e034]]: sys_lwmutex warning: *** lwmutex created [] (attribute=0x12): sq_id = 87
[! : PPU[1] Thread (CPUThread)[0x0082e01c]]: *** New PPU Thread [cri_adxm_vsync_proc] (): id = 88
[W : PPU[1] Thread (CPUThread)[0x0082e034]]: sys_lwmutex warning: *** lwmutex created [] (attribute=0x12): sq_id = 89
[! : PPU[1] Thread (CPUThread)[0x0082e01c]]: *** New PPU Thread [cri_adxm_fs_proc] (): id = 90
[W : PPU[1] Thread (CPUThread)[0x0082e034]]: sys_lwmutex warning: *** lwmutex created [] (attribute=0x12): sq_id = 91
[! : PPU[1] Thread (CPUThread)[0x0082e01c]]: *** New PPU Thread [cri_adxm_idle_proc] (): id = 92
[W : PPU[1] Thread (CPUThread)[0x000a2830]]: sysPrxForUser warning: sys_ppu_thread_set_priority(thread_id=1, prio=1001)
[W : PPU[1] Thread (CPUThread)[0x0082e034]]: sys_lwmutex warning: *** lwmutex created [] (attribute=0x12): sq_id = 93
[W : PPU[1] Thread (CPUThread)[0x0082e034]]: sys_lwmutex warning: *** lwmutex created [] (attribute=0x12): sq_id = 94
[W : PPU[1] Thread (CPUThread)[0x0082e034]]: sys_lwmutex warning: *** lwmutex created [] (attribute=0x12): sq_id = 95
[W : PPU[1] Thread (CPUThread)[0x0082e034]]: sys_lwmutex warning: *** lwmutex created [] (attribute=0x12): sq_id = 96
[W : PPU[1] Thread (CPUThread)[0x0082e034]]: sys_lwmutex warning: *** lwmutex created [] (attribute=0x12): sq_id = 97
[W : PPU[1] Thread (CPUThread)[0x0082e034]]: sys_lwmutex warning: *** lwmutex created [] (attribute=0x12): sq_id = 98
[W : PPU[1] Thread (CPUThread)[0x0082e034]]: sys_lwmutex warning: *** lwmutex created [] (attribute=0x12): sq_id = 99
[W : PPU[1] Thread (CPUThread)[0x0082e034]]: sys_lwmutex warning: *** lwmutex created [] (attribute=0x12): sq_id = 100
[W : PPU[1] Thread (CPUThread)[0x0082e034]]: sys_lwmutex warning: *** lwmutex created [] (attribute=0x12): sq_id = 101
[W : PPU[1] Thread (CPUThread)[0x0082e034]]: sys_lwmutex warning: *** lwmutex created [] (attribute=0x12): sq_id = 102
[W : PPU[1] Thread (CPUThread)[0x0082e034]]: sys_lwmutex warning: *** lwmutex created [] (attribute=0x12): sq_id = 103
[W : PPU[1] Thread (CPUThread)[0x0082e034]]: sys_lwmutex warning: *** lwmutex created [] (attribute=0x12): sq_id = 104
[E : PPU[1] Thread (CPUThread)[0x0081e004]]: cellSpurs error: _cellSpursAttributeInitialize(attr_addr=0xd0010940, nSpus=2, spuPriority=3342336, ppuPriority=2, exitIfNoWork=200)
[E : PPU[1] Thread (CPUThread)[0x0081e010]]: TODO: cellSpursInitializeWithAttribute
[W : PPU[1] Thread (CPUThread)[0x0082e034]]: sys_lwmutex warning: *** lwmutex created [] (attribute=0x12): sq_id = 105
[W : PPU[1] Thread (CPUThread)[0x0082e034]]: sys_lwmutex warning: *** lwmutex created [] (attribute=0x12): sq_id = 106
[W : PPU[1] Thread (CPUThread)[0x0082e034]]: sys_lwmutex warning: *** lwmutex created [] (attribute=0x12): sq_id = 107
[W : PPU[1] Thread (CPUThread)[0x0082e034]]: sys_lwmutex warning: *** lwmutex created [] (attribute=0x12): sq_id = 108
[W : PPU[1] Thread (CPUThread)[0x0082e034]]: sys_lwmutex warning: *** lwmutex created [] (attribute=0x12): sq_id = 109
[W : PPU[1] Thread (CPUThread)[0x0082e034]]: sys_lwmutex warning: *** lwmutex created [] (attribute=0x12): sq_id = 110
[W : PPU[1] Thread (CPUThread)[0x0082e034]]: sys_lwmutex warning: *** lwmutex created [] (attribute=0x12): sq_id = 111
[W : PPU[1] Thread (CPUThread)[0x0082e034]]: sys_lwmutex warning: *** lwmutex created [] (attribute=0x12): sq_id = 112
[W : PPU[1] Thread (CPUThread)[0x0082e034]]: sys_lwmutex warning: *** lwmutex created [] (attribute=0x12): sq_id = 113
[W : PPU[1] Thread (CPUThread)[0x0082e034]]: sys_lwmutex warning: *** lwmutex created [] (attribute=0x12): sq_id = 114
[W : PPU[1] Thread (CPUThread)[0x0082e034]]: sys_lwmutex warning: *** lwmutex created [] (attribute=0x12): sq_id = 115
[E : PPU[1] Thread (CPUThread)[0x0081e01c]]: TODO: _cellSpursTasksetAttributeInitialize
[E : PPU[1] Thread (CPUThread)[0x0081e058]]: TODO: cellSpursTasksetAttributeSetName
[E : PPU[1] Thread (CPUThread)[0x0081e094]]: TODO: cellSpursCreateTasksetWithAttribute
[E : PPU[1] Thread (CPUThread)[0x0081e04c]]: TODO: _cellSpursEventFlagInitialize
[E : PPU[1] Thread (CPUThread)[0x0081e04c]]: TODO: _cellSpursEventFlagInitialize
[E : PPU[1] Thread (CPUThread)[0x0081e064]]: TODO: cellSpursEventFlagAttachLv2EventQueue
[E : PPU[1] Thread (CPUThread)[0x0081e088]]: TODO: _cellSpursTaskAttributeInitialize
[E : PPU[1] Thread (CPUThread)[0x0081e028]]: TODO: cellSpursCreateTaskWithAttribute
[E : PPU[1] Thread (CPUThread)[0x0081e04c]]: TODO: _cellSpursEventFlagInitialize
[E : PPU[1] Thread (CPUThread)[0x0081e04c]]: TODO: _cellSpursEventFlagInitialize
[E : PPU[1] Thread (CPUThread)[0x0081e064]]: TODO: cellSpursEventFlagAttachLv2EventQueue
[E : PPU[1] Thread (CPUThread)[0x0081e088]]: TODO: _cellSpursTaskAttributeInitialize
[E : PPU[1] Thread (CPUThread)[0x0081e028]]: TODO: cellSpursCreateTaskWithAttribute
[W : Audio Thread]: Audio aborted
[W : PPU[34] Thread (CRI FS Memory File System)[0x001288cc]]: sys_cond_wait(id=33) aborted
[W : PPU[22] Thread (CRI FS File Access 1)[0x001288cc]]: sys_cond_wait(id=21) aborted
[W : PPU[30] Thread (CRI FS File Access 3)[0x001288cc]]: sys_cond_wait(id=29) aborted
[W : PPU[26] Thread (CRI FS File Access 2)[0x001288cc]]: sys_cond_wait(id=25) aborted
[W : PPU[18] Thread (CRI FS File Access 0)[0x001288cc]]: sys_cond_wait(id=17) aborted
[W : Libmixer Thread]: Libmixer aborted
[W : PPU[56] Thread (cri_dlg)[0x001233d0]]: sys_cond_wait(id=54) aborted
[W : PPU[92] Thread (cri_adxm_idle_proc)[0x000a1e8c]]: sys_cond_wait(id=74) aborted
[W : PPU[63] Thread (cri_dlg)[0x001233d0]]: sys_cond_wait(id=61) aborted
[W : PPU[38] Thread (CRI FS Data Decompression 0)[0x001288cc]]: sys_cond_wait(id=37) aborted
[W : PPU[90] Thread (cri_adxm_fs_proc)[0x000a1e8c]]: sys_cond_wait(id=72) aborted
[W : PPU[88] Thread (cri_adxm_vsync_proc)[0x0082e004]]: sys_lwmutex_t::lock(sq=58) aborted
[!]: Closing memory...
