[!]: path: /dev_hdd0/game/
[!]: Loading 'D:\Emulateurs\Rpcs3\dev_hdd0\game\BLJM60166-[Tears to Tiara Gaiden Avalon no Nazo]/PS3_GAME/USRDIR/BOOT.BIN'...
[!]: Mount info:
[!]: /dev_hdd0/ -> D:\Emulateurs\Rpcs3\dev_hdd0\
[!]: /dev_hdd1/ -> D:\Emulateurs\Rpcs3\dev_hdd1\
[!]: /dev_flash/ -> D:\Emulateurs\Rpcs3\dev_flash\
[!]: /dev_usb000/ -> D:\Emulateurs\Rpcs3\dev_usb000\
[!]: /dev_usb/ -> D:\Emulateurs\Rpcs3\dev_usb000\
[!]: /app_home/ -> D:\Emulateurs\Rpcs3\dev_hdd0\game\BLJM60166-[Tears to Tiara Gaiden Avalon no Nazo]/PS3_GAME/\USRDIR\
[!]: /dev_bdvd/ -> D:\Emulateurs\Rpcs3\dev_hdd0\game\BLJM60166-[Tears to Tiara Gaiden Avalon no Nazo]/PS3_GAME/\..\
[!]: /host_root/ -> 
[!]: ///resource/ -> D:\Emulateurs\Rpcs3\dev_hdd0\game\BLJM60166-[Tears to Tiara Gaiden Avalon no Nazo]/PS3_GAME/\USRDIR\resource\
[!]: /app_home/Game/PS3_GAME/USRDIR/ -> D:\Emulateurs\Rpcs3\dev_hdd0\game\BLJM60166-[Tears to Tiara Gaiden Avalon no Nazo]/PS3_GAME/\USRDIR\
[!]: /app_home/PS3_GAME/USRDIR/media/ -> D:\Emulateurs\Rpcs3\dev_hdd0\game\BLJM60166-[Tears to Tiara Gaiden Avalon no Nazo]/PS3_GAME/\USRDIR\media\
[!]: /Data/ -> D:\Emulateurs\Rpcs3\dev_hdd0\game\BLJM60166-[Tears to Tiara Gaiden Avalon no Nazo]/PS3_GAME/\USRDIR\Data\
[!]: / -> D:\Emulateurs\Rpcs3\dev_hdd0\game\BLJM60166-[Tears to Tiara Gaiden Avalon no Nazo]/PS3_GAME/\USRDIR\
[!]: /USRDIR/PS3_GAME/USRDIR/Data/ -> D:\Emulateurs\Rpcs3\dev_hdd0\game\BLJM60166-[Tears to Tiara Gaiden Avalon no Nazo]/PS3_GAME/\USRDIR\Data\
[!]: /app_home//dev_bdvd/PS3_GAME/USRDIR/data/gos/ -> D:\Emulateurs\Rpcs3\dev_hdd0\game\BLJM60166-[Tears to Tiara Gaiden Avalon no Nazo]/PS3_GAME/\USRDIR\
[!]: BD/ -> D:\Emulateurs\Rpcs3\dev_hdd0\game\BLJM60166-[Tears to Tiara Gaiden Avalon no Nazo]/PS3_GAME/\USRDIR\
[!]: Initing memory...
[!]: Memory initialized.
[W]: Unknown function 0x05c65656 in 'sysPrxForUser' module
[E]: TODO: sys_mempool_try_allocate_block
[W]: Unknown function 0x608212fc in 'sysPrxForUser' module
[E]: TODO: sys_mempool_free_block
[W]: Unknown function 0x9d3c0f81 in 'sysPrxForUser' module
[E]: TODO: sys_mempool_destroy
[W]: Unknown function 0xca9a60bf in 'sysPrxForUser' module
[E]: TODO: sys_mempool_create
[W]: Unknown function 0x8a561d92 in 'sysPrxForUser' module
[E]: TODO: _sys_heap_free
[W]: Unknown function 0xaede4b03 in 'sysPrxForUser' module
[E]: TODO: _sys_heap_delete_heap
[W]: Unknown function 0x63387071 in 'cellGcmSys' module
[E]: TODO: cellGcmGetLastFlipTime
[W]: Unknown function 0x99d397ac in 'cellGcmSys' module
[E]: TODO: cellGcmGetReport
[W]: Unknown function 0xa6b180ac in 'cellGcmSys' module
[E]: TODO: cellGcmGetReportDataLocation
[W]: Unknown function 0xd01b570d in 'cellGcmSys' module
[E]: TODO: cellGcmSetGraphicsHandler
[W]: Unknown function 0x20543730 in 'cellSysutil' module
[E]: TODO: cellMsgDialogClose
[W]: Unknown function 0x21425307 in 'cellSysutil' module
[E]: TODO: cellSaveDataListAutoLoad
[W]: Unknown function 0x2a8eada2 in 'cellSysutil' module
[E]: TODO: cellSaveDataFixedLoad2
[W]: Unknown function 0x2aae9ef5 in 'cellSysutil' module
[E]: TODO: cellSaveDataFixedSave2
[W]: Unknown function 0x4dd03a4e in 'cellSysutil' module
[E]: TODO: cellSaveDataListAutoSave
[W]: Unknown function 0x62b0f803 in 'cellSysutil' module
[E]: TODO: cellMsgDialogAbort
[W]: Unknown function 0x7bc2c8a8 in 'cellSysutil' module
[E]: TODO: cellMsgDialogProgressBarReset
[W]: Unknown function 0x8b7ed64b in 'cellSysutil' module
[E]: TODO: cellSaveDataAutoSave2
[W]: Unknown function 0x94862702 in 'cellSysutil' module
[E]: TODO: cellMsgDialogProgressBarInc
[W]: Unknown function 0x9949bf82 in 'cellSysutil' module
[E]: TODO: cellGameDataExitBroken
[W]: Unknown function 0x9d6af72a in 'cellSysutil' module
[E]: TODO: cellMsgDialogProgressBarSetMsg
[W]: Unknown function 0xc9645c41 in 'cellSysutil' module
[E]: TODO: cellGameDataCheckCreate2
[W]: Unknown function 0xdfdd302e in 'cellSysutil' module
[E]: TODO: cellDiscGameRegisterDiscChangeCallback
[W]: Unknown function 0xedadd797 in 'cellSysutil' module
[E]: TODO: cellSaveDataDelete2
[W]: Unknown function 0xfbd5c856 in 'cellSysutil' module
[E]: TODO: cellSaveDataAutoLoad2
[W]: Unknown function 0xd3758645 in 'cellResc' module
[E]: TODO: cellRescSetVBlankHandler
[W]: Unknown function 0xe0cef79e in 'cellResc' module
[E]: TODO: cellRescCreateInterlaceTable
[W]: Unknown function 0x0247c69e in 'cellSail' module
[E]: TODO: cellSailGraphicsAdapterGetFrame
[W]: Unknown function 0x1139a206 in 'cellSail' module
[E]: TODO: cellSailPlayerSetSoundAdapter
[W]: Unknown function 0x1872331b in 'cellSail' module
[E]: TODO: cellSailGraphicsAdapterPtsToTimePosition
[W]: Unknown function 0x18b4629d in 'cellSail' module
[E]: TODO: cellSailPlayerFinalize
[W]: Unknown function 0x18bcd21b in 'cellSail' module
[E]: TODO: cellSailPlayerSetGraphicsAdapter
[W]: Unknown function 0x1c983864 in 'cellSail' module
[E]: TODO: cellSailGraphicsAdapterInitialize
[W]: Unknown function 0x23654375 in 'cellSail' module
[E]: TODO: cellSailPlayerInitialize2
[W]: Unknown function 0x2e3ccb5e in 'cellSail' module
[E]: TODO: cellSailGraphicsAdapterSetPreferredFormat
[W]: Unknown function 0x346ebba3 in 'cellSail' module
[E]: TODO: cellSailMemAllocatorInitialize
[W]: Unknown function 0x34ecc1b9 in 'cellSail' module
[E]: TODO: cellSailPlayerOpenStream
[W]: Unknown function 0x3a2d806c in 'cellSail' module
[E]: TODO: cellSailFutureGet
[W]: Unknown function 0x3d0d3b72 in 'cellSail' module
[E]: TODO: cellSailSoundAdapterInitialize
[W]: Unknown function 0x44a20e79 in 'cellSail' module
[E]: TODO: cellSailGraphicsAdapterUpdateAvSync
[W]: Unknown function 0x47632810 in 'cellSail' module
[E]: TODO: cellSailPlayerReplaceEventHandler
[W]: Unknown function 0x4ae979df in 'cellSail' module
[E]: TODO: cellSailSoundAdapterPtsToTimePosition
[W]: Unknown function 0x4cc54f8e in 'cellSail' module
[E]: TODO: cellSailFutureInitialize
[W]: Unknown function 0x5f7c7a6f in 'cellSail' module
[E]: TODO: cellSailPlayerSetParameter
[W]: Unknown function 0x752f8585 in 'cellSail' module
[E]: TODO: cellSailPlayerGetDescriptorCount
[W]: Unknown function 0x76488bb1 in 'cellSail' module
[E]: TODO: cellSailGraphicsAdapterFinalize
[W]: Unknown function 0x7c8dff3b in 'cellSail' module
[E]: TODO: cellSailPlayerAddDescriptor
[W]: Unknown function 0x7eb8d6b5 in 'cellSail' module
[E]: TODO: cellSailSoundAdapterGetFrame
[W]: Unknown function 0x85beffcc in 'cellSail' module
[E]: TODO: cellSailPlayerCloseStream
[W]: Unknown function 0x9553af65 in 'cellSail' module
[E]: TODO: cellSailFutureFinalize
[W]: Unknown function 0xa37fed15 in 'cellSail' module
[E]: TODO: cellSailFutureSet
[W]: Unknown function 0xbdf21b0f in 'cellSail' module
[E]: TODO: cellSailPlayerBoot
[W]: Unknown function 0xd1462438 in 'cellSail' module
[E]: TODO: cellSailSoundAdapterFinalize
[W]: Unknown function 0xd7938b8d in 'cellSail' module
[E]: TODO: cellSailPlayerCreateDescriptor
[W]: Unknown function 0xe535b0d3 in 'cellSail' module
[E]: TODO: cellSailPlayerStart
[W]: Unknown function 0xeba8d4ec in 'cellSail' module
[E]: TODO: cellSailPlayerStop
[W]: Unknown function 0xeec22809 in 'cellSail' module
[E]: TODO: cellSailSoundAdapterUpdateAvSync
[W]: Unknown function 0xfc839bd4 in 'cellSail' module
[E]: TODO: cellSailPlayerDestroyDescriptor
[W]: Unknown function 0x5ef96465 in 'cellSpurs' module
[E]: TODO: _cellSpursEventFlagInitialize
[W]: Unknown function 0x28e208bb in 'sys_net' module
[E]: TODO: listen
[W]: Unknown function 0x3f09e20a in 'sys_net' module
[E]: TODO: socketselect
[W]: Unknown function 0xdabbc2c0 in 'sys_net' module
[E]: TODO: inet_addr
[W : PPU[1] Thread (CPUThread)[0x00eca0c4]]: sys_lwmutex warning: *** lwmutex created [_lc_mtx] (attribute=0x12): sq_id = 3
[W : PPU[1] Thread (CPUThread)[0x0035fa00]]: memory warning: sys_memory_get_user_memory_size(mem_info_addr=0xd0010c04)
[W : PPU[1] Thread (CPUThread)[0x00eca0c4]]: sys_lwmutex warning: *** lwmutex created [_lc_mtx] (attribute=0x12): sq_id = 4
[W : PPU[1] Thread (CPUThread)[0x00eca0c4]]: sys_lwmutex warning: *** lwmutex created [_lc_mtx] (attribute=0x12): sq_id = 5
[W : PPU[1] Thread (CPUThread)[0x00eca0c4]]: sys_lwmutex warning: *** lwmutex created [_lc_mtx] (attribute=0x12): sq_id = 6
[W : PPU[1] Thread (CPUThread)[0x00eca0c4]]: sys_lwmutex warning: *** lwmutex created [_lc_mtx] (attribute=0x12): sq_id = 7
[W : PPU[1] Thread (CPUThread)[0x00eca0c4]]: sys_lwmutex warning: *** lwmutex created [_lc_mtx] (attribute=0x12): sq_id = 8
[W : PPU[1] Thread (CPUThread)[0x00eca0c4]]: sys_lwmutex warning: *** lwmutex created [_lc_mtx] (attribute=0x12): sq_id = 9
[W : PPU[1] Thread (CPUThread)[0x00eca0c4]]: sys_lwmutex warning: *** lwmutex created [_lc_mtx] (attribute=0x12): sq_id = 10
[W : PPU[1] Thread (CPUThread)[0x00eca0c4]]: sys_lwmutex warning: *** lwmutex created [_lc_mtx] (attribute=0x12): sq_id = 11
[W : PPU[1] Thread (CPUThread)[0x00eca0c4]]: sys_lwmutex warning: *** lwmutex created [_lc_mtx] (attribute=0x12): sq_id = 12
[W : PPU[1] Thread (CPUThread)[0x00eca0c4]]: sys_lwmutex warning: *** lwmutex created [_lc_mtx] (attribute=0x12): sq_id = 13
[W : PPU[1] Thread (CPUThread)[0x00eca0c4]]: sys_lwmutex warning: *** lwmutex created [_lc_mtx] (attribute=0x12): sq_id = 14
[W : PPU[1] Thread (CPUThread)[0x00eca0c4]]: sys_lwmutex warning: *** lwmutex created [_lc_mtx] (attribute=0x12): sq_id = 15
[W : PPU[1] Thread (CPUThread)[0x00eca0c4]]: sys_lwmutex warning: *** lwmutex created [_lc_mtx] (attribute=0x12): sq_id = 16
[W : PPU[1] Thread (CPUThread)[0x00eca0c4]]: sys_lwmutex warning: *** lwmutex created [_lc_mtx] (attribute=0x12): sq_id = 17
[W : PPU[1] Thread (CPUThread)[0x00eca0c4]]: sys_lwmutex warning: *** lwmutex created [_lc_mtx] (attribute=0x12): sq_id = 18
[W : PPU[1] Thread (CPUThread)[0x00eca0c4]]: sys_lwmutex warning: *** lwmutex created [_lc_mtx] (attribute=0x12): sq_id = 19
[W : PPU[1] Thread (CPUThread)[0x00eca0c4]]: sys_lwmutex warning: *** lwmutex created [_lc_mtx] (attribute=0x12): sq_id = 20
[W : PPU[1] Thread (CPUThread)[0x00eca0c4]]: sys_lwmutex warning: *** lwmutex created [_lc_mtx] (attribute=0x12): sq_id = 21
[W : PPU[1] Thread (CPUThread)[0x00eca0c4]]: sys_lwmutex warning: *** lwmutex created [_lc_mtx] (attribute=0x12): sq_id = 22
[W : PPU[1] Thread (CPUThread)[0x00eca0c4]]: sys_lwmutex warning: *** lwmutex created [_lc_mtx] (attribute=0x12): sq_id = 23
[W : PPU[1] Thread (CPUThread)[0x00eca0c4]]: sys_lwmutex warning: *** lwmutex created [_lc_mtx] (attribute=0x12): sq_id = 24
[W : PPU[1] Thread (CPUThread)[0x00eca0c4]]: sys_lwmutex warning: *** lwmutex created [] (attribute=0x22): sq_id = 25
[W : PPU[1] Thread (CPUThread)[0x001206cc]]: memory warning: sys_memory_get_user_memory_size(mem_info_addr=0xd0010c10)
[W : PPU[1] Thread (CPUThread)[0x001bf0cc]]: sys_mutex warning: *** mutex created [] (protocol=0x2, recursive=true): id = 26
[W : PPU[1] Thread (CPUThread)[0x0011f3b0]]: memory warning: sys_memory_container_create(cid_addr=0xce730c, yield_size=0x2a00000)
[W : PPU[1] Thread (CPUThread)[0x0011f3b0]]: memory warning: *** memory_container created(addr=0x30200000): id = 27
[W : PPU[1] Thread (CPUThread)[0x0011f3c8]]: memory warning: sys_memory_container_get_size(mem_info_addr=0xd0010ad4, cid=27)
[W : PPU[1] Thread (CPUThread)[0x001bf0cc]]: sys_mutex warning: *** mutex created [] (protocol=0x2, recursive=true): id = 28
[W : PPU[1] Thread (CPUThread)[0x0011f3b0]]: memory warning: sys_memory_container_create(cid_addr=0xce7378, yield_size=0x400000)
[W : PPU[1] Thread (CPUThread)[0x0011f3b0]]: memory warning: *** memory_container created(addr=0x35600000): id = 29
[W : PPU[1] Thread (CPUThread)[0x0011f3c8]]: memory warning: sys_memory_container_get_size(mem_info_addr=0xd0010ad4, cid=29)
[W : PPU[1] Thread (CPUThread)[0x001bf0cc]]: sys_mutex warning: *** mutex created [] (protocol=0x2, recursive=true): id = 30
[W : PPU[1] Thread (CPUThread)[0x0011f3b0]]: memory warning: sys_memory_container_create(cid_addr=0xce73e4, yield_size=0x200000)
[W : PPU[1] Thread (CPUThread)[0x0011f3b0]]: memory warning: *** memory_container created(addr=0x35e00000): id = 31
[W : PPU[1] Thread (CPUThread)[0x0011f3c8]]: memory warning: sys_memory_container_get_size(mem_info_addr=0xd0010ad4, cid=31)
[W : PPU[1] Thread (CPUThread)[0x001bf0cc]]: sys_mutex warning: *** mutex created [] (protocol=0x2, recursive=true): id = 32
[W : PPU[1] Thread (CPUThread)[0x0011f3b0]]: memory warning: sys_memory_container_create(cid_addr=0xce7450, yield_size=0x1400000)
[W : PPU[1] Thread (CPUThread)[0x0011f3b0]]: memory warning: *** memory_container created(addr=0x36200000): id = 33
[W : PPU[1] Thread (CPUThread)[0x0011f3c8]]: memory warning: sys_memory_container_get_size(mem_info_addr=0xd0010ad4, cid=33)
[W : PPU[1] Thread (CPUThread)[0x001bf0cc]]: sys_mutex warning: *** mutex created [] (protocol=0x2, recursive=true): id = 34
[W : PPU[1] Thread (CPUThread)[0x0011f3b0]]: memory warning: sys_memory_container_create(cid_addr=0xce74bc, yield_size=0x100000)
[W : PPU[1] Thread (CPUThread)[0x0011f3b0]]: memory warning: *** memory_container created(addr=0x38a00000): id = 35
[W : PPU[1] Thread (CPUThread)[0x0011f3c8]]: memory warning: sys_memory_container_get_size(mem_info_addr=0xd0010ad4, cid=35)
[W : PPU[1] Thread (CPUThread)[0x001bf0cc]]: sys_mutex warning: *** mutex created [] (protocol=0x2, recursive=true): id = 36
[W : PPU[1] Thread (CPUThread)[0x0011f3b0]]: memory warning: sys_memory_container_create(cid_addr=0xce7528, yield_size=0x1000000)
[W : PPU[1] Thread (CPUThread)[0x0011f3b0]]: memory warning: *** memory_container created(addr=0x38c00000): id = 37
[W : PPU[1] Thread (CPUThread)[0x0011f3c8]]: memory warning: sys_memory_container_get_size(mem_info_addr=0xd0010ad4, cid=37)
[W : PPU[1] Thread (CPUThread)[0x001bf0cc]]: sys_mutex warning: *** mutex created [] (protocol=0x2, recursive=true): id = 38
[W : PPU[1] Thread (CPUThread)[0x0011f3b0]]: memory warning: sys_memory_container_create(cid_addr=0xce7594, yield_size=0x400000)
[W : PPU[1] Thread (CPUThread)[0x0011f3b0]]: memory warning: *** memory_container created(addr=0x3ac00000): id = 39
[W : PPU[1] Thread (CPUThread)[0x0011f3c8]]: memory warning: sys_memory_container_get_size(mem_info_addr=0xd0010ad4, cid=39)
[W : PPU[1] Thread (CPUThread)[0x001bf0cc]]: sys_mutex warning: *** mutex created [] (protocol=0x2, recursive=true): id = 40
[W : PPU[1] Thread (CPUThread)[0x0011f3b0]]: memory warning: sys_memory_container_create(cid_addr=0xce7600, yield_size=0x4800000)
[W : PPU[1] Thread (CPUThread)[0x0011f3b0]]: memory warning: *** memory_container created(addr=0x3b400000): id = 41
[W : PPU[1] Thread (CPUThread)[0x0011f3c8]]: memory warning: sys_memory_container_get_size(mem_info_addr=0xd0010ad4, cid=41)
[W : PPU[1] Thread (CPUThread)[0x001bf0cc]]: sys_mutex warning: *** mutex created [] (protocol=0x2, recursive=true): id = 42
[W : PPU[1] Thread (CPUThread)[0x0011f3b0]]: memory warning: sys_memory_container_create(cid_addr=0xce7600, yield_size=0x1800000)
[W : PPU[1] Thread (CPUThread)[0x00120724]]: memory warning: sys_memory_get_user_memory_size(mem_info_addr=0xd0010c10)
[W : PPU[1] Thread (CPUThread)[0x001bf0cc]]: sys_mutex warning: *** mutex created [] (protocol=0x2, recursive=true): id = 43
[W : PPU[1] Thread (CPUThread)[0x00ed0094]]: cellSysutil warning: cellSysutilGetSystemParamInt: CELL_SYSUTIL_SYSTEMPARAM_ID_ENTER_BUTTON_ASSIGN
[W : PPU[1] Thread (CPUThread)[0x001bf0cc]]: sys_mutex warning: *** mutex created [] (protocol=0x2, recursive=true): id = 44
[W : PPU[1] Thread (CPUThread)[0x001bf0cc]]: sys_mutex warning: *** mutex created [] (protocol=0x2, recursive=false): id = 45
[W : PPU[1] Thread (CPUThread)[0x001bf04c]]: sys_cond warning: *** condition created [] (mutex_id=45): id = 46
[W : PPU[1] Thread (CPUThread)[0x00ed4010]]: cellSysmodule warning: cellSysmoduleLoadModule(CELL_SYSMODULE_FS)
[W : PPU[1] Thread (CPUThread)[0x00ed4010]]: cellSysmodule warning: cellSysmoduleLoadModule(CELL_SYSMODULE_USBD)
[W : PPU[1] Thread (CPUThread)[0x00ed4010]]: cellSysmodule warning: cellSysmoduleLoadModule(CELL_SYSMODULE_SYNC)
[W : PPU[1] Thread (CPUThread)[0x00ed4010]]: cellSysmodule warning: cellSysmoduleLoadModule(CELL_SYSMODULE_AUDIO)
[W : PPU[1] Thread (CPUThread)[0x00ed4010]]: cellSysmodule warning: cellSysmoduleLoadModule(CELL_SYSMODULE_PAMF)
[W : PPU[1] Thread (CPUThread)[0x00ed4010]]: cellSysmodule warning: cellSysmoduleLoadModule(CELL_SYSMODULE_SAIL)
[W : PPU[1] Thread (CPUThread)[0x00ed4010]]: cellSysmodule warning: cellSysmoduleLoadModule(CELL_SYSMODULE_RESC)
[W : PPU[1] Thread (CPUThread)[0x00ed4010]]: cellSysmodule warning: cellSysmoduleLoadModule(CELL_SYSMODULE_SPURS)
[W : PPU[1] Thread (CPUThread)[0x00ed4010]]: cellSysmodule warning: cellSysmoduleLoadModule(CELL_SYSMODULE_IO)
[W : PPU[1] Thread (CPUThread)[0x00ed4010]]: cellSysmodule warning: cellSysmoduleLoadModule(CELL_SYSMODULE_SYSUTIL_NP_TROPHY)
[E : PPU[1] Thread (CPUThread)[0x00eca094]]: TODO: sys_mempool_create
[E : PPU[1] Thread (CPUThread)[0x00eca004]]: TODO: sys_mempool_try_allocate_block
[E : PPU[1] Thread (CPUThread)[0x001c00b8]]: Write32 to null block: [00000004]: 0
[!]: Closing memory...
