[!]: path: /dev_hdd0/game/
[!]: Loading 'D:\Emulateurs\Rpcs3\dev_hdd0\game\BLJM60410-[Suzukaze no Melt - Days in the Sanctuary]/PS3_GAME/USRDIR/BOOT.BIN'...
[!]: Mount info:
[!]: /dev_hdd0/ -> D:\Emulateurs\Rpcs3\dev_hdd0\
[!]: /dev_hdd1/ -> D:\Emulateurs\Rpcs3\dev_hdd1\
[!]: /dev_flash/ -> D:\Emulateurs\Rpcs3\dev_flash\
[!]: /dev_usb000/ -> D:\Emulateurs\Rpcs3\dev_usb000\
[!]: /dev_usb/ -> D:\Emulateurs\Rpcs3\dev_usb000\
[!]: /app_home/ -> D:\Emulateurs\Rpcs3\dev_hdd0\game\BLJM60410-[Suzukaze no Melt - Days in the Sanctuary]/PS3_GAME/\USRDIR\
[!]: /dev_bdvd/ -> D:\Emulateurs\Rpcs3\dev_hdd0\game\BLJM60410-[Suzukaze no Melt - Days in the Sanctuary]/PS3_GAME/\..\
[!]: /host_root/ -> 
[!]: ///resource/ -> D:\Emulateurs\Rpcs3\dev_hdd0\game\BLJM60410-[Suzukaze no Melt - Days in the Sanctuary]/PS3_GAME/\USRDIR\resource\
[!]: /app_home/Game/PS3_GAME/USRDIR/ -> D:\Emulateurs\Rpcs3\dev_hdd0\game\BLJM60410-[Suzukaze no Melt - Days in the Sanctuary]/PS3_GAME/\USRDIR\
[!]: /app_home/PS3_GAME/USRDIR/media/ -> D:\Emulateurs\Rpcs3\dev_hdd0\game\BLJM60410-[Suzukaze no Melt - Days in the Sanctuary]/PS3_GAME/\USRDIR\media\
[!]: /Data/ -> D:\Emulateurs\Rpcs3\dev_hdd0\game\BLJM60410-[Suzukaze no Melt - Days in the Sanctuary]/PS3_GAME/\USRDIR\Data\
[!]: / -> D:\Emulateurs\Rpcs3\dev_hdd0\game\BLJM60410-[Suzukaze no Melt - Days in the Sanctuary]/PS3_GAME/\USRDIR\
[!]: /USRDIR/PS3_GAME/USRDIR/Data/ -> D:\Emulateurs\Rpcs3\dev_hdd0\game\BLJM60410-[Suzukaze no Melt - Days in the Sanctuary]/PS3_GAME/\USRDIR\Data\
[!]: Initing memory...
[!]: Memory initialized.
[E]: Function 'cellAANConnect' not found
[E]: Function 'cellAANDisconnect' not found
[E]: Function group [mixerAAN] failed: missing;
[S]: Function group [surMixer] successfully hooked
[W]: Unknown function 0x4cef342e in 'sys_fs' module
[E]: TODO: cellFsAioWrite
[W]: Unknown function 0x7f13fc8c in 'sys_fs' module
[E]: TODO: cellFsAioCancel
[W]: Unknown function 0x63387071 in 'cellGcmSys' module
[E]: TODO: cellGcmGetLastFlipTime
[W]: Unknown function 0x1dfbfdd6 in 'cellSysutil' module
[E]: TODO: cellSaveDataListLoad2
[W]: Unknown function 0x20543730 in 'cellSysutil' module
[E]: TODO: cellMsgDialogClose
[W]: Unknown function 0x21425307 in 'cellSysutil' module
[E]: TODO: cellSaveDataListAutoLoad
[W]: Unknown function 0x2a8eada2 in 'cellSysutil' module
[E]: TODO: cellSaveDataFixedLoad2
[W]: Unknown function 0x2aae9ef5 in 'cellSysutil' module
[E]: TODO: cellSaveDataFixedSave2
[W]: Unknown function 0x2de0d663 in 'cellSysutil' module
[E]: TODO: cellSaveDataListSave2
[W]: Unknown function 0x4dd03a4e in 'cellSysutil' module
[E]: TODO: cellSaveDataListAutoSave
[W]: Unknown function 0x7bc2c8a8 in 'cellSysutil' module
[E]: TODO: cellMsgDialogProgressBarReset
[W]: Unknown function 0x8b7ed64b in 'cellSysutil' module
[E]: TODO: cellSaveDataAutoSave2
[W]: Unknown function 0x94862702 in 'cellSysutil' module
[E]: TODO: cellMsgDialogProgressBarInc
[W]: Unknown function 0x9d6af72a in 'cellSysutil' module
[E]: TODO: cellMsgDialogProgressBarSetMsg
[W]: Unknown function 0xedadd797 in 'cellSysutil' module
[E]: TODO: cellSaveDataDelete2
[W]: Unknown function 0xfbd5c856 in 'cellSysutil' module
[E]: TODO: cellSaveDataAutoLoad2
[W]: Unknown module 'cellScreenShotUtility'
[W]: Unknown function 0x018281a8 in 'cellSail' module
[E]: TODO: cellSailGraphicsAdapterGetFrame2
[W]: Unknown function 0x1139a206 in 'cellSail' module
[E]: TODO: cellSailPlayerSetSoundAdapter
[W]: Unknown function 0x18b4629d in 'cellSail' module
[E]: TODO: cellSailPlayerFinalize
[W]: Unknown function 0x18bcd21b in 'cellSail' module
[E]: TODO: cellSailPlayerSetGraphicsAdapter
[W]: Unknown function 0x1c983864 in 'cellSail' module
[E]: TODO: cellSailGraphicsAdapterInitialize
[W]: Unknown function 0x1c9d5e5a in 'cellSail' module
[E]: TODO: cellSailSoundAdapterSetPreferredFormat
[W]: Unknown function 0x23654375 in 'cellSail' module
[E]: TODO: cellSailPlayerInitialize2
[W]: Unknown function 0x2e3ccb5e in 'cellSail' module
[E]: TODO: cellSailGraphicsAdapterSetPreferredFormat
[W]: Unknown function 0x346ebba3 in 'cellSail' module
[E]: TODO: cellSailMemAllocatorInitialize
[W]: Unknown function 0x34ecc1b9 in 'cellSail' module
[E]: TODO: cellSailPlayerOpenStream
[W]: Unknown function 0x3d0d3b72 in 'cellSail' module
[E]: TODO: cellSailSoundAdapterInitialize
[W]: Unknown function 0x44a20e79 in 'cellSail' module
[E]: TODO: cellSailGraphicsAdapterUpdateAvSync
[W]: Unknown function 0x4ae979df in 'cellSail' module
[E]: TODO: cellSailSoundAdapterPtsToTimePosition
[W]: Unknown function 0x5f7c7a6f in 'cellSail' module
[E]: TODO: cellSailPlayerSetParameter
[W]: Unknown function 0x76488bb1 in 'cellSail' module
[E]: TODO: cellSailGraphicsAdapterFinalize
[W]: Unknown function 0x7c8dff3b in 'cellSail' module
[E]: TODO: cellSailPlayerAddDescriptor
[W]: Unknown function 0x7eb8d6b5 in 'cellSail' module
[E]: TODO: cellSailSoundAdapterGetFrame
[W]: Unknown function 0x85beffcc in 'cellSail' module
[E]: TODO: cellSailPlayerCloseStream
[W]: Unknown function 0xaafa17b8 in 'cellSail' module
[E]: TODO: cellSailPlayerIsPaused
[W]: Unknown function 0xbdf21b0f in 'cellSail' module
[E]: TODO: cellSailPlayerBoot
[W]: Unknown function 0xd1462438 in 'cellSail' module
[E]: TODO: cellSailSoundAdapterFinalize
[W]: Unknown function 0xd1d55a90 in 'cellSail' module
[E]: TODO: cellSailPlayerSetPaused
[W]: Unknown function 0xd7938b8d in 'cellSail' module
[E]: TODO: cellSailPlayerCreateDescriptor
[W]: Unknown function 0xe535b0d3 in 'cellSail' module
[E]: TODO: cellSailPlayerStart
[W]: Unknown function 0xeba8d4ec in 'cellSail' module
[E]: TODO: cellSailPlayerStop
[W]: Unknown function 0xeec22809 in 'cellSail' module
[E]: TODO: cellSailSoundAdapterUpdateAvSync
[W]: Unknown function 0xf25f197d in 'cellSail' module
[E]: TODO: cellSailSoundAdapterGetFormat
[W]: Unknown function 0xfc839bd4 in 'cellSail' module
[E]: TODO: cellSailPlayerDestroyDescriptor
[W]: Unknown function 0xffd58aa4 in 'cellSail' module
[E]: TODO: cellSailGraphicsAdapterGetFormat
[W]: Unknown function 0x8a561d92 in 'sysPrxForUser' module
[E]: TODO: _sys_heap_free
[W]: Unknown function 0xaede4b03 in 'sysPrxForUser' module
[E]: TODO: _sys_heap_delete_heap
[W : PPU[1] Thread (CPUThread)[0x0057f034]]: sys_lwmutex warning: *** lwmutex created [_lc_mtx] (attribute=0x12): sq_id = 3
[W : PPU[1] Thread (CPUThread)[0x000cadd0]]: memory warning: sys_memory_get_user_memory_size(mem_info_addr=0xd0010c04)
[W : PPU[1] Thread (CPUThread)[0x0057f034]]: sys_lwmutex warning: *** lwmutex created [_lc_mtx] (attribute=0x12): sq_id = 4
[W : PPU[1] Thread (CPUThread)[0x0057f034]]: sys_lwmutex warning: *** lwmutex created [_lc_mtx] (attribute=0x12): sq_id = 5
[W : PPU[1] Thread (CPUThread)[0x0057f034]]: sys_lwmutex warning: *** lwmutex created [_lc_mtx] (attribute=0x12): sq_id = 6
[W : PPU[1] Thread (CPUThread)[0x0057f034]]: sys_lwmutex warning: *** lwmutex created [_lc_mtx] (attribute=0x12): sq_id = 7
[W : PPU[1] Thread (CPUThread)[0x0057f034]]: sys_lwmutex warning: *** lwmutex created [_lc_mtx] (attribute=0x12): sq_id = 8
[W : PPU[1] Thread (CPUThread)[0x0057f034]]: sys_lwmutex warning: *** lwmutex created [_lc_mtx] (attribute=0x12): sq_id = 9
[W : PPU[1] Thread (CPUThread)[0x0057f034]]: sys_lwmutex warning: *** lwmutex created [_lc_mtx] (attribute=0x12): sq_id = 10
[W : PPU[1] Thread (CPUThread)[0x0057f034]]: sys_lwmutex warning: *** lwmutex created [_lc_mtx] (attribute=0x12): sq_id = 11
[W : PPU[1] Thread (CPUThread)[0x0057f034]]: sys_lwmutex warning: *** lwmutex created [_lc_mtx] (attribute=0x12): sq_id = 12
[W : PPU[1] Thread (CPUThread)[0x000683c8]]: memory warning: sys_memory_get_user_memory_size(mem_info_addr=0xd0010ca0)
[W : PPU[1] Thread (CPUThread)[0x005650d0]]: cellSysutil warning: cellSysutilRegisterCallback(slot=0, func_addr=0x120f88, userdata=0x0)
[W : PPU[1] Thread (CPUThread)[0x00567010]]: cellSysmodule warning: cellSysmoduleLoadModule(CELL_SYSMODULE_RESC)
[W : PPU[1] Thread (CPUThread)[0x0011e01c]]: cellGcmSys warning: cellGcmInit(context_addr=0x4d5790,cmdSize=0x40000,ioSize=0xa000000,ioAddress=0x30200000)
[W : PPU[1] Thread (CPUThread)[0x0011e01c]]: cellGcmSys warning: *** local memory(addr=0xc0000000, size=0xf900000)
[W : PPU[1] Thread (CPUThread)[0x0011e01c]]: cellGcmSys warning: cellGcmMapEaIoAddress(ea=0x30200000, io=0x0, size=0xa000000)
[! : RSXThread]: RSX thread entry
[W : PPU[1] Thread (CPUThread)[0x0056507c]]: cellSysutil warning: cellVideoOutGetNumberOfDevice(videoOut=0)
[W : PPU[1] Thread (CPUThread)[0x00569064]]: cellResc warning: cellRescInit(initConfig_addr=0xd0010a94)
[W : PPU[1] Thread (CPUThread)[0x00569034]]: cellResc warning: cellRescSetDisplayMode(displayMode=4)
[W : PPU[1] Thread (CPUThread)[0x00569034]]: cellSysutil warning: cellVideoOutConfigure(videoOut=0, config_addr=0x30016000, option_addr=0x0, waitForEvent=0x0)
[W : PPU[1] Thread (CPUThread)[0x00569034]]: cellGcmSys warning: cellGcmSetFlipMode(mode=2)
[W : PPU[1] Thread (CPUThread)[0x00569070]]: cellResc warning: cellRescGetBufferSize(colorBuffers_addr=0xd0010a84, vertexArray_addr=0xd0010a88, fragmentShader_addr=0xd0010a8c)
[W : PPU[1] Thread (CPUThread)[0x00569088]]: cellResc warning: cellRescSetBufferAddress(colorBuffers_addr=0xc0d70000, vertexArray_addr=0xc1e70000, fragmentShader_addr=0xc06c7a00)
[W : PPU[1] Thread (CPUThread)[0x00569088]]: cellGcmSys warning: cellGcmSetDisplayBuffer(id=0x0,offset=0xd70000,pitch=4,width=1280,height=720)
[W : PPU[1] Thread (CPUThread)[0x00569088]]: cellGcmSys warning: cellGcmSetDisplayBuffer(id=0x1,offset=0x1130000,pitch=4,width=1280,height=720)
[W : PPU[1] Thread (CPUThread)[0x0011e088]]: cellGcmSys warning: cellGcmSetTileInfo(index=14, location=0, offset=14090240, size=17825792, pitch=5120, comp=7, base=215, bank=0)
[E : PPU[1] Thread (CPUThread)[0x0011e088]]: cellGcmSys error: cellGcmSetTileInfo: bad comp! (7)
[W : PPU[1] Thread (CPUThread)[0x0011e040]]: cellGcmSys warning: cellGcmBindTile(index=14)
[W : PPU[1] Thread (CPUThread)[0x00569058]]: cellResc warning: cellRescSetFlipHandler(handler_addr=0x120a90)
[W : PPU[1] Thread (CPUThread)[0x0056907c]]: cellGcmSys warning: cellGcmSetDisplayBuffer(id=0x0,offset=0x30200,pitch=4,width=1600,height=1080)
[W : PPU[1] Thread (CPUThread)[0x0011e010]]: cellGcmSys warning: cellGcmGetTiledPitchSize(size=6400)
[W : PPU[1] Thread (CPUThread)[0x0011e010]]: cellGcmSys warning: cellGcmGetTiledPitchSize(size=6400)
[W : PPU[1] Thread (CPUThread)[0x0011e010]]: cellGcmSys warning: cellGcmGetTiledPitchSize(size=6400)
[W : PPU[1] Thread (CPUThread)[0x0011e010]]: cellGcmSys warning: cellGcmGetTiledPitchSize(size=6400)
[W : PPU[1] Thread (CPUThread)[0x0011e010]]: cellGcmSys warning: cellGcmGetTiledPitchSize(size=6400)
[W : PPU[1] Thread (CPUThread)[0x0057f034]]: sys_lwmutex warning: *** lwmutex created [] (attribute=0x22): sq_id = 13
[W : PPU[1] Thread (CPUThread)[0x00567010]]: cellSysmodule warning: cellSysmoduleLoadModule(CELL_SYSMODULE_FS)
[W : PPU[1] Thread (CPUThread)[0x00567010]]: cellSysmodule warning: cellSysmoduleLoadModule(CELL_SYSMODULE_ATRAC3PLUS)
[W : PPU[1] Thread (CPUThread)[0x00099a24]]: sys_mutex warning: *** mutex created [] (protocol=0x2, recursive=false): id = 14
[W : PPU[1] Thread (CPUThread)[0x00099a24]]: sys_mutex warning: *** mutex created [] (protocol=0x2, recursive=false): id = 15
[W : PPU[1] Thread (CPUThread)[0x00099a24]]: sys_mutex warning: *** mutex created [] (protocol=0x2, recursive=false): id = 16
[W : PPU[1] Thread (CPUThread)[0x00099a24]]: sys_mutex warning: *** mutex created [] (protocol=0x2, recursive=false): id = 17
[W : PPU[1] Thread (CPUThread)[0x00099a24]]: sys_mutex warning: *** mutex created [] (protocol=0x2, recursive=false): id = 18
[W : PPU[1] Thread (CPUThread)[0x00099a24]]: sys_mutex warning: *** mutex created [] (protocol=0x2, recursive=false): id = 19
[W : PPU[1] Thread (CPUThread)[0x00099a24]]: sys_mutex warning: *** mutex created [] (protocol=0x2, recursive=false): id = 20
[W : PPU[1] Thread (CPUThread)[0x00099a24]]: sys_mutex warning: *** mutex created [] (protocol=0x2, recursive=false): id = 21
[W : PPU[1] Thread (CPUThread)[0x005650dc]]: cellSysutil warning: cellAudioOutGetSoundAvailability(audioOut=0, type=0, fs=0x4, option=0)
[W : PPU[1] Thread (CPUThread)[0x005650dc]]: cellSysutil warning: cellAudioOutGetSoundAvailability(audioOut=0, type=1, fs=0x4, option=0)
[W : PPU[1] Thread (CPUThread)[0x005650dc]]: cellSysutil warning: cellAudioOutGetSoundAvailability(audioOut=0, type=6, fs=0x4, option=0)
[W : PPU[1] Thread (CPUThread)[0x00565064]]: cellSysutil warning: cellAudioOutConfigure(audioOut=0, config_addr=0xd0010970, option_addr=0x0, (!)waitForEvent=0)
[W : PPU[1] Thread (CPUThread)[0x005650f4]]: cellSysutil warning: cellAudioOutGetState(audioOut=0x0,deviceIndex=0x0,state_addr=0xd0010980)
[W : PPU[1] Thread (CPUThread)[0x00577010]]: cellAudio warning: cellAudioInit()
[! : Audio Thread]: Audio started
[W : PPU[1] Thread (CPUThread)[0x000b41a8]]: libmixer warning: cellSurMixerCreate(config_addr=0xd0010aa0)
[W : PPU[1] Thread (CPUThread)[0x000b41a8]]: libmixer warning: *** surMixer created (ch1=12, ch2=12, ch6=12, ch8=12)
[W : PPU[1] Thread (CPUThread)[0x000b14d8]]: libmixer warning: cellSurMixerGetAANHandle(handle_addr=0x32e7a104) -> 0x11111111
[W : PPU[1] Thread (CPUThread)[0x000b1e08]]: libmixer warning: cellSurMixerChStripGetAANPortNo(port_addr=0x32eba10c, type=0x2, index=0x0) -> 0
[W : PPU[1] Thread (CPUThread)[0x000b1e08]]: libmixer warning: cellSurMixerChStripGetAANPortNo(port_addr=0x32efa128, type=0x2, index=0x1) -> 0
[W : PPU[1] Thread (CPUThread)[0x000b1e08]]: libmixer warning: cellSurMixerChStripGetAANPortNo(port_addr=0x32f3a144, type=0x1, index=0x2) -> 0
[W : PPU[1] Thread (CPUThread)[0x000b1e08]]: libmixer warning: cellSurMixerChStripGetAANPortNo(port_addr=0x32f7a160, type=0x1, index=0x3) -> 0
[W : PPU[1] Thread (CPUThread)[0x000b1e08]]: libmixer warning: cellSurMixerChStripGetAANPortNo(port_addr=0x32fba17c, type=0x2, index=0x4) -> 0
[W : PPU[1] Thread (CPUThread)[0x000b1e08]]: libmixer warning: cellSurMixerChStripGetAANPortNo(port_addr=0x32ffa198, type=0x2, index=0x5) -> 0
[W : PPU[1] Thread (CPUThread)[0x000b1e08]]: libmixer warning: cellSurMixerChStripGetAANPortNo(port_addr=0x3303a1b4, type=0x2, index=0x6) -> 0
[W : PPU[1] Thread (CPUThread)[0x000b1e08]]: libmixer warning: cellSurMixerChStripGetAANPortNo(port_addr=0x3307a1d0, type=0x2, index=0x7) -> 0
[W : PPU[1] Thread (CPUThread)[0x000b1e08]]: libmixer warning: cellSurMixerChStripGetAANPortNo(port_addr=0x3307a1ec, type=0x1, index=0x6) -> 0
[W : PPU[1] Thread (CPUThread)[0x000b1e08]]: libmixer warning: cellSurMixerChStripGetAANPortNo(port_addr=0x3307a1f0, type=0x2, index=0x6) -> 0
[W : PPU[1] Thread (CPUThread)[0x000b1e08]]: libmixer warning: cellSurMixerChStripGetAANPortNo(port_addr=0x3307a1f4, type=0x3, index=0x6) -> 0
[W : PPU[1] Thread (CPUThread)[0x000b1e08]]: libmixer warning: cellSurMixerChStripGetAANPortNo(port_addr=0x3307a1f8, type=0x4, index=0x6) -> 0
[W : PPU[1] Thread (CPUThread)[0x000b1510]]: libmixer warning: cellSurMixerSetNotifyCallback(func_addr=0x120e20, arg=0x32e7a104)
[W : PPU[1] Thread (CPUThread)[0x000b3750]]: libmixer warning: cellSurMixerSetParameter(param=0x28, value=1.000000)
[W : PPU[1] Thread (CPUThread)[0x000b3820]]: libmixer warning: cellSurMixerStart()
[W : PPU[1] Thread (CPUThread)[0x000b3820]]: libmixer warning: *** audio port opened(default, port 7)
[W : PPU[1] Thread (CPUThread)[0x00577004]]: cellAudio warning: cellAudioCreateNotifyEventQueue(id_addr=0x3307a204, key_addr=0x3307a208)
[W : PPU[1] Thread (CPUThread)[0x0057701c]]: cellAudio warning: cellAudioSetNotifyEventQueue(key=0x80004d494f323221)
[E : PPU[22] Thread (Libmixer Callback)[0x000b147c]]: libmixer error: cellAANAddData(handle=0x11111111, port=0x20001, offset=0x0, addr=0xd001ed70, samples=0x100)
[W : Audio Thread]: Audio aborted
[W : Libmixer Thread]: ExecAsCallback(wait=true) aborted
[W : Libmixer Thread]: Libmixer aborted
[! : RSXThread]: RSX thread exit...
[!]: Closing memory...
