[!]: path: /dev_hdd0/game/
[W]: SELF: No NPDRM control info found!
[!]: Loading 'F:\Ps3 game\dev_hdd0\game\BLJM60410 - [DAYS IN THE SA]\USRDIR/BOOT.BIN'...
[!]: Mount info:
[!]: /dev_hdd0/ -> F:\Ps3 game\dev_hdd0
[!]: /dev_hdd1/ -> E:\PS3EMU\Rpcs3-x6415/dev_hdd1/
[!]: /dev_flash/ -> E:\PS3EMU\Rpcs3-x6415/dev_flash/
[!]: /dev_usb000/ -> E:\PS3EMU\Rpcs3-x6415/dev_usb000/
[!]: /dev_usb/ -> E:\PS3EMU\Rpcs3-x6415/dev_usb000/
[!]: /app_home/ -> F:\Ps3 game\dev_hdd0\game\BLJM60410 - [DAYS IN THE SA]\
[!]: /dev_bdvd/ -> F:\Ps3 game\dev_hdd0\game\BLJM60410 - [DAYS IN THE SA]\/../
[!]: /host_root/ -> 
[!]: / -> F:\Ps3 game\dev_hdd0\game\BLJM60410 - [DAYS IN THE SA]\
[!]: Initing memory...
[!]: Memory initialized.
[W]: Unknown function 0x4cef342e in 'sys_fs' module
[E]: TODO: cellFsAioWrite
[W]: Unknown function 0x7f13fc8c in 'sys_fs' module
[E]: TODO: cellFsAioCancel
[W]: Unknown function 0x63387071 in 'cellGcmSys' module
[E]: TODO: cellGcmGetLastFlipTime
[W]: Unknown function 0x20543730 in 'cellSysutil' module
[E]: TODO: cellMsgDialogClose
[W]: Unknown function 0x21425307 in 'cellSysutil' module
[E]: TODO: cellSaveDataListAutoLoad
[W]: Unknown function 0x2a8eada2 in 'cellSysutil' module
[E]: TODO: cellSaveDataFixedLoad2
[W]: Unknown function 0x2aae9ef5 in 'cellSysutil' module
[E]: TODO: cellSaveDataFixedSave2
[W]: Unknown function 0x4dd03a4e in 'cellSysutil' module
[E]: TODO: cellSaveDataListAutoSave
[W]: Unknown function 0x7bc2c8a8 in 'cellSysutil' module
[E]: TODO: cellMsgDialogProgressBarReset
[W]: Unknown function 0x8b7ed64b in 'cellSysutil' module
[E]: TODO: cellSaveDataAutoSave2
[W]: Unknown function 0x94862702 in 'cellSysutil' module
[E]: TODO: cellMsgDialogProgressBarInc
[W]: Unknown function 0x9d6af72a in 'cellSysutil' module
[E]: TODO: cellMsgDialogProgressBarSetMsg
[W]: Unknown function 0xedadd797 in 'cellSysutil' module
[E]: TODO: cellSaveDataDelete2
[W]: Unknown function 0xfbd5c856 in 'cellSysutil' module
[E]: TODO: cellSaveDataAutoLoad2
[W]: Unknown module 'cellScreenShotUtility'
[W]: Unknown module 'cellSaveData'
[W]: Unknown function 0x018281a8 in 'cellSail' module
[E]: TODO: cellSailGraphicsAdapterGetFrame2
[W]: Unknown function 0x1139a206 in 'cellSail' module
[E]: TODO: cellSailPlayerSetSoundAdapter
[W]: Unknown function 0x18b4629d in 'cellSail' module
[E]: TODO: cellSailPlayerFinalize
[W]: Unknown function 0x18bcd21b in 'cellSail' module
[E]: TODO: cellSailPlayerSetGraphicsAdapter
[W]: Unknown function 0x1c983864 in 'cellSail' module
[E]: TODO: cellSailGraphicsAdapterInitialize
[W]: Unknown function 0x1c9d5e5a in 'cellSail' module
[E]: TODO: cellSailSoundAdapterSetPreferredFormat
[W]: Unknown function 0x23654375 in 'cellSail' module
[E]: TODO: cellSailPlayerInitialize2
[W]: Unknown function 0x2e3ccb5e in 'cellSail' module
[E]: TODO: cellSailGraphicsAdapterSetPreferredFormat
[W]: Unknown function 0x346ebba3 in 'cellSail' module
[E]: TODO: cellSailMemAllocatorInitialize
[W]: Unknown function 0x34ecc1b9 in 'cellSail' module
[E]: TODO: cellSailPlayerOpenStream
[W]: Unknown function 0x3d0d3b72 in 'cellSail' module
[E]: TODO: cellSailSoundAdapterInitialize
[W]: Unknown function 0x44a20e79 in 'cellSail' module
[E]: TODO: cellSailGraphicsAdapterUpdateAvSync
[W]: Unknown function 0x4ae979df in 'cellSail' module
[E]: TODO: cellSailSoundAdapterPtsToTimePosition
[W]: Unknown function 0x5f7c7a6f in 'cellSail' module
[E]: TODO: cellSailPlayerSetParameter
[W]: Unknown function 0x76488bb1 in 'cellSail' module
[E]: TODO: cellSailGraphicsAdapterFinalize
[W]: Unknown function 0x7c8dff3b in 'cellSail' module
[E]: TODO: cellSailPlayerAddDescriptor
[W]: Unknown function 0x7eb8d6b5 in 'cellSail' module
[E]: TODO: cellSailSoundAdapterGetFrame
[W]: Unknown function 0x85beffcc in 'cellSail' module
[E]: TODO: cellSailPlayerCloseStream
[W]: Unknown function 0xaafa17b8 in 'cellSail' module
[E]: TODO: cellSailPlayerIsPaused
[W]: Unknown function 0xbdf21b0f in 'cellSail' module
[E]: TODO: cellSailPlayerBoot
[W]: Unknown function 0xd1462438 in 'cellSail' module
[E]: TODO: cellSailSoundAdapterFinalize
[W]: Unknown function 0xd1d55a90 in 'cellSail' module
[E]: TODO: cellSailPlayerSetPaused
[W]: Unknown function 0xd7938b8d in 'cellSail' module
[E]: TODO: cellSailPlayerCreateDescriptor
[W]: Unknown function 0xe535b0d3 in 'cellSail' module
[E]: TODO: cellSailPlayerStart
[W]: Unknown function 0xeba8d4ec in 'cellSail' module
[E]: TODO: cellSailPlayerStop
[W]: Unknown function 0xeec22809 in 'cellSail' module
[E]: TODO: cellSailSoundAdapterUpdateAvSync
[W]: Unknown function 0xf25f197d in 'cellSail' module
[E]: TODO: cellSailSoundAdapterGetFormat
[W]: Unknown function 0xfc839bd4 in 'cellSail' module
[E]: TODO: cellSailPlayerDestroyDescriptor
[W]: Unknown function 0xffd58aa4 in 'cellSail' module
[E]: TODO: cellSailGraphicsAdapterGetFormat
[W]: Unknown function 0x8a561d92 in 'sysPrxForUser' module
[E]: TODO: _sys_heap_free
[W]: Unknown function 0xaede4b03 in 'sysPrxForUser' module
[E]: TODO: _sys_heap_delete_heap
[W : PPU[1] Thread (CPUThread)[0x0055f034]]: sys_lwmutex warning: *** lwmutex created [_lc_mtx] (attribute=0x12): sq_id = 3
[W : PPU[1] Thread (CPUThread)[0x000ca830]]: memory warning: sys_memory_get_user_memory_size(mem_info_addr=0xd0010c04)
[W : PPU[1] Thread (CPUThread)[0x0055f034]]: sys_lwmutex warning: *** lwmutex created [_lc_mtx] (attribute=0x12): sq_id = 4
[W : PPU[1] Thread (CPUThread)[0x0055f034]]: sys_lwmutex warning: *** lwmutex created [_lc_mtx] (attribute=0x12): sq_id = 5
[W : PPU[1] Thread (CPUThread)[0x0055f034]]: sys_lwmutex warning: *** lwmutex created [_lc_mtx] (attribute=0x12): sq_id = 6
[W : PPU[1] Thread (CPUThread)[0x0055f034]]: sys_lwmutex warning: *** lwmutex created [_lc_mtx] (attribute=0x12): sq_id = 7
[W : PPU[1] Thread (CPUThread)[0x0055f034]]: sys_lwmutex warning: *** lwmutex created [_lc_mtx] (attribute=0x12): sq_id = 8
[W : PPU[1] Thread (CPUThread)[0x0055f034]]: sys_lwmutex warning: *** lwmutex created [_lc_mtx] (attribute=0x12): sq_id = 9
[W : PPU[1] Thread (CPUThread)[0x0055f034]]: sys_lwmutex warning: *** lwmutex created [_lc_mtx] (attribute=0x12): sq_id = 10
[W : PPU[1] Thread (CPUThread)[0x0055f034]]: sys_lwmutex warning: *** lwmutex created [_lc_mtx] (attribute=0x12): sq_id = 11
[W : PPU[1] Thread (CPUThread)[0x0055f034]]: sys_lwmutex warning: *** lwmutex created [_lc_mtx] (attribute=0x12): sq_id = 12
[W : PPU[1] Thread (CPUThread)[0x000681f0]]: memory warning: sys_memory_get_user_memory_size(mem_info_addr=0xd0010ca0)
[W : PPU[1] Thread (CPUThread)[0x005450d0]]: cellSysutil warning: cellSysutilRegisterCallback(slot=0, func_addr=0x120f88, userdata=0x0)
[W : PPU[1] Thread (CPUThread)[0x00547010]]: cellSysmodule warning: cellSysmoduleLoadModule(CELL_SYSMODULE_RESC)
[W : PPU[1] Thread (CPUThread)[0x0011e01c]]: cellGcmSys warning: cellGcmInit(context_addr=0x4b5d10,cmdSize=0x40000,ioSize=0xa000000,ioAddress=0x30200000)
[W : PPU[1] Thread (CPUThread)[0x0011e01c]]: cellGcmSys warning: *** local memory(addr=0xc0000000, size=0xf900000)
[W : PPU[1] Thread (CPUThread)[0x0011e01c]]: cellGcmSys warning: cellGcmMapEaIoAddress(ea=0x30200000, io=0x0, size=0xa000000)
[! : RSXThread]: RSX thread entry
[W : PPU[1] Thread (CPUThread)[0x0054507c]]: cellSysutil warning: cellVideoOutGetNumberOfDevice(videoOut=0)
[W : PPU[1] Thread (CPUThread)[0x00549064]]: cellResc warning: cellRescInit(initConfig_addr=0xd0010a94)
[W : PPU[1] Thread (CPUThread)[0x00549034]]: cellResc warning: cellRescSetDisplayMode(displayMode=1)
[W : PPU[1] Thread (CPUThread)[0x00549034]]: cellSysutil warning: cellVideoOutConfigure(videoOut=0, config_addr=0x30016000, option_addr=0x0, waitForEvent=0x0)
[W : PPU[1] Thread (CPUThread)[0x00549034]]: cellGcmSys warning: cellGcmSetFlipMode(mode=2)
[W : PPU[1] Thread (CPUThread)[0x00549070]]: cellResc warning: cellRescGetBufferSize(colorBuffers_addr=0xd0010a84, vertexArray_addr=0xd0010a88, fragmentShader_addr=0xd0010a8c)
[W : PPU[1] Thread (CPUThread)[0x00549088]]: cellResc warning: cellRescSetBufferAddress(colorBuffers_addr=0xc0d70000, vertexArray_addr=0xc1e70000, fragmentShader_addr=0xc06c7a00)
[W : PPU[1] Thread (CPUThread)[0x00549088]]: cellGcmSys warning: cellGcmSetDisplayBuffer(id=0x0,offset=0xd70000,pitch=4,width=720,height=480)
[W : PPU[1] Thread (CPUThread)[0x00549088]]: cellGcmSys warning: cellGcmSetDisplayBuffer(id=0x1,offset=0xef0000,pitch=4,width=720,height=480)
[W : PPU[1] Thread (CPUThread)[0x0011e088]]: cellGcmSys warning: cellGcmSetTileInfo(index=14, location=0, offset=14090240, size=17825792, pitch=3072, comp=7, base=215, bank=0)
[E : PPU[1] Thread (CPUThread)[0x0011e088]]: cellGcmSys error: cellGcmSetTileInfo: bad comp! (7)
[W : PPU[1] Thread (CPUThread)[0x0011e040]]: cellGcmSys warning: cellGcmBindTile(index=14)
[W : PPU[1] Thread (CPUThread)[0x00549058]]: cellResc warning: cellRescSetFlipHandler(handler_addr=0x120a90)
[W : PPU[1] Thread (CPUThread)[0x0054907c]]: cellGcmSys warning: cellGcmSetDisplayBuffer(id=0x0,offset=0x30200,pitch=4,width=1600,height=1080)
[W : PPU[1] Thread (CPUThread)[0x0011e010]]: cellGcmSys warning: cellGcmGetTiledPitchSize(size=6400)
[W : PPU[1] Thread (CPUThread)[0x0011e010]]: cellGcmSys warning: cellGcmGetTiledPitchSize(size=6400)
[W : PPU[1] Thread (CPUThread)[0x0011e010]]: cellGcmSys warning: cellGcmGetTiledPitchSize(size=6400)
[W : PPU[1] Thread (CPUThread)[0x0011e010]]: cellGcmSys warning: cellGcmGetTiledPitchSize(size=6400)
[W : PPU[1] Thread (CPUThread)[0x0011e010]]: cellGcmSys warning: cellGcmGetTiledPitchSize(size=6400)
[W : PPU[1] Thread (CPUThread)[0x0055f034]]: sys_lwmutex warning: *** lwmutex created [] (attribute=0x22): sq_id = 13
[W : PPU[1] Thread (CPUThread)[0x00547010]]: cellSysmodule warning: cellSysmoduleLoadModule(CELL_SYSMODULE_FS)
[W : PPU[1] Thread (CPUThread)[0x00547010]]: cellSysmodule warning: cellSysmoduleLoadModule(CELL_SYSMODULE_ATRAC3PLUS)
[W : PPU[1] Thread (CPUThread)[0x000994d4]]: sys_mutex warning: *** mutex created [] (protocol=0x2, recursive=false): id = 14
[W : PPU[1] Thread (CPUThread)[0x000994d4]]: sys_mutex warning: *** mutex created [] (protocol=0x2, recursive=false): id = 15
[W : PPU[1] Thread (CPUThread)[0x000994d4]]: sys_mutex warning: *** mutex created [] (protocol=0x2, recursive=false): id = 16
[W : PPU[1] Thread (CPUThread)[0x000994d4]]: sys_mutex warning: *** mutex created [] (protocol=0x2, recursive=false): id = 17
[W : PPU[1] Thread (CPUThread)[0x000994d4]]: sys_mutex warning: *** mutex created [] (protocol=0x2, recursive=false): id = 18
[W : PPU[1] Thread (CPUThread)[0x000994d4]]: sys_mutex warning: *** mutex created [] (protocol=0x2, recursive=false): id = 19
[W : PPU[1] Thread (CPUThread)[0x000994d4]]: sys_mutex warning: *** mutex created [] (protocol=0x2, recursive=false): id = 20
[W : PPU[1] Thread (CPUThread)[0x000994d4]]: sys_mutex warning: *** mutex created [] (protocol=0x2, recursive=false): id = 21
[W : PPU[1] Thread (CPUThread)[0x005450dc]]: cellSysutil warning: cellAudioOutGetSoundAvailability(audioOut=0, type=0, fs=0x4, option=0)
[W : PPU[1] Thread (CPUThread)[0x005450dc]]: cellSysutil warning: cellAudioOutGetSoundAvailability(audioOut=0, type=1, fs=0x4, option=0)
[W : PPU[1] Thread (CPUThread)[0x005450dc]]: cellSysutil warning: cellAudioOutGetSoundAvailability(audioOut=0, type=6, fs=0x4, option=0)
[W : PPU[1] Thread (CPUThread)[0x00545064]]: cellSysutil warning: cellAudioOutConfigure(audioOut=0, config_addr=0xd0010970, option_addr=0x0, (!)waitForEvent=0)
[W : PPU[1] Thread (CPUThread)[0x005450f4]]: cellSysutil warning: cellAudioOutGetState(audioOut=0x0,deviceIndex=0x0,state_addr=0xd0010980)
[W : PPU[1] Thread (CPUThread)[0x00557010]]: cellAudio warning: cellAudioInit()
[! : Audio Thread]: Audio started
[W : PPU[1] Thread (CPUThread)[0x0055f0d0]]: sys_heap warning: sys_heap_create_heap(heap_addr=0x10f410, align=0xa0000, size=0x110000)
[W : PPU[1] Thread (CPUThread)[0x0055f0d0]]: sys_heap warning: *** sys_heap created: id = 22
[W : PPU[1] Thread (CPUThread)[0x0055f064]]: sys_heap warning: _sys_heap_memalign(heap_id=22, align=0x10, size=0x1080)
[W : PPU[1] Thread (CPUThread)[0x0055f034]]: sys_lwmutex warning: *** lwmutex created [_mxr004] (attribute=0x22): sq_id = 23
[W : PPU[1] Thread (CPUThread)[0x0055f064]]: sys_heap warning: _sys_heap_memalign(heap_id=22, align=0x10, size=0x1c8)
[W : PPU[1] Thread (CPUThread)[0x0055f04c]]: sys_heap warning: sys_heap_malloc(heap_id=22, size=0xc0)
[W : PPU[1] Thread (CPUThread)[0x0055f04c]]: sys_heap warning: sys_heap_malloc(heap_id=22, size=0xc0)
[W : PPU[1] Thread (CPUThread)[0x0055f04c]]: sys_heap warning: sys_heap_malloc(heap_id=22, size=0x30)
[W : PPU[1] Thread (CPUThread)[0x0055f064]]: sys_heap warning: _sys_heap_memalign(heap_id=22, align=0x10, size=0x88)
[W : PPU[1] Thread (CPUThread)[0x0055f034]]: sys_lwmutex warning: *** lwmutex created [_mxr100] (attribute=0x22): sq_id = 24
[W : PPU[1] Thread (CPUThread)[0x0055f064]]: sys_heap warning: _sys_heap_memalign(heap_id=22, align=0x10, size=0x88)
[W : PPU[1] Thread (CPUThread)[0x0055f034]]: sys_lwmutex warning: *** lwmutex created [_mxr101] (attribute=0x22): sq_id = 25
[W : PPU[1] Thread (CPUThread)[0x0055f064]]: sys_heap warning: _sys_heap_memalign(heap_id=22, align=0x10, size=0x88)
[W : PPU[1] Thread (CPUThread)[0x0055f034]]: sys_lwmutex warning: *** lwmutex created [_mxr102] (attribute=0x22): sq_id = 26
[W : PPU[1] Thread (CPUThread)[0x0055f064]]: sys_heap warning: _sys_heap_memalign(heap_id=22, align=0x10, size=0x88)
[W : PPU[1] Thread (CPUThread)[0x0055f034]]: sys_lwmutex warning: *** lwmutex created [_mxr103] (attribute=0x22): sq_id = 27
[W : PPU[1] Thread (CPUThread)[0x0055f064]]: sys_heap warning: _sys_heap_memalign(heap_id=22, align=0x10, size=0x88)
[W : PPU[1] Thread (CPUThread)[0x0055f034]]: sys_lwmutex warning: *** lwmutex created [_mxr104] (attribute=0x22): sq_id = 28
[W : PPU[1] Thread (CPUThread)[0x0055f064]]: sys_heap warning: _sys_heap_memalign(heap_id=22, align=0x10, size=0x88)
[W : PPU[1] Thread (CPUThread)[0x0055f034]]: sys_lwmutex warning: *** lwmutex created [_mxr105] (attribute=0x22): sq_id = 29
[W : PPU[1] Thread (CPUThread)[0x0055f064]]: sys_heap warning: _sys_heap_memalign(heap_id=22, align=0x10, size=0x88)
[W : PPU[1] Thread (CPUThread)[0x0055f034]]: sys_lwmutex warning: *** lwmutex created [_mxr106] (attribute=0x22): sq_id = 30
[W : PPU[1] Thread (CPUThread)[0x0055f064]]: sys_heap warning: _sys_heap_memalign(heap_id=22, align=0x10, size=0x88)
[W : PPU[1] Thread (CPUThread)[0x0055f034]]: sys_lwmutex warning: *** lwmutex created [_mxr107] (attribute=0x22): sq_id = 31
[W : PPU[1] Thread (CPUThread)[0x0055f064]]: sys_heap warning: _sys_heap_memalign(heap_id=22, align=0x10, size=0x88)
[W : PPU[1] Thread (CPUThread)[0x0055f034]]: sys_lwmutex warning: *** lwmutex created [_mxr108] (attribute=0x22): sq_id = 32
[W : PPU[1] Thread (CPUThread)[0x0055f064]]: sys_heap warning: _sys_heap_memalign(heap_id=22, align=0x10, size=0x88)
[W : PPU[1] Thread (CPUThread)[0x0055f034]]: sys_lwmutex warning: *** lwmutex created [_mxr109] (attribute=0x22): sq_id = 33
[W : PPU[1] Thread (CPUThread)[0x0055f064]]: sys_heap warning: _sys_heap_memalign(heap_id=22, align=0x10, size=0x88)
[W : PPU[1] Thread (CPUThread)[0x0055f034]]: sys_lwmutex warning: *** lwmutex created [_mxr10:] (attribute=0x22): sq_id = 34
[W : PPU[1] Thread (CPUThread)[0x0055f064]]: sys_heap warning: _sys_heap_memalign(heap_id=22, align=0x10, size=0x88)
[W : PPU[1] Thread (CPUThread)[0x0055f034]]: sys_lwmutex warning: *** lwmutex created [_mxr10;] (attribute=0x22): sq_id = 35
[W : PPU[1] Thread (CPUThread)[0x0055f04c]]: sys_heap warning: sys_heap_malloc(heap_id=22, size=0x30)
[W : PPU[1] Thread (CPUThread)[0x0055f064]]: sys_heap warning: _sys_heap_memalign(heap_id=22, align=0x10, size=0x88)
[W : PPU[1] Thread (CPUThread)[0x0055f034]]: sys_lwmutex warning: *** lwmutex created [_mxr20<] (attribute=0x22): sq_id = 36
[W : PPU[1] Thread (CPUThread)[0x0055f064]]: sys_heap warning: _sys_heap_memalign(heap_id=22, align=0x10, size=0x88)
[W : PPU[1] Thread (CPUThread)[0x0055f034]]: sys_lwmutex warning: *** lwmutex created [_mxr20=] (attribute=0x22): sq_id = 37
[W : PPU[1] Thread (CPUThread)[0x0055f064]]: sys_heap warning: _sys_heap_memalign(heap_id=22, align=0x10, size=0x88)
[W : PPU[1] Thread (CPUThread)[0x0055f034]]: sys_lwmutex warning: *** lwmutex created [_mxr20>] (attribute=0x22): sq_id = 38
[W : PPU[1] Thread (CPUThread)[0x0055f064]]: sys_heap warning: _sys_heap_memalign(heap_id=22, align=0x10, size=0x88)
[W : PPU[1] Thread (CPUThread)[0x0055f034]]: sys_lwmutex warning: *** lwmutex created [_mxr20?] (attribute=0x22): sq_id = 39
[W : PPU[1] Thread (CPUThread)[0x0055f064]]: sys_heap warning: _sys_heap_memalign(heap_id=22, align=0x10, size=0x88)
[W : PPU[1] Thread (CPUThread)[0x0055f034]]: sys_lwmutex warning: *** lwmutex created [_mxr20@] (attribute=0x22): sq_id = 40
[W : PPU[1] Thread (CPUThread)[0x0055f064]]: sys_heap warning: _sys_heap_memalign(heap_id=22, align=0x10, size=0x88)
[W : PPU[1] Thread (CPUThread)[0x0055f034]]: sys_lwmutex warning: *** lwmutex created [_mxr20A] (attribute=0x22): sq_id = 41
[W : PPU[1] Thread (CPUThread)[0x0055f064]]: sys_heap warning: _sys_heap_memalign(heap_id=22, align=0x10, size=0x88)
[W : PPU[1] Thread (CPUThread)[0x0055f034]]: sys_lwmutex warning: *** lwmutex created [_mxr20B] (attribute=0x22): sq_id = 42
[W : PPU[1] Thread (CPUThread)[0x0055f064]]: sys_heap warning: _sys_heap_memalign(heap_id=22, align=0x10, size=0x88)
[W : PPU[1] Thread (CPUThread)[0x0055f034]]: sys_lwmutex warning: *** lwmutex created [_mxr20C] (attribute=0x22): sq_id = 43
[W : PPU[1] Thread (CPUThread)[0x0055f064]]: sys_heap warning: _sys_heap_memalign(heap_id=22, align=0x10, size=0x88)
[W : PPU[1] Thread (CPUThread)[0x0055f034]]: sys_lwmutex warning: *** lwmutex created [_mxr20D] (attribute=0x22): sq_id = 44
[W : PPU[1] Thread (CPUThread)[0x0055f064]]: sys_heap warning: _sys_heap_memalign(heap_id=22, align=0x10, size=0x88)
[W : PPU[1] Thread (CPUThread)[0x0055f034]]: sys_lwmutex warning: *** lwmutex created [_mxr20E] (attribute=0x22): sq_id = 45
[W : PPU[1] Thread (CPUThread)[0x0055f064]]: sys_heap warning: _sys_heap_memalign(heap_id=22, align=0x10, size=0x88)
[W : PPU[1] Thread (CPUThread)[0x0055f034]]: sys_lwmutex warning: *** lwmutex created [_mxr20F] (attribute=0x22): sq_id = 46
[W : PPU[1] Thread (CPUThread)[0x0055f064]]: sys_heap warning: _sys_heap_memalign(heap_id=22, align=0x10, size=0x88)
[W : PPU[1] Thread (CPUThread)[0x0055f034]]: sys_lwmutex warning: *** lwmutex created [_mxr20G] (attribute=0x22): sq_id = 47
[W : PPU[1] Thread (CPUThread)[0x0055f04c]]: sys_heap warning: sys_heap_malloc(heap_id=22, size=0x30)
[W : PPU[1] Thread (CPUThread)[0x0055f064]]: sys_heap warning: _sys_heap_memalign(heap_id=22, align=0x10, size=0x60)
[W : PPU[1] Thread (CPUThread)[0x0055f034]]: sys_lwmutex warning: *** lwmutex created [_mxr60H] (attribute=0x22): sq_id = 48
[W : PPU[1] Thread (CPUThread)[0x0055f064]]: sys_heap warning: _sys_heap_memalign(heap_id=22, align=0x10, size=0x60)
[W : PPU[1] Thread (CPUThread)[0x0055f034]]: sys_lwmutex warning: *** lwmutex created [_mxr60I] (attribute=0x22): sq_id = 49
[W : PPU[1] Thread (CPUThread)[0x0055f064]]: sys_heap warning: _sys_heap_memalign(heap_id=22, align=0x10, size=0x60)
[W : PPU[1] Thread (CPUThread)[0x0055f034]]: sys_lwmutex warning: *** lwmutex created [_mxr60J] (attribute=0x22): sq_id = 50
[W : PPU[1] Thread (CPUThread)[0x0055f064]]: sys_heap warning: _sys_heap_memalign(heap_id=22, align=0x10, size=0x60)
[W : PPU[1] Thread (CPUThread)[0x0055f034]]: sys_lwmutex warning: *** lwmutex created [_mxr60K] (attribute=0x22): sq_id = 51
[W : PPU[1] Thread (CPUThread)[0x0055f064]]: sys_heap warning: _sys_heap_memalign(heap_id=22, align=0x10, size=0x60)
[W : PPU[1] Thread (CPUThread)[0x0055f034]]: sys_lwmutex warning: *** lwmutex created [_mxr60L] (attribute=0x22): sq_id = 52
[W : PPU[1] Thread (CPUThread)[0x0055f064]]: sys_heap warning: _sys_heap_memalign(heap_id=22, align=0x10, size=0x60)
[W : PPU[1] Thread (CPUThread)[0x0055f034]]: sys_lwmutex warning: *** lwmutex created [_mxr60M] (attribute=0x22): sq_id = 53
[W : PPU[1] Thread (CPUThread)[0x0055f064]]: sys_heap warning: _sys_heap_memalign(heap_id=22, align=0x10, size=0x60)
[W : PPU[1] Thread (CPUThread)[0x0055f034]]: sys_lwmutex warning: *** lwmutex created [_mxr60N] (attribute=0x22): sq_id = 54
[W : PPU[1] Thread (CPUThread)[0x0055f064]]: sys_heap warning: _sys_heap_memalign(heap_id=22, align=0x10, size=0x60)
[W : PPU[1] Thread (CPUThread)[0x0055f034]]: sys_lwmutex warning: *** lwmutex created [_mxr60O] (attribute=0x22): sq_id = 55
[W : PPU[1] Thread (CPUThread)[0x0055f064]]: sys_heap warning: _sys_heap_memalign(heap_id=22, align=0x10, size=0x60)
[W : PPU[1] Thread (CPUThread)[0x0055f034]]: sys_lwmutex warning: *** lwmutex created [_mxr600] (attribute=0x22): sq_id = 56
[W : PPU[1] Thread (CPUThread)[0x0055f064]]: sys_heap warning: _sys_heap_memalign(heap_id=22, align=0x10, size=0x60)
[W : PPU[1] Thread (CPUThread)[0x0055f034]]: sys_lwmutex warning: *** lwmutex created [_mxr601] (attribute=0x22): sq_id = 57
[W : PPU[1] Thread (CPUThread)[0x0055f064]]: sys_heap warning: _sys_heap_memalign(heap_id=22, align=0x10, size=0x60)
[W : PPU[1] Thread (CPUThread)[0x0055f034]]: sys_lwmutex warning: *** lwmutex created [_mxr602] (attribute=0x22): sq_id = 58
[W : PPU[1] Thread (CPUThread)[0x0055f064]]: sys_heap warning: _sys_heap_memalign(heap_id=22, align=0x10, size=0x60)
[W : PPU[1] Thread (CPUThread)[0x0055f034]]: sys_lwmutex warning: *** lwmutex created [_mxr603] (attribute=0x22): sq_id = 59
[W : PPU[1] Thread (CPUThread)[0x0055f04c]]: sys_heap warning: sys_heap_malloc(heap_id=22, size=0x30)
[W : PPU[1] Thread (CPUThread)[0x0055f064]]: sys_heap warning: _sys_heap_memalign(heap_id=22, align=0x10, size=0x60)
[W : PPU[1] Thread (CPUThread)[0x0055f034]]: sys_lwmutex warning: *** lwmutex created [_mxr804] (attribute=0x22): sq_id = 60
[W : PPU[1] Thread (CPUThread)[0x0055f064]]: sys_heap warning: _sys_heap_memalign(heap_id=22, align=0x10, size=0x60)
[W : PPU[1] Thread (CPUThread)[0x0055f034]]: sys_lwmutex warning: *** lwmutex created [_mxr805] (attribute=0x22): sq_id = 61
[W : PPU[1] Thread (CPUThread)[0x0055f064]]: sys_heap warning: _sys_heap_memalign(heap_id=22, align=0x10, size=0x60)
[W : PPU[1] Thread (CPUThread)[0x0055f034]]: sys_lwmutex warning: *** lwmutex created [_mxr806] (attribute=0x22): sq_id = 62
[W : PPU[1] Thread (CPUThread)[0x0055f064]]: sys_heap warning: _sys_heap_memalign(heap_id=22, align=0x10, size=0x60)
[W : PPU[1] Thread (CPUThread)[0x0055f034]]: sys_lwmutex warning: *** lwmutex created [_mxr807] (attribute=0x22): sq_id = 63
[W : PPU[1] Thread (CPUThread)[0x0055f064]]: sys_heap warning: _sys_heap_memalign(heap_id=22, align=0x10, size=0x60)
[W : PPU[1] Thread (CPUThread)[0x0055f034]]: sys_lwmutex warning: *** lwmutex created [_mxr808] (attribute=0x22): sq_id = 64
[W : PPU[1] Thread (CPUThread)[0x0055f064]]: sys_heap warning: _sys_heap_memalign(heap_id=22, align=0x10, size=0x60)
[W : PPU[1] Thread (CPUThread)[0x0055f034]]: sys_lwmutex warning: *** lwmutex created [_mxr809] (attribute=0x22): sq_id = 65
[W : PPU[1] Thread (CPUThread)[0x0055f064]]: sys_heap warning: _sys_heap_memalign(heap_id=22, align=0x10, size=0x60)
[W : PPU[1] Thread (CPUThread)[0x0055f034]]: sys_lwmutex warning: *** lwmutex created [_mxr80:] (attribute=0x22): sq_id = 66
[W : PPU[1] Thread (CPUThread)[0x0055f064]]: sys_heap warning: _sys_heap_memalign(heap_id=22, align=0x10, size=0x60)
[W : PPU[1] Thread (CPUThread)[0x0055f034]]: sys_lwmutex warning: *** lwmutex created [_mxr80;] (attribute=0x22): sq_id = 67
[W : PPU[1] Thread (CPUThread)[0x0055f064]]: sys_heap warning: _sys_heap_memalign(heap_id=22, align=0x10, size=0x60)
[W : PPU[1] Thread (CPUThread)[0x0055f034]]: sys_lwmutex warning: *** lwmutex created [_mxr80<] (attribute=0x22): sq_id = 68
[W : PPU[1] Thread (CPUThread)[0x0055f064]]: sys_heap warning: _sys_heap_memalign(heap_id=22, align=0x10, size=0x60)
[W : PPU[1] Thread (CPUThread)[0x0055f034]]: sys_lwmutex warning: *** lwmutex created [_mxr80=] (attribute=0x22): sq_id = 69
[W : PPU[1] Thread (CPUThread)[0x0055f064]]: sys_heap warning: _sys_heap_memalign(heap_id=22, align=0x10, size=0x60)
[W : PPU[1] Thread (CPUThread)[0x0055f034]]: sys_lwmutex warning: *** lwmutex created [_mxr80>] (attribute=0x22): sq_id = 70
[W : PPU[1] Thread (CPUThread)[0x0055f064]]: sys_heap warning: _sys_heap_memalign(heap_id=22, align=0x10, size=0x60)
[W : PPU[1] Thread (CPUThread)[0x0055f034]]: sys_lwmutex warning: *** lwmutex created [_mxr80?] (attribute=0x22): sq_id = 71
[W : PPU[1] Thread (CPUThread)[0x0055f064]]: sys_heap warning: _sys_heap_memalign(heap_id=22, align=0x10, size=0x4e00)
[W : PPU[1] Thread (CPUThread)[0x000b8fc8]]: sys_mutex warning: *** mutex created [_mxr020] (protocol=0x2, recursive=false): id = 72
[W : PPU[1] Thread (CPUThread)[0x000b8fec]]: sys_cond warning: *** condition created [] (mutex_id=72): id = 73
[! : PPU[1] Thread (CPUThread)[0x0055f01c]]: *** New PPU Thread [_sys_MixerChStripMain] (): id = 74
[W : PPU[1] Thread (CPUThread)[0x0055f034]]: sys_lwmutex warning: *** lwmutex created [_mxr022] (attribute=0x22): sq_id = 75
[W : PPU[1] Thread (CPUThread)[0x0055f064]]: sys_heap warning: _sys_heap_memalign(heap_id=22, align=0x10, size=0x4e80)
[W : PPU[1] Thread (CPUThread)[0x0055f064]]: sys_heap warning: _sys_heap_memalign(heap_id=22, align=0x10, size=0x64c80)
[W : PPU[1] Thread (CPUThread)[0x0055f064]]: sys_heap warning: _sys_heap_memalign(heap_id=22, align=0x10, size=0x1e180)
[W : PPU[1] Thread (CPUThread)[0x000b2d50]]: sys_mutex warning: *** mutex created [_mxr005] (protocol=0x2, recursive=false): id = 76
[W : PPU[1] Thread (CPUThread)[0x000b2d74]]: sys_cond warning: *** condition created [] (mutex_id=76): id = 77
[W : PPU[1] Thread (CPUThread)[0x000b2e00]]: sys_mutex warning: *** mutex created [_mxr007] (protocol=0x2, recursive=false): id = 78
[W : PPU[1] Thread (CPUThread)[0x000b2e24]]: sys_cond warning: *** condition created [] (mutex_id=78): id = 79
[W : PPU[1] Thread (CPUThread)[0x000b2ea8]]: sys_mutex warning: *** mutex created [_mxr009] (protocol=0x2, recursive=false): id = 80
[W : PPU[1] Thread (CPUThread)[0x000b2ecc]]: sys_cond warning: *** condition created [] (mutex_id=80): id = 81
[! : PPU[1] Thread (CPUThread)[0x0055f01c]]: *** New PPU Thread [_sys_mixerSurBusReq] (): id = 82
[W : PPU[1] Thread (CPUThread)[0x0055f034]]: sys_lwmutex warning: *** lwmutex created [_mxr001] (attribute=0x22): sq_id = 83
[W : PPU[1] Thread (CPUThread)[0x0055f034]]: sys_lwmutex warning: *** lwmutex created [_mxr002] (attribute=0x22): sq_id = 84
[! : PPU[1] Thread (CPUThread)[0x0055f01c]]: *** New PPU Thread [_cellsurMixerMain] (): id = 85
[W : PPU[85] Thread (_cellsurMixerMain)[0x000b46cc]]: sys_event warning: sys_event_queue_create(equeue_id_addr=0x4b62a4, attr_addr=0x4b7350, event_queue_key=0x8000cafe02460300, size=2)
[W : PPU[1] Thread (CPUThread)[0x0055f034]]: sys_lwmutex warning: *** lwmutex created [_mxr003] (attribute=0x22): sq_id = 86
[W : PPU[85] Thread (_cellsurMixerMain)[0x000b46cc]]: sys_event warning: *** event_queue created [_mxr000] (protocol=0x1, type=0x1): id = 87
[W : PPU[1] Thread (CPUThread)[0x0055704c]]: cellAudio warning: cellAudioPortOpen(audioParam_addr=0x4b62e8, portNum_addr=0x4b6258)
[W : PPU[1] Thread (CPUThread)[0x0055704c]]: cellAudio warning: *** audio port opened(nChannel=8, nBlock=8, attr=0x0, level=1.000000): port = 0
[W : PPU[1] Thread (CPUThread)[0x00557028]]: cellAudio warning: cellAudioGetPortConfig(portNum=0x0, portConfig_addr=0x4b6308)
[W : PPU[1] Thread (CPUThread)[0x00557034]]: cellAudio warning: cellAudioPortStart(portNum=0x0)
[W : PPU[1] Thread (CPUThread)[0x0055701c]]: cellAudio warning: cellAudioSetNotifyEventQueue(key=0x8000cafe02460300)
[W : PPU[1] Thread (CPUThread)[0x00557004]]: cellAudio warning: cellAudioCreateNotifyEventQueue(id_addr=0x3307a1c4, key_addr=0x3307a1c8)
[W : PPU[1] Thread (CPUThread)[0x0055701c]]: cellAudio warning: cellAudioSetNotifyEventQueue(key=0x80004d494f323221)
[W : PPU[1] Thread (CPUThread)[0x0055704c]]: cellAudio warning: cellAudioPortOpen(audioParam_addr=0xd0010af0, portNum_addr=0x3307ce40)
[W : PPU[1] Thread (CPUThread)[0x0055704c]]: cellAudio warning: *** audio port opened(nChannel=8, nBlock=8, attr=0x0, level=0.000000): port = 1
[W : PPU[1] Thread (CPUThread)[0x00557028]]: cellAudio warning: cellAudioGetPortConfig(portNum=0x1, portConfig_addr=0x3307ee60)
[W : PPU[1] Thread (CPUThread)[0x000b973c]]: sys_mutex warning: *** mutex created [_sd3000] (protocol=0x2, recursive=false): id = 89
[W : PPU[1] Thread (CPUThread)[0x000c2060]]: sys_mutex warning: *** mutex created [] (protocol=0x2, recursive=false): id = 90
[W : PPU[1] Thread (CPUThread)[0x000c21d4]]: sys_spu warning: sys_spu_thread_group_create(id_addr=0x543910, num=1, prio=100, attr_addr=0x543a04)
[W : PPU[1] Thread (CPUThread)[0x000c21d4]]: sys_spu warning: *** SPU Thread Group created [_synth2 Group] (type=0x0, option.ct=0x0): id=91
[W : PPU[1] Thread (CPUThread)[0x0055f100]]: sysPrxForUser warning: sys_spu_image_import(img=0x543914, src=0x110800, type=0x1)
[W : PPU[1] Thread (CPUThread)[0x0055f100]]: LoadShdr32 error: shstrndx too big!
[W : PPU[1] Thread (CPUThread)[0x0055f100]]: desc = 'synth2.elf'
[W : PPU[1] Thread (CPUThread)[0x000c22d4]]: sys_spu warning: sys_spu_thread_initialize(thread_addr=0x54390c, group=0x5b, spu_num=0, img_addr=0x543914, attr_addr=0x543a14, arg_addr=0x543a20)
[W : PPU[1] Thread (CPUThread)[0x000c22d4]]: sys_spu warning: *** New SPU Thread [_synth2 Thread] (img_offset=0x563000, ls_offset=0x5a3000, ep=0xf0, a1=0x543980, a2=0x0, a3=0x0, a4=0x0): id=92
[W : PPU[1] Thread (CPUThread)[0x000c269c]]: sys_event warning: sys_event_queue_create(equeue_id_addr=0x4bc2a8, attr_addr=0x4bc2b0, event_queue_key=0x0, size=32)
[W : PPU[1] Thread (CPUThread)[0x000c269c]]: sys_event warning: *** event_queue created [] (protocol=0x2, type=0x1): id = 93
[W : PPU[1] Thread (CPUThread)[0x000c26b8]]: sys_spu warning: sys_spu_thread_connect_event(id=92, eq_id=93, event_type=0x1, spup=58)
[W : PPU[1] Thread (CPUThread)[0x000c26d8]]: sys_event warning: sys_event_queue_create(equeue_id_addr=0x4bc2ac, attr_addr=0x4bc2b0, event_queue_key=0x0, size=32)
[W : PPU[1] Thread (CPUThread)[0x000c26d8]]: sys_event warning: *** event_queue created [] (protocol=0x2, type=0x2): id = 94
[W : PPU[1] Thread (CPUThread)[0x000c26f0]]: sys_event warning: sys_event_port_create(eport_id_addr=0x4bc2c0, port_type=0x1, name=0x0)
[W : PPU[1] Thread (CPUThread)[0x000c26f0]]: sys_event warning: *** sys_event_port created: id = 95
[W : PPU[1] Thread (CPUThread)[0x000c2700]]: sys_event warning: sys_event_port_connect_local(eport_id=95, equeue_id=94)
[W : PPU[1] Thread (CPUThread)[0x000c2718]]: sys_spu warning: sys_spu_thread_bind_queue(id=92, equeue_id=94, spuq_num=0x1012000)
[W : PPU[1] Thread (CPUThread)[0x000c2308]]: sys_spu warning: sys_spu_thread_group_start(id=91)
[! : PPU[1] Thread (CPUThread)[0x0055f01c]]: *** New PPU Thread [SND3 Thread] (): id = 96
[W : PPU[1] Thread (CPUThread)[0x000a0a7c]]: sys_semaphore warning: sys_semaphore_create(sem_addr=0x32a73044, attr_addr=0xd0010bc0, initial_count=0, max_count=1)
[W : PPU[1] Thread (CPUThread)[0x000a280c]]: sys_event_flag warning: sys_event_flag_create(eflag_id_addr=0x3307f6cc, attr_addr=0xd0010b20, init=0x0)
[W : PPU[1] Thread (CPUThread)[0x000a280c]]: sys_event_flag warning: *** event_flag created [] (protocol=0x2, type=0x20000): id = 98
[W : PPU[1] Thread (CPUThread)[0x000a280c]]: sys_event_flag warning: sys_event_flag_create(eflag_id_addr=0x3307f70c, attr_addr=0xd0010b20, init=0x0)
[W : PPU[1] Thread (CPUThread)[0x000a280c]]: sys_event_flag warning: *** event_flag created [] (protocol=0x2, type=0x20000): id = 99
[W : PPU[1] Thread (CPUThread)[0x000a280c]]: sys_event_flag warning: sys_event_flag_create(eflag_id_addr=0x3307f74c, attr_addr=0xd0010b20, init=0x0)
[W : PPU[1] Thread (CPUThread)[0x000a280c]]: sys_event_flag warning: *** event_flag created [] (protocol=0x2, type=0x20000): id = 100
[W : PPU[1] Thread (CPUThread)[0x000a280c]]: sys_event_flag warning: sys_event_flag_create(eflag_id_addr=0x3307f78c, attr_addr=0xd0010b20, init=0x0)
[W : PPU[96] Thread (SND3 Thread)[0x00557034]]: cellAudio warning: cellAudioPortStart(portNum=0x1)
[W : PPU[1] Thread (CPUThread)[0x000a280c]]: sys_event_flag warning: *** event_flag created [] (protocol=0x2, type=0x20000): id = 101
[W : PPU[1] Thread (CPUThread)[0x000a280c]]: sys_event_flag warning: sys_event_flag_create(eflag_id_addr=0x3307f7cc, attr_addr=0xd0010b20, init=0x0)
[W : PPU[1] Thread (CPUThread)[0x000a280c]]: sys_event_flag warning: *** event_flag created [] (protocol=0x2, type=0x20000): id = 102
[W : PPU[1] Thread (CPUThread)[0x00547010]]: cellSysmodule warning: cellSysmoduleLoadModule(CELL_SYSMODULE_RTC)
[W : PPU[1] Thread (CPUThread)[0x00547010]]: cellSysmodule warning: cellSysmoduleLoadModule(CELL_SYSMODULE_SYSUTIL_SCREENSHOT)
[W : PPU[1] Thread (CPUThread)[0x00547010]]: cellSysmodule warning: cellSysmoduleLoadModule(CELL_SYSMODULE_SYSUTIL_GAME)
[W : PPU[1] Thread (CPUThread)[0x0006871c]]: memory warning: sys_memory_get_user_memory_size(mem_info_addr=0xd0010ca0)
[E : PPU[1] Thread (CPUThread)[0x0011e004]]: cellGcmSys error: Unimplemented function: cellGcmSetVBlankHandler
[E : PPU[1] Thread (CPUThread)[0x0054f010]]: TODO: cellScreenShotSetParameter
[E : PPU[1] Thread (CPUThread)[0x0054f004]]: TODO: cellScreenShotEnable
[! : PPU[1] Thread (CPUThread)[0x0055f01c]]: *** New PPU Thread [  0: GameTask] (): id = 103
[E : PPU[103] Thread (  0: GameTask)[0x0011e004]]: cellGcmSys error: Unimplemented function: cellGcmSetVBlankHandler
[W : PPU[103] Thread (  0: GameTask)[0x00547010]]: cellSysmodule warning: cellSysmoduleLoadModule(CELL_SYSMODULE_PAMF)
[W : PPU[103] Thread (  0: GameTask)[0x00547010]]: cellSysmodule warning: cellSysmoduleLoadModule(CELL_SYSMODULE_SAIL)
[W : PPU[103] Thread (  0: GameTask)[0x000a423c]]: sys_spu warning: sys_spu_initialize(max_usable_spu=6, max_raw_spu=0)
[W : PPU[103] Thread (  0: GameTask)[0x0055d028]]: cellSpurs warning: _cellSpursAttributeInitialize(attr_addr=0xd0070550, nSpus=2, spuPriority=3342336, ppuPriority=4, exitIfNoWork=100)
[W : PPU[103] Thread (  0: GameTask)[0x0055d004]]: cellSpurs warning: cellSpursAttributeSetNamePrefix(attr_addr=0xd0070550, prefix_addr=0x10c224, size=0xb)
[W : PPU[103] Thread (  0: GameTask)[0x000a42b8]]: memory warning: sys_memory_container_create(cid_addr=0x30140280, yield_size=0x200000)
[W : PPU[103] Thread (  0: GameTask)[0x000a42b8]]: memory warning: *** memory_container created(addr=0x3a300000): id = 104
[E : PPU[103] Thread (  0: GameTask)[0x0055d01c]]: cellSpurs error: cellSpursAttributeSetMemoryContainerForSpuThread(attr_addr=0xd0070550, container=0x68)
[W : PPU[103] Thread (  0: GameTask)[0x0055d010]]: cellSpurs warning: cellSpursInitializeWithAttribute2(spurs_addr=0x3013e280, spurs_addr=0xd0070550)
[E : PPU[103] Thread (  0: GameTask)[0x0055b064]]: TODO: cellSailMemAllocatorInitialize
[E : PPU[103] Thread (  0: GameTask)[0x0055b04c]]: TODO: cellSailPlayerInitialize2
[E : PPU[103] Thread (  0: GameTask)[0x0055b07c]]: TODO: cellSailSoundAdapterInitialize
[E : PPU[103] Thread (  0: GameTask)[0x0055b040]]: TODO: cellSailSoundAdapterSetPreferredFormat
[E : PPU[103] Thread (  0: GameTask)[0x0055b010]]: TODO: cellSailPlayerSetSoundAdapter
[E : PPU[103] Thread (  0: GameTask)[0x0055b034]]: TODO: cellSailGraphicsAdapterInitialize
[E : PPU[103] Thread (  0: GameTask)[0x0055b058]]: TODO: cellSailGraphicsAdapterSetPreferredFormat
[E : PPU[103] Thread (  0: GameTask)[0x0055b028]]: TODO: cellSailPlayerSetGraphicsAdapter
[E : PPU[103] Thread (  0: GameTask)[0x0055b0a0]]: TODO: cellSailPlayerSetParameter
[E : PPU[103] Thread (  0: GameTask)[0x0055b0e8]]: TODO: cellSailPlayerBoot
[E : PPU[103] Thread (  0: GameTask)[0x0011e004]]: cellGcmSys error: Unimplemented function: cellGcmSetVBlankHandler
[E : PPU[85] Thread (_cellsurMixerMain)[0x0055b0c4]]: TODO: cellSailSoundAdapterGetFrame
[E : PPU[103] Thread (  0: GameTask)[0x0011c01c]]: sys_fs error: "/dev_bdvd/PS3_GAME/USRDIR/NEWICON0.PNG" not found! flags: 0x00000000
[E : PPU[103] Thread (  0: GameTask)[0x0011c01c]]: sys_fs error: "/dev_bdvd/PS3_GAME/USRDIR/NEWICON0.PNG" not found! flags: 0x00000000
[E : PPU[103] Thread (  0: GameTask)[0x0011c01c]]: sys_fs error: "/dev_bdvd/PS3_GAME/USRDIR/ICON0.PNG" not found! flags: 0x00000000
[E : PPU[103] Thread (  0: GameTask)[0x0011c01c]]: sys_fs error: "/dev_bdvd/PS3_GAME/USRDIR/ICON0.PNG" not found! flags: 0x00000000
[E : PPU[103] Thread (  0: GameTask)[0x0011c01c]]: sys_fs error: "/dev_bdvd/PS3_GAME/USRDIR/se.hd3" not found! flags: 0x00000000
[E : PPU[103] Thread (  0: GameTask)[0x0011c01c]]: sys_fs error: "/dev_bdvd/PS3_GAME/USRDIR/se.bd3" not found! flags: 0x00000000
[W : PPU[103] Thread (  0: GameTask)[0x0054b094]]: sceNpTrophy warning: sceNpTrophyCreateContext(context_addr=0x32a73844, commID_addr=0xdc9e8, commSign_addr=0xdc9f4, options=0x0)
[W : PPU[103] Thread (  0: GameTask)[0x0054b01c]]: sceNpTrophy warning: sceNpTrophyCreateHandle(handle_addr=0x32a73848)
[W : PPU[103] Thread (  0: GameTask)[0x0054b034]]: sceNpTrophy warning: sceNpTrophyGetRequiredDiskSpace(context=0, handle=0, reqspace_addr=0xd0070bc0, options=0x0)
[! : PPU[103] Thread (  0: GameTask)[0x0055f01c]]: *** New PPU Thread [listSave] (): id = 105
[W : PPU[103] Thread (  0: GameTask)[0x000a26e8]]: sys_event_flag warning: sys_event_flag_wait(eflag_id=98, bitptn=0x1, mode=0x22, result_addr=0x0, timeout=0)
[! : PPU[1] Thread (CPUThread)[0x0055f01c]]: *** New PPU Thread [  1: GameTask2] (): id = 106
[W : PPU[106] Thread (  1: GameTask2)[0x000a26e8]]: sys_event_flag warning: sys_event_flag_wait(eflag_id=99, bitptn=0x1, mode=0x22, result_addr=0x0, timeout=0)
[E : PPU[105] Thread (listSave)[0x00545100]]: TODO: cellSaveDataAutoLoad2
[E : PPU[85] Thread (_cellsurMixerMain)[0x0055b0c4]]: TODO: cellSailSoundAdapterGetFrame
[E : RSXThread]: NV4097_SET_REDUCE_DST_COLOR
[E : RSXThread]: TODO: cellGcmSetLogicOp(0x1503)
[E : RSXThread]: TODO: cellGcmSetPolygonOffsetScaleFactor(0x0, 0x0)
[W : RSXThread]: NV4097_SET_COLOR_MASK_MRT: fff0
[W : RSXThread]: FP not found in buffer!
[E : PPU[85] Thread (_cellsurMixerMain)[0x0055b0c4]]: TODO: cellSailSoundAdapterGetFrame
[E : PPU[85] Thread (_cellsurMixerMain)[0x0055b0c4]]: TODO: cellSailSoundAdapterGetFrame
[E : PPU[85] Thread (_cellsurMixerMain)[0x0055b0c4]]: TODO: cellSailSoundAdapterGetFrame
[E : PPU[85] Thread (_cellsurMixerMain)[0x0055b0c4]]: TODO: cellSailSoundAdapterGetFrame
[E : PPU[85] Thread (_cellsurMixerMain)[0x0055b0c4]]: TODO: cellSailSoundAdapterGetFrame
[E : PPU[85] Thread (_cellsurMixerMain)[0x0055b0c4]]: TODO: cellSailSoundAdapterGetFrame
[E : PPU[85] Thread (_cellsurMixerMain)[0x0055b0c4]]: TODO: cellSailSoundAdapterGetFrame
[E : PPU[85] Thread (_cellsurMixerMain)[0x0055b0c4]]: TODO: cellSailSoundAdapterGetFrame
[W : RSXThread]: VP not found in buffer!
[E : PPU[85] Thread (_cellsurMixerMain)[0x0055b0c4]]: TODO: cellSailSoundAdapterGetFrame
[E : PPU[85] Thread (_cellsurMixerMain)[0x0055b0c4]]: TODO: cellSailSoundAdapterGetFrame
[E : PPU[85] Thread (_cellsurMixerMain)[0x0055b0c4]]: TODO: cellSailSoundAdapterGetFrame
[E : PPU[85] Thread (_cellsurMixerMain)[0x0055b0c4]]: TODO: cellSailSoundAdapterGetFrame
[! : RSXThread]: Add program (0):
[! : RSXThread]: *** prog id = 3
[! : RSXThread]: *** vp id = 2
[! : RSXThread]: *** fp id = 1
[! : RSXThread]: *** vp data size = 80
[! : RSXThread]: *** fp data size = 592
[! : RSXThread]: *** vp shader = 
#version 330

uniform mat4 scaleOffsetMat = mat4(1.0);
layout (location = 8) in vec4 in_tc0;
layout (location = 0) in vec4 in_pos;
out vec4 tc0;
uniform vec4 vc259;
uniform vec4 vc258;
uniform vec4 vc257;
uniform vec4 vc256;

void func0();

void main()
{
	gl_Position = vec4(0.0f, 0.0f, 0.0f, 1.0f);
	func0();
	gl_Position = gl_Position * scaleOffsetMat;
}

void func0()
{
	tc0.xy = in_tc0.xyxx.xy;
	gl_Position.w = vec2(dot(vec4(in_pos.xyzx.xyz, 1), vc259), 0).xxxx.w;
	gl_Position.z = vec2(dot(vec4(in_pos.xyzx.xyz, 1), vc258), 0).xxxx.z;
	gl_Position.y = vec2(dot(vec4(in_pos.xyzx.xyz, 1), vc257), 0).xxxx.y;
	gl_Position.x = vec2(dot(vec4(in_pos.xyzx.xyz, 1), vc256), 0).xxxx.x;
}

[! : RSXThread]: *** fp shader = 
#version 330

in vec4 tc0;
uniform sampler2D tex1;
uniform sampler2D tex0;
uniform sampler2D tex2;
uniform sampler2D tex3;
layout (location = 2) out vec4 r3;
layout (location = 1) out vec4 r2;
layout (location = 0) out vec4 ocol;
uniform vec4 fc32 = vec4(256.000000, 0.500000, 0.000000, 0.000000);
uniform vec4 fc64 = vec4(0.000000, 0.000000, 0.000000, 0.000000);
uniform vec4 fc112 = vec4(0.000000, 0.000000, 0.000000, 0.000000);
uniform vec4 fc160 = vec4(0.000000, 1.000000, 0.000000, 0.000000);
uniform vec4 fc208 = vec4(0.000000, -1.000000, 0.000000, 0.000000);
uniform vec4 fc272 = vec4(1.000000, 0.000000, 0.000000, 0.000000);
uniform vec4 fc336 = vec4(-1.000000, 0.000000, 0.000000, 0.000000);
uniform vec4 fc400 = vec4(0.007813, 0.000000, 0.000000, 0.000000);
uniform vec4 fc448 = vec4(-4.000000, 0.000000, 0.000000, 0.000000);
uniform vec4 fc528 = vec4(0.000000, 0.000000, 0.000000, 0.000000);
uniform vec4 fc560 = vec4(0.000000, 1.000000, 0.000000, 0.000000);
vec4 r0 = vec4(0.0, 0.0, 0.0, 0.0);
vec4 r1 = vec4(0.0, 0.0, 0.0, 0.0);
vec4 rc0;

void main()
{
	r3.x = texture(tex1, tc0.xy).x;
	r0.w = (r3.xxxx * fc32.xxxx + fc32.yyyy).w;
	r1.z = 1 / (fc64.xxxx).z;
	r0.w = floor(r0).w;
	r1.w = 1 / (fc112.yyyy).w;
	r1.xy = tc0.xy;
	r0.xy = (r1.zwzz * fc160.xyxx + r1).xy;
	r0.xyz = texture(tex0, r0.xy).xyz;
	r2.xy = (r1.zwzz * fc208.xyxx + r1).xy;
	r2.xyz = texture(tex0, r2.xy).xyz;
	r2.xyz = (r0 + r2).xyz;
	r0.xy = (r1.zwzz * fc272.xyxx + r1).xy;
	r0.xyz = texture(tex0, r0.xy).xyz;
	r0.xyz = (r2 + r0).xyz;
	r1.xy = (r1.zwzz * fc336.xyxx + r1).xy;
	r1.xyz = texture(tex0, r1.xy).xyz;
	r0.xyz = (r0 + r1).xyz;
	r2.z = (r0.wwww * fc400.xxxx).z;
	r1.xyz = texture(tex0, tc0.xy).xyz;
	r1.xyz = (r1 * fc448.xxxx + r0).xyz;
	r0.xyz = texture(tex2, r2.zwzz.xy).xyz;
	r0.w = vec2(dot(r1.xyz, r1.xyz), 0).xxxx.w;
	r0.w = (abs(r0) / sqrt(r0.wwww)).w;
	rc0.x = vec4(greaterThanEqual(r0.wwww, fc528.xxxx)).x;
	r0.w = fc560.yyyy.w;
	if(all(equal(rc0.xxxx, vec4(0.0)))) r0 = texture(tex3, tc0.xy);
	ocol = r0;
}

[W : RSXThread]: New FBO (1600x1080)
[E : RSXThread]: Bad depth format! (0)
[E : PPU[85] Thread (_cellsurMixerMain)[0x0055b0c4]]: TODO: cellSailSoundAdapterGetFrame
[E : PPU[85] Thread (_cellsurMixerMain)[0x0055b0c4]]: TODO: cellSailSoundAdapterGetFrame
[E : PPU[85] Thread (_cellsurMixerMain)[0x0055b0c4]]: TODO: cellSailSoundAdapterGetFrame
[E : PPU[85] Thread (_cellsurMixerMain)[0x0055b0c4]]: TODO: cellSailSoundAdapterGetFrame
[E : RSXThread]: glReadPixels: opengl error 0x0506
[E : RSXThread]: glEnable: opengl error 0x0506
[E : RSXThread]: glDrawArrays: opengl error 0x0506
[E : RSXThread]: glReadPixels(GL_RGBA, GL_UNSIGNED_INT_8_8_8_8): opengl error 0x0506
[E : RSXThread]: glUseProgram: opengl error 0x0506
[W : RSXThread]: null cmd: addr=0x50000944, put=0x8000000, get=0x944
[W : RSXThread]: null cmd: addr=0x50000944, put=0x8000000, get=0x944
[W : RSXThread]: null cmd: addr=0x50000944, put=0x8000000, get=0x944
[W : RSXThread]: null cmd: addr=0x50000944, put=0x8000000, get=0x944
[W : RSXThread]: null cmd: addr=0x50000944, put=0x8000000, get=0x944
[W : RSXThread]: null cmd: addr=0x50000944, put=0x8000000, get=0x944
[W : RSXThread]: null cmd: addr=0x50000944, put=0x8000000, get=0x944
[W : RSXThread]: null cmd: addr=0x50000944, put=0x8000000, get=0x944
[W : RSXThread]: null cmd: addr=0x50000944, put=0x8000000, get=0x944
[W : RSXThread]: null cmd: addr=0x50000944, put=0x8000000, get=0x944
[W : RSXThread]: null cmd: addr=0x50000944, put=0x8000000, get=0x944
[W : RSXThread]: null cmd: addr=0x50000944, put=0x8000000, get=0x944
[W : RSXThread]: null cmd: addr=0x50000944, put=0x8000000, get=0x944
[W : RSXThread]: null cmd: addr=0x50000944, put=0x8000000, get=0x944
[W : RSXThread]: null cmd: addr=0x50000944, put=0x8000000, get=0x944
[W : RSXThread]: null cmd: addr=0x50000944, put=0x8000000, get=0x944
[W : RSXThread]: null cmd: addr=0x50000944, put=0x8000000, get=0x944
[W : RSXThread]: null cmd: addr=0x50000944, put=0x8000000, get=0x944
[W : RSXThread]: null cmd: addr=0x50000944, put=0x8000000, get=0x944
[W : RSXThread]: null cmd: addr=0x50000944, put=0x8000000, get=0x944
[W : RSXThread]: null cmd: addr=0x50000944, put=0x8000000, get=0x944
[W : RSXThread]: null cmd: addr=0x50000944, put=0x8000000, get=0x944
[W : RSXThread]: null cmd: addr=0x50000944, put=0x8000000, get=0x944
[W : RSXThread]: null cmd: addr=0x50000944, put=0x8000000, get=0x944
[W : RSXThread]: null cmd: addr=0x50000944, put=0x8000000, get=0x944
[W : RSXThread]: null cmd: addr=0x50000944, put=0x8000000, get=0x944
[W : RSXThread]: null cmd: addr=0x50000944, put=0x8000000, get=0x944
[W : RSXThread]: null cmd: addr=0x50000944, put=0x8000000, get=0x944
[W : RSXThread]: null cmd: addr=0x50000944, put=0x8000000, get=0x944
[W : RSXThread]: null cmd: addr=0x50000944, put=0x8000000, get=0x944
[W : RSXThread]: null cmd: addr=0x50000944, put=0x8000000, get=0x944
[W : RSXThread]: null cmd: addr=0x50000944, put=0x8000000, get=0x944
[W : RSXThread]: null cmd: addr=0x50000944, put=0x8000000, get=0x944
[W : RSXThread]: null cmd: addr=0x50000944, put=0x8000000, get=0x944
[W : RSXThread]: null cmd: addr=0x50000944, put=0x8000000, get=0x944
[W : RSXThread]: null cmd: addr=0x50000944, put=0x8000000, get=0x944
[W : RSXThread]: null cmd: addr=0x50000944, put=0x8000000, get=0x944
[W : RSXThread]: null cmd: addr=0x50000944, put=0x8000000, get=0x944
[W : RSXThread]: null cmd: addr=0x50000944, put=0x8000000, get=0x944
[W : RSXThread]: null cmd: addr=0x50000944, put=0x8000000, get=0x944
[W : RSXThread]: null cmd: addr=0x50000944, put=0x8000000, get=0x944
[W : RSXThread]: null cmd: addr=0x50000944, put=0x8000000, get=0x944
[W : RSXThread]: null cmd: addr=0x50000944, put=0x8000000, get=0x944
[W : RSXThread]: null cmd: addr=0x50000944, put=0x8000000, get=0x944
[W : RSXThread]: null cmd: addr=0x50000944, put=0x8000000, get=0x944
[W : RSXThread]: null cmd: addr=0x50000944, put=0x8000000, get=0x944
[W : RSXThread]: null cmd: addr=0x50000944, put=0x8000000, get=0x944
[W : RSXThread]: null cmd: addr=0x50000944, put=0x8000000, get=0x944
[W : RSXThread]: null cmd: addr=0x50000944, put=0x8000000, get=0x944
[W : RSXThread]: null cmd: addr=0x50000944, put=0x8000000, get=0x944
[W : RSXThread]: null cmd: addr=0x50000944, put=0x8000000, get=0x944
[W : RSXThread]: null cmd: addr=0x50000944, put=0x8000000, get=0x944
[W : RSXThread]: null cmd: addr=0x50000944, put=0x8000000, get=0x944
[W : RSXThread]: null cmd: addr=0x50000944, put=0x8000000, get=0x944
[W : RSXThread]: null cmd: addr=0x50000944, put=0x8000000, get=0x944
[W : RSXThread]: null cmd: addr=0x50000944, put=0x8000000, get=0x944
[W : RSXThread]: null cmd: addr=0x50000944, put=0x8000000, get=0x944
[W : RSXThread]: null cmd: addr=0x50000944, put=0x8000000, get=0x944
[W : RSXThread]: null cmd: addr=0x50000944, put=0x8000000, get=0x944
[W : RSXThread]: null cmd: addr=0x50000944, put=0x8000000, get=0x944
[W : RSXThread]: null cmd: addr=0x50000944, put=0x8000000, get=0x944
[W : RSXThread]: null cmd: addr=0x50000944, put=0x8000000, get=0x944
[W : RSXThread]: null cmd: addr=0x50000944, put=0x8000000, get=0x944
[W : RSXThread]: null cmd: addr=0x50000944, put=0x8000000, get=0x944
[W : RSXThread]: null cmd: addr=0x50000944, put=0x8000000, get=0x944
[W : RSXThread]: null cmd: addr=0x50000944, put=0x8000000, get=0x944
[W : RSXThread]: null cmd: addr=0x50000944, put=0x8000000, get=0x944
[W : RSXThread]: null cmd: addr=0x50000944, put=0x8000000, get=0x944
[W : RSXThread]: null cmd: addr=0x50000944, put=0x8000000, get=0x944
[W : RSXThread]: null cmd: addr=0x50000944, put=0x8000000, get=0x944
[W : RSXThread]: null cmd: addr=0x50000944, put=0x8000000, get=0x944
[W : RSXThread]: null cmd: addr=0x50000944, put=0x8000000, get=0x944
[W : RSXThread]: null cmd: addr=0x50000944, put=0x8000000, get=0x944
[W : RSXThread]: null cmd: addr=0x50000944, put=0x8000000, get=0x944
[W : RSXThread]: null cmd: addr=0x50000944, put=0x8000000, get=0x944
[W : RSXThread]: null cmd: addr=0x50000944, put=0x8000000, get=0x944
[W : RSXThread]: null cmd: addr=0x50000944, put=0x8000000, get=0x944
[W : RSXThread]: null cmd: addr=0x50000944, put=0x8000000, get=0x944
[W : RSXThread]: null cmd: addr=0x50000944, put=0x8000000, get=0x944
[W : RSXThread]: null cmd: addr=0x50000944, put=0x8000000, get=0x944
[W : RSXThread]: null cmd: addr=0x50000944, put=0x8000000, get=0x944
[W : RSXThread]: null cmd: addr=0x50000944, put=0x8000000, get=0x944
[W : RSXThread]: null cmd: addr=0x50000944, put=0x8000000, get=0x944
[W : RSXThread]: null cmd: addr=0x50000944, put=0x8000000, get=0x944
[W : RSXThread]: null cmd: addr=0x50000944, put=0x8000000, get=0x944
[W : RSXThread]: null cmd: addr=0x50000944, put=0x8000000, get=0x944
[W : RSXThread]: null cmd: addr=0x50000944, put=0x8000000, get=0x944
[W : RSXThread]: null cmd: addr=0x50000944, put=0x8000000, get=0x944
[W : RSXThread]: null cmd: addr=0x50000944, put=0x8000000, get=0x944
[W : RSXThread]: null cmd: addr=0x50000944, put=0x8000000, get=0x944
[W : RSXThread]: null cmd: addr=0x50000944, put=0x8000000, get=0x944
[W : RSXThread]: null cmd: addr=0x50000944, put=0x8000000, get=0x944
[W : RSXThread]: null cmd: addr=0x50000944, put=0x8000000, get=0x944
[W : RSXThread]: null cmd: addr=0x50000944, put=0x8000000, get=0x944
[W : RSXThread]: null cmd: addr=0x50000944, put=0x8000000, get=0x944
[W : RSXThread]: null cmd: addr=0x50000944, put=0x8000000, get=0x944
[W : RSXThread]: null cmd: addr=0x50000944, put=0x8000000, get=0x944
[W : RSXThread]: null cmd: addr=0x50000944, put=0x8000000, get=0x944
[W : RSXThread]: null cmd: addr=0x50000944, put=0x8000000, get=0x944
[W : RSXThread]: null cmd: addr=0x50000944, put=0x8000000, get=0x944
[W : RSXThread]: null cmd: addr=0x50000944, put=0x8000000, get=0x944
[W : RSXThread]: null cmd: addr=0x50000944, put=0x8000000, get=0x944
[W : RSXThread]: null cmd: addr=0x50000944, put=0x8000000, get=0x944
[W : RSXThread]: null cmd: addr=0x50000944, put=0x8000000, get=0x944
[W : RSXThread]: null cmd: addr=0x50000944, put=0x8000000, get=0x944
[W : RSXThread]: null cmd: addr=0x50000944, put=0x8000000, get=0x944
[W : RSXThread]: null cmd: addr=0x50000944, put=0x8000000, get=0x944
[W : RSXThread]: null cmd: addr=0x50000944, put=0x8000000, get=0x944
[W : RSXThread]: null cmd: addr=0x50000944, put=0x8000000, get=0x944
[W : RSXThread]: null cmd: addr=0x50000944, put=0x8000000, get=0x944
[W : RSXThread]: null cmd: addr=0x50000944, put=0x8000000, get=0x944
[W : RSXThread]: null cmd: addr=0x50000944, put=0x8000000, get=0x944
[W : RSXThread]: null cmd: addr=0x50000944, put=0x8000000, get=0x944
[W : RSXThread]: null cmd: addr=0x50000944, put=0x8000000, get=0x944
[E : PPU[85] Thread (_cellsurMixerMain)[0x0055b0c4]]: TODO: cellSailSoundAdapterGetFrame
[W : RSXThread]: null cmd: addr=0x50000944, put=0x8000000, get=0x944
[W : RSXThread]: null cmd: addr=0x50000944, put=0x8000000, get=0x944
[W : RSXThread]: null cmd: addr=0x50000944, put=0x8000000, get=0x944
[W : RSXThread]: null cmd: addr=0x50000944, put=0x8000000, get=0x944
[W : RSXThread]: null cmd: addr=0x50000944, put=0x8000000, get=0x944
[W : RSXThread]: null cmd: addr=0x50000944, put=0x8000000, get=0x944
[W : RSXThread]: null cmd: addr=0x50000944, put=0x8000000, get=0x944
[W : RSXThread]: null cmd: addr=0x50000944, put=0x8000000, get=0x944
[W : RSXThread]: null cmd: addr=0x50000944, put=0x8000000, get=0x944
[W : RSXThread]: null cmd: addr=0x50000944, put=0x8000000, get=0x944
[W : RSXThread]: null cmd: addr=0x50000944, put=0x8000000, get=0x944
[W : RSXThread]: null cmd: addr=0x50000944, put=0x8000000, get=0x944
[W : RSXThread]: null cmd: addr=0x50000944, put=0x8000000, get=0x944
[W : RSXThread]: null cmd: addr=0x50000944, put=0x8000000, get=0x944
[W : RSXThread]: null cmd: addr=0x50000944, put=0x8000000, get=0x944
[W : RSXThread]: null cmd: addr=0x50000944, put=0x8000000, get=0x944
[W : RSXThread]: null cmd: addr=0x50000944, put=0x8000000, get=0x944
[W : RSXThread]: null cmd: addr=0x50000944, put=0x8000000, get=0x944
[W : RSXThread]: null cmd: addr=0x50000944, put=0x8000000, get=0x944
[W : RSXThread]: null cmd: addr=0x50000944, put=0x8000000, get=0x944
[W : RSXThread]: null cmd: addr=0x50000944, put=0x8000000, get=0x944
[W : RSXThread]: null cmd: addr=0x50000944, put=0x8000000, get=0x944
[W : RSXThread]: null cmd: addr=0x50000944, put=0x8000000, get=0x944
[W : RSXThread]: null cmd: addr=0x50000944, put=0x8000000, get=0x944
[W : RSXThread]: null cmd: addr=0x50000944, put=0x8000000, get=0x944
[W : RSXThread]: null cmd: addr=0x50000944, put=0x8000000, get=0x944
[W : RSXThread]: null cmd: addr=0x50000944, put=0x8000000, get=0x944
[W : RSXThread]: null cmd: addr=0x50000944, put=0x8000000, get=0x944
[W : RSXThread]: null cmd: addr=0x50000944, put=0x8000000, get=0x944
[W : RSXThread]: null cmd: addr=0x50000944, put=0x8000000, get=0x944
[W : RSXThread]: null cmd: addr=0x50000944, put=0x8000000, get=0x944
[W : RSXThread]: null cmd: addr=0x50000944, put=0x8000000, get=0x944
[W : RSXThread]: null cmd: addr=0x50000944, put=0x8000000, get=0x944
[W : RSXThread]: null cmd: addr=0x50000944, put=0x8000000, get=0x944
[W : RSXThread]: null cmd: addr=0x50000944, put=0x8000000, get=0x944
[W : RSXThread]: null cmd: addr=0x50000944, put=0x8000000, get=0x944
[W : RSXThread]: null cmd: addr=0x50000944, put=0x8000000, get=0x944
[W : RSXThread]: null cmd: addr=0x50000944, put=0x8000000, get=0x944
[W : RSXThread]: null cmd: addr=0x50000944, put=0x8000000, get=0x944
[W : RSXThread]: null cmd: addr=0x50000944, put=0x8000000, get=0x944
[W : RSXThread]: null cmd: addr=0x50000944, put=0x8000000, get=0x944
[W : RSXThread]: null cmd: addr=0x50000944, put=0x8000000, get=0x944
[W : RSXThread]: null cmd: addr=0x50000944, put=0x8000000, get=0x944
[W : RSXThread]: null cmd: addr=0x50000944, put=0x8000000, get=0x944
[W : RSXThread]: null cmd: addr=0x50000944, put=0x8000000, get=0x944
[W : RSXThread]: null cmd: addr=0x50000944, put=0x8000000, get=0x944
[W : RSXThread]: null cmd: addr=0x50000944, put=0x8000000, get=0x944
[W : RSXThread]: null cmd: addr=0x50000944, put=0x8000000, get=0x944
[W : RSXThread]: null cmd: addr=0x50000944, put=0x8000000, get=0x944
[W : RSXThread]: null cmd: addr=0x50000944, put=0x8000000, get=0x944
[W : RSXThread]: null cmd: addr=0x50000944, put=0x8000000, get=0x944
[W : RSXThread]: null cmd: addr=0x50000944, put=0x8000000, get=0x944
[W : RSXThread]: null cmd: addr=0x50000944, put=0x8000000, get=0x944
[W : RSXThread]: null cmd: addr=0x50000944, put=0x8000000, get=0x944
[W : RSXThread]: null cmd: addr=0x50000944, put=0x8000000, get=0x944
[W : RSXThread]: null cmd: addr=0x50000944, put=0x8000000, get=0x944
[W : RSXThread]: null cmd: addr=0x50000944, put=0x8000000, get=0x944
[W : RSXThread]: null cmd: addr=0x50000944, put=0x8000000, get=0x944
[W : RSXThread]: null cmd: addr=0x50000944, put=0x8000000, get=0x944
[W : RSXThread]: null cmd: addr=0x50000944, put=0x8000000, get=0x944
[W : RSXThread]: null cmd: addr=0x50000944, put=0x8000000, get=0x944
[W : RSXThread]: null cmd: addr=0x50000944, put=0x8000000, get=0x944
[W : RSXThread]: null cmd: addr=0x50000944, put=0x8000000, get=0x944
[W : RSXThread]: null cmd: addr=0x50000944, put=0x8000000, get=0x944
[W : RSXThread]: null cmd: addr=0x50000944, put=0x8000000, get=0x944
[W : RSXThread]: null cmd: addr=0x50000944, put=0x8000000, get=0x944
[W : RSXThread]: null cmd: addr=0x50000944, put=0x8000000, get=0x944
[W : RSXThread]: null cmd: addr=0x50000944, put=0x8000000, get=0x944
[W : RSXThread]: null cmd: addr=0x50000944, put=0x8000000, get=0x944
[W : RSXThread]: null cmd: addr=0x50000944, put=0x8000000, get=0x944
[W : RSXThread]: null cmd: addr=0x50000944, put=0x8000000, get=0x944
[W : RSXThread]: null cmd: addr=0x50000944, put=0x8000000, get=0x944
[W : RSXThread]: null cmd: addr=0x50000944, put=0x8000000, get=0x944
[W : RSXThread]: null cmd: addr=0x50000944, put=0x8000000, get=0x944
[W : RSXThread]: null cmd: addr=0x50000944, put=0x8000000, get=0x944
[W : RSXThread]: null cmd: addr=0x50000944, put=0x8000000, get=0x944
[W : RSXThread]: null cmd: addr=0x50000944, put=0x8000000, get=0x944
[W : RSXThread]: null cmd: addr=0x50000944, put=0x8000000, get=0x944
[W : RSXThread]: null cmd: addr=0x50000944, put=0x8000000, get=0x944
[W : RSXThread]: null cmd: addr=0x50000944, put=0x8000000, get=0x944
[W : RSXThread]: null cmd: addr=0x50000944, put=0x8000000, get=0x944
[W : RSXThread]: null cmd: addr=0x50000944, put=0x8000000, get=0x944
[W : RSXThread]: null cmd: addr=0x50000944, put=0x8000000, get=0x944
[W : RSXThread]: null cmd: addr=0x50000944, put=0x8000000, get=0x944
[W : RSXThread]: null cmd: addr=0x50000944, put=0x8000000, get=0x944
[W : RSXThread]: null cmd: addr=0x50000944, put=0x8000000, get=0x944
[W : RSXThread]: null cmd: addr=0x50000944, put=0x8000000, get=0x944
[W : RSXThread]: null cmd: addr=0x50000944, put=0x8000000, get=0x944
[W : RSXThread]: null cmd: addr=0x50000944, put=0x8000000, get=0x944
[W : RSXThread]: null cmd: addr=0x50000944, put=0x8000000, get=0x944
[W : RSXThread]: null cmd: addr=0x50000944, put=0x8000000, get=0x944
[W : RSXThread]: null cmd: addr=0x50000944, put=0x8000000, get=0x944
[W : RSXThread]: null cmd: addr=0x50000944, put=0x8000000, get=0x944
[W : RSXThread]: null cmd: addr=0x50000944, put=0x8000000, get=0x944
[W : RSXThread]: null cmd: addr=0x50000944, put=0x8000000, get=0x944
[W : RSXThread]: null cmd: addr=0x50000944, put=0x8000000, get=0x944
[W : RSXThread]: null cmd: addr=0x50000944, put=0x8000000, get=0x944
[W : RSXThread]: null cmd: addr=0x50000944, put=0x8000000, get=0x944
[W : RSXThread]: null cmd: addr=0x50000944, put=0x8000000, get=0x944
[W : RSXThread]: null cmd: addr=0x50000944, put=0x8000000, get=0x944
[W : RSXThread]: null cmd: addr=0x50000944, put=0x8000000, get=0x944
[W : RSXThread]: null cmd: addr=0x50000944, put=0x8000000, get=0x944
[W : RSXThread]: null cmd: addr=0x50000944, put=0x8000000, get=0x944
[W : RSXThread]: null cmd: addr=0x50000944, put=0x8000000, get=0x944
[W : RSXThread]: null cmd: addr=0x50000944, put=0x8000000, get=0x944
[W : RSXThread]: null cmd: addr=0x50000944, put=0x8000000, get=0x944
[W : RSXThread]: null cmd: addr=0x50000944, put=0x8000000, get=0x944
[W : RSXThread]: null cmd: addr=0x50000944, put=0x8000000, get=0x944
[W : RSXThread]: null cmd: addr=0x50000944, put=0x8000000, get=0x944
[W : RSXThread]: null cmd: addr=0x50000944, put=0x8000000, get=0x944
[W : RSXThread]: null cmd: addr=0x50000944, put=0x8000000, get=0x944
[W : RSXThread]: null cmd: addr=0x50000944, put=0x8000000, get=0x944
[W : RSXThread]: null cmd: addr=0x50000944, put=0x8000000, get=0x944
[W : RSXThread]: null cmd: addr=0x50000944, put=0x8000000, get=0x944
[W : RSXThread]: null cmd: addr=0x50000944, put=0x8000000, get=0x944
[W : RSXThread]: null cmd: addr=0x50000944, put=0x8000000, get=0x944
[W : RSXThread]: null cmd: addr=0x50000944, put=0x8000000, get=0x944
[W : RSXThread]: null cmd: addr=0x50000944, put=0x8000000, get=0x944
[W : RSXThread]: null cmd: addr=0x50000944, put=0x8000000, get=0x944
[W : RSXThread]: null cmd: addr=0x50000944, put=0x8000000, get=0x944
[W : RSXThread]: null cmd: addr=0x50000944, put=0x8000000, get=0x944
[W : RSXThread]: null cmd: addr=0x50000944, put=0x8000000, get=0x944
[W : RSXThread]: null cmd: addr=0x50000944, put=0x8000000, get=0x944
[W : RSXThread]: null cmd: addr=0x50000944, put=0x8000000, get=0x944
[W : RSXThread]: null cmd: addr=0x50000944, put=0x8000000, get=0x944
[W : RSXThread]: null cmd: addr=0x50000944, put=0x8000000, get=0x944
[W : RSXThread]: null cmd: addr=0x50000944, put=0x8000000, get=0x944
[W : RSXThread]: null cmd: addr=0x50000944, put=0x8000000, get=0x944
[W : RSXThread]: null cmd: addr=0x50000944, put=0x8000000, get=0x944
[W : RSXThread]: null cmd: addr=0x50000944, put=0x8000000, get=0x944
[W : RSXThread]: null cmd: addr=0x50000944, put=0x8000000, get=0x944
[W : RSXThread]: null cmd: addr=0x50000944, put=0x8000000, get=0x944
[W : RSXThread]: null cmd: addr=0x50000944, put=0x8000000, get=0x944
[W : RSXThread]: null cmd: addr=0x50000944, put=0x8000000, get=0x944
[W : RSXThread]: null cmd: addr=0x50000944, put=0x8000000, get=0x944
[W : RSXThread]: null cmd: addr=0x50000944, put=0x8000000, get=0x944
[W : RSXThread]: null cmd: addr=0x50000944, put=0x8000000, get=0x944
[W : RSXThread]: null cmd: addr=0x50000944, put=0x8000000, get=0x944
[W : RSXThread]: null cmd: addr=0x50000944, put=0x8000000, get=0x944
[W : RSXThread]: null cmd: addr=0x50000944, put=0x8000000, get=0x944
[E : PPU[85] Thread (_cellsurMixerMain)[0x0055b0c4]]: TODO: cellSailSoundAdapterGetFrame
[W : RSXThread]: null cmd: addr=0x50000944, put=0x8000000, get=0x944
[W : RSXThread]: null cmd: addr=0x50000944, put=0x8000000, get=0x944
[W : RSXThread]: null cmd: addr=0x50000944, put=0x8000000, get=0x944
[W : RSXThread]: null cmd: addr=0x50000944, put=0x8000000, get=0x944
[W : RSXThread]: null cmd: addr=0x50000944, put=0x8000000, get=0x944
[W : RSXThread]: null cmd: addr=0x50000944, put=0x8000000, get=0x944
[W : RSXThread]: null cmd: addr=0x50000944, put=0x8000000, get=0x944
[W : RSXThread]: null cmd: addr=0x50000944, put=0x8000000, get=0x944
[W : RSXThread]: null cmd: addr=0x50000944, put=0x8000000, get=0x944
[W : RSXThread]: null cmd: addr=0x50000944, put=0x8000000, get=0x944
[W : RSXThread]: null cmd: addr=0x50000944, put=0x8000000, get=0x944
[W : RSXThread]: null cmd: addr=0x50000944, put=0x8000000, get=0x944
[W : RSXThread]: null cmd: addr=0x50000944, put=0x8000000, get=0x944
[W : RSXThread]: null cmd: addr=0x50000944, put=0x8000000, get=0x944
[W : RSXThread]: null cmd: addr=0x50000944, put=0x8000000, get=0x944
[W : RSXThread]: null cmd: addr=0x50000944, put=0x8000000, get=0x944
[W : RSXThread]: null cmd: addr=0x50000944, put=0x8000000, get=0x944
[W : RSXThread]: null cmd: addr=0x50000944, put=0x8000000, get=0x944
[W : RSXThread]: null cmd: addr=0x50000944, put=0x8000000, get=0x944
[W : RSXThread]: null cmd: addr=0x50000944, put=0x8000000, get=0x944
[W : RSXThread]: null cmd: addr=0x50000944, put=0x8000000, get=0x944
[W : RSXThread]: null cmd: addr=0x50000944, put=0x8000000, get=0x944
[W : RSXThread]: null cmd: addr=0x50000944, put=0x8000000, get=0x944
[W : RSXThread]: null cmd: addr=0x50000944, put=0x8000000, get=0x944
[W : RSXThread]: null cmd: addr=0x50000944, put=0x8000000, get=0x944
[W : RSXThread]: null cmd: addr=0x50000944, put=0x8000000, get=0x944
[W : RSXThread]: null cmd: addr=0x50000944, put=0x8000000, get=0x944
[W : RSXThread]: null cmd: addr=0x50000944, put=0x8000000, get=0x944
[W : RSXThread]: null cmd: addr=0x50000944, put=0x8000000, get=0x944
[W : RSXThread]: null cmd: addr=0x50000944, put=0x8000000, get=0x944
[W : RSXThread]: null cmd: addr=0x50000944, put=0x8000000, get=0x944
[W : RSXThread]: null cmd: addr=0x50000944, put=0x8000000, get=0x944
[W : RSXThread]: null cmd: addr=0x50000944, put=0x8000000, get=0x944
[W : RSXThread]: null cmd: addr=0x50000944, put=0x8000000, get=0x944
[W : RSXThread]: null cmd: addr=0x50000944, put=0x8000000, get=0x944
[W : RSXThread]: null cmd: addr=0x50000944, put=0x8000000, get=0x944
[W : RSXThread]: null cmd: addr=0x50000944, put=0x8000000, get=0x944
[W : RSXThread]: null cmd: addr=0x50000944, put=0x8000000, get=0x944
[W : RSXThread]: null cmd: addr=0x50000944, put=0x8000000, get=0x944
[W : RSXThread]: null cmd: addr=0x50000944, put=0x8000000, get=0x944
[W : RSXThread]: null cmd: addr=0x50000944, put=0x8000000, get=0x944
[W : RSXThread]: null cmd: addr=0x50000944, put=0x8000000, get=0x944
[W : RSXThread]: null cmd: addr=0x50000944, put=0x8000000, get=0x944
[W : RSXThread]: null cmd: addr=0x50000944, put=0x8000000, get=0x944
[W : RSXThread]: null cmd: addr=0x50000944, put=0x8000000, get=0x944
[W : RSXThread]: null cmd: addr=0x50000944, put=0x8000000, get=0x944
[W : RSXThread]: null cmd: addr=0x50000944, put=0x8000000, get=0x944
[W : RSXThread]: null cmd: addr=0x50000944, put=0x8000000, get=0x944
[W : RSXThread]: null cmd: addr=0x50000944, put=0x8000000, get=0x944
[W : RSXThread]: null cmd: addr=0x50000944, put=0x8000000, get=0x944
[W : RSXThread]: null cmd: addr=0x50000944, put=0x8000000, get=0x944
[W : RSXThread]: null cmd: addr=0x50000944, put=0x8000000, get=0x944
[W : RSXThread]: null cmd: addr=0x50000944, put=0x8000000, get=0x944
[W : RSXThread]: null cmd: addr=0x50000944, put=0x8000000, get=0x944
[W : RSXThread]: null cmd: addr=0x50000944, put=0x8000000, get=0x944
[W : RSXThread]: null cmd: addr=0x50000944, put=0x8000000, get=0x944
[W : RSXThread]: null cmd: addr=0x50000944, put=0x8000000, get=0x944
[W : RSXThread]: null cmd: addr=0x50000944, put=0x8000000, get=0x944
[W : RSXThread]: null cmd: addr=0x50000944, put=0x8000000, get=0x944
[W : RSXThread]: null cmd: addr=0x50000944, put=0x8000000, get=0x944
[W : RSXThread]: null cmd: addr=0x50000944, put=0x8000000, get=0x944
[W : RSXThread]: null cmd: addr=0x50000944, put=0x8000000, get=0x944
[W : RSXThread]: null cmd: addr=0x50000944, put=0x8000000, get=0x944
[W : RSXThread]: null cmd: addr=0x50000944, put=0x8000000, get=0x944
[W : RSXThread]: null cmd: addr=0x50000944, put=0x8000000, get=0x944
[W : RSXThread]: null cmd: addr=0x50000944, put=0x8000000, get=0x944
[W : RSXThread]: null cmd: addr=0x50000944, put=0x8000000, get=0x944
[W : RSXThread]: null cmd: addr=0x50000944, put=0x8000000, get=0x944
[W : RSXThread]: null cmd: addr=0x50000944, put=0x8000000, get=0x944
[W : RSXThread]: null cmd: addr=0x50000944, put=0x8000000, get=0x944
[W : RSXThread]: null cmd: addr=0x50000944, put=0x8000000, get=0x944
[W : RSXThread]: null cmd: addr=0x50000944, put=0x8000000, get=0x944
[W : RSXThread]: null cmd: addr=0x50000944, put=0x8000000, get=0x944
[W : RSXThread]: null cmd: addr=0x50000944, put=0x8000000, get=0x944
[W : RSXThread]: null cmd: addr=0x50000944, put=0x8000000, get=0x944
[W : RSXThread]: null cmd: addr=0x50000944, put=0x8000000, get=0x944
[W : RSXThread]: null cmd: addr=0x50000944, put=0x8000000, get=0x944
[W : RSXThread]: null cmd: addr=0x50000944, put=0x8000000, get=0x944
[W : RSXThread]: null cmd: addr=0x50000944, put=0x8000000, get=0x944
[W : RSXThread]: null cmd: addr=0x50000944, put=0x8000000, get=0x944
[W : RSXThread]: null cmd: addr=0x50000944, put=0x8000000, get=0x944
[W : RSXThread]: null cmd: addr=0x50000944, put=0x8000000, get=0x944
[W : RSXThread]: null cmd: addr=0x50000944, put=0x8000000, get=0x944
[W : RSXThread]: null cmd: addr=0x50000944, put=0x8000000, get=0x944
[W : RSXThread]: null cmd: addr=0x50000944, put=0x8000000, get=0x944
[W : RSXThread]: null cmd: addr=0x50000944, put=0x8000000, get=0x944
[W : RSXThread]: null cmd: addr=0x50000944, put=0x8000000, get=0x944
[W : RSXThread]: null cmd: addr=0x50000944, put=0x8000000, get=0x944
[W : RSXThread]: null cmd: addr=0x50000944, put=0x8000000, get=0x944
[W : RSXThread]: null cmd: addr=0x50000944, put=0x8000000, get=0x944
[W : RSXThread]: null cmd: addr=0x50000944, put=0x8000000, get=0x944
[W : RSXThread]: null cmd: addr=0x50000944, put=0x8000000, get=0x944
[W : RSXThread]: null cmd: addr=0x50000944, put=0x8000000, get=0x944
[W : RSXThread]: null cmd: addr=0x50000944, put=0x8000000, get=0x944
[W : RSXThread]: null cmd: addr=0x50000944, put=0x8000000, get=0x944
[W : RSXThread]: null cmd: addr=0x50000944, put=0x8000000, get=0x944
[W : RSXThread]: null cmd: addr=0x50000944, put=0x8000000, get=0x944
[W : RSXThread]: null cmd: addr=0x50000944, put=0x8000000, get=0x944
[W : RSXThread]: null cmd: addr=0x50000944, put=0x8000000, get=0x944
[W : RSXThread]: null cmd: addr=0x50000944, put=0x8000000, get=0x944
[W : RSXThread]: null cmd: addr=0x50000944, put=0x8000000, get=0x944
[W : RSXThread]: null cmd: addr=0x50000944, put=0x8000000, get=0x944
[W : RSXThread]: null cmd: addr=0x50000944, put=0x8000000, get=0x944
[W : RSXThread]: null cmd: addr=0x50000944, put=0x8000000, get=0x944
[W : RSXThread]: null cmd: addr=0x50000944, put=0x8000000, get=0x944
[W : RSXThread]: null cmd: addr=0x50000944, put=0x8000000, get=0x944
[W : RSXThread]: null cmd: addr=0x50000944, put=0x8000000, get=0x944
[W : RSXThread]: null cmd: addr=0x50000944, put=0x8000000, get=0x944
[W : RSXThread]: null cmd: addr=0x50000944, put=0x8000000, get=0x944
[W : RSXThread]: null cmd: addr=0x50000944, put=0x8000000, get=0x944
[W : RSXThread]: null cmd: addr=0x50000944, put=0x8000000, get=0x944
[W : RSXThread]: null cmd: addr=0x50000944, put=0x8000000, get=0x944
[W : RSXThread]: null cmd: addr=0x50000944, put=0x8000000, get=0x944
[W : RSXThread]: null cmd: addr=0x50000944, put=0x8000000, get=0x944
[W : RSXThread]: null cmd: addr=0x50000944, put=0x8000000, get=0x944
[W : RSXThread]: null cmd: addr=0x50000944, put=0x8000000, get=0x944
[W : RSXThread]: null cmd: addr=0x50000944, put=0x8000000, get=0x944
[W : RSXThread]: null cmd: addr=0x50000944, put=0x8000000, get=0x944
[W : RSXThread]: null cmd: addr=0x50000944, put=0x8000000, get=0x944
[W : RSXThread]: null cmd: addr=0x50000944, put=0x8000000, get=0x944
[W : RSXThread]: null cmd: addr=0x50000944, put=0x8000000, get=0x944
[W : RSXThread]: null cmd: addr=0x50000944, put=0x8000000, get=0x944
[W : RSXThread]: null cmd: addr=0x50000944, put=0x8000000, get=0x944
[W : RSXThread]: null cmd: addr=0x50000944, put=0x8000000, get=0x944
[W : RSXThread]: null cmd: addr=0x50000944, put=0x8000000, get=0x944
[W : RSXThread]: null cmd: addr=0x50000944, put=0x8000000, get=0x944
[W : RSXThread]: null cmd: addr=0x50000944, put=0x8000000, get=0x944
[W : RSXThread]: null cmd: addr=0x50000944, put=0x8000000, get=0x944
[W : RSXThread]: null cmd: addr=0x50000944, put=0x8000000, get=0x944
[W : RSXThread]: null cmd: addr=0x50000944, put=0x8000000, get=0x944
[W : RSXThread]: null cmd: addr=0x50000944, put=0x8000000, get=0x944
[W : RSXThread]: null cmd: addr=0x50000944, put=0x8000000, get=0x944
[W : RSXThread]: null cmd: addr=0x50000944, put=0x8000000, get=0x944
[W : RSXThread]: null cmd: addr=0x50000944, put=0x8000000, get=0x944
[W : RSXThread]: null cmd: addr=0x50000944, put=0x8000000, get=0x944
[W : RSXThread]: null cmd: addr=0x50000944, put=0x8000000, get=0x944
[W : RSXThread]: null cmd: addr=0x50000944, put=0x8000000, get=0x944
[W : RSXThread]: null cmd: addr=0x50000944, put=0x8000000, get=0x944
[W : RSXThread]: null cmd: addr=0x50000944, put=0x8000000, get=0x944
[W : RSXThread]: null cmd: addr=0x50000944, put=0x8000000, get=0x944
[W : RSXThread]: null cmd: addr=0x50000944, put=0x8000000, get=0x944
[W : RSXThread]: null cmd: addr=0x50000944, put=0x8000000, get=0x944
[W : RSXThread]: null cmd: addr=0x50000944, put=0x8000000, get=0x944
[W : RSXThread]: null cmd: addr=0x50000944, put=0x8000000, get=0x944
[W : RSXThread]: null cmd: addr=0x50000944, put=0x8000000, get=0x944
[W : RSXThread]: null cmd: addr=0x50000944, put=0x8000000, get=0x944
[W : RSXThread]: null cmd: addr=0x50000944, put=0x8000000, get=0x944
[W : RSXThread]: null cmd: addr=0x50000944, put=0x8000000, get=0x944
[E : PPU[85] Thread (_cellsurMixerMain)[0x0055b0c4]]: TODO: cellSailSoundAdapterGetFrame
[W : RSXThread]: null cmd: addr=0x50000944, put=0x8000000, get=0x944
[W : RSXThread]: null cmd: addr=0x50000944, put=0x8000000, get=0x944
[W : RSXThread]: null cmd: addr=0x50000944, put=0x8000000, get=0x944
[W : RSXThread]: null cmd: addr=0x50000944, put=0x8000000, get=0x944
[W : RSXThread]: null cmd: addr=0x50000944, put=0x8000000, get=0x944
[W : RSXThread]: null cmd: addr=0x50000944, put=0x8000000, get=0x944
[W : RSXThread]: null cmd: addr=0x50000944, put=0x8000000, get=0x944
[W : RSXThread]: null cmd: addr=0x50000944, put=0x8000000, get=0x944
[W : RSXThread]: null cmd: addr=0x50000944, put=0x8000000, get=0x944
[W : RSXThread]: null cmd: addr=0x50000944, put=0x8000000, get=0x944
[W : RSXThread]: null cmd: addr=0x50000944, put=0x8000000, get=0x944
[W : RSXThread]: null cmd: addr=0x50000944, put=0x8000000, get=0x944
[W : RSXThread]: null cmd: addr=0x50000944, put=0x8000000, get=0x944
[W : RSXThread]: null cmd: addr=0x50000944, put=0x8000000, get=0x944
[W : RSXThread]: null cmd: addr=0x50000944, put=0x8000000, get=0x944
[W : RSXThread]: null cmd: addr=0x50000944, put=0x8000000, get=0x944
[W : RSXThread]: null cmd: addr=0x50000944, put=0x8000000, get=0x944
[W : RSXThread]: null cmd: addr=0x50000944, put=0x8000000, get=0x944
[W : RSXThread]: null cmd: addr=0x50000944, put=0x8000000, get=0x944
[W : RSXThread]: null cmd: addr=0x50000944, put=0x8000000, get=0x944
[W : RSXThread]: null cmd: addr=0x50000944, put=0x8000000, get=0x944
[W : RSXThread]: null cmd: addr=0x50000944, put=0x8000000, get=0x944
[W : RSXThread]: null cmd: addr=0x50000944, put=0x8000000, get=0x944
[W : RSXThread]: null cmd: addr=0x50000944, put=0x8000000, get=0x944
[W : RSXThread]: null cmd: addr=0x50000944, put=0x8000000, get=0x944
[W : RSXThread]: null cmd: addr=0x50000944, put=0x8000000, get=0x944
[W : RSXThread]: null cmd: addr=0x50000944, put=0x8000000, get=0x944
[W : RSXThread]: null cmd: addr=0x50000944, put=0x8000000, get=0x944
[W : RSXThread]: null cmd: addr=0x50000944, put=0x8000000, get=0x944
[W : RSXThread]: null cmd: addr=0x50000944, put=0x8000000, get=0x944
[W : RSXThread]: null cmd: addr=0x50000944, put=0x8000000, get=0x944
[W : RSXThread]: null cmd: addr=0x50000944, put=0x8000000, get=0x944
[W : RSXThread]: null cmd: addr=0x50000944, put=0x8000000, get=0x944
[W : RSXThread]: null cmd: addr=0x50000944, put=0x8000000, get=0x944
[W : RSXThread]: null cmd: addr=0x50000944, put=0x8000000, get=0x944
[W : RSXThread]: null cmd: addr=0x50000944, put=0x8000000, get=0x944
[W : RSXThread]: null cmd: addr=0x50000944, put=0x8000000, get=0x944
[W : RSXThread]: null cmd: addr=0x50000944, put=0x8000000, get=0x944
[W : RSXThread]: null cmd: addr=0x50000944, put=0x8000000, get=0x944
[W : RSXThread]: null cmd: addr=0x50000944, put=0x8000000, get=0x944
[W : RSXThread]: null cmd: addr=0x50000944, put=0x8000000, get=0x944
[W : RSXThread]: null cmd: addr=0x50000944, put=0x8000000, get=0x944
[W : RSXThread]: null cmd: addr=0x50000944, put=0x8000000, get=0x944
[W : RSXThread]: null cmd: addr=0x50000944, put=0x8000000, get=0x944
[W : RSXThread]: null cmd: addr=0x50000944, put=0x8000000, get=0x944
[W : RSXThread]: null cmd: addr=0x50000944, put=0x8000000, get=0x944
[W : RSXThread]: null cmd: addr=0x50000944, put=0x8000000, get=0x944
[W : RSXThread]: null cmd: addr=0x50000944, put=0x8000000, get=0x944
[W : RSXThread]: null cmd: addr=0x50000944, put=0x8000000, get=0x944
[W : RSXThread]: null cmd: addr=0x50000944, put=0x8000000, get=0x944
[W : RSXThread]: null cmd: addr=0x50000944, put=0x8000000, get=0x944
[W : RSXThread]: null cmd: addr=0x50000944, put=0x8000000, get=0x944
[W : RSXThread]: null cmd: addr=0x50000944, put=0x8000000, get=0x944
[W : RSXThread]: null cmd: addr=0x50000944, put=0x8000000, get=0x944
[W : RSXThread]: null cmd: addr=0x50000944, put=0x8000000, get=0x944
[W : RSXThread]: null cmd: addr=0x50000944, put=0x8000000, get=0x944
[W : RSXThread]: null cmd: addr=0x50000944, put=0x8000000, get=0x944
[W : RSXThread]: null cmd: addr=0x50000944, put=0x8000000, get=0x944
[W : RSXThread]: null cmd: addr=0x50000944, put=0x8000000, get=0x944
[W : RSXThread]: null cmd: addr=0x50000944, put=0x8000000, get=0x944
[W : RSXThread]: null cmd: addr=0x50000944, put=0x8000000, get=0x944
[W : RSXThread]: null cmd: addr=0x50000944, put=0x8000000, get=0x944
[W : RSXThread]: null cmd: addr=0x50000944, put=0x8000000, get=0x944
[W : RSXThread]: null cmd: addr=0x50000944, put=0x8000000, get=0x944
[W : RSXThread]: null cmd: addr=0x50000944, put=0x8000000, get=0x944
[W : RSXThread]: null cmd: addr=0x50000944, put=0x8000000, get=0x944
[W : RSXThread]: null cmd: addr=0x50000944, put=0x8000000, get=0x944
[W : RSXThread]: null cmd: addr=0x50000944, put=0x8000000, get=0x944
[W : RSXThread]: null cmd: addr=0x50000944, put=0x8000000, get=0x944
[W : RSXThread]: null cmd: addr=0x50000944, put=0x8000000, get=0x944
[W : RSXThread]: null cmd: addr=0x50000944, put=0x8000000, get=0x944
[W : RSXThread]: null cmd: addr=0x50000944, put=0x8000000, get=0x944
[W : RSXThread]: null cmd: addr=0x50000944, put=0x8000000, get=0x944
[W : RSXThread]: null cmd: addr=0x50000944, put=0x8000000, get=0x944
[W : RSXThread]: null cmd: addr=0x50000944, put=0x8000000, get=0x944
[W : RSXThread]: null cmd: addr=0x50000944, put=0x8000000, get=0x944
[W : RSXThread]: null cmd: addr=0x50000944, put=0x8000000, get=0x944
[W : RSXThread]: null cmd: addr=0x50000944, put=0x8000000, get=0x944
[W : RSXThread]: null cmd: addr=0x50000944, put=0x8000000, get=0x944
[W : RSXThread]: null cmd: addr=0x50000944, put=0x8000000, get=0x944
[W : RSXThread]: null cmd: addr=0x50000944, put=0x8000000, get=0x944
[W : RSXThread]: null cmd: addr=0x50000944, put=0x8000000, get=0x944
[W : RSXThread]: null cmd: addr=0x50000944, put=0x8000000, get=0x944
[W : RSXThread]: null cmd: addr=0x50000944, put=0x8000000, get=0x944
[W : RSXThread]: null cmd: addr=0x50000944, put=0x8000000, get=0x944
[W : RSXThread]: null cmd: addr=0x50000944, put=0x8000000, get=0x944
[W : RSXThread]: null cmd: addr=0x50000944, put=0x8000000, get=0x944
[W : RSXThread]: null cmd: addr=0x50000944, put=0x8000000, get=0x944
[W : RSXThread]: null cmd: addr=0x50000944, put=0x8000000, get=0x944
[W : RSXThread]: null cmd: addr=0x50000944, put=0x8000000, get=0x944
[W : RSXThread]: null cmd: addr=0x50000944, put=0x8000000, get=0x944
[W : RSXThread]: null cmd: addr=0x50000944, put=0x8000000, get=0x944
[W : RSXThread]: null cmd: addr=0x50000944, put=0x8000000, get=0x944
[W : RSXThread]: null cmd: addr=0x50000944, put=0x8000000, get=0x944
[W : RSXThread]: null cmd: addr=0x50000944, put=0x8000000, get=0x944
[W : RSXThread]: null cmd: addr=0x50000944, put=0x8000000, get=0x944
[W : RSXThread]: null cmd: addr=0x50000944, put=0x8000000, get=0x944
[W : RSXThread]: null cmd: addr=0x50000944, put=0x8000000, get=0x944
[W : RSXThread]: null cmd: addr=0x50000944, put=0x8000000, get=0x944
[W : RSXThread]: null cmd: addr=0x50000944, put=0x8000000, get=0x944
[W : RSXThread]: null cmd: addr=0x50000944, put=0x8000000, get=0x944
[W : RSXThread]: null cmd: addr=0x50000944, put=0x8000000, get=0x944
[W : RSXThread]: null cmd: addr=0x50000944, put=0x8000000, get=0x944
[W : RSXThread]: null cmd: addr=0x50000944, put=0x8000000, get=0x944
[W : RSXThread]: null cmd: addr=0x50000944, put=0x8000000, get=0x944
[W : RSXThread]: null cmd: addr=0x50000944, put=0x8000000, get=0x944
[W : RSXThread]: null cmd: addr=0x50000944, put=0x8000000, get=0x944
[W : RSXThread]: null cmd: addr=0x50000944, put=0x8000000, get=0x944
[W : RSXThread]: null cmd: addr=0x50000944, put=0x8000000, get=0x944
[W : RSXThread]: null cmd: addr=0x50000944, put=0x8000000, get=0x944
[W : RSXThread]: null cmd: addr=0x50000944, put=0x8000000, get=0x944
[W : RSXThread]: null cmd: addr=0x50000944, put=0x8000000, get=0x944
[W : RSXThread]: null cmd: addr=0x50000944, put=0x8000000, get=0x944
[W : RSXThread]: null cmd: addr=0x50000944, put=0x8000000, get=0x944
[W : RSXThread]: null cmd: addr=0x50000944, put=0x8000000, get=0x944
[W : RSXThread]: null cmd: addr=0x50000944, put=0x8000000, get=0x944
[W : RSXThread]: null cmd: addr=0x50000944, put=0x8000000, get=0x944
[W : RSXThread]: null cmd: addr=0x50000944, put=0x8000000, get=0x944
[W : RSXThread]: null cmd: addr=0x50000944, put=0x8000000, get=0x944
[W : RSXThread]: null cmd: addr=0x50000944, put=0x8000000, get=0x944
[W : RSXThread]: null cmd: addr=0x50000944, put=0x8000000, get=0x944
[W : RSXThread]: null cmd: addr=0x50000944, put=0x8000000, get=0x944
[W : RSXThread]: null cmd: addr=0x50000944, put=0x8000000, get=0x944
[W : RSXThread]: null cmd: addr=0x50000944, put=0x8000000, get=0x944
[W : RSXThread]: null cmd: addr=0x50000944, put=0x8000000, get=0x944
[W : RSXThread]: null cmd: addr=0x50000944, put=0x8000000, get=0x944
[W : RSXThread]: null cmd: addr=0x50000944, put=0x8000000, get=0x944
[W : RSXThread]: null cmd: addr=0x50000944, put=0x8000000, get=0x944
[W : RSXThread]: null cmd: addr=0x50000944, put=0x8000000, get=0x944
[W : RSXThread]: null cmd: addr=0x50000944, put=0x8000000, get=0x944
[W : RSXThread]: null cmd: addr=0x50000944, put=0x8000000, get=0x944
[W : RSXThread]: null cmd: addr=0x50000944, put=0x8000000, get=0x944
[W : RSXThread]: null cmd: addr=0x50000944, put=0x8000000, get=0x944
[W : RSXThread]: null cmd: addr=0x50000944, put=0x8000000, get=0x944
[W : RSXThread]: null cmd: addr=0x50000944, put=0x8000000, get=0x944
[W : RSXThread]: null cmd: addr=0x50000944, put=0x8000000, get=0x944
[W : RSXThread]: null cmd: addr=0x50000944, put=0x8000000, get=0x944
[W : RSXThread]: null cmd: addr=0x50000944, put=0x8000000, get=0x944
[E : PPU[85] Thread (_cellsurMixerMain)[0x0055b0c4]]: TODO: cellSailSoundAdapterGetFrame
[W : RSXThread]: null cmd: addr=0x50000944, put=0x8000000, get=0x944
[W : RSXThread]: null cmd: addr=0x50000944, put=0x8000000, get=0x944
[W : RSXThread]: null cmd: addr=0x50000944, put=0x8000000, get=0x944
[W : RSXThread]: null cmd: addr=0x50000944, put=0x8000000, get=0x944
[W : RSXThread]: null cmd: addr=0x50000944, put=0x8000000, get=0x944
[W : RSXThread]: null cmd: addr=0x50000944, put=0x8000000, get=0x944
[W : RSXThread]: null cmd: addr=0x50000944, put=0x8000000, get=0x944
[W : RSXThread]: null cmd: addr=0x50000944, put=0x8000000, get=0x944
[W : RSXThread]: null cmd: addr=0x50000944, put=0x8000000, get=0x944
[W : RSXThread]: null cmd: addr=0x50000944, put=0x8000000, get=0x944
[W : RSXThread]: null cmd: addr=0x50000944, put=0x8000000, get=0x944
[W : RSXThread]: null cmd: addr=0x50000944, put=0x8000000, get=0x944
[W : RSXThread]: null cmd: addr=0x50000944, put=0x8000000, get=0x944
[W : RSXThread]: null cmd: addr=0x50000944, put=0x8000000, get=0x944
[W : RSXThread]: null cmd: addr=0x50000944, put=0x8000000, get=0x944
[W : RSXThread]: null cmd: addr=0x50000944, put=0x8000000, get=0x944
[W : RSXThread]: null cmd: addr=0x50000944, put=0x8000000, get=0x944
[W : RSXThread]: null cmd: addr=0x50000944, put=0x8000000, get=0x944
[W : RSXThread]: null cmd: addr=0x50000944, put=0x8000000, get=0x944
[W : RSXThread]: null cmd: addr=0x50000944, put=0x8000000, get=0x944
[W : RSXThread]: null cmd: addr=0x50000944, put=0x8000000, get=0x944
[W : RSXThread]: null cmd: addr=0x50000944, put=0x8000000, get=0x944
[W : RSXThread]: null cmd: addr=0x50000944, put=0x8000000, get=0x944
[W : RSXThread]: null cmd: addr=0x50000944, put=0x8000000, get=0x944
[W : RSXThread]: null cmd: addr=0x50000944, put=0x8000000, get=0x944
[W : RSXThread]: null cmd: addr=0x50000944, put=0x8000000, get=0x944
[W : RSXThread]: null cmd: addr=0x50000944, put=0x8000000, get=0x944
[W : RSXThread]: null cmd: addr=0x50000944, put=0x8000000, get=0x944
[W : RSXThread]: null cmd: addr=0x50000944, put=0x8000000, get=0x944
[W : RSXThread]: null cmd: addr=0x50000944, put=0x8000000, get=0x944
[W : RSXThread]: null cmd: addr=0x50000944, put=0x8000000, get=0x944
[W : RSXThread]: null cmd: addr=0x50000944, put=0x8000000, get=0x944
[W : RSXThread]: null cmd: addr=0x50000944, put=0x8000000, get=0x944
[W : RSXThread]: null cmd: addr=0x50000944, put=0x8000000, get=0x944
[W : RSXThread]: null cmd: addr=0x50000944, put=0x8000000, get=0x944
[W : RSXThread]: null cmd: addr=0x50000944, put=0x8000000, get=0x944
[W : RSXThread]: null cmd: addr=0x50000944, put=0x8000000, get=0x944
[W : RSXThread]: null cmd: addr=0x50000944, put=0x8000000, get=0x944
[W : RSXThread]: null cmd: addr=0x50000944, put=0x8000000, get=0x944
[W : RSXThread]: null cmd: addr=0x50000944, put=0x8000000, get=0x944
[W : RSXThread]: null cmd: addr=0x50000944, put=0x8000000, get=0x944
[W : RSXThread]: null cmd: addr=0x50000944, put=0x8000000, get=0x944
[W : RSXThread]: null cmd: addr=0x50000944, put=0x8000000, get=0x944
[W : RSXThread]: null cmd: addr=0x50000944, put=0x8000000, get=0x944
[W : RSXThread]: null cmd: addr=0x50000944, put=0x8000000, get=0x944
[W : RSXThread]: null cmd: addr=0x50000944, put=0x8000000, get=0x944
[W : RSXThread]: null cmd: addr=0x50000944, put=0x8000000, get=0x944
[W : RSXThread]: null cmd: addr=0x50000944, put=0x8000000, get=0x944
[W : RSXThread]: null cmd: addr=0x50000944, put=0x8000000, get=0x944
[W : RSXThread]: null cmd: addr=0x50000944, put=0x8000000, get=0x944
[W : RSXThread]: null cmd: addr=0x50000944, put=0x8000000, get=0x944
[W : RSXThread]: null cmd: addr=0x50000944, put=0x8000000, get=0x944
[W : RSXThread]: null cmd: addr=0x50000944, put=0x8000000, get=0x944
[W : RSXThread]: null cmd: addr=0x50000944, put=0x8000000, get=0x944
[W : RSXThread]: null cmd: addr=0x50000944, put=0x8000000, get=0x944
[W : RSXThread]: null cmd: addr=0x50000944, put=0x8000000, get=0x944
[W : RSXThread]: null cmd: addr=0x50000944, put=0x8000000, get=0x944
[W : RSXThread]: null cmd: addr=0x50000944, put=0x8000000, get=0x944
[W : RSXThread]: null cmd: addr=0x50000944, put=0x8000000, get=0x944
[W : RSXThread]: null cmd: addr=0x50000944, put=0x8000000, get=0x944
[W : RSXThread]: null cmd: addr=0x50000944, put=0x8000000, get=0x944
[W : RSXThread]: null cmd: addr=0x50000944, put=0x8000000, get=0x944
[W : RSXThread]: null cmd: addr=0x50000944, put=0x8000000, get=0x944
[W : RSXThread]: null cmd: addr=0x50000944, put=0x8000000, get=0x944
[W : RSXThread]: null cmd: addr=0x50000944, put=0x8000000, get=0x944
[W : RSXThread]: null cmd: addr=0x50000944, put=0x8000000, get=0x944
[W : RSXThread]: null cmd: addr=0x50000944, put=0x8000000, get=0x944
[W : RSXThread]: null cmd: addr=0x50000944, put=0x8000000, get=0x944
[W : RSXThread]: null cmd: addr=0x50000944, put=0x8000000, get=0x944
[W : RSXThread]: null cmd: addr=0x50000944, put=0x8000000, get=0x944
[W : RSXThread]: null cmd: addr=0x50000944, put=0x8000000, get=0x944
[W : RSXThread]: null cmd: addr=0x50000944, put=0x8000000, get=0x944
[W : RSXThread]: null cmd: addr=0x50000944, put=0x8000000, get=0x944
[W : RSXThread]: null cmd: addr=0x50000944, put=0x8000000, get=0x944
[W : RSXThread]: null cmd: addr=0x50000944, put=0x8000000, get=0x944
[W : RSXThread]: null cmd: addr=0x50000944, put=0x8000000, get=0x944
[W : RSXThread]: null cmd: addr=0x50000944, put=0x8000000, get=0x944
[W : RSXThread]: null cmd: addr=0x50000944, put=0x8000000, get=0x944
[W : RSXThread]: null cmd: addr=0x50000944, put=0x8000000, get=0x944
[W : RSXThread]: null cmd: addr=0x50000944, put=0x8000000, get=0x944
[W : RSXThread]: null cmd: addr=0x50000944, put=0x8000000, get=0x944
[W : RSXThread]: null cmd: addr=0x50000944, put=0x8000000, get=0x944
[W : RSXThread]: null cmd: addr=0x50000944, put=0x8000000, get=0x944
[W : RSXThread]: null cmd: addr=0x50000944, put=0x8000000, get=0x944
[W : RSXThread]: null cmd: addr=0x50000944, put=0x8000000, get=0x944
[W : RSXThread]: null cmd: addr=0x50000944, put=0x8000000, get=0x944
[W : RSXThread]: null cmd: addr=0x50000944, put=0x8000000, get=0x944
[W : RSXThread]: null cmd: addr=0x50000944, put=0x8000000, get=0x944
[W : RSXThread]: null cmd: addr=0x50000944, put=0x8000000, get=0x944
[W : RSXThread]: null cmd: addr=0x50000944, put=0x8000000, get=0x944
[W : RSXThread]: null cmd: addr=0x50000944, put=0x8000000, get=0x944
[W : RSXThread]: null cmd: addr=0x50000944, put=0x8000000, get=0x944
[W : RSXThread]: null cmd: addr=0x50000944, put=0x8000000, get=0x944
[W : RSXThread]: null cmd: addr=0x50000944, put=0x8000000, get=0x944
[W : RSXThread]: null cmd: addr=0x50000944, put=0x8000000, get=0x944
[W : RSXThread]: null cmd: addr=0x50000944, put=0x8000000, get=0x944
[W : RSXThread]: null cmd: addr=0x50000944, put=0x8000000, get=0x944
[W : RSXThread]: null cmd: addr=0x50000944, put=0x8000000, get=0x944
[W : RSXThread]: null cmd: addr=0x50000944, put=0x8000000, get=0x944
[W : RSXThread]: null cmd: addr=0x50000944, put=0x8000000, get=0x944
[W : RSXThread]: null cmd: addr=0x50000944, put=0x8000000, get=0x944
[W : RSXThread]: null cmd: addr=0x50000944, put=0x8000000, get=0x944
[W : RSXThread]: null cmd: addr=0x50000944, put=0x8000000, get=0x944
[W : RSXThread]: null cmd: addr=0x50000944, put=0x8000000, get=0x944
[W : RSXThread]: null cmd: addr=0x50000944, put=0x8000000, get=0x944
[W : RSXThread]: null cmd: addr=0x50000944, put=0x8000000, get=0x944
[W : RSXThread]: null cmd: addr=0x50000944, put=0x8000000, get=0x944
[W : RSXThread]: null cmd: addr=0x50000944, put=0x8000000, get=0x944
[W : RSXThread]: null cmd: addr=0x50000944, put=0x8000000, get=0x944
[W : RSXThread]: null cmd: addr=0x50000944, put=0x8000000, get=0x944
[W : RSXThread]: null cmd: addr=0x50000944, put=0x8000000, get=0x944
[W : RSXThread]: null cmd: addr=0x50000944, put=0x8000000, get=0x944
[W : RSXThread]: null cmd: addr=0x50000944, put=0x8000000, get=0x944
[W : RSXThread]: null cmd: addr=0x50000944, put=0x8000000, get=0x944
[W : RSXThread]: null cmd: addr=0x50000944, put=0x8000000, get=0x944
[W : RSXThread]: null cmd: addr=0x50000944, put=0x8000000, get=0x944
[W : RSXThread]: null cmd: addr=0x50000944, put=0x8000000, get=0x944
[W : RSXThread]: null cmd: addr=0x50000944, put=0x8000000, get=0x944
[W : RSXThread]: null cmd: addr=0x50000944, put=0x8000000, get=0x944
[W : RSXThread]: null cmd: addr=0x50000944, put=0x8000000, get=0x944
[W : RSXThread]: null cmd: addr=0x50000944, put=0x8000000, get=0x944
[W : RSXThread]: null cmd: addr=0x50000944, put=0x8000000, get=0x944
[W : RSXThread]: null cmd: addr=0x50000944, put=0x8000000, get=0x944
[W : RSXThread]: null cmd: addr=0x50000944, put=0x8000000, get=0x944
[W : RSXThread]: null cmd: addr=0x50000944, put=0x8000000, get=0x944
[W : RSXThread]: null cmd: addr=0x50000944, put=0x8000000, get=0x944
[W : RSXThread]: null cmd: addr=0x50000944, put=0x8000000, get=0x944
[W : RSXThread]: null cmd: addr=0x50000944, put=0x8000000, get=0x944
[W : RSXThread]: null cmd: addr=0x50000944, put=0x8000000, get=0x944
[W : RSXThread]: null cmd: addr=0x50000944, put=0x8000000, get=0x944
[W : RSXThread]: null cmd: addr=0x50000944, put=0x8000000, get=0x944
[W : RSXThread]: null cmd: addr=0x50000944, put=0x8000000, get=0x944
[W : RSXThread]: null cmd: addr=0x50000944, put=0x8000000, get=0x944
[W : RSXThread]: null cmd: addr=0x50000944, put=0x8000000, get=0x944
[W : RSXThread]: null cmd: addr=0x50000944, put=0x8000000, get=0x944
[W : RSXThread]: null cmd: addr=0x50000944, put=0x8000000, get=0x944
[W : RSXThread]: null cmd: addr=0x50000944, put=0x8000000, get=0x944
[W : RSXThread]: null cmd: addr=0x50000944, put=0x8000000, get=0x944
[W : RSXThread]: null cmd: addr=0x50000944, put=0x8000000, get=0x944
[W : RSXThread]: null cmd: addr=0x50000944, put=0x8000000, get=0x944
[W : RSXThread]: null cmd: addr=0x50000944, put=0x8000000, get=0x944
[W : RSXThread]: null cmd: addr=0x50000944, put=0x8000000, get=0x944
[W : RSXThread]: null cmd: addr=0x50000944, put=0x8000000, get=0x944
[W : RSXThread]: null cmd: addr=0x50000944, put=0x8000000, get=0x944
[W : RSXThread]: null cmd: addr=0x50000944, put=0x8000000, get=0x944
[W : RSXThread]: null cmd: addr=0x50000944, put=0x8000000, get=0x944
[W : RSXThread]: null cmd: addr=0x50000944, put=0x8000000, get=0x944
[W : RSXThread]: null cmd: addr=0x50000944, put=0x8000000, get=0x944
[W : RSXThread]: null cmd: addr=0x50000944, put=0x8000000, get=0x944
[W : RSXThread]: null cmd: addr=0x50000944, put=0x8000000, get=0x944
[W : RSXThread]: null cmd: addr=0x50000944, put=0x8000000, get=0x944
[W : RSXThread]: null cmd: addr=0x50000944, put=0x8000000, get=0x944
[W : RSXThread]: null cmd: addr=0x50000944, put=0x8000000, get=0x944
[W : RSXThread]: null cmd: addr=0x50000944, put=0x8000000, get=0x944
[W : RSXThread]: null cmd: addr=0x50000944, put=0x8000000, get=0x944
[W : RSXThread]: null cmd: addr=0x50000944, put=0x8000000, get=0x944
[E : PPU[85] Thread (_cellsurMixerMain)[0x0055b0c4]]: TODO: cellSailSoundAdapterGetFrame
[W : RSXThread]: null cmd: addr=0x50000944, put=0x8000000, get=0x944
[W : RSXThread]: null cmd: addr=0x50000944, put=0x8000000, get=0x944
[W : RSXThread]: null cmd: addr=0x50000944, put=0x8000000, get=0x944
[W : RSXThread]: null cmd: addr=0x50000944, put=0x8000000, get=0x944
[W : RSXThread]: null cmd: addr=0x50000944, put=0x8000000, get=0x944
[W : RSXThread]: null cmd: addr=0x50000944, put=0x8000000, get=0x944
[W : RSXThread]: null cmd: addr=0x50000944, put=0x8000000, get=0x944
[W : RSXThread]: null cmd: addr=0x50000944, put=0x8000000, get=0x944
[W : RSXThread]: null cmd: addr=0x50000944, put=0x8000000, get=0x944
[W : RSXThread]: null cmd: addr=0x50000944, put=0x8000000, get=0x944
[W : RSXThread]: null cmd: addr=0x50000944, put=0x8000000, get=0x944
[W : RSXThread]: null cmd: addr=0x50000944, put=0x8000000, get=0x944
[W : RSXThread]: null cmd: addr=0x50000944, put=0x8000000, get=0x944
[W : RSXThread]: null cmd: addr=0x50000944, put=0x8000000, get=0x944
[W : RSXThread]: null cmd: addr=0x50000944, put=0x8000000, get=0x944
[W : RSXThread]: null cmd: addr=0x50000944, put=0x8000000, get=0x944
[W : RSXThread]: null cmd: addr=0x50000944, put=0x8000000, get=0x944
[W : RSXThread]: null cmd: addr=0x50000944, put=0x8000000, get=0x944
[W : RSXThread]: null cmd: addr=0x50000944, put=0x8000000, get=0x944
[W : RSXThread]: null cmd: addr=0x50000944, put=0x8000000, get=0x944
[W : RSXThread]: null cmd: addr=0x50000944, put=0x8000000, get=0x944
[W : RSXThread]: null cmd: addr=0x50000944, put=0x8000000, get=0x944
[W : RSXThread]: null cmd: addr=0x50000944, put=0x8000000, get=0x944
[W : RSXThread]: null cmd: addr=0x50000944, put=0x8000000, get=0x944
[W : RSXThread]: null cmd: addr=0x50000944, put=0x8000000, get=0x944
[W : RSXThread]: null cmd: addr=0x50000944, put=0x8000000, get=0x944
[W : RSXThread]: null cmd: addr=0x50000944, put=0x8000000, get=0x944
[W : RSXThread]: null cmd: addr=0x50000944, put=0x8000000, get=0x944
[W : RSXThread]: null cmd: addr=0x50000944, put=0x8000000, get=0x944
[W : RSXThread]: null cmd: addr=0x50000944, put=0x8000000, get=0x944
[W : RSXThread]: null cmd: addr=0x50000944, put=0x8000000, get=0x944
[W : RSXThread]: null cmd: addr=0x50000944, put=0x8000000, get=0x944
[W : RSXThread]: null cmd: addr=0x50000944, put=0x8000000, get=0x944
[W : RSXThread]: null cmd: addr=0x50000944, put=0x8000000, get=0x944
[W : RSXThread]: null cmd: addr=0x50000944, put=0x8000000, get=0x944
[W : RSXThread]: null cmd: addr=0x50000944, put=0x8000000, get=0x944
[W : RSXThread]: null cmd: addr=0x50000944, put=0x8000000, get=0x944
[W : RSXThread]: null cmd: addr=0x50000944, put=0x8000000, get=0x944
[W : RSXThread]: null cmd: addr=0x50000944, put=0x8000000, get=0x944
[W : RSXThread]: null cmd: addr=0x50000944, put=0x8000000, get=0x944
[W : RSXThread]: null cmd: addr=0x50000944, put=0x8000000, get=0x944
[W : RSXThread]: null cmd: addr=0x50000944, put=0x8000000, get=0x944
[W : RSXThread]: null cmd: addr=0x50000944, put=0x8000000, get=0x944
[W : RSXThread]: null cmd: addr=0x50000944, put=0x8000000, get=0x944
[W : RSXThread]: null cmd: addr=0x50000944, put=0x8000000, get=0x944
[W : RSXThread]: null cmd: addr=0x50000944, put=0x8000000, get=0x944
[W : RSXThread]: null cmd: addr=0x50000944, put=0x8000000, get=0x944
[W : RSXThread]: null cmd: addr=0x50000944, put=0x8000000, get=0x944
[W : RSXThread]: null cmd: addr=0x50000944, put=0x8000000, get=0x944
[W : RSXThread]: null cmd: addr=0x50000944, put=0x8000000, get=0x944
[W : RSXThread]: null cmd: addr=0x50000944, put=0x8000000, get=0x944
[W : RSXThread]: null cmd: addr=0x50000944, put=0x8000000, get=0x944
[W : RSXThread]: null cmd: addr=0x50000944, put=0x8000000, get=0x944
[W : RSXThread]: null cmd: addr=0x50000944, put=0x8000000, get=0x944
[W : RSXThread]: null cmd: addr=0x50000944, put=0x8000000, get=0x944
[W : RSXThread]: null cmd: addr=0x50000944, put=0x8000000, get=0x944
[W : RSXThread]: null cmd: addr=0x50000944, put=0x8000000, get=0x944
[W : RSXThread]: null cmd: addr=0x50000944, put=0x8000000, get=0x944
[W : RSXThread]: null cmd: addr=0x50000944, put=0x8000000, get=0x944
[W : RSXThread]: null cmd: addr=0x50000944, put=0x8000000, get=0x944
[W : RSXThread]: null cmd: addr=0x50000944, put=0x8000000, get=0x944
[W : RSXThread]: null cmd: addr=0x50000944, put=0x8000000, get=0x944
[W : RSXThread]: null cmd: addr=0x50000944, put=0x8000000, get=0x944
[W : RSXThread]: null cmd: addr=0x50000944, put=0x8000000, get=0x944
[W : RSXThread]: null cmd: addr=0x50000944, put=0x8000000, get=0x944
[W : RSXThread]: null cmd: addr=0x50000944, put=0x8000000, get=0x944
[W : RSXThread]: null cmd: addr=0x50000944, put=0x8000000, get=0x944
[W : RSXThread]: null cmd: addr=0x50000944, put=0x8000000, get=0x944
[W : RSXThread]: null cmd: addr=0x50000944, put=0x8000000, get=0x944
[W : RSXThread]: null cmd: addr=0x50000944, put=0x8000000, get=0x944
[W : RSXThread]: null cmd: addr=0x50000944, put=0x8000000, get=0x944
[W : RSXThread]: null cmd: addr=0x50000944, put=0x8000000, get=0x944
[W : RSXThread]: null cmd: addr=0x50000944, put=0x8000000, get=0x944
[W : RSXThread]: null cmd: addr=0x50000944, put=0x8000000, get=0x944
[W : RSXThread]: null cmd: addr=0x50000944, put=0x8000000, get=0x944
[W : RSXThread]: null cmd: addr=0x50000944, put=0x8000000, get=0x944
[W : RSXThread]: null cmd: addr=0x50000944, put=0x8000000, get=0x944
[W : RSXThread]: null cmd: addr=0x50000944, put=0x8000000, get=0x944
[W : RSXThread]: null cmd: addr=0x50000944, put=0x8000000, get=0x944
[W : RSXThread]: null cmd: addr=0x50000944, put=0x8000000, get=0x944
[W : RSXThread]: null cmd: addr=0x50000944, put=0x8000000, get=0x944
[W : RSXThread]: null cmd: addr=0x50000944, put=0x8000000, get=0x944
[W : RSXThread]: null cmd: addr=0x50000944, put=0x8000000, get=0x944
[W : RSXThread]: null cmd: addr=0x50000944, put=0x8000000, get=0x944
[W : RSXThread]: null cmd: addr=0x50000944, put=0x8000000, get=0x944
[W : RSXThread]: null cmd: addr=0x50000944, put=0x8000000, get=0x944
[W : RSXThread]: null cmd: addr=0x50000944, put=0x8000000, get=0x944
[W : RSXThread]: null cmd: addr=0x50000944, put=0x8000000, get=0x944
[W : RSXThread]: null cmd: addr=0x50000944, put=0x8000000, get=0x944
[W : RSXThread]: null cmd: addr=0x50000944, put=0x8000000, get=0x944
[W : RSXThread]: null cmd: addr=0x50000944, put=0x8000000, get=0x944
[W : RSXThread]: null cmd: addr=0x50000944, put=0x8000000, get=0x944
[W : RSXThread]: null cmd: addr=0x50000944, put=0x8000000, get=0x944
[W : RSXThread]: null cmd: addr=0x50000944, put=0x8000000, get=0x944
[W : RSXThread]: null cmd: addr=0x50000944, put=0x8000000, get=0x944
[W : RSXThread]: null cmd: addr=0x50000944, put=0x8000000, get=0x944
[W : RSXThread]: null cmd: addr=0x50000944, put=0x8000000, get=0x944
[W : RSXThread]: null cmd: addr=0x50000944, put=0x8000000, get=0x944
[W : RSXThread]: null cmd: addr=0x50000944, put=0x8000000, get=0x944
[W : RSXThread]: null cmd: addr=0x50000944, put=0x8000000, get=0x944
[W : RSXThread]: null cmd: addr=0x50000944, put=0x8000000, get=0x944
[W : RSXThread]: null cmd: addr=0x50000944, put=0x8000000, get=0x944
[W : RSXThread]: null cmd: addr=0x50000944, put=0x8000000, get=0x944
[W : RSXThread]: null cmd: addr=0x50000944, put=0x8000000, get=0x944
[W : RSXThread]: null cmd: addr=0x50000944, put=0x8000000, get=0x944
[W : RSXThread]: null cmd: addr=0x50000944, put=0x8000000, get=0x944
[W : RSXThread]: null cmd: addr=0x50000944, put=0x8000000, get=0x944
[W : PPU[103] Thread (  0: GameTask)[0x000a26e8]]: sys_event_flag_wait(id=98) aborted
[W : Audio Thread]: Audio aborted
[W : PPU[82] Thread (_sys_mixerSurBusReq)[0x000b21fc]]: sys_cond_wait(id=77) aborted
[W : PPU[106] Thread (  1: GameTask2)[0x000a26e8]]: sys_event_flag_wait(id=99) aborted
[W : PPU[74] Thread (_sys_MixerChStripMain)[0x000b841c]]: sys_cond_wait(id=73) aborted
[W : PPU[96] Thread (SND3 Thread)[0x000c25d4]]: sys_event_queue_receive(equeue=93) aborted
[! : RSXThread]: RSX thread exit...
[!]: Closing memory...
