[!]: path: /dev_hdd0/game/
[!]: Loading 'D:\Emulateurs\Rpcs3\dev_hdd0\game\BLJS10174-[Accel World Awakening of the Silver Sky]/PS3_GAME/USRDIR/BOOT.BIN'...
[!]: Mount info:
[!]: /dev_hdd0/ -> D:\Emulateurs\Rpcs3\dev_hdd0\
[!]: /dev_hdd1/ -> D:\Emulateurs\Rpcs3\dev_hdd1\
[!]: /dev_flash/ -> D:\Emulateurs\Rpcs3\dev_flash\
[!]: /dev_usb000/ -> D:\Emulateurs\Rpcs3\dev_usb000\
[!]: /dev_usb/ -> D:\Emulateurs\Rpcs3\dev_usb000\
[!]: /app_home/ -> D:\Emulateurs\Rpcs3\dev_hdd0\game\BLJS10174-[Accel World Awakening of the Silver Sky]/PS3_GAME/\USRDIR\
[!]: /dev_bdvd/ -> D:\Emulateurs\Rpcs3\dev_hdd0\game\BLJS10174-[Accel World Awakening of the Silver Sky]/PS3_GAME/\..\
[!]: /host_root/ -> 
[!]: ///resource/ -> D:\Emulateurs\Rpcs3\dev_hdd0\game\BLJS10174-[Accel World Awakening of the Silver Sky]/PS3_GAME/\USRDIR\resource\
[!]: /app_home/Game/PS3_GAME/USRDIR/ -> D:\Emulateurs\Rpcs3\dev_hdd0\game\BLJS10174-[Accel World Awakening of the Silver Sky]/PS3_GAME/\USRDIR\
[!]: /app_home/PS3_GAME/USRDIR/media/ -> D:\Emulateurs\Rpcs3\dev_hdd0\game\BLJS10174-[Accel World Awakening of the Silver Sky]/PS3_GAME/\USRDIR\media\
[!]: /Data/ -> D:\Emulateurs\Rpcs3\dev_hdd0\game\BLJS10174-[Accel World Awakening of the Silver Sky]/PS3_GAME/\USRDIR\Data\
[!]: / -> D:\Emulateurs\Rpcs3\dev_hdd0\game\BLJS10174-[Accel World Awakening of the Silver Sky]/PS3_GAME/\USRDIR\
[!]: /USRDIR/PS3_GAME/USRDIR/Data/ -> D:\Emulateurs\Rpcs3\dev_hdd0\game\BLJS10174-[Accel World Awakening of the Silver Sky]/PS3_GAME/\USRDIR\Data\
[!]: /app_home//dev_bdvd/PS3_GAME/USRDIR/data/gos/ -> D:\Emulateurs\Rpcs3\dev_hdd0\game\BLJS10174-[Accel World Awakening of the Silver Sky]/PS3_GAME/\USRDIR\
[!]: BD/ -> D:\Emulateurs\Rpcs3\dev_hdd0\game\BLJS10174-[Accel World Awakening of the Silver Sky]/PS3_GAME/\USRDIR\
[!]: Initing memory...
[!]: Memory initialized.
[W]: Unknown function 0x967a162b in 'sys_fs' module
[E]: TODO: cellFsFsync
[W]: Unknown function 0x99d397ac in 'cellGcmSys' module
[E]: TODO: cellGcmGetReport
[W]: Unknown function 0x2aae9ef5 in 'cellSysutil' module
[E]: TODO: cellSaveDataFixedSave2
[W]: Unknown function 0x62b0f803 in 'cellSysutil' module
[E]: TODO: cellMsgDialogAbort
[W]: Unknown function 0x94862702 in 'cellSysutil' module
[E]: TODO: cellMsgDialogProgressBarInc
[W]: Unknown function 0x9d6af72a in 'cellSysutil' module
[E]: TODO: cellMsgDialogProgressBarSetMsg
[W]: Unknown function 0xe7fa820b in 'cellSysutil' module
[E]: TODO: cellSaveDataEnableOverlay
[W]: Unknown function 0xedadd797 in 'cellSysutil' module
[E]: TODO: cellSaveDataDelete2
[W]: Unknown function 0xfbd5c856 in 'cellSysutil' module
[E]: TODO: cellSaveDataAutoLoad2
[W]: Unknown function 0x220894e3 in 'cellSysutil' module
[E]: TODO: cellSysutilEnableBgmPlayback
[W]: Unknown function 0x6cfd856f in 'cellSysutil' module
[E]: TODO: cellSysutilGetBgmPlaybackStatus2
[W]: Unknown function 0xcfdd8e87 in 'cellSysutil' module
[E]: TODO: cellSysutilDisableBgmPlayback
[W]: Unknown function 0x33435818 in 'cellL10n' module
[E]: TODO: SJISstoUTF8s
[W]: Unknown function 0xdd5ebdeb in 'cellL10n' module
[E]: TODO: UTF8stoSJISs
[W]: Unknown function 0xf7681b9a in 'cellL10n' module
[E]: TODO: UTF8stoUTF16s
[W]: Unknown function 0x3929948d in 'cellSync' module
[E]: TODO: cellSyncQueueInitialize
[W]: Unknown function 0x4da349b2 in 'cellSync' module
[E]: TODO: cellSyncQueueSize
[W]: Unknown function 0x4da6d7e0 in 'cellSync' module
[E]: TODO: cellSyncQueuePop
[W]: Unknown function 0xa5362e73 in 'cellSync' module
[E]: TODO: cellSyncQueueClear
[W]: Unknown function 0x43ddab4f in 'cellSpursJq' module
[E]: TODO: cellSpursJobQueueAttributeInitialize
[W]: Unknown function 0x8c97a96c in 'cellSpursJq' module
[E]: TODO: cellSpursShutdownJobQueue
[W]: Unknown function 0x8ce4cffa in 'cellSpursJq' module
[E]: TODO: cellSpursJoinJobQueue
[W]: Unknown function 0x983be7fc in 'cellSpursJq' module
[E]: TODO: _cellSpursCreateJobQueueWithJobDescriptorPool
[W]: Unknown function 0xc39173a4 in 'cellSpursJq' module
[E]: TODO: _cellSpursJobQueuePort2CopyPushJobBody
[W]: Unknown function 0xc485d207 in 'cellSpursJq' module
[E]: TODO: cellSpursJobQueuePort2Destroy
[W]: Unknown function 0xcf89f218 in 'cellSpursJq' module
[E]: TODO: _cellSpursJobQueuePort2PushJobBody
[W]: Unknown function 0xf11fe0f1 in 'cellSpursJq' module
[E]: TODO: cellSpursJobQueuePort2Create
[W]: Unknown function 0xfacb3ced in 'cellSpursJq' module
[E]: TODO: cellSpursJobQueuePort2Sync
[W]: Unknown function 0x16394a4e in 'cellSpurs' module
[E]: TODO: _cellSpursTasksetAttributeInitialize
[W]: Unknown function 0x1d46fedf in 'cellSpurs' module
[E]: TODO: cellSpursCreateTaskWithAttribute
[W]: Unknown function 0x5ef96465 in 'cellSpurs' module
[E]: TODO: _cellSpursEventFlagInitialize
[W]: Unknown function 0x652b70e2 in 'cellSpurs' module
[E]: TODO: cellSpursTasksetAttributeSetName
[W]: Unknown function 0xb8474eff in 'cellSpurs' module
[E]: TODO: _cellSpursTaskAttributeInitialize
[W]: Unknown function 0xc10931cb in 'cellSpurs' module
[E]: TODO: cellSpursCreateTasksetWithAttribute
[W]: Unknown function 0xf5507729 in 'cellSpurs' module
[E]: TODO: cellSpursEventFlagSet
[W : PPU[1] Thread (CPUThread)[0x006d8034]]: sys_lwmutex warning: *** lwmutex created [_lc_mtx] (attribute=0x12): sq_id = 3
[W : PPU[1] Thread (CPUThread)[0x003f67e4]]: memory warning: sys_memory_get_user_memory_size(mem_info_addr=0xd0010c04)
[W : PPU[1] Thread (CPUThread)[0x006d8034]]: sys_lwmutex warning: *** lwmutex created [_lc_mtx] (attribute=0x12): sq_id = 4
[W : PPU[1] Thread (CPUThread)[0x006d8034]]: sys_lwmutex warning: *** lwmutex created [_lc_mtx] (attribute=0x12): sq_id = 5
[W : PPU[1] Thread (CPUThread)[0x006d8034]]: sys_lwmutex warning: *** lwmutex created [_lc_mtx] (attribute=0x12): sq_id = 6
[W : PPU[1] Thread (CPUThread)[0x006d8034]]: sys_lwmutex warning: *** lwmutex created [_lc_mtx] (attribute=0x12): sq_id = 7
[W : PPU[1] Thread (CPUThread)[0x006d8034]]: sys_lwmutex warning: *** lwmutex created [_lc_mtx] (attribute=0x12): sq_id = 8
[W : PPU[1] Thread (CPUThread)[0x006d8034]]: sys_lwmutex warning: *** lwmutex created [_lc_mtx] (attribute=0x12): sq_id = 9
[W : PPU[1] Thread (CPUThread)[0x006d8034]]: sys_lwmutex warning: *** lwmutex created [_lc_mtx] (attribute=0x12): sq_id = 10
[W : PPU[1] Thread (CPUThread)[0x006d8034]]: sys_lwmutex warning: *** lwmutex created [_lc_mtx] (attribute=0x12): sq_id = 11
[W : PPU[1] Thread (CPUThread)[0x006d8034]]: sys_lwmutex warning: *** lwmutex created [_lc_mtx] (attribute=0x12): sq_id = 12
[W : PPU[1] Thread (CPUThread)[0x006d8034]]: sys_lwmutex warning: *** lwmutex created [_lgcmtx] (attribute=0x12): sq_id = 13
[W : PPU[1] Thread (CPUThread)[0x006d8034]]: sys_lwmutex warning: *** lwmutex created [_lgcmtx] (attribute=0x12): sq_id = 14
[W : PPU[1] Thread (CPUThread)[0x006d8034]]: sys_lwmutex warning: *** lwmutex created [_lgcmtx] (attribute=0x22): sq_id = 15
[W : PPU[1] Thread (CPUThread)[0x006d8034]]: sys_lwmutex warning: *** lwmutex created [] (attribute=0x22): sq_id = 16
[W : PPU[1] Thread (CPUThread)[0x001eec14]]: sys_spu warning: sys_spu_initialize(max_usable_spu=6, max_raw_spu=1)
[W : PPU[1] Thread (CPUThread)[0x00628010]]: cellSysmodule warning: cellSysmoduleLoadModule(CELL_SYSMODULE_L10N)
[W : PPU[1] Thread (CPUThread)[0x00628010]]: cellSysmodule warning: cellSysmoduleLoadModule(CELL_SYSMODULE_FS)
[W : PPU[1] Thread (CPUThread)[0x00628010]]: cellSysmodule warning: cellSysmoduleLoadModule(CELL_SYSMODULE_RTC)
[W : PPU[1] Thread (CPUThread)[0x00628010]]: cellSysmodule warning: cellSysmoduleLoadModule(CELL_SYSMODULE_IO)
[W : PPU[1] Thread (CPUThread)[0x00628010]]: cellSysmodule warning: cellSysmoduleLoadModule(CELL_SYSMODULE_AUDIO)
[W : PPU[1] Thread (CPUThread)[0x00628010]]: cellSysmodule warning: cellSysmoduleLoadModule(CELL_SYSMODULE_FONT)
[W : PPU[1] Thread (CPUThread)[0x00628010]]: cellSysmodule warning: cellSysmoduleLoadModule(CELL_SYSMODULE_FREETYPE)
[W : PPU[1] Thread (CPUThread)[0x00628010]]: cellSysmodule warning: cellSysmoduleLoadModule(CELL_SYSMODULE_FONTFT)
[W : PPU[1] Thread (CPUThread)[0x00628010]]: cellSysmodule warning: cellSysmoduleLoadModule(CELL_SYSMODULE_GCM_SYS)
[W : PPU[1] Thread (CPUThread)[0x00628010]]: cellSysmodule warning: cellSysmoduleLoadModule(CELL_SYSMODULE_USBD)
[W : PPU[1] Thread (CPUThread)[0x00628010]]: cellSysmodule warning: cellSysmoduleLoadModule(CELL_SYSMODULE_RESC)
[W : PPU[1] Thread (CPUThread)[0x00628010]]: cellSysmodule warning: cellSysmoduleLoadModule(CELL_SYSMODULE_SYSUTIL_OSK_EXT)
[W : PPU[1] Thread (CPUThread)[0x00628010]]: cellSysmodule warning: cellSysmoduleLoadModule(CELL_SYSMODULE_SYSUTIL_NP)
[W : PPU[1] Thread (CPUThread)[0x00628010]]: cellSysmodule warning: cellSysmoduleLoadModule(CELL_SYSMODULE_SYSUTIL_USERINFO)
[W : PPU[1] Thread (CPUThread)[0x00628010]]: cellSysmodule warning: cellSysmoduleLoadModule(CELL_SYSMODULE_SYSUTIL_GAME)
[W : PPU[1] Thread (CPUThread)[0x00628010]]: cellSysmodule warning: cellSysmoduleLoadModule(CELL_SYSMODULE_SYSUTIL_SCREENSHOT)
[W : PPU[1] Thread (CPUThread)[0x0062a040]]: cellSysutil warning: cellSysutilRegisterCallback(slot=2, func_addr=0x641ad8, userdata=0x0)
[W : PPU[1] Thread (CPUThread)[0x0062a040]]: cellSysutil warning: cellSysutilRegisterCallback(slot=0, func_addr=0x651580, userdata=0x30101914)
[W : PPU[1] Thread (CPUThread)[0x006260f4]]: cellGcmSys warning: cellGcmInitDefaultFifoMode(mode=1)
[W : PPU[1] Thread (CPUThread)[0x00626004]]: cellGcmSys warning: cellGcmInit(context_addr=0x67b7fc,cmdSize=0x40000,ioSize=0x4000000,ioAddress=0x30200000)
[W : PPU[1] Thread (CPUThread)[0x00626004]]: cellGcmSys warning: *** local memory(addr=0xc0000000, size=0xf900000)
[W : PPU[1] Thread (CPUThread)[0x00626004]]: cellGcmSys warning: cellGcmMapEaIoAddress(ea=0x30200000, io=0x0, size=0x4000000)
[! : RSXThread]: RSX thread entry
[W : PPU[1] Thread (CPUThread)[0x0062a0ac]]: cellSysutil warning: cellVideoOutGetNumberOfDevice(videoOut=0)
[W : PPU[1] Thread (CPUThread)[0x0062a0c4]]: cellSysutil warning: cellVideoOutGetResolutionAvailability(videoOut=0, resolutionId=0x2, option_addr=0x2, aspect=0x0, option=0x98f2a400)
[W : PPU[1] Thread (CPUThread)[0x0062a07c]]: cellSysutil warning: cellVideoOutConfigure(videoOut=0, config_addr=0xd0010850, option_addr=0x0, waitForEvent=0x0)
[W : PPU[1] Thread (CPUThread)[0x00626064]]: cellGcmSys warning: cellGcmSetFlipMode(mode=2)
[W : PPU[1] Thread (CPUThread)[0x006260b8]]: cellGcmSys warning: cellGcmSetDisplayBuffer(id=0x0,offset=0x0,pitch=4,width=1280,height=720)
[W : PPU[1] Thread (CPUThread)[0x006260b8]]: cellGcmSys warning: cellGcmSetDisplayBuffer(id=0x1,offset=0x384000,pitch=4,width=1280,height=720)
[W : PPU[1] Thread (CPUThread)[0x006260b8]]: cellGcmSys warning: cellGcmSetDisplayBuffer(id=0x2,offset=0x708000,pitch=4,width=1280,height=720)
[E : PPU[1] Thread (CPUThread)[0x006260dc]]: cellGcmSys error: Unimplemented function: cellGcmSetVBlankHandler
[W : PPU[1] Thread (CPUThread)[0x006260ac]]: cellGcmSys warning: cellGcmSetFlipHandler(handler_addr=6626488)
[E : RSXThread]: TODO: cellGcmSetTextureControl2(0x2dc8)
[E : RSXThread]: TODO: cellGcmSetTextureControl2(0x2dc8)
[E : RSXThread]: TODO: cellGcmSetTextureControl2(0x2dc8)
[E : RSXThread]: TODO: cellGcmSetTextureControl2(0x2dc8)
[E : RSXThread]: TODO: cellGcmSetTextureControl2(0x2dc8)
[E : RSXThread]: TODO: cellGcmSetTextureControl2(0x2dc8)
[E : RSXThread]: TODO: cellGcmSetTextureControl2(0x2dc8)
[E : RSXThread]: TODO: cellGcmSetTextureControl2(0x2dc8)
[E : PPU[1] Thread (CPUThread)[0x00626088]]: TODO: cellGcmGetReport
[E : PPU[1] Thread (CPUThread)[0x00626088]]: TODO: cellGcmGetReport
[E : RSXThread]: NV4097_GET_REPORT: bad type 2
[E : RSXThread]: NV4097_GET_REPORT: bad type 3
[W : PPU[1] Thread (CPUThread)[0x006d8034]]: sys_lwmutex warning: *** lwmutex created [_lc_mtx] (attribute=0x12): sq_id = 17
[W : PPU[1] Thread (CPUThread)[0x00624010]]: *** cellFsOpen(path="/dev_bdvd/PS3_GAME/USRDIR/init_ps3.dat"): fd = 18
[W : PPU[1] Thread (CPUThread)[0x00624004]]: sys_fs warning: cellFsClose(fd=18)
[W : PPU[1] Thread (CPUThread)[0x002e2f80]]: sys_mutex warning: *** mutex created [] (protocol=0x2, recursive=false): id = 19
[W : PPU[1] Thread (CPUThread)[0x006d6064]]: cellSpurs warning: _cellSpursAttributeInitialize(attr_addr=0xd0010210, nSpus=2, spuPriority=3342336, ppuPriority=1, exitIfNoWork=100)
[W : PPU[1] Thread (CPUThread)[0x006d6004]]: cellSpurs warning: cellSpursAttributeSetNamePrefix(attr_addr=0xd0010210, prefix_addr=0x5ab12c, size=0x8)
[W : PPU[1] Thread (CPUThread)[0x006d6088]]: cellSpurs warning: cellSpursInitializeWithAttribute(spurs_addr=0x367f7600, spurs_addr=0xd0010210)
[W : PPU[1] Thread (CPUThread)[0x0062801c]]: cellSysmodule warning: cellSysmoduleIsLoaded(CELL_SYSMODULE_SPURS_JQ)
[W : PPU[1] Thread (CPUThread)[0x00628010]]: cellSysmodule warning: cellSysmoduleLoadModule(CELL_SYSMODULE_SPURS_JQ)
[E : PPU[1] Thread (CPUThread)[0x006d2004]]: TODO: cellSyncQueueInitialize
[E : PPU[1] Thread (CPUThread)[0x006d4004]]: TODO: cellSpursJobQueueAttributeInitialize
[E : PPU[1] Thread (CPUThread)[0x006d4028]]: TODO: _cellSpursCreateJobQueueWithJobDescriptorPool
[E : PPU[1] Thread (CPUThread)[0x006d4058]]: TODO: cellSpursJobQueuePort2Create
[W : PPU[1] Thread (CPUThread)[0x006d8034]]: sys_lwmutex warning: *** lwmutex created [] (attribute=0x12): sq_id = 20
[W : PPU[1] Thread (CPUThread)[0x006d8034]]: sys_lwmutex warning: *** lwmutex created [] (attribute=0x12): sq_id = 21
[W : PPU[1] Thread (CPUThread)[0x006d8034]]: sys_lwmutex warning: *** lwmutex created [] (attribute=0x12): sq_id = 22
[W : PPU[1] Thread (CPUThread)[0x0036cfb4]]: sys_mutex warning: *** mutex created [] (protocol=0x2, recursive=true): id = 23
[W : PPU[1] Thread (CPUThread)[0x0036d00c]]: sys_cond warning: *** condition on recursive mutex(23)
[W : PPU[1] Thread (CPUThread)[0x0036d00c]]: sys_cond warning: *** condition created [] (mutex_id=23): id = 24
[! : PPU[1] Thread (CPUThread)[0x006d801c]]: *** New PPU Thread [CRI FS File Access 0] (): id = 25
[W : PPU[1] Thread (CPUThread)[0x003679f4]]: sysPrxForUser warning: sys_ppu_thread_set_priority(thread_id=25, prio=900)
[W : PPU[1] Thread (CPUThread)[0x006d8034]]: sys_lwmutex warning: *** lwmutex created [] (attribute=0x12): sq_id = 26
[W : PPU[1] Thread (CPUThread)[0x0036cfb4]]: sys_mutex warning: *** mutex created [] (protocol=0x2, recursive=true): id = 27
[W : PPU[1] Thread (CPUThread)[0x0036d00c]]: sys_cond warning: *** condition on recursive mutex(27)
[W : PPU[1] Thread (CPUThread)[0x0036d00c]]: sys_cond warning: *** condition created [] (mutex_id=27): id = 28
[! : PPU[1] Thread (CPUThread)[0x006d801c]]: *** New PPU Thread [CRI FS Memory File System] (): id = 29
[W : PPU[1] Thread (CPUThread)[0x003679f4]]: sysPrxForUser warning: sys_ppu_thread_set_priority(thread_id=29, prio=1100)
[W : PPU[1] Thread (CPUThread)[0x006d8034]]: sys_lwmutex warning: *** lwmutex created [] (attribute=0x12): sq_id = 30
[W : PPU[1] Thread (CPUThread)[0x0036cfb4]]: sys_mutex warning: *** mutex created [] (protocol=0x2, recursive=true): id = 31
[W : PPU[1] Thread (CPUThread)[0x0036d00c]]: sys_cond warning: *** condition on recursive mutex(31)
[W : PPU[1] Thread (CPUThread)[0x0036d00c]]: sys_cond warning: *** condition created [] (mutex_id=31): id = 32
[! : PPU[1] Thread (CPUThread)[0x006d801c]]: *** New PPU Thread [CRI FS File Access 1] (): id = 33
[W : PPU[1] Thread (CPUThread)[0x003679f4]]: sysPrxForUser warning: sys_ppu_thread_set_priority(thread_id=33, prio=900)
[W : PPU[1] Thread (CPUThread)[0x006d8034]]: sys_lwmutex warning: *** lwmutex created [] (attribute=0x12): sq_id = 34
[W : PPU[1] Thread (CPUThread)[0x0036cfb4]]: sys_mutex warning: *** mutex created [] (protocol=0x2, recursive=true): id = 35
[W : PPU[1] Thread (CPUThread)[0x0036d00c]]: sys_cond warning: *** condition on recursive mutex(35)
[W : PPU[1] Thread (CPUThread)[0x0036d00c]]: sys_cond warning: *** condition created [] (mutex_id=35): id = 36
[! : PPU[1] Thread (CPUThread)[0x006d801c]]: *** New PPU Thread [CRI FS File Access 2] (): id = 37
[W : PPU[1] Thread (CPUThread)[0x003679f4]]: sysPrxForUser warning: sys_ppu_thread_set_priority(thread_id=37, prio=900)
[W : PPU[1] Thread (CPUThread)[0x006d8034]]: sys_lwmutex warning: *** lwmutex created [] (attribute=0x12): sq_id = 38
[W : PPU[1] Thread (CPUThread)[0x0036cfb4]]: sys_mutex warning: *** mutex created [] (protocol=0x2, recursive=true): id = 39
[W : PPU[1] Thread (CPUThread)[0x0036d00c]]: sys_cond warning: *** condition on recursive mutex(39)
[W : PPU[1] Thread (CPUThread)[0x0036d00c]]: sys_cond warning: *** condition created [] (mutex_id=39): id = 40
[! : PPU[1] Thread (CPUThread)[0x006d801c]]: *** New PPU Thread [CRI FS File Access 3] (): id = 41
[W : PPU[1] Thread (CPUThread)[0x003679f4]]: sysPrxForUser warning: sys_ppu_thread_set_priority(thread_id=41, prio=900)
[W : PPU[1] Thread (CPUThread)[0x006d8034]]: sys_lwmutex warning: *** lwmutex created [] (attribute=0x12): sq_id = 42
[W : PPU[1] Thread (CPUThread)[0x0036cfb4]]: sys_mutex warning: *** mutex created [] (protocol=0x2, recursive=true): id = 43
[W : PPU[1] Thread (CPUThread)[0x0036d00c]]: sys_cond warning: *** condition on recursive mutex(43)
[W : PPU[1] Thread (CPUThread)[0x0036d00c]]: sys_cond warning: *** condition created [] (mutex_id=43): id = 44
[! : PPU[1] Thread (CPUThread)[0x006d801c]]: *** New PPU Thread [CRI FS Data Decompression 0] (): id = 45
[W : PPU[1] Thread (CPUThread)[0x003679f4]]: sysPrxForUser warning: sys_ppu_thread_set_priority(thread_id=45, prio=1100)
[W : PPU[1] Thread (CPUThread)[0x006d8034]]: sys_lwmutex warning: *** lwmutex created [] (attribute=0x12): sq_id = 46
[W : PPU[1] Thread (CPUThread)[0x006d8034]]: sys_lwmutex warning: *** lwmutex created [] (attribute=0x12): sq_id = 47
[W : PPU[1] Thread (CPUThread)[0x006d8034]]: sys_lwmutex warning: *** lwmutex created [] (attribute=0x12): sq_id = 48
[W : PPU[1] Thread (CPUThread)[0x006d8034]]: sys_lwmutex warning: *** lwmutex created [] (attribute=0x12): sq_id = 49
[W : PPU[1] Thread (CPUThread)[0x006d8034]]: sys_lwmutex warning: *** lwmutex created [] (attribute=0x12): sq_id = 50
[W : PPU[1] Thread (CPUThread)[0x006d8034]]: sys_lwmutex warning: *** lwmutex created [] (attribute=0x12): sq_id = 51
[W : PPU[1] Thread (CPUThread)[0x006d8034]]: sys_lwmutex warning: *** lwmutex created [] (attribute=0x12): sq_id = 52
[W : PPU[1] Thread (CPUThread)[0x006d8034]]: sys_lwmutex warning: *** lwmutex created [] (attribute=0x12): sq_id = 53
[W : PPU[1] Thread (CPUThread)[0x006d8034]]: sys_lwmutex warning: *** lwmutex created [] (attribute=0x12): sq_id = 54
[W : PPU[1] Thread (CPUThread)[0x006d8034]]: sys_lwmutex warning: *** lwmutex created [] (attribute=0x12): sq_id = 55
[W : PPU[1] Thread (CPUThread)[0x006d8034]]: sys_lwmutex warning: *** lwmutex created [] (attribute=0x12): sq_id = 56
[W : PPU[1] Thread (CPUThread)[0x006d8034]]: sys_lwmutex warning: *** lwmutex created [] (attribute=0x12): sq_id = 57
[! : PPU[1] Thread (CPUThread)[0x006d801c]]: *** New PPU Thread [CRI Server Manager] (): id = 58
[W : PPU[1] Thread (CPUThread)[0x003679f4]]: sysPrxForUser warning: sys_ppu_thread_set_priority(thread_id=58, prio=500)
[W : PPU[1] Thread (CPUThread)[0x0062a0f4]]: cellSysutil warning: cellAudioOutGetConfiguration(audioOut=0, config_addr=0xd000ff10, option_addr=0x0)
[W : PPU[1] Thread (CPUThread)[0x0062a0e8]]: cellSysutil warning: cellAudioOutConfigure(audioOut=0, config_addr=0xd000ff10, option_addr=0x0, (!)waitForEvent=0)
[W : PPU[1] Thread (CPUThread)[0x0062a100]]: cellSysutil warning: cellAudioOutGetState(audioOut=0x0,deviceIndex=0x0,state_addr=0xd000ff20)
[W : PPU[1] Thread (CPUThread)[0x006d0004]]: cellAudio warning: cellAudioInit()
[! : Audio Thread]: Audio started
[W : PPU[1] Thread (CPUThread)[0x006d8034]]: sys_lwmutex warning: *** lwmutex created [] (attribute=0x12): sq_id = 59
[W : PPU[1] Thread (CPUThread)[0x006d8034]]: sys_lwmutex warning: *** lwmutex created [] (attribute=0x12): sq_id = 60
[W : PPU[1] Thread (CPUThread)[0x006d8034]]: sys_lwmutex warning: *** lwmutex created [] (attribute=0x12): sq_id = 61
[W : PPU[1] Thread (CPUThread)[0x006d8034]]: sys_lwmutex warning: *** lwmutex created [] (attribute=0x12): sq_id = 62
[W : PPU[1] Thread (CPUThread)[0x006d8034]]: sys_lwmutex warning: *** lwmutex created [] (attribute=0x12): sq_id = 63
[W : PPU[1] Thread (CPUThread)[0x006d8034]]: sys_lwmutex warning: *** lwmutex created [] (attribute=0x12): sq_id = 64
[W : PPU[1] Thread (CPUThread)[0x006d8034]]: sys_lwmutex warning: *** lwmutex created [] (attribute=0x12): sq_id = 65
[W : PPU[1] Thread (CPUThread)[0x006d8034]]: sys_lwmutex warning: *** lwmutex created [] (attribute=0x12): sq_id = 66
[W : PPU[1] Thread (CPUThread)[0x006d8034]]: sys_lwmutex warning: *** lwmutex created [] (attribute=0x12): sq_id = 67
[W : PPU[1] Thread (CPUThread)[0x006d8034]]: sys_lwmutex warning: *** lwmutex created [] (attribute=0x12): sq_id = 68
[W : PPU[1] Thread (CPUThread)[0x006d004c]]: cellAudio warning: cellAudioPortOpen(audioParam_addr=0xd000ffe0, portNum_addr=0x3682f810)
[W : PPU[1] Thread (CPUThread)[0x006d004c]]: cellAudio warning: *** audio port opened(nChannel=8, nBlock=8, attr=0x0, level=1.000000): port = 0
[W : PPU[1] Thread (CPUThread)[0x006d0028]]: cellAudio warning: cellAudioGetPortConfig(portNum=0x0, portConfig_addr=0x3682f7f0)
[W : PPU[1] Thread (CPUThread)[0x006d8034]]: sys_lwmutex warning: *** lwmutex created [] (attribute=0x12): sq_id = 69
[E : PPU[58] Thread (CRI Server Manager)[0x006d4064]]: TODO: cellSpursJobQueuePort2Sync
[E : PPU[58] Thread (CRI Server Manager)[0x006d4064]]: TODO: cellSpursJobQueuePort2Sync
[E : PPU[58] Thread (CRI Server Manager)[0x006d4064]]: TODO: cellSpursJobQueuePort2Sync
[E : PPU[58] Thread (CRI Server Manager)[0x006d4064]]: TODO: cellSpursJobQueuePort2Sync
[W : PPU[58] Thread (CRI Server Manager)[0x006d0028]]: cellAudio warning: cellAudioGetPortConfig(portNum=0x0, portConfig_addr=0x3682f7f0)
[E : PPU[58] Thread (CRI Server Manager)[0x006d4034]]: TODO: _cellSpursJobQueuePort2CopyPushJobBody
[E : PPU[58] Thread (CRI Server Manager)[0x006d4064]]: TODO: cellSpursJobQueuePort2Sync
[W : PPU[58] Thread (CRI Server Manager)[0x006d0034]]: cellAudio warning: cellAudioPortStart(portNum=0x0)
[W : PPU[1] Thread (CPUThread)[0x006d8034]]: sys_lwmutex warning: *** lwmutex created [] (attribute=0x12): sq_id = 70
[E : PPU[58] Thread (CRI Server Manager)[0x006d4064]]: TODO: cellSpursJobQueuePort2Sync
[E : PPU[58] Thread (CRI Server Manager)[0x006d4064]]: TODO: cellSpursJobQueuePort2Sync
[E : PPU[58] Thread (CRI Server Manager)[0x006d4064]]: TODO: cellSpursJobQueuePort2Sync
[E : PPU[58] Thread (CRI Server Manager)[0x006d4064]]: TODO: cellSpursJobQueuePort2Sync
[W : PPU[58] Thread (CRI Server Manager)[0x006d0028]]: cellAudio warning: cellAudioGetPortConfig(portNum=0x0, portConfig_addr=0x3682f7f0)
[E : PPU[58] Thread (CRI Server Manager)[0x006d4034]]: TODO: _cellSpursJobQueuePort2CopyPushJobBody
[E : PPU[58] Thread (CRI Server Manager)[0x006d4064]]: TODO: cellSpursJobQueuePort2Sync
[W : PPU[1] Thread (CPUThread)[0x006d8034]]: sys_lwmutex warning: *** lwmutex created [] (attribute=0x12): sq_id = 71
[E : PPU[58] Thread (CRI Server Manager)[0x006d4064]]: TODO: cellSpursJobQueuePort2Sync
[E : PPU[58] Thread (CRI Server Manager)[0x006d4064]]: TODO: cellSpursJobQueuePort2Sync
[E : PPU[58] Thread (CRI Server Manager)[0x006d4064]]: TODO: cellSpursJobQueuePort2Sync
[E : PPU[58] Thread (CRI Server Manager)[0x006d4064]]: TODO: cellSpursJobQueuePort2Sync
[W : PPU[58] Thread (CRI Server Manager)[0x006d0028]]: cellAudio warning: cellAudioGetPortConfig(portNum=0x0, portConfig_addr=0x3682f7f0)
[W : PPU[1] Thread (CPUThread)[0x006d8034]]: sys_lwmutex warning: *** lwmutex created [] (attribute=0x12): sq_id = 72
[W : PPU[1] Thread (CPUThread)[0x006d8034]]: sys_lwmutex warning: *** lwmutex created [] (attribute=0x12): sq_id = 73
[W : PPU[1] Thread (CPUThread)[0x006d8034]]: sys_lwmutex warning: *** lwmutex created [] (attribute=0x12): sq_id = 74
[W : PPU[1] Thread (CPUThread)[0x006d8034]]: sys_lwmutex warning: *** lwmutex created [] (attribute=0x12): sq_id = 75
[W : PPU[1] Thread (CPUThread)[0x006d8034]]: sys_lwmutex warning: *** lwmutex created [] (attribute=0x12): sq_id = 76
[E : PPU[58] Thread (CRI Server Manager)[0x006d4064]]: TODO: cellSpursJobQueuePort2Sync
[E : PPU[58] Thread (CRI Server Manager)[0x006d4064]]: TODO: cellSpursJobQueuePort2Sync
[E : PPU[58] Thread (CRI Server Manager)[0x006d4064]]: TODO: cellSpursJobQueuePort2Sync
[E : PPU[58] Thread (CRI Server Manager)[0x006d4064]]: TODO: cellSpursJobQueuePort2Sync
[W : PPU[58] Thread (CRI Server Manager)[0x006d0028]]: cellAudio warning: cellAudioGetPortConfig(portNum=0x0, portConfig_addr=0x3682f7f0)
[E : PPU[58] Thread (CRI Server Manager)[0x006d4034]]: TODO: _cellSpursJobQueuePort2CopyPushJobBody
[E : PPU[58] Thread (CRI Server Manager)[0x006d4064]]: TODO: cellSpursJobQueuePort2Sync
[E : PPU[1] Thread (CPUThread)[0x0062a094]]: TODO: cellSysutilEnableBgmPlayback
[W : PPU[1] Thread (CPUThread)[0x002eca2c]]: sys_mutex warning: *** mutex created [] (protocol=0x1, recursive=false): id = 77
[E : PPU[58] Thread (CRI Server Manager)[0x006d4064]]: TODO: cellSpursJobQueuePort2Sync
[E : PPU[58] Thread (CRI Server Manager)[0x006d4064]]: TODO: cellSpursJobQueuePort2Sync
[E : PPU[58] Thread (CRI Server Manager)[0x006d4064]]: TODO: cellSpursJobQueuePort2Sync
[E : PPU[58] Thread (CRI Server Manager)[0x006d4064]]: TODO: cellSpursJobQueuePort2Sync
[W : PPU[58] Thread (CRI Server Manager)[0x006d0028]]: cellAudio warning: cellAudioGetPortConfig(portNum=0x0, portConfig_addr=0x3682f7f0)
[W : PPU[1] Thread (CPUThread)[0x002eca2c]]: sys_mutex warning: *** mutex created [] (protocol=0x1, recursive=false): id = 78
[E : PPU[58] Thread (CRI Server Manager)[0x006d4064]]: TODO: cellSpursJobQueuePort2Sync
[E : PPU[58] Thread (CRI Server Manager)[0x006d4064]]: TODO: cellSpursJobQueuePort2Sync
[E : PPU[58] Thread (CRI Server Manager)[0x006d4064]]: TODO: cellSpursJobQueuePort2Sync
[E : PPU[58] Thread (CRI Server Manager)[0x006d4064]]: TODO: cellSpursJobQueuePort2Sync
[W : PPU[58] Thread (CRI Server Manager)[0x006d0028]]: cellAudio warning: cellAudioGetPortConfig(portNum=0x0, portConfig_addr=0x3682f7f0)
[E : PPU[58] Thread (CRI Server Manager)[0x006d4034]]: TODO: _cellSpursJobQueuePort2CopyPushJobBody
[E : PPU[58] Thread (CRI Server Manager)[0x006d4064]]: TODO: cellSpursJobQueuePort2Sync
[E : PPU[58] Thread (CRI Server Manager)[0x006d4034]]: TODO: _cellSpursJobQueuePort2CopyPushJobBody
[E : PPU[58] Thread (CRI Server Manager)[0x006d4064]]: TODO: cellSpursJobQueuePort2Sync
[E : PPU[58] Thread (CRI Server Manager)[0x006d4034]]: TODO: _cellSpursJobQueuePort2CopyPushJobBody
[E : PPU[58] Thread (CRI Server Manager)[0x006d4064]]: TODO: cellSpursJobQueuePort2Sync
[E : PPU[58] Thread (CRI Server Manager)[0x006d4064]]: TODO: cellSpursJobQueuePort2Sync
[E : PPU[58] Thread (CRI Server Manager)[0x006d4064]]: TODO: cellSpursJobQueuePort2Sync
[E : PPU[58] Thread (CRI Server Manager)[0x006d4064]]: TODO: cellSpursJobQueuePort2Sync
[E : PPU[58] Thread (CRI Server Manager)[0x006d4064]]: TODO: cellSpursJobQueuePort2Sync
[W : PPU[58] Thread (CRI Server Manager)[0x006d0028]]: cellAudio warning: cellAudioGetPortConfig(portNum=0x0, portConfig_addr=0x3682f7f0)
[E : PPU[58] Thread (CRI Server Manager)[0x006d4034]]: TODO: _cellSpursJobQueuePort2CopyPushJobBody
[E : PPU[58] Thread (CRI Server Manager)[0x006d4064]]: TODO: cellSpursJobQueuePort2Sync
[E : PPU[58] Thread (CRI Server Manager)[0x006d4034]]: TODO: _cellSpursJobQueuePort2CopyPushJobBody
[E : PPU[58] Thread (CRI Server Manager)[0x006d4064]]: TODO: cellSpursJobQueuePort2Sync
[E : PPU[58] Thread (CRI Server Manager)[0x006d4034]]: TODO: _cellSpursJobQueuePort2CopyPushJobBody
[E : PPU[58] Thread (CRI Server Manager)[0x006d4064]]: TODO: cellSpursJobQueuePort2Sync
[E : PPU[58] Thread (CRI Server Manager)[0x006d4034]]: TODO: _cellSpursJobQueuePort2CopyPushJobBody
[E : PPU[58] Thread (CRI Server Manager)[0x006d4064]]: TODO: cellSpursJobQueuePort2Sync
[E : PPU[58] Thread (CRI Server Manager)[0x006d4064]]: TODO: cellSpursJobQueuePort2Sync
[E : PPU[58] Thread (CRI Server Manager)[0x006d4064]]: TODO: cellSpursJobQueuePort2Sync
[E : PPU[58] Thread (CRI Server Manager)[0x006d4064]]: TODO: cellSpursJobQueuePort2Sync
[E : PPU[58] Thread (CRI Server Manager)[0x006d4064]]: TODO: cellSpursJobQueuePort2Sync
[W : PPU[58] Thread (CRI Server Manager)[0x006d0028]]: cellAudio warning: cellAudioGetPortConfig(portNum=0x0, portConfig_addr=0x3682f7f0)
[E : PPU[58] Thread (CRI Server Manager)[0x006d4034]]: TODO: _cellSpursJobQueuePort2CopyPushJobBody
[E : PPU[58] Thread (CRI Server Manager)[0x006d4064]]: TODO: cellSpursJobQueuePort2Sync
[E : PPU[58] Thread (CRI Server Manager)[0x006d4034]]: TODO: _cellSpursJobQueuePort2CopyPushJobBody
[E : PPU[58] Thread (CRI Server Manager)[0x006d4064]]: TODO: cellSpursJobQueuePort2Sync
[E : PPU[58] Thread (CRI Server Manager)[0x006d4034]]: TODO: _cellSpursJobQueuePort2CopyPushJobBody
[E : PPU[58] Thread (CRI Server Manager)[0x006d4064]]: TODO: cellSpursJobQueuePort2Sync
[E : PPU[58] Thread (CRI Server Manager)[0x006d4034]]: TODO: _cellSpursJobQueuePort2CopyPushJobBody
[E : PPU[58] Thread (CRI Server Manager)[0x006d4064]]: TODO: cellSpursJobQueuePort2Sync
[E : PPU[58] Thread (CRI Server Manager)[0x006d4064]]: TODO: cellSpursJobQueuePort2Sync
[E : PPU[58] Thread (CRI Server Manager)[0x006d4064]]: TODO: cellSpursJobQueuePort2Sync
[E : PPU[58] Thread (CRI Server Manager)[0x006d4064]]: TODO: cellSpursJobQueuePort2Sync
[E : PPU[58] Thread (CRI Server Manager)[0x006d4064]]: TODO: cellSpursJobQueuePort2Sync
[W : PPU[58] Thread (CRI Server Manager)[0x006d0028]]: cellAudio warning: cellAudioGetPortConfig(portNum=0x0, portConfig_addr=0x3682f7f0)
[E : PPU[58] Thread (CRI Server Manager)[0x006d4034]]: TODO: _cellSpursJobQueuePort2CopyPushJobBody
[E : PPU[58] Thread (CRI Server Manager)[0x006d4064]]: TODO: cellSpursJobQueuePort2Sync
[E : PPU[58] Thread (CRI Server Manager)[0x006d4034]]: TODO: _cellSpursJobQueuePort2CopyPushJobBody
[E : PPU[58] Thread (CRI Server Manager)[0x006d4064]]: TODO: cellSpursJobQueuePort2Sync
[E : PPU[58] Thread (CRI Server Manager)[0x006d4034]]: TODO: _cellSpursJobQueuePort2CopyPushJobBody
[E : PPU[58] Thread (CRI Server Manager)[0x006d4064]]: TODO: cellSpursJobQueuePort2Sync
[E : PPU[58] Thread (CRI Server Manager)[0x006d4064]]: TODO: cellSpursJobQueuePort2Sync
[E : PPU[58] Thread (CRI Server Manager)[0x006d4064]]: TODO: cellSpursJobQueuePort2Sync
[E : PPU[58] Thread (CRI Server Manager)[0x006d4064]]: TODO: cellSpursJobQueuePort2Sync
[E : PPU[58] Thread (CRI Server Manager)[0x006d4064]]: TODO: cellSpursJobQueuePort2Sync
[W : PPU[58] Thread (CRI Server Manager)[0x006d0028]]: cellAudio warning: cellAudioGetPortConfig(portNum=0x0, portConfig_addr=0x3682f7f0)
[E : PPU[58] Thread (CRI Server Manager)[0x006d4034]]: TODO: _cellSpursJobQueuePort2CopyPushJobBody
[E : PPU[58] Thread (CRI Server Manager)[0x006d4064]]: TODO: cellSpursJobQueuePort2Sync
[E : PPU[58] Thread (CRI Server Manager)[0x006d4034]]: TODO: _cellSpursJobQueuePort2CopyPushJobBody
[E : PPU[58] Thread (CRI Server Manager)[0x006d4064]]: TODO: cellSpursJobQueuePort2Sync
[E : PPU[58] Thread (CRI Server Manager)[0x006d4034]]: TODO: _cellSpursJobQueuePort2CopyPushJobBody
[E : PPU[58] Thread (CRI Server Manager)[0x006d4064]]: TODO: cellSpursJobQueuePort2Sync
[E : PPU[58] Thread (CRI Server Manager)[0x006d4064]]: TODO: cellSpursJobQueuePort2Sync
[E : PPU[58] Thread (CRI Server Manager)[0x006d4064]]: TODO: cellSpursJobQueuePort2Sync
[E : PPU[58] Thread (CRI Server Manager)[0x006d4064]]: TODO: cellSpursJobQueuePort2Sync
[E : PPU[58] Thread (CRI Server Manager)[0x006d4064]]: TODO: cellSpursJobQueuePort2Sync
[W : PPU[58] Thread (CRI Server Manager)[0x006d0028]]: cellAudio warning: cellAudioGetPortConfig(portNum=0x0, portConfig_addr=0x3682f7f0)
[E : PPU[58] Thread (CRI Server Manager)[0x006d4034]]: TODO: _cellSpursJobQueuePort2CopyPushJobBody
[E : PPU[58] Thread (CRI Server Manager)[0x006d4064]]: TODO: cellSpursJobQueuePort2Sync
[E : PPU[58] Thread (CRI Server Manager)[0x006d4034]]: TODO: _cellSpursJobQueuePort2CopyPushJobBody
[E : PPU[58] Thread (CRI Server Manager)[0x006d4064]]: TODO: cellSpursJobQueuePort2Sync
[E : PPU[58] Thread (CRI Server Manager)[0x006d4034]]: TODO: _cellSpursJobQueuePort2CopyPushJobBody
[E : PPU[58] Thread (CRI Server Manager)[0x006d4064]]: TODO: cellSpursJobQueuePort2Sync
[E : PPU[58] Thread (CRI Server Manager)[0x006d4034]]: TODO: _cellSpursJobQueuePort2CopyPushJobBody
[E : PPU[58] Thread (CRI Server Manager)[0x006d4064]]: TODO: cellSpursJobQueuePort2Sync
[E : PPU[1] Thread (CPUThread)[0x006ca004]]: TODO: SJISstoUTF8s
[E : PPU[1] Thread (CPUThread)[0x006ca004]]: TODO: SJISstoUTF8s
[E : PPU[1] Thread (CPUThread)[0x006ca028]]: TODO: UTF8stoUTF16s
[E : PPU[1] Thread (CPUThread)[0x006ca028]]: TODO: UTF8stoUTF16s
[E : PPU[1] Thread (CPUThread)[0x006ca004]]: TODO: SJISstoUTF8s
[E : PPU[1] Thread (CPUThread)[0x006ca004]]: TODO: SJISstoUTF8s
[E : PPU[1] Thread (CPUThread)[0x006ca028]]: TODO: UTF8stoUTF16s
[E : PPU[1] Thread (CPUThread)[0x006ca028]]: TODO: UTF8stoUTF16s
[E : PPU[1] Thread (CPUThread)[0x006ca004]]: TODO: SJISstoUTF8s
[E : PPU[1] Thread (CPUThread)[0x006ca004]]: TODO: SJISstoUTF8s
[E : PPU[1] Thread (CPUThread)[0x006ca028]]: TODO: UTF8stoUTF16s
[E : PPU[1] Thread (CPUThread)[0x006ca028]]: TODO: UTF8stoUTF16s
[E : PPU[58] Thread (CRI Server Manager)[0x006d4064]]: TODO: cellSpursJobQueuePort2Sync
[E : PPU[58] Thread (CRI Server Manager)[0x006d4064]]: TODO: cellSpursJobQueuePort2Sync
[E : PPU[58] Thread (CRI Server Manager)[0x006d4064]]: TODO: cellSpursJobQueuePort2Sync
[E : PPU[58] Thread (CRI Server Manager)[0x006d4064]]: TODO: cellSpursJobQueuePort2Sync
[W : PPU[58] Thread (CRI Server Manager)[0x006d0028]]: cellAudio warning: cellAudioGetPortConfig(portNum=0x0, portConfig_addr=0x3682f7f0)
[E : PPU[58] Thread (CRI Server Manager)[0x006d4034]]: TODO: _cellSpursJobQueuePort2CopyPushJobBody
[E : PPU[58] Thread (CRI Server Manager)[0x006d4064]]: TODO: cellSpursJobQueuePort2Sync
[E : PPU[58] Thread (CRI Server Manager)[0x006d4034]]: TODO: _cellSpursJobQueuePort2CopyPushJobBody
[E : PPU[58] Thread (CRI Server Manager)[0x006d4064]]: TODO: cellSpursJobQueuePort2Sync
[E : PPU[58] Thread (CRI Server Manager)[0x006d4034]]: TODO: _cellSpursJobQueuePort2CopyPushJobBody
[E : PPU[58] Thread (CRI Server Manager)[0x006d4064]]: TODO: cellSpursJobQueuePort2Sync
[E : PPU[58] Thread (CRI Server Manager)[0x006d4034]]: TODO: _cellSpursJobQueuePort2CopyPushJobBody
[E : PPU[58] Thread (CRI Server Manager)[0x006d4064]]: TODO: cellSpursJobQueuePort2Sync
[E : PPU[58] Thread (CRI Server Manager)[0x006d4064]]: TODO: cellSpursJobQueuePort2Sync
[E : PPU[58] Thread (CRI Server Manager)[0x006d4064]]: TODO: cellSpursJobQueuePort2Sync
[E : PPU[58] Thread (CRI Server Manager)[0x006d4064]]: TODO: cellSpursJobQueuePort2Sync
[E : PPU[58] Thread (CRI Server Manager)[0x006d4064]]: TODO: cellSpursJobQueuePort2Sync
[W : PPU[58] Thread (CRI Server Manager)[0x006d0028]]: cellAudio warning: cellAudioGetPortConfig(portNum=0x0, portConfig_addr=0x3682f7f0)
[E : PPU[58] Thread (CRI Server Manager)[0x006d4034]]: TODO: _cellSpursJobQueuePort2CopyPushJobBody
[E : PPU[58] Thread (CRI Server Manager)[0x006d4064]]: TODO: cellSpursJobQueuePort2Sync
[E : PPU[58] Thread (CRI Server Manager)[0x006d4034]]: TODO: _cellSpursJobQueuePort2CopyPushJobBody
[E : PPU[58] Thread (CRI Server Manager)[0x006d4064]]: TODO: cellSpursJobQueuePort2Sync
[E : PPU[58] Thread (CRI Server Manager)[0x006d4034]]: TODO: _cellSpursJobQueuePort2CopyPushJobBody
[E : PPU[58] Thread (CRI Server Manager)[0x006d4064]]: TODO: cellSpursJobQueuePort2Sync
[E : PPU[58] Thread (CRI Server Manager)[0x006d4064]]: TODO: cellSpursJobQueuePort2Sync
[E : PPU[58] Thread (CRI Server Manager)[0x006d4064]]: TODO: cellSpursJobQueuePort2Sync
[E : PPU[58] Thread (CRI Server Manager)[0x006d4064]]: TODO: cellSpursJobQueuePort2Sync
[E : PPU[58] Thread (CRI Server Manager)[0x006d4064]]: TODO: cellSpursJobQueuePort2Sync
[W : PPU[58] Thread (CRI Server Manager)[0x006d0028]]: cellAudio warning: cellAudioGetPortConfig(portNum=0x0, portConfig_addr=0x3682f7f0)
[E : PPU[58] Thread (CRI Server Manager)[0x006d4034]]: TODO: _cellSpursJobQueuePort2CopyPushJobBody
[E : PPU[58] Thread (CRI Server Manager)[0x006d4064]]: TODO: cellSpursJobQueuePort2Sync
[E : PPU[58] Thread (CRI Server Manager)[0x006d4034]]: TODO: _cellSpursJobQueuePort2CopyPushJobBody
[E : PPU[58] Thread (CRI Server Manager)[0x006d4064]]: TODO: cellSpursJobQueuePort2Sync
[E : PPU[58] Thread (CRI Server Manager)[0x006d4034]]: TODO: _cellSpursJobQueuePort2CopyPushJobBody
[E : PPU[58] Thread (CRI Server Manager)[0x006d4064]]: TODO: cellSpursJobQueuePort2Sync
[E : PPU[58] Thread (CRI Server Manager)[0x006d4064]]: TODO: cellSpursJobQueuePort2Sync
[E : PPU[58] Thread (CRI Server Manager)[0x006d4064]]: TODO: cellSpursJobQueuePort2Sync
[E : PPU[58] Thread (CRI Server Manager)[0x006d4064]]: TODO: cellSpursJobQueuePort2Sync
[E : PPU[58] Thread (CRI Server Manager)[0x006d4064]]: TODO: cellSpursJobQueuePort2Sync
[W : PPU[58] Thread (CRI Server Manager)[0x006d0028]]: cellAudio warning: cellAudioGetPortConfig(portNum=0x0, portConfig_addr=0x3682f7f0)
[E : PPU[58] Thread (CRI Server Manager)[0x006d4034]]: TODO: _cellSpursJobQueuePort2CopyPushJobBody
[E : PPU[58] Thread (CRI Server Manager)[0x006d4064]]: TODO: cellSpursJobQueuePort2Sync
[E : PPU[58] Thread (CRI Server Manager)[0x006d4034]]: TODO: _cellSpursJobQueuePort2CopyPushJobBody
[E : PPU[58] Thread (CRI Server Manager)[0x006d4064]]: TODO: cellSpursJobQueuePort2Sync
[E : PPU[58] Thread (CRI Server Manager)[0x006d4034]]: TODO: _cellSpursJobQueuePort2CopyPushJobBody
[E : PPU[58] Thread (CRI Server Manager)[0x006d4064]]: TODO: cellSpursJobQueuePort2Sync
[E : PPU[58] Thread (CRI Server Manager)[0x006d4064]]: TODO: cellSpursJobQueuePort2Sync
[E : PPU[58] Thread (CRI Server Manager)[0x006d4064]]: TODO: cellSpursJobQueuePort2Sync
[E : PPU[58] Thread (CRI Server Manager)[0x006d4064]]: TODO: cellSpursJobQueuePort2Sync
[E : PPU[58] Thread (CRI Server Manager)[0x006d4064]]: TODO: cellSpursJobQueuePort2Sync
[W : PPU[58] Thread (CRI Server Manager)[0x006d0028]]: cellAudio warning: cellAudioGetPortConfig(portNum=0x0, portConfig_addr=0x3682f7f0)
[E : PPU[58] Thread (CRI Server Manager)[0x006d4034]]: TODO: _cellSpursJobQueuePort2CopyPushJobBody
[E : PPU[58] Thread (CRI Server Manager)[0x006d4064]]: TODO: cellSpursJobQueuePort2Sync
[E : PPU[58] Thread (CRI Server Manager)[0x006d4034]]: TODO: _cellSpursJobQueuePort2CopyPushJobBody
[E : PPU[58] Thread (CRI Server Manager)[0x006d4064]]: TODO: cellSpursJobQueuePort2Sync
[E : PPU[58] Thread (CRI Server Manager)[0x006d4034]]: TODO: _cellSpursJobQueuePort2CopyPushJobBody
[E : PPU[58] Thread (CRI Server Manager)[0x006d4064]]: TODO: cellSpursJobQueuePort2Sync
[E : PPU[58] Thread (CRI Server Manager)[0x006d4064]]: TODO: cellSpursJobQueuePort2Sync
[E : PPU[58] Thread (CRI Server Manager)[0x006d4064]]: TODO: cellSpursJobQueuePort2Sync
[E : PPU[58] Thread (CRI Server Manager)[0x006d4064]]: TODO: cellSpursJobQueuePort2Sync
[E : PPU[58] Thread (CRI Server Manager)[0x006d4064]]: TODO: cellSpursJobQueuePort2Sync
[W : PPU[58] Thread (CRI Server Manager)[0x006d0028]]: cellAudio warning: cellAudioGetPortConfig(portNum=0x0, portConfig_addr=0x3682f7f0)
[E : PPU[58] Thread (CRI Server Manager)[0x006d4034]]: TODO: _cellSpursJobQueuePort2CopyPushJobBody
[E : PPU[58] Thread (CRI Server Manager)[0x006d4064]]: TODO: cellSpursJobQueuePort2Sync
[E : PPU[58] Thread (CRI Server Manager)[0x006d4034]]: TODO: _cellSpursJobQueuePort2CopyPushJobBody
[E : PPU[58] Thread (CRI Server Manager)[0x006d4064]]: TODO: cellSpursJobQueuePort2Sync
[E : PPU[58] Thread (CRI Server Manager)[0x006d4034]]: TODO: _cellSpursJobQueuePort2CopyPushJobBody
[E : PPU[58] Thread (CRI Server Manager)[0x006d4064]]: TODO: cellSpursJobQueuePort2Sync
[E : PPU[58] Thread (CRI Server Manager)[0x006d4034]]: TODO: _cellSpursJobQueuePort2CopyPushJobBody
[E : PPU[58] Thread (CRI Server Manager)[0x006d4064]]: TODO: cellSpursJobQueuePort2Sync
[E : PPU[58] Thread (CRI Server Manager)[0x006d4064]]: TODO: cellSpursJobQueuePort2Sync
[E : PPU[58] Thread (CRI Server Manager)[0x006d4064]]: TODO: cellSpursJobQueuePort2Sync
[E : PPU[58] Thread (CRI Server Manager)[0x006d4064]]: TODO: cellSpursJobQueuePort2Sync
[E : PPU[58] Thread (CRI Server Manager)[0x006d4064]]: TODO: cellSpursJobQueuePort2Sync
[W : PPU[58] Thread (CRI Server Manager)[0x006d0028]]: cellAudio warning: cellAudioGetPortConfig(portNum=0x0, portConfig_addr=0x3682f7f0)
[E : PPU[58] Thread (CRI Server Manager)[0x006d4034]]: TODO: _cellSpursJobQueuePort2CopyPushJobBody
[E : PPU[58] Thread (CRI Server Manager)[0x006d4064]]: TODO: cellSpursJobQueuePort2Sync
[E : PPU[58] Thread (CRI Server Manager)[0x006d4034]]: TODO: _cellSpursJobQueuePort2CopyPushJobBody
[E : PPU[58] Thread (CRI Server Manager)[0x006d4064]]: TODO: cellSpursJobQueuePort2Sync
[E : PPU[58] Thread (CRI Server Manager)[0x006d4034]]: TODO: _cellSpursJobQueuePort2CopyPushJobBody
[E : PPU[58] Thread (CRI Server Manager)[0x006d4064]]: TODO: cellSpursJobQueuePort2Sync
[E : PPU[58] Thread (CRI Server Manager)[0x006d4034]]: TODO: _cellSpursJobQueuePort2CopyPushJobBody
[E : PPU[58] Thread (CRI Server Manager)[0x006d4064]]: TODO: cellSpursJobQueuePort2Sync
[E : PPU[58] Thread (CRI Server Manager)[0x006d4064]]: TODO: cellSpursJobQueuePort2Sync
[E : PPU[58] Thread (CRI Server Manager)[0x006d4064]]: TODO: cellSpursJobQueuePort2Sync
[E : PPU[58] Thread (CRI Server Manager)[0x006d4064]]: TODO: cellSpursJobQueuePort2Sync
[E : PPU[58] Thread (CRI Server Manager)[0x006d4064]]: TODO: cellSpursJobQueuePort2Sync
[W : PPU[58] Thread (CRI Server Manager)[0x006d0028]]: cellAudio warning: cellAudioGetPortConfig(portNum=0x0, portConfig_addr=0x3682f7f0)
[E : PPU[58] Thread (CRI Server Manager)[0x006d4034]]: TODO: _cellSpursJobQueuePort2CopyPushJobBody
[E : PPU[58] Thread (CRI Server Manager)[0x006d4064]]: TODO: cellSpursJobQueuePort2Sync
[E : PPU[58] Thread (CRI Server Manager)[0x006d4034]]: TODO: _cellSpursJobQueuePort2CopyPushJobBody
[E : PPU[58] Thread (CRI Server Manager)[0x006d4064]]: TODO: cellSpursJobQueuePort2Sync
[E : PPU[58] Thread (CRI Server Manager)[0x006d4034]]: TODO: _cellSpursJobQueuePort2CopyPushJobBody
[E : PPU[58] Thread (CRI Server Manager)[0x006d4064]]: TODO: cellSpursJobQueuePort2Sync
[E : PPU[58] Thread (CRI Server Manager)[0x006d4064]]: TODO: cellSpursJobQueuePort2Sync
[E : PPU[58] Thread (CRI Server Manager)[0x006d4064]]: TODO: cellSpursJobQueuePort2Sync
[E : PPU[58] Thread (CRI Server Manager)[0x006d4064]]: TODO: cellSpursJobQueuePort2Sync
[E : PPU[58] Thread (CRI Server Manager)[0x006d4064]]: TODO: cellSpursJobQueuePort2Sync
[W : PPU[58] Thread (CRI Server Manager)[0x006d0028]]: cellAudio warning: cellAudioGetPortConfig(portNum=0x0, portConfig_addr=0x3682f7f0)
[E : PPU[58] Thread (CRI Server Manager)[0x006d4034]]: TODO: _cellSpursJobQueuePort2CopyPushJobBody
[E : PPU[58] Thread (CRI Server Manager)[0x006d4064]]: TODO: cellSpursJobQueuePort2Sync
[E : PPU[58] Thread (CRI Server Manager)[0x006d4034]]: TODO: _cellSpursJobQueuePort2CopyPushJobBody
[E : PPU[58] Thread (CRI Server Manager)[0x006d4064]]: TODO: cellSpursJobQueuePort2Sync
[E : PPU[58] Thread (CRI Server Manager)[0x006d4034]]: TODO: _cellSpursJobQueuePort2CopyPushJobBody
[E : PPU[58] Thread (CRI Server Manager)[0x006d4064]]: TODO: cellSpursJobQueuePort2Sync
[E : PPU[58] Thread (CRI Server Manager)[0x006d4034]]: TODO: _cellSpursJobQueuePort2CopyPushJobBody
[E : PPU[58] Thread (CRI Server Manager)[0x006d4064]]: TODO: cellSpursJobQueuePort2Sync
[E : PPU[58] Thread (CRI Server Manager)[0x006d4064]]: TODO: cellSpursJobQueuePort2Sync
[E : PPU[58] Thread (CRI Server Manager)[0x006d4064]]: TODO: cellSpursJobQueuePort2Sync
[E : PPU[58] Thread (CRI Server Manager)[0x006d4064]]: TODO: cellSpursJobQueuePort2Sync
[E : PPU[58] Thread (CRI Server Manager)[0x006d4064]]: TODO: cellSpursJobQueuePort2Sync
[W : PPU[58] Thread (CRI Server Manager)[0x006d0028]]: cellAudio warning: cellAudioGetPortConfig(portNum=0x0, portConfig_addr=0x3682f7f0)
[E : PPU[58] Thread (CRI Server Manager)[0x006d4034]]: TODO: _cellSpursJobQueuePort2CopyPushJobBody
[E : PPU[58] Thread (CRI Server Manager)[0x006d4064]]: TODO: cellSpursJobQueuePort2Sync
[E : PPU[58] Thread (CRI Server Manager)[0x006d4034]]: TODO: _cellSpursJobQueuePort2CopyPushJobBody
[E : PPU[58] Thread (CRI Server Manager)[0x006d4064]]: TODO: cellSpursJobQueuePort2Sync
[E : PPU[58] Thread (CRI Server Manager)[0x006d4034]]: TODO: _cellSpursJobQueuePort2CopyPushJobBody
[E : PPU[58] Thread (CRI Server Manager)[0x006d4064]]: TODO: cellSpursJobQueuePort2Sync
[E : PPU[58] Thread (CRI Server Manager)[0x006d4034]]: TODO: _cellSpursJobQueuePort2CopyPushJobBody
[E : PPU[58] Thread (CRI Server Manager)[0x006d4064]]: TODO: cellSpursJobQueuePort2Sync
[E : PPU[58] Thread (CRI Server Manager)[0x006d4064]]: TODO: cellSpursJobQueuePort2Sync
[E : PPU[58] Thread (CRI Server Manager)[0x006d4064]]: TODO: cellSpursJobQueuePort2Sync
[E : PPU[58] Thread (CRI Server Manager)[0x006d4064]]: TODO: cellSpursJobQueuePort2Sync
[E : PPU[58] Thread (CRI Server Manager)[0x006d4064]]: TODO: cellSpursJobQueuePort2Sync
[W : PPU[58] Thread (CRI Server Manager)[0x006d0028]]: cellAudio warning: cellAudioGetPortConfig(portNum=0x0, portConfig_addr=0x3682f7f0)
[E : PPU[58] Thread (CRI Server Manager)[0x006d4034]]: TODO: _cellSpursJobQueuePort2CopyPushJobBody
[E : PPU[58] Thread (CRI Server Manager)[0x006d4064]]: TODO: cellSpursJobQueuePort2Sync
[E : PPU[58] Thread (CRI Server Manager)[0x006d4034]]: TODO: _cellSpursJobQueuePort2CopyPushJobBody
[E : PPU[58] Thread (CRI Server Manager)[0x006d4064]]: TODO: cellSpursJobQueuePort2Sync
[E : PPU[58] Thread (CRI Server Manager)[0x006d4034]]: TODO: _cellSpursJobQueuePort2CopyPushJobBody
[E : PPU[58] Thread (CRI Server Manager)[0x006d4064]]: TODO: cellSpursJobQueuePort2Sync
[E : PPU[58] Thread (CRI Server Manager)[0x006d4064]]: TODO: cellSpursJobQueuePort2Sync
[E : PPU[58] Thread (CRI Server Manager)[0x006d4064]]: TODO: cellSpursJobQueuePort2Sync
[E : PPU[58] Thread (CRI Server Manager)[0x006d4064]]: TODO: cellSpursJobQueuePort2Sync
[E : PPU[58] Thread (CRI Server Manager)[0x006d4064]]: TODO: cellSpursJobQueuePort2Sync
[W : PPU[58] Thread (CRI Server Manager)[0x006d0028]]: cellAudio warning: cellAudioGetPortConfig(portNum=0x0, portConfig_addr=0x3682f7f0)
[E : PPU[58] Thread (CRI Server Manager)[0x006d4034]]: TODO: _cellSpursJobQueuePort2CopyPushJobBody
[E : PPU[58] Thread (CRI Server Manager)[0x006d4064]]: TODO: cellSpursJobQueuePort2Sync
[E : PPU[58] Thread (CRI Server Manager)[0x006d4034]]: TODO: _cellSpursJobQueuePort2CopyPushJobBody
[E : PPU[58] Thread (CRI Server Manager)[0x006d4064]]: TODO: cellSpursJobQueuePort2Sync
[E : PPU[58] Thread (CRI Server Manager)[0x006d4034]]: TODO: _cellSpursJobQueuePort2CopyPushJobBody
[E : PPU[58] Thread (CRI Server Manager)[0x006d4064]]: TODO: cellSpursJobQueuePort2Sync
[E : PPU[58] Thread (CRI Server Manager)[0x006d4064]]: TODO: cellSpursJobQueuePort2Sync
[E : PPU[58] Thread (CRI Server Manager)[0x006d4064]]: TODO: cellSpursJobQueuePort2Sync
[E : PPU[58] Thread (CRI Server Manager)[0x006d4064]]: TODO: cellSpursJobQueuePort2Sync
[E : PPU[58] Thread (CRI Server Manager)[0x006d4064]]: TODO: cellSpursJobQueuePort2Sync
[W : PPU[58] Thread (CRI Server Manager)[0x006d0028]]: cellAudio warning: cellAudioGetPortConfig(portNum=0x0, portConfig_addr=0x3682f7f0)
[E : PPU[58] Thread (CRI Server Manager)[0x006d4034]]: TODO: _cellSpursJobQueuePort2CopyPushJobBody
[E : PPU[58] Thread (CRI Server Manager)[0x006d4064]]: TODO: cellSpursJobQueuePort2Sync
[E : PPU[58] Thread (CRI Server Manager)[0x006d4034]]: TODO: _cellSpursJobQueuePort2CopyPushJobBody
[E : PPU[58] Thread (CRI Server Manager)[0x006d4064]]: TODO: cellSpursJobQueuePort2Sync
[E : PPU[58] Thread (CRI Server Manager)[0x006d4034]]: TODO: _cellSpursJobQueuePort2CopyPushJobBody
[E : PPU[58] Thread (CRI Server Manager)[0x006d4064]]: TODO: cellSpursJobQueuePort2Sync
[E : PPU[58] Thread (CRI Server Manager)[0x006d4064]]: TODO: cellSpursJobQueuePort2Sync
[E : PPU[58] Thread (CRI Server Manager)[0x006d4064]]: TODO: cellSpursJobQueuePort2Sync
[E : PPU[58] Thread (CRI Server Manager)[0x006d4064]]: TODO: cellSpursJobQueuePort2Sync
[E : PPU[58] Thread (CRI Server Manager)[0x006d4064]]: TODO: cellSpursJobQueuePort2Sync
[W : PPU[58] Thread (CRI Server Manager)[0x006d0028]]: cellAudio warning: cellAudioGetPortConfig(portNum=0x0, portConfig_addr=0x3682f7f0)
[E : PPU[58] Thread (CRI Server Manager)[0x006d4034]]: TODO: _cellSpursJobQueuePort2CopyPushJobBody
[E : PPU[58] Thread (CRI Server Manager)[0x006d4064]]: TODO: cellSpursJobQueuePort2Sync
[E : PPU[58] Thread (CRI Server Manager)[0x006d4034]]: TODO: _cellSpursJobQueuePort2CopyPushJobBody
[E : PPU[58] Thread (CRI Server Manager)[0x006d4064]]: TODO: cellSpursJobQueuePort2Sync
[E : PPU[58] Thread (CRI Server Manager)[0x006d4034]]: TODO: _cellSpursJobQueuePort2CopyPushJobBody
[E : PPU[58] Thread (CRI Server Manager)[0x006d4064]]: TODO: cellSpursJobQueuePort2Sync
[E : PPU[58] Thread (CRI Server Manager)[0x006d4064]]: TODO: cellSpursJobQueuePort2Sync
[E : PPU[58] Thread (CRI Server Manager)[0x006d4064]]: TODO: cellSpursJobQueuePort2Sync
[E : PPU[58] Thread (CRI Server Manager)[0x006d4064]]: TODO: cellSpursJobQueuePort2Sync
[E : PPU[58] Thread (CRI Server Manager)[0x006d4064]]: TODO: cellSpursJobQueuePort2Sync
[W : PPU[58] Thread (CRI Server Manager)[0x006d0028]]: cellAudio warning: cellAudioGetPortConfig(portNum=0x0, portConfig_addr=0x3682f7f0)
[E : PPU[58] Thread (CRI Server Manager)[0x006d4034]]: TODO: _cellSpursJobQueuePort2CopyPushJobBody
[E : PPU[58] Thread (CRI Server Manager)[0x006d4064]]: TODO: cellSpursJobQueuePort2Sync
[E : PPU[58] Thread (CRI Server Manager)[0x006d4034]]: TODO: _cellSpursJobQueuePort2CopyPushJobBody
[E : PPU[58] Thread (CRI Server Manager)[0x006d4064]]: TODO: cellSpursJobQueuePort2Sync
[E : PPU[58] Thread (CRI Server Manager)[0x006d4034]]: TODO: _cellSpursJobQueuePort2CopyPushJobBody
[E : PPU[58] Thread (CRI Server Manager)[0x006d4064]]: TODO: cellSpursJobQueuePort2Sync
[E : PPU[58] Thread (CRI Server Manager)[0x006d4064]]: TODO: cellSpursJobQueuePort2Sync
[E : PPU[58] Thread (CRI Server Manager)[0x006d4064]]: TODO: cellSpursJobQueuePort2Sync
[E : PPU[58] Thread (CRI Server Manager)[0x006d4064]]: TODO: cellSpursJobQueuePort2Sync
[E : PPU[58] Thread (CRI Server Manager)[0x006d4064]]: TODO: cellSpursJobQueuePort2Sync
[W : PPU[58] Thread (CRI Server Manager)[0x006d0028]]: cellAudio warning: cellAudioGetPortConfig(portNum=0x0, portConfig_addr=0x3682f7f0)
[E : PPU[58] Thread (CRI Server Manager)[0x006d4034]]: TODO: _cellSpursJobQueuePort2CopyPushJobBody
[E : PPU[58] Thread (CRI Server Manager)[0x006d4064]]: TODO: cellSpursJobQueuePort2Sync
[E : PPU[58] Thread (CRI Server Manager)[0x006d4034]]: TODO: _cellSpursJobQueuePort2CopyPushJobBody
[E : PPU[58] Thread (CRI Server Manager)[0x006d4064]]: TODO: cellSpursJobQueuePort2Sync
[E : PPU[58] Thread (CRI Server Manager)[0x006d4034]]: TODO: _cellSpursJobQueuePort2CopyPushJobBody
[E : PPU[58] Thread (CRI Server Manager)[0x006d4064]]: TODO: cellSpursJobQueuePort2Sync
[E : PPU[58] Thread (CRI Server Manager)[0x006d4064]]: TODO: cellSpursJobQueuePort2Sync
[E : PPU[58] Thread (CRI Server Manager)[0x006d4064]]: TODO: cellSpursJobQueuePort2Sync
[E : PPU[58] Thread (CRI Server Manager)[0x006d4064]]: TODO: cellSpursJobQueuePort2Sync
[E : PPU[58] Thread (CRI Server Manager)[0x006d4064]]: TODO: cellSpursJobQueuePort2Sync
[W : PPU[58] Thread (CRI Server Manager)[0x006d0028]]: cellAudio warning: cellAudioGetPortConfig(portNum=0x0, portConfig_addr=0x3682f7f0)
[E : PPU[58] Thread (CRI Server Manager)[0x006d4034]]: TODO: _cellSpursJobQueuePort2CopyPushJobBody
[E : PPU[58] Thread (CRI Server Manager)[0x006d4064]]: TODO: cellSpursJobQueuePort2Sync
[E : PPU[58] Thread (CRI Server Manager)[0x006d4034]]: TODO: _cellSpursJobQueuePort2CopyPushJobBody
[E : PPU[58] Thread (CRI Server Manager)[0x006d4064]]: TODO: cellSpursJobQueuePort2Sync
[E : PPU[58] Thread (CRI Server Manager)[0x006d4034]]: TODO: _cellSpursJobQueuePort2CopyPushJobBody
[E : PPU[58] Thread (CRI Server Manager)[0x006d4064]]: TODO: cellSpursJobQueuePort2Sync
[E : PPU[58] Thread (CRI Server Manager)[0x006d4034]]: TODO: _cellSpursJobQueuePort2CopyPushJobBody
[E : PPU[58] Thread (CRI Server Manager)[0x006d4064]]: TODO: cellSpursJobQueuePort2Sync
[E : PPU[58] Thread (CRI Server Manager)[0x006d4064]]: TODO: cellSpursJobQueuePort2Sync
[E : PPU[58] Thread (CRI Server Manager)[0x006d4064]]: TODO: cellSpursJobQueuePort2Sync
[E : PPU[58] Thread (CRI Server Manager)[0x006d4064]]: TODO: cellSpursJobQueuePort2Sync
[E : PPU[58] Thread (CRI Server Manager)[0x006d4064]]: TODO: cellSpursJobQueuePort2Sync
[W : PPU[58] Thread (CRI Server Manager)[0x006d0028]]: cellAudio warning: cellAudioGetPortConfig(portNum=0x0, portConfig_addr=0x3682f7f0)
[E : PPU[58] Thread (CRI Server Manager)[0x006d4034]]: TODO: _cellSpursJobQueuePort2CopyPushJobBody
[E : PPU[58] Thread (CRI Server Manager)[0x006d4064]]: TODO: cellSpursJobQueuePort2Sync
[E : PPU[58] Thread (CRI Server Manager)[0x006d4034]]: TODO: _cellSpursJobQueuePort2CopyPushJobBody
[E : PPU[58] Thread (CRI Server Manager)[0x006d4064]]: TODO: cellSpursJobQueuePort2Sync
[E : PPU[58] Thread (CRI Server Manager)[0x006d4034]]: TODO: _cellSpursJobQueuePort2CopyPushJobBody
[E : PPU[58] Thread (CRI Server Manager)[0x006d4064]]: TODO: cellSpursJobQueuePort2Sync
[E : PPU[58] Thread (CRI Server Manager)[0x006d4034]]: TODO: _cellSpursJobQueuePort2CopyPushJobBody
[E : PPU[58] Thread (CRI Server Manager)[0x006d4064]]: TODO: cellSpursJobQueuePort2Sync
[E : PPU[58] Thread (CRI Server Manager)[0x006d4064]]: TODO: cellSpursJobQueuePort2Sync
[E : PPU[58] Thread (CRI Server Manager)[0x006d4064]]: TODO: cellSpursJobQueuePort2Sync
[E : PPU[58] Thread (CRI Server Manager)[0x006d4064]]: TODO: cellSpursJobQueuePort2Sync
[E : PPU[58] Thread (CRI Server Manager)[0x006d4064]]: TODO: cellSpursJobQueuePort2Sync
[W : PPU[58] Thread (CRI Server Manager)[0x006d0028]]: cellAudio warning: cellAudioGetPortConfig(portNum=0x0, portConfig_addr=0x3682f7f0)
[E : PPU[58] Thread (CRI Server Manager)[0x006d4034]]: TODO: _cellSpursJobQueuePort2CopyPushJobBody
[E : PPU[58] Thread (CRI Server Manager)[0x006d4064]]: TODO: cellSpursJobQueuePort2Sync
[E : PPU[58] Thread (CRI Server Manager)[0x006d4034]]: TODO: _cellSpursJobQueuePort2CopyPushJobBody
[E : PPU[58] Thread (CRI Server Manager)[0x006d4064]]: TODO: cellSpursJobQueuePort2Sync
[E : PPU[58] Thread (CRI Server Manager)[0x006d4034]]: TODO: _cellSpursJobQueuePort2CopyPushJobBody
[E : PPU[58] Thread (CRI Server Manager)[0x006d4064]]: TODO: cellSpursJobQueuePort2Sync
[E : PPU[58] Thread (CRI Server Manager)[0x006d4064]]: TODO: cellSpursJobQueuePort2Sync
[E : PPU[58] Thread (CRI Server Manager)[0x006d4064]]: TODO: cellSpursJobQueuePort2Sync
[E : PPU[58] Thread (CRI Server Manager)[0x006d4064]]: TODO: cellSpursJobQueuePort2Sync
[E : PPU[58] Thread (CRI Server Manager)[0x006d4064]]: TODO: cellSpursJobQueuePort2Sync
[W : PPU[58] Thread (CRI Server Manager)[0x006d0028]]: cellAudio warning: cellAudioGetPortConfig(portNum=0x0, portConfig_addr=0x3682f7f0)
[E : PPU[58] Thread (CRI Server Manager)[0x006d4034]]: TODO: _cellSpursJobQueuePort2CopyPushJobBody
[E : PPU[58] Thread (CRI Server Manager)[0x006d4064]]: TODO: cellSpursJobQueuePort2Sync
[E : PPU[58] Thread (CRI Server Manager)[0x006d4034]]: TODO: _cellSpursJobQueuePort2CopyPushJobBody
[E : PPU[58] Thread (CRI Server Manager)[0x006d4064]]: TODO: cellSpursJobQueuePort2Sync
[E : PPU[58] Thread (CRI Server Manager)[0x006d4034]]: TODO: _cellSpursJobQueuePort2CopyPushJobBody
[E : PPU[58] Thread (CRI Server Manager)[0x006d4064]]: TODO: cellSpursJobQueuePort2Sync
[E : PPU[58] Thread (CRI Server Manager)[0x006d4064]]: TODO: cellSpursJobQueuePort2Sync
[E : PPU[58] Thread (CRI Server Manager)[0x006d4064]]: TODO: cellSpursJobQueuePort2Sync
[E : PPU[58] Thread (CRI Server Manager)[0x006d4064]]: TODO: cellSpursJobQueuePort2Sync
[E : PPU[58] Thread (CRI Server Manager)[0x006d4064]]: TODO: cellSpursJobQueuePort2Sync
[W : PPU[58] Thread (CRI Server Manager)[0x006d0028]]: cellAudio warning: cellAudioGetPortConfig(portNum=0x0, portConfig_addr=0x3682f7f0)
[E : PPU[58] Thread (CRI Server Manager)[0x006d4034]]: TODO: _cellSpursJobQueuePort2CopyPushJobBody
[E : PPU[58] Thread (CRI Server Manager)[0x006d4064]]: TODO: cellSpursJobQueuePort2Sync
[E : PPU[58] Thread (CRI Server Manager)[0x006d4034]]: TODO: _cellSpursJobQueuePort2CopyPushJobBody
[E : PPU[58] Thread (CRI Server Manager)[0x006d4064]]: TODO: cellSpursJobQueuePort2Sync
[E : PPU[58] Thread (CRI Server Manager)[0x006d4034]]: TODO: _cellSpursJobQueuePort2CopyPushJobBody
[E : PPU[58] Thread (CRI Server Manager)[0x006d4064]]: TODO: cellSpursJobQueuePort2Sync
[E : PPU[1] Thread (CPUThread)[0x006ca004]]: TODO: SJISstoUTF8s
[E : PPU[58] Thread (CRI Server Manager)[0x006d4064]]: TODO: cellSpursJobQueuePort2Sync
[E : PPU[58] Thread (CRI Server Manager)[0x006d4064]]: TODO: cellSpursJobQueuePort2Sync
[E : PPU[58] Thread (CRI Server Manager)[0x006d4064]]: TODO: cellSpursJobQueuePort2Sync
[E : PPU[58] Thread (CRI Server Manager)[0x006d4064]]: TODO: cellSpursJobQueuePort2Sync
[W : PPU[58] Thread (CRI Server Manager)[0x006d0028]]: cellAudio warning: cellAudioGetPortConfig(portNum=0x0, portConfig_addr=0x3682f7f0)
[E : PPU[58] Thread (CRI Server Manager)[0x006d4034]]: TODO: _cellSpursJobQueuePort2CopyPushJobBody
[E : PPU[58] Thread (CRI Server Manager)[0x006d4064]]: TODO: cellSpursJobQueuePort2Sync
[E : PPU[58] Thread (CRI Server Manager)[0x006d4034]]: TODO: _cellSpursJobQueuePort2CopyPushJobBody
[E : PPU[58] Thread (CRI Server Manager)[0x006d4064]]: TODO: cellSpursJobQueuePort2Sync
[E : PPU[58] Thread (CRI Server Manager)[0x006d4034]]: TODO: _cellSpursJobQueuePort2CopyPushJobBody
[E : PPU[58] Thread (CRI Server Manager)[0x006d4064]]: TODO: cellSpursJobQueuePort2Sync
[E : PPU[58] Thread (CRI Server Manager)[0x006d4064]]: TODO: cellSpursJobQueuePort2Sync
[E : PPU[58] Thread (CRI Server Manager)[0x006d4064]]: TODO: cellSpursJobQueuePort2Sync
[E : PPU[58] Thread (CRI Server Manager)[0x006d4064]]: TODO: cellSpursJobQueuePort2Sync
[E : PPU[58] Thread (CRI Server Manager)[0x006d4064]]: TODO: cellSpursJobQueuePort2Sync
[W : PPU[58] Thread (CRI Server Manager)[0x006d0028]]: cellAudio warning: cellAudioGetPortConfig(portNum=0x0, portConfig_addr=0x3682f7f0)
[E : PPU[58] Thread (CRI Server Manager)[0x006d4034]]: TODO: _cellSpursJobQueuePort2CopyPushJobBody
[E : PPU[58] Thread (CRI Server Manager)[0x006d4064]]: TODO: cellSpursJobQueuePort2Sync
[E : PPU[58] Thread (CRI Server Manager)[0x006d4034]]: TODO: _cellSpursJobQueuePort2CopyPushJobBody
[E : PPU[58] Thread (CRI Server Manager)[0x006d4064]]: TODO: cellSpursJobQueuePort2Sync
[E : PPU[58] Thread (CRI Server Manager)[0x006d4034]]: TODO: _cellSpursJobQueuePort2CopyPushJobBody
[E : PPU[58] Thread (CRI Server Manager)[0x006d4064]]: TODO: cellSpursJobQueuePort2Sync
[E : PPU[58] Thread (CRI Server Manager)[0x006d4034]]: TODO: _cellSpursJobQueuePort2CopyPushJobBody
[E : PPU[58] Thread (CRI Server Manager)[0x006d4064]]: TODO: cellSpursJobQueuePort2Sync
[E : PPU[58] Thread (CRI Server Manager)[0x006d4064]]: TODO: cellSpursJobQueuePort2Sync
[E : PPU[58] Thread (CRI Server Manager)[0x006d4064]]: TODO: cellSpursJobQueuePort2Sync
[E : PPU[58] Thread (CRI Server Manager)[0x006d4064]]: TODO: cellSpursJobQueuePort2Sync
[E : PPU[58] Thread (CRI Server Manager)[0x006d4064]]: TODO: cellSpursJobQueuePort2Sync
[W : PPU[58] Thread (CRI Server Manager)[0x006d0028]]: cellAudio warning: cellAudioGetPortConfig(portNum=0x0, portConfig_addr=0x3682f7f0)
[E : PPU[58] Thread (CRI Server Manager)[0x006d4034]]: TODO: _cellSpursJobQueuePort2CopyPushJobBody
[E : PPU[58] Thread (CRI Server Manager)[0x006d4064]]: TODO: cellSpursJobQueuePort2Sync
[E : PPU[58] Thread (CRI Server Manager)[0x006d4034]]: TODO: _cellSpursJobQueuePort2CopyPushJobBody
[E : PPU[58] Thread (CRI Server Manager)[0x006d4064]]: TODO: cellSpursJobQueuePort2Sync
[E : PPU[58] Thread (CRI Server Manager)[0x006d4034]]: TODO: _cellSpursJobQueuePort2CopyPushJobBody
[E : PPU[58] Thread (CRI Server Manager)[0x006d4064]]: TODO: cellSpursJobQueuePort2Sync
[E : PPU[58] Thread (CRI Server Manager)[0x006d4034]]: TODO: _cellSpursJobQueuePort2CopyPushJobBody
[E : PPU[58] Thread (CRI Server Manager)[0x006d4064]]: TODO: cellSpursJobQueuePort2Sync
[E : PPU[58] Thread (CRI Server Manager)[0x006d4064]]: TODO: cellSpursJobQueuePort2Sync
[E : PPU[58] Thread (CRI Server Manager)[0x006d4064]]: TODO: cellSpursJobQueuePort2Sync
[E : PPU[58] Thread (CRI Server Manager)[0x006d4064]]: TODO: cellSpursJobQueuePort2Sync
[E : PPU[58] Thread (CRI Server Manager)[0x006d4064]]: TODO: cellSpursJobQueuePort2Sync
[W : PPU[58] Thread (CRI Server Manager)[0x006d0028]]: cellAudio warning: cellAudioGetPortConfig(portNum=0x0, portConfig_addr=0x3682f7f0)
[E : PPU[58] Thread (CRI Server Manager)[0x006d4034]]: TODO: _cellSpursJobQueuePort2CopyPushJobBody
[E : PPU[58] Thread (CRI Server Manager)[0x006d4064]]: TODO: cellSpursJobQueuePort2Sync
[E : PPU[58] Thread (CRI Server Manager)[0x006d4034]]: TODO: _cellSpursJobQueuePort2CopyPushJobBody
[E : PPU[58] Thread (CRI Server Manager)[0x006d4064]]: TODO: cellSpursJobQueuePort2Sync
[E : PPU[58] Thread (CRI Server Manager)[0x006d4034]]: TODO: _cellSpursJobQueuePort2CopyPushJobBody
[E : PPU[58] Thread (CRI Server Manager)[0x006d4064]]: TODO: cellSpursJobQueuePort2Sync
[E : PPU[58] Thread (CRI Server Manager)[0x006d4064]]: TODO: cellSpursJobQueuePort2Sync
[E : PPU[58] Thread (CRI Server Manager)[0x006d4064]]: TODO: cellSpursJobQueuePort2Sync
[E : PPU[58] Thread (CRI Server Manager)[0x006d4064]]: TODO: cellSpursJobQueuePort2Sync
[E : PPU[58] Thread (CRI Server Manager)[0x006d4064]]: TODO: cellSpursJobQueuePort2Sync
[W : PPU[58] Thread (CRI Server Manager)[0x006d0028]]: cellAudio warning: cellAudioGetPortConfig(portNum=0x0, portConfig_addr=0x3682f7f0)
[E : PPU[58] Thread (CRI Server Manager)[0x006d4034]]: TODO: _cellSpursJobQueuePort2CopyPushJobBody
[E : PPU[58] Thread (CRI Server Manager)[0x006d4064]]: TODO: cellSpursJobQueuePort2Sync
[E : PPU[58] Thread (CRI Server Manager)[0x006d4034]]: TODO: _cellSpursJobQueuePort2CopyPushJobBody
[E : PPU[58] Thread (CRI Server Manager)[0x006d4064]]: TODO: cellSpursJobQueuePort2Sync
[E : PPU[58] Thread (CRI Server Manager)[0x006d4034]]: TODO: _cellSpursJobQueuePort2CopyPushJobBody
[E : PPU[58] Thread (CRI Server Manager)[0x006d4064]]: TODO: cellSpursJobQueuePort2Sync
[E : PPU[58] Thread (CRI Server Manager)[0x006d4034]]: TODO: _cellSpursJobQueuePort2CopyPushJobBody
[E : PPU[58] Thread (CRI Server Manager)[0x006d4064]]: TODO: cellSpursJobQueuePort2Sync
[E : PPU[58] Thread (CRI Server Manager)[0x006d4064]]: TODO: cellSpursJobQueuePort2Sync
[E : PPU[58] Thread (CRI Server Manager)[0x006d4064]]: TODO: cellSpursJobQueuePort2Sync
[E : PPU[58] Thread (CRI Server Manager)[0x006d4064]]: TODO: cellSpursJobQueuePort2Sync
[E : PPU[58] Thread (CRI Server Manager)[0x006d4064]]: TODO: cellSpursJobQueuePort2Sync
[W : PPU[58] Thread (CRI Server Manager)[0x006d0028]]: cellAudio warning: cellAudioGetPortConfig(portNum=0x0, portConfig_addr=0x3682f7f0)
[E : PPU[58] Thread (CRI Server Manager)[0x006d4034]]: TODO: _cellSpursJobQueuePort2CopyPushJobBody
[E : PPU[58] Thread (CRI Server Manager)[0x006d4064]]: TODO: cellSpursJobQueuePort2Sync
[E : PPU[58] Thread (CRI Server Manager)[0x006d4034]]: TODO: _cellSpursJobQueuePort2CopyPushJobBody
[E : PPU[58] Thread (CRI Server Manager)[0x006d4064]]: TODO: cellSpursJobQueuePort2Sync
[E : PPU[58] Thread (CRI Server Manager)[0x006d4034]]: TODO: _cellSpursJobQueuePort2CopyPushJobBody
[E : PPU[58] Thread (CRI Server Manager)[0x006d4064]]: TODO: cellSpursJobQueuePort2Sync
[E : PPU[58] Thread (CRI Server Manager)[0x006d4034]]: TODO: _cellSpursJobQueuePort2CopyPushJobBody
[E : PPU[58] Thread (CRI Server Manager)[0x006d4064]]: TODO: cellSpursJobQueuePort2Sync
[E : PPU[58] Thread (CRI Server Manager)[0x006d4064]]: TODO: cellSpursJobQueuePort2Sync
[E : PPU[58] Thread (CRI Server Manager)[0x006d4064]]: TODO: cellSpursJobQueuePort2Sync
[E : PPU[58] Thread (CRI Server Manager)[0x006d4064]]: TODO: cellSpursJobQueuePort2Sync
[E : PPU[58] Thread (CRI Server Manager)[0x006d4064]]: TODO: cellSpursJobQueuePort2Sync
[W : PPU[58] Thread (CRI Server Manager)[0x006d0028]]: cellAudio warning: cellAudioGetPortConfig(portNum=0x0, portConfig_addr=0x3682f7f0)
[E : PPU[58] Thread (CRI Server Manager)[0x006d4034]]: TODO: _cellSpursJobQueuePort2CopyPushJobBody
[E : PPU[58] Thread (CRI Server Manager)[0x006d4064]]: TODO: cellSpursJobQueuePort2Sync
[E : PPU[58] Thread (CRI Server Manager)[0x006d4034]]: TODO: _cellSpursJobQueuePort2CopyPushJobBody
[E : PPU[58] Thread (CRI Server Manager)[0x006d4064]]: TODO: cellSpursJobQueuePort2Sync
[E : PPU[58] Thread (CRI Server Manager)[0x006d4034]]: TODO: _cellSpursJobQueuePort2CopyPushJobBody
[E : PPU[58] Thread (CRI Server Manager)[0x006d4064]]: TODO: cellSpursJobQueuePort2Sync
[E : PPU[58] Thread (CRI Server Manager)[0x006d4064]]: TODO: cellSpursJobQueuePort2Sync
[E : PPU[58] Thread (CRI Server Manager)[0x006d4064]]: TODO: cellSpursJobQueuePort2Sync
[E : PPU[58] Thread (CRI Server Manager)[0x006d4064]]: TODO: cellSpursJobQueuePort2Sync
[E : PPU[58] Thread (CRI Server Manager)[0x006d4064]]: TODO: cellSpursJobQueuePort2Sync
[W : PPU[58] Thread (CRI Server Manager)[0x006d0028]]: cellAudio warning: cellAudioGetPortConfig(portNum=0x0, portConfig_addr=0x3682f7f0)
[E : PPU[58] Thread (CRI Server Manager)[0x006d4034]]: TODO: _cellSpursJobQueuePort2CopyPushJobBody
[E : PPU[58] Thread (CRI Server Manager)[0x006d4064]]: TODO: cellSpursJobQueuePort2Sync
[E : PPU[58] Thread (CRI Server Manager)[0x006d4034]]: TODO: _cellSpursJobQueuePort2CopyPushJobBody
[E : PPU[58] Thread (CRI Server Manager)[0x006d4064]]: TODO: cellSpursJobQueuePort2Sync
[E : PPU[58] Thread (CRI Server Manager)[0x006d4034]]: TODO: _cellSpursJobQueuePort2CopyPushJobBody
[E : PPU[58] Thread (CRI Server Manager)[0x006d4064]]: TODO: cellSpursJobQueuePort2Sync
[E : PPU[58] Thread (CRI Server Manager)[0x006d4064]]: TODO: cellSpursJobQueuePort2Sync
[E : PPU[58] Thread (CRI Server Manager)[0x006d4064]]: TODO: cellSpursJobQueuePort2Sync
[E : PPU[58] Thread (CRI Server Manager)[0x006d4064]]: TODO: cellSpursJobQueuePort2Sync
[E : PPU[58] Thread (CRI Server Manager)[0x006d4064]]: TODO: cellSpursJobQueuePort2Sync
[W : PPU[58] Thread (CRI Server Manager)[0x006d0028]]: cellAudio warning: cellAudioGetPortConfig(portNum=0x0, portConfig_addr=0x3682f7f0)
[E : PPU[58] Thread (CRI Server Manager)[0x006d4034]]: TODO: _cellSpursJobQueuePort2CopyPushJobBody
[E : PPU[58] Thread (CRI Server Manager)[0x006d4064]]: TODO: cellSpursJobQueuePort2Sync
[E : PPU[58] Thread (CRI Server Manager)[0x006d4034]]: TODO: _cellSpursJobQueuePort2CopyPushJobBody
[E : PPU[58] Thread (CRI Server Manager)[0x006d4064]]: TODO: cellSpursJobQueuePort2Sync
[E : PPU[58] Thread (CRI Server Manager)[0x006d4034]]: TODO: _cellSpursJobQueuePort2CopyPushJobBody
[E : PPU[58] Thread (CRI Server Manager)[0x006d4064]]: TODO: cellSpursJobQueuePort2Sync
[E : PPU[58] Thread (CRI Server Manager)[0x006d4064]]: TODO: cellSpursJobQueuePort2Sync
[E : PPU[58] Thread (CRI Server Manager)[0x006d4064]]: TODO: cellSpursJobQueuePort2Sync
[E : PPU[58] Thread (CRI Server Manager)[0x006d4064]]: TODO: cellSpursJobQueuePort2Sync
[E : PPU[58] Thread (CRI Server Manager)[0x006d4064]]: TODO: cellSpursJobQueuePort2Sync
[W : PPU[58] Thread (CRI Server Manager)[0x006d0028]]: cellAudio warning: cellAudioGetPortConfig(portNum=0x0, portConfig_addr=0x3682f7f0)
[E : PPU[58] Thread (CRI Server Manager)[0x006d4034]]: TODO: _cellSpursJobQueuePort2CopyPushJobBody
[E : PPU[58] Thread (CRI Server Manager)[0x006d4064]]: TODO: cellSpursJobQueuePort2Sync
[E : PPU[58] Thread (CRI Server Manager)[0x006d4034]]: TODO: _cellSpursJobQueuePort2CopyPushJobBody
[E : PPU[58] Thread (CRI Server Manager)[0x006d4064]]: TODO: cellSpursJobQueuePort2Sync
[E : PPU[58] Thread (CRI Server Manager)[0x006d4034]]: TODO: _cellSpursJobQueuePort2CopyPushJobBody
[E : PPU[58] Thread (CRI Server Manager)[0x006d4064]]: TODO: cellSpursJobQueuePort2Sync
[E : PPU[58] Thread (CRI Server Manager)[0x006d4064]]: TODO: cellSpursJobQueuePort2Sync
[E : PPU[58] Thread (CRI Server Manager)[0x006d4064]]: TODO: cellSpursJobQueuePort2Sync
[E : PPU[58] Thread (CRI Server Manager)[0x006d4064]]: TODO: cellSpursJobQueuePort2Sync
[E : PPU[58] Thread (CRI Server Manager)[0x006d4064]]: TODO: cellSpursJobQueuePort2Sync
[W : PPU[58] Thread (CRI Server Manager)[0x006d0028]]: cellAudio warning: cellAudioGetPortConfig(portNum=0x0, portConfig_addr=0x3682f7f0)
[E : PPU[58] Thread (CRI Server Manager)[0x006d4034]]: TODO: _cellSpursJobQueuePort2CopyPushJobBody
[E : PPU[58] Thread (CRI Server Manager)[0x006d4064]]: TODO: cellSpursJobQueuePort2Sync
[E : PPU[58] Thread (CRI Server Manager)[0x006d4034]]: TODO: _cellSpursJobQueuePort2CopyPushJobBody
[E : PPU[58] Thread (CRI Server Manager)[0x006d4064]]: TODO: cellSpursJobQueuePort2Sync
[E : PPU[58] Thread (CRI Server Manager)[0x006d4034]]: TODO: _cellSpursJobQueuePort2CopyPushJobBody
[E : PPU[58] Thread (CRI Server Manager)[0x006d4064]]: TODO: cellSpursJobQueuePort2Sync
[E : PPU[58] Thread (CRI Server Manager)[0x006d4034]]: TODO: _cellSpursJobQueuePort2CopyPushJobBody
[E : PPU[58] Thread (CRI Server Manager)[0x006d4064]]: TODO: cellSpursJobQueuePort2Sync
[E : PPU[58] Thread (CRI Server Manager)[0x006d4064]]: TODO: cellSpursJobQueuePort2Sync
[E : PPU[58] Thread (CRI Server Manager)[0x006d4064]]: TODO: cellSpursJobQueuePort2Sync
[E : PPU[58] Thread (CRI Server Manager)[0x006d4064]]: TODO: cellSpursJobQueuePort2Sync
[E : PPU[58] Thread (CRI Server Manager)[0x006d4064]]: TODO: cellSpursJobQueuePort2Sync
[W : PPU[58] Thread (CRI Server Manager)[0x006d0028]]: cellAudio warning: cellAudioGetPortConfig(portNum=0x0, portConfig_addr=0x3682f7f0)
[E : PPU[58] Thread (CRI Server Manager)[0x006d4034]]: TODO: _cellSpursJobQueuePort2CopyPushJobBody
[E : PPU[58] Thread (CRI Server Manager)[0x006d4064]]: TODO: cellSpursJobQueuePort2Sync
[E : PPU[58] Thread (CRI Server Manager)[0x006d4034]]: TODO: _cellSpursJobQueuePort2CopyPushJobBody
[E : PPU[58] Thread (CRI Server Manager)[0x006d4064]]: TODO: cellSpursJobQueuePort2Sync
[E : PPU[58] Thread (CRI Server Manager)[0x006d4034]]: TODO: _cellSpursJobQueuePort2CopyPushJobBody
[E : PPU[58] Thread (CRI Server Manager)[0x006d4064]]: TODO: cellSpursJobQueuePort2Sync
[E : PPU[58] Thread (CRI Server Manager)[0x006d4034]]: TODO: _cellSpursJobQueuePort2CopyPushJobBody
[E : PPU[58] Thread (CRI Server Manager)[0x006d4064]]: TODO: cellSpursJobQueuePort2Sync
[E : PPU[58] Thread (CRI Server Manager)[0x006d4064]]: TODO: cellSpursJobQueuePort2Sync
[E : PPU[58] Thread (CRI Server Manager)[0x006d4064]]: TODO: cellSpursJobQueuePort2Sync
[E : PPU[58] Thread (CRI Server Manager)[0x006d4064]]: TODO: cellSpursJobQueuePort2Sync
[E : PPU[58] Thread (CRI Server Manager)[0x006d4064]]: TODO: cellSpursJobQueuePort2Sync
[W : PPU[58] Thread (CRI Server Manager)[0x006d0028]]: cellAudio warning: cellAudioGetPortConfig(portNum=0x0, portConfig_addr=0x3682f7f0)
[E : PPU[58] Thread (CRI Server Manager)[0x006d4034]]: TODO: _cellSpursJobQueuePort2CopyPushJobBody
[E : PPU[58] Thread (CRI Server Manager)[0x006d4064]]: TODO: cellSpursJobQueuePort2Sync
[E : PPU[58] Thread (CRI Server Manager)[0x006d4034]]: TODO: _cellSpursJobQueuePort2CopyPushJobBody
[E : PPU[58] Thread (CRI Server Manager)[0x006d4064]]: TODO: cellSpursJobQueuePort2Sync
[E : PPU[58] Thread (CRI Server Manager)[0x006d4034]]: TODO: _cellSpursJobQueuePort2CopyPushJobBody
[E : PPU[58] Thread (CRI Server Manager)[0x006d4064]]: TODO: cellSpursJobQueuePort2Sync
[E : PPU[58] Thread (CRI Server Manager)[0x006d4064]]: TODO: cellSpursJobQueuePort2Sync
[E : PPU[58] Thread (CRI Server Manager)[0x006d4064]]: TODO: cellSpursJobQueuePort2Sync
[E : PPU[58] Thread (CRI Server Manager)[0x006d4064]]: TODO: cellSpursJobQueuePort2Sync
[E : PPU[58] Thread (CRI Server Manager)[0x006d4064]]: TODO: cellSpursJobQueuePort2Sync
[W : PPU[58] Thread (CRI Server Manager)[0x006d0028]]: cellAudio warning: cellAudioGetPortConfig(portNum=0x0, portConfig_addr=0x3682f7f0)
[E : PPU[58] Thread (CRI Server Manager)[0x006d4034]]: TODO: _cellSpursJobQueuePort2CopyPushJobBody
[E : PPU[58] Thread (CRI Server Manager)[0x006d4064]]: TODO: cellSpursJobQueuePort2Sync
[E : PPU[58] Thread (CRI Server Manager)[0x006d4034]]: TODO: _cellSpursJobQueuePort2CopyPushJobBody
[E : PPU[58] Thread (CRI Server Manager)[0x006d4064]]: TODO: cellSpursJobQueuePort2Sync
[E : PPU[58] Thread (CRI Server Manager)[0x006d4034]]: TODO: _cellSpursJobQueuePort2CopyPushJobBody
[E : PPU[58] Thread (CRI Server Manager)[0x006d4064]]: TODO: cellSpursJobQueuePort2Sync
[E : PPU[58] Thread (CRI Server Manager)[0x006d4064]]: TODO: cellSpursJobQueuePort2Sync
[E : PPU[58] Thread (CRI Server Manager)[0x006d4064]]: TODO: cellSpursJobQueuePort2Sync
[E : PPU[58] Thread (CRI Server Manager)[0x006d4064]]: TODO: cellSpursJobQueuePort2Sync
[E : PPU[58] Thread (CRI Server Manager)[0x006d4064]]: TODO: cellSpursJobQueuePort2Sync
[W : PPU[58] Thread (CRI Server Manager)[0x006d0028]]: cellAudio warning: cellAudioGetPortConfig(portNum=0x0, portConfig_addr=0x3682f7f0)
[E : PPU[58] Thread (CRI Server Manager)[0x006d4034]]: TODO: _cellSpursJobQueuePort2CopyPushJobBody
[E : PPU[58] Thread (CRI Server Manager)[0x006d4064]]: TODO: cellSpursJobQueuePort2Sync
[E : PPU[58] Thread (CRI Server Manager)[0x006d4034]]: TODO: _cellSpursJobQueuePort2CopyPushJobBody
[E : PPU[58] Thread (CRI Server Manager)[0x006d4064]]: TODO: cellSpursJobQueuePort2Sync
[E : PPU[58] Thread (CRI Server Manager)[0x006d4034]]: TODO: _cellSpursJobQueuePort2CopyPushJobBody
[E : PPU[58] Thread (CRI Server Manager)[0x006d4064]]: TODO: cellSpursJobQueuePort2Sync
[E : PPU[58] Thread (CRI Server Manager)[0x006d4064]]: TODO: cellSpursJobQueuePort2Sync
[E : PPU[58] Thread (CRI Server Manager)[0x006d4064]]: TODO: cellSpursJobQueuePort2Sync
[E : PPU[58] Thread (CRI Server Manager)[0x006d4064]]: TODO: cellSpursJobQueuePort2Sync
[E : PPU[58] Thread (CRI Server Manager)[0x006d4064]]: TODO: cellSpursJobQueuePort2Sync
[W : PPU[58] Thread (CRI Server Manager)[0x006d0028]]: cellAudio warning: cellAudioGetPortConfig(portNum=0x0, portConfig_addr=0x3682f7f0)
[E : PPU[58] Thread (CRI Server Manager)[0x006d4034]]: TODO: _cellSpursJobQueuePort2CopyPushJobBody
[E : PPU[58] Thread (CRI Server Manager)[0x006d4064]]: TODO: cellSpursJobQueuePort2Sync
[E : PPU[58] Thread (CRI Server Manager)[0x006d4034]]: TODO: _cellSpursJobQueuePort2CopyPushJobBody
[E : PPU[58] Thread (CRI Server Manager)[0x006d4064]]: TODO: cellSpursJobQueuePort2Sync
[E : PPU[58] Thread (CRI Server Manager)[0x006d4034]]: TODO: _cellSpursJobQueuePort2CopyPushJobBody
[E : PPU[58] Thread (CRI Server Manager)[0x006d4064]]: TODO: cellSpursJobQueuePort2Sync
