[!]: path: /dev_hdd0/game/
[!]: Loading 'D:\Emulateurs\Rpcs3\dev_hdd0\game\BLJS10257-[J-Stars Victory VS Anison Sound Edition]/PS3_GAME/USRDIR/BOOT.BIN'...
[!]: Mount info:
[!]: /dev_hdd0/ -> D:\Emulateurs\Rpcs3\dev_hdd0\
[!]: /dev_hdd1/ -> D:\Emulateurs\Rpcs3\dev_hdd1\
[!]: /dev_flash/ -> D:\Emulateurs\Rpcs3\dev_flash\
[!]: /dev_usb000/ -> D:\Emulateurs\Rpcs3\dev_usb000\
[!]: /dev_usb/ -> D:\Emulateurs\Rpcs3\dev_usb000\
[!]: /app_home/ -> D:\Emulateurs\Rpcs3\dev_hdd0\game\BLJS10257-[J-Stars Victory VS Anison Sound Edition]/PS3_GAME/\USRDIR\
[!]: /dev_bdvd/ -> D:\Emulateurs\Rpcs3\dev_hdd0\game\BLJS10257-[J-Stars Victory VS Anison Sound Edition]/PS3_GAME/\..\
[!]: /host_root/ -> 
[!]: ///resource/ -> D:\Emulateurs\Rpcs3\dev_hdd0\game\BLJS10257-[J-Stars Victory VS Anison Sound Edition]/PS3_GAME/\USRDIR\resource\
[!]: /app_home/Game/PS3_GAME/USRDIR/ -> D:\Emulateurs\Rpcs3\dev_hdd0\game\BLJS10257-[J-Stars Victory VS Anison Sound Edition]/PS3_GAME/\USRDIR\
[!]: /app_home/PS3_GAME/USRDIR/media/ -> D:\Emulateurs\Rpcs3\dev_hdd0\game\BLJS10257-[J-Stars Victory VS Anison Sound Edition]/PS3_GAME/\USRDIR\media\
[!]: /Data/ -> D:\Emulateurs\Rpcs3\dev_hdd0\game\BLJS10257-[J-Stars Victory VS Anison Sound Edition]/PS3_GAME/\USRDIR\Data\
[!]: / -> D:\Emulateurs\Rpcs3\dev_hdd0\game\BLJS10257-[J-Stars Victory VS Anison Sound Edition]/PS3_GAME/\USRDIR\
[!]: /USRDIR/PS3_GAME/USRDIR/Data/ -> D:\Emulateurs\Rpcs3\dev_hdd0\game\BLJS10257-[J-Stars Victory VS Anison Sound Edition]/PS3_GAME/\USRDIR\Data\
[!]: /app_home//dev_bdvd/PS3_GAME/USRDIR/data/gos/ -> D:\Emulateurs\Rpcs3\dev_hdd0\game\BLJS10257-[J-Stars Victory VS Anison Sound Edition]/PS3_GAME/\USRDIR\
[!]: BD/ -> D:\Emulateurs\Rpcs3\dev_hdd0\game\BLJS10257-[J-Stars Victory VS Anison Sound Edition]/PS3_GAME/\USRDIR\
[!]: Initing memory...
[!]: Memory initialized.
[W]: Unknown function 0x99d397ac in 'cellGcmSys' module
[E]: TODO: cellGcmGetReport
[W]: Unknown function 0xffe0160e in 'cellGcmSys' module
[E]: TODO: cellGcmSetVBlankFrequency
[W]: Unknown function 0x303c19cd in 'cellSpurs' module
[E]: TODO: cellSpursCreateJobChainWithAttribute
[W]: Unknown function 0x3548f483 in 'cellSpurs' module
[E]: TODO: _cellSpursJobChainAttributeInitialize
[W]: Unknown function 0x5ef96465 in 'cellSpurs' module
[E]: TODO: _cellSpursEventFlagInitialize
[W]: Unknown function 0x68aaeba9 in 'cellSpurs' module
[E]: TODO: cellSpursJobGuardInitialize
[W]: Unknown function 0x6d2d9339 in 'cellSpurs' module
[E]: TODO: cellSpursEventFlagTryWait
[W]: Unknown function 0x738e40e6 in 'cellSpurs' module
[E]: TODO: cellSpursShutdownJobChain
[W]: Unknown function 0x9fef70c2 in 'cellSpurs' module
[E]: TODO: cellSpursJobChainAttributeSetName
[W]: Unknown function 0xa7c066de in 'cellSpurs' module
[E]: TODO: cellSpursJoinJobChain
[W]: Unknown function 0xd5d0b256 in 'cellSpurs' module
[E]: TODO: cellSpursJobGuardNotify
[W]: Unknown function 0xf31731bb in 'cellSpurs' module
[E]: TODO: cellSpursRunJobChain
[W]: Unknown function 0x039d70b7 in 'cellSpurs' module
[E]: TODO: cellSpursQueueDetachLv2EventQueue
[W]: Unknown function 0x082bfb09 in 'cellSpurs' module
[E]: TODO: _cellSpursQueueInitialize
[W]: Unknown function 0x13ae18f3 in 'cellSpurs' module
[E]: TODO: cellSpursTaskExitCodeGet
[W]: Unknown function 0x16394a4e in 'cellSpurs' module
[E]: TODO: _cellSpursTasksetAttributeInitialize
[W]: Unknown function 0x1d46fedf in 'cellSpurs' module
[E]: TODO: cellSpursCreateTaskWithAttribute
[W]: Unknown function 0x34552fa6 in 'cellSpurs' module
[E]: TODO: cellSpursTaskExitCodeInitialize
[W]: Unknown function 0x652b70e2 in 'cellSpurs' module
[E]: TODO: cellSpursTasksetAttributeSetName
[W]: Unknown function 0x8f122ef8 in 'cellSpurs' module
[E]: TODO: cellSpursTasksetAttributeSetTasksetSize
[W]: Unknown function 0x91066667 in 'cellSpurs' module
[E]: TODO: cellSpursQueuePopBody
[W]: Unknown function 0x92cff6ed in 'cellSpurs' module
[E]: TODO: cellSpursQueuePushBody
[W]: Unknown function 0xa121a224 in 'cellSpurs' module
[E]: TODO: cellSpursTaskAttributeSetExitCodeContainer
[W]: Unknown function 0xb8474eff in 'cellSpurs' module
[E]: TODO: _cellSpursTaskAttributeInitialize
[W]: Unknown function 0xc10931cb in 'cellSpurs' module
[E]: TODO: cellSpursCreateTasksetWithAttribute
[W]: Unknown function 0xe5443be7 in 'cellSpurs' module
[E]: TODO: cellSpursQueueAttachLv2EventQueue
[W]: Unknown function 0x12b1acf0 in 'cellFiber' module
[E]: TODO: cellFiberPpuRunFibers
[W]: Unknown function 0x6c164b3b in 'cellFiber' module
[E]: TODO: cellFiberPpuWaitSignal
[W]: Unknown function 0x7c2f4034 in 'cellFiber' module
[E]: TODO: cellFiberPpuCreateFiber
[W]: Unknown function 0x8afb8356 in 'cellFiber' module
[E]: TODO: cellFiberPpuSendSignal
[W]: Unknown function 0x8b6baa01 in 'cellFiber' module
[E]: TODO: cellFiberPpuFinalizeScheduler
[W]: Unknown function 0xa6004249 in 'cellFiber' module
[E]: TODO: cellFiberPpuJoinFiber
[W]: Unknown function 0xee3b604d in 'cellFiber' module
[E]: TODO: cellFiberPpuInitializeScheduler
[W]: Unknown function 0x55870804 in 'cellFiber' module
[E]: TODO: _cellFiberPpuInitialize
[W]: Unknown function 0x967a162b in 'sys_fs' module
[E]: TODO: cellFsFsync
[W]: Unknown function 0x43ddab4f in 'cellSpursJq' module
[E]: TODO: cellSpursJobQueueAttributeInitialize
[W]: Unknown function 0x8c97a96c in 'cellSpursJq' module
[E]: TODO: cellSpursShutdownJobQueue
[W]: Unknown function 0x8ce4cffa in 'cellSpursJq' module
[E]: TODO: cellSpursJoinJobQueue
[W]: Unknown function 0x983be7fc in 'cellSpursJq' module
[E]: TODO: _cellSpursCreateJobQueueWithJobDescriptorPool
[W]: Unknown function 0xc39173a4 in 'cellSpursJq' module
[E]: TODO: _cellSpursJobQueuePort2CopyPushJobBody
[W]: Unknown function 0xc485d207 in 'cellSpursJq' module
[E]: TODO: cellSpursJobQueuePort2Destroy
[W]: Unknown function 0xcf89f218 in 'cellSpursJq' module
[E]: TODO: _cellSpursJobQueuePort2PushJobBody
[W]: Unknown function 0xf11fe0f1 in 'cellSpursJq' module
[E]: TODO: cellSpursJobQueuePort2Create
[W]: Unknown function 0xfacb3ced in 'cellSpursJq' module
[E]: TODO: cellSpursJobQueuePort2Sync
[W]: Unknown function 0x3929948d in 'cellSync' module
[E]: TODO: cellSyncQueueInitialize
[W]: Unknown function 0x4da349b2 in 'cellSync' module
[E]: TODO: cellSyncQueueSize
[W]: Unknown function 0x4da6d7e0 in 'cellSync' module
[E]: TODO: cellSyncQueuePop
[W]: Unknown function 0xa5362e73 in 'cellSync' module
[E]: TODO: cellSyncQueueClear
[W]: Unknown function 0x20543730 in 'cellSysutil' module
[E]: TODO: cellMsgDialogClose
[W]: Unknown function 0x21425307 in 'cellSysutil' module
[E]: TODO: cellSaveDataListAutoLoad
[W]: Unknown function 0x2a8eada2 in 'cellSysutil' module
[E]: TODO: cellSaveDataFixedLoad2
[W]: Unknown function 0x2aae9ef5 in 'cellSysutil' module
[E]: TODO: cellSaveDataFixedSave2
[W]: Unknown function 0x35beade0 in 'cellSysutil' module
[E]: TODO: cellOskDialogGetSize
[W]: Unknown function 0x3d1e1931 in 'cellSysutil' module
[E]: TODO: cellOskDialogUnloadAsync
[W]: Unknown function 0x4dd03a4e in 'cellSysutil' module
[E]: TODO: cellSaveDataListAutoSave
[W]: Unknown function 0x7f21c918 in 'cellSysutil' module
[E]: TODO: cellOskDialogAddSupportLanguage
[W]: Unknown function 0x7fcfc915 in 'cellSysutil' module
[E]: TODO: cellOskDialogLoadAsync
[W]: Unknown function 0x8b7ed64b in 'cellSysutil' module
[E]: TODO: cellSaveDataAutoSave2
[W]: Unknown function 0x94862702 in 'cellSysutil' module
[E]: TODO: cellMsgDialogProgressBarInc
[W]: Unknown function 0xb53c54fa in 'cellSysutil' module
[E]: TODO: cellOskDialogSetKeyLayoutOption
[W]: Unknown function 0xc427890c in 'cellSysutil' module
[E]: TODO: cellOskDialogSetInitialKeyLayout
[W]: Unknown function 0xced17573 in 'cellSysutil' module
[E]: TODO: cellSaveDataFixedDelete
[W]: Unknown function 0xe7fa820b in 'cellSysutil' module
[E]: TODO: cellSaveDataEnableOverlay
[W]: Unknown function 0xedadd797 in 'cellSysutil' module
[E]: TODO: cellSaveDataDelete2
[W]: Unknown function 0xf0ec3ccc in 'cellSysutil' module
[E]: TODO: cellOskDialogSetLayoutMode
[W]: Unknown function 0xfbd5c856 in 'cellSysutil' module
[E]: TODO: cellSaveDataAutoLoad2
[W]: Unknown function 0x220894e3 in 'cellSysutil' module
[E]: TODO: cellSysutilEnableBgmPlayback
[W]: Unknown function 0x6cfd856f in 'cellSysutil' module
[E]: TODO: cellSysutilGetBgmPlaybackStatus2
[W]: Unknown function 0xcfdd8e87 in 'cellSysutil' module
[E]: TODO: cellSysutilDisableBgmPlayback
[W]: Unknown function 0x28724522 in 'cellL10n' module
[E]: TODO: UTF8toUCS2
[W]: Unknown function 0x596df41c in 'cellL10n' module
[E]: TODO: UCS2toSJIS
[W]: Unknown function 0x6122e000 in 'cellL10n' module
[E]: TODO: SJIStoUTF8
[W]: Unknown function 0xa9a76fb8 in 'cellL10n' module
[E]: TODO: UCS2toUTF8
[W]: Unknown function 0xbdd44ee3 in 'cellL10n' module
[E]: TODO: SJIStoUCS2
[W]: Unknown function 0xeb3dc670 in 'cellL10n' module
[E]: TODO: UTF8toSJIS
[W]: Unknown module 'cellSearchUtility'
[W]: Unknown module 'cellMusicUtility'
[W]: Unknown function 0x01fbbc9b in 'sceNp' module
[E]: TODO: sceNpBasicSendMessageGui
[W]: Unknown function 0x04372385 in 'sceNp' module
[E]: TODO: sceNpBasicGetFriendListEntry
[W]: Unknown function 0x155de760 in 'sceNp' module
[E]: TODO: sceNpSignalingGetConnectionInfo
[W]: Unknown function 0x21206642 in 'sceNp' module
[E]: TODO: sceNpScoreGetRankingByRangeAsync
[W]: Unknown function 0x259113b8 in 'sceNp' module
[E]: TODO: sceNpScoreDestroyTitleCtx
[W]: Unknown function 0x29dd45dc in 'sceNp' module
[E]: TODO: sceNpScoreSetTimeout
[W]: Unknown function 0x32cf311f in 'sceNp' module
[E]: TODO: sceNpScoreInit
[W]: Unknown function 0x3db7914d in 'sceNp' module
[E]: TODO: sceNpScoreGetRankingByNpIdAsync
[W]: Unknown function 0x4026eac5 in 'sceNp' module
[E]: TODO: sceNpBasicRegisterContextSensitiveHandler
[W]: Unknown function 0x50b86d94 in 'sceNp' module
[E]: TODO: sceNpSignalingAddExtendedHandler
[W]: Unknown function 0x60897c38 in 'sceNp' module
[E]: TODO: sceNpSignalingActivateConnection
[W]: Unknown function 0x6356082e in 'sceNp' module
[E]: TODO: sceNpSignalingCreateCtx
[W]: Unknown function 0x64a704cc in 'sceNp' module
[E]: TODO: sceNpBasicRecvMessageAttachmentLoad
[W]: Unknown function 0x6ee62ed2 in 'sceNp' module
[E]: TODO: sceNpManagerGetContentRatingFlag
[W]: Unknown function 0x6f5e8143 in 'sceNp' module
[E]: TODO: sceNpScoreCreateTransactionCtx
[W]: Unknown function 0x73931bd0 in 'sceNp' module
[E]: TODO: sceNpBasicGetBlockListEntryCount
[W]: Unknown function 0x806960ab in 'sceNp' module
[E]: TODO: sceNpBasicRecvMessageCustom
[W]: Unknown function 0x9851f805 in 'sceNp' module
[E]: TODO: sceNpScoreTerm
[W]: Unknown function 0xa7a090e5 in 'sceNp' module
[E]: TODO: sceNpScorePollAsync
[W]: Unknown function 0xa8afa7d4 in 'sceNp' module
[E]: TODO: sceNpBasicGetCustomInvitationEntryCount
[W]: Unknown function 0xa8cf8451 in 'sceNp' module
[E]: TODO: sceNpSignalingDestroyCtx
[W]: Unknown function 0xafef640d in 'sceNp' module
[E]: TODO: sceNpBasicGetFriendListEntryCount
[W]: Unknown function 0xb1e0718b in 'sceNp' module
[E]: TODO: sceNpManagerGetAccountRegion
[W]: Unknown function 0xb9f93bbb in 'sceNp' module
[E]: TODO: sceNpScoreCreateTitleCtx
[W]: Unknown function 0xbcdbb2ab in 'sceNp' module
[E]: TODO: sceNpBasicAddPlayersHistoryAsync
[W]: Unknown function 0xbdc07fd5 in 'sceNp' module
[E]: TODO: sceNpManagerGetNetworkTime
[W]: Unknown function 0xc5f4cf82 in 'sceNp' module
[E]: TODO: sceNpScoreDestroyTransactionCtx
[W]: Unknown function 0xca0a2d04 in 'sceNp' module
[E]: TODO: sceNpSignalingGetConnectionStatus
[W]: Unknown function 0xceeebc7a in 'sceNp' module
[E]: TODO: sceNpProfileCallGui
[W]: Unknown function 0xd208f91d in 'sceNp' module
[E]: TODO: sceNpUtilCmpNpId
[W]: Unknown function 0xe035f7d6 in 'sceNp' module
[E]: TODO: sceNpBasicGetEvent
[W]: Unknown function 0xe7dcd3b4 in 'sceNp' module
[E]: TODO: sceNpManagerRegisterCallback
[W]: Unknown function 0xeb7a3d84 in 'sceNp' module
[E]: TODO: sceNpManagerGetChatRestrictionFlag
[W]: Unknown function 0xee5b20d9 in 'sceNp' module
[E]: TODO: sceNpScoreAbortTransaction
[W]: Unknown function 0xf0b1e399 in 'sceNp' module
[E]: TODO: sceNpScoreRecordScoreAsync
[W]: Unknown function 0xf2b3338a in 'sceNp' module
[E]: TODO: sceNpBasicGetBlockListEntry
[W]: Unknown function 0xfd0eb5ae in 'sceNp' module
[E]: TODO: sceNpSignalingDeactivateConnection
[W]: Unknown function 0xfe37a7f4 in 'sceNp' module
[E]: TODO: sceNpManagerGetNpId
[W]: Unknown function 0xa9a079e0 in 'sys_net' module
[E]: TODO: inet_aton
[W]: Unknown function 0xdabbc2c0 in 'sys_net' module
[E]: TODO: inet_addr
[W]: Unknown function 0x01379fd7 in 'sceNp2' module
[E]: TODO: sceNpMatching2DestroyContext
[W]: Unknown function 0x05bf2fbd in 'sceNp2' module
[E]: TODO: sceNpMatching2GetWorldInfoList
[W]: Unknown function 0x0d22867f in 'sceNp2' module
[E]: TODO: sceNpMatching2SearchRoom
[W]: Unknown function 0x16b3e5a4 in 'sceNp2' module
[E]: TODO: sceNpMatching2CreateServerContext
[W]: Unknown function 0x1f372697 in 'sceNp2' module
[E]: TODO: sceNpMatching2LeaveRoom
[W]: Unknown function 0x215b0d75 in 'sceNp2' module
[E]: TODO: sceNpMatching2SetRoomDataExternal
[W]: Unknown function 0x2ed909dc in 'sceNp2' module
[E]: TODO: sceNpMatching2AbortRequest
[W]: Unknown function 0x3457c0db in 'sceNp2' module
[E]: TODO: sceNpMatching2GetServerInfo
[W]: Unknown function 0x3c00c9d4 in 'sceNp2' module
[E]: TODO: sceNpMatching2GetEventData
[W]: Unknown function 0x41251f74 in 'sceNp2' module
[E]: TODO: sceNp2Init
[W]: Unknown function 0x430ce063 in 'sceNp2' module
[E]: TODO: sceNpMatching2AbortContextStart
[W]: Unknown function 0x5721e711 in 'sceNp2' module
[E]: TODO: sceNpMatching2JoinRoom
[W]: Unknown function 0x66f19527 in 'sceNp2' module
[E]: TODO: sceNpMatching2KickoutRoomMember
[W]: Unknown function 0x6ba4c668 in 'sceNp2' module
[E]: TODO: sceNpMatching2ContextStartAsync
[W]: Unknown function 0x748029a2 in 'sceNp2' module
[E]: TODO: sceNpMatching2RegisterContextCallback
[W]: Unknown function 0x8d3f8d49 in 'sceNp2' module
[E]: TODO: sceNpMatching2SignalingGetPingInfo
[W]: Unknown function 0x8e5cfe9f in 'sceNp2' module
[E]: TODO: sceNpMatching2GetServerIdListLocal
[W]: Unknown function 0x9cbce3f2 in 'sceNp2' module
[E]: TODO: sceNpMatching2CreateContext
[W]: Unknown function 0xaadb7c12 in 'sceNp2' module
[E]: TODO: sceNp2Term
[W]: Unknown function 0xdcb6b27d in 'sceNp2' module
[E]: TODO: sceNpMatching2RegisterRoomEventCallback
[W]: Unknown function 0xe7a3bc7a in 'sceNp2' module
[E]: TODO: sceNpMatching2CreateJoinRoom
[W]: Unknown function 0xf43c647a in 'sceNp2' module
[E]: TODO: sceNpMatching2ContextStop
[W]: Unknown function 0xf4babd3f in 'sceNp2' module
[E]: TODO: sceNpMatching2Init2
[W]: Unknown module 'cellSysutilAvc2'
[W]: Unknown module 'cellSaveData'
[W]: Unknown module 'cellOskExtUtility'
[W]: Unknown module 'sceNpTus'
[W]: Unknown function 0xdd3b27ac in 'sysPrxForUser' module
[E]: TODO: _sys_spu_printf_finalize
[W : PPU[1] Thread (CPUThread)[0x009bd04c]]: sys_lwmutex warning: *** lwmutex created [_lc_mtx] (attribute=0x12): sq_id = 3
[W : PPU[1] Thread (CPUThread)[0x007008bc]]: memory warning: sys_memory_get_user_memory_size(mem_info_addr=0xd0010c04)
[W : PPU[1] Thread (CPUThread)[0x009bd04c]]: sys_lwmutex warning: *** lwmutex created [_lc_mtx] (attribute=0x12): sq_id = 4
[W : PPU[1] Thread (CPUThread)[0x009bd04c]]: sys_lwmutex warning: *** lwmutex created [_lc_mtx] (attribute=0x12): sq_id = 5
[W : PPU[1] Thread (CPUThread)[0x009bd04c]]: sys_lwmutex warning: *** lwmutex created [_lc_mtx] (attribute=0x12): sq_id = 6
[W : PPU[1] Thread (CPUThread)[0x009bd04c]]: sys_lwmutex warning: *** lwmutex created [_lc_mtx] (attribute=0x12): sq_id = 7
[W : PPU[1] Thread (CPUThread)[0x009bd04c]]: sys_lwmutex warning: *** lwmutex created [_lc_mtx] (attribute=0x12): sq_id = 8
[W : PPU[1] Thread (CPUThread)[0x009bd04c]]: sys_lwmutex warning: *** lwmutex created [_lc_mtx] (attribute=0x12): sq_id = 9
[W : PPU[1] Thread (CPUThread)[0x009bd04c]]: sys_lwmutex warning: *** lwmutex created [_lc_mtx] (attribute=0x12): sq_id = 10
[W : PPU[1] Thread (CPUThread)[0x009bd04c]]: sys_lwmutex warning: *** lwmutex created [_lc_mtx] (attribute=0x12): sq_id = 11
[W : PPU[1] Thread (CPUThread)[0x009bd04c]]: sys_lwmutex warning: *** lwmutex created [_lc_mtx] (attribute=0x12): sq_id = 12
[W : PPU[1] Thread (CPUThread)[0x00654e58]]: memory warning: sys_memory_get_user_memory_size(mem_info_addr=0xd0010b20)
[W : PPU[1] Thread (CPUThread)[0x009bd04c]]: sys_lwmutex warning: *** lwmutex created [] (attribute=0x22): sq_id = 13
[W : PPU[1] Thread (CPUThread)[0x009bd04c]]: sys_lwmutex warning: *** lwmutex created [] (attribute=0x22): sq_id = 14
[W : PPU[1] Thread (CPUThread)[0x00999070]]: cellSysutil warning: cellSysutilGetSystemParamInt: CELL_SYSUTIL_SYSTEMPARAM_ID_LANG
[E : PPU[1] Thread (CPUThread)[0x00999184]]: TODO: cellSysutilGetBgmPlaybackStatus2
[E : PPU[1] Thread (CPUThread)[0x00999178]]: TODO: cellSysutilEnableBgmPlayback
[W : PPU[1] Thread (CPUThread)[0x0099f010]]: cellSysmodule warning: cellSysmoduleLoadModule(CELL_SYSMODULE_SYSUTIL_GAME)
[W : PPU[1] Thread (CPUThread)[0x009a1064]]: cellGame warning: cellGameBootCheck(type_addr=0xd0010954, attributes_addr=0xd0010950, size_addr=0xd001096c, dirName_addr=0x3ce009fc)
[W : PPU[1] Thread (CPUThread)[0x009a1010]]: cellGame warning: cellGameContentPermit(contentInfoPath_addr=0x3ce00a7d, usrdirPath_addr=0x3ce00afe)
[E : PPU[1] Thread (CPUThread)[0x009a104c]]: cellGame error: Unimplemented function: cellGameDataCheck
[W : PPU[1] Thread (CPUThread)[0x009a1010]]: cellGame warning: cellGameContentPermit(contentInfoPath_addr=0x3ce00b7f, usrdirPath_addr=0x3ce00c00)
[W : PPU[1] Thread (CPUThread)[0x0099f004]]: cellSysmodule warning: cellSysmoduleUnloadModule(CELL_SYSMODULE_SYSUTIL_GAME)
[W : PPU[1] Thread (CPUThread)[0x00999070]]: cellSysutil warning: cellSysutilGetSystemParamInt: CELL_SYSUTIL_SYSTEMPARAM_ID_ENTER_BUTTON_ASSIGN
[W : PPU[1] Thread (CPUThread)[0x00999190]]: cellSysutil warning: cellSysutilRegisterCallback(slot=0, func_addr=0x8d9a78, userdata=0x0)
[W : PPU[1] Thread (CPUThread)[0x0099f010]]: cellSysmodule warning: cellSysmoduleLoadModule(CELL_SYSMODULE_IO)
[W : PPU[1] Thread (CPUThread)[0x0099f010]]: cellSysmodule warning: cellSysmoduleLoadModule(CELL_SYSMODULE_FS)
[W : PPU[1] Thread (CPUThread)[0x0099f010]]: cellSysmodule warning: cellSysmoduleLoadModule(CELL_SYSMODULE_GCM_SYS)
[W : PPU[1] Thread (CPUThread)[0x0099f010]]: cellSysmodule warning: cellSysmoduleLoadModule(CELL_SYSMODULE_AUDIO)
[W : PPU[1] Thread (CPUThread)[0x0099f010]]: cellSysmodule warning: cellSysmoduleLoadModule(CELL_SYSMODULE_FIBER)
[W : PPU[1] Thread (CPUThread)[0x0099f010]]: cellSysmodule warning: cellSysmoduleLoadModule(CELL_SYSMODULE_L10N)
[W : PPU[1] Thread (CPUThread)[0x0099f010]]: cellSysmodule warning: cellSysmoduleLoadModule(CELL_SYSMODULE_RTC)
[W : PPU[1] Thread (CPUThread)[0x0099f010]]: cellSysmodule warning: cellSysmoduleLoadModule(CELL_SYSMODULE_VDEC_MPEG2)
[W : PPU[1] Thread (CPUThread)[0x0099f010]]: cellSysmodule warning: cellSysmoduleLoadModule(CELL_SYSMODULE_SYSUTIL_NP2)
[W : PPU[1] Thread (CPUThread)[0x0099f010]]: cellSysmodule warning: cellSysmoduleLoadModule(CELL_SYSMODULE_NET)
[W : PPU[1] Thread (CPUThread)[0x0099f010]]: cellSysmodule warning: cellSysmoduleLoadModule(CELL_SYSMODULE_RTC)
[W : PPU[1] Thread (CPUThread)[0x0099f010]]: cellSysmodule warning: cellSysmoduleLoadModule(CELL_SYSMODULE_SYSUTIL_SAVEDATA)
[W : PPU[1] Thread (CPUThread)[0x0099f010]]: cellSysmodule warning: cellSysmoduleLoadModule(CELL_SYSMODULE_SYSUTIL_GAME)
[W : PPU[1] Thread (CPUThread)[0x0099f010]]: cellSysmodule warning: cellSysmoduleLoadModule(CELL_SYSMODULE_SYSUTIL_AVCHAT2)
[W : PPU[1] Thread (CPUThread)[0x0099f010]]: cellSysmodule warning: cellSysmoduleLoadModule(CELL_SYSMODULE_SYSUTIL_SEARCH)
[W : PPU[1] Thread (CPUThread)[0x0099f010]]: cellSysmodule warning: cellSysmoduleLoadModule(CELL_SYSMODULE_SYSUTIL_MUSIC2)
[W : PPU[1] Thread (CPUThread)[0x0099f010]]: cellSysmodule warning: cellSysmoduleLoadModule(CELL_SYSMODULE_SYSUTIL_NP_TUS)
[W : PPU[1] Thread (CPUThread)[0x009bd04c]]: sys_lwmutex warning: *** lwmutex created [] (attribute=0x22): sq_id = 15
[W : PPU[1] Thread (CPUThread)[0x009bd04c]]: sys_lwmutex warning: *** lwmutex created [] (attribute=0x22): sq_id = 16
[W : PPU[1] Thread (CPUThread)[0x0051fdd0]]: sys_spu warning: sys_spu_initialize(max_usable_spu=6, max_raw_spu=0)
[W : PPU[1] Thread (CPUThread)[0x009bd0ac]]: sysPrxForUser warning: sys_ppu_thread_once(once_ctrl_addr=0x98649c, entry=0x8ded20)
[E : PPU[1] Thread (CPUThread)[0x0051fdf0]]: Unknown syscall: 254 - 000000fe
[W : PPU[17] Thread (CPUThread)[0x009bd04c]]: sys_lwmutex warning: *** lwmutex created [_lc_spf] (attribute=0x22): sq_id = 18
[W : PPU[1] Thread (CPUThread)[0x0098d028]]: cellSpurs warning: _cellSpursAttributeInitialize(attr_addr=0xd00104d0, nSpus=2, spuPriority=3342336, ppuPriority=6, exitIfNoWork=250)
[W : PPU[1] Thread (CPUThread)[0x0098d004]]: cellSpurs warning: cellSpursAttributeSetNamePrefix(attr_addr=0xd00104d0, prefix_addr=0x7dc9e0, size=0x7)
[E : PPU[1] Thread (CPUThread)[0x0098d010]]: cellSpurs error: cellSpursAttributeEnableSpuPrintfIfAvailable(attr_addr=0xd00104d0)
[E : PPU[1] Thread (CPUThread)[0x0098d034]]: cellSpurs error: cellSpursAttributeEnableSystemWorkload(attr_addr=0xd00104d0, priority[93515736], maxSpu=1, isPreemptible[93515744])
[W : PPU[1] Thread (CPUThread)[0x0098d01c]]: cellSpurs warning: cellSpursInitializeWithAttribute2(spurs_addr=0x3f7eb780, spurs_addr=0xd00104d0)
[W : PPU[1] Thread (CPUThread)[0x0099f01c]]: cellSysmodule warning: cellSysmoduleIsLoaded(CELL_SYSMODULE_FIBER)
[E : PPU[1] Thread (CPUThread)[0x0098f058]]: TODO: _cellFiberPpuInitialize
[E : PPU[1] Thread (CPUThread)[0x0098f04c]]: TODO: cellFiberPpuInitializeScheduler
[E : PPU[1] Thread (CPUThread)[0x0098f01c]]: TODO: cellFiberPpuCreateFiber
[E : PPU[1] Thread (CPUThread)[0x0098d064]]: TODO: _cellSpursJobChainAttributeInitialize
[E : PPU[1] Thread (CPUThread)[0x0098d0b8]]: TODO: cellSpursJobChainAttributeSetName
[E : PPU[1] Thread (CPUThread)[0x0098d058]]: TODO: cellSpursCreateJobChainWithAttribute
[E : PPU[1] Thread (CPUThread)[0x0098d088]]: TODO: cellSpursJobGuardInitialize
[E : PPU[1] Thread (CPUThread)[0x0098d0dc]]: TODO: cellSpursRunJobChain
[E : PPU[1] Thread (CPUThread)[0x0098f01c]]: TODO: cellFiberPpuCreateFiber
[E : PPU[1] Thread (CPUThread)[0x0098d064]]: TODO: _cellSpursJobChainAttributeInitialize
[E : PPU[1] Thread (CPUThread)[0x0098d0b8]]: TODO: cellSpursJobChainAttributeSetName
[E : PPU[1] Thread (CPUThread)[0x0098d058]]: TODO: cellSpursCreateJobChainWithAttribute
[E : PPU[1] Thread (CPUThread)[0x0098d088]]: TODO: cellSpursJobGuardInitialize
[E : PPU[1] Thread (CPUThread)[0x0098d0dc]]: TODO: cellSpursRunJobChain
[E : PPU[1] Thread (CPUThread)[0x0098f01c]]: TODO: cellFiberPpuCreateFiber
[E : PPU[1] Thread (CPUThread)[0x0098d064]]: TODO: _cellSpursJobChainAttributeInitialize
[E : PPU[1] Thread (CPUThread)[0x0098d0b8]]: TODO: cellSpursJobChainAttributeSetName
[E : PPU[1] Thread (CPUThread)[0x0098d058]]: TODO: cellSpursCreateJobChainWithAttribute
[E : PPU[1] Thread (CPUThread)[0x0098d088]]: TODO: cellSpursJobGuardInitialize
[E : PPU[1] Thread (CPUThread)[0x0098d0dc]]: TODO: cellSpursRunJobChain
[E : PPU[1] Thread (CPUThread)[0x0098f01c]]: TODO: cellFiberPpuCreateFiber
[E : PPU[1] Thread (CPUThread)[0x0098d064]]: TODO: _cellSpursJobChainAttributeInitialize
[E : PPU[1] Thread (CPUThread)[0x0098d0b8]]: TODO: cellSpursJobChainAttributeSetName
[E : PPU[1] Thread (CPUThread)[0x0098d058]]: TODO: cellSpursCreateJobChainWithAttribute
[E : PPU[1] Thread (CPUThread)[0x0098d088]]: TODO: cellSpursJobGuardInitialize
[E : PPU[1] Thread (CPUThread)[0x0098d0dc]]: TODO: cellSpursRunJobChain
[E : PPU[1] Thread (CPUThread)[0x0098f01c]]: TODO: cellFiberPpuCreateFiber
[E : PPU[1] Thread (CPUThread)[0x0098d064]]: TODO: _cellSpursJobChainAttributeInitialize
[E : PPU[1] Thread (CPUThread)[0x0098d0b8]]: TODO: cellSpursJobChainAttributeSetName
[E : PPU[1] Thread (CPUThread)[0x0098d058]]: TODO: cellSpursCreateJobChainWithAttribute
[E : PPU[1] Thread (CPUThread)[0x0098d088]]: TODO: cellSpursJobGuardInitialize
[E : PPU[1] Thread (CPUThread)[0x0098d0dc]]: TODO: cellSpursRunJobChain
[E : PPU[1] Thread (CPUThread)[0x0098f01c]]: TODO: cellFiberPpuCreateFiber
[E : PPU[1] Thread (CPUThread)[0x0098d064]]: TODO: _cellSpursJobChainAttributeInitialize
[E : PPU[1] Thread (CPUThread)[0x0098d0b8]]: TODO: cellSpursJobChainAttributeSetName
[E : PPU[1] Thread (CPUThread)[0x0098d058]]: TODO: cellSpursCreateJobChainWithAttribute
[E : PPU[1] Thread (CPUThread)[0x0098d088]]: TODO: cellSpursJobGuardInitialize
[E : PPU[1] Thread (CPUThread)[0x0098d0dc]]: TODO: cellSpursRunJobChain
[E : PPU[1] Thread (CPUThread)[0x0098f01c]]: TODO: cellFiberPpuCreateFiber
[E : PPU[1] Thread (CPUThread)[0x0098d064]]: TODO: _cellSpursJobChainAttributeInitialize
[E : PPU[1] Thread (CPUThread)[0x0098d0b8]]: TODO: cellSpursJobChainAttributeSetName
[E : PPU[1] Thread (CPUThread)[0x0098d058]]: TODO: cellSpursCreateJobChainWithAttribute
[E : PPU[1] Thread (CPUThread)[0x0098d088]]: TODO: cellSpursJobGuardInitialize
[E : PPU[1] Thread (CPUThread)[0x0098d0dc]]: TODO: cellSpursRunJobChain
[E : PPU[1] Thread (CPUThread)[0x0098f01c]]: TODO: cellFiberPpuCreateFiber
[E : PPU[1] Thread (CPUThread)[0x0098d064]]: TODO: _cellSpursJobChainAttributeInitialize
[E : PPU[1] Thread (CPUThread)[0x0098d0b8]]: TODO: cellSpursJobChainAttributeSetName
[E : PPU[1] Thread (CPUThread)[0x0098d058]]: TODO: cellSpursCreateJobChainWithAttribute
[E : PPU[1] Thread (CPUThread)[0x0098d088]]: TODO: cellSpursJobGuardInitialize
[E : PPU[1] Thread (CPUThread)[0x0098d0dc]]: TODO: cellSpursRunJobChain
[E : PPU[1] Thread (CPUThread)[0x0098f01c]]: TODO: cellFiberPpuCreateFiber
[E : PPU[1] Thread (CPUThread)[0x0098d064]]: TODO: _cellSpursJobChainAttributeInitialize
[E : PPU[1] Thread (CPUThread)[0x0098d0b8]]: TODO: cellSpursJobChainAttributeSetName
[E : PPU[1] Thread (CPUThread)[0x0098d058]]: TODO: cellSpursCreateJobChainWithAttribute
[E : PPU[1] Thread (CPUThread)[0x0098d088]]: TODO: cellSpursJobGuardInitialize
[E : PPU[1] Thread (CPUThread)[0x0098d0dc]]: TODO: cellSpursRunJobChain
[E : PPU[1] Thread (CPUThread)[0x0098f01c]]: TODO: cellFiberPpuCreateFiber
[E : PPU[1] Thread (CPUThread)[0x0098d064]]: TODO: _cellSpursJobChainAttributeInitialize
[E : PPU[1] Thread (CPUThread)[0x0098d0b8]]: TODO: cellSpursJobChainAttributeSetName
[E : PPU[1] Thread (CPUThread)[0x0098d058]]: TODO: cellSpursCreateJobChainWithAttribute
[E : PPU[1] Thread (CPUThread)[0x0098d088]]: TODO: cellSpursJobGuardInitialize
[E : PPU[1] Thread (CPUThread)[0x0098d0dc]]: TODO: cellSpursRunJobChain
[E : PPU[1] Thread (CPUThread)[0x0098f01c]]: TODO: cellFiberPpuCreateFiber
[E : PPU[1] Thread (CPUThread)[0x0098d064]]: TODO: _cellSpursJobChainAttributeInitialize
[E : PPU[1] Thread (CPUThread)[0x0098d0b8]]: TODO: cellSpursJobChainAttributeSetName
[E : PPU[1] Thread (CPUThread)[0x0098d058]]: TODO: cellSpursCreateJobChainWithAttribute
[E : PPU[1] Thread (CPUThread)[0x0098d088]]: TODO: cellSpursJobGuardInitialize
[E : PPU[1] Thread (CPUThread)[0x0098d0dc]]: TODO: cellSpursRunJobChain
[E : PPU[1] Thread (CPUThread)[0x0098f01c]]: TODO: cellFiberPpuCreateFiber
[E : PPU[1] Thread (CPUThread)[0x0098d064]]: TODO: _cellSpursJobChainAttributeInitialize
[E : PPU[1] Thread (CPUThread)[0x0098d0b8]]: TODO: cellSpursJobChainAttributeSetName
[E : PPU[1] Thread (CPUThread)[0x0098d058]]: TODO: cellSpursCreateJobChainWithAttribute
[E : PPU[1] Thread (CPUThread)[0x0098d088]]: TODO: cellSpursJobGuardInitialize
[E : PPU[1] Thread (CPUThread)[0x0098d0dc]]: TODO: cellSpursRunJobChain
[E : PPU[1] Thread (CPUThread)[0x0098f01c]]: TODO: cellFiberPpuCreateFiber
[E : PPU[1] Thread (CPUThread)[0x0098d064]]: TODO: _cellSpursJobChainAttributeInitialize
[E : PPU[1] Thread (CPUThread)[0x0098d0b8]]: TODO: cellSpursJobChainAttributeSetName
[E : PPU[1] Thread (CPUThread)[0x0098d058]]: TODO: cellSpursCreateJobChainWithAttribute
[E : PPU[1] Thread (CPUThread)[0x0098d088]]: TODO: cellSpursJobGuardInitialize
[E : PPU[1] Thread (CPUThread)[0x0098d0dc]]: TODO: cellSpursRunJobChain
[E : PPU[1] Thread (CPUThread)[0x0098f01c]]: TODO: cellFiberPpuCreateFiber
[E : PPU[1] Thread (CPUThread)[0x0098d064]]: TODO: _cellSpursJobChainAttributeInitialize
[E : PPU[1] Thread (CPUThread)[0x0098d0b8]]: TODO: cellSpursJobChainAttributeSetName
[E : PPU[1] Thread (CPUThread)[0x0098d058]]: TODO: cellSpursCreateJobChainWithAttribute
[E : PPU[1] Thread (CPUThread)[0x0098d088]]: TODO: cellSpursJobGuardInitialize
[E : PPU[1] Thread (CPUThread)[0x0098d0dc]]: TODO: cellSpursRunJobChain
[E : PPU[1] Thread (CPUThread)[0x0098f01c]]: TODO: cellFiberPpuCreateFiber
[E : PPU[1] Thread (CPUThread)[0x0098d064]]: TODO: _cellSpursJobChainAttributeInitialize
[E : PPU[1] Thread (CPUThread)[0x0098d0b8]]: TODO: cellSpursJobChainAttributeSetName
[E : PPU[1] Thread (CPUThread)[0x0098d058]]: TODO: cellSpursCreateJobChainWithAttribute
[E : PPU[1] Thread (CPUThread)[0x0098d088]]: TODO: cellSpursJobGuardInitialize
[E : PPU[1] Thread (CPUThread)[0x0098d0dc]]: TODO: cellSpursRunJobChain
[E : PPU[1] Thread (CPUThread)[0x0098f01c]]: TODO: cellFiberPpuCreateFiber
[E : PPU[1] Thread (CPUThread)[0x0098d064]]: TODO: _cellSpursJobChainAttributeInitialize
[E : PPU[1] Thread (CPUThread)[0x0098d0b8]]: TODO: cellSpursJobChainAttributeSetName
[E : PPU[1] Thread (CPUThread)[0x0098d058]]: TODO: cellSpursCreateJobChainWithAttribute
[E : PPU[1] Thread (CPUThread)[0x0098d088]]: TODO: cellSpursJobGuardInitialize
[E : PPU[1] Thread (CPUThread)[0x0098d0dc]]: TODO: cellSpursRunJobChain
[E : PPU[1] Thread (CPUThread)[0x0098f01c]]: TODO: cellFiberPpuCreateFiber
[E : PPU[1] Thread (CPUThread)[0x0098d064]]: TODO: _cellSpursJobChainAttributeInitialize
[E : PPU[1] Thread (CPUThread)[0x0098d0b8]]: TODO: cellSpursJobChainAttributeSetName
[E : PPU[1] Thread (CPUThread)[0x0098d058]]: TODO: cellSpursCreateJobChainWithAttribute
[E : PPU[1] Thread (CPUThread)[0x0098d088]]: TODO: cellSpursJobGuardInitialize
[E : PPU[1] Thread (CPUThread)[0x0098d0dc]]: TODO: cellSpursRunJobChain
[E : PPU[1] Thread (CPUThread)[0x0098f01c]]: TODO: cellFiberPpuCreateFiber
[E : PPU[1] Thread (CPUThread)[0x0098d064]]: TODO: _cellSpursJobChainAttributeInitialize
[E : PPU[1] Thread (CPUThread)[0x0098d0b8]]: TODO: cellSpursJobChainAttributeSetName
[E : PPU[1] Thread (CPUThread)[0x0098d058]]: TODO: cellSpursCreateJobChainWithAttribute
[E : PPU[1] Thread (CPUThread)[0x0098d088]]: TODO: cellSpursJobGuardInitialize
[E : PPU[1] Thread (CPUThread)[0x0098d0dc]]: TODO: cellSpursRunJobChain
[E : PPU[1] Thread (CPUThread)[0x0098f01c]]: TODO: cellFiberPpuCreateFiber
[E : PPU[1] Thread (CPUThread)[0x0098d064]]: TODO: _cellSpursJobChainAttributeInitialize
[E : PPU[1] Thread (CPUThread)[0x0098d0b8]]: TODO: cellSpursJobChainAttributeSetName
[E : PPU[1] Thread (CPUThread)[0x0098d058]]: TODO: cellSpursCreateJobChainWithAttribute
[E : PPU[1] Thread (CPUThread)[0x0098d088]]: TODO: cellSpursJobGuardInitialize
[E : PPU[1] Thread (CPUThread)[0x0098d0dc]]: TODO: cellSpursRunJobChain
[E : PPU[1] Thread (CPUThread)[0x0098f01c]]: TODO: cellFiberPpuCreateFiber
[E : PPU[1] Thread (CPUThread)[0x0098d064]]: TODO: _cellSpursJobChainAttributeInitialize
[E : PPU[1] Thread (CPUThread)[0x0098d0b8]]: TODO: cellSpursJobChainAttributeSetName
[E : PPU[1] Thread (CPUThread)[0x0098d058]]: TODO: cellSpursCreateJobChainWithAttribute
[E : PPU[1] Thread (CPUThread)[0x0098d088]]: TODO: cellSpursJobGuardInitialize
[E : PPU[1] Thread (CPUThread)[0x0098d0dc]]: TODO: cellSpursRunJobChain
[W : PPU[1] Thread (CPUThread)[0x00671b94]]: sys_event warning: sys_event_queue_create(equeue_id_addr=0x3ce05d38, attr_addr=0xd0010610, event_queue_key=0x0, size=1)
[W : PPU[1] Thread (CPUThread)[0x00671b94]]: sys_event warning: *** event_queue created [] (protocol=0x2, type=0x1): id = 19
[W : PPU[1] Thread (CPUThread)[0x00671bac]]: sys_event warning: sys_event_port_create(eport_id_addr=0x3ce05d3c, port_type=0x1, name=0x0)
[W : PPU[1] Thread (CPUThread)[0x00671bac]]: sys_event warning: *** sys_event_port created: id = 20
[W : PPU[1] Thread (CPUThread)[0x00671bbc]]: sys_event warning: sys_event_port_connect_local(eport_id=20, equeue_id=19)
[! : PPU[1] Thread (CPUThread)[0x009bd028]]: *** New PPU Thread [sp_job_server_spu_thread] (): id = 21
[W : PPU[1] Thread (CPUThread)[0x00671b94]]: sys_event warning: sys_event_queue_create(equeue_id_addr=0x3ce05d98, attr_addr=0xd00105f0, event_queue_key=0x0, size=1)
[W : PPU[1] Thread (CPUThread)[0x00671b94]]: sys_event warning: *** event_queue created [] (protocol=0x2, type=0x1): id = 22
[E : PPU[21] Thread (sp_job_server_spu_thread)[0x0098f004]]: TODO: cellFiberPpuRunFibers
[W : PPU[1] Thread (CPUThread)[0x00671bac]]: sys_event warning: sys_event_port_create(eport_id_addr=0x3ce05d9c, port_type=0x1, name=0x0)
[W : PPU[1] Thread (CPUThread)[0x00671bac]]: sys_event warning: *** sys_event_port created: id = 23
[W : PPU[1] Thread (CPUThread)[0x00671bbc]]: sys_event warning: sys_event_port_connect_local(eport_id=23, equeue_id=22)
[! : PPU[1] Thread (CPUThread)[0x009bd028]]: *** New PPU Thread [sp_job_server_cpu_thread_high] (): id = 24
[W : PPU[1] Thread (CPUThread)[0x00671b94]]: sys_event warning: sys_event_queue_create(equeue_id_addr=0x3ce05e08, attr_addr=0xd00105f0, event_queue_key=0x0, size=1)
[W : PPU[1] Thread (CPUThread)[0x00671b94]]: sys_event warning: *** event_queue created [] (protocol=0x2, type=0x1): id = 25
[W : PPU[1] Thread (CPUThread)[0x00671bac]]: sys_event warning: sys_event_port_create(eport_id_addr=0x3ce05e0c, port_type=0x1, name=0x0)
[W : PPU[1] Thread (CPUThread)[0x00671bac]]: sys_event warning: *** sys_event_port created: id = 26
[W : PPU[1] Thread (CPUThread)[0x00671bbc]]: sys_event warning: sys_event_port_connect_local(eport_id=26, equeue_id=25)
[! : PPU[1] Thread (CPUThread)[0x009bd028]]: *** New PPU Thread [sp_job_server_cpu_thread_normal] (): id = 27
[W : PPU[1] Thread (CPUThread)[0x00671b94]]: sys_event warning: sys_event_queue_create(equeue_id_addr=0x3ce05e78, attr_addr=0xd00105f0, event_queue_key=0x0, size=1)
[W : PPU[1] Thread (CPUThread)[0x00671b94]]: sys_event warning: *** event_queue created [] (protocol=0x2, type=0x1): id = 28
[W : PPU[1] Thread (CPUThread)[0x00671bac]]: sys_event warning: sys_event_port_create(eport_id_addr=0x3ce05e7c, port_type=0x1, name=0x0)
[W : PPU[1] Thread (CPUThread)[0x00671bac]]: sys_event warning: *** sys_event_port created: id = 29
[W : PPU[1] Thread (CPUThread)[0x00671bbc]]: sys_event warning: sys_event_port_connect_local(eport_id=29, equeue_id=28)
[! : PPU[1] Thread (CPUThread)[0x009bd028]]: *** New PPU Thread [sp_job_server_cpu_thread_low] (): id = 30
[W : PPU[1] Thread (CPUThread)[0x009bd04c]]: sys_lwmutex warning: *** lwmutex created [] (attribute=0x12): sq_id = 31
[W : PPU[1] Thread (CPUThread)[0x009bd04c]]: sys_lwmutex warning: *** lwmutex created [] (attribute=0x12): sq_id = 32
[W : PPU[1] Thread (CPUThread)[0x009bd0dc]]: sys_lwcond warning: Recursive lwmutex(sq=32)
[W : PPU[1] Thread (CPUThread)[0x009bd0dc]]: sys_lwcond warning: *** lwcond created [] (lwmutex_addr=0x979770): id = 33
[! : PPU[1] Thread (CPUThread)[0x009bd028]]: *** New PPU Thread [CRI FS File Access 0] (): id = 34
[W : PPU[1] Thread (CPUThread)[0x00547280]]: sysPrxForUser warning: sys_ppu_thread_set_priority(thread_id=34, prio=900)
[W : PPU[1] Thread (CPUThread)[0x009bd04c]]: sys_lwmutex warning: *** lwmutex created [] (attribute=0x12): sq_id = 35
[W : PPU[1] Thread (CPUThread)[0x009bd04c]]: sys_lwmutex warning: *** lwmutex created [] (attribute=0x12): sq_id = 36
[W : PPU[1] Thread (CPUThread)[0x009bd0dc]]: sys_lwcond warning: Recursive lwmutex(sq=36)
[W : PPU[1] Thread (CPUThread)[0x009bd0dc]]: sys_lwcond warning: *** lwcond created [] (lwmutex_addr=0x97a538): id = 37
[! : PPU[1] Thread (CPUThread)[0x009bd028]]: *** New PPU Thread [CRI FS Memory File System] (): id = 38
[W : PPU[1] Thread (CPUThread)[0x00547280]]: sysPrxForUser warning: sys_ppu_thread_set_priority(thread_id=38, prio=1100)
[W : PPU[1] Thread (CPUThread)[0x009bd04c]]: sys_lwmutex warning: *** lwmutex created [] (attribute=0x12): sq_id = 39
[W : PPU[1] Thread (CPUThread)[0x009bd04c]]: sys_lwmutex warning: *** lwmutex created [] (attribute=0x12): sq_id = 40
[W : PPU[1] Thread (CPUThread)[0x009bd0dc]]: sys_lwcond warning: Recursive lwmutex(sq=40)
[W : PPU[1] Thread (CPUThread)[0x009bd0dc]]: sys_lwcond warning: *** lwcond created [] (lwmutex_addr=0x979968): id = 41
[! : PPU[1] Thread (CPUThread)[0x009bd028]]: *** New PPU Thread [CRI FS File Access 1] (): id = 42
[W : PPU[1] Thread (CPUThread)[0x00547280]]: sysPrxForUser warning: sys_ppu_thread_set_priority(thread_id=42, prio=900)
[W : PPU[1] Thread (CPUThread)[0x009bd04c]]: sys_lwmutex warning: *** lwmutex created [] (attribute=0x12): sq_id = 43
[W : PPU[1] Thread (CPUThread)[0x009bd04c]]: sys_lwmutex warning: *** lwmutex created [] (attribute=0x12): sq_id = 44
[W : PPU[1] Thread (CPUThread)[0x009bd0dc]]: sys_lwcond warning: Recursive lwmutex(sq=44)
[W : PPU[1] Thread (CPUThread)[0x009bd0dc]]: sys_lwcond warning: *** lwcond created [] (lwmutex_addr=0x979b60): id = 45
[! : PPU[1] Thread (CPUThread)[0x009bd028]]: *** New PPU Thread [CRI FS File Access 2] (): id = 46
[W : PPU[1] Thread (CPUThread)[0x00547280]]: sysPrxForUser warning: sys_ppu_thread_set_priority(thread_id=46, prio=900)
[W : PPU[1] Thread (CPUThread)[0x009bd04c]]: sys_lwmutex warning: *** lwmutex created [] (attribute=0x12): sq_id = 47
[W : PPU[1] Thread (CPUThread)[0x009bd04c]]: sys_lwmutex warning: *** lwmutex created [] (attribute=0x12): sq_id = 48
[W : PPU[1] Thread (CPUThread)[0x009bd0dc]]: sys_lwcond warning: Recursive lwmutex(sq=48)
[W : PPU[1] Thread (CPUThread)[0x009bd0dc]]: sys_lwcond warning: *** lwcond created [] (lwmutex_addr=0x979d58): id = 49
[! : PPU[1] Thread (CPUThread)[0x009bd028]]: *** New PPU Thread [CRI FS File Access 3] (): id = 50
[W : PPU[1] Thread (CPUThread)[0x00547280]]: sysPrxForUser warning: sys_ppu_thread_set_priority(thread_id=50, prio=900)
[W : PPU[1] Thread (CPUThread)[0x009bd04c]]: sys_lwmutex warning: *** lwmutex created [] (attribute=0x12): sq_id = 51
[W : PPU[1] Thread (CPUThread)[0x009bd04c]]: sys_lwmutex warning: *** lwmutex created [] (attribute=0x12): sq_id = 52
[W : PPU[1] Thread (CPUThread)[0x009bd0dc]]: sys_lwcond warning: Recursive lwmutex(sq=52)
[W : PPU[1] Thread (CPUThread)[0x009bd0dc]]: sys_lwcond warning: *** lwcond created [] (lwmutex_addr=0x979420): id = 53
[! : PPU[1] Thread (CPUThread)[0x009bd028]]: *** New PPU Thread [CRI FS Data Decompression 0] (): id = 54
[W : PPU[1] Thread (CPUThread)[0x00547280]]: sysPrxForUser warning: sys_ppu_thread_set_priority(thread_id=54, prio=1100)
[W : PPU[1] Thread (CPUThread)[0x009bd04c]]: sys_lwmutex warning: *** lwmutex created [] (attribute=0x12): sq_id = 55
[W : PPU[1] Thread (CPUThread)[0x009bd04c]]: sys_lwmutex warning: *** lwmutex created [] (attribute=0x12): sq_id = 56
[W : PPU[1] Thread (CPUThread)[0x009bd04c]]: sys_lwmutex warning: *** lwmutex created [] (attribute=0x12): sq_id = 57
[W : PPU[1] Thread (CPUThread)[0x009bd04c]]: sys_lwmutex warning: *** lwmutex created [] (attribute=0x12): sq_id = 58
[W : PPU[1] Thread (CPUThread)[0x009bd04c]]: sys_lwmutex warning: *** lwmutex created [] (attribute=0x12): sq_id = 59
[W : PPU[1] Thread (CPUThread)[0x009bd04c]]: sys_lwmutex warning: *** lwmutex created [] (attribute=0x12): sq_id = 60
[W : PPU[1] Thread (CPUThread)[0x009bd04c]]: sys_lwmutex warning: *** lwmutex created [] (attribute=0x12): sq_id = 61
[W : PPU[1] Thread (CPUThread)[0x009bd04c]]: sys_lwmutex warning: *** lwmutex created [] (attribute=0x12): sq_id = 62
[W : PPU[1] Thread (CPUThread)[0x009bd04c]]: sys_lwmutex warning: *** lwmutex created [] (attribute=0x12): sq_id = 63
[W : PPU[1] Thread (CPUThread)[0x009bd04c]]: sys_lwmutex warning: *** lwmutex created [] (attribute=0x12): sq_id = 64
[W : PPU[1] Thread (CPUThread)[0x009bd0dc]]: sys_lwcond warning: Recursive lwmutex(sq=64)
[W : PPU[1] Thread (CPUThread)[0x009bd0dc]]: sys_lwcond warning: *** lwcond created [] (lwmutex_addr=0x3f7cdbc0): id = 65
[! : PPU[1] Thread (CPUThread)[0x009bd028]]: *** New PPU Thread [CriThread] (): id = 66
[W : PPU[1] Thread (CPUThread)[0x00547280]]: sysPrxForUser warning: sys_ppu_thread_set_priority(thread_id=66, prio=910)
[W : PPU[1] Thread (CPUThread)[0x009bd04c]]: sys_lwmutex warning: *** lwmutex created [] (attribute=0x12): sq_id = 67
[W : PPU[1] Thread (CPUThread)[0x009bd04c]]: sys_lwmutex warning: *** lwmutex created [] (attribute=0x12): sq_id = 68
[! : PPU[1] Thread (CPUThread)[0x009bd028]]: *** New PPU Thread [CRI Server Manager] (): id = 69
[W : PPU[1] Thread (CPUThread)[0x00547280]]: sysPrxForUser warning: sys_ppu_thread_set_priority(thread_id=69, prio=500)
[W : PPU[1] Thread (CPUThread)[0x009bd04c]]: sys_lwmutex warning: *** lwmutex created [] (attribute=0x22): sq_id = 70
[W : PPU[1] Thread (CPUThread)[0x00671b94]]: sys_event warning: sys_event_queue_create(equeue_id_addr=0x3ce06768, attr_addr=0xd0010570, event_queue_key=0x0, size=1)
[W : PPU[1] Thread (CPUThread)[0x00671b94]]: sys_event warning: *** event_queue created [] (protocol=0x2, type=0x1): id = 71
[W : PPU[1] Thread (CPUThread)[0x00671bac]]: sys_event warning: sys_event_port_create(eport_id_addr=0x3ce0676c, port_type=0x1, name=0x0)
[W : PPU[1] Thread (CPUThread)[0x00671bac]]: sys_event warning: *** sys_event_port created: id = 72
[W : PPU[1] Thread (CPUThread)[0x00671bbc]]: sys_event warning: sys_event_port_connect_local(eport_id=72, equeue_id=71)
[! : PPU[1] Thread (CPUThread)[0x009bd028]]: *** New PPU Thread [sp_file_server_load_thread] (): id = 73
[W : PPU[1] Thread (CPUThread)[0x009990dc]]: cellSysutil warning: cellVideoOutGetResolutionAvailability(videoOut=0, resolutionId=0x1, option_addr=0x0, aspect=0x0, option=0x929700)
[W : PPU[1] Thread (CPUThread)[0x009990dc]]: cellSysutil warning: cellVideoOutGetResolutionAvailability(videoOut=0, resolutionId=0x2, option_addr=0x0, aspect=0x0, option=0x929e00)
[W : PPU[1] Thread (CPUThread)[0x009990dc]]: cellSysutil warning: cellVideoOutGetResolutionAvailability(videoOut=0, resolutionId=0x5, option_addr=0x0, aspect=0x0, option=0x92ae00)
[W : PPU[1] Thread (CPUThread)[0x009990dc]]: cellSysutil warning: cellVideoOutGetResolutionAvailability(videoOut=0, resolutionId=0x4, option_addr=0x0, aspect=0x0, option=0x92aa00)
[W : PPU[1] Thread (CPUThread)[0x0098b010]]: cellGcmSys warning: cellGcmInit(context_addr=0x97919c,cmdSize=0x10000,ioSize=0x3a00000,ioAddress=0x39300000)
[W : PPU[1] Thread (CPUThread)[0x0098b010]]: cellGcmSys warning: *** local memory(addr=0xc0000000, size=0xf900000)
[W : PPU[1] Thread (CPUThread)[0x0098b010]]: cellGcmSys warning: cellGcmMapEaIoAddress(ea=0x39300000, io=0x0, size=0x3a00000)
[! : RSXThread]: RSX thread entry
[W : PPU[1] Thread (CPUThread)[0x009bd04c]]: sys_lwmutex warning: *** lwmutex created [] (attribute=0x22): sq_id = 74
[W : PPU[1] Thread (CPUThread)[0x009bd04c]]: sys_lwmutex warning: *** lwmutex created [] (attribute=0x22): sq_id = 75
[W : PPU[1] Thread (CPUThread)[0x0098b004]]: cellGcmSys warning: cellGcmGetTiledPitchSize(size=5120)
[W : PPU[1] Thread (CPUThread)[0x00999004]]: cellSysutil warning: cellVideoOutConfigure(videoOut=0, config_addr=0xd00105c8, option_addr=0x0, waitForEvent=0x0)
[E : PPU[1] Thread (CPUThread)[0x0098b0dc]]: TODO: cellGcmSetVBlankFrequency
[W : PPU[1] Thread (CPUThread)[0x0098b040]]: cellGcmSys warning: cellGcmSetFlipMode(mode=2)
[W : PPU[1] Thread (CPUThread)[0x0098b004]]: cellGcmSys warning: cellGcmGetTiledPitchSize(size=5120)
[W : PPU[1] Thread (CPUThread)[0x0098b004]]: cellGcmSys warning: cellGcmGetTiledPitchSize(size=5120)
[W : PPU[1] Thread (CPUThread)[0x0098b004]]: cellGcmSys warning: cellGcmGetTiledPitchSize(size=5120)
[W : PPU[1] Thread (CPUThread)[0x0098b004]]: cellGcmSys warning: cellGcmGetTiledPitchSize(size=5120)
[W : PPU[1] Thread (CPUThread)[0x0098b004]]: cellGcmSys warning: cellGcmGetTiledPitchSize(size=5120)
[W : PPU[1] Thread (CPUThread)[0x0098b004]]: cellGcmSys warning: cellGcmGetTiledPitchSize(size=5120)
[W : PPU[1] Thread (CPUThread)[0x0098b004]]: cellGcmSys warning: cellGcmGetTiledPitchSize(size=5120)
[W : PPU[1] Thread (CPUThread)[0x0098b004]]: cellGcmSys warning: cellGcmGetTiledPitchSize(size=5120)
[W : PPU[1] Thread (CPUThread)[0x0098b088]]: cellGcmSys warning: cellGcmSetDisplayBuffer(id=0x0,offset=0xed90000,pitch=4,width=1280,height=720)
[W : PPU[1] Thread (CPUThread)[0x0098b088]]: cellGcmSys warning: cellGcmSetDisplayBuffer(id=0x1,offset=0xf150000,pitch=4,width=1280,height=720)
[W : PPU[1] Thread (CPUThread)[0x0098b004]]: cellGcmSys warning: cellGcmGetTiledPitchSize(size=5120)
[W : PPU[1] Thread (CPUThread)[0x0098b004]]: cellGcmSys warning: cellGcmGetTiledPitchSize(size=5120)
[W : PPU[1] Thread (CPUThread)[0x0098b004]]: cellGcmSys warning: cellGcmGetTiledPitchSize(size=2560)
[W : PPU[1] Thread (CPUThread)[0x0098b004]]: cellGcmSys warning: cellGcmGetTiledPitchSize(size=2560)
[W : PPU[1] Thread (CPUThread)[0x0098b004]]: cellGcmSys warning: cellGcmGetTiledPitchSize(size=2560)
[W : PPU[1] Thread (CPUThread)[0x0098b004]]: cellGcmSys warning: cellGcmGetTiledPitchSize(size=2560)
[W : PPU[1] Thread (CPUThread)[0x0098b004]]: cellGcmSys warning: cellGcmGetTiledPitchSize(size=1280)
[W : PPU[1] Thread (CPUThread)[0x0098b004]]: cellGcmSys warning: cellGcmGetTiledPitchSize(size=1280)
[W : PPU[1] Thread (CPUThread)[0x0098b004]]: cellGcmSys warning: cellGcmGetTiledPitchSize(size=640)
[W : PPU[1] Thread (CPUThread)[0x0098b004]]: cellGcmSys warning: cellGcmGetTiledPitchSize(size=640)
[W : PPU[1] Thread (CPUThread)[0x0098b004]]: cellGcmSys warning: cellGcmGetTiledPitchSize(size=320)
[W : PPU[1] Thread (CPUThread)[0x0098b004]]: cellGcmSys warning: cellGcmGetTiledPitchSize(size=320)
[W : PPU[1] Thread (CPUThread)[0x0098b004]]: cellGcmSys warning: cellGcmGetTiledPitchSize(size=1280)
[W : PPU[1] Thread (CPUThread)[0x0098b004]]: cellGcmSys warning: cellGcmGetTiledPitchSize(size=1280)
[W : PPU[1] Thread (CPUThread)[0x0098b0e8]]: cellGcmSys warning: cellGcmSetUserHandler(handler=0x8d9a70)
[E : PPU[1] Thread (CPUThread)[0x0098b10c]]: cellGcmSys error: Unimplemented function: cellGcmSetVBlankHandler
[W : PPU[1] Thread (CPUThread)[0x00671b94]]: sys_event warning: sys_event_queue_create(equeue_id_addr=0x3ce2e338, attr_addr=0xd0010920, event_queue_key=0x0, size=1)
[W : PPU[1] Thread (CPUThread)[0x00671b94]]: sys_event warning: *** event_queue created [] (protocol=0x2, type=0x1): id = 76
[W : PPU[1] Thread (CPUThread)[0x00671bac]]: sys_event warning: sys_event_port_create(eport_id_addr=0x3ce2e33c, port_type=0x1, name=0x0)
[W : PPU[1] Thread (CPUThread)[0x00671bac]]: sys_event warning: *** sys_event_port created: id = 77
[W : PPU[1] Thread (CPUThread)[0x00671bbc]]: sys_event warning: sys_event_port_connect_local(eport_id=77, equeue_id=76)
[! : PPU[1] Thread (CPUThread)[0x009bd028]]: *** New PPU Thread [sp_game_server_video_thread] (): id = 78
[W : PPU[34] Thread (CRI FS File Access 0)[0x0099101c]]: *** cellFsOpen(path="/data/PS3/partition_op_patch_ps3.cpk"): fd = 79
[W : PPU[34] Thread (CRI FS File Access 0)[0x0099101c]]: *** cellFsOpen(path="/data/PS3/partition_op_game_ps3.cpk"): fd = 80
[W : PPU[34] Thread (CRI FS File Access 0)[0x0099101c]]: *** cellFsOpen(path="/data/PS3/partition_op_character_ps3.cpk"): fd = 81
[W : PPU[34] Thread (CRI FS File Access 0)[0x0099101c]]: *** cellFsOpen(path="/data/PS3/partition_op_map_ps3.cpk"): fd = 82
[W : PPU[34] Thread (CRI FS File Access 0)[0x0099101c]]: *** cellFsOpen(path="/data/PS3/partition_op_battle_ps3.cpk"): fd = 83
[W : PPU[34] Thread (CRI FS File Access 0)[0x0099101c]]: *** cellFsOpen(path="/data/PS3/partition_op_sound_ps3.cpk"): fd = 84
[W : PPU[34] Thread (CRI FS File Access 0)[0x0099101c]]: *** cellFsOpen(path="/data/PS3/partition_op_progress_ps3.cpk"): fd = 85
[E : PPU[1] Thread (CPUThread)[0x00999118]]: TODO: cellSaveDataEnableOverlay
[W : PPU[1] Thread (CPUThread)[0x003dfbdc]]: sys_event warning: sys_event_queue_create(equeue_id_addr=0x96ab58, attr_addr=0xd00108c0, event_queue_key=0x0, size=32)
[W : PPU[1] Thread (CPUThread)[0x003dfbdc]]: sys_event warning: *** event_queue created [] (protocol=0x2, type=0x1): id = 86
[W : PPU[1] Thread (CPUThread)[0x003dfbf0]]: sys_event warning: sys_event_port_create(eport_id_addr=0x96ab5c, port_type=0x1, name=0x0)
[W : PPU[1] Thread (CPUThread)[0x003dfbf0]]: sys_event warning: *** sys_event_port created: id = 87
[W : PPU[1] Thread (CPUThread)[0x003dfc00]]: sys_event warning: sys_event_port_connect_local(eport_id=87, equeue_id=86)
[! : PPU[1] Thread (CPUThread)[0x009bd028]]: *** New PPU Thread [savedata_thread] (): id = 88
[E : PPU[21] Thread (sp_job_server_spu_thread)[0x0098f004]]: TODO: cellFiberPpuRunFibers
[E : PPU[21] Thread (sp_job_server_spu_thread)[0x0098d0d0]]: TODO: cellSpursJobGuardNotify
[E : PPU[21] Thread (sp_job_server_spu_thread)[0x0098f004]]: TODO: cellFiberPpuRunFibers
[E : PPU[21] Thread (sp_job_server_spu_thread)[0x0098f004]]: TODO: cellFiberPpuRunFibers
[E : PPU[21] Thread (sp_job_server_spu_thread)[0x0098f004]]: TODO: cellFiberPpuRunFibers
[E : PPU[21] Thread (sp_job_server_spu_thread)[0x0098d0d0]]: TODO: cellSpursJobGuardNotify
[E : PPU[21] Thread (sp_job_server_spu_thread)[0x0098f004]]: TODO: cellFiberPpuRunFibers
[E : PPU[21] Thread (sp_job_server_spu_thread)[0x0098f004]]: TODO: cellFiberPpuRunFibers
[E : PPU[21] Thread (sp_job_server_spu_thread)[0x0098d0d0]]: TODO: cellSpursJobGuardNotify
[E : PPU[21] Thread (sp_job_server_spu_thread)[0x0098f004]]: TODO: cellFiberPpuRunFibers
[E : PPU[21] Thread (sp_job_server_spu_thread)[0x0098f004]]: TODO: cellFiberPpuRunFibers
[E : PPU[21] Thread (sp_job_server_spu_thread)[0x0098f004]]: TODO: cellFiberPpuRunFibers
[E : PPU[21] Thread (sp_job_server_spu_thread)[0x0098d0d0]]: TODO: cellSpursJobGuardNotify
[E : PPU[21] Thread (sp_job_server_spu_thread)[0x0098f004]]: TODO: cellFiberPpuRunFibers
[E : PPU[21] Thread (sp_job_server_spu_thread)[0x0098f004]]: TODO: cellFiberPpuRunFibers
[E : PPU[21] Thread (sp_job_server_spu_thread)[0x0098d0d0]]: TODO: cellSpursJobGuardNotify
[E : PPU[21] Thread (sp_job_server_spu_thread)[0x0098f004]]: TODO: cellFiberPpuRunFibers
[E : PPU[21] Thread (sp_job_server_spu_thread)[0x0098f004]]: TODO: cellFiberPpuRunFibers
[E : PPU[21] Thread (sp_job_server_spu_thread)[0x0098f004]]: TODO: cellFiberPpuRunFibers
[E : PPU[21] Thread (sp_job_server_spu_thread)[0x0098d0d0]]: TODO: cellSpursJobGuardNotify
[E : PPU[21] Thread (sp_job_server_spu_thread)[0x0098f004]]: TODO: cellFiberPpuRunFibers
[E : PPU[21] Thread (sp_job_server_spu_thread)[0x0098f004]]: TODO: cellFiberPpuRunFibers
[E : PPU[21] Thread (sp_job_server_spu_thread)[0x0098d0d0]]: TODO: cellSpursJobGuardNotify
[E : PPU[21] Thread (sp_job_server_spu_thread)[0x0098f004]]: TODO: cellFiberPpuRunFibers
[E : PPU[21] Thread (sp_job_server_spu_thread)[0x0098f004]]: TODO: cellFiberPpuRunFibers
[E : PPU[21] Thread (sp_job_server_spu_thread)[0x0098f004]]: TODO: cellFiberPpuRunFibers
[E : PPU[21] Thread (sp_job_server_spu_thread)[0x0098d0d0]]: TODO: cellSpursJobGuardNotify
[E : PPU[21] Thread (sp_job_server_spu_thread)[0x0098f004]]: TODO: cellFiberPpuRunFibers
[E : PPU[21] Thread (sp_job_server_spu_thread)[0x0098f004]]: TODO: cellFiberPpuRunFibers
[E : PPU[21] Thread (sp_job_server_spu_thread)[0x0098f004]]: TODO: cellFiberPpuRunFibers
[E : PPU[21] Thread (sp_job_server_spu_thread)[0x0098f004]]: TODO: cellFiberPpuRunFibers
[E : PPU[21] Thread (sp_job_server_spu_thread)[0x0098f004]]: TODO: cellFiberPpuRunFibers
[E : PPU[21] Thread (sp_job_server_spu_thread)[0x0098f004]]: TODO: cellFiberPpuRunFibers
[E : PPU[21] Thread (sp_job_server_spu_thread)[0x0098f004]]: TODO: cellFiberPpuRunFibers
[E : PPU[21] Thread (sp_job_server_spu_thread)[0x0098f004]]: TODO: cellFiberPpuRunFibers
[E : PPU[21] Thread (sp_job_server_spu_thread)[0x0098f004]]: TODO: cellFiberPpuRunFibers
[E : PPU[21] Thread (sp_job_server_spu_thread)[0x0098f004]]: TODO: cellFiberPpuRunFibers
[E : PPU[21] Thread (sp_job_server_spu_thread)[0x0098f004]]: TODO: cellFiberPpuRunFibers
[E : PPU[21] Thread (sp_job_server_spu_thread)[0x0098f004]]: TODO: cellFiberPpuRunFibers
[E : PPU[21] Thread (sp_job_server_spu_thread)[0x0098f004]]: TODO: cellFiberPpuRunFibers
[E : PPU[21] Thread (sp_job_server_spu_thread)[0x0098f004]]: TODO: cellFiberPpuRunFibers
[E : PPU[21] Thread (sp_job_server_spu_thread)[0x0098f004]]: TODO: cellFiberPpuRunFibers
[E : PPU[21] Thread (sp_job_server_spu_thread)[0x0098f004]]: TODO: cellFiberPpuRunFibers
[E : PPU[21] Thread (sp_job_server_spu_thread)[0x0098f004]]: TODO: cellFiberPpuRunFibers
[E : PPU[21] Thread (sp_job_server_spu_thread)[0x0098f004]]: TODO: cellFiberPpuRunFibers
[E : PPU[21] Thread (sp_job_server_spu_thread)[0x0098f004]]: TODO: cellFiberPpuRunFibers
[E : PPU[21] Thread (sp_job_server_spu_thread)[0x0098f004]]: TODO: cellFiberPpuRunFibers
[E : PPU[21] Thread (sp_job_server_spu_thread)[0x0098f004]]: TODO: cellFiberPpuRunFibers
[E : PPU[21] Thread (sp_job_server_spu_thread)[0x0098f004]]: TODO: cellFiberPpuRunFibers
[E : PPU[21] Thread (sp_job_server_spu_thread)[0x0098f004]]: TODO: cellFiberPpuRunFibers
[E : PPU[21] Thread (sp_job_server_spu_thread)[0x0098f004]]: TODO: cellFiberPpuRunFibers
[E : PPU[21] Thread (sp_job_server_spu_thread)[0x0098f004]]: TODO: cellFiberPpuRunFibers
[E : PPU[21] Thread (sp_job_server_spu_thread)[0x0098f004]]: TODO: cellFiberPpuRunFibers
[E : PPU[21] Thread (sp_job_server_spu_thread)[0x0098f004]]: TODO: cellFiberPpuRunFibers
[E : PPU[21] Thread (sp_job_server_spu_thread)[0x0098f004]]: TODO: cellFiberPpuRunFibers
[E : PPU[21] Thread (sp_job_server_spu_thread)[0x0098f004]]: TODO: cellFiberPpuRunFibers
[E : PPU[21] Thread (sp_job_server_spu_thread)[0x0098f004]]: TODO: cellFiberPpuRunFibers
[E : PPU[21] Thread (sp_job_server_spu_thread)[0x0098f004]]: TODO: cellFiberPpuRunFibers
[E : PPU[21] Thread (sp_job_server_spu_thread)[0x0098f004]]: TODO: cellFiberPpuRunFibers
[E : PPU[21] Thread (sp_job_server_spu_thread)[0x0098f004]]: TODO: cellFiberPpuRunFibers
[E : PPU[21] Thread (sp_job_server_spu_thread)[0x0098f004]]: TODO: cellFiberPpuRunFibers
[E : PPU[21] Thread (sp_job_server_spu_thread)[0x0098f004]]: TODO: cellFiberPpuRunFibers
[E : PPU[21] Thread (sp_job_server_spu_thread)[0x0098f004]]: TODO: cellFiberPpuRunFibers
[E : PPU[21] Thread (sp_job_server_spu_thread)[0x0098f004]]: TODO: cellFiberPpuRunFibers
[E : PPU[21] Thread (sp_job_server_spu_thread)[0x0098f004]]: TODO: cellFiberPpuRunFibers
[E : PPU[21] Thread (sp_job_server_spu_thread)[0x0098f004]]: TODO: cellFiberPpuRunFibers
[E : PPU[21] Thread (sp_job_server_spu_thread)[0x0098f004]]: TODO: cellFiberPpuRunFibers
[E : PPU[21] Thread (sp_job_server_spu_thread)[0x0098f004]]: TODO: cellFiberPpuRunFibers
[E : PPU[21] Thread (sp_job_server_spu_thread)[0x0098f004]]: TODO: cellFiberPpuRunFibers
[E : PPU[21] Thread (sp_job_server_spu_thread)[0x0098f004]]: TODO: cellFiberPpuRunFibers
[E : PPU[21] Thread (sp_job_server_spu_thread)[0x0098f004]]: TODO: cellFiberPpuRunFibers
[E : PPU[21] Thread (sp_job_server_spu_thread)[0x0098f004]]: TODO: cellFiberPpuRunFibers
[E : PPU[21] Thread (sp_job_server_spu_thread)[0x0098f004]]: TODO: cellFiberPpuRunFibers
[E : PPU[21] Thread (sp_job_server_spu_thread)[0x0098f004]]: TODO: cellFiberPpuRunFibers
[E : PPU[21] Thread (sp_job_server_spu_thread)[0x0098f004]]: TODO: cellFiberPpuRunFibers
[E : PPU[21] Thread (sp_job_server_spu_thread)[0x0098f004]]: TODO: cellFiberPpuRunFibers
[E : PPU[21] Thread (sp_job_server_spu_thread)[0x0098f004]]: TODO: cellFiberPpuRunFibers
[E : PPU[21] Thread (sp_job_server_spu_thread)[0x0098f004]]: TODO: cellFiberPpuRunFibers
[E : PPU[21] Thread (sp_job_server_spu_thread)[0x0098f004]]: TODO: cellFiberPpuRunFibers
[E : PPU[21] Thread (sp_job_server_spu_thread)[0x0098f004]]: TODO: cellFiberPpuRunFibers
[E : PPU[21] Thread (sp_job_server_spu_thread)[0x0098f004]]: TODO: cellFiberPpuRunFibers
[E : PPU[21] Thread (sp_job_server_spu_thread)[0x0098f004]]: TODO: cellFiberPpuRunFibers
[E : PPU[21] Thread (sp_job_server_spu_thread)[0x0098f004]]: TODO: cellFiberPpuRunFibers
[E : PPU[21] Thread (sp_job_server_spu_thread)[0x0098f004]]: TODO: cellFiberPpuRunFibers
[E : PPU[21] Thread (sp_job_server_spu_thread)[0x0098f004]]: TODO: cellFiberPpuRunFibers
[E : PPU[21] Thread (sp_job_server_spu_thread)[0x0098f004]]: TODO: cellFiberPpuRunFibers
[E : PPU[21] Thread (sp_job_server_spu_thread)[0x0098f004]]: TODO: cellFiberPpuRunFibers
[E : PPU[21] Thread (sp_job_server_spu_thread)[0x0098f004]]: TODO: cellFiberPpuRunFibers
[E : PPU[21] Thread (sp_job_server_spu_thread)[0x0098f004]]: TODO: cellFiberPpuRunFibers
[E : PPU[21] Thread (sp_job_server_spu_thread)[0x0098f004]]: TODO: cellFiberPpuRunFibers
[E : PPU[21] Thread (sp_job_server_spu_thread)[0x0098f004]]: TODO: cellFiberPpuRunFibers
[E : PPU[21] Thread (sp_job_server_spu_thread)[0x0098f004]]: TODO: cellFiberPpuRunFibers
[E : PPU[21] Thread (sp_job_server_spu_thread)[0x0098f004]]: TODO: cellFiberPpuRunFibers
[E : PPU[21] Thread (sp_job_server_spu_thread)[0x0098f004]]: TODO: cellFiberPpuRunFibers
[E : PPU[21] Thread (sp_job_server_spu_thread)[0x0098f004]]: TODO: cellFiberPpuRunFibers
[E : PPU[21] Thread (sp_job_server_spu_thread)[0x0098f004]]: TODO: cellFiberPpuRunFibers
[E : PPU[21] Thread (sp_job_server_spu_thread)[0x0098f004]]: TODO: cellFiberPpuRunFibers
[E : PPU[21] Thread (sp_job_server_spu_thread)[0x0098f004]]: TODO: cellFiberPpuRunFibers
[E : PPU[21] Thread (sp_job_server_spu_thread)[0x0098f004]]: TODO: cellFiberPpuRunFibers
[E : PPU[21] Thread (sp_job_server_spu_thread)[0x0098f004]]: TODO: cellFiberPpuRunFibers
[E : PPU[21] Thread (sp_job_server_spu_thread)[0x0098f004]]: TODO: cellFiberPpuRunFibers
[E : PPU[21] Thread (sp_job_server_spu_thread)[0x0098f004]]: TODO: cellFiberPpuRunFibers
[E : PPU[21] Thread (sp_job_server_spu_thread)[0x0098f004]]: TODO: cellFiberPpuRunFibers
[E : PPU[21] Thread (sp_job_server_spu_thread)[0x0098f004]]: TODO: cellFiberPpuRunFibers
[E : PPU[21] Thread (sp_job_server_spu_thread)[0x0098f004]]: TODO: cellFiberPpuRunFibers
[E : PPU[21] Thread (sp_job_server_spu_thread)[0x0098f004]]: TODO: cellFiberPpuRunFibers
[E : PPU[21] Thread (sp_job_server_spu_thread)[0x0098f004]]: TODO: cellFiberPpuRunFibers
[E : PPU[21] Thread (sp_job_server_spu_thread)[0x0098f004]]: TODO: cellFiberPpuRunFibers
[E : PPU[21] Thread (sp_job_server_spu_thread)[0x0098f004]]: TODO: cellFiberPpuRunFibers
[E : PPU[21] Thread (sp_job_server_spu_thread)[0x0098f004]]: TODO: cellFiberPpuRunFibers
[E : PPU[21] Thread (sp_job_server_spu_thread)[0x0098f004]]: TODO: cellFiberPpuRunFibers
[E : PPU[21] Thread (sp_job_server_spu_thread)[0x0098f004]]: TODO: cellFiberPpuRunFibers
[E : PPU[21] Thread (sp_job_server_spu_thread)[0x0098f004]]: TODO: cellFiberPpuRunFibers
[E : PPU[21] Thread (sp_job_server_spu_thread)[0x0098f004]]: TODO: cellFiberPpuRunFibers
[E : PPU[21] Thread (sp_job_server_spu_thread)[0x0098f004]]: TODO: cellFiberPpuRunFibers
[E : PPU[21] Thread (sp_job_server_spu_thread)[0x0098f004]]: TODO: cellFiberPpuRunFibers
[E : PPU[21] Thread (sp_job_server_spu_thread)[0x0098f004]]: TODO: cellFiberPpuRunFibers
[E : PPU[21] Thread (sp_job_server_spu_thread)[0x0098f004]]: TODO: cellFiberPpuRunFibers
[E : PPU[21] Thread (sp_job_server_spu_thread)[0x0098f004]]: TODO: cellFiberPpuRunFibers
[E : PPU[21] Thread (sp_job_server_spu_thread)[0x0098f004]]: TODO: cellFiberPpuRunFibers
[E : PPU[21] Thread (sp_job_server_spu_thread)[0x0098f004]]: TODO: cellFiberPpuRunFibers
[E : PPU[21] Thread (sp_job_server_spu_thread)[0x0098f004]]: TODO: cellFiberPpuRunFibers
[E : PPU[21] Thread (sp_job_server_spu_thread)[0x0098f004]]: TODO: cellFiberPpuRunFibers
[E : PPU[21] Thread (sp_job_server_spu_thread)[0x0098f004]]: TODO: cellFiberPpuRunFibers
[E : PPU[21] Thread (sp_job_server_spu_thread)[0x0098f004]]: TODO: cellFiberPpuRunFibers
[E : PPU[21] Thread (sp_job_server_spu_thread)[0x0098f004]]: TODO: cellFiberPpuRunFibers
[E : PPU[21] Thread (sp_job_server_spu_thread)[0x0098f004]]: TODO: cellFiberPpuRunFibers
[E : PPU[21] Thread (sp_job_server_spu_thread)[0x0098f004]]: TODO: cellFiberPpuRunFibers
[E : PPU[21] Thread (sp_job_server_spu_thread)[0x0098f004]]: TODO: cellFiberPpuRunFibers
[E : PPU[21] Thread (sp_job_server_spu_thread)[0x0098f004]]: TODO: cellFiberPpuRunFibers
[E : PPU[21] Thread (sp_job_server_spu_thread)[0x0098f004]]: TODO: cellFiberPpuRunFibers
[E : PPU[21] Thread (sp_job_server_spu_thread)[0x0098f004]]: TODO: cellFiberPpuRunFibers
[E : PPU[21] Thread (sp_job_server_spu_thread)[0x0098f004]]: TODO: cellFiberPpuRunFibers
[E : PPU[21] Thread (sp_job_server_spu_thread)[0x0098f004]]: TODO: cellFiberPpuRunFibers
[E : PPU[21] Thread (sp_job_server_spu_thread)[0x0098f004]]: TODO: cellFiberPpuRunFibers
[E : PPU[21] Thread (sp_job_server_spu_thread)[0x0098f004]]: TODO: cellFiberPpuRunFibers
[E : PPU[21] Thread (sp_job_server_spu_thread)[0x0098f004]]: TODO: cellFiberPpuRunFibers
[E : PPU[21] Thread (sp_job_server_spu_thread)[0x0098f004]]: TODO: cellFiberPpuRunFibers
[E : PPU[21] Thread (sp_job_server_spu_thread)[0x0098f004]]: TODO: cellFiberPpuRunFibers
[E : PPU[21] Thread (sp_job_server_spu_thread)[0x0098f004]]: TODO: cellFiberPpuRunFibers
[E : PPU[21] Thread (sp_job_server_spu_thread)[0x0098f004]]: TODO: cellFiberPpuRunFibers
[E : PPU[21] Thread (sp_job_server_spu_thread)[0x0098f004]]: TODO: cellFiberPpuRunFibers
[E : PPU[21] Thread (sp_job_server_spu_thread)[0x0098f004]]: TODO: cellFiberPpuRunFibers
[E : PPU[21] Thread (sp_job_server_spu_thread)[0x0098f004]]: TODO: cellFiberPpuRunFibers
[E : PPU[21] Thread (sp_job_server_spu_thread)[0x0098f004]]: TODO: cellFiberPpuRunFibers
[E : PPU[21] Thread (sp_job_server_spu_thread)[0x0098f004]]: TODO: cellFiberPpuRunFibers
[E : PPU[21] Thread (sp_job_server_spu_thread)[0x0098f004]]: TODO: cellFiberPpuRunFibers
[E : PPU[21] Thread (sp_job_server_spu_thread)[0x0098f004]]: TODO: cellFiberPpuRunFibers
[E : PPU[21] Thread (sp_job_server_spu_thread)[0x0098f004]]: TODO: cellFiberPpuRunFibers
[E : PPU[21] Thread (sp_job_server_spu_thread)[0x0098f004]]: TODO: cellFiberPpuRunFibers
[E : PPU[21] Thread (sp_job_server_spu_thread)[0x0098f004]]: TODO: cellFiberPpuRunFibers
[E : PPU[21] Thread (sp_job_server_spu_thread)[0x0098f004]]: TODO: cellFiberPpuRunFibers
[E : PPU[21] Thread (sp_job_server_spu_thread)[0x0098f004]]: TODO: cellFiberPpuRunFibers
[E : PPU[21] Thread (sp_job_server_spu_thread)[0x0098f004]]: TODO: cellFiberPpuRunFibers
[E : PPU[21] Thread (sp_job_server_spu_thread)[0x0098f004]]: TODO: cellFiberPpuRunFibers
[E : PPU[21] Thread (sp_job_server_spu_thread)[0x0098f004]]: TODO: cellFiberPpuRunFibers
[E : PPU[21] Thread (sp_job_server_spu_thread)[0x0098f004]]: TODO: cellFiberPpuRunFibers
[E : PPU[21] Thread (sp_job_server_spu_thread)[0x0098f004]]: TODO: cellFiberPpuRunFibers
[E : PPU[21] Thread (sp_job_server_spu_thread)[0x0098f004]]: TODO: cellFiberPpuRunFibers
[E : PPU[21] Thread (sp_job_server_spu_thread)[0x0098f004]]: TODO: cellFiberPpuRunFibers
[E : PPU[21] Thread (sp_job_server_spu_thread)[0x0098f004]]: TODO: cellFiberPpuRunFibers
[E : PPU[21] Thread (sp_job_server_spu_thread)[0x0098f004]]: TODO: cellFiberPpuRunFibers
[E : PPU[21] Thread (sp_job_server_spu_thread)[0x0098f004]]: TODO: cellFiberPpuRunFibers
[E : PPU[21] Thread (sp_job_server_spu_thread)[0x0098f004]]: TODO: cellFiberPpuRunFibers
[E : PPU[21] Thread (sp_job_server_spu_thread)[0x0098f004]]: TODO: cellFiberPpuRunFibers
[E : PPU[21] Thread (sp_job_server_spu_thread)[0x0098f004]]: TODO: cellFiberPpuRunFibers
[E : PPU[21] Thread (sp_job_server_spu_thread)[0x0098f004]]: TODO: cellFiberPpuRunFibers
[E : PPU[21] Thread (sp_job_server_spu_thread)[0x0098f004]]: TODO: cellFiberPpuRunFibers
[E : PPU[21] Thread (sp_job_server_spu_thread)[0x0098f004]]: TODO: cellFiberPpuRunFibers
[E : PPU[21] Thread (sp_job_server_spu_thread)[0x0098f004]]: TODO: cellFiberPpuRunFibers
[E : PPU[21] Thread (sp_job_server_spu_thread)[0x0098f004]]: TODO: cellFiberPpuRunFibers
[E : PPU[21] Thread (sp_job_server_spu_thread)[0x0098f004]]: TODO: cellFiberPpuRunFibers
[E : PPU[21] Thread (sp_job_server_spu_thread)[0x0098f004]]: TODO: cellFiberPpuRunFibers
[E : PPU[21] Thread (sp_job_server_spu_thread)[0x0098f004]]: TODO: cellFiberPpuRunFibers
[E : PPU[21] Thread (sp_job_server_spu_thread)[0x0098f004]]: TODO: cellFiberPpuRunFibers
[E : PPU[21] Thread (sp_job_server_spu_thread)[0x0098f004]]: TODO: cellFiberPpuRunFibers
[E : PPU[21] Thread (sp_job_server_spu_thread)[0x0098f004]]: TODO: cellFiberPpuRunFibers
[E : PPU[21] Thread (sp_job_server_spu_thread)[0x0098f004]]: TODO: cellFiberPpuRunFibers
[E : PPU[21] Thread (sp_job_server_spu_thread)[0x0098f004]]: TODO: cellFiberPpuRunFibers
[E : PPU[21] Thread (sp_job_server_spu_thread)[0x0098f004]]: TODO: cellFiberPpuRunFibers
[E : PPU[21] Thread (sp_job_server_spu_thread)[0x0098f004]]: TODO: cellFiberPpuRunFibers
[E : PPU[21] Thread (sp_job_server_spu_thread)[0x0098f004]]: TODO: cellFiberPpuRunFibers
[E : PPU[21] Thread (sp_job_server_spu_thread)[0x0098f004]]: TODO: cellFiberPpuRunFibers
[E : PPU[21] Thread (sp_job_server_spu_thread)[0x0098f004]]: TODO: cellFiberPpuRunFibers
[E : PPU[21] Thread (sp_job_server_spu_thread)[0x0098f004]]: TODO: cellFiberPpuRunFibers
[E : PPU[21] Thread (sp_job_server_spu_thread)[0x0098f004]]: TODO: cellFiberPpuRunFibers
[E : PPU[21] Thread (sp_job_server_spu_thread)[0x0098f004]]: TODO: cellFiberPpuRunFibers
[E : PPU[21] Thread (sp_job_server_spu_thread)[0x0098f004]]: TODO: cellFiberPpuRunFibers
[E : PPU[21] Thread (sp_job_server_spu_thread)[0x0098f004]]: TODO: cellFiberPpuRunFibers
[E : PPU[21] Thread (sp_job_server_spu_thread)[0x0098f004]]: TODO: cellFiberPpuRunFibers
[E : PPU[21] Thread (sp_job_server_spu_thread)[0x0098f004]]: TODO: cellFiberPpuRunFibers
[E : PPU[21] Thread (sp_job_server_spu_thread)[0x0098f004]]: TODO: cellFiberPpuRunFibers
[E : PPU[21] Thread (sp_job_server_spu_thread)[0x0098f004]]: TODO: cellFiberPpuRunFibers
[E : PPU[21] Thread (sp_job_server_spu_thread)[0x0098f004]]: TODO: cellFiberPpuRunFibers
[E : PPU[21] Thread (sp_job_server_spu_thread)[0x0098f004]]: TODO: cellFiberPpuRunFibers
[E : PPU[21] Thread (sp_job_server_spu_thread)[0x0098f004]]: TODO: cellFiberPpuRunFibers
[E : PPU[21] Thread (sp_job_server_spu_thread)[0x0098f004]]: TODO: cellFiberPpuRunFibers
[E : PPU[21] Thread (sp_job_server_spu_thread)[0x0098f004]]: TODO: cellFiberPpuRunFibers
[E : PPU[21] Thread (sp_job_server_spu_thread)[0x0098f004]]: TODO: cellFiberPpuRunFibers
[E : PPU[21] Thread (sp_job_server_spu_thread)[0x0098f004]]: TODO: cellFiberPpuRunFibers
[E : PPU[21] Thread (sp_job_server_spu_thread)[0x0098f004]]: TODO: cellFiberPpuRunFibers
[E : PPU[21] Thread (sp_job_server_spu_thread)[0x0098f004]]: TODO: cellFiberPpuRunFibers
[E : PPU[21] Thread (sp_job_server_spu_thread)[0x0098f004]]: TODO: cellFiberPpuRunFibers
[E : PPU[21] Thread (sp_job_server_spu_thread)[0x0098f004]]: TODO: cellFiberPpuRunFibers
[E : PPU[21] Thread (sp_job_server_spu_thread)[0x0098f004]]: TODO: cellFiberPpuRunFibers
[E : PPU[21] Thread (sp_job_server_spu_thread)[0x0098f004]]: TODO: cellFiberPpuRunFibers
[E : PPU[21] Thread (sp_job_server_spu_thread)[0x0098f004]]: TODO: cellFiberPpuRunFibers
[E : PPU[21] Thread (sp_job_server_spu_thread)[0x0098f004]]: TODO: cellFiberPpuRunFibers
[E : PPU[21] Thread (sp_job_server_spu_thread)[0x0098f004]]: TODO: cellFiberPpuRunFibers
[E : PPU[21] Thread (sp_job_server_spu_thread)[0x0098f004]]: TODO: cellFiberPpuRunFibers
[E : PPU[21] Thread (sp_job_server_spu_thread)[0x0098f004]]: TODO: cellFiberPpuRunFibers
[E : PPU[21] Thread (sp_job_server_spu_thread)[0x0098f004]]: TODO: cellFiberPpuRunFibers
[E : PPU[21] Thread (sp_job_server_spu_thread)[0x0098f004]]: TODO: cellFiberPpuRunFibers
[E : PPU[21] Thread (sp_job_server_spu_thread)[0x0098f004]]: TODO: cellFiberPpuRunFibers
[E : PPU[21] Thread (sp_job_server_spu_thread)[0x0098f004]]: TODO: cellFiberPpuRunFibers
[E : PPU[21] Thread (sp_job_server_spu_thread)[0x0098f004]]: TODO: cellFiberPpuRunFibers
[E : PPU[21] Thread (sp_job_server_spu_thread)[0x0098f004]]: TODO: cellFiberPpuRunFibers
[E : PPU[21] Thread (sp_job_server_spu_thread)[0x0098f004]]: TODO: cellFiberPpuRunFibers
[E : PPU[21] Thread (sp_job_server_spu_thread)[0x0098f004]]: TODO: cellFiberPpuRunFibers
[E : PPU[21] Thread (sp_job_server_spu_thread)[0x0098f004]]: TODO: cellFiberPpuRunFibers
[E : PPU[21] Thread (sp_job_server_spu_thread)[0x0098f004]]: TODO: cellFiberPpuRunFibers
[E : PPU[21] Thread (sp_job_server_spu_thread)[0x0098f004]]: TODO: cellFiberPpuRunFibers
[E : PPU[21] Thread (sp_job_server_spu_thread)[0x0098f004]]: TODO: cellFiberPpuRunFibers
[E : PPU[21] Thread (sp_job_server_spu_thread)[0x0098f004]]: TODO: cellFiberPpuRunFibers
[E : PPU[21] Thread (sp_job_server_spu_thread)[0x0098f004]]: TODO: cellFiberPpuRunFibers
[E : PPU[21] Thread (sp_job_server_spu_thread)[0x0098f004]]: TODO: cellFiberPpuRunFibers
[E : PPU[21] Thread (sp_job_server_spu_thread)[0x0098f004]]: TODO: cellFiberPpuRunFibers
[E : PPU[21] Thread (sp_job_server_spu_thread)[0x0098f004]]: TODO: cellFiberPpuRunFibers
[E : PPU[21] Thread (sp_job_server_spu_thread)[0x0098f004]]: TODO: cellFiberPpuRunFibers
[E : PPU[21] Thread (sp_job_server_spu_thread)[0x0098f004]]: TODO: cellFiberPpuRunFibers
[E : PPU[21] Thread (sp_job_server_spu_thread)[0x0098f004]]: TODO: cellFiberPpuRunFibers
[E : PPU[21] Thread (sp_job_server_spu_thread)[0x0098f004]]: TODO: cellFiberPpuRunFibers
[E : PPU[21] Thread (sp_job_server_spu_thread)[0x0098f004]]: TODO: cellFiberPpuRunFibers
[E : PPU[21] Thread (sp_job_server_spu_thread)[0x0098f004]]: TODO: cellFiberPpuRunFibers
[E : PPU[21] Thread (sp_job_server_spu_thread)[0x0098f004]]: TODO: cellFiberPpuRunFibers
[E : PPU[21] Thread (sp_job_server_spu_thread)[0x0098f004]]: TODO: cellFiberPpuRunFibers
[E : PPU[21] Thread (sp_job_server_spu_thread)[0x0098f004]]: TODO: cellFiberPpuRunFibers
[E : PPU[21] Thread (sp_job_server_spu_thread)[0x0098f004]]: TODO: cellFiberPpuRunFibers
[E : PPU[21] Thread (sp_job_server_spu_thread)[0x0098f004]]: TODO: cellFiberPpuRunFibers
[E : PPU[21] Thread (sp_job_server_spu_thread)[0x0098f004]]: TODO: cellFiberPpuRunFibers
[E : PPU[21] Thread (sp_job_server_spu_thread)[0x0098f004]]: TODO: cellFiberPpuRunFibers
[E : PPU[21] Thread (sp_job_server_spu_thread)[0x0098f004]]: TODO: cellFiberPpuRunFibers
[E : PPU[21] Thread (sp_job_server_spu_thread)[0x0098f004]]: TODO: cellFiberPpuRunFibers
[E : PPU[21] Thread (sp_job_server_spu_thread)[0x0098f004]]: TODO: cellFiberPpuRunFibers
[E : PPU[21] Thread (sp_job_server_spu_thread)[0x0098f004]]: TODO: cellFiberPpuRunFibers
[E : PPU[21] Thread (sp_job_server_spu_thread)[0x0098f004]]: TODO: cellFiberPpuRunFibers
[E : PPU[21] Thread (sp_job_server_spu_thread)[0x0098f004]]: TODO: cellFiberPpuRunFibers
[E : PPU[21] Thread (sp_job_server_spu_thread)[0x0098f004]]: TODO: cellFiberPpuRunFibers
[E : PPU[21] Thread (sp_job_server_spu_thread)[0x0098f004]]: TODO: cellFiberPpuRunFibers
[E : PPU[21] Thread (sp_job_server_spu_thread)[0x0098f004]]: TODO: cellFiberPpuRunFibers
[E : PPU[21] Thread (sp_job_server_spu_thread)[0x0098f004]]: TODO: cellFiberPpuRunFibers
[E : PPU[21] Thread (sp_job_server_spu_thread)[0x0098f004]]: TODO: cellFiberPpuRunFibers
[E : PPU[21] Thread (sp_job_server_spu_thread)[0x0098f004]]: TODO: cellFiberPpuRunFibers
[E : PPU[21] Thread (sp_job_server_spu_thread)[0x0098f004]]: TODO: cellFiberPpuRunFibers
[E : PPU[21] Thread (sp_job_server_spu_thread)[0x0098f004]]: TODO: cellFiberPpuRunFibers
[E : PPU[21] Thread (sp_job_server_spu_thread)[0x0098f004]]: TODO: cellFiberPpuRunFibers
[E : PPU[21] Thread (sp_job_server_spu_thread)[0x0098f004]]: TODO: cellFiberPpuRunFibers
[E : PPU[21] Thread (sp_job_server_spu_thread)[0x0098f004]]: TODO: cellFiberPpuRunFibers
[E : PPU[21] Thread (sp_job_server_spu_thread)[0x0098f004]]: TODO: cellFiberPpuRunFibers
[E : PPU[21] Thread (sp_job_server_spu_thread)[0x0098f004]]: TODO: cellFiberPpuRunFibers
[E : PPU[21] Thread (sp_job_server_spu_thread)[0x0098f004]]: TODO: cellFiberPpuRunFibers
[E : PPU[21] Thread (sp_job_server_spu_thread)[0x0098f004]]: TODO: cellFiberPpuRunFibers
[E : PPU[21] Thread (sp_job_server_spu_thread)[0x0098f004]]: TODO: cellFiberPpuRunFibers
[E : PPU[21] Thread (sp_job_server_spu_thread)[0x0098f004]]: TODO: cellFiberPpuRunFibers
[E : PPU[21] Thread (sp_job_server_spu_thread)[0x0098f004]]: TODO: cellFiberPpuRunFibers
[E : PPU[21] Thread (sp_job_server_spu_thread)[0x0098f004]]: TODO: cellFiberPpuRunFibers
[E : PPU[21] Thread (sp_job_server_spu_thread)[0x0098f004]]: TODO: cellFiberPpuRunFibers
[E : PPU[21] Thread (sp_job_server_spu_thread)[0x0098f004]]: TODO: cellFiberPpuRunFibers
[E : PPU[21] Thread (sp_job_server_spu_thread)[0x0098f004]]: TODO: cellFiberPpuRunFibers
[E : PPU[21] Thread (sp_job_server_spu_thread)[0x0098f004]]: TODO: cellFiberPpuRunFibers
[E : PPU[21] Thread (sp_job_server_spu_thread)[0x0098f004]]: TODO: cellFiberPpuRunFibers
[E : PPU[21] Thread (sp_job_server_spu_thread)[0x0098f004]]: TODO: cellFiberPpuRunFibers
[E : PPU[21] Thread (sp_job_server_spu_thread)[0x0098f004]]: TODO: cellFiberPpuRunFibers
[E : PPU[21] Thread (sp_job_server_spu_thread)[0x0098f004]]: TODO: cellFiberPpuRunFibers
[E : PPU[21] Thread (sp_job_server_spu_thread)[0x0098f004]]: TODO: cellFiberPpuRunFibers
[E : PPU[21] Thread (sp_job_server_spu_thread)[0x0098f004]]: TODO: cellFiberPpuRunFibers
[E : PPU[21] Thread (sp_job_server_spu_thread)[0x0098f004]]: TODO: cellFiberPpuRunFibers
[E : PPU[21] Thread (sp_job_server_spu_thread)[0x0098f004]]: TODO: cellFiberPpuRunFibers
[E : PPU[21] Thread (sp_job_server_spu_thread)[0x0098f004]]: TODO: cellFiberPpuRunFibers
[E : PPU[21] Thread (sp_job_server_spu_thread)[0x0098f004]]: TODO: cellFiberPpuRunFibers
[E : PPU[21] Thread (sp_job_server_spu_thread)[0x0098f004]]: TODO: cellFiberPpuRunFibers
[E : PPU[21] Thread (sp_job_server_spu_thread)[0x0098f004]]: TODO: cellFiberPpuRunFibers
[E : PPU[21] Thread (sp_job_server_spu_thread)[0x0098f004]]: TODO: cellFiberPpuRunFibers
[E : PPU[21] Thread (sp_job_server_spu_thread)[0x0098f004]]: TODO: cellFiberPpuRunFibers
[E : PPU[21] Thread (sp_job_server_spu_thread)[0x0098f004]]: TODO: cellFiberPpuRunFibers
[E : PPU[21] Thread (sp_job_server_spu_thread)[0x0098f004]]: TODO: cellFiberPpuRunFibers
[E : PPU[21] Thread (sp_job_server_spu_thread)[0x0098f004]]: TODO: cellFiberPpuRunFibers
[E : PPU[21] Thread (sp_job_server_spu_thread)[0x0098f004]]: TODO: cellFiberPpuRunFibers
[E : PPU[21] Thread (sp_job_server_spu_thread)[0x0098f004]]: TODO: cellFiberPpuRunFibers
[E : PPU[21] Thread (sp_job_server_spu_thread)[0x0098f004]]: TODO: cellFiberPpuRunFibers
[E : PPU[21] Thread (sp_job_server_spu_thread)[0x0098f004]]: TODO: cellFiberPpuRunFibers
[E : PPU[21] Thread (sp_job_server_spu_thread)[0x0098f004]]: TODO: cellFiberPpuRunFibers
[E : PPU[21] Thread (sp_job_server_spu_thread)[0x0098f004]]: TODO: cellFiberPpuRunFibers
[E : PPU[21] Thread (sp_job_server_spu_thread)[0x0098f004]]: TODO: cellFiberPpuRunFibers
[E : PPU[21] Thread (sp_job_server_spu_thread)[0x0098f004]]: TODO: cellFiberPpuRunFibers
[E : PPU[21] Thread (sp_job_server_spu_thread)[0x0098f004]]: TODO: cellFiberPpuRunFibers
[E : PPU[21] Thread (sp_job_server_spu_thread)[0x0098f004]]: TODO: cellFiberPpuRunFibers
[E : PPU[21] Thread (sp_job_server_spu_thread)[0x0098f004]]: TODO: cellFiberPpuRunFibers
[E : PPU[21] Thread (sp_job_server_spu_thread)[0x0098f004]]: TODO: cellFiberPpuRunFibers
[E : PPU[21] Thread (sp_job_server_spu_thread)[0x0098f004]]: TODO: cellFiberPpuRunFibers
[E : PPU[21] Thread (sp_job_server_spu_thread)[0x0098f004]]: TODO: cellFiberPpuRunFibers
[E : PPU[21] Thread (sp_job_server_spu_thread)[0x0098f004]]: TODO: cellFiberPpuRunFibers
[E : PPU[21] Thread (sp_job_server_spu_thread)[0x0098f004]]: TODO: cellFiberPpuRunFibers
[E : PPU[21] Thread (sp_job_server_spu_thread)[0x0098f004]]: TODO: cellFiberPpuRunFibers
[E : PPU[21] Thread (sp_job_server_spu_thread)[0x0098f004]]: TODO: cellFiberPpuRunFibers
[E : PPU[21] Thread (sp_job_server_spu_thread)[0x0098f004]]: TODO: cellFiberPpuRunFibers
[E : PPU[21] Thread (sp_job_server_spu_thread)[0x0098f004]]: TODO: cellFiberPpuRunFibers
[E : PPU[21] Thread (sp_job_server_spu_thread)[0x0098f004]]: TODO: cellFiberPpuRunFibers
[E : PPU[21] Thread (sp_job_server_spu_thread)[0x0098f004]]: TODO: cellFiberPpuRunFibers
[E : PPU[21] Thread (sp_job_server_spu_thread)[0x0098f004]]: TODO: cellFiberPpuRunFibers
[E : PPU[21] Thread (sp_job_server_spu_thread)[0x0098f004]]: TODO: cellFiberPpuRunFibers
[E : PPU[21] Thread (sp_job_server_spu_thread)[0x0098f004]]: TODO: cellFiberPpuRunFibers
[E : PPU[21] Thread (sp_job_server_spu_thread)[0x0098f004]]: TODO: cellFiberPpuRunFibers
[E : PPU[21] Thread (sp_job_server_spu_thread)[0x0098f004]]: TODO: cellFiberPpuRunFibers
[E : PPU[21] Thread (sp_job_server_spu_thread)[0x0098f004]]: TODO: cellFiberPpuRunFibers
[E : PPU[21] Thread (sp_job_server_spu_thread)[0x0098f004]]: TODO: cellFiberPpuRunFibers
[E : PPU[21] Thread (sp_job_server_spu_thread)[0x0098f004]]: TODO: cellFiberPpuRunFibers
[E : PPU[21] Thread (sp_job_server_spu_thread)[0x0098f004]]: TODO: cellFiberPpuRunFibers
[E : PPU[21] Thread (sp_job_server_spu_thread)[0x0098f004]]: TODO: cellFiberPpuRunFibers
[E : PPU[21] Thread (sp_job_server_spu_thread)[0x0098f004]]: TODO: cellFiberPpuRunFibers
[E : PPU[21] Thread (sp_job_server_spu_thread)[0x0098f004]]: TODO: cellFiberPpuRunFibers
[E : PPU[21] Thread (sp_job_server_spu_thread)[0x0098f004]]: TODO: cellFiberPpuRunFibers
[E : PPU[21] Thread (sp_job_server_spu_thread)[0x0098f004]]: TODO: cellFiberPpuRunFibers
[E : PPU[21] Thread (sp_job_server_spu_thread)[0x0098f004]]: TODO: cellFiberPpuRunFibers
[E : PPU[21] Thread (sp_job_server_spu_thread)[0x0098f004]]: TODO: cellFiberPpuRunFibers
[E : PPU[21] Thread (sp_job_server_spu_thread)[0x0098f004]]: TODO: cellFiberPpuRunFibers
[E : PPU[21] Thread (sp_job_server_spu_thread)[0x0098f004]]: TODO: cellFiberPpuRunFibers
[E : PPU[21] Thread (sp_job_server_spu_thread)[0x0098f004]]: TODO: cellFiberPpuRunFibers
[W : PPU[46] Thread (CRI FS File Access 2)[0x009bd034]]: sys_lwcond_wait(id=45) aborted
[W : PPU[54] Thread (CRI FS Data Decompression 0)[0x009bd034]]: sys_lwcond_wait(id=53) aborted
[W : PPU[42] Thread (CRI FS File Access 1)[0x009bd034]]: sys_lwcond_wait(id=41) aborted
[W : PPU[66] Thread (CriThread)[0x009bd034]]: sys_lwcond_wait(id=65) aborted
[W : PPU[27] Thread (sp_job_server_cpu_thread_normal)[0x00671d78]]: sys_event_queue_receive(equeue=25) aborted
[W : PPU[34] Thread (CRI FS File Access 0)[0x009bd034]]: sys_lwcond_wait(id=33) aborted
[W : PPU[30] Thread (sp_job_server_cpu_thread_low)[0x00671d78]]: sys_event_queue_receive(equeue=28) aborted
[W : PPU[73] Thread (sp_file_server_load_thread)[0x009bd004]]: sys_lwmutex_t::lock(sq=15) aborted
[W : PPU[50] Thread (CRI FS File Access 3)[0x009bd034]]: sys_lwcond_wait(id=49) aborted
[W : PPU[24] Thread (sp_job_server_cpu_thread_high)[0x00671d78]]: sys_event_queue_receive(equeue=22) aborted
[W : PPU[38] Thread (CRI FS Memory File System)[0x009bd034]]: sys_lwcond_wait(id=37) aborted
[W : PPU[78] Thread (sp_game_server_video_thread)[0x00671d78]]: sys_event_queue_receive(equeue=76) aborted
[! : RSXThread]: RSX thread exit...
[W : PPU[88] Thread (savedata_thread)[0x003e0764]]: sys_event_queue_receive(equeue=86) aborted
[!]: Closing memory...
