[!]: path: /dev_hdd0/game/
[!]: Loading 'E:\PS3EMU\Rpcs3-x6412\dev_hdd0\game\BLJS10092-[PachiPara 16 Gingira Paradise 2]/USRDIR/BOOT.BIN'...
[!]: Mount info:
[!]: /dev_hdd0/ -> E:\PS3EMU\Rpcs3-x6412/dev_hdd0/
[!]: /dev_hdd1/ -> E:\PS3EMU\Rpcs3-x6412/dev_hdd1/
[!]: /dev_flash/ -> E:\PS3EMU\Rpcs3-x6412/dev_flash/
[!]: /dev_usb000/ -> E:\PS3EMU\Rpcs3-x6412/dev_usb000/
[!]: /dev_usb/ -> E:\PS3EMU\Rpcs3-x6412/dev_usb000/
[!]: /app_home/ -> E:\PS3EMU\Rpcs3-x6412\dev_hdd0\game\BLJS10092-[PachiPara 16 Gingira Paradise 2]/
[!]: /dev_bdvd/ -> E:\PS3EMU\Rpcs3-x6412\dev_hdd0\game\BLJS10092-[PachiPara 16 Gingira Paradise 2]//../
[!]: /host_root/ -> 
[!]: / -> E:\PS3EMU\Rpcs3-x6412\dev_hdd0\game\BLJS10092-[PachiPara 16 Gingira Paradise 2]/
[!]: Initing memory...
[!]: Memory initialized.
[W]: Unknown function 0x1a91874b in 'cellSysutil' module
[E]: TODO: cellWebBrowserConfigSetFullScreen2
[W]: Unknown function 0x1dfbfdd6 in 'cellSysutil' module
[E]: TODO: cellSaveDataListLoad2
[W]: Unknown function 0x20543730 in 'cellSysutil' module
[E]: TODO: cellMsgDialogClose
[W]: Unknown function 0x2a8eada2 in 'cellSysutil' module
[E]: TODO: cellSaveDataFixedLoad2
[W]: Unknown function 0x2aae9ef5 in 'cellSysutil' module
[E]: TODO: cellSaveDataFixedSave2
[W]: Unknown function 0x2de0d663 in 'cellSysutil' module
[E]: TODO: cellSaveDataListSave2
[W]: Unknown function 0x3d1e1931 in 'cellSysutil' module
[E]: TODO: cellOskDialogUnloadAsync
[W]: Unknown function 0x619b1427 in 'cellSysutil' module
[E]: TODO: cellWebBrowserConfigSetTabCount2
[W]: Unknown function 0x6cfd856f in 'cellSysutil' module
[E]: TODO: cellSysutilGetBgmPlaybackStatus2
[W]: Unknown function 0x6d087930 in 'cellSysutil' module
[E]: TODO: cellWebBrowserEstimate2
[W]: Unknown function 0x749c9b5f in 'cellSysutil' module
[E]: TODO: cellWebBrowserInitialize
[W]: Unknown function 0x7f21c918 in 'cellSysutil' module
[E]: TODO: cellOskDialogAddSupportLanguage
[W]: Unknown function 0x7fb3c6a5 in 'cellSysutil' module
[E]: TODO: cellWebBrowserConfig2
[W]: Unknown function 0x7fcfc915 in 'cellSysutil' module
[E]: TODO: cellOskDialogLoadAsync
[W]: Unknown function 0x93ced48d in 'cellSysutil' module
[E]: TODO: cellWebBrowserShutdown
[W]: Unknown function 0x94862702 in 'cellSysutil' module
[E]: TODO: cellMsgDialogProgressBarInc
[W]: Unknown function 0x9d6af72a in 'cellSysutil' module
[E]: TODO: cellMsgDialogProgressBarSetMsg
[W]: Unknown function 0xa36335a5 in 'cellSysutil' module
[E]: TODO: cellSysutilDisableBgmPlaybackEx
[W]: Unknown function 0xa5f12145 in 'cellSysutil' module
[E]: TODO: cellWebBrowserCreate2
[W]: Unknown function 0xa9a439e0 in 'cellSysutil' module
[E]: TODO: cellWebBrowserConfigSetUnknownMIMETypeHook2
[W]: Unknown function 0xac58ad2b in 'cellSysutil' module
[E]: TODO: cellSysutilEnableBgmPlaybackEx
[W]: Unknown function 0xb53c54fa in 'cellSysutil' module
[E]: TODO: cellOskDialogSetKeyLayoutOption
[W]: Unknown function 0xb6d84526 in 'cellSysutil' module
[E]: TODO: cellOskDialogAbort
[W]: Unknown function 0xd7a617f5 in 'cellSysutil' module
[E]: TODO: cellWebBrowserConfigSetViewCondition2
[W]: Unknown function 0xe22ed55d in 'cellSysutil' module
[E]: TODO: cellWebBrowserConfigSetFunction2
[W]: Unknown function 0xe8dee79c in 'cellSysutil' module
[E]: TODO: cellWebBrowserDestroy2
[W]: Unknown function 0xedadd797 in 'cellSysutil' module
[E]: TODO: cellSaveDataDelete2
[W]: Unknown function 0xf0ec3ccc in 'cellSysutil' module
[E]: TODO: cellOskDialogSetLayoutMode
[W]: Unknown function 0xfe669845 in 'cellSysutil' module
[E]: TODO: cellWebBrowserConfigSetHeapSize2
[W]: Unknown function 0x28e208bb in 'sys_net' module
[E]: TODO: listen
[W]: Unknown function 0x3f09e20a in 'sys_net' module
[E]: TODO: socketselect
[W]: Unknown function 0x63387071 in 'cellGcmSys' module
[E]: TODO: cellGcmGetLastFlipTime
[W]: Unknown function 0x7f13fc8c in 'sys_fs' module
[E]: TODO: cellFsAioCancel
[W]: Unknown function 0xaa6269a8 in 'cellSpurs' module
[E]: TODO: cellSpursInitializeWithAttribute
[W]: Unknown function 0x011ee38b in 'cellSpurs' module
[E]: TODO: _cellSpursLFQueueInitialize
[W]: Unknown function 0x1656d49f in 'cellSpurs' module
[E]: TODO: cellSpursLFQueueAttachLv2EventQueue
[W]: Unknown function 0x22aab31d in 'cellSpurs' module
[E]: TODO: cellSpursEventFlagDetachLv2EventQueue
[W]: Unknown function 0x373523d4 in 'cellSpurs' module
[E]: TODO: cellSpursEventFlagWait
[W]: Unknown function 0x52cc6c82 in 'cellSpurs' module
[E]: TODO: cellSpursCreateTaskset
[W]: Unknown function 0x57e4dec3 in 'cellSpurs' module
[E]: TODO: cellSpursRemoveWorkload
[W]: Unknown function 0x5ef96465 in 'cellSpurs' module
[E]: TODO: _cellSpursEventFlagInitialize
[W]: Unknown function 0x5fd43fe4 in 'cellSpurs' module
[E]: TODO: cellSpursWaitForWorkloadShutdown
[W]: Unknown function 0x69726aa2 in 'cellSpurs' module
[E]: TODO: cellSpursAddWorkload
[W]: Unknown function 0x73e06f91 in 'cellSpurs' module
[E]: TODO: cellSpursLFQueueDetachLv2EventQueue
[W]: Unknown function 0x7e4ea023 in 'cellSpurs' module
[E]: TODO: cellSpursWakeUp
[W]: Unknown function 0x87630976 in 'cellSpurs' module
[E]: TODO: cellSpursEventFlagAttachLv2EventQueue
[W]: Unknown function 0x8a85674d in 'cellSpurs' module
[E]: TODO: _cellSpursLFQueuePushBody
[W]: Unknown function 0x98d5b343 in 'cellSpurs' module
[E]: TODO: cellSpursShutdownWorkload
[W]: Unknown function 0x9f72add3 in 'cellSpurs' module
[E]: TODO: cellSpursJoinTaskset
[W]: Unknown function 0xa789e631 in 'cellSpurs' module
[E]: TODO: cellSpursShutdownTaskset
[W]: Unknown function 0xbeb600ac in 'cellSpurs' module
[E]: TODO: cellSpursCreateTask
[W]: Unknown function 0xe0a6dbe4 in 'cellSpurs' module
[E]: TODO: _cellSpursSendSignal
[W]: Unknown function 0xf843818d in 'cellSpurs' module
[E]: TODO: cellSpursReadyCountStore
[W]: Unknown function 0x04372385 in 'sceNp' module
[E]: TODO: sceNpBasicGetFriendListEntry
[W]: Unknown function 0x166dcc11 in 'sceNp' module
[E]: TODO: sceNpLookupNpId
[W]: Unknown function 0x168a3117 in 'sceNp' module
[E]: TODO: sceNpBasicAddPlayersHistory
[W]: Unknown function 0x168fcece in 'sceNp' module
[E]: TODO: sceNpManagerGetAccountAge
[W]: Unknown function 0x21206642 in 'sceNp' module
[E]: TODO: sceNpScoreGetRankingByRangeAsync
[W]: Unknown function 0x259113b8 in 'sceNp' module
[E]: TODO: sceNpScoreDestroyTitleCtx
[W]: Unknown function 0x32cf311f in 'sceNp' module
[E]: TODO: sceNpScoreInit
[W]: Unknown function 0x3db7914d in 'sceNp' module
[E]: TODO: sceNpScoreGetRankingByNpIdAsync
[W]: Unknown function 0x52a6b523 in 'sceNp' module
[E]: TODO: sceNpManagerUnregisterCallback
[W]: Unknown function 0x5de61626 in 'sceNp' module
[E]: TODO: sceNpLookupDestroyTitleCtx
[W]: Unknown function 0x5f2d9257 in 'sceNp' module
[E]: TODO: sceNpLookupInit
[W]: Unknown function 0x6ee62ed2 in 'sceNp' module
[E]: TODO: sceNpManagerGetContentRatingFlag
[W]: Unknown function 0x6f5e8143 in 'sceNp' module
[E]: TODO: sceNpScoreCreateTransactionCtx
[W]: Unknown function 0x8440537c in 'sceNp' module
[E]: TODO: sceNpLookupTerm
[W]: Unknown function 0x9851f805 in 'sceNp' module
[E]: TODO: sceNpScoreTerm
[W]: Unknown function 0xa7a090e5 in 'sceNp' module
[E]: TODO: sceNpScorePollAsync
[W]: Unknown function 0xafef640d in 'sceNp' module
[E]: TODO: sceNpBasicGetFriendListEntryCount
[W]: Unknown function 0xb9f93bbb in 'sceNp' module
[E]: TODO: sceNpScoreCreateTitleCtx
[W]: Unknown function 0xbe07c708 in 'sceNp' module
[E]: TODO: sceNpManagerGetOnlineId
[W]: Unknown function 0xc5f4cf82 in 'sceNp' module
[E]: TODO: sceNpScoreDestroyTransactionCtx
[W]: Unknown function 0xce81c7f0 in 'sceNp' module
[E]: TODO: sceNpLookupCreateTitleCtx
[W]: Unknown function 0xd208f91d in 'sceNp' module
[E]: TODO: sceNpUtilCmpNpId
[W]: Unknown function 0xe7dcd3b4 in 'sceNp' module
[E]: TODO: sceNpManagerRegisterCallback
[W]: Unknown function 0xea2e9ffc in 'sceNp' module
[E]: TODO: sceNpLookupCreateTransactionCtx
[W]: Unknown function 0xeb7a3d84 in 'sceNp' module
[E]: TODO: sceNpManagerGetChatRestrictionFlag
[W]: Unknown function 0xee5b20d9 in 'sceNp' module
[E]: TODO: sceNpScoreAbortTransaction
[W]: Unknown function 0xf0b1e399 in 'sceNp' module
[E]: TODO: sceNpScoreRecordScoreAsync
[W]: Unknown function 0xf42c0df8 in 'sceNp' module
[E]: TODO: sceNpManagerGetOnlineName
[W]: Unknown function 0xfb87cf5e in 'sceNp' module
[E]: TODO: sceNpLookupDestroyTransactionCtx
[W]: Unknown function 0xfe37a7f4 in 'sceNp' module
[E]: TODO: sceNpManagerGetNpId
[W]: Unknown function 0x01379fd7 in 'sceNp2' module
[E]: TODO: sceNpMatching2DestroyContext
[W]: Unknown function 0x05bf2fbd in 'sceNp2' module
[E]: TODO: sceNpMatching2GetWorldInfoList
[W]: Unknown function 0x0d22867f in 'sceNp2' module
[E]: TODO: sceNpMatching2SearchRoom
[W]: Unknown function 0x0ebe4c6b in 'sceNp2' module
[E]: TODO: sceNpMatching2SignalingGetConnectionStatus
[W]: Unknown function 0x16b3e5a4 in 'sceNp2' module
[E]: TODO: sceNpMatching2CreateServerContext
[W]: Unknown function 0x1f372697 in 'sceNp2' module
[E]: TODO: sceNpMatching2LeaveRoom
[W]: Unknown function 0x23009d07 in 'sceNp2' module
[E]: TODO: sceNpMatching2Term2
[W]: Unknown function 0x3457c0db in 'sceNp2' module
[E]: TODO: sceNpMatching2GetServerInfo
[W]: Unknown function 0x3c00c9d4 in 'sceNp2' module
[E]: TODO: sceNpMatching2GetEventData
[W]: Unknown function 0x41251f74 in 'sceNp2' module
[E]: TODO: sceNp2Init
[W]: Unknown function 0x490124fd in 'sceNp2' module
[E]: TODO: sceNpMatching2GetRoomMemberIdListLocal
[W]: Unknown function 0x5721e711 in 'sceNp2' module
[E]: TODO: sceNpMatching2JoinRoom
[W]: Unknown function 0x6ba4c668 in 'sceNp2' module
[E]: TODO: sceNpMatching2ContextStartAsync
[W]: Unknown function 0x748029a2 in 'sceNp2' module
[E]: TODO: sceNpMatching2RegisterContextCallback
[W]: Unknown function 0x7bf6e152 in 'sceNp2' module
[E]: TODO: sceNpMatching2SendRoomChatMessage
[W]: Unknown function 0x817d1090 in 'sceNp2' module
[E]: TODO: sceNpMatching2SetRoomDataInternal
[W]: Unknown function 0x8e5cfe9f in 'sceNp2' module
[E]: TODO: sceNpMatching2GetServerIdListLocal
[W]: Unknown function 0x9cbce3f2 in 'sceNp2' module
[E]: TODO: sceNpMatching2CreateContext
[W]: Unknown function 0xa9e6103e in 'sceNp2' module
[E]: TODO: sceNpMatching2RegisterSignalingCallback
[W]: Unknown function 0xaadb7c12 in 'sceNp2' module
[E]: TODO: sceNp2Term
[W]: Unknown function 0xac98b03a in 'sceNp2' module
[E]: TODO: sceNpMatching2GetUserInfoList
[W]: Unknown function 0xc6b63b7e in 'sceNp2' module
[E]: TODO: sceNpMatching2DeleteServerContext
[W]: Unknown function 0xdcb6b27d in 'sceNp2' module
[E]: TODO: sceNpMatching2RegisterRoomEventCallback
[W]: Unknown function 0xe4ac32ca in 'sceNp2' module
[E]: TODO: sceNpMatching2GetRoomDataExternalList
[W]: Unknown function 0xe7a3bc7a in 'sceNp2' module
[E]: TODO: sceNpMatching2CreateJoinRoom
[W]: Unknown function 0xf43c647a in 'sceNp2' module
[E]: TODO: sceNpMatching2ContextStop
[W]: Unknown function 0xf4babd3f in 'sceNp2' module
[E]: TODO: sceNpMatching2Init2
[W]: Unknown function 0xfee11e72 in 'sceNp2' module
[E]: TODO: sceNpMatching2RegisterRoomMessageCallback
[W]: Unknown function 0x21aa3045 in 'cellL10n' module
[E]: TODO: UTF32stoUTF8s
[W]: Unknown function 0x28724522 in 'cellL10n' module
[E]: TODO: UTF8toUCS2
[W]: Unknown function 0x2ad091c6 in 'cellL10n' module
[E]: TODO: UCS2stoUTF8s
[W]: Unknown function 0x33435818 in 'cellL10n' module
[E]: TODO: SJISstoUTF8s
[W]: Unknown function 0x8ccdba38 in 'cellL10n' module
[E]: TODO: UTF8stoUTF32s
[W]: Unknown function 0xa9a76fb8 in 'cellL10n' module
[E]: TODO: UCS2toUTF8
[W]: Unknown function 0xbdd44ee3 in 'cellL10n' module
[E]: TODO: SJIStoUCS2
[W]: Unknown function 0x285d30d6 in 'cellFont' module
[E]: TODO: cellFontGetScalePixel
[W]: Unknown function 0x0247c69e in 'cellSail' module
[E]: TODO: cellSailGraphicsAdapterGetFrame
[W]: Unknown function 0x07924359 in 'cellSail' module
[E]: TODO: cellSailPlayerCloseEsVideo
[W]: Unknown function 0x09de25fd in 'cellSail' module
[E]: TODO: cellSailPlayerIsEsAudioMuted
[W]: Unknown function 0x0abb318b in 'cellSail' module
[E]: TODO: cellSailDescriptorCreateDatabase
[W]: Unknown function 0x0c4cb439 in 'cellSail' module
[E]: TODO: cellSailFutureReset
[W]: Unknown function 0x1139a206 in 'cellSail' module
[E]: TODO: cellSailPlayerSetSoundAdapter
[W]: Unknown function 0x1872331b in 'cellSail' module
[E]: TODO: cellSailGraphicsAdapterPtsToTimePosition
[W]: Unknown function 0x18b4629d in 'cellSail' module
[E]: TODO: cellSailPlayerFinalize
[W]: Unknown function 0x18bcd21b in 'cellSail' module
[E]: TODO: cellSailPlayerSetGraphicsAdapter
[W]: Unknown function 0x1c983864 in 'cellSail' module
[E]: TODO: cellSailGraphicsAdapterInitialize
[W]: Unknown function 0x23654375 in 'cellSail' module
[E]: TODO: cellSailPlayerInitialize2
[W]: Unknown function 0x28336e89 in 'cellSail' module
[E]: TODO: cellSailDescriptorDestroyDatabase
[W]: Unknown function 0x2e3ccb5e in 'cellSail' module
[E]: TODO: cellSailGraphicsAdapterSetPreferredFormat
[W]: Unknown function 0x346ebba3 in 'cellSail' module
[E]: TODO: cellSailMemAllocatorInitialize
[W]: Unknown function 0x34ecc1b9 in 'cellSail' module
[E]: TODO: cellSailPlayerOpenStream
[W]: Unknown function 0x3a2d806c in 'cellSail' module
[E]: TODO: cellSailFutureGet
[W]: Unknown function 0x3d0d3b72 in 'cellSail' module
[E]: TODO: cellSailSoundAdapterInitialize
[W]: Unknown function 0x44a20e79 in 'cellSail' module
[E]: TODO: cellSailGraphicsAdapterUpdateAvSync
[W]: Unknown function 0x4ae979df in 'cellSail' module
[E]: TODO: cellSailSoundAdapterPtsToTimePosition
[W]: Unknown function 0x4cc54f8e in 'cellSail' module
[E]: TODO: cellSailFutureInitialize
[W]: Unknown function 0x4fa5ad09 in 'cellSail' module
[E]: TODO: cellSailPlayerReopenEsAudio
[W]: Unknown function 0x5f7c7a6f in 'cellSail' module
[E]: TODO: cellSailPlayerSetParameter
[W]: Unknown function 0x76488bb1 in 'cellSail' module
[E]: TODO: cellSailGraphicsAdapterFinalize
[W]: Unknown function 0x7c8dff3b in 'cellSail' module
[E]: TODO: cellSailPlayerAddDescriptor
[W]: Unknown function 0x7eb8d6b5 in 'cellSail' module
[E]: TODO: cellSailSoundAdapterGetFrame
[W]: Unknown function 0x85beffcc in 'cellSail' module
[E]: TODO: cellSailPlayerCloseStream
[W]: Unknown function 0x91d287f6 in 'cellSail' module
[E]: TODO: cellSailPlayerSetEsAudioMuted
[W]: Unknown function 0x9553af65 in 'cellSail' module
[E]: TODO: cellSailFutureFinalize
[W]: Unknown function 0xa37fed15 in 'cellSail' module
[E]: TODO: cellSailFutureSet
[W]: Unknown function 0xaafa17b8 in 'cellSail' module
[E]: TODO: cellSailPlayerIsPaused
[W]: Unknown function 0xbdf21b0f in 'cellSail' module
[E]: TODO: cellSailPlayerBoot
[W]: Unknown function 0xbf9b8d72 in 'cellSail' module
[E]: TODO: cellSailPlayerCloseEsAudio
[W]: Unknown function 0xd1462438 in 'cellSail' module
[E]: TODO: cellSailSoundAdapterFinalize
[W]: Unknown function 0xd1d55a90 in 'cellSail' module
[E]: TODO: cellSailPlayerSetPaused
[W]: Unknown function 0xd7938b8d in 'cellSail' module
[E]: TODO: cellSailPlayerCreateDescriptor
[W]: Unknown function 0xdbe32ed4 in 'cellSail' module
[E]: TODO: cellSailPlayerIsEsVideoMuted
[W]: Unknown function 0xe535b0d3 in 'cellSail' module
[E]: TODO: cellSailPlayerStart
[W]: Unknown function 0xeba8d4ec in 'cellSail' module
[E]: TODO: cellSailPlayerStop
[W]: Unknown function 0xeec22809 in 'cellSail' module
[E]: TODO: cellSailSoundAdapterUpdateAvSync
[W]: Unknown function 0xf1446a40 in 'cellSail' module
[E]: TODO: cellSailPlayerSetEsVideoMuted
[W]: Unknown function 0xf25f197d in 'cellSail' module
[E]: TODO: cellSailSoundAdapterGetFormat
[W]: Unknown function 0xf60a8a69 in 'cellSail' module
[E]: TODO: cellSailPlayerReopenEsVideo
[W]: Unknown function 0xfc5baf8a in 'cellSail' module
[E]: TODO: cellSailPlayerSetRepeatMode
[W]: Unknown function 0xfc839bd4 in 'cellSail' module
[E]: TODO: cellSailPlayerDestroyDescriptor
[W]: Unknown function 0xffd58aa4 in 'cellSail' module
[E]: TODO: cellSailGraphicsAdapterGetFormat
[W]: Unknown module 'sceNpCommerce2'
[W]: Unknown module 'cellHttp'
[W]: Unknown function 0x1650aea4 in 'cellSsl' module
[E]: TODO: cellSslEnd
[W]: Unknown function 0x571afaca in 'cellSsl' module
[E]: TODO: cellSslCertificateLoader
[W]: Unknown function 0xfb02c9d2 in 'cellSsl' module
[E]: TODO: cellSslInit
[W]: Unknown function 0x38579ec9 in 'cellGameExec' module
[E]: TODO: cellGameSetExitParam
[W]: Unknown function 0x59b1ede1 in 'cellGameExec' module
[E]: TODO: cellGameGetHomeDataExportPath
[W]: Unknown function 0x94e9f81d in 'cellGameExec' module
[E]: TODO: cellGameGetHomeLaunchOptionPath
[W]: Unknown function 0xf6acd0bc in 'cellGameExec' module
[E]: TODO: cellGameGetBootGameInfo
[W]: Unknown module 'PRX_PUOK1'
[W]: Unknown function 0x80fb0c19 in 'sysPrxForUser' module
[E]: TODO: sys_prx_stop_module
[W]: Unknown function 0x8a561d92 in 'sysPrxForUser' module
[E]: TODO: _sys_heap_free
[W]: Unknown function 0x9f18429d in 'sysPrxForUser' module
[E]: TODO: sys_prx_start_module
[W]: Unknown function 0xaa6d9bff in 'sysPrxForUser' module
[E]: TODO: sys_prx_load_module_on_memcontainer
[W]: Unknown function 0xaede4b03 in 'sysPrxForUser' module
[E]: TODO: _sys_heap_delete_heap
[W]: Unknown function 0xdd3b27ac in 'sysPrxForUser' module
[E]: TODO: _sys_spu_printf_finalize
[W]: Unknown function 0xf0aece0d in 'sysPrxForUser' module
[E]: TODO: sys_prx_unload_module
[W : PPU[1] Thread (CPUThread)[0x0077f04c]]: sys_lwmutex warning: *** lwmutex created [_lc_mtx] (attribute=0x12): sq_id = 3
[W : PPU[1] Thread (CPUThread)[0x000566d0]]: memory warning: sys_memory_get_user_memory_size(mem_info_addr=0xd0010c04)
[W : PPU[1] Thread (CPUThread)[0x0077f04c]]: sys_lwmutex warning: *** lwmutex created [_lc_mtx] (attribute=0x12): sq_id = 4
[W : PPU[1] Thread (CPUThread)[0x0077f04c]]: sys_lwmutex warning: *** lwmutex created [_lc_mtx] (attribute=0x12): sq_id = 5
[W : PPU[1] Thread (CPUThread)[0x0077f04c]]: sys_lwmutex warning: *** lwmutex created [_lc_mtx] (attribute=0x12): sq_id = 6
[W : PPU[1] Thread (CPUThread)[0x0077f04c]]: sys_lwmutex warning: *** lwmutex created [_lc_mtx] (attribute=0x12): sq_id = 7
[W : PPU[1] Thread (CPUThread)[0x0077f04c]]: sys_lwmutex warning: *** lwmutex created [_lc_mtx] (attribute=0x12): sq_id = 8
[W : PPU[1] Thread (CPUThread)[0x0077f04c]]: sys_lwmutex warning: *** lwmutex created [_lc_mtx] (attribute=0x12): sq_id = 9
[W : PPU[1] Thread (CPUThread)[0x0077f04c]]: sys_lwmutex warning: *** lwmutex created [_lc_mtx] (attribute=0x12): sq_id = 10
[W : PPU[1] Thread (CPUThread)[0x0077f04c]]: sys_lwmutex warning: *** lwmutex created [_lc_mtx] (attribute=0x12): sq_id = 11
[W : PPU[1] Thread (CPUThread)[0x0077f04c]]: sys_lwmutex warning: *** lwmutex created [_lc_mtx] (attribute=0x12): sq_id = 12
[W : PPU[1] Thread (CPUThread)[0x0077f04c]]: sys_lwmutex warning: *** lwmutex created [_lc_mtx] (attribute=0x12): sq_id = 13
[W : PPU[1] Thread (CPUThread)[0x0077f04c]]: sys_lwmutex warning: *** lwmutex created [_lc_mtx] (attribute=0x12): sq_id = 14
[W : PPU[1] Thread (CPUThread)[0x0077f04c]]: sys_lwmutex warning: *** lwmutex created [_lc_mtx] (attribute=0x12): sq_id = 15
[W : PPU[1] Thread (CPUThread)[0x0077f04c]]: sys_lwmutex warning: *** lwmutex created [_lc_mtx] (attribute=0x12): sq_id = 16
[W : PPU[1] Thread (CPUThread)[0x0077f04c]]: sys_lwmutex warning: *** lwmutex created [_lc_mtx] (attribute=0x12): sq_id = 17
[W : PPU[1] Thread (CPUThread)[0x0077f04c]]: sys_lwmutex warning: *** lwmutex created [_lc_mtx] (attribute=0x12): sq_id = 18
[W : PPU[1] Thread (CPUThread)[0x0077f04c]]: sys_lwmutex warning: *** lwmutex created [_lc_mtx] (attribute=0x12): sq_id = 19
[W : PPU[1] Thread (CPUThread)[0x0077f04c]]: sys_lwmutex warning: *** lwmutex created [_lc_mtx] (attribute=0x12): sq_id = 20
[W : PPU[1] Thread (CPUThread)[0x0077f04c]]: sys_lwmutex warning: *** lwmutex created [_lc_mtx] (attribute=0x12): sq_id = 21
[W : PPU[1] Thread (CPUThread)[0x0077f04c]]: sys_lwmutex warning: *** lwmutex created [_lc_mtx] (attribute=0x12): sq_id = 22
[W : PPU[1] Thread (CPUThread)[0x0077f04c]]: sys_lwmutex warning: *** lwmutex created [_lc_mtx] (attribute=0x12): sq_id = 23
[W : PPU[1] Thread (CPUThread)[0x0077f04c]]: sys_lwmutex warning: *** lwmutex created [_lc_mtx] (attribute=0x12): sq_id = 24
[W : PPU[1] Thread (CPUThread)[0x0077f04c]]: sys_lwmutex warning: *** lwmutex created [PEXMEM] (attribute=0x21): sq_id = 25
[E : PPU[1] Thread (CPUThread)[0x0077f070]]: sysPrxForUser error: sys_prx_register_library(lib_addr=0x2fba84)
[E : PPU[1] Thread (CPUThread)[0x0077f070]]: sysPrxForUser error: sys_prx_register_library(lib_addr=0x2fbaa0)
[E : PPU[1] Thread (CPUThread)[0x0077f070]]: sysPrxForUser error: sys_prx_register_library(lib_addr=0x2fbabc)
[E : PPU[1] Thread (CPUThread)[0x0077f070]]: sysPrxForUser error: sys_prx_register_library(lib_addr=0x2fbaf4)
[W : PPU[1] Thread (CPUThread)[0x0075b010]]: cellSysmodule warning: cellSysmoduleLoadModule(CELL_SYSMODULE_USBD)
[W : PPU[1] Thread (CPUThread)[0x0075b010]]: cellSysmodule warning: cellSysmoduleLoadModule(CELL_SYSMODULE_NET)
[W : PPU[1] Thread (CPUThread)[0x0075b010]]: cellSysmodule warning: cellSysmoduleLoadModule(CELL_SYSMODULE_FS)
[W : PPU[1] Thread (CPUThread)[0x0075b010]]: cellSysmodule warning: cellSysmoduleLoadModule(CELL_SYSMODULE_RTC)
[W : PPU[1] Thread (CPUThread)[0x0075b010]]: cellSysmodule warning: cellSysmoduleLoadModule(CELL_SYSMODULE_AUDIO)
[W : PPU[1] Thread (CPUThread)[0x0075b010]]: cellSysmodule warning: cellSysmoduleLoadModule(CELL_SYSMODULE_SYSUTIL_NP_TROPHY)
[W : PPU[1] Thread (CPUThread)[0x0075b010]]: cellSysmodule warning: cellSysmoduleLoadModule(CELL_SYSMODULE_SYSUTIL_NP)
[W : PPU[1] Thread (CPUThread)[0x0075b010]]: cellSysmodule warning: cellSysmoduleLoadModule(CELL_SYSMODULE_SYSUTIL_NP2)
[W : PPU[1] Thread (CPUThread)[0x0075b010]]: cellSysmodule warning: cellSysmoduleLoadModule(CELL_SYSMODULE_SYSUTIL_NP_COMMERCE2)
[W : PPU[1] Thread (CPUThread)[0x0075b010]]: cellSysmodule warning: cellSysmoduleLoadModule(CELL_SYSMODULE_L10N)
[W : PPU[1] Thread (CPUThread)[0x0075b010]]: cellSysmodule warning: cellSysmoduleLoadModule(CELL_SYSMODULE_FONT)
[W : PPU[1] Thread (CPUThread)[0x0075b010]]: cellSysmodule warning: cellSysmoduleLoadModule(CELL_SYSMODULE_FREETYPE_TT)
[W : PPU[1] Thread (CPUThread)[0x0075b010]]: cellSysmodule warning: cellSysmoduleLoadModule(CELL_SYSMODULE_FONTFT)
[W : PPU[1] Thread (CPUThread)[0x0075b010]]: cellSysmodule warning: cellSysmoduleLoadModule(CELL_SYSMODULE_PAMF)
[W : PPU[1] Thread (CPUThread)[0x0075b010]]: cellSysmodule warning: cellSysmoduleLoadModule(CELL_SYSMODULE_DMUX_PAMF)
[W : PPU[1] Thread (CPUThread)[0x0075b010]]: cellSysmodule warning: cellSysmoduleLoadModule(CELL_SYSMODULE_VDEC_AVC)
[W : PPU[1] Thread (CPUThread)[0x0075b010]]: cellSysmodule warning: cellSysmoduleLoadModule(CELL_SYSMODULE_VPOST)
[W : PPU[1] Thread (CPUThread)[0x0075b010]]: cellSysmodule warning: cellSysmoduleLoadModule(CELL_SYSMODULE_ADEC_LPCM)
[W : PPU[1] Thread (CPUThread)[0x0075b010]]: cellSysmodule warning: cellSysmoduleLoadModule(CELL_SYSMODULE_SAIL)
[W : PPU[1] Thread (CPUThread)[0x0037b124]]: cellSysutil warning: cellSysutilRegisterCallback(slot=0, func_addr=0x387508, userdata=0x0)
[W : PPU[1] Thread (CPUThread)[0x001a7a04]]: memory warning: sys_memory_container_create(cid_addr=0xd00108f0, yield_size=0x6600000)
[W : PPU[1] Thread (CPUThread)[0x001a7a04]]: memory warning: *** memory_container created(addr=0x30200000): id = 26
[W : PPU[1] Thread (CPUThread)[0x001a76d8]]: memory warning: sys_memory_get_user_memory_size(mem_info_addr=0x6a18f4)
[W : PPU[1] Thread (CPUThread)[0x0037f010]]: cellGcmSys warning: cellGcmInit(context_addr=0x4fd840,cmdSize=0xf0000,ioSize=0x100000,ioAddress=0x36800000)
[W : PPU[1] Thread (CPUThread)[0x0037f010]]: cellGcmSys warning: *** local memory(addr=0xc0000000, size=0xf900000)
[W : PPU[1] Thread (CPUThread)[0x0037f010]]: cellGcmSys warning: cellGcmMapEaIoAddress(ea=0x36800000, io=0x0, size=0x100000)
[! : RSXThread]: RSX thread entry
[W : PPU[1] Thread (CPUThread)[0x0037f094]]: cellGcmSys warning: cellGcmMapMainMemory(ea=0x36900000,size=0x100000,offset_addr=0xd0010980)
[W : PPU[1] Thread (CPUThread)[0x0037b088]]: cellSysutil warning: cellSysutilGetSystemParamInt: CELL_SYSUTIL_SYSTEMPARAM_ID_ENTER_BUTTON_ASSIGN
[W : PPU[1] Thread (CPUThread)[0x0077f04c]]: sys_lwmutex warning: *** lwmutex created [PS3SYFL] (attribute=0x21): sq_id = 27
[W : PPU[1] Thread (CPUThread)[0x0008ec38]]: sys_spu warning: sys_spu_initialize(max_usable_spu=6, max_raw_spu=0)
[W : PPU[1] Thread (CPUThread)[0x0037b1f0]]: cellSysutil warning: cellAudioOutGetSoundAvailability(audioOut=0, type=0, fs=0x4, option=0)
[W : PPU[1] Thread (CPUThread)[0x0037b1d8]]: cellSysutil warning: cellAudioOutConfigure(audioOut=0, config_addr=0xd0010550, option_addr=0x0, (!)waitForEvent=1)
[W : PPU[1] Thread (CPUThread)[0x0037b214]]: cellSysutil warning: cellAudioOutGetState(audioOut=0x0,deviceIndex=0x0,state_addr=0xd0010560)
[W : PPU[1] Thread (CPUThread)[0x0076d004]]: cellAudio warning: cellAudioInit()
[! : Audio Thread]: Audio started
[W : PPU[1] Thread (CPUThread)[0x0076d040]]: cellAudio warning: cellAudioPortOpen(audioParam_addr=0x52c588, portNum_addr=0xd00106b4)
[W : PPU[1] Thread (CPUThread)[0x0076d040]]: cellAudio warning: *** audio port opened(nChannel=8, nBlock=8, attr=0x10, level=0.000000): port = 0
[W : PPU[1] Thread (CPUThread)[0x0076d01c]]: cellAudio warning: cellAudioGetPortConfig(portNum=0x0, portConfig_addr=0x52c5a8)
[E : PPU[1] Thread (CPUThread)[0x0075d004]]: cellSpurs error: _cellSpursAttributeInitialize(attr_addr=0xd00106d8, nSpus=2, spuPriority=3342336, ppuPriority=1, exitIfNoWork=250)
[E : PPU[1] Thread (CPUThread)[0x0075d010]]: TODO: cellSpursInitializeWithAttribute
[W : PPU[1] Thread (CPUThread)[0x0077f04c]]: sys_lwmutex warning: *** lwmutex created [] (attribute=0x22): sq_id = 28
[E : PPU[1] Thread (CPUThread)[0x0075d064]]: TODO: cellSpursCreateTaskset
[E : PPU[1] Thread (CPUThread)[0x0075d07c]]: TODO: _cellSpursEventFlagInitialize
[E : PPU[1] Thread (CPUThread)[0x0075d0b8]]: TODO: cellSpursEventFlagAttachLv2EventQueue
[E : PPU[1] Thread (CPUThread)[0x0075d07c]]: TODO: _cellSpursEventFlagInitialize
[W : PPU[1] Thread (CPUThread)[0x000171bc]]: sys_event warning: sys_event_queue_create(equeue_id_addr=0x712500, attr_addr=0xd00104b4, event_queue_key=0x0, size=8)
[W : PPU[1] Thread (CPUThread)[0x000171bc]]: sys_event warning: *** event_queue created [] (protocol=0x2, type=0x1): id = 29
[! : PPU[1] Thread (CPUThread)[0x0077f028]]: *** New PPU Thread [spu_printf_handler] (): id = 30
[W : PPU[1] Thread (CPUThread)[0x0001724c]]: sys_event warning: sys_event_port_create(eport_id_addr=0x712480, port_type=0x1, name=0xfee1dead)
[W : PPU[1] Thread (CPUThread)[0x0001724c]]: sys_event warning: *** sys_event_port created: id = 31
[W : PPU[1] Thread (CPUThread)[0x00017264]]: sys_event warning: sys_event_port_connect_local(eport_id=31, equeue_id=29)
[E : PPU[1] Thread (CPUThread)[0x0075d0f4]]: cellSpurs error: cellSpursAttachLv2EventQueue(spurs_addr=0x52c600, queue=0x1d, port_addr=0xd00104b0, isDynamic=0)
[E : PPU[1] Thread (CPUThread)[0x0075d100]]: TODO: cellSpursCreateTask
[E : PPU[1] Thread (CPUThread)[0x00759040]]: sys_fs error: "/dev_flash/sys/external/flashATRAC.pic" not found! flags: 0x00000000
[! : PPU[1] Thread (CPUThread)[0x0077f028]]: *** New PPU Thread [MultiStream PU Thread] (): id = 32
[W : PPU[32] Thread (MultiStream PU Thread)[0x0076d028]]: cellAudio warning: cellAudioPortStart(portNum=0x0)
[E : PPU[32] Thread (MultiStream PU Thread)[0x0075d10c]]: TODO: _cellSpursSendSignal
[E : PPU[32] Thread (MultiStream PU Thread)[0x0075d04c]]: TODO: cellSpursEventFlagWait
[E : PPU[32] Thread (MultiStream PU Thread)[0x0075d10c]]: TODO: _cellSpursSendSignal
[E : PPU[32] Thread (MultiStream PU Thread)[0x0075d04c]]: TODO: cellSpursEventFlagWait
[E : PPU[32] Thread (MultiStream PU Thread)[0x0075d10c]]: TODO: _cellSpursSendSignal
[E : PPU[32] Thread (MultiStream PU Thread)[0x0075d04c]]: TODO: cellSpursEventFlagWait
[E : PPU[32] Thread (MultiStream PU Thread)[0x0075d10c]]: TODO: _cellSpursSendSignal
[E : PPU[32] Thread (MultiStream PU Thread)[0x0075d04c]]: TODO: cellSpursEventFlagWait
[E : PPU[32] Thread (MultiStream PU Thread)[0x0075d10c]]: TODO: _cellSpursSendSignal
[E : PPU[32] Thread (MultiStream PU Thread)[0x0075d04c]]: TODO: cellSpursEventFlagWait
[E : PPU[32] Thread (MultiStream PU Thread)[0x0075d10c]]: TODO: _cellSpursSendSignal
[E : PPU[32] Thread (MultiStream PU Thread)[0x0075d04c]]: TODO: cellSpursEventFlagWait
[E : PPU[32] Thread (MultiStream PU Thread)[0x0075d10c]]: TODO: _cellSpursSendSignal
[E : PPU[32] Thread (MultiStream PU Thread)[0x0075d04c]]: TODO: cellSpursEventFlagWait
[E : PPU[32] Thread (MultiStream PU Thread)[0x0075d10c]]: TODO: _cellSpursSendSignal
[E : PPU[32] Thread (MultiStream PU Thread)[0x0075d04c]]: TODO: cellSpursEventFlagWait
[E : PPU[32] Thread (MultiStream PU Thread)[0x0075d10c]]: TODO: _cellSpursSendSignal
[E : PPU[32] Thread (MultiStream PU Thread)[0x0075d04c]]: TODO: cellSpursEventFlagWait
[E : PPU[32] Thread (MultiStream PU Thread)[0x0075d10c]]: TODO: _cellSpursSendSignal
[E : PPU[32] Thread (MultiStream PU Thread)[0x0075d04c]]: TODO: cellSpursEventFlagWait
[E : PPU[32] Thread (MultiStream PU Thread)[0x0075d10c]]: TODO: _cellSpursSendSignal
[E : PPU[32] Thread (MultiStream PU Thread)[0x0075d04c]]: TODO: cellSpursEventFlagWait
[E : PPU[32] Thread (MultiStream PU Thread)[0x0075d10c]]: TODO: _cellSpursSendSignal
[E : PPU[32] Thread (MultiStream PU Thread)[0x0075d04c]]: TODO: cellSpursEventFlagWait
[E : PPU[32] Thread (MultiStream PU Thread)[0x0075d10c]]: TODO: _cellSpursSendSignal
[E : PPU[32] Thread (MultiStream PU Thread)[0x0075d04c]]: TODO: cellSpursEventFlagWait
[E : PPU[32] Thread (MultiStream PU Thread)[0x0075d10c]]: TODO: _cellSpursSendSignal
[E : PPU[32] Thread (MultiStream PU Thread)[0x0075d04c]]: TODO: cellSpursEventFlagWait
[E : PPU[32] Thread (MultiStream PU Thread)[0x0075d10c]]: TODO: _cellSpursSendSignal
[E : PPU[32] Thread (MultiStream PU Thread)[0x0075d04c]]: TODO: cellSpursEventFlagWait
[E : PPU[32] Thread (MultiStream PU Thread)[0x0075d10c]]: TODO: _cellSpursSendSignal
[E : PPU[32] Thread (MultiStream PU Thread)[0x0075d04c]]: TODO: cellSpursEventFlagWait
[E : PPU[32] Thread (MultiStream PU Thread)[0x0075d10c]]: TODO: _cellSpursSendSignal
[E : PPU[32] Thread (MultiStream PU Thread)[0x0075d04c]]: TODO: cellSpursEventFlagWait
[E : PPU[32] Thread (MultiStream PU Thread)[0x0075d10c]]: TODO: _cellSpursSendSignal
[E : PPU[32] Thread (MultiStream PU Thread)[0x0075d04c]]: TODO: cellSpursEventFlagWait
[E : PPU[32] Thread (MultiStream PU Thread)[0x0075d10c]]: TODO: _cellSpursSendSignal
[E : PPU[32] Thread (MultiStream PU Thread)[0x0075d04c]]: TODO: cellSpursEventFlagWait
[E : PPU[32] Thread (MultiStream PU Thread)[0x0075d10c]]: TODO: _cellSpursSendSignal
[E : PPU[32] Thread (MultiStream PU Thread)[0x0075d04c]]: TODO: cellSpursEventFlagWait
[E : PPU[32] Thread (MultiStream PU Thread)[0x0075d10c]]: TODO: _cellSpursSendSignal
[E : PPU[32] Thread (MultiStream PU Thread)[0x0075d04c]]: TODO: cellSpursEventFlagWait
[E : PPU[32] Thread (MultiStream PU Thread)[0x0075d10c]]: TODO: _cellSpursSendSignal
[E : PPU[32] Thread (MultiStream PU Thread)[0x0075d04c]]: TODO: cellSpursEventFlagWait
[E : PPU[32] Thread (MultiStream PU Thread)[0x0075d10c]]: TODO: _cellSpursSendSignal
[E : PPU[32] Thread (MultiStream PU Thread)[0x0075d04c]]: TODO: cellSpursEventFlagWait
[E : PPU[32] Thread (MultiStream PU Thread)[0x0075d10c]]: TODO: _cellSpursSendSignal
[E : PPU[32] Thread (MultiStream PU Thread)[0x0075d04c]]: TODO: cellSpursEventFlagWait
[E : PPU[32] Thread (MultiStream PU Thread)[0x0075d10c]]: TODO: _cellSpursSendSignal
[E : PPU[32] Thread (MultiStream PU Thread)[0x0075d04c]]: TODO: cellSpursEventFlagWait
[E : PPU[32] Thread (MultiStream PU Thread)[0x0075d10c]]: TODO: _cellSpursSendSignal
[E : PPU[32] Thread (MultiStream PU Thread)[0x0075d04c]]: TODO: cellSpursEventFlagWait
[E : PPU[32] Thread (MultiStream PU Thread)[0x0075d10c]]: TODO: _cellSpursSendSignal
[E : PPU[32] Thread (MultiStream PU Thread)[0x0075d04c]]: TODO: cellSpursEventFlagWait
[E : PPU[32] Thread (MultiStream PU Thread)[0x0075d10c]]: TODO: _cellSpursSendSignal
[E : PPU[32] Thread (MultiStream PU Thread)[0x0075d04c]]: TODO: cellSpursEventFlagWait
[E : PPU[32] Thread (MultiStream PU Thread)[0x0075d10c]]: TODO: _cellSpursSendSignal
[E : PPU[32] Thread (MultiStream PU Thread)[0x0075d04c]]: TODO: cellSpursEventFlagWait
[E : PPU[32] Thread (MultiStream PU Thread)[0x0075d10c]]: TODO: _cellSpursSendSignal
[E : PPU[32] Thread (MultiStream PU Thread)[0x0075d04c]]: TODO: cellSpursEventFlagWait
[E : PPU[32] Thread (MultiStream PU Thread)[0x0075d10c]]: TODO: _cellSpursSendSignal
[E : PPU[32] Thread (MultiStream PU Thread)[0x0075d04c]]: TODO: cellSpursEventFlagWait
[E : PPU[32] Thread (MultiStream PU Thread)[0x0075d10c]]: TODO: _cellSpursSendSignal
[E : PPU[32] Thread (MultiStream PU Thread)[0x0075d04c]]: TODO: cellSpursEventFlagWait
[E : PPU[32] Thread (MultiStream PU Thread)[0x0075d10c]]: TODO: _cellSpursSendSignal
[E : PPU[32] Thread (MultiStream PU Thread)[0x0075d04c]]: TODO: cellSpursEventFlagWait
[E : PPU[32] Thread (MultiStream PU Thread)[0x0075d10c]]: TODO: _cellSpursSendSignal
[E : PPU[32] Thread (MultiStream PU Thread)[0x0075d04c]]: TODO: cellSpursEventFlagWait
[E : PPU[32] Thread (MultiStream PU Thread)[0x0075d10c]]: TODO: _cellSpursSendSignal
[E : PPU[32] Thread (MultiStream PU Thread)[0x0075d04c]]: TODO: cellSpursEventFlagWait
[E : PPU[32] Thread (MultiStream PU Thread)[0x0075d10c]]: TODO: _cellSpursSendSignal
[E : PPU[32] Thread (MultiStream PU Thread)[0x0075d04c]]: TODO: cellSpursEventFlagWait
[E : PPU[32] Thread (MultiStream PU Thread)[0x0075d10c]]: TODO: _cellSpursSendSignal
[E : PPU[32] Thread (MultiStream PU Thread)[0x0075d04c]]: TODO: cellSpursEventFlagWait
[E : PPU[32] Thread (MultiStream PU Thread)[0x0075d10c]]: TODO: _cellSpursSendSignal
[E : PPU[32] Thread (MultiStream PU Thread)[0x0075d04c]]: TODO: cellSpursEventFlagWait
[E : PPU[32] Thread (MultiStream PU Thread)[0x0075d10c]]: TODO: _cellSpursSendSignal
[E : PPU[32] Thread (MultiStream PU Thread)[0x0075d04c]]: TODO: cellSpursEventFlagWait
[W : PPU[1] Thread (CPUThread)[0x0077f04c]]: sys_lwmutex warning: *** lwmutex created [] (attribute=0x22): sq_id = 33
[W : PPU[1] Thread (CPUThread)[0x0076b0f4]]: cellFont warning: cellFontInitializeWithRevision(revisionFlags=0x61, config=0xd00108b0)
[W : PPU[1] Thread (CPUThread)[0x00769004]]: cellFontFT warning: cellFontInitLibraryFreeTypeWithRevision(revisionFlags=0x41, config_addr=0xd00108b0, lib_addr_addr=0xd0010890
[W : PPU[1] Thread (CPUThread)[0x0077f04c]]: sys_lwmutex warning: *** lwmutex created [PSSGMEM] (attribute=0x21): sq_id = 34
[W : PPU[1] Thread (CPUThread)[0x0077f04c]]: sys_lwmutex warning: *** lwmutex created [NETCTL] (attribute=0x21): sq_id = 35
[E : PPU[1] Thread (CPUThread)[0x0075f034]]: cellNetCtl error: Unimplemented function: cellNetCtlInit
[W : PPU[1] Thread (CPUThread)[0x0037b124]]: cellSysutil warning: cellSysutilRegisterCallback(slot=1, func_addr=0x38ba98, userdata=0x0)
[W : PPU[1] Thread (CPUThread)[0x0037d004]]: sys_net warning: sys_net_initialize_network_ex(param_addr=0xd0010900)
[E : PPU[1] Thread (CPUThread)[0x00763070]]: TODO: sceNp2Init
[E : PPU[1] Thread (CPUThread)[0x0076113c]]: TODO: sceNpManagerRegisterCallback
[E : PPU[1] Thread (CPUThread)[0x0076104c]]: TODO: sceNpScoreInit
[W : PPU[1] Thread (CPUThread)[0x00773070]]: sceNpTrophy warning: sceNpTrophyCreateContext(context_addr=0x6a0ee4, commID_addr=0x67cc5e, commSign_addr=0x67cb3e, options=0x0)
[W : PPU[1] Thread (CPUThread)[0x00773010]]: sceNpTrophy warning: sceNpTrophyCreateHandle(handle_addr=0x6a0ee8)
[E : PPU[1] Thread (CPUThread)[0x0037f0c4]]: cellGcmSys error: Unimplemented function: cellGcmSetVBlankHandler
[W : PPU[1] Thread (CPUThread)[0x0037f0a0]]: cellGcmSys warning: cellGcmSetFlipHandler(handler_addr=3700584)
[W : PPU[1] Thread (CPUThread)[0x0037f004]]: cellGcmSys warning: cellGcmGetTiledPitchSize(size=3072)
[W : PPU[1] Thread (CPUThread)[0x0037f004]]: cellGcmSys warning: cellGcmGetTiledPitchSize(size=0)
[W : PPU[1] Thread (CPUThread)[0x0037b130]]: cellSysutil warning: cellVideoOutGetResolutionAvailability(videoOut=0, resolutionId=0x4, option_addr=0x2, aspect=0x0, option=0xed138200)
[W : PPU[1] Thread (CPUThread)[0x0037b010]]: cellSysutil warning: cellVideoOutConfigure(videoOut=0, config_addr=0xd0010b44, option_addr=0x0, waitForEvent=0x0)
[W : PPU[1] Thread (CPUThread)[0x0037f04c]]: cellGcmSys warning: cellGcmSetFlipMode(mode=2)
[W : PPU[1] Thread (CPUThread)[0x0037f0dc]]: cellGcmSys warning: cellGcmSetTileInfo(index=0, location=0, offset=0, size=3145728, pitch=3072, comp=7, base=0, bank=0)
[E : PPU[1] Thread (CPUThread)[0x0037f0dc]]: cellGcmSys error: cellGcmSetTileInfo: bad comp! (7)
[W : PPU[1] Thread (CPUThread)[0x0037f040]]: cellGcmSys warning: cellGcmBindTile(index=0)
[W : PPU[1] Thread (CPUThread)[0x0037f0ac]]: cellGcmSys warning: cellGcmSetDisplayBuffer(id=0x0,offset=0x0,pitch=4,width=720,height=480)
[W : PPU[1] Thread (CPUThread)[0x0037f0ac]]: cellGcmSys warning: cellGcmSetDisplayBuffer(id=0x1,offset=0x180000,pitch=4,width=720,height=480)
[W : PPU[1] Thread (CPUThread)[0x0037f094]]: cellGcmSys warning: cellGcmMapMainMemory(ea=0x3b400000,size=0x100000,offset_addr=0xd0010a70)
[E : PPU[32] Thread (MultiStream PU Thread)[0x0075d10c]]: TODO: _cellSpursSendSignal
[E : PPU[32] Thread (MultiStream PU Thread)[0x0075d04c]]: TODO: cellSpursEventFlagWait
[W : PPU[1] Thread (CPUThread)[0x0075b010]]: cellSysmodule warning: cellSysmoduleLoadModule(CELL_SYSMODULE_NET)
[W : PPU[1] Thread (CPUThread)[0x0075b010]]: cellSysmodule warning: cellSysmoduleLoadModule(CELL_SYSMODULE_NETCTL)
[W : PPU[1] Thread (CPUThread)[0x0075b010]]: cellSysmodule warning: cellSysmoduleLoadModule(CELL_SYSMODULE_RESC)
[W : PPU[1] Thread (CPUThread)[0x0075b010]]: cellSysmodule warning: cellSysmoduleLoadModule(CELL_SYSMODULE_USBD)
[E : PPU[1] Thread (CPUThread)[0x0075d004]]: cellSpurs error: _cellSpursAttributeInitialize(attr_addr=0xd0010710, nSpus=2, spuPriority=3342336, ppuPriority=4, exitIfNoWork=250)
[E : PPU[1] Thread (CPUThread)[0x0075d010]]: TODO: cellSpursInitializeWithAttribute
[W : PPU[1] Thread (CPUThread)[0x0077f04c]]: sys_lwmutex warning: *** lwmutex created [] (attribute=0x22): sq_id = 36
[W : PPU[1] Thread (CPUThread)[0x0077f154]]: sys_lwcond warning: *** lwcond created [] (lwmutex_addr=0x3744ad70): id = 37
[W : PPU[1] Thread (CPUThread)[0x0077f04c]]: sys_lwmutex warning: *** lwmutex created [] (attribute=0x22): sq_id = 38
[W : PPU[1] Thread (CPUThread)[0x0077f154]]: sys_lwcond warning: *** lwcond created [] (lwmutex_addr=0x3744ae70): id = 39
[W : PPU[1] Thread (CPUThread)[0x0077f04c]]: sys_lwmutex warning: *** lwmutex created [] (attribute=0x22): sq_id = 40
[W : PPU[1] Thread (CPUThread)[0x0077f154]]: sys_lwcond warning: *** lwcond created [] (lwmutex_addr=0x3744af70): id = 41
[W : PPU[1] Thread (CPUThread)[0x0077f04c]]: sys_lwmutex warning: *** lwmutex created [] (attribute=0x22): sq_id = 42
[W : PPU[1] Thread (CPUThread)[0x0077f154]]: sys_lwcond warning: *** lwcond created [] (lwmutex_addr=0x3744b010): id = 43
[W : PPU[1] Thread (CPUThread)[0x0077f04c]]: sys_lwmutex warning: *** lwmutex created [] (attribute=0x22): sq_id = 44
[W : PPU[1] Thread (CPUThread)[0x0077f154]]: sys_lwcond warning: *** lwcond created [] (lwmutex_addr=0x3744b0b0): id = 45
[W : PPU[1] Thread (CPUThread)[0x0077f04c]]: sys_lwmutex warning: *** lwmutex created [] (attribute=0x22): sq_id = 46
[W : PPU[1] Thread (CPUThread)[0x0077f154]]: sys_lwcond warning: *** lwcond created [] (lwmutex_addr=0x3744b150): id = 47
[W : PPU[1] Thread (CPUThread)[0x0077f04c]]: sys_lwmutex warning: *** lwmutex created [] (attribute=0x22): sq_id = 48
[W : PPU[1] Thread (CPUThread)[0x0077f154]]: sys_lwcond warning: *** lwcond created [] (lwmutex_addr=0x3744b1f0): id = 49
[W : PPU[1] Thread (CPUThread)[0x0077f04c]]: sys_lwmutex warning: *** lwmutex created [] (attribute=0x22): sq_id = 50
[W : PPU[1] Thread (CPUThread)[0x0077f154]]: sys_lwcond warning: *** lwcond created [] (lwmutex_addr=0x3744b2f0): id = 51
[W : PPU[1] Thread (CPUThread)[0x0077f04c]]: sys_lwmutex warning: *** lwmutex created [] (attribute=0x22): sq_id = 52
[W : PPU[1] Thread (CPUThread)[0x0077f154]]: sys_lwcond warning: *** lwcond created [] (lwmutex_addr=0x3744b3f0): id = 53
[W : PPU[1] Thread (CPUThread)[0x0077f04c]]: sys_lwmutex warning: *** lwmutex created [] (attribute=0x22): sq_id = 54
[W : PPU[1] Thread (CPUThread)[0x0077f154]]: sys_lwcond warning: *** lwcond created [] (lwmutex_addr=0x3744b4f0): id = 55
[E : PPU[32] Thread (MultiStream PU Thread)[0x0075d10c]]: TODO: _cellSpursSendSignal
[E : PPU[32] Thread (MultiStream PU Thread)[0x0075d04c]]: TODO: cellSpursEventFlagWait
[W : PPU[1] Thread (CPUThread)[0x0077f04c]]: sys_lwmutex warning: *** lwmutex created [] (attribute=0x22): sq_id = 56
[W : PPU[1] Thread (CPUThread)[0x0077f154]]: sys_lwcond warning: *** lwcond created [] (lwmutex_addr=0x3744ccf0): id = 57
[W : PPU[1] Thread (CPUThread)[0x0077f04c]]: sys_lwmutex warning: *** lwmutex created [] (attribute=0x22): sq_id = 58
[W : PPU[1] Thread (CPUThread)[0x0077f154]]: sys_lwcond warning: *** lwcond created [] (lwmutex_addr=0x3744cd90): id = 59
[W : PPU[1] Thread (CPUThread)[0x0077f04c]]: sys_lwmutex warning: *** lwmutex created [] (attribute=0x22): sq_id = 60
[W : PPU[1] Thread (CPUThread)[0x0077f154]]: sys_lwcond warning: *** lwcond created [] (lwmutex_addr=0x3744ce30): id = 61
[W : PPU[1] Thread (CPUThread)[0x0077f04c]]: sys_lwmutex warning: *** lwmutex created [] (attribute=0x22): sq_id = 62
[W : PPU[1] Thread (CPUThread)[0x0077f154]]: sys_lwcond warning: *** lwcond created [] (lwmutex_addr=0x3744ced0): id = 63
[W : PPU[1] Thread (CPUThread)[0x0077f04c]]: sys_lwmutex warning: *** lwmutex created [] (attribute=0x22): sq_id = 64
[W : PPU[1] Thread (CPUThread)[0x0077f154]]: sys_lwcond warning: *** lwcond created [] (lwmutex_addr=0x3744f7d0): id = 65
[W : PPU[1] Thread (CPUThread)[0x0077f04c]]: sys_lwmutex warning: *** lwmutex created [] (attribute=0x22): sq_id = 66
[W : PPU[1] Thread (CPUThread)[0x0077f154]]: sys_lwcond warning: *** lwcond created [] (lwmutex_addr=0x3744f870): id = 67
[E : PPU[1] Thread (CPUThread)[0x0075f040]]: cellNetCtl error: Unimplemented function: cellNetCtlGetInfo
[W : PPU[1] Thread (CPUThread)[0x0077f01c]]: sys_lwcond warning: sys_lwcond_destroy(lwcond_addr=0x3744f7e8)
[W : PPU[1] Thread (CPUThread)[0x0077f148]]: sys_lwmutex warning: sys_lwmutex_destroy(lwmutex_addr=0x3744f7d0)
[E : PPU[32] Thread (MultiStream PU Thread)[0x0075d10c]]: TODO: _cellSpursSendSignal
[E : PPU[32] Thread (MultiStream PU Thread)[0x0075d04c]]: TODO: cellSpursEventFlagWait
[W : PPU[1] Thread (CPUThread)[0x0025f0d8]]: sys_event warning: sys_event_queue_create(equeue_id_addr=0x6fc450, attr_addr=0xd00107a4, event_queue_key=0x0, size=8)
[W : PPU[1] Thread (CPUThread)[0x0025f0d8]]: sys_event warning: *** event_queue created [] (protocol=0x2, type=0x1): id = 68
[! : PPU[1] Thread (CPUThread)[0x0077f028]]: *** New PPU Thread [spu_printf_handler] (): id = 69
[W : PPU[1] Thread (CPUThread)[0x0025f160]]: sys_event warning: sys_event_port_create(eport_id_addr=0x6fc454, port_type=0x1, name=0xd1ed1ed1)
[W : PPU[1] Thread (CPUThread)[0x0025f160]]: sys_event warning: *** sys_event_port created: id = 70
[W : PPU[1] Thread (CPUThread)[0x0025f170]]: sys_event warning: sys_event_port_connect_local(eport_id=70, equeue_id=68)
[E : PPU[1] Thread (CPUThread)[0x0075d0f4]]: cellSpurs error: cellSpursAttachLv2EventQueue(spurs_addr=0x500a80, queue=0x44, port_addr=0xd00107a0, isDynamic=0)
[E : PPU[1] Thread (CPUThread)[0x0075d094]]: TODO: cellSpursAddWorkload
[E : PPU[1] Thread (CPUThread)[0x0075d118]]: TODO: cellSpursReadyCountStore
[E : PPU[1] Thread (CPUThread)[0x0075d0ac]]: TODO: cellSpursWakeUp
[W : PPU[1] Thread (CPUThread)[0x0037f058]]: cellGcmSys warning: cellGcmGetDefaultCommandWordSize()
[W : PPU[1] Thread (CPUThread)[0x0037f070]]: cellGcmSys warning: cellGcmGetDefaultSegmentWordSize()
[W : PPU[1] Thread (CPUThread)[0x0037f118]]: cellGcmSys warning: cellGcmSetUserHandler(handler=0x38fd78)
[W : PPU[1] Thread (CPUThread)[0x0077f04c]]: sys_lwmutex warning: *** lwmutex created [] (attribute=0x22): sq_id = 71
[W : PPU[1] Thread (CPUThread)[0x0077f154]]: sys_lwcond warning: *** lwcond created [] (lwmutex_addr=0x37461290): id = 72
[W : PPU[1] Thread (CPUThread)[0x0077f04c]]: sys_lwmutex warning: *** lwmutex created [] (attribute=0x22): sq_id = 73
[W : PPU[1] Thread (CPUThread)[0x0077f154]]: sys_lwcond warning: *** lwcond created [] (lwmutex_addr=0x37461330): id = 74
[E : PPU[1] Thread (CPUThread)[0x0075f040]]: cellNetCtl error: Unimplemented function: cellNetCtlGetInfo
[W : PPU[1] Thread (CPUThread)[0x0037f004]]: cellGcmSys warning: cellGcmGetTiledPitchSize(size=1440)
[W : PPU[1] Thread (CPUThread)[0x0037f004]]: cellGcmSys warning: cellGcmGetTiledPitchSize(size=1440)
[W : PPU[1] Thread (CPUThread)[0x0037f0dc]]: cellGcmSys warning: cellGcmSetTileInfo(index=5, location=0, offset=72417280, size=393216, pitch=1440, comp=0, base=0, bank=0)
[W : PPU[1] Thread (CPUThread)[0x0037f040]]: cellGcmSys warning: cellGcmBindTile(index=5)
[W : PPU[1] Thread (CPUThread)[0x0037f0dc]]: cellGcmSys warning: cellGcmSetTileInfo(index=6, location=0, offset=72810496, size=393216, pitch=1440, comp=0, base=0, bank=0)
[W : PPU[1] Thread (CPUThread)[0x0037f040]]: cellGcmSys warning: cellGcmBindTile(index=6)
[E : PPU[32] Thread (MultiStream PU Thread)[0x0075d10c]]: TODO: _cellSpursSendSignal
[E : PPU[32] Thread (MultiStream PU Thread)[0x0075d04c]]: TODO: cellSpursEventFlagWait
[W : PPU[1] Thread (CPUThread)[0x0037b088]]: cellSysutil warning: cellSysutilGetSystemParamInt: CELL_SYSUTIL_SYSTEMPARAM_ID_PAD_RUMBLE
[E : PPU[32] Thread (MultiStream PU Thread)[0x0075d10c]]: TODO: _cellSpursSendSignal
[E : PPU[32] Thread (MultiStream PU Thread)[0x0075d04c]]: TODO: cellSpursEventFlagWait
[E : PPU[32] Thread (MultiStream PU Thread)[0x0075d10c]]: TODO: _cellSpursSendSignal
[E : PPU[32] Thread (MultiStream PU Thread)[0x0075d04c]]: TODO: cellSpursEventFlagWait
[E : PPU[32] Thread (MultiStream PU Thread)[0x0075d10c]]: TODO: _cellSpursSendSignal
[E : PPU[32] Thread (MultiStream PU Thread)[0x0075d04c]]: TODO: cellSpursEventFlagWait
[E : PPU[32] Thread (MultiStream PU Thread)[0x0075d10c]]: TODO: _cellSpursSendSignal
[E : PPU[32] Thread (MultiStream PU Thread)[0x0075d04c]]: TODO: cellSpursEventFlagWait
[E : PPU[32] Thread (MultiStream PU Thread)[0x0075d10c]]: TODO: _cellSpursSendSignal
[E : PPU[32] Thread (MultiStream PU Thread)[0x0075d04c]]: TODO: cellSpursEventFlagWait
[E : PPU[32] Thread (MultiStream PU Thread)[0x0075d10c]]: TODO: _cellSpursSendSignal
[E : PPU[32] Thread (MultiStream PU Thread)[0x0075d04c]]: TODO: cellSpursEventFlagWait
[E : PPU[32] Thread (MultiStream PU Thread)[0x0075d10c]]: TODO: _cellSpursSendSignal
[E : PPU[32] Thread (MultiStream PU Thread)[0x0075d04c]]: TODO: cellSpursEventFlagWait
[E : PPU[32] Thread (MultiStream PU Thread)[0x0075d10c]]: TODO: _cellSpursSendSignal
[E : PPU[32] Thread (MultiStream PU Thread)[0x0075d04c]]: TODO: cellSpursEventFlagWait
[E : PPU[32] Thread (MultiStream PU Thread)[0x0075d10c]]: TODO: _cellSpursSendSignal
[E : PPU[32] Thread (MultiStream PU Thread)[0x0075d04c]]: TODO: cellSpursEventFlagWait
[E : PPU[32] Thread (MultiStream PU Thread)[0x0075d10c]]: TODO: _cellSpursSendSignal
[E : PPU[32] Thread (MultiStream PU Thread)[0x0075d04c]]: TODO: cellSpursEventFlagWait
[E : PPU[32] Thread (MultiStream PU Thread)[0x0075d10c]]: TODO: _cellSpursSendSignal
[E : PPU[32] Thread (MultiStream PU Thread)[0x0075d04c]]: TODO: cellSpursEventFlagWait
[E : PPU[32] Thread (MultiStream PU Thread)[0x0075d10c]]: TODO: _cellSpursSendSignal
[E : PPU[32] Thread (MultiStream PU Thread)[0x0075d04c]]: TODO: cellSpursEventFlagWait
[E : PPU[32] Thread (MultiStream PU Thread)[0x0075d10c]]: TODO: _cellSpursSendSignal
[E : PPU[32] Thread (MultiStream PU Thread)[0x0075d04c]]: TODO: cellSpursEventFlagWait
[E : PPU[32] Thread (MultiStream PU Thread)[0x0075d10c]]: TODO: _cellSpursSendSignal
[E : PPU[32] Thread (MultiStream PU Thread)[0x0075d04c]]: TODO: cellSpursEventFlagWait
[E : PPU[32] Thread (MultiStream PU Thread)[0x0075d10c]]: TODO: _cellSpursSendSignal
[E : PPU[32] Thread (MultiStream PU Thread)[0x0075d04c]]: TODO: cellSpursEventFlagWait
[E : PPU[32] Thread (MultiStream PU Thread)[0x0075d10c]]: TODO: _cellSpursSendSignal
[E : PPU[32] Thread (MultiStream PU Thread)[0x0075d04c]]: TODO: cellSpursEventFlagWait
[E : PPU[32] Thread (MultiStream PU Thread)[0x0075d10c]]: TODO: _cellSpursSendSignal
[E : PPU[32] Thread (MultiStream PU Thread)[0x0075d04c]]: TODO: cellSpursEventFlagWait
[E : PPU[32] Thread (MultiStream PU Thread)[0x0075d10c]]: TODO: _cellSpursSendSignal
[E : PPU[32] Thread (MultiStream PU Thread)[0x0075d04c]]: TODO: cellSpursEventFlagWait
[E : PPU[32] Thread (MultiStream PU Thread)[0x0075d10c]]: TODO: _cellSpursSendSignal
[E : PPU[32] Thread (MultiStream PU Thread)[0x0075d04c]]: TODO: cellSpursEventFlagWait
[E : PPU[32] Thread (MultiStream PU Thread)[0x0075d10c]]: TODO: _cellSpursSendSignal
[E : PPU[32] Thread (MultiStream PU Thread)[0x0075d04c]]: TODO: cellSpursEventFlagWait
[E : PPU[32] Thread (MultiStream PU Thread)[0x0075d10c]]: TODO: _cellSpursSendSignal
[E : PPU[32] Thread (MultiStream PU Thread)[0x0075d04c]]: TODO: cellSpursEventFlagWait
[E : PPU[32] Thread (MultiStream PU Thread)[0x0075d10c]]: TODO: _cellSpursSendSignal
[E : PPU[32] Thread (MultiStream PU Thread)[0x0075d04c]]: TODO: cellSpursEventFlagWait
[E : PPU[32] Thread (MultiStream PU Thread)[0x0075d10c]]: TODO: _cellSpursSendSignal
[E : PPU[32] Thread (MultiStream PU Thread)[0x0075d04c]]: TODO: cellSpursEventFlagWait
[E : PPU[32] Thread (MultiStream PU Thread)[0x0075d10c]]: TODO: _cellSpursSendSignal
[E : PPU[32] Thread (MultiStream PU Thread)[0x0075d04c]]: TODO: cellSpursEventFlagWait
[E : PPU[32] Thread (MultiStream PU Thread)[0x0075d10c]]: TODO: _cellSpursSendSignal
[E : PPU[32] Thread (MultiStream PU Thread)[0x0075d04c]]: TODO: cellSpursEventFlagWait
[E : PPU[32] Thread (MultiStream PU Thread)[0x0075d10c]]: TODO: _cellSpursSendSignal
[E : PPU[32] Thread (MultiStream PU Thread)[0x0075d04c]]: TODO: cellSpursEventFlagWait
[E : PPU[32] Thread (MultiStream PU Thread)[0x0075d10c]]: TODO: _cellSpursSendSignal
[E : PPU[32] Thread (MultiStream PU Thread)[0x0075d04c]]: TODO: cellSpursEventFlagWait
[E : PPU[32] Thread (MultiStream PU Thread)[0x0075d10c]]: TODO: _cellSpursSendSignal
[E : PPU[32] Thread (MultiStream PU Thread)[0x0075d04c]]: TODO: cellSpursEventFlagWait
[E : PPU[32] Thread (MultiStream PU Thread)[0x0075d10c]]: TODO: _cellSpursSendSignal
[E : PPU[32] Thread (MultiStream PU Thread)[0x0075d04c]]: TODO: cellSpursEventFlagWait
[E : PPU[32] Thread (MultiStream PU Thread)[0x0075d10c]]: TODO: _cellSpursSendSignal
[E : PPU[32] Thread (MultiStream PU Thread)[0x0075d04c]]: TODO: cellSpursEventFlagWait
[E : PPU[32] Thread (MultiStream PU Thread)[0x0075d10c]]: TODO: _cellSpursSendSignal
[E : PPU[32] Thread (MultiStream PU Thread)[0x0075d04c]]: TODO: cellSpursEventFlagWait
[E : PPU[32] Thread (MultiStream PU Thread)[0x0075d10c]]: TODO: _cellSpursSendSignal
[E : PPU[32] Thread (MultiStream PU Thread)[0x0075d04c]]: TODO: cellSpursEventFlagWait
[E : PPU[32] Thread (MultiStream PU Thread)[0x0075d10c]]: TODO: _cellSpursSendSignal
[E : PPU[32] Thread (MultiStream PU Thread)[0x0075d04c]]: TODO: cellSpursEventFlagWait
[E : PPU[32] Thread (MultiStream PU Thread)[0x0075d10c]]: TODO: _cellSpursSendSignal
[E : PPU[32] Thread (MultiStream PU Thread)[0x0075d04c]]: TODO: cellSpursEventFlagWait
[E : PPU[32] Thread (MultiStream PU Thread)[0x0075d10c]]: TODO: _cellSpursSendSignal
[E : PPU[32] Thread (MultiStream PU Thread)[0x0075d04c]]: TODO: cellSpursEventFlagWait
[E : PPU[32] Thread (MultiStream PU Thread)[0x0075d10c]]: TODO: _cellSpursSendSignal
[E : PPU[32] Thread (MultiStream PU Thread)[0x0075d04c]]: TODO: cellSpursEventFlagWait
[E : PPU[32] Thread (MultiStream PU Thread)[0x0075d10c]]: TODO: _cellSpursSendSignal
[E : PPU[32] Thread (MultiStream PU Thread)[0x0075d04c]]: TODO: cellSpursEventFlagWait
[E : PPU[32] Thread (MultiStream PU Thread)[0x0075d10c]]: TODO: _cellSpursSendSignal
[E : PPU[32] Thread (MultiStream PU Thread)[0x0075d04c]]: TODO: cellSpursEventFlagWait
[E : PPU[32] Thread (MultiStream PU Thread)[0x0075d10c]]: TODO: _cellSpursSendSignal
[E : PPU[32] Thread (MultiStream PU Thread)[0x0075d04c]]: TODO: cellSpursEventFlagWait
[E : PPU[32] Thread (MultiStream PU Thread)[0x0075d10c]]: TODO: _cellSpursSendSignal
[E : PPU[32] Thread (MultiStream PU Thread)[0x0075d04c]]: TODO: cellSpursEventFlagWait
[E : PPU[32] Thread (MultiStream PU Thread)[0x0075d10c]]: TODO: _cellSpursSendSignal
[E : PPU[32] Thread (MultiStream PU Thread)[0x0075d04c]]: TODO: cellSpursEventFlagWait
[E : PPU[32] Thread (MultiStream PU Thread)[0x0075d10c]]: TODO: _cellSpursSendSignal
[E : PPU[32] Thread (MultiStream PU Thread)[0x0075d04c]]: TODO: cellSpursEventFlagWait
[E : PPU[32] Thread (MultiStream PU Thread)[0x0075d10c]]: TODO: _cellSpursSendSignal
[E : PPU[32] Thread (MultiStream PU Thread)[0x0075d04c]]: TODO: cellSpursEventFlagWait
[W : PPU[1] Thread (CPUThread)[0x0037f004]]: cellGcmSys warning: cellGcmGetTiledPitchSize(size=5760)
[E : RSXThread]: TODO: cellGcmSetBackPolygonMode(0x1b02)
[W : RSXThread]: NV4097_SET_COLOR_MASK_MRT: fff0
[E : RSXThread]: TODO: unknown/illegal method [0x00001fec](0x0)
[E : RSXThread]: TODO: cellGcmSetFrequencyDividerOperation(0x0)
[E : RSXThread]: TODO: cellGcmSetLineStipple(0x0)
[E : RSXThread]: TODO: cellGcmSetLogicOp(0x1503)
[E : RSXThread]: TODO: cellGcmSetPointSize(0x3f800000)
[E : RSXThread]: TODO: cellGcmSetPolygonOffsetScaleFactor(0x0, 0x0)
[E : RSXThread]: TODO: cellGcmSetPolygonStipple(0x0)
[E : RSXThread]: TODO: cellGcmSetRenderEnable(0x1000000)
[E : RSXThread]: TODO: cellGcmSetZcullStatsEnable(0x0)
[E : RSXThread]: TODO: cellGcmSetZpassPixelCountEnable(0x0)
[E : RSXThread]: TODO: cellGcmSetVertexTexture_Control0(0x60000)
[E : RSXThread]: TODO: cellGcmSetVertexTexture_Filter(0x0)
[E : RSXThread]: TODO: cellGcmSetVertexTexture_Address(0x101)
[E : RSXThread]: TODO: cellGcmSetVertexTexture_BorderColor(0x0)
[E : RSXThread]: TODO: cellGcmSetVertexTexture_Control0(0x60000)
[E : RSXThread]: TODO: cellGcmSetVertexTexture_Filter(0x0)
[E : RSXThread]: TODO: cellGcmSetVertexTexture_Address(0x101)
[E : RSXThread]: TODO: cellGcmSetVertexTexture_BorderColor(0x0)
[E : RSXThread]: TODO: cellGcmSetVertexTexture_Control0(0x60000)
[E : RSXThread]: TODO: cellGcmSetVertexTexture_Filter(0x0)
[E : RSXThread]: TODO: cellGcmSetVertexTexture_Address(0x101)
[E : RSXThread]: TODO: cellGcmSetVertexTexture_BorderColor(0x0)
[E : RSXThread]: TODO: cellGcmSetVertexTexture_Control0(0x60000)
[E : RSXThread]: TODO: cellGcmSetVertexTexture_Filter(0x0)
[E : RSXThread]: TODO: cellGcmSetVertexTexture_Address(0x101)
[E : RSXThread]: TODO: cellGcmSetVertexTexture_BorderColor(0x0)
[W : PPU[1] Thread (CPUThread)[0x0037f0dc]]: cellGcmSys warning: cellGcmSetTileInfo(index=1, location=0, offset=3866624, size=2949120, pitch=5760, comp=7, base=48, bank=0)
[E : PPU[1] Thread (CPUThread)[0x0037f0dc]]: cellGcmSys error: cellGcmSetTileInfo: bad comp! (7)
[W : PPU[1] Thread (CPUThread)[0x0037f040]]: cellGcmSys warning: cellGcmBindTile(index=1)
[W : PPU[1] Thread (CPUThread)[0x0037f004]]: cellGcmSys warning: cellGcmGetTiledPitchSize(size=5760)
[W : PPU[1] Thread (CPUThread)[0x0037f0dc]]: cellGcmSys warning: cellGcmSetTileInfo(index=2, location=0, offset=6815744, size=2949120, pitch=5760, comp=11, base=93, bank=2)
[E : PPU[1] Thread (CPUThread)[0x0037f0dc]]: cellGcmSys error: cellGcmSetTileInfo: bad comp! (11)
[W : PPU[1] Thread (CPUThread)[0x0037f040]]: cellGcmSys warning: cellGcmBindTile(index=2)
[W : PPU[1] Thread (CPUThread)[0x0037f088]]: cellGcmSys warning: TODO: cellGcmBindZcull(index=0)
[E : RSXThread]: TODO: cellGcmInvalidateZcull(0x0)
[E : PPU[32] Thread (MultiStream PU Thread)[0x0075d10c]]: TODO: _cellSpursSendSignal
[E : PPU[32] Thread (MultiStream PU Thread)[0x0075d04c]]: TODO: cellSpursEventFlagWait
[W : PPU[1] Thread (CPUThread)[0x0037b088]]: cellSysutil warning: cellSysutilGetSystemParamInt: CELL_SYSUTIL_SYSTEMPARAM_ID_PAD_RUMBLE
[E : RSXThread]: TODO: cellGcmSetTwoSideLightEn(0x0)
[E : RSXThread]: TODO: cellGcmSetBackPolygonMode(0x1b02)
[E : RSXThread]: TODO: cellGcmInlineArray(0xbf800000, 0xbf800000, 0x3f800000, 0x0, 0x0, 0x40400000, 0xbf800000, 0x3f800000, 0x40000000, 0x0, 0xbf800000, 0x40400000, 0x3f800000, 0x0, 0x40000000)
[W : RSXThread]: FP not found in buffer!
[E : PPU[32] Thread (MultiStream PU Thread)[0x0075d10c]]: TODO: _cellSpursSendSignal
[E : PPU[32] Thread (MultiStream PU Thread)[0x0075d04c]]: TODO: cellSpursEventFlagWait
[E : PPU[32] Thread (MultiStream PU Thread)[0x0075d10c]]: TODO: _cellSpursSendSignal
[E : PPU[32] Thread (MultiStream PU Thread)[0x0075d04c]]: TODO: cellSpursEventFlagWait
[E : PPU[32] Thread (MultiStream PU Thread)[0x0075d10c]]: TODO: _cellSpursSendSignal
[E : PPU[32] Thread (MultiStream PU Thread)[0x0075d04c]]: TODO: cellSpursEventFlagWait
[E : RSXThread]: Failed to compile shader: 0(10) : error C1008: undefined variable "r0"

[E : PPU[32] Thread (MultiStream PU Thread)[0x0075d10c]]: TODO: _cellSpursSendSignal
[E : PPU[32] Thread (MultiStream PU Thread)[0x0075d04c]]: TODO: cellSpursEventFlagWait
[! : RSXThread]: #version 330

uniform vec4 fc16 = vec4(0.000000, 1.000000, 0.000000, 0.000000);
vec4 h0 = vec4(0.0, 0.0, 0.0, 0.0);
layout (location = 0) out vec4 ocol;

void main()
{
	h0 = fc16.xxxy;
	ocol = r0;
}

[W : RSXThread]: VP not found in buffer!
[E : RSXThread]: Could not link program: Fragment info
-------------
0(10) : error C1008: undefined variable "r0"

[! : RSXThread]: Add program (0):
[! : RSXThread]: *** prog id = 3
[! : RSXThread]: *** vp id = 2
[! : RSXThread]: *** fp id = 1
[! : RSXThread]: *** vp data size = 48
[! : RSXThread]: *** fp data size = 32
[! : RSXThread]: *** vp shader = 
#version 330

uniform mat4 scaleOffsetMat = mat4(1.0);
layout (location = 0) in vec4 in_pos;
layout (location = 8) in vec4 in_tc0;
out vec4 tc0;
uniform vec4 vc467;

void func0();

void main()
{
	gl_Position = vec4(0.0f, 0.0f, 0.0f, 1.0f);
	func0();
	gl_Position = gl_Position * scaleOffsetMat;
}

void func0()
{
	gl_Position.xyz = in_pos.xyzx.xyz;
	tc0.xy = in_tc0.xyxx.xy;
	gl_Position.w = vc467.xxxx.w;
}

[! : RSXThread]: *** fp shader = 
#version 330

uniform vec4 fc16 = vec4(0.000000, 1.000000, 0.000000, 0.000000);
vec4 h0 = vec4(0.0, 0.0, 0.0, 0.0);
layout (location = 0) out vec4 ocol;

void main()
{
	h0 = fc16.xxxy;
	ocol = r0;
}

[E : RSXThread]: glUseProgram: opengl error 0x0502
[W : RSXThread]: New FBO (720x480)
[E : RSXThread]: glGetUniformLocation(0x3, tex0): opengl error 0x0502
