[!]: path: /dev_hdd0/game/
[W]: SELF: No NPDRM control info found!
[!]: Loading 'F:\Ps3 game\dev_hdd0\game\BLJS10184 - [Macross 30 Ginga o Tsunagu Utagoe]\USRDIR/BOOT.BIN'...
[!]: Mount info:
[!]: /dev_hdd0/ -> F:\Ps3 game\dev_hdd0
[!]: /dev_hdd1/ -> E:\PS3EMU\Rpcs3-x6412/dev_hdd1/
[!]: /dev_flash/ -> E:\PS3EMU\Rpcs3-x6412/dev_flash/
[!]: /dev_usb000/ -> E:\PS3EMU\Rpcs3-x6412/dev_usb000/
[!]: /dev_usb/ -> E:\PS3EMU\Rpcs3-x6412/dev_usb000/
[!]: /app_home/ -> F:\Ps3 game\dev_hdd0\game\BLJS10184 - [Macross 30 Ginga o Tsunagu Utagoe]\
[!]: /dev_bdvd/ -> F:\Ps3 game\dev_hdd0\game\BLJS10184 - [Macross 30 Ginga o Tsunagu Utagoe]\/../
[!]: /host_root/ -> 
[!]: / -> F:\Ps3 game\dev_hdd0\game\BLJS10184 - [Macross 30 Ginga o Tsunagu Utagoe]\
[!]: Initing memory...
[!]: Memory initialized.
[W]: Unknown function 0x16394a4e in 'cellSpurs' module
[E]: TODO: _cellSpursTasksetAttributeInitialize
[W]: Unknown function 0x1d46fedf in 'cellSpurs' module
[E]: TODO: cellSpursCreateTaskWithAttribute
[W]: Unknown function 0x22aab31d in 'cellSpurs' module
[E]: TODO: cellSpursEventFlagDetachLv2EventQueue
[W]: Unknown function 0x303c19cd in 'cellSpurs' module
[E]: TODO: cellSpursCreateJobChainWithAttribute
[W]: Unknown function 0x3548f483 in 'cellSpurs' module
[E]: TODO: _cellSpursJobChainAttributeInitialize
[W]: Unknown function 0x373523d4 in 'cellSpurs' module
[E]: TODO: cellSpursEventFlagWait
[W]: Unknown function 0x4ac7bae4 in 'cellSpurs' module
[E]: TODO: cellSpursEventFlagClear
[W]: Unknown function 0x5ef96465 in 'cellSpurs' module
[E]: TODO: _cellSpursEventFlagInitialize
[W]: Unknown function 0x652b70e2 in 'cellSpurs' module
[E]: TODO: cellSpursTasksetAttributeSetName
[W]: Unknown function 0x68aaeba9 in 'cellSpurs' module
[E]: TODO: cellSpursJobGuardInitialize
[W]: Unknown function 0x738e40e6 in 'cellSpurs' module
[E]: TODO: cellSpursShutdownJobChain
[W]: Unknown function 0x7fdf4fef in 'cellSpurs' module
[E]: TODO: cellSpursBarrierInitialize
[W]: Unknown function 0x87630976 in 'cellSpurs' module
[E]: TODO: cellSpursEventFlagAttachLv2EventQueue
[W]: Unknown function 0x8f122ef8 in 'cellSpurs' module
[E]: TODO: cellSpursTasksetAttributeSetTasksetSize
[W]: Unknown function 0x9034e538 in 'cellSpurs' module
[E]: TODO: cellSpursTaskGetContextSaveAreaSize
[W]: Unknown function 0x9f72add3 in 'cellSpurs' module
[E]: TODO: cellSpursJoinTaskset
[W]: Unknown function 0x9fef70c2 in 'cellSpurs' module
[E]: TODO: cellSpursJobChainAttributeSetName
[W]: Unknown function 0xa789e631 in 'cellSpurs' module
[E]: TODO: cellSpursShutdownTaskset
[W]: Unknown function 0xa7c066de in 'cellSpurs' module
[E]: TODO: cellSpursJoinJobChain
[W]: Unknown function 0xaa6269a8 in 'cellSpurs' module
[E]: TODO: cellSpursInitializeWithAttribute
[W]: Unknown function 0xb8474eff in 'cellSpurs' module
[E]: TODO: _cellSpursTaskAttributeInitialize
[W]: Unknown function 0xc10931cb in 'cellSpurs' module
[E]: TODO: cellSpursCreateTasksetWithAttribute
[W]: Unknown function 0xd5d0b256 in 'cellSpurs' module
[E]: TODO: cellSpursJobGuardNotify
[W]: Unknown function 0xe0a6dbe4 in 'cellSpurs' module
[E]: TODO: _cellSpursSendSignal
[W]: Unknown function 0xf31731bb in 'cellSpurs' module
[E]: TODO: cellSpursRunJobChain
[W]: Unknown function 0x011ee38b in 'cellSpurs' module
[E]: TODO: _cellSpursLFQueueInitialize
[W]: Unknown function 0x1656d49f in 'cellSpurs' module
[E]: TODO: cellSpursLFQueueAttachLv2EventQueue
[W]: Unknown function 0x6d2d9339 in 'cellSpurs' module
[E]: TODO: cellSpursEventFlagTryWait
[W]: Unknown function 0x73e06f91 in 'cellSpurs' module
[E]: TODO: cellSpursLFQueueDetachLv2EventQueue
[W]: Unknown function 0x8a85674d in 'cellSpurs' module
[E]: TODO: _cellSpursLFQueuePushBody
[W]: Unknown function 0xbeb600ac in 'cellSpurs' module
[E]: TODO: cellSpursCreateTask
[W]: Unknown function 0x1dfbfdd6 in 'cellSysutil' module
[E]: TODO: cellSaveDataListLoad2
[W]: Unknown function 0x20543730 in 'cellSysutil' module
[E]: TODO: cellMsgDialogClose
[W]: Unknown function 0x220894e3 in 'cellSysutil' module
[E]: TODO: cellSysutilEnableBgmPlayback
[W]: Unknown function 0x2de0d663 in 'cellSysutil' module
[E]: TODO: cellSaveDataListSave2
[W]: Unknown function 0x8b7ed64b in 'cellSysutil' module
[E]: TODO: cellSaveDataAutoSave2
[W]: Unknown function 0x94862702 in 'cellSysutil' module
[E]: TODO: cellMsgDialogProgressBarInc
[W]: Unknown function 0x9d6af72a in 'cellSysutil' module
[E]: TODO: cellMsgDialogProgressBarSetMsg
[W]: Unknown function 0xa11552f6 in 'cellSysutil' module
[E]: TODO: cellSysutilGetBgmPlaybackStatus
[W]: Unknown function 0xedadd797 in 'cellSysutil' module
[E]: TODO: cellSaveDataDelete2
[W]: Unknown function 0xcfdd8e87 in 'cellSysutil' module
[E]: TODO: cellSysutilDisableBgmPlayback
[W]: Unknown function 0x21cee035 in 'cellGcmSys' module
[E]: TODO: cellGcmGetNotifyDataAddress
[W]: Unknown function 0x63387071 in 'cellGcmSys' module
[E]: TODO: cellGcmGetLastFlipTime
[W]: Unknown function 0x99d397ac in 'cellGcmSys' module
[E]: TODO: cellGcmGetReport
[W]: Unknown function 0x832df17e in 'cellAudio' module
[E]: TODO: cellAudioAdd6chData
[W]: Unknown function 0x1906ce6b in 'cellL10n' module
[E]: TODO: jstrnchk
[W]: Unknown function 0x33435818 in 'cellL10n' module
[E]: TODO: SJISstoUTF8s
[W]: Unknown function 0x931ff25a in 'cellL10n' module
[E]: TODO: L10nConvertStr
[W]: Unknown function 0xa298cad2 in 'cellL10n' module
[E]: TODO: l10n_convert_str
[W]: Unknown function 0xcc1633cc in 'cellL10n' module
[E]: TODO: l10n_get_converter
[W]: Unknown function 0xf042b14f in 'sceNp' module
[E]: TODO: sceNpDrmIsAvailable2
[W]: Unknown module 'cellSysutilAvconfExt'
[W]: Unknown function 0x018281a8 in 'cellSail' module
[E]: TODO: cellSailGraphicsAdapterGetFrame2
[W]: Unknown function 0x0abb318b in 'cellSail' module
[E]: TODO: cellSailDescriptorCreateDatabase
[W]: Unknown function 0x1139a206 in 'cellSail' module
[E]: TODO: cellSailPlayerSetSoundAdapter
[W]: Unknown function 0x1872331b in 'cellSail' module
[E]: TODO: cellSailGraphicsAdapterPtsToTimePosition
[W]: Unknown function 0x18b4629d in 'cellSail' module
[E]: TODO: cellSailPlayerFinalize
[W]: Unknown function 0x18bcd21b in 'cellSail' module
[E]: TODO: cellSailPlayerSetGraphicsAdapter
[W]: Unknown function 0x1c983864 in 'cellSail' module
[E]: TODO: cellSailGraphicsAdapterInitialize
[W]: Unknown function 0x1c9d5e5a in 'cellSail' module
[E]: TODO: cellSailSoundAdapterSetPreferredFormat
[W]: Unknown function 0x23654375 in 'cellSail' module
[E]: TODO: cellSailPlayerInitialize2
[W]: Unknown function 0x28336e89 in 'cellSail' module
[E]: TODO: cellSailDescriptorDestroyDatabase
[W]: Unknown function 0x2e3ccb5e in 'cellSail' module
[E]: TODO: cellSailGraphicsAdapterSetPreferredFormat
[W]: Unknown function 0x346ebba3 in 'cellSail' module
[E]: TODO: cellSailMemAllocatorInitialize
[W]: Unknown function 0x34ecc1b9 in 'cellSail' module
[E]: TODO: cellSailPlayerOpenStream
[W]: Unknown function 0x3d0d3b72 in 'cellSail' module
[E]: TODO: cellSailSoundAdapterInitialize
[W]: Unknown function 0x3dd9639a in 'cellSail' module
[E]: TODO: cellSailAuReceiverInitialize
[W]: Unknown function 0x44a20e79 in 'cellSail' module
[E]: TODO: cellSailGraphicsAdapterUpdateAvSync
[W]: Unknown function 0x4ae979df in 'cellSail' module
[E]: TODO: cellSailSoundAdapterPtsToTimePosition
[W]: Unknown function 0x4c191088 in 'cellSail' module
[E]: TODO: cellSailDescriptorGetUri
[W]: Unknown function 0x5783a454 in 'cellSail' module
[E]: TODO: cellSailMp4MovieGetMovieInfo
[W]: Unknown function 0x5f7c7a6f in 'cellSail' module
[E]: TODO: cellSailPlayerSetParameter
[W]: Unknown function 0x6e83f5c0 in 'cellSail' module
[E]: TODO: cellSailAviMovieGetMovieInfo
[W]: Unknown function 0x752f8585 in 'cellSail' module
[E]: TODO: cellSailPlayerGetDescriptorCount
[W]: Unknown function 0x75fca288 in 'cellSail' module
[E]: TODO: cellSailPlayerGetCurrentDescriptor
[W]: Unknown function 0x76488bb1 in 'cellSail' module
[E]: TODO: cellSailGraphicsAdapterFinalize
[W]: Unknown function 0x7c8dff3b in 'cellSail' module
[E]: TODO: cellSailPlayerAddDescriptor
[W]: Unknown function 0x7eb8d6b5 in 'cellSail' module
[E]: TODO: cellSailSoundAdapterGetFrame
[W]: Unknown function 0x85beffcc in 'cellSail' module
[E]: TODO: cellSailPlayerCloseStream
[W]: Unknown function 0xbdf21b0f in 'cellSail' module
[E]: TODO: cellSailPlayerBoot
[W]: Unknown function 0xbedccc74 in 'cellSail' module
[E]: TODO: cellSailPlayerRegisterSource
[W]: Unknown function 0xd1462438 in 'cellSail' module
[E]: TODO: cellSailSoundAdapterFinalize
[W]: Unknown function 0xd1d55a90 in 'cellSail' module
[E]: TODO: cellSailPlayerSetPaused
[W]: Unknown function 0xd5f9a15b in 'cellSail' module
[E]: TODO: cellSailDescriptorGetStreamType
[W]: Unknown function 0xd7938b8d in 'cellSail' module
[E]: TODO: cellSailPlayerCreateDescriptor
[W]: Unknown function 0xe535b0d3 in 'cellSail' module
[E]: TODO: cellSailPlayerStart
[W]: Unknown function 0xeba8d4ec in 'cellSail' module
[E]: TODO: cellSailPlayerStop
[W]: Unknown function 0xed58e3ec in 'cellSail' module
[E]: TODO: cellSailAuReceiverFinalize
[W]: Unknown function 0xeec22809 in 'cellSail' module
[E]: TODO: cellSailSoundAdapterUpdateAvSync
[W]: Unknown function 0xf25f197d in 'cellSail' module
[E]: TODO: cellSailSoundAdapterGetFormat
[W]: Unknown function 0xf5747e1f in 'cellSail' module
[E]: TODO: cellSailPlayerSetAuReceiver
[W]: Unknown function 0xfc5baf8a in 'cellSail' module
[E]: TODO: cellSailPlayerSetRepeatMode
[W]: Unknown function 0xfc839bd4 in 'cellSail' module
[E]: TODO: cellSailPlayerDestroyDescriptor
[W]: Unknown function 0xffd58aa4 in 'cellSail' module
[E]: TODO: cellSailGraphicsAdapterGetFormat
[W]: Unknown module 'cellMusicUtility'
[W]: Unknown module 'cellSearchUtility'
[W]: Unknown module 'sceNpCommerce2'
[W]: Unknown function 0x117cd726 in 'cellPngEnc' module
[E]: TODO: cellPngEncClose
[W]: Unknown function 0x19256dc5 in 'cellPngEnc' module
[E]: TODO: cellPngEncOpen
[W]: Unknown function 0x496cfcd0 in 'cellPngEnc' module
[E]: TODO: cellPngEncQueryAttr
[W]: Unknown function 0x585269bc in 'cellPngEnc' module
[E]: TODO: cellPngEncGetStreamInfo
[W]: Unknown function 0x5b546ca4 in 'cellPngEnc' module
[E]: TODO: cellPngEncEncodePicture
[W]: Unknown function 0x662bd637 in 'cellPngEnc' module
[E]: TODO: cellPngEncWaitForInput
[W]: Unknown function 0x90ef2963 in 'cellPngEnc' module
[E]: TODO: cellPngEncWaitForOutput
[W]: Unknown function 0xdd3b27ac in 'sysPrxForUser' module
[E]: TODO: _sys_spu_printf_finalize
[W : PPU[1] Thread (CPUThread)[0x00dbf04c]]: sys_lwmutex warning: *** lwmutex created [HeapAll] (attribute=0x12): sq_id = 3
[W : PPU[1] Thread (CPUThread)[0x00dbf04c]]: sys_lwmutex warning: *** lwmutex created [_lc_mtx] (attribute=0x12): sq_id = 4
[W : PPU[1] Thread (CPUThread)[0x00dbf04c]]: sys_lwmutex warning: *** lwmutex created [_lc_mtx] (attribute=0x12): sq_id = 5
[W : PPU[1] Thread (CPUThread)[0x00dbf04c]]: sys_lwmutex warning: *** lwmutex created [_lc_mtx] (attribute=0x12): sq_id = 6
[W : PPU[1] Thread (CPUThread)[0x00dbf04c]]: sys_lwmutex warning: *** lwmutex created [_lc_mtx] (attribute=0x12): sq_id = 7
[W : PPU[1] Thread (CPUThread)[0x00dbf04c]]: sys_lwmutex warning: *** lwmutex created [_lc_mtx] (attribute=0x12): sq_id = 8
[W : PPU[1] Thread (CPUThread)[0x00dbf04c]]: sys_lwmutex warning: *** lwmutex created [_lc_mtx] (attribute=0x12): sq_id = 9
[W : PPU[1] Thread (CPUThread)[0x00dbf04c]]: sys_lwmutex warning: *** lwmutex created [_lc_mtx] (attribute=0x12): sq_id = 10
[W : PPU[1] Thread (CPUThread)[0x00dbf04c]]: sys_lwmutex warning: *** lwmutex created [_lc_mtx] (attribute=0x12): sq_id = 11
[W : PPU[1] Thread (CPUThread)[0x00dbf04c]]: sys_lwmutex warning: *** lwmutex created [_lc_mtx] (attribute=0x12): sq_id = 12
[W : PPU[1] Thread (CPUThread)[0x00dbf04c]]: sys_lwmutex warning: *** lwmutex created [_lgcmtx] (attribute=0x12): sq_id = 13
[W : PPU[1] Thread (CPUThread)[0x00dbf04c]]: sys_lwmutex warning: *** lwmutex created [_lgcmtx] (attribute=0x22): sq_id = 14
[W : PPU[1] Thread (CPUThread)[0x00dbf04c]]: sys_lwmutex warning: *** lwmutex created [_lc_mtx] (attribute=0x12): sq_id = 15
[W : PPU[1] Thread (CPUThread)[0x00dbf04c]]: sys_lwmutex warning: *** lwmutex created [_lc_mtx] (attribute=0x12): sq_id = 16
[W : PPU[1] Thread (CPUThread)[0x00dbf04c]]: sys_lwmutex warning: *** lwmutex created [_lc_mtx] (attribute=0x12): sq_id = 17
[W : PPU[1] Thread (CPUThread)[0x00dbf04c]]: sys_lwmutex warning: *** lwmutex created [_lc_mtx] (attribute=0x12): sq_id = 18
[W : PPU[1] Thread (CPUThread)[0x00dbf04c]]: sys_lwmutex warning: *** lwmutex created [_lc_mtx] (attribute=0x12): sq_id = 19
[W : PPU[1] Thread (CPUThread)[0x00dbf04c]]: sys_lwmutex warning: *** lwmutex created [_lc_mtx] (attribute=0x12): sq_id = 20
[W : PPU[1] Thread (CPUThread)[0x00dbf04c]]: sys_lwmutex warning: *** lwmutex created [_lc_mtx] (attribute=0x12): sq_id = 21
[W : PPU[1] Thread (CPUThread)[0x00dbf04c]]: sys_lwmutex warning: *** lwmutex created [_lc_mtx] (attribute=0x12): sq_id = 22
[W : PPU[1] Thread (CPUThread)[0x00dbf04c]]: sys_lwmutex warning: *** lwmutex created [_lc_mtx] (attribute=0x12): sq_id = 23
[W : PPU[1] Thread (CPUThread)[0x00dbf04c]]: sys_lwmutex warning: *** lwmutex created [_lc_mtx] (attribute=0x12): sq_id = 24
[W : PPU[1] Thread (CPUThread)[0x00dbf04c]]: sys_lwmutex warning: *** lwmutex created [_lc_mtx] (attribute=0x12): sq_id = 25
[W : PPU[1] Thread (CPUThread)[0x00dbf04c]]: sys_lwmutex warning: *** lwmutex created [_lc_mtx] (attribute=0x12): sq_id = 26
[W : PPU[1] Thread (CPUThread)[0x00dbf04c]]: sys_lwmutex warning: *** lwmutex created [] (attribute=0x12): sq_id = 27
[W : PPU[1] Thread (CPUThread)[0x00dbf04c]]: sys_lwmutex warning: *** lwmutex created [] (attribute=0x12): sq_id = 28
[W : PPU[1] Thread (CPUThread)[0x00dbf04c]]: sys_lwmutex warning: *** lwmutex created [] (attribute=0x12): sq_id = 29
[W : PPU[1] Thread (CPUThread)[0x00dbf04c]]: sys_lwmutex warning: *** lwmutex created [] (attribute=0x12): sq_id = 30
[W : PPU[1] Thread (CPUThread)[0x00dbf04c]]: sys_lwmutex warning: *** lwmutex created [] (attribute=0x12): sq_id = 31
[W : PPU[1] Thread (CPUThread)[0x00dbf04c]]: sys_lwmutex warning: *** lwmutex created [] (attribute=0x12): sq_id = 32
[W : PPU[1] Thread (CPUThread)[0x00dbf04c]]: sys_lwmutex warning: *** lwmutex created [axlmute] (attribute=0x12): sq_id = 33
[W : PPU[1] Thread (CPUThread)[0x00dbf04c]]: sys_lwmutex warning: *** lwmutex created [axlmute] (attribute=0x12): sq_id = 34
[W : PPU[1] Thread (CPUThread)[0x00dbf04c]]: sys_lwmutex warning: *** lwmutex created [axlmute] (attribute=0x12): sq_id = 35
[W : PPU[1] Thread (CPUThread)[0x00dbf04c]]: sys_lwmutex warning: *** lwmutex created [axlmute] (attribute=0x12): sq_id = 36
[W : PPU[1] Thread (CPUThread)[0x00dbf04c]]: sys_lwmutex warning: *** lwmutex created [] (attribute=0x12): sq_id = 37
[W : PPU[1] Thread (CPUThread)[0x00dbf04c]]: sys_lwmutex warning: *** lwmutex created [shutdow] (attribute=0x12): sq_id = 38
[W : PPU[1] Thread (CPUThread)[0x00a6c010]]: cellSysmodule warning: cellSysmoduleLoadModule(CELL_SYSMODULE_FS)
[W : PPU[1] Thread (CPUThread)[0x00d9f0b8]]: cellSysutil warning: cellSysutilRegisterCallback(slot=0, func_addr=0xaa8878, userdata=0x0)
[W : PPU[1] Thread (CPUThread)[0x00dbf04c]]: sys_lwmutex warning: *** lwmutex created [GCMW2V] (attribute=0x22): sq_id = 39
[W : PPU[1] Thread (CPUThread)[0x00dbf100]]: sys_lwcond warning: *** lwcond created [] (lwmutex_addr=0x301072b0): id = 40
[W : PPU[1] Thread (CPUThread)[0x00dbf04c]]: sys_lwmutex warning: *** lwmutex created [GCMW2V] (attribute=0x11): sq_id = 41
[W : PPU[1] Thread (CPUThread)[0x00a6c010]]: cellSysmodule warning: cellSysmoduleLoadModule(CELL_SYSMODULE_SYSUTIL_GAME)
[W : PPU[1] Thread (CPUThread)[0x00dbf04c]]: sys_lwmutex warning: *** lwmutex created [filereq] (attribute=0x12): sq_id = 42
[W : PPU[1] Thread (CPUThread)[0x00dbf04c]]: sys_lwmutex warning: *** lwmutex created [FileFW] (attribute=0x12): sq_id = 43
[W : PPU[1] Thread (CPUThread)[0x00dbf04c]]: sys_lwmutex warning: *** lwmutex created [FileFWT] (attribute=0x12): sq_id = 44
[W : PPU[1] Thread (CPUThread)[0x00dbf04c]]: sys_lwmutex warning: *** lwmutex created [FileFWU] (attribute=0x12): sq_id = 45
[W : PPU[1] Thread (CPUThread)[0x00dbf04c]]: sys_lwmutex warning: *** lwmutex created [FileFWR] (attribute=0x12): sq_id = 46
[W : PPU[1] Thread (CPUThread)[0x00dbf04c]]: sys_lwmutex warning: *** lwmutex created [FileSta] (attribute=0x12): sq_id = 47
[W : PPU[1] Thread (CPUThread)[0x00dbf04c]]: sys_lwmutex warning: *** lwmutex created [FileSta] (attribute=0x12): sq_id = 48
[W : PPU[1] Thread (CPUThread)[0x00dbf04c]]: sys_lwmutex warning: *** lwmutex created [FileSta] (attribute=0x12): sq_id = 49
[W : PPU[1] Thread (CPUThread)[0x00dbf04c]]: sys_lwmutex warning: *** lwmutex created [FileSta] (attribute=0x12): sq_id = 50
[W : PPU[1] Thread (CPUThread)[0x00dbf04c]]: sys_lwmutex warning: *** lwmutex created [FileSta] (attribute=0x12): sq_id = 51
[W : PPU[1] Thread (CPUThread)[0x00dbf04c]]: sys_lwmutex warning: *** lwmutex created [FileSta] (attribute=0x12): sq_id = 52
[W : PPU[1] Thread (CPUThread)[0x00dbf04c]]: sys_lwmutex warning: *** lwmutex created [FileSta] (attribute=0x12): sq_id = 53
[W : PPU[1] Thread (CPUThread)[0x00dbf04c]]: sys_lwmutex warning: *** lwmutex created [FileSta] (attribute=0x12): sq_id = 54
[W : PPU[1] Thread (CPUThread)[0x00dbf04c]]: sys_lwmutex warning: *** lwmutex created [FileSta] (attribute=0x12): sq_id = 55
[W : PPU[1] Thread (CPUThread)[0x00dbf04c]]: sys_lwmutex warning: *** lwmutex created [FileSta] (attribute=0x12): sq_id = 56
[W : PPU[1] Thread (CPUThread)[0x00dbf04c]]: sys_lwmutex warning: *** lwmutex created [FileSta] (attribute=0x12): sq_id = 57
[W : PPU[1] Thread (CPUThread)[0x00dbf04c]]: sys_lwmutex warning: *** lwmutex created [FileSta] (attribute=0x12): sq_id = 58
[W : PPU[1] Thread (CPUThread)[0x00dbf04c]]: sys_lwmutex warning: *** lwmutex created [FileSta] (attribute=0x12): sq_id = 59
[W : PPU[1] Thread (CPUThread)[0x00dbf04c]]: sys_lwmutex warning: *** lwmutex created [FileSta] (attribute=0x12): sq_id = 60
[W : PPU[1] Thread (CPUThread)[0x00dbf04c]]: sys_lwmutex warning: *** lwmutex created [FileSta] (attribute=0x12): sq_id = 61
[W : PPU[1] Thread (CPUThread)[0x00dbf04c]]: sys_lwmutex warning: *** lwmutex created [FileSta] (attribute=0x12): sq_id = 62
[W : PPU[1] Thread (CPUThread)[0x00dbf04c]]: sys_lwmutex warning: *** lwmutex created [FileSta] (attribute=0x12): sq_id = 63
[W : PPU[1] Thread (CPUThread)[0x00dbf04c]]: sys_lwmutex warning: *** lwmutex created [FileSta] (attribute=0x12): sq_id = 64
[W : PPU[1] Thread (CPUThread)[0x00dbf04c]]: sys_lwmutex warning: *** lwmutex created [FileSta] (attribute=0x12): sq_id = 65
[W : PPU[1] Thread (CPUThread)[0x00dbf04c]]: sys_lwmutex warning: *** lwmutex created [FileSta] (attribute=0x12): sq_id = 66
[W : PPU[1] Thread (CPUThread)[0x00dbf04c]]: sys_lwmutex warning: *** lwmutex created [FileSta] (attribute=0x12): sq_id = 67
[W : PPU[1] Thread (CPUThread)[0x00dbf04c]]: sys_lwmutex warning: *** lwmutex created [FileSta] (attribute=0x12): sq_id = 68
[W : PPU[1] Thread (CPUThread)[0x00dbf04c]]: sys_lwmutex warning: *** lwmutex created [FileSta] (attribute=0x12): sq_id = 69
[W : PPU[1] Thread (CPUThread)[0x00dbf04c]]: sys_lwmutex warning: *** lwmutex created [FileSta] (attribute=0x12): sq_id = 70
[W : PPU[1] Thread (CPUThread)[0x00dbf04c]]: sys_lwmutex warning: *** lwmutex created [FileSta] (attribute=0x12): sq_id = 71
[W : PPU[1] Thread (CPUThread)[0x00dbf04c]]: sys_lwmutex warning: *** lwmutex created [FileSta] (attribute=0x12): sq_id = 72
[W : PPU[1] Thread (CPUThread)[0x00dbf04c]]: sys_lwmutex warning: *** lwmutex created [FileSta] (attribute=0x12): sq_id = 73
[W : PPU[1] Thread (CPUThread)[0x00dbf04c]]: sys_lwmutex warning: *** lwmutex created [FileSta] (attribute=0x12): sq_id = 74
[W : PPU[1] Thread (CPUThread)[0x00dbf04c]]: sys_lwmutex warning: *** lwmutex created [FileSta] (attribute=0x12): sq_id = 75
[W : PPU[1] Thread (CPUThread)[0x00dbf04c]]: sys_lwmutex warning: *** lwmutex created [FileSta] (attribute=0x12): sq_id = 76
[W : PPU[1] Thread (CPUThread)[0x00dbf04c]]: sys_lwmutex warning: *** lwmutex created [FileSta] (attribute=0x12): sq_id = 77
[W : PPU[1] Thread (CPUThread)[0x00dbf04c]]: sys_lwmutex warning: *** lwmutex created [FileSta] (attribute=0x12): sq_id = 78
[W : PPU[1] Thread (CPUThread)[0x00dbf04c]]: sys_lwmutex warning: *** lwmutex created [FileMTB] (attribute=0x12): sq_id = 79
[W : PPU[1] Thread (CPUThread)[0x00dbf04c]]: sys_lwmutex warning: *** lwmutex created [FileOp] (attribute=0x12): sq_id = 80
[W : PPU[1] Thread (CPUThread)[0x00dbf04c]]: sys_lwmutex warning: *** lwmutex created [FileOp] (attribute=0x12): sq_id = 81
[W : PPU[1] Thread (CPUThread)[0x00dbf04c]]: sys_lwmutex warning: *** lwmutex created [FileOp] (attribute=0x12): sq_id = 82
[W : PPU[1] Thread (CPUThread)[0x00dbf04c]]: sys_lwmutex warning: *** lwmutex created [FileOp] (attribute=0x12): sq_id = 83
[W : PPU[1] Thread (CPUThread)[0x00dbf04c]]: sys_lwmutex warning: *** lwmutex created [FileOp] (attribute=0x12): sq_id = 84
[W : PPU[1] Thread (CPUThread)[0x00dbf04c]]: sys_lwmutex warning: *** lwmutex created [FileOp] (attribute=0x12): sq_id = 85
[W : PPU[1] Thread (CPUThread)[0x00dbf04c]]: sys_lwmutex warning: *** lwmutex created [FileOp] (attribute=0x12): sq_id = 86
[W : PPU[1] Thread (CPUThread)[0x00dbf04c]]: sys_lwmutex warning: *** lwmutex created [FileOp] (attribute=0x12): sq_id = 87
[W : PPU[1] Thread (CPUThread)[0x00dbf04c]]: sys_lwmutex warning: *** lwmutex created [FileOp] (attribute=0x12): sq_id = 88
[W : PPU[1] Thread (CPUThread)[0x00dbf04c]]: sys_lwmutex warning: *** lwmutex created [FileOp] (attribute=0x12): sq_id = 89
[W : PPU[1] Thread (CPUThread)[0x00dbf04c]]: sys_lwmutex warning: *** lwmutex created [FileOp] (attribute=0x12): sq_id = 90
[W : PPU[1] Thread (CPUThread)[0x00dbf04c]]: sys_lwmutex warning: *** lwmutex created [FileOp] (attribute=0x12): sq_id = 91
[W : PPU[1] Thread (CPUThread)[0x00dbf04c]]: sys_lwmutex warning: *** lwmutex created [FileOp] (attribute=0x12): sq_id = 92
[W : PPU[1] Thread (CPUThread)[0x00dbf04c]]: sys_lwmutex warning: *** lwmutex created [FileOp] (attribute=0x12): sq_id = 93
[W : PPU[1] Thread (CPUThread)[0x00dbf04c]]: sys_lwmutex warning: *** lwmutex created [FileOp] (attribute=0x12): sq_id = 94
[W : PPU[1] Thread (CPUThread)[0x00dbf04c]]: sys_lwmutex warning: *** lwmutex created [FileOp] (attribute=0x12): sq_id = 95
[W : PPU[1] Thread (CPUThread)[0x00dbf04c]]: sys_lwmutex warning: *** lwmutex created [FileOp] (attribute=0x12): sq_id = 96
[W : PPU[1] Thread (CPUThread)[0x00dbf04c]]: sys_lwmutex warning: *** lwmutex created [FileOp] (attribute=0x12): sq_id = 97
[W : PPU[1] Thread (CPUThread)[0x00dbf04c]]: sys_lwmutex warning: *** lwmutex created [FileOp] (attribute=0x12): sq_id = 98
[W : PPU[1] Thread (CPUThread)[0x00dbf04c]]: sys_lwmutex warning: *** lwmutex created [FileOp] (attribute=0x12): sq_id = 99
[W : PPU[1] Thread (CPUThread)[0x00dbf04c]]: sys_lwmutex warning: *** lwmutex created [FileOp] (attribute=0x12): sq_id = 100
[W : PPU[1] Thread (CPUThread)[0x00dbf04c]]: sys_lwmutex warning: *** lwmutex created [FileOp] (attribute=0x12): sq_id = 101
[W : PPU[1] Thread (CPUThread)[0x00dbf04c]]: sys_lwmutex warning: *** lwmutex created [FileOp] (attribute=0x12): sq_id = 102
[W : PPU[1] Thread (CPUThread)[0x00dbf04c]]: sys_lwmutex warning: *** lwmutex created [FileOp] (attribute=0x12): sq_id = 103
[W : PPU[1] Thread (CPUThread)[0x00dbf04c]]: sys_lwmutex warning: *** lwmutex created [FileOp] (attribute=0x12): sq_id = 104
[W : PPU[1] Thread (CPUThread)[0x00dbf04c]]: sys_lwmutex warning: *** lwmutex created [FileOp] (attribute=0x12): sq_id = 105
[W : PPU[1] Thread (CPUThread)[0x00dbf04c]]: sys_lwmutex warning: *** lwmutex created [FileOp] (attribute=0x12): sq_id = 106
[W : PPU[1] Thread (CPUThread)[0x00dbf04c]]: sys_lwmutex warning: *** lwmutex created [FileOp] (attribute=0x12): sq_id = 107
[W : PPU[1] Thread (CPUThread)[0x00dbf04c]]: sys_lwmutex warning: *** lwmutex created [FileOp] (attribute=0x12): sq_id = 108
[W : PPU[1] Thread (CPUThread)[0x00dbf04c]]: sys_lwmutex warning: *** lwmutex created [FileOp] (attribute=0x12): sq_id = 109
[W : PPU[1] Thread (CPUThread)[0x00dbf04c]]: sys_lwmutex warning: *** lwmutex created [FileOp] (attribute=0x12): sq_id = 110
[W : PPU[1] Thread (CPUThread)[0x00dbf04c]]: sys_lwmutex warning: *** lwmutex created [FileOp] (attribute=0x12): sq_id = 111
[W : PPU[1] Thread (CPUThread)[0x00dbf04c]]: sys_lwmutex warning: *** lwmutex created [FileOpM] (attribute=0x12): sq_id = 112
[W : PPU[1] Thread (CPUThread)[0x00dbf04c]]: sys_lwmutex warning: *** lwmutex created [FileFW] (attribute=0x12): sq_id = 113
[W : PPU[1] Thread (CPUThread)[0x00dbf04c]]: sys_lwmutex warning: *** lwmutex created [FileFWT] (attribute=0x12): sq_id = 114
[W : PPU[1] Thread (CPUThread)[0x00dbf04c]]: sys_lwmutex warning: *** lwmutex created [FileFWU] (attribute=0x12): sq_id = 115
[W : PPU[1] Thread (CPUThread)[0x00dbf04c]]: sys_lwmutex warning: *** lwmutex created [FileFWR] (attribute=0x12): sq_id = 116
[W : PPU[1] Thread (CPUThread)[0x00dbf04c]]: sys_lwmutex warning: *** lwmutex created [FileSta] (attribute=0x12): sq_id = 117
[W : PPU[1] Thread (CPUThread)[0x00dbf04c]]: sys_lwmutex warning: *** lwmutex created [FileSta] (attribute=0x12): sq_id = 118
[W : PPU[1] Thread (CPUThread)[0x00dbf04c]]: sys_lwmutex warning: *** lwmutex created [FileSta] (attribute=0x12): sq_id = 119
[W : PPU[1] Thread (CPUThread)[0x00dbf04c]]: sys_lwmutex warning: *** lwmutex created [FileSta] (attribute=0x12): sq_id = 120
[W : PPU[1] Thread (CPUThread)[0x00dbf04c]]: sys_lwmutex warning: *** lwmutex created [FileSta] (attribute=0x12): sq_id = 121
[W : PPU[1] Thread (CPUThread)[0x00dbf04c]]: sys_lwmutex warning: *** lwmutex created [FileSta] (attribute=0x12): sq_id = 122
[W : PPU[1] Thread (CPUThread)[0x00dbf04c]]: sys_lwmutex warning: *** lwmutex created [FileSta] (attribute=0x12): sq_id = 123
[W : PPU[1] Thread (CPUThread)[0x00dbf04c]]: sys_lwmutex warning: *** lwmutex created [FileSta] (attribute=0x12): sq_id = 124
[W : PPU[1] Thread (CPUThread)[0x00dbf04c]]: sys_lwmutex warning: *** lwmutex created [FileSta] (attribute=0x12): sq_id = 125
[W : PPU[1] Thread (CPUThread)[0x00dbf04c]]: sys_lwmutex warning: *** lwmutex created [FileSta] (attribute=0x12): sq_id = 126
[W : PPU[1] Thread (CPUThread)[0x00dbf04c]]: sys_lwmutex warning: *** lwmutex created [FileSta] (attribute=0x12): sq_id = 127
[W : PPU[1] Thread (CPUThread)[0x00dbf04c]]: sys_lwmutex warning: *** lwmutex created [FileSta] (attribute=0x12): sq_id = 128
[W : PPU[1] Thread (CPUThread)[0x00dbf04c]]: sys_lwmutex warning: *** lwmutex created [FileSta] (attribute=0x12): sq_id = 129
[W : PPU[1] Thread (CPUThread)[0x00dbf04c]]: sys_lwmutex warning: *** lwmutex created [FileSta] (attribute=0x12): sq_id = 130
[W : PPU[1] Thread (CPUThread)[0x00dbf04c]]: sys_lwmutex warning: *** lwmutex created [FileSta] (attribute=0x12): sq_id = 131
[W : PPU[1] Thread (CPUThread)[0x00dbf04c]]: sys_lwmutex warning: *** lwmutex created [FileSta] (attribute=0x12): sq_id = 132
[W : PPU[1] Thread (CPUThread)[0x00dbf04c]]: sys_lwmutex warning: *** lwmutex created [FileSta] (attribute=0x12): sq_id = 133
[W : PPU[1] Thread (CPUThread)[0x00dbf04c]]: sys_lwmutex warning: *** lwmutex created [FileSta] (attribute=0x12): sq_id = 134
[W : PPU[1] Thread (CPUThread)[0x00dbf04c]]: sys_lwmutex warning: *** lwmutex created [FileSta] (attribute=0x12): sq_id = 135
[W : PPU[1] Thread (CPUThread)[0x00dbf04c]]: sys_lwmutex warning: *** lwmutex created [FileSta] (attribute=0x12): sq_id = 136
[W : PPU[1] Thread (CPUThread)[0x00dbf04c]]: sys_lwmutex warning: *** lwmutex created [FileSta] (attribute=0x12): sq_id = 137
[W : PPU[1] Thread (CPUThread)[0x00dbf04c]]: sys_lwmutex warning: *** lwmutex created [FileSta] (attribute=0x12): sq_id = 138
[W : PPU[1] Thread (CPUThread)[0x00dbf04c]]: sys_lwmutex warning: *** lwmutex created [FileSta] (attribute=0x12): sq_id = 139
[W : PPU[1] Thread (CPUThread)[0x00dbf04c]]: sys_lwmutex warning: *** lwmutex created [FileSta] (attribute=0x12): sq_id = 140
[W : PPU[1] Thread (CPUThread)[0x00dbf04c]]: sys_lwmutex warning: *** lwmutex created [FileSta] (attribute=0x12): sq_id = 141
[W : PPU[1] Thread (CPUThread)[0x00dbf04c]]: sys_lwmutex warning: *** lwmutex created [FileSta] (attribute=0x12): sq_id = 142
[W : PPU[1] Thread (CPUThread)[0x00dbf04c]]: sys_lwmutex warning: *** lwmutex created [FileSta] (attribute=0x12): sq_id = 143
[W : PPU[1] Thread (CPUThread)[0x00dbf04c]]: sys_lwmutex warning: *** lwmutex created [FileSta] (attribute=0x12): sq_id = 144
[W : PPU[1] Thread (CPUThread)[0x00dbf04c]]: sys_lwmutex warning: *** lwmutex created [FileSta] (attribute=0x12): sq_id = 145
[W : PPU[1] Thread (CPUThread)[0x00dbf04c]]: sys_lwmutex warning: *** lwmutex created [FileSta] (attribute=0x12): sq_id = 146
[W : PPU[1] Thread (CPUThread)[0x00dbf04c]]: sys_lwmutex warning: *** lwmutex created [FileSta] (attribute=0x12): sq_id = 147
[W : PPU[1] Thread (CPUThread)[0x00dbf04c]]: sys_lwmutex warning: *** lwmutex created [FileSta] (attribute=0x12): sq_id = 148
[W : PPU[1] Thread (CPUThread)[0x00da1124]]: cellGcmSys warning: cellGcmInit(context_addr=0xd794f0,cmdSize=0x300000,ioSize=0x4600000,ioAddress=0x37400000)
[W : PPU[1] Thread (CPUThread)[0x00da1124]]: cellGcmSys warning: *** local memory(addr=0xc0000000, size=0xf900000)
[W : PPU[1] Thread (CPUThread)[0x00da1124]]: cellGcmSys warning: cellGcmMapEaIoAddress(ea=0x37400000, io=0x0, size=0x4600000)
[! : RSXThread]: RSX thread entry
[W : PPU[1] Thread (CPUThread)[0x00dbf04c]]: sys_lwmutex warning: *** lwmutex created [GCoreTi] (attribute=0x12): sq_id = 149
[W : PPU[1] Thread (CPUThread)[0x00dbf04c]]: sys_lwmutex warning: *** lwmutex created [GCoreFi] (attribute=0x12): sq_id = 150
[W : PPU[1] Thread (CPUThread)[0x00dbf100]]: sys_lwcond warning: Recursive lwmutex(sq=150)
[W : PPU[1] Thread (CPUThread)[0x00dbf100]]: sys_lwcond warning: *** lwcond created [GCoreFi] (lwmutex_addr=0x301243c0): id = 151
[W : PPU[1] Thread (CPUThread)[0x00dbf100]]: sys_lwcond warning: Recursive lwmutex(sq=150)
[W : PPU[1] Thread (CPUThread)[0x00dbf100]]: sys_lwcond warning: *** lwcond created [GCoreFi] (lwmutex_addr=0x301243c0): id = 152
[W : PPU[1] Thread (CPUThread)[0x00dbf04c]]: sys_lwmutex warning: *** lwmutex created [gmem] (attribute=0x12): sq_id = 153
[W : PPU[1] Thread (CPUThread)[0x00dbf04c]]: sys_lwmutex warning: *** lwmutex created [gcm_lab] (attribute=0x12): sq_id = 154
[W : PPU[1] Thread (CPUThread)[0x00dbf04c]]: sys_lwmutex warning: *** lwmutex created [gcm_rep] (attribute=0x12): sq_id = 155
[W : PPU[1] Thread (CPUThread)[0x00d9f070]]: cellSysutil warning: cellVideoOutGetNumberOfDevice(videoOut=0)
[W : PPU[1] Thread (CPUThread)[0x00d9f028]]: cellSysutil warning: cellVideoOutGetDeviceInfo(videoOut=0, deviceIndex=0, info_addr=0xd00109c4)
[W : PPU[1] Thread (CPUThread)[0x00da10e8]]: cellGcmSys warning: cellGcmSetTileInfo(index=0, location=0, offset=0, size=33554432, pitch=8192, comp=10, base=0, bank=3)
[E : PPU[1] Thread (CPUThread)[0x00da10e8]]: cellGcmSys error: cellGcmSetTileInfo: bad comp! (10)
[W : PPU[1] Thread (CPUThread)[0x00da1040]]: cellGcmSys warning: cellGcmBindTile(index=0)
[W : PPU[1] Thread (CPUThread)[0x00da10e8]]: cellGcmSys warning: cellGcmSetTileInfo(index=1, location=0, offset=33751040, size=19660800, pitch=5120, comp=0, base=0, bank=0)
[W : PPU[1] Thread (CPUThread)[0x00da1040]]: cellGcmSys warning: cellGcmBindTile(index=1)
[W : PPU[1] Thread (CPUThread)[0x00da10e8]]: cellGcmSys warning: cellGcmSetTileInfo(index=2, location=0, offset=53411840, size=7864320, pitch=5120, comp=10, base=512, bank=3)
[E : PPU[1] Thread (CPUThread)[0x00da10e8]]: cellGcmSys error: cellGcmSetTileInfo: bad comp! (10)
[W : PPU[1] Thread (CPUThread)[0x00da1040]]: cellGcmSys warning: cellGcmBindTile(index=2)
[W : PPU[1] Thread (CPUThread)[0x00da10e8]]: cellGcmSys warning: cellGcmSetTileInfo(index=3, location=0, offset=61276160, size=3932160, pitch=2560, comp=0, base=0, bank=0)
[W : PPU[1] Thread (CPUThread)[0x00da1040]]: cellGcmSys warning: cellGcmBindTile(index=3)
[W : PPU[1] Thread (CPUThread)[0x00da10e8]]: cellGcmSys warning: cellGcmSetTileInfo(index=4, location=0, offset=65208320, size=983040, pitch=2560, comp=0, base=0, bank=3)
[W : PPU[1] Thread (CPUThread)[0x00da1040]]: cellGcmSys warning: cellGcmBindTile(index=4)
[W : PPU[1] Thread (CPUThread)[0x00da10e8]]: cellGcmSys warning: cellGcmSetTileInfo(index=5, location=0, offset=66191360, size=3145728, pitch=2048, comp=0, base=0, bank=0)
[W : PPU[1] Thread (CPUThread)[0x00da1040]]: cellGcmSys warning: cellGcmBindTile(index=5)
[W : PPU[1] Thread (CPUThread)[0x00da10e8]]: cellGcmSys warning: cellGcmSetTileInfo(index=6, location=0, offset=69468160, size=3604480, pitch=1280, comp=0, base=0, bank=0)
[W : PPU[1] Thread (CPUThread)[0x00da1040]]: cellGcmSys warning: cellGcmBindTile(index=6)
[W : PPU[1] Thread (CPUThread)[0x00da10e8]]: cellGcmSys warning: cellGcmSetTileInfo(index=7, location=0, offset=73072640, size=655360, pitch=1280, comp=0, base=0, bank=3)
[W : PPU[1] Thread (CPUThread)[0x00da1040]]: cellGcmSys warning: cellGcmBindTile(index=7)
[W : PPU[1] Thread (CPUThread)[0x00da10e8]]: cellGcmSys warning: cellGcmSetTileInfo(index=8, location=0, offset=73728000, size=262144, pitch=1024, comp=0, base=0, bank=0)
[W : PPU[1] Thread (CPUThread)[0x00da1040]]: cellGcmSys warning: cellGcmBindTile(index=8)
[W : PPU[1] Thread (CPUThread)[0x00da10e8]]: cellGcmSys warning: cellGcmSetTileInfo(index=9, location=0, offset=33554432, size=196608, pitch=512, comp=0, base=0, bank=0)
[W : PPU[1] Thread (CPUThread)[0x00da1040]]: cellGcmSys warning: cellGcmBindTile(index=9)
[W : PPU[1] Thread (CPUThread)[0x00da1004]]: cellGcmSys warning: cellGcmGetTiledPitchSize(size=5120)
[W : PPU[1] Thread (CPUThread)[0x00da1004]]: cellGcmSys warning: cellGcmGetTiledPitchSize(size=5120)
[W : PPU[1] Thread (CPUThread)[0x00da1088]]: cellGcmSys warning: TODO: cellGcmBindZcull(index=0)
[W : PPU[1] Thread (CPUThread)[0x00d9f004]]: cellSysutil warning: cellVideoOutConfigure(videoOut=0, config_addr=0xd0010994, option_addr=0x0, waitForEvent=0x0)
[W : PPU[1] Thread (CPUThread)[0x00da104c]]: cellGcmSys warning: cellGcmSetFlipMode(mode=2)
[W : PPU[1] Thread (CPUThread)[0x00da10ac]]: cellGcmSys warning: cellGcmSetDisplayBuffer(id=0x0,offset=0x4690000,pitch=4,width=720,height=480)
[W : PPU[1] Thread (CPUThread)[0x00da10ac]]: cellGcmSys warning: cellGcmSetDisplayBuffer(id=0x1,offset=0x47e1800,pitch=4,width=720,height=480)
[W : PPU[1] Thread (CPUThread)[0x00559320]]: sys_event warning: sys_event_queue_create(equeue_id_addr=0x301071fc, attr_addr=0xd00108e0, event_queue_key=0x0, size=32)
[W : PPU[1] Thread (CPUThread)[0x00559320]]: sys_event warning: *** event_queue created [gcmwin] (protocol=0x2, type=0x1): id = 156
[W : PPU[1] Thread (CPUThread)[0x00559338]]: sys_event warning: sys_event_port_create(eport_id_addr=0xd4ceec, port_type=0x1, name=0x0)
[W : PPU[1] Thread (CPUThread)[0x00559338]]: sys_event warning: *** sys_event_port created: id = 157
[W : PPU[1] Thread (CPUThread)[0x00559348]]: sys_event warning: sys_event_port_connect_local(eport_id=157, equeue_id=156)
[W : PPU[1] Thread (CPUThread)[0x00da10a0]]: cellGcmSys warning: cellGcmSetFlipHandler(handler_addr=11176568)
[W : PPU[1] Thread (CPUThread)[0x00a6c010]]: cellSysmodule warning: cellSysmoduleLoadModule(CELL_SYSMODULE_L10N)
[W : PPU[1] Thread (CPUThread)[0x00a6c010]]: cellSysmodule warning: cellSysmoduleLoadModule(CELL_SYSMODULE_RTC)
[W : PPU[1] Thread (CPUThread)[0x00a6c010]]: cellSysmodule warning: cellSysmoduleLoadModule(CELL_SYSMODULE_AVCONF_EXT)
[W : PPU[1] Thread (CPUThread)[0x00a6c010]]: cellSysmodule warning: cellSysmoduleLoadModule(CELL_SYSMODULE_LV2DBG)
[W : PPU[1] Thread (CPUThread)[0x00a6c010]]: cellSysmodule warning: cellSysmoduleLoadModule(CELL_SYSMODULE_PAMF)
[W : PPU[1] Thread (CPUThread)[0x00a6c010]]: cellSysmodule warning: cellSysmoduleLoadModule(CELL_SYSMODULE_SAIL)
[W : PPU[1] Thread (CPUThread)[0x00a6c010]]: cellSysmodule warning: cellSysmoduleLoadModule(CELL_SYSMODULE_PNGENC)
[W : PPU[1] Thread (CPUThread)[0x000a50e4]]: sys_spu warning: sys_spu_initialize(max_usable_spu=6, max_raw_spu=0)
[W : PPU[1] Thread (CPUThread)[0x00da1010]]: cellGcmSys warning: cellGcmSetUserHandler(handler=0xaae0e0)
[E : PPU[1] Thread (CPUThread)[0x00d9b0f4]]: cellSpurs error: _cellSpursAttributeInitialize(attr_addr=0xd0010438, nSpus=2, spuPriority=3342336, ppuPriority=5, exitIfNoWork=250)
[E : PPU[1] Thread (CPUThread)[0x00d9b004]]: cellSpurs error: cellSpursAttributeSetNamePrefix(attr_addr=0xd0010438, prefix_addr=0xd0010430, size=0x5)
[E : PPU[1] Thread (CPUThread)[0x00d9b130]]: TODO: cellSpursInitializeWithAttribute
[W : PPU[1] Thread (CPUThread)[0x0062267c]]: sys_event warning: sys_event_queue_create(equeue_id_addr=0x301bb04c, attr_addr=0xd0010374, event_queue_key=0x0, size=8)
[W : PPU[1] Thread (CPUThread)[0x0062267c]]: sys_event warning: *** event_queue created [spurspt] (protocol=0x2, type=0x1): id = 158
[! : PPU[1] Thread (CPUThread)[0x00dbf028]]: *** New PPU Thread [spu_printf_handler] (): id = 159
[W : PPU[1] Thread (CPUThread)[0x00622710]]: sys_event warning: sys_event_port_create(eport_id_addr=0x301bb058, port_type=0x1, name=0xfee1dead)
[W : PPU[1] Thread (CPUThread)[0x00622710]]: sys_event warning: *** sys_event_port created: id = 160
[W : PPU[1] Thread (CPUThread)[0x00622728]]: sys_event warning: sys_event_port_connect_local(eport_id=160, equeue_id=158)
[E : PPU[1] Thread (CPUThread)[0x00d9b148]]: cellSpurs error: cellSpursAttachLv2EventQueue(spurs_addr=0x301bb900, queue=0x9e, port_addr=0xd0010370, isDynamic=0)
[E : PPU[1] Thread (CPUThread)[0x00d9b034]]: cellSpurs error: cellSpursGetInfo(spurs_addr=0x301bb900, info_addr=0xd0010280)
[W : PPU[1] Thread (CPUThread)[0x006ca194]]: sys_mutex warning: *** mutex created [] (protocol=0x2, recursive=false): id = 161
[W : PPU[1] Thread (CPUThread)[0x006ca1c4]]: sys_cond warning: *** condition created [] (mutex_id=161): id = 162
[W : PPU[1] Thread (CPUThread)[0x006ca1f8]]: sys_event warning: sys_event_queue_create(equeue_id_addr=0xd000fe5c, attr_addr=0xd000fe60, event_queue_key=0x0, size=7)
[W : PPU[1] Thread (CPUThread)[0x006ca1f8]]: sys_event warning: *** event_queue created [] (protocol=0x2, type=0x1): id = 163
[E : PPU[1] Thread (CPUThread)[0x00d9b148]]: cellSpurs error: cellSpursAttachLv2EventQueue(spurs_addr=0x301bb900, queue=0xa3, port_addr=0xd000fe50, isDynamic=1)
[E : PPU[1] Thread (CPUThread)[0x00d9b058]]: TODO: _cellSpursJobChainAttributeInitialize
[E : PPU[1] Thread (CPUThread)[0x00d9b04c]]: TODO: cellSpursCreateJobChainWithAttribute
[E : PPU[1] Thread (CPUThread)[0x00d9b088]]: TODO: _cellSpursEventFlagInitialize
[E : PPU[1] Thread (CPUThread)[0x00d9b0d0]]: TODO: cellSpursEventFlagAttachLv2EventQueue
[E : PPU[1] Thread (CPUThread)[0x00d9b088]]: TODO: _cellSpursEventFlagInitialize
[E : PPU[1] Thread (CPUThread)[0x00d9b0d0]]: TODO: cellSpursEventFlagAttachLv2EventQueue
[E : PPU[1] Thread (CPUThread)[0x00d9b088]]: TODO: _cellSpursEventFlagInitialize
[E : PPU[1] Thread (CPUThread)[0x00d9b0d0]]: TODO: cellSpursEventFlagAttachLv2EventQueue
[E : PPU[1] Thread (CPUThread)[0x00d9b088]]: TODO: _cellSpursEventFlagInitialize
[E : PPU[1] Thread (CPUThread)[0x00d9b0d0]]: TODO: cellSpursEventFlagAttachLv2EventQueue
[E : PPU[1] Thread (CPUThread)[0x00d9b088]]: TODO: _cellSpursEventFlagInitialize
[E : PPU[1] Thread (CPUThread)[0x00d9b0d0]]: TODO: cellSpursEventFlagAttachLv2EventQueue
[E : PPU[1] Thread (CPUThread)[0x00d9b088]]: TODO: _cellSpursEventFlagInitialize
[E : PPU[1] Thread (CPUThread)[0x00d9b0d0]]: TODO: cellSpursEventFlagAttachLv2EventQueue
[E : PPU[1] Thread (CPUThread)[0x00d9b088]]: TODO: _cellSpursEventFlagInitialize
[E : PPU[1] Thread (CPUThread)[0x00d9b0d0]]: TODO: cellSpursEventFlagAttachLv2EventQueue
[E : PPU[1] Thread (CPUThread)[0x00d9b088]]: TODO: _cellSpursEventFlagInitialize
[E : PPU[1] Thread (CPUThread)[0x00d9b0d0]]: TODO: cellSpursEventFlagAttachLv2EventQueue
[E : PPU[1] Thread (CPUThread)[0x00d9b088]]: TODO: _cellSpursEventFlagInitialize
[E : PPU[1] Thread (CPUThread)[0x00d9b0d0]]: TODO: cellSpursEventFlagAttachLv2EventQueue
[E : PPU[1] Thread (CPUThread)[0x00d9b088]]: TODO: _cellSpursEventFlagInitialize
[E : PPU[1] Thread (CPUThread)[0x00d9b0d0]]: TODO: cellSpursEventFlagAttachLv2EventQueue
[E : PPU[1] Thread (CPUThread)[0x00d9b088]]: TODO: _cellSpursEventFlagInitialize
[E : PPU[1] Thread (CPUThread)[0x00d9b0d0]]: TODO: cellSpursEventFlagAttachLv2EventQueue
[E : PPU[1] Thread (CPUThread)[0x00d9b088]]: TODO: _cellSpursEventFlagInitialize
[E : PPU[1] Thread (CPUThread)[0x00d9b0d0]]: TODO: cellSpursEventFlagAttachLv2EventQueue
[E : PPU[1] Thread (CPUThread)[0x00d9b088]]: TODO: _cellSpursEventFlagInitialize
[E : PPU[1] Thread (CPUThread)[0x00d9b0d0]]: TODO: cellSpursEventFlagAttachLv2EventQueue
[E : PPU[1] Thread (CPUThread)[0x00d9b088]]: TODO: _cellSpursEventFlagInitialize
[E : PPU[1] Thread (CPUThread)[0x00d9b0d0]]: TODO: cellSpursEventFlagAttachLv2EventQueue
[E : PPU[1] Thread (CPUThread)[0x00d9b088]]: TODO: _cellSpursEventFlagInitialize
[E : PPU[1] Thread (CPUThread)[0x00d9b0d0]]: TODO: cellSpursEventFlagAttachLv2EventQueue
[E : PPU[1] Thread (CPUThread)[0x00d9b088]]: TODO: _cellSpursEventFlagInitialize
[E : PPU[1] Thread (CPUThread)[0x00d9b0d0]]: TODO: cellSpursEventFlagAttachLv2EventQueue
[E : PPU[1] Thread (CPUThread)[0x00d9b088]]: TODO: _cellSpursEventFlagInitialize
[E : PPU[1] Thread (CPUThread)[0x00d9b034]]: cellSpurs error: cellSpursGetInfo(spurs_addr=0x301bb900, info_addr=0xd0010540)
[W : PPU[1] Thread (CPUThread)[0x006ca194]]: sys_mutex warning: *** mutex created [] (protocol=0x2, recursive=false): id = 164
[W : PPU[1] Thread (CPUThread)[0x006ca1c4]]: sys_cond warning: *** condition created [] (mutex_id=164): id = 165
[W : PPU[1] Thread (CPUThread)[0x006ca1f8]]: sys_event warning: sys_event_queue_create(equeue_id_addr=0xd001011c, attr_addr=0xd0010120, event_queue_key=0x0, size=7)
[W : PPU[1] Thread (CPUThread)[0x006ca1f8]]: sys_event warning: *** event_queue created [] (protocol=0x2, type=0x1): id = 166
[E : PPU[1] Thread (CPUThread)[0x00d9b148]]: cellSpurs error: cellSpursAttachLv2EventQueue(spurs_addr=0x301bb900, queue=0xa6, port_addr=0xd0010110, isDynamic=1)
[E : PPU[1] Thread (CPUThread)[0x00d9b058]]: TODO: _cellSpursJobChainAttributeInitialize
[E : PPU[1] Thread (CPUThread)[0x00d9b04c]]: TODO: cellSpursCreateJobChainWithAttribute
[E : PPU[1] Thread (CPUThread)[0x00d9b088]]: TODO: _cellSpursEventFlagInitialize
[E : PPU[1] Thread (CPUThread)[0x00d9b0d0]]: TODO: cellSpursEventFlagAttachLv2EventQueue
[E : PPU[1] Thread (CPUThread)[0x00d9b088]]: TODO: _cellSpursEventFlagInitialize
[E : PPU[1] Thread (CPUThread)[0x00d9b0d0]]: TODO: cellSpursEventFlagAttachLv2EventQueue
[E : PPU[1] Thread (CPUThread)[0x00d9b088]]: TODO: _cellSpursEventFlagInitialize
[E : PPU[1] Thread (CPUThread)[0x00d9b0d0]]: TODO: cellSpursEventFlagAttachLv2EventQueue
[E : PPU[1] Thread (CPUThread)[0x00d9b088]]: TODO: _cellSpursEventFlagInitialize
[E : PPU[1] Thread (CPUThread)[0x00d9b0d0]]: TODO: cellSpursEventFlagAttachLv2EventQueue
[E : PPU[1] Thread (CPUThread)[0x00d9b088]]: TODO: _cellSpursEventFlagInitialize
[E : PPU[1] Thread (CPUThread)[0x00d9b0d0]]: TODO: cellSpursEventFlagAttachLv2EventQueue
[E : PPU[1] Thread (CPUThread)[0x00d9b088]]: TODO: _cellSpursEventFlagInitialize
[E : PPU[1] Thread (CPUThread)[0x00d9b0d0]]: TODO: cellSpursEventFlagAttachLv2EventQueue
[E : PPU[1] Thread (CPUThread)[0x00d9b088]]: TODO: _cellSpursEventFlagInitialize
[E : PPU[1] Thread (CPUThread)[0x00d9b0d0]]: TODO: cellSpursEventFlagAttachLv2EventQueue
[E : PPU[1] Thread (CPUThread)[0x00d9b088]]: TODO: _cellSpursEventFlagInitialize
[E : PPU[1] Thread (CPUThread)[0x00d9b0d0]]: TODO: cellSpursEventFlagAttachLv2EventQueue
[E : PPU[1] Thread (CPUThread)[0x00d9b088]]: TODO: _cellSpursEventFlagInitialize
[E : PPU[1] Thread (CPUThread)[0x00d9b0d0]]: TODO: cellSpursEventFlagAttachLv2EventQueue
[E : PPU[1] Thread (CPUThread)[0x00d9b088]]: TODO: _cellSpursEventFlagInitialize
[E : PPU[1] Thread (CPUThread)[0x00d9b0d0]]: TODO: cellSpursEventFlagAttachLv2EventQueue
[E : PPU[1] Thread (CPUThread)[0x00d9b088]]: TODO: _cellSpursEventFlagInitialize
[E : PPU[1] Thread (CPUThread)[0x00d9b0d0]]: TODO: cellSpursEventFlagAttachLv2EventQueue
[E : PPU[1] Thread (CPUThread)[0x00d9b088]]: TODO: _cellSpursEventFlagInitialize
[E : PPU[1] Thread (CPUThread)[0x00d9b0d0]]: TODO: cellSpursEventFlagAttachLv2EventQueue
[E : PPU[1] Thread (CPUThread)[0x00d9b088]]: TODO: _cellSpursEventFlagInitialize
[E : PPU[1] Thread (CPUThread)[0x00d9b0d0]]: TODO: cellSpursEventFlagAttachLv2EventQueue
[E : PPU[1] Thread (CPUThread)[0x00d9b088]]: TODO: _cellSpursEventFlagInitialize
[E : PPU[1] Thread (CPUThread)[0x00d9b0d0]]: TODO: cellSpursEventFlagAttachLv2EventQueue
[E : PPU[1] Thread (CPUThread)[0x00d9b088]]: TODO: _cellSpursEventFlagInitialize
[E : PPU[1] Thread (CPUThread)[0x00d9b0d0]]: TODO: cellSpursEventFlagAttachLv2EventQueue
[E : PPU[1] Thread (CPUThread)[0x00d9b088]]: TODO: _cellSpursEventFlagInitialize
[E : PPU[1] Thread (CPUThread)[0x00d9b0d0]]: TODO: cellSpursEventFlagAttachLv2EventQueue
[E : PPU[1] Thread (CPUThread)[0x00d9b088]]: TODO: _cellSpursEventFlagInitialize
[W : PPU[1] Thread (CPUThread)[0x00dbf04c]]: sys_lwmutex warning: *** lwmutex created [] (attribute=0x12): sq_id = 167
[E : PPU[1] Thread (CPUThread)[0x00d9b01c]]: TODO: _cellSpursTasksetAttributeInitialize
[E : PPU[1] Thread (CPUThread)[0x00d9b094]]: TODO: cellSpursTasksetAttributeSetName
[E : PPU[1] Thread (CPUThread)[0x00d9b154]]: TODO: cellSpursCreateTasksetWithAttribute
[E : PPU[1] Thread (CPUThread)[0x00d9b088]]: TODO: _cellSpursEventFlagInitialize
[E : PPU[1] Thread (CPUThread)[0x00d9b0d0]]: TODO: cellSpursEventFlagAttachLv2EventQueue
[E : PPU[1] Thread (CPUThread)[0x00d9b190]]: TODO: _cellSpursLFQueueInitialize
[E : PPU[1] Thread (CPUThread)[0x00d9b19c]]: TODO: cellSpursLFQueueAttachLv2EventQueue
[E : PPU[1] Thread (CPUThread)[0x00d9b1cc]]: TODO: cellSpursCreateTask
[E : PPU[1] Thread (CPUThread)[0x00d9b1cc]]: TODO: cellSpursCreateTask
[E : PPU[1] Thread (CPUThread)[0x00d9b1cc]]: TODO: cellSpursCreateTask
[E : PPU[1] Thread (CPUThread)[0x00d9b1cc]]: TODO: cellSpursCreateTask
[E : PPU[1] Thread (CPUThread)[0x00d9b1cc]]: TODO: cellSpursCreateTask
[W : PPU[1] Thread (CPUThread)[0x00dbf04c]]: sys_lwmutex warning: *** lwmutex created [JobMgr] (attribute=0x12): sq_id = 168
[W : PPU[1] Thread (CPUThread)[0x00dbf100]]: sys_lwcond warning: Recursive lwmutex(sq=168)
[W : PPU[1] Thread (CPUThread)[0x00dbf100]]: sys_lwcond warning: *** lwcond created [axl:con] (lwmutex_addr=0x301e7418): id = 169
[W : PPU[1] Thread (CPUThread)[0x00dbf100]]: sys_lwcond warning: Recursive lwmutex(sq=168)
[W : PPU[1] Thread (CPUThread)[0x00dbf100]]: sys_lwcond warning: *** lwcond created [axl:con] (lwmutex_addr=0x301e7418): id = 170
[W : PPU[1] Thread (CPUThread)[0x00dbf100]]: sys_lwcond warning: Recursive lwmutex(sq=168)
[W : PPU[1] Thread (CPUThread)[0x00dbf100]]: sys_lwcond warning: *** lwcond created [axl:con] (lwmutex_addr=0x301e7418): id = 171
[! : PPU[1] Thread (CPUThread)[0x00dbf028]]: *** New PPU Thread [JobWorker] (): id = 172
[! : PPU[1] Thread (CPUThread)[0x00dbf028]]: *** New PPU Thread [InitAppFirst] (): id = 173
[E : PPU[1] Thread (CPUThread)[0x00da10d0]]: cellGcmSys error: Unimplemented function: cellGcmSetVBlankHandler
[! : PPU[1] Thread (CPUThread)[0x00dbf028]]: *** New PPU Thread [cellFsOpenThread] (): id = 174
[E : PPU[174] Thread (cellFsOpenThread)[0x00a6e040]]: sys_fs error: "/dev_bdvd/PS3_GAME/USRDIR/data/pack/pack.idx" not found! flags: 0x00000000
[W : RSXThread]: FP not found in buffer!
[E : Fragment Shader Decompiler Thread]: Unknown opcode 0x43 (inst 13)
[E : Fragment Shader Decompiler Thread]: Unknown opcode 0x40 (inst 16)
[E : Fragment Shader Decompiler Thread]: Unknown opcode 0x43 (inst 20)
[E : Fragment Shader Decompiler Thread]: Unknown opcode 0x40 (inst 23)
[W : RSXThread]: VP not found in buffer!
[! : RSXThread]: Add program (0):
[! : RSXThread]: *** prog id = 3
[! : RSXThread]: *** vp id = 2
[! : RSXThread]: *** fp id = 1
[! : RSXThread]: *** vp data size = 48
[! : RSXThread]: *** fp data size = 720
[! : RSXThread]: *** vp shader = 
#version 330

uniform mat4 scaleOffsetMat = mat4(1.0);
layout (location = 0) in vec4 in_pos;
layout (location = 8) in vec4 in_tc0;
layout (location = 9) in vec4 in_tc1;
out vec4 tc0;
out vec4 tc1;

void func0();

void main()
{
	gl_Position = vec4(0.0f, 0.0f, 0.0f, 1.0f);
	func0();
	gl_Position = gl_Position * scaleOffsetMat;
}

void func0()
{
	gl_Position.xy = in_pos.xyxx.xy;
	tc0.xy = in_tc0.xyxx.xy;
	tc1.xy = in_tc1.xyxx.xy;
}

[! : RSXThread]: *** fp shader = 
#version 330

uniform vec4 fc16 = vec4(1.777778, 1.500000, 0.000000, 0.000000);
uniform vec4 fc64 = vec4(0.562500, 0.666667, 0.000000, 0.000000);
uniform vec4 fc112 = vec4(0.500000, 0.000000, 0.000000, 0.000000);
uniform vec4 fc144 = vec4(0.562500, 0.666667, 0.000000, 0.000000);
uniform vec4 fc176 = vec4(0.000000, 0.000000, 0.000000, 0.000000);
uniform vec4 fc240 = vec4(2.000000, 0.000000, 0.000000, 0.000000);
uniform vec4 fc288 = vec4(0.000000, 0.000000, 0.000000, 0.000000);
uniform vec4 fc352 = vec4(3.000000, 0.000000, 0.000000, 0.000000);
uniform vec4 fc416 = vec4(0.001389, 0.002083, 0.000000, 0.000000);
uniform vec4 fc464 = vec4(0.562500, 0.666667, 0.000000, 0.000000);
uniform vec4 fc496 = vec4(1.000000, 0.000000, 0.000000, 0.000000);
uniform vec4 fc544 = vec4(2.000000, 0.000000, 0.000000, 0.000000);
uniform vec4 fc640 = vec4(0.562500, 0.666667, 0.000000, 0.000000);
uniform vec4 fc672 = vec4(1.000000, 0.000000, 0.000000, 0.000000);
vec4 r0 = vec4(0.0, 0.0, 0.0, 0.0);
vec4 rc0;
vec4 r1 = vec4(0.0, 0.0, 0.0, 0.0);
in vec4 tc1;
layout (location = 2) out vec4 r3;
layout (location = 3) out vec4 r4;
layout (location = 1) out vec4 r2;
layout (location = 0) out vec4 ocol;
uniform sampler2D tex1;
uniform sampler2D tex0;

void main()
{
	r0.zw = fc16.xxxy.zw;
	r0.xy = tc1.xy;
	r3.xy = (r0 * fc64.xyxx).xy;
	r3.zw = floor(r0.xxxy).zw;
	r4.xy = (-r0.zwzz * fc112.xxxx + r3.zwzz).xy;
	r0.zw = (r4.xxxy * fc144.xxxy).zw;
	r4.x = fc176.zzzz.x;
	r0.y = r0.zzzz.y;
	rc0.x = vec4(lessThan(r4, fc240.xxxx)).x;
	r4.y = fc288.xxxx.y;
	r0.z = r0.yyyy.z;
	rc0.x = vec4(lessThan(r4.yyyy, fc352.xxxx)).x;
	r3.zw = (-r0 + r3.xxxy).zw;
	r2.xy = (r0.zwzz * fc416.xyxx).xy;
	r0.x = vec2(dot(r3.zwzz.xy, r3.zwzz.xy)).xxxx.x;
	r0.z = (r0 + fc464.xxxx).z;
	r4.y = (r4 + fc496.xxxx).y;
	r0.x = inversesqrt(r0).x;
	r0.x = (fc544.xxxx / r0).x;
	r0.x = texture(tex1, r0.xy).x;
	r4.w = (r0.xxxx + r4).w;
	r2 = texture(tex0, r2.xy);
	r1 = (r2 * r0.xxxx + r1);
	r0.w = (r0 + fc640.yyyy).w;
	r4.x = (r4 + fc672.xxxx).x;
	r0 = (r1 / r4.wwww);
	ocol = r0;
}

[W : RSXThread]: New FBO (720x480)
[W : PPU[159] Thread (spu_printf_handler)[0x00622354]]: sys_event_queue_receive(equeue=158) aborted
[W : PPU[1] Thread (CPUThread)[0x00dbf034]]: sys_lwcond_wait(id=40) aborted
[W : PPU[172] Thread (JobWorker)[0x00dbf034]]: sys_lwcond_wait(id=169) aborted
[! : RSXThread]: RSX thread exit...
[!]: Closing memory...
