[!]: path: /dev_hdd0/game/
[!]: Loading 'F:\Ps3 game\dev_hdd0\game\BLJS93007 - [Watashi no Kare wa Pilot 2012]/USRDIR/BOOT.BIN'...
[!]: Mount info:
[!]: /dev_hdd0/ -> F:\Ps3 game\dev_hdd0
[!]: /dev_hdd1/ -> E:\PS3EMU\Rpcs3-x6412/dev_hdd1/
[!]: /dev_flash/ -> E:\PS3EMU\Rpcs3-x6412/dev_flash/
[!]: /dev_usb000/ -> E:\PS3EMU\Rpcs3-x6412/dev_usb000/
[!]: /dev_usb/ -> E:\PS3EMU\Rpcs3-x6412/dev_usb000/
[!]: /app_home/ -> F:\Ps3 game\dev_hdd0\game\BLJS93007 - [Watashi no Kare wa Pilot 2012]/
[!]: /dev_bdvd/ -> F:\Ps3 game\dev_hdd0\game\BLJS93007 - [Watashi no Kare wa Pilot 2012]//../
[!]: /host_root/ -> 
[!]: / -> F:\Ps3 game\dev_hdd0\game\BLJS93007 - [Watashi no Kare wa Pilot 2012]/
[!]: Initing memory...
[!]: Memory initialized.
[W]: Unknown function 0x28e208bb in 'sys_net' module
[E]: TODO: listen
[W]: Unknown function 0x3f09e20a in 'sys_net' module
[E]: TODO: socketselect
[W]: Unknown function 0x858a930b in 'sys_net' module
[E]: TODO: inet_ntoa
[W]: Unknown function 0x22aab31d in 'cellSpurs' module
[E]: TODO: cellSpursEventFlagDetachLv2EventQueue
[W]: Unknown function 0x303c19cd in 'cellSpurs' module
[E]: TODO: cellSpursCreateJobChainWithAttribute
[W]: Unknown function 0x3548f483 in 'cellSpurs' module
[E]: TODO: _cellSpursJobChainAttributeInitialize
[W]: Unknown function 0x373523d4 in 'cellSpurs' module
[E]: TODO: cellSpursEventFlagWait
[W]: Unknown function 0x569674e3 in 'cellSpurs' module
[E]: TODO: cellSpursTraceInitialize
[W]: Unknown function 0x5ef96465 in 'cellSpurs' module
[E]: TODO: _cellSpursEventFlagInitialize
[W]: Unknown function 0x68aaeba9 in 'cellSpurs' module
[E]: TODO: cellSpursJobGuardInitialize
[W]: Unknown function 0x738e40e6 in 'cellSpurs' module
[E]: TODO: cellSpursShutdownJobChain
[W]: Unknown function 0x87630976 in 'cellSpurs' module
[E]: TODO: cellSpursEventFlagAttachLv2EventQueue
[W]: Unknown function 0x9fef70c2 in 'cellSpurs' module
[E]: TODO: cellSpursJobChainAttributeSetName
[W]: Unknown function 0xa7c066de in 'cellSpurs' module
[E]: TODO: cellSpursJoinJobChain
[W]: Unknown function 0xaa6269a8 in 'cellSpurs' module
[E]: TODO: cellSpursInitializeWithAttribute
[W]: Unknown function 0xce853fbf in 'cellSpurs' module
[E]: TODO: cellSpursTraceStart
[W]: Unknown function 0xd5d0b256 in 'cellSpurs' module
[E]: TODO: cellSpursJobGuardNotify
[W]: Unknown function 0xf31731bb in 'cellSpurs' module
[E]: TODO: cellSpursRunJobChain
[W]: Unknown function 0x16394a4e in 'cellSpurs' module
[E]: TODO: _cellSpursTasksetAttributeInitialize
[W]: Unknown function 0x1d46fedf in 'cellSpurs' module
[E]: TODO: cellSpursCreateTaskWithAttribute
[W]: Unknown function 0x652b70e2 in 'cellSpurs' module
[E]: TODO: cellSpursTasksetAttributeSetName
[W]: Unknown function 0x6d2d9339 in 'cellSpurs' module
[E]: TODO: cellSpursEventFlagTryWait
[W]: Unknown function 0x7fdf4fef in 'cellSpurs' module
[E]: TODO: cellSpursBarrierInitialize
[W]: Unknown function 0x9034e538 in 'cellSpurs' module
[E]: TODO: cellSpursTaskGetContextSaveAreaSize
[W]: Unknown function 0x9f72add3 in 'cellSpurs' module
[E]: TODO: cellSpursJoinTaskset
[W]: Unknown function 0xa789e631 in 'cellSpurs' module
[E]: TODO: cellSpursShutdownTaskset
[W]: Unknown function 0xb8474eff in 'cellSpurs' module
[E]: TODO: _cellSpursTaskAttributeInitialize
[W]: Unknown function 0xc10931cb in 'cellSpurs' module
[E]: TODO: cellSpursCreateTasksetWithAttribute
[W]: Unknown function 0xe0a6dbe4 in 'cellSpurs' module
[E]: TODO: _cellSpursSendSignal
[W]: Unknown function 0x1dfbfdd6 in 'cellSysutil' module
[E]: TODO: cellSaveDataListLoad2
[W]: Unknown function 0x2de0d663 in 'cellSysutil' module
[E]: TODO: cellSaveDataListSave2
[W]: Unknown function 0x8b7ed64b in 'cellSysutil' module
[E]: TODO: cellSaveDataAutoSave2
[W]: Unknown function 0xedadd797 in 'cellSysutil' module
[E]: TODO: cellSaveDataDelete2
[W]: Unknown function 0x220894e3 in 'cellSysutil' module
[E]: TODO: cellSysutilEnableBgmPlayback
[W]: Unknown function 0xa11552f6 in 'cellSysutil' module
[E]: TODO: cellSysutilGetBgmPlaybackStatus
[W]: Unknown function 0xcfdd8e87 in 'cellSysutil' module
[E]: TODO: cellSysutilDisableBgmPlayback
[W]: Unknown function 0x63387071 in 'cellGcmSys' module
[E]: TODO: cellGcmGetLastFlipTime
[W]: Unknown function 0x99d397ac in 'cellGcmSys' module
[E]: TODO: cellGcmGetReport
[W]: Unknown function 0x832df17e in 'cellAudio' module
[E]: TODO: cellAudioAdd6chData
[W]: Unknown function 0x1906ce6b in 'cellL10n' module
[E]: TODO: jstrnchk
[W]: Unknown function 0x33435818 in 'cellL10n' module
[E]: TODO: SJISstoUTF8s
[W]: Unknown function 0x931ff25a in 'cellL10n' module
[E]: TODO: L10nConvertStr
[W]: Unknown function 0xa298cad2 in 'cellL10n' module
[E]: TODO: l10n_convert_str
[W]: Unknown function 0xa9a76fb8 in 'cellL10n' module
[E]: TODO: UCS2toUTF8
[W]: Unknown function 0xcc1633cc in 'cellL10n' module
[E]: TODO: l10n_get_converter
[W]: Unknown function 0x155de760 in 'sceNp' module
[E]: TODO: sceNpSignalingGetConnectionInfo
[W]: Unknown function 0x50b86d94 in 'sceNp' module
[E]: TODO: sceNpSignalingAddExtendedHandler
[W]: Unknown function 0x60897c38 in 'sceNp' module
[E]: TODO: sceNpSignalingActivateConnection
[W]: Unknown function 0x6356082e in 'sceNp' module
[E]: TODO: sceNpSignalingCreateCtx
[W]: Unknown function 0xa8cf8451 in 'sceNp' module
[E]: TODO: sceNpSignalingDestroyCtx
[W]: Unknown function 0xca0a2d04 in 'sceNp' module
[E]: TODO: sceNpSignalingGetConnectionStatus
[W]: Unknown function 0xd208f91d in 'sceNp' module
[E]: TODO: sceNpUtilCmpNpId
[W]: Unknown function 0xfd0eb5ae in 'sceNp' module
[E]: TODO: sceNpSignalingDeactivateConnection
[W]: Unknown function 0xfe37a7f4 in 'sceNp' module
[E]: TODO: sceNpManagerGetNpId
[W]: Unknown module 'cellRec'
[W]: Unknown module 'cellVideoExportUtility'
[W]: Unknown function 0x4d19c631 in 'cellFont' module
[E]: TODO: cellFontSetupRenderScalePoint
[W]: Unknown function 0x018281a8 in 'cellSail' module
[E]: TODO: cellSailGraphicsAdapterGetFrame2
[W]: Unknown function 0x0abb318b in 'cellSail' module
[E]: TODO: cellSailDescriptorCreateDatabase
[W]: Unknown function 0x1139a206 in 'cellSail' module
[E]: TODO: cellSailPlayerSetSoundAdapter
[W]: Unknown function 0x1872331b in 'cellSail' module
[E]: TODO: cellSailGraphicsAdapterPtsToTimePosition
[W]: Unknown function 0x18b4629d in 'cellSail' module
[E]: TODO: cellSailPlayerFinalize
[W]: Unknown function 0x18bcd21b in 'cellSail' module
[E]: TODO: cellSailPlayerSetGraphicsAdapter
[W]: Unknown function 0x1c983864 in 'cellSail' module
[E]: TODO: cellSailGraphicsAdapterInitialize
[W]: Unknown function 0x1c9d5e5a in 'cellSail' module
[E]: TODO: cellSailSoundAdapterSetPreferredFormat
[W]: Unknown function 0x23654375 in 'cellSail' module
[E]: TODO: cellSailPlayerInitialize2
[W]: Unknown function 0x28336e89 in 'cellSail' module
[E]: TODO: cellSailDescriptorDestroyDatabase
[W]: Unknown function 0x2e3ccb5e in 'cellSail' module
[E]: TODO: cellSailGraphicsAdapterSetPreferredFormat
[W]: Unknown function 0x346ebba3 in 'cellSail' module
[E]: TODO: cellSailMemAllocatorInitialize
[W]: Unknown function 0x34ecc1b9 in 'cellSail' module
[E]: TODO: cellSailPlayerOpenStream
[W]: Unknown function 0x3d0d3b72 in 'cellSail' module
[E]: TODO: cellSailSoundAdapterInitialize
[W]: Unknown function 0x3dd9639a in 'cellSail' module
[E]: TODO: cellSailAuReceiverInitialize
[W]: Unknown function 0x44a20e79 in 'cellSail' module
[E]: TODO: cellSailGraphicsAdapterUpdateAvSync
[W]: Unknown function 0x4ae979df in 'cellSail' module
[E]: TODO: cellSailSoundAdapterPtsToTimePosition
[W]: Unknown function 0x4c191088 in 'cellSail' module
[E]: TODO: cellSailDescriptorGetUri
[W]: Unknown function 0x5783a454 in 'cellSail' module
[E]: TODO: cellSailMp4MovieGetMovieInfo
[W]: Unknown function 0x5f7c7a6f in 'cellSail' module
[E]: TODO: cellSailPlayerSetParameter
[W]: Unknown function 0x6e83f5c0 in 'cellSail' module
[E]: TODO: cellSailAviMovieGetMovieInfo
[W]: Unknown function 0x752f8585 in 'cellSail' module
[E]: TODO: cellSailPlayerGetDescriptorCount
[W]: Unknown function 0x75fca288 in 'cellSail' module
[E]: TODO: cellSailPlayerGetCurrentDescriptor
[W]: Unknown function 0x76488bb1 in 'cellSail' module
[E]: TODO: cellSailGraphicsAdapterFinalize
[W]: Unknown function 0x7c8dff3b in 'cellSail' module
[E]: TODO: cellSailPlayerAddDescriptor
[W]: Unknown function 0x7eb8d6b5 in 'cellSail' module
[E]: TODO: cellSailSoundAdapterGetFrame
[W]: Unknown function 0x85beffcc in 'cellSail' module
[E]: TODO: cellSailPlayerCloseStream
[W]: Unknown function 0xbdf21b0f in 'cellSail' module
[E]: TODO: cellSailPlayerBoot
[W]: Unknown function 0xbedccc74 in 'cellSail' module
[E]: TODO: cellSailPlayerRegisterSource
[W]: Unknown function 0xd1462438 in 'cellSail' module
[E]: TODO: cellSailSoundAdapterFinalize
[W]: Unknown function 0xd1d55a90 in 'cellSail' module
[E]: TODO: cellSailPlayerSetPaused
[W]: Unknown function 0xd5f9a15b in 'cellSail' module
[E]: TODO: cellSailDescriptorGetStreamType
[W]: Unknown function 0xd7938b8d in 'cellSail' module
[E]: TODO: cellSailPlayerCreateDescriptor
[W]: Unknown function 0xe535b0d3 in 'cellSail' module
[E]: TODO: cellSailPlayerStart
[W]: Unknown function 0xeba8d4ec in 'cellSail' module
[E]: TODO: cellSailPlayerStop
[W]: Unknown function 0xed58e3ec in 'cellSail' module
[E]: TODO: cellSailAuReceiverFinalize
[W]: Unknown function 0xeec22809 in 'cellSail' module
[E]: TODO: cellSailSoundAdapterUpdateAvSync
[W]: Unknown function 0xf25f197d in 'cellSail' module
[E]: TODO: cellSailSoundAdapterGetFormat
[W]: Unknown function 0xf5747e1f in 'cellSail' module
[E]: TODO: cellSailPlayerSetAuReceiver
[W]: Unknown function 0xfc5baf8a in 'cellSail' module
[E]: TODO: cellSailPlayerSetRepeatMode
[W]: Unknown function 0xfc839bd4 in 'cellSail' module
[E]: TODO: cellSailPlayerDestroyDescriptor
[W]: Unknown function 0xffd58aa4 in 'cellSail' module
[E]: TODO: cellSailGraphicsAdapterGetFormat
[W]: Unknown function 0x01379fd7 in 'sceNp2' module
[E]: TODO: sceNpMatching2DestroyContext
[W]: Unknown function 0x02065e3d in 'sceNp2' module
[E]: TODO: sceNpMatching2LeaveLobby
[W]: Unknown function 0x03a2f42a in 'sceNp2' module
[E]: TODO: sceNpMatching2RegisterLobbyMessageCallback
[W]: Unknown function 0x05bf2fbd in 'sceNp2' module
[E]: TODO: sceNpMatching2GetWorldInfoList
[W]: Unknown function 0x0884fc95 in 'sceNp2' module
[E]: TODO: sceNpMatching2RegisterLobbyEventCallback
[W]: Unknown function 0x0b2218a3 in 'sceNp2' module
[E]: TODO: sceNpMatching2GetLobbyMemberDataInternalList
[W]: Unknown function 0x0d22867f in 'sceNp2' module
[E]: TODO: sceNpMatching2SearchRoom
[W]: Unknown function 0x129663d0 in 'sceNp2' module
[E]: TODO: sceNpMatching2GetLobbyMemberDataInternal
[W]: Unknown function 0x16b3e5a4 in 'sceNp2' module
[E]: TODO: sceNpMatching2CreateServerContext
[W]: Unknown function 0x1f372697 in 'sceNp2' module
[E]: TODO: sceNpMatching2LeaveRoom
[W]: Unknown function 0x23009d07 in 'sceNp2' module
[E]: TODO: sceNpMatching2Term2
[W]: Unknown function 0x29e78389 in 'sceNp2' module
[E]: TODO: sceNpMatching2JoinLobby
[W]: Unknown function 0x2ed909dc in 'sceNp2' module
[E]: TODO: sceNpMatching2AbortRequest
[W]: Unknown function 0x3457c0db in 'sceNp2' module
[E]: TODO: sceNpMatching2GetServerInfo
[W]: Unknown function 0x3c00c9d4 in 'sceNp2' module
[E]: TODO: sceNpMatching2GetEventData
[W]: Unknown function 0x3f3bd413 in 'sceNp2' module
[E]: TODO: sceNpMatching2SendLobbyChatMessage
[W]: Unknown function 0x41251f74 in 'sceNp2' module
[E]: TODO: sceNp2Init
[W]: Unknown function 0x5721e711 in 'sceNp2' module
[E]: TODO: sceNpMatching2JoinRoom
[W]: Unknown function 0x66f19527 in 'sceNp2' module
[E]: TODO: sceNpMatching2KickoutRoomMember
[W]: Unknown function 0x6ba4c668 in 'sceNp2' module
[E]: TODO: sceNpMatching2ContextStartAsync
[W]: Unknown function 0x748029a2 in 'sceNp2' module
[E]: TODO: sceNpMatching2RegisterContextCallback
[W]: Unknown function 0x7bf6e152 in 'sceNp2' module
[E]: TODO: sceNpMatching2SendRoomChatMessage
[W]: Unknown function 0x8e5cfe9f in 'sceNp2' module
[E]: TODO: sceNpMatching2GetServerIdListLocal
[W]: Unknown function 0x9cbce3f2 in 'sceNp2' module
[E]: TODO: sceNpMatching2CreateContext
[W]: Unknown function 0xaa6c2c43 in 'sceNp2' module
[E]: TODO: sceNpMatching2ClearEventData
[W]: Unknown function 0xaadb7c12 in 'sceNp2' module
[E]: TODO: sceNp2Term
[W]: Unknown function 0xac98b03a in 'sceNp2' module
[E]: TODO: sceNpMatching2GetUserInfoList
[W]: Unknown function 0xc6b63b7e in 'sceNp2' module
[E]: TODO: sceNpMatching2DeleteServerContext
[W]: Unknown function 0xdb87b088 in 'sceNp2' module
[E]: TODO: sceNpMatching2SetDefaultRequestOptParam
[W]: Unknown function 0xdcb6b27d in 'sceNp2' module
[E]: TODO: sceNpMatching2RegisterRoomEventCallback
[W]: Unknown function 0xe7a3bc7a in 'sceNp2' module
[E]: TODO: sceNpMatching2CreateJoinRoom
[W]: Unknown function 0xefbd9357 in 'sceNp2' module
[E]: TODO: sceNpMatching2GetLobbyInfoList
[W]: Unknown function 0xefff8779 in 'sceNp2' module
[E]: TODO: sceNpMatching2SendLobbyInvitation
[W]: Unknown function 0xf43c647a in 'sceNp2' module
[E]: TODO: sceNpMatching2ContextStop
[W]: Unknown function 0xf4babd3f in 'sceNp2' module
[E]: TODO: sceNpMatching2Init2
[W]: Unknown function 0xfee11e72 in 'sceNp2' module
[E]: TODO: sceNpMatching2RegisterRoomMessageCallback
[W]: Unknown module 'cellMusicUtility'
[W]: Unknown module 'cellSearchUtility'
[W]: Unknown function 0xdd3b27ac in 'sysPrxForUser' module
[E]: TODO: _sys_spu_printf_finalize
[W : PPU[1] Thread (CPUThread)[0x0099c04c]]: sys_lwmutex warning: *** lwmutex created [HeapAll] (attribute=0x12): sq_id = 3
[W : PPU[1] Thread (CPUThread)[0x0099c04c]]: sys_lwmutex warning: *** lwmutex created [_lc_mtx] (attribute=0x12): sq_id = 4
[W : PPU[1] Thread (CPUThread)[0x0099c04c]]: sys_lwmutex warning: *** lwmutex created [_lc_mtx] (attribute=0x12): sq_id = 5
[W : PPU[1] Thread (CPUThread)[0x0099c04c]]: sys_lwmutex warning: *** lwmutex created [_lc_mtx] (attribute=0x12): sq_id = 6
[W : PPU[1] Thread (CPUThread)[0x0099c04c]]: sys_lwmutex warning: *** lwmutex created [_lc_mtx] (attribute=0x12): sq_id = 7
[W : PPU[1] Thread (CPUThread)[0x0099c04c]]: sys_lwmutex warning: *** lwmutex created [_lc_mtx] (attribute=0x12): sq_id = 8
[W : PPU[1] Thread (CPUThread)[0x0099c04c]]: sys_lwmutex warning: *** lwmutex created [_lc_mtx] (attribute=0x12): sq_id = 9
[W : PPU[1] Thread (CPUThread)[0x0099c04c]]: sys_lwmutex warning: *** lwmutex created [_lc_mtx] (attribute=0x12): sq_id = 10
[W : PPU[1] Thread (CPUThread)[0x0099c04c]]: sys_lwmutex warning: *** lwmutex created [_lc_mtx] (attribute=0x12): sq_id = 11
[W : PPU[1] Thread (CPUThread)[0x0099c04c]]: sys_lwmutex warning: *** lwmutex created [_lc_mtx] (attribute=0x12): sq_id = 12
[W : PPU[1] Thread (CPUThread)[0x0099c04c]]: sys_lwmutex warning: *** lwmutex created [_lgcmtx] (attribute=0x12): sq_id = 13
[W : PPU[1] Thread (CPUThread)[0x0099c04c]]: sys_lwmutex warning: *** lwmutex created [_lgcmtx] (attribute=0x22): sq_id = 14
[W : PPU[1] Thread (CPUThread)[0x0099c04c]]: sys_lwmutex warning: *** lwmutex created [_lc_mtx] (attribute=0x12): sq_id = 15
[W : PPU[1] Thread (CPUThread)[0x0099c04c]]: sys_lwmutex warning: *** lwmutex created [_lc_mtx] (attribute=0x12): sq_id = 16
[W : PPU[1] Thread (CPUThread)[0x0099c04c]]: sys_lwmutex warning: *** lwmutex created [_lc_mtx] (attribute=0x12): sq_id = 17
[W : PPU[1] Thread (CPUThread)[0x0099c04c]]: sys_lwmutex warning: *** lwmutex created [_lc_mtx] (attribute=0x12): sq_id = 18
[W : PPU[1] Thread (CPUThread)[0x0099c04c]]: sys_lwmutex warning: *** lwmutex created [_lc_mtx] (attribute=0x12): sq_id = 19
[W : PPU[1] Thread (CPUThread)[0x0099c04c]]: sys_lwmutex warning: *** lwmutex created [_lc_mtx] (attribute=0x12): sq_id = 20
[W : PPU[1] Thread (CPUThread)[0x0099c04c]]: sys_lwmutex warning: *** lwmutex created [_lc_mtx] (attribute=0x12): sq_id = 21
[W : PPU[1] Thread (CPUThread)[0x0099c04c]]: sys_lwmutex warning: *** lwmutex created [_lc_mtx] (attribute=0x12): sq_id = 22
[W : PPU[1] Thread (CPUThread)[0x0099c04c]]: sys_lwmutex warning: *** lwmutex created [_lc_mtx] (attribute=0x12): sq_id = 23
[W : PPU[1] Thread (CPUThread)[0x0099c04c]]: sys_lwmutex warning: *** lwmutex created [_lc_mtx] (attribute=0x12): sq_id = 24
[W : PPU[1] Thread (CPUThread)[0x0099c04c]]: sys_lwmutex warning: *** lwmutex created [_lc_mtx] (attribute=0x12): sq_id = 25
[W : PPU[1] Thread (CPUThread)[0x0099c04c]]: sys_lwmutex warning: *** lwmutex created [_lc_mtx] (attribute=0x12): sq_id = 26
[W : PPU[1] Thread (CPUThread)[0x0099c04c]]: sys_lwmutex warning: *** lwmutex created [] (attribute=0x12): sq_id = 27
[W : PPU[1] Thread (CPUThread)[0x0099c04c]]: sys_lwmutex warning: *** lwmutex created [axlmute] (attribute=0x12): sq_id = 28
[W : PPU[1] Thread (CPUThread)[0x0099c04c]]: sys_lwmutex warning: *** lwmutex created [shutdow] (attribute=0x12): sq_id = 29
[W : PPU[1] Thread (CPUThread)[0x0096c010]]: cellSysmodule warning: cellSysmoduleLoadModule(CELL_SYSMODULE_FS)
[W : PPU[1] Thread (CPUThread)[0x009780a0]]: cellSysutil warning: cellSysutilRegisterCallback(slot=0, func_addr=0x7fb988, userdata=0x0)
[W : PPU[1] Thread (CPUThread)[0x0099c04c]]: sys_lwmutex warning: *** lwmutex created [GCMW2V] (attribute=0x22): sq_id = 30
[W : PPU[1] Thread (CPUThread)[0x0099c100]]: sys_lwcond warning: *** lwcond created [] (lwmutex_addr=0x30104220): id = 31
[W : PPU[1] Thread (CPUThread)[0x0099c04c]]: sys_lwmutex warning: *** lwmutex created [GCMW2V] (attribute=0x11): sq_id = 32
[W : PPU[1] Thread (CPUThread)[0x0096c010]]: cellSysmodule warning: cellSysmoduleLoadModule(CELL_SYSMODULE_SYSUTIL_GAME)
[W : PPU[1] Thread (CPUThread)[0x0099c04c]]: sys_lwmutex warning: *** lwmutex created [filereq] (attribute=0x12): sq_id = 33
[W : PPU[1] Thread (CPUThread)[0x0099c04c]]: sys_lwmutex warning: *** lwmutex created [FileFW] (attribute=0x12): sq_id = 34
[W : PPU[1] Thread (CPUThread)[0x0099c04c]]: sys_lwmutex warning: *** lwmutex created [FileFWT] (attribute=0x12): sq_id = 35
[W : PPU[1] Thread (CPUThread)[0x0099c04c]]: sys_lwmutex warning: *** lwmutex created [FileFWU] (attribute=0x12): sq_id = 36
[W : PPU[1] Thread (CPUThread)[0x0099c04c]]: sys_lwmutex warning: *** lwmutex created [FileFWR] (attribute=0x12): sq_id = 37
[W : PPU[1] Thread (CPUThread)[0x0099c04c]]: sys_lwmutex warning: *** lwmutex created [FileSta] (attribute=0x12): sq_id = 38
[W : PPU[1] Thread (CPUThread)[0x0099c04c]]: sys_lwmutex warning: *** lwmutex created [FileSta] (attribute=0x12): sq_id = 39
[W : PPU[1] Thread (CPUThread)[0x0099c04c]]: sys_lwmutex warning: *** lwmutex created [FileSta] (attribute=0x12): sq_id = 40
[W : PPU[1] Thread (CPUThread)[0x0099c04c]]: sys_lwmutex warning: *** lwmutex created [FileSta] (attribute=0x12): sq_id = 41
[W : PPU[1] Thread (CPUThread)[0x0099c04c]]: sys_lwmutex warning: *** lwmutex created [FileSta] (attribute=0x12): sq_id = 42
[W : PPU[1] Thread (CPUThread)[0x0099c04c]]: sys_lwmutex warning: *** lwmutex created [FileSta] (attribute=0x12): sq_id = 43
[W : PPU[1] Thread (CPUThread)[0x0099c04c]]: sys_lwmutex warning: *** lwmutex created [FileSta] (attribute=0x12): sq_id = 44
[W : PPU[1] Thread (CPUThread)[0x0099c04c]]: sys_lwmutex warning: *** lwmutex created [FileSta] (attribute=0x12): sq_id = 45
[W : PPU[1] Thread (CPUThread)[0x0099c04c]]: sys_lwmutex warning: *** lwmutex created [FileSta] (attribute=0x12): sq_id = 46
[W : PPU[1] Thread (CPUThread)[0x0099c04c]]: sys_lwmutex warning: *** lwmutex created [FileSta] (attribute=0x12): sq_id = 47
[W : PPU[1] Thread (CPUThread)[0x0099c04c]]: sys_lwmutex warning: *** lwmutex created [FileSta] (attribute=0x12): sq_id = 48
[W : PPU[1] Thread (CPUThread)[0x0099c04c]]: sys_lwmutex warning: *** lwmutex created [FileSta] (attribute=0x12): sq_id = 49
[W : PPU[1] Thread (CPUThread)[0x0099c04c]]: sys_lwmutex warning: *** lwmutex created [FileSta] (attribute=0x12): sq_id = 50
[W : PPU[1] Thread (CPUThread)[0x0099c04c]]: sys_lwmutex warning: *** lwmutex created [FileSta] (attribute=0x12): sq_id = 51
[W : PPU[1] Thread (CPUThread)[0x0099c04c]]: sys_lwmutex warning: *** lwmutex created [FileSta] (attribute=0x12): sq_id = 52
[W : PPU[1] Thread (CPUThread)[0x0099c04c]]: sys_lwmutex warning: *** lwmutex created [FileSta] (attribute=0x12): sq_id = 53
[W : PPU[1] Thread (CPUThread)[0x0099c04c]]: sys_lwmutex warning: *** lwmutex created [FileSta] (attribute=0x12): sq_id = 54
[W : PPU[1] Thread (CPUThread)[0x0099c04c]]: sys_lwmutex warning: *** lwmutex created [FileSta] (attribute=0x12): sq_id = 55
[W : PPU[1] Thread (CPUThread)[0x0099c04c]]: sys_lwmutex warning: *** lwmutex created [FileSta] (attribute=0x12): sq_id = 56
[W : PPU[1] Thread (CPUThread)[0x0099c04c]]: sys_lwmutex warning: *** lwmutex created [FileSta] (attribute=0x12): sq_id = 57
[W : PPU[1] Thread (CPUThread)[0x0099c04c]]: sys_lwmutex warning: *** lwmutex created [FileSta] (attribute=0x12): sq_id = 58
[W : PPU[1] Thread (CPUThread)[0x0099c04c]]: sys_lwmutex warning: *** lwmutex created [FileSta] (attribute=0x12): sq_id = 59
[W : PPU[1] Thread (CPUThread)[0x0099c04c]]: sys_lwmutex warning: *** lwmutex created [FileSta] (attribute=0x12): sq_id = 60
[W : PPU[1] Thread (CPUThread)[0x0099c04c]]: sys_lwmutex warning: *** lwmutex created [FileSta] (attribute=0x12): sq_id = 61
[W : PPU[1] Thread (CPUThread)[0x0099c04c]]: sys_lwmutex warning: *** lwmutex created [FileSta] (attribute=0x12): sq_id = 62
[W : PPU[1] Thread (CPUThread)[0x0099c04c]]: sys_lwmutex warning: *** lwmutex created [FileSta] (attribute=0x12): sq_id = 63
[W : PPU[1] Thread (CPUThread)[0x0099c04c]]: sys_lwmutex warning: *** lwmutex created [FileSta] (attribute=0x12): sq_id = 64
[W : PPU[1] Thread (CPUThread)[0x0099c04c]]: sys_lwmutex warning: *** lwmutex created [FileSta] (attribute=0x12): sq_id = 65
[W : PPU[1] Thread (CPUThread)[0x0099c04c]]: sys_lwmutex warning: *** lwmutex created [FileSta] (attribute=0x12): sq_id = 66
[W : PPU[1] Thread (CPUThread)[0x0099c04c]]: sys_lwmutex warning: *** lwmutex created [FileSta] (attribute=0x12): sq_id = 67
[W : PPU[1] Thread (CPUThread)[0x0099c04c]]: sys_lwmutex warning: *** lwmutex created [FileSta] (attribute=0x12): sq_id = 68
[W : PPU[1] Thread (CPUThread)[0x0099c04c]]: sys_lwmutex warning: *** lwmutex created [FileSta] (attribute=0x12): sq_id = 69
[W : PPU[1] Thread (CPUThread)[0x0099c04c]]: sys_lwmutex warning: *** lwmutex created [FileMTB] (attribute=0x12): sq_id = 70
[W : PPU[1] Thread (CPUThread)[0x0099c04c]]: sys_lwmutex warning: *** lwmutex created [FileOp] (attribute=0x12): sq_id = 71
[W : PPU[1] Thread (CPUThread)[0x0099c04c]]: sys_lwmutex warning: *** lwmutex created [FileOp] (attribute=0x12): sq_id = 72
[W : PPU[1] Thread (CPUThread)[0x0099c04c]]: sys_lwmutex warning: *** lwmutex created [FileOp] (attribute=0x12): sq_id = 73
[W : PPU[1] Thread (CPUThread)[0x0099c04c]]: sys_lwmutex warning: *** lwmutex created [FileOp] (attribute=0x12): sq_id = 74
[W : PPU[1] Thread (CPUThread)[0x0099c04c]]: sys_lwmutex warning: *** lwmutex created [FileOp] (attribute=0x12): sq_id = 75
[W : PPU[1] Thread (CPUThread)[0x0099c04c]]: sys_lwmutex warning: *** lwmutex created [FileOp] (attribute=0x12): sq_id = 76
[W : PPU[1] Thread (CPUThread)[0x0099c04c]]: sys_lwmutex warning: *** lwmutex created [FileOp] (attribute=0x12): sq_id = 77
[W : PPU[1] Thread (CPUThread)[0x0099c04c]]: sys_lwmutex warning: *** lwmutex created [FileOp] (attribute=0x12): sq_id = 78
[W : PPU[1] Thread (CPUThread)[0x0099c04c]]: sys_lwmutex warning: *** lwmutex created [FileOp] (attribute=0x12): sq_id = 79
[W : PPU[1] Thread (CPUThread)[0x0099c04c]]: sys_lwmutex warning: *** lwmutex created [FileOp] (attribute=0x12): sq_id = 80
[W : PPU[1] Thread (CPUThread)[0x0099c04c]]: sys_lwmutex warning: *** lwmutex created [FileOp] (attribute=0x12): sq_id = 81
[W : PPU[1] Thread (CPUThread)[0x0099c04c]]: sys_lwmutex warning: *** lwmutex created [FileOp] (attribute=0x12): sq_id = 82
[W : PPU[1] Thread (CPUThread)[0x0099c04c]]: sys_lwmutex warning: *** lwmutex created [FileOp] (attribute=0x12): sq_id = 83
[W : PPU[1] Thread (CPUThread)[0x0099c04c]]: sys_lwmutex warning: *** lwmutex created [FileOp] (attribute=0x12): sq_id = 84
[W : PPU[1] Thread (CPUThread)[0x0099c04c]]: sys_lwmutex warning: *** lwmutex created [FileOp] (attribute=0x12): sq_id = 85
[W : PPU[1] Thread (CPUThread)[0x0099c04c]]: sys_lwmutex warning: *** lwmutex created [FileOp] (attribute=0x12): sq_id = 86
[W : PPU[1] Thread (CPUThread)[0x0099c04c]]: sys_lwmutex warning: *** lwmutex created [FileOp] (attribute=0x12): sq_id = 87
[W : PPU[1] Thread (CPUThread)[0x0099c04c]]: sys_lwmutex warning: *** lwmutex created [FileOp] (attribute=0x12): sq_id = 88
[W : PPU[1] Thread (CPUThread)[0x0099c04c]]: sys_lwmutex warning: *** lwmutex created [FileOp] (attribute=0x12): sq_id = 89
[W : PPU[1] Thread (CPUThread)[0x0099c04c]]: sys_lwmutex warning: *** lwmutex created [FileOp] (attribute=0x12): sq_id = 90
[W : PPU[1] Thread (CPUThread)[0x0099c04c]]: sys_lwmutex warning: *** lwmutex created [FileOp] (attribute=0x12): sq_id = 91
[W : PPU[1] Thread (CPUThread)[0x0099c04c]]: sys_lwmutex warning: *** lwmutex created [FileOp] (attribute=0x12): sq_id = 92
[W : PPU[1] Thread (CPUThread)[0x0099c04c]]: sys_lwmutex warning: *** lwmutex created [FileOp] (attribute=0x12): sq_id = 93
[W : PPU[1] Thread (CPUThread)[0x0099c04c]]: sys_lwmutex warning: *** lwmutex created [FileOp] (attribute=0x12): sq_id = 94
[W : PPU[1] Thread (CPUThread)[0x0099c04c]]: sys_lwmutex warning: *** lwmutex created [FileOp] (attribute=0x12): sq_id = 95
[W : PPU[1] Thread (CPUThread)[0x0099c04c]]: sys_lwmutex warning: *** lwmutex created [FileOp] (attribute=0x12): sq_id = 96
[W : PPU[1] Thread (CPUThread)[0x0099c04c]]: sys_lwmutex warning: *** lwmutex created [FileOp] (attribute=0x12): sq_id = 97
[W : PPU[1] Thread (CPUThread)[0x0099c04c]]: sys_lwmutex warning: *** lwmutex created [FileOp] (attribute=0x12): sq_id = 98
[W : PPU[1] Thread (CPUThread)[0x0099c04c]]: sys_lwmutex warning: *** lwmutex created [FileOp] (attribute=0x12): sq_id = 99
[W : PPU[1] Thread (CPUThread)[0x0099c04c]]: sys_lwmutex warning: *** lwmutex created [FileOp] (attribute=0x12): sq_id = 100
[W : PPU[1] Thread (CPUThread)[0x0099c04c]]: sys_lwmutex warning: *** lwmutex created [FileOp] (attribute=0x12): sq_id = 101
[W : PPU[1] Thread (CPUThread)[0x0099c04c]]: sys_lwmutex warning: *** lwmutex created [FileOp] (attribute=0x12): sq_id = 102
[W : PPU[1] Thread (CPUThread)[0x0099c04c]]: sys_lwmutex warning: *** lwmutex created [FileOpM] (attribute=0x12): sq_id = 103
[W : PPU[1] Thread (CPUThread)[0x0099c04c]]: sys_lwmutex warning: *** lwmutex created [FileFW] (attribute=0x12): sq_id = 104
[W : PPU[1] Thread (CPUThread)[0x0099c04c]]: sys_lwmutex warning: *** lwmutex created [FileFWT] (attribute=0x12): sq_id = 105
[W : PPU[1] Thread (CPUThread)[0x0099c04c]]: sys_lwmutex warning: *** lwmutex created [FileFWU] (attribute=0x12): sq_id = 106
[W : PPU[1] Thread (CPUThread)[0x0099c04c]]: sys_lwmutex warning: *** lwmutex created [FileFWR] (attribute=0x12): sq_id = 107
[W : PPU[1] Thread (CPUThread)[0x0099c04c]]: sys_lwmutex warning: *** lwmutex created [FileSta] (attribute=0x12): sq_id = 108
[W : PPU[1] Thread (CPUThread)[0x0099c04c]]: sys_lwmutex warning: *** lwmutex created [FileSta] (attribute=0x12): sq_id = 109
[W : PPU[1] Thread (CPUThread)[0x0099c04c]]: sys_lwmutex warning: *** lwmutex created [FileSta] (attribute=0x12): sq_id = 110
[W : PPU[1] Thread (CPUThread)[0x0099c04c]]: sys_lwmutex warning: *** lwmutex created [FileSta] (attribute=0x12): sq_id = 111
[W : PPU[1] Thread (CPUThread)[0x0099c04c]]: sys_lwmutex warning: *** lwmutex created [FileSta] (attribute=0x12): sq_id = 112
[W : PPU[1] Thread (CPUThread)[0x0099c04c]]: sys_lwmutex warning: *** lwmutex created [FileSta] (attribute=0x12): sq_id = 113
[W : PPU[1] Thread (CPUThread)[0x0099c04c]]: sys_lwmutex warning: *** lwmutex created [FileSta] (attribute=0x12): sq_id = 114
[W : PPU[1] Thread (CPUThread)[0x0099c04c]]: sys_lwmutex warning: *** lwmutex created [FileSta] (attribute=0x12): sq_id = 115
[W : PPU[1] Thread (CPUThread)[0x0099c04c]]: sys_lwmutex warning: *** lwmutex created [FileSta] (attribute=0x12): sq_id = 116
[W : PPU[1] Thread (CPUThread)[0x0099c04c]]: sys_lwmutex warning: *** lwmutex created [FileSta] (attribute=0x12): sq_id = 117
[W : PPU[1] Thread (CPUThread)[0x0099c04c]]: sys_lwmutex warning: *** lwmutex created [FileSta] (attribute=0x12): sq_id = 118
[W : PPU[1] Thread (CPUThread)[0x0099c04c]]: sys_lwmutex warning: *** lwmutex created [FileSta] (attribute=0x12): sq_id = 119
[W : PPU[1] Thread (CPUThread)[0x0099c04c]]: sys_lwmutex warning: *** lwmutex created [FileSta] (attribute=0x12): sq_id = 120
[W : PPU[1] Thread (CPUThread)[0x0099c04c]]: sys_lwmutex warning: *** lwmutex created [FileSta] (attribute=0x12): sq_id = 121
[W : PPU[1] Thread (CPUThread)[0x0099c04c]]: sys_lwmutex warning: *** lwmutex created [FileSta] (attribute=0x12): sq_id = 122
[W : PPU[1] Thread (CPUThread)[0x0099c04c]]: sys_lwmutex warning: *** lwmutex created [FileSta] (attribute=0x12): sq_id = 123
[W : PPU[1] Thread (CPUThread)[0x0099c04c]]: sys_lwmutex warning: *** lwmutex created [FileSta] (attribute=0x12): sq_id = 124
[W : PPU[1] Thread (CPUThread)[0x0099c04c]]: sys_lwmutex warning: *** lwmutex created [FileSta] (attribute=0x12): sq_id = 125
[W : PPU[1] Thread (CPUThread)[0x0099c04c]]: sys_lwmutex warning: *** lwmutex created [FileSta] (attribute=0x12): sq_id = 126
[W : PPU[1] Thread (CPUThread)[0x0099c04c]]: sys_lwmutex warning: *** lwmutex created [FileSta] (attribute=0x12): sq_id = 127
[W : PPU[1] Thread (CPUThread)[0x0099c04c]]: sys_lwmutex warning: *** lwmutex created [FileSta] (attribute=0x12): sq_id = 128
[W : PPU[1] Thread (CPUThread)[0x0099c04c]]: sys_lwmutex warning: *** lwmutex created [FileSta] (attribute=0x12): sq_id = 129
[W : PPU[1] Thread (CPUThread)[0x0099c04c]]: sys_lwmutex warning: *** lwmutex created [FileSta] (attribute=0x12): sq_id = 130
[W : PPU[1] Thread (CPUThread)[0x0099c04c]]: sys_lwmutex warning: *** lwmutex created [FileSta] (attribute=0x12): sq_id = 131
[W : PPU[1] Thread (CPUThread)[0x0099c04c]]: sys_lwmutex warning: *** lwmutex created [FileSta] (attribute=0x12): sq_id = 132
[W : PPU[1] Thread (CPUThread)[0x0099c04c]]: sys_lwmutex warning: *** lwmutex created [FileSta] (attribute=0x12): sq_id = 133
[W : PPU[1] Thread (CPUThread)[0x0099c04c]]: sys_lwmutex warning: *** lwmutex created [FileSta] (attribute=0x12): sq_id = 134
[W : PPU[1] Thread (CPUThread)[0x0099c04c]]: sys_lwmutex warning: *** lwmutex created [FileSta] (attribute=0x12): sq_id = 135
[W : PPU[1] Thread (CPUThread)[0x0099c04c]]: sys_lwmutex warning: *** lwmutex created [FileSta] (attribute=0x12): sq_id = 136
[W : PPU[1] Thread (CPUThread)[0x0099c04c]]: sys_lwmutex warning: *** lwmutex created [FileSta] (attribute=0x12): sq_id = 137
[W : PPU[1] Thread (CPUThread)[0x0099c04c]]: sys_lwmutex warning: *** lwmutex created [FileSta] (attribute=0x12): sq_id = 138
[W : PPU[1] Thread (CPUThread)[0x0099c04c]]: sys_lwmutex warning: *** lwmutex created [FileSta] (attribute=0x12): sq_id = 139
[W : PPU[1] Thread (CPUThread)[0x0099c04c]]: sys_lwmutex warning: *** lwmutex created [FileFW] (attribute=0x12): sq_id = 140
[W : PPU[1] Thread (CPUThread)[0x0099c04c]]: sys_lwmutex warning: *** lwmutex created [FileFWT] (attribute=0x12): sq_id = 141
[W : PPU[1] Thread (CPUThread)[0x0099c04c]]: sys_lwmutex warning: *** lwmutex created [FileFWU] (attribute=0x12): sq_id = 142
[W : PPU[1] Thread (CPUThread)[0x0099c04c]]: sys_lwmutex warning: *** lwmutex created [FileFWR] (attribute=0x12): sq_id = 143
[W : PPU[1] Thread (CPUThread)[0x0099c04c]]: sys_lwmutex warning: *** lwmutex created [FileSta] (attribute=0x12): sq_id = 144
[W : PPU[1] Thread (CPUThread)[0x0099c04c]]: sys_lwmutex warning: *** lwmutex created [FileSta] (attribute=0x12): sq_id = 145
[W : PPU[1] Thread (CPUThread)[0x0099c04c]]: sys_lwmutex warning: *** lwmutex created [FileSta] (attribute=0x12): sq_id = 146
[W : PPU[1] Thread (CPUThread)[0x0099c04c]]: sys_lwmutex warning: *** lwmutex created [FileSta] (attribute=0x12): sq_id = 147
[W : PPU[1] Thread (CPUThread)[0x0099c04c]]: sys_lwmutex warning: *** lwmutex created [FileSta] (attribute=0x12): sq_id = 148
[W : PPU[1] Thread (CPUThread)[0x0099c04c]]: sys_lwmutex warning: *** lwmutex created [FileSta] (attribute=0x12): sq_id = 149
[W : PPU[1] Thread (CPUThread)[0x0099c04c]]: sys_lwmutex warning: *** lwmutex created [FileSta] (attribute=0x12): sq_id = 150
[W : PPU[1] Thread (CPUThread)[0x0099c04c]]: sys_lwmutex warning: *** lwmutex created [FileSta] (attribute=0x12): sq_id = 151
[W : PPU[1] Thread (CPUThread)[0x0099c04c]]: sys_lwmutex warning: *** lwmutex created [FileSta] (attribute=0x12): sq_id = 152
[W : PPU[1] Thread (CPUThread)[0x0099c04c]]: sys_lwmutex warning: *** lwmutex created [FileSta] (attribute=0x12): sq_id = 153
[W : PPU[1] Thread (CPUThread)[0x0099c04c]]: sys_lwmutex warning: *** lwmutex created [FileSta] (attribute=0x12): sq_id = 154
[W : PPU[1] Thread (CPUThread)[0x0099c04c]]: sys_lwmutex warning: *** lwmutex created [FileSta] (attribute=0x12): sq_id = 155
[W : PPU[1] Thread (CPUThread)[0x0099c04c]]: sys_lwmutex warning: *** lwmutex created [FileSta] (attribute=0x12): sq_id = 156
[W : PPU[1] Thread (CPUThread)[0x0099c04c]]: sys_lwmutex warning: *** lwmutex created [FileSta] (attribute=0x12): sq_id = 157
[W : PPU[1] Thread (CPUThread)[0x0099c04c]]: sys_lwmutex warning: *** lwmutex created [FileSta] (attribute=0x12): sq_id = 158
[W : PPU[1] Thread (CPUThread)[0x0099c04c]]: sys_lwmutex warning: *** lwmutex created [FileSta] (attribute=0x12): sq_id = 159
[W : PPU[1] Thread (CPUThread)[0x0099c04c]]: sys_lwmutex warning: *** lwmutex created [FileSta] (attribute=0x12): sq_id = 160
[W : PPU[1] Thread (CPUThread)[0x0099c04c]]: sys_lwmutex warning: *** lwmutex created [FileSta] (attribute=0x12): sq_id = 161
[W : PPU[1] Thread (CPUThread)[0x0099c04c]]: sys_lwmutex warning: *** lwmutex created [FileSta] (attribute=0x12): sq_id = 162
[W : PPU[1] Thread (CPUThread)[0x0099c04c]]: sys_lwmutex warning: *** lwmutex created [FileSta] (attribute=0x12): sq_id = 163
[W : PPU[1] Thread (CPUThread)[0x0099c04c]]: sys_lwmutex warning: *** lwmutex created [FileSta] (attribute=0x12): sq_id = 164
[W : PPU[1] Thread (CPUThread)[0x0099c04c]]: sys_lwmutex warning: *** lwmutex created [FileSta] (attribute=0x12): sq_id = 165
[W : PPU[1] Thread (CPUThread)[0x0099c04c]]: sys_lwmutex warning: *** lwmutex created [FileSta] (attribute=0x12): sq_id = 166
[W : PPU[1] Thread (CPUThread)[0x0099c04c]]: sys_lwmutex warning: *** lwmutex created [FileSta] (attribute=0x12): sq_id = 167
[W : PPU[1] Thread (CPUThread)[0x0099c04c]]: sys_lwmutex warning: *** lwmutex created [FileSta] (attribute=0x12): sq_id = 168
[W : PPU[1] Thread (CPUThread)[0x0099c04c]]: sys_lwmutex warning: *** lwmutex created [FileSta] (attribute=0x12): sq_id = 169
[W : PPU[1] Thread (CPUThread)[0x0099c04c]]: sys_lwmutex warning: *** lwmutex created [FileSta] (attribute=0x12): sq_id = 170
[W : PPU[1] Thread (CPUThread)[0x0099c04c]]: sys_lwmutex warning: *** lwmutex created [FileSta] (attribute=0x12): sq_id = 171
[W : PPU[1] Thread (CPUThread)[0x0099c04c]]: sys_lwmutex warning: *** lwmutex created [FileSta] (attribute=0x12): sq_id = 172
[W : PPU[1] Thread (CPUThread)[0x0099c04c]]: sys_lwmutex warning: *** lwmutex created [FileSta] (attribute=0x12): sq_id = 173
[W : PPU[1] Thread (CPUThread)[0x0099c04c]]: sys_lwmutex warning: *** lwmutex created [FileSta] (attribute=0x12): sq_id = 174
[W : PPU[1] Thread (CPUThread)[0x0099c04c]]: sys_lwmutex warning: *** lwmutex created [FileSta] (attribute=0x12): sq_id = 175
[W : PPU[1] Thread (CPUThread)[0x0099c04c]]: sys_lwmutex warning: *** lwmutex created [FileFW] (attribute=0x12): sq_id = 176
[W : PPU[1] Thread (CPUThread)[0x0099c04c]]: sys_lwmutex warning: *** lwmutex created [FileFWT] (attribute=0x12): sq_id = 177
[W : PPU[1] Thread (CPUThread)[0x0099c04c]]: sys_lwmutex warning: *** lwmutex created [FileFWU] (attribute=0x12): sq_id = 178
[W : PPU[1] Thread (CPUThread)[0x0099c04c]]: sys_lwmutex warning: *** lwmutex created [FileFWR] (attribute=0x12): sq_id = 179
[W : PPU[1] Thread (CPUThread)[0x0099c04c]]: sys_lwmutex warning: *** lwmutex created [FileSta] (attribute=0x12): sq_id = 180
[W : PPU[1] Thread (CPUThread)[0x0099c04c]]: sys_lwmutex warning: *** lwmutex created [FileSta] (attribute=0x12): sq_id = 181
[W : PPU[1] Thread (CPUThread)[0x0099c04c]]: sys_lwmutex warning: *** lwmutex created [FileSta] (attribute=0x12): sq_id = 182
[W : PPU[1] Thread (CPUThread)[0x0099c04c]]: sys_lwmutex warning: *** lwmutex created [FileSta] (attribute=0x12): sq_id = 183
[W : PPU[1] Thread (CPUThread)[0x0099c04c]]: sys_lwmutex warning: *** lwmutex created [FileSta] (attribute=0x12): sq_id = 184
[W : PPU[1] Thread (CPUThread)[0x0099c04c]]: sys_lwmutex warning: *** lwmutex created [FileSta] (attribute=0x12): sq_id = 185
[W : PPU[1] Thread (CPUThread)[0x0099c04c]]: sys_lwmutex warning: *** lwmutex created [FileSta] (attribute=0x12): sq_id = 186
[W : PPU[1] Thread (CPUThread)[0x0099c04c]]: sys_lwmutex warning: *** lwmutex created [FileSta] (attribute=0x12): sq_id = 187
[W : PPU[1] Thread (CPUThread)[0x0099c04c]]: sys_lwmutex warning: *** lwmutex created [FileSta] (attribute=0x12): sq_id = 188
[W : PPU[1] Thread (CPUThread)[0x0099c04c]]: sys_lwmutex warning: *** lwmutex created [FileSta] (attribute=0x12): sq_id = 189
[W : PPU[1] Thread (CPUThread)[0x0099c04c]]: sys_lwmutex warning: *** lwmutex created [FileSta] (attribute=0x12): sq_id = 190
[W : PPU[1] Thread (CPUThread)[0x0099c04c]]: sys_lwmutex warning: *** lwmutex created [FileSta] (attribute=0x12): sq_id = 191
[W : PPU[1] Thread (CPUThread)[0x0099c04c]]: sys_lwmutex warning: *** lwmutex created [FileSta] (attribute=0x12): sq_id = 192
[W : PPU[1] Thread (CPUThread)[0x0099c04c]]: sys_lwmutex warning: *** lwmutex created [FileSta] (attribute=0x12): sq_id = 193
[W : PPU[1] Thread (CPUThread)[0x0099c04c]]: sys_lwmutex warning: *** lwmutex created [FileSta] (attribute=0x12): sq_id = 194
[W : PPU[1] Thread (CPUThread)[0x0099c04c]]: sys_lwmutex warning: *** lwmutex created [FileSta] (attribute=0x12): sq_id = 195
[W : PPU[1] Thread (CPUThread)[0x0099c04c]]: sys_lwmutex warning: *** lwmutex created [FileSta] (attribute=0x12): sq_id = 196
[W : PPU[1] Thread (CPUThread)[0x0099c04c]]: sys_lwmutex warning: *** lwmutex created [FileSta] (attribute=0x12): sq_id = 197
[W : PPU[1] Thread (CPUThread)[0x0099c04c]]: sys_lwmutex warning: *** lwmutex created [FileSta] (attribute=0x12): sq_id = 198
[W : PPU[1] Thread (CPUThread)[0x0099c04c]]: sys_lwmutex warning: *** lwmutex created [FileSta] (attribute=0x12): sq_id = 199
[W : PPU[1] Thread (CPUThread)[0x0099c04c]]: sys_lwmutex warning: *** lwmutex created [FileSta] (attribute=0x12): sq_id = 200
[W : PPU[1] Thread (CPUThread)[0x0099c04c]]: sys_lwmutex warning: *** lwmutex created [FileSta] (attribute=0x12): sq_id = 201
[W : PPU[1] Thread (CPUThread)[0x0099c04c]]: sys_lwmutex warning: *** lwmutex created [FileSta] (attribute=0x12): sq_id = 202
[W : PPU[1] Thread (CPUThread)[0x0099c04c]]: sys_lwmutex warning: *** lwmutex created [FileSta] (attribute=0x12): sq_id = 203
[W : PPU[1] Thread (CPUThread)[0x0099c04c]]: sys_lwmutex warning: *** lwmutex created [FileSta] (attribute=0x12): sq_id = 204
[W : PPU[1] Thread (CPUThread)[0x0099c04c]]: sys_lwmutex warning: *** lwmutex created [FileSta] (attribute=0x12): sq_id = 205
[W : PPU[1] Thread (CPUThread)[0x0099c04c]]: sys_lwmutex warning: *** lwmutex created [FileSta] (attribute=0x12): sq_id = 206
[W : PPU[1] Thread (CPUThread)[0x0099c04c]]: sys_lwmutex warning: *** lwmutex created [FileSta] (attribute=0x12): sq_id = 207
[W : PPU[1] Thread (CPUThread)[0x0099c04c]]: sys_lwmutex warning: *** lwmutex created [FileSta] (attribute=0x12): sq_id = 208
[W : PPU[1] Thread (CPUThread)[0x0099c04c]]: sys_lwmutex warning: *** lwmutex created [FileSta] (attribute=0x12): sq_id = 209
[W : PPU[1] Thread (CPUThread)[0x0099c04c]]: sys_lwmutex warning: *** lwmutex created [FileSta] (attribute=0x12): sq_id = 210
[W : PPU[1] Thread (CPUThread)[0x0099c04c]]: sys_lwmutex warning: *** lwmutex created [FileSta] (attribute=0x12): sq_id = 211
[W : PPU[1] Thread (CPUThread)[0x0097a10c]]: cellGcmSys warning: cellGcmInit(context_addr=0x952d98,cmdSize=0x300000,ioSize=0x4600000,ioAddress=0x37500000)
[W : PPU[1] Thread (CPUThread)[0x0097a10c]]: cellGcmSys warning: *** local memory(addr=0xc0000000, size=0xf900000)
[W : PPU[1] Thread (CPUThread)[0x0097a10c]]: cellGcmSys warning: cellGcmMapEaIoAddress(ea=0x37500000, io=0x0, size=0x4600000)
[! : RSXThread]: RSX thread entry
[W : PPU[1] Thread (CPUThread)[0x0099c04c]]: sys_lwmutex warning: *** lwmutex created [GCoreTi] (attribute=0x12): sq_id = 212
[W : PPU[1] Thread (CPUThread)[0x0099c04c]]: sys_lwmutex warning: *** lwmutex created [GCoreFi] (attribute=0x12): sq_id = 213
[W : PPU[1] Thread (CPUThread)[0x0099c100]]: sys_lwcond warning: Recursive lwmutex(sq=213)
[W : PPU[1] Thread (CPUThread)[0x0099c100]]: sys_lwcond warning: *** lwcond created [GCoreFi] (lwmutex_addr=0x3012f790): id = 214
[W : PPU[1] Thread (CPUThread)[0x0099c100]]: sys_lwcond warning: Recursive lwmutex(sq=213)
[W : PPU[1] Thread (CPUThread)[0x0099c100]]: sys_lwcond warning: *** lwcond created [GCoreFi] (lwmutex_addr=0x3012f790): id = 215
[W : PPU[1] Thread (CPUThread)[0x0099c04c]]: sys_lwmutex warning: *** lwmutex created [gmem] (attribute=0x12): sq_id = 216
[W : PPU[1] Thread (CPUThread)[0x0099c04c]]: sys_lwmutex warning: *** lwmutex created [gcm_lab] (attribute=0x12): sq_id = 217
[W : PPU[1] Thread (CPUThread)[0x0099c04c]]: sys_lwmutex warning: *** lwmutex created [gcm_rep] (attribute=0x12): sq_id = 218
[W : PPU[1] Thread (CPUThread)[0x00978070]]: cellSysutil warning: cellVideoOutGetNumberOfDevice(videoOut=0)
[W : PPU[1] Thread (CPUThread)[0x00978034]]: cellSysutil warning: cellVideoOutGetDeviceInfo(videoOut=0, deviceIndex=0, info_addr=0xd00109c4)
[W : PPU[1] Thread (CPUThread)[0x0097a0d0]]: cellGcmSys warning: cellGcmSetTileInfo(index=0, location=0, offset=0, size=14745600, pitch=10240, comp=8, base=0, bank=0)
[E : PPU[1] Thread (CPUThread)[0x0097a0d0]]: cellGcmSys error: cellGcmSetTileInfo: bad comp! (8)
[W : PPU[1] Thread (CPUThread)[0x0097a028]]: cellGcmSys warning: cellGcmBindTile(index=0)
[W : PPU[1] Thread (CPUThread)[0x0097a0d0]]: cellGcmSys warning: cellGcmSetTileInfo(index=1, location=0, offset=14745600, size=14745600, pitch=10240, comp=12, base=225, bank=3)
[E : PPU[1] Thread (CPUThread)[0x0097a0d0]]: cellGcmSys error: cellGcmSetTileInfo: bad comp! (12)
[W : PPU[1] Thread (CPUThread)[0x0097a028]]: cellGcmSys warning: cellGcmBindTile(index=1)
[W : PPU[1] Thread (CPUThread)[0x0097a0d0]]: cellGcmSys warning: cellGcmSetTileInfo(index=2, location=0, offset=29491200, size=29491200, pitch=5120, comp=0, base=0, bank=0)
[W : PPU[1] Thread (CPUThread)[0x0097a028]]: cellGcmSys warning: cellGcmBindTile(index=2)
[W : PPU[1] Thread (CPUThread)[0x0097a0d0]]: cellGcmSys warning: cellGcmSetTileInfo(index=3, location=0, offset=58982400, size=11796480, pitch=5120, comp=10, base=450, bank=3)
[E : PPU[1] Thread (CPUThread)[0x0097a0d0]]: cellGcmSys error: cellGcmSetTileInfo: bad comp! (10)
[W : PPU[1] Thread (CPUThread)[0x0097a028]]: cellGcmSys warning: cellGcmBindTile(index=3)
[W : PPU[1] Thread (CPUThread)[0x0097a0d0]]: cellGcmSys warning: cellGcmSetTileInfo(index=4, location=0, offset=70778880, size=4194304, pitch=4096, comp=10, base=630, bank=3)
[E : PPU[1] Thread (CPUThread)[0x0097a0d0]]: cellGcmSys error: cellGcmSetTileInfo: bad comp! (10)
[W : PPU[1] Thread (CPUThread)[0x0097a028]]: cellGcmSys warning: cellGcmBindTile(index=4)
[W : PPU[1] Thread (CPUThread)[0x0097a0d0]]: cellGcmSys warning: cellGcmSetTileInfo(index=5, location=0, offset=75104256, size=589824, pitch=3072, comp=0, base=0, bank=0)
[W : PPU[1] Thread (CPUThread)[0x0097a028]]: cellGcmSys warning: cellGcmBindTile(index=5)
[W : PPU[1] Thread (CPUThread)[0x0097a0d0]]: cellGcmSys warning: cellGcmSetTileInfo(index=6, location=0, offset=75694080, size=17367040, pitch=2560, comp=0, base=0, bank=0)
[W : PPU[1] Thread (CPUThread)[0x0097a028]]: cellGcmSys warning: cellGcmBindTile(index=6)
[W : PPU[1] Thread (CPUThread)[0x0097a0d0]]: cellGcmSys warning: cellGcmSetTileInfo(index=7, location=0, offset=93192192, size=1376256, pitch=1536, comp=0, base=0, bank=0)
[W : PPU[1] Thread (CPUThread)[0x0097a028]]: cellGcmSys warning: cellGcmBindTile(index=7)
[W : PPU[1] Thread (CPUThread)[0x0097a0d0]]: cellGcmSys warning: cellGcmSetTileInfo(index=8, location=0, offset=94699520, size=1966080, pitch=1280, comp=0, base=0, bank=0)
[W : PPU[1] Thread (CPUThread)[0x0097a028]]: cellGcmSys warning: cellGcmBindTile(index=8)
[W : PPU[1] Thread (CPUThread)[0x0097a0d0]]: cellGcmSys warning: cellGcmSetTileInfo(index=9, location=0, offset=96665600, size=524288, pitch=1024, comp=0, base=0, bank=0)
[W : PPU[1] Thread (CPUThread)[0x0097a028]]: cellGcmSys warning: cellGcmBindTile(index=9)
[W : PPU[1] Thread (CPUThread)[0x0097a0d0]]: cellGcmSys warning: cellGcmSetTileInfo(index=10, location=0, offset=97320960, size=393216, pitch=768, comp=0, base=0, bank=0)
[W : PPU[1] Thread (CPUThread)[0x0097a028]]: cellGcmSys warning: cellGcmBindTile(index=10)
[W : PPU[1] Thread (CPUThread)[0x0097a0d0]]: cellGcmSys warning: cellGcmSetTileInfo(index=11, location=0, offset=97714176, size=589824, pitch=512, comp=0, base=0, bank=0)
[W : PPU[1] Thread (CPUThread)[0x0097a028]]: cellGcmSys warning: cellGcmBindTile(index=11)
[W : PPU[1] Thread (CPUThread)[0x0097a004]]: cellGcmSys warning: cellGcmGetTiledPitchSize(size=5120)
[W : PPU[1] Thread (CPUThread)[0x0097a004]]: cellGcmSys warning: cellGcmGetTiledPitchSize(size=5120)
[W : PPU[1] Thread (CPUThread)[0x0097a070]]: cellGcmSys warning: TODO: cellGcmBindZcull(index=0)
[W : PPU[1] Thread (CPUThread)[0x00978010]]: cellSysutil warning: cellVideoOutConfigure(videoOut=0, config_addr=0xd0010994, option_addr=0x0, waitForEvent=0x0)
[W : PPU[1] Thread (CPUThread)[0x0097a034]]: cellGcmSys warning: cellGcmSetFlipMode(mode=2)
[W : PPU[1] Thread (CPUThread)[0x0097a094]]: cellGcmSys warning: cellGcmSetDisplayBuffer(id=0x0,offset=0x5dc0000,pitch=4,width=720,height=480)
[W : PPU[1] Thread (CPUThread)[0x0097a094]]: cellGcmSys warning: cellGcmSetDisplayBuffer(id=0x1,offset=0x5f11800,pitch=4,width=720,height=480)
[W : PPU[1] Thread (CPUThread)[0x0037ffd8]]: sys_event warning: sys_event_queue_create(equeue_id_addr=0x3010416c, attr_addr=0xd00108e0, event_queue_key=0x0, size=32)
[W : PPU[1] Thread (CPUThread)[0x0037ffd8]]: sys_event warning: *** event_queue created [gcmwin] (protocol=0x2, type=0x1): id = 219
[W : PPU[1] Thread (CPUThread)[0x0037fff0]]: sys_event warning: sys_event_port_create(eport_id_addr=0x8e68a4, port_type=0x1, name=0x0)
[W : PPU[1] Thread (CPUThread)[0x0037fff0]]: sys_event warning: *** sys_event_port created: id = 220
[W : PPU[1] Thread (CPUThread)[0x00380000]]: sys_event warning: sys_event_port_connect_local(eport_id=220, equeue_id=219)
[W : PPU[1] Thread (CPUThread)[0x0097a088]]: cellGcmSys warning: cellGcmSetFlipHandler(handler_addr=8371080)
[W : PPU[1] Thread (CPUThread)[0x0096c010]]: cellSysmodule warning: cellSysmoduleLoadModule(CELL_SYSMODULE_L10N)
[W : PPU[1] Thread (CPUThread)[0x0096c010]]: cellSysmodule warning: cellSysmoduleLoadModule(CELL_SYSMODULE_FREETYPE)
[W : PPU[1] Thread (CPUThread)[0x0096c010]]: cellSysmodule warning: cellSysmoduleLoadModule(CELL_SYSMODULE_JPGENC)
[W : PPU[1] Thread (CPUThread)[0x0096c010]]: cellSysmodule warning: cellSysmoduleLoadModule(CELL_SYSMODULE_PHOTO_EXPORT)
[W : PPU[1] Thread (CPUThread)[0x0096c010]]: cellSysmodule warning: cellSysmoduleLoadModule(CELL_SYSMODULE_RTC)
[W : PPU[1] Thread (CPUThread)[0x0096c010]]: cellSysmodule warning: cellSysmoduleLoadModule(CELL_SYSMODULE_AVCONF_EXT)
[W : PPU[1] Thread (CPUThread)[0x0096c010]]: cellSysmodule warning: cellSysmoduleLoadModule(CELL_SYSMODULE_LV2DBG)
[W : PPU[1] Thread (CPUThread)[0x0096c010]]: cellSysmodule warning: cellSysmoduleLoadModule(CELL_SYSMODULE_PAMF)
[W : PPU[1] Thread (CPUThread)[0x0096c010]]: cellSysmodule warning: cellSysmoduleLoadModule(CELL_SYSMODULE_SAIL)
[W : PPU[1] Thread (CPUThread)[0x000f4100]]: sys_spu warning: sys_spu_initialize(max_usable_spu=6, max_raw_spu=0)
[W : PPU[1] Thread (CPUThread)[0x00978058]]: cellSysutil warning: cellSysutilGetSystemParamInt: CELL_SYSUTIL_SYSTEMPARAM_ID_ENTER_BUTTON_ASSIGN
[E : PPU[1] Thread (CPUThread)[0x009740ac]]: cellSpurs error: _cellSpursAttributeInitialize(attr_addr=0xd0010428, nSpus=2, spuPriority=3342336, ppuPriority=5, exitIfNoWork=250)
[E : PPU[1] Thread (CPUThread)[0x00974004]]: cellSpurs error: cellSpursAttributeSetNamePrefix(attr_addr=0xd0010428, prefix_addr=0xd0010420, size=0x5)
[E : PPU[1] Thread (CPUThread)[0x009740d0]]: TODO: cellSpursInitializeWithAttribute
[W : PPU[1] Thread (CPUThread)[0x0048e8ac]]: sys_event warning: sys_event_queue_create(equeue_id_addr=0x301c8524, attr_addr=0xd0010364, event_queue_key=0x0, size=8)
[W : PPU[1] Thread (CPUThread)[0x0048e8ac]]: sys_event warning: *** event_queue created [spurspt] (protocol=0x2, type=0x1): id = 221
[! : PPU[1] Thread (CPUThread)[0x0099c028]]: *** New PPU Thread [spu_printf_handler] (): id = 222
[W : PPU[1] Thread (CPUThread)[0x0048e940]]: sys_event warning: sys_event_port_create(eport_id_addr=0x301c8530, port_type=0x1, name=0xfee1dead)
[W : PPU[1] Thread (CPUThread)[0x0048e940]]: sys_event warning: *** sys_event_port created: id = 223
[W : PPU[1] Thread (CPUThread)[0x0048e958]]: sys_event warning: sys_event_port_connect_local(eport_id=223, equeue_id=221)
[E : PPU[1] Thread (CPUThread)[0x009740dc]]: cellSpurs error: cellSpursAttachLv2EventQueue(spurs_addr=0x301c8680, queue=0xdd, port_addr=0xd0010360, isDynamic=0)
[E : PPU[1] Thread (CPUThread)[0x0097401c]]: cellSpurs error: cellSpursGetInfo(spurs_addr=0x301c8680, info_addr=0xd0010270)
[W : PPU[1] Thread (CPUThread)[0x005153a0]]: sys_mutex warning: *** mutex created [] (protocol=0x2, recursive=false): id = 224
[W : PPU[1] Thread (CPUThread)[0x005153d0]]: sys_cond warning: *** condition created [] (mutex_id=224): id = 225
[W : PPU[1] Thread (CPUThread)[0x00515404]]: sys_event warning: sys_event_queue_create(equeue_id_addr=0xd000fe4c, attr_addr=0xd000fe50, event_queue_key=0x0, size=7)
[W : PPU[1] Thread (CPUThread)[0x00515404]]: sys_event warning: *** event_queue created [] (protocol=0x2, type=0x1): id = 226
[E : PPU[1] Thread (CPUThread)[0x009740dc]]: cellSpurs error: cellSpursAttachLv2EventQueue(spurs_addr=0x301c8680, queue=0xe2, port_addr=0xd000fe40, isDynamic=1)
[E : PPU[1] Thread (CPUThread)[0x00974040]]: TODO: _cellSpursJobChainAttributeInitialize
[E : PPU[1] Thread (CPUThread)[0x00974034]]: TODO: cellSpursCreateJobChainWithAttribute
[E : PPU[1] Thread (CPUThread)[0x00974070]]: TODO: _cellSpursEventFlagInitialize
[E : PPU[1] Thread (CPUThread)[0x009740a0]]: TODO: cellSpursEventFlagAttachLv2EventQueue
[E : PPU[1] Thread (CPUThread)[0x00974070]]: TODO: _cellSpursEventFlagInitialize
[E : PPU[1] Thread (CPUThread)[0x009740a0]]: TODO: cellSpursEventFlagAttachLv2EventQueue
[E : PPU[1] Thread (CPUThread)[0x00974070]]: TODO: _cellSpursEventFlagInitialize
[E : PPU[1] Thread (CPUThread)[0x009740a0]]: TODO: cellSpursEventFlagAttachLv2EventQueue
[E : PPU[1] Thread (CPUThread)[0x00974070]]: TODO: _cellSpursEventFlagInitialize
[E : PPU[1] Thread (CPUThread)[0x009740a0]]: TODO: cellSpursEventFlagAttachLv2EventQueue
[E : PPU[1] Thread (CPUThread)[0x00974070]]: TODO: _cellSpursEventFlagInitialize
[E : PPU[1] Thread (CPUThread)[0x009740a0]]: TODO: cellSpursEventFlagAttachLv2EventQueue
[E : PPU[1] Thread (CPUThread)[0x00974070]]: TODO: _cellSpursEventFlagInitialize
[E : PPU[1] Thread (CPUThread)[0x009740a0]]: TODO: cellSpursEventFlagAttachLv2EventQueue
[E : PPU[1] Thread (CPUThread)[0x00974070]]: TODO: _cellSpursEventFlagInitialize
[E : PPU[1] Thread (CPUThread)[0x009740a0]]: TODO: cellSpursEventFlagAttachLv2EventQueue
[E : PPU[1] Thread (CPUThread)[0x00974070]]: TODO: _cellSpursEventFlagInitialize
[E : PPU[1] Thread (CPUThread)[0x009740a0]]: TODO: cellSpursEventFlagAttachLv2EventQueue
[E : PPU[1] Thread (CPUThread)[0x00974070]]: TODO: _cellSpursEventFlagInitialize
[E : PPU[1] Thread (CPUThread)[0x009740a0]]: TODO: cellSpursEventFlagAttachLv2EventQueue
[E : PPU[1] Thread (CPUThread)[0x00974070]]: TODO: _cellSpursEventFlagInitialize
[E : PPU[1] Thread (CPUThread)[0x009740a0]]: TODO: cellSpursEventFlagAttachLv2EventQueue
[E : PPU[1] Thread (CPUThread)[0x00974070]]: TODO: _cellSpursEventFlagInitialize
[E : PPU[1] Thread (CPUThread)[0x009740a0]]: TODO: cellSpursEventFlagAttachLv2EventQueue
[E : PPU[1] Thread (CPUThread)[0x00974070]]: TODO: _cellSpursEventFlagInitialize
[E : PPU[1] Thread (CPUThread)[0x009740a0]]: TODO: cellSpursEventFlagAttachLv2EventQueue
[E : PPU[1] Thread (CPUThread)[0x00974070]]: TODO: _cellSpursEventFlagInitialize
[E : PPU[1] Thread (CPUThread)[0x009740a0]]: TODO: cellSpursEventFlagAttachLv2EventQueue
[E : PPU[1] Thread (CPUThread)[0x00974070]]: TODO: _cellSpursEventFlagInitialize
[E : PPU[1] Thread (CPUThread)[0x009740a0]]: TODO: cellSpursEventFlagAttachLv2EventQueue
[E : PPU[1] Thread (CPUThread)[0x00974070]]: TODO: _cellSpursEventFlagInitialize
[E : PPU[1] Thread (CPUThread)[0x009740a0]]: TODO: cellSpursEventFlagAttachLv2EventQueue
[E : PPU[1] Thread (CPUThread)[0x00974070]]: TODO: _cellSpursEventFlagInitialize
[E : PPU[1] Thread (CPUThread)[0x009740a0]]: TODO: cellSpursEventFlagAttachLv2EventQueue
[E : PPU[1] Thread (CPUThread)[0x00974070]]: TODO: _cellSpursEventFlagInitialize
[E : PPU[1] Thread (CPUThread)[0x0097401c]]: cellSpurs error: cellSpursGetInfo(spurs_addr=0x301c8680, info_addr=0xd0010540)
[W : PPU[1] Thread (CPUThread)[0x005153a0]]: sys_mutex warning: *** mutex created [] (protocol=0x2, recursive=false): id = 227
[W : PPU[1] Thread (CPUThread)[0x005153d0]]: sys_cond warning: *** condition created [] (mutex_id=227): id = 228
[W : PPU[1] Thread (CPUThread)[0x00515404]]: sys_event warning: sys_event_queue_create(equeue_id_addr=0xd001011c, attr_addr=0xd0010120, event_queue_key=0x0, size=7)
[W : PPU[1] Thread (CPUThread)[0x00515404]]: sys_event warning: *** event_queue created [] (protocol=0x2, type=0x1): id = 229
[E : PPU[1] Thread (CPUThread)[0x009740dc]]: cellSpurs error: cellSpursAttachLv2EventQueue(spurs_addr=0x301c8680, queue=0xe5, port_addr=0xd0010110, isDynamic=1)
[E : PPU[1] Thread (CPUThread)[0x00974040]]: TODO: _cellSpursJobChainAttributeInitialize
[E : PPU[1] Thread (CPUThread)[0x00974034]]: TODO: cellSpursCreateJobChainWithAttribute
[E : PPU[1] Thread (CPUThread)[0x00974070]]: TODO: _cellSpursEventFlagInitialize
[E : PPU[1] Thread (CPUThread)[0x009740a0]]: TODO: cellSpursEventFlagAttachLv2EventQueue
[E : PPU[1] Thread (CPUThread)[0x00974070]]: TODO: _cellSpursEventFlagInitialize
[E : PPU[1] Thread (CPUThread)[0x009740a0]]: TODO: cellSpursEventFlagAttachLv2EventQueue
[E : PPU[1] Thread (CPUThread)[0x00974070]]: TODO: _cellSpursEventFlagInitialize
[E : PPU[1] Thread (CPUThread)[0x009740a0]]: TODO: cellSpursEventFlagAttachLv2EventQueue
[E : PPU[1] Thread (CPUThread)[0x00974070]]: TODO: _cellSpursEventFlagInitialize
[E : PPU[1] Thread (CPUThread)[0x009740a0]]: TODO: cellSpursEventFlagAttachLv2EventQueue
[E : PPU[1] Thread (CPUThread)[0x00974070]]: TODO: _cellSpursEventFlagInitialize
[E : PPU[1] Thread (CPUThread)[0x009740a0]]: TODO: cellSpursEventFlagAttachLv2EventQueue
[E : PPU[1] Thread (CPUThread)[0x00974070]]: TODO: _cellSpursEventFlagInitialize
[E : PPU[1] Thread (CPUThread)[0x009740a0]]: TODO: cellSpursEventFlagAttachLv2EventQueue
[E : PPU[1] Thread (CPUThread)[0x00974070]]: TODO: _cellSpursEventFlagInitialize
[E : PPU[1] Thread (CPUThread)[0x009740a0]]: TODO: cellSpursEventFlagAttachLv2EventQueue
[E : PPU[1] Thread (CPUThread)[0x00974070]]: TODO: _cellSpursEventFlagInitialize
[E : PPU[1] Thread (CPUThread)[0x009740a0]]: TODO: cellSpursEventFlagAttachLv2EventQueue
[E : PPU[1] Thread (CPUThread)[0x00974070]]: TODO: _cellSpursEventFlagInitialize
[E : PPU[1] Thread (CPUThread)[0x009740a0]]: TODO: cellSpursEventFlagAttachLv2EventQueue
[E : PPU[1] Thread (CPUThread)[0x00974070]]: TODO: _cellSpursEventFlagInitialize
[E : PPU[1] Thread (CPUThread)[0x009740a0]]: TODO: cellSpursEventFlagAttachLv2EventQueue
[E : PPU[1] Thread (CPUThread)[0x00974070]]: TODO: _cellSpursEventFlagInitialize
[E : PPU[1] Thread (CPUThread)[0x009740a0]]: TODO: cellSpursEventFlagAttachLv2EventQueue
[E : PPU[1] Thread (CPUThread)[0x00974070]]: TODO: _cellSpursEventFlagInitialize
[E : PPU[1] Thread (CPUThread)[0x009740a0]]: TODO: cellSpursEventFlagAttachLv2EventQueue
[E : PPU[1] Thread (CPUThread)[0x00974070]]: TODO: _cellSpursEventFlagInitialize
[E : PPU[1] Thread (CPUThread)[0x009740a0]]: TODO: cellSpursEventFlagAttachLv2EventQueue
[E : PPU[1] Thread (CPUThread)[0x00974070]]: TODO: _cellSpursEventFlagInitialize
[E : PPU[1] Thread (CPUThread)[0x009740a0]]: TODO: cellSpursEventFlagAttachLv2EventQueue
[E : PPU[1] Thread (CPUThread)[0x00974070]]: TODO: _cellSpursEventFlagInitialize
[E : PPU[1] Thread (CPUThread)[0x009740a0]]: TODO: cellSpursEventFlagAttachLv2EventQueue
[E : PPU[1] Thread (CPUThread)[0x00974070]]: TODO: _cellSpursEventFlagInitialize
[E : PPU[1] Thread (CPUThread)[0x009740a0]]: TODO: cellSpursEventFlagAttachLv2EventQueue
[E : PPU[1] Thread (CPUThread)[0x00974070]]: TODO: _cellSpursEventFlagInitialize
[! : PPU[1] Thread (CPUThread)[0x0099c028]]: *** New PPU Thread [InitAppFirst] (): id = 230
[E : PPU[1] Thread (CPUThread)[0x0097a0b8]]: cellGcmSys error: Unimplemented function: cellGcmSetVBlankHandler
[W : PPU[1] Thread (CPUThread)[0x0096e070]]: sys_fs warning: cellFsStat: "/dev_bdvd/PS3_GAME/USRDIR/data/pack/pack.idx" not found.
[! : PPU[1] Thread (CPUThread)[0x0099c028]]: *** New PPU Thread [cellFsOpenThread] (): id = 231
[E : PPU[231] Thread (cellFsOpenThread)[0x0096e028]]: sys_fs error: "/app_home/data/pack/pack.idx" not found! flags: 0x00000000
[W : RSXThread]: FP not found in buffer!
[E : Fragment Shader Decompiler Thread]: Unknown opcode 0x43 (inst 13)
[E : Fragment Shader Decompiler Thread]: Unknown opcode 0x40 (inst 16)
[E : Fragment Shader Decompiler Thread]: Unknown opcode 0x43 (inst 20)
[E : Fragment Shader Decompiler Thread]: Unknown opcode 0x40 (inst 23)
[W : RSXThread]: VP not found in buffer!
[! : RSXThread]: Add program (0):
[! : RSXThread]: *** prog id = 3
[! : RSXThread]: *** vp id = 2
[! : RSXThread]: *** fp id = 1
[! : RSXThread]: *** vp data size = 48
[! : RSXThread]: *** fp data size = 720
[! : RSXThread]: *** vp shader = 
#version 330

uniform mat4 scaleOffsetMat = mat4(1.0);
layout (location = 0) in vec4 in_pos;
layout (location = 8) in vec4 in_tc0;
layout (location = 9) in vec4 in_tc1;
out vec4 tc0;
out vec4 tc1;

void func0();

void main()
{
	gl_Position = vec4(0.0f, 0.0f, 0.0f, 1.0f);
	func0();
	gl_Position = gl_Position * scaleOffsetMat;
}

void func0()
{
	gl_Position.xy = in_pos.xyxx.xy;
	tc0.xy = in_tc0.xyxx.xy;
	tc1.xy = in_tc1.xyxx.xy;
}

[! : RSXThread]: *** fp shader = 
#version 330

uniform vec4 fc16 = vec4(1.777778, 1.500000, 0.000000, 0.000000);
uniform vec4 fc64 = vec4(0.562500, 0.666667, 0.000000, 0.000000);
uniform vec4 fc112 = vec4(0.500000, 0.000000, 0.000000, 0.000000);
uniform vec4 fc144 = vec4(0.562500, 0.666667, 0.000000, 0.000000);
uniform vec4 fc176 = vec4(0.000000, 0.000000, 0.000000, 0.000000);
uniform vec4 fc240 = vec4(2.000000, 0.000000, 0.000000, 0.000000);
uniform vec4 fc288 = vec4(0.000000, 0.000000, 0.000000, 0.000000);
uniform vec4 fc352 = vec4(3.000000, 0.000000, 0.000000, 0.000000);
uniform vec4 fc416 = vec4(0.001389, 0.002083, 0.000000, 0.000000);
uniform vec4 fc464 = vec4(0.562500, 0.666667, 0.000000, 0.000000);
uniform vec4 fc496 = vec4(1.000000, 0.000000, 0.000000, 0.000000);
uniform vec4 fc544 = vec4(2.000000, 0.000000, 0.000000, 0.000000);
uniform vec4 fc640 = vec4(0.562500, 0.666667, 0.000000, 0.000000);
uniform vec4 fc672 = vec4(1.000000, 0.000000, 0.000000, 0.000000);
vec4 r0 = vec4(0.0, 0.0, 0.0, 0.0);
vec4 rc0;
vec4 r1 = vec4(0.0, 0.0, 0.0, 0.0);
in vec4 tc1;
layout (location = 2) out vec4 r3;
layout (location = 3) out vec4 r4;
layout (location = 1) out vec4 r2;
layout (location = 0) out vec4 ocol;
uniform sampler2D tex1;
uniform sampler2D tex0;

void main()
{
	r0.zw = fc16.xxxy.zw;
	r0.xy = tc1.xy;
	r3.xy = (r0 * fc64.xyxx).xy;
	r3.zw = floor(r0.xxxy).zw;
	r4.xy = (-r0.zwzz * fc112.xxxx + r3.zwzz).xy;
	r0.zw = (r4.xxxy * fc144.xxxy).zw;
	r4.x = fc176.zzzz.x;
	r0.y = r0.zzzz.y;
	rc0.x = vec4(lessThan(r4, fc240.xxxx)).x;
	r4.y = fc288.xxxx.y;
	r0.z = r0.yyyy.z;
	rc0.x = vec4(lessThan(r4.yyyy, fc352.xxxx)).x;
	r3.zw = (-r0 + r3.xxxy).zw;
	r2.xy = (r0.zwzz * fc416.xyxx).xy;
	r0.x = vec2(dot(r3.zwzz.xy, r3.zwzz.xy)).xxxx.x;
	r0.z = (r0 + fc464.xxxx).z;
	r4.y = (r4 + fc496.xxxx).y;
	r0.x = inversesqrt(r0).x;
	r0.x = (fc544.xxxx / r0).x;
	r0.x = texture(tex1, r0.xy).x;
	r4.w = (r0.xxxx + r4).w;
	r2 = texture(tex0, r2.xy);
	r1 = (r2 * r0.xxxx + r1);
	r0.w = (r0 + fc640.yyyy).w;
	r4.x = (r4 + fc672.xxxx).x;
	r0 = (r1 / r4.wwww);
	ocol = r0;
}

[W : RSXThread]: New FBO (720x480)
[! : RSXThread]: RSX thread exit...
[W : PPU[222] Thread (spu_printf_handler)[0x0048e584]]: sys_event_queue_receive(equeue=221) aborted
[W : PPU[1] Thread (CPUThread)[0x0099c034]]: sys_lwcond_wait(id=31) aborted
[!]: Closing memory...
