[!]: path: /dev_hdd0/game/
[!]: Loading 'D:\Emulateurs\Rpcs3\dev_hdd0\game\BLJS10109-[Suzumiya Haruhi no Tsuisou]/PS3_GAME/USRDIR/BOOT.BIN'...
[!]: Mount info:
[!]: /dev_hdd0/ -> D:\Emulateurs\Rpcs3\dev_hdd0\
[!]: /dev_hdd1/ -> D:\Emulateurs\Rpcs3\dev_hdd1\
[!]: /dev_flash/ -> D:\Emulateurs\Rpcs3\dev_flash\
[!]: /dev_usb000/ -> D:\Emulateurs\Rpcs3\dev_usb000\
[!]: /dev_usb/ -> D:\Emulateurs\Rpcs3\dev_usb000\
[!]: /app_home/ -> D:\Emulateurs\Rpcs3\dev_hdd0\game\BLJS10109-[Suzumiya Haruhi no Tsuisou]/PS3_GAME/\USRDIR\
[!]: /dev_bdvd/ -> D:\Emulateurs\Rpcs3\dev_hdd0\game\BLJS10109-[Suzumiya Haruhi no Tsuisou]/PS3_GAME/\..\
[!]: /host_root/ -> 
[!]: ///resource/ -> D:\Emulateurs\Rpcs3\dev_hdd0\game\BLJS10109-[Suzumiya Haruhi no Tsuisou]/PS3_GAME/\USRDIR\resource\
[!]: /app_home/Game/PS3_GAME/USRDIR/ -> D:\Emulateurs\Rpcs3\dev_hdd0\game\BLJS10109-[Suzumiya Haruhi no Tsuisou]/PS3_GAME/\USRDIR\
[!]: /app_home/PS3_GAME/USRDIR/media/ -> D:\Emulateurs\Rpcs3\dev_hdd0\game\BLJS10109-[Suzumiya Haruhi no Tsuisou]/PS3_GAME/\USRDIR\media\
[!]: /Data/ -> D:\Emulateurs\Rpcs3\dev_hdd0\game\BLJS10109-[Suzumiya Haruhi no Tsuisou]/PS3_GAME/\USRDIR\Data\
[!]: / -> D:\Emulateurs\Rpcs3\dev_hdd0\game\BLJS10109-[Suzumiya Haruhi no Tsuisou]/PS3_GAME/\USRDIR\
[!]: /USRDIR/PS3_GAME/USRDIR/Data/ -> D:\Emulateurs\Rpcs3\dev_hdd0\game\BLJS10109-[Suzumiya Haruhi no Tsuisou]/PS3_GAME/\USRDIR\Data\
[!]: Initing memory...
[!]: Memory initialized.
[W]: Unknown function 0x967a162b in 'sys_fs' module
[E]: TODO: cellFsFsync
[W]: Unknown function 0x63387071 in 'cellGcmSys' module
[E]: TODO: cellGcmGetLastFlipTime
[W]: Unknown function 0x99d397ac in 'cellGcmSys' module
[E]: TODO: cellGcmGetReport
[W]: Unknown function 0xa6b180ac in 'cellGcmSys' module
[E]: TODO: cellGcmGetReportDataLocation
[W]: Unknown function 0xd01b570d in 'cellGcmSys' module
[E]: TODO: cellGcmSetGraphicsHandler
[W]: Unknown function 0x2efa7294 in 'cellL10n' module
[E]: TODO: UTF16stoUTF32s
[W]: Unknown function 0x33435818 in 'cellL10n' module
[E]: TODO: SJISstoUTF8s
[W]: Unknown function 0xa19fb9de in 'cellL10n' module
[E]: TODO: UTF16toUTF32
[W]: Unknown function 0xdd5ebdeb in 'cellL10n' module
[E]: TODO: UTF8stoSJISs
[W]: Unknown function 0xf7681b9a in 'cellL10n' module
[E]: TODO: UTF8stoUTF16s
[W]: Unknown function 0x66f5e388 in 'cellResc' module
[E]: TODO: cellRescGetLastFlipTime
[W]: Unknown function 0xd3758645 in 'cellResc' module
[E]: TODO: cellRescSetVBlankHandler
[W]: Unknown function 0xe0cef79e in 'cellResc' module
[E]: TODO: cellRescCreateInterlaceTable
[W]: Unknown function 0x220894e3 in 'cellSysutil' module
[E]: TODO: cellSysutilEnableBgmPlayback
[W]: Unknown function 0x2aae9ef5 in 'cellSysutil' module
[E]: TODO: cellSaveDataFixedSave2
[W]: Unknown function 0x35beade0 in 'cellSysutil' module
[E]: TODO: cellOskDialogGetSize
[W]: Unknown function 0x3d1e1931 in 'cellSysutil' module
[E]: TODO: cellOskDialogUnloadAsync
[W]: Unknown function 0x62b0f803 in 'cellSysutil' module
[E]: TODO: cellMsgDialogAbort
[W]: Unknown function 0x6cfd856f in 'cellSysutil' module
[E]: TODO: cellSysutilGetBgmPlaybackStatus2
[W]: Unknown function 0x7fcfc915 in 'cellSysutil' module
[E]: TODO: cellOskDialogLoadAsync
[W]: Unknown function 0x8b7ed64b in 'cellSysutil' module
[E]: TODO: cellSaveDataAutoSave2
[W]: Unknown function 0x94862702 in 'cellSysutil' module
[E]: TODO: cellMsgDialogProgressBarInc
[W]: Unknown function 0x9d6af72a in 'cellSysutil' module
[E]: TODO: cellMsgDialogProgressBarSetMsg
[W]: Unknown function 0xb53c54fa in 'cellSysutil' module
[E]: TODO: cellOskDialogSetKeyLayoutOption
[W]: Unknown function 0xc427890c in 'cellSysutil' module
[E]: TODO: cellOskDialogSetInitialKeyLayout
[W]: Unknown function 0xcfdd8e87 in 'cellSysutil' module
[E]: TODO: cellSysutilDisableBgmPlayback
[W]: Unknown function 0xedadd797 in 'cellSysutil' module
[E]: TODO: cellSaveDataDelete2
[W]: Unknown function 0xf0ec3ccc in 'cellSysutil' module
[E]: TODO: cellOskDialogSetLayoutMode
[W]: Unknown function 0xfbd5c856 in 'cellSysutil' module
[E]: TODO: cellSaveDataAutoLoad2
[W]: Unknown module 'cellOskExtUtility'
[W]: Unknown function 0xaa6269a8 in 'cellSpurs' module
[E]: TODO: cellSpursInitializeWithAttribute
[W]: Unknown function 0x16394a4e in 'cellSpurs' module
[E]: TODO: _cellSpursTasksetAttributeInitialize
[W]: Unknown function 0x1d46fedf in 'cellSpurs' module
[E]: TODO: cellSpursCreateTaskWithAttribute
[W]: Unknown function 0x22aab31d in 'cellSpurs' module
[E]: TODO: cellSpursEventFlagDetachLv2EventQueue
[W]: Unknown function 0x373523d4 in 'cellSpurs' module
[E]: TODO: cellSpursEventFlagWait
[W]: Unknown function 0x5ef96465 in 'cellSpurs' module
[E]: TODO: _cellSpursEventFlagInitialize
[W]: Unknown function 0x652b70e2 in 'cellSpurs' module
[E]: TODO: cellSpursTasksetAttributeSetName
[W]: Unknown function 0x87630976 in 'cellSpurs' module
[E]: TODO: cellSpursEventFlagAttachLv2EventQueue
[W]: Unknown function 0x9f72add3 in 'cellSpurs' module
[E]: TODO: cellSpursJoinTaskset
[W]: Unknown function 0xa789e631 in 'cellSpurs' module
[E]: TODO: cellSpursShutdownTaskset
[W]: Unknown function 0xb8474eff in 'cellSpurs' module
[E]: TODO: _cellSpursTaskAttributeInitialize
[W]: Unknown function 0xc10931cb in 'cellSpurs' module
[E]: TODO: cellSpursCreateTasksetWithAttribute
[W]: Unknown function 0xf5507729 in 'cellSpurs' module
[E]: TODO: cellSpursEventFlagSet
[W]: Unknown function 0x35f22ac3 in 'cellUsbd' module
[E]: TODO: cellUsbdEnd
[W]: Unknown function 0x5c832bd7 in 'cellUsbd' module
[E]: TODO: cellUsbdSetThreadPriority2
[W]: Unknown function 0xd0e766fe in 'cellUsbd' module
[E]: TODO: cellUsbdInit
[W]: Unknown module 'cellUsbPspcm'
[W]: Unknown function 0x43ddab4f in 'cellSpursJq' module
[E]: TODO: cellSpursJobQueueAttributeInitialize
[W]: Unknown function 0x8c97a96c in 'cellSpursJq' module
[E]: TODO: cellSpursShutdownJobQueue
[W]: Unknown function 0x8ce4cffa in 'cellSpursJq' module
[E]: TODO: cellSpursJoinJobQueue
[W]: Unknown function 0x983be7fc in 'cellSpursJq' module
[E]: TODO: _cellSpursCreateJobQueueWithJobDescriptorPool
[W]: Unknown function 0xc39173a4 in 'cellSpursJq' module
[E]: TODO: _cellSpursJobQueuePort2CopyPushJobBody
[W]: Unknown function 0xc485d207 in 'cellSpursJq' module
[E]: TODO: cellSpursJobQueuePort2Destroy
[W]: Unknown function 0xcf89f218 in 'cellSpursJq' module
[E]: TODO: _cellSpursJobQueuePort2PushJobBody
[W]: Unknown function 0xf11fe0f1 in 'cellSpursJq' module
[E]: TODO: cellSpursJobQueuePort2Create
[W]: Unknown function 0xfacb3ced in 'cellSpursJq' module
[E]: TODO: cellSpursJobQueuePort2Sync
[W]: Unknown function 0x3929948d in 'cellSync' module
[E]: TODO: cellSyncQueueInitialize
[W]: Unknown function 0x4da349b2 in 'cellSync' module
[E]: TODO: cellSyncQueueSize
[W]: Unknown function 0x4da6d7e0 in 'cellSync' module
[E]: TODO: cellSyncQueuePop
[W]: Unknown function 0xa5362e73 in 'cellSync' module
[E]: TODO: cellSyncQueueClear
[W : PPU[1] Thread (CPUThread)[0x0082e034]]: sys_lwmutex warning: *** lwmutex created [_lc_mtx] (attribute=0x12): sq_id = 3
[W : PPU[1] Thread (CPUThread)[0x003000a8]]: memory warning: sys_memory_get_user_memory_size(mem_info_addr=0xd0010c04)
[W : PPU[1] Thread (CPUThread)[0x0082e034]]: sys_lwmutex warning: *** lwmutex created [_lc_mtx] (attribute=0x12): sq_id = 4
[W : PPU[1] Thread (CPUThread)[0x0082e034]]: sys_lwmutex warning: *** lwmutex created [_lc_mtx] (attribute=0x12): sq_id = 5
[W : PPU[1] Thread (CPUThread)[0x0082e034]]: sys_lwmutex warning: *** lwmutex created [_lc_mtx] (attribute=0x12): sq_id = 6
[W : PPU[1] Thread (CPUThread)[0x0082e034]]: sys_lwmutex warning: *** lwmutex created [_lc_mtx] (attribute=0x12): sq_id = 7
[W : PPU[1] Thread (CPUThread)[0x0082e034]]: sys_lwmutex warning: *** lwmutex created [_lc_mtx] (attribute=0x12): sq_id = 8
[W : PPU[1] Thread (CPUThread)[0x0082e034]]: sys_lwmutex warning: *** lwmutex created [_lc_mtx] (attribute=0x12): sq_id = 9
[W : PPU[1] Thread (CPUThread)[0x0082e034]]: sys_lwmutex warning: *** lwmutex created [_lc_mtx] (attribute=0x12): sq_id = 10
[W : PPU[1] Thread (CPUThread)[0x0082e034]]: sys_lwmutex warning: *** lwmutex created [_lc_mtx] (attribute=0x12): sq_id = 11
[W : PPU[1] Thread (CPUThread)[0x0082e034]]: sys_lwmutex warning: *** lwmutex created [_lc_mtx] (attribute=0x12): sq_id = 12
[W : PPU[1] Thread (CPUThread)[0x0082e034]]: sys_lwmutex warning: *** lwmutex created [_lgcmtx] (attribute=0x12): sq_id = 13
[W : PPU[1] Thread (CPUThread)[0x0082e034]]: sys_lwmutex warning: *** lwmutex created [_lgcmtx] (attribute=0x12): sq_id = 14
[W : PPU[1] Thread (CPUThread)[0x0082e034]]: sys_lwmutex warning: *** lwmutex created [_lgcmtx] (attribute=0x22): sq_id = 15
[W : PPU[1] Thread (CPUThread)[0x0082e034]]: sys_lwmutex warning: *** lwmutex created [_lc_mtx] (attribute=0x12): sq_id = 16
[W : PPU[1] Thread (CPUThread)[0x0082e034]]: sys_lwmutex warning: *** lwmutex created [_lc_mtx] (attribute=0x12): sq_id = 17
[W : PPU[1] Thread (CPUThread)[0x0082e034]]: sys_lwmutex warning: *** lwmutex created [_lc_mtx] (attribute=0x12): sq_id = 18
[W : PPU[1] Thread (CPUThread)[0x0082e034]]: sys_lwmutex warning: *** lwmutex created [_lc_mtx] (attribute=0x12): sq_id = 19
[W : PPU[1] Thread (CPUThread)[0x0082e034]]: sys_lwmutex warning: *** lwmutex created [_lc_mtx] (attribute=0x12): sq_id = 20
[W : PPU[1] Thread (CPUThread)[0x0082e034]]: sys_lwmutex warning: *** lwmutex created [_lc_mtx] (attribute=0x12): sq_id = 21
[W : PPU[1] Thread (CPUThread)[0x0082e034]]: sys_lwmutex warning: *** lwmutex created [_lc_mtx] (attribute=0x12): sq_id = 22
[W : PPU[1] Thread (CPUThread)[0x0082e034]]: sys_lwmutex warning: *** lwmutex created [_lc_mtx] (attribute=0x12): sq_id = 23
[W : PPU[1] Thread (CPUThread)[0x0082e034]]: sys_lwmutex warning: *** lwmutex created [_lc_mtx] (attribute=0x12): sq_id = 24
[W : PPU[1] Thread (CPUThread)[0x0082e034]]: sys_lwmutex warning: *** lwmutex created [_lc_mtx] (attribute=0x12): sq_id = 25
[W : PPU[1] Thread (CPUThread)[0x0082e034]]: sys_lwmutex warning: *** lwmutex created [_lc_mtx] (attribute=0x12): sq_id = 26
[W : PPU[1] Thread (CPUThread)[0x0082e034]]: sys_lwmutex warning: *** lwmutex created [_lc_mtx] (attribute=0x12): sq_id = 27
[W : PPU[1] Thread (CPUThread)[0x0082e034]]: sys_lwmutex warning: *** lwmutex created [] (attribute=0x22): sq_id = 28
[W : PPU[1] Thread (CPUThread)[0x001aed70]]: sys_spu warning: sys_spu_initialize(max_usable_spu=6, max_raw_spu=2)
[W : PPU[1] Thread (CPUThread)[0x00812010]]: cellSysmodule warning: cellSysmoduleLoadModule(CELL_SYSMODULE_L10N)
[W : PPU[1] Thread (CPUThread)[0x00812010]]: cellSysmodule warning: cellSysmoduleLoadModule(CELL_SYSMODULE_FS)
[W : PPU[1] Thread (CPUThread)[0x00812010]]: cellSysmodule warning: cellSysmoduleLoadModule(CELL_SYSMODULE_RTC)
[W : PPU[1] Thread (CPUThread)[0x00812010]]: cellSysmodule warning: cellSysmoduleLoadModule(CELL_SYSMODULE_IO)
[W : PPU[1] Thread (CPUThread)[0x00812010]]: cellSysmodule warning: cellSysmoduleLoadModule(CELL_SYSMODULE_AUDIO)
[W : PPU[1] Thread (CPUThread)[0x00812010]]: cellSysmodule warning: cellSysmoduleLoadModule(CELL_SYSMODULE_FONT)
[W : PPU[1] Thread (CPUThread)[0x00812010]]: cellSysmodule warning: cellSysmoduleLoadModule(CELL_SYSMODULE_FREETYPE)
[W : PPU[1] Thread (CPUThread)[0x00812010]]: cellSysmodule warning: cellSysmoduleLoadModule(CELL_SYSMODULE_FONTFT)
[W : PPU[1] Thread (CPUThread)[0x00812010]]: cellSysmodule warning: cellSysmoduleLoadModule(CELL_SYSMODULE_GCM_SYS)
[W : PPU[1] Thread (CPUThread)[0x00812010]]: cellSysmodule warning: cellSysmoduleLoadModule(CELL_SYSMODULE_USBD)
[W : PPU[1] Thread (CPUThread)[0x00812010]]: cellSysmodule warning: cellSysmoduleLoadModule(CELL_SYSMODULE_RESC)
[W : PPU[1] Thread (CPUThread)[0x00812010]]: cellSysmodule warning: cellSysmoduleLoadModule(CELL_SYSMODULE_SYSUTIL_OSK_EXT)
[W : PPU[1] Thread (CPUThread)[0x00812010]]: cellSysmodule warning: cellSysmoduleLoadModule(CELL_SYSMODULE_SYSUTIL_NP)
[W : PPU[1] Thread (CPUThread)[0x00812010]]: cellSysmodule warning: cellSysmoduleLoadModule(CELL_SYSMODULE_SYSUTIL_USERINFO)
[W : PPU[1] Thread (CPUThread)[0x00812010]]: cellSysmodule warning: cellSysmoduleLoadModule(CELL_SYSMODULE_SYSUTIL_GAME)
[W : PPU[1] Thread (CPUThread)[0x008140ac]]: cellSysutil warning: cellSysutilRegisterCallback(slot=0, func_addr=0x62a2c0, userdata=0x30100430)
[W : PPU[1] Thread (CPUThread)[0x001ae5e8]]: sys_mutex warning: *** mutex created [] (protocol=0x2, recursive=false): id = 29
[E : PPU[1] Thread (CPUThread)[0x0081e004]]: cellSpurs error: _cellSpursAttributeInitialize(attr_addr=0xd0010850, nSpus=2, spuPriority=3342336, ppuPriority=3, exitIfNoWork=200)
[E : PPU[1] Thread (CPUThread)[0x0081e010]]: TODO: cellSpursInitializeWithAttribute
[W : PPU[1] Thread (CPUThread)[0x0082e034]]: sys_lwmutex warning: *** lwmutex created [_lc_mtx] (attribute=0x12): sq_id = 30
[W : PPU[1] Thread (CPUThread)[0x0082e034]]: sys_lwmutex warning: *** lwmutex created [_lc_mtx] (attribute=0x12): sq_id = 31
[W : PPU[1] Thread (CPUThread)[0x0082e034]]: sys_lwmutex warning: *** lwmutex created [_lc_mtx] (attribute=0x12): sq_id = 32
[W : PPU[1] Thread (CPUThread)[0x0082e034]]: sys_lwmutex warning: *** lwmutex created [_lc_mtx] (attribute=0x12): sq_id = 33
[W : PPU[1] Thread (CPUThread)[0x00814004]]: cellSysutil warning: cellVideoOutConfigure(videoOut=0, config_addr=0xd0010688, option_addr=0x0, waitForEvent=0x0)
[W : PPU[1] Thread (CPUThread)[0x00812010]]: cellSysmodule warning: cellSysmoduleLoadModule(CELL_SYSMODULE_GCM_SYS)
[W : PPU[1] Thread (CPUThread)[0x00812010]]: cellSysmodule warning: cellSysmoduleLoadModule(CELL_SYSMODULE_RESC)
[W : PPU[1] Thread (CPUThread)[0x001082b0]]: sys_spu warning: sys_raw_spu_create(id_addr=0x65d1e4, attr_addr=0xd00104b0)
[W : PPU[1] Thread (CPUThread)[0x00108660]]: RawSPUThread[0]: Read32(MFC_CMDStatus)
[W : PPU[1] Thread (CPUThread)[0x00108660]]: RawSPUThread[0]: Read32(MFC_CMDStatus)
[W : PPU[1] Thread (CPUThread)[0x0010895c]]: RawSPUThread[0]: Write32(Prxy_QueryMask, 0x80000000)
[W : PPU[1] Thread (CPUThread)[0x00108960]]: RawSPUThread[0]: Write32(Prxy_QueryType, 0x2)
[W : PPU[1] Thread (CPUThread)[0x00108960]]: RawSPUThread[0]: Prxy Query Immediate.
[W : PPU[1] Thread (CPUThread)[0x00108970]]: RawSPUThread[0]: Read32(MFC_QStatus)
[W : PPU[1] Thread (CPUThread)[0x001089b0]]: RawSPUThread[0]: Write32(SPU_NPC, 0xe0)
[W : PPU[1] Thread (CPUThread)[0x00108050]]: RawSPUThread[0]: Write32(SPU_NPC, 0xe0)
[W : PPU[1] Thread (CPUThread)[0x00108024]]: RawSPUThread[0]: Write32(SPU_RunCntl, 0x1)
[W : RawSPU[34] Thread (CPUThread)[0x000000e0]]: Starting RawSPU...
[W : PPU[1] Thread (CPUThread)[0x00100744]]: RawSPUThread[0]: Read32(SPU_Out_MBox)
[W : PPU[1] Thread (CPUThread)[0x00100780]]: RawSPUThread[0]: Read32(SPU_Out_MBox)
[W : PPU[1] Thread (CPUThread)[0x0080a010]]: cellGcmSys warning: cellGcmInit(context_addr=0x77f3f0,cmdSize=0x10000,ioSize=0x100000,ioAddress=0x36300000)
[W : PPU[1] Thread (CPUThread)[0x0080a010]]: cellGcmSys warning: *** local memory(addr=0xc0000000, size=0xf900000)
[W : PPU[1] Thread (CPUThread)[0x0080a010]]: cellGcmSys warning: cellGcmMapEaIoAddress(ea=0x36300000, io=0x0, size=0x100000)
[! : RSXThread]: RSX thread entry
[W : PPU[1] Thread (CPUThread)[0x0080a070]]: cellGcmSys warning: cellGcmSetDebugOutputLevel(level=2)
[E : PPU[1] Thread (CPUThread)[0x0080a16c]]: TODO: cellGcmSetGraphicsHandler
[E : RSXThread]: TODO: unknown/illegal method [0x00001fec](0x0)
[E : RSXThread]: TODO: cellGcmSetTwoSideLightEn(0x0)
[E : RSXThread]: TODO: cellGcmSetFrequencyDividerOperation(0x0)
[E : RSXThread]: TODO: cellGcmSetLogicOp(0x1503)
[E : RSXThread]: TODO: cellGcmSetPolygonOffsetScaleFactor(0x0, 0x0)
[E : RSXThread]: TODO: cellGcmSetPointSize(0x3f800000)
[W : PPU[1] Thread (CPUThread)[0x0080a094]]: cellGcmSys warning: cellGcmMapEaIoAddress(ea=0x36500000, io=0xe000000, size=0x100000)
[W : PPU[1] Thread (CPUThread)[0x008140b8]]: cellSysutil warning: cellVideoOutGetResolutionAvailability(videoOut=0, resolutionId=0x1, option_addr=0x2, aspect=0x0, option=0xbc17b280)
[W : PPU[1] Thread (CPUThread)[0x008140b8]]: cellSysutil warning: cellVideoOutGetResolutionAvailability(videoOut=0, resolutionId=0x1, option_addr=0x1, aspect=0x0, option=0xbc179f80)
[W : PPU[1] Thread (CPUThread)[0x008140b8]]: cellSysutil warning: cellVideoOutGetResolutionAvailability(videoOut=0, resolutionId=0x2, option_addr=0x2, aspect=0x0, option=0xbc179180)
[W : PPU[1] Thread (CPUThread)[0x008140b8]]: cellSysutil warning: cellVideoOutGetResolutionAvailability(videoOut=0, resolutionId=0x2, option_addr=0x1, aspect=0x0, option=0xbc178780)
[W : PPU[1] Thread (CPUThread)[0x008140b8]]: cellSysutil warning: cellVideoOutGetResolutionAvailability(videoOut=0, resolutionId=0x4, option_addr=0x2, aspect=0x0, option=0xbc17a180)
[W : PPU[1] Thread (CPUThread)[0x008140b8]]: cellSysutil warning: cellVideoOutGetResolutionAvailability(videoOut=0, resolutionId=0x4, option_addr=0x1, aspect=0x0, option=0xbc178180)
[W : PPU[1] Thread (CPUThread)[0x008140b8]]: cellSysutil warning: cellVideoOutGetResolutionAvailability(videoOut=0, resolutionId=0x5, option_addr=0x2, aspect=0x0, option=0xbc178880)
[W : PPU[1] Thread (CPUThread)[0x008140b8]]: cellSysutil warning: cellVideoOutGetResolutionAvailability(videoOut=0, resolutionId=0x5, option_addr=0x1, aspect=0x0, option=0xbc179980)
[W : PPU[1] Thread (CPUThread)[0x008140b8]]: cellSysutil warning: cellVideoOutGetResolutionAvailability(videoOut=0, resolutionId=0xa, option_addr=0x2, aspect=0x0, option=0xbc178180)
[W : PPU[1] Thread (CPUThread)[0x008140b8]]: cellSysutil warning: cellVideoOutGetResolutionAvailability(videoOut=0, resolutionId=0xa, option_addr=0x1, aspect=0x0, option=0xbc17b480)
[W : PPU[1] Thread (CPUThread)[0x008140b8]]: cellSysutil warning: cellVideoOutGetResolutionAvailability(videoOut=0, resolutionId=0xb, option_addr=0x2, aspect=0x0, option=0xbc177a80)
[W : PPU[1] Thread (CPUThread)[0x008140b8]]: cellSysutil warning: cellVideoOutGetResolutionAvailability(videoOut=0, resolutionId=0xb, option_addr=0x1, aspect=0x0, option=0xbc177c80)
[W : PPU[1] Thread (CPUThread)[0x008140b8]]: cellSysutil warning: cellVideoOutGetResolutionAvailability(videoOut=0, resolutionId=0xc, option_addr=0x2, aspect=0x0, option=0xbc178980)
[W : PPU[1] Thread (CPUThread)[0x008140b8]]: cellSysutil warning: cellVideoOutGetResolutionAvailability(videoOut=0, resolutionId=0xc, option_addr=0x1, aspect=0x0, option=0xbc17a080)
[W : PPU[1] Thread (CPUThread)[0x008140b8]]: cellSysutil warning: cellVideoOutGetResolutionAvailability(videoOut=0, resolutionId=0xd, option_addr=0x2, aspect=0x0, option=0xbc17a880)
[W : PPU[1] Thread (CPUThread)[0x008140b8]]: cellSysutil warning: cellVideoOutGetResolutionAvailability(videoOut=0, resolutionId=0xd, option_addr=0x1, aspect=0x0, option=0xbc178080)
[W : PPU[1] Thread (CPUThread)[0x008140b8]]: cellSysutil warning: cellVideoOutGetResolutionAvailability(videoOut=0, resolutionId=0x81, option_addr=0x2, aspect=0x0, option=0xbc17aa80)
[W : PPU[1] Thread (CPUThread)[0x008140b8]]: cellSysutil warning: cellVideoOutGetResolutionAvailability(videoOut=0, resolutionId=0x81, option_addr=0x1, aspect=0x0, option=0xbc178080)
[W : PPU[1] Thread (CPUThread)[0x008140b8]]: cellSysutil warning: cellVideoOutGetResolutionAvailability(videoOut=0, resolutionId=0x88, option_addr=0x2, aspect=0x0, option=0xbc17aa80)
[W : PPU[1] Thread (CPUThread)[0x008140b8]]: cellSysutil warning: cellVideoOutGetResolutionAvailability(videoOut=0, resolutionId=0x88, option_addr=0x1, aspect=0x0, option=0xbc178180)
[W : PPU[1] Thread (CPUThread)[0x008140b8]]: cellSysutil warning: cellVideoOutGetResolutionAvailability(videoOut=0, resolutionId=0x89, option_addr=0x2, aspect=0x0, option=0xbc179780)
[W : PPU[1] Thread (CPUThread)[0x008140b8]]: cellSysutil warning: cellVideoOutGetResolutionAvailability(videoOut=0, resolutionId=0x89, option_addr=0x1, aspect=0x0, option=0xbc17b280)
[W : PPU[1] Thread (CPUThread)[0x008140b8]]: cellSysutil warning: cellVideoOutGetResolutionAvailability(videoOut=0, resolutionId=0x8a, option_addr=0x2, aspect=0x0, option=0xbc177a80)
[W : PPU[1] Thread (CPUThread)[0x008140b8]]: cellSysutil warning: cellVideoOutGetResolutionAvailability(videoOut=0, resolutionId=0x8a, option_addr=0x1, aspect=0x0, option=0xbc177980)
[W : PPU[1] Thread (CPUThread)[0x008140b8]]: cellSysutil warning: cellVideoOutGetResolutionAvailability(videoOut=0, resolutionId=0x8b, option_addr=0x2, aspect=0x0, option=0xbc178080)
[W : PPU[1] Thread (CPUThread)[0x008140b8]]: cellSysutil warning: cellVideoOutGetResolutionAvailability(videoOut=0, resolutionId=0x8b, option_addr=0x1, aspect=0x0, option=0xbc17b480)
[W : PPU[1] Thread (CPUThread)[0x0080a184]]: cellGcmSys warning: cellGcmUnbindTile(index=0)
[W : PPU[1] Thread (CPUThread)[0x0080a184]]: cellGcmSys warning: cellGcmUnbindTile(index=1)
[W : PPU[1] Thread (CPUThread)[0x0080a184]]: cellGcmSys warning: cellGcmUnbindTile(index=2)
[W : PPU[1] Thread (CPUThread)[0x0080a184]]: cellGcmSys warning: cellGcmUnbindTile(index=3)
[W : PPU[1] Thread (CPUThread)[0x0080a184]]: cellGcmSys warning: cellGcmUnbindTile(index=4)
[W : PPU[1] Thread (CPUThread)[0x0080a184]]: cellGcmSys warning: cellGcmUnbindTile(index=5)
[W : PPU[1] Thread (CPUThread)[0x0080a184]]: cellGcmSys warning: cellGcmUnbindTile(index=6)
[W : PPU[1] Thread (CPUThread)[0x0080a184]]: cellGcmSys warning: cellGcmUnbindTile(index=7)
[W : PPU[1] Thread (CPUThread)[0x0080a184]]: cellGcmSys warning: cellGcmUnbindTile(index=8)
[W : PPU[1] Thread (CPUThread)[0x0080a184]]: cellGcmSys warning: cellGcmUnbindTile(index=9)
[W : PPU[1] Thread (CPUThread)[0x0080a184]]: cellGcmSys warning: cellGcmUnbindTile(index=10)
[W : PPU[1] Thread (CPUThread)[0x0080a184]]: cellGcmSys warning: cellGcmUnbindTile(index=11)
[W : PPU[1] Thread (CPUThread)[0x0080a184]]: cellGcmSys warning: cellGcmUnbindTile(index=12)
[W : PPU[1] Thread (CPUThread)[0x0080a184]]: cellGcmSys warning: cellGcmUnbindTile(index=13)
[W : PPU[1] Thread (CPUThread)[0x0080a184]]: cellGcmSys warning: cellGcmUnbindTile(index=14)
[W : PPU[1] Thread (CPUThread)[0x0080a148]]: cellGcmSys warning: cellGcmSetTileInfo(index=0, location=0, offset=257163264, size=3932160, pitch=5120, comp=0, base=0, bank=0)
[W : PPU[1] Thread (CPUThread)[0x0080a058]]: cellGcmSys warning: cellGcmBindTile(index=0)
[W : PPU[1] Thread (CPUThread)[0x0080a148]]: cellGcmSys warning: cellGcmSetTileInfo(index=0, location=0, offset=253231104, size=7864320, pitch=5120, comp=0, base=0, bank=0)
[W : PPU[1] Thread (CPUThread)[0x0080a058]]: cellGcmSys warning: cellGcmBindTile(index=0)
[W : PPU[1] Thread (CPUThread)[0x0080a148]]: cellGcmSys warning: cellGcmSetTileInfo(index=1, location=0, offset=249298944, size=3932160, pitch=5120, comp=10, base=1, bank=3)
[E : PPU[1] Thread (CPUThread)[0x0080a148]]: cellGcmSys error: cellGcmSetTileInfo: bad comp! (10)
[W : PPU[1] Thread (CPUThread)[0x0080a058]]: cellGcmSys warning: cellGcmBindTile(index=1)
[W : PPU[1] Thread (CPUThread)[0x0080a0dc]]: cellGcmSys warning: TODO: cellGcmBindZcull(index=0)
[W : PPU[1] Thread (CPUThread)[0x00166454]]: sys_semaphore warning: sys_semaphore_create(sem_addr=0x65d8a8, attr_addr=0xd0010460, initial_count=1, max_count=2)
[W : PPU[1] Thread (CPUThread)[0x0080a0f4]]: cellGcmSys warning: cellGcmSetFlipHandler(handler_addr=6453792)
[E : PPU[1] Thread (CPUThread)[0x0080a130]]: cellGcmSys error: Unimplemented function: cellGcmSetVBlankHandler
[W : PPU[1] Thread (CPUThread)[0x00814004]]: cellSysutil warning: cellVideoOutConfigure(videoOut=0, config_addr=0xd0010430, option_addr=0x0, waitForEvent=0x0)
[W : PPU[1] Thread (CPUThread)[0x0080a064]]: cellGcmSys warning: cellGcmSetFlipMode(mode=1)
[W : PPU[1] Thread (CPUThread)[0x0080a100]]: cellGcmSys warning: cellGcmSetDisplayBuffer(id=0x0,offset=0xf540000,pitch=4,width=1280,height=720)
[W : PPU[1] Thread (CPUThread)[0x0080a100]]: cellGcmSys warning: cellGcmSetDisplayBuffer(id=0x1,offset=0xf180000,pitch=4,width=1280,height=720)
[W : PPU[1] Thread (CPUThread)[0x00107a1c]]: sys_mutex warning: *** mutex created [] (protocol=0x2, recursive=false): id = 36
[W : PPU[1] Thread (CPUThread)[0x00107bc4]]: sys_cond warning: *** condition created [] (mutex_id=36): id = 37
[W : PPU[1] Thread (CPUThread)[0x0080a064]]: cellGcmSys warning: cellGcmSetFlipMode(mode=2)
[E : RSXThread]: TODO: cellGcmSetTwoSideLightEn(0x0)
[E : RSXThread]: TODO: cellGcmSetPointSize(0x3f800000)
[E : RSXThread]: TODO: cellGcmSetPolygonOffsetScaleFactor(0x0, 0x0)
[E : RSXThread]: NV4097_SET_REDUCE_DST_COLOR
[E : RSXThread]: TODO: cellGcmSetBackPolygonMode(0x1b02)
[E : RSXThread]: TODO: unknown/illegal method [0x00001fec](0x0)
[E : RSXThread]: NV4097_SET_POINT_PARAMS_ENABLE
[E : RSXThread]: NV4097_SET_POINT_SPRITE_CONTROL enable
[E : RSXThread]: TODO: cellGcmSetTwoSideLightEn(0x0)
[E : PPU[1] Thread (CPUThread)[0x0080a118]]: TODO: cellGcmGetReportDataLocation
[E : PPU[1] Thread (CPUThread)[0x0080a118]]: TODO: cellGcmGetReportDataLocation
[E : PPU[1] Thread (CPUThread)[0x0080a118]]: TODO: cellGcmGetReportDataLocation
[E : PPU[1] Thread (CPUThread)[0x0080a118]]: TODO: cellGcmGetReportDataLocation
[E : RSXThread]: TODO: cellGcmSetLineStipple(0x0)
[E : RSXThread]: TODO: cellGcmSetPolygonStipple(0x0)
[E : RSXThread]: TODO: cellGcmSetContextDmaReport(0xbad68000)
[E : RSXThread]: TODO: cellGcmSetZcullStatsEnable(0x0)
[E : RSXThread]: NV4097_GET_REPORT: bad type 2
[E : RSXThread]: NV4097_GET_REPORT: bad type 3
[E : RSXThread]: NV4097_GET_REPORT: bad type 4
[E : RSXThread]: NV4097_GET_REPORT: bad type 5
[E : RSXThread]: TODO: cellGcmClearReportValue(0x2)
[E : RSXThread]: TODO: cellGcmSetZcullStatsEnable(0x1)
[E : PPU[1] Thread (CPUThread)[0x0080a118]]: TODO: cellGcmGetReportDataLocation
[E : PPU[1] Thread (CPUThread)[0x0080a118]]: TODO: cellGcmGetReportDataLocation
[E : PPU[1] Thread (CPUThread)[0x0080a118]]: TODO: cellGcmGetReportDataLocation
[E : PPU[1] Thread (CPUThread)[0x0080a118]]: TODO: cellGcmGetReportDataLocation
[W : PPU[1] Thread (CPUThread)[0x002fa940]]: *** cellFsOpen(path="/dev_bdvd/PS3_GAME/USRDIR/shaders.bin"): fd = 38
[W : PPU[1] Thread (CPUThread)[0x0082e034]]: sys_lwmutex warning: *** lwmutex created [_lc_mtx] (attribute=0x12): sq_id = 39
[W : PPU[1] Thread (CPUThread)[0x002fa8b8]]: sys_fs warning: cellFsClose(fd=38)
[W : PPU[1] Thread (CPUThread)[0x0082e094]]: sys_lwmutex warning: sys_lwmutex_destroy(lwmutex_addr=0x3012d940)
[E : RSXThread]: TODO: cellGcmSetLineStipple(0x0)
[E : RSXThread]: TODO: cellGcmSetPolygonStipple(0x0)
[E : RSXThread]: TODO: cellGcmSetContextDmaReport(0xbad68000)
[E : RSXThread]: TODO: cellGcmSetZcullStatsEnable(0x0)
[E : RSXThread]: NV4097_GET_REPORT: bad type 2
[E : RSXThread]: NV4097_GET_REPORT: bad type 3
[E : RSXThread]: NV4097_GET_REPORT: bad type 4
[E : RSXThread]: NV4097_GET_REPORT: bad type 5
[E : RSXThread]: TODO: cellGcmClearReportValue(0x2)
[E : RSXThread]: TODO: cellGcmSetZcullStatsEnable(0x1)
[W : PPU[1] Thread (CPUThread)[0x0060a0ac]]: cellFont warning: cellFontInitializeWithRevision(revisionFlags=0x61, config=0xd0010804)
[W : PPU[1] Thread (CPUThread)[0x0081201c]]: cellSysmodule warning: cellSysmoduleIsLoaded(CELL_SYSMODULE_SPURS_JQ)
[W : PPU[1] Thread (CPUThread)[0x00812010]]: cellSysmodule warning: cellSysmoduleLoadModule(CELL_SYSMODULE_SPURS_JQ)
[E : PPU[1] Thread (CPUThread)[0x0082c004]]: TODO: cellSyncQueueInitialize
[E : PPU[1] Thread (CPUThread)[0x0082a004]]: TODO: cellSpursJobQueueAttributeInitialize
[E : PPU[1] Thread (CPUThread)[0x0082a028]]: TODO: _cellSpursCreateJobQueueWithJobDescriptorPool
[E : PPU[1] Thread (CPUThread)[0x0082a058]]: TODO: cellSpursJobQueuePort2Create
[W : PPU[1] Thread (CPUThread)[0x0082e034]]: sys_lwmutex warning: *** lwmutex created [] (attribute=0x12): sq_id = 40
[W : PPU[1] Thread (CPUThread)[0x0082e034]]: sys_lwmutex warning: *** lwmutex created [] (attribute=0x12): sq_id = 41
[W : PPU[1] Thread (CPUThread)[0x00243da4]]: sys_mutex warning: *** mutex created [] (protocol=0x2, recursive=true): id = 42
[W : PPU[1] Thread (CPUThread)[0x00243dd8]]: sys_cond warning: *** condition on recursive mutex(42)
[W : PPU[1] Thread (CPUThread)[0x00243dd8]]: sys_cond warning: *** condition created [] (mutex_id=42): id = 43
[! : PPU[1] Thread (CPUThread)[0x0082e01c]]: *** New PPU Thread [CRI FS File Access 0] (): id = 44
[W : PPU[1] Thread (CPUThread)[0x00244d9c]]: sysPrxForUser warning: sys_ppu_thread_set_priority(thread_id=44, prio=900)
[W : PPU[1] Thread (CPUThread)[0x0082e034]]: sys_lwmutex warning: *** lwmutex created [] (attribute=0x12): sq_id = 45
[W : PPU[1] Thread (CPUThread)[0x00243da4]]: sys_mutex warning: *** mutex created [] (protocol=0x2, recursive=true): id = 46
[W : PPU[1] Thread (CPUThread)[0x00243dd8]]: sys_cond warning: *** condition on recursive mutex(46)
[W : PPU[1] Thread (CPUThread)[0x00243dd8]]: sys_cond warning: *** condition created [] (mutex_id=46): id = 47
[! : PPU[1] Thread (CPUThread)[0x0082e01c]]: *** New PPU Thread [CRI FS File Access 1] (): id = 48
[W : PPU[1] Thread (CPUThread)[0x00244d9c]]: sysPrxForUser warning: sys_ppu_thread_set_priority(thread_id=48, prio=900)
[W : PPU[1] Thread (CPUThread)[0x0082e034]]: sys_lwmutex warning: *** lwmutex created [] (attribute=0x12): sq_id = 49
[W : PPU[1] Thread (CPUThread)[0x00243da4]]: sys_mutex warning: *** mutex created [] (protocol=0x2, recursive=true): id = 50
[W : PPU[1] Thread (CPUThread)[0x00243dd8]]: sys_cond warning: *** condition on recursive mutex(50)
[W : PPU[1] Thread (CPUThread)[0x00243dd8]]: sys_cond warning: *** condition created [] (mutex_id=50): id = 51
[! : PPU[1] Thread (CPUThread)[0x0082e01c]]: *** New PPU Thread [CRI FS File Access 2] (): id = 52
[W : PPU[1] Thread (CPUThread)[0x00244d9c]]: sysPrxForUser warning: sys_ppu_thread_set_priority(thread_id=52, prio=900)
[W : PPU[1] Thread (CPUThread)[0x0082e034]]: sys_lwmutex warning: *** lwmutex created [] (attribute=0x12): sq_id = 53
[W : PPU[1] Thread (CPUThread)[0x00243da4]]: sys_mutex warning: *** mutex created [] (protocol=0x2, recursive=true): id = 54
[W : PPU[1] Thread (CPUThread)[0x00243dd8]]: sys_cond warning: *** condition on recursive mutex(54)
[W : PPU[1] Thread (CPUThread)[0x00243dd8]]: sys_cond warning: *** condition created [] (mutex_id=54): id = 55
[! : PPU[1] Thread (CPUThread)[0x0082e01c]]: *** New PPU Thread [CRI FS File Access 3] (): id = 56
[W : PPU[1] Thread (CPUThread)[0x00244d9c]]: sysPrxForUser warning: sys_ppu_thread_set_priority(thread_id=56, prio=900)
[W : PPU[1] Thread (CPUThread)[0x0082e034]]: sys_lwmutex warning: *** lwmutex created [] (attribute=0x12): sq_id = 57
[W : PPU[1] Thread (CPUThread)[0x00243da4]]: sys_mutex warning: *** mutex created [] (protocol=0x2, recursive=true): id = 58
[W : PPU[1] Thread (CPUThread)[0x00243dd8]]: sys_cond warning: *** condition on recursive mutex(58)
[W : PPU[1] Thread (CPUThread)[0x00243dd8]]: sys_cond warning: *** condition created [] (mutex_id=58): id = 59
[! : PPU[1] Thread (CPUThread)[0x0082e01c]]: *** New PPU Thread [CRI FS Memory File System] (): id = 60
[W : PPU[1] Thread (CPUThread)[0x00244d9c]]: sysPrxForUser warning: sys_ppu_thread_set_priority(thread_id=60, prio=1100)
[W : PPU[1] Thread (CPUThread)[0x0082e034]]: sys_lwmutex warning: *** lwmutex created [] (attribute=0x12): sq_id = 61
[W : PPU[1] Thread (CPUThread)[0x00243da4]]: sys_mutex warning: *** mutex created [] (protocol=0x2, recursive=true): id = 62
[W : PPU[1] Thread (CPUThread)[0x00243dd8]]: sys_cond warning: *** condition on recursive mutex(62)
[W : PPU[1] Thread (CPUThread)[0x00243dd8]]: sys_cond warning: *** condition created [] (mutex_id=62): id = 63
[! : PPU[1] Thread (CPUThread)[0x0082e01c]]: *** New PPU Thread [CRI FS Data Decompression 0] (): id = 64
[W : PPU[1] Thread (CPUThread)[0x00244d9c]]: sysPrxForUser warning: sys_ppu_thread_set_priority(thread_id=64, prio=1100)
[W : PPU[1] Thread (CPUThread)[0x0082e034]]: sys_lwmutex warning: *** lwmutex created [] (attribute=0x12): sq_id = 65
[W : PPU[1] Thread (CPUThread)[0x0082e034]]: sys_lwmutex warning: *** lwmutex created [] (attribute=0x12): sq_id = 66
[W : PPU[1] Thread (CPUThread)[0x0082e034]]: sys_lwmutex warning: *** lwmutex created [] (attribute=0x12): sq_id = 67
[W : PPU[1] Thread (CPUThread)[0x0082e034]]: sys_lwmutex warning: *** lwmutex created [] (attribute=0x12): sq_id = 68
[W : PPU[1] Thread (CPUThread)[0x0082e034]]: sys_lwmutex warning: *** lwmutex created [] (attribute=0x12): sq_id = 69
[W : PPU[1] Thread (CPUThread)[0x0082e034]]: sys_lwmutex warning: *** lwmutex created [] (attribute=0x12): sq_id = 70
[W : PPU[1] Thread (CPUThread)[0x0082e034]]: sys_lwmutex warning: *** lwmutex created [] (attribute=0x12): sq_id = 71
[W : PPU[1] Thread (CPUThread)[0x0082e034]]: sys_lwmutex warning: *** lwmutex created [] (attribute=0x12): sq_id = 72
[W : PPU[1] Thread (CPUThread)[0x0082e034]]: sys_lwmutex warning: *** lwmutex created [] (attribute=0x12): sq_id = 73
[W : PPU[1] Thread (CPUThread)[0x0082e034]]: sys_lwmutex warning: *** lwmutex created [] (attribute=0x12): sq_id = 74
[W : PPU[1] Thread (CPUThread)[0x0082e034]]: sys_lwmutex warning: *** lwmutex created [] (attribute=0x12): sq_id = 75
[W : PPU[1] Thread (CPUThread)[0x0082e034]]: sys_lwmutex warning: *** lwmutex created [] (attribute=0x12): sq_id = 76
[! : PPU[1] Thread (CPUThread)[0x0082e01c]]: *** New PPU Thread [CRI Server Manager] (): id = 77
[W : PPU[1] Thread (CPUThread)[0x00244d9c]]: sysPrxForUser warning: sys_ppu_thread_set_priority(thread_id=77, prio=500)
[W : PPU[1] Thread (CPUThread)[0x00814130]]: cellSysutil warning: cellAudioOutGetConfiguration(audioOut=0, config_addr=0xd000fdd0, option_addr=0x0)
[W : PPU[1] Thread (CPUThread)[0x00814124]]: cellSysutil warning: cellAudioOutConfigure(audioOut=0, config_addr=0xd000fdd0, option_addr=0x0, (!)waitForEvent=0)
[W : PPU[1] Thread (CPUThread)[0x0081413c]]: cellSysutil warning: cellAudioOutGetState(audioOut=0x0,deviceIndex=0x0,state_addr=0xd000fde0)
[W : PPU[1] Thread (CPUThread)[0x00828004]]: cellAudio warning: cellAudioInit()
[! : Audio Thread]: Audio started
[W : PPU[1] Thread (CPUThread)[0x0082e034]]: sys_lwmutex warning: *** lwmutex created [] (attribute=0x12): sq_id = 78
[W : PPU[1] Thread (CPUThread)[0x0082e034]]: sys_lwmutex warning: *** lwmutex created [] (attribute=0x12): sq_id = 79
[W : PPU[1] Thread (CPUThread)[0x0082e034]]: sys_lwmutex warning: *** lwmutex created [] (attribute=0x12): sq_id = 80
[W : PPU[1] Thread (CPUThread)[0x0082e034]]: sys_lwmutex warning: *** lwmutex created [] (attribute=0x12): sq_id = 81
[W : PPU[1] Thread (CPUThread)[0x0082e034]]: sys_lwmutex warning: *** lwmutex created [] (attribute=0x12): sq_id = 82
[W : PPU[1] Thread (CPUThread)[0x0082e034]]: sys_lwmutex warning: *** lwmutex created [] (attribute=0x12): sq_id = 83
[W : PPU[1] Thread (CPUThread)[0x0082804c]]: cellAudio warning: cellAudioPortOpen(audioParam_addr=0xd000ff70, portNum_addr=0x36235620)
[W : PPU[1] Thread (CPUThread)[0x0082804c]]: cellAudio warning: *** audio port opened(nChannel=8, nBlock=8, attr=0x0, level=1.000000): port = 0
[W : PPU[1] Thread (CPUThread)[0x00828028]]: cellAudio warning: cellAudioGetPortConfig(portNum=0x0, portConfig_addr=0x36235600)
[W : PPU[1] Thread (CPUThread)[0x0082e034]]: sys_lwmutex warning: *** lwmutex created [] (attribute=0x12): sq_id = 84
[W : PPU[1] Thread (CPUThread)[0x00828034]]: cellAudio warning: cellAudioPortStart(portNum=0x0)
[E : PPU[77] Thread (CRI Server Manager)[0x0082a064]]: TODO: cellSpursJobQueuePort2Sync
[E : PPU[77] Thread (CRI Server Manager)[0x0082a064]]: TODO: cellSpursJobQueuePort2Sync
[E : PPU[77] Thread (CRI Server Manager)[0x0082a064]]: TODO: cellSpursJobQueuePort2Sync
[E : PPU[77] Thread (CRI Server Manager)[0x0082a064]]: TODO: cellSpursJobQueuePort2Sync
[E : PPU[77] Thread (CRI Server Manager)[0x0082a064]]: TODO: cellSpursJobQueuePort2Sync
[E : PPU[77] Thread (CRI Server Manager)[0x0082a064]]: TODO: cellSpursJobQueuePort2Sync
[E : PPU[77] Thread (CRI Server Manager)[0x0082a064]]: TODO: cellSpursJobQueuePort2Sync
[E : PPU[77] Thread (CRI Server Manager)[0x0082a064]]: TODO: cellSpursJobQueuePort2Sync
[E : PPU[77] Thread (CRI Server Manager)[0x0082a064]]: TODO: cellSpursJobQueuePort2Sync
[E : PPU[77] Thread (CRI Server Manager)[0x0082a064]]: TODO: cellSpursJobQueuePort2Sync
[E : PPU[77] Thread (CRI Server Manager)[0x0082a04c]]: TODO: _cellSpursJobQueuePort2PushJobBody
[E : PPU[77] Thread (CRI Server Manager)[0x0082a064]]: TODO: cellSpursJobQueuePort2Sync
[E : PPU[77] Thread (CRI Server Manager)[0x0082a04c]]: TODO: _cellSpursJobQueuePort2PushJobBody
[E : PPU[77] Thread (CRI Server Manager)[0x0082a064]]: TODO: cellSpursJobQueuePort2Sync
[E : PPU[77] Thread (CRI Server Manager)[0x0082a04c]]: TODO: _cellSpursJobQueuePort2PushJobBody
[E : PPU[77] Thread (CRI Server Manager)[0x0082a064]]: TODO: cellSpursJobQueuePort2Sync
[E : PPU[77] Thread (CRI Server Manager)[0x0082a04c]]: TODO: _cellSpursJobQueuePort2PushJobBody
[E : PPU[77] Thread (CRI Server Manager)[0x0082a064]]: TODO: cellSpursJobQueuePort2Sync
[E : PPU[77] Thread (CRI Server Manager)[0x0082a04c]]: TODO: _cellSpursJobQueuePort2PushJobBody
[E : PPU[77] Thread (CRI Server Manager)[0x0082a064]]: TODO: cellSpursJobQueuePort2Sync
[E : PPU[77] Thread (CRI Server Manager)[0x0082a04c]]: TODO: _cellSpursJobQueuePort2PushJobBody
[E : PPU[77] Thread (CRI Server Manager)[0x0082a064]]: TODO: cellSpursJobQueuePort2Sync
[E : PPU[77] Thread (CRI Server Manager)[0x0082a04c]]: TODO: _cellSpursJobQueuePort2PushJobBody
[E : PPU[77] Thread (CRI Server Manager)[0x0082a064]]: TODO: cellSpursJobQueuePort2Sync
[E : PPU[77] Thread (CRI Server Manager)[0x0082a04c]]: TODO: _cellSpursJobQueuePort2PushJobBody
[E : PPU[77] Thread (CRI Server Manager)[0x0082a064]]: TODO: cellSpursJobQueuePort2Sync
[E : PPU[77] Thread (CRI Server Manager)[0x0082a04c]]: TODO: _cellSpursJobQueuePort2PushJobBody
[E : PPU[77] Thread (CRI Server Manager)[0x0082a064]]: TODO: cellSpursJobQueuePort2Sync
[E : PPU[77] Thread (CRI Server Manager)[0x0082a034]]: TODO: _cellSpursJobQueuePort2CopyPushJobBody
[E : PPU[77] Thread (CRI Server Manager)[0x0082a064]]: TODO: cellSpursJobQueuePort2Sync
[E : PPU[77] Thread (CRI Server Manager)[0x0082a064]]: TODO: cellSpursJobQueuePort2Sync
[E : PPU[77] Thread (CRI Server Manager)[0x0082a034]]: TODO: _cellSpursJobQueuePort2CopyPushJobBody
[E : PPU[77] Thread (CRI Server Manager)[0x0082a064]]: TODO: cellSpursJobQueuePort2Sync
[E : PPU[77] Thread (CRI Server Manager)[0x0082a064]]: TODO: cellSpursJobQueuePort2Sync
[E : PPU[77] Thread (CRI Server Manager)[0x0082a064]]: TODO: cellSpursJobQueuePort2Sync
[E : PPU[77] Thread (CRI Server Manager)[0x0082a064]]: TODO: cellSpursJobQueuePort2Sync
[E : PPU[77] Thread (CRI Server Manager)[0x0082a064]]: TODO: cellSpursJobQueuePort2Sync
[E : PPU[77] Thread (CRI Server Manager)[0x0082a064]]: TODO: cellSpursJobQueuePort2Sync
[E : PPU[77] Thread (CRI Server Manager)[0x0082a04c]]: TODO: _cellSpursJobQueuePort2PushJobBody
[E : PPU[77] Thread (CRI Server Manager)[0x0082a064]]: TODO: cellSpursJobQueuePort2Sync
[E : PPU[77] Thread (CRI Server Manager)[0x0082a04c]]: TODO: _cellSpursJobQueuePort2PushJobBody
[E : PPU[77] Thread (CRI Server Manager)[0x0082a064]]: TODO: cellSpursJobQueuePort2Sync
[E : PPU[77] Thread (CRI Server Manager)[0x0082a04c]]: TODO: _cellSpursJobQueuePort2PushJobBody
[E : PPU[77] Thread (CRI Server Manager)[0x0082a064]]: TODO: cellSpursJobQueuePort2Sync
[E : PPU[77] Thread (CRI Server Manager)[0x0082a034]]: TODO: _cellSpursJobQueuePort2CopyPushJobBody
[E : PPU[77] Thread (CRI Server Manager)[0x0082a064]]: TODO: cellSpursJobQueuePort2Sync
[E : PPU[77] Thread (CRI Server Manager)[0x0082a064]]: TODO: cellSpursJobQueuePort2Sync
[E : PPU[77] Thread (CRI Server Manager)[0x0082a034]]: TODO: _cellSpursJobQueuePort2CopyPushJobBody
[E : PPU[77] Thread (CRI Server Manager)[0x0082a064]]: TODO: cellSpursJobQueuePort2Sync
[E : PPU[77] Thread (CRI Server Manager)[0x0082a064]]: TODO: cellSpursJobQueuePort2Sync
[E : PPU[77] Thread (CRI Server Manager)[0x0082a034]]: TODO: _cellSpursJobQueuePort2CopyPushJobBody
[E : PPU[77] Thread (CRI Server Manager)[0x0082a064]]: TODO: cellSpursJobQueuePort2Sync
[E : PPU[77] Thread (CRI Server Manager)[0x0082a064]]: TODO: cellSpursJobQueuePort2Sync
[E : PPU[77] Thread (CRI Server Manager)[0x0082a064]]: TODO: cellSpursJobQueuePort2Sync
[E : PPU[77] Thread (CRI Server Manager)[0x0082a064]]: TODO: cellSpursJobQueuePort2Sync
[E : PPU[77] Thread (CRI Server Manager)[0x0082a064]]: TODO: cellSpursJobQueuePort2Sync
[E : PPU[77] Thread (CRI Server Manager)[0x0082a064]]: TODO: cellSpursJobQueuePort2Sync
[E : PPU[77] Thread (CRI Server Manager)[0x0082a034]]: TODO: _cellSpursJobQueuePort2CopyPushJobBody
[E : PPU[77] Thread (CRI Server Manager)[0x0082a064]]: TODO: cellSpursJobQueuePort2Sync
[E : PPU[77] Thread (CRI Server Manager)[0x0082a064]]: TODO: cellSpursJobQueuePort2Sync
[E : PPU[77] Thread (CRI Server Manager)[0x0082a034]]: TODO: _cellSpursJobQueuePort2CopyPushJobBody
[E : PPU[77] Thread (CRI Server Manager)[0x0082a064]]: TODO: cellSpursJobQueuePort2Sync
[E : PPU[77] Thread (CRI Server Manager)[0x0082a064]]: TODO: cellSpursJobQueuePort2Sync
[W : PPU[1] Thread (CPUThread)[0x0082e034]]: sys_lwmutex warning: *** lwmutex created [] (attribute=0x12): sq_id = 85
[W : PPU[1] Thread (CPUThread)[0x0082e034]]: sys_lwmutex warning: *** lwmutex created [] (attribute=0x12): sq_id = 86
[W : PPU[1] Thread (CPUThread)[0x0082e034]]: sys_lwmutex warning: *** lwmutex created [] (attribute=0x12): sq_id = 87
[W : PPU[1] Thread (CPUThread)[0x0082e034]]: sys_lwmutex warning: *** lwmutex created [] (attribute=0x12): sq_id = 88
[W : PPU[1] Thread (CPUThread)[0x0082e034]]: sys_lwmutex warning: *** lwmutex created [] (attribute=0x12): sq_id = 89
[W : PPU[1] Thread (CPUThread)[0x0082e034]]: sys_lwmutex warning: *** lwmutex created [] (attribute=0x12): sq_id = 90
[W : PPU[1] Thread (CPUThread)[0x0082e034]]: sys_lwmutex warning: *** lwmutex created [] (attribute=0x12): sq_id = 91
[E : PPU[1] Thread (CPUThread)[0x0081401c]]: TODO: cellSysutilEnableBgmPlayback
[E : PPU[77] Thread (CRI Server Manager)[0x0082a064]]: TODO: cellSpursJobQueuePort2Sync
[E : PPU[77] Thread (CRI Server Manager)[0x0082a064]]: TODO: cellSpursJobQueuePort2Sync
[E : PPU[77] Thread (CRI Server Manager)[0x0082a064]]: TODO: cellSpursJobQueuePort2Sync
[E : PPU[77] Thread (CRI Server Manager)[0x0082a064]]: TODO: cellSpursJobQueuePort2Sync
[E : PPU[77] Thread (CRI Server Manager)[0x0082a034]]: TODO: _cellSpursJobQueuePort2CopyPushJobBody
[E : PPU[77] Thread (CRI Server Manager)[0x0082a064]]: TODO: cellSpursJobQueuePort2Sync
[E : PPU[77] Thread (CRI Server Manager)[0x0082a064]]: TODO: cellSpursJobQueuePort2Sync
[E : PPU[77] Thread (CRI Server Manager)[0x0082a034]]: TODO: _cellSpursJobQueuePort2CopyPushJobBody
[E : PPU[77] Thread (CRI Server Manager)[0x0082a064]]: TODO: cellSpursJobQueuePort2Sync
[E : PPU[77] Thread (CRI Server Manager)[0x0082a064]]: TODO: cellSpursJobQueuePort2Sync
[E : PPU[77] Thread (CRI Server Manager)[0x0082a034]]: TODO: _cellSpursJobQueuePort2CopyPushJobBody
[E : PPU[77] Thread (CRI Server Manager)[0x0082a064]]: TODO: cellSpursJobQueuePort2Sync
[E : PPU[77] Thread (CRI Server Manager)[0x0082a064]]: TODO: cellSpursJobQueuePort2Sync
[E : PPU[77] Thread (CRI Server Manager)[0x0082a064]]: TODO: cellSpursJobQueuePort2Sync
[E : PPU[77] Thread (CRI Server Manager)[0x0082a064]]: TODO: cellSpursJobQueuePort2Sync
[E : PPU[77] Thread (CRI Server Manager)[0x0082a064]]: TODO: cellSpursJobQueuePort2Sync
[E : PPU[77] Thread (CRI Server Manager)[0x0082a064]]: TODO: cellSpursJobQueuePort2Sync
[E : PPU[77] Thread (CRI Server Manager)[0x0082a034]]: TODO: _cellSpursJobQueuePort2CopyPushJobBody
[E : PPU[77] Thread (CRI Server Manager)[0x0082a064]]: TODO: cellSpursJobQueuePort2Sync
[E : PPU[77] Thread (CRI Server Manager)[0x0082a064]]: TODO: cellSpursJobQueuePort2Sync
[E : PPU[77] Thread (CRI Server Manager)[0x0082a034]]: TODO: _cellSpursJobQueuePort2CopyPushJobBody
[E : PPU[77] Thread (CRI Server Manager)[0x0082a064]]: TODO: cellSpursJobQueuePort2Sync
[E : PPU[77] Thread (CRI Server Manager)[0x0082a064]]: TODO: cellSpursJobQueuePort2Sync
[E : PPU[77] Thread (CRI Server Manager)[0x0082a034]]: TODO: _cellSpursJobQueuePort2CopyPushJobBody
[E : PPU[77] Thread (CRI Server Manager)[0x0082a064]]: TODO: cellSpursJobQueuePort2Sync
[E : PPU[77] Thread (CRI Server Manager)[0x0082a064]]: TODO: cellSpursJobQueuePort2Sync
[W : PPU[1] Thread (CPUThread)[0x0082e034]]: sys_lwmutex warning: *** lwmutex created [] (attribute=0x12): sq_id = 92
[W : PPU[1] Thread (CPUThread)[0x0082e034]]: sys_lwmutex warning: *** lwmutex created [] (attribute=0x12): sq_id = 93
[W : PPU[1] Thread (CPUThread)[0x0082e034]]: sys_lwmutex warning: *** lwmutex created [] (attribute=0x12): sq_id = 94
[W : PPU[1] Thread (CPUThread)[0x0082e034]]: sys_lwmutex warning: *** lwmutex created [] (attribute=0x12): sq_id = 95
[W : PPU[1] Thread (CPUThread)[0x0082e034]]: sys_lwmutex warning: *** lwmutex created [] (attribute=0x12): sq_id = 96
[W : PPU[1] Thread (CPUThread)[0x0082e034]]: sys_lwmutex warning: *** lwmutex created [] (attribute=0x12): sq_id = 97
[E : PPU[77] Thread (CRI Server Manager)[0x0082a064]]: TODO: cellSpursJobQueuePort2Sync
[E : PPU[77] Thread (CRI Server Manager)[0x0082a064]]: TODO: cellSpursJobQueuePort2Sync
[E : PPU[77] Thread (CRI Server Manager)[0x0082a064]]: TODO: cellSpursJobQueuePort2Sync
[E : PPU[77] Thread (CRI Server Manager)[0x0082a064]]: TODO: cellSpursJobQueuePort2Sync
[E : PPU[77] Thread (CRI Server Manager)[0x0082a034]]: TODO: _cellSpursJobQueuePort2CopyPushJobBody
[E : PPU[77] Thread (CRI Server Manager)[0x0082a064]]: TODO: cellSpursJobQueuePort2Sync
[E : PPU[77] Thread (CRI Server Manager)[0x0082a064]]: TODO: cellSpursJobQueuePort2Sync
[E : PPU[77] Thread (CRI Server Manager)[0x0082a034]]: TODO: _cellSpursJobQueuePort2CopyPushJobBody
[E : PPU[77] Thread (CRI Server Manager)[0x0082a064]]: TODO: cellSpursJobQueuePort2Sync
[E : PPU[77] Thread (CRI Server Manager)[0x0082a064]]: TODO: cellSpursJobQueuePort2Sync
[E : PPU[1] Thread (CPUThread)[0x0081e028]]: TODO: _cellSpursTasksetAttributeInitialize
[E : PPU[1] Thread (CPUThread)[0x0081e064]]: TODO: cellSpursTasksetAttributeSetName
[E : PPU[1] Thread (CPUThread)[0x0081e0a0]]: TODO: cellSpursCreateTasksetWithAttribute
[E : PPU[1] Thread (CPUThread)[0x0081e058]]: TODO: _cellSpursEventFlagInitialize
[E : PPU[77] Thread (CRI Server Manager)[0x0082a034]]: TODO: _cellSpursJobQueuePort2CopyPushJobBody
[E : PPU[1] Thread (CPUThread)[0x0081e058]]: TODO: _cellSpursEventFlagInitialize
[E : PPU[77] Thread (CRI Server Manager)[0x0082a064]]: TODO: cellSpursJobQueuePort2Sync
[E : PPU[1] Thread (CPUThread)[0x0081e070]]: TODO: cellSpursEventFlagAttachLv2EventQueue
[E : PPU[1] Thread (CPUThread)[0x0081e094]]: TODO: _cellSpursTaskAttributeInitialize
[E : PPU[77] Thread (CRI Server Manager)[0x0082a064]]: TODO: cellSpursJobQueuePort2Sync
[E : PPU[1] Thread (CPUThread)[0x0081e034]]: TODO: cellSpursCreateTaskWithAttribute
[E : PPU[1] Thread (CPUThread)[0x0081e058]]: TODO: _cellSpursEventFlagInitialize
[E : PPU[1] Thread (CPUThread)[0x0081e058]]: TODO: _cellSpursEventFlagInitialize
[E : PPU[1] Thread (CPUThread)[0x0081e070]]: TODO: cellSpursEventFlagAttachLv2EventQueue
[E : PPU[1] Thread (CPUThread)[0x0081e094]]: TODO: _cellSpursTaskAttributeInitialize
[E : PPU[1] Thread (CPUThread)[0x0081e034]]: TODO: cellSpursCreateTaskWithAttribute
[E : PPU[77] Thread (CRI Server Manager)[0x0082a064]]: TODO: cellSpursJobQueuePort2Sync
[E : PPU[77] Thread (CRI Server Manager)[0x0082a064]]: TODO: cellSpursJobQueuePort2Sync
[E : PPU[77] Thread (CRI Server Manager)[0x0082a064]]: TODO: cellSpursJobQueuePort2Sync
[E : PPU[77] Thread (CRI Server Manager)[0x0082a064]]: TODO: cellSpursJobQueuePort2Sync
[E : PPU[77] Thread (CRI Server Manager)[0x0082a034]]: TODO: _cellSpursJobQueuePort2CopyPushJobBody
[E : PPU[77] Thread (CRI Server Manager)[0x0082a064]]: TODO: cellSpursJobQueuePort2Sync
[E : PPU[77] Thread (CRI Server Manager)[0x0082a064]]: TODO: cellSpursJobQueuePort2Sync
[E : PPU[77] Thread (CRI Server Manager)[0x0082a034]]: TODO: _cellSpursJobQueuePort2CopyPushJobBody
[E : PPU[77] Thread (CRI Server Manager)[0x0082a064]]: TODO: cellSpursJobQueuePort2Sync
[E : PPU[77] Thread (CRI Server Manager)[0x0082a064]]: TODO: cellSpursJobQueuePort2Sync
[E : PPU[77] Thread (CRI Server Manager)[0x0082a034]]: TODO: _cellSpursJobQueuePort2CopyPushJobBody
[E : PPU[77] Thread (CRI Server Manager)[0x0082a064]]: TODO: cellSpursJobQueuePort2Sync
[E : PPU[77] Thread (CRI Server Manager)[0x0082a064]]: TODO: cellSpursJobQueuePort2Sync
[E : PPU[77] Thread (CRI Server Manager)[0x0082a064]]: TODO: cellSpursJobQueuePort2Sync
[E : PPU[77] Thread (CRI Server Manager)[0x0082a064]]: TODO: cellSpursJobQueuePort2Sync
[E : PPU[77] Thread (CRI Server Manager)[0x0082a064]]: TODO: cellSpursJobQueuePort2Sync
[E : PPU[77] Thread (CRI Server Manager)[0x0082a064]]: TODO: cellSpursJobQueuePort2Sync
[E : PPU[77] Thread (CRI Server Manager)[0x0082a034]]: TODO: _cellSpursJobQueuePort2CopyPushJobBody
[E : PPU[77] Thread (CRI Server Manager)[0x0082a064]]: TODO: cellSpursJobQueuePort2Sync
[E : PPU[77] Thread (CRI Server Manager)[0x0082a064]]: TODO: cellSpursJobQueuePort2Sync
[E : PPU[77] Thread (CRI Server Manager)[0x0082a034]]: TODO: _cellSpursJobQueuePort2CopyPushJobBody
[E : PPU[77] Thread (CRI Server Manager)[0x0082a064]]: TODO: cellSpursJobQueuePort2Sync
[E : PPU[77] Thread (CRI Server Manager)[0x0082a064]]: TODO: cellSpursJobQueuePort2Sync
[E : PPU[77] Thread (CRI Server Manager)[0x0082a034]]: TODO: _cellSpursJobQueuePort2CopyPushJobBody
[E : PPU[77] Thread (CRI Server Manager)[0x0082a064]]: TODO: cellSpursJobQueuePort2Sync
[E : PPU[77] Thread (CRI Server Manager)[0x0082a064]]: TODO: cellSpursJobQueuePort2Sync
[E : PPU[77] Thread (CRI Server Manager)[0x0082a064]]: TODO: cellSpursJobQueuePort2Sync
[E : PPU[77] Thread (CRI Server Manager)[0x0082a064]]: TODO: cellSpursJobQueuePort2Sync
[E : PPU[77] Thread (CRI Server Manager)[0x0082a064]]: TODO: cellSpursJobQueuePort2Sync
[E : PPU[77] Thread (CRI Server Manager)[0x0082a064]]: TODO: cellSpursJobQueuePort2Sync
[E : PPU[77] Thread (CRI Server Manager)[0x0082a034]]: TODO: _cellSpursJobQueuePort2CopyPushJobBody
[E : PPU[77] Thread (CRI Server Manager)[0x0082a064]]: TODO: cellSpursJobQueuePort2Sync
[E : PPU[77] Thread (CRI Server Manager)[0x0082a064]]: TODO: cellSpursJobQueuePort2Sync
[E : PPU[77] Thread (CRI Server Manager)[0x0082a034]]: TODO: _cellSpursJobQueuePort2CopyPushJobBody
[E : PPU[77] Thread (CRI Server Manager)[0x0082a064]]: TODO: cellSpursJobQueuePort2Sync
[E : PPU[77] Thread (CRI Server Manager)[0x0082a064]]: TODO: cellSpursJobQueuePort2Sync
[E : PPU[77] Thread (CRI Server Manager)[0x0082a034]]: TODO: _cellSpursJobQueuePort2CopyPushJobBody
[E : PPU[77] Thread (CRI Server Manager)[0x0082a064]]: TODO: cellSpursJobQueuePort2Sync
[E : PPU[77] Thread (CRI Server Manager)[0x0082a064]]: TODO: cellSpursJobQueuePort2Sync
[E : PPU[77] Thread (CRI Server Manager)[0x0082a064]]: TODO: cellSpursJobQueuePort2Sync
[E : PPU[77] Thread (CRI Server Manager)[0x0082a064]]: TODO: cellSpursJobQueuePort2Sync
[E : PPU[77] Thread (CRI Server Manager)[0x0082a064]]: TODO: cellSpursJobQueuePort2Sync
[E : PPU[77] Thread (CRI Server Manager)[0x0082a064]]: TODO: cellSpursJobQueuePort2Sync
[E : PPU[77] Thread (CRI Server Manager)[0x0082a034]]: TODO: _cellSpursJobQueuePort2CopyPushJobBody
[E : PPU[77] Thread (CRI Server Manager)[0x0082a064]]: TODO: cellSpursJobQueuePort2Sync
[E : PPU[77] Thread (CRI Server Manager)[0x0082a064]]: TODO: cellSpursJobQueuePort2Sync
[E : PPU[77] Thread (CRI Server Manager)[0x0082a034]]: TODO: _cellSpursJobQueuePort2CopyPushJobBody
[E : PPU[77] Thread (CRI Server Manager)[0x0082a064]]: TODO: cellSpursJobQueuePort2Sync
[E : PPU[77] Thread (CRI Server Manager)[0x0082a064]]: TODO: cellSpursJobQueuePort2Sync
[E : PPU[77] Thread (CRI Server Manager)[0x0082a034]]: TODO: _cellSpursJobQueuePort2CopyPushJobBody
[E : PPU[77] Thread (CRI Server Manager)[0x0082a064]]: TODO: cellSpursJobQueuePort2Sync
[E : PPU[77] Thread (CRI Server Manager)[0x0082a064]]: TODO: cellSpursJobQueuePort2Sync
[E : PPU[77] Thread (CRI Server Manager)[0x0082a064]]: TODO: cellSpursJobQueuePort2Sync
[E : PPU[77] Thread (CRI Server Manager)[0x0082a064]]: TODO: cellSpursJobQueuePort2Sync
[E : PPU[77] Thread (CRI Server Manager)[0x0082a064]]: TODO: cellSpursJobQueuePort2Sync
[E : PPU[77] Thread (CRI Server Manager)[0x0082a064]]: TODO: cellSpursJobQueuePort2Sync
[E : PPU[77] Thread (CRI Server Manager)[0x0082a034]]: TODO: _cellSpursJobQueuePort2CopyPushJobBody
[E : PPU[77] Thread (CRI Server Manager)[0x0082a064]]: TODO: cellSpursJobQueuePort2Sync
[E : PPU[77] Thread (CRI Server Manager)[0x0082a064]]: TODO: cellSpursJobQueuePort2Sync
[E : PPU[77] Thread (CRI Server Manager)[0x0082a034]]: TODO: _cellSpursJobQueuePort2CopyPushJobBody
[E : PPU[77] Thread (CRI Server Manager)[0x0082a064]]: TODO: cellSpursJobQueuePort2Sync
[E : PPU[77] Thread (CRI Server Manager)[0x0082a064]]: TODO: cellSpursJobQueuePort2Sync
[E : PPU[77] Thread (CRI Server Manager)[0x0082a034]]: TODO: _cellSpursJobQueuePort2CopyPushJobBody
[E : PPU[77] Thread (CRI Server Manager)[0x0082a064]]: TODO: cellSpursJobQueuePort2Sync
[E : PPU[77] Thread (CRI Server Manager)[0x0082a064]]: TODO: cellSpursJobQueuePort2Sync
[E : PPU[77] Thread (CRI Server Manager)[0x0082a064]]: TODO: cellSpursJobQueuePort2Sync
[E : PPU[77] Thread (CRI Server Manager)[0x0082a064]]: TODO: cellSpursJobQueuePort2Sync
[E : PPU[77] Thread (CRI Server Manager)[0x0082a064]]: TODO: cellSpursJobQueuePort2Sync
[E : PPU[77] Thread (CRI Server Manager)[0x0082a064]]: TODO: cellSpursJobQueuePort2Sync
[E : PPU[77] Thread (CRI Server Manager)[0x0082a034]]: TODO: _cellSpursJobQueuePort2CopyPushJobBody
[E : PPU[77] Thread (CRI Server Manager)[0x0082a064]]: TODO: cellSpursJobQueuePort2Sync
[E : PPU[77] Thread (CRI Server Manager)[0x0082a064]]: TODO: cellSpursJobQueuePort2Sync
[E : PPU[77] Thread (CRI Server Manager)[0x0082a034]]: TODO: _cellSpursJobQueuePort2CopyPushJobBody
[E : PPU[77] Thread (CRI Server Manager)[0x0082a064]]: TODO: cellSpursJobQueuePort2Sync
[E : PPU[77] Thread (CRI Server Manager)[0x0082a064]]: TODO: cellSpursJobQueuePort2Sync
[E : PPU[77] Thread (CRI Server Manager)[0x0082a034]]: TODO: _cellSpursJobQueuePort2CopyPushJobBody
[E : PPU[77] Thread (CRI Server Manager)[0x0082a064]]: TODO: cellSpursJobQueuePort2Sync
[E : PPU[77] Thread (CRI Server Manager)[0x0082a064]]: TODO: cellSpursJobQueuePort2Sync
[E : PPU[77] Thread (CRI Server Manager)[0x0082a064]]: TODO: cellSpursJobQueuePort2Sync
[E : PPU[77] Thread (CRI Server Manager)[0x0082a064]]: TODO: cellSpursJobQueuePort2Sync
[E : PPU[77] Thread (CRI Server Manager)[0x0082a064]]: TODO: cellSpursJobQueuePort2Sync
[E : PPU[77] Thread (CRI Server Manager)[0x0082a064]]: TODO: cellSpursJobQueuePort2Sync
[E : PPU[77] Thread (CRI Server Manager)[0x0082a034]]: TODO: _cellSpursJobQueuePort2CopyPushJobBody
[E : PPU[77] Thread (CRI Server Manager)[0x0082a064]]: TODO: cellSpursJobQueuePort2Sync
[E : PPU[77] Thread (CRI Server Manager)[0x0082a064]]: TODO: cellSpursJobQueuePort2Sync
[E : PPU[77] Thread (CRI Server Manager)[0x0082a034]]: TODO: _cellSpursJobQueuePort2CopyPushJobBody
[E : PPU[77] Thread (CRI Server Manager)[0x0082a064]]: TODO: cellSpursJobQueuePort2Sync
[E : PPU[77] Thread (CRI Server Manager)[0x0082a064]]: TODO: cellSpursJobQueuePort2Sync
[E : PPU[77] Thread (CRI Server Manager)[0x0082a064]]: TODO: cellSpursJobQueuePort2Sync
[E : PPU[77] Thread (CRI Server Manager)[0x0082a064]]: TODO: cellSpursJobQueuePort2Sync
[E : PPU[77] Thread (CRI Server Manager)[0x0082a064]]: TODO: cellSpursJobQueuePort2Sync
[E : PPU[77] Thread (CRI Server Manager)[0x0082a064]]: TODO: cellSpursJobQueuePort2Sync
[E : PPU[77] Thread (CRI Server Manager)[0x0082a034]]: TODO: _cellSpursJobQueuePort2CopyPushJobBody
[E : PPU[77] Thread (CRI Server Manager)[0x0082a064]]: TODO: cellSpursJobQueuePort2Sync
[E : PPU[77] Thread (CRI Server Manager)[0x0082a064]]: TODO: cellSpursJobQueuePort2Sync
[E : PPU[77] Thread (CRI Server Manager)[0x0082a034]]: TODO: _cellSpursJobQueuePort2CopyPushJobBody
[E : PPU[77] Thread (CRI Server Manager)[0x0082a064]]: TODO: cellSpursJobQueuePort2Sync
[E : PPU[77] Thread (CRI Server Manager)[0x0082a064]]: TODO: cellSpursJobQueuePort2Sync
[E : PPU[77] Thread (CRI Server Manager)[0x0082a034]]: TODO: _cellSpursJobQueuePort2CopyPushJobBody
[E : PPU[77] Thread (CRI Server Manager)[0x0082a064]]: TODO: cellSpursJobQueuePort2Sync
[E : PPU[77] Thread (CRI Server Manager)[0x0082a064]]: TODO: cellSpursJobQueuePort2Sync
[E : PPU[77] Thread (CRI Server Manager)[0x0082a064]]: TODO: cellSpursJobQueuePort2Sync
[E : PPU[77] Thread (CRI Server Manager)[0x0082a064]]: TODO: cellSpursJobQueuePort2Sync
[E : PPU[77] Thread (CRI Server Manager)[0x0082a064]]: TODO: cellSpursJobQueuePort2Sync
[E : PPU[77] Thread (CRI Server Manager)[0x0082a064]]: TODO: cellSpursJobQueuePort2Sync
[E : PPU[77] Thread (CRI Server Manager)[0x0082a034]]: TODO: _cellSpursJobQueuePort2CopyPushJobBody
[E : PPU[77] Thread (CRI Server Manager)[0x0082a064]]: TODO: cellSpursJobQueuePort2Sync
[E : PPU[77] Thread (CRI Server Manager)[0x0082a064]]: TODO: cellSpursJobQueuePort2Sync
[E : PPU[77] Thread (CRI Server Manager)[0x0082a034]]: TODO: _cellSpursJobQueuePort2CopyPushJobBody
[E : PPU[77] Thread (CRI Server Manager)[0x0082a064]]: TODO: cellSpursJobQueuePort2Sync
[E : PPU[77] Thread (CRI Server Manager)[0x0082a064]]: TODO: cellSpursJobQueuePort2Sync
[E : PPU[77] Thread (CRI Server Manager)[0x0082a034]]: TODO: _cellSpursJobQueuePort2CopyPushJobBody
[E : PPU[77] Thread (CRI Server Manager)[0x0082a064]]: TODO: cellSpursJobQueuePort2Sync
[E : PPU[77] Thread (CRI Server Manager)[0x0082a064]]: TODO: cellSpursJobQueuePort2Sync
[E : PPU[77] Thread (CRI Server Manager)[0x0082a064]]: TODO: cellSpursJobQueuePort2Sync
[E : PPU[77] Thread (CRI Server Manager)[0x0082a064]]: TODO: cellSpursJobQueuePort2Sync
[E : PPU[77] Thread (CRI Server Manager)[0x0082a064]]: TODO: cellSpursJobQueuePort2Sync
[E : PPU[77] Thread (CRI Server Manager)[0x0082a064]]: TODO: cellSpursJobQueuePort2Sync
[E : PPU[77] Thread (CRI Server Manager)[0x0082a034]]: TODO: _cellSpursJobQueuePort2CopyPushJobBody
[E : PPU[77] Thread (CRI Server Manager)[0x0082a064]]: TODO: cellSpursJobQueuePort2Sync
[E : PPU[77] Thread (CRI Server Manager)[0x0082a064]]: TODO: cellSpursJobQueuePort2Sync
[E : PPU[77] Thread (CRI Server Manager)[0x0082a034]]: TODO: _cellSpursJobQueuePort2CopyPushJobBody
[E : PPU[77] Thread (CRI Server Manager)[0x0082a064]]: TODO: cellSpursJobQueuePort2Sync
[E : PPU[77] Thread (CRI Server Manager)[0x0082a064]]: TODO: cellSpursJobQueuePort2Sync
[E : PPU[77] Thread (CRI Server Manager)[0x0082a034]]: TODO: _cellSpursJobQueuePort2CopyPushJobBody
[E : PPU[77] Thread (CRI Server Manager)[0x0082a064]]: TODO: cellSpursJobQueuePort2Sync
[E : PPU[77] Thread (CRI Server Manager)[0x0082a064]]: TODO: cellSpursJobQueuePort2Sync
[E : PPU[77] Thread (CRI Server Manager)[0x0082a064]]: TODO: cellSpursJobQueuePort2Sync
[E : PPU[77] Thread (CRI Server Manager)[0x0082a064]]: TODO: cellSpursJobQueuePort2Sync
[E : PPU[77] Thread (CRI Server Manager)[0x0082a064]]: TODO: cellSpursJobQueuePort2Sync
[E : PPU[77] Thread (CRI Server Manager)[0x0082a064]]: TODO: cellSpursJobQueuePort2Sync
[E : PPU[77] Thread (CRI Server Manager)[0x0082a034]]: TODO: _cellSpursJobQueuePort2CopyPushJobBody
[E : PPU[77] Thread (CRI Server Manager)[0x0082a064]]: TODO: cellSpursJobQueuePort2Sync
[E : PPU[77] Thread (CRI Server Manager)[0x0082a064]]: TODO: cellSpursJobQueuePort2Sync
[E : PPU[77] Thread (CRI Server Manager)[0x0082a034]]: TODO: _cellSpursJobQueuePort2CopyPushJobBody
[E : PPU[77] Thread (CRI Server Manager)[0x0082a064]]: TODO: cellSpursJobQueuePort2Sync
[E : PPU[77] Thread (CRI Server Manager)[0x0082a064]]: TODO: cellSpursJobQueuePort2Sync
[E : PPU[77] Thread (CRI Server Manager)[0x0082a034]]: TODO: _cellSpursJobQueuePort2CopyPushJobBody
[E : PPU[77] Thread (CRI Server Manager)[0x0082a064]]: TODO: cellSpursJobQueuePort2Sync
[E : PPU[77] Thread (CRI Server Manager)[0x0082a064]]: TODO: cellSpursJobQueuePort2Sync
[E : PPU[77] Thread (CRI Server Manager)[0x0082a064]]: TODO: cellSpursJobQueuePort2Sync
[E : PPU[77] Thread (CRI Server Manager)[0x0082a064]]: TODO: cellSpursJobQueuePort2Sync
[E : PPU[77] Thread (CRI Server Manager)[0x0082a064]]: TODO: cellSpursJobQueuePort2Sync
[E : PPU[77] Thread (CRI Server Manager)[0x0082a064]]: TODO: cellSpursJobQueuePort2Sync
[E : PPU[77] Thread (CRI Server Manager)[0x0082a034]]: TODO: _cellSpursJobQueuePort2CopyPushJobBody
[E : PPU[77] Thread (CRI Server Manager)[0x0082a064]]: TODO: cellSpursJobQueuePort2Sync
[E : PPU[77] Thread (CRI Server Manager)[0x0082a064]]: TODO: cellSpursJobQueuePort2Sync
[E : PPU[77] Thread (CRI Server Manager)[0x0082a034]]: TODO: _cellSpursJobQueuePort2CopyPushJobBody
[E : PPU[77] Thread (CRI Server Manager)[0x0082a064]]: TODO: cellSpursJobQueuePort2Sync
[E : PPU[77] Thread (CRI Server Manager)[0x0082a064]]: TODO: cellSpursJobQueuePort2Sync
[E : PPU[77] Thread (CRI Server Manager)[0x0082a064]]: TODO: cellSpursJobQueuePort2Sync
[E : PPU[77] Thread (CRI Server Manager)[0x0082a064]]: TODO: cellSpursJobQueuePort2Sync
[E : PPU[77] Thread (CRI Server Manager)[0x0082a064]]: TODO: cellSpursJobQueuePort2Sync
[E : PPU[77] Thread (CRI Server Manager)[0x0082a064]]: TODO: cellSpursJobQueuePort2Sync
[E : PPU[77] Thread (CRI Server Manager)[0x0082a034]]: TODO: _cellSpursJobQueuePort2CopyPushJobBody
[E : PPU[77] Thread (CRI Server Manager)[0x0082a064]]: TODO: cellSpursJobQueuePort2Sync
[E : PPU[77] Thread (CRI Server Manager)[0x0082a064]]: TODO: cellSpursJobQueuePort2Sync
[E : PPU[77] Thread (CRI Server Manager)[0x0082a034]]: TODO: _cellSpursJobQueuePort2CopyPushJobBody
[E : PPU[77] Thread (CRI Server Manager)[0x0082a064]]: TODO: cellSpursJobQueuePort2Sync
[E : PPU[77] Thread (CRI Server Manager)[0x0082a064]]: TODO: cellSpursJobQueuePort2Sync
[E : PPU[77] Thread (CRI Server Manager)[0x0082a034]]: TODO: _cellSpursJobQueuePort2CopyPushJobBody
[E : PPU[77] Thread (CRI Server Manager)[0x0082a064]]: TODO: cellSpursJobQueuePort2Sync
[E : PPU[77] Thread (CRI Server Manager)[0x0082a064]]: TODO: cellSpursJobQueuePort2Sync
[E : PPU[77] Thread (CRI Server Manager)[0x0082a064]]: TODO: cellSpursJobQueuePort2Sync
[E : PPU[77] Thread (CRI Server Manager)[0x0082a064]]: TODO: cellSpursJobQueuePort2Sync
[E : PPU[77] Thread (CRI Server Manager)[0x0082a064]]: TODO: cellSpursJobQueuePort2Sync
[E : PPU[77] Thread (CRI Server Manager)[0x0082a064]]: TODO: cellSpursJobQueuePort2Sync
[E : PPU[77] Thread (CRI Server Manager)[0x0082a034]]: TODO: _cellSpursJobQueuePort2CopyPushJobBody
[E : PPU[77] Thread (CRI Server Manager)[0x0082a064]]: TODO: cellSpursJobQueuePort2Sync
[E : PPU[77] Thread (CRI Server Manager)[0x0082a064]]: TODO: cellSpursJobQueuePort2Sync
[E : PPU[77] Thread (CRI Server Manager)[0x0082a034]]: TODO: _cellSpursJobQueuePort2CopyPushJobBody
[E : PPU[77] Thread (CRI Server Manager)[0x0082a064]]: TODO: cellSpursJobQueuePort2Sync
[E : PPU[77] Thread (CRI Server Manager)[0x0082a064]]: TODO: cellSpursJobQueuePort2Sync
[E : PPU[77] Thread (CRI Server Manager)[0x0082a034]]: TODO: _cellSpursJobQueuePort2CopyPushJobBody
[E : PPU[77] Thread (CRI Server Manager)[0x0082a064]]: TODO: cellSpursJobQueuePort2Sync
[E : PPU[77] Thread (CRI Server Manager)[0x0082a064]]: TODO: cellSpursJobQueuePort2Sync
[E : PPU[77] Thread (CRI Server Manager)[0x0082a064]]: TODO: cellSpursJobQueuePort2Sync
[E : PPU[77] Thread (CRI Server Manager)[0x0082a064]]: TODO: cellSpursJobQueuePort2Sync
[E : PPU[77] Thread (CRI Server Manager)[0x0082a064]]: TODO: cellSpursJobQueuePort2Sync
[E : PPU[77] Thread (CRI Server Manager)[0x0082a064]]: TODO: cellSpursJobQueuePort2Sync
[E : PPU[77] Thread (CRI Server Manager)[0x0082a034]]: TODO: _cellSpursJobQueuePort2CopyPushJobBody
[E : PPU[77] Thread (CRI Server Manager)[0x0082a064]]: TODO: cellSpursJobQueuePort2Sync
[E : PPU[77] Thread (CRI Server Manager)[0x0082a064]]: TODO: cellSpursJobQueuePort2Sync
[E : PPU[77] Thread (CRI Server Manager)[0x0082a034]]: TODO: _cellSpursJobQueuePort2CopyPushJobBody
[E : PPU[77] Thread (CRI Server Manager)[0x0082a064]]: TODO: cellSpursJobQueuePort2Sync
[E : PPU[77] Thread (CRI Server Manager)[0x0082a064]]: TODO: cellSpursJobQueuePort2Sync
[E : PPU[77] Thread (CRI Server Manager)[0x0082a034]]: TODO: _cellSpursJobQueuePort2CopyPushJobBody
[E : PPU[77] Thread (CRI Server Manager)[0x0082a064]]: TODO: cellSpursJobQueuePort2Sync
[E : PPU[77] Thread (CRI Server Manager)[0x0082a064]]: TODO: cellSpursJobQueuePort2Sync
[E : PPU[77] Thread (CRI Server Manager)[0x0082a064]]: TODO: cellSpursJobQueuePort2Sync
[E : PPU[77] Thread (CRI Server Manager)[0x0082a064]]: TODO: cellSpursJobQueuePort2Sync
[E : PPU[77] Thread (CRI Server Manager)[0x0082a064]]: TODO: cellSpursJobQueuePort2Sync
[E : PPU[77] Thread (CRI Server Manager)[0x0082a064]]: TODO: cellSpursJobQueuePort2Sync
[E : PPU[77] Thread (CRI Server Manager)[0x0082a034]]: TODO: _cellSpursJobQueuePort2CopyPushJobBody
[E : PPU[77] Thread (CRI Server Manager)[0x0082a064]]: TODO: cellSpursJobQueuePort2Sync
[E : PPU[77] Thread (CRI Server Manager)[0x0082a064]]: TODO: cellSpursJobQueuePort2Sync
[E : PPU[77] Thread (CRI Server Manager)[0x0082a034]]: TODO: _cellSpursJobQueuePort2CopyPushJobBody
[E : PPU[77] Thread (CRI Server Manager)[0x0082a064]]: TODO: cellSpursJobQueuePort2Sync
[E : PPU[77] Thread (CRI Server Manager)[0x0082a064]]: TODO: cellSpursJobQueuePort2Sync
[E : PPU[77] Thread (CRI Server Manager)[0x0082a034]]: TODO: _cellSpursJobQueuePort2CopyPushJobBody
[E : PPU[77] Thread (CRI Server Manager)[0x0082a064]]: TODO: cellSpursJobQueuePort2Sync
[E : PPU[77] Thread (CRI Server Manager)[0x0082a064]]: TODO: cellSpursJobQueuePort2Sync
[E : PPU[77] Thread (CRI Server Manager)[0x0082a064]]: TODO: cellSpursJobQueuePort2Sync
[E : PPU[77] Thread (CRI Server Manager)[0x0082a064]]: TODO: cellSpursJobQueuePort2Sync
[E : PPU[77] Thread (CRI Server Manager)[0x0082a064]]: TODO: cellSpursJobQueuePort2Sync
[E : PPU[77] Thread (CRI Server Manager)[0x0082a064]]: TODO: cellSpursJobQueuePort2Sync
[E : PPU[77] Thread (CRI Server Manager)[0x0082a034]]: TODO: _cellSpursJobQueuePort2CopyPushJobBody
[E : PPU[77] Thread (CRI Server Manager)[0x0082a064]]: TODO: cellSpursJobQueuePort2Sync
[E : PPU[77] Thread (CRI Server Manager)[0x0082a064]]: TODO: cellSpursJobQueuePort2Sync
[E : PPU[77] Thread (CRI Server Manager)[0x0082a034]]: TODO: _cellSpursJobQueuePort2CopyPushJobBody
[E : PPU[77] Thread (CRI Server Manager)[0x0082a064]]: TODO: cellSpursJobQueuePort2Sync
[E : PPU[77] Thread (CRI Server Manager)[0x0082a064]]: TODO: cellSpursJobQueuePort2Sync
[E : PPU[77] Thread (CRI Server Manager)[0x0082a034]]: TODO: _cellSpursJobQueuePort2CopyPushJobBody
[E : PPU[77] Thread (CRI Server Manager)[0x0082a064]]: TODO: cellSpursJobQueuePort2Sync
[E : PPU[77] Thread (CRI Server Manager)[0x0082a064]]: TODO: cellSpursJobQueuePort2Sync
[E : PPU[77] Thread (CRI Server Manager)[0x0082a064]]: TODO: cellSpursJobQueuePort2Sync
[E : PPU[77] Thread (CRI Server Manager)[0x0082a064]]: TODO: cellSpursJobQueuePort2Sync
[E : PPU[77] Thread (CRI Server Manager)[0x0082a064]]: TODO: cellSpursJobQueuePort2Sync
[E : PPU[77] Thread (CRI Server Manager)[0x0082a064]]: TODO: cellSpursJobQueuePort2Sync
[E : PPU[77] Thread (CRI Server Manager)[0x0082a034]]: TODO: _cellSpursJobQueuePort2CopyPushJobBody
[E : PPU[77] Thread (CRI Server Manager)[0x0082a064]]: TODO: cellSpursJobQueuePort2Sync
[E : PPU[77] Thread (CRI Server Manager)[0x0082a064]]: TODO: cellSpursJobQueuePort2Sync
[E : PPU[77] Thread (CRI Server Manager)[0x0082a034]]: TODO: _cellSpursJobQueuePort2CopyPushJobBody
[E : PPU[77] Thread (CRI Server Manager)[0x0082a064]]: TODO: cellSpursJobQueuePort2Sync
[E : PPU[77] Thread (CRI Server Manager)[0x0082a064]]: TODO: cellSpursJobQueuePort2Sync
[E : PPU[77] Thread (CRI Server Manager)[0x0082a034]]: TODO: _cellSpursJobQueuePort2CopyPushJobBody
[E : PPU[77] Thread (CRI Server Manager)[0x0082a064]]: TODO: cellSpursJobQueuePort2Sync
[E : PPU[77] Thread (CRI Server Manager)[0x0082a064]]: TODO: cellSpursJobQueuePort2Sync
[E : PPU[77] Thread (CRI Server Manager)[0x0082a064]]: TODO: cellSpursJobQueuePort2Sync
[E : PPU[77] Thread (CRI Server Manager)[0x0082a064]]: TODO: cellSpursJobQueuePort2Sync
[E : PPU[77] Thread (CRI Server Manager)[0x0082a064]]: TODO: cellSpursJobQueuePort2Sync
[E : PPU[77] Thread (CRI Server Manager)[0x0082a064]]: TODO: cellSpursJobQueuePort2Sync
[E : PPU[77] Thread (CRI Server Manager)[0x0082a034]]: TODO: _cellSpursJobQueuePort2CopyPushJobBody
[E : PPU[77] Thread (CRI Server Manager)[0x0082a064]]: TODO: cellSpursJobQueuePort2Sync
[E : PPU[77] Thread (CRI Server Manager)[0x0082a064]]: TODO: cellSpursJobQueuePort2Sync
[E : PPU[77] Thread (CRI Server Manager)[0x0082a034]]: TODO: _cellSpursJobQueuePort2CopyPushJobBody
[E : PPU[77] Thread (CRI Server Manager)[0x0082a064]]: TODO: cellSpursJobQueuePort2Sync
[E : PPU[77] Thread (CRI Server Manager)[0x0082a064]]: TODO: cellSpursJobQueuePort2Sync
[E : PPU[77] Thread (CRI Server Manager)[0x0082a034]]: TODO: _cellSpursJobQueuePort2CopyPushJobBody
[E : PPU[77] Thread (CRI Server Manager)[0x0082a064]]: TODO: cellSpursJobQueuePort2Sync
[E : PPU[77] Thread (CRI Server Manager)[0x0082a064]]: TODO: cellSpursJobQueuePort2Sync
[E : PPU[77] Thread (CRI Server Manager)[0x0082a064]]: TODO: cellSpursJobQueuePort2Sync
[E : PPU[77] Thread (CRI Server Manager)[0x0082a064]]: TODO: cellSpursJobQueuePort2Sync
[E : PPU[77] Thread (CRI Server Manager)[0x0082a064]]: TODO: cellSpursJobQueuePort2Sync
[E : PPU[77] Thread (CRI Server Manager)[0x0082a064]]: TODO: cellSpursJobQueuePort2Sync
[E : PPU[77] Thread (CRI Server Manager)[0x0082a034]]: TODO: _cellSpursJobQueuePort2CopyPushJobBody
[E : PPU[77] Thread (CRI Server Manager)[0x0082a064]]: TODO: cellSpursJobQueuePort2Sync
[E : PPU[77] Thread (CRI Server Manager)[0x0082a064]]: TODO: cellSpursJobQueuePort2Sync
[E : PPU[77] Thread (CRI Server Manager)[0x0082a034]]: TODO: _cellSpursJobQueuePort2CopyPushJobBody
[E : PPU[77] Thread (CRI Server Manager)[0x0082a064]]: TODO: cellSpursJobQueuePort2Sync
[E : PPU[77] Thread (CRI Server Manager)[0x0082a064]]: TODO: cellSpursJobQueuePort2Sync
[E : PPU[77] Thread (CRI Server Manager)[0x0082a034]]: TODO: _cellSpursJobQueuePort2CopyPushJobBody
[E : PPU[77] Thread (CRI Server Manager)[0x0082a064]]: TODO: cellSpursJobQueuePort2Sync
[E : PPU[77] Thread (CRI Server Manager)[0x0082a064]]: TODO: cellSpursJobQueuePort2Sync
[E : PPU[77] Thread (CRI Server Manager)[0x0082a064]]: TODO: cellSpursJobQueuePort2Sync
[E : PPU[77] Thread (CRI Server Manager)[0x0082a064]]: TODO: cellSpursJobQueuePort2Sync
[E : PPU[77] Thread (CRI Server Manager)[0x0082a064]]: TODO: cellSpursJobQueuePort2Sync
[E : PPU[77] Thread (CRI Server Manager)[0x0082a064]]: TODO: cellSpursJobQueuePort2Sync
[E : PPU[77] Thread (CRI Server Manager)[0x0082a034]]: TODO: _cellSpursJobQueuePort2CopyPushJobBody
[E : PPU[77] Thread (CRI Server Manager)[0x0082a064]]: TODO: cellSpursJobQueuePort2Sync
[E : PPU[77] Thread (CRI Server Manager)[0x0082a064]]: TODO: cellSpursJobQueuePort2Sync
[E : PPU[77] Thread (CRI Server Manager)[0x0082a034]]: TODO: _cellSpursJobQueuePort2CopyPushJobBody
[E : PPU[77] Thread (CRI Server Manager)[0x0082a064]]: TODO: cellSpursJobQueuePort2Sync
[E : PPU[77] Thread (CRI Server Manager)[0x0082a064]]: TODO: cellSpursJobQueuePort2Sync
[E : PPU[77] Thread (CRI Server Manager)[0x0082a034]]: TODO: _cellSpursJobQueuePort2CopyPushJobBody
[E : PPU[77] Thread (CRI Server Manager)[0x0082a064]]: TODO: cellSpursJobQueuePort2Sync
[E : PPU[77] Thread (CRI Server Manager)[0x0082a064]]: TODO: cellSpursJobQueuePort2Sync
[E : PPU[77] Thread (CRI Server Manager)[0x0082a064]]: TODO: cellSpursJobQueuePort2Sync
[E : PPU[77] Thread (CRI Server Manager)[0x0082a064]]: TODO: cellSpursJobQueuePort2Sync
[E : PPU[77] Thread (CRI Server Manager)[0x0082a064]]: TODO: cellSpursJobQueuePort2Sync
[E : PPU[77] Thread (CRI Server Manager)[0x0082a064]]: TODO: cellSpursJobQueuePort2Sync
[E : PPU[77] Thread (CRI Server Manager)[0x0082a034]]: TODO: _cellSpursJobQueuePort2CopyPushJobBody
[E : PPU[77] Thread (CRI Server Manager)[0x0082a064]]: TODO: cellSpursJobQueuePort2Sync
[E : PPU[77] Thread (CRI Server Manager)[0x0082a064]]: TODO: cellSpursJobQueuePort2Sync
[E : PPU[77] Thread (CRI Server Manager)[0x0082a034]]: TODO: _cellSpursJobQueuePort2CopyPushJobBody
[E : PPU[77] Thread (CRI Server Manager)[0x0082a064]]: TODO: cellSpursJobQueuePort2Sync
[E : PPU[77] Thread (CRI Server Manager)[0x0082a064]]: TODO: cellSpursJobQueuePort2Sync
[E : PPU[77] Thread (CRI Server Manager)[0x0082a034]]: TODO: _cellSpursJobQueuePort2CopyPushJobBody
[E : PPU[77] Thread (CRI Server Manager)[0x0082a064]]: TODO: cellSpursJobQueuePort2Sync
[E : PPU[77] Thread (CRI Server Manager)[0x0082a064]]: TODO: cellSpursJobQueuePort2Sync
[E : PPU[77] Thread (CRI Server Manager)[0x0082a064]]: TODO: cellSpursJobQueuePort2Sync
[E : PPU[77] Thread (CRI Server Manager)[0x0082a064]]: TODO: cellSpursJobQueuePort2Sync
[E : PPU[77] Thread (CRI Server Manager)[0x0082a064]]: TODO: cellSpursJobQueuePort2Sync
[E : PPU[77] Thread (CRI Server Manager)[0x0082a064]]: TODO: cellSpursJobQueuePort2Sync
[E : PPU[77] Thread (CRI Server Manager)[0x0082a034]]: TODO: _cellSpursJobQueuePort2CopyPushJobBody
[E : PPU[77] Thread (CRI Server Manager)[0x0082a064]]: TODO: cellSpursJobQueuePort2Sync
[E : PPU[77] Thread (CRI Server Manager)[0x0082a064]]: TODO: cellSpursJobQueuePort2Sync
[E : PPU[77] Thread (CRI Server Manager)[0x0082a034]]: TODO: _cellSpursJobQueuePort2CopyPushJobBody
[E : PPU[77] Thread (CRI Server Manager)[0x0082a064]]: TODO: cellSpursJobQueuePort2Sync
[E : PPU[77] Thread (CRI Server Manager)[0x0082a064]]: TODO: cellSpursJobQueuePort2Sync
[E : PPU[77] Thread (CRI Server Manager)[0x0082a034]]: TODO: _cellSpursJobQueuePort2CopyPushJobBody
[E : PPU[77] Thread (CRI Server Manager)[0x0082a064]]: TODO: cellSpursJobQueuePort2Sync
[E : PPU[77] Thread (CRI Server Manager)[0x0082a064]]: TODO: cellSpursJobQueuePort2Sync
[E : PPU[77] Thread (CRI Server Manager)[0x0082a064]]: TODO: cellSpursJobQueuePort2Sync
[E : PPU[77] Thread (CRI Server Manager)[0x0082a064]]: TODO: cellSpursJobQueuePort2Sync
[E : PPU[77] Thread (CRI Server Manager)[0x0082a064]]: TODO: cellSpursJobQueuePort2Sync
[E : PPU[77] Thread (CRI Server Manager)[0x0082a064]]: TODO: cellSpursJobQueuePort2Sync
[E : PPU[77] Thread (CRI Server Manager)[0x0082a034]]: TODO: _cellSpursJobQueuePort2CopyPushJobBody
[E : PPU[77] Thread (CRI Server Manager)[0x0082a064]]: TODO: cellSpursJobQueuePort2Sync
[E : PPU[77] Thread (CRI Server Manager)[0x0082a064]]: TODO: cellSpursJobQueuePort2Sync
[E : PPU[77] Thread (CRI Server Manager)[0x0082a034]]: TODO: _cellSpursJobQueuePort2CopyPushJobBody
[E : PPU[77] Thread (CRI Server Manager)[0x0082a064]]: TODO: cellSpursJobQueuePort2Sync
[E : PPU[77] Thread (CRI Server Manager)[0x0082a064]]: TODO: cellSpursJobQueuePort2Sync
[E : PPU[77] Thread (CRI Server Manager)[0x0082a034]]: TODO: _cellSpursJobQueuePort2CopyPushJobBody
[E : PPU[77] Thread (CRI Server Manager)[0x0082a064]]: TODO: cellSpursJobQueuePort2Sync
[E : PPU[77] Thread (CRI Server Manager)[0x0082a064]]: TODO: cellSpursJobQueuePort2Sync
[E : PPU[77] Thread (CRI Server Manager)[0x0082a064]]: TODO: cellSpursJobQueuePort2Sync
[E : PPU[77] Thread (CRI Server Manager)[0x0082a064]]: TODO: cellSpursJobQueuePort2Sync
[E : PPU[77] Thread (CRI Server Manager)[0x0082a064]]: TODO: cellSpursJobQueuePort2Sync
[E : PPU[77] Thread (CRI Server Manager)[0x0082a064]]: TODO: cellSpursJobQueuePort2Sync
[E : PPU[77] Thread (CRI Server Manager)[0x0082a034]]: TODO: _cellSpursJobQueuePort2CopyPushJobBody
[E : PPU[77] Thread (CRI Server Manager)[0x0082a064]]: TODO: cellSpursJobQueuePort2Sync
[E : PPU[77] Thread (CRI Server Manager)[0x0082a064]]: TODO: cellSpursJobQueuePort2Sync
[E : PPU[77] Thread (CRI Server Manager)[0x0082a034]]: TODO: _cellSpursJobQueuePort2CopyPushJobBody
[E : PPU[77] Thread (CRI Server Manager)[0x0082a064]]: TODO: cellSpursJobQueuePort2Sync
[E : PPU[77] Thread (CRI Server Manager)[0x0082a064]]: TODO: cellSpursJobQueuePort2Sync
[E : PPU[77] Thread (CRI Server Manager)[0x0082a034]]: TODO: _cellSpursJobQueuePort2CopyPushJobBody
[E : PPU[77] Thread (CRI Server Manager)[0x0082a064]]: TODO: cellSpursJobQueuePort2Sync
[E : PPU[77] Thread (CRI Server Manager)[0x0082a064]]: TODO: cellSpursJobQueuePort2Sync
[E : PPU[77] Thread (CRI Server Manager)[0x0082a064]]: TODO: cellSpursJobQueuePort2Sync
[E : PPU[77] Thread (CRI Server Manager)[0x0082a064]]: TODO: cellSpursJobQueuePort2Sync
[E : PPU[77] Thread (CRI Server Manager)[0x0082a064]]: TODO: cellSpursJobQueuePort2Sync
[E : PPU[77] Thread (CRI Server Manager)[0x0082a064]]: TODO: cellSpursJobQueuePort2Sync
[E : PPU[77] Thread (CRI Server Manager)[0x0082a034]]: TODO: _cellSpursJobQueuePort2CopyPushJobBody
[E : PPU[77] Thread (CRI Server Manager)[0x0082a064]]: TODO: cellSpursJobQueuePort2Sync
[E : PPU[77] Thread (CRI Server Manager)[0x0082a064]]: TODO: cellSpursJobQueuePort2Sync
[E : PPU[77] Thread (CRI Server Manager)[0x0082a034]]: TODO: _cellSpursJobQueuePort2CopyPushJobBody
[E : PPU[77] Thread (CRI Server Manager)[0x0082a064]]: TODO: cellSpursJobQueuePort2Sync
[E : PPU[77] Thread (CRI Server Manager)[0x0082a064]]: TODO: cellSpursJobQueuePort2Sync
[E : PPU[77] Thread (CRI Server Manager)[0x0082a034]]: TODO: _cellSpursJobQueuePort2CopyPushJobBody
[E : PPU[77] Thread (CRI Server Manager)[0x0082a064]]: TODO: cellSpursJobQueuePort2Sync
[E : PPU[77] Thread (CRI Server Manager)[0x0082a064]]: TODO: cellSpursJobQueuePort2Sync
[E : PPU[77] Thread (CRI Server Manager)[0x0082a064]]: TODO: cellSpursJobQueuePort2Sync
[E : PPU[77] Thread (CRI Server Manager)[0x0082a064]]: TODO: cellSpursJobQueuePort2Sync
[E : PPU[77] Thread (CRI Server Manager)[0x0082a064]]: TODO: cellSpursJobQueuePort2Sync
[E : PPU[77] Thread (CRI Server Manager)[0x0082a064]]: TODO: cellSpursJobQueuePort2Sync
[E : PPU[77] Thread (CRI Server Manager)[0x0082a034]]: TODO: _cellSpursJobQueuePort2CopyPushJobBody
[E : PPU[77] Thread (CRI Server Manager)[0x0082a064]]: TODO: cellSpursJobQueuePort2Sync
[E : PPU[77] Thread (CRI Server Manager)[0x0082a064]]: TODO: cellSpursJobQueuePort2Sync
[E : PPU[77] Thread (CRI Server Manager)[0x0082a034]]: TODO: _cellSpursJobQueuePort2CopyPushJobBody
[E : PPU[77] Thread (CRI Server Manager)[0x0082a064]]: TODO: cellSpursJobQueuePort2Sync
[E : PPU[77] Thread (CRI Server Manager)[0x0082a064]]: TODO: cellSpursJobQueuePort2Sync
[E : PPU[77] Thread (CRI Server Manager)[0x0082a034]]: TODO: _cellSpursJobQueuePort2CopyPushJobBody
[E : PPU[77] Thread (CRI Server Manager)[0x0082a064]]: TODO: cellSpursJobQueuePort2Sync
[E : PPU[77] Thread (CRI Server Manager)[0x0082a064]]: TODO: cellSpursJobQueuePort2Sync
[E : PPU[77] Thread (CRI Server Manager)[0x0082a064]]: TODO: cellSpursJobQueuePort2Sync
[E : PPU[77] Thread (CRI Server Manager)[0x0082a064]]: TODO: cellSpursJobQueuePort2Sync
[E : PPU[77] Thread (CRI Server Manager)[0x0082a064]]: TODO: cellSpursJobQueuePort2Sync
[E : PPU[77] Thread (CRI Server Manager)[0x0082a064]]: TODO: cellSpursJobQueuePort2Sync
[E : PPU[77] Thread (CRI Server Manager)[0x0082a034]]: TODO: _cellSpursJobQueuePort2CopyPushJobBody
[E : PPU[77] Thread (CRI Server Manager)[0x0082a064]]: TODO: cellSpursJobQueuePort2Sync
[E : PPU[77] Thread (CRI Server Manager)[0x0082a064]]: TODO: cellSpursJobQueuePort2Sync
[E : PPU[77] Thread (CRI Server Manager)[0x0082a034]]: TODO: _cellSpursJobQueuePort2CopyPushJobBody
[E : PPU[77] Thread (CRI Server Manager)[0x0082a064]]: TODO: cellSpursJobQueuePort2Sync
[E : PPU[77] Thread (CRI Server Manager)[0x0082a064]]: TODO: cellSpursJobQueuePort2Sync
[E : PPU[77] Thread (CRI Server Manager)[0x0082a064]]: TODO: cellSpursJobQueuePort2Sync
[E : PPU[77] Thread (CRI Server Manager)[0x0082a064]]: TODO: cellSpursJobQueuePort2Sync
[E : PPU[77] Thread (CRI Server Manager)[0x0082a064]]: TODO: cellSpursJobQueuePort2Sync
[E : PPU[77] Thread (CRI Server Manager)[0x0082a064]]: TODO: cellSpursJobQueuePort2Sync
[E : PPU[77] Thread (CRI Server Manager)[0x0082a034]]: TODO: _cellSpursJobQueuePort2CopyPushJobBody
[E : PPU[77] Thread (CRI Server Manager)[0x0082a064]]: TODO: cellSpursJobQueuePort2Sync
[E : PPU[77] Thread (CRI Server Manager)[0x0082a064]]: TODO: cellSpursJobQueuePort2Sync
[E : PPU[77] Thread (CRI Server Manager)[0x0082a034]]: TODO: _cellSpursJobQueuePort2CopyPushJobBody
[E : PPU[77] Thread (CRI Server Manager)[0x0082a064]]: TODO: cellSpursJobQueuePort2Sync
[E : PPU[77] Thread (CRI Server Manager)[0x0082a064]]: TODO: cellSpursJobQueuePort2Sync
[E : PPU[77] Thread (CRI Server Manager)[0x0082a034]]: TODO: _cellSpursJobQueuePort2CopyPushJobBody
[E : PPU[77] Thread (CRI Server Manager)[0x0082a064]]: TODO: cellSpursJobQueuePort2Sync
[E : PPU[77] Thread (CRI Server Manager)[0x0082a064]]: TODO: cellSpursJobQueuePort2Sync
[E : PPU[77] Thread (CRI Server Manager)[0x0082a064]]: TODO: cellSpursJobQueuePort2Sync
[E : PPU[77] Thread (CRI Server Manager)[0x0082a064]]: TODO: cellSpursJobQueuePort2Sync
[E : PPU[77] Thread (CRI Server Manager)[0x0082a064]]: TODO: cellSpursJobQueuePort2Sync
[E : PPU[77] Thread (CRI Server Manager)[0x0082a064]]: TODO: cellSpursJobQueuePort2Sync
[E : PPU[77] Thread (CRI Server Manager)[0x0082a034]]: TODO: _cellSpursJobQueuePort2CopyPushJobBody
[E : PPU[77] Thread (CRI Server Manager)[0x0082a064]]: TODO: cellSpursJobQueuePort2Sync
[E : PPU[77] Thread (CRI Server Manager)[0x0082a064]]: TODO: cellSpursJobQueuePort2Sync
[E : PPU[77] Thread (CRI Server Manager)[0x0082a034]]: TODO: _cellSpursJobQueuePort2CopyPushJobBody
[E : PPU[77] Thread (CRI Server Manager)[0x0082a064]]: TODO: cellSpursJobQueuePort2Sync
[E : PPU[77] Thread (CRI Server Manager)[0x0082a064]]: TODO: cellSpursJobQueuePort2Sync
[E : PPU[77] Thread (CRI Server Manager)[0x0082a034]]: TODO: _cellSpursJobQueuePort2CopyPushJobBody
[E : PPU[77] Thread (CRI Server Manager)[0x0082a064]]: TODO: cellSpursJobQueuePort2Sync
[E : PPU[77] Thread (CRI Server Manager)[0x0082a064]]: TODO: cellSpursJobQueuePort2Sync
[E : PPU[77] Thread (CRI Server Manager)[0x0082a064]]: TODO: cellSpursJobQueuePort2Sync
[E : PPU[77] Thread (CRI Server Manager)[0x0082a064]]: TODO: cellSpursJobQueuePort2Sync
[E : PPU[77] Thread (CRI Server Manager)[0x0082a064]]: TODO: cellSpursJobQueuePort2Sync
[E : PPU[77] Thread (CRI Server Manager)[0x0082a064]]: TODO: cellSpursJobQueuePort2Sync
[E : PPU[77] Thread (CRI Server Manager)[0x0082a034]]: TODO: _cellSpursJobQueuePort2CopyPushJobBody
[E : PPU[77] Thread (CRI Server Manager)[0x0082a064]]: TODO: cellSpursJobQueuePort2Sync
[E : PPU[77] Thread (CRI Server Manager)[0x0082a064]]: TODO: cellSpursJobQueuePort2Sync
[E : PPU[77] Thread (CRI Server Manager)[0x0082a034]]: TODO: _cellSpursJobQueuePort2CopyPushJobBody
[E : PPU[77] Thread (CRI Server Manager)[0x0082a064]]: TODO: cellSpursJobQueuePort2Sync
[E : PPU[77] Thread (CRI Server Manager)[0x0082a064]]: TODO: cellSpursJobQueuePort2Sync
[E : PPU[77] Thread (CRI Server Manager)[0x0082a064]]: TODO: cellSpursJobQueuePort2Sync
[E : PPU[77] Thread (CRI Server Manager)[0x0082a064]]: TODO: cellSpursJobQueuePort2Sync
[E : PPU[77] Thread (CRI Server Manager)[0x0082a064]]: TODO: cellSpursJobQueuePort2Sync
[E : PPU[77] Thread (CRI Server Manager)[0x0082a064]]: TODO: cellSpursJobQueuePort2Sync
[E : PPU[77] Thread (CRI Server Manager)[0x0082a034]]: TODO: _cellSpursJobQueuePort2CopyPushJobBody
[E : PPU[77] Thread (CRI Server Manager)[0x0082a064]]: TODO: cellSpursJobQueuePort2Sync
[E : PPU[77] Thread (CRI Server Manager)[0x0082a064]]: TODO: cellSpursJobQueuePort2Sync
[E : PPU[77] Thread (CRI Server Manager)[0x0082a034]]: TODO: _cellSpursJobQueuePort2CopyPushJobBody
[E : PPU[77] Thread (CRI Server Manager)[0x0082a064]]: TODO: cellSpursJobQueuePort2Sync
[E : PPU[77] Thread (CRI Server Manager)[0x0082a064]]: TODO: cellSpursJobQueuePort2Sync
[E : PPU[77] Thread (CRI Server Manager)[0x0082a034]]: TODO: _cellSpursJobQueuePort2CopyPushJobBody
[E : PPU[77] Thread (CRI Server Manager)[0x0082a064]]: TODO: cellSpursJobQueuePort2Sync
[E : PPU[77] Thread (CRI Server Manager)[0x0082a064]]: TODO: cellSpursJobQueuePort2Sync
[E : PPU[77] Thread (CRI Server Manager)[0x0082a064]]: TODO: cellSpursJobQueuePort2Sync
[E : PPU[77] Thread (CRI Server Manager)[0x0082a064]]: TODO: cellSpursJobQueuePort2Sync
[E : PPU[77] Thread (CRI Server Manager)[0x0082a064]]: TODO: cellSpursJobQueuePort2Sync
[E : PPU[77] Thread (CRI Server Manager)[0x0082a064]]: TODO: cellSpursJobQueuePort2Sync
[E : PPU[77] Thread (CRI Server Manager)[0x0082a034]]: TODO: _cellSpursJobQueuePort2CopyPushJobBody
[E : PPU[77] Thread (CRI Server Manager)[0x0082a064]]: TODO: cellSpursJobQueuePort2Sync
[E : PPU[77] Thread (CRI Server Manager)[0x0082a064]]: TODO: cellSpursJobQueuePort2Sync
[E : PPU[77] Thread (CRI Server Manager)[0x0082a034]]: TODO: _cellSpursJobQueuePort2CopyPushJobBody
[E : PPU[77] Thread (CRI Server Manager)[0x0082a064]]: TODO: cellSpursJobQueuePort2Sync
[E : PPU[77] Thread (CRI Server Manager)[0x0082a064]]: TODO: cellSpursJobQueuePort2Sync
[E : PPU[77] Thread (CRI Server Manager)[0x0082a034]]: TODO: _cellSpursJobQueuePort2CopyPushJobBody
[E : PPU[77] Thread (CRI Server Manager)[0x0082a064]]: TODO: cellSpursJobQueuePort2Sync
[E : PPU[77] Thread (CRI Server Manager)[0x0082a064]]: TODO: cellSpursJobQueuePort2Sync
[E : PPU[77] Thread (CRI Server Manager)[0x0082a064]]: TODO: cellSpursJobQueuePort2Sync
[E : PPU[77] Thread (CRI Server Manager)[0x0082a064]]: TODO: cellSpursJobQueuePort2Sync
[E : PPU[77] Thread (CRI Server Manager)[0x0082a064]]: TODO: cellSpursJobQueuePort2Sync
[E : PPU[77] Thread (CRI Server Manager)[0x0082a064]]: TODO: cellSpursJobQueuePort2Sync
[E : PPU[77] Thread (CRI Server Manager)[0x0082a034]]: TODO: _cellSpursJobQueuePort2CopyPushJobBody
[E : PPU[77] Thread (CRI Server Manager)[0x0082a064]]: TODO: cellSpursJobQueuePort2Sync
[E : PPU[77] Thread (CRI Server Manager)[0x0082a064]]: TODO: cellSpursJobQueuePort2Sync
[E : PPU[77] Thread (CRI Server Manager)[0x0082a034]]: TODO: _cellSpursJobQueuePort2CopyPushJobBody
[E : PPU[77] Thread (CRI Server Manager)[0x0082a064]]: TODO: cellSpursJobQueuePort2Sync
[E : PPU[77] Thread (CRI Server Manager)[0x0082a064]]: TODO: cellSpursJobQueuePort2Sync
[E : PPU[77] Thread (CRI Server Manager)[0x0082a034]]: TODO: _cellSpursJobQueuePort2CopyPushJobBody
[E : PPU[77] Thread (CRI Server Manager)[0x0082a064]]: TODO: cellSpursJobQueuePort2Sync
[E : PPU[77] Thread (CRI Server Manager)[0x0082a064]]: TODO: cellSpursJobQueuePort2Sync
[E : PPU[77] Thread (CRI Server Manager)[0x0082a064]]: TODO: cellSpursJobQueuePort2Sync
[E : PPU[77] Thread (CRI Server Manager)[0x0082a064]]: TODO: cellSpursJobQueuePort2Sync
[E : PPU[77] Thread (CRI Server Manager)[0x0082a064]]: TODO: cellSpursJobQueuePort2Sync
[E : PPU[77] Thread (CRI Server Manager)[0x0082a064]]: TODO: cellSpursJobQueuePort2Sync
[E : PPU[77] Thread (CRI Server Manager)[0x0082a034]]: TODO: _cellSpursJobQueuePort2CopyPushJobBody
[E : PPU[77] Thread (CRI Server Manager)[0x0082a064]]: TODO: cellSpursJobQueuePort2Sync
[E : PPU[77] Thread (CRI Server Manager)[0x0082a064]]: TODO: cellSpursJobQueuePort2Sync
[E : PPU[77] Thread (CRI Server Manager)[0x0082a034]]: TODO: _cellSpursJobQueuePort2CopyPushJobBody
[E : PPU[77] Thread (CRI Server Manager)[0x0082a064]]: TODO: cellSpursJobQueuePort2Sync
[E : PPU[77] Thread (CRI Server Manager)[0x0082a064]]: TODO: cellSpursJobQueuePort2Sync
[E : PPU[77] Thread (CRI Server Manager)[0x0082a034]]: TODO: _cellSpursJobQueuePort2CopyPushJobBody
[E : PPU[77] Thread (CRI Server Manager)[0x0082a064]]: TODO: cellSpursJobQueuePort2Sync
[E : PPU[77] Thread (CRI Server Manager)[0x0082a064]]: TODO: cellSpursJobQueuePort2Sync
[E : PPU[77] Thread (CRI Server Manager)[0x0082a064]]: TODO: cellSpursJobQueuePort2Sync
[E : PPU[77] Thread (CRI Server Manager)[0x0082a064]]: TODO: cellSpursJobQueuePort2Sync
[E : PPU[77] Thread (CRI Server Manager)[0x0082a064]]: TODO: cellSpursJobQueuePort2Sync
[E : PPU[77] Thread (CRI Server Manager)[0x0082a064]]: TODO: cellSpursJobQueuePort2Sync
[E : PPU[77] Thread (CRI Server Manager)[0x0082a034]]: TODO: _cellSpursJobQueuePort2CopyPushJobBody
[E : PPU[77] Thread (CRI Server Manager)[0x0082a064]]: TODO: cellSpursJobQueuePort2Sync
[E : PPU[77] Thread (CRI Server Manager)[0x0082a064]]: TODO: cellSpursJobQueuePort2Sync
[E : PPU[77] Thread (CRI Server Manager)[0x0082a034]]: TODO: _cellSpursJobQueuePort2CopyPushJobBody
[E : PPU[77] Thread (CRI Server Manager)[0x0082a064]]: TODO: cellSpursJobQueuePort2Sync
[E : PPU[77] Thread (CRI Server Manager)[0x0082a064]]: TODO: cellSpursJobQueuePort2Sync
[E : PPU[77] Thread (CRI Server Manager)[0x0082a034]]: TODO: _cellSpursJobQueuePort2CopyPushJobBody
[E : PPU[77] Thread (CRI Server Manager)[0x0082a064]]: TODO: cellSpursJobQueuePort2Sync
[E : PPU[77] Thread (CRI Server Manager)[0x0082a064]]: TODO: cellSpursJobQueuePort2Sync
[E : PPU[77] Thread (CRI Server Manager)[0x0082a064]]: TODO: cellSpursJobQueuePort2Sync
[E : PPU[77] Thread (CRI Server Manager)[0x0082a064]]: TODO: cellSpursJobQueuePort2Sync
[E : PPU[77] Thread (CRI Server Manager)[0x0082a064]]: TODO: cellSpursJobQueuePort2Sync
[E : PPU[77] Thread (CRI Server Manager)[0x0082a064]]: TODO: cellSpursJobQueuePort2Sync
[E : PPU[77] Thread (CRI Server Manager)[0x0082a034]]: TODO: _cellSpursJobQueuePort2CopyPushJobBody
[E : PPU[77] Thread (CRI Server Manager)[0x0082a064]]: TODO: cellSpursJobQueuePort2Sync
[E : PPU[77] Thread (CRI Server Manager)[0x0082a064]]: TODO: cellSpursJobQueuePort2Sync
[E : PPU[77] Thread (CRI Server Manager)[0x0082a034]]: TODO: _cellSpursJobQueuePort2CopyPushJobBody
[E : PPU[77] Thread (CRI Server Manager)[0x0082a064]]: TODO: cellSpursJobQueuePort2Sync
[E : PPU[77] Thread (CRI Server Manager)[0x0082a064]]: TODO: cellSpursJobQueuePort2Sync
[E : PPU[77] Thread (CRI Server Manager)[0x0082a034]]: TODO: _cellSpursJobQueuePort2CopyPushJobBody
[E : PPU[77] Thread (CRI Server Manager)[0x0082a064]]: TODO: cellSpursJobQueuePort2Sync
[E : PPU[77] Thread (CRI Server Manager)[0x0082a064]]: TODO: cellSpursJobQueuePort2Sync
[E : PPU[77] Thread (CRI Server Manager)[0x0082a064]]: TODO: cellSpursJobQueuePort2Sync
[E : PPU[77] Thread (CRI Server Manager)[0x0082a064]]: TODO: cellSpursJobQueuePort2Sync
[E : PPU[77] Thread (CRI Server Manager)[0x0082a064]]: TODO: cellSpursJobQueuePort2Sync
[E : PPU[77] Thread (CRI Server Manager)[0x0082a064]]: TODO: cellSpursJobQueuePort2Sync
[E : PPU[77] Thread (CRI Server Manager)[0x0082a034]]: TODO: _cellSpursJobQueuePort2CopyPushJobBody
[E : PPU[77] Thread (CRI Server Manager)[0x0082a064]]: TODO: cellSpursJobQueuePort2Sync
[E : PPU[77] Thread (CRI Server Manager)[0x0082a064]]: TODO: cellSpursJobQueuePort2Sync
[E : PPU[77] Thread (CRI Server Manager)[0x0082a034]]: TODO: _cellSpursJobQueuePort2CopyPushJobBody
[E : PPU[77] Thread (CRI Server Manager)[0x0082a064]]: TODO: cellSpursJobQueuePort2Sync
[E : PPU[77] Thread (CRI Server Manager)[0x0082a064]]: TODO: cellSpursJobQueuePort2Sync
[E : PPU[77] Thread (CRI Server Manager)[0x0082a034]]: TODO: _cellSpursJobQueuePort2CopyPushJobBody
[E : PPU[77] Thread (CRI Server Manager)[0x0082a064]]: TODO: cellSpursJobQueuePort2Sync
[E : PPU[77] Thread (CRI Server Manager)[0x0082a064]]: TODO: cellSpursJobQueuePort2Sync
[E : PPU[77] Thread (CRI Server Manager)[0x0082a064]]: TODO: cellSpursJobQueuePort2Sync
[E : PPU[77] Thread (CRI Server Manager)[0x0082a064]]: TODO: cellSpursJobQueuePort2Sync
[E : PPU[77] Thread (CRI Server Manager)[0x0082a064]]: TODO: cellSpursJobQueuePort2Sync
[E : PPU[77] Thread (CRI Server Manager)[0x0082a064]]: TODO: cellSpursJobQueuePort2Sync
[E : PPU[77] Thread (CRI Server Manager)[0x0082a034]]: TODO: _cellSpursJobQueuePort2CopyPushJobBody
[E : PPU[77] Thread (CRI Server Manager)[0x0082a064]]: TODO: cellSpursJobQueuePort2Sync
[E : PPU[77] Thread (CRI Server Manager)[0x0082a064]]: TODO: cellSpursJobQueuePort2Sync
[E : PPU[77] Thread (CRI Server Manager)[0x0082a034]]: TODO: _cellSpursJobQueuePort2CopyPushJobBody
[E : PPU[77] Thread (CRI Server Manager)[0x0082a064]]: TODO: cellSpursJobQueuePort2Sync
[E : PPU[77] Thread (CRI Server Manager)[0x0082a064]]: TODO: cellSpursJobQueuePort2Sync
[E : PPU[77] Thread (CRI Server Manager)[0x0082a034]]: TODO: _cellSpursJobQueuePort2CopyPushJobBody
[E : PPU[77] Thread (CRI Server Manager)[0x0082a064]]: TODO: cellSpursJobQueuePort2Sync
[E : PPU[77] Thread (CRI Server Manager)[0x0082a064]]: TODO: cellSpursJobQueuePort2Sync
[E : PPU[77] Thread (CRI Server Manager)[0x0082a064]]: TODO: cellSpursJobQueuePort2Sync
[E : PPU[77] Thread (CRI Server Manager)[0x0082a064]]: TODO: cellSpursJobQueuePort2Sync
[E : PPU[77] Thread (CRI Server Manager)[0x0082a064]]: TODO: cellSpursJobQueuePort2Sync
[E : PPU[77] Thread (CRI Server Manager)[0x0082a064]]: TODO: cellSpursJobQueuePort2Sync
[E : PPU[77] Thread (CRI Server Manager)[0x0082a034]]: TODO: _cellSpursJobQueuePort2CopyPushJobBody
[E : PPU[77] Thread (CRI Server Manager)[0x0082a064]]: TODO: cellSpursJobQueuePort2Sync
[E : PPU[77] Thread (CRI Server Manager)[0x0082a064]]: TODO: cellSpursJobQueuePort2Sync
[E : PPU[77] Thread (CRI Server Manager)[0x0082a034]]: TODO: _cellSpursJobQueuePort2CopyPushJobBody
[E : PPU[77] Thread (CRI Server Manager)[0x0082a064]]: TODO: cellSpursJobQueuePort2Sync
[E : PPU[77] Thread (CRI Server Manager)[0x0082a064]]: TODO: cellSpursJobQueuePort2Sync
[E : PPU[77] Thread (CRI Server Manager)[0x0082a064]]: TODO: cellSpursJobQueuePort2Sync
[E : PPU[77] Thread (CRI Server Manager)[0x0082a064]]: TODO: cellSpursJobQueuePort2Sync
[E : PPU[77] Thread (CRI Server Manager)[0x0082a064]]: TODO: cellSpursJobQueuePort2Sync
[E : PPU[77] Thread (CRI Server Manager)[0x0082a064]]: TODO: cellSpursJobQueuePort2Sync
[E : PPU[77] Thread (CRI Server Manager)[0x0082a034]]: TODO: _cellSpursJobQueuePort2CopyPushJobBody
[E : PPU[77] Thread (CRI Server Manager)[0x0082a064]]: TODO: cellSpursJobQueuePort2Sync
[E : PPU[77] Thread (CRI Server Manager)[0x0082a064]]: TODO: cellSpursJobQueuePort2Sync
[E : PPU[77] Thread (CRI Server Manager)[0x0082a034]]: TODO: _cellSpursJobQueuePort2CopyPushJobBody
[E : PPU[77] Thread (CRI Server Manager)[0x0082a064]]: TODO: cellSpursJobQueuePort2Sync
[W : Audio Thread]: Audio aborted
[W : PPU[44] Thread (CRI FS File Access 0)[0x00243ea0]]: sys_cond_wait(id=43) aborted
[W : PPU[64] Thread (CRI FS Data Decompression 0)[0x00243ea0]]: sys_cond_wait(id=63) aborted
[W : PPU[60] Thread (CRI FS Memory File System)[0x00243ea0]]: sys_cond_wait(id=59) aborted
[W : PPU[48] Thread (CRI FS File Access 1)[0x00243ea0]]: sys_cond_wait(id=47) aborted
[W : PPU[52] Thread (CRI FS File Access 2)[0x00243ea0]]: sys_cond_wait(id=51) aborted
[W : PPU[56] Thread (CRI FS File Access 3)[0x00243ea0]]: sys_cond_wait(id=55) aborted
[! : RSXThread]: RSX thread exit...
[!]: Closing memory...
