[!]: path: /dev_hdd0/game/
[!]: Loading 'D:\Emulateurs\Rpcs3\dev_hdd0\game\BLJS10266/PS3_GAME/USRDIR/BOOT.BIN'...
[!]: Mount info:
[!]: /dev_hdd0/ -> D:\Emulateurs\Rpcs3\dev_hdd0\
[!]: /dev_hdd1/ -> D:\Emulateurs\Rpcs3\dev_hdd1\
[!]: /dev_flash/ -> D:\Emulateurs\Rpcs3\dev_flash\
[!]: /dev_usb000/ -> D:\Emulateurs\Rpcs3\dev_usb000\
[!]: /dev_usb/ -> D:\Emulateurs\Rpcs3\dev_usb000\
[!]: /app_home/ -> D:\Emulateurs\Rpcs3\dev_hdd0\game\BLJS10266/PS3_GAME/\USRDIR\
[!]: /dev_bdvd/ -> D:\Emulateurs\Rpcs3\dev_hdd0\game\BLJS10266/PS3_GAME/\..\
[!]: /host_root/ -> 
[!]: ///resource/ -> D:\Emulateurs\Rpcs3\dev_hdd0\game\BLJS10266/PS3_GAME/\USRDIR\resource\
[!]: /app_home/Game/PS3_GAME/USRDIR/ -> D:\Emulateurs\Rpcs3\dev_hdd0\game\BLJS10266/PS3_GAME/\USRDIR\
[!]: /app_home/PS3_GAME/USRDIR/media/ -> D:\Emulateurs\Rpcs3\dev_hdd0\game\BLJS10266/PS3_GAME/\USRDIR\media\
[!]: /Data/ -> D:\Emulateurs\Rpcs3\dev_hdd0\game\BLJS10266/PS3_GAME/\USRDIR\Data\
[!]: /USRDIR/PS3_GAME/USRDIR/Data/ -> D:\Emulateurs\Rpcs3\dev_hdd0\game\BLJS10266/PS3_GAME/\USRDIR\Data\
[!]: /app_home//dev_bdvd/PS3_GAME/USRDIR/data/gos/ -> D:\Emulateurs\Rpcs3\dev_hdd0\game\BLJS10266/PS3_GAME/\USRDIR\
[!]: BD/ -> D:\Emulateurs\Rpcs3\dev_hdd0\game\BLJS10266/PS3_GAME/\USRDIR\
[!]: //dev_bdvd/PS3_GAME/USRDIR/ -> D:\Emulateurs\Rpcs3\dev_hdd0\game\BLJS10266/PS3_GAME/\USRDIR\
[!]: / -> D:\Emulateurs\Rpcs3\dev_hdd0\game\BLJS10266/PS3_GAME/\USRDIR\
[!]: // -> D:\Emulateurs\Rpcs3\dev_hdd0\game\BLJS10266/PS3_GAME/\USRDIR\
[!]: Initing memory...
[!]: Memory initialized.
[!]: Function 'cellAANConnect' hooked (addr=0xa81c8)
[!]: Function 'cellAANDisconnect' hooked (addr=0xa8260)
[!]: Function 'cellAANAddData' hooked (addr=0xa82f8)
[!]: Function 'cellSurMixerGetAANHandle' hooked (addr=0xa8444)
[!]: Function 'cellSurMixerSetNotifyCallback' hooked (addr=0xa847c)
[!]: Function 'cellSurMixerRemoveNotifyCallback' hooked (addr=0xa8510)
[!]: Function 'cellSurMixerSurBusAddData' hooked (addr=0xa85a0)
[!]: Function 'cellSurMixerGetCurrentBlockTag' hooked (addr=0xa8650)
[!]: Function 'cellSurMixerChStripGetAANPortNo' hooked (addr=0xa8eac)
[!]: Function 'cellSurMixerBeep' hooked (addr=0xa8ee8)
[!]: Function 'cellSurMixerChStripSetParameter' hooked (addr=0xa92c4)
[!]: Function 'cellSurMixerPause' hooked (addr=0xa9578)
[!]: Function 'cellSurMixerGetTimestamp' hooked (addr=0xaab90)
[!]: Function 'cellSurMixerSetParameter' hooked (addr=0xaabf8)
[!]: Function 'cellSurMixerStart' hooked (addr=0xaacc8)
[!]: Function 'cellSurMixerFinalize' hooked (addr=0xaafd0)
[!]: Function 'cellSurMixerCreate' hooked (addr=0xab894)
[S]: Function group [surmxAAN] successfully hooked
[S]: Function group [surmixer] successfully hooked
[W]: Unknown function 0x723bbc7e in 'cellGcmSys' module
[E]: TODO: cellGcmGetVBlankCount
[W]: Unknown function 0x20543730 in 'cellSysutil' module
[E]: TODO: cellMsgDialogClose
[W]: Unknown function 0x8b7ed64b in 'cellSysutil' module
[E]: TODO: cellSaveDataAutoSave2
[W]: Unknown function 0x94862702 in 'cellSysutil' module
[E]: TODO: cellMsgDialogProgressBarInc
[W]: Unknown function 0xe7fa820b in 'cellSysutil' module
[E]: TODO: cellSaveDataEnableOverlay
[W]: Unknown function 0xedadd797 in 'cellSysutil' module
[E]: TODO: cellSaveDataDelete2
[W]: Unknown function 0xfbd5c856 in 'cellSysutil' module
[E]: TODO: cellSaveDataAutoLoad2
[W]: Unknown function 0x52a6b523 in 'sceNp' module
[E]: TODO: sceNpManagerUnregisterCallback
[W]: Unknown function 0x6ee62ed2 in 'sceNp' module
[E]: TODO: sceNpManagerGetContentRatingFlag
[W]: Unknown function 0xbdc07fd5 in 'sceNp' module
[E]: TODO: sceNpManagerGetNetworkTime
[W]: Unknown function 0xe7dcd3b4 in 'sceNp' module
[E]: TODO: sceNpManagerRegisterCallback
[W]: Unknown function 0xeb7a3d84 in 'sceNp' module
[E]: TODO: sceNpManagerGetChatRestrictionFlag
[W]: Unknown function 0xfe37a7f4 in 'sceNp' module
[E]: TODO: sceNpManagerGetNpId
[W]: Unknown function 0x41251f74 in 'sceNp2' module
[E]: TODO: sceNp2Init
[W]: Unknown function 0x832df17e in 'cellAudio' module
[E]: TODO: cellAudioAdd6chData
[W]: Unknown function 0xdd5ebdeb in 'cellL10n' module
[E]: TODO: UTF8stoSJISs
[W]: Unknown function 0x8a561d92 in 'sysPrxForUser' module
[E]: TODO: _sys_heap_free
[W]: Unknown function 0xaede4b03 in 'sysPrxForUser' module
[E]: TODO: _sys_heap_delete_heap
[W : PPU[1] Thread (CPUThread)[0x002e7034]]: sys_lwmutex warning: *** lwmutex created [_lc_mtx] (attribute=0x12): sq_id = 3
[W : PPU[1] Thread (CPUThread)[0x000bd3a0]]: memory warning: sys_memory_get_user_memory_size(mem_info_addr=0xd0010c04)
[W : PPU[1] Thread (CPUThread)[0x002e7034]]: sys_lwmutex warning: *** lwmutex created [_lc_mtx] (attribute=0x12): sq_id = 4
[W : PPU[1] Thread (CPUThread)[0x002e7034]]: sys_lwmutex warning: *** lwmutex created [_lc_mtx] (attribute=0x12): sq_id = 5
[W : PPU[1] Thread (CPUThread)[0x002e7034]]: sys_lwmutex warning: *** lwmutex created [_lc_mtx] (attribute=0x12): sq_id = 6
[W : PPU[1] Thread (CPUThread)[0x002e7034]]: sys_lwmutex warning: *** lwmutex created [_lc_mtx] (attribute=0x12): sq_id = 7
[W : PPU[1] Thread (CPUThread)[0x002e7034]]: sys_lwmutex warning: *** lwmutex created [_lc_mtx] (attribute=0x12): sq_id = 8
[W : PPU[1] Thread (CPUThread)[0x002e7034]]: sys_lwmutex warning: *** lwmutex created [_lc_mtx] (attribute=0x12): sq_id = 9
[W : PPU[1] Thread (CPUThread)[0x002e7034]]: sys_lwmutex warning: *** lwmutex created [_lc_mtx] (attribute=0x12): sq_id = 10
[W : PPU[1] Thread (CPUThread)[0x002e7034]]: sys_lwmutex warning: *** lwmutex created [_lc_mtx] (attribute=0x12): sq_id = 11
[W : PPU[1] Thread (CPUThread)[0x002e7034]]: sys_lwmutex warning: *** lwmutex created [_lc_mtx] (attribute=0x12): sq_id = 12
[W : PPU[1] Thread (CPUThread)[0x002c9010]]: cellSysmodule warning: cellSysmoduleLoadModule(CELL_SYSMODULE_SYSUTIL_GAME)
[W : PPU[1] Thread (CPUThread)[0x002e5040]]: cellGame warning: cellGameBootCheck(type_addr=0x213ed0, attributes_addr=0x213ed4, size_addr=0x213ed8, dirName_addr=0x213ee4)
[W : PPU[1] Thread (CPUThread)[0x000b37a8]]: SysCall 988! r3: 0x1, r4: 0x0, pc: 0xb37a8
[W : PPU[1] Thread (CPUThread)[0x000b43b0]]: SysCall 988! r3: 0x1, r4: 0x0, pc: 0xb43b0
[W : PPU[1] Thread (CPUThread)[0x002e70dc]]: sys_lwmutex warning: sys_lwmutex_destroy(lwmutex_addr=0x2bf7a0)
[W : PPU[1] Thread (CPUThread)[0x002e70dc]]: sys_lwmutex warning: sys_lwmutex_destroy(lwmutex_addr=0x2bf7c8)
[W : PPU[1] Thread (CPUThread)[0x002e70dc]]: sys_lwmutex warning: sys_lwmutex_destroy(lwmutex_addr=0x2bf7f0)
[W : PPU[1] Thread (CPUThread)[0x002e70dc]]: sys_lwmutex warning: sys_lwmutex_destroy(lwmutex_addr=0x2bf6d8)
[W : PPU[1] Thread (CPUThread)[0x002e70dc]]: sys_lwmutex warning: sys_lwmutex_destroy(lwmutex_addr=0x2bf700)
[W : PPU[1] Thread (CPUThread)[0x002e70dc]]: sys_lwmutex warning: sys_lwmutex_destroy(lwmutex_addr=0x2bf728)
[W : PPU[1] Thread (CPUThread)[0x002e70dc]]: sys_lwmutex warning: sys_lwmutex_destroy(lwmutex_addr=0x2bf750)
[W : PPU[1] Thread (CPUThread)[0x002e70dc]]: sys_lwmutex warning: sys_lwmutex_destroy(lwmutex_addr=0x2bf778)
[W : PPU[1] Thread (CPUThread)[0x002e70dc]]: sys_lwmutex warning: sys_lwmutex_destroy(lwmutex_addr=0x2c0010)
[W : PPU[1] Thread (CPUThread)[0x002e70dc]]: sys_lwmutex warning: sys_lwmutex_destroy(lwmutex_addr=0x2c0210)
[W : PPU[1] Thread (CPUThread)[0x002e70f4]]: Process warning: sys_process_exit(0)
[S : PPU[1] Thread (CPUThread)[0x002e70f4]]: Process finished
[!]: Closing memory...
