[!]: Loading 'C:\ROMS\PS3\BLUS41045-[DARK SOULS ]/PS3_GAME/USRDIR/BOOT.BIN'...
[!]: Mount info:
[!]: /dev_hdd0/ -> C:\Emulatoren\PS3\RPCS3\rpcs3-d1ffea0-windows-x86-64/dev_hdd0/
[!]: /dev_hdd1/ -> C:\Emulatoren\PS3\RPCS3\rpcs3-d1ffea0-windows-x86-64/dev_hdd1/
[!]: /dev_flash/ -> C:\Emulatoren\PS3\RPCS3\rpcs3-d1ffea0-windows-x86-64/dev_flash/
[!]: /dev_usb000/ -> C:\Emulatoren\PS3\RPCS3\rpcs3-d1ffea0-windows-x86-64/dev_usb000/
[!]: /dev_usb/ -> C:\Emulatoren\PS3\RPCS3\rpcs3-d1ffea0-windows-x86-64/dev_usb000/
[!]: /app_home/ -> C:\ROMS\PS3\BLUS41045-[DARK SOULS ]/PS3_GAME/
[!]: /dev_bdvd/ -> C:\ROMS\PS3\BLUS41045-[DARK SOULS ]/PS3_GAME//../
[!]: /host_root/ -> 
[!]: / -> C:\ROMS\PS3\BLUS41045-[DARK SOULS ]/PS3_GAME/
[!]: /dev_dvd/ -> C:\ROMS\PS3
[!]: Initing memory...
[!]: Memory initialized.
[W]: Unknown function 0x0f03cfb0 in 'cellSysutil' module
[E]: TODO: cellSaveDataUserListSave
[W]: Unknown function 0x248bd1d8 in 'cellSysutil' module
[E]: TODO: cellSaveDataUserListAutoLoad
[W]: Unknown function 0x39dd8425 in 'cellSysutil' module
[E]: TODO: cellSaveDataUserListLoad
[W]: Unknown function 0x3d1e1931 in 'cellSysutil' module
[E]: TODO: cellOskDialogUnloadAsync
[W]: Unknown function 0x40b34847 in 'cellSysutil' module
[E]: TODO: cellSaveDataUserFixedSave
[W]: Unknown function 0x6e7264ed in 'cellSysutil' module
[E]: TODO: cellSaveDataUserFixedLoad
[W]: Unknown function 0x7f21c918 in 'cellSysutil' module
[E]: TODO: cellOskDialogAddSupportLanguage
[W]: Unknown function 0x7fcfc915 in 'cellSysutil' module
[E]: TODO: cellOskDialogLoadAsync
[W]: Unknown function 0x8b7ed64b in 'cellSysutil' module
[E]: TODO: cellSaveDataAutoSave2
[W]: Unknown function 0x8b8a2f48 in 'cellSysutil' module
[E]: TODO: cellSaveDataUserFixedDelete
[W]: Unknown function 0xa11552f6 in 'cellSysutil' module
[E]: TODO: cellSysutilGetBgmPlaybackStatus
[W]: Unknown function 0xb6d84526 in 'cellSysutil' module
[E]: TODO: cellOskDialogAbort
[W]: Unknown function 0xfbd5c856 in 'cellSysutil' module
[E]: TODO: cellSaveDataAutoLoad2
[W]: Unknown function 0x99d397ac in 'cellGcmSys' module
[E]: TODO: cellGcmGetReport
[W]: Unknown function 0x63387071 in 'cellGcmSys' module
[E]: TODO: cellGcmGetLastFlipTime
[W]: Unknown function 0xacee8542 in 'cellGcmSys' module
[E]: TODO: cellGcmSetFlipImmediate
[W]: Unknown function 0xd01b570d in 'cellGcmSys' module
[E]: TODO: cellGcmSetGraphicsHandler
[W]: Unknown function 0xdc494430 in 'cellGcmSys' module
[E]: TODO: cellGcmSetSecondVHandler
[W]: Unknown function 0xffe0160e in 'cellGcmSys' module
[E]: TODO: cellGcmSetVBlankFrequency
[W]: Unknown function 0x6ee62ed2 in 'sceNp' module
[E]: TODO: sceNpManagerGetContentRatingFlag
[W]: Unknown function 0xeb7a3d84 in 'sceNp' module
[E]: TODO: sceNpManagerGetChatRestrictionFlag
[W]: Unknown function 0x01fbbc9b in 'sceNp' module
[E]: TODO: sceNpBasicSendMessageGui
[W]: Unknown function 0x04372385 in 'sceNp' module
[E]: TODO: sceNpBasicGetFriendListEntry
[W]: Unknown function 0x0968aa36 in 'sceNp' module
[E]: TODO: sceNpManagerGetTicket
[W]: Unknown function 0x32c78a6a in 'sceNp' module
[E]: TODO: sceNpBasicGetFriendPresenceByIndex
[W]: Unknown function 0x36d0c2c5 in 'sceNp' module
[E]: TODO: sceNpManagerGetAvatarUrl
[W]: Unknown function 0x3d1760dc in 'sceNp' module
[E]: TODO: sceNpLookupAbortTransaction
[W]: Unknown function 0x4026eac5 in 'sceNp' module
[E]: TODO: sceNpBasicRegisterContextSensitiveHandler
[W]: Unknown function 0x50b86d94 in 'sceNp' module
[E]: TODO: sceNpSignalingAddExtendedHandler
[W]: Unknown function 0x52a6b523 in 'sceNp' module
[E]: TODO: sceNpManagerUnregisterCallback
[W]: Unknown function 0x5de61626 in 'sceNp' module
[E]: TODO: sceNpLookupDestroyTitleCtx
[W]: Unknown function 0x5f2d9257 in 'sceNp' module
[E]: TODO: sceNpLookupInit
[W]: Unknown function 0x60897c38 in 'sceNp' module
[E]: TODO: sceNpSignalingActivateConnection
[W]: Unknown function 0x6356082e in 'sceNp' module
[E]: TODO: sceNpSignalingCreateCtx
[W]: Unknown function 0x64a704cc in 'sceNp' module
[E]: TODO: sceNpBasicRecvMessageAttachmentLoad
[W]: Unknown function 0x73931bd0 in 'sceNp' module
[E]: TODO: sceNpBasicGetBlockListEntryCount
[W]: Unknown function 0x7508112e in 'sceNp' module
[E]: TODO: sceNpLookupPollAsync
[W]: Unknown function 0x806960ab in 'sceNp' module
[E]: TODO: sceNpBasicRecvMessageCustom
[W]: Unknown function 0x8297f1ec in 'sceNp' module
[E]: TODO: sceNpManagerRequestTicket2
[W]: Unknown function 0x8440537c in 'sceNp' module
[E]: TODO: sceNpLookupTerm
[W]: Unknown function 0xa8cf8451 in 'sceNp' module
[E]: TODO: sceNpSignalingDestroyCtx
[W]: Unknown function 0xacb9ee8e in 'sceNp' module
[E]: TODO: sceNpBasicUnregisterHandler
[W]: Unknown function 0xaf505def in 'sceNp' module
[E]: TODO: sceNpBasicGetMatchingInvitationEntryCount
[W]: Unknown function 0xafef640d in 'sceNp' module
[E]: TODO: sceNpBasicGetFriendListEntryCount
[W]: Unknown function 0xbcdbb2ab in 'sceNp' module
[E]: TODO: sceNpBasicAddPlayersHistoryAsync
[W]: Unknown function 0xbdc07fd5 in 'sceNp' module
[E]: TODO: sceNpManagerGetNetworkTime
[W]: Unknown function 0xca0a2d04 in 'sceNp' module
[E]: TODO: sceNpSignalingGetConnectionStatus
[W]: Unknown function 0xce81c7f0 in 'sceNp' module
[E]: TODO: sceNpLookupCreateTitleCtx
[W]: Unknown function 0xceeebc7a in 'sceNp' module
[E]: TODO: sceNpProfileCallGui
[W]: Unknown function 0xd12e40ae in 'sceNp' module
[E]: TODO: sceNpLookupNpIdAsync
[W]: Unknown function 0xd208f91d in 'sceNp' module
[E]: TODO: sceNpUtilCmpNpId
[W]: Unknown function 0xe035f7d6 in 'sceNp' module
[E]: TODO: sceNpBasicGetEvent
[W]: Unknown function 0xe7dcd3b4 in 'sceNp' module
[E]: TODO: sceNpManagerRegisterCallback
[W]: Unknown function 0xea2e9ffc in 'sceNp' module
[E]: TODO: sceNpLookupCreateTransactionCtx
[W]: Unknown function 0xf2b3338a in 'sceNp' module
[E]: TODO: sceNpBasicGetBlockListEntry
[W]: Unknown function 0xf42c0df8 in 'sceNp' module
[E]: TODO: sceNpManagerGetOnlineName
[W]: Unknown function 0xfb87cf5e in 'sceNp' module
[E]: TODO: sceNpLookupDestroyTransactionCtx
[W]: Unknown function 0xfd0eb5ae in 'sceNp' module
[E]: TODO: sceNpSignalingDeactivateConnection
[W]: Unknown function 0xfe37a7f4 in 'sceNp' module
[E]: TODO: sceNpManagerGetNpId
[W]: Unknown function 0xff0a2378 in 'sceNp' module
[E]: TODO: sceNpLookupUserProfileAsync
[W]: Unknown function 0xf042b14f in 'sceNp' module
[E]: TODO: sceNpDrmIsAvailable2
[W]: Unknown function 0x0f03f712 in 'cellSpursJq' module
[E]: TODO: cellSpursJobQueueAttributeSetSubmitWithEntryLock
[W]: Unknown function 0x43ddab4f in 'cellSpursJq' module
[E]: TODO: cellSpursJobQueueAttributeInitialize
[W]: Unknown function 0x8c97a96c in 'cellSpursJq' module
[E]: TODO: cellSpursShutdownJobQueue
[W]: Unknown function 0x8ce4cffa in 'cellSpursJq' module
[E]: TODO: cellSpursJoinJobQueue
[W]: Unknown function 0xc485d207 in 'cellSpursJq' module
[E]: TODO: cellSpursJobQueuePort2Destroy
[W]: Unknown function 0xcf89f218 in 'cellSpursJq' module
[E]: TODO: _cellSpursJobQueuePort2PushJobBody
[W]: Unknown function 0xf11fe0f1 in 'cellSpursJq' module
[E]: TODO: cellSpursJobQueuePort2Create
[W]: Unknown function 0xf244e799 in 'cellSpursJq' module
[E]: TODO: _cellSpursCreateJobQueue
[W]: Unknown function 0xfacb3ced in 'cellSpursJq' module
[E]: TODO: cellSpursJobQueuePort2Sync
[W]: Unknown function 0x26fa81b4 in 'cellSpursJq' module
[E]: TODO: cellSpursJobQueuePortFinalize
[W]: Unknown function 0xf5de6363 in 'cellSpursJq' module
[E]: TODO: cellSpursJobQueuePortInitializeWithDescriptorBuffer
[W]: Unknown function 0x4cef342e in 'sys_fs' module
[E]: TODO: cellFsAioWrite
[W]: Unknown function 0x6d3bb15b in 'sys_fs' module
[E]: TODO: cellFsSdataOpenByFd
[W]: Unknown function 0x967a162b in 'sys_fs' module
[E]: TODO: cellFsFsync
[W]: Unknown function 0x011ee38b in 'cellSpurs' module
[E]: TODO: _cellSpursLFQueueInitialize
[W]: Unknown function 0x16394a4e in 'cellSpurs' module
[E]: TODO: _cellSpursTasksetAttributeInitialize
[W]: Unknown function 0x1656d49f in 'cellSpurs' module
[E]: TODO: cellSpursLFQueueAttachLv2EventQueue
[W]: Unknown function 0x1d46fedf in 'cellSpurs' module
[E]: TODO: cellSpursCreateTaskWithAttribute
[W]: Unknown function 0x1ebcf459 in 'cellSpurs' module
[E]: TODO: cellSpursDestroyTaskset2
[W]: Unknown function 0x22aab31d in 'cellSpurs' module
[E]: TODO: cellSpursEventFlagDetachLv2EventQueue
[W]: Unknown function 0x303c19cd in 'cellSpurs' module
[E]: TODO: cellSpursCreateJobChainWithAttribute
[W]: Unknown function 0x34552fa6 in 'cellSpurs' module
[E]: TODO: cellSpursTaskExitCodeInitialize
[W]: Unknown function 0x3548f483 in 'cellSpurs' module
[E]: TODO: _cellSpursJobChainAttributeInitialize
[W]: Unknown function 0x373523d4 in 'cellSpurs' module
[E]: TODO: cellSpursEventFlagWait
[W]: Unknown function 0x4a6465e3 in 'cellSpurs' module
[E]: TODO: cellSpursCreateTaskset2
[W]: Unknown function 0x4ac7bae4 in 'cellSpurs' module
[E]: TODO: cellSpursEventFlagClear
[W]: Unknown function 0x5ef96465 in 'cellSpurs' module
[E]: TODO: _cellSpursEventFlagInitialize
[W]: Unknown function 0x652b70e2 in 'cellSpurs' module
[E]: TODO: cellSpursTasksetAttributeSetName
[W]: Unknown function 0x738e40e6 in 'cellSpurs' module
[E]: TODO: cellSpursShutdownJobChain
[W]: Unknown function 0x73e06f91 in 'cellSpurs' module
[E]: TODO: cellSpursLFQueueDetachLv2EventQueue
[W]: Unknown function 0x838fa4f0 in 'cellSpurs' module
[E]: TODO: cellSpursTryJoinTask2
[W]: Unknown function 0x87630976 in 'cellSpurs' module
[E]: TODO: cellSpursEventFlagAttachLv2EventQueue
[W]: Unknown function 0x8a85674d in 'cellSpurs' module
[E]: TODO: _cellSpursLFQueuePushBody
[W]: Unknown function 0x8f122ef8 in 'cellSpurs' module
[E]: TODO: cellSpursTasksetAttributeSetTasksetSize
[W]: Unknown function 0x9f72add3 in 'cellSpurs' module
[E]: TODO: cellSpursJoinTaskset
[W]: Unknown function 0xa121a224 in 'cellSpurs' module
[E]: TODO: cellSpursTaskAttributeSetExitCodeContainer
[W]: Unknown function 0xa789e631 in 'cellSpurs' module
[E]: TODO: cellSpursShutdownTaskset
[W]: Unknown function 0xa7a94892 in 'cellSpurs' module
[E]: TODO: cellSpursJoinTask2
[W]: Unknown function 0xa7c066de in 'cellSpurs' module
[E]: TODO: cellSpursJoinJobChain
[W]: Unknown function 0xaa6269a8 in 'cellSpurs' module
[E]: TODO: cellSpursInitializeWithAttribute
[W]: Unknown function 0xb8474eff in 'cellSpurs' module
[E]: TODO: _cellSpursTaskAttributeInitialize
[W]: Unknown function 0xbeb600ac in 'cellSpurs' module
[E]: TODO: cellSpursCreateTask
[W]: Unknown function 0xc10931cb in 'cellSpurs' module
[E]: TODO: cellSpursCreateTasksetWithAttribute
[W]: Unknown function 0xc2acdf43 in 'cellSpurs' module
[E]: TODO: _cellSpursTasksetAttribute2Initialize
[W]: Unknown function 0xe14ca62d in 'cellSpurs' module
[E]: TODO: cellSpursCreateTask2
[W]: Unknown function 0xf31731bb in 'cellSpurs' module
[E]: TODO: cellSpursRunJobChain
[W]: Unknown function 0xf5507729 in 'cellSpurs' module
[E]: TODO: cellSpursEventFlagSet
[W]: Unknown function 0x0247c69e in 'cellSail' module
[E]: TODO: cellSailGraphicsAdapterGetFrame
[W]: Unknown function 0x0abb318b in 'cellSail' module
[E]: TODO: cellSailDescriptorCreateDatabase
[W]: Unknown function 0x10298371 in 'cellSail' module
[E]: TODO: cellSailAviMovieGetHeader
[W]: Unknown function 0x1139a206 in 'cellSail' module
[E]: TODO: cellSailPlayerSetSoundAdapter
[W]: Unknown function 0x145f9b11 in 'cellSail' module
[E]: TODO: cellSailPlayerOpenEsAudio
[W]: Unknown function 0x1872331b in 'cellSail' module
[E]: TODO: cellSailGraphicsAdapterPtsToTimePosition
[W]: Unknown function 0x18b4629d in 'cellSail' module
[E]: TODO: cellSailPlayerFinalize
[W]: Unknown function 0x18bcd21b in 'cellSail' module
[E]: TODO: cellSailPlayerSetGraphicsAdapter
[W]: Unknown function 0x1c983864 in 'cellSail' module
[E]: TODO: cellSailGraphicsAdapterInitialize
[W]: Unknown function 0x23654375 in 'cellSail' module
[E]: TODO: cellSailPlayerInitialize2
[W]: Unknown function 0x28336e89 in 'cellSail' module
[E]: TODO: cellSailDescriptorDestroyDatabase
[W]: Unknown function 0x2e3ccb5e in 'cellSail' module
[E]: TODO: cellSailGraphicsAdapterSetPreferredFormat
[W]: Unknown function 0x346ebba3 in 'cellSail' module
[E]: TODO: cellSailMemAllocatorInitialize
[W]: Unknown function 0x34ecc1b9 in 'cellSail' module
[E]: TODO: cellSailPlayerOpenStream
[W]: Unknown function 0x3a2d806c in 'cellSail' module
[E]: TODO: cellSailFutureGet
[W]: Unknown function 0x3d0d3b72 in 'cellSail' module
[E]: TODO: cellSailSoundAdapterInitialize
[W]: Unknown function 0x44a20e79 in 'cellSail' module
[E]: TODO: cellSailGraphicsAdapterUpdateAvSync
[W]: Unknown function 0x47632810 in 'cellSail' module
[E]: TODO: cellSailPlayerReplaceEventHandler
[W]: Unknown function 0x477501f6 in 'cellSail' module
[E]: TODO: cellSailPlayerOpenEsVideo
[W]: Unknown function 0x4cc54f8e in 'cellSail' module
[E]: TODO: cellSailFutureInitialize
[W]: Unknown function 0x5f7c7a6f in 'cellSail' module
[E]: TODO: cellSailPlayerSetParameter
[W]: Unknown function 0x69793952 in 'cellSail' module
[E]: TODO: cellSailPlayerUnsubscribeEvent
[W]: Unknown function 0x76488bb1 in 'cellSail' module
[E]: TODO: cellSailGraphicsAdapterFinalize
[W]: Unknown function 0x76b1a425 in 'cellSail' module
[E]: TODO: cellSailDescriptorSetAutoSelection
[W]: Unknown function 0x7c8dff3b in 'cellSail' module
[E]: TODO: cellSailPlayerAddDescriptor
[W]: Unknown function 0x7eb8d6b5 in 'cellSail' module
[E]: TODO: cellSailSoundAdapterGetFrame
[W]: Unknown function 0x85beffcc in 'cellSail' module
[E]: TODO: cellSailPlayerCloseStream
[W]: Unknown function 0x91d287f6 in 'cellSail' module
[E]: TODO: cellSailPlayerSetEsAudioMuted
[W]: Unknown function 0x9553af65 in 'cellSail' module
[E]: TODO: cellSailFutureFinalize
[W]: Unknown function 0xa37fed15 in 'cellSail' module
[E]: TODO: cellSailFutureSet
[W]: Unknown function 0xbdf21b0f in 'cellSail' module
[E]: TODO: cellSailPlayerBoot
[W]: Unknown function 0xc09e2f23 in 'cellSail' module
[E]: TODO: cellSailAviStreamGetMediaType
[W]: Unknown function 0xcc3cca60 in 'cellSail' module
[E]: TODO: cellSailAviStreamGetHeader
[W]: Unknown function 0xd1462438 in 'cellSail' module
[E]: TODO: cellSailSoundAdapterFinalize
[W]: Unknown function 0xd1d55a90 in 'cellSail' module
[E]: TODO: cellSailPlayerSetPaused
[W]: Unknown function 0xd5f9a15b in 'cellSail' module
[E]: TODO: cellSailDescriptorGetStreamType
[W]: Unknown function 0xd7938b8d in 'cellSail' module
[E]: TODO: cellSailPlayerCreateDescriptor
[W]: Unknown function 0xddebd2a5 in 'cellSail' module
[E]: TODO: cellSailAviMovieGetStreamByTypeAndIndex
[W]: Unknown function 0xe535b0d3 in 'cellSail' module
[E]: TODO: cellSailPlayerStart
[W]: Unknown function 0xeba8d4ec in 'cellSail' module
[E]: TODO: cellSailPlayerStop
[W]: Unknown function 0xeec22809 in 'cellSail' module
[E]: TODO: cellSailSoundAdapterUpdateAvSync
[W]: Unknown function 0xf25f197d in 'cellSail' module
[E]: TODO: cellSailSoundAdapterGetFormat
[W]: Unknown function 0xfc5baf8a in 'cellSail' module
[E]: TODO: cellSailPlayerSetRepeatMode
[W]: Unknown function 0xfc839bd4 in 'cellSail' module
[E]: TODO: cellSailPlayerDestroyDescriptor
[W]: Unknown function 0xffd58aa4 in 'cellSail' module
[E]: TODO: cellSailGraphicsAdapterGetFormat
[W]: Unknown function 0x051ee3ee in 'sys_net' module
[E]: TODO: socketpoll
[W]: Unknown function 0x13efe7f5 in 'sys_net' module
[E]: TODO: getsockname
[W]: Unknown function 0x28e208bb in 'sys_net' module
[E]: TODO: listen
[W]: Unknown function 0x3f09e20a in 'sys_net' module
[E]: TODO: socketselect
[W]: Unknown function 0x5a045bd1 in 'sys_net' module
[E]: TODO: getsockopt
[W]: Unknown function 0x71f4c717 in 'sys_net' module
[E]: TODO: gethostbyname
[W]: Unknown function 0x858a930b in 'sys_net' module
[E]: TODO: inet_ntoa
[W]: Unknown function 0xdabbc2c0 in 'sys_net' module
[E]: TODO: inet_addr
[W]: Unknown function 0xf7ac8941 in 'sys_net' module
[E]: TODO: gethostbyaddr
[W]: Unknown function 0xf9ec2db6 in 'sys_net' module
[E]: TODO: getpeername
[W]: Unknown function 0x01379fd7 in 'sceNp2' module
[E]: TODO: sceNpMatching2DestroyContext
[W]: Unknown function 0x02065e3d in 'sceNp2' module
[E]: TODO: sceNpMatching2LeaveLobby
[W]: Unknown function 0x05bf2fbd in 'sceNp2' module
[E]: TODO: sceNpMatching2GetWorldInfoList
[W]: Unknown function 0x0884fc95 in 'sceNp2' module
[E]: TODO: sceNpMatching2RegisterLobbyEventCallback
[W]: Unknown function 0x0b2218a3 in 'sceNp2' module
[E]: TODO: sceNpMatching2GetLobbyMemberDataInternalList
[W]: Unknown function 0x0d22867f in 'sceNp2' module
[E]: TODO: sceNpMatching2SearchRoom
[W]: Unknown function 0x0ebe4c6b in 'sceNp2' module
[E]: TODO: sceNpMatching2SignalingGetConnectionStatus
[W]: Unknown function 0x12d0b0f9 in 'sceNp2' module
[E]: TODO: sceNpMatching2ContextStart
[W]: Unknown function 0x196a06f9 in 'sceNp2' module
[E]: TODO: sceNpMatching2GetMemoryInfo
[W]: Unknown function 0x1f372697 in 'sceNp2' module
[E]: TODO: sceNpMatching2LeaveRoom
[W]: Unknown function 0x215b0d75 in 'sceNp2' module
[E]: TODO: sceNpMatching2SetRoomDataExternal
[W]: Unknown function 0x23009d07 in 'sceNp2' module
[E]: TODO: sceNpMatching2Term2
[W]: Unknown function 0x29e78389 in 'sceNp2' module
[E]: TODO: sceNpMatching2JoinLobby
[W]: Unknown function 0x2ed909dc in 'sceNp2' module
[E]: TODO: sceNpMatching2AbortRequest
[W]: Unknown function 0x3457c0db in 'sceNp2' module
[E]: TODO: sceNpMatching2GetServerInfo
[W]: Unknown function 0x3c00c9d4 in 'sceNp2' module
[E]: TODO: sceNpMatching2GetEventData
[W]: Unknown function 0x41251f74 in 'sceNp2' module
[E]: TODO: sceNp2Init
[W]: Unknown function 0x5721e711 in 'sceNp2' module
[E]: TODO: sceNpMatching2JoinRoom
[W]: Unknown function 0x66f19527 in 'sceNp2' module
[E]: TODO: sceNpMatching2KickoutRoomMember
[W]: Unknown function 0x748029a2 in 'sceNp2' module
[E]: TODO: sceNpMatching2RegisterContextCallback
[W]: Unknown function 0x817d1090 in 'sceNp2' module
[E]: TODO: sceNpMatching2SetRoomDataInternal
[W]: Unknown function 0x8d3f8d49 in 'sceNp2' module
[E]: TODO: sceNpMatching2SignalingGetPingInfo
[W]: Unknown function 0x8e5cfe9f in 'sceNp2' module
[E]: TODO: sceNpMatching2GetServerIdListLocal
[W]: Unknown function 0x9344d41f in 'sceNp2' module
[E]: TODO: sceNpMatching2GrantRoomOwner
[W]: Unknown function 0x9cbce3f2 in 'sceNp2' module
[E]: TODO: sceNpMatching2CreateContext
[W]: Unknown function 0xa9e6103e in 'sceNp2' module
[E]: TODO: sceNpMatching2RegisterSignalingCallback
[W]: Unknown function 0xaa6c2c43 in 'sceNp2' module
[E]: TODO: sceNpMatching2ClearEventData
[W]: Unknown function 0xaadb7c12 in 'sceNp2' module
[E]: TODO: sceNp2Term
[W]: Unknown function 0xdb87b088 in 'sceNp2' module
[E]: TODO: sceNpMatching2SetDefaultRequestOptParam
[W]: Unknown function 0xdcb6b27d in 'sceNp2' module
[E]: TODO: sceNpMatching2RegisterRoomEventCallback
[W]: Unknown function 0xe7a3bc7a in 'sceNp2' module
[E]: TODO: sceNpMatching2CreateJoinRoom
[W]: Unknown function 0xefbd9357 in 'sceNp2' module
[E]: TODO: sceNpMatching2GetLobbyInfoList
[W]: Unknown function 0xf43c647a in 'sceNp2' module
[E]: TODO: sceNpMatching2ContextStop
[W]: Unknown function 0xf4babd3f in 'sceNp2' module
[E]: TODO: sceNpMatching2Init2
[W]: Unknown function 0xfa0583c6 in 'sceNp2' module
[E]: TODO: sceNpMatching2SetLobbyMemberDataInternal
[W]: Unknown function 0x0a563878 in 'cellVoice' module
[E]: TODO: cellVoiceStart
[W]: Unknown function 0x18d3df30 in 'cellVoice' module
[E]: TODO: cellVoiceDisconnectIPortFromOPort
[W]: Unknown function 0x2a01013e in 'cellVoice' module
[E]: TODO: cellVoiceCreateNotifyEventQueue
[W]: Unknown function 0x2de54871 in 'cellVoice' module
[E]: TODO: cellVoiceCreatePort
[W]: Unknown function 0x30f0b5ab in 'cellVoice' module
[E]: TODO: cellVoiceWriteToIPortEx
[W]: Unknown function 0x35d84910 in 'cellVoice' module
[E]: TODO: cellVoiceSetNotifyEventQueue
[W]: Unknown function 0x36472c57 in 'cellVoice' module
[E]: TODO: cellVoiceReadFromOPort
[W]: Unknown function 0x54ac3519 in 'cellVoice' module
[E]: TODO: cellVoiceGetPortInfo
[W]: Unknown function 0x9f70c475 in 'cellVoice' module
[E]: TODO: cellVoiceDeletePort
[W]: Unknown function 0xae6a21d5 in 'cellVoice' module
[E]: TODO: cellVoiceConnectIPortToOPort
[W]: Unknown function 0xc7cf1182 in 'cellVoice' module
[E]: TODO: cellVoiceInit
[W]: Unknown function 0xd3a84be1 in 'cellVoice' module
[E]: TODO: cellVoiceStop
[W]: Unknown function 0xdd000886 in 'cellVoice' module
[E]: TODO: cellVoiceRemoveNotifyEventQueue
[W]: Unknown function 0xe0e1ae12 in 'cellVoice' module
[E]: TODO: cellVoiceEnd
[W]: Unknown function 0xff0fa43a in 'cellVoice' module
[E]: TODO: cellVoiceResetPort
[W]: Unknown function 0xd59aa307 in 'cellSync' module
[E]: TODO: cellSyncLFQueueGetDirection
[W]: Unknown module 'cellHttp'
[W]: Unknown function 0x32faaf58 in 'cellHttpUtil' module
[E]: TODO: cellHttpUtilParseUri
[W]: Unknown function 0xa3457869 in 'cellHttpUtil' module
[E]: TODO: cellHttpUtilParseProxy
[W]: Unknown function 0x05709bbf in 'cellMic' module
[E]: TODO: cellMicOpenEx
[W]: Unknown function 0x07e1b12c in 'cellMic' module
[E]: TODO: cellMicRead
[W]: Unknown function 0x7903400e in 'cellMic' module
[E]: TODO: cellMicSetNotifyEventQueue
[W]: Unknown function 0x8d229f8e in 'cellMic' module
[E]: TODO: cellMicClose
[W]: Unknown function 0xdd724314 in 'cellMic' module
[E]: TODO: cellMicStart
[W]: Unknown function 0xfcfaf246 in 'cellMic' module
[E]: TODO: cellMicStop
[W]: Unknown module 'cellSysutilAvconfExt'
[W]: Unknown module 'cellSysutilAvc2'
[W]: Unknown function 0x82f294b2 in 'cellOvis' module
[E]: TODO: cellOvisGetOverlayTableSize
[W]: Unknown function 0xa876c911 in 'cellOvis' module
[E]: TODO: cellOvisInitializeOverlayTable
[W]: Unknown function 0x1650aea4 in 'cellSsl' module
[E]: TODO: cellSslEnd
[W]: Unknown function 0x571afaca in 'cellSsl' module
[E]: TODO: cellSslCertificateLoader
[W]: Unknown function 0xfb02c9d2 in 'cellSsl' module
[E]: TODO: cellSslInit
[W]: Unknown function 0x26090058 in 'sysPrxForUser' module
[E]: TODO: sys_prx_load_module
[W]: Unknown function 0x71a8472a in 'sysPrxForUser' module
[E]: TODO: sys_get_random_number
[W]: Unknown function 0x80fb0c19 in 'sysPrxForUser' module
[E]: TODO: sys_prx_stop_module
[W]: Unknown function 0x8a561d92 in 'sysPrxForUser' module
[E]: TODO: _sys_heap_free
[W]: Unknown function 0x9f18429d in 'sysPrxForUser' module
[E]: TODO: sys_prx_start_module
[W]: Unknown function 0xa330ad84 in 'sysPrxForUser' module
[E]: TODO: sys_prx_load_module_on_memcontainer_by_fd
[W]: Unknown function 0xaa6d9bff in 'sysPrxForUser' module
[E]: TODO: sys_prx_load_module_on_memcontainer
[W]: Unknown function 0xaede4b03 in 'sysPrxForUser' module
[E]: TODO: _sys_heap_delete_heap
[W]: Unknown function 0xdd3b27ac in 'sysPrxForUser' module
[E]: TODO: _sys_spu_printf_finalize
[W]: Unknown function 0xef68c17c in 'sysPrxForUser' module
[E]: TODO: sys_prx_load_module_by_fd
[W]: Unknown function 0xf0aece0d in 'sysPrxForUser' module
[E]: TODO: sys_prx_unload_module
[S]: Game: boot done.
[W : PPU[1] Thread (CPUThread)[0x01f65058]]: sys_lwmutex warning: *** lwmutex created [_lc_mtx] (attribute=0x12): sq_id = 3
[W : PPU[1] Thread (CPUThread)[0x0028ef0c]]: memory warning: sys_memory_get_user_memory_size(mem_info_addr=0xd0010c04)
[W : PPU[1] Thread (CPUThread)[0x01f65058]]: sys_lwmutex warning: *** lwmutex created [_lc_mtx] (attribute=0x12): sq_id = 4
[W : PPU[1] Thread (CPUThread)[0x01f65058]]: sys_lwmutex warning: *** lwmutex created [_lc_mtx] (attribute=0x12): sq_id = 5
[W : PPU[1] Thread (CPUThread)[0x01f65058]]: sys_lwmutex warning: *** lwmutex created [_lc_mtx] (attribute=0x12): sq_id = 6
[W : PPU[1] Thread (CPUThread)[0x01f65058]]: sys_lwmutex warning: *** lwmutex created [_lc_mtx] (attribute=0x12): sq_id = 7
[W : PPU[1] Thread (CPUThread)[0x01f65058]]: sys_lwmutex warning: *** lwmutex created [_lc_mtx] (attribute=0x12): sq_id = 8
[W : PPU[1] Thread (CPUThread)[0x01f65058]]: sys_lwmutex warning: *** lwmutex created [_lc_mtx] (attribute=0x12): sq_id = 9
[W : PPU[1] Thread (CPUThread)[0x01f65058]]: sys_lwmutex warning: *** lwmutex created [_lc_mtx] (attribute=0x12): sq_id = 10
[W : PPU[1] Thread (CPUThread)[0x01f65058]]: sys_lwmutex warning: *** lwmutex created [_lc_mtx] (attribute=0x12): sq_id = 11
[W : PPU[1] Thread (CPUThread)[0x01f65058]]: sys_lwmutex warning: *** lwmutex created [_lc_mtx] (attribute=0x12): sq_id = 12
[W : PPU[1] Thread (CPUThread)[0x01f65058]]: sys_lwmutex warning: *** lwmutex created [_lgcmtx] (attribute=0x12): sq_id = 13
[W : PPU[1] Thread (CPUThread)[0x01f65058]]: sys_lwmutex warning: *** lwmutex created [_lgcmtx] (attribute=0x22): sq_id = 14
[W : PPU[1] Thread (CPUThread)[0x01f65058]]: sys_lwmutex warning: *** lwmutex created [_lc_mtx] (attribute=0x12): sq_id = 15
[W : PPU[1] Thread (CPUThread)[0x01f65058]]: sys_lwmutex warning: *** lwmutex created [_lc_mtx] (attribute=0x12): sq_id = 16
[W : PPU[1] Thread (CPUThread)[0x01f65058]]: sys_lwmutex warning: *** lwmutex created [_lc_mtx] (attribute=0x12): sq_id = 17
[W : PPU[1] Thread (CPUThread)[0x01f65058]]: sys_lwmutex warning: *** lwmutex created [_lc_mtx] (attribute=0x12): sq_id = 18
[W : PPU[1] Thread (CPUThread)[0x01f65058]]: sys_lwmutex warning: *** lwmutex created [_lc_mtx] (attribute=0x12): sq_id = 19
[W : PPU[1] Thread (CPUThread)[0x01f65058]]: sys_lwmutex warning: *** lwmutex created [_lc_mtx] (attribute=0x12): sq_id = 20
[W : PPU[1] Thread (CPUThread)[0x01f65058]]: sys_lwmutex warning: *** lwmutex created [_lc_mtx] (attribute=0x12): sq_id = 21
[W : PPU[1] Thread (CPUThread)[0x01f65058]]: sys_lwmutex warning: *** lwmutex created [_lc_mtx] (attribute=0x12): sq_id = 22
[W : PPU[1] Thread (CPUThread)[0x01f65058]]: sys_lwmutex warning: *** lwmutex created [_lc_mtx] (attribute=0x12): sq_id = 23
[W : PPU[1] Thread (CPUThread)[0x01f65058]]: sys_lwmutex warning: *** lwmutex created [_lc_mtx] (attribute=0x12): sq_id = 24
[W : PPU[1] Thread (CPUThread)[0x01f65058]]: sys_lwmutex warning: *** lwmutex created [_lc_mtx] (attribute=0x12): sq_id = 25
[W : PPU[1] Thread (CPUThread)[0x01f65058]]: sys_lwmutex warning: *** lwmutex created [_lc_mtx] (attribute=0x12): sq_id = 26
[W : PPU[1] Thread (CPUThread)[0x01f65058]]: sys_lwmutex warning: *** lwmutex created [] (attribute=0x12): sq_id = 27
[W : PPU[1] Thread (CPUThread)[0x01f65058]]: sys_lwmutex warning: *** lwmutex created [ps3HDDL] (attribute=0x12): sq_id = 28
[W : PPU[1] Thread (CPUThread)[0x0027e428]]: cellSysutil warning: cellSysutilGetSystemParamInt: CELL_SYSUTIL_SYSTEMPARAM_ID_TIMEZONE
[W : PPU[1] Thread (CPUThread)[0x0027e428]]: cellSysutil warning: cellSysutilGetSystemParamInt: CELL_SYSUTIL_SYSTEMPARAM_ID_SUMMERTIME
[W : PPU[1] Thread (CPUThread)[0x00285bd8]]: cellSysutil warning: cellSysutilGetSystemParamInt: CELL_SYSUTIL_SYSTEMPARAM_ID_TIMEZONE
[W : PPU[1] Thread (CPUThread)[0x00285bd8]]: cellSysutil warning: cellSysutilGetSystemParamInt: CELL_SYSUTIL_SYSTEMPARAM_ID_SUMMERTIME
[W : PPU[1] Thread (CPUThread)[0x0027fe98]]: cellSysutil warning: cellSysutilGetSystemParamInt: CELL_SYSUTIL_SYSTEMPARAM_ID_TIMEZONE
[W : PPU[1] Thread (CPUThread)[0x0027fe98]]: cellSysutil warning: cellSysutilGetSystemParamInt: CELL_SYSUTIL_SYSTEMPARAM_ID_SUMMERTIME
[W : PPU[1] Thread (CPUThread)[0x00285bd8]]: cellSysutil warning: cellSysutilGetSystemParamInt: CELL_SYSUTIL_SYSTEMPARAM_ID_TIMEZONE
[W : PPU[1] Thread (CPUThread)[0x00285bd8]]: cellSysutil warning: cellSysutilGetSystemParamInt: CELL_SYSUTIL_SYSTEMPARAM_ID_SUMMERTIME
[W : PPU[1] Thread (CPUThread)[0x0027e3ac]]: cellSysutil warning: cellSysutilGetSystemParamInt: CELL_SYSUTIL_SYSTEMPARAM_ID_TIMEZONE
[W : PPU[1] Thread (CPUThread)[0x0027e3ac]]: cellSysutil warning: cellSysutilGetSystemParamInt: CELL_SYSUTIL_SYSTEMPARAM_ID_SUMMERTIME
[W : PPU[1] Thread (CPUThread)[0x0027fe98]]: cellSysutil warning: cellSysutilGetSystemParamInt: CELL_SYSUTIL_SYSTEMPARAM_ID_TIMEZONE
[W : PPU[1] Thread (CPUThread)[0x0027fe98]]: cellSysutil warning: cellSysutilGetSystemParamInt: CELL_SYSUTIL_SYSTEMPARAM_ID_SUMMERTIME
[W : PPU[1] Thread (CPUThread)[0x01f65058]]: sys_lwmutex warning: *** lwmutex created [] (attribute=0x12): sq_id = 29
[W : PPU[1] Thread (CPUThread)[0x00d98de0]]: sys_rwlock warning: sys_rwlock_create(rw_lock_id_addr=0x1edf1a0, attr_addr=0xd00107e0)
[W : PPU[1] Thread (CPUThread)[0x00d98de0]]: sys_rwlock warning: TODO: SYS_SYNC_PRIORITY attr
[W : PPU[1] Thread (CPUThread)[0x00d98de0]]: sys_rwlock warning: *** rwlock created [] (protocol=0x2): id = 30
[W : PPU[1] Thread (CPUThread)[0x01f65058]]: sys_lwmutex warning: *** lwmutex created [] (attribute=0x12): sq_id = 31
[W : PPU[1] Thread (CPUThread)[0x00e9264c]]: sys_mutex warning: *** mutex created [] (protocol=0x2, recursive=true): id = 32
[W : PPU[1] Thread (CPUThread)[0x00e9264c]]: sys_mutex warning: *** mutex created [] (protocol=0x2, recursive=true): id = 33
[W : PPU[1] Thread (CPUThread)[0x00e9264c]]: sys_mutex warning: *** mutex created [] (protocol=0x2, recursive=true): id = 34
[W : PPU[1] Thread (CPUThread)[0x00e9264c]]: sys_mutex warning: *** mutex created [] (protocol=0x2, recursive=true): id = 35
[W : PPU[1] Thread (CPUThread)[0x00e9264c]]: sys_mutex warning: *** mutex created [] (protocol=0x2, recursive=true): id = 36
[W : PPU[1] Thread (CPUThread)[0x00e9264c]]: sys_mutex warning: *** mutex created [] (protocol=0x2, recursive=true): id = 37
[W : PPU[1] Thread (CPUThread)[0x00e9264c]]: sys_mutex warning: *** mutex created [] (protocol=0x2, recursive=true): id = 38
[W : PPU[1] Thread (CPUThread)[0x00e9264c]]: sys_mutex warning: *** mutex created [] (protocol=0x2, recursive=true): id = 39
[W : PPU[1] Thread (CPUThread)[0x00e9264c]]: sys_mutex warning: *** mutex created [] (protocol=0x2, recursive=true): id = 40
[W : PPU[1] Thread (CPUThread)[0x00e9264c]]: sys_mutex warning: *** mutex created [] (protocol=0x2, recursive=true): id = 41
[W : PPU[1] Thread (CPUThread)[0x00e9264c]]: sys_mutex warning: *** mutex created [] (protocol=0x2, recursive=true): id = 42
[W : PPU[1] Thread (CPUThread)[0x00e9264c]]: sys_mutex warning: *** mutex created [] (protocol=0x2, recursive=true): id = 43
[W : PPU[1] Thread (CPUThread)[0x00e9264c]]: sys_mutex warning: *** mutex created [] (protocol=0x2, recursive=true): id = 44
[W : PPU[1] Thread (CPUThread)[0x00e9264c]]: sys_mutex warning: *** mutex created [] (protocol=0x2, recursive=true): id = 45
[W : PPU[1] Thread (CPUThread)[0x00e9264c]]: sys_mutex warning: *** mutex created [] (protocol=0x2, recursive=true): id = 46
[W : PPU[1] Thread (CPUThread)[0x00e9264c]]: sys_mutex warning: *** mutex created [] (protocol=0x2, recursive=true): id = 47
[W : PPU[1] Thread (CPUThread)[0x00e9264c]]: sys_mutex warning: *** mutex created [] (protocol=0x2, recursive=true): id = 48
[W : PPU[1] Thread (CPUThread)[0x00e9264c]]: sys_mutex warning: *** mutex created [] (protocol=0x2, recursive=true): id = 49
[W : PPU[1] Thread (CPUThread)[0x00e9264c]]: sys_mutex warning: *** mutex created [] (protocol=0x2, recursive=true): id = 50
[W : PPU[1] Thread (CPUThread)[0x00e9264c]]: sys_mutex warning: *** mutex created [] (protocol=0x2, recursive=true): id = 51
[W : PPU[1] Thread (CPUThread)[0x00e9264c]]: sys_mutex warning: *** mutex created [] (protocol=0x2, recursive=true): id = 52
[W : PPU[1] Thread (CPUThread)[0x00e9264c]]: sys_mutex warning: *** mutex created [] (protocol=0x2, recursive=true): id = 53
[W : PPU[1] Thread (CPUThread)[0x00e9264c]]: sys_mutex warning: *** mutex created [] (protocol=0x2, recursive=true): id = 54
[W : PPU[1] Thread (CPUThread)[0x00e9264c]]: sys_mutex warning: *** mutex created [] (protocol=0x2, recursive=true): id = 55
[W : PPU[1] Thread (CPUThread)[0x00e9264c]]: sys_mutex warning: *** mutex created [] (protocol=0x2, recursive=true): id = 56
[W : PPU[1] Thread (CPUThread)[0x00e9264c]]: sys_mutex warning: *** mutex created [] (protocol=0x2, recursive=true): id = 57
[W : PPU[1] Thread (CPUThread)[0x00e9264c]]: sys_mutex warning: *** mutex created [] (protocol=0x2, recursive=true): id = 58
[W : PPU[1] Thread (CPUThread)[0x00e9264c]]: sys_mutex warning: *** mutex created [] (protocol=0x2, recursive=true): id = 59
[W : PPU[1] Thread (CPUThread)[0x00e9264c]]: sys_mutex warning: *** mutex created [] (protocol=0x2, recursive=true): id = 60
[W : PPU[1] Thread (CPUThread)[0x00e9264c]]: sys_mutex warning: *** mutex created [] (protocol=0x2, recursive=true): id = 61
[W : PPU[1] Thread (CPUThread)[0x00e9264c]]: sys_mutex warning: *** mutex created [] (protocol=0x2, recursive=true): id = 62
[W : PPU[1] Thread (CPUThread)[0x01f65058]]: sys_lwmutex warning: *** lwmutex created [] (attribute=0x12): sq_id = 63
[W : PPU[1] Thread (CPUThread)[0x01f65058]]: sys_lwmutex warning: *** lwmutex created [] (attribute=0x12): sq_id = 64
[W : PPU[1] Thread (CPUThread)[0x01f65058]]: sys_lwmutex warning: *** lwmutex created [] (attribute=0x12): sq_id = 65
[W : PPU[1] Thread (CPUThread)[0x01f2d010]]: cellSysmodule warning: cellSysmoduleLoadModule(CELL_SYSMODULE_RTC)
[W : PPU[1] Thread (CPUThread)[0x01f2d010]]: cellSysmodule warning: cellSysmoduleLoadModule(CELL_SYSMODULE_L10N)
[W : PPU[1] Thread (CPUThread)[0x01f2d010]]: cellSysmodule warning: cellSysmoduleLoadModule(CELL_SYSMODULE_FS)
[W : PPU[1] Thread (CPUThread)[0x01f2d010]]: cellSysmodule warning: cellSysmoduleLoadModule(CELL_SYSMODULE_SPURS)
[W : PPU[1] Thread (CPUThread)[0x01f2d010]]: cellSysmodule warning: cellSysmoduleLoadModule(CELL_SYSMODULE_RESC)
[W : PPU[1] Thread (CPUThread)[0x01f2d010]]: cellSysmodule warning: cellSysmoduleLoadModule(CELL_SYSMODULE_NET)
[W : PPU[1] Thread (CPUThread)[0x01f2d010]]: cellSysmodule warning: cellSysmoduleLoadModule(CELL_SYSMODULE_SYSUTIL_GAME)
[W : PPU[1] Thread (CPUThread)[0x01f65058]]: sys_lwmutex warning: *** lwmutex created [] (attribute=0x12): sq_id = 66
[W : PPU[1] Thread (CPUThread)[0x00e9264c]]: sys_mutex warning: *** mutex created [] (protocol=0x2, recursive=true): id = 67
[W : PPU[1] Thread (CPUThread)[0x00e9264c]]: sys_mutex warning: *** mutex created [] (protocol=0x2, recursive=true): id = 68
[W : PPU[1] Thread (CPUThread)[0x00e9264c]]: sys_mutex warning: *** mutex created [] (protocol=0x2, recursive=true): id = 69
[W : PPU[1] Thread (CPUThread)[0x00e9264c]]: sys_mutex warning: *** mutex created [] (protocol=0x2, recursive=true): id = 70
[W : PPU[1] Thread (CPUThread)[0x00e9264c]]: sys_mutex warning: *** mutex created [] (protocol=0x2, recursive=true): id = 71
[W : PPU[1] Thread (CPUThread)[0x00e9264c]]: sys_mutex warning: *** mutex created [] (protocol=0x2, recursive=true): id = 72
[W : PPU[1] Thread (CPUThread)[0x00e9264c]]: sys_mutex warning: *** mutex created [] (protocol=0x2, recursive=true): id = 73
[W : PPU[1] Thread (CPUThread)[0x00e9264c]]: sys_mutex warning: *** mutex created [] (protocol=0x2, recursive=true): id = 74
[W : PPU[1] Thread (CPUThread)[0x00e9264c]]: sys_mutex warning: *** mutex created [] (protocol=0x2, recursive=true): id = 75
[W : PPU[1] Thread (CPUThread)[0x00e9264c]]: sys_mutex warning: *** mutex created [] (protocol=0x2, recursive=true): id = 76
[W : PPU[1] Thread (CPUThread)[0x00e9264c]]: sys_mutex warning: *** mutex created [] (protocol=0x2, recursive=true): id = 77
[W : PPU[1] Thread (CPUThread)[0x00e9264c]]: sys_mutex warning: *** mutex created [] (protocol=0x2, recursive=true): id = 78
[W : PPU[1] Thread (CPUThread)[0x00e9264c]]: sys_mutex warning: *** mutex created [] (protocol=0x2, recursive=true): id = 79
[W : PPU[1] Thread (CPUThread)[0x00e9264c]]: sys_mutex warning: *** mutex created [] (protocol=0x2, recursive=true): id = 80
[W : PPU[1] Thread (CPUThread)[0x00e9264c]]: sys_mutex warning: *** mutex created [] (protocol=0x2, recursive=true): id = 81
[W : PPU[1] Thread (CPUThread)[0x00e9264c]]: sys_mutex warning: *** mutex created [] (protocol=0x2, recursive=true): id = 82
[W : PPU[1] Thread (CPUThread)[0x00e9264c]]: sys_mutex warning: *** mutex created [] (protocol=0x2, recursive=true): id = 83
[W : PPU[1] Thread (CPUThread)[0x00e9264c]]: sys_mutex warning: *** mutex created [] (protocol=0x2, recursive=true): id = 84
[W : PPU[1] Thread (CPUThread)[0x00e9264c]]: sys_mutex warning: *** mutex created [] (protocol=0x2, recursive=true): id = 85
[W : PPU[1] Thread (CPUThread)[0x00e9264c]]: sys_mutex warning: *** mutex created [] (protocol=0x2, recursive=true): id = 86
[W : PPU[1] Thread (CPUThread)[0x00e9264c]]: sys_mutex warning: *** mutex created [] (protocol=0x2, recursive=true): id = 87
[W : PPU[1] Thread (CPUThread)[0x00e9264c]]: sys_mutex warning: *** mutex created [] (protocol=0x2, recursive=true): id = 88
[W : PPU[1] Thread (CPUThread)[0x00e9264c]]: sys_mutex warning: *** mutex created [] (protocol=0x2, recursive=true): id = 89
[W : PPU[1] Thread (CPUThread)[0x00e9264c]]: sys_mutex warning: *** mutex created [] (protocol=0x2, recursive=true): id = 90
[W : PPU[1] Thread (CPUThread)[0x00e9264c]]: sys_mutex warning: *** mutex created [] (protocol=0x2, recursive=true): id = 91
[W : PPU[1] Thread (CPUThread)[0x00e9264c]]: sys_mutex warning: *** mutex created [] (protocol=0x2, recursive=true): id = 92
[W : PPU[1] Thread (CPUThread)[0x00e9264c]]: sys_mutex warning: *** mutex created [] (protocol=0x2, recursive=true): id = 93
[W : PPU[1] Thread (CPUThread)[0x00e9264c]]: sys_mutex warning: *** mutex created [] (protocol=0x2, recursive=true): id = 94
[W : PPU[1] Thread (CPUThread)[0x00e9264c]]: sys_mutex warning: *** mutex created [] (protocol=0x2, recursive=true): id = 95
[W : PPU[1] Thread (CPUThread)[0x00e9264c]]: sys_mutex warning: *** mutex created [] (protocol=0x2, recursive=true): id = 96
[W : PPU[1] Thread (CPUThread)[0x00e9264c]]: sys_mutex warning: *** mutex created [] (protocol=0x2, recursive=true): id = 97
[W : PPU[1] Thread (CPUThread)[0x00e9264c]]: sys_mutex warning: *** mutex created [] (protocol=0x2, recursive=true): id = 98
[W : PPU[1] Thread (CPUThread)[0x00e9264c]]: sys_mutex warning: *** mutex created [] (protocol=0x2, recursive=true): id = 99
[W : PPU[1] Thread (CPUThread)[0x00e9264c]]: sys_mutex warning: *** mutex created [] (protocol=0x2, recursive=true): id = 100
[W : PPU[1] Thread (CPUThread)[0x00e9264c]]: sys_mutex warning: *** mutex created [] (protocol=0x2, recursive=true): id = 101
[W : PPU[1] Thread (CPUThread)[0x00e9264c]]: sys_mutex warning: *** mutex created [] (protocol=0x2, recursive=true): id = 102
[W : PPU[1] Thread (CPUThread)[0x00e9264c]]: sys_mutex warning: *** mutex created [] (protocol=0x2, recursive=true): id = 103
[W : PPU[1] Thread (CPUThread)[0x00e9264c]]: sys_mutex warning: *** mutex created [] (protocol=0x2, recursive=true): id = 104
[W : PPU[1] Thread (CPUThread)[0x00e9264c]]: sys_mutex warning: *** mutex created [] (protocol=0x2, recursive=true): id = 105
[W : PPU[1] Thread (CPUThread)[0x00e9264c]]: sys_mutex warning: *** mutex created [] (protocol=0x2, recursive=true): id = 106
[W : PPU[1] Thread (CPUThread)[0x01f65058]]: sys_lwmutex warning: *** lwmutex created [] (attribute=0x12): sq_id = 107
[W : PPU[1] Thread (CPUThread)[0x01f65058]]: sys_lwmutex warning: *** lwmutex created [] (attribute=0x12): sq_id = 108
[W : PPU[1] Thread (CPUThread)[0x00e9264c]]: sys_mutex warning: *** mutex created [] (protocol=0x2, recursive=true): id = 109
[W : PPU[1] Thread (CPUThread)[0x01f65058]]: sys_lwmutex warning: *** lwmutex created [] (attribute=0x12): sq_id = 110
[W : PPU[1] Thread (CPUThread)[0x00e9264c]]: sys_mutex warning: *** mutex created [] (protocol=0x2, recursive=true): id = 111
[W : PPU[1] Thread (CPUThread)[0x00e9264c]]: sys_mutex warning: *** mutex created [] (protocol=0x2, recursive=true): id = 112
[W : PPU[1] Thread (CPUThread)[0x00e9264c]]: sys_mutex warning: *** mutex created [] (protocol=0x2, recursive=true): id = 113
[W : PPU[1] Thread (CPUThread)[0x00e9264c]]: sys_mutex warning: *** mutex created [] (protocol=0x2, recursive=true): id = 114
[W : PPU[1] Thread (CPUThread)[0x00e9264c]]: sys_mutex warning: *** mutex created [] (protocol=0x2, recursive=true): id = 115
[W : PPU[1] Thread (CPUThread)[0x00e9264c]]: sys_mutex warning: *** mutex created [] (protocol=0x2, recursive=true): id = 116
[W : PPU[1] Thread (CPUThread)[0x00e9264c]]: sys_mutex warning: *** mutex created [] (protocol=0x2, recursive=true): id = 117
[W : PPU[1] Thread (CPUThread)[0x00e9264c]]: sys_mutex warning: *** mutex created [] (protocol=0x2, recursive=true): id = 118
[W : PPU[1] Thread (CPUThread)[0x00e9264c]]: sys_mutex warning: *** mutex created [] (protocol=0x2, recursive=true): id = 119
[W : PPU[1] Thread (CPUThread)[0x00e9264c]]: sys_mutex warning: *** mutex created [] (protocol=0x2, recursive=true): id = 120
[W : PPU[1] Thread (CPUThread)[0x00e9264c]]: sys_mutex warning: *** mutex created [] (protocol=0x2, recursive=true): id = 121
[W : PPU[1] Thread (CPUThread)[0x00e9264c]]: sys_mutex warning: *** mutex created [] (protocol=0x2, recursive=true): id = 122
[W : PPU[1] Thread (CPUThread)[0x00e9264c]]: sys_mutex warning: *** mutex created [] (protocol=0x2, recursive=true): id = 123
[W : PPU[1] Thread (CPUThread)[0x00e9264c]]: sys_mutex warning: *** mutex created [] (protocol=0x2, recursive=true): id = 124
[W : PPU[1] Thread (CPUThread)[0x00e9264c]]: sys_mutex warning: *** mutex created [] (protocol=0x2, recursive=true): id = 125
[W : PPU[1] Thread (CPUThread)[0x00e9264c]]: sys_mutex warning: *** mutex created [] (protocol=0x2, recursive=true): id = 126
[W : PPU[1] Thread (CPUThread)[0x00e9264c]]: sys_mutex warning: *** mutex created [] (protocol=0x2, recursive=true): id = 127
[W : PPU[1] Thread (CPUThread)[0x00e9264c]]: sys_mutex warning: *** mutex created [] (protocol=0x2, recursive=true): id = 128
[W : PPU[1] Thread (CPUThread)[0x00e9264c]]: sys_mutex warning: *** mutex created [] (protocol=0x2, recursive=true): id = 129
[W : PPU[1] Thread (CPUThread)[0x00e9264c]]: sys_mutex warning: *** mutex created [] (protocol=0x2, recursive=true): id = 130
[W : PPU[1] Thread (CPUThread)[0x00e9264c]]: sys_mutex warning: *** mutex created [] (protocol=0x2, recursive=true): id = 131
[W : PPU[1] Thread (CPUThread)[0x00e9264c]]: sys_mutex warning: *** mutex created [] (protocol=0x2, recursive=true): id = 132
[W : PPU[1] Thread (CPUThread)[0x00e9264c]]: sys_mutex warning: *** mutex created [] (protocol=0x2, recursive=true): id = 133
[W : PPU[1] Thread (CPUThread)[0x00e9264c]]: sys_mutex warning: *** mutex created [] (protocol=0x2, recursive=true): id = 134
[W : PPU[1] Thread (CPUThread)[0x00e9264c]]: sys_mutex warning: *** mutex created [] (protocol=0x2, recursive=true): id = 135
[W : PPU[1] Thread (CPUThread)[0x00e9264c]]: sys_mutex warning: *** mutex created [] (protocol=0x2, recursive=true): id = 136
[W : PPU[1] Thread (CPUThread)[0x00e9264c]]: sys_mutex warning: *** mutex created [] (protocol=0x2, recursive=true): id = 137
[W : PPU[1] Thread (CPUThread)[0x00e9264c]]: sys_mutex warning: *** mutex created [] (protocol=0x2, recursive=true): id = 138
[W : PPU[1] Thread (CPUThread)[0x00e9264c]]: sys_mutex warning: *** mutex created [] (protocol=0x2, recursive=true): id = 139
[W : PPU[1] Thread (CPUThread)[0x00e9264c]]: sys_mutex warning: *** mutex created [] (protocol=0x2, recursive=true): id = 140
[W : PPU[1] Thread (CPUThread)[0x00e9264c]]: sys_mutex warning: *** mutex created [] (protocol=0x2, recursive=true): id = 141
[W : PPU[1] Thread (CPUThread)[0x00e9264c]]: sys_mutex warning: *** mutex created [] (protocol=0x2, recursive=true): id = 142
[W : PPU[1] Thread (CPUThread)[0x00e9264c]]: sys_mutex warning: *** mutex created [] (protocol=0x2, recursive=true): id = 143
[W : PPU[1] Thread (CPUThread)[0x00e9264c]]: sys_mutex warning: *** mutex created [] (protocol=0x2, recursive=true): id = 144
[W : PPU[1] Thread (CPUThread)[0x00e9264c]]: sys_mutex warning: *** mutex created [] (protocol=0x2, recursive=true): id = 145
[W : PPU[1] Thread (CPUThread)[0x00e9264c]]: sys_mutex warning: *** mutex created [] (protocol=0x2, recursive=true): id = 146
[W : PPU[1] Thread (CPUThread)[0x00e9264c]]: sys_mutex warning: *** mutex created [] (protocol=0x2, recursive=true): id = 147
[W : PPU[1] Thread (CPUThread)[0x00e9264c]]: sys_mutex warning: *** mutex created [] (protocol=0x2, recursive=true): id = 148
[W : PPU[1] Thread (CPUThread)[0x00e9264c]]: sys_mutex warning: *** mutex created [] (protocol=0x2, recursive=true): id = 149
[W : PPU[1] Thread (CPUThread)[0x00e9264c]]: sys_mutex warning: *** mutex created [] (protocol=0x2, recursive=true): id = 150
[W : PPU[1] Thread (CPUThread)[0x00e9264c]]: sys_mutex warning: *** mutex created [] (protocol=0x2, recursive=true): id = 151
[W : PPU[1] Thread (CPUThread)[0x00e9264c]]: sys_mutex warning: *** mutex created [] (protocol=0x2, recursive=true): id = 152
[W : PPU[1] Thread (CPUThread)[0x00e9264c]]: sys_mutex warning: *** mutex created [] (protocol=0x2, recursive=true): id = 153
[W : PPU[1] Thread (CPUThread)[0x00e9264c]]: sys_mutex warning: *** mutex created [] (protocol=0x2, recursive=true): id = 154
[W : PPU[1] Thread (CPUThread)[0x00e9264c]]: sys_mutex warning: *** mutex created [] (protocol=0x2, recursive=true): id = 155
[W : PPU[1] Thread (CPUThread)[0x00e9264c]]: sys_mutex warning: *** mutex created [] (protocol=0x2, recursive=true): id = 156
[W : PPU[1] Thread (CPUThread)[0x00e9264c]]: sys_mutex warning: *** mutex created [] (protocol=0x2, recursive=true): id = 157
[W : PPU[1] Thread (CPUThread)[0x00e9264c]]: sys_mutex warning: *** mutex created [] (protocol=0x2, recursive=true): id = 158
[W : PPU[1] Thread (CPUThread)[0x00e9264c]]: sys_mutex warning: *** mutex created [] (protocol=0x2, recursive=true): id = 159
[W : PPU[1] Thread (CPUThread)[0x00e9264c]]: sys_mutex warning: *** mutex created [] (protocol=0x2, recursive=true): id = 160
[W : PPU[1] Thread (CPUThread)[0x00e9264c]]: sys_mutex warning: *** mutex created [] (protocol=0x2, recursive=true): id = 161
[W : PPU[1] Thread (CPUThread)[0x00e9264c]]: sys_mutex warning: *** mutex created [] (protocol=0x2, recursive=true): id = 162
[W : PPU[1] Thread (CPUThread)[0x00e9264c]]: sys_mutex warning: *** mutex created [] (protocol=0x2, recursive=true): id = 163
[W : PPU[1] Thread (CPUThread)[0x00e9264c]]: sys_mutex warning: *** mutex created [] (protocol=0x2, recursive=true): id = 164
[W : PPU[1] Thread (CPUThread)[0x00e9264c]]: sys_mutex warning: *** mutex created [] (protocol=0x2, recursive=true): id = 165
[W : PPU[1] Thread (CPUThread)[0x00e9264c]]: sys_mutex warning: *** mutex created [] (protocol=0x2, recursive=true): id = 166
[W : PPU[1] Thread (CPUThread)[0x00e9264c]]: sys_mutex warning: *** mutex created [] (protocol=0x2, recursive=true): id = 167
[W : PPU[1] Thread (CPUThread)[0x00e9264c]]: sys_mutex warning: *** mutex created [] (protocol=0x2, recursive=true): id = 168
[W : PPU[1] Thread (CPUThread)[0x00e9264c]]: sys_mutex warning: *** mutex created [] (protocol=0x2, recursive=true): id = 169
[W : PPU[1] Thread (CPUThread)[0x00e9264c]]: sys_mutex warning: *** mutex created [] (protocol=0x2, recursive=true): id = 170
[W : PPU[1] Thread (CPUThread)[0x00e9264c]]: sys_mutex warning: *** mutex created [] (protocol=0x2, recursive=true): id = 171
[W : PPU[1] Thread (CPUThread)[0x00e9264c]]: sys_mutex warning: *** mutex created [] (protocol=0x2, recursive=true): id = 172
[W : PPU[1] Thread (CPUThread)[0x00e9264c]]: sys_mutex warning: *** mutex created [] (protocol=0x2, recursive=true): id = 173
[W : PPU[1] Thread (CPUThread)[0x00e9264c]]: sys_mutex warning: *** mutex created [] (protocol=0x2, recursive=true): id = 174
[W : PPU[1] Thread (CPUThread)[0x00e9264c]]: sys_mutex warning: *** mutex created [] (protocol=0x2, recursive=true): id = 175
[W : PPU[1] Thread (CPUThread)[0x00e9264c]]: sys_mutex warning: *** mutex created [] (protocol=0x2, recursive=true): id = 176
[W : PPU[1] Thread (CPUThread)[0x00e9264c]]: sys_mutex warning: *** mutex created [] (protocol=0x2, recursive=true): id = 177
[W : PPU[1] Thread (CPUThread)[0x00e9264c]]: sys_mutex warning: *** mutex created [] (protocol=0x2, recursive=true): id = 178
[W : PPU[1] Thread (CPUThread)[0x00e9264c]]: sys_mutex warning: *** mutex created [] (protocol=0x2, recursive=true): id = 179
[W : PPU[1] Thread (CPUThread)[0x00e9264c]]: sys_mutex warning: *** mutex created [] (protocol=0x2, recursive=true): id = 180
[W : PPU[1] Thread (CPUThread)[0x00e9264c]]: sys_mutex warning: *** mutex created [] (protocol=0x2, recursive=true): id = 181
[W : PPU[1] Thread (CPUThread)[0x00e9264c]]: sys_mutex warning: *** mutex created [] (protocol=0x2, recursive=true): id = 182
[W : PPU[1] Thread (CPUThread)[0x00e9264c]]: sys_mutex warning: *** mutex created [] (protocol=0x2, recursive=true): id = 183
[W : PPU[1] Thread (CPUThread)[0x00e9264c]]: sys_mutex warning: *** mutex created [] (protocol=0x2, recursive=true): id = 184
[W : PPU[1] Thread (CPUThread)[0x00e9264c]]: sys_mutex warning: *** mutex created [] (protocol=0x2, recursive=true): id = 185
[W : PPU[1] Thread (CPUThread)[0x00e9264c]]: sys_mutex warning: *** mutex created [] (protocol=0x2, recursive=true): id = 186
[W : PPU[1] Thread (CPUThread)[0x00e9264c]]: sys_mutex warning: *** mutex created [] (protocol=0x2, recursive=true): id = 187
[W : PPU[1] Thread (CPUThread)[0x00e9264c]]: sys_mutex warning: *** mutex created [] (protocol=0x2, recursive=true): id = 188
[W : PPU[1] Thread (CPUThread)[0x00e9264c]]: sys_mutex warning: *** mutex created [] (protocol=0x2, recursive=true): id = 189
[W : PPU[1] Thread (CPUThread)[0x00e9264c]]: sys_mutex warning: *** mutex created [] (protocol=0x2, recursive=true): id = 190
[W : PPU[1] Thread (CPUThread)[0x00e9264c]]: sys_mutex warning: *** mutex created [] (protocol=0x2, recursive=true): id = 191
[W : PPU[1] Thread (CPUThread)[0x00e9264c]]: sys_mutex warning: *** mutex created [] (protocol=0x2, recursive=true): id = 192
[W : PPU[1] Thread (CPUThread)[0x00e9264c]]: sys_mutex warning: *** mutex created [] (protocol=0x2, recursive=true): id = 193
[W : PPU[1] Thread (CPUThread)[0x00e9264c]]: sys_mutex warning: *** mutex created [] (protocol=0x2, recursive=true): id = 194
[W : PPU[1] Thread (CPUThread)[0x00e9264c]]: sys_mutex warning: *** mutex created [] (protocol=0x2, recursive=true): id = 195
[W : PPU[1] Thread (CPUThread)[0x00e9264c]]: sys_mutex warning: *** mutex created [] (protocol=0x2, recursive=true): id = 196
[W : PPU[1] Thread (CPUThread)[0x00e9264c]]: sys_mutex warning: *** mutex created [] (protocol=0x2, recursive=true): id = 197
[W : PPU[1] Thread (CPUThread)[0x00e9264c]]: sys_mutex warning: *** mutex created [] (protocol=0x2, recursive=true): id = 198
[W : PPU[1] Thread (CPUThread)[0x00e9264c]]: sys_mutex warning: *** mutex created [] (protocol=0x2, recursive=true): id = 199
[W : PPU[1] Thread (CPUThread)[0x00e9264c]]: sys_mutex warning: *** mutex created [] (protocol=0x2, recursive=true): id = 200
[W : PPU[1] Thread (CPUThread)[0x00e9264c]]: sys_mutex warning: *** mutex created [] (protocol=0x2, recursive=true): id = 201
[W : PPU[1] Thread (CPUThread)[0x00e9264c]]: sys_mutex warning: *** mutex created [] (protocol=0x2, recursive=true): id = 202
[W : PPU[1] Thread (CPUThread)[0x00e9264c]]: sys_mutex warning: *** mutex created [] (protocol=0x2, recursive=true): id = 203
[W : PPU[1] Thread (CPUThread)[0x00e9264c]]: sys_mutex warning: *** mutex created [] (protocol=0x2, recursive=true): id = 204
[W : PPU[1] Thread (CPUThread)[0x00e9264c]]: sys_mutex warning: *** mutex created [] (protocol=0x2, recursive=true): id = 205
[W : PPU[1] Thread (CPUThread)[0x00e9264c]]: sys_mutex warning: *** mutex created [] (protocol=0x2, recursive=true): id = 206
[W : PPU[1] Thread (CPUThread)[0x00e9264c]]: sys_mutex warning: *** mutex created [] (protocol=0x2, recursive=true): id = 207
[W : PPU[1] Thread (CPUThread)[0x00e9264c]]: sys_mutex warning: *** mutex created [] (protocol=0x2, recursive=true): id = 208
[W : PPU[1] Thread (CPUThread)[0x00e9264c]]: sys_mutex warning: *** mutex created [] (protocol=0x2, recursive=true): id = 209
[W : PPU[1] Thread (CPUThread)[0x00e9264c]]: sys_mutex warning: *** mutex created [] (protocol=0x2, recursive=true): id = 210
[W : PPU[1] Thread (CPUThread)[0x00e9264c]]: sys_mutex warning: *** mutex created [] (protocol=0x2, recursive=true): id = 211
[W : PPU[1] Thread (CPUThread)[0x00e9264c]]: sys_mutex warning: *** mutex created [] (protocol=0x2, recursive=true): id = 212
[W : PPU[1] Thread (CPUThread)[0x00e9264c]]: sys_mutex warning: *** mutex created [] (protocol=0x2, recursive=true): id = 213
[W : PPU[1] Thread (CPUThread)[0x00e9264c]]: sys_mutex warning: *** mutex created [] (protocol=0x2, recursive=true): id = 214
[W : PPU[1] Thread (CPUThread)[0x00e9264c]]: sys_mutex warning: *** mutex created [] (protocol=0x2, recursive=true): id = 215
[W : PPU[1] Thread (CPUThread)[0x00e9264c]]: sys_mutex warning: *** mutex created [] (protocol=0x2, recursive=true): id = 216
[W : PPU[1] Thread (CPUThread)[0x00e9264c]]: sys_mutex warning: *** mutex created [] (protocol=0x2, recursive=true): id = 217
[W : PPU[1] Thread (CPUThread)[0x00e9264c]]: sys_mutex warning: *** mutex created [] (protocol=0x2, recursive=true): id = 218
[W : PPU[1] Thread (CPUThread)[0x00e9264c]]: sys_mutex warning: *** mutex created [] (protocol=0x2, recursive=true): id = 219
[W : PPU[1] Thread (CPUThread)[0x00d99df0]]: sys_semaphore warning: sys_semaphore_create(sem_addr=0x1f036f0, attr_addr=0xd0010ab0, initial_count=0, max_count=1)
[W : PPU[1] Thread (CPUThread)[0x00d99df0]]: sys_semaphore warning: sys_semaphore_create(sem_addr=0x1f0371c, attr_addr=0xd0010ab0, initial_count=0, max_count=1)
[W : PPU[1] Thread (CPUThread)[0x00d99df0]]: sys_semaphore warning: sys_semaphore_create(sem_addr=0x1f03750, attr_addr=0xd0010aa0, initial_count=0, max_count=1)
[W : PPU[1] Thread (CPUThread)[0x00d99df0]]: sys_semaphore warning: sys_semaphore_create(sem_addr=0x1f037b8, attr_addr=0xd0010aa0, initial_count=0, max_count=1)
[W : PPU[1] Thread (CPUThread)[0x01f65058]]: sys_lwmutex warning: *** lwmutex created [] (attribute=0x12): sq_id = 224
[W : PPU[1] Thread (CPUThread)[0x00e9264c]]: sys_mutex warning: *** mutex created [] (protocol=0x2, recursive=true): id = 225
[W : PPU[1] Thread (CPUThread)[0x00e9264c]]: sys_mutex warning: *** mutex created [] (protocol=0x2, recursive=true): id = 226
[W : PPU[1] Thread (CPUThread)[0x00e9264c]]: sys_mutex warning: *** mutex created [] (protocol=0x2, recursive=true): id = 227
[W : PPU[1] Thread (CPUThread)[0x00e9264c]]: sys_mutex warning: *** mutex created [] (protocol=0x2, recursive=true): id = 228
[W : PPU[1] Thread (CPUThread)[0x00e9264c]]: sys_mutex warning: *** mutex created [] (protocol=0x2, recursive=true): id = 229
[W : PPU[1] Thread (CPUThread)[0x00e9264c]]: sys_mutex warning: *** mutex created [] (protocol=0x2, recursive=true): id = 230
[W : PPU[1] Thread (CPUThread)[0x00e9264c]]: sys_mutex warning: *** mutex created [] (protocol=0x2, recursive=true): id = 231
[W : PPU[1] Thread (CPUThread)[0x00e9264c]]: sys_mutex warning: *** mutex created [] (protocol=0x2, recursive=true): id = 232
[W : PPU[1] Thread (CPUThread)[0x00e9264c]]: sys_mutex warning: *** mutex created [] (protocol=0x2, recursive=true): id = 233
[W : PPU[1] Thread (CPUThread)[0x00e9264c]]: sys_mutex warning: *** mutex created [] (protocol=0x2, recursive=true): id = 234
[W : PPU[1] Thread (CPUThread)[0x01f65058]]: sys_lwmutex warning: *** lwmutex created [] (attribute=0x12): sq_id = 235
[W : PPU[1] Thread (CPUThread)[0x01f65058]]: sys_lwmutex warning: *** lwmutex created [] (attribute=0x12): sq_id = 236
[W : PPU[1] Thread (CPUThread)[0x00e9264c]]: sys_mutex warning: *** mutex created [] (protocol=0x2, recursive=true): id = 237
[W : PPU[1] Thread (CPUThread)[0x00e9264c]]: sys_mutex warning: *** mutex created [] (protocol=0x2, recursive=true): id = 238
[W : PPU[1] Thread (CPUThread)[0x00e9264c]]: sys_mutex warning: *** mutex created [] (protocol=0x2, recursive=true): id = 239
[W : PPU[1] Thread (CPUThread)[0x00e9264c]]: sys_mutex warning: *** mutex created [] (protocol=0x2, recursive=true): id = 240
[W : PPU[1] Thread (CPUThread)[0x00e9264c]]: sys_mutex warning: *** mutex created [] (protocol=0x2, recursive=true): id = 241
[W : PPU[1] Thread (CPUThread)[0x00e9264c]]: sys_mutex warning: *** mutex created [] (protocol=0x2, recursive=true): id = 242
[W : PPU[1] Thread (CPUThread)[0x00e9264c]]: sys_mutex warning: *** mutex created [] (protocol=0x2, recursive=true): id = 243
[W : PPU[1] Thread (CPUThread)[0x00e9264c]]: sys_mutex warning: *** mutex created [] (protocol=0x2, recursive=true): id = 244
[W : PPU[1] Thread (CPUThread)[0x00e9264c]]: sys_mutex warning: *** mutex created [] (protocol=0x2, recursive=true): id = 245
[W : PPU[1] Thread (CPUThread)[0x00e9264c]]: sys_mutex warning: *** mutex created [] (protocol=0x2, recursive=true): id = 246
[W : PPU[1] Thread (CPUThread)[0x00e9264c]]: sys_mutex warning: *** mutex created [] (protocol=0x2, recursive=true): id = 247
[W : PPU[1] Thread (CPUThread)[0x00e9264c]]: sys_mutex warning: *** mutex created [] (protocol=0x2, recursive=true): id = 248
[W : PPU[1] Thread (CPUThread)[0x00e9264c]]: sys_mutex warning: *** mutex created [] (protocol=0x2, recursive=true): id = 249
[W : PPU[1] Thread (CPUThread)[0x00e9264c]]: sys_mutex warning: *** mutex created [] (protocol=0x2, recursive=true): id = 250
[W : PPU[1] Thread (CPUThread)[0x00e9264c]]: sys_mutex warning: *** mutex created [] (protocol=0x2, recursive=true): id = 251
[W : PPU[1] Thread (CPUThread)[0x00e9264c]]: sys_mutex warning: *** mutex created [] (protocol=0x2, recursive=true): id = 252
[W : PPU[1] Thread (CPUThread)[0x00e9264c]]: sys_mutex warning: *** mutex created [] (protocol=0x2, recursive=true): id = 253
[W : PPU[1] Thread (CPUThread)[0x00e9264c]]: sys_mutex warning: *** mutex created [] (protocol=0x2, recursive=true): id = 254
[W : PPU[1] Thread (CPUThread)[0x00e9264c]]: sys_mutex warning: *** mutex created [] (protocol=0x2, recursive=true): id = 255
[W : PPU[1] Thread (CPUThread)[0x00e9264c]]: sys_mutex warning: *** mutex created [] (protocol=0x2, recursive=true): id = 256
[W : PPU[1] Thread (CPUThread)[0x00e9264c]]: sys_mutex warning: *** mutex created [] (protocol=0x2, recursive=true): id = 257
[W : PPU[1] Thread (CPUThread)[0x00e9264c]]: sys_mutex warning: *** mutex created [] (protocol=0x2, recursive=true): id = 258
[W : PPU[1] Thread (CPUThread)[0x00e9264c]]: sys_mutex warning: *** mutex created [] (protocol=0x2, recursive=true): id = 259
[W : PPU[1] Thread (CPUThread)[0x00e9264c]]: sys_mutex warning: *** mutex created [] (protocol=0x2, recursive=true): id = 260
[W : PPU[1] Thread (CPUThread)[0x00e9264c]]: sys_mutex warning: *** mutex created [] (protocol=0x2, recursive=true): id = 261
[W : PPU[1] Thread (CPUThread)[0x01f65058]]: sys_lwmutex warning: *** lwmutex created [] (attribute=0x12): sq_id = 262
[W : PPU[1] Thread (CPUThread)[0x01f2b0d0]]: cellSysutil warning: cellSysutilRegisterCallback(slot=3, func_addr=0x1ce6fa0, userdata=0x1ee1750)
[W : PPU[1] Thread (CPUThread)[0x00d9cd68]]: memory warning: sys_memory_get_user_memory_size(mem_info_addr=0xd00105b0)
[W : PPU[1] Thread (CPUThread)[0x01f65058]]: sys_lwmutex warning: *** lwmutex created [] (attribute=0x12): sq_id = 263
[W : PPU[1] Thread (CPUThread)[0x00d96c04]]: sys_mutex warning: *** mutex created [] (protocol=0x1, recursive=false): id = 264
[W : PPU[1] Thread (CPUThread)[0x00d96c58]]: sys_cond warning: *** condition created [] (mutex_id=264): id = 265
[! : PPU[1] Thread (CPUThread)[0x01f65028]]: *** New PPU Thread [(Dantelion2)PPURuntimeService] (): id = 266
[W : PPU[1] Thread (CPUThread)[0x00d9d574]]: sysPrxForUser warning: sys_ppu_thread_set_priority(thread_id=266, prio=0)
[W : PPU[1] Thread (CPUThread)[0x01f65058]]: sys_lwmutex warning: *** lwmutex created [] (attribute=0x12): sq_id = 267
[W : PPU[1] Thread (CPUThread)[0x01f65058]]: sys_lwmutex warning: *** lwmutex created [] (attribute=0x12): sq_id = 268
[W : PPU[1] Thread (CPUThread)[0x01f65058]]: sys_lwmutex warning: *** lwmutex created [] (attribute=0x12): sq_id = 269
[W : PPU[1] Thread (CPUThread)[0x01f2b004]]: cellSysutil warning: cellSysutilGetSystemParamInt: CELL_SYSUTIL_SYSTEMPARAM_ID_LANG
[W : PPU[1] Thread (CPUThread)[0x01f35070]]: cellGame warning: cellGameBootCheck(type_addr=0xd00105f0, attributes_addr=0xd00105f4, size_addr=0xd0010638, dirName_addr=0xd00106b8)
[W : PPU[1] Thread (CPUThread)[0x01f3501c]]: cellGame warning: cellGameGetParamString(id=0, buf_addr=0xd0010308, bufsize=512)
[W : PPU[1] Thread (CPUThread)[0x01f3501c]]: cellGame warning: cellGameGetParamString(id=1, buf_addr=0xd0010308, bufsize=512)
[W : PPU[1] Thread (CPUThread)[0x01f3501c]]: cellGame warning: cellGameGetParamString(id=100, buf_addr=0xd0010308, bufsize=512)
[W : PPU[1] Thread (CPUThread)[0x01f3501c]]: cellGame warning: cellGameGetParamString(id=101, buf_addr=0xd0010308, bufsize=512)
[W : PPU[1] Thread (CPUThread)[0x01f3501c]]: cellGame warning: cellGameGetParamString(id=106, buf_addr=0xd0010308, bufsize=512)
[W : PPU[1] Thread (CPUThread)[0x01f35040]]: cellGame warning: cellGameGetParamInt(id=102, value_addr=0xd0010120)
[W : PPU[1] Thread (CPUThread)[0x01f35004]]: cellGame warning: cellGameContentPermit(contentInfoPath_addr=0xd0010638, usrdirPath_addr=0xd00106b8)
[E : PPU[1] Thread (CPUThread)[0x002814e8]]: Read16 from null block: [00000000]
[!]: Closing memory...
