[!]: path: /dev_hdd0/game/
[!]: Loading 'D:\Emulateurs\Rpcs3\dev_hdd0\game\BLUS31312-[The Guided Fate Paradox]/PS3_GAME/USRDIR/BOOT.BIN'...
[!]: Mount info:
[!]: /dev_hdd0/ -> D:\Emulateurs\Rpcs3\dev_hdd0\
[!]: /dev_hdd1/ -> D:\Emulateurs\Rpcs3\dev_hdd1\
[!]: /dev_flash/ -> D:\Emulateurs\Rpcs3\dev_flash\
[!]: /dev_usb000/ -> D:\Emulateurs\Rpcs3\dev_usb000\
[!]: /dev_usb/ -> D:\Emulateurs\Rpcs3\dev_usb000\
[!]: /app_home/ -> D:\Emulateurs\Rpcs3\dev_hdd0\game\BLUS31312-[The Guided Fate Paradox]/PS3_GAME/\USRDIR\
[!]: /dev_bdvd/ -> D:\Emulateurs\Rpcs3\dev_hdd0\game\BLUS31312-[The Guided Fate Paradox]/PS3_GAME/\..\
[!]: /host_root/ -> 
[!]: ///resource/ -> D:\Emulateurs\Rpcs3\dev_hdd0\game\BLUS31312-[The Guided Fate Paradox]/PS3_GAME/\USRDIR\resource\
[!]: /app_home/Game/PS3_GAME/USRDIR/ -> D:\Emulateurs\Rpcs3\dev_hdd0\game\BLUS31312-[The Guided Fate Paradox]/PS3_GAME/\USRDIR\
[!]: /app_home/PS3_GAME/USRDIR/media/ -> D:\Emulateurs\Rpcs3\dev_hdd0\game\BLUS31312-[The Guided Fate Paradox]/PS3_GAME/\USRDIR\media\
[!]: /Data/ -> D:\Emulateurs\Rpcs3\dev_hdd0\game\BLUS31312-[The Guided Fate Paradox]/PS3_GAME/\USRDIR\Data\
[!]: /USRDIR/PS3_GAME/USRDIR/Data/ -> D:\Emulateurs\Rpcs3\dev_hdd0\game\BLUS31312-[The Guided Fate Paradox]/PS3_GAME/\USRDIR\Data\
[!]: /app_home//dev_bdvd/PS3_GAME/USRDIR/data/gos/ -> D:\Emulateurs\Rpcs3\dev_hdd0\game\BLUS31312-[The Guided Fate Paradox]/PS3_GAME/\USRDIR\
[!]: BD/ -> D:\Emulateurs\Rpcs3\dev_hdd0\game\BLUS31312-[The Guided Fate Paradox]/PS3_GAME/\USRDIR\
[!]: //dev_bdvd/PS3_GAME/USRDIR/ -> D:\Emulateurs\Rpcs3\dev_hdd0\game\BLUS31312-[The Guided Fate Paradox]/PS3_GAME/\USRDIR\
[!]: / -> D:\Emulateurs\Rpcs3\dev_hdd0\game\BLUS31312-[The Guided Fate Paradox]/PS3_GAME/\USRDIR\
[!]: Initing memory...
[!]: Memory initialized.
[!]: Function 'cellAANConnect' hooked (addr=0x3097bc)
[!]: Function 'cellAANDisconnect' hooked (addr=0x309854)
[!]: Function 'cellAANAddData' hooked (addr=0x3098ec)
[!]: Function 'cellSurMixerGetAANHandle' hooked (addr=0x309a38)
[!]: Function 'cellSurMixerSetNotifyCallback' hooked (addr=0x309a70)
[!]: Function 'cellSurMixerRemoveNotifyCallback' hooked (addr=0x309b04)
[!]: Function 'cellSurMixerSurBusAddData' hooked (addr=0x309b94)
[!]: Function 'cellSurMixerGetCurrentBlockTag' hooked (addr=0x309c44)
[!]: Function 'cellSurMixerChStripGetAANPortNo' hooked (addr=0x30a4a0)
[!]: Function 'cellSurMixerBeep' hooked (addr=0x30a4dc)
[!]: Function 'cellSurMixerChStripSetParameter' hooked (addr=0x30a8b8)
[!]: Function 'cellSurMixerPause' hooked (addr=0x30ab6c)
[!]: Function 'cellSurMixerGetTimestamp' hooked (addr=0x30c184)
[!]: Function 'cellSurMixerSetParameter' hooked (addr=0x30c1ec)
[!]: Function 'cellSurMixerStart' hooked (addr=0x30c2bc)
[!]: Function 'cellSurMixerFinalize' hooked (addr=0x30c5c4)
[!]: Function 'cellSurMixerCreate' hooked (addr=0x30ce88)
[S]: Function group [surmxAAN] successfully hooked
[S]: Function group [surmixer] successfully hooked
[W]: Unknown function 0x99d397ac in 'cellGcmSys' module
[E]: TODO: cellGcmGetReport
[W]: Unknown function 0x2aae9ef5 in 'cellSysutil' module
[E]: TODO: cellSaveDataFixedSave2
[W]: Unknown function 0x35beade0 in 'cellSysutil' module
[E]: TODO: cellOskDialogGetSize
[W]: Unknown function 0x3d1e1931 in 'cellSysutil' module
[E]: TODO: cellOskDialogUnloadAsync
[W]: Unknown function 0x7fcfc915 in 'cellSysutil' module
[E]: TODO: cellOskDialogLoadAsync
[W]: Unknown function 0x8b7ed64b in 'cellSysutil' module
[E]: TODO: cellSaveDataAutoSave2
[W]: Unknown function 0xb53c54fa in 'cellSysutil' module
[E]: TODO: cellOskDialogSetKeyLayoutOption
[W]: Unknown function 0xc427890c in 'cellSysutil' module
[E]: TODO: cellOskDialogSetInitialKeyLayout
[W]: Unknown function 0xe7fa820b in 'cellSysutil' module
[E]: TODO: cellSaveDataEnableOverlay
[W]: Unknown function 0xedadd797 in 'cellSysutil' module
[E]: TODO: cellSaveDataDelete2
[W]: Unknown function 0xf0ec3ccc in 'cellSysutil' module
[E]: TODO: cellOskDialogSetLayoutMode
[W]: Unknown function 0xfbd5c856 in 'cellSysutil' module
[E]: TODO: cellSaveDataAutoLoad2
[W]: Unknown function 0x4cef342e in 'sys_fs' module
[E]: TODO: cellFsAioWrite
[W]: Unknown function 0x99406d0b in 'sys_fs' module
[E]: TODO: cellFsChmod
[W]: Unknown function 0x6d3bb15b in 'sys_fs' module
[E]: TODO: cellFsSdataOpenByFd
[W]: Unknown function 0x967a162b in 'sys_fs' module
[E]: TODO: cellFsFsync
[W]: Unknown function 0x07254fda in 'cellSync' module
[E]: TODO: cellSyncBarrierInitialize
[W]: Unknown function 0x35f21355 in 'cellSync' module
[E]: TODO: cellSyncBarrierWait
[W]: Unknown function 0x3929948d in 'cellSync' module
[E]: TODO: cellSyncQueueInitialize
[W]: Unknown function 0x4da349b2 in 'cellSync' module
[E]: TODO: cellSyncQueueSize
[W]: Unknown function 0x4da6d7e0 in 'cellSync' module
[E]: TODO: cellSyncQueuePop
[W]: Unknown function 0x5ae841e5 in 'cellSync' module
[E]: TODO: cellSyncQueuePush
[W]: Unknown function 0xa5362e73 in 'cellSync' module
[E]: TODO: cellSyncQueueClear
[W]: Unknown function 0xf06a6415 in 'cellSync' module
[E]: TODO: cellSyncBarrierNotify
[W]: Unknown function 0x0d90a48d in 'cellL10n' module
[E]: TODO: UCS2stoSJISs
[W]: Unknown function 0x33435818 in 'cellL10n' module
[E]: TODO: SJISstoUTF8s
[W]: Unknown function 0x638c2fc1 in 'cellL10n' module
[E]: TODO: SjisHan2Zen
[W]: Unknown function 0x931ff25a in 'cellL10n' module
[E]: TODO: L10nConvertStr
[W]: Unknown function 0xf9b1896d in 'cellL10n' module
[E]: TODO: SJISstoUCS2s
[W]: Unknown function 0x28e208bb in 'sys_net' module
[E]: TODO: listen
[W]: Unknown function 0x3f09e20a in 'sys_net' module
[E]: TODO: socketselect
[W]: Unknown function 0x04372385 in 'sceNp' module
[E]: TODO: sceNpBasicGetFriendListEntry
[W]: Unknown function 0x05d65dff in 'sceNp' module
[E]: TODO: sceNpScoreGetRankingByNpId
[W]: Unknown function 0x1a2704f7 in 'sceNp' module
[E]: TODO: sceNpScoreWaitAsync
[W]: Unknown function 0x21206642 in 'sceNp' module
[E]: TODO: sceNpScoreGetRankingByRangeAsync
[W]: Unknown function 0x259113b8 in 'sceNp' module
[E]: TODO: sceNpScoreDestroyTitleCtx
[W]: Unknown function 0x2706eaa1 in 'sceNp' module
[E]: TODO: sceNpScoreSetPlayerCharacterId
[W]: Unknown function 0x29dd45dc in 'sceNp' module
[E]: TODO: sceNpScoreSetTimeout
[W]: Unknown function 0x32cf311f in 'sceNp' module
[E]: TODO: sceNpScoreInit
[W]: Unknown function 0x3db7914d in 'sceNp' module
[E]: TODO: sceNpScoreGetRankingByNpIdAsync
[W]: Unknown function 0x4026eac5 in 'sceNp' module
[E]: TODO: sceNpBasicRegisterContextSensitiveHandler
[W]: Unknown function 0x52a6b523 in 'sceNp' module
[E]: TODO: sceNpManagerUnregisterCallback
[W]: Unknown function 0x6ee62ed2 in 'sceNp' module
[E]: TODO: sceNpManagerGetContentRatingFlag
[W]: Unknown function 0x6f5e8143 in 'sceNp' module
[E]: TODO: sceNpScoreCreateTransactionCtx
[W]: Unknown function 0x7be47e61 in 'sceNp' module
[E]: TODO: sceNpScoreCensorCommentAsync
[W]: Unknown function 0x9851f805 in 'sceNp' module
[E]: TODO: sceNpScoreTerm
[W]: Unknown function 0xa1709abd in 'sceNp' module
[E]: TODO: sceNpManagerGetEntitlementById
[W]: Unknown function 0xa7a090e5 in 'sceNp' module
[E]: TODO: sceNpScorePollAsync
[W]: Unknown function 0xafef640d in 'sceNp' module
[E]: TODO: sceNpBasicGetFriendListEntryCount
[W]: Unknown function 0xb9f93bbb in 'sceNp' module
[E]: TODO: sceNpScoreCreateTitleCtx
[W]: Unknown function 0xbcdbb2ab in 'sceNp' module
[E]: TODO: sceNpBasicAddPlayersHistoryAsync
[W]: Unknown function 0xbdc07fd5 in 'sceNp' module
[E]: TODO: sceNpManagerGetNetworkTime
[W]: Unknown function 0xc4b6cd8f in 'sceNp' module
[E]: TODO: sceNpScoreGetRankingByNpIdPcIdAsync
[W]: Unknown function 0xc5f4cf82 in 'sceNp' module
[E]: TODO: sceNpScoreDestroyTransactionCtx
[W]: Unknown function 0xdb2e4dc2 in 'sceNp' module
[E]: TODO: sceNpScoreGetGameDataAsync
[W]: Unknown function 0xddce7d15 in 'sceNp' module
[E]: TODO: sceNpScoreGetBoardInfoAsync
[W]: Unknown function 0xe035f7d6 in 'sceNp' module
[E]: TODO: sceNpBasicGetEvent
[W]: Unknown function 0xe7dcd3b4 in 'sceNp' module
[E]: TODO: sceNpManagerRegisterCallback
[W]: Unknown function 0xeb7a3d84 in 'sceNp' module
[E]: TODO: sceNpManagerGetChatRestrictionFlag
[W]: Unknown function 0xf0b1e399 in 'sceNp' module
[E]: TODO: sceNpScoreRecordScoreAsync
[W]: Unknown function 0xf76847c2 in 'sceNp' module
[E]: TODO: sceNpScoreRecordGameDataAsync
[W]: Unknown function 0xfbc82301 in 'sceNp' module
[E]: TODO: sceNpScoreGetRankingByRange
[W]: Unknown function 0xfe37a7f4 in 'sceNp' module
[E]: TODO: sceNpManagerGetNpId
[W]: Unknown module 'cellScreenShotUtility'
[W]: Unknown module 'cellRec'
[W]: Unknown module 'cellVideoExportUtility'
[W]: Unknown module 'sceNpTus'
[W]: Unknown function 0x41251f74 in 'sceNp2' module
[E]: TODO: sceNp2Init
[W]: Unknown function 0x26090058 in 'sysPrxForUser' module
[E]: TODO: sys_prx_load_module
[W]: Unknown function 0x8a561d92 in 'sysPrxForUser' module
[E]: TODO: _sys_heap_free
[W]: Unknown function 0xa330ad84 in 'sysPrxForUser' module
[E]: TODO: sys_prx_load_module_on_memcontainer_by_fd
[W]: Unknown function 0xaa6d9bff in 'sysPrxForUser' module
[E]: TODO: sys_prx_load_module_on_memcontainer
[W]: Unknown function 0xaede4b03 in 'sysPrxForUser' module
[E]: TODO: _sys_heap_delete_heap
[W]: Unknown function 0xef68c17c in 'sysPrxForUser' module
[E]: TODO: sys_prx_load_module_by_fd
[W : PPU[1] Thread (CPUThread)[0x015fd058]]: sys_lwmutex warning: *** lwmutex created [_lc_mtx] (attribute=0x12): sq_id = 3
[W : PPU[1] Thread (CPUThread)[0x003437cc]]: memory warning: sys_memory_get_user_memory_size(mem_info_addr=0xd0010c04)
[W : PPU[1] Thread (CPUThread)[0x015fd058]]: sys_lwmutex warning: *** lwmutex created [_lc_mtx] (attribute=0x12): sq_id = 4
[W : PPU[1] Thread (CPUThread)[0x015fd058]]: sys_lwmutex warning: *** lwmutex created [_lc_mtx] (attribute=0x12): sq_id = 5
[W : PPU[1] Thread (CPUThread)[0x015fd058]]: sys_lwmutex warning: *** lwmutex created [_lc_mtx] (attribute=0x12): sq_id = 6
[W : PPU[1] Thread (CPUThread)[0x015fd058]]: sys_lwmutex warning: *** lwmutex created [_lc_mtx] (attribute=0x12): sq_id = 7
[W : PPU[1] Thread (CPUThread)[0x015fd058]]: sys_lwmutex warning: *** lwmutex created [_lc_mtx] (attribute=0x12): sq_id = 8
[W : PPU[1] Thread (CPUThread)[0x015fd058]]: sys_lwmutex warning: *** lwmutex created [_lc_mtx] (attribute=0x12): sq_id = 9
[W : PPU[1] Thread (CPUThread)[0x015fd058]]: sys_lwmutex warning: *** lwmutex created [_lc_mtx] (attribute=0x12): sq_id = 10
[W : PPU[1] Thread (CPUThread)[0x015fd058]]: sys_lwmutex warning: *** lwmutex created [_lc_mtx] (attribute=0x12): sq_id = 11
[W : PPU[1] Thread (CPUThread)[0x015fd058]]: sys_lwmutex warning: *** lwmutex created [_lc_mtx] (attribute=0x12): sq_id = 12
[W : PPU[1] Thread (CPUThread)[0x003370e8]]: cellSysutil warning: cellSysutilGetSystemParamInt: CELL_SYSUTIL_SYSTEMPARAM_ID_TIMEZONE
[W : PPU[1] Thread (CPUThread)[0x003370e8]]: cellSysutil warning: cellSysutilGetSystemParamInt: CELL_SYSUTIL_SYSTEMPARAM_ID_SUMMERTIME
[W : PPU[1] Thread (CPUThread)[0x0033aff8]]: cellSysutil warning: cellSysutilGetSystemParamInt: CELL_SYSUTIL_SYSTEMPARAM_ID_TIMEZONE
[W : PPU[1] Thread (CPUThread)[0x0033aff8]]: cellSysutil warning: cellSysutilGetSystemParamInt: CELL_SYSUTIL_SYSTEMPARAM_ID_SUMMERTIME
[W : PPU[1] Thread (CPUThread)[0x00338a0c]]: cellSysutil warning: cellSysutilGetSystemParamInt: CELL_SYSUTIL_SYSTEMPARAM_ID_TIMEZONE
[W : PPU[1] Thread (CPUThread)[0x00338a0c]]: cellSysutil warning: cellSysutilGetSystemParamInt: CELL_SYSUTIL_SYSTEMPARAM_ID_SUMMERTIME
[W : PPU[1] Thread (CPUThread)[0x0033aff8]]: cellSysutil warning: cellSysutilGetSystemParamInt: CELL_SYSUTIL_SYSTEMPARAM_ID_TIMEZONE
[W : PPU[1] Thread (CPUThread)[0x0033aff8]]: cellSysutil warning: cellSysutilGetSystemParamInt: CELL_SYSUTIL_SYSTEMPARAM_ID_SUMMERTIME
[W : PPU[1] Thread (CPUThread)[0x00337094]]: cellSysutil warning: cellSysutilGetSystemParamInt: CELL_SYSUTIL_SYSTEMPARAM_ID_TIMEZONE
[W : PPU[1] Thread (CPUThread)[0x00337094]]: cellSysutil warning: cellSysutilGetSystemParamInt: CELL_SYSUTIL_SYSTEMPARAM_ID_SUMMERTIME
[W : PPU[1] Thread (CPUThread)[0x00338a0c]]: cellSysutil warning: cellSysutilGetSystemParamInt: CELL_SYSUTIL_SYSTEMPARAM_ID_TIMEZONE
[W : PPU[1] Thread (CPUThread)[0x00338a0c]]: cellSysutil warning: cellSysutilGetSystemParamInt: CELL_SYSUTIL_SYSTEMPARAM_ID_SUMMERTIME
[W : PPU[1] Thread (CPUThread)[0x015fd058]]: sys_lwmutex warning: *** lwmutex created [ps3HDDL] (attribute=0x12): sq_id = 13
[W : PPU[1] Thread (CPUThread)[0x00273ca8]]: memory warning: sys_memory_get_user_memory_size(mem_info_addr=0xd0010c60)
[W : PPU[1] Thread (CPUThread)[0x015d10d0]]: cellSysutil warning: cellSysutilRegisterCallback(slot=0, func_addr=0x3dae78, userdata=0x0)
[! : PPU[1] Thread (CPUThread)[0x015fd028]]: *** New PPU Thread [Check game data thread] (): id = 14
[W : PPU[14] Thread (Check game data thread)[0x015d3010]]: cellSysmodule warning: cellSysmoduleLoadModule(CELL_SYSMODULE_SYSUTIL_GAME)
[E : PPU[14] Thread (Check game data thread)[0x015f1010]]: cellGame error: Unimplemented function: cellGameDataCheck
[W : PPU[14] Thread (Check game data thread)[0x015f1004]]: cellGame warning: cellGameContentPermit(contentInfoPath_addr=0x145ad50, usrdirPath_addr=0x145ae50)
[W : PPU[1] Thread (CPUThread)[0x015d3010]]: cellSysmodule warning: cellSysmoduleLoadModule(CELL_SYSMODULE_RTC)
[W : PPU[1] Thread (CPUThread)[0x015d3010]]: cellSysmodule warning: cellSysmoduleLoadModule(CELL_SYSMODULE_FS)
[W : PPU[1] Thread (CPUThread)[0x015d3010]]: cellSysmodule warning: cellSysmoduleLoadModule(CELL_SYSMODULE_SYNC)
[W : PPU[1] Thread (CPUThread)[0x0027d898]]: sys_spu warning: sys_spu_initialize(max_usable_spu=6, max_raw_spu=0)
[W : PPU[1] Thread (CPUThread)[0x015d3010]]: cellSysmodule warning: cellSysmoduleLoadModule(CELL_SYSMODULE_IO)
[W : PPU[1] Thread (CPUThread)[0x015d3010]]: cellSysmodule warning: cellSysmoduleLoadModule(CELL_SYSMODULE_FS)
[W : PPU[1] Thread (CPUThread)[0x015fd058]]: sys_lwmutex warning: *** lwmutex created [opWait] (attribute=0x12): sq_id = 15
[W : PPU[1] Thread (CPUThread)[0x015fd130]]: sys_lwcond warning: Recursive lwmutex(sq=15)
[W : PPU[1] Thread (CPUThread)[0x015fd130]]: sys_lwcond warning: *** lwcond created [opWait] (lwmutex_addr=0x30100010): id = 16
[W : PPU[1] Thread (CPUThread)[0x015fd058]]: sys_lwmutex warning: *** lwmutex created [s_media] (attribute=0x12): sq_id = 17
[W : PPU[1] Thread (CPUThread)[0x015f101c]]: cellGame warning: cellGameBootCheck(type_addr=0xd000f860, attributes_addr=0xd000f864, size_addr=0xd000f868, dirName_addr=0xd000f898)
[W : PPU[1] Thread (CPUThread)[0x015f1004]]: cellGame warning: cellGameContentPermit(contentInfoPath_addr=0xd000f900, usrdirPath_addr=0xd000f980)
[W : PPU[1] Thread (CPUThread)[0x015fd058]]: sys_lwmutex warning: *** lwmutex created [media.m] (attribute=0x12): sq_id = 18
[W : PPU[1] Thread (CPUThread)[0x015fd058]]: sys_lwmutex warning: *** lwmutex created [ps3medi] (attribute=0x12): sq_id = 19
[W : PPU[1] Thread (CPUThread)[0x00334eec]]: sys_rwlock warning: sys_rwlock_create(rw_lock_id_addr=0x30100144, attr_addr=0xd000f6f0)
[W : PPU[1] Thread (CPUThread)[0x00334eec]]: sys_rwlock warning: TODO: SYS_SYNC_PRIORITY attr
[W : PPU[1] Thread (CPUThread)[0x00334eec]]: sys_rwlock warning: *** rwlock created [] (protocol=0x2): id = 20
[W : PPU[1] Thread (CPUThread)[0x015fd058]]: sys_lwmutex warning: *** lwmutex created [media.m] (attribute=0x12): sq_id = 21
[W : PPU[1] Thread (CPUThread)[0x015fd130]]: sys_lwcond warning: Recursive lwmutex(sq=21)
[W : PPU[1] Thread (CPUThread)[0x015fd130]]: sys_lwcond warning: *** lwcond created [media.m] (lwmutex_addr=0x30100160): id = 22
[W : PPU[1] Thread (CPUThread)[0x00334eec]]: sys_rwlock warning: sys_rwlock_create(rw_lock_id_addr=0x301004bc, attr_addr=0xd000f6f0)
[W : PPU[1] Thread (CPUThread)[0x00334eec]]: sys_rwlock warning: TODO: SYS_SYNC_PRIORITY attr
[W : PPU[1] Thread (CPUThread)[0x00334eec]]: sys_rwlock warning: *** rwlock created [] (protocol=0x2): id = 23
[W : PPU[1] Thread (CPUThread)[0x015fd058]]: sys_lwmutex warning: *** lwmutex created [media.m] (attribute=0x12): sq_id = 24
[W : PPU[1] Thread (CPUThread)[0x015fd058]]: sys_lwmutex warning: *** lwmutex created [ps3medi] (attribute=0x12): sq_id = 25
[W : PPU[1] Thread (CPUThread)[0x00334eec]]: sys_rwlock warning: sys_rwlock_create(rw_lock_id_addr=0x301005a4, attr_addr=0xd000f6f0)
[W : PPU[1] Thread (CPUThread)[0x00334eec]]: sys_rwlock warning: TODO: SYS_SYNC_PRIORITY attr
[W : PPU[1] Thread (CPUThread)[0x00334eec]]: sys_rwlock warning: *** rwlock created [] (protocol=0x2): id = 26
[W : PPU[1] Thread (CPUThread)[0x015fd058]]: sys_lwmutex warning: *** lwmutex created [media.m] (attribute=0x12): sq_id = 27
[W : PPU[1] Thread (CPUThread)[0x015fd130]]: sys_lwcond warning: Recursive lwmutex(sq=27)
[W : PPU[1] Thread (CPUThread)[0x015fd130]]: sys_lwcond warning: *** lwcond created [media.m] (lwmutex_addr=0x301005c0): id = 28
[W : PPU[1] Thread (CPUThread)[0x015fd058]]: sys_lwmutex warning: *** lwmutex created [schedul] (attribute=0x12): sq_id = 29
[W : PPU[1] Thread (CPUThread)[0x015fd058]]: sys_lwmutex warning: *** lwmutex created [schedul] (attribute=0x12): sq_id = 30
[W : PPU[1] Thread (CPUThread)[0x00334eec]]: sys_rwlock warning: sys_rwlock_create(rw_lock_id_addr=0x3010097c, attr_addr=0xd000f5e0)
[W : PPU[1] Thread (CPUThread)[0x00334eec]]: sys_rwlock warning: TODO: SYS_SYNC_PRIORITY attr
[W : PPU[1] Thread (CPUThread)[0x00334eec]]: sys_rwlock warning: *** rwlock created [] (protocol=0x2): id = 31
[W : PPU[1] Thread (CPUThread)[0x015fd058]]: sys_lwmutex warning: *** lwmutex created [schedul] (attribute=0x12): sq_id = 32
[W : PPU[1] Thread (CPUThread)[0x015fd058]]: sys_lwmutex warning: *** lwmutex created [schedul] (attribute=0x12): sq_id = 33
[W : PPU[1] Thread (CPUThread)[0x015fd130]]: sys_lwcond warning: Recursive lwmutex(sq=33)
[W : PPU[1] Thread (CPUThread)[0x015fd130]]: sys_lwcond warning: *** lwcond created [schedul] (lwmutex_addr=0x30100a00): id = 34
[W : PPU[1] Thread (CPUThread)[0x015fd130]]: sys_lwcond warning: Recursive lwmutex(sq=33)
[W : PPU[1] Thread (CPUThread)[0x015fd130]]: sys_lwcond warning: *** lwcond created [schedul] (lwmutex_addr=0x30100a00): id = 35
[W : PPU[1] Thread (CPUThread)[0x015fd058]]: sys_lwmutex warning: *** lwmutex created [schedul] (attribute=0x12): sq_id = 36
[W : PPU[1] Thread (CPUThread)[0x015fd058]]: sys_lwmutex warning: *** lwmutex created [schedul] (attribute=0x12): sq_id = 37
[W : PPU[1] Thread (CPUThread)[0x015fd130]]: sys_lwcond warning: Recursive lwmutex(sq=37)
[W : PPU[1] Thread (CPUThread)[0x015fd130]]: sys_lwcond warning: *** lwcond created [fios wo] (lwmutex_addr=0x30100aa8): id = 38
[W : PPU[1] Thread (CPUThread)[0x015fd130]]: sys_lwcond warning: Recursive lwmutex(sq=37)
[W : PPU[1] Thread (CPUThread)[0x015fd130]]: sys_lwcond warning: *** lwcond created [fios wo] (lwmutex_addr=0x30100aa8): id = 39
[! : PPU[1] Thread (CPUThread)[0x015fd028]]: *** New PPU Thread [fios mediathread 2] (): id = 40
[! : PPU[1] Thread (CPUThread)[0x015fd028]]: *** New PPU Thread [fios mediathread 3] (): id = 41
[! : PPU[1] Thread (CPUThread)[0x015fd028]]: *** New PPU Thread [fios scheduler 1] (): id = 42
[W : PPU[1] Thread (CPUThread)[0x015fd058]]: sys_lwmutex warning: *** lwmutex created [media.m] (attribute=0x12): sq_id = 43
[W : PPU[1] Thread (CPUThread)[0x015fd058]]: sys_lwmutex warning: *** lwmutex created [ps3medi] (attribute=0x12): sq_id = 44
[W : PPU[1] Thread (CPUThread)[0x00334eec]]: sys_rwlock warning: sys_rwlock_create(rw_lock_id_addr=0x3011588c, attr_addr=0xd000f6f0)
[W : PPU[1] Thread (CPUThread)[0x00334eec]]: sys_rwlock warning: TODO: SYS_SYNC_PRIORITY attr
[W : PPU[1] Thread (CPUThread)[0x00334eec]]: sys_rwlock warning: *** rwlock created [] (protocol=0x2): id = 45
[W : PPU[1] Thread (CPUThread)[0x015fd058]]: sys_lwmutex warning: *** lwmutex created [media.m] (attribute=0x12): sq_id = 46
[W : PPU[1] Thread (CPUThread)[0x015fd130]]: sys_lwcond warning: Recursive lwmutex(sq=46)
[W : PPU[1] Thread (CPUThread)[0x015fd130]]: sys_lwcond warning: *** lwcond created [media.m] (lwmutex_addr=0x301158a8): id = 47
[W : PPU[1] Thread (CPUThread)[0x015fd058]]: sys_lwmutex warning: *** lwmutex created [schedul] (attribute=0x12): sq_id = 48
[W : PPU[1] Thread (CPUThread)[0x015fd058]]: sys_lwmutex warning: *** lwmutex created [schedul] (attribute=0x12): sq_id = 49
[W : PPU[1] Thread (CPUThread)[0x00334eec]]: sys_rwlock warning: sys_rwlock_create(rw_lock_id_addr=0x30115c6c, attr_addr=0xd000f5e0)
[W : PPU[1] Thread (CPUThread)[0x00334eec]]: sys_rwlock warning: TODO: SYS_SYNC_PRIORITY attr
[W : PPU[1] Thread (CPUThread)[0x00334eec]]: sys_rwlock warning: *** rwlock created [] (protocol=0x2): id = 50
[W : PPU[1] Thread (CPUThread)[0x015fd058]]: sys_lwmutex warning: *** lwmutex created [schedul] (attribute=0x12): sq_id = 51
[W : PPU[1] Thread (CPUThread)[0x015fd058]]: sys_lwmutex warning: *** lwmutex created [schedul] (attribute=0x12): sq_id = 52
[W : PPU[1] Thread (CPUThread)[0x015fd130]]: sys_lwcond warning: Recursive lwmutex(sq=52)
[W : PPU[1] Thread (CPUThread)[0x015fd130]]: sys_lwcond warning: *** lwcond created [schedul] (lwmutex_addr=0x30115cf0): id = 53
[W : PPU[1] Thread (CPUThread)[0x015fd130]]: sys_lwcond warning: Recursive lwmutex(sq=52)
[W : PPU[1] Thread (CPUThread)[0x015fd130]]: sys_lwcond warning: *** lwcond created [schedul] (lwmutex_addr=0x30115cf0): id = 54
[W : PPU[1] Thread (CPUThread)[0x015fd058]]: sys_lwmutex warning: *** lwmutex created [schedul] (attribute=0x12): sq_id = 55
[W : PPU[1] Thread (CPUThread)[0x015fd058]]: sys_lwmutex warning: *** lwmutex created [schedul] (attribute=0x12): sq_id = 56
[W : PPU[1] Thread (CPUThread)[0x015fd130]]: sys_lwcond warning: Recursive lwmutex(sq=56)
[W : PPU[1] Thread (CPUThread)[0x015fd130]]: sys_lwcond warning: *** lwcond created [fios wo] (lwmutex_addr=0x30115d98): id = 57
[W : PPU[1] Thread (CPUThread)[0x015fd130]]: sys_lwcond warning: Recursive lwmutex(sq=56)
[W : PPU[1] Thread (CPUThread)[0x015fd130]]: sys_lwcond warning: *** lwcond created [fios wo] (lwmutex_addr=0x30115d98): id = 58
[! : PPU[1] Thread (CPUThread)[0x015fd028]]: *** New PPU Thread [fios mediathread 5] (): id = 59
[! : PPU[1] Thread (CPUThread)[0x015fd028]]: *** New PPU Thread [fios mediathread 6] (): id = 60
[! : PPU[1] Thread (CPUThread)[0x015fd028]]: *** New PPU Thread [fios scheduler 4] (): id = 61
[W : PPU[1] Thread (CPUThread)[0x015fd058]]: sys_lwmutex warning: *** lwmutex created [media.m] (attribute=0x12): sq_id = 62
[W : PPU[1] Thread (CPUThread)[0x015fd058]]: sys_lwmutex warning: *** lwmutex created [ps3medi] (attribute=0x12): sq_id = 63
[W : PPU[1] Thread (CPUThread)[0x00334eec]]: sys_rwlock warning: sys_rwlock_create(rw_lock_id_addr=0x3012ab7c, attr_addr=0xd000f6f0)
[W : PPU[1] Thread (CPUThread)[0x00334eec]]: sys_rwlock warning: TODO: SYS_SYNC_PRIORITY attr
[W : PPU[1] Thread (CPUThread)[0x00334eec]]: sys_rwlock warning: *** rwlock created [] (protocol=0x2): id = 64
[W : PPU[1] Thread (CPUThread)[0x015fd058]]: sys_lwmutex warning: *** lwmutex created [media.m] (attribute=0x12): sq_id = 65
[W : PPU[1] Thread (CPUThread)[0x015fd130]]: sys_lwcond warning: Recursive lwmutex(sq=65)
[W : PPU[1] Thread (CPUThread)[0x015fd130]]: sys_lwcond warning: *** lwcond created [media.m] (lwmutex_addr=0x3012ab98): id = 66
[W : PPU[1] Thread (CPUThread)[0x015fd058]]: sys_lwmutex warning: *** lwmutex created [schedul] (attribute=0x12): sq_id = 67
[W : PPU[1] Thread (CPUThread)[0x015fd058]]: sys_lwmutex warning: *** lwmutex created [schedul] (attribute=0x12): sq_id = 68
[W : PPU[1] Thread (CPUThread)[0x00334eec]]: sys_rwlock warning: sys_rwlock_create(rw_lock_id_addr=0x3012af5c, attr_addr=0xd000f5e0)
[W : PPU[1] Thread (CPUThread)[0x00334eec]]: sys_rwlock warning: TODO: SYS_SYNC_PRIORITY attr
[W : PPU[1] Thread (CPUThread)[0x00334eec]]: sys_rwlock warning: *** rwlock created [] (protocol=0x2): id = 69
[W : PPU[1] Thread (CPUThread)[0x015fd058]]: sys_lwmutex warning: *** lwmutex created [schedul] (attribute=0x12): sq_id = 70
[W : PPU[1] Thread (CPUThread)[0x015fd058]]: sys_lwmutex warning: *** lwmutex created [schedul] (attribute=0x12): sq_id = 71
[W : PPU[1] Thread (CPUThread)[0x015fd130]]: sys_lwcond warning: Recursive lwmutex(sq=71)
[W : PPU[1] Thread (CPUThread)[0x015fd130]]: sys_lwcond warning: *** lwcond created [schedul] (lwmutex_addr=0x3012afe0): id = 72
[W : PPU[1] Thread (CPUThread)[0x015fd130]]: sys_lwcond warning: Recursive lwmutex(sq=71)
[W : PPU[1] Thread (CPUThread)[0x015fd130]]: sys_lwcond warning: *** lwcond created [schedul] (lwmutex_addr=0x3012afe0): id = 73
[W : PPU[1] Thread (CPUThread)[0x015fd058]]: sys_lwmutex warning: *** lwmutex created [schedul] (attribute=0x12): sq_id = 74
[W : PPU[1] Thread (CPUThread)[0x015fd058]]: sys_lwmutex warning: *** lwmutex created [schedul] (attribute=0x12): sq_id = 75
[W : PPU[1] Thread (CPUThread)[0x015fd130]]: sys_lwcond warning: Recursive lwmutex(sq=75)
[W : PPU[1] Thread (CPUThread)[0x015fd130]]: sys_lwcond warning: *** lwcond created [fios wo] (lwmutex_addr=0x3012b088): id = 76
[W : PPU[1] Thread (CPUThread)[0x015fd130]]: sys_lwcond warning: Recursive lwmutex(sq=75)
[W : PPU[1] Thread (CPUThread)[0x015fd130]]: sys_lwcond warning: *** lwcond created [fios wo] (lwmutex_addr=0x3012b088): id = 77
[! : PPU[1] Thread (CPUThread)[0x015fd028]]: *** New PPU Thread [fios mediathread 8] (): id = 78
[! : PPU[1] Thread (CPUThread)[0x015fd028]]: *** New PPU Thread [fios mediathread 9] (): id = 79
[! : PPU[1] Thread (CPUThread)[0x015fd028]]: *** New PPU Thread [fios scheduler 7] (): id = 80
[W : PPU[1] Thread (CPUThread)[0x015fd058]]: sys_lwmutex warning: *** lwmutex created [media.m] (attribute=0x12): sq_id = 81
[W : PPU[1] Thread (CPUThread)[0x00334eec]]: sys_rwlock warning: sys_rwlock_create(rw_lock_id_addr=0x3013fe34, attr_addr=0xd000f620)
[W : PPU[1] Thread (CPUThread)[0x00334eec]]: sys_rwlock warning: TODO: SYS_SYNC_PRIORITY attr
[W : PPU[1] Thread (CPUThread)[0x00334eec]]: sys_rwlock warning: *** rwlock created [] (protocol=0x2): id = 82
[W : PPU[1] Thread (CPUThread)[0x015fd058]]: sys_lwmutex warning: *** lwmutex created [cache_f] (attribute=0x12): sq_id = 83
[W : PPU[1] Thread (CPUThread)[0x015fd058]]: sys_lwmutex warning: *** lwmutex created [schedul] (attribute=0x12): sq_id = 84
[W : PPU[78] Thread (fios mediathread 8)[0x015d5028]]: vfsLocalFile::Create('D:\Emulateurs\Rpcs3\dev_hdd1\NPUB31320\cache.idx')
[W : PPU[78] Thread (fios mediathread 8)[0x015d5028]]: *** cellFsOpen(path="/dev_hdd1/NPUB31320/cache.idx"): fd = 85
[W : PPU[78] Thread (fios mediathread 8)[0x015d5028]]: vfsLocalFile::Create('D:\Emulateurs\Rpcs3\dev_hdd1\NPUB31320\cache.dat')
[W : PPU[78] Thread (fios mediathread 8)[0x015d5028]]: *** cellFsOpen(path="/dev_hdd1/NPUB31320/cache.dat"): fd = 86
[W : PPU[1] Thread (CPUThread)[0x015fd058]]: sys_lwmutex warning: *** lwmutex created [media.m] (attribute=0x12): sq_id = 87
[W : PPU[1] Thread (CPUThread)[0x00334eec]]: sys_rwlock warning: sys_rwlock_create(rw_lock_id_addr=0x3015be4c, attr_addr=0xd000f660)
[W : PPU[1] Thread (CPUThread)[0x00334eec]]: sys_rwlock warning: TODO: SYS_SYNC_PRIORITY attr
[W : PPU[1] Thread (CPUThread)[0x00334eec]]: sys_rwlock warning: *** rwlock created [] (protocol=0x2): id = 88
[W : PPU[1] Thread (CPUThread)[0x015fd058]]: sys_lwmutex warning: *** lwmutex created [cache_f] (attribute=0x12): sq_id = 89
[W : PPU[1] Thread (CPUThread)[0x015fd058]]: sys_lwmutex warning: *** lwmutex created [schedul] (attribute=0x12): sq_id = 90
[W : PPU[1] Thread (CPUThread)[0x015fd058]]: sys_lwmutex warning: *** lwmutex created [schedul] (attribute=0x12): sq_id = 91
[W : PPU[1] Thread (CPUThread)[0x00334eec]]: sys_rwlock warning: sys_rwlock_create(rw_lock_id_addr=0x3017e204, attr_addr=0xd000f5e0)
[W : PPU[1] Thread (CPUThread)[0x00334eec]]: sys_rwlock warning: TODO: SYS_SYNC_PRIORITY attr
[W : PPU[1] Thread (CPUThread)[0x00334eec]]: sys_rwlock warning: *** rwlock created [] (protocol=0x2): id = 92
[W : PPU[1] Thread (CPUThread)[0x015fd058]]: sys_lwmutex warning: *** lwmutex created [schedul] (attribute=0x12): sq_id = 93
[W : PPU[1] Thread (CPUThread)[0x015fd058]]: sys_lwmutex warning: *** lwmutex created [schedul] (attribute=0x12): sq_id = 94
[W : PPU[1] Thread (CPUThread)[0x015fd130]]: sys_lwcond warning: Recursive lwmutex(sq=94)
[W : PPU[1] Thread (CPUThread)[0x015fd130]]: sys_lwcond warning: *** lwcond created [schedul] (lwmutex_addr=0x3017e288): id = 95
[W : PPU[1] Thread (CPUThread)[0x015fd130]]: sys_lwcond warning: Recursive lwmutex(sq=94)
[W : PPU[1] Thread (CPUThread)[0x015fd130]]: sys_lwcond warning: *** lwcond created [schedul] (lwmutex_addr=0x3017e288): id = 96
[W : PPU[1] Thread (CPUThread)[0x015fd058]]: sys_lwmutex warning: *** lwmutex created [schedul] (attribute=0x12): sq_id = 97
[W : PPU[1] Thread (CPUThread)[0x015fd058]]: sys_lwmutex warning: *** lwmutex created [schedul] (attribute=0x12): sq_id = 98
[W : PPU[1] Thread (CPUThread)[0x015fd130]]: sys_lwcond warning: Recursive lwmutex(sq=98)
[W : PPU[1] Thread (CPUThread)[0x015fd130]]: sys_lwcond warning: *** lwcond created [fios wo] (lwmutex_addr=0x3017e330): id = 99
[W : PPU[1] Thread (CPUThread)[0x015fd130]]: sys_lwcond warning: Recursive lwmutex(sq=98)
[W : PPU[1] Thread (CPUThread)[0x015fd130]]: sys_lwcond warning: *** lwcond created [fios wo] (lwmutex_addr=0x3017e330): id = 100
[! : PPU[1] Thread (CPUThread)[0x015fd028]]: *** New PPU Thread [fios mediathread 11] (): id = 101
[! : PPU[1] Thread (CPUThread)[0x015fd028]]: *** New PPU Thread [fios mediathread 12] (): id = 102
[! : PPU[1] Thread (CPUThread)[0x015fd028]]: *** New PPU Thread [fios scheduler 10] (): id = 103
[W : PPU[1] Thread (CPUThread)[0x003ce0d0]]: cellGcmSys warning: cellGcmInitDefaultFifoMode(mode=1)
[W : PPU[1] Thread (CPUThread)[0x003ce01c]]: cellGcmSys warning: cellGcmInit(context_addr=0x150ca50,cmdSize=0x3f000,ioSize=0x2600000,ioAddress=0x30200000)
[W : PPU[1] Thread (CPUThread)[0x003ce01c]]: cellGcmSys warning: *** local memory(addr=0xc0000000, size=0xf900000)
[W : PPU[1] Thread (CPUThread)[0x003ce01c]]: cellGcmSys warning: cellGcmMapEaIoAddress(ea=0x30200000, io=0x0, size=0x2600000)
[! : RSXThread]: RSX thread entry
[W : PPU[1] Thread (CPUThread)[0x003ce004]]: cellGcmSys warning: cellGcmGetTiledPitchSize(size=5120)
[W : PPU[1] Thread (CPUThread)[0x003ce0c4]]: cellGcmSys warning: cellGcmSetTileInfo(index=0, location=0, offset=0, size=3801088, pitch=5120, comp=0, base=0, bank=0)
[W : PPU[1] Thread (CPUThread)[0x003ce04c]]: cellGcmSys warning: cellGcmBindTile(index=0)
[W : PPU[1] Thread (CPUThread)[0x003ce0ac]]: cellGcmSys warning: cellGcmSetDisplayBuffer(id=0x0,offset=0x0,pitch=4,width=1280,height=720)
[W : PPU[1] Thread (CPUThread)[0x003ce088]]: cellGcmSys warning: TODO: cellGcmBindZcull(index=0)
[W : PPU[1] Thread (CPUThread)[0x003ce0c4]]: cellGcmSys warning: cellGcmSetTileInfo(index=2, location=0, offset=209715200, size=3801088, pitch=5120, comp=0, base=0, bank=0)
[W : PPU[1] Thread (CPUThread)[0x003ce04c]]: cellGcmSys warning: cellGcmBindTile(index=2)
[W : PPU[1] Thread (CPUThread)[0x015d3010]]: cellSysmodule warning: cellSysmoduleLoadModule(CELL_SYSMODULE_RESC)
[W : PPU[1] Thread (CPUThread)[0x003cc040]]: cellResc warning: cellRescInit(initConfig_addr=0xd00104e4)
[W : PPU[1] Thread (CPUThread)[0x003ce004]]: cellGcmSys warning: cellGcmGetTiledPitchSize(size=5120)
[W : PPU[1] Thread (CPUThread)[0x003cc028]]: cellResc warning: cellRescSetDisplayMode(displayMode=4)
[W : PPU[1] Thread (CPUThread)[0x003cc028]]: cellSysutil warning: cellVideoOutConfigure(videoOut=0, config_addr=0x30016000, option_addr=0x0, waitForEvent=0x0)
[W : PPU[1] Thread (CPUThread)[0x003cc028]]: cellGcmSys warning: cellGcmSetFlipMode(mode=2)
[W : PPU[1] Thread (CPUThread)[0x003cc04c]]: cellResc warning: cellRescGetBufferSize(colorBuffers_addr=0x11d7a80, vertexArray_addr=0x11d7a84, fragmentShader_addr=0x11d7a88)
[W : PPU[1] Thread (CPUThread)[0x003ce0dc]]: cellGcmSys warning: cellGcmSetTile(index=3, location=0, offset=179306496, size=7536640, pitch=5120, comp=0, base=0, bank=0)
[W : PPU[1] Thread (CPUThread)[0x003cc064]]: cellResc warning: cellRescSetBufferAddress(colorBuffers_addr=0xcab00000, vertexArray_addr=0xc0ac0000, fragmentShader_addr=0xc0ac1000)
[W : PPU[1] Thread (CPUThread)[0x003cc064]]: cellGcmSys warning: cellGcmSetDisplayBuffer(id=0x0,offset=0xab00000,pitch=4,width=1280,height=720)
[W : PPU[1] Thread (CPUThread)[0x003cc064]]: cellGcmSys warning: cellGcmSetDisplayBuffer(id=0x1,offset=0xae84000,pitch=4,width=1280,height=720)
[W : PPU[1] Thread (CPUThread)[0x003ce094]]: cellGcmSys warning: cellGcmMapMainMemory(ea=0x33600000,size=0x400000,offset_addr=0xd00105e0)
[W : PPU[1] Thread (CPUThread)[0x003cc058]]: cellGcmSys warning: cellGcmSetDisplayBuffer(id=0x0,offset=0x0,pitch=4,width=1280,height=720)
[W : PPU[1] Thread (CPUThread)[0x003cc058]]: cellGcmSys warning: cellGcmSetDisplayBuffer(id=0x1,offset=0x0,pitch=4,width=1280,height=720)
[E : RSXThread]: TODO: cellGcmSetZcullStatsEnable(0x1)
[W : PPU[1] Thread (CPUThread)[0x015fd058]]: sys_lwmutex warning: *** lwmutex created [NisTex] (attribute=0x21): sq_id = 104
[W : PPU[1] Thread (CPUThread)[0x015fd160]]: sysPrxForUser warning: sys_spu_image_import(img=0x15cef00, src=0x3c2000, type=0x0)
[W : PPU[1] Thread (CPUThread)[0x015fd160]]: desc = 'PS3_Release/NisGraphics.spu.elf'
[E : PPU[1] Thread (CPUThread)[0x015d7028]]: TODO: cellSyncQueueInitialize
[E : PPU[1] Thread (CPUThread)[0x015d7028]]: TODO: cellSyncQueueInitialize
[W : PPU[1] Thread (CPUThread)[0x0027dabc]]: sys_spu warning: sys_spu_thread_group_create(id_addr=0x15cef1c, num=6, prio=17, attr_addr=0xd00109ec)
[W : PPU[1] Thread (CPUThread)[0x0027dabc]]: sys_spu warning: *** SPU Thread Group created [NisGraphicsSpu_Group] (type=0x0, option.ct=0xffffffff): id=105
[W : PPU[1] Thread (CPUThread)[0x0027db3c]]: sys_spu warning: sys_spu_thread_initialize(thread_addr=0x15cef2c, group=0x69, spu_num=0, img_addr=0x15cef00, attr_addr=0xd00109e0, arg_addr=0xd0010a00)
[W : PPU[1] Thread (CPUThread)[0x0027db3c]]: sys_spu warning: *** New SPU Thread [NGS_Thread1] (img_offset=0x1601000, ls_offset=0x1641000, ep=0xf0, a1=0x0, a2=0x15cf100, a3=0x15cf1e0, a4=0x15cf260): id=106
[W : PPU[1] Thread (CPUThread)[0x0027db3c]]: sys_spu warning: sys_spu_thread_initialize(thread_addr=0x15cef6c, group=0x69, spu_num=1, img_addr=0x15cef00, attr_addr=0xd00109e0, arg_addr=0xd0010a00)
[W : PPU[1] Thread (CPUThread)[0x0027db3c]]: sys_spu warning: *** New SPU Thread [NGS_Thread2] (img_offset=0x1601000, ls_offset=0x1681000, ep=0xf0, a1=0x1, a2=0x15cf120, a3=0x15cf1e0, a4=0x15cf260): id=107
[W : PPU[1] Thread (CPUThread)[0x0027db3c]]: sys_spu warning: sys_spu_thread_initialize(thread_addr=0x15cefac, group=0x69, spu_num=2, img_addr=0x15cef00, attr_addr=0xd00109e0, arg_addr=0xd0010a00)
[W : PPU[1] Thread (CPUThread)[0x0027db3c]]: sys_spu warning: *** New SPU Thread [NGS_Thread3] (img_offset=0x1601000, ls_offset=0x16c1000, ep=0xf0, a1=0x2, a2=0x15cf140, a3=0x15cf1e0, a4=0x15cf260): id=108
[W : PPU[1] Thread (CPUThread)[0x0027db3c]]: sys_spu warning: sys_spu_thread_initialize(thread_addr=0x15cefec, group=0x69, spu_num=3, img_addr=0x15cef00, attr_addr=0xd00109e0, arg_addr=0xd0010a00)
[W : PPU[1] Thread (CPUThread)[0x0027db3c]]: sys_spu warning: *** New SPU Thread [NGS_Thread4] (img_offset=0x1601000, ls_offset=0x1701000, ep=0xf0, a1=0x3, a2=0x15cf160, a3=0x15cf1e0, a4=0x15cf260): id=109
[W : PPU[1] Thread (CPUThread)[0x0027db3c]]: sys_spu warning: sys_spu_thread_initialize(thread_addr=0x15cf02c, group=0x69, spu_num=4, img_addr=0x15cef00, attr_addr=0xd00109e0, arg_addr=0xd0010a00)
[W : PPU[1] Thread (CPUThread)[0x0027db3c]]: sys_spu warning: *** New SPU Thread [NGS_Thread4] (img_offset=0x1601000, ls_offset=0x1741000, ep=0xf0, a1=0x4, a2=0x15cf180, a3=0x15cf1e0, a4=0x15cf260): id=110
[W : PPU[1] Thread (CPUThread)[0x0027db3c]]: sys_spu warning: sys_spu_thread_initialize(thread_addr=0x15cf06c, group=0x69, spu_num=5, img_addr=0x15cef00, attr_addr=0xd00109e0, arg_addr=0xd0010a00)
[W : PPU[1] Thread (CPUThread)[0x0027db3c]]: sys_spu warning: *** New SPU Thread [NGS_Thread5] (img_offset=0x1601000, ls_offset=0x1781000, ep=0xf0, a1=0x5, a2=0x15cf1a0, a3=0x15cf1e0, a4=0x15cf260): id=111
[W : PPU[1] Thread (CPUThread)[0x0027db60]]: sys_spu warning: sys_spu_thread_group_start(id=105)
[! : SPU[106] Thread (NGS_Thread1)[0x000000b0]]: BISL(rt=0,ra=3)
[! : SPU[107] Thread (NGS_Thread2)[0x000000b0]]: BISL(rt=0,ra=3)
[! : SPU[108] Thread (NGS_Thread3)[0x000000b0]]: BISL(rt=0,ra=3)
[! : SPU[109] Thread (NGS_Thread4)[0x000000b0]]: BISL(rt=0,ra=3)
[! : SPU[110] Thread (NGS_Thread4)[0x000000b0]]: BISL(rt=0,ra=3)
[! : SPU[111] Thread (NGS_Thread5)[0x000000b0]]: BISL(rt=0,ra=3)
[W : PPU[1] Thread (CPUThread)[0x003ce010]]: cellGcmSys warning: cellGcmSetUserHandler(handler=0x3e7fc8)
[W : PPU[1] Thread (CPUThread)[0x015d1070]]: cellSysutil warning: cellSysutilGetSystemParamInt: CELL_SYSUTIL_SYSTEMPARAM_ID_LANG
[W : PPU[1] Thread (CPUThread)[0x015d1070]]: cellSysutil warning: cellSysutilGetSystemParamInt: CELL_SYSUTIL_SYSTEMPARAM_ID_ENTER_BUTTON_ASSIGN
[W : PPU[1] Thread (CPUThread)[0x015d1070]]: cellSysutil warning: cellSysutilGetSystemParamInt: CELL_SYSUTIL_SYSTEMPARAM_ID_DATE_FORMAT
[W : PPU[1] Thread (CPUThread)[0x015d1070]]: cellSysutil warning: cellSysutilGetSystemParamInt: CELL_SYSUTIL_SYSTEMPARAM_ID_TIME_FORMAT
[W : PPU[1] Thread (CPUThread)[0x015d1070]]: cellSysutil warning: cellSysutilGetSystemParamInt: CELL_SYSUTIL_SYSTEMPARAM_ID_TIMEZONE
[W : PPU[1] Thread (CPUThread)[0x015d1070]]: cellSysutil warning: cellSysutilGetSystemParamInt: CELL_SYSUTIL_SYSTEMPARAM_ID_SUMMERTIME
[W : PPU[1] Thread (CPUThread)[0x015d1070]]: cellSysutil warning: cellSysutilGetSystemParamInt: CELL_SYSUTIL_SYSTEMPARAM_ID_GAME_PARENTAL_LEVEL
[W : PPU[1] Thread (CPUThread)[0x015d1070]]: cellSysutil warning: cellSysutilGetSystemParamInt: CELL_SYSUTIL_SYSTEMPARAM_ID_CURRENT_USER_HAS_NP_ACCOUNT
[W : PPU[1] Thread (CPUThread)[0x015d1070]]: cellSysutil warning: cellSysutilGetSystemParamInt: CELL_SYSUTIL_SYSTEMPARAM_ID_CAMERA_PLFREQ
[W : PPU[1] Thread (CPUThread)[0x015d10c4]]: cellSysutil warning: cellSysutilGetSystemParamString: CELL_SYSUTIL_SYSTEMPARAM_ID_NICKNAME
[W : PPU[1] Thread (CPUThread)[0x015d10c4]]: cellSysutil warning: cellSysutilGetSystemParamString: CELL_SYSUTIL_SYSTEMPARAM_ID_CURRENT_USERNAME
[W : PPU[1] Thread (CPUThread)[0x015d3010]]: cellSysmodule warning: cellSysmoduleLoadModule(CELL_SYSMODULE_L10N)
