[!]: path: /dev_hdd0/game/
[W]: SELF: No NPDRM control info found!
[!]: Loading 'F:\Ps3 game\dev_hdd0\game\BLUS31212 - [KINGDOM HEARTS HD 15] - L\USRDIR/BOOT.BIN'...
[!]: Mount info:
[!]: /dev_hdd0/ -> F:\Ps3 game\dev_hdd0
[!]: /dev_hdd1/ -> E:\PS3EMU\Rpcs3-x6415/dev_hdd1/
[!]: /dev_flash/ -> E:\PS3EMU\Rpcs3-x6415/dev_flash/
[!]: /dev_usb000/ -> E:\PS3EMU\Rpcs3-x6415/dev_usb000/
[!]: /dev_usb/ -> E:\PS3EMU\Rpcs3-x6415/dev_usb000/
[!]: /app_home/ -> F:\Ps3 game\dev_hdd0\game\BLUS31212 - [KINGDOM HEARTS HD 15] - L\
[!]: /dev_bdvd/ -> F:\Ps3 game\dev_hdd0\game\BLUS31212 - [KINGDOM HEARTS HD 15] - L\/../
[!]: /host_root/ -> 
[!]: / -> F:\Ps3 game\dev_hdd0\game\BLUS31212 - [KINGDOM HEARTS HD 15] - L\
[!]: Initing memory...
[!]: Memory initialized.
[W]: Unknown function 0x0247c69e in 'cellSail' module
[E]: TODO: cellSailGraphicsAdapterGetFrame
[W]: Unknown function 0x0abb318b in 'cellSail' module
[E]: TODO: cellSailDescriptorCreateDatabase
[W]: Unknown function 0x1139a206 in 'cellSail' module
[E]: TODO: cellSailPlayerSetSoundAdapter
[W]: Unknown function 0x1872331b in 'cellSail' module
[E]: TODO: cellSailGraphicsAdapterPtsToTimePosition
[W]: Unknown function 0x18b4629d in 'cellSail' module
[E]: TODO: cellSailPlayerFinalize
[W]: Unknown function 0x18bcd21b in 'cellSail' module
[E]: TODO: cellSailPlayerSetGraphicsAdapter
[W]: Unknown function 0x1c983864 in 'cellSail' module
[E]: TODO: cellSailGraphicsAdapterInitialize
[W]: Unknown function 0x1c9d5e5a in 'cellSail' module
[E]: TODO: cellSailSoundAdapterSetPreferredFormat
[W]: Unknown function 0x23654375 in 'cellSail' module
[E]: TODO: cellSailPlayerInitialize2
[W]: Unknown function 0x28336e89 in 'cellSail' module
[E]: TODO: cellSailDescriptorDestroyDatabase
[W]: Unknown function 0x2e3ccb5e in 'cellSail' module
[E]: TODO: cellSailGraphicsAdapterSetPreferredFormat
[W]: Unknown function 0x346ebba3 in 'cellSail' module
[E]: TODO: cellSailMemAllocatorInitialize
[W]: Unknown function 0x34ecc1b9 in 'cellSail' module
[E]: TODO: cellSailPlayerOpenStream
[W]: Unknown function 0x3d0d3b72 in 'cellSail' module
[E]: TODO: cellSailSoundAdapterInitialize
[W]: Unknown function 0x44a20e79 in 'cellSail' module
[E]: TODO: cellSailGraphicsAdapterUpdateAvSync
[W]: Unknown function 0x4c191088 in 'cellSail' module
[E]: TODO: cellSailDescriptorGetUri
[W]: Unknown function 0x5783a454 in 'cellSail' module
[E]: TODO: cellSailMp4MovieGetMovieInfo
[W]: Unknown function 0x5f7c7a6f in 'cellSail' module
[E]: TODO: cellSailPlayerSetParameter
[W]: Unknown function 0x69793952 in 'cellSail' module
[E]: TODO: cellSailPlayerUnsubscribeEvent
[W]: Unknown function 0x6e83f5c0 in 'cellSail' module
[E]: TODO: cellSailAviMovieGetMovieInfo
[W]: Unknown function 0x76488bb1 in 'cellSail' module
[E]: TODO: cellSailGraphicsAdapterFinalize
[W]: Unknown function 0x7c8dff3b in 'cellSail' module
[E]: TODO: cellSailPlayerAddDescriptor
[W]: Unknown function 0x7eb8d6b5 in 'cellSail' module
[E]: TODO: cellSailSoundAdapterGetFrame
[W]: Unknown function 0x85beffcc in 'cellSail' module
[E]: TODO: cellSailPlayerCloseStream
[W]: Unknown function 0xaafa17b8 in 'cellSail' module
[E]: TODO: cellSailPlayerIsPaused
[W]: Unknown function 0xbdf21b0f in 'cellSail' module
[E]: TODO: cellSailPlayerBoot
[W]: Unknown function 0xd1462438 in 'cellSail' module
[E]: TODO: cellSailSoundAdapterFinalize
[W]: Unknown function 0xd1d55a90 in 'cellSail' module
[E]: TODO: cellSailPlayerSetPaused
[W]: Unknown function 0xd5f9a15b in 'cellSail' module
[E]: TODO: cellSailDescriptorGetStreamType
[W]: Unknown function 0xd7938b8d in 'cellSail' module
[E]: TODO: cellSailPlayerCreateDescriptor
[W]: Unknown function 0xe535b0d3 in 'cellSail' module
[E]: TODO: cellSailPlayerStart
[W]: Unknown function 0xeba8d4ec in 'cellSail' module
[E]: TODO: cellSailPlayerStop
[W]: Unknown function 0xeec22809 in 'cellSail' module
[E]: TODO: cellSailSoundAdapterUpdateAvSync
[W]: Unknown function 0xf25f197d in 'cellSail' module
[E]: TODO: cellSailSoundAdapterGetFormat
[W]: Unknown function 0xfc839bd4 in 'cellSail' module
[E]: TODO: cellSailPlayerDestroyDescriptor
[W]: Unknown function 0xffd58aa4 in 'cellSail' module
[E]: TODO: cellSailGraphicsAdapterGetFormat
[W]: Unknown function 0x63387071 in 'cellGcmSys' module
[E]: TODO: cellGcmGetLastFlipTime
[W]: Unknown function 0x62b0f803 in 'cellSysutil' module
[E]: TODO: cellMsgDialogAbort
[W]: Unknown function 0x8b7ed64b in 'cellSysutil' module
[E]: TODO: cellSaveDataAutoSave2
[W]: Unknown function 0x94862702 in 'cellSysutil' module
[E]: TODO: cellMsgDialogProgressBarInc
[W]: Unknown function 0x9d6af72a in 'cellSysutil' module
[E]: TODO: cellMsgDialogProgressBarSetMsg
[W]: Unknown function 0xfbd5c856 in 'cellSysutil' module
[E]: TODO: cellSaveDataAutoLoad2
[W]: Unknown function 0x6d3bb15b in 'sys_fs' module
[E]: TODO: cellFsSdataOpenByFd
[W]: Unknown function 0xbef554a4 in 'sys_fs' module
[E]: TODO: cellFsUtime
[W]: Unknown function 0x55870804 in 'cellFiber' module
[E]: TODO: _cellFiberPpuInitialize
[W]: Unknown function 0x5ef96465 in 'cellSpurs' module
[E]: TODO: _cellSpursEventFlagInitialize
[W]: Unknown function 0xd3758645 in 'cellResc' module
[E]: TODO: cellRescSetVBlankHandler
[W]: Unknown function 0x8a561d92 in 'sysPrxForUser' module
[E]: TODO: _sys_heap_free
[W]: Unknown function 0xaede4b03 in 'sysPrxForUser' module
[E]: TODO: _sys_heap_delete_heap
[W : PPU[1] Thread (CPUThread)[0x0005b718]]: sys_semaphore warning: sys_semaphore_create(sem_addr=0x165ee8, attr_addr=0xd0010cd0, initial_count=1, max_count=1)
[W : PPU[1] Thread (CPUThread)[0x0020a04c]]: sys_lwmutex warning: *** lwmutex created [_lc_mtx] (attribute=0x12): sq_id = 4
[W : PPU[1] Thread (CPUThread)[0x0020a04c]]: sys_lwmutex warning: *** lwmutex created [_lc_mtx] (attribute=0x12): sq_id = 5
[W : PPU[1] Thread (CPUThread)[0x0020a04c]]: sys_lwmutex warning: *** lwmutex created [_lc_mtx] (attribute=0x12): sq_id = 6
[W : PPU[1] Thread (CPUThread)[0x0020a04c]]: sys_lwmutex warning: *** lwmutex created [_lc_mtx] (attribute=0x12): sq_id = 7
[W : PPU[1] Thread (CPUThread)[0x0020a04c]]: sys_lwmutex warning: *** lwmutex created [_lc_mtx] (attribute=0x12): sq_id = 8
[W : PPU[1] Thread (CPUThread)[0x0020a04c]]: sys_lwmutex warning: *** lwmutex created [_lc_mtx] (attribute=0x12): sq_id = 9
[W : PPU[1] Thread (CPUThread)[0x0020a04c]]: sys_lwmutex warning: *** lwmutex created [_lc_mtx] (attribute=0x12): sq_id = 10
[W : PPU[1] Thread (CPUThread)[0x0020a04c]]: sys_lwmutex warning: *** lwmutex created [_lc_mtx] (attribute=0x12): sq_id = 11
[W : PPU[1] Thread (CPUThread)[0x0020a04c]]: sys_lwmutex warning: *** lwmutex created [_lc_mtx] (attribute=0x12): sq_id = 12
[W : PPU[1] Thread (CPUThread)[0x0020a04c]]: sys_lwmutex warning: *** lwmutex created [] (attribute=0x12): sq_id = 13
[W : PPU[1] Thread (CPUThread)[0x0020a04c]]: sys_lwmutex warning: *** lwmutex created [] (attribute=0x12): sq_id = 14
[W : PPU[1] Thread (CPUThread)[0x0020a04c]]: sys_lwmutex warning: *** lwmutex created [] (attribute=0x12): sq_id = 15
[W : PPU[1] Thread (CPUThread)[0x0020a04c]]: sys_lwmutex warning: *** lwmutex created [] (attribute=0x12): sq_id = 16
[W : PPU[1] Thread (CPUThread)[0x0020a04c]]: sys_lwmutex warning: *** lwmutex created [] (attribute=0x12): sq_id = 17
[W : PPU[1] Thread (CPUThread)[0x0020a04c]]: sys_lwmutex warning: *** lwmutex created [] (attribute=0x12): sq_id = 18
[W : PPU[1] Thread (CPUThread)[0x0020a04c]]: sys_lwmutex warning: *** lwmutex created [] (attribute=0x12): sq_id = 19
[W : PPU[1] Thread (CPUThread)[0x0020a04c]]: sys_lwmutex warning: *** lwmutex created [] (attribute=0x12): sq_id = 20
[W : PPU[1] Thread (CPUThread)[0x0020a04c]]: sys_lwmutex warning: *** lwmutex created [] (attribute=0x12): sq_id = 21
[W : PPU[1] Thread (CPUThread)[0x0020a04c]]: sys_lwmutex warning: *** lwmutex created [] (attribute=0x12): sq_id = 22
[W : PPU[1] Thread (CPUThread)[0x0020a04c]]: sys_lwmutex warning: *** lwmutex created [] (attribute=0x12): sq_id = 23
[W : PPU[1] Thread (CPUThread)[0x0005f29c]]: sys_semaphore warning: sys_semaphore_create(sem_addr=0x19ff0c, attr_addr=0xd0010be0, initial_count=1, max_count=1)
[W : PPU[1] Thread (CPUThread)[0x000592e0]]: sys_semaphore warning: sys_semaphore_create(sem_addr=0x19ed10, attr_addr=0xd0010bb0, initial_count=1, max_count=1)
[W : PPU[1] Thread (CPUThread)[0x00059328]]: sys_semaphore warning: sys_semaphore_create(sem_addr=0x19ed24, attr_addr=0xd0010b90, initial_count=1, max_count=1)
[W : PPU[1] Thread (CPUThread)[0x00059378]]: sys_semaphore warning: sys_semaphore_create(sem_addr=0x19ed3c, attr_addr=0xd0010b70, initial_count=1, max_count=1)
[W : PPU[1] Thread (CPUThread)[0x000593c8]]: sys_semaphore warning: sys_semaphore_create(sem_addr=0x19ed5c, attr_addr=0xd0010b50, initial_count=1, max_count=1)
[W : PPU[1] Thread (CPUThread)[0x00054eb8]]: sys_semaphore warning: sys_semaphore_create(sem_addr=0x19ec78, attr_addr=0xd0010be0, initial_count=1, max_count=1)
[W : PPU[1] Thread (CPUThread)[0x0005e08c]]: sys_semaphore warning: sys_semaphore_create(sem_addr=0x301001f4, attr_addr=0xd000f930, initial_count=1, max_count=1)
[W : PPU[1] Thread (CPUThread)[0x00053a90]]: sys_semaphore warning: sys_semaphore_create(sem_addr=0x19ec7c, attr_addr=0xd000f9c8, initial_count=0, max_count=1)
[! : PPU[1] Thread (CPUThread)[0x0020a028]]: *** New PPU Thread [SysCacheInit] (): id = 32
[W : PPU[1] Thread (CPUThread)[0x00059b20]]: sys_semaphore warning: sys_semaphore_create(sem_addr=0x36f00258, attr_addr=0xd000f9c0, initial_count=1, max_count=1)
[W : PPU[1] Thread (CPUThread)[0x00055da8]]: sys_semaphore warning: sys_semaphore_create(sem_addr=0x36f002b0, attr_addr=0xd000f9d0, initial_count=1, max_count=1)
[W : PPU[1] Thread (CPUThread)[0x0020a04c]]: sys_lwmutex warning: *** lwmutex created [GsVramM] (attribute=0x22): sq_id = 35
[W : PPU[1] Thread (CPUThread)[0x001f8094]]: cellSysutil warning: cellSysutilRegisterCallback(slot=0, func_addr=0x161800, userdata=0x0)
[W : PPU[1] Thread (CPUThread)[0x0005bb8c]]: memory warning: sys_memory_get_user_memory_size(mem_info_addr=0xd000fae0)
[E : PPU[1] Thread (CPUThread)[0x001fc040]]: sys_fs error: "/dev_bdvd/PS3_GAME/USRDIR/KHLauncher/Launcher.mself" has unknown flags! flags: 0x00001000
[E : PPU[1] Thread (CPUThread)[0x001fc040]]: sys_fs error: "/dev_bdvd/PS3_GAME/USRDIR/KHLauncher/Days.mself" has unknown flags! flags: 0x00001000
[W : PPU[1] Thread (CPUThread)[0x001f8034]]: cellSysutil warning: cellSysutilGetSystemParamInt: CELL_SYSUTIL_SYSTEMPARAM_ID_LANG
[W : PPU[1] Thread (CPUThread)[0x0015f010]]: cellSysmodule warning: cellSysmoduleLoadModule(CELL_SYSMODULE_IO)
[W : PPU[1] Thread (CPUThread)[0x0015f010]]: cellSysmodule warning: cellSysmoduleLoadModule(CELL_SYSMODULE_GCM_SYS)
[W : PPU[1] Thread (CPUThread)[0x0015f010]]: cellSysmodule warning: cellSysmoduleLoadModule(CELL_SYSMODULE_RESC)
[W : PPU[1] Thread (CPUThread)[0x0015f010]]: cellSysmodule warning: cellSysmoduleLoadModule(CELL_SYSMODULE_FS)
[W : PPU[1] Thread (CPUThread)[0x0015f010]]: cellSysmodule warning: cellSysmoduleLoadModule(CELL_SYSMODULE_L10N)
[W : PPU[1] Thread (CPUThread)[0x0015f010]]: cellSysmodule warning: cellSysmoduleLoadModule(CELL_SYSMODULE_SYSUTIL_GAME)
[W : PPU[1] Thread (CPUThread)[0x0015f010]]: cellSysmodule warning: cellSysmoduleLoadModule(CELL_SYSMODULE_PAMF)
[W : PPU[1] Thread (CPUThread)[0x0015f010]]: cellSysmodule warning: cellSysmoduleLoadModule(CELL_SYSMODULE_SAIL)
[W : PPU[1] Thread (CPUThread)[0x00063af8]]: sysPrxForUser warning: sys_ppu_thread_set_priority(thread_id=1, prio=1001)
[W : PPU[1] Thread (CPUThread)[0x0015d0d0]]: cellGcmSys warning: cellGcmInitDefaultFifoMode(mode=1)
[W : PPU[1] Thread (CPUThread)[0x0015d010]]: cellGcmSys warning: cellGcmInit(context_addr=0x1a7e9c,cmdSize=0x100000,ioSize=0x600000,ioAddress=0x30200000)
[W : PPU[1] Thread (CPUThread)[0x0015d010]]: cellGcmSys warning: *** local memory(addr=0xc0000000, size=0xf900000)
[W : PPU[1] Thread (CPUThread)[0x0015d010]]: cellGcmSys warning: cellGcmMapEaIoAddress(ea=0x30200000, io=0x0, size=0x600000)
[! : RSXThread]: RSX thread entry
[W : PPU[1] Thread (CPUThread)[0x0015d004]]: cellGcmSys warning: cellGcmGetTiledPitchSize(size=3072)
[W : PPU[1] Thread (CPUThread)[0x001f8010]]: cellSysutil warning: cellVideoOutConfigure(videoOut=0, config_addr=0xd000f5d0, option_addr=0x0, waitForEvent=0x0)
[W : PPU[1] Thread (CPUThread)[0x00204040]]: cellResc warning: cellRescInit(initConfig_addr=0xd000f630)
[W : PPU[1] Thread (CPUThread)[0x0020401c]]: cellResc warning: cellRescSetDisplayMode(displayMode=1)
[W : PPU[1] Thread (CPUThread)[0x0020401c]]: cellSysutil warning: cellVideoOutConfigure(videoOut=0, config_addr=0x30016000, option_addr=0x0, waitForEvent=0x0)
[W : PPU[1] Thread (CPUThread)[0x0020401c]]: cellGcmSys warning: cellGcmSetFlipMode(mode=2)
[W : PPU[1] Thread (CPUThread)[0x0020404c]]: cellResc warning: cellRescGetBufferSize(colorBuffers_addr=0xd000f5f8, vertexArray_addr=0xd000f5fc, fragmentShader_addr=0xd000f600)
[W : PPU[1] Thread (CPUThread)[0x00204064]]: cellResc warning: cellRescSetBufferAddress(colorBuffers_addr=0xc0000000, vertexArray_addr=0xc0510000, fragmentShader_addr=0xc0510180)
[W : PPU[1] Thread (CPUThread)[0x00204064]]: cellGcmSys warning: cellGcmSetDisplayBuffer(id=0x0,offset=0x0,pitch=0,width=720,height=480)
[W : PPU[1] Thread (CPUThread)[0x00204064]]: cellGcmSys warning: cellGcmSetDisplayBuffer(id=0x1,offset=0x0,pitch=0,width=720,height=480)
[W : PPU[1] Thread (CPUThread)[0x0015d0c4]]: cellGcmSys warning: cellGcmSetTileInfo(index=0, location=0, offset=0, size=5308416, pitch=3072, comp=7, base=0, bank=0)
[E : PPU[1] Thread (CPUThread)[0x0015d0c4]]: cellGcmSys error: cellGcmSetTileInfo: bad comp! (7)
[W : PPU[1] Thread (CPUThread)[0x0015d040]]: cellGcmSys warning: cellGcmBindTile(index=0)
[W : PPU[1] Thread (CPUThread)[0x0015d004]]: cellGcmSys warning: cellGcmGetTiledPitchSize(size=3840)
[W : PPU[1] Thread (CPUThread)[0x0015d004]]: cellGcmSys warning: cellGcmGetTiledPitchSize(size=3840)
[W : PPU[1] Thread (CPUThread)[0x0015d0c4]]: cellGcmSys warning: cellGcmSetTileInfo(index=1, location=0, offset=5373952, size=6684672, pitch=3840, comp=0, base=0, bank=0)
[W : PPU[1] Thread (CPUThread)[0x0015d040]]: cellGcmSys warning: cellGcmBindTile(index=1)
[W : PPU[1] Thread (CPUThread)[0x0015d0c4]]: cellGcmSys warning: cellGcmSetTileInfo(index=2, location=0, offset=12058624, size=4456448, pitch=3840, comp=10, base=256, bank=3)
[E : PPU[1] Thread (CPUThread)[0x0015d0c4]]: cellGcmSys error: cellGcmSetTileInfo: bad comp! (10)
[W : PPU[1] Thread (CPUThread)[0x0015d040]]: cellGcmSys warning: cellGcmBindTile(index=2)
[W : PPU[1] Thread (CPUThread)[0x0015d088]]: cellGcmSys warning: TODO: cellGcmBindZcull(index=0)
[W : PPU[1] Thread (CPUThread)[0x00204058]]: cellGcmSys warning: cellGcmSetDisplayBuffer(id=0x0,offset=0x520000,pitch=4,width=960,height=540)
[W : PPU[1] Thread (CPUThread)[0x00204058]]: cellGcmSys warning: cellGcmSetDisplayBuffer(id=0x1,offset=0x73c000,pitch=4,width=960,height=540)
[W : PPU[1] Thread (CPUThread)[0x0005e51c]]: sys_semaphore warning: sys_semaphore_create(sem_addr=0x36f00304, attr_addr=0xd000f3e0, initial_count=1, max_count=1)
[W : PPU[1] Thread (CPUThread)[0x0005e51c]]: sys_semaphore warning: sys_semaphore_create(sem_addr=0x36f00324, attr_addr=0xd000f3e0, initial_count=1, max_count=1)
[W : PPU[1] Thread (CPUThread)[0x0005e51c]]: sys_semaphore warning: sys_semaphore_create(sem_addr=0x36f00344, attr_addr=0xd000f3e0, initial_count=1, max_count=1)
[E : PPU[1] Thread (CPUThread)[0x0020407c]]: TODO: cellRescSetVBlankHandler
[W : PPU[1] Thread (CPUThread)[0x0005ac20]]: sys_spu warning: sys_spu_initialize(max_usable_spu=6, max_raw_spu=0)
[W : PPU[1] Thread (CPUThread)[0x0015f010]]: cellSysmodule warning: cellSysmoduleLoadModule(CELL_SYSMODULE_FIBER)
[W : PPU[1] Thread (CPUThread)[0x0015f01c]]: cellSysmodule warning: cellSysmoduleIsLoaded(CELL_SYSMODULE_FIBER)
[E : PPU[1] Thread (CPUThread)[0x001fe004]]: TODO: _cellFiberPpuInitialize
[W : PPU[1] Thread (CPUThread)[0x00204034]]: cellResc warning: cellRescSetFlipHandler(handler_addr=0x1617f8)
[! : PPU[1] Thread (CPUThread)[0x0020a028]]: *** New PPU Thread [TrophyThread] (): id = 39
[W : PPU[1] Thread (CPUThread)[0x0005e204]]: sys_semaphore warning: sys_semaphore_create(sem_addr=0x36f00368, attr_addr=0xd000f538, initial_count=0, max_count=1)
[W : PPU[39] Thread (TrophyThread)[0x00206070]]: sceNpTrophy warning: sceNpTrophyCreateContext(context_addr=0x19fee0, commID_addr=0x1199e0, commSign_addr=0x1199ec, options=0x0)
[W : PPU[1] Thread (CPUThread)[0x00052ef8]]: sys_semaphore warning: sys_semaphore_create(sem_addr=0x36f005d0, attr_addr=0xd000f5b0, initial_count=1, max_count=1)
[! : PPU[1] Thread (CPUThread)[0x0020a028]]: *** New PPU Thread [Launcher Entry] (): id = 42
[W : PPU[39] Thread (TrophyThread)[0x00206010]]: sceNpTrophy warning: sceNpTrophyCreateHandle(handle_addr=0x19fee4)
[W : PPU[1] Thread (CPUThread)[0x0005e204]]: sys_semaphore warning: sys_semaphore_create(sem_addr=0x36f00600, attr_addr=0xd000f3c8, initial_count=0, max_count=1)
[W : PPU[39] Thread (TrophyThread)[0x0020601c]]: sceNpTrophy warning: sceNpTrophyGetRequiredDiskSpace(context=0, handle=0, reqspace_addr=0xd0040d00, options=0x0)
[! : PPU[1] Thread (CPUThread)[0x0020a028]]: *** New PPU Thread [Launcher Entry] (): id = 44
[W : PPU[39] Thread (TrophyThread)[0x00206004]]: sceNpTrophy warning: sceNpTrophyRegisterContext(context=0, handle=0, statusCb_addr=0x1618d0, arg_addr=0x0, options=0x0)
[W : PPU[1] Thread (CPUThread)[0x0005e204]]: sys_semaphore warning: sys_semaphore_create(sem_addr=0x36f006f0, attr_addr=0xd000f3c8, initial_count=0, max_count=1)
[! : PPU[1] Thread (CPUThread)[0x0020a028]]: *** New PPU Thread [Launcher Entry] (): id = 46
[W : PPU[1] Thread (CPUThread)[0x0005e204]]: sys_semaphore warning: sys_semaphore_create(sem_addr=0x36f007e0, attr_addr=0xd000f3c8, initial_count=0, max_count=1)
[! : PPU[1] Thread (CPUThread)[0x0020a028]]: *** New PPU Thread [Launcher Entry] (): id = 48
[W : PPU[1] Thread (CPUThread)[0x0005e204]]: sys_semaphore warning: sys_semaphore_create(sem_addr=0x36f008d0, attr_addr=0xd000f3c8, initial_count=0, max_count=1)
[! : PPU[1] Thread (CPUThread)[0x0020a028]]: *** New PPU Thread [Launcher Entry] (): id = 50
[W : PPU[1] Thread (CPUThread)[0x0005e204]]: sys_semaphore warning: sys_semaphore_create(sem_addr=0x36f009c0, attr_addr=0xd000f3c8, initial_count=0, max_count=1)
[! : PPU[1] Thread (CPUThread)[0x0020a028]]: *** New PPU Thread [Launcher Entry] (): id = 52
[W : PPU[1] Thread (CPUThread)[0x0005e204]]: sys_semaphore warning: sys_semaphore_create(sem_addr=0x36f00ab0, attr_addr=0xd000f3c8, initial_count=0, max_count=1)
[! : PPU[1] Thread (CPUThread)[0x0020a028]]: *** New PPU Thread [Launcher Entry] (): id = 54
[W : PPU[1] Thread (CPUThread)[0x0005e204]]: sys_semaphore warning: sys_semaphore_create(sem_addr=0x36f00ba0, attr_addr=0xd000f3c8, initial_count=0, max_count=1)
[! : PPU[1] Thread (CPUThread)[0x0020a028]]: *** New PPU Thread [Launcher Entry] (): id = 56
[W : PPU[1] Thread (CPUThread)[0x0005e204]]: sys_semaphore warning: sys_semaphore_create(sem_addr=0x36f00c90, attr_addr=0xd000f3c8, initial_count=0, max_count=1)
[! : PPU[1] Thread (CPUThread)[0x0020a028]]: *** New PPU Thread [Launcher Entry] (): id = 58
[W : PPU[1] Thread (CPUThread)[0x0005e204]]: sys_semaphore warning: sys_semaphore_create(sem_addr=0x36f00d80, attr_addr=0xd000f3c8, initial_count=0, max_count=1)
[! : PPU[1] Thread (CPUThread)[0x0020a028]]: *** New PPU Thread [Launcher Entry] (): id = 60
[W : PPU[1] Thread (CPUThread)[0x0005e204]]: sys_semaphore warning: sys_semaphore_create(sem_addr=0x36f00e70, attr_addr=0xd000f3c8, initial_count=0, max_count=1)
[! : PPU[1] Thread (CPUThread)[0x0020a028]]: *** New PPU Thread [Launcher Entry] (): id = 62
[W : PPU[1] Thread (CPUThread)[0x0005e204]]: sys_semaphore warning: sys_semaphore_create(sem_addr=0x36f00f60, attr_addr=0xd000f3c8, initial_count=0, max_count=1)
[! : PPU[1] Thread (CPUThread)[0x0020a028]]: *** New PPU Thread [Launcher Entry] (): id = 64
[W : PPU[1] Thread (CPUThread)[0x0005e204]]: sys_semaphore warning: sys_semaphore_create(sem_addr=0x36f01050, attr_addr=0xd000f3c8, initial_count=0, max_count=1)
[! : PPU[1] Thread (CPUThread)[0x0020a028]]: *** New PPU Thread [Launcher Entry] (): id = 66
[W : PPU[1] Thread (CPUThread)[0x0005e204]]: sys_semaphore warning: sys_semaphore_create(sem_addr=0x36f01140, attr_addr=0xd000f3c8, initial_count=0, max_count=1)
[W : PPU[39] Thread (TrophyThread)[0x00206004]]: vfsLocalFile::Create('F:\Ps3 game\dev_hdd0\home\00000001\trophy\NPWR04063_00\TROPCONF.SFM')
[W : PPU[39] Thread (TrophyThread)[0x00206004]]: vfsLocalFile::Create('F:\Ps3 game\dev_hdd0\home\00000001\trophy\NPWR04063_00\ICON0.PNG')
[! : PPU[1] Thread (CPUThread)[0x0020a028]]: *** New PPU Thread [Launcher Entry] (): id = 68
[W : PPU[1] Thread (CPUThread)[0x0005e204]]: sys_semaphore warning: sys_semaphore_create(sem_addr=0x36f01230, attr_addr=0xd000f3c8, initial_count=0, max_count=1)
[! : PPU[1] Thread (CPUThread)[0x0020a028]]: *** New PPU Thread [Launcher Entry] (): id = 70
[W : PPU[1] Thread (CPUThread)[0x0005e204]]: sys_semaphore warning: sys_semaphore_create(sem_addr=0x36f01320, attr_addr=0xd000f3c8, initial_count=0, max_count=1)
[! : PPU[1] Thread (CPUThread)[0x0020a028]]: *** New PPU Thread [Launcher Entry] (): id = 72
[W : PPU[1] Thread (CPUThread)[0x0005e204]]: sys_semaphore warning: sys_semaphore_create(sem_addr=0x36f01410, attr_addr=0xd000f3c8, initial_count=0, max_count=1)
[! : PPU[1] Thread (CPUThread)[0x0020a028]]: *** New PPU Thread [Launcher Entry] (): id = 74
[W : PPU[1] Thread (CPUThread)[0x0005e204]]: sys_semaphore warning: sys_semaphore_create(sem_addr=0x36f01500, attr_addr=0xd000f3c8, initial_count=0, max_count=1)
[! : PPU[1] Thread (CPUThread)[0x0020a028]]: *** New PPU Thread [Launcher Entry] (): id = 76
[W : PPU[1] Thread (CPUThread)[0x0005e204]]: sys_semaphore warning: sys_semaphore_create(sem_addr=0x36f015f0, attr_addr=0xd000f3c8, initial_count=0, max_count=1)
[W : PPU[39] Thread (TrophyThread)[0x00206004]]: vfsLocalFile::Create('F:\Ps3 game\dev_hdd0\home\00000001\trophy\NPWR04063_00\ICON0_00.PNG')
[! : PPU[1] Thread (CPUThread)[0x0020a028]]: *** New PPU Thread [Launcher Entry] (): id = 78
[W : PPU[1] Thread (CPUThread)[0x0005e204]]: sys_semaphore warning: sys_semaphore_create(sem_addr=0x36f016e0, attr_addr=0xd000f3c8, initial_count=0, max_count=1)
[! : PPU[1] Thread (CPUThread)[0x0020a028]]: *** New PPU Thread [Launcher Entry] (): id = 80
[W : PPU[1] Thread (CPUThread)[0x0005e204]]: sys_semaphore warning: sys_semaphore_create(sem_addr=0x36f017d0, attr_addr=0xd000f3c8, initial_count=0, max_count=1)
[W : PPU[1] Thread (CPUThread)[0x00054f74]]: sys_semaphore warning: sys_semaphore_create(sem_addr=0x36f01964, attr_addr=0xd000f630, initial_count=1, max_count=1)
[! : PPU[1] Thread (CPUThread)[0x0020a028]]: *** New PPU Thread [Launcher Entry] (): id = 83
[W : PPU[1] Thread (CPUThread)[0x0005e204]]: sys_semaphore warning: sys_semaphore_create(sem_addr=0x36f01a10, attr_addr=0xd000f3f8, initial_count=0, max_count=1)
[! : PPU[1] Thread (CPUThread)[0x0020a028]]: *** New PPU Thread [Launcher Entry] (): id = 85
[W : PPU[1] Thread (CPUThread)[0x0005e204]]: sys_semaphore warning: sys_semaphore_create(sem_addr=0x36f01b00, attr_addr=0xd000f3f8, initial_count=0, max_count=1)
[! : PPU[1] Thread (CPUThread)[0x0020a028]]: *** New PPU Thread [Launcher Entry] (): id = 87
[W : PPU[1] Thread (CPUThread)[0x0005e204]]: sys_semaphore warning: sys_semaphore_create(sem_addr=0x36f01bf0, attr_addr=0xd000f3f8, initial_count=0, max_count=1)
[! : PPU[1] Thread (CPUThread)[0x0020a028]]: *** New PPU Thread [Launcher Entry] (): id = 89
[W : PPU[1] Thread (CPUThread)[0x0005e204]]: sys_semaphore warning: sys_semaphore_create(sem_addr=0x36f01ce0, attr_addr=0xd000f3f8, initial_count=0, max_count=1)
[! : PPU[1] Thread (CPUThread)[0x0020a028]]: *** New PPU Thread [Launcher Entry] (): id = 91
[W : PPU[1] Thread (CPUThread)[0x0005e204]]: sys_semaphore warning: sys_semaphore_create(sem_addr=0x36f01dd0, attr_addr=0xd000f3f8, initial_count=0, max_count=1)
[W : PPU[39] Thread (TrophyThread)[0x00206004]]: vfsLocalFile::Create('F:\Ps3 game\dev_hdd0\home\00000001\trophy\NPWR04063_00\ICON0_02.PNG')
[W : PPU[39] Thread (TrophyThread)[0x00206004]]: vfsLocalFile::Create('F:\Ps3 game\dev_hdd0\home\00000001\trophy\NPWR04063_00\ICON0_03.PNG')
[W : PPU[39] Thread (TrophyThread)[0x00206004]]: vfsLocalFile::Create('F:\Ps3 game\dev_hdd0\home\00000001\trophy\NPWR04063_00\ICON0_04.PNG')
[W : PPU[39] Thread (TrophyThread)[0x00206004]]: vfsLocalFile::Create('F:\Ps3 game\dev_hdd0\home\00000001\trophy\NPWR04063_00\ICON0_05.PNG')
[W : PPU[39] Thread (TrophyThread)[0x00206004]]: vfsLocalFile::Create('F:\Ps3 game\dev_hdd0\home\00000001\trophy\NPWR04063_00\ICON0_18.PNG')
[W : PPU[39] Thread (TrophyThread)[0x00206004]]: vfsLocalFile::Create('F:\Ps3 game\dev_hdd0\home\00000001\trophy\NPWR04063_00\TROP000.PNG')
[W : PPU[39] Thread (TrophyThread)[0x00206004]]: vfsLocalFile::Create('F:\Ps3 game\dev_hdd0\home\00000001\trophy\NPWR04063_00\TROP001.PNG')
[W : PPU[39] Thread (TrophyThread)[0x00206004]]: vfsLocalFile::Create('F:\Ps3 game\dev_hdd0\home\00000001\trophy\NPWR04063_00\TROP002.PNG')
[W : PPU[39] Thread (TrophyThread)[0x00206004]]: vfsLocalFile::Create('F:\Ps3 game\dev_hdd0\home\00000001\trophy\NPWR04063_00\TROP003.PNG')
[W : PPU[39] Thread (TrophyThread)[0x00206004]]: vfsLocalFile::Create('F:\Ps3 game\dev_hdd0\home\00000001\trophy\NPWR04063_00\TROP004.PNG')
[W : PPU[39] Thread (TrophyThread)[0x00206004]]: vfsLocalFile::Create('F:\Ps3 game\dev_hdd0\home\00000001\trophy\NPWR04063_00\TROP005.PNG')
[W : PPU[39] Thread (TrophyThread)[0x00206004]]: vfsLocalFile::Create('F:\Ps3 game\dev_hdd0\home\00000001\trophy\NPWR04063_00\TROP006.PNG')
[W : PPU[39] Thread (TrophyThread)[0x00206004]]: vfsLocalFile::Create('F:\Ps3 game\dev_hdd0\home\00000001\trophy\NPWR04063_00\TROP007.PNG')
[W : PPU[39] Thread (TrophyThread)[0x00206004]]: vfsLocalFile::Create('F:\Ps3 game\dev_hdd0\home\00000001\trophy\NPWR04063_00\TROP008.PNG')
[W : PPU[39] Thread (TrophyThread)[0x00206004]]: vfsLocalFile::Create('F:\Ps3 game\dev_hdd0\home\00000001\trophy\NPWR04063_00\TROP009.PNG')
[W : PPU[39] Thread (TrophyThread)[0x00206004]]: vfsLocalFile::Create('F:\Ps3 game\dev_hdd0\home\00000001\trophy\NPWR04063_00\TROP010.PNG')
[W : PPU[39] Thread (TrophyThread)[0x00206004]]: vfsLocalFile::Create('F:\Ps3 game\dev_hdd0\home\00000001\trophy\NPWR04063_00\TROP011.PNG')
[W : PPU[39] Thread (TrophyThread)[0x00206004]]: vfsLocalFile::Create('F:\Ps3 game\dev_hdd0\home\00000001\trophy\NPWR04063_00\TROP012.PNG')
[W : PPU[39] Thread (TrophyThread)[0x00206004]]: vfsLocalFile::Create('F:\Ps3 game\dev_hdd0\home\00000001\trophy\NPWR04063_00\TROP013.PNG')
[W : PPU[39] Thread (TrophyThread)[0x00206004]]: vfsLocalFile::Create('F:\Ps3 game\dev_hdd0\home\00000001\trophy\NPWR04063_00\TROP014.PNG')
[W : PPU[39] Thread (TrophyThread)[0x00206004]]: vfsLocalFile::Create('F:\Ps3 game\dev_hdd0\home\00000001\trophy\NPWR04063_00\TROP015.PNG')
[W : PPU[39] Thread (TrophyThread)[0x00206004]]: vfsLocalFile::Create('F:\Ps3 game\dev_hdd0\home\00000001\trophy\NPWR04063_00\TROP016.PNG')
[W : PPU[39] Thread (TrophyThread)[0x00206004]]: vfsLocalFile::Create('F:\Ps3 game\dev_hdd0\home\00000001\trophy\NPWR04063_00\TROP017.PNG')
[W : PPU[39] Thread (TrophyThread)[0x00206004]]: vfsLocalFile::Create('F:\Ps3 game\dev_hdd0\home\00000001\trophy\NPWR04063_00\TROP018.PNG')
[W : PPU[39] Thread (TrophyThread)[0x00206004]]: vfsLocalFile::Create('F:\Ps3 game\dev_hdd0\home\00000001\trophy\NPWR04063_00\TROP019.PNG')
[W : PPU[39] Thread (TrophyThread)[0x00206004]]: vfsLocalFile::Create('F:\Ps3 game\dev_hdd0\home\00000001\trophy\NPWR04063_00\TROP020.PNG')
[W : PPU[39] Thread (TrophyThread)[0x00206004]]: vfsLocalFile::Create('F:\Ps3 game\dev_hdd0\home\00000001\trophy\NPWR04063_00\TROP021.PNG')
[W : PPU[39] Thread (TrophyThread)[0x00206004]]: vfsLocalFile::Create('F:\Ps3 game\dev_hdd0\home\00000001\trophy\NPWR04063_00\TROP022.PNG')
[W : PPU[39] Thread (TrophyThread)[0x00206004]]: vfsLocalFile::Create('F:\Ps3 game\dev_hdd0\home\00000001\trophy\NPWR04063_00\TROP023.PNG')
[W : PPU[39] Thread (TrophyThread)[0x00206004]]: vfsLocalFile::Create('F:\Ps3 game\dev_hdd0\home\00000001\trophy\NPWR04063_00\TROP024.PNG')
[W : PPU[39] Thread (TrophyThread)[0x00206004]]: vfsLocalFile::Create('F:\Ps3 game\dev_hdd0\home\00000001\trophy\NPWR04063_00\TROP025.PNG')
[W : PPU[39] Thread (TrophyThread)[0x00206004]]: vfsLocalFile::Create('F:\Ps3 game\dev_hdd0\home\00000001\trophy\NPWR04063_00\TROP026.PNG')
[W : PPU[39] Thread (TrophyThread)[0x00206004]]: vfsLocalFile::Create('F:\Ps3 game\dev_hdd0\home\00000001\trophy\NPWR04063_00\TROP027.PNG')
[W : PPU[39] Thread (TrophyThread)[0x00206004]]: vfsLocalFile::Create('F:\Ps3 game\dev_hdd0\home\00000001\trophy\NPWR04063_00\TROP028.PNG')
[W : PPU[39] Thread (TrophyThread)[0x00206004]]: vfsLocalFile::Create('F:\Ps3 game\dev_hdd0\home\00000001\trophy\NPWR04063_00\TROP029.PNG')
[W : PPU[39] Thread (TrophyThread)[0x00206004]]: vfsLocalFile::Create('F:\Ps3 game\dev_hdd0\home\00000001\trophy\NPWR04063_00\TROP030.PNG')
[W : PPU[39] Thread (TrophyThread)[0x00206004]]: vfsLocalFile::Create('F:\Ps3 game\dev_hdd0\home\00000001\trophy\NPWR04063_00\TROP031.PNG')
[W : PPU[39] Thread (TrophyThread)[0x00206004]]: vfsLocalFile::Create('F:\Ps3 game\dev_hdd0\home\00000001\trophy\NPWR04063_00\TROP032.PNG')
[W : PPU[39] Thread (TrophyThread)[0x00206004]]: vfsLocalFile::Create('F:\Ps3 game\dev_hdd0\home\00000001\trophy\NPWR04063_00\TROP033.PNG')
[W : PPU[39] Thread (TrophyThread)[0x00206004]]: vfsLocalFile::Create('F:\Ps3 game\dev_hdd0\home\00000001\trophy\NPWR04063_00\TROP034.PNG')
[W : PPU[39] Thread (TrophyThread)[0x00206004]]: vfsLocalFile::Create('F:\Ps3 game\dev_hdd0\home\00000001\trophy\NPWR04063_00\TROP035.PNG')
[W : PPU[39] Thread (TrophyThread)[0x00206004]]: vfsLocalFile::Create('F:\Ps3 game\dev_hdd0\home\00000001\trophy\NPWR04063_00\TROP036.PNG')
[W : PPU[39] Thread (TrophyThread)[0x00206004]]: vfsLocalFile::Create('F:\Ps3 game\dev_hdd0\home\00000001\trophy\NPWR04063_00\TROP037.PNG')
[W : PPU[39] Thread (TrophyThread)[0x00206004]]: vfsLocalFile::Create('F:\Ps3 game\dev_hdd0\home\00000001\trophy\NPWR04063_00\TROP038.PNG')
[W : PPU[39] Thread (TrophyThread)[0x00206004]]: vfsLocalFile::Create('F:\Ps3 game\dev_hdd0\home\00000001\trophy\NPWR04063_00\TROP039.PNG')
[W : PPU[39] Thread (TrophyThread)[0x00206004]]: vfsLocalFile::Create('F:\Ps3 game\dev_hdd0\home\00000001\trophy\NPWR04063_00\TROP040.PNG')
[W : PPU[39] Thread (TrophyThread)[0x00206004]]: vfsLocalFile::Create('F:\Ps3 game\dev_hdd0\home\00000001\trophy\NPWR04063_00\TROP041.PNG')
[W : PPU[39] Thread (TrophyThread)[0x00206004]]: vfsLocalFile::Create('F:\Ps3 game\dev_hdd0\home\00000001\trophy\NPWR04063_00\TROP042.PNG')
[W : PPU[39] Thread (TrophyThread)[0x00206004]]: vfsLocalFile::Create('F:\Ps3 game\dev_hdd0\home\00000001\trophy\NPWR04063_00\TROP043.PNG')
[W : PPU[39] Thread (TrophyThread)[0x00206004]]: vfsLocalFile::Create('F:\Ps3 game\dev_hdd0\home\00000001\trophy\NPWR04063_00\TROP044.PNG')
[W : PPU[39] Thread (TrophyThread)[0x00206004]]: vfsLocalFile::Create('F:\Ps3 game\dev_hdd0\home\00000001\trophy\NPWR04063_00\TROP045.PNG')
[W : PPU[39] Thread (TrophyThread)[0x00206004]]: vfsLocalFile::Create('F:\Ps3 game\dev_hdd0\home\00000001\trophy\NPWR04063_00\TROP046.PNG')
[W : PPU[39] Thread (TrophyThread)[0x00206004]]: vfsLocalFile::Create('F:\Ps3 game\dev_hdd0\home\00000001\trophy\NPWR04063_00\TROP047.PNG')
[W : PPU[39] Thread (TrophyThread)[0x00206004]]: vfsLocalFile::Create('F:\Ps3 game\dev_hdd0\home\00000001\trophy\NPWR04063_00\TROP048.PNG')
[W : PPU[39] Thread (TrophyThread)[0x00206004]]: vfsLocalFile::Create('F:\Ps3 game\dev_hdd0\home\00000001\trophy\NPWR04063_00\TROP049.PNG')
[W : PPU[39] Thread (TrophyThread)[0x00206004]]: vfsLocalFile::Create('F:\Ps3 game\dev_hdd0\home\00000001\trophy\NPWR04063_00\TROP050.PNG')
[W : PPU[39] Thread (TrophyThread)[0x00206004]]: vfsLocalFile::Create('F:\Ps3 game\dev_hdd0\home\00000001\trophy\NPWR04063_00\TROP051.PNG')
[W : PPU[39] Thread (TrophyThread)[0x00206004]]: vfsLocalFile::Create('F:\Ps3 game\dev_hdd0\home\00000001\trophy\NPWR04063_00\TROP052.PNG')
[W : PPU[39] Thread (TrophyThread)[0x00206004]]: vfsLocalFile::Create('F:\Ps3 game\dev_hdd0\home\00000001\trophy\NPWR04063_00\TROP053.PNG')
[W : PPU[39] Thread (TrophyThread)[0x00206004]]: vfsLocalFile::Create('F:\Ps3 game\dev_hdd0\home\00000001\trophy\NPWR04063_00\TROP054.PNG')
[W : PPU[39] Thread (TrophyThread)[0x00206004]]: vfsLocalFile::Create('F:\Ps3 game\dev_hdd0\home\00000001\trophy\NPWR04063_00\TROP055.PNG')
[W : PPU[39] Thread (TrophyThread)[0x00206004]]: vfsLocalFile::Create('F:\Ps3 game\dev_hdd0\home\00000001\trophy\NPWR04063_00\TROPUSR.DAT')
[! : RSXThread]: RSX thread exit...
[!]: Closing memory...
