[!]: Initing memory...
[!]: Memory initialized.
[W]: Unknown function 0x967a162b in 'sys_fs' module
[E]: TODO: cellFsFsync
[W]: Unknown function 0x20543730 in 'cellSysutil' module
[E]: TODO: cellMsgDialogClose
[W]: Unknown function 0x21425307 in 'cellSysutil' module
[E]: TODO: cellSaveDataListAutoLoad
[W]: Unknown function 0x62b0f803 in 'cellSysutil' module
[E]: TODO: cellMsgDialogAbort
[W]: Unknown function 0x8b7ed64b in 'cellSysutil' module
[E]: TODO: cellSaveDataAutoSave2
[W]: Unknown function 0x94862702 in 'cellSysutil' module
[E]: TODO: cellMsgDialogProgressBarInc
[W]: Unknown function 0x9d6af72a in 'cellSysutil' module
[E]: TODO: cellMsgDialogProgressBarSetMsg
[W]: Unknown function 0xa36335a5 in 'cellSysutil' module
[E]: TODO: cellSysutilDisableBgmPlaybackEx
[W]: Unknown function 0xedadd797 in 'cellSysutil' module
[E]: TODO: cellSaveDataDelete2
[W]: Unknown module 'cellSearchUtility'
[W]: Unknown function 0x66f5e388 in 'cellResc' module
[E]: TODO: cellRescGetLastFlipTime
[W]: Unknown function 0xd3758645 in 'cellResc' module
[E]: TODO: cellRescSetVBlankHandler
[W]: Unknown function 0xe0cef79e in 'cellResc' module
[E]: TODO: cellRescCreateInterlaceTable
[W]: Unknown function 0x63387071 in 'cellGcmSys' module
[E]: TODO: cellGcmGetLastFlipTime
[W]: Unknown function 0x99d397ac in 'cellGcmSys' module
[E]: TODO: cellGcmGetReport
[W]: Unknown function 0xa6b180ac in 'cellGcmSys' module
[E]: TODO: cellGcmGetReportDataLocation
[W]: Unknown function 0xd01b570d in 'cellGcmSys' module
[E]: TODO: cellGcmSetGraphicsHandler
[W]: Unknown function 0x1906ce6b in 'cellL10n' module
[E]: TODO: jstrnchk
[W]: Unknown function 0x24fd32a9 in 'cellL10n' module
[E]: TODO: sjishan2zen
[W]: Unknown function 0x6122e000 in 'cellL10n' module
[E]: TODO: SJIStoUTF8
[W]: Unknown function 0xeb3dc670 in 'cellL10n' module
[E]: TODO: UTF8toSJIS
[W]: Unknown function 0xf7681b9a in 'cellL10n' module
[E]: TODO: UTF8stoUTF16s
[W]: Unknown module 'sceNpCommerce2'
[W]: Unknown module 'cellHttp'
[W]: Unknown function 0x1650aea4 in 'cellSsl' module
[E]: TODO: cellSslEnd
[W]: Unknown function 0x571afaca in 'cellSsl' module
[E]: TODO: cellSslCertificateLoader
[W]: Unknown function 0xfb02c9d2 in 'cellSsl' module
[E]: TODO: cellSslInit
[W]: Unknown function 0x52a6b523 in 'sceNp' module
[E]: TODO: sceNpManagerUnregisterCallback
[W]: Unknown function 0x6ee62ed2 in 'sceNp' module
[E]: TODO: sceNpManagerGetContentRatingFlag
[W]: Unknown function 0x8297f1ec in 'sceNp' module
[E]: TODO: sceNpManagerRequestTicket2
[W]: Unknown function 0xa1709abd in 'sceNp' module
[E]: TODO: sceNpManagerGetEntitlementById
[W]: Unknown function 0xe7dcd3b4 in 'sceNp' module
[E]: TODO: sceNpManagerRegisterCallback
[W]: Unknown function 0xfe37a7f4 in 'sceNp' module
[E]: TODO: sceNpManagerGetNpId
[W]: Unknown module 'sceNpTus'
[W]: Unknown function 0x41251f74 in 'sceNp2' module
[E]: TODO: sceNp2Init
[W]: Unknown function 0xaadb7c12 in 'sceNp2' module
[E]: TODO: sceNp2Term
[W]: Unknown function 0x16394a4e in 'cellSpurs' module
[E]: TODO: _cellSpursTasksetAttributeInitialize
[W]: Unknown function 0x1d46fedf in 'cellSpurs' module
[E]: TODO: cellSpursCreateTaskWithAttribute
[W]: Unknown function 0x5ef96465 in 'cellSpurs' module
[E]: TODO: _cellSpursEventFlagInitialize
[W]: Unknown function 0x652b70e2 in 'cellSpurs' module
[E]: TODO: cellSpursTasksetAttributeSetName
[W]: Unknown function 0xb8474eff in 'cellSpurs' module
[E]: TODO: _cellSpursTaskAttributeInitialize
[W]: Unknown function 0xc10931cb in 'cellSpurs' module
[E]: TODO: cellSpursCreateTasksetWithAttribute
[W]: Unknown function 0xf5507729 in 'cellSpurs' module
[E]: TODO: cellSpursEventFlagSet
[W]: Unknown module 'cellMusicDecodeUtility'
[W]: Unknown function 0x43ddab4f in 'cellSpursJq' module
[E]: TODO: cellSpursJobQueueAttributeInitialize
[W]: Unknown function 0x8c97a96c in 'cellSpursJq' module
[E]: TODO: cellSpursShutdownJobQueue
[W]: Unknown function 0x8ce4cffa in 'cellSpursJq' module
[E]: TODO: cellSpursJoinJobQueue
[W]: Unknown function 0x983be7fc in 'cellSpursJq' module
[E]: TODO: _cellSpursCreateJobQueueWithJobDescriptorPool
[W]: Unknown function 0xc39173a4 in 'cellSpursJq' module
[E]: TODO: _cellSpursJobQueuePort2CopyPushJobBody
[W]: Unknown function 0xc485d207 in 'cellSpursJq' module
[E]: TODO: cellSpursJobQueuePort2Destroy
[W]: Unknown function 0xcf89f218 in 'cellSpursJq' module
[E]: TODO: _cellSpursJobQueuePort2PushJobBody
[W]: Unknown function 0xf11fe0f1 in 'cellSpursJq' module
[E]: TODO: cellSpursJobQueuePort2Create
[W]: Unknown function 0xfacb3ced in 'cellSpursJq' module
[E]: TODO: cellSpursJobQueuePort2Sync
[W]: Unknown function 0x3929948d in 'cellSync' module
[E]: TODO: cellSyncQueueInitialize
[W]: Unknown function 0x4da349b2 in 'cellSync' module
[E]: TODO: cellSyncQueueSize
[W]: Unknown function 0x4da6d7e0 in 'cellSync' module
[E]: TODO: cellSyncQueuePop
[W]: Unknown function 0xa5362e73 in 'cellSync' module
[E]: TODO: cellSyncQueueClear
[S]: Game: boot done.
[W : PPU[1] Thread (CPUThread)[0x00c2804c]]: sys_lwmutex warning: *** lwmutex created [_lc_mtx] (attribute=0x12): sq_id = 3
[W : PPU[1] Thread (CPUThread)[0x00562bbc]]: memory warning: sys_memory_get_user_memory_size(mem_info_addr=0xd0010c04)
[W : PPU[1] Thread (CPUThread)[0x00c2804c]]: sys_lwmutex warning: *** lwmutex created [_lc_mtx] (attribute=0x12): sq_id = 4
[W : PPU[1] Thread (CPUThread)[0x00c2804c]]: sys_lwmutex warning: *** lwmutex created [_lc_mtx] (attribute=0x12): sq_id = 5
[W : PPU[1] Thread (CPUThread)[0x00c2804c]]: sys_lwmutex warning: *** lwmutex created [_lc_mtx] (attribute=0x12): sq_id = 6
[W : PPU[1] Thread (CPUThread)[0x00c2804c]]: sys_lwmutex warning: *** lwmutex created [_lc_mtx] (attribute=0x12): sq_id = 7
[W : PPU[1] Thread (CPUThread)[0x00c2804c]]: sys_lwmutex warning: *** lwmutex created [_lc_mtx] (attribute=0x12): sq_id = 8
[W : PPU[1] Thread (CPUThread)[0x00c2804c]]: sys_lwmutex warning: *** lwmutex created [_lc_mtx] (attribute=0x12): sq_id = 9
[W : PPU[1] Thread (CPUThread)[0x00c2804c]]: sys_lwmutex warning: *** lwmutex created [_lc_mtx] (attribute=0x12): sq_id = 10
[W : PPU[1] Thread (CPUThread)[0x00c2804c]]: sys_lwmutex warning: *** lwmutex created [_lc_mtx] (attribute=0x12): sq_id = 11
[W : PPU[1] Thread (CPUThread)[0x00c2804c]]: sys_lwmutex warning: *** lwmutex created [_lc_mtx] (attribute=0x12): sq_id = 12
[W : PPU[1] Thread (CPUThread)[0x00c2804c]]: sys_lwmutex warning: *** lwmutex created [_lgcmtx] (attribute=0x12): sq_id = 13
[W : PPU[1] Thread (CPUThread)[0x00c2804c]]: sys_lwmutex warning: *** lwmutex created [_lgcmtx] (attribute=0x12): sq_id = 14
[W : PPU[1] Thread (CPUThread)[0x00c2804c]]: sys_lwmutex warning: *** lwmutex created [_lgcmtx] (attribute=0x22): sq_id = 15
[W : PPU[1] Thread (CPUThread)[0x00c2804c]]: sys_lwmutex warning: *** lwmutex created [_lc_mtx] (attribute=0x12): sq_id = 16
[W : PPU[1] Thread (CPUThread)[0x00c2804c]]: sys_lwmutex warning: *** lwmutex created [_lc_mtx] (attribute=0x12): sq_id = 17
[W : PPU[1] Thread (CPUThread)[0x00c2804c]]: sys_lwmutex warning: *** lwmutex created [_lc_mtx] (attribute=0x12): sq_id = 18
[W : PPU[1] Thread (CPUThread)[0x00c2804c]]: sys_lwmutex warning: *** lwmutex created [_lc_mtx] (attribute=0x12): sq_id = 19
[W : PPU[1] Thread (CPUThread)[0x00c2804c]]: sys_lwmutex warning: *** lwmutex created [_lc_mtx] (attribute=0x12): sq_id = 20
[W : PPU[1] Thread (CPUThread)[0x00c2804c]]: sys_lwmutex warning: *** lwmutex created [_lc_mtx] (attribute=0x12): sq_id = 21
[W : PPU[1] Thread (CPUThread)[0x00c2804c]]: sys_lwmutex warning: *** lwmutex created [_lc_mtx] (attribute=0x12): sq_id = 22
[W : PPU[1] Thread (CPUThread)[0x00c2804c]]: sys_lwmutex warning: *** lwmutex created [_lc_mtx] (attribute=0x12): sq_id = 23
[W : PPU[1] Thread (CPUThread)[0x00c2804c]]: sys_lwmutex warning: *** lwmutex created [_lc_mtx] (attribute=0x12): sq_id = 24
[W : PPU[1] Thread (CPUThread)[0x00c2804c]]: sys_lwmutex warning: *** lwmutex created [_lc_mtx] (attribute=0x12): sq_id = 25
[W : PPU[1] Thread (CPUThread)[0x00c2804c]]: sys_lwmutex warning: *** lwmutex created [_lc_mtx] (attribute=0x12): sq_id = 26
[W : PPU[1] Thread (CPUThread)[0x00c2804c]]: sys_lwmutex warning: *** lwmutex created [_lc_mtx] (attribute=0x12): sq_id = 27
[W : PPU[1] Thread (CPUThread)[0x00c06010]]: cellSysmodule warning: cellSysmoduleLoadModule(CELL_SYSMODULE_SYSUTIL_GAME)
[W : PPU[1] Thread (CPUThread)[0x00c00040]]: cellGame warning: cellGameBootCheck(type_addr=0xd0010b04, attributes_addr=0xd0010b00, size_addr=0xd0010b08, dirName_addr=0xd0010b18)
[W : PPU[1] Thread (CPUThread)[0x00c00010]]: cellGame warning: cellGameContentPermit(contentInfoPath_addr=0xd0010b38, usrdirPath_addr=0xd0010bb8)
[W : PPU[1] Thread (CPUThread)[0x00c06004]]: cellSysmodule warning: cellSysmoduleUnloadModule(CELL_SYSMODULE_SYSUTIL_GAME)
[W : PPU[1] Thread (CPUThread)[0x00c06010]]: cellSysmodule warning: cellSysmoduleLoadModule(CELL_SYSMODULE_SYSUTIL_GAME)
[E : PPU[1] Thread (CPUThread)[0x00c00034]]: cellGame error: Unimplemented function: cellGameDataCheck
[W : PPU[1] Thread (CPUThread)[0x00c00010]]: cellGame warning: cellGameContentPermit(contentInfoPath_addr=0xd0010b30, usrdirPath_addr=0xd0010bb0)
[W : PPU[1] Thread (CPUThread)[0x00c06004]]: cellSysmodule warning: cellSysmoduleUnloadModule(CELL_SYSMODULE_SYSUTIL_GAME)
[W : PPU[1] Thread (CPUThread)[0x00c06010]]: cellSysmodule warning: cellSysmoduleLoadModule(CELL_SYSMODULE_FS)
[W : PPU[1] Thread (CPUThread)[0x00c06010]]: cellSysmodule warning: cellSysmoduleLoadModule(CELL_SYSMODULE_GCM_SYS)
[W : PPU[1] Thread (CPUThread)[0x00c06010]]: cellSysmodule warning: cellSysmoduleLoadModule(CELL_SYSMODULE_RESC)
[W : PPU[1] Thread (CPUThread)[0x00c06010]]: cellSysmodule warning: cellSysmoduleLoadModule(CELL_SYSMODULE_L10N)
[W : PPU[1] Thread (CPUThread)[0x0078f0c4]]: cellSysutil warning: cellSysutilRegisterCallback(slot=0, func_addr=0x7a0e08, userdata=0x0)
[W : PPU[1] Thread (CPUThread)[0x00015af8]]: sys_spu warning: sys_spu_initialize(max_usable_spu=6, max_raw_spu=1)
[W : PPU[1] Thread (CPUThread)[0x00c2804c]]: sys_lwmutex warning: *** lwmutex created [SrFile] (attribute=0x22): sq_id = 28
[W : PPU[1] Thread (CPUThread)[0x00c2804c]]: sys_lwmutex warning: *** lwmutex created [] (attribute=0x12): sq_id = 29
[W : PPU[1] Thread (CPUThread)[0x00c2804c]]: sys_lwmutex warning: *** lwmutex created [] (attribute=0x12): sq_id = 30
[W : PPU[1] Thread (CPUThread)[0x00c280b8]]: sys_lwcond warning: Recursive lwmutex(sq=30)
[W : PPU[1] Thread (CPUThread)[0x00c280b8]]: sys_lwcond warning: *** lwcond created [] (lwmutex_addr=0xbb9438): id = 31
[! : PPU[1] Thread (CPUThread)[0x00c28028]]: *** New PPU Thread [CRI FS File Access 0] (): id = 32
[W : PPU[1] Thread (CPUThread)[0x00458c40]]: sysPrxForUser warning: sys_ppu_thread_set_priority(thread_id=32, prio=900)
[W : PPU[1] Thread (CPUThread)[0x00c2804c]]: sys_lwmutex warning: *** lwmutex created [] (attribute=0x12): sq_id = 33
[W : PPU[1] Thread (CPUThread)[0x00c2804c]]: sys_lwmutex warning: *** lwmutex created [] (attribute=0x12): sq_id = 34
[W : PPU[1] Thread (CPUThread)[0x00c280b8]]: sys_lwcond warning: Recursive lwmutex(sq=34)
[W : PPU[1] Thread (CPUThread)[0x00c280b8]]: sys_lwcond warning: *** lwcond created [] (lwmutex_addr=0xbba200): id = 35
[! : PPU[1] Thread (CPUThread)[0x00c28028]]: *** New PPU Thread [CRI FS Memory File System] (): id = 36
[W : PPU[1] Thread (CPUThread)[0x00458c40]]: sysPrxForUser warning: sys_ppu_thread_set_priority(thread_id=36, prio=1100)
[W : PPU[1] Thread (CPUThread)[0x00c2804c]]: sys_lwmutex warning: *** lwmutex created [] (attribute=0x12): sq_id = 37
[W : PPU[1] Thread (CPUThread)[0x00c2804c]]: sys_lwmutex warning: *** lwmutex created [] (attribute=0x12): sq_id = 38
[W : PPU[1] Thread (CPUThread)[0x00c280b8]]: sys_lwcond warning: Recursive lwmutex(sq=38)
[W : PPU[1] Thread (CPUThread)[0x00c280b8]]: sys_lwcond warning: *** lwcond created [] (lwmutex_addr=0xbb9630): id = 39
[! : PPU[1] Thread (CPUThread)[0x00c28028]]: *** New PPU Thread [CRI FS File Access 1] (): id = 40
[W : PPU[1] Thread (CPUThread)[0x00458c40]]: sysPrxForUser warning: sys_ppu_thread_set_priority(thread_id=40, prio=900)
[W : PPU[1] Thread (CPUThread)[0x00c2804c]]: sys_lwmutex warning: *** lwmutex created [] (attribute=0x12): sq_id = 41
[W : PPU[1] Thread (CPUThread)[0x00c2804c]]: sys_lwmutex warning: *** lwmutex created [] (attribute=0x12): sq_id = 42
[W : PPU[1] Thread (CPUThread)[0x00c280b8]]: sys_lwcond warning: Recursive lwmutex(sq=42)
[W : PPU[1] Thread (CPUThread)[0x00c280b8]]: sys_lwcond warning: *** lwcond created [] (lwmutex_addr=0xbb9828): id = 43
[! : PPU[1] Thread (CPUThread)[0x00c28028]]: *** New PPU Thread [CRI FS File Access 2] (): id = 44
[W : PPU[1] Thread (CPUThread)[0x00458c40]]: sysPrxForUser warning: sys_ppu_thread_set_priority(thread_id=44, prio=900)
[W : PPU[1] Thread (CPUThread)[0x00c2804c]]: sys_lwmutex warning: *** lwmutex created [] (attribute=0x12): sq_id = 45
[W : PPU[1] Thread (CPUThread)[0x00c2804c]]: sys_lwmutex warning: *** lwmutex created [] (attribute=0x12): sq_id = 46
[W : PPU[1] Thread (CPUThread)[0x00c280b8]]: sys_lwcond warning: Recursive lwmutex(sq=46)
[W : PPU[1] Thread (CPUThread)[0x00c280b8]]: sys_lwcond warning: *** lwcond created [] (lwmutex_addr=0xbb9a20): id = 47
[! : PPU[1] Thread (CPUThread)[0x00c28028]]: *** New PPU Thread [CRI FS File Access 3] (): id = 48
[W : PPU[1] Thread (CPUThread)[0x00458c40]]: sysPrxForUser warning: sys_ppu_thread_set_priority(thread_id=48, prio=900)
[W : PPU[1] Thread (CPUThread)[0x00c2804c]]: sys_lwmutex warning: *** lwmutex created [] (attribute=0x12): sq_id = 49
[W : PPU[1] Thread (CPUThread)[0x00c2804c]]: sys_lwmutex warning: *** lwmutex created [] (attribute=0x12): sq_id = 50
[W : PPU[1] Thread (CPUThread)[0x00c280b8]]: sys_lwcond warning: Recursive lwmutex(sq=50)
[W : PPU[1] Thread (CPUThread)[0x00c280b8]]: sys_lwcond warning: *** lwcond created [] (lwmutex_addr=0xbb90e8): id = 51
[! : PPU[1] Thread (CPUThread)[0x00c28028]]: *** New PPU Thread [CRI FS Data Decompression 0] (): id = 52
[W : PPU[1] Thread (CPUThread)[0x00458c40]]: sysPrxForUser warning: sys_ppu_thread_set_priority(thread_id=52, prio=1100)
[W : PPU[1] Thread (CPUThread)[0x00c2804c]]: sys_lwmutex warning: *** lwmutex created [] (attribute=0x12): sq_id = 53
[W : PPU[1] Thread (CPUThread)[0x00c2804c]]: sys_lwmutex warning: *** lwmutex created [] (attribute=0x12): sq_id = 54
[W : PPU[1] Thread (CPUThread)[0x00c2804c]]: sys_lwmutex warning: *** lwmutex created [] (attribute=0x12): sq_id = 55
[W : PPU[1] Thread (CPUThread)[0x00c2804c]]: sys_lwmutex warning: *** lwmutex created [] (attribute=0x12): sq_id = 56
[W : PPU[1] Thread (CPUThread)[0x00c2804c]]: sys_lwmutex warning: *** lwmutex created [] (attribute=0x12): sq_id = 57
[W : PPU[1] Thread (CPUThread)[0x00c2804c]]: sys_lwmutex warning: *** lwmutex created [] (attribute=0x12): sq_id = 58
[W : PPU[1] Thread (CPUThread)[0x00c2804c]]: sys_lwmutex warning: *** lwmutex created [] (attribute=0x12): sq_id = 59
[W : PPU[1] Thread (CPUThread)[0x00c2804c]]: sys_lwmutex warning: *** lwmutex created [] (attribute=0x12): sq_id = 60
[W : PPU[1] Thread (CPUThread)[0x00c2804c]]: sys_lwmutex warning: *** lwmutex created [] (attribute=0x12): sq_id = 61
[W : PPU[1] Thread (CPUThread)[0x00c2804c]]: sys_lwmutex warning: *** lwmutex created [] (attribute=0x12): sq_id = 62
[W : PPU[1] Thread (CPUThread)[0x00c2804c]]: sys_lwmutex warning: *** lwmutex created [] (attribute=0x12): sq_id = 63
[W : PPU[1] Thread (CPUThread)[0x00c2804c]]: sys_lwmutex warning: *** lwmutex created [] (attribute=0x12): sq_id = 64
[W : PPU[1] Thread (CPUThread)[0x00c2804c]]: sys_lwmutex warning: *** lwmutex created [] (attribute=0x12): sq_id = 65
[W : PPU[1] Thread (CPUThread)[0x00c280b8]]: sys_lwcond warning: Recursive lwmutex(sq=65)
[W : PPU[1] Thread (CPUThread)[0x00c280b8]]: sys_lwcond warning: *** lwcond created [] (lwmutex_addr=0x3010a950): id = 66
[! : PPU[1] Thread (CPUThread)[0x00c28028]]: *** New PPU Thread [CriThread] (): id = 67
[W : PPU[1] Thread (CPUThread)[0x00458c40]]: sysPrxForUser warning: sys_ppu_thread_set_priority(thread_id=67, prio=910)
[W : PPU[1] Thread (CPUThread)[0x00c2804c]]: sys_lwmutex warning: *** lwmutex created [] (attribute=0x12): sq_id = 68
[W : PPU[1] Thread (CPUThread)[0x00c2804c]]: sys_lwmutex warning: *** lwmutex created [] (attribute=0x12): sq_id = 69
[! : PPU[1] Thread (CPUThread)[0x00c28028]]: *** New PPU Thread [CRI Server Manager] (): id = 70
[W : PPU[1] Thread (CPUThread)[0x00458c40]]: sysPrxForUser warning: sys_ppu_thread_set_priority(thread_id=70, prio=500)
[W : PPU[1] Thread (CPUThread)[0x0001ba48]]: sys_event_flag warning: sys_event_flag_create(eflag_id_addr=0x87bc50, attr_addr=0x87bc58, init=0x0)
[W : PPU[1] Thread (CPUThread)[0x0001ba48]]: sys_event_flag warning: *** event_flag created [TEK EVF] (protocol=0x2, type=0x10000): id = 71
[! : PPU[1] Thread (CPUThread)[0x00c28028]]: *** New PPU Thread [TEK THREAD] (): id = 72
[W : PPU[72] Thread (TEK THREAD)[0x0001b98c]]: sys_event_flag warning: sys_event_flag_wait(eflag_id=71, bitptn=0x9, mode=0x12, result_addr=0xd00a0dd0, timeout=0)
[W : PPU[1] Thread (CPUThread)[0x00c06010]]: cellSysmodule warning: cellSysmoduleLoadModule(CELL_SYSMODULE_GCM_SYS)
[W : PPU[1] Thread (CPUThread)[0x00c06010]]: cellSysmodule warning: cellSysmoduleLoadModule(CELL_SYSMODULE_RESC)
[W : PPU[1] Thread (CPUThread)[0x00c04010]]: cellGcmSys warning: cellGcmInit(context_addr=0xbb8e60,cmdSize=0x10000,ioSize=0x300000,ioAddress=0x30​200000)
[W : PPU[1] Thread (CPUThread)[0x00c04010]]: cellGcmSys warning: *** local memory(addr=0xc0000000, size=0xf900000)
[W : PPU[1] Thread (CPUThread)[0x00c04010]]: cellGcmSys warning: cellGcmMapEaIoAddress(ea=0x30200000, io=0x0, size=0x300000)
[! : RSXThread]: RSX thread entry
[W : PPU[1] Thread (CPUThread)[0x00c04070]]: cellGcmSys warning: cellGcmSetDebugOutputLevel(level=2)
[E : PPU[1] Thread (CPUThread)[0x00c0416c]]: TODO: cellGcmSetGraphicsHandler
[E : RSXThread]: TODO: unknown/illegal method [0x00001fec](0x0)
[E : RSXThread]: TODO: cellGcmSetTwoSideLightEn(0x0)
[E : RSXThread]: TODO: cellGcmSetFrequencyDividerOperation(0x0)
[E : RSXThread]: TODO: cellGcmSetLogicOp(0x1503)
[E : RSXThread]: TODO: cellGcmSetPolygonOffsetScaleFactor(0x0, 0x0)
[E : RSXThread]: TODO: cellGcmSetPointSize(0x3f800000)
[W : PPU[1] Thread (CPUThread)[0x00c04094]]: cellGcmSys warning: cellGcmMapEaIoAddress(ea=0x30700000, io=0xe000000, size=0x100000)
[W : PPU[1] Thread (CPUThread)[0x00c04184]]: cellGcmSys warning: cellGcmUnbindTile(index=0)
[W : PPU[1] Thread (CPUThread)[0x00c04184]]: cellGcmSys warning: cellGcmUnbindTile(index=1)
[W : PPU[1] Thread (CPUThread)[0x00c04184]]: cellGcmSys warning: cellGcmUnbindTile(index=2)
[W : PPU[1] Thread (CPUThread)[0x00c04184]]: cellGcmSys warning: cellGcmUnbindTile(index=3)
[W : PPU[1] Thread (CPUThread)[0x00c04184]]: cellGcmSys warning: cellGcmUnbindTile(index=4)
[W : PPU[1] Thread (CPUThread)[0x00c04184]]: cellGcmSys warning: cellGcmUnbindTile(index=5)
[W : PPU[1] Thread (CPUThread)[0x00c04184]]: cellGcmSys warning: cellGcmUnbindTile(index=6)
[W : PPU[1] Thread (CPUThread)[0x00c04184]]: cellGcmSys warning: cellGcmUnbindTile(index=7)
[W : PPU[1] Thread (CPUThread)[0x00c04184]]: cellGcmSys warning: cellGcmUnbindTile(index=8)
[W : PPU[1] Thread (CPUThread)[0x00c04184]]: cellGcmSys warning: cellGcmUnbindTile(index=9)
[W : PPU[1] Thread (CPUThread)[0x00c04184]]: cellGcmSys warning: cellGcmUnbindTile(index=10)
[W : PPU[1] Thread (CPUThread)[0x00c04184]]: cellGcmSys warning: cellGcmUnbindTile(index=11)
[W : PPU[1] Thread (CPUThread)[0x00c04184]]: cellGcmSys warning: cellGcmUnbindTile(index=12)
[W : PPU[1] Thread (CPUThread)[0x00c04184]]: cellGcmSys warning: cellGcmUnbindTile(index=13)
[W : PPU[1] Thread (CPUThread)[0x00c04184]]: cellGcmSys warning: cellGcmUnbindTile(index=14)
[W : PPU[1] Thread (CPUThread)[0x00c02070]]: cellResc warning: cellRescInit(initConfig_addr=0xd00108e0)
[W : PPU[1] Thread (CPUThread)[0x00c04148]]: cellGcmSys warning: cellGcmSetTileInfo(index=0, location=0, offset=253558784, size=7536640, pitch=5120, comp=0, base=0, bank=0)
[W : PPU[1] Thread (CPUThread)[0x00c04058]]: cellGcmSys warning: cellGcmBindTile(index=0)
[W : PPU[1] Thread (CPUThread)[0x00c02040]]: cellResc warning: cellRescSetDisplayMode(displayMode=4)
[W : PPU[1] Thread (CPUThread)[0x00c02040]]: cellSysutil warning: cellVideoOutConfigure(videoOut=0, config_addr=0x30016000, option_addr=0x0, waitForEvent=0x0)
[W : PPU[1] Thread (CPUThread)[0x00c02040]]: cellGcmSys warning: cellGcmSetFlipMode(mode=2)
[W : PPU[1] Thread (CPUThread)[0x00c0207c]]: cellResc warning: cellRescGetBufferSize(colorBuffers_addr=0xd00108b0, vertexArray_addr=0xd00108a8, fragmentShader_addr=0xd00108ac)
[W : PPU[1] Thread (CPUThread)[0x00c020a0]]: cellResc warning: cellRescSetBufferAddress(colorBuffers_addr=0xcf1d0000, vertexArray_addr=0xc0000000, fragmentShader_addr=0xc0000180)
[W : PPU[1] Thread (CPUThread)[0x00c020a0]]: cellGcmSys warning: cellGcmSetDisplayBuffer(id=0x0,offset=0xf1d0000,pitch=4,width=1280,height=720)
[W : PPU[1] Thread (CPUThread)[0x00c020a0]]: cellGcmSys warning: cellGcmSetDisplayBuffer(id=0x1,offset=0xf554000,pitch=4,width=1280,height=720)
[W : PPU[1] Thread (CPUThread)[0x00c02034]]: cellResc warning: cellRescAdjustAspectRatio(horizontal=1.000000, vertical=1.000000)
[W : PPU[1] Thread (CPUThread)[0x00c04148]]: cellGcmSys warning: cellGcmSetTileInfo(index=0, location=0, offset=249626624, size=11468800, pitch=5120, comp=0, base=0, bank=0)
[W : PPU[1] Thread (CPUThread)[0x00c04058]]: cellGcmSys warning: cellGcmBindTile(index=0)
[W : PPU[1] Thread (CPUThread)[0x00c04148]]: cellGcmSys warning: cellGcmSetTileInfo(index=0, location=0, offset=245694464, size=15400960, pitch=5120, comp=0, base=0, bank=0)
[W : PPU[1] Thread (CPUThread)[0x00c04058]]: cellGcmSys warning: cellGcmBindTile(index=0)
[W : PPU[1] Thread (CPUThread)[0x00c04148]]: cellGcmSys warning: cellGcmSetTileInfo(index=1, location=0, offset=241762304, size=3932160, pitch=5120, comp=10, base=1, bank=3)
[E : PPU[1] Thread (CPUThread)[0x00c04148]]: cellGcmSys error: cellGcmSetTileInfo: bad comp! (10)
[W : PPU[1] Thread (CPUThread)[0x00c04058]]: cellGcmSys warning: cellGcmBindTile(index=1)
[W : PPU[1] Thread (CPUThread)[0x00c040dc]]: cellGcmSys warning: TODO: cellGcmBindZcull(index=0)
[W : PPU[1] Thread (CPUThread)[0x003daee4]]: sys_semaphore warning: sys_semaphore_create(sem_addr=0xbb85a8, attr_addr=0xd0010900, initial_count=1, max_count=2)
[W : PPU[1] Thread (CPUThread)[0x00c02064]]: cellResc warning: cellRescSetFlipHandler(handler_addr=0x7c7fe0)
[E : PPU[1] Thread (CPUThread)[0x00c020b8]]: TODO: cellRescSetVBlankHandler
[W : PPU[1] Thread (CPUThread)[0x00c02094]]: cellGcmSys warning: cellGcmSetDisplayBuffer(id=0x0,offset=0xee10000,pitch=4,width=1280,height=720)
[W : PPU[1] Thread (CPUThread)[0x00c02094]]: cellGcmSys warning: cellGcmSetDisplayBuffer(id=0x1,offset=0xea50000,pitch=4,width=1280,height=720)
[W : PPU[1] Thread (CPUThread)[0x0037cabc]]: sys_mutex warning: *** mutex created [] (protocol=0x2, recursive=false): id = 74
[E : PPU[1] Thread (CPUThread)[0x00c04118]]: TODO: cellGcmGetReportDataLocation
[E : PPU[1] Thread (CPUThread)[0x00c04118]]: TODO: cellGcmGetReportDataLocation
[E : PPU[1] Thread (CPUThread)[0x00c04118]]: TODO: cellGcmGetReportDataLocation
[E : PPU[1] Thread (CPUThread)[0x00c04118]]: TODO: cellGcmGetReportDataLocation
[E : RSXThread]: TODO: cellGcmSetLineStipple(0x0)
[E : RSXThread]: TODO: cellGcmSetPolygonStipple(0x0)
[E : RSXThread]: TODO: cellGcmSetContextDmaReport(0xbad68000)
[E : RSXThread]: TODO: cellGcmSetZcullStatsEnable(0x0)
[E : RSXThread]: NV4097_GET_REPORT: bad type 2
[E : RSXThread]: NV4097_GET_REPORT: bad type 3
[E : RSXThread]: NV4097_GET_REPORT: bad type 4
[E : RSXThread]: NV4097_GET_REPORT: bad type 5
[E : RSXThread]: TODO: cellGcmClearReportValue(0x2)
[E : RSXThread]: TODO: cellGcmSetZcullStatsEnable(0x1)
[E : PPU[1] Thread (CPUThread)[0x00c04118]]: TODO: cellGcmGetReportDataLocation
[E : PPU[1] Thread (CPUThread)[0x00c04118]]: TODO: cellGcmGetReportDataLocation
[E : PPU[1] Thread (CPUThread)[0x00c04118]]: TODO: cellGcmGetReportDataLocation
[E : PPU[1] Thread (CPUThread)[0x00c04118]]: TODO: cellGcmGetReportDataLocation
[E : RSXThread]: TODO: cellGcmSetLineStipple(0x0)
[E : RSXThread]: TODO: cellGcmSetPolygonStipple(0x0)
[E : RSXThread]: TODO: cellGcmSetContextDmaReport(0xbad68000)
[E : RSXThread]: TODO: cellGcmSetZcullStatsEnable(0x0)
[E : RSXThread]: NV4097_GET_REPORT: bad type 2
[E : RSXThread]: NV4097_GET_REPORT: bad type 3
[E : RSXThread]: NV4097_GET_REPORT: bad type 4
[E : RSXThread]: NV4097_GET_REPORT: bad type 5
[E : RSXThread]: TODO: cellGcmClearReportValue(0x2)
[E : RSXThread]: TODO: cellGcmSetZcullStatsEnable(0x1)
[W : PPU[1] Thread (CPUThread)[0x0078b034]]: sys_fs warning: cellFsStat: "/dev_hdd0/game/BLJS10256/USRDIR/SHADERS/SRNORM_V.CGELF" not found.
[W : PPU[48] Thread (CRI FS File Access 3)[0x00c28034]]: sys_lwcond_wait(id=47) aborted
[W : PPU[72] Thread (TEK THREAD)[0x0001b98c]]: sys_event_flag_wait(id=71) aborted
[W : PPU[52] Thread (CRI FS Data Decompression 0)[0x00c28034]]: sys_lwcond_wait(id=51) aborted
[! : RSXThread]: RSX thread exit...
[W : PPU[36] Thread (CRI FS Memory File System)[0x00c28034]]: sys_lwcond_wait(id=35) aborted
[W : PPU[44] Thread (CRI FS File Access 2)[0x00c28034]]: sys_lwcond_wait(id=43) aborted
[W : PPU[67] Thread (CriThread)[0x00c28034]]: sys_lwcond_wait(id=66) aborted
[W : PPU[40] Thread (CRI FS File Access 1)[0x00c28034]]: sys_lwcond_wait(id=39) aborted
[W : PPU[32] Thread (CRI FS File Access 0)[0x00c28034]]: sys_lwcond_wait(id=31) aborted
[!]: Closing memory...
