[!]: Initing memory...
[!]: Memory initialized.
[W]: Unknown function 0x22aab31d in 'cellSpurs' module
[E]: TODO: cellSpursEventFlagDetachLv2EventQueue
[W]: Unknown function 0x303c19cd in 'cellSpurs' module
[E]: TODO: cellSpursCreateJobChainWithAttribute
[W]: Unknown function 0x3548f483 in 'cellSpurs' module
[E]: TODO: _cellSpursJobChainAttributeInitialize
[W]: Unknown function 0x373523d4 in 'cellSpurs' module
[E]: TODO: cellSpursEventFlagWait
[W]: Unknown function 0x5ef96465 in 'cellSpurs' module
[E]: TODO: _cellSpursEventFlagInitialize
[W]: Unknown function 0x68aaeba9 in 'cellSpurs' module
[E]: TODO: cellSpursJobGuardInitialize
[W]: Unknown function 0x6d2d9339 in 'cellSpurs' module
[E]: TODO: cellSpursEventFlagTryWait
[W]: Unknown function 0x738e40e6 in 'cellSpurs' module
[E]: TODO: cellSpursShutdownJobChain
[W]: Unknown function 0x87630976 in 'cellSpurs' module
[E]: TODO: cellSpursEventFlagAttachLv2EventQueue
[W]: Unknown function 0x9fef70c2 in 'cellSpurs' module
[E]: TODO: cellSpursJobChainAttributeSetName
[W]: Unknown function 0xa7c066de in 'cellSpurs' module
[E]: TODO: cellSpursJoinJobChain
[W]: Unknown function 0xaa6269a8 in 'cellSpurs' module
[E]: TODO: cellSpursInitializeWithAttribute
[W]: Unknown function 0xd5d0b256 in 'cellSpurs' module
[E]: TODO: cellSpursJobGuardNotify
[W]: Unknown function 0xf31731bb in 'cellSpurs' module
[E]: TODO: cellSpursRunJobChain
[W]: Unknown function 0x039d70b7 in 'cellSpurs' module
[E]: TODO: cellSpursQueueDetachLv2EventQueue
[W]: Unknown function 0x082bfb09 in 'cellSpurs' module
[E]: TODO: _cellSpursQueueInitialize
[W]: Unknown function 0x13ae18f3 in 'cellSpurs' module
[E]: TODO: cellSpursTaskExitCodeGet
[W]: Unknown function 0x16394a4e in 'cellSpurs' module
[E]: TODO: _cellSpursTasksetAttributeInitialize
[W]: Unknown function 0x1d46fedf in 'cellSpurs' module
[E]: TODO: cellSpursCreateTaskWithAttribute
[W]: Unknown function 0x34552fa6 in 'cellSpurs' module
[E]: TODO: cellSpursTaskExitCodeInitialize
[W]: Unknown function 0x652b70e2 in 'cellSpurs' module
[E]: TODO: cellSpursTasksetAttributeSetName
[W]: Unknown function 0x8f122ef8 in 'cellSpurs' module
[E]: TODO: cellSpursTasksetAttributeSetTasksetSize
[W]: Unknown function 0x91066667 in 'cellSpurs' module
[E]: TODO: cellSpursQueuePopBody
[W]: Unknown function 0x92cff6ed in 'cellSpurs' module
[E]: TODO: cellSpursQueuePushBody
[W]: Unknown function 0x9f72add3 in 'cellSpurs' module
[E]: TODO: cellSpursJoinTaskset
[W]: Unknown function 0xa121a224 in 'cellSpurs' module
[E]: TODO: cellSpursTaskAttributeSetExitCodeContainer
[W]: Unknown function 0xa789e631 in 'cellSpurs' module
[E]: TODO: cellSpursShutdownTaskset
[W]: Unknown function 0xb8474eff in 'cellSpurs' module
[E]: TODO: _cellSpursTaskAttributeInitialize
[W]: Unknown function 0xc10931cb in 'cellSpurs' module
[E]: TODO: cellSpursCreateTasksetWithAttribute
[W]: Unknown function 0xe5443be7 in 'cellSpurs' module
[E]: TODO: cellSpursQueueAttachLv2EventQueue
[W]: Unknown function 0x220894e3 in 'cellSysutil' module
[E]: TODO: cellSysutilEnableBgmPlayback
[W]: Unknown function 0xa11552f6 in 'cellSysutil' module
[E]: TODO: cellSysutilGetBgmPlaybackStatus
[W]: Unknown function 0xcfdd8e87 in 'cellSysutil' module
[E]: TODO: cellSysutilDisableBgmPlayback
[W]: Unknown function 0x99d397ac in 'cellGcmSys' module
[E]: TODO: cellGcmGetReport
[W]: Unknown function 0x33435818 in 'cellL10n' module
[E]: TODO: SJISstoUTF8s
[W]: Unknown function 0x931ff25a in 'cellL10n' module
[E]: TODO: L10nConvertStr
[W]: Unknown function 0xa9a76fb8 in 'cellL10n' module
[E]: TODO: UCS2toUTF8
[W]: Unknown function 0x4d19c631 in 'cellFont' module
[E]: TODO: cellFontSetupRenderScalePoint
[W]: Unknown function 0xdd3b27ac in 'sysPrxForUser' module
[E]: TODO: _sys_spu_printf_finalize
[W : PPU[1] Thread (CPUThread)[0x00289164]]: memory warning: sys_memory_get_user_memory_size(mem_info_addr=0xd0010c4c)
[W : PPU[1] Thread (CPUThread)[0x0054d04c]]: sys_lwmutex warning: *** lwmutex created [alloc] (attribute=0x12): sq_id = 3
[W : PPU[1] Thread (CPUThread)[0x002891a4]]: memory warning: sys_memory_get_user_memory_size(mem_info_addr=0xd0010c44)
[W : PPU[1] Thread (CPUThread)[0x0054d04c]]: sys_lwmutex warning: *** lwmutex created [_lc_mtx] (attribute=0x12): sq_id = 4
[W : PPU[1] Thread (CPUThread)[0x0054d04c]]: sys_lwmutex warning: *** lwmutex created [_lc_mtx] (attribute=0x12): sq_id = 5
[W : PPU[1] Thread (CPUThread)[0x0054d04c]]: sys_lwmutex warning: *** lwmutex created [_lc_mtx] (attribute=0x12): sq_id = 6
[W : PPU[1] Thread (CPUThread)[0x0054d04c]]: sys_lwmutex warning: *** lwmutex created [_lc_mtx] (attribute=0x12): sq_id = 7
[W : PPU[1] Thread (CPUThread)[0x0054d04c]]: sys_lwmutex warning: *** lwmutex created [_lc_mtx] (attribute=0x12): sq_id = 8
[W : PPU[1] Thread (CPUThread)[0x0054d04c]]: sys_lwmutex warning: *** lwmutex created [_lc_mtx] (attribute=0x12): sq_id = 9
[W : PPU[1] Thread (CPUThread)[0x0054d04c]]: sys_lwmutex warning: *** lwmutex created [_lc_mtx] (attribute=0x12): sq_id = 10
[W : PPU[1] Thread (CPUThread)[0x0054d04c]]: sys_lwmutex warning: *** lwmutex created [_lc_mtx] (attribute=0x12): sq_id = 11
[W : PPU[1] Thread (CPUThread)[0x0054d04c]]: sys_lwmutex warning: *** lwmutex created [_lc_mtx] (attribute=0x12): sq_id = 12
[W : PPU[1] Thread (CPUThread)[0x0054d04c]]: sys_lwmutex warning: *** lwmutex created [_lgcmtx] (attribute=0x12): sq_id = 13
[W : PPU[1] Thread (CPUThread)[0x0054d04c]]: sys_lwmutex warning: *** lwmutex created [_lgcmtx] (attribute=0x22): sq_id = 14
[W : PPU[1] Thread (CPUThread)[0x0054d04c]]: sys_lwmutex warning: *** lwmutex created [] (attribute=0x12): sq_id = 15
[W : PPU[1] Thread (CPUThread)[0x0054d04c]]: sys_lwmutex warning: *** lwmutex created [axlmute] (attribute=0x12): sq_id = 16
[W : PPU[1] Thread (CPUThread)[0x0054d04c]]: sys_lwmutex warning: *** lwmutex created [shutdow] (attribute=0x12): sq_id = 17
[W : PPU[1] Thread (CPUThread)[0x0045d010]]: cellSysmodule warning: cellSysmoduleLoadModule(CELL_SYSMODULE_FS)
[W : PPU[1] Thread (CPUThread)[0x00537058]]: cellSysutil warning: cellSysutilRegisterCallback(slot=0, func_addr=0x49d570, userdata=0x0)
[W : PPU[1] Thread (CPUThread)[0x0054d04c]]: sys_lwmutex warning: *** lwmutex created [GCMW2V] (attribute=0x22): sq_id = 18
[W : PPU[1] Thread (CPUThread)[0x0054d0dc]]: sys_lwcond warning: *** lwcond created [] (lwmutex_addr=0x30102e40): id = 19
[W : PPU[1] Thread (CPUThread)[0x0054d04c]]: sys_lwmutex warning: *** lwmutex created [GCMW2V] (attribute=0x11): sq_id = 20
[W : PPU[1] Thread (CPUThread)[0x0045d010]]: cellSysmodule warning: cellSysmoduleLoadModule(CELL_SYSMODULE_SYSUTIL_GAME)
[W : PPU[1] Thread (CPUThread)[0x0054d04c]]: sys_lwmutex warning: *** lwmutex created [filereq] (attribute=0x12): sq_id = 21
[W : PPU[1] Thread (CPUThread)[0x0054d04c]]: sys_lwmutex warning: *** lwmutex created [axlmute] (attribute=0x12): sq_id = 22
[W : PPU[1] Thread (CPUThread)[0x0054d04c]]: sys_lwmutex warning: *** lwmutex created [axlmute] (attribute=0x12): sq_id = 23
[W : PPU[1] Thread (CPUThread)[0x0054d04c]]: sys_lwmutex warning: *** lwmutex created [axlmute] (attribute=0x12): sq_id = 24
[W : PPU[1] Thread (CPUThread)[0x0054d04c]]: sys_lwmutex warning: *** lwmutex created [axlmute] (attribute=0x12): sq_id = 25
[W : PPU[1] Thread (CPUThread)[0x0054d04c]]: sys_lwmutex warning: *** lwmutex created [axlmute] (attribute=0x12): sq_id = 26
[W : PPU[1] Thread (CPUThread)[0x0054d04c]]: sys_lwmutex warning: *** lwmutex created [axlmute] (attribute=0x12): sq_id = 27
[W : PPU[1] Thread (CPUThread)[0x0054d04c]]: sys_lwmutex warning: *** lwmutex created [axlmute] (attribute=0x12): sq_id = 28
[W : PPU[1] Thread (CPUThread)[0x0054d04c]]: sys_lwmutex warning: *** lwmutex created [axlmute] (attribute=0x12): sq_id = 29
[W : PPU[1] Thread (CPUThread)[0x0054d04c]]: sys_lwmutex warning: *** lwmutex created [axlmute] (attribute=0x12): sq_id = 30
[W : PPU[1] Thread (CPUThread)[0x0054d04c]]: sys_lwmutex warning: *** lwmutex created [axlmute] (attribute=0x12): sq_id = 31
[W : PPU[1] Thread (CPUThread)[0x0054d04c]]: sys_lwmutex warning: *** lwmutex created [axlmute] (attribute=0x12): sq_id = 32
[W : PPU[1] Thread (CPUThread)[0x0054d04c]]: sys_lwmutex warning: *** lwmutex created [axlmute] (attribute=0x12): sq_id = 33
[W : PPU[1] Thread (CPUThread)[0x0054d04c]]: sys_lwmutex warning: *** lwmutex created [axlmute] (attribute=0x12): sq_id = 34
[W : PPU[1] Thread (CPUThread)[0x0054d04c]]: sys_lwmutex warning: *** lwmutex created [axlmute] (attribute=0x12): sq_id = 35
[W : PPU[1] Thread (CPUThread)[0x0054d04c]]: sys_lwmutex warning: *** lwmutex created [axlmute] (attribute=0x12): sq_id = 36
[W : PPU[1] Thread (CPUThread)[0x0054d04c]]: sys_lwmutex warning: *** lwmutex created [axlmute] (attribute=0x12): sq_id = 37
[W : PPU[1] Thread (CPUThread)[0x0054d04c]]: sys_lwmutex warning: *** lwmutex created [axlmute] (attribute=0x12): sq_id = 38
[W : PPU[1] Thread (CPUThread)[0x0054d04c]]: sys_lwmutex warning: *** lwmutex created [axlmute] (attribute=0x12): sq_id = 39
[W : PPU[1] Thread (CPUThread)[0x0054d04c]]: sys_lwmutex warning: *** lwmutex created [axlmute] (attribute=0x12): sq_id = 40
[W : PPU[1] Thread (CPUThread)[0x0054d04c]]: sys_lwmutex warning: *** lwmutex created [axlmute] (attribute=0x12): sq_id = 41
[W : PPU[1] Thread (CPUThread)[0x0054d04c]]: sys_lwmutex warning: *** lwmutex created [axlmute] (attribute=0x12): sq_id = 42
[W : PPU[1] Thread (CPUThread)[0x0054d04c]]: sys_lwmutex warning: *** lwmutex created [axlmute] (attribute=0x12): sq_id = 43
[W : PPU[1] Thread (CPUThread)[0x0054d04c]]: sys_lwmutex warning: *** lwmutex created [axlmute] (attribute=0x12): sq_id = 44
[W : PPU[1] Thread (CPUThread)[0x0054d04c]]: sys_lwmutex warning: *** lwmutex created [axlmute] (attribute=0x12): sq_id = 45
[W : PPU[1] Thread (CPUThread)[0x0054d04c]]: sys_lwmutex warning: *** lwmutex created [axlmute] (attribute=0x12): sq_id = 46
[W : PPU[1] Thread (CPUThread)[0x0054d04c]]: sys_lwmutex warning: *** lwmutex created [axlmute] (attribute=0x12): sq_id = 47
[W : PPU[1] Thread (CPUThread)[0x0054d04c]]: sys_lwmutex warning: *** lwmutex created [axlmute] (attribute=0x12): sq_id = 48
[W : PPU[1] Thread (CPUThread)[0x0054d04c]]: sys_lwmutex warning: *** lwmutex created [axlmute] (attribute=0x12): sq_id = 49
[W : PPU[1] Thread (CPUThread)[0x0054d04c]]: sys_lwmutex warning: *** lwmutex created [axlmute] (attribute=0x12): sq_id = 50
[W : PPU[1] Thread (CPUThread)[0x0054d04c]]: sys_lwmutex warning: *** lwmutex created [axlmute] (attribute=0x12): sq_id = 51
[W : PPU[1] Thread (CPUThread)[0x0054d04c]]: sys_lwmutex warning: *** lwmutex created [axlmute] (attribute=0x12): sq_id = 52
[W : PPU[1] Thread (CPUThread)[0x0054d04c]]: sys_lwmutex warning: *** lwmutex created [axlmute] (attribute=0x12): sq_id = 53
[W : PPU[1] Thread (CPUThread)[0x0054d04c]]: sys_lwmutex warning: *** lwmutex created [axlmute] (attribute=0x12): sq_id = 54
[W : PPU[1] Thread (CPUThread)[0x0054d04c]]: sys_lwmutex warning: *** lwmutex created [axlmute] (attribute=0x12): sq_id = 55
[W : PPU[1] Thread (CPUThread)[0x0054d04c]]: sys_lwmutex warning: *** lwmutex created [axlmute] (attribute=0x12): sq_id = 56
[W : PPU[1] Thread (CPUThread)[0x0054d04c]]: sys_lwmutex warning: *** lwmutex created [axlmute] (attribute=0x12): sq_id = 57
[W : PPU[1] Thread (CPUThread)[0x0054d04c]]: sys_lwmutex warning: *** lwmutex created [axlmute] (attribute=0x12): sq_id = 58
[W : PPU[1] Thread (CPUThread)[0x0054d04c]]: sys_lwmutex warning: *** lwmutex created [axlmute] (attribute=0x12): sq_id = 59
[W : PPU[1] Thread (CPUThread)[0x0054d04c]]: sys_lwmutex warning: *** lwmutex created [axlmute] (attribute=0x12): sq_id = 60
[W : PPU[1] Thread (CPUThread)[0x0054d04c]]: sys_lwmutex warning: *** lwmutex created [axlmute] (attribute=0x12): sq_id = 61
[W : PPU[1] Thread (CPUThread)[0x0054d04c]]: sys_lwmutex warning: *** lwmutex created [axlmute] (attribute=0x12): sq_id = 62
[W : PPU[1] Thread (CPUThread)[0x0054d04c]]: sys_lwmutex warning: *** lwmutex created [axlmute] (attribute=0x12): sq_id = 63
[W : PPU[1] Thread (CPUThread)[0x0054d04c]]: sys_lwmutex warning: *** lwmutex created [axlmute] (attribute=0x12): sq_id = 64
[W : PPU[1] Thread (CPUThread)[0x0054d04c]]: sys_lwmutex warning: *** lwmutex created [axlmute] (attribute=0x12): sq_id = 65
[W : PPU[1] Thread (CPUThread)[0x0054d04c]]: sys_lwmutex warning: *** lwmutex created [axlmute] (attribute=0x12): sq_id = 66
[W : PPU[1] Thread (CPUThread)[0x0054d04c]]: sys_lwmutex warning: *** lwmutex created [axlmute] (attribute=0x12): sq_id = 67
[W : PPU[1] Thread (CPUThread)[0x0054d04c]]: sys_lwmutex warning: *** lwmutex created [axlmute] (attribute=0x12): sq_id = 68
[W : PPU[1] Thread (CPUThread)[0x0054d04c]]: sys_lwmutex warning: *** lwmutex created [axlmute] (attribute=0x12): sq_id = 69
[W : PPU[1] Thread (CPUThread)[0x0054d04c]]: sys_lwmutex warning: *** lwmutex created [axlmute] (attribute=0x12): sq_id = 70
[W : PPU[1] Thread (CPUThread)[0x0054d04c]]: sys_lwmutex warning: *** lwmutex created [axlmute] (attribute=0x12): sq_id = 71
[W : PPU[1] Thread (CPUThread)[0x0054d04c]]: sys_lwmutex warning: *** lwmutex created [axlmute] (attribute=0x12): sq_id = 72
[W : PPU[1] Thread (CPUThread)[0x0054d04c]]: sys_lwmutex warning: *** lwmutex created [axlmute] (attribute=0x12): sq_id = 73
[W : PPU[1] Thread (CPUThread)[0x0054d04c]]: sys_lwmutex warning: *** lwmutex created [axlmute] (attribute=0x12): sq_id = 74
[W : PPU[1] Thread (CPUThread)[0x0054d04c]]: sys_lwmutex warning: *** lwmutex created [axlmute] (attribute=0x12): sq_id = 75
[W : PPU[1] Thread (CPUThread)[0x0054d04c]]: sys_lwmutex warning: *** lwmutex created [axlmute] (attribute=0x12): sq_id = 76
[W : PPU[1] Thread (CPUThread)[0x0054d04c]]: sys_lwmutex warning: *** lwmutex created [axlmute] (attribute=0x12): sq_id = 77
[W : PPU[1] Thread (CPUThread)[0x0054d04c]]: sys_lwmutex warning: *** lwmutex created [axlmute] (attribute=0x12): sq_id = 78
[W : PPU[1] Thread (CPUThread)[0x0054d04c]]: sys_lwmutex warning: *** lwmutex created [axlmute] (attribute=0x12): sq_id = 79
[W : PPU[1] Thread (CPUThread)[0x0054d04c]]: sys_lwmutex warning: *** lwmutex created [axlmute] (attribute=0x12): sq_id = 80
[W : PPU[1] Thread (CPUThread)[0x0054d04c]]: sys_lwmutex warning: *** lwmutex created [axlmute] (attribute=0x12): sq_id = 81
[W : PPU[1] Thread (CPUThread)[0x0054d04c]]: sys_lwmutex warning: *** lwmutex created [axlmute] (attribute=0x12): sq_id = 82
[W : PPU[1] Thread (CPUThread)[0x0054d04c]]: sys_lwmutex warning: *** lwmutex created [axlmute] (attribute=0x12): sq_id = 83
[W : PPU[1] Thread (CPUThread)[0x0054d04c]]: sys_lwmutex warning: *** lwmutex created [axlmute] (attribute=0x12): sq_id = 84
[W : PPU[1] Thread (CPUThread)[0x0054d04c]]: sys_lwmutex warning: *** lwmutex created [axlmute] (attribute=0x12): sq_id = 85
[W : PPU[1] Thread (CPUThread)[0x0054d04c]]: sys_lwmutex warning: *** lwmutex created [axlmute] (attribute=0x12): sq_id = 86
[W : PPU[1] Thread (CPUThread)[0x0054d04c]]: sys_lwmutex warning: *** lwmutex created [axlmute] (attribute=0x12): sq_id = 87
[W : PPU[1] Thread (CPUThread)[0x0054d04c]]: sys_lwmutex warning: *** lwmutex created [axlmute] (attribute=0x12): sq_id = 88
[W : PPU[1] Thread (CPUThread)[0x0054d04c]]: sys_lwmutex warning: *** lwmutex created [axlmute] (attribute=0x12): sq_id = 89
[W : PPU[1] Thread (CPUThread)[0x0054d04c]]: sys_lwmutex warning: *** lwmutex created [axlmute] (attribute=0x12): sq_id = 90
[W : PPU[1] Thread (CPUThread)[0x0054d04c]]: sys_lwmutex warning: *** lwmutex created [axlmute] (attribute=0x12): sq_id = 91
[W : PPU[1] Thread (CPUThread)[0x0054d04c]]: sys_lwmutex warning: *** lwmutex created [axlmute] (attribute=0x12): sq_id = 92
[W : PPU[1] Thread (CPUThread)[0x0054d04c]]: sys_lwmutex warning: *** lwmutex created [axlmute] (attribute=0x12): sq_id = 93
[W : PPU[1] Thread (CPUThread)[0x0054d04c]]: sys_lwmutex warning: *** lwmutex created [axlmute] (attribute=0x12): sq_id = 94
[W : PPU[1] Thread (CPUThread)[0x0054d04c]]: sys_lwmutex warning: *** lwmutex created [axlmute] (attribute=0x12): sq_id = 95
[W : PPU[1] Thread (CPUThread)[0x0054d04c]]: sys_lwmutex warning: *** lwmutex created [axlmute] (attribute=0x12): sq_id = 96
[W : PPU[1] Thread (CPUThread)[0x0054d04c]]: sys_lwmutex warning: *** lwmutex created [axlmute] (attribute=0x12): sq_id = 97
[W : PPU[1] Thread (CPUThread)[0x0054d04c]]: sys_lwmutex warning: *** lwmutex created [axlmute] (attribute=0x12): sq_id = 98
[W : PPU[1] Thread (CPUThread)[0x0054d04c]]: sys_lwmutex warning: *** lwmutex created [axlmute] (attribute=0x12): sq_id = 99
[W : PPU[1] Thread (CPUThread)[0x0054d04c]]: sys_lwmutex warning: *** lwmutex created [axlmute] (attribute=0x12): sq_id = 100
[W : PPU[1] Thread (CPUThread)[0x0054d04c]]: sys_lwmutex warning: *** lwmutex created [axlmute] (attribute=0x12): sq_id = 101
[W : PPU[1] Thread (CPUThread)[0x0054d04c]]: sys_lwmutex warning: *** lwmutex created [axlmute] (attribute=0x12): sq_id = 102
[W : PPU[1] Thread (CPUThread)[0x0054d04c]]: sys_lwmutex warning: *** lwmutex created [axlmute] (attribute=0x12): sq_id = 103
[W : PPU[1] Thread (CPUThread)[0x0054d04c]]: sys_lwmutex warning: *** lwmutex created [axlmute] (attribute=0x12): sq_id = 104
[W : PPU[1] Thread (CPUThread)[0x0054d04c]]: sys_lwmutex warning: *** lwmutex created [axlmute] (attribute=0x12): sq_id = 105
[W : PPU[1] Thread (CPUThread)[0x0054d04c]]: sys_lwmutex warning: *** lwmutex created [axlmute] (attribute=0x12): sq_id = 106
[W : PPU[1] Thread (CPUThread)[0x0054d04c]]: sys_lwmutex warning: *** lwmutex created [axlmute] (attribute=0x12): sq_id = 107
[W : PPU[1] Thread (CPUThread)[0x0054d04c]]: sys_lwmutex warning: *** lwmutex created [axlmute] (attribute=0x12): sq_id = 108
[W : PPU[1] Thread (CPUThread)[0x0054d04c]]: sys_lwmutex warning: *** lwmutex created [axlmute] (attribute=0x12): sq_id = 109
[W : PPU[1] Thread (CPUThread)[0x0054d04c]]: sys_lwmutex warning: *** lwmutex created [axlmute] (attribute=0x12): sq_id = 110
[W : PPU[1] Thread (CPUThread)[0x0054d04c]]: sys_lwmutex warning: *** lwmutex created [axlmute] (attribute=0x12): sq_id = 111
[W : PPU[1] Thread (CPUThread)[0x0054d04c]]: sys_lwmutex warning: *** lwmutex created [axlmute] (attribute=0x12): sq_id = 112
[W : PPU[1] Thread (CPUThread)[0x0054d04c]]: sys_lwmutex warning: *** lwmutex created [axlmute] (attribute=0x12): sq_id = 113
[W : PPU[1] Thread (CPUThread)[0x0054d04c]]: sys_lwmutex warning: *** lwmutex created [axlmute] (attribute=0x12): sq_id = 114
[W : PPU[1] Thread (CPUThread)[0x0054d04c]]: sys_lwmutex warning: *** lwmutex created [axlmute] (attribute=0x12): sq_id = 115
[W : PPU[1] Thread (CPUThread)[0x0054d04c]]: sys_lwmutex warning: *** lwmutex created [axlmute] (attribute=0x12): sq_id = 116
[W : PPU[1] Thread (CPUThread)[0x0054d04c]]: sys_lwmutex warning: *** lwmutex created [axlmute] (attribute=0x12): sq_id = 117
[W : PPU[1] Thread (CPUThread)[0x0054d04c]]: sys_lwmutex warning: *** lwmutex created [axlmute] (attribute=0x12): sq_id = 118
[W : PPU[1] Thread (CPUThread)[0x0054d04c]]: sys_lwmutex warning: *** lwmutex created [axlmute] (attribute=0x12): sq_id = 119
[W : PPU[1] Thread (CPUThread)[0x0054d04c]]: sys_lwmutex warning: *** lwmutex created [axlmute] (attribute=0x12): sq_id = 120
[W : PPU[1] Thread (CPUThread)[0x0054d04c]]: sys_lwmutex warning: *** lwmutex created [axlmute] (attribute=0x12): sq_id = 121
[W : PPU[1] Thread (CPUThread)[0x0054d04c]]: sys_lwmutex warning: *** lwmutex created [axlmute] (attribute=0x12): sq_id = 122
[W : PPU[1] Thread (CPUThread)[0x0054d04c]]: sys_lwmutex warning: *** lwmutex created [axlmute] (attribute=0x12): sq_id = 123
[W : PPU[1] Thread (CPUThread)[0x0054d04c]]: sys_lwmutex warning: *** lwmutex created [axlmute] (attribute=0x12): sq_id = 124
[W : PPU[1] Thread (CPUThread)[0x0054d04c]]: sys_lwmutex warning: *** lwmutex created [axlmute] (attribute=0x12): sq_id = 125
[W : PPU[1] Thread (CPUThread)[0x0054d04c]]: sys_lwmutex warning: *** lwmutex created [axlmute] (attribute=0x12): sq_id = 126
[W : PPU[1] Thread (CPUThread)[0x0054d04c]]: sys_lwmutex warning: *** lwmutex created [axlmute] (attribute=0x12): sq_id = 127
[W : PPU[1] Thread (CPUThread)[0x0054d04c]]: sys_lwmutex warning: *** lwmutex created [axlmute] (attribute=0x12): sq_id = 128
[W : PPU[1] Thread (CPUThread)[0x0054d04c]]: sys_lwmutex warning: *** lwmutex created [axlmute] (attribute=0x12): sq_id = 129
[W : PPU[1] Thread (CPUThread)[0x0054d04c]]: sys_lwmutex warning: *** lwmutex created [axlmute] (attribute=0x12): sq_id = 130
[W : PPU[1] Thread (CPUThread)[0x0054d04c]]: sys_lwmutex warning: *** lwmutex created [axlmute] (attribute=0x12): sq_id = 131
[W : PPU[1] Thread (CPUThread)[0x0054d04c]]: sys_lwmutex warning: *** lwmutex created [axlmute] (attribute=0x12): sq_id = 132
[W : PPU[1] Thread (CPUThread)[0x0054d04c]]: sys_lwmutex warning: *** lwmutex created [axlmute] (attribute=0x12): sq_id = 133
[W : PPU[1] Thread (CPUThread)[0x0054d04c]]: sys_lwmutex warning: *** lwmutex created [axlmute] (attribute=0x12): sq_id = 134
[W : PPU[1] Thread (CPUThread)[0x0054d04c]]: sys_lwmutex warning: *** lwmutex created [axlmute] (attribute=0x12): sq_id = 135
[W : PPU[1] Thread (CPUThread)[0x0054d04c]]: sys_lwmutex warning: *** lwmutex created [axlmute] (attribute=0x12): sq_id = 136
[W : PPU[1] Thread (CPUThread)[0x0054d04c]]: sys_lwmutex warning: *** lwmutex created [axlmute] (attribute=0x12): sq_id = 137
[W : PPU[1] Thread (CPUThread)[0x0054d04c]]: sys_lwmutex warning: *** lwmutex created [axlmute] (attribute=0x12): sq_id = 138
[W : PPU[1] Thread (CPUThread)[0x0054d04c]]: sys_lwmutex warning: *** lwmutex created [axlmute] (attribute=0x12): sq_id = 139
[W : PPU[1] Thread (CPUThread)[0x0054d04c]]: sys_lwmutex warning: *** lwmutex created [axlmute] (attribute=0x12): sq_id = 140
[W : PPU[1] Thread (CPUThread)[0x0054d04c]]: sys_lwmutex warning: *** lwmutex created [axlmute] (attribute=0x12): sq_id = 141
[W : PPU[1] Thread (CPUThread)[0x0054d04c]]: sys_lwmutex warning: *** lwmutex created [axlmute] (attribute=0x12): sq_id = 142
[W : PPU[1] Thread (CPUThread)[0x0054d04c]]: sys_lwmutex warning: *** lwmutex created [axlmute] (attribute=0x12): sq_id = 143
[W : PPU[1] Thread (CPUThread)[0x0054d04c]]: sys_lwmutex warning: *** lwmutex created [axlmute] (attribute=0x12): sq_id = 144
[W : PPU[1] Thread (CPUThread)[0x0054d04c]]: sys_lwmutex warning: *** lwmutex created [axlmute] (attribute=0x12): sq_id = 145
[W : PPU[1] Thread (CPUThread)[0x0054d04c]]: sys_lwmutex warning: *** lwmutex created [axlmute] (attribute=0x12): sq_id = 146
[W : PPU[1] Thread (CPUThread)[0x0054d04c]]: sys_lwmutex warning: *** lwmutex created [axlmute] (attribute=0x12): sq_id = 147
[W : PPU[1] Thread (CPUThread)[0x0054d04c]]: sys_lwmutex warning: *** lwmutex created [axlmute] (attribute=0x12): sq_id = 148
[W : PPU[1] Thread (CPUThread)[0x0054d04c]]: sys_lwmutex warning: *** lwmutex created [axlmute] (attribute=0x12): sq_id = 149
[W : PPU[1] Thread (CPUThread)[0x0054d04c]]: sys_lwmutex warning: *** lwmutex created [axlmute] (attribute=0x12): sq_id = 150
[W : PPU[1] Thread (CPUThread)[0x0054d04c]]: sys_lwmutex warning: *** lwmutex created [axlmute] (attribute=0x12): sq_id = 151
[W : PPU[1] Thread (CPUThread)[0x0054d04c]]: sys_lwmutex warning: *** lwmutex created [axlmute] (attribute=0x12): sq_id = 152
[W : PPU[1] Thread (CPUThread)[0x0054d04c]]: sys_lwmutex warning: *** lwmutex created [axlmute] (attribute=0x12): sq_id = 153
[W : PPU[1] Thread (CPUThread)[0x0054d04c]]: sys_lwmutex warning: *** lwmutex created [axlmute] (attribute=0x12): sq_id = 154
[W : PPU[1] Thread (CPUThread)[0x0054d04c]]: sys_lwmutex warning: *** lwmutex created [axlmute] (attribute=0x12): sq_id = 155
[W : PPU[1] Thread (CPUThread)[0x0054d04c]]: sys_lwmutex warning: *** lwmutex created [axlmute] (attribute=0x12): sq_id = 156
[W : PPU[1] Thread (CPUThread)[0x0054d04c]]: sys_lwmutex warning: *** lwmutex created [axlmute] (attribute=0x12): sq_id = 157
[W : PPU[1] Thread (CPUThread)[0x0054d04c]]: sys_lwmutex warning: *** lwmutex created [axlmute] (attribute=0x12): sq_id = 158
[W : PPU[1] Thread (CPUThread)[0x0054d04c]]: sys_lwmutex warning: *** lwmutex created [axlmute] (attribute=0x12): sq_id = 159
[W : PPU[1] Thread (CPUThread)[0x0054d04c]]: sys_lwmutex warning: *** lwmutex created [axlmute] (attribute=0x12): sq_id = 160
[W : PPU[1] Thread (CPUThread)[0x0054d04c]]: sys_lwmutex warning: *** lwmutex created [axlmute] (attribute=0x12): sq_id = 161
[W : PPU[1] Thread (CPUThread)[0x0054d04c]]: sys_lwmutex warning: *** lwmutex created [axlmute] (attribute=0x12): sq_id = 162
[W : PPU[1] Thread (CPUThread)[0x0054d04c]]: sys_lwmutex warning: *** lwmutex created [axlmute] (attribute=0x12): sq_id = 163
[W : PPU[1] Thread (CPUThread)[0x0054d04c]]: sys_lwmutex warning: *** lwmutex created [axlmute] (attribute=0x12): sq_id = 164
[W : PPU[1] Thread (CPUThread)[0x0054d04c]]: sys_lwmutex warning: *** lwmutex created [axlmute] (attribute=0x12): sq_id = 165
[W : PPU[1] Thread (CPUThread)[0x0054d04c]]: sys_lwmutex warning: *** lwmutex created [axlmute] (attribute=0x12): sq_id = 166
[W : PPU[1] Thread (CPUThread)[0x0054d04c]]: sys_lwmutex warning: *** lwmutex created [axlmute] (attribute=0x12): sq_id = 167
[W : PPU[1] Thread (CPUThread)[0x0054d04c]]: sys_lwmutex warning: *** lwmutex created [axlmute] (attribute=0x12): sq_id = 168
[W : PPU[1] Thread (CPUThread)[0x0054d04c]]: sys_lwmutex warning: *** lwmutex created [axlmute] (attribute=0x12): sq_id = 169
[W : PPU[1] Thread (CPUThread)[0x0054d04c]]: sys_lwmutex warning: *** lwmutex created [axlmute] (attribute=0x12): sq_id = 170
[W : PPU[1] Thread (CPUThread)[0x0054d04c]]: sys_lwmutex warning: *** lwmutex created [axlmute] (attribute=0x12): sq_id = 171
[W : PPU[1] Thread (CPUThread)[0x0054d04c]]: sys_lwmutex warning: *** lwmutex created [axlmute] (attribute=0x12): sq_id = 172
[W : PPU[1] Thread (CPUThread)[0x0054d04c]]: sys_lwmutex warning: *** lwmutex created [axlmute] (attribute=0x12): sq_id = 173
[W : PPU[1] Thread (CPUThread)[0x0054d04c]]: sys_lwmutex warning: *** lwmutex created [axlmute] (attribute=0x12): sq_id = 174
[W : PPU[1] Thread (CPUThread)[0x0054d04c]]: sys_lwmutex warning: *** lwmutex created [axlmute] (attribute=0x12): sq_id = 175
[W : PPU[1] Thread (CPUThread)[0x0054d04c]]: sys_lwmutex warning: *** lwmutex created [axlmute] (attribute=0x12): sq_id = 176
[W : PPU[1] Thread (CPUThread)[0x0054d04c]]: sys_lwmutex warning: *** lwmutex created [axlmute] (attribute=0x12): sq_id = 177
[W : PPU[1] Thread (CPUThread)[0x0054d04c]]: sys_lwmutex warning: *** lwmutex created [axlmute] (attribute=0x12): sq_id = 178
[W : PPU[1] Thread (CPUThread)[0x0054d04c]]: sys_lwmutex warning: *** lwmutex created [axlmute] (attribute=0x12): sq_id = 179
[W : PPU[1] Thread (CPUThread)[0x0054d04c]]: sys_lwmutex warning: *** lwmutex created [axlmute] (attribute=0x12): sq_id = 180
[W : PPU[1] Thread (CPUThread)[0x0054d04c]]: sys_lwmutex warning: *** lwmutex created [axlmute] (attribute=0x12): sq_id = 181
[W : PPU[1] Thread (CPUThread)[0x0054d04c]]: sys_lwmutex warning: *** lwmutex created [axlmute] (attribute=0x12): sq_id = 182
[W : PPU[1] Thread (CPUThread)[0x0054d04c]]: sys_lwmutex warning: *** lwmutex created [axlmute] (attribute=0x12): sq_id = 183
[W : PPU[1] Thread (CPUThread)[0x0054d04c]]: sys_lwmutex warning: *** lwmutex created [axlmute] (attribute=0x12): sq_id = 184
[W : PPU[1] Thread (CPUThread)[0x0054d04c]]: sys_lwmutex warning: *** lwmutex created [axlmute] (attribute=0x12): sq_id = 185
[W : PPU[1] Thread (CPUThread)[0x0054d04c]]: sys_lwmutex warning: *** lwmutex created [axlmute] (attribute=0x12): sq_id = 186
[W : PPU[1] Thread (CPUThread)[0x0054d04c]]: sys_lwmutex warning: *** lwmutex created [axlmute] (attribute=0x12): sq_id = 187
[W : PPU[1] Thread (CPUThread)[0x0054d04c]]: sys_lwmutex warning: *** lwmutex created [axlmute] (attribute=0x12): sq_id = 188
[W : PPU[1] Thread (CPUThread)[0x0054d04c]]: sys_lwmutex warning: *** lwmutex created [axlmute] (attribute=0x12): sq_id = 189
[W : PPU[1] Thread (CPUThread)[0x0054d04c]]: sys_lwmutex warning: *** lwmutex created [axlmute] (attribute=0x12): sq_id = 190
[W : PPU[1] Thread (CPUThread)[0x0054d04c]]: sys_lwmutex warning: *** lwmutex created [axlmute] (attribute=0x12): sq_id = 191
[W : PPU[1] Thread (CPUThread)[0x0054d04c]]: sys_lwmutex warning: *** lwmutex created [axlmute] (attribute=0x12): sq_id = 192
[W : PPU[1] Thread (CPUThread)[0x0054d04c]]: sys_lwmutex warning: *** lwmutex created [axlmute] (attribute=0x12): sq_id = 193
[W : PPU[1] Thread (CPUThread)[0x0054d04c]]: sys_lwmutex warning: *** lwmutex created [axlmute] (attribute=0x12): sq_id = 194
[W : PPU[1] Thread (CPUThread)[0x0054d04c]]: sys_lwmutex warning: *** lwmutex created [axlmute] (attribute=0x12): sq_id = 195
[W : PPU[1] Thread (CPUThread)[0x0054d04c]]: sys_lwmutex warning: *** lwmutex created [axlmute] (attribute=0x12): sq_id = 196
[W : PPU[1] Thread (CPUThread)[0x0054d04c]]: sys_lwmutex warning: *** lwmutex created [axlmute] (attribute=0x12): sq_id = 197
[W : PPU[1] Thread (CPUThread)[0x0054d04c]]: sys_lwmutex warning: *** lwmutex created [axlmute] (attribute=0x12): sq_id = 198
[W : PPU[1] Thread (CPUThread)[0x005390d0]]: cellGcmSys warning: cellGcmInit(context_addr=0x5284d0,cmdSize=0x300000,ioSize=0x4600000,ioAddress=0x​37900000)
[W : PPU[1] Thread (CPUThread)[0x005390d0]]: cellGcmSys warning: *** local memory(addr=0xc0000000, size=0xf900000)
[W : PPU[1] Thread (CPUThread)[0x005390d0]]: cellGcmSys warning: cellGcmMapEaIoAddress(ea=0x37900000, io=0x0, size=0x4600000)
[! : RSXThread]: RSX thread entry
[W : PPU[1] Thread (CPUThread)[0x0054d04c]]: sys_lwmutex warning: *** lwmutex created [GCoreTi] (attribute=0x12): sq_id = 199
[W : PPU[1] Thread (CPUThread)[0x0054d04c]]: sys_lwmutex warning: *** lwmutex created [GCoreFi] (attribute=0x12): sq_id = 200
[W : PPU[1] Thread (CPUThread)[0x0054d0dc]]: sys_lwcond warning: Recursive lwmutex(sq=200)
[W : PPU[1] Thread (CPUThread)[0x0054d0dc]]: sys_lwcond warning: *** lwcond created [GCoreFi] (lwmutex_addr=0x3012cc20): id = 201
[W : PPU[1] Thread (CPUThread)[0x0054d0dc]]: sys_lwcond warning: Recursive lwmutex(sq=200)
[W : PPU[1] Thread (CPUThread)[0x0054d0dc]]: sys_lwcond warning: *** lwcond created [GCoreFi] (lwmutex_addr=0x3012cc20): id = 202
[W : PPU[1] Thread (CPUThread)[0x0054d04c]]: sys_lwmutex warning: *** lwmutex created [gmem] (attribute=0x12): sq_id = 203
[W : PPU[1] Thread (CPUThread)[0x0054d04c]]: sys_lwmutex warning: *** lwmutex created [gcm_lab] (attribute=0x12): sq_id = 204
[W : PPU[1] Thread (CPUThread)[0x0054d04c]]: sys_lwmutex warning: *** lwmutex created [gcm_rep] (attribute=0x12): sq_id = 205
[W : PPU[1] Thread (CPUThread)[0x00537040]]: cellSysutil warning: cellVideoOutGetNumberOfDevice(videoOut=0)
[W : PPU[1] Thread (CPUThread)[0x0053701c]]: cellSysutil warning: cellVideoOutGetDeviceInfo(videoOut=0, deviceIndex=0, info_addr=0xd00109c4)
[W : PPU[1] Thread (CPUThread)[0x005390a0]]: cellGcmSys warning: cellGcmSetTileInfo(index=0, location=0, offset=0, size=14745600, pitch=10240, comp=8, base=0, bank=0)
[E : PPU[1] Thread (CPUThread)[0x005390a0]]: cellGcmSys error: cellGcmSetTileInfo: bad comp! (8)
[W : PPU[1] Thread (CPUThread)[0x0053901c]]: cellGcmSys warning: cellGcmBindTile(index=0)
[W : PPU[1] Thread (CPUThread)[0x005390a0]]: cellGcmSys warning: cellGcmSetTileInfo(index=1, location=0, offset=14745600, size=14745600, pitch=10240, comp=12, base=225, bank=3)
[E : PPU[1] Thread (CPUThread)[0x005390a0]]: cellGcmSys error: cellGcmSetTileInfo: bad comp! (12)
[W : PPU[1] Thread (CPUThread)[0x0053901c]]: cellGcmSys warning: cellGcmBindTile(index=1)
[W : PPU[1] Thread (CPUThread)[0x005390a0]]: cellGcmSys warning: cellGcmSetTileInfo(index=2, location=0, offset=29491200, size=27525120, pitch=5120, comp=0, base=0, bank=0)
[W : PPU[1] Thread (CPUThread)[0x0053901c]]: cellGcmSys warning: cellGcmBindTile(index=2)
[W : PPU[1] Thread (CPUThread)[0x005390a0]]: cellGcmSys warning: cellGcmSetTileInfo(index=3, location=0, offset=57016320, size=7864320, pitch=5120, comp=10, base=450, bank=3)
[E : PPU[1] Thread (CPUThread)[0x005390a0]]: cellGcmSys error: cellGcmSetTileInfo: bad comp! (10)
[W : PPU[1] Thread (CPUThread)[0x0053901c]]: cellGcmSys warning: cellGcmBindTile(index=3)
[W : PPU[1] Thread (CPUThread)[0x005390a0]]: cellGcmSys warning: cellGcmSetTileInfo(index=4, location=0, offset=64880640, size=4194304, pitch=4096, comp=10, base=570, bank=3)
[E : PPU[1] Thread (CPUThread)[0x005390a0]]: cellGcmSys error: cellGcmSetTileInfo: bad comp! (10)
[W : PPU[1] Thread (CPUThread)[0x0053901c]]: cellGcmSys warning: cellGcmBindTile(index=4)
[W : PPU[1] Thread (CPUThread)[0x005390a0]]: cellGcmSys warning: cellGcmSetTileInfo(index=5, location=0, offset=69206016, size=589824, pitch=3072, comp=0, base=0, bank=0)
[W : PPU[1] Thread (CPUThread)[0x0053901c]]: cellGcmSys warning: cellGcmBindTile(index=5)
[W : PPU[1] Thread (CPUThread)[0x005390a0]]: cellGcmSys warning: cellGcmSetTileInfo(index=6, location=0, offset=69795840, size=13762560, pitch=2560, comp=0, base=0, bank=0)
[W : PPU[1] Thread (CPUThread)[0x0053901c]]: cellGcmSys warning: cellGcmBindTile(index=6)
[W : PPU[1] Thread (CPUThread)[0x005390a0]]: cellGcmSys warning: cellGcmSetTileInfo(index=7, location=0, offset=83558400, size=1376256, pitch=1536, comp=0, base=0, bank=0)
[W : PPU[1] Thread (CPUThread)[0x0053901c]]: cellGcmSys warning: cellGcmBindTile(index=7)
[W : PPU[1] Thread (CPUThread)[0x005390a0]]: cellGcmSys warning: cellGcmSetTileInfo(index=8, location=0, offset=85196800, size=1966080, pitch=1280, comp=0, base=0, bank=0)
[W : PPU[1] Thread (CPUThread)[0x0053901c]]: cellGcmSys warning: cellGcmBindTile(index=8)
[W : PPU[1] Thread (CPUThread)[0x005390a0]]: cellGcmSys warning: cellGcmSetTileInfo(index=9, location=0, offset=87162880, size=1048576, pitch=1024, comp=0, base=0, bank=0)
[W : PPU[1] Thread (CPUThread)[0x0053901c]]: cellGcmSys warning: cellGcmBindTile(index=9)
[W : PPU[1] Thread (CPUThread)[0x005390a0]]: cellGcmSys warning: cellGcmSetTileInfo(index=10, location=0, offset=88276992, size=393216, pitch=768, comp=0, base=0, bank=0)
[W : PPU[1] Thread (CPUThread)[0x0053901c]]: cellGcmSys warning: cellGcmBindTile(index=10)
[W : PPU[1] Thread (CPUThread)[0x005390a0]]: cellGcmSys warning: cellGcmSetTileInfo(index=11, location=0, offset=88670208, size=524288, pitch=512, comp=0, base=0, bank=0)
[W : PPU[1] Thread (CPUThread)[0x0053901c]]: cellGcmSys warning: cellGcmBindTile(index=11)
[W : PPU[1] Thread (CPUThread)[0x005390a0]]: cellGcmSys warning: cellGcmSetTileInfo(index=12, location=0, offset=69074944, size=131072, pitch=512, comp=0, base=0, bank=3)
[W : PPU[1] Thread (CPUThread)[0x0053901c]]: cellGcmSys warning: cellGcmBindTile(index=12)
[W : PPU[1] Thread (CPUThread)[0x00539004]]: cellGcmSys warning: cellGcmGetTiledPitchSize(size=5120)
[W : PPU[1] Thread (CPUThread)[0x00539004]]: cellGcmSys warning: cellGcmGetTiledPitchSize(size=5120)
[W : PPU[1] Thread (CPUThread)[0x00539004]]: cellGcmSys warning: cellGcmGetTiledPitchSize(size=5120)
[W : PPU[1] Thread (CPUThread)[0x0053904c]]: cellGcmSys warning: TODO: cellGcmBindZcull(index=0)
[W : PPU[1] Thread (CPUThread)[0x00537004]]: cellSysutil warning: cellVideoOutConfigure(videoOut=0, config_addr=0xd0010994, option_addr=0x0, waitForEvent=0x0)
[W : PPU[1] Thread (CPUThread)[0x00539028]]: cellGcmSys warning: cellGcmSetFlipMode(mode=2)
[W : PPU[1] Thread (CPUThread)[0x00539064]]: cellGcmSys warning: cellGcmSetDisplayBuffer(id=0x0,offset=0x1c20000,pitch=4,width=1280,height=720)
[W : PPU[1] Thread (CPUThread)[0x00539064]]: cellGcmSys warning: cellGcmSetDisplayBuffer(id=0x1,offset=0x1fe0000,pitch=4,width=1280,height=720)
[W : PPU[1] Thread (CPUThread)[0x002c9718]]: sys_event warning: sys_event_queue_create(equeue_id_addr=0x30102d8c, attr_addr=0xd00108e0, event_queue_key=0x0, size=32)
[W : PPU[1] Thread (CPUThread)[0x002c9718]]: sys_event warning: *** event_queue created [gcmwin] (protocol=0x2, type=0x1): id = 206
[W : PPU[1] Thread (CPUThread)[0x002c9730]]: sys_event warning: sys_event_port_create(eport_id_addr=0x51f3d0, port_type=0x1, name=0x0)
[W : PPU[1] Thread (CPUThread)[0x002c9730]]: sys_event warning: *** sys_event_port created: id = 207
[W : PPU[1] Thread (CPUThread)[0x002c9740]]: sys_event warning: sys_event_port_connect_local(eport_id=207, equeue_id=206)
[W : PPU[1] Thread (CPUThread)[0x00539058]]: cellGcmSys warning: cellGcmSetFlipHandler(handler_addr=4838528)
[W : PPU[1] Thread (CPUThread)[0x0045d010]]: cellSysmodule warning: cellSysmoduleLoadModule(CELL_SYSMODULE_L10N)
[W : PPU[1] Thread (CPUThread)[0x0045d010]]: cellSysmodule warning: cellSysmoduleLoadModule(CELL_SYSMODULE_FREETYPE)
[W : PPU[1] Thread (CPUThread)[0x0045d010]]: cellSysmodule warning: cellSysmoduleLoadModule(CELL_SYSMODULE_JPGENC)
[W : PPU[1] Thread (CPUThread)[0x0045d010]]: cellSysmodule warning: cellSysmoduleLoadModule(CELL_SYSMODULE_PHOTO_EXPORT)
[W : PPU[1] Thread (CPUThread)[0x0045d010]]: cellSysmodule warning: cellSysmoduleLoadModule(CELL_SYSMODULE_RTC)
[W : PPU[1] Thread (CPUThread)[0x0045d010]]: cellSysmodule warning: cellSysmoduleLoadModule(CELL_SYSMODULE_AVCONF_EXT)
[W : PPU[1] Thread (CPUThread)[0x0045d010]]: cellSysmodule warning: cellSysmoduleLoadModule(CELL_SYSMODULE_LV2DBG)
[W : PPU[1] Thread (CPUThread)[0x00537034]]: cellSysutil warning: cellSysutilGetSystemParamInt: CELL_SYSUTIL_SYSTEMPARAM_ID_ENTER_BUTTON_ASSIGN
[E : PPU[1] Thread (CPUThread)[0x00533094]]: cellSpurs error: _cellSpursAttributeInitialize(attr_addr=0xd0010428, nSpus=2, spuPriority=3211264, ppuPriority=5, exitIfNoWork=250)
[E : PPU[1] Thread (CPUThread)[0x00533004]]: cellSpurs error: cellSpursAttributeSetNamePrefix(attr_addr=0xd0010428, prefix_addr=0xd0010420, size=0x5)
[E : PPU[1] Thread (CPUThread)[0x005330b8]]: TODO: cellSpursInitializeWithAttribute
[W : PPU[1] Thread (CPUThread)[0x002ae5a4]]: sys_event warning: sys_event_queue_create(equeue_id_addr=0x301c3d54, attr_addr=0xd0010364, event_queue_key=0x0, size=8)
[W : PPU[1] Thread (CPUThread)[0x002ae5a4]]: sys_event warning: *** event_queue created [spurspt] (protocol=0x2, type=0x1): id = 208
[! : PPU[1] Thread (CPUThread)[0x0054d028]]: *** New PPU Thread [spu_printf_handler] (): id = 209
[W : PPU[1] Thread (CPUThread)[0x002ae638]]: sys_event warning: sys_event_port_create(eport_id_addr=0x301c3d60, port_type=0x1, name=0xfee1dead)
[W : PPU[1] Thread (CPUThread)[0x002ae638]]: sys_event warning: *** sys_event_port created: id = 210
[W : PPU[1] Thread (CPUThread)[0x002ae650]]: sys_event warning: sys_event_port_connect_local(eport_id=210, equeue_id=208)
[E : PPU[1] Thread (CPUThread)[0x005330c4]]: cellSpurs error: cellSpursAttachLv2EventQueue(spurs_addr=0x301c3e80, queue=0xd0, port_addr=0xd0010360, isDynamic=0)
[E : PPU[1] Thread (CPUThread)[0x00533010]]: cellSpurs error: cellSpursGetInfo(spurs_addr=0x301c3e80, info_addr=0xd0010260)
[W : PPU[1] Thread (CPUThread)[0x002c78e0]]: sys_mutex warning: *** mutex created [] (protocol=0x2, recursive=false): id = 211
[W : PPU[1] Thread (CPUThread)[0x002c7910]]: sys_cond warning: *** condition created [] (mutex_id=211): id = 212
[W : PPU[1] Thread (CPUThread)[0x002c7944]]: sys_event warning: sys_event_queue_create(equeue_id_addr=0xd000fe3c, attr_addr=0xd000fe40, event_queue_key=0x0, size=7)
[W : PPU[1] Thread (CPUThread)[0x002c7944]]: sys_event warning: *** event_queue created [] (protocol=0x2, type=0x1): id = 213
[E : PPU[1] Thread (CPUThread)[0x005330c4]]: cellSpurs error: cellSpursAttachLv2EventQueue(spurs_addr=0x301c3e80, queue=0xd5, port_addr=0xd000fe30, isDynamic=1)
[E : PPU[1] Thread (CPUThread)[0x00533034]]: TODO: _cellSpursJobChainAttributeInitialize
[E : PPU[1] Thread (CPUThread)[0x00533028]]: TODO: cellSpursCreateJobChainWithAttribute
[E : PPU[1] Thread (CPUThread)[0x00533058]]: TODO: _cellSpursEventFlagInitialize
[E : PPU[1] Thread (CPUThread)[0x00533088]]: TODO: cellSpursEventFlagAttachLv2EventQueue
[E : PPU[1] Thread (CPUThread)[0x00533058]]: TODO: _cellSpursEventFlagInitialize
[E : PPU[1] Thread (CPUThread)[0x00533088]]: TODO: cellSpursEventFlagAttachLv2EventQueue
[E : PPU[1] Thread (CPUThread)[0x00533058]]: TODO: _cellSpursEventFlagInitialize
[E : PPU[1] Thread (CPUThread)[0x00533088]]: TODO: cellSpursEventFlagAttachLv2EventQueue
[E : PPU[1] Thread (CPUThread)[0x00533058]]: TODO: _cellSpursEventFlagInitialize
[E : PPU[1] Thread (CPUThread)[0x00533088]]: TODO: cellSpursEventFlagAttachLv2EventQueue
[E : PPU[1] Thread (CPUThread)[0x00533058]]: TODO: _cellSpursEventFlagInitialize
[E : PPU[1] Thread (CPUThread)[0x00533088]]: TODO: cellSpursEventFlagAttachLv2EventQueue
[E : PPU[1] Thread (CPUThread)[0x00533058]]: TODO: _cellSpursEventFlagInitialize
[E : PPU[1] Thread (CPUThread)[0x00533088]]: TODO: cellSpursEventFlagAttachLv2EventQueue
[E : PPU[1] Thread (CPUThread)[0x00533058]]: TODO: _cellSpursEventFlagInitialize
[E : PPU[1] Thread (CPUThread)[0x00533088]]: TODO: cellSpursEventFlagAttachLv2EventQueue
[E : PPU[1] Thread (CPUThread)[0x00533058]]: TODO: _cellSpursEventFlagInitialize
[E : PPU[1] Thread (CPUThread)[0x00533088]]: TODO: cellSpursEventFlagAttachLv2EventQueue
[E : PPU[1] Thread (CPUThread)[0x00533058]]: TODO: _cellSpursEventFlagInitialize
[E : PPU[1] Thread (CPUThread)[0x00533088]]: TODO: cellSpursEventFlagAttachLv2EventQueue
[E : PPU[1] Thread (CPUThread)[0x00533058]]: TODO: _cellSpursEventFlagInitialize
[E : PPU[1] Thread (CPUThread)[0x00533088]]: TODO: cellSpursEventFlagAttachLv2EventQueue
[E : PPU[1] Thread (CPUThread)[0x00533058]]: TODO: _cellSpursEventFlagInitialize
[E : PPU[1] Thread (CPUThread)[0x00533088]]: TODO: cellSpursEventFlagAttachLv2EventQueue
[E : PPU[1] Thread (CPUThread)[0x00533058]]: TODO: _cellSpursEventFlagInitialize
[E : PPU[1] Thread (CPUThread)[0x00533088]]: TODO: cellSpursEventFlagAttachLv2EventQueue
[E : PPU[1] Thread (CPUThread)[0x00533058]]: TODO: _cellSpursEventFlagInitialize
[E : PPU[1] Thread (CPUThread)[0x00533088]]: TODO: cellSpursEventFlagAttachLv2EventQueue
[E : PPU[1] Thread (CPUThread)[0x00533058]]: TODO: _cellSpursEventFlagInitialize
[E : PPU[1] Thread (CPUThread)[0x00533088]]: TODO: cellSpursEventFlagAttachLv2EventQueue
[E : PPU[1] Thread (CPUThread)[0x00533058]]: TODO: _cellSpursEventFlagInitialize
[E : PPU[1] Thread (CPUThread)[0x00533088]]: TODO: cellSpursEventFlagAttachLv2EventQueue
[E : PPU[1] Thread (CPUThread)[0x00533058]]: TODO: _cellSpursEventFlagInitialize
[E : PPU[1] Thread (CPUThread)[0x00533088]]: TODO: cellSpursEventFlagAttachLv2EventQueue
[E : PPU[1] Thread (CPUThread)[0x00533058]]: TODO: _cellSpursEventFlagInitialize
[E : PPU[1] Thread (CPUThread)[0x00533010]]: cellSpurs error: cellSpursGetInfo(spurs_addr=0x301c3e80, info_addr=0xd0010530)
[W : PPU[1] Thread (CPUThread)[0x002c78e0]]: sys_mutex warning: *** mutex created [] (protocol=0x2, recursive=false): id = 214
[W : PPU[1] Thread (CPUThread)[0x002c7910]]: sys_cond warning: *** condition created [] (mutex_id=214): id = 215
[W : PPU[1] Thread (CPUThread)[0x002c7944]]: sys_event warning: sys_event_queue_create(equeue_id_addr=0xd001010c, attr_addr=0xd0010110, event_queue_key=0x0, size=7)
[W : PPU[1] Thread (CPUThread)[0x002c7944]]: sys_event warning: *** event_queue created [] (protocol=0x2, type=0x1): id = 216
[E : PPU[1] Thread (CPUThread)[0x005330c4]]: cellSpurs error: cellSpursAttachLv2EventQueue(spurs_addr=0x301c3e80, queue=0xd8, port_addr=0xd0010100, isDynamic=1)
[E : PPU[1] Thread (CPUThread)[0x00533034]]: TODO: _cellSpursJobChainAttributeInitialize
[E : PPU[1] Thread (CPUThread)[0x00533028]]: TODO: cellSpursCreateJobChainWithAttribute
[E : PPU[1] Thread (CPUThread)[0x00533058]]: TODO: _cellSpursEventFlagInitialize
[E : PPU[1] Thread (CPUThread)[0x00533088]]: TODO: cellSpursEventFlagAttachLv2EventQueue
[E : PPU[1] Thread (CPUThread)[0x00533058]]: TODO: _cellSpursEventFlagInitialize
[E : PPU[1] Thread (CPUThread)[0x00533088]]: TODO: cellSpursEventFlagAttachLv2EventQueue
[E : PPU[1] Thread (CPUThread)[0x00533058]]: TODO: _cellSpursEventFlagInitialize
[E : PPU[1] Thread (CPUThread)[0x00533088]]: TODO: cellSpursEventFlagAttachLv2EventQueue
[E : PPU[1] Thread (CPUThread)[0x00533058]]: TODO: _cellSpursEventFlagInitialize
[E : PPU[1] Thread (CPUThread)[0x00533088]]: TODO: cellSpursEventFlagAttachLv2EventQueue
[E : PPU[1] Thread (CPUThread)[0x00533058]]: TODO: _cellSpursEventFlagInitialize
[E : PPU[1] Thread (CPUThread)[0x00533088]]: TODO: cellSpursEventFlagAttachLv2EventQueue
[E : PPU[1] Thread (CPUThread)[0x00533058]]: TODO: _cellSpursEventFlagInitialize
[E : PPU[1] Thread (CPUThread)[0x00533088]]: TODO: cellSpursEventFlagAttachLv2EventQueue
[E : PPU[1] Thread (CPUThread)[0x00533058]]: TODO: _cellSpursEventFlagInitialize
[E : PPU[1] Thread (CPUThread)[0x00533088]]: TODO: cellSpursEventFlagAttachLv2EventQueue
[E : PPU[1] Thread (CPUThread)[0x00533058]]: TODO: _cellSpursEventFlagInitialize
[E : PPU[1] Thread (CPUThread)[0x00533088]]: TODO: cellSpursEventFlagAttachLv2EventQueue
[E : PPU[1] Thread (CPUThread)[0x00533058]]: TODO: _cellSpursEventFlagInitialize
[E : PPU[1] Thread (CPUThread)[0x00533088]]: TODO: cellSpursEventFlagAttachLv2EventQueue
[E : PPU[1] Thread (CPUThread)[0x00533058]]: TODO: _cellSpursEventFlagInitialize
[E : PPU[1] Thread (CPUThread)[0x00533088]]: TODO: cellSpursEventFlagAttachLv2EventQueue
[E : PPU[1] Thread (CPUThread)[0x00533058]]: TODO: _cellSpursEventFlagInitialize
[E : PPU[1] Thread (CPUThread)[0x00533088]]: TODO: cellSpursEventFlagAttachLv2EventQueue
[E : PPU[1] Thread (CPUThread)[0x00533058]]: TODO: _cellSpursEventFlagInitialize
[E : PPU[1] Thread (CPUThread)[0x00533088]]: TODO: cellSpursEventFlagAttachLv2EventQueue
[E : PPU[1] Thread (CPUThread)[0x00533058]]: TODO: _cellSpursEventFlagInitialize
[E : PPU[1] Thread (CPUThread)[0x00533088]]: TODO: cellSpursEventFlagAttachLv2EventQueue
[E : PPU[1] Thread (CPUThread)[0x00533058]]: TODO: _cellSpursEventFlagInitialize
[E : PPU[1] Thread (CPUThread)[0x00533088]]: TODO: cellSpursEventFlagAttachLv2EventQueue
[E : PPU[1] Thread (CPUThread)[0x00533058]]: TODO: _cellSpursEventFlagInitialize
[E : PPU[1] Thread (CPUThread)[0x00533088]]: TODO: cellSpursEventFlagAttachLv2EventQueue
[E : PPU[1] Thread (CPUThread)[0x00533058]]: TODO: _cellSpursEventFlagInitialize
[E : PPU[1] Thread (CPUThread)[0x00533088]]: TODO: cellSpursEventFlagAttachLv2EventQueue
[E : PPU[1] Thread (CPUThread)[0x00533058]]: TODO: _cellSpursEventFlagInitialize
[! : PPU[1] Thread (CPUThread)[0x0054d028]]: *** New PPU Thread [InitAppFirst] (): id = 217
[E : PPU[1] Thread (CPUThread)[0x00539088]]: cellGcmSys error: Unimplemented function: cellGcmSetVBlankHandler
[W : PPU[209] Thread (spu_printf_handler)[0x002ae27c]]: sys_event_queue_receive(equeue=208) aborted
[W : PPU[1] Thread (CPUThread)[0x0054d034]]: sys_lwcond_wait(id=19) aborted
[! : RSXThread]: RSX thread exit...
[!]: Closing memory...
