[!]: path: /dev_hdd0/game/
[!]: Loading 'D:\Emulator\PS3\dev_hdd0\game\NPEB01096\USRDIR/BOOT.BIN'...
[!]: Mount info:
[!]: /dev_hdd0/ -> D:\Emulator\PS3/dev_hdd0/
[!]: /dev_hdd1/ -> D:\Emulator\PS3/dev_hdd1/
[!]: /dev_flash/ -> D:\Emulator\PS3/dev_flash/
[!]: /dev_usb000/ -> D:\Emulator\PS3/dev_usb000/
[!]: /dev_usb/ -> D:\Emulator\PS3/dev_usb000/
[!]: /app_home/ -> D:\Emulator\PS3\dev_hdd0\game\NPEB01096\
[!]: /dev_bdvd/ -> D:\Emulator\PS3\dev_hdd0\game\NPEB01096\/../
[!]: /host_root/ -> 
[!]: / -> D:\Emulator\PS3\dev_hdd0\game\NPEB01096\
[!]:  -> 
[!]: Initing memory...
[!]: Memory initialized.
[W]: Unknown function 0x21425307 in 'cellSysutil' module
[E]: TODO: cellSaveDataListAutoLoad
[W]: Unknown function 0x3d1e1931 in 'cellSysutil' module
[E]: TODO: cellOskDialogUnloadAsync
[W]: Unknown function 0x62b0f803 in 'cellSysutil' module
[E]: TODO: cellMsgDialogAbort
[W]: Unknown function 0x7fcfc915 in 'cellSysutil' module
[E]: TODO: cellOskDialogLoadAsync
[W]: Unknown function 0x8b7ed64b in 'cellSysutil' module
[E]: TODO: cellSaveDataAutoSave2
[W]: Unknown function 0x94862702 in 'cellSysutil' module
[E]: TODO: cellMsgDialogProgressBarInc
[W]: Unknown function 0x9d6af72a in 'cellSysutil' module
[E]: TODO: cellMsgDialogProgressBarSetMsg
[W]: Unknown function 0xb53c54fa in 'cellSysutil' module
[E]: TODO: cellOskDialogSetKeyLayoutOption
[W]: Unknown function 0xb6d84526 in 'cellSysutil' module
[E]: TODO: cellOskDialogAbort
[W]: Unknown function 0xced17573 in 'cellSysutil' module
[E]: TODO: cellSaveDataFixedDelete
[W]: Unknown function 0xd3790a86 in 'cellSysutil' module
[E]: TODO: cellOskDialogSetDeviceMask
[W]: Unknown function 0xe7fa820b in 'cellSysutil' module
[E]: TODO: cellSaveDataEnableOverlay
[W]: Unknown function 0xedadd797 in 'cellSysutil' module
[E]: TODO: cellSaveDataDelete2
[W]: Unknown function 0xf0ec3ccc in 'cellSysutil' module
[E]: TODO: cellOskDialogSetLayoutMode
[W]: Unknown function 0xfbd5c856 in 'cellSysutil' module
[E]: TODO: cellSaveDataAutoLoad2
[W]: Unknown function 0x1f61b3ff in 'cellGcmSys' module
[E]: TODO: cellGcmDumpGraphicsError
[W]: Unknown function 0x2ad4951b in 'cellGcmSys' module
[E]: TODO: cellGcmGetTimeStampLocation
[W]: Unknown function 0x25b40ab4 in 'cellGcmSys' module
[E]: TODO: cellGcmSortRemapEaIoAddress
[W]: Unknown function 0x28e208bb in 'sys_net' module
[E]: TODO: listen
[W]: Unknown function 0x3f09e20a in 'sys_net' module
[E]: TODO: socketselect
[W]: Unknown function 0xdabbc2c0 in 'sys_net' module
[E]: TODO: inet_addr
[W]: Unknown function 0x051ee3ee in 'sys_net' module
[E]: TODO: socketpoll
[W]: Unknown function 0x13efe7f5 in 'sys_net' module
[E]: TODO: getsockname
[W]: Unknown function 0x5a045bd1 in 'sys_net' module
[E]: TODO: getsockopt
[W]: Unknown function 0x71f4c717 in 'sys_net' module
[E]: TODO: gethostbyname
[W]: Unknown function 0x858a930b in 'sys_net' module
[E]: TODO: inet_ntoa
[W]: Unknown function 0xc98a3146 in 'sys_net' module
[E]: TODO: inet_ntop
[W]: Unknown function 0xf7ac8941 in 'sys_net' module
[E]: TODO: gethostbyaddr
[W]: Unknown function 0x011ee38b in 'cellSpurs' module
[E]: TODO: _cellSpursLFQueueInitialize
[W]: Unknown function 0x16394a4e in 'cellSpurs' module
[E]: TODO: _cellSpursTasksetAttributeInitialize
[W]: Unknown function 0x1656d49f in 'cellSpurs' module
[E]: TODO: cellSpursLFQueueAttachLv2EventQueue
[W]: Unknown function 0x303c19cd in 'cellSpurs' module
[E]: TODO: cellSpursCreateJobChainWithAttribute
[W]: Unknown function 0x3548f483 in 'cellSpurs' module
[E]: TODO: _cellSpursJobChainAttributeInitialize
[W]: Unknown function 0x5ef96465 in 'cellSpurs' module
[E]: TODO: _cellSpursEventFlagInitialize
[W]: Unknown function 0x652b70e2 in 'cellSpurs' module
[E]: TODO: cellSpursTasksetAttributeSetName
[W]: Unknown function 0x738e40e6 in 'cellSpurs' module
[E]: TODO: cellSpursShutdownJobChain
[W]: Unknown function 0x73e06f91 in 'cellSpurs' module
[E]: TODO: cellSpursLFQueueDetachLv2EventQueue
[W]: Unknown function 0x8a85674d in 'cellSpurs' module
[E]: TODO: _cellSpursLFQueuePushBody
[W]: Unknown function 0x9fef70c2 in 'cellSpurs' module
[E]: TODO: cellSpursJobChainAttributeSetName
[W]: Unknown function 0xa7c066de in 'cellSpurs' module
[E]: TODO: cellSpursJoinJobChain
[W]: Unknown function 0xc10931cb in 'cellSpurs' module
[E]: TODO: cellSpursCreateTasksetWithAttribute
[W]: Unknown function 0xf31731bb in 'cellSpurs' module
[E]: TODO: cellSpursRunJobChain
[W]: Unknown function 0xf5507729 in 'cellSpurs' module
[E]: TODO: cellSpursEventFlagSet
[W]: Unknown function 0x17001000 in 'cellSpurs' module
[E]: TODO: cellSpursAddUrgentCommand
[W]: Unknown function 0x1ebcf459 in 'cellSpurs' module
[E]: TODO: cellSpursDestroyTaskset2
[W]: Unknown function 0x2ddbcc0a in 'cellSpurs' module
[E]: TODO: _cellSpursWorkloadFlagReceiver2
[W]: Unknown function 0x4a6465e3 in 'cellSpurs' module
[E]: TODO: cellSpursCreateTaskset2
[W]: Unknown function 0x4ac7bae4 in 'cellSpurs' module
[E]: TODO: cellSpursEventFlagClear
[W]: Unknown function 0x569674e3 in 'cellSpurs' module
[E]: TODO: cellSpursTraceInitialize
[W]: Unknown function 0x68aaeba9 in 'cellSpurs' module
[E]: TODO: cellSpursJobGuardInitialize
[W]: Unknown function 0x6d2d9339 in 'cellSpurs' module
[E]: TODO: cellSpursEventFlagTryWait
[W]: Unknown function 0x7b9cbb74 in 'cellSpurs' module
[E]: TODO: cellSpursTraceFinalize
[W]: Unknown function 0x838fa4f0 in 'cellSpurs' module
[E]: TODO: cellSpursTryJoinTask2
[W]: Unknown function 0x86c864a2 in 'cellSpurs' module
[E]: TODO: cellSpursGetJobChainId
[W]: Unknown function 0xa7a94892 in 'cellSpurs' module
[E]: TODO: cellSpursJoinTask2
[W]: Unknown function 0xc2acdf43 in 'cellSpurs' module
[E]: TODO: _cellSpursTasksetAttribute2Initialize
[W]: Unknown function 0xc765b995 in 'cellSpurs' module
[E]: TODO: cellSpursGetWorkloadFlag
[W]: Unknown function 0xce853fbf in 'cellSpurs' module
[E]: TODO: cellSpursTraceStart
[W]: Unknown function 0xd5d0b256 in 'cellSpurs' module
[E]: TODO: cellSpursJobGuardNotify
[W]: Unknown function 0xddc81b5a in 'cellSpurs' module
[E]: TODO: cellSpursTraceStop
[W]: Unknown function 0xe14ca62d in 'cellSpurs' module
[E]: TODO: cellSpursCreateTask2
[W]: Unknown function 0xd59aa307 in 'cellSync' module
[E]: TODO: cellSyncLFQueueGetDirection
[W]: Unknown function 0xcece771f in 'cellSync' module
[E]: TODO: cellSyncRwmRead
[W]: Unknown function 0xed773f5f in 'cellSync' module
[E]: TODO: cellSyncRwmWrite
[W]: Unknown function 0xfc48b03f in 'cellSync' module
[E]: TODO: cellSyncRwmInitialize
[W]: Unknown function 0x14bf2dc1 in 'cellKey2char' module
[E]: TODO: cellKey2CharClose
[W]: Unknown function 0x56776c0d in 'cellKey2char' module
[E]: TODO: cellKey2CharGetChar
[W]: Unknown function 0xabf629c1 in 'cellKey2char' module
[E]: TODO: cellKey2CharOpen
[W]: Unknown function 0xbfc03768 in 'cellKey2char' module
[E]: TODO: cellKey2CharSetMode
[W]: Unknown function 0x94e9f81d in 'cellGameExec' module
[E]: TODO: cellGameGetHomeLaunchOptionPath
[W]: Unknown function 0xf6acd0bc in 'cellGameExec' module
[E]: TODO: cellGameGetBootGameInfo
[W]: Unknown module 'cellHttp'
[W]: Unknown function 0x1650aea4 in 'cellSsl' module
[E]: TODO: cellSslEnd
[W]: Unknown function 0x571afaca in 'cellSsl' module
[E]: TODO: cellSslCertificateLoader
[W]: Unknown function 0xfb02c9d2 in 'cellSsl' module
[E]: TODO: cellSslInit
[W]: Unknown function 0x000e53cc in 'sceNp' module
[E]: TODO: sceNpManagerSubSignout
[W]: Unknown function 0x01fbbc9b in 'sceNp' module
[E]: TODO: sceNpBasicSendMessageGui
[W]: Unknown function 0x0968aa36 in 'sceNp' module
[E]: TODO: sceNpManagerGetTicket
[W]: Unknown function 0x168fcece in 'sceNp' module
[E]: TODO: sceNpManagerGetAccountAge
[W]: Unknown function 0x1fdb3ec2 in 'sceNp' module
[E]: TODO: sceNpLookupUserProfileWithAvatarSizeAsync
[W]: Unknown function 0x32c78a6a in 'sceNp' module
[E]: TODO: sceNpBasicGetFriendPresenceByIndex
[W]: Unknown function 0x3f0808aa in 'sceNp' module
[E]: TODO: sceNpBasicSetPresence
[W]: Unknown function 0x4026eac5 in 'sceNp' module
[E]: TODO: sceNpBasicRegisterContextSensitiveHandler
[W]: Unknown function 0x442381f7 in 'sceNp' module
[E]: TODO: sceNpManagerSubSignin
[W]: Unknown function 0x4b9efb7a in 'sceNp' module
[E]: TODO: sceNpManagerGetCachedInfo
[W]: Unknown function 0x58fa4fcd in 'sceNp' module
[E]: TODO: sceNpManagerGetTicketParam
[W]: Unknown function 0x5de61626 in 'sceNp' module
[E]: TODO: sceNpLookupDestroyTitleCtx
[W]: Unknown function 0x5f2d9257 in 'sceNp' module
[E]: TODO: sceNpLookupInit
[W]: Unknown function 0x64a704cc in 'sceNp' module
[E]: TODO: sceNpBasicRecvMessageAttachmentLoad
[W]: Unknown function 0x6ee62ed2 in 'sceNp' module
[E]: TODO: sceNpManagerGetContentRatingFlag
[W]: Unknown function 0x7508112e in 'sceNp' module
[E]: TODO: sceNpLookupPollAsync
[W]: Unknown function 0x806960ab in 'sceNp' module
[E]: TODO: sceNpBasicRecvMessageCustom
[W]: Unknown function 0x8297f1ec in 'sceNp' module
[E]: TODO: sceNpManagerRequestTicket2
[W]: Unknown function 0x8440537c in 'sceNp' module
[E]: TODO: sceNpLookupTerm
[W]: Unknown function 0xa1709abd in 'sceNp' module
[E]: TODO: sceNpManagerGetEntitlementById
[W]: Unknown function 0xacb9ee8e in 'sceNp' module
[E]: TODO: sceNpBasicUnregisterHandler
[W]: Unknown function 0xafef640d in 'sceNp' module
[E]: TODO: sceNpBasicGetFriendListEntryCount
[W]: Unknown function 0xb1e0718b in 'sceNp' module
[E]: TODO: sceNpManagerGetAccountRegion
[W]: Unknown function 0xbe07c708 in 'sceNp' module
[E]: TODO: sceNpManagerGetOnlineId
[W]: Unknown function 0xce81c7f0 in 'sceNp' module
[E]: TODO: sceNpLookupCreateTitleCtx
[W]: Unknown function 0xe035f7d6 in 'sceNp' module
[E]: TODO: sceNpBasicGetEvent
[W]: Unknown function 0xe6c8f3f9 in 'sceNp' module
[E]: TODO: sceNpDrmProcessExitSpawn2
[W]: Unknown function 0xea2e9ffc in 'sceNp' module
[E]: TODO: sceNpLookupCreateTransactionCtx
[W]: Unknown function 0xeb7a3d84 in 'sceNp' module
[E]: TODO: sceNpManagerGetChatRestrictionFlag
[W]: Unknown function 0xec0a1fbf in 'sceNp' module
[E]: TODO: sceNpBasicSendMessage
[W]: Unknown function 0xf0a9182b in 'sceNp' module
[E]: TODO: sceNpFriendlist
[W]: Unknown function 0xfb87cf5e in 'sceNp' module
[E]: TODO: sceNpLookupDestroyTransactionCtx
[W]: Unknown function 0xfe37a7f4 in 'sceNp' module
[E]: TODO: sceNpManagerGetNpId
[W]: Unknown function 0x155de760 in 'sceNp' module
[E]: TODO: sceNpSignalingGetConnectionInfo
[W]: Unknown function 0x52a6b523 in 'sceNp' module
[E]: TODO: sceNpManagerUnregisterCallback
[W]: Unknown function 0x60897c38 in 'sceNp' module
[E]: TODO: sceNpSignalingActivateConnection
[W]: Unknown function 0x6356082e in 'sceNp' module
[E]: TODO: sceNpSignalingCreateCtx
[W]: Unknown function 0xa8cf8451 in 'sceNp' module
[E]: TODO: sceNpSignalingDestroyCtx
[W]: Unknown function 0xca0a2d04 in 'sceNp' module
[E]: TODO: sceNpSignalingGetConnectionStatus
[W]: Unknown function 0xe7dcd3b4 in 'sceNp' module
[E]: TODO: sceNpManagerRegisterCallback
[W]: Unknown function 0xfd0eb5ae in 'sceNp' module
[E]: TODO: sceNpSignalingDeactivateConnection
[W]: Unknown module 'sceNpSns'
[W]: Unknown module 'sceNpCommerce2'
[W]: Unknown function 0x714a9b4a in 'cellL10n' module
[E]: TODO: UCS2stoUTF16s
[W]: Unknown module 'cellSysutilAvconfExt'
[W]: Unknown function 0x967a162b in 'sys_fs' module
[E]: TODO: cellFsFsync
[W]: Unknown function 0xbef554a4 in 'sys_fs' module
[E]: TODO: cellFsUtime
[W]: Unknown function 0x04accebf in 'cellHttpUtil' module
[E]: TODO: cellHttpUtilBuildHeader
[W]: Unknown function 0x32faaf58 in 'cellHttpUtil' module
[E]: TODO: cellHttpUtilParseUri
[W]: Unknown function 0xa3457869 in 'cellHttpUtil' module
[E]: TODO: cellHttpUtilParseProxy
[W]: Unknown function 0xe1fb0ebd in 'cellHttpUtil' module
[E]: TODO: cellHttpUtilParseHeader
[W]: Unknown function 0x65336418 in 'cellMic' module
[E]: TODO: cellMicRemoveNotifyEventQueue
[W]: Unknown function 0x7903400e in 'cellMic' module
[E]: TODO: cellMicSetNotifyEventQueue
[W]: Unknown function 0x8325e02d in 'cellMic' module
[E]: TODO: cellMicInit
[W]: Unknown function 0x8d229f8e in 'cellMic' module
[E]: TODO: cellMicClose
[W]: Unknown function 0xb30780eb in 'cellMic' module
[E]: TODO: cellMicGetSignalState
[W]: Unknown function 0xc414faa5 in 'cellMic' module
[E]: TODO: cellMicReadDsp
[W]: Unknown function 0xc6328caa in 'cellMic' module
[E]: TODO: cellMicEnd
[W]: Unknown function 0xdd1b59f0 in 'cellMic' module
[E]: TODO: cellMicOpen
[W]: Unknown function 0xdd724314 in 'cellMic' module
[E]: TODO: cellMicStart
[W]: Unknown function 0xfcfaf246 in 'cellMic' module
[E]: TODO: cellMicStop
[S]: Game: boot done.
[W : PPU[1] Thread (CPUThread)[0x029ff04c]]: sys_lwmutex warning: *** lwmutex created [_lc_mtx] (attribute=0x12): sq_id = 3
[W : PPU[1] Thread (CPUThread)[0x0145e564]]: memory warning: sys_memory_get_user_memory_size(mem_info_addr=0xd0010c04)
[W : PPU[1] Thread (CPUThread)[0x029ff04c]]: sys_lwmutex warning: *** lwmutex created [_lc_mtx] (attribute=0x12): sq_id = 4
[W : PPU[1] Thread (CPUThread)[0x029ff04c]]: sys_lwmutex warning: *** lwmutex created [_lc_mtx] (attribute=0x12): sq_id = 5
[W : PPU[1] Thread (CPUThread)[0x029ff04c]]: sys_lwmutex warning: *** lwmutex created [_lc_mtx] (attribute=0x12): sq_id = 6
[W : PPU[1] Thread (CPUThread)[0x029ff04c]]: sys_lwmutex warning: *** lwmutex created [_lc_mtx] (attribute=0x12): sq_id = 7
[W : PPU[1] Thread (CPUThread)[0x029ff04c]]: sys_lwmutex warning: *** lwmutex created [_lc_mtx] (attribute=0x12): sq_id = 8
[W : PPU[1] Thread (CPUThread)[0x029ff04c]]: sys_lwmutex warning: *** lwmutex created [_lc_mtx] (attribute=0x12): sq_id = 9
[W : PPU[1] Thread (CPUThread)[0x029ff04c]]: sys_lwmutex warning: *** lwmutex created [_lc_mtx] (attribute=0x12): sq_id = 10
[W : PPU[1] Thread (CPUThread)[0x029ff04c]]: sys_lwmutex warning: *** lwmutex created [_lc_mtx] (attribute=0x12): sq_id = 11
[W : PPU[1] Thread (CPUThread)[0x029ff04c]]: sys_lwmutex warning: *** lwmutex created [_lc_mtx] (attribute=0x12): sq_id = 12
[W : PPU[1] Thread (CPUThread)[0x029ff04c]]: sys_lwmutex warning: *** lwmutex created [] (attribute=0x12): sq_id = 13
[W : PPU[1] Thread (CPUThread)[0x029ff04c]]: sys_lwmutex warning: *** lwmutex created [] (attribute=0x12): sq_id = 14
[W : PPU[1] Thread (CPUThread)[0x029ff04c]]: sys_lwmutex warning: *** lwmutex created [] (attribute=0x12): sq_id = 15
[W : PPU[1] Thread (CPUThread)[0x029ff04c]]: sys_lwmutex warning: *** lwmutex created [] (attribute=0x12): sq_id = 16
[W : PPU[1] Thread (CPUThread)[0x029ff04c]]: sys_lwmutex warning: *** lwmutex created [] (attribute=0x12): sq_id = 17
[W : PPU[1] Thread (CPUThread)[0x029ff04c]]: sys_lwmutex warning: *** lwmutex created [] (attribute=0x12): sq_id = 18
[W : PPU[1] Thread (CPUThread)[0x029ff04c]]: sys_lwmutex warning: *** lwmutex created [] (attribute=0x12): sq_id = 19
[W : PPU[1] Thread (CPUThread)[0x029ff04c]]: sys_lwmutex warning: *** lwmutex created [] (attribute=0x12): sq_id = 20
[W : PPU[1] Thread (CPUThread)[0x029ff04c]]: sys_lwmutex warning: *** lwmutex created [] (attribute=0x12): sq_id = 21
[W : PPU[1] Thread (CPUThread)[0x029ff04c]]: sys_lwmutex warning: *** lwmutex created [] (attribute=0x12): sq_id = 22
[W : PPU[1] Thread (CPUThread)[0x029ff04c]]: sys_lwmutex warning: *** lwmutex created [] (attribute=0x12): sq_id = 23
[W : PPU[1] Thread (CPUThread)[0x029ff04c]]: sys_lwmutex warning: *** lwmutex created [] (attribute=0x12): sq_id = 24
[W : PPU[1] Thread (CPUThread)[0x029ff04c]]: sys_lwmutex warning: *** lwmutex created [] (attribute=0x12): sq_id = 25
[W : PPU[1] Thread (CPUThread)[0x029ff04c]]: sys_lwmutex warning: *** lwmutex created [] (attribute=0x12): sq_id = 26
[W : PPU[1] Thread (CPUThread)[0x029ff04c]]: sys_lwmutex warning: *** lwmutex created [] (attribute=0x12): sq_id = 27
[W : PPU[1] Thread (CPUThread)[0x029ff04c]]: sys_lwmutex warning: *** lwmutex created [] (attribute=0x12): sq_id = 28
[W : PPU[1] Thread (CPUThread)[0x029ff04c]]: sys_lwmutex warning: *** lwmutex created [] (attribute=0x12): sq_id = 29
[W : PPU[1] Thread (CPUThread)[0x029ff04c]]: sys_lwmutex warning: *** lwmutex created [] (attribute=0x12): sq_id = 30
[W : PPU[1] Thread (CPUThread)[0x029ff04c]]: sys_lwmutex warning: *** lwmutex created [] (attribute=0x12): sq_id = 31
[W : PPU[1] Thread (CPUThread)[0x029ff04c]]: sys_lwmutex warning: *** lwmutex created [] (attribute=0x12): sq_id = 32
[W : PPU[1] Thread (CPUThread)[0x029ff04c]]: sys_lwmutex warning: *** lwmutex created [] (attribute=0x12): sq_id = 33
[W : PPU[1] Thread (CPUThread)[0x029ff04c]]: sys_lwmutex warning: *** lwmutex created [] (attribute=0x12): sq_id = 34
[W : PPU[1] Thread (CPUThread)[0x029ff04c]]: sys_lwmutex warning: *** lwmutex created [] (attribute=0x12): sq_id = 35
[W : PPU[1] Thread (CPUThread)[0x029ff04c]]: sys_lwmutex warning: *** lwmutex created [] (attribute=0x12): sq_id = 36
[W : PPU[1] Thread (CPUThread)[0x029ff04c]]: sys_lwmutex warning: *** lwmutex created [] (attribute=0x12): sq_id = 37
[W : PPU[1] Thread (CPUThread)[0x029ff04c]]: sys_lwmutex warning: *** lwmutex created [] (attribute=0x12): sq_id = 38
[W : PPU[1] Thread (CPUThread)[0x0007fdc0]]: memory warning: sys_memory_get_user_memory_size(mem_info_addr=0xd0010214)
[W : PPU[1] Thread (CPUThread)[0x0007fed8]]: vm warning: sys_vm_memory_map(vsize=0x10000000,psize=0xec90000,cidr=0xffffffff,flags=0x200,policy=0x1,addr=0x26e425c)
[W : PPU[1] Thread (CPUThread)[0x0007ff78]]: memory warning: sys_mmapper_allocate_address(size=0x10000000, flags=0x40f, alignment=0x10000000, alloc_addr=0xd0010210)
[W : PPU[1] Thread (CPUThread)[0x000807ac]]: vm warning: Unimplemented function: sys_vm_touch(addr=0x30010000,size=0x20000)
[W : PPU[1] Thread (CPUThread)[0x000807ac]]: vm warning: Unimplemented function: sys_vm_touch(addr=0x30030000,size=0x20000)
[W : PPU[1] Thread (CPUThread)[0x029ff04c]]: sys_lwmutex warning: *** lwmutex created [] (attribute=0x12): sq_id = 39
[W : PPU[1] Thread (CPUThread)[0x029ff04c]]: sys_lwmutex warning: *** lwmutex created [] (attribute=0x12): sq_id = 40
[W : PPU[1] Thread (CPUThread)[0x029ff04c]]: sys_lwmutex warning: *** lwmutex created [] (attribute=0x12): sq_id = 41
[W : PPU[1] Thread (CPUThread)[0x029ff04c]]: sys_lwmutex warning: *** lwmutex created [] (attribute=0x12): sq_id = 42
[W : PPU[1] Thread (CPUThread)[0x029ff04c]]: sys_lwmutex warning: *** lwmutex created [] (attribute=0x12): sq_id = 43
[W : PPU[1] Thread (CPUThread)[0x029ff04c]]: sys_lwmutex warning: *** lwmutex created [] (attribute=0x12): sq_id = 44
[W : PPU[1] Thread (CPUThread)[0x029ff04c]]: sys_lwmutex warning: *** lwmutex created [] (attribute=0x12): sq_id = 45
[W : PPU[1] Thread (CPUThread)[0x029ff04c]]: sys_lwmutex warning: *** lwmutex created [] (attribute=0x12): sq_id = 46
[W : PPU[1] Thread (CPUThread)[0x029ff04c]]: sys_lwmutex warning: *** lwmutex created [] (attribute=0x12): sq_id = 47
[W : PPU[1] Thread (CPUThread)[0x029ff04c]]: sys_lwmutex warning: *** lwmutex created [] (attribute=0x12): sq_id = 48
[W : PPU[1] Thread (CPUThread)[0x029ff04c]]: sys_lwmutex warning: *** lwmutex created [] (attribute=0x12): sq_id = 49
[W : PPU[1] Thread (CPUThread)[0x029ff04c]]: sys_lwmutex warning: *** lwmutex created [] (attribute=0x12): sq_id = 50
[W : PPU[1] Thread (CPUThread)[0x029ff04c]]: sys_lwmutex warning: *** lwmutex created [] (attribute=0x12): sq_id = 51
[W : PPU[1] Thread (CPUThread)[0x029ff04c]]: sys_lwmutex warning: *** lwmutex created [] (attribute=0x12): sq_id = 52
[W : PPU[1] Thread (CPUThread)[0x029ff04c]]: sys_lwmutex warning: *** lwmutex created [] (attribute=0x12): sq_id = 53
[W : PPU[1] Thread (CPUThread)[0x029ff04c]]: sys_lwmutex warning: *** lwmutex created [] (attribute=0x12): sq_id = 54
[W : PPU[1] Thread (CPUThread)[0x029ff04c]]: sys_lwmutex warning: *** lwmutex created [] (attribute=0x12): sq_id = 55
[W : PPU[1] Thread (CPUThread)[0x029ff04c]]: sys_lwmutex warning: *** lwmutex created [] (attribute=0x12): sq_id = 56
[W : PPU[1] Thread (CPUThread)[0x029ff04c]]: sys_lwmutex warning: *** lwmutex created [] (attribute=0x12): sq_id = 57
[W : PPU[1] Thread (CPUThread)[0x029ff04c]]: sys_lwmutex warning: *** lwmutex created [] (attribute=0x12): sq_id = 58
[W : PPU[1] Thread (CPUThread)[0x000807ac]]: vm warning: Unimplemented function: sys_vm_touch(addr=0x30050000,size=0x20000)
[W : PPU[1] Thread (CPUThread)[0x000807ac]]: vm warning: Unimplemented function: sys_vm_touch(addr=0x30070000,size=0x100000)
[W : PPU[1] Thread (CPUThread)[0x000807ac]]: vm warning: Unimplemented function: sys_vm_touch(addr=0x30170000,size=0x20000)
[W : PPU[1] Thread (CPUThread)[0x029ff04c]]: sys_lwmutex warning: *** lwmutex created [_lc_mtx] (attribute=0x12): sq_id = 59
[W : PPU[1] Thread (CPUThread)[0x029ff04c]]: sys_lwmutex warning: *** lwmutex created [_lc_mtx] (attribute=0x12): sq_id = 60
[W : PPU[1] Thread (CPUThread)[0x029ff04c]]: sys_lwmutex warning: *** lwmutex created [_lc_mtx] (attribute=0x12): sq_id = 61
[W : PPU[1] Thread (CPUThread)[0x029ff04c]]: sys_lwmutex warning: *** lwmutex created [_lc_mtx] (attribute=0x12): sq_id = 62
[W : PPU[1] Thread (CPUThread)[0x029ff04c]]: sys_lwmutex warning: *** lwmutex created [_lc_mtx] (attribute=0x12): sq_id = 63
[W : PPU[1] Thread (CPUThread)[0x029ff04c]]: sys_lwmutex warning: *** lwmutex created [_lc_mtx] (attribute=0x12): sq_id = 64
[W : PPU[1] Thread (CPUThread)[0x029ff04c]]: sys_lwmutex warning: *** lwmutex created [_lc_mtx] (attribute=0x12): sq_id = 65
[W : PPU[1] Thread (CPUThread)[0x029ff04c]]: sys_lwmutex warning: *** lwmutex created [_lc_mtx] (attribute=0x12): sq_id = 66
[W : PPU[1] Thread (CPUThread)[0x029ff04c]]: sys_lwmutex warning: *** lwmutex created [_lc_mtx] (attribute=0x12): sq_id = 67
[W : PPU[1] Thread (CPUThread)[0x029ff04c]]: sys_lwmutex warning: *** lwmutex created [_lc_mtx] (attribute=0x12): sq_id = 68
[W : PPU[1] Thread (CPUThread)[0x029ff04c]]: sys_lwmutex warning: *** lwmutex created [_lc_mtx] (attribute=0x12): sq_id = 69
[W : PPU[1] Thread (CPUThread)[0x029ff04c]]: sys_lwmutex warning: *** lwmutex created [_lc_mtx] (attribute=0x12): sq_id = 70
[W : PPU[1] Thread (CPUThread)[0x029ff04c]]: sys_lwmutex warning: *** lwmutex created [Adaptiv] (attribute=0x12): sq_id = 71
[W : PPU[1] Thread (CPUThread)[0x029ff04c]]: sys_lwmutex warning: *** lwmutex created [Adaptiv] (attribute=0x12): sq_id = 72
[W : PPU[1] Thread (CPUThread)[0x029ff04c]]: sys_lwmutex warning: *** lwmutex created [Adaptiv] (attribute=0x12): sq_id = 73
[W : PPU[1] Thread (CPUThread)[0x029ff04c]]: sys_lwmutex warning: *** lwmutex created [Adaptiv] (attribute=0x12): sq_id = 74
[W : PPU[1] Thread (CPUThread)[0x029ff04c]]: sys_lwmutex warning: *** lwmutex created [Adaptiv] (attribute=0x12): sq_id = 75
[W : PPU[1] Thread (CPUThread)[0x029ff04c]]: sys_lwmutex warning: *** lwmutex created [Adaptiv] (attribute=0x12): sq_id = 76
[W : PPU[1] Thread (CPUThread)[0x029ff04c]]: sys_lwmutex warning: *** lwmutex created [] (attribute=0x22): sq_id = 77
[W : PPU[1] Thread (CPUThread)[0x029ff04c]]: sys_lwmutex warning: *** lwmutex created [] (attribute=0x12): sq_id = 78
[W : PPU[1] Thread (CPUThread)[0x029ff04c]]: sys_lwmutex warning: *** lwmutex created [] (attribute=0x12): sq_id = 79
[W : PPU[1] Thread (CPUThread)[0x029ff04c]]: sys_lwmutex warning: *** lwmutex created [Adaptiv] (attribute=0x12): sq_id = 80
[W : PPU[1] Thread (CPUThread)[0x029ff04c]]: sys_lwmutex warning: *** lwmutex created [] (attribute=0x12): sq_id = 81
[W : PPU[1] Thread (CPUThread)[0x000807ac]]: vm warning: Unimplemented function: sys_vm_touch(addr=0x30190000,size=0x0)
[W : PPU[1] Thread (CPUThread)[0x000807ac]]: vm warning: Unimplemented function: sys_vm_touch(addr=0x30190000,size=0x10000)
[W : PPU[1] Thread (CPUThread)[0x029ff04c]]: sys_lwmutex warning: *** lwmutex created [] (attribute=0x12): sq_id = 82
[W : PPU[1] Thread (CPUThread)[0x029ff04c]]: sys_lwmutex warning: *** lwmutex created [] (attribute=0x12): sq_id = 83
[W : PPU[1] Thread (CPUThread)[0x029ff04c]]: sys_lwmutex warning: *** lwmutex created [] (attribute=0x12): sq_id = 84
[W : PPU[1] Thread (CPUThread)[0x029ff04c]]: sys_lwmutex warning: *** lwmutex created [] (attribute=0x12): sq_id = 85
[W : PPU[1] Thread (CPUThread)[0x029ff04c]]: sys_lwmutex warning: *** lwmutex created [] (attribute=0x12): sq_id = 86
[W : PPU[1] Thread (CPUThread)[0x029ff04c]]: sys_lwmutex warning: *** lwmutex created [] (attribute=0x12): sq_id = 87
[W : PPU[1] Thread (CPUThread)[0x029ff04c]]: sys_lwmutex warning: *** lwmutex created [] (attribute=0x12): sq_id = 88
[W : PPU[1] Thread (CPUThread)[0x029ff04c]]: sys_lwmutex warning: *** lwmutex created [] (attribute=0x12): sq_id = 89
[W : PPU[1] Thread (CPUThread)[0x029ff04c]]: sys_lwmutex warning: *** lwmutex created [] (attribute=0x12): sq_id = 90
[W : PPU[1] Thread (CPUThread)[0x029ff04c]]: sys_lwmutex warning: *** lwmutex created [] (attribute=0x12): sq_id = 91
[W : PPU[1] Thread (CPUThread)[0x029ff04c]]: sys_lwmutex warning: *** lwmutex created [] (attribute=0x12): sq_id = 92
[W : PPU[1] Thread (CPUThread)[0x029ff04c]]: sys_lwmutex warning: *** lwmutex created [] (attribute=0x12): sq_id = 93
[W : PPU[1] Thread (CPUThread)[0x00012004]]: memory warning: sys_memory_get_user_memory_size(mem_info_addr=0xd0010798)
[W : PPU[1] Thread (CPUThread)[0x029d701c]]: cellSysmodule warning: cellSysmoduleIsLoaded(CELL_SYSMODULE_FS)
[W : PPU[1] Thread (CPUThread)[0x029d7010]]: cellSysmodule warning: cellSysmoduleLoadModule(CELL_SYSMODULE_FS)
[W : PPU[1] Thread (CPUThread)[0x029d701c]]: cellSysmodule warning: cellSysmoduleIsLoaded(CELL_SYSMODULE_NET)
[W : PPU[1] Thread (CPUThread)[0x029d7010]]: cellSysmodule warning: cellSysmoduleLoadModule(CELL_SYSMODULE_NET)
[W : PPU[1] Thread (CPUThread)[0x029d701c]]: cellSysmodule warning: cellSysmoduleIsLoaded(CELL_SYSMODULE_IO)
[W : PPU[1] Thread (CPUThread)[0x029d7010]]: cellSysmodule warning: cellSysmoduleLoadModule(CELL_SYSMODULE_IO)
[W : PPU[1] Thread (CPUThread)[0x029d701c]]: cellSysmodule warning: cellSysmoduleIsLoaded(CELL_SYSMODULE_GCM_SYS)
[W : PPU[1] Thread (CPUThread)[0x029d7010]]: cellSysmodule warning: cellSysmoduleLoadModule(CELL_SYSMODULE_GCM_SYS)
[W : PPU[1] Thread (CPUThread)[0x029d701c]]: cellSysmodule warning: cellSysmoduleIsLoaded(CELL_SYSMODULE_GCM_SYS)
[W : PPU[1] Thread (CPUThread)[0x029d701c]]: cellSysmodule warning: cellSysmoduleIsLoaded(CELL_SYSMODULE_SYSUTIL)
[W : PPU[1] Thread (CPUThread)[0x029d7010]]: cellSysmodule warning: cellSysmoduleLoadModule(CELL_SYSMODULE_SYSUTIL)
[W : PPU[1] Thread (CPUThread)[0x029d701c]]: cellSysmodule warning: cellSysmoduleIsLoaded(CELL_SYSMODULE_KEY2CHAR)
[W : PPU[1] Thread (CPUThread)[0x029d7010]]: cellSysmodule warning: cellSysmoduleLoadModule(CELL_SYSMODULE_KEY2CHAR)
[W : PPU[1] Thread (CPUThread)[0x029d701c]]: cellSysmodule warning: cellSysmoduleIsLoaded(CELL_SYSMODULE_SYSUTIL_NP)
[W : PPU[1] Thread (CPUThread)[0x029d7010]]: cellSysmodule warning: cellSysmoduleLoadModule(CELL_SYSMODULE_SYSUTIL_NP)
[W : PPU[1] Thread (CPUThread)[0x029d701c]]: cellSysmodule warning: cellSysmoduleIsLoaded(CELL_SYSMODULE_L10N)
[W : PPU[1] Thread (CPUThread)[0x029d7010]]: cellSysmodule warning: cellSysmoduleLoadModule(CELL_SYSMODULE_L10N)
[W : PPU[1] Thread (CPUThread)[0x029d701c]]: cellSysmodule warning: cellSysmoduleIsLoaded(CELL_SYSMODULE_AVCONF_EXT)
[W : PPU[1] Thread (CPUThread)[0x029d7010]]: cellSysmodule warning: cellSysmoduleLoadModule(CELL_SYSMODULE_AVCONF_EXT)
[W : PPU[1] Thread (CPUThread)[0x029d701c]]: cellSysmodule warning: cellSysmoduleIsLoaded(CELL_SYSMODULE_SYSUTIL_USERINFO)
[W : PPU[1] Thread (CPUThread)[0x029d7010]]: cellSysmodule warning: cellSysmoduleLoadModule(CELL_SYSMODULE_SYSUTIL_USERINFO)
[W : PPU[1] Thread (CPUThread)[0x029d701c]]: cellSysmodule warning: cellSysmoduleIsLoaded(CELL_SYSMODULE_MIC)
[W : PPU[1] Thread (CPUThread)[0x029d7010]]: cellSysmodule warning: cellSysmoduleLoadModule(CELL_SYSMODULE_MIC)
[W : PPU[1] Thread (CPUThread)[0x029d701c]]: cellSysmodule warning: cellSysmoduleIsLoaded(CELL_SYSMODULE_SYSUTIL_GAME_EXEC)
[W : PPU[1] Thread (CPUThread)[0x029d7010]]: cellSysmodule warning: cellSysmoduleLoadModule(CELL_SYSMODULE_SYSUTIL_GAME_EXEC)
[W : PPU[1] Thread (CPUThread)[0x029d701c]]: cellSysmodule warning: cellSysmoduleIsLoaded(CELL_SYSMODULE_HTTPS)
[W : PPU[1] Thread (CPUThread)[0x029d7010]]: cellSysmodule warning: cellSysmoduleLoadModule(CELL_SYSMODULE_HTTPS)
[W : PPU[1] Thread (CPUThread)[0x029d701c]]: cellSysmodule warning: cellSysmoduleIsLoaded(CELL_SYSMODULE_HTTP_UTIL)
[W : PPU[1] Thread (CPUThread)[0x029d7010]]: cellSysmodule warning: cellSysmoduleLoadModule(CELL_SYSMODULE_HTTP_UTIL)
[W : PPU[1] Thread (CPUThread)[0x029d701c]]: cellSysmodule warning: cellSysmoduleIsLoaded(CELL_SYSMODULE_SYSUTIL_GAME)
[W : PPU[1] Thread (CPUThread)[0x029d7010]]: cellSysmodule warning: cellSysmoduleLoadModule(CELL_SYSMODULE_SYSUTIL_GAME)
[W : PPU[1] Thread (CPUThread)[0x029d701c]]: cellSysmodule warning: cellSysmoduleIsLoaded(CELL_SYSMODULE_SYSUTIL_NP_SNS)
[W : PPU[1] Thread (CPUThread)[0x029d7010]]: cellSysmodule warning: cellSysmoduleLoadModule(CELL_SYSMODULE_SYSUTIL_NP_SNS)
[W : PPU[1] Thread (CPUThread)[0x00012234]]: memory warning: sys_memory_get_user_memory_size(mem_info_addr=0xd00107a0)
[W : PPU[1] Thread (CPUThread)[0x029df04c]]: cellGame warning: cellGameBootCheck(type_addr=0x26a92ac, attributes_addr=0x26d8ebc, size_addr=0xd00107a8, dirName_addr=0xd0010770)
[W : PPU[1] Thread (CPUThread)[0x000807ac]]: vm warning: Unimplemented function: sys_vm_touch(addr=0x301a0000,size=0x10000)
[W : PPU[1] Thread (CPUThread)[0x029ff04c]]: sys_lwmutex warning: *** lwmutex created [] (attribute=0x12): sq_id = 94
[W : PPU[1] Thread (CPUThread)[0x000807ac]]: vm warning: Unimplemented function: sys_vm_touch(addr=0x301b0000,size=0x60000)
[W : PPU[1] Thread (CPUThread)[0x029df004]]: cellGame warning: cellGameGetParamString(id=100, buf_addr=0x26a92a0, bufsize=10)
[W : PPU[1] Thread (CPUThread)[0x029df034]]: cellGame warning: cellGameGetParamInt(id=102, value_addr=0xd00106f0)
[W : PPU[1] Thread (CPUThread)[0x029df01c]]: cellGame warning: cellGameContentPermit(contentInfoPath_addr=0xd0010988, usrdirPath_addr=0xd0010880)
[W : PPU[1] Thread (CPUThread)[0x029d701c]]: cellSysmodule warning: cellSysmoduleIsLoaded(CELL_SYSMODULE_NET)
[W : PPU[1] Thread (CPUThread)[0x029d701c]]: cellSysmodule warning: cellSysmoduleIsLoaded(CELL_SYSMODULE_RTC)
[W : PPU[1] Thread (CPUThread)[0x029d7010]]: cellSysmodule warning: cellSysmoduleLoadModule(CELL_SYSMODULE_RTC)
[W : PPU[1] Thread (CPUThread)[0x029ff04c]]: sys_lwmutex warning: *** lwmutex created [Adaptiv] (attribute=0x12): sq_id = 95
[W : PPU[1] Thread (CPUThread)[0x029ff04c]]: sys_lwmutex warning: *** lwmutex created [Adaptiv] (attribute=0x12): sq_id = 96
[W : PPU[1] Thread (CPUThread)[0x029ff04c]]: sys_lwmutex warning: *** lwmutex created [Adaptiv] (attribute=0x12): sq_id = 97
[W : PPU[1] Thread (CPUThread)[0x029ff04c]]: sys_lwmutex warning: *** lwmutex created [Adaptiv] (attribute=0x12): sq_id = 98
[W : PPU[1] Thread (CPUThread)[0x029ff04c]]: sys_lwmutex warning: *** lwmutex created [Adaptiv] (attribute=0x12): sq_id = 99
[W : PPU[1] Thread (CPUThread)[0x029ff04c]]: sys_lwmutex warning: *** lwmutex created [Adaptiv] (attribute=0x12): sq_id = 100
[W : PPU[1] Thread (CPUThread)[0x029ff04c]]: sys_lwmutex warning: *** lwmutex created [Adaptiv] (attribute=0x12): sq_id = 101
[W : PPU[1] Thread (CPUThread)[0x029ff04c]]: sys_lwmutex warning: *** lwmutex created [Adaptiv] (attribute=0x12): sq_id = 102
[W : PPU[1] Thread (CPUThread)[0x029ff04c]]: sys_lwmutex warning: *** lwmutex created [Adaptiv] (attribute=0x12): sq_id = 103
[W : PPU[1] Thread (CPUThread)[0x000807ac]]: vm warning: Unimplemented function: sys_vm_touch(addr=0x30210000,size=0x20000)
[W : PPU[1] Thread (CPUThread)[0x029d30ac]]: sys_net warning: sys_net_initialize_network_ex(param_addr=0xd0010204)
[E : PPU[1] Thread (CPUThread)[0x029d5064]]: cellNetCtl error: Unimplemented function: cellNetCtlInit
[W : PPU[1] Thread (CPUThread)[0x029ff04c]]: sys_lwmutex warning: *** lwmutex created [Adaptiv] (attribute=0x12): sq_id = 104
[W : PPU[1] Thread (CPUThread)[0x029ff04c]]: sys_lwmutex warning: *** lwmutex created [Adaptiv] (attribute=0x12): sq_id = 105
[W : PPU[1] Thread (CPUThread)[0x029ff04c]]: sys_lwmutex warning: *** lwmutex created [Adaptiv] (attribute=0x12): sq_id = 106
[W : PPU[1] Thread (CPUThread)[0x029ff04c]]: sys_lwmutex warning: *** lwmutex created [Adaptiv] (attribute=0x12): sq_id = 107
[W : PPU[1] Thread (CPUThread)[0x029ff04c]]: sys_lwmutex warning: *** lwmutex created [EventMu] (attribute=0x22): sq_id = 108
[W : PPU[1] Thread (CPUThread)[0x029ff130]]: sys_lwcond warning: *** lwcond created [EventCo] (lwmutex_addr=0x286d5a8): id = 109
[W : PPU[1] Thread (CPUThread)[0x029ff04c]]: sys_lwmutex warning: *** lwmutex created [EventMu] (attribute=0x22): sq_id = 110
[W : PPU[1] Thread (CPUThread)[0x029ff130]]: sys_lwcond warning: *** lwcond created [EventCo] (lwmutex_addr=0x286d5d8): id = 111
[W : PPU[1] Thread (CPUThread)[0x010b4f28]]: sys_spu warning: sys_spu_initialize(max_usable_spu=6, max_raw_spu=0)
[W : PPU[1] Thread (CPUThread)[0x010b4c8c]]: sys_event warning: sys_event_queue_create(equeue_id_addr=0x286d644, attr_addr=0xd00102c0, event_queue_key=0x0, size=8)
[W : PPU[1] Thread (CPUThread)[0x010b4c8c]]: sys_event warning: *** event_queue created [] (protocol=0x2, type=0x1): id = 112
[! : PPU[1] Thread (CPUThread)[0x029ff028]]: *** New PPU Thread [Gear SPU Printf Handler] (): id = 113
[W : PPU[1] Thread (CPUThread)[0x010b4ea8]]: sys_event warning: sys_event_port_create(eport_id_addr=0x286d648, port_type=0x1, name=0xfee1dead)
[W : PPU[1] Thread (CPUThread)[0x010b4ea8]]: sys_event warning: *** sys_event_port created: id = 114
[W : PPU[1] Thread (CPUThread)[0x010b4ee0]]: sys_event warning: sys_event_port_connect_local(eport_id=114, equeue_id=112)
[W : PPU[1] Thread (CPUThread)[0x029d91d8]]: cellSpurs warning: _cellSpursAttributeInitialize(attr_addr=0xd0010080, nSpus=2, spuPriority=3342336, ppuPriority=6, exitIfNoWork=11)
[W : PPU[1] Thread (CPUThread)[0x029d910c]]: cellSpurs warning: cellSpursAttributeSetNamePrefix(attr_addr=0xd0010080, prefix_addr=0x224b238, size=0xc)
[E : PPU[1] Thread (CPUThread)[0x029d91e4]]: cellSpurs error: cellSpursAttributeEnableSystemWorkload(attr_addr=0xd0010080, priority[39639688], maxSpu=2, isPreemptible[39639696])
[E : PPU[1] Thread (CPUThread)[0x010b4b34]]: Unknown syscall: 254 - 000000fe
[W : PPU[1] Thread (CPUThread)[0x029d9208]]: cellSpurs warning: cellSpursInitializeWithAttribute(spurs_addr=0x3ed01000, spurs_addr=0xd0010080)
[E : PPU[1] Thread (CPUThread)[0x029d9214]]: cellSpurs error: cellSpursAttachLv2EventQueue(spurs_addr=0x3ed01000, queue=0x70, port_addr=0xd0010284, isDynamic=0)
[W : PPU[1] Thread (CPUThread)[0x029ff04c]]: sys_lwmutex warning: *** lwmutex created [Adaptiv] (attribute=0x12): sq_id = 115
[W : PPU[1] Thread (CPUThread)[0x029ff04c]]: sys_lwmutex warning: *** lwmutex created [Adaptiv] (attribute=0x12): sq_id = 116
[W : PPU[1] Thread (CPUThread)[0x029ff04c]]: sys_lwmutex warning: *** lwmutex created [Adaptiv] (attribute=0x12): sq_id = 117
[W : PPU[1] Thread (CPUThread)[0x029ff04c]]: sys_lwmutex warning: *** lwmutex created [Adaptiv] (attribute=0x12): sq_id = 118
[W : PPU[1] Thread (CPUThread)[0x029ff04c]]: sys_lwmutex warning: *** lwmutex created [Adaptiv] (attribute=0x12): sq_id = 119
[W : PPU[1] Thread (CPUThread)[0x029ff04c]]: sys_lwmutex warning: *** lwmutex created [EventMu] (attribute=0x22): sq_id = 120
[W : PPU[1] Thread (CPUThread)[0x029ff130]]: sys_lwcond warning: *** lwcond created [EventCo] (lwmutex_addr=0x286d800): id = 121
[W : PPU[1] Thread (CPUThread)[0x029ff04c]]: sys_lwmutex warning: *** lwmutex created [EventMu] (attribute=0x22): sq_id = 122
[W : PPU[1] Thread (CPUThread)[0x029ff130]]: sys_lwcond warning: *** lwcond created [EventCo] (lwmutex_addr=0x286d830): id = 123
[W : PPU[1] Thread (CPUThread)[0x029ff04c]]: sys_lwmutex warning: *** lwmutex created [EventMu] (attribute=0x22): sq_id = 124
[W : PPU[1] Thread (CPUThread)[0x029ff130]]: sys_lwcond warning: *** lwcond created [EventCo] (lwmutex_addr=0x286d890): id = 125
[W : PPU[1] Thread (CPUThread)[0x029ff04c]]: sys_lwmutex warning: *** lwmutex created [Adaptiv] (attribute=0x12): sq_id = 126
[W : PPU[1] Thread (CPUThread)[0x029ff04c]]: sys_lwmutex warning: *** lwmutex created [Adaptiv] (attribute=0x12): sq_id = 127
[W : PPU[1] Thread (CPUThread)[0x029ff04c]]: sys_lwmutex warning: *** lwmutex created [EventMu] (attribute=0x22): sq_id = 128
[W : PPU[1] Thread (CPUThread)[0x029ff130]]: sys_lwcond warning: *** lwcond created [EventCo] (lwmutex_addr=0x286d988): id = 129
[W : PPU[1] Thread (CPUThread)[0x029ff04c]]: sys_lwmutex warning: *** lwmutex created [EventMu] (attribute=0x22): sq_id = 130
[W : PPU[1] Thread (CPUThread)[0x029ff130]]: sys_lwcond warning: *** lwcond created [EventCo] (lwmutex_addr=0x286d9b8): id = 131
[W : PPU[1] Thread (CPUThread)[0x029ff04c]]: sys_lwmutex warning: *** lwmutex created [EventMu] (attribute=0x22): sq_id = 132
[W : PPU[1] Thread (CPUThread)[0x029ff130]]: sys_lwcond warning: *** lwcond created [EventCo] (lwmutex_addr=0x286da18): id = 133
[W : PPU[1] Thread (CPUThread)[0x029ff04c]]: sys_lwmutex warning: *** lwmutex created [EventMu] (attribute=0x22): sq_id = 134
[W : PPU[1] Thread (CPUThread)[0x029ff130]]: sys_lwcond warning: *** lwcond created [EventCo] (lwmutex_addr=0x286da48): id = 135
[W : PPU[1] Thread (CPUThread)[0x010d07bc]]: sys_spu warning: sys_spu_initialize(max_usable_spu=6, max_raw_spu=0)
[W : PPU[1] Thread (CPUThread)[0x029ff04c]]: sys_lwmutex warning: *** lwmutex created [Adaptiv] (attribute=0x12): sq_id = 136
[W : PPU[1] Thread (CPUThread)[0x029ff04c]]: sys_lwmutex warning: *** lwmutex created [Adaptiv] (attribute=0x12): sq_id = 137
[W : PPU[1] Thread (CPUThread)[0x029ff04c]]: sys_lwmutex warning: *** lwmutex created [Adaptiv] (attribute=0x12): sq_id = 138
[W : PPU[1] Thread (CPUThread)[0x029ff04c]]: sys_lwmutex warning: *** lwmutex created [Adaptiv] (attribute=0x12): sq_id = 139
[W : PPU[1] Thread (CPUThread)[0x000807ac]]: vm warning: Unimplemented function: sys_vm_touch(addr=0x30230000,size=0x10000)
[W : PPU[1] Thread (CPUThread)[0x029ff04c]]: sys_lwmutex warning: *** lwmutex created [Adaptiv] (attribute=0x12): sq_id = 140
[W : PPU[1] Thread (CPUThread)[0x029ff04c]]: sys_lwmutex warning: *** lwmutex created [Adaptiv] (attribute=0x12): sq_id = 141
[W : PPU[1] Thread (CPUThread)[0x029ff04c]]: sys_lwmutex warning: *** lwmutex created [EventMu] (attribute=0x22): sq_id = 142
[W : PPU[1] Thread (CPUThread)[0x029ff130]]: sys_lwcond warning: *** lwcond created [EventCo] (lwmutex_addr=0x2866f20): id = 143
[W : PPU[1] Thread (CPUThread)[0x029ff04c]]: sys_lwmutex warning: *** lwmutex created [EventMu] (attribute=0x22): sq_id = 144
[W : PPU[1] Thread (CPUThread)[0x029ff130]]: sys_lwcond warning: *** lwcond created [EventCo] (lwmutex_addr=0x2866f50): id = 145
[E : PPU[1] Thread (CPUThread)[0x029d9058]]: TODO: _cellSpursEventFlagInitialize
[E : PPU[1] Thread (CPUThread)[0x029d9088]]: cellSpurs error: cellSpursEventFlagAttachLv2EventQueue(event_flag_addr=0x30191400)
[! : PPU[1] Thread (CPUThread)[0x029ff028]]: *** New PPU Thread [Shears_SPURSProxy] (): id = 146
[E : PPU[146] Thread (Shears_SPURSProxy)[0x029d904c]]: cellSpurs error: cellSpursEventFlagWait(event_flag_addr=0x30191400, flag_bits_addr=0xd0030cb0, wait_mode=0)
[E : PPU[146] Thread (Shears_SPURSProxy)[0x029d904c]]: cellSpurs error: cellSpursEventFlagWait(event_flag_addr=0x30191400, flag_bits_addr=0xd0030cb0, wait_mode=0)
[E : PPU[146] Thread (Shears_SPURSProxy)[0x029d904c]]: cellSpurs error: cellSpursEventFlagWait(event_flag_addr=0x30191400, flag_bits_addr=0xd0030cb0, wait_mode=0)
[E : PPU[146] Thread (Shears_SPURSProxy)[0x029d904c]]: cellSpurs error: cellSpursEventFlagWait(event_flag_addr=0x30191400, flag_bits_addr=0xd0030cb0, wait_mode=0)
[E : PPU[146] Thread (Shears_SPURSProxy)[0x029d904c]]: cellSpurs error: cellSpursEventFlagWait(event_flag_addr=0x30191400, flag_bits_addr=0xd0030cb0, wait_mode=0)
[E : PPU[146] Thread (Shears_SPURSProxy)[0x029d904c]]: cellSpurs error: cellSpursEventFlagWait(event_flag_addr=0x30191400, flag_bits_addr=0xd0030cb0, wait_mode=0)
[E : PPU[146] Thread (Shears_SPURSProxy)[0x029d904c]]: cellSpurs error: cellSpursEventFlagWait(event_flag_addr=0x30191400, flag_bits_addr=0xd0030cb0, wait_mode=0)
[E : PPU[146] Thread (Shears_SPURSProxy)[0x029d904c]]: cellSpurs error: cellSpursEventFlagWait(event_flag_addr=0x30191400, flag_bits_addr=0xd0030cb0, wait_mode=0)
[E : PPU[146] Thread (Shears_SPURSProxy)[0x029d904c]]: cellSpurs error: cellSpursEventFlagWait(event_flag_addr=0x30191400, flag_bits_addr=0xd0030cb0, wait_mode=0)
[E : PPU[146] Thread (Shears_SPURSProxy)[0x029d904c]]: cellSpurs error: cellSpursEventFlagWait(event_flag_addr=0x30191400, flag_bits_addr=0xd0030cb0, wait_mode=0)
[E : PPU[146] Thread (Shears_SPURSProxy)[0x029d904c]]: cellSpurs error: cellSpursEventFlagWait(event_flag_addr=0x30191400, flag_bits_addr=0xd0030cb0, wait_mode=0)
[E : PPU[146] Thread (Shears_SPURSProxy)[0x029d904c]]: cellSpurs error: cellSpursEventFlagWait(event_flag_addr=0x30191400, flag_bits_addr=0xd0030cb0, wait_mode=0)
[E : PPU[146] Thread (Shears_SPURSProxy)[0x029d904c]]: cellSpurs error: cellSpursEventFlagWait(event_flag_addr=0x30191400, flag_bits_addr=0xd0030cb0, wait_mode=0)
[E : PPU[146] Thread (Shears_SPURSProxy)[0x029d904c]]: cellSpurs error: cellSpursEventFlagWait(event_flag_addr=0x30191400, flag_bits_addr=0xd0030cb0, wait_mode=0)
[E : PPU[146] Thread (Shears_SPURSProxy)[0x029d904c]]: cellSpurs error: cellSpursEventFlagWait(event_flag_addr=0x30191400, flag_bits_addr=0xd0030cb0, wait_mode=0)
[E : PPU[146] Thread (Shears_SPURSProxy)[0x029d904c]]: cellSpurs error: cellSpursEventFlagWait(event_flag_addr=0x30191400, flag_bits_addr=0xd0030cb0, wait_mode=0)
[E : PPU[146] Thread (Shears_SPURSProxy)[0x029d904c]]: cellSpurs error: cellSpursEventFlagWait(event_flag_addr=0x30191400, flag_bits_addr=0xd0030cb0, wait_mode=0)
[E : PPU[146] Thread (Shears_SPURSProxy)[0x029d904c]]: cellSpurs error: cellSpursEventFlagWait(event_flag_addr=0x30191400, flag_bits_addr=0xd0030cb0, wait_mode=0)
[E : PPU[146] Thread (Shears_SPURSProxy)[0x029d904c]]: cellSpurs error: cellSpursEventFlagWait(event_flag_addr=0x30191400, flag_bits_addr=0xd0030cb0, wait_mode=0)
[E : PPU[146] Thread (Shears_SPURSProxy)[0x029d904c]]: cellSpurs error: cellSpursEventFlagWait(event_flag_addr=0x30191400, flag_bits_addr=0xd0030cb0, wait_mode=0)
[E : PPU[146] Thread (Shears_SPURSProxy)[0x029d904c]]: cellSpurs error: cellSpursEventFlagWait(event_flag_addr=0x30191400, flag_bits_addr=0xd0030cb0, wait_mode=0)
[E : PPU[146] Thread (Shears_SPURSProxy)[0x029d904c]]: cellSpurs error: cellSpursEventFlagWait(event_flag_addr=0x30191400, flag_bits_addr=0xd0030cb0, wait_mode=0)
[E : PPU[146] Thread (Shears_SPURSProxy)[0x029d904c]]: cellSpurs error: cellSpursEventFlagWait(event_flag_addr=0x30191400, flag_bits_addr=0xd0030cb0, wait_mode=0)
[E : PPU[146] Thread (Shears_SPURSProxy)[0x029d904c]]: cellSpurs error: cellSpursEventFlagWait(event_flag_addr=0x30191400, flag_bits_addr=0xd0030cb0, wait_mode=0)
[E : PPU[146] Thread (Shears_SPURSProxy)[0x029d904c]]: cellSpurs error: cellSpursEventFlagWait(event_flag_addr=0x30191400, flag_bits_addr=0xd0030cb0, wait_mode=0)
[W : PPU[1] Thread (CPUThread)[0x029ff04c]]: sys_lwmutex warning: *** lwmutex created [Adaptiv] (attribute=0x12): sq_id = 147
[E : PPU[146] Thread (Shears_SPURSProxy)[0x029d904c]]: cellSpurs error: cellSpursEventFlagWait(event_flag_addr=0x30191400, flag_bits_addr=0xd0030cb0, wait_mode=0)
[W : PPU[1] Thread (CPUThread)[0x029ff04c]]: sys_lwmutex warning: *** lwmutex created [Adaptiv] (attribute=0x12): sq_id = 148
[E : PPU[146] Thread (Shears_SPURSProxy)[0x029d904c]]: cellSpurs error: cellSpursEventFlagWait(event_flag_addr=0x30191400, flag_bits_addr=0xd0030cb0, wait_mode=0)
[W : PPU[1] Thread (CPUThread)[0x029ff04c]]: sys_lwmutex warning: *** lwmutex created [EventMu] (attribute=0x22): sq_id = 149
[E : PPU[146] Thread (Shears_SPURSProxy)[0x029d904c]]: cellSpurs error: cellSpursEventFlagWait(event_flag_addr=0x30191400, flag_bits_addr=0xd0030cb0, wait_mode=0)
[W : PPU[1] Thread (CPUThread)[0x029ff130]]: sys_lwcond warning: *** lwcond created [EventCo] (lwmutex_addr=0x30191568): id = 150
[E : PPU[146] Thread (Shears_SPURSProxy)[0x029d904c]]: cellSpurs error: cellSpursEventFlagWait(event_flag_addr=0x30191400, flag_bits_addr=0xd0030cb0, wait_mode=0)
[W : PPU[1] Thread (CPUThread)[0x029ff04c]]: sys_lwmutex warning: *** lwmutex created [EventMu] (attribute=0x22): sq_id = 151
[E : PPU[146] Thread (Shears_SPURSProxy)[0x029d904c]]: cellSpurs error: cellSpursEventFlagWait(event_flag_addr=0x30191400, flag_bits_addr=0xd0030cb0, wait_mode=0)
[W : PPU[1] Thread (CPUThread)[0x029ff130]]: sys_lwcond warning: *** lwcond created [EventCo] (lwmutex_addr=0x30191598): id = 152
[E : PPU[146] Thread (Shears_SPURSProxy)[0x029d904c]]: cellSpurs error: cellSpursEventFlagWait(event_flag_addr=0x30191400, flag_bits_addr=0xd0030cb0, wait_mode=0)
[E : PPU[146] Thread (Shears_SPURSProxy)[0x029d904c]]: cellSpurs error: cellSpursEventFlagWait(event_flag_addr=0x30191400, flag_bits_addr=0xd0030cb0, wait_mode=0)
[E : PPU[146] Thread (Shears_SPURSProxy)[0x029d904c]]: cellSpurs error: cellSpursEventFlagWait(event_flag_addr=0x30191400, flag_bits_addr=0xd0030cb0, wait_mode=0)
[E : PPU[146] Thread (Shears_SPURSProxy)[0x029d904c]]: cellSpurs error: cellSpursEventFlagWait(event_flag_addr=0x30191400, flag_bits_addr=0xd0030cb0, wait_mode=0)
[E : PPU[146] Thread (Shears_SPURSProxy)[0x029d904c]]: cellSpurs error: cellSpursEventFlagWait(event_flag_addr=0x30191400, flag_bits_addr=0xd0030cb0, wait_mode=0)
[E : PPU[146] Thread (Shears_SPURSProxy)[0x029d904c]]: cellSpurs error: cellSpursEventFlagWait(event_flag_addr=0x30191400, flag_bits_addr=0xd0030cb0, wait_mode=0)
[E : PPU[146] Thread (Shears_SPURSProxy)[0x029d904c]]: cellSpurs error: cellSpursEventFlagWait(event_flag_addr=0x30191400, flag_bits_addr=0xd0030cb0, wait_mode=0)
[W : PPU[1] Thread (CPUThread)[0x029ff04c]]: sys_lwmutex warning: *** lwmutex created [EventMu] (attribute=0x22): sq_id = 153
[E : PPU[146] Thread (Shears_SPURSProxy)[0x029d904c]]: cellSpurs error: cellSpursEventFlagWait(event_flag_addr=0x30191400, flag_bits_addr=0xd0030cb0, wait_mode=0)
[W : PPU[1] Thread (CPUThread)[0x029ff130]]: sys_lwcond warning: *** lwcond created [EventCo] (lwmutex_addr=0x30191640): id = 154
[E : PPU[146] Thread (Shears_SPURSProxy)[0x029d904c]]: cellSpurs error: cellSpursEventFlagWait(event_flag_addr=0x30191400, flag_bits_addr=0xd0030cb0, wait_mode=0)
[E : PPU[146] Thread (Shears_SPURSProxy)[0x029d904c]]: cellSpurs error: cellSpursEventFlagWait(event_flag_addr=0x30191400, flag_bits_addr=0xd0030cb0, wait_mode=0)
[E : PPU[146] Thread (Shears_SPURSProxy)[0x029d904c]]: cellSpurs error: cellSpursEventFlagWait(event_flag_addr=0x30191400, flag_bits_addr=0xd0030cb0, wait_mode=0)
[E : PPU[146] Thread (Shears_SPURSProxy)[0x029d904c]]: cellSpurs error: cellSpursEventFlagWait(event_flag_addr=0x30191400, flag_bits_addr=0xd0030cb0, wait_mode=0)
[E : PPU[146] Thread (Shears_SPURSProxy)[0x029d904c]]: cellSpurs error: cellSpursEventFlagWait(event_flag_addr=0x30191400, flag_bits_addr=0xd0030cb0, wait_mode=0)
[! : PPU[1] Thread (CPUThread)[0x029ff028]]: *** New PPU Thread [Thread 1] (): id = 155
[E : PPU[146] Thread (Shears_SPURSProxy)[0x029d904c]]: cellSpurs error: cellSpursEventFlagWait(event_flag_addr=0x30191400, flag_bits_addr=0xd0030cb0, wait_mode=0)
[E : PPU[146] Thread (Shears_SPURSProxy)[0x029d904c]]: cellSpurs error: cellSpursEventFlagWait(event_flag_addr=0x30191400, flag_bits_addr=0xd0030cb0, wait_mode=0)
[E : PPU[146] Thread (Shears_SPURSProxy)[0x029d904c]]: cellSpurs error: cellSpursEventFlagWait(event_flag_addr=0x30191400, flag_bits_addr=0xd0030cb0, wait_mode=0)
[E : PPU[146] Thread (Shears_SPURSProxy)[0x029d904c]]: cellSpurs error: cellSpursEventFlagWait(event_flag_addr=0x30191400, flag_bits_addr=0xd0030cb0, wait_mode=0)
[E : PPU[146] Thread (Shears_SPURSProxy)[0x029d904c]]: cellSpurs error: cellSpursEventFlagWait(event_flag_addr=0x30191400, flag_bits_addr=0xd0030cb0, wait_mode=0)
[E : PPU[146] Thread (Shears_SPURSProxy)[0x029d904c]]: cellSpurs error: cellSpursEventFlagWait(event_flag_addr=0x30191400, flag_bits_addr=0xd0030cb0, wait_mode=0)
[E : PPU[146] Thread (Shears_SPURSProxy)[0x029d904c]]: cellSpurs error: cellSpursEventFlagWait(event_flag_addr=0x30191400, flag_bits_addr=0xd0030cb0, wait_mode=0)
[E : PPU[146] Thread (Shears_SPURSProxy)[0x029d904c]]: cellSpurs error: cellSpursEventFlagWait(event_flag_addr=0x30191400, flag_bits_addr=0xd0030cb0, wait_mode=0)
[E : PPU[146] Thread (Shears_SPURSProxy)[0x029d904c]]: cellSpurs error: cellSpursEventFlagWait(event_flag_addr=0x30191400, flag_bits_addr=0xd0030cb0, wait_mode=0)
[E : PPU[146] Thread (Shears_SPURSProxy)[0x029d904c]]: cellSpurs error: cellSpursEventFlagWait(event_flag_addr=0x30191400, flag_bits_addr=0xd0030cb0, wait_mode=0)
[E : PPU[146] Thread (Shears_SPURSProxy)[0x029d904c]]: cellSpurs error: cellSpursEventFlagWait(event_flag_addr=0x30191400, flag_bits_addr=0xd0030cb0, wait_mode=0)
[E : PPU[146] Thread (Shears_SPURSProxy)[0x029d904c]]: cellSpurs error: cellSpursEventFlagWait(event_flag_addr=0x30191400, flag_bits_addr=0xd0030cb0, wait_mode=0)
[E : PPU[146] Thread (Shears_SPURSProxy)[0x029d904c]]: cellSpurs error: cellSpursEventFlagWait(event_flag_addr=0x30191400, flag_bits_addr=0xd0030cb0, wait_mode=0)
[E : PPU[146] Thread (Shears_SPURSProxy)[0x029d904c]]: cellSpurs error: cellSpursEventFlagWait(event_flag_addr=0x30191400, flag_bits_addr=0xd0030cb0, wait_mode=0)
[E : PPU[146] Thread (Shears_SPURSProxy)[0x029d904c]]: cellSpurs error: cellSpursEventFlagWait(event_flag_addr=0x30191400, flag_bits_addr=0xd0030cb0, wait_mode=0)
[E : PPU[146] Thread (Shears_SPURSProxy)[0x029d904c]]: cellSpurs error: cellSpursEventFlagWait(event_flag_addr=0x30191400, flag_bits_addr=0xd0030cb0, wait_mode=0)
[E : PPU[146] Thread (Shears_SPURSProxy)[0x029d904c]]: cellSpurs error: cellSpursEventFlagWait(event_flag_addr=0x30191400, flag_bits_addr=0xd0030cb0, wait_mode=0)
[E : PPU[146] Thread (Shears_SPURSProxy)[0x029d904c]]: cellSpurs error: cellSpursEventFlagWait(event_flag_addr=0x30191400, flag_bits_addr=0xd0030cb0, wait_mode=0)
[E : PPU[146] Thread (Shears_SPURSProxy)[0x029d904c]]: cellSpurs error: cellSpursEventFlagWait(event_flag_addr=0x30191400, flag_bits_addr=0xd0030cb0, wait_mode=0)
[E : PPU[146] Thread (Shears_SPURSProxy)[0x029d904c]]: cellSpurs error: cellSpursEventFlagWait(event_flag_addr=0x30191400, flag_bits_addr=0xd0030cb0, wait_mode=0)
[E : PPU[146] Thread (Shears_SPURSProxy)[0x029d904c]]: cellSpurs error: cellSpursEventFlagWait(event_flag_addr=0x30191400, flag_bits_addr=0xd0030cb0, wait_mode=0)
[E : PPU[146] Thread (Shears_SPURSProxy)[0x029d904c]]: cellSpurs error: cellSpursEventFlagWait(event_flag_addr=0x30191400, flag_bits_addr=0xd0030cb0, wait_mode=0)
[E : PPU[146] Thread (Shears_SPURSProxy)[0x029d904c]]: cellSpurs error: cellSpursEventFlagWait(event_flag_addr=0x30191400, flag_bits_addr=0xd0030cb0, wait_mode=0)
[E : PPU[146] Thread (Shears_SPURSProxy)[0x029d904c]]: cellSpurs error: cellSpursEventFlagWait(event_flag_addr=0x30191400, flag_bits_addr=0xd0030cb0, wait_mode=0)
[E : PPU[146] Thread (Shears_SPURSProxy)[0x029d904c]]: cellSpurs error: cellSpursEventFlagWait(event_flag_addr=0x30191400, flag_bits_addr=0xd0030cb0, wait_mode=0)
[E : PPU[146] Thread (Shears_SPURSProxy)[0x029d904c]]: cellSpurs error: cellSpursEventFlagWait(event_flag_addr=0x30191400, flag_bits_addr=0xd0030cb0, wait_mode=0)
[E : PPU[146] Thread (Shears_SPURSProxy)[0x029d904c]]: cellSpurs error: cellSpursEventFlagWait(event_flag_addr=0x30191400, flag_bits_addr=0xd0030cb0, wait_mode=0)
[E : PPU[146] Thread (Shears_SPURSProxy)[0x029d904c]]: cellSpurs error: cellSpursEventFlagWait(event_flag_addr=0x30191400, flag_bits_addr=0xd0030cb0, wait_mode=0)
[W : PPU[1] Thread (CPUThread)[0x029ff04c]]: sys_lwmutex warning: *** lwmutex created [Adaptiv] (attribute=0x12): sq_id = 156
[E : PPU[146] Thread (Shears_SPURSProxy)[0x029d904c]]: cellSpurs error: cellSpursEventFlagWait(event_flag_addr=0x30191400, flag_bits_addr=0xd0030cb0, wait_mode=0)
[W : PPU[1] Thread (CPUThread)[0x029ff04c]]: sys_lwmutex warning: *** lwmutex created [Adaptiv] (attribute=0x12): sq_id = 157
[E : PPU[146] Thread (Shears_SPURSProxy)[0x029d904c]]: cellSpurs error: cellSpursEventFlagWait(event_flag_addr=0x30191400, flag_bits_addr=0xd0030cb0, wait_mode=0)
[W : PPU[1] Thread (CPUThread)[0x029ff04c]]: sys_lwmutex warning: *** lwmutex created [EventMu] (attribute=0x22): sq_id = 158
[E : PPU[146] Thread (Shears_SPURSProxy)[0x029d904c]]: cellSpurs error: cellSpursEventFlagWait(event_flag_addr=0x30191400, flag_bits_addr=0xd0030cb0, wait_mode=0)
[W : PPU[1] Thread (CPUThread)[0x029ff130]]: sys_lwcond warning: *** lwcond created [EventCo] (lwmutex_addr=0x301920c8): id = 159
[E : PPU[146] Thread (Shears_SPURSProxy)[0x029d904c]]: cellSpurs error: cellSpursEventFlagWait(event_flag_addr=0x30191400, flag_bits_addr=0xd0030cb0, wait_mode=0)
[W : PPU[1] Thread (CPUThread)[0x029ff04c]]: sys_lwmutex warning: *** lwmutex created [EventMu] (attribute=0x22): sq_id = 160
[W : PPU[1] Thread (CPUThread)[0x029ff130]]: sys_lwcond warning: *** lwcond created [EventCo] (lwmutex_addr=0x301920f8): id = 161
[E : PPU[146] Thread (Shears_SPURSProxy)[0x029d904c]]: cellSpurs error: cellSpursEventFlagWait(event_flag_addr=0x30191400, flag_bits_addr=0xd0030cb0, wait_mode=0)
[E : PPU[146] Thread (Shears_SPURSProxy)[0x029d904c]]: cellSpurs error: cellSpursEventFlagWait(event_flag_addr=0x30191400, flag_bits_addr=0xd0030cb0, wait_mode=0)
[E : PPU[146] Thread (Shears_SPURSProxy)[0x029d904c]]: cellSpurs error: cellSpursEventFlagWait(event_flag_addr=0x30191400, flag_bits_addr=0xd0030cb0, wait_mode=0)
[E : PPU[146] Thread (Shears_SPURSProxy)[0x029d904c]]: cellSpurs error: cellSpursEventFlagWait(event_flag_addr=0x30191400, flag_bits_addr=0xd0030cb0, wait_mode=0)
[E : PPU[146] Thread (Shears_SPURSProxy)[0x029d904c]]: cellSpurs error: cellSpursEventFlagWait(event_flag_addr=0x30191400, flag_bits_addr=0xd0030cb0, wait_mode=0)
[E : PPU[146] Thread (Shears_SPURSProxy)[0x029d904c]]: cellSpurs error: cellSpursEventFlagWait(event_flag_addr=0x30191400, flag_bits_addr=0xd0030cb0, wait_mode=0)
[E : PPU[146] Thread (Shears_SPURSProxy)[0x029d904c]]: cellSpurs error: cellSpursEventFlagWait(event_flag_addr=0x30191400, flag_bits_addr=0xd0030cb0, wait_mode=0)
[W : PPU[1] Thread (CPUThread)[0x029ff04c]]: sys_lwmutex warning: *** lwmutex created [EventMu] (attribute=0x22): sq_id = 162
[E : PPU[146] Thread (Shears_SPURSProxy)[0x029d904c]]: cellSpurs error: cellSpursEventFlagWait(event_flag_addr=0x30191400, flag_bits_addr=0xd0030cb0, wait_mode=0)
[W : PPU[1] Thread (CPUThread)[0x029ff130]]: sys_lwcond warning: *** lwcond created [EventCo] (lwmutex_addr=0x301921a0): id = 163
[E : PPU[146] Thread (Shears_SPURSProxy)[0x029d904c]]: cellSpurs error: cellSpursEventFlagWait(event_flag_addr=0x30191400, flag_bits_addr=0xd0030cb0, wait_mode=0)
[E : PPU[146] Thread (Shears_SPURSProxy)[0x029d904c]]: cellSpurs error: cellSpursEventFlagWait(event_flag_addr=0x30191400, flag_bits_addr=0xd0030cb0, wait_mode=0)
[E : PPU[146] Thread (Shears_SPURSProxy)[0x029d904c]]: cellSpurs error: cellSpursEventFlagWait(event_flag_addr=0x30191400, flag_bits_addr=0xd0030cb0, wait_mode=0)
[E : PPU[146] Thread (Shears_SPURSProxy)[0x029d904c]]: cellSpurs error: cellSpursEventFlagWait(event_flag_addr=0x30191400, flag_bits_addr=0xd0030cb0, wait_mode=0)
[! : PPU[1] Thread (CPUThread)[0x029ff028]]: *** New PPU Thread [Thread 0] (): id = 164
[E : PPU[146] Thread (Shears_SPURSProxy)[0x029d904c]]: cellSpurs error: cellSpursEventFlagWait(event_flag_addr=0x30191400, flag_bits_addr=0xd0030cb0, wait_mode=0)
[E : PPU[146] Thread (Shears_SPURSProxy)[0x029d904c]]: cellSpurs error: cellSpursEventFlagWait(event_flag_addr=0x30191400, flag_bits_addr=0xd0030cb0, wait_mode=0)
[E : PPU[146] Thread (Shears_SPURSProxy)[0x029d904c]]: cellSpurs error: cellSpursEventFlagWait(event_flag_addr=0x30191400, flag_bits_addr=0xd0030cb0, wait_mode=0)
[E : PPU[146] Thread (Shears_SPURSProxy)[0x029d904c]]: cellSpurs error: cellSpursEventFlagWait(event_flag_addr=0x30191400, flag_bits_addr=0xd0030cb0, wait_mode=0)
[E : PPU[146] Thread (Shears_SPURSProxy)[0x029d904c]]: cellSpurs error: cellSpursEventFlagWait(event_flag_addr=0x30191400, flag_bits_addr=0xd0030cb0, wait_mode=0)
[E : PPU[146] Thread (Shears_SPURSProxy)[0x029d904c]]: cellSpurs error: cellSpursEventFlagWait(event_flag_addr=0x30191400, flag_bits_addr=0xd0030cb0, wait_mode=0)
[E : PPU[146] Thread (Shears_SPURSProxy)[0x029d904c]]: cellSpurs error: cellSpursEventFlagWait(event_flag_addr=0x30191400, flag_bits_addr=0xd0030cb0, wait_mode=0)
[E : PPU[146] Thread (Shears_SPURSProxy)[0x029d904c]]: cellSpurs error: cellSpursEventFlagWait(event_flag_addr=0x30191400, flag_bits_addr=0xd0030cb0, wait_mode=0)
[E : PPU[146] Thread (Shears_SPURSProxy)[0x029d904c]]: cellSpurs error: cellSpursEventFlagWait(event_flag_addr=0x30191400, flag_bits_addr=0xd0030cb0, wait_mode=0)
[E : PPU[146] Thread (Shears_SPURSProxy)[0x029d904c]]: cellSpurs error: cellSpursEventFlagWait(event_flag_addr=0x30191400, flag_bits_addr=0xd0030cb0, wait_mode=0)
[E : PPU[146] Thread (Shears_SPURSProxy)[0x029d904c]]: cellSpurs error: cellSpursEventFlagWait(event_flag_addr=0x30191400, flag_bits_addr=0xd0030cb0, wait_mode=0)
[E : PPU[146] Thread (Shears_SPURSProxy)[0x029d904c]]: cellSpurs error: cellSpursEventFlagWait(event_flag_addr=0x30191400, flag_bits_addr=0xd0030cb0, wait_mode=0)
[E : PPU[146] Thread (Shears_SPURSProxy)[0x029d904c]]: cellSpurs error: cellSpursEventFlagWait(event_flag_addr=0x30191400, flag_bits_addr=0xd0030cb0, wait_mode=0)
[E : PPU[146] Thread (Shears_SPURSProxy)[0x029d904c]]: cellSpurs error: cellSpursEventFlagWait(event_flag_addr=0x30191400, flag_bits_addr=0xd0030cb0, wait_mode=0)
[E : PPU[146] Thread (Shears_SPURSProxy)[0x029d904c]]: cellSpurs error: cellSpursEventFlagWait(event_flag_addr=0x30191400, flag_bits_addr=0xd0030cb0, wait_mode=0)
[E : PPU[146] Thread (Shears_SPURSProxy)[0x029d904c]]: cellSpurs error: cellSpursEventFlagWait(event_flag_addr=0x30191400, flag_bits_addr=0xd0030cb0, wait_mode=0)
[E : PPU[146] Thread (Shears_SPURSProxy)[0x029d904c]]: cellSpurs error: cellSpursEventFlagWait(event_flag_addr=0x30191400, flag_bits_addr=0xd0030cb0, wait_mode=0)
[E : PPU[146] Thread (Shears_SPURSProxy)[0x029d904c]]: cellSpurs error: cellSpursEventFlagWait(event_flag_addr=0x30191400, flag_bits_addr=0xd0030cb0, wait_mode=0)
[E : PPU[146] Thread (Shears_SPURSProxy)[0x029d904c]]: cellSpurs error: cellSpursEventFlagWait(event_flag_addr=0x30191400, flag_bits_addr=0xd0030cb0, wait_mode=0)
[E : PPU[146] Thread (Shears_SPURSProxy)[0x029d904c]]: cellSpurs error: cellSpursEventFlagWait(event_flag_addr=0x30191400, flag_bits_addr=0xd0030cb0, wait_mode=0)
[E : PPU[146] Thread (Shears_SPURSProxy)[0x029d904c]]: cellSpurs error: cellSpursEventFlagWait(event_flag_addr=0x30191400, flag_bits_addr=0xd0030cb0, wait_mode=0)
[E : PPU[146] Thread (Shears_SPURSProxy)[0x029d904c]]: cellSpurs error: cellSpursEventFlagWait(event_flag_addr=0x30191400, flag_bits_addr=0xd0030cb0, wait_mode=0)
[E : PPU[146] Thread (Shears_SPURSProxy)[0x029d904c]]: cellSpurs error: cellSpursEventFlagWait(event_flag_addr=0x30191400, flag_bits_addr=0xd0030cb0, wait_mode=0)
[E : PPU[146] Thread (Shears_SPURSProxy)[0x029d904c]]: cellSpurs error: cellSpursEventFlagWait(event_flag_addr=0x30191400, flag_bits_addr=0xd0030cb0, wait_mode=0)
[E : PPU[146] Thread (Shears_SPURSProxy)[0x029d904c]]: cellSpurs error: cellSpursEventFlagWait(event_flag_addr=0x30191400, flag_bits_addr=0xd0030cb0, wait_mode=0)
[E : PPU[146] Thread (Shears_SPURSProxy)[0x029d904c]]: cellSpurs error: cellSpursEventFlagWait(event_flag_addr=0x30191400, flag_bits_addr=0xd0030cb0, wait_mode=0)
[E : PPU[146] Thread (Shears_SPURSProxy)[0x029d904c]]: cellSpurs error: cellSpursEventFlagWait(event_flag_addr=0x30191400, flag_bits_addr=0xd0030cb0, wait_mode=0)
[E : PPU[146] Thread (Shears_SPURSProxy)[0x029d904c]]: cellSpurs error: cellSpursEventFlagWait(event_flag_addr=0x30191400, flag_bits_addr=0xd0030cb0, wait_mode=0)
[E : PPU[146] Thread (Shears_SPURSProxy)[0x029d904c]]: cellSpurs error: cellSpursEventFlagWait(event_flag_addr=0x30191400, flag_bits_addr=0xd0030cb0, wait_mode=0)
[E : PPU[146] Thread (Shears_SPURSProxy)[0x029d904c]]: cellSpurs error: cellSpursEventFlagWait(event_flag_addr=0x30191400, flag_bits_addr=0xd0030cb0, wait_mode=0)
[E : PPU[146] Thread (Shears_SPURSProxy)[0x029d904c]]: cellSpurs error: cellSpursEventFlagWait(event_flag_addr=0x30191400, flag_bits_addr=0xd0030cb0, wait_mode=0)
[E : PPU[146] Thread (Shears_SPURSProxy)[0x029d904c]]: cellSpurs error: cellSpursEventFlagWait(event_flag_addr=0x30191400, flag_bits_addr=0xd0030cb0, wait_mode=0)
[E : PPU[146] Thread (Shears_SPURSProxy)[0x029d904c]]: cellSpurs error: cellSpursEventFlagWait(event_flag_addr=0x30191400, flag_bits_addr=0xd0030cb0, wait_mode=0)
[E : PPU[146] Thread (Shears_SPURSProxy)[0x029d904c]]: cellSpurs error: cellSpursEventFlagWait(event_flag_addr=0x30191400, flag_bits_addr=0xd0030cb0, wait_mode=0)
[E : PPU[146] Thread (Shears_SPURSProxy)[0x029d904c]]: cellSpurs error: cellSpursEventFlagWait(event_flag_addr=0x30191400, flag_bits_addr=0xd0030cb0, wait_mode=0)
[E : PPU[146] Thread (Shears_SPURSProxy)[0x029d904c]]: cellSpurs error: cellSpursEventFlagWait(event_flag_addr=0x30191400, flag_bits_addr=0xd0030cb0, wait_mode=0)
[E : PPU[146] Thread (Shears_SPURSProxy)[0x029d904c]]: cellSpurs error: cellSpursEventFlagWait(event_flag_addr=0x30191400, flag_bits_addr=0xd0030cb0, wait_mode=0)
[E : PPU[146] Thread (Shears_SPURSProxy)[0x029d904c]]: cellSpurs error: cellSpursEventFlagWait(event_flag_addr=0x30191400, flag_bits_addr=0xd0030cb0, wait_mode=0)
[E : PPU[146] Thread (Shears_SPURSProxy)[0x029d904c]]: cellSpurs error: cellSpursEventFlagWait(event_flag_addr=0x30191400, flag_bits_addr=0xd0030cb0, wait_mode=0)
[E : PPU[146] Thread (Shears_SPURSProxy)[0x029d904c]]: cellSpurs error: cellSpursEventFlagWait(event_flag_addr=0x30191400, flag_bits_addr=0xd0030cb0, wait_mode=0)
[E : PPU[146] Thread (Shears_SPURSProxy)[0x029d904c]]: cellSpurs error: cellSpursEventFlagWait(event_flag_addr=0x30191400, flag_bits_addr=0xd0030cb0, wait_mode=0)
[E : PPU[146] Thread (Shears_SPURSProxy)[0x029d904c]]: cellSpurs error: cellSpursEventFlagWait(event_flag_addr=0x30191400, flag_bits_addr=0xd0030cb0, wait_mode=0)
[E : PPU[146] Thread (Shears_SPURSProxy)[0x029d904c]]: cellSpurs error: cellSpursEventFlagWait(event_flag_addr=0x30191400, flag_bits_addr=0xd0030cb0, wait_mode=0)
[E : PPU[146] Thread (Shears_SPURSProxy)[0x029d904c]]: cellSpurs error: cellSpursEventFlagWait(event_flag_addr=0x30191400, flag_bits_addr=0xd0030cb0, wait_mode=0)
[E : PPU[146] Thread (Shears_SPURSProxy)[0x029d904c]]: cellSpurs error: cellSpursEventFlagWait(event_flag_addr=0x30191400, flag_bits_addr=0xd0030cb0, wait_mode=0)
[E : PPU[146] Thread (Shears_SPURSProxy)[0x029d904c]]: cellSpurs error: cellSpursEventFlagWait(event_flag_addr=0x30191400, flag_bits_addr=0xd0030cb0, wait_mode=0)
[E : PPU[146] Thread (Shears_SPURSProxy)[0x029d904c]]: cellSpurs error: cellSpursEventFlagWait(event_flag_addr=0x30191400, flag_bits_addr=0xd0030cb0, wait_mode=0)
[E : PPU[146] Thread (Shears_SPURSProxy)[0x029d904c]]: cellSpurs error: cellSpursEventFlagWait(event_flag_addr=0x30191400, flag_bits_addr=0xd0030cb0, wait_mode=0)
[E : PPU[146] Thread (Shears_SPURSProxy)[0x029d904c]]: cellSpurs error: cellSpursEventFlagWait(event_flag_addr=0x30191400, flag_bits_addr=0xd0030cb0, wait_mode=0)
[E : PPU[146] Thread (Shears_SPURSProxy)[0x029d904c]]: cellSpurs error: cellSpursEventFlagWait(event_flag_addr=0x30191400, flag_bits_addr=0xd0030cb0, wait_mode=0)
[E : PPU[146] Thread (Shears_SPURSProxy)[0x029d904c]]: cellSpurs error: cellSpursEventFlagWait(event_flag_addr=0x30191400, flag_bits_addr=0xd0030cb0, wait_mode=0)
[E : PPU[146] Thread (Shears_SPURSProxy)[0x029d904c]]: cellSpurs error: cellSpursEventFlagWait(event_flag_addr=0x30191400, flag_bits_addr=0xd0030cb0, wait_mode=0)
[E : PPU[146] Thread (Shears_SPURSProxy)[0x029d904c]]: cellSpurs error: cellSpursEventFlagWait(event_flag_addr=0x30191400, flag_bits_addr=0xd0030cb0, wait_mode=0)
[E : PPU[146] Thread (Shears_SPURSProxy)[0x029d904c]]: cellSpurs error: cellSpursEventFlagWait(event_flag_addr=0x30191400, flag_bits_addr=0xd0030cb0, wait_mode=0)
[E : PPU[146] Thread (Shears_SPURSProxy)[0x029d904c]]: cellSpurs error: cellSpursEventFlagWait(event_flag_addr=0x30191400, flag_bits_addr=0xd0030cb0, wait_mode=0)
[E : PPU[146] Thread (Shears_SPURSProxy)[0x029d904c]]: cellSpurs error: cellSpursEventFlagWait(event_flag_addr=0x30191400, flag_bits_addr=0xd0030cb0, wait_mode=0)
[E : PPU[146] Thread (Shears_SPURSProxy)[0x029d904c]]: cellSpurs error: cellSpursEventFlagWait(event_flag_addr=0x30191400, flag_bits_addr=0xd0030cb0, wait_mode=0)
[E : PPU[146] Thread (Shears_SPURSProxy)[0x029d904c]]: cellSpurs error: cellSpursEventFlagWait(event_flag_addr=0x30191400, flag_bits_addr=0xd0030cb0, wait_mode=0)
[E : PPU[146] Thread (Shears_SPURSProxy)[0x029d904c]]: cellSpurs error: cellSpursEventFlagWait(event_flag_addr=0x30191400, flag_bits_addr=0xd0030cb0, wait_mode=0)
[E : PPU[146] Thread (Shears_SPURSProxy)[0x029d904c]]: cellSpurs error: cellSpursEventFlagWait(event_flag_addr=0x30191400, flag_bits_addr=0xd0030cb0, wait_mode=0)
[E : PPU[146] Thread (Shears_SPURSProxy)[0x029d904c]]: cellSpurs error: cellSpursEventFlagWait(event_flag_addr=0x30191400, flag_bits_addr=0xd0030cb0, wait_mode=0)
[E : PPU[146] Thread (Shears_SPURSProxy)[0x029d904c]]: cellSpurs error: cellSpursEventFlagWait(event_flag_addr=0x30191400, flag_bits_addr=0xd0030cb0, wait_mode=0)
[E : PPU[146] Thread (Shears_SPURSProxy)[0x029d904c]]: cellSpurs error: cellSpursEventFlagWait(event_flag_addr=0x30191400, flag_bits_addr=0xd0030cb0, wait_mode=0)
[E : PPU[146] Thread (Shears_SPURSProxy)[0x029d904c]]: cellSpurs error: cellSpursEventFlagWait(event_flag_addr=0x30191400, flag_bits_addr=0xd0030cb0, wait_mode=0)
[E : PPU[146] Thread (Shears_SPURSProxy)[0x029d904c]]: cellSpurs error: cellSpursEventFlagWait(event_flag_addr=0x30191400, flag_bits_addr=0xd0030cb0, wait_mode=0)
[E : PPU[146] Thread (Shears_SPURSProxy)[0x029d904c]]: cellSpurs error: cellSpursEventFlagWait(event_flag_addr=0x30191400, flag_bits_addr=0xd0030cb0, wait_mode=0)
[E : PPU[146] Thread (Shears_SPURSProxy)[0x029d904c]]: cellSpurs error: cellSpursEventFlagWait(event_flag_addr=0x30191400, flag_bits_addr=0xd0030cb0, wait_mode=0)
[E : PPU[146] Thread (Shears_SPURSProxy)[0x029d904c]]: cellSpurs error: cellSpursEventFlagWait(event_flag_addr=0x30191400, flag_bits_addr=0xd0030cb0, wait_mode=0)
[E : PPU[146] Thread (Shears_SPURSProxy)[0x029d904c]]: cellSpurs error: cellSpursEventFlagWait(event_flag_addr=0x30191400, flag_bits_addr=0xd0030cb0, wait_mode=0)
[E : PPU[146] Thread (Shears_SPURSProxy)[0x029d904c]]: cellSpurs error: cellSpursEventFlagWait(event_flag_addr=0x30191400, flag_bits_addr=0xd0030cb0, wait_mode=0)
[E : PPU[146] Thread (Shears_SPURSProxy)[0x029d904c]]: cellSpurs error: cellSpursEventFlagWait(event_flag_addr=0x30191400, flag_bits_addr=0xd0030cb0, wait_mode=0)
[E : PPU[146] Thread (Shears_SPURSProxy)[0x029d904c]]: cellSpurs error: cellSpursEventFlagWait(event_flag_addr=0x30191400, flag_bits_addr=0xd0030cb0, wait_mode=0)
[E : PPU[146] Thread (Shears_SPURSProxy)[0x029d904c]]: cellSpurs error: cellSpursEventFlagWait(event_flag_addr=0x30191400, flag_bits_addr=0xd0030cb0, wait_mode=0)
[E : PPU[146] Thread (Shears_SPURSProxy)[0x029d904c]]: cellSpurs error: cellSpursEventFlagWait(event_flag_addr=0x30191400, flag_bits_addr=0xd0030cb0, wait_mode=0)
[E : PPU[146] Thread (Shears_SPURSProxy)[0x029d904c]]: cellSpurs error: cellSpursEventFlagWait(event_flag_addr=0x30191400, flag_bits_addr=0xd0030cb0, wait_mode=0)
[E : PPU[146] Thread (Shears_SPURSProxy)[0x029d904c]]: cellSpurs error: cellSpursEventFlagWait(event_flag_addr=0x30191400, flag_bits_addr=0xd0030cb0, wait_mode=0)
[E : PPU[146] Thread (Shears_SPURSProxy)[0x029d904c]]: cellSpurs error: cellSpursEventFlagWait(event_flag_addr=0x30191400, flag_bits_addr=0xd0030cb0, wait_mode=0)
[E : PPU[146] Thread (Shears_SPURSProxy)[0x029d904c]]: cellSpurs error: cellSpursEventFlagWait(event_flag_addr=0x30191400, flag_bits_addr=0xd0030cb0, wait_mode=0)
[E : PPU[146] Thread (Shears_SPURSProxy)[0x029d904c]]: cellSpurs error: cellSpursEventFlagWait(event_flag_addr=0x30191400, flag_bits_addr=0xd0030cb0, wait_mode=0)
[E : PPU[146] Thread (Shears_SPURSProxy)[0x029d904c]]: cellSpurs error: cellSpursEventFlagWait(event_flag_addr=0x30191400, flag_bits_addr=0xd0030cb0, wait_mode=0)
[E : PPU[146] Thread (Shears_SPURSProxy)[0x029d904c]]: cellSpurs error: cellSpursEventFlagWait(event_flag_addr=0x30191400, flag_bits_addr=0xd0030cb0, wait_mode=0)
[E : PPU[146] Thread (Shears_SPURSProxy)[0x029d904c]]: cellSpurs error: cellSpursEventFlagWait(event_flag_addr=0x30191400, flag_bits_addr=0xd0030cb0, wait_mode=0)
[E : PPU[146] Thread (Shears_SPURSProxy)[0x029d904c]]: cellSpurs error: cellSpursEventFlagWait(event_flag_addr=0x30191400, flag_bits_addr=0xd0030cb0, wait_mode=0)
[E : PPU[146] Thread (Shears_SPURSProxy)[0x029d904c]]: cellSpurs error: cellSpursEventFlagWait(event_flag_addr=0x30191400, flag_bits_addr=0xd0030cb0, wait_mode=0)
[E : PPU[146] Thread (Shears_SPURSProxy)[0x029d904c]]: cellSpurs error: cellSpursEventFlagWait(event_flag_addr=0x30191400, flag_bits_addr=0xd0030cb0, wait_mode=0)
[E : PPU[146] Thread (Shears_SPURSProxy)[0x029d904c]]: cellSpurs error: cellSpursEventFlagWait(event_flag_addr=0x30191400, flag_bits_addr=0xd0030cb0, wait_mode=0)
[E : PPU[146] Thread (Shears_SPURSProxy)[0x029d904c]]: cellSpurs error: cellSpursEventFlagWait(event_flag_addr=0x30191400, flag_bits_addr=0xd0030cb0, wait_mode=0)
[E : PPU[146] Thread (Shears_SPURSProxy)[0x029d904c]]: cellSpurs error: cellSpursEventFlagWait(event_flag_addr=0x30191400, flag_bits_addr=0xd0030cb0, wait_mode=0)
[E : PPU[146] Thread (Shears_SPURSProxy)[0x029d904c]]: cellSpurs error: cellSpursEventFlagWait(event_flag_addr=0x30191400, flag_bits_addr=0xd0030cb0, wait_mode=0)
[E : PPU[146] Thread (Shears_SPURSProxy)[0x029d904c]]: cellSpurs error: cellSpursEventFlagWait(event_flag_addr=0x30191400, flag_bits_addr=0xd0030cb0, wait_mode=0)
[E : PPU[146] Thread (Shears_SPURSProxy)[0x029d904c]]: cellSpurs error: cellSpursEventFlagWait(event_flag_addr=0x30191400, flag_bits_addr=0xd0030cb0, wait_mode=0)
[E : PPU[146] Thread (Shears_SPURSProxy)[0x029d904c]]: cellSpurs error: cellSpursEventFlagWait(event_flag_addr=0x30191400, flag_bits_addr=0xd0030cb0, wait_mode=0)
[E : PPU[146] Thread (Shears_SPURSProxy)[0x029d904c]]: cellSpurs error: cellSpursEventFlagWait(event_flag_addr=0x30191400, flag_bits_addr=0xd0030cb0, wait_mode=0)
[E : PPU[146] Thread (Shears_SPURSProxy)[0x029d904c]]: cellSpurs error: cellSpursEventFlagWait(event_flag_addr=0x30191400, flag_bits_addr=0xd0030cb0, wait_mode=0)
[E : PPU[146] Thread (Shears_SPURSProxy)[0x029d904c]]: cellSpurs error: cellSpursEventFlagWait(event_flag_addr=0x30191400, flag_bits_addr=0xd0030cb0, wait_mode=0)
[E : PPU[146] Thread (Shears_SPURSProxy)[0x029d904c]]: cellSpurs error: cellSpursEventFlagWait(event_flag_addr=0x30191400, flag_bits_addr=0xd0030cb0, wait_mode=0)
[E : PPU[146] Thread (Shears_SPURSProxy)[0x029d904c]]: cellSpurs error: cellSpursEventFlagWait(event_flag_addr=0x30191400, flag_bits_addr=0xd0030cb0, wait_mode=0)
[E : PPU[146] Thread (Shears_SPURSProxy)[0x029d904c]]: cellSpurs error: cellSpursEventFlagWait(event_flag_addr=0x30191400, flag_bits_addr=0xd0030cb0, wait_mode=0)
[E : PPU[146] Thread (Shears_SPURSProxy)[0x029d904c]]: cellSpurs error: cellSpursEventFlagWait(event_flag_addr=0x30191400, flag_bits_addr=0xd0030cb0, wait_mode=0)
[E : PPU[146] Thread (Shears_SPURSProxy)[0x029d904c]]: cellSpurs error: cellSpursEventFlagWait(event_flag_addr=0x30191400, flag_bits_addr=0xd0030cb0, wait_mode=0)
[E : PPU[146] Thread (Shears_SPURSProxy)[0x029d904c]]: cellSpurs error: cellSpursEventFlagWait(event_flag_addr=0x30191400, flag_bits_addr=0xd0030cb0, wait_mode=0)
[E : PPU[146] Thread (Shears_SPURSProxy)[0x029d904c]]: cellSpurs error: cellSpursEventFlagWait(event_flag_addr=0x30191400, flag_bits_addr=0xd0030cb0, wait_mode=0)
[E : PPU[146] Thread (Shears_SPURSProxy)[0x029d904c]]: cellSpurs error: cellSpursEventFlagWait(event_flag_addr=0x30191400, flag_bits_addr=0xd0030cb0, wait_mode=0)
[E : PPU[146] Thread (Shears_SPURSProxy)[0x029d904c]]: cellSpurs error: cellSpursEventFlagWait(event_flag_addr=0x30191400, flag_bits_addr=0xd0030cb0, wait_mode=0)
[E : PPU[146] Thread (Shears_SPURSProxy)[0x029d904c]]: cellSpurs error: cellSpursEventFlagWait(event_flag_addr=0x30191400, flag_bits_addr=0xd0030cb0, wait_mode=0)
[E : PPU[146] Thread (Shears_SPURSProxy)[0x029d904c]]: cellSpurs error: cellSpursEventFlagWait(event_flag_addr=0x30191400, flag_bits_addr=0xd0030cb0, wait_mode=0)
[E : PPU[146] Thread (Shears_SPURSProxy)[0x029d904c]]: cellSpurs error: cellSpursEventFlagWait(event_flag_addr=0x30191400, flag_bits_addr=0xd0030cb0, wait_mode=0)
[E : PPU[146] Thread (Shears_SPURSProxy)[0x029d904c]]: cellSpurs error: cellSpursEventFlagWait(event_flag_addr=0x30191400, flag_bits_addr=0xd0030cb0, wait_mode=0)
[E : PPU[146] Thread (Shears_SPURSProxy)[0x029d904c]]: cellSpurs error: cellSpursEventFlagWait(event_flag_addr=0x30191400, flag_bits_addr=0xd0030cb0, wait_mode=0)
[E : PPU[146] Thread (Shears_SPURSProxy)[0x029d904c]]: cellSpurs error: cellSpursEventFlagWait(event_flag_addr=0x30191400, flag_bits_addr=0xd0030cb0, wait_mode=0)
[E : PPU[146] Thread (Shears_SPURSProxy)[0x029d904c]]: cellSpurs error: cellSpursEventFlagWait(event_flag_addr=0x30191400, flag_bits_addr=0xd0030cb0, wait_mode=0)
[E : PPU[146] Thread (Shears_SPURSProxy)[0x029d904c]]: cellSpurs error: cellSpursEventFlagWait(event_flag_addr=0x30191400, flag_bits_addr=0xd0030cb0, wait_mode=0)
[E : PPU[146] Thread (Shears_SPURSProxy)[0x029d904c]]: cellSpurs error: cellSpursEventFlagWait(event_flag_addr=0x30191400, flag_bits_addr=0xd0030cb0, wait_mode=0)
[E : PPU[146] Thread (Shears_SPURSProxy)[0x029d904c]]: cellSpurs error: cellSpursEventFlagWait(event_flag_addr=0x30191400, flag_bits_addr=0xd0030cb0, wait_mode=0)
[E : PPU[146] Thread (Shears_SPURSProxy)[0x029d904c]]: cellSpurs error: cellSpursEventFlagWait(event_flag_addr=0x30191400, flag_bits_addr=0xd0030cb0, wait_mode=0)
[E : PPU[146] Thread (Shears_SPURSProxy)[0x029d904c]]: cellSpurs error: cellSpursEventFlagWait(event_flag_addr=0x30191400, flag_bits_addr=0xd0030cb0, wait_mode=0)
[E : PPU[146] Thread (Shears_SPURSProxy)[0x029d904c]]: cellSpurs error: cellSpursEventFlagWait(event_flag_addr=0x30191400, flag_bits_addr=0xd0030cb0, wait_mode=0)
[E : PPU[146] Thread (Shears_SPURSProxy)[0x029d904c]]: cellSpurs error: cellSpursEventFlagWait(event_flag_addr=0x30191400, flag_bits_addr=0xd0030cb0, wait_mode=0)
[E : PPU[146] Thread (Shears_SPURSProxy)[0x029d904c]]: cellSpurs error: cellSpursEventFlagWait(event_flag_addr=0x30191400, flag_bits_addr=0xd0030cb0, wait_mode=0)
[E : PPU[146] Thread (Shears_SPURSProxy)[0x029d904c]]: cellSpurs error: cellSpursEventFlagWait(event_flag_addr=0x30191400, flag_bits_addr=0xd0030cb0, wait_mode=0)
[E : PPU[146] Thread (Shears_SPURSProxy)[0x029d904c]]: cellSpurs error: cellSpursEventFlagWait(event_flag_addr=0x30191400, flag_bits_addr=0xd0030cb0, wait_mode=0)
[E : PPU[146] Thread (Shears_SPURSProxy)[0x029d904c]]: cellSpurs error: cellSpursEventFlagWait(event_flag_addr=0x30191400, flag_bits_addr=0xd0030cb0, wait_mode=0)
[E : PPU[146] Thread (Shears_SPURSProxy)[0x029d904c]]: cellSpurs error: cellSpursEventFlagWait(event_flag_addr=0x30191400, flag_bits_addr=0xd0030cb0, wait_mode=0)
[E : PPU[146] Thread (Shears_SPURSProxy)[0x029d904c]]: cellSpurs error: cellSpursEventFlagWait(event_flag_addr=0x30191400, flag_bits_addr=0xd0030cb0, wait_mode=0)
[E : PPU[146] Thread (Shears_SPURSProxy)[0x029d904c]]: cellSpurs error: cellSpursEventFlagWait(event_flag_addr=0x30191400, flag_bits_addr=0xd0030cb0, wait_mode=0)
[E : PPU[146] Thread (Shears_SPURSProxy)[0x029d904c]]: cellSpurs error: cellSpursEventFlagWait(event_flag_addr=0x30191400, flag_bits_addr=0xd0030cb0, wait_mode=0)
[E : PPU[146] Thread (Shears_SPURSProxy)[0x029d904c]]: cellSpurs error: cellSpursEventFlagWait(event_flag_addr=0x30191400, flag_bits_addr=0xd0030cb0, wait_mode=0)
[E : PPU[146] Thread (Shears_SPURSProxy)[0x029d904c]]: cellSpurs error: cellSpursEventFlagWait(event_flag_addr=0x30191400, flag_bits_addr=0xd0030cb0, wait_mode=0)
[E : PPU[146] Thread (Shears_SPURSProxy)[0x029d904c]]: cellSpurs error: cellSpursEventFlagWait(event_flag_addr=0x30191400, flag_bits_addr=0xd0030cb0, wait_mode=0)
[E : PPU[146] Thread (Shears_SPURSProxy)[0x029d904c]]: cellSpurs error: cellSpursEventFlagWait(event_flag_addr=0x30191400, flag_bits_addr=0xd0030cb0, wait_mode=0)
[E : PPU[146] Thread (Shears_SPURSProxy)[0x029d904c]]: cellSpurs error: cellSpursEventFlagWait(event_flag_addr=0x30191400, flag_bits_addr=0xd0030cb0, wait_mode=0)
[E : PPU[146] Thread (Shears_SPURSProxy)[0x029d904c]]: cellSpurs error: cellSpursEventFlagWait(event_flag_addr=0x30191400, flag_bits_addr=0xd0030cb0, wait_mode=0)
[E : PPU[146] Thread (Shears_SPURSProxy)[0x029d904c]]: cellSpurs error: cellSpursEventFlagWait(event_flag_addr=0x30191400, flag_bits_addr=0xd0030cb0, wait_mode=0)
[E : PPU[146] Thread (Shears_SPURSProxy)[0x029d904c]]: cellSpurs error: cellSpursEventFlagWait(event_flag_addr=0x30191400, flag_bits_addr=0xd0030cb0, wait_mode=0)
[E : PPU[146] Thread (Shears_SPURSProxy)[0x029d904c]]: cellSpurs error: cellSpursEventFlagWait(event_flag_addr=0x30191400, flag_bits_addr=0xd0030cb0, wait_mode=0)
[E : PPU[146] Thread (Shears_SPURSProxy)[0x029d904c]]: cellSpurs error: cellSpursEventFlagWait(event_flag_addr=0x30191400, flag_bits_addr=0xd0030cb0, wait_mode=0)
[E : PPU[146] Thread (Shears_SPURSProxy)[0x029d904c]]: cellSpurs error: cellSpursEventFlagWait(event_flag_addr=0x30191400, flag_bits_addr=0xd0030cb0, wait_mode=0)
[E : PPU[146] Thread (Shears_SPURSProxy)[0x029d904c]]: cellSpurs error: cellSpursEventFlagWait(event_flag_addr=0x30191400, flag_bits_addr=0xd0030cb0, wait_mode=0)
[E : PPU[146] Thread (Shears_SPURSProxy)[0x029d904c]]: cellSpurs error: cellSpursEventFlagWait(event_flag_addr=0x30191400, flag_bits_addr=0xd0030cb0, wait_mode=0)
[E : PPU[146] Thread (Shears_SPURSProxy)[0x029d904c]]: cellSpurs error: cellSpursEventFlagWait(event_flag_addr=0x30191400, flag_bits_addr=0xd0030cb0, wait_mode=0)
[E : PPU[146] Thread (Shears_SPURSProxy)[0x029d904c]]: cellSpurs error: cellSpursEventFlagWait(event_flag_addr=0x30191400, flag_bits_addr=0xd0030cb0, wait_mode=0)
[E : PPU[146] Thread (Shears_SPURSProxy)[0x029d904c]]: cellSpurs error: cellSpursEventFlagWait(event_flag_addr=0x30191400, flag_bits_addr=0xd0030cb0, wait_mode=0)
[E : PPU[146] Thread (Shears_SPURSProxy)[0x029d904c]]: cellSpurs error: cellSpursEventFlagWait(event_flag_addr=0x30191400, flag_bits_addr=0xd0030cb0, wait_mode=0)
[E : PPU[146] Thread (Shears_SPURSProxy)[0x029d904c]]: cellSpurs error: cellSpursEventFlagWait(event_flag_addr=0x30191400, flag_bits_addr=0xd0030cb0, wait_mode=0)
[E : PPU[146] Thread (Shears_SPURSProxy)[0x029d904c]]: cellSpurs error: cellSpursEventFlagWait(event_flag_addr=0x30191400, flag_bits_addr=0xd0030cb0, wait_mode=0)
[E : PPU[146] Thread (Shears_SPURSProxy)[0x029d904c]]: cellSpurs error: cellSpursEventFlagWait(event_flag_addr=0x30191400, flag_bits_addr=0xd0030cb0, wait_mode=0)
[E : PPU[146] Thread (Shears_SPURSProxy)[0x029d904c]]: cellSpurs error: cellSpursEventFlagWait(event_flag_addr=0x30191400, flag_bits_addr=0xd0030cb0, wait_mode=0)
[E : PPU[146] Thread (Shears_SPURSProxy)[0x029d904c]]: cellSpurs error: cellSpursEventFlagWait(event_flag_addr=0x30191400, flag_bits_addr=0xd0030cb0, wait_mode=0)
[E : PPU[146] Thread (Shears_SPURSProxy)[0x029d904c]]: cellSpurs error: cellSpursEventFlagWait(event_flag_addr=0x30191400, flag_bits_addr=0xd0030cb0, wait_mode=0)
[E : PPU[146] Thread (Shears_SPURSProxy)[0x029d904c]]: cellSpurs error: cellSpursEventFlagWait(event_flag_addr=0x30191400, flag_bits_addr=0xd0030cb0, wait_mode=0)
[E : PPU[146] Thread (Shears_SPURSProxy)[0x029d904c]]: cellSpurs error: cellSpursEventFlagWait(event_flag_addr=0x30191400, flag_bits_addr=0xd0030cb0, wait_mode=0)
[E : PPU[146] Thread (Shears_SPURSProxy)[0x029d904c]]: cellSpurs error: cellSpursEventFlagWait(event_flag_addr=0x30191400, flag_bits_addr=0xd0030cb0, wait_mode=0)
[E : PPU[146] Thread (Shears_SPURSProxy)[0x029d904c]]: cellSpurs error: cellSpursEventFlagWait(event_flag_addr=0x30191400, flag_bits_addr=0xd0030cb0, wait_mode=0)
[E : PPU[146] Thread (Shears_SPURSProxy)[0x029d904c]]: cellSpurs error: cellSpursEventFlagWait(event_flag_addr=0x30191400, flag_bits_addr=0xd0030cb0, wait_mode=0)
[E : PPU[146] Thread (Shears_SPURSProxy)[0x029d904c]]: cellSpurs error: cellSpursEventFlagWait(event_flag_addr=0x30191400, flag_bits_addr=0xd0030cb0, wait_mode=0)
[E : PPU[146] Thread (Shears_SPURSProxy)[0x029d904c]]: cellSpurs error: cellSpursEventFlagWait(event_flag_addr=0x30191400, flag_bits_addr=0xd0030cb0, wait_mode=0)
[E : PPU[146] Thread (Shears_SPURSProxy)[0x029d904c]]: cellSpurs error: cellSpursEventFlagWait(event_flag_addr=0x30191400, flag_bits_addr=0xd0030cb0, wait_mode=0)
[E : PPU[146] Thread (Shears_SPURSProxy)[0x029d904c]]: cellSpurs error: cellSpursEventFlagWait(event_flag_addr=0x30191400, flag_bits_addr=0xd0030cb0, wait_mode=0)
[E : PPU[146] Thread (Shears_SPURSProxy)[0x029d904c]]: cellSpurs error: cellSpursEventFlagWait(event_flag_addr=0x30191400, flag_bits_addr=0xd0030cb0, wait_mode=0)
[E : PPU[146] Thread (Shears_SPURSProxy)[0x029d904c]]: cellSpurs error: cellSpursEventFlagWait(event_flag_addr=0x30191400, flag_bits_addr=0xd0030cb0, wait_mode=0)
[E : PPU[146] Thread (Shears_SPURSProxy)[0x029d904c]]: cellSpurs error: cellSpursEventFlagWait(event_flag_addr=0x30191400, flag_bits_addr=0xd0030cb0, wait_mode=0)
[E : PPU[146] Thread (Shears_SPURSProxy)[0x029d904c]]: cellSpurs error: cellSpursEventFlagWait(event_flag_addr=0x30191400, flag_bits_addr=0xd0030cb0, wait_mode=0)
[E : PPU[146] Thread (Shears_SPURSProxy)[0x029d904c]]: cellSpurs error: cellSpursEventFlagWait(event_flag_addr=0x30191400, flag_bits_addr=0xd0030cb0, wait_mode=0)
[E : PPU[146] Thread (Shears_SPURSProxy)[0x029d904c]]: cellSpurs error: cellSpursEventFlagWait(event_flag_addr=0x30191400, flag_bits_addr=0xd0030cb0, wait_mode=0)
[E : PPU[146] Thread (Shears_SPURSProxy)[0x029d904c]]: cellSpurs error: cellSpursEventFlagWait(event_flag_addr=0x30191400, flag_bits_addr=0xd0030cb0, wait_mode=0)
[E : PPU[146] Thread (Shears_SPURSProxy)[0x029d904c]]: cellSpurs error: cellSpursEventFlagWait(event_flag_addr=0x30191400, flag_bits_addr=0xd0030cb0, wait_mode=0)
[E : PPU[146] Thread (Shears_SPURSProxy)[0x029d904c]]: cellSpurs error: cellSpursEventFlagWait(event_flag_addr=0x30191400, flag_bits_addr=0xd0030cb0, wait_mode=0)
[E : PPU[146] Thread (Shears_SPURSProxy)[0x029d904c]]: cellSpurs error: cellSpursEventFlagWait(event_flag_addr=0x30191400, flag_bits_addr=0xd0030cb0, wait_mode=0)
[E : PPU[146] Thread (Shears_SPURSProxy)[0x029d904c]]: cellSpurs error: cellSpursEventFlagWait(event_flag_addr=0x30191400, flag_bits_addr=0xd0030cb0, wait_mode=0)
[E : PPU[146] Thread (Shears_SPURSProxy)[0x029d904c]]: cellSpurs error: cellSpursEventFlagWait(event_flag_addr=0x30191400, flag_bits_addr=0xd0030cb0, wait_mode=0)
[E : PPU[146] Thread (Shears_SPURSProxy)[0x029d904c]]: cellSpurs error: cellSpursEventFlagWait(event_flag_addr=0x30191400, flag_bits_addr=0xd0030cb0, wait_mode=0)
[E : PPU[146] Thread (Shears_SPURSProxy)[0x029d904c]]: cellSpurs error: cellSpursEventFlagWait(event_flag_addr=0x30191400, flag_bits_addr=0xd0030cb0, wait_mode=0)
[E : PPU[146] Thread (Shears_SPURSProxy)[0x029d904c]]: cellSpurs error: cellSpursEventFlagWait(event_flag_addr=0x30191400, flag_bits_addr=0xd0030cb0, wait_mode=0)
[E : PPU[146] Thread (Shears_SPURSProxy)[0x029d904c]]: cellSpurs error: cellSpursEventFlagWait(event_flag_addr=0x30191400, flag_bits_addr=0xd0030cb0, wait_mode=0)
[E : PPU[146] Thread (Shears_SPURSProxy)[0x029d904c]]: cellSpurs error: cellSpursEventFlagWait(event_flag_addr=0x30191400, flag_bits_addr=0xd0030cb0, wait_mode=0)
[E : PPU[146] Thread (Shears_SPURSProxy)[0x029d904c]]: cellSpurs error: cellSpursEventFlagWait(event_flag_addr=0x30191400, flag_bits_addr=0xd0030cb0, wait_mode=0)
[E : PPU[146] Thread (Shears_SPURSProxy)[0x029d904c]]: cellSpurs error: cellSpursEventFlagWait(event_flag_addr=0x30191400, flag_bits_addr=0xd0030cb0, wait_mode=0)
[E : PPU[146] Thread (Shears_SPURSProxy)[0x029d904c]]: cellSpurs error: cellSpursEventFlagWait(event_flag_addr=0x30191400, flag_bits_addr=0xd0030cb0, wait_mode=0)
[E : PPU[146] Thread (Shears_SPURSProxy)[0x029d904c]]: cellSpurs error: cellSpursEventFlagWait(event_flag_addr=0x30191400, flag_bits_addr=0xd0030cb0, wait_mode=0)
[E : PPU[146] Thread (Shears_SPURSProxy)[0x029d904c]]: cellSpurs error: cellSpursEventFlagWait(event_flag_addr=0x30191400, flag_bits_addr=0xd0030cb0, wait_mode=0)
[E : PPU[146] Thread (Shears_SPURSProxy)[0x029d904c]]: cellSpurs error: cellSpursEventFlagWait(event_flag_addr=0x30191400, flag_bits_addr=0xd0030cb0, wait_mode=0)
[E : PPU[146] Thread (Shears_SPURSProxy)[0x029d904c]]: cellSpurs error: cellSpursEventFlagWait(event_flag_addr=0x30191400, flag_bits_addr=0xd0030cb0, wait_mode=0)
[E : PPU[146] Thread (Shears_SPURSProxy)[0x029d904c]]: cellSpurs error: cellSpursEventFlagWait(event_flag_addr=0x30191400, flag_bits_addr=0xd0030cb0, wait_mode=0)
[E : PPU[146] Thread (Shears_SPURSProxy)[0x029d904c]]: cellSpurs error: cellSpursEventFlagWait(event_flag_addr=0x30191400, flag_bits_addr=0xd0030cb0, wait_mode=0)
[E : PPU[146] Thread (Shears_SPURSProxy)[0x029d904c]]: cellSpurs error: cellSpursEventFlagWait(event_flag_addr=0x30191400, flag_bits_addr=0xd0030cb0, wait_mode=0)
[E : PPU[146] Thread (Shears_SPURSProxy)[0x029d904c]]: cellSpurs error: cellSpursEventFlagWait(event_flag_addr=0x30191400, flag_bits_addr=0xd0030cb0, wait_mode=0)
[E : PPU[146] Thread (Shears_SPURSProxy)[0x029d904c]]: cellSpurs error: cellSpursEventFlagWait(event_flag_addr=0x30191400, flag_bits_addr=0xd0030cb0, wait_mode=0)
[E : PPU[146] Thread (Shears_SPURSProxy)[0x029d904c]]: cellSpurs error: cellSpursEventFlagWait(event_flag_addr=0x30191400, flag_bits_addr=0xd0030cb0, wait_mode=0)
[E : PPU[146] Thread (Shears_SPURSProxy)[0x029d904c]]: cellSpurs error: cellSpursEventFlagWait(event_flag_addr=0x30191400, flag_bits_addr=0xd0030cb0, wait_mode=0)
[E : PPU[146] Thread (Shears_SPURSProxy)[0x029d904c]]: cellSpurs error: cellSpursEventFlagWait(event_flag_addr=0x30191400, flag_bits_addr=0xd0030cb0, wait_mode=0)
[E : PPU[146] Thread (Shears_SPURSProxy)[0x029d904c]]: cellSpurs error: cellSpursEventFlagWait(event_flag_addr=0x30191400, flag_bits_addr=0xd0030cb0, wait_mode=0)
[E : PPU[146] Thread (Shears_SPURSProxy)[0x029d904c]]: cellSpurs error: cellSpursEventFlagWait(event_flag_addr=0x30191400, flag_bits_addr=0xd0030cb0, wait_mode=0)
[E : PPU[146] Thread (Shears_SPURSProxy)[0x029d904c]]: cellSpurs error: cellSpursEventFlagWait(event_flag_addr=0x30191400, flag_bits_addr=0xd0030cb0, wait_mode=0)
[E : PPU[146] Thread (Shears_SPURSProxy)[0x029d904c]]: cellSpurs error: cellSpursEventFlagWait(event_flag_addr=0x30191400, flag_bits_addr=0xd0030cb0, wait_mode=0)
[E : PPU[146] Thread (Shears_SPURSProxy)[0x029d904c]]: cellSpurs error: cellSpursEventFlagWait(event_flag_addr=0x30191400, flag_bits_addr=0xd0030cb0, wait_mode=0)
[E : PPU[146] Thread (Shears_SPURSProxy)[0x029d904c]]: cellSpurs error: cellSpursEventFlagWait(event_flag_addr=0x30191400, flag_bits_addr=0xd0030cb0, wait_mode=0)
[E : PPU[146] Thread (Shears_SPURSProxy)[0x029d904c]]: cellSpurs error: cellSpursEventFlagWait(event_flag_addr=0x30191400, flag_bits_addr=0xd0030cb0, wait_mode=0)
[E : PPU[146] Thread (Shears_SPURSProxy)[0x029d904c]]: cellSpurs error: cellSpursEventFlagWait(event_flag_addr=0x30191400, flag_bits_addr=0xd0030cb0, wait_mode=0)
[E : PPU[146] Thread (Shears_SPURSProxy)[0x029d904c]]: cellSpurs error: cellSpursEventFlagWait(event_flag_addr=0x30191400, flag_bits_addr=0xd0030cb0, wait_mode=0)
[E : PPU[146] Thread (Shears_SPURSProxy)[0x029d904c]]: cellSpurs error: cellSpursEventFlagWait(event_flag_addr=0x30191400, flag_bits_addr=0xd0030cb0, wait_mode=0)
[E : PPU[146] Thread (Shears_SPURSProxy)[0x029d904c]]: cellSpurs error: cellSpursEventFlagWait(event_flag_addr=0x30191400, flag_bits_addr=0xd0030cb0, wait_mode=0)
[E : PPU[146] Thread (Shears_SPURSProxy)[0x029d904c]]: cellSpurs error: cellSpursEventFlagWait(event_flag_addr=0x30191400, flag_bits_addr=0xd0030cb0, wait_mode=0)
[E : PPU[146] Thread (Shears_SPURSProxy)[0x029d904c]]: cellSpurs error: cellSpursEventFlagWait(event_flag_addr=0x30191400, flag_bits_addr=0xd0030cb0, wait_mode=0)
[E : PPU[146] Thread (Shears_SPURSProxy)[0x029d904c]]: cellSpurs error: cellSpursEventFlagWait(event_flag_addr=0x30191400, flag_bits_addr=0xd0030cb0, wait_mode=0)
[E : PPU[146] Thread (Shears_SPURSProxy)[0x029d904c]]: cellSpurs error: cellSpursEventFlagWait(event_flag_addr=0x30191400, flag_bits_addr=0xd0030cb0, wait_mode=0)
[E : PPU[146] Thread (Shears_SPURSProxy)[0x029d904c]]: cellSpurs error: cellSpursEventFlagWait(event_flag_addr=0x30191400, flag_bits_addr=0xd0030cb0, wait_mode=0)
[E : PPU[146] Thread (Shears_SPURSProxy)[0x029d904c]]: cellSpurs error: cellSpursEventFlagWait(event_flag_addr=0x30191400, flag_bits_addr=0xd0030cb0, wait_mode=0)
[E : PPU[146] Thread (Shears_SPURSProxy)[0x029d904c]]: cellSpurs error: cellSpursEventFlagWait(event_flag_addr=0x30191400, flag_bits_addr=0xd0030cb0, wait_mode=0)
[E : PPU[146] Thread (Shears_SPURSProxy)[0x029d904c]]: cellSpurs error: cellSpursEventFlagWait(event_flag_addr=0x30191400, flag_bits_addr=0xd0030cb0, wait_mode=0)
[E : PPU[146] Thread (Shears_SPURSProxy)[0x029d904c]]: cellSpurs error: cellSpursEventFlagWait(event_flag_addr=0x30191400, flag_bits_addr=0xd0030cb0, wait_mode=0)
[E : PPU[146] Thread (Shears_SPURSProxy)[0x029d904c]]: cellSpurs error: cellSpursEventFlagWait(event_flag_addr=0x30191400, flag_bits_addr=0xd0030cb0, wait_mode=0)
[E : PPU[146] Thread (Shears_SPURSProxy)[0x029d904c]]: cellSpurs error: cellSpursEventFlagWait(event_flag_addr=0x30191400, flag_bits_addr=0xd0030cb0, wait_mode=0)
[E : PPU[146] Thread (Shears_SPURSProxy)[0x029d904c]]: cellSpurs error: cellSpursEventFlagWait(event_flag_addr=0x30191400, flag_bits_addr=0xd0030cb0, wait_mode=0)
[E : PPU[146] Thread (Shears_SPURSProxy)[0x029d904c]]: cellSpurs error: cellSpursEventFlagWait(event_flag_addr=0x30191400, flag_bits_addr=0xd0030cb0, wait_mode=0)
[E : PPU[146] Thread (Shears_SPURSProxy)[0x029d904c]]: cellSpurs error: cellSpursEventFlagWait(event_flag_addr=0x30191400, flag_bits_addr=0xd0030cb0, wait_mode=0)
[E : PPU[146] Thread (Shears_SPURSProxy)[0x029d904c]]: cellSpurs error: cellSpursEventFlagWait(event_flag_addr=0x30191400, flag_bits_addr=0xd0030cb0, wait_mode=0)
[E : PPU[146] Thread (Shears_SPURSProxy)[0x029d904c]]: cellSpurs error: cellSpursEventFlagWait(event_flag_addr=0x30191400, flag_bits_addr=0xd0030cb0, wait_mode=0)
[E : PPU[146] Thread (Shears_SPURSProxy)[0x029d904c]]: cellSpurs error: cellSpursEventFlagWait(event_flag_addr=0x30191400, flag_bits_addr=0xd0030cb0, wait_mode=0)
[E : PPU[146] Thread (Shears_SPURSProxy)[0x029d904c]]: cellSpurs error: cellSpursEventFlagWait(event_flag_addr=0x30191400, flag_bits_addr=0xd0030cb0, wait_mode=0)
[E : PPU[146] Thread (Shears_SPURSProxy)[0x029d904c]]: cellSpurs error: cellSpursEventFlagWait(event_flag_addr=0x30191400, flag_bits_addr=0xd0030cb0, wait_mode=0)
[E : PPU[146] Thread (Shears_SPURSProxy)[0x029d904c]]: cellSpurs error: cellSpursEventFlagWait(event_flag_addr=0x30191400, flag_bits_addr=0xd0030cb0, wait_mode=0)
[E : PPU[146] Thread (Shears_SPURSProxy)[0x029d904c]]: cellSpurs error: cellSpursEventFlagWait(event_flag_addr=0x30191400, flag_bits_addr=0xd0030cb0, wait_mode=0)
[E : PPU[146] Thread (Shears_SPURSProxy)[0x029d904c]]: cellSpurs error: cellSpursEventFlagWait(event_flag_addr=0x30191400, flag_bits_addr=0xd0030cb0, wait_mode=0)
[E : PPU[146] Thread (Shears_SPURSProxy)[0x029d904c]]: cellSpurs error: cellSpursEventFlagWait(event_flag_addr=0x30191400, flag_bits_addr=0xd0030cb0, wait_mode=0)
[E : PPU[146] Thread (Shears_SPURSProxy)[0x029d904c]]: cellSpurs error: cellSpursEventFlagWait(event_flag_addr=0x30191400, flag_bits_addr=0xd0030cb0, wait_mode=0)
[E : PPU[146] Thread (Shears_SPURSProxy)[0x029d904c]]: cellSpurs error: cellSpursEventFlagWait(event_flag_addr=0x30191400, flag_bits_addr=0xd0030cb0, wait_mode=0)
[E : PPU[146] Thread (Shears_SPURSProxy)[0x029d904c]]: cellSpurs error: cellSpursEventFlagWait(event_flag_addr=0x30191400, flag_bits_addr=0xd0030cb0, wait_mode=0)
[E : PPU[146] Thread (Shears_SPURSProxy)[0x029d904c]]: cellSpurs error: cellSpursEventFlagWait(event_flag_addr=0x30191400, flag_bits_addr=0xd0030cb0, wait_mode=0)
[E : PPU[146] Thread (Shears_SPURSProxy)[0x029d904c]]: cellSpurs error: cellSpursEventFlagWait(event_flag_addr=0x30191400, flag_bits_addr=0xd0030cb0, wait_mode=0)
[E : PPU[146] Thread (Shears_SPURSProxy)[0x029d904c]]: cellSpurs error: cellSpursEventFlagWait(event_flag_addr=0x30191400, flag_bits_addr=0xd0030cb0, wait_mode=0)
[E : PPU[146] Thread (Shears_SPURSProxy)[0x029d904c]]: cellSpurs error: cellSpursEventFlagWait(event_flag_addr=0x30191400, flag_bits_addr=0xd0030cb0, wait_mode=0)
[E : PPU[146] Thread (Shears_SPURSProxy)[0x029d904c]]: cellSpurs error: cellSpursEventFlagWait(event_flag_addr=0x30191400, flag_bits_addr=0xd0030cb0, wait_mode=0)
[E : PPU[146] Thread (Shears_SPURSProxy)[0x029d904c]]: cellSpurs error: cellSpursEventFlagWait(event_flag_addr=0x30191400, flag_bits_addr=0xd0030cb0, wait_mode=0)
[E : PPU[164] Thread (Thread 0)[0x010e1608]]: Read32 from null block: [f18e002c]
[W : PPU[1] Thread (CPUThread)[0x029ff04c]]: sys_lwmutex warning: *** lwmutex created [Adaptiv] (attribute=0x12): sq_id = 165
[E : PPU[164] Thread (Thread 0)[0x010e1654]]: Read32 from null block: [74446174]
[E : PPU[146] Thread (Shears_SPURSProxy)[0x029d904c]]: cellSpurs error: cellSpursEventFlagWait(event_flag_addr=0x30191400, flag_bits_addr=0xd0030cb0, wait_mode=0)
[E : PPU[164] Thread (Thread 0)[0x010e165c]]: Read32 from null block: [74446178]
[E : PPU[164] Thread (Thread 0)[0x010e1660]]: PPU[164] Thread (Thread 0) branch error: bad address 0x0 #pc: 0x10e1660
[E : PPU[146] Thread (Shears_SPURSProxy)[0x029d904c]]: cellSpurs error: cellSpursEventFlagWait(event_flag_addr=0x30191400, flag_bits_addr=0xd0030cb0, wait_mode=0)
[E : PPU[146] Thread (Shears_SPURSProxy)[0x029d904c]]: cellSpurs error: cellSpursEventFlagWait(event_flag_addr=0x30191400, flag_bits_addr=0xd0030cb0, wait_mode=0)
[!]: Closing memory...
