Initing memory...
[!]: Memory initialized.
[W]: Unknown module 'cellSysutilAvc2'
[W]: Unknown module 'cellSysutilAvconfExt'
[W]: Unknown function 0x01fbbc9b in 'sceNp' module
[E]: TODO: sceNpBasicSendMessageGui
[W]: Unknown function 0x04372385 in 'sceNp' module
[E]: TODO: sceNpBasicGetFriendListEntry
[W]: Unknown function 0x168a3117 in 'sceNp' module
[E]: TODO: sceNpBasicAddPlayersHistory
[W]: Unknown function 0x168fcece in 'sceNp' module
[E]: TODO: sceNpManagerGetAccountAge
[W]: Unknown function 0x21206642 in 'sceNp' module
[E]: TODO: sceNpScoreGetRankingByRangeAsync
[W]: Unknown function 0x259113b8 in 'sceNp' module
[E]: TODO: sceNpScoreDestroyTitleCtx
[W]: Unknown function 0x32cf311f in 'sceNp' module
[E]: TODO: sceNpScoreInit
[W]: Unknown function 0x3db7914d in 'sceNp' module
[E]: TODO: sceNpScoreGetRankingByNpIdAsync
[W]: Unknown function 0x4026eac5 in 'sceNp' module
[E]: TODO: sceNpBasicRegisterContextSensitiveHandler
[W]: Unknown function 0x5de61626 in 'sceNp' module
[E]: TODO: sceNpLookupDestroyTitleCtx
[W]: Unknown function 0x5f2d9257 in 'sceNp' module
[E]: TODO: sceNpLookupInit
[W]: Unknown function 0x64a704cc in 'sceNp' module
[E]: TODO: sceNpBasicRecvMessageAttachmentLoad
[W]: Unknown function 0x6ee62ed2 in 'sceNp' module
[E]: TODO: sceNpManagerGetContentRatingFlag
[W]: Unknown function 0x6f5e8143 in 'sceNp' module
[E]: TODO: sceNpScoreCreateTransactionCtx
[W]: Unknown function 0x7508112e in 'sceNp' module
[E]: TODO: sceNpLookupPollAsync
[W]: Unknown function 0x806960ab in 'sceNp' module
[E]: TODO: sceNpBasicRecvMessageCustom
[W]: Unknown function 0x8440537c in 'sceNp' module
[E]: TODO: sceNpLookupTerm
[W]: Unknown function 0x860b1756 in 'sceNp' module
[E]: TODO: sceNpLookupTitleSmallStorageAsync
[W]: Unknown function 0x9851f805 in 'sceNp' module
[E]: TODO: sceNpScoreTerm
[W]: Unknown function 0xa7a090e5 in 'sceNp' module
[E]: TODO: sceNpScorePollAsync
[W]: Unknown function 0xacb9ee8e in 'sceNp' module
[E]: TODO: sceNpBasicUnregisterHandler
[W]: Unknown function 0xafef640d in 'sceNp' module
[E]: TODO: sceNpBasicGetFriendListEntryCount
[W]: Unknown function 0xb9f93bbb in 'sceNp' module
[E]: TODO: sceNpScoreCreateTitleCtx
[W]: Unknown function 0xbe0e3ee2 in 'sceNp' module
[E]: TODO: sceNpDrmVerifyUpgradeLicense2
[W]: Unknown function 0xbe81c71c in 'sceNp' module
[E]: TODO: sceNpBasicSetPresenceDetails
[W]: Unknown function 0xc5f4cf82 in 'sceNp' module
[E]: TODO: sceNpScoreDestroyTransactionCtx
[W]: Unknown function 0xce81c7f0 in 'sceNp' module
[E]: TODO: sceNpLookupCreateTitleCtx
[W]: Unknown function 0xe035f7d6 in 'sceNp' module
[E]: TODO: sceNpBasicGetEvent
[W]: Unknown function 0xea2e9ffc in 'sceNp' module
[E]: TODO: sceNpLookupCreateTransactionCtx
[W]: Unknown function 0xeb7a3d84 in 'sceNp' module
[E]: TODO: sceNpManagerGetChatRestrictionFlag
[W]: Unknown function 0xf042b14f in 'sceNp' module
[E]: TODO: sceNpDrmIsAvailable2
[W]: Unknown function 0xf0b1e399 in 'sceNp' module
[E]: TODO: sceNpScoreRecordScoreAsync
[W]: Unknown function 0xf283c143 in 'sceNp' module
[E]: TODO: sceNpDrmExecuteGamePurchase
[W]: Unknown function 0xfb87cf5e in 'sceNp' module
[E]: TODO: sceNpLookupDestroyTransactionCtx
[W]: Unknown function 0xfe37a7f4 in 'sceNp' module
[E]: TODO: sceNpManagerGetNpId
[W]: Unknown function 0x01379fd7 in 'sceNp2' module
[E]: TODO: sceNpMatching2DestroyContext
[W]: Unknown function 0x02065e3d in 'sceNp2' module
[E]: TODO: sceNpMatching2LeaveLobby
[W]: Unknown function 0x03a2f42a in 'sceNp2' module
[E]: TODO: sceNpMatching2RegisterLobbyMessageCallback
[W]: Unknown function 0x05bf2fbd in 'sceNp2' module
[E]: TODO: sceNpMatching2GetWorldInfoList
[W]: Unknown function 0x0884fc95 in 'sceNp2' module
[E]: TODO: sceNpMatching2RegisterLobbyEventCallback
[W]: Unknown function 0x0d22867f in 'sceNp2' module
[E]: TODO: sceNpMatching2SearchRoom
[W]: Unknown function 0x16b3e5a4 in 'sceNp2' module
[E]: TODO: sceNpMatching2CreateServerContext
[W]: Unknown function 0x1f372697 in 'sceNp2' module
[E]: TODO: sceNpMatching2LeaveRoom
[W]: Unknown function 0x23009d07 in 'sceNp2' module
[E]: TODO: sceNpMatching2Term2
[W]: Unknown function 0x26ae9ff8 in 'sceNp2' module
[E]: TODO: sceNpMatching2SignalingGetConnectionInfo
[W]: Unknown function 0x29e78389 in 'sceNp2' module
[E]: TODO: sceNpMatching2JoinLobby
[W]: Unknown function 0x3457c0db in 'sceNp2' module
[E]: TODO: sceNpMatching2GetServerInfo
[W]: Unknown function 0x3c00c9d4 in 'sceNp2' module
[E]: TODO: sceNpMatching2GetEventData
[W]: Unknown function 0x41251f74 in 'sceNp2' module
[E]: TODO: sceNp2Init
[W]: Unknown function 0x5721e711 in 'sceNp2' module
[E]: TODO: sceNpMatching2JoinRoom
[W]: Unknown function 0x6ba4c668 in 'sceNp2' module
[E]: TODO: sceNpMatching2ContextStartAsync
[W]: Unknown function 0x748029a2 in 'sceNp2' module
[E]: TODO: sceNpMatching2RegisterContextCallback
[W]: Unknown function 0x8e5cfe9f in 'sceNp2' module
[E]: TODO: sceNpMatching2GetServerIdListLocal
[W]: Unknown function 0x9cbce3f2 in 'sceNp2' module
[E]: TODO: sceNpMatching2CreateContext
[W]: Unknown function 0xa9e6103e in 'sceNp2' module
[E]: TODO: sceNpMatching2RegisterSignalingCallback
[W]: Unknown function 0xaadb7c12 in 'sceNp2' module
[E]: TODO: sceNp2Term
[W]: Unknown function 0xb851aacf in 'sceNp2' module
[E]: TODO: sceNpMatching2SetRoomMemberDataInternal
[W]: Unknown function 0xc6b63b7e in 'sceNp2' module
[E]: TODO: sceNpMatching2DeleteServerContext
[W]: Unknown function 0xdb87b088 in 'sceNp2' module
[E]: TODO: sceNpMatching2SetDefaultRequestOptParam
[W]: Unknown function 0xdcb6b27d in 'sceNp2' module
[E]: TODO: sceNpMatching2RegisterRoomEventCallback
[W]: Unknown function 0xe7a3bc7a in 'sceNp2' module
[E]: TODO: sceNpMatching2CreateJoinRoom
[W]: Unknown function 0xefbd9357 in 'sceNp2' module
[E]: TODO: sceNpMatching2GetLobbyInfoList
[W]: Unknown function 0xf43c647a in 'sceNp2' module
[E]: TODO: sceNpMatching2ContextStop
[W]: Unknown function 0xf4babd3f in 'sceNp2' module
[E]: TODO: sceNpMatching2Init2
[W]: Unknown function 0xfee11e72 in 'sceNp2' module
[E]: TODO: sceNpMatching2RegisterRoomMessageCallback
[W]: Unknown function 0x22aab31d in 'cellSpurs' module
[E]: TODO: cellSpursEventFlagDetachLv2EventQueue
[W]: Unknown function 0x373523d4 in 'cellSpurs' module
[E]: TODO: cellSpursEventFlagWait
[W]: Unknown function 0x52cc6c82 in 'cellSpurs' module
[E]: TODO: cellSpursCreateTaskset
[W]: Unknown function 0x5ef96465 in 'cellSpurs' module
[E]: TODO: _cellSpursEventFlagInitialize
[W]: Unknown function 0x87630976 in 'cellSpurs' module
[E]: TODO: cellSpursEventFlagAttachLv2EventQueue
[W]: Unknown function 0x9f72add3 in 'cellSpurs' module
[E]: TODO: cellSpursJoinTaskset
[W]: Unknown function 0xa789e631 in 'cellSpurs' module
[E]: TODO: cellSpursShutdownTaskset
[W]: Unknown function 0xacfc8dbc in 'cellSpurs' module
[E]: TODO: cellSpursInitialize
[W]: Unknown function 0xbeb600ac in 'cellSpurs' module
[E]: TODO: cellSpursCreateTask
[W]: Unknown function 0xe0a6dbe4 in 'cellSpurs' module
[E]: TODO: _cellSpursSendSignal
[W]: Unknown function 0x7f13fc8c in 'sys_fs' module
[E]: TODO: cellFsAioCancel
[W]: Unknown function 0x20543730 in 'cellSysutil' module
[E]: TODO: cellMsgDialogClose
[W]: Unknown function 0x220894e3 in 'cellSysutil' module
[E]: TODO: cellSysutilEnableBgmPlayback
[W]: Unknown function 0x35beade0 in 'cellSysutil' module
[E]: TODO: cellOskDialogGetSize
[W]: Unknown function 0x62b0f803 in 'cellSysutil' module
[E]: TODO: cellMsgDialogAbort
[W]: Unknown function 0x7f21c918 in 'cellSysutil' module
[E]: TODO: cellOskDialogAddSupportLanguage
[W]: Unknown function 0x7fcfc915 in 'cellSysutil' module
[E]: TODO: cellOskDialogLoadAsync
[W]: Unknown function 0x8b7ed64b in 'cellSysutil' module
[E]: TODO: cellSaveDataAutoSave2
[W]: Unknown function 0x94862702 in 'cellSysutil' module
[E]: TODO: cellMsgDialogProgressBarInc
[W]: Unknown function 0x9d6af72a in 'cellSysutil' module
[E]: TODO: cellMsgDialogProgressBarSetMsg
[W]: Unknown function 0xb53c54fa in 'cellSysutil' module
[E]: TODO: cellOskDialogSetKeyLayoutOption
[W]: Unknown function 0xc427890c in 'cellSysutil' module
[E]: TODO: cellOskDialogSetInitialKeyLayout
[W]: Unknown function 0xedadd797 in 'cellSysutil' module
[E]: TODO: cellSaveDataDelete2
[W]: Unknown function 0xf0ec3ccc in 'cellSysutil' module
[E]: TODO: cellOskDialogSetLayoutMode
[W]: Unknown function 0xfbd5c856 in 'cellSysutil' module
[E]: TODO: cellSaveDataAutoLoad2
[W]: Unknown function 0x858a930b in 'sys_net' module
[E]: TODO: inet_ntoa
[W]: Unknown function 0xdabbc2c0 in 'sys_net' module
[E]: TODO: inet_addr
[W]: Unknown function 0x66f5e388 in 'cellResc' module
[E]: TODO: cellRescGetLastFlipTime
[W]: Unknown function 0xd3758645 in 'cellResc' module
[E]: TODO: cellRescSetVBlankHandler
[W]: Unknown function 0xe0cef79e in 'cellResc' module
[E]: TODO: cellRescCreateInterlaceTable
[W]: Unknown function 0x63387071 in 'cellGcmSys' module
[E]: TODO: cellGcmGetLastFlipTime
[W]: Unknown function 0x99d397ac in 'cellGcmSys' module
[E]: TODO: cellGcmGetReport
[W]: Unknown function 0xa6b180ac in 'cellGcmSys' module
[E]: TODO: cellGcmGetReportDataLocation
[W]: Unknown function 0xd01b570d in 'cellGcmSys' module
[E]: TODO: cellGcmSetGraphicsHandler
[W : PPU[1] Thread (CPUThread)[0x007d5034]]: sys_lwmutex warning: *** lwmutex created [_lc_mtx] (attribute=0x12): sq_id = 3
[W : PPU[1] Thread (CPUThread)[0x002c4fb4]]: memory warning: sys_memory_get_user_memory_size(mem_info_addr=0xd0010c04)
[W : PPU[1] Thread (CPUThread)[0x007d5034]]: sys_lwmutex warning: *** lwmutex created [_lc_mtx] (attribute=0x12): sq_id = 4
[W : PPU[1] Thread (CPUThread)[0x007d5034]]: sys_lwmutex warning: *** lwmutex created [_lc_mtx] (attribute=0x12): sq_id = 5
[W : PPU[1] Thread (CPUThread)[0x007d5034]]: sys_lwmutex warning: *** lwmutex created [_lc_mtx] (attribute=0x12): sq_id = 6
[W : PPU[1] Thread (CPUThread)[0x007d5034]]: sys_lwmutex warning: *** lwmutex created [_lc_mtx] (attribute=0x12): sq_id = 7
[W : PPU[1] Thread (CPUThread)[0x007d5034]]: sys_lwmutex warning: *** lwmutex created [_lc_mtx] (attribute=0x12): sq_id = 8
[W : PPU[1] Thread (CPUThread)[0x007d5034]]: sys_lwmutex warning: *** lwmutex created [_lc_mtx] (attribute=0x12): sq_id = 9
[W : PPU[1] Thread (CPUThread)[0x007d5034]]: sys_lwmutex warning: *** lwmutex created [_lc_mtx] (attribute=0x12): sq_id = 10
[W : PPU[1] Thread (CPUThread)[0x007d5034]]: sys_lwmutex warning: *** lwmutex created [_lc_mtx] (attribute=0x12): sq_id = 11
[W : PPU[1] Thread (CPUThread)[0x007d5034]]: sys_lwmutex warning: *** lwmutex created [_lc_mtx] (attribute=0x12): sq_id = 12
[W : PPU[1] Thread (CPUThread)[0x007d5034]]: sys_lwmutex warning: *** lwmutex created [_lgcmtx] (attribute=0x12): sq_id = 13
[W : PPU[1] Thread (CPUThread)[0x007d5034]]: sys_lwmutex warning: *** lwmutex created [_lgcmtx] (attribute=0x12): sq_id = 14
[W : PPU[1] Thread (CPUThread)[0x007d5034]]: sys_lwmutex warning: *** lwmutex created [_lgcmtx] (attribute=0x22): sq_id = 15
[W : PPU[1] Thread (CPUThread)[0x007d5034]]: sys_lwmutex warning: *** lwmutex created [_lc_mtx] (attribute=0x12): sq_id = 16
[W : PPU[1] Thread (CPUThread)[0x007d5034]]: sys_lwmutex warning: *** lwmutex created [_lc_mtx] (attribute=0x12): sq_id = 17
[W : PPU[1] Thread (CPUThread)[0x007d5034]]: sys_lwmutex warning: *** lwmutex created [_lc_mtx] (attribute=0x12): sq_id = 18
[W : PPU[1] Thread (CPUThread)[0x007d5034]]: sys_lwmutex warning: *** lwmutex created [_lc_mtx] (attribute=0x12): sq_id = 19
[W : PPU[1] Thread (CPUThread)[0x007d5034]]: sys_lwmutex warning: *** lwmutex created [_lc_mtx] (attribute=0x12): sq_id = 20
[W : PPU[1] Thread (CPUThread)[0x007d5034]]: sys_lwmutex warning: *** lwmutex created [_lc_mtx] (attribute=0x12): sq_id = 21
[W : PPU[1] Thread (CPUThread)[0x007d5034]]: sys_lwmutex warning: *** lwmutex created [_lc_mtx] (attribute=0x12): sq_id = 22
[W : PPU[1] Thread (CPUThread)[0x007d5034]]: sys_lwmutex warning: *** lwmutex created [_lc_mtx] (attribute=0x12): sq_id = 23
[W : PPU[1] Thread (CPUThread)[0x007d5034]]: sys_lwmutex warning: *** lwmutex created [_lc_mtx] (attribute=0x12): sq_id = 24
[W : PPU[1] Thread (CPUThread)[0x007d5034]]: sys_lwmutex warning: *** lwmutex created [_lc_mtx] (attribute=0x12): sq_id = 25
[W : PPU[1] Thread (CPUThread)[0x007d5034]]: sys_lwmutex warning: *** lwmutex created [_lc_mtx] (attribute=0x12): sq_id = 26
[W : PPU[1] Thread (CPUThread)[0x007d5034]]: sys_lwmutex warning: *** lwmutex created [_lc_mtx] (attribute=0x12): sq_id = 27
[W : PPU[1] Thread (CPUThread)[0x007d5034]]: sys_lwmutex warning: *** lwmutex created [] (attribute=0x22): sq_id = 28
[W : PPU[1] Thread (CPUThread)[0x007d5034]]: sys_lwmutex warning: *** lwmutex created [] (attribute=0x22): sq_id = 29
[W : PPU[1] Thread (CPUThread)[0x007d5034]]: sys_lwmutex warning: *** lwmutex created [] (attribute=0x22): sq_id = 30
[W : PPU[1] Thread (CPUThread)[0x007d5034]]: sys_lwmutex warning: *** lwmutex created [] (attribute=0x22): sq_id = 31
[W : PPU[1] Thread (CPUThread)[0x007d5034]]: sys_lwmutex warning: *** lwmutex created [] (attribute=0x22): sq_id = 32
[W : PPU[1] Thread (CPUThread)[0x007d3010]]: cellSysmodule warning: cellSysmoduleLoadModule(CELL_SYSMODULE_SYSUTIL_GAME)
[W : PPU[1] Thread (CPUThread)[0x007cb01c]]: cellGame warning: cellGameBootCheck(type_addr=0x30100e80, attributes_addr=0x30100e84, size_addr=0x30100e88, dirName_addr=0x30100ef0)
[W : PPU[1] Thread (CPUThread)[0x007cb004]]: cellGame warning: cellGameContentPermit(contentInfoPath_addr=0x30100f30, usrdirPath_addr=0x30100fd0)
[W : PPU[1] Thread (CPUThread)[0x007c9058]]: cellSysutil warning: cellSysutilGetSystemParamInt: CELL_SYSUTIL_SYSTEMPARAM_ID_LANG
[W : PPU[1] Thread (CPUThread)[0x007c90dc]]: cellSysutil warning: cellSysutilRegisterCallback(slot=3, func_addr=0x693d40, userdata=0x6a4b48)
[W : PPU[1] Thread (CPUThread)[0x007d3010]]: cellSysmodule warning: cellSysmoduleLoadModule(CELL_SYSMODULE_NET)
[W : PPU[1] Thread (CPUThread)[0x007cd004]]: sys_net warning: sys_net_initialize_network_ex(param_addr=0xd00108e8)
[E : PPU[1] Thread (CPUThread)[0x00684028]]: cellNetCtl error: Unimplemented function: cellNetCtlInit
[W : PPU[1] Thread (CPUThread)[0x007d3010]]: cellSysmodule warning: cellSysmoduleLoadModule(CELL_SYSMODULE_SYSUTIL_NP2)
[E : PPU[1] Thread (CPUThread)[0x0068c0a0]]: TODO: sceNp2Init
[E : PPU[1] Thread (CPUThread)[0x0068a07c]]: TODO: sceNpLookupInit
[E : PPU[1] Thread (CPUThread)[0x0068a064]]: TODO: sceNpBasicRegisterContextSensitiveHandler
[! : PPU[1] Thread (CPUThread)[0x007d501c]]: *** New PPU Thread [NpBasicWorkerThread] (): id = 33
[E : PPU[1] Thread (CPUThread)[0x007c9034]]: TODO: cellSysutilEnableBgmPlayback
[E : PPU[1] Thread (CPUThread)[0x002c0cf0]]: sys_fs error: "/dev_hdd0/game/NPEB00910/USRDIR/fullscreen.txt" not found! flags: 0x00000000
[E : PPU[1] Thread (CPUThread)[0x002c0cf0]]: sys_fs error: "/dev_hdd0/game/NPEB00910/USRDIR/fullscreen.txt" not found! flags: 0x00000000
[E : PPU[1] Thread (CPUThread)[0x002c0cf0]]: sys_fs error: "/dev_hdd0/game/NPEB00910/USRDIR/data/noMainMenu.txt" not found! flags: 0x00000000
[E : PPU[1] Thread (CPUThread)[0x002c0cf0]]: sys_fs error: "/dev_hdd0/game/NPEB00910/USRDIR/data/noMainMenu.txt" not found! flags: 0x00000000
[W : PPU[1] Thread (CPUThread)[0x0002bbf4]]: sys_spu warning: sys_spu_initialize(max_usable_spu=6, max_raw_spu=1)
[W : PPU[1] Thread (CPUThread)[0x007d3010]]: cellSysmodule warning: cellSysmoduleLoadModule(CELL_SYSMODULE_GCM_SYS)
[W : PPU[1] Thread (CPUThread)[0x007d3010]]: cellSysmodule warning: cellSysmoduleLoadModule(CELL_SYSMODULE_FS)
[W : PPU[1] Thread (CPUThread)[0x007d3010]]: cellSysmodule warning: cellSysmoduleLoadModule(CELL_SYSMODULE_USBD)
[W : PPU[1] Thread (CPUThread)[0x007d3010]]: cellSysmodule warning: cellSysmoduleLoadModule(CELL_SYSMODULE_IO)
[W : PPU[1] Thread (CPUThread)[0x007d3010]]: cellSysmodule warning: cellSysmoduleLoadModule(CELL_SYSMODULE_AVCONF_EXT)
[E : PPU[1] Thread (CPUThread)[0x00688010]]: TODO: cellVideoOutSetGamma
[E : PPU[1] Thread (CPUThread)[0x00688004]]: TODO: cellVideoOutGetGamma
[W : PPU[1] Thread (CPUThread)[0x007d3010]]: cellSysmodule warning: cellSysmoduleLoadModule(CELL_SYSMODULE_GCM_SYS)
[W : PPU[1] Thread (CPUThread)[0x007d3010]]: cellSysmodule warning: cellSysmoduleLoadModule(CELL_SYSMODULE_RESC)
[W : PPU[1] Thread (CPUThread)[0x00221750]]: sys_spu warning: sys_raw_spu_create(id_addr=0x777c70, attr_addr=0xd00106a0)
[W : PPU[1] Thread (CPUThread)[0x00221990]]: RawSPUThread[0]: Read32(MFC_CMDStatus)
[W : PPU[1] Thread (CPUThread)[0x00221990]]: RawSPUThread[0]: Read32(MFC_CMDStatus)
[W : PPU[1] Thread (CPUThread)[0x00221c8c]]: RawSPUThread[0]: Write32(Prxy_QueryMask, 0x80000000)
[W : PPU[1] Thread (CPUThread)[0x00221c90]]: RawSPUThread[0]: Write32(Prxy_QueryType, 0x2)
[W : PPU[1] Thread (CPUThread)[0x00221c90]]: RawSPUThread[0]: Prxy Query Immediate.
[W : PPU[1] Thread (CPUThread)[0x00221ca0]]: RawSPUThread[0]: Read32(MFC_QStatus)
[W : PPU[1] Thread (CPUThread)[0x00221ce0]]: RawSPUThread[0]: Write32(SPU_NPC, 0xe0)
[W : PPU[1] Thread (CPUThread)[0x00221700]]: RawSPUThread[0]: Write32(SPU_NPC, 0xe0)
[W : PPU[1] Thread (CPUThread)[0x002216d4]]: RawSPUThread[0]: Write32(SPU_RunCntl, 0x1)
[W : RawSPU[34] Thread (CPUThread)[0x000000e0]]: Starting RawSPU...
[W : PPU[1] Thread (CPUThread)[0x001feea4]]: RawSPUThread[0]: Read32(SPU_Out_MBox)
[W : PPU[1] Thread (CPUThread)[0x001feee0]]: RawSPUThread[0]: Read32(SPU_Out_MBox)
[W : PPU[1] Thread (CPUThread)[0x007d1010]]: cellGcmSys warning: cellGcmInit(context_addr=0x778ab0,cmdSize=0x10000,ioSize=0x100000,ioAddress=0x30200000)
[W : PPU[1] Thread (CPUThread)[0x007d1010]]: cellGcmSys warning: *** local memory(addr=0xc0000000, size=0xf900000)
[W : PPU[1] Thread (CPUThread)[0x007d1010]]: cellGcmSys warning: cellGcmMapEaIoAddress(ea=0x30200000, io=0x0, size=0x100000)
[! : RSXThread]: RSX thread entry
[W : PPU[1] Thread (CPUThread)[0x007d1070]]: cellGcmSys warning: cellGcmSetDebugOutputLevel(level=2)
[E : PPU[1] Thread (CPUThread)[0x007d116c]]: TODO: cellGcmSetGraphicsHandler
[E : RSXThread]: TODO: unknown/illegal method [0x00001fec](0x0)
[E : RSXThread]: TODO: cellGcmSetTwoSideLightEn(0x0)
[E : RSXThread]: TODO: cellGcmSetFrequencyDividerOperation(0x0)
[E : RSXThread]: TODO: cellGcmSetLogicOp(0x1503)
[E : RSXThread]: TODO: cellGcmSetPolygonOffsetScaleFactor(0x0, 0x0)
[E : RSXThread]: TODO: cellGcmSetPointSize(0x3f800000)
[W : PPU[1] Thread (CPUThread)[0x007d1094]]: cellGcmSys warning: cellGcmMapEaIoAddress(ea=0x30500000, io=0xe000000, size=0x100000)
[W : PPU[1] Thread (CPUThread)[0x007c90e8]]: cellSysutil warning: cellVideoOutGetResolutionAvailability(videoOut=0, resolutionId=0x5, option_addr=0x2, aspect=0x0, option=0x3060d0)
[W : PPU[1] Thread (CPUThread)[0x007c90e8]]: cellSysutil warning: cellVideoOutGetResolutionAvailability(videoOut=0, resolutionId=0x5, option_addr=0x1, aspect=0x0, option=0x3060d0)
[W : PPU[1] Thread (CPUThread)[0x007c90e8]]: cellSysutil warning: cellVideoOutGetResolutionAvailability(videoOut=0, resolutionId=0x4, option_addr=0x2, aspect=0x0, option=0x3060d0)
[W : PPU[1] Thread (CPUThread)[0x007c90e8]]: cellSysutil warning: cellVideoOutGetResolutionAvailability(videoOut=0, resolutionId=0x4, option_addr=0x1, aspect=0x0, option=0x3060d0)
[W : PPU[1] Thread (CPUThread)[0x007c90e8]]: cellSysutil warning: cellVideoOutGetResolutionAvailability(videoOut=0, resolutionId=0x2, option_addr=0x0, aspect=0x0, option=0x3060d0)
[W : PPU[1] Thread (CPUThread)[0x007c90e8]]: cellSysutil warning: cellVideoOutGetResolutionAvailability(videoOut=0, resolutionId=0x1, option_addr=0x0, aspect=0x0, option=0x3060d0)
[W : PPU[1] Thread (CPUThread)[0x007d1184]]: cellGcmSys warning: cellGcmUnbindTile(index=0)
[W : PPU[1] Thread (CPUThread)[0x007d1184]]: cellGcmSys warning: cellGcmUnbindTile(index=1)
[W : PPU[1] Thread (CPUThread)[0x007d1184]]: cellGcmSys warning: cellGcmUnbindTile(index=2)
[W : PPU[1] Thread (CPUThread)[0x007d1184]]: cellGcmSys warning: cellGcmUnbindTile(index=3)
[W : PPU[1] Thread (CPUThread)[0x007d1184]]: cellGcmSys warning: cellGcmUnbindTile(index=4)
[W : PPU[1] Thread (CPUThread)[0x007d1184]]: cellGcmSys warning: cellGcmUnbindTile(index=5)
[W : PPU[1] Thread (CPUThread)[0x007d1184]]: cellGcmSys warning: cellGcmUnbindTile(index=6)
[W : PPU[1] Thread (CPUThread)[0x007d1184]]: cellGcmSys warning: cellGcmUnbindTile(index=7)
[W : PPU[1] Thread (CPUThread)[0x007d1184]]: cellGcmSys warning: cellGcmUnbindTile(index=8)
[W : PPU[1] Thread (CPUThread)[0x007d1184]]: cellGcmSys warning: cellGcmUnbindTile(index=9)
[W : PPU[1] Thread (CPUThread)[0x007d1184]]: cellGcmSys warning: cellGcmUnbindTile(index=10)
[W : PPU[1] Thread (CPUThread)[0x007d1184]]: cellGcmSys warning: cellGcmUnbindTile(index=11)
[W : PPU[1] Thread (CPUThread)[0x007d1184]]: cellGcmSys warning: cellGcmUnbindTile(index=12)
[W : PPU[1] Thread (CPUThread)[0x007d1184]]: cellGcmSys warning: cellGcmUnbindTile(index=13)
[W : PPU[1] Thread (CPUThread)[0x007d1184]]: cellGcmSys warning: cellGcmUnbindTile(index=14)
[W : PPU[1] Thread (CPUThread)[0x007cf070]]: cellResc warning: cellRescInit(initConfig_addr=0xd0010630)
[W : PPU[1] Thread (CPUThread)[0x007d1148]]: cellGcmSys warning: cellGcmSetTileInfo(index=0, location=0, offset=243269632, size=17825792, pitch=8192, comp=0, base=0, bank=0)
[W : PPU[1] Thread (CPUThread)[0x007d1058]]: cellGcmSys warning: cellGcmBindTile(index=0)
[W : PPU[1] Thread (CPUThread)[0x007cf040]]: cellResc warning: cellRescSetDisplayMode(displayMode=8)
[W : PPU[1] Thread (CPUThread)[0x007cf040]]: cellSysutil warning: cellVideoOutConfigure(videoOut=0, config_addr=0x30017000, option_addr=0x0, waitForEvent=0x0)
[W : PPU[1] Thread (CPUThread)[0x007cf040]]: cellGcmSys warning: cellGcmSetFlipMode(mode=2)
[W : PPU[1] Thread (CPUThread)[0x007cf07c]]: cellResc warning: cellRescGetBufferSize(colorBuffers_addr=0xd0010600, vertexArray_addr=0xd00105f8, fragmentShader_addr=0xd00105fc)
[W : PPU[1] Thread (CPUThread)[0x007cf0a0]]: cellResc warning: cellRescSetBufferAddress(colorBuffers_addr=0xce800000, vertexArray_addr=0xc0000000, fragmentShader_addr=0xc0000180)
[W : PPU[1] Thread (CPUThread)[0x007cf0a0]]: cellGcmSys warning: cellGcmSetDisplayBuffer(id=0x0,offset=0xe800000,pitch=4,width=1920,height=1080)
[W : PPU[1] Thread (CPUThread)[0x007cf0a0]]: cellGcmSys warning: cellGcmSetDisplayBuffer(id=0x1,offset=0xf070000,pitch=4,width=1920,height=1080)
[W : PPU[1] Thread (CPUThread)[0x007cf034]]: cellResc warning: cellRescAdjustAspectRatio(horizontal=1.000000, vertical=1.000000)
[W : PPU[1] Thread (CPUThread)[0x007d1148]]: cellGcmSys warning: cellGcmSetTileInfo(index=1, location=0, offset=239337472, size=3932160, pitch=5120, comp=0, base=0, bank=0)
[W : PPU[1] Thread (CPUThread)[0x007d1058]]: cellGcmSys warning: cellGcmBindTile(index=1)
[W : PPU[1] Thread (CPUThread)[0x007d1148]]: cellGcmSys warning: cellGcmSetTileInfo(index=1, location=0, offset=235405312, size=7864320, pitch=5120, comp=0, base=0, bank=0)
[W : PPU[1] Thread (CPUThread)[0x007d1058]]: cellGcmSys warning: cellGcmBindTile(index=1)
[W : PPU[1] Thread (CPUThread)[0x007d1148]]: cellGcmSys warning: cellGcmSetTileInfo(index=1, location=0, offset=231473152, size=11796480, pitch=5120, comp=0, base=0, bank=0)
[W : PPU[1] Thread (CPUThread)[0x007d1058]]: cellGcmSys warning: cellGcmBindTile(index=1)
[W : PPU[1] Thread (CPUThread)[0x007d1148]]: cellGcmSys warning: cellGcmSetTileInfo(index=2, location=0, offset=227540992, size=3932160, pitch=5120, comp=10, base=1, bank=3)
[E : PPU[1] Thread (CPUThread)[0x007d1148]]: cellGcmSys error: cellGcmSetTileInfo: bad comp! (10)
[W : PPU[1] Thread (CPUThread)[0x007d1058]]: cellGcmSys warning: cellGcmBindTile(index=2)
[W : PPU[1] Thread (CPUThread)[0x007d10dc]]: cellGcmSys warning: TODO: cellGcmBindZcull(index=0)
[W : PPU[1] Thread (CPUThread)[0x00267d64]]: sys_semaphore warning: sys_semaphore_create(sem_addr=0x7780a8, attr_addr=0xd0010650, initial_count=2, max_count=3)
[W : PPU[1] Thread (CPUThread)[0x007cf064]]: cellResc warning: cellRescSetFlipHandler(handler_addr=0x6987c0)
[E : PPU[1] Thread (CPUThread)[0x007cf0b8]]: TODO: cellRescSetVBlankHandler
[W : PPU[1] Thread (CPUThread)[0x007cf094]]: cellGcmSys warning: cellGcmSetDisplayBuffer(id=0x0,offset=0xe440000,pitch=4,width=1280,height=720)
[W : PPU[1] Thread (CPUThread)[0x007cf094]]: cellGcmSys warning: cellGcmSetDisplayBuffer(id=0x1,offset=0xe080000,pitch=4,width=1280,height=720)
[W : PPU[1] Thread (CPUThread)[0x007cf094]]: cellGcmSys warning: cellGcmSetDisplayBuffer(id=0x2,offset=0xdcc0000,pitch=4,width=1280,height=720)
[W : PPU[1] Thread (CPUThread)[0x00220544]]: sys_mutex warning: *** mutex created [] (protocol=0x2, recursive=false): id = 36
[W : PPU[1] Thread (CPUThread)[0x0022067c]]: sys_cond warning: *** condition created [@„] (mutex_id=36): id = 37
[E : PPU[1] Thread (CPUThread)[0x007d1118]]: TODO: cellGcmGetReportDataLocation
[E : PPU[1] Thread (CPUThread)[0x007d1118]]: TODO: cellGcmGetReportDataLocation
[E : PPU[1] Thread (CPUThread)[0x007d1118]]: TODO: cellGcmGetReportDataLocation
[E : PPU[1] Thread (CPUThread)[0x007d1118]]: TODO: cellGcmGetReportDataLocation
[E : PPU[1] Thread (CPUThread)[0x002c0cf0]]: sys_fs error: "/dev_hdd0/game/NPEB00910/USRDIR/nomusic.txt" not found! flags: 0x00000000
[E : PPU[1] Thread (CPUThread)[0x002c0cf0]]: sys_fs error: "/dev_hdd0/game/NPEB00910/USRDIR/nomusic.txt" not found! flags: 0x00000000
[W : PPU[1] Thread (CPUThread)[0x007d3010]]: cellSysmodule warning: cellSysmoduleLoadModule(CELL_SYSMODULE_SYSUTIL)
[W : PPU[1] Thread (CPUThread)[0x007d3010]]: cellSysmodule warning: cellSysmoduleLoadModule(CELL_SYSMODULE_AUDIO)
[W : PPU[1] Thread (CPUThread)[0x007d3010]]: cellSysmodule warning: cellSysmoduleLoadModule(CELL_SYSMODULE_SPURS)
[W : PPU[1] Thread (CPUThread)[0x007d3010]]: cellSysmodule warning: cellSysmoduleLoadModule(CELL_SYSMODULE_FS)
[W : PPU[1] Thread (CPUThread)[0x007c9058]]: cellSysutil warning: cellSysutilGetSystemParamInt: CELL_SYSUTIL_SYSTEMPARAM_ID_ENTER_BUTTON_ASSIGN
[W : PPU[1] Thread (CPUThread)[0x002c0cf0]]: *** cellFsOpen(path="/dev_hdd0/game/NPEB00910/USRDIR/data/shaders/DebugDraw_vp-Base.vpo"): fd = 38
[W : PPU[1] Thread (CPUThread)[0x007d5034]]: sys_lwmutex warning: *** lwmutex created [_lc_mtx] (attribute=0x12): sq_id = 39
[W : PPU[1] Thread (CPUThread)[0x002c0c68]]: sys_fs warning: cellFsClose(fd=38)
[W : PPU[1] Thread (CPUThread)[0x007d5094]]: sys_lwmutex warning: sys_lwmutex_destroy(lwmutex_addr=0x30146440)
[W : PPU[1] Thread (CPUThread)[0x002c0cf0]]: *** cellFsOpen(path="/dev_hdd0/game/NPEB00910/USRDIR/data/shaders/DebugDraw_vp-Base.vpo"): fd = 40
[W : PPU[1] Thread (CPUThread)[0x007d5034]]: sys_lwmutex warning: *** lwmutex created [_lc_mtx] (attribute=0x12): sq_id = 41
[W : PPU[1] Thread (CPUThread)[0x002c0c68]]: sys_fs warning: cellFsClose(fd=40)
[W : PPU[1] Thread (CPUThread)[0x007d5094]]: sys_lwmutex warning: sys_lwmutex_destroy(lwmutex_addr=0x30146570)
[W : PPU[1] Thread (CPUThread)[0x002c0cf0]]: *** cellFsOpen(path="/dev_hdd0/game/NPEB00910/USRDIR/data/shaders/DebugDraw_fp-Base.fpo"): fd = 42
[W : PPU[1] Thread (CPUThread)[0x007d5034]]: sys_lwmutex warning: *** lwmutex created [_lc_mtx] (attribute=0x12): sq_id = 43
[W : PPU[1] Thread (CPUThread)[0x002c0c68]]: sys_fs warning: cellFsClose(fd=42)
[W : PPU[1] Thread (CPUThread)[0x007d5094]]: sys_lwmutex warning: sys_lwmutex_destroy(lwmutex_addr=0x30156c50)
[W : PPU[1] Thread (CPUThread)[0x002c0cf0]]: *** cellFsOpen(path="/dev_hdd0/game/NPEB00910/USRDIR/data/shaders/DebugDraw_fp-Base.fpo"): fd = 44
[W : PPU[1] Thread (CPUThread)[0x007d5034]]: sys_lwmutex warning: *** lwmutex created [_lc_mtx] (attribute=0x12): sq_id = 45
[W : PPU[1] Thread (CPUThread)[0x002c0c68]]: sys_fs warning: cellFsClose(fd=44)
[W : PPU[1] Thread (CPUThread)[0x007d5094]]: sys_lwmutex warning: sys_lwmutex_destroy(lwmutex_addr=0x30156b30)
[W : PPU[1] Thread (CPUThread)[0x007c7064]]: sys_fs warning: cellFsAioInit(mount_point_addr=0x64ac03 (/dev_hdd0))
[W : PPU[1] Thread (CPUThread)[0x002c0cf0]]: *** cellFsOpen(path="/dev_hdd0/game/NPEB00910/USRDIR/data/shaders/Otter_vp-Default.vpo"): fd = 46
[W : PPU[1] Thread (CPUThread)[0x007d5034]]: sys_lwmutex warning: *** lwmutex created [_lc_mtx] (attribute=0x12): sq_id = 47
[W : PPU[1] Thread (CPUThread)[0x002c0c68]]: sys_fs warning: cellFsClose(fd=46)
[W : PPU[1] Thread (CPUThread)[0x007d5094]]: sys_lwmutex warning: sys_lwmutex_destroy(lwmutex_addr=0x30156a70)
[W : PPU[1] Thread (CPUThread)[0x002c0cf0]]: *** cellFsOpen(path="/dev_hdd0/game/NPEB00910/USRDIR/data/shaders/Otter_vp-Default.vpo"): fd = 48
[W : PPU[1] Thread (CPUThread)[0x007d5034]]: sys_lwmutex warning: *** lwmutex created [_lc_mtx] (attribute=0x12): sq_id = 49
[W : PPU[1] Thread (CPUThread)[0x002c0c68]]: sys_fs warning: cellFsClose(fd=48)
[W : PPU[1] Thread (CPUThread)[0x007d5094]]: sys_lwmutex warning: sys_lwmutex_destroy(lwmutex_addr=0x301e1980)
[E : RSXThread]: TODO: cellGcmSetLineStipple(0x0)
[E : RSXThread]: TODO: cellGcmSetPolygonStipple(0x0)
[E : RSXThread]: TODO: cellGcmSetContextDmaReport(0xbad68000)
[E : RSXThread]: TODO: cellGcmSetZcullStatsEnable(0x0)
[E : RSXThread]: NV4097_GET_REPORT: bad type 2
[E : RSXThread]: NV4097_GET_REPORT: bad type 3
[E : RSXThread]: NV4097_GET_REPORT: bad type 4
[E : RSXThread]: NV4097_GET_REPORT: bad type 5
[E : RSXThread]: TODO: cellGcmClearReportValue(0x2)
[E : RSXThread]: TODO: cellGcmSetZcullStatsEnable(0x1)
[W : PPU[1] Thread (CPUThread)[0x002c0cf0]]: *** cellFsOpen(path="/dev_hdd0/game/NPEB00910/USRDIR/data/shaders/Otter_fp-Default.fpo"): fd = 50
[W : PPU[1] Thread (CPUThread)[0x007d5034]]: sys_lwmutex warning: *** lwmutex created [_lc_mtx] (attribute=0x12): sq_id = 51
[W : PPU[1] Thread (CPUThread)[0x002c0c68]]: sys_fs warning: cellFsClose(fd=50)
[W : PPU[1] Thread (CPUThread)[0x007d5094]]: sys_lwmutex warning: sys_lwmutex_destroy(lwmutex_addr=0x301e1de0)
[W : PPU[1] Thread (CPUThread)[0x002c0cf0]]: *** cellFsOpen(path="/dev_hdd0/game/NPEB00910/USRDIR/data/shaders/Otter_fp-Default.fpo"): fd = 52
[W : PPU[1] Thread (CPUThread)[0x007d5034]]: sys_lwmutex warning: *** lwmutex created [_lc_mtx] (attribute=0x12): sq_id = 53
[W : PPU[1] Thread (CPUThread)[0x002c0c68]]: sys_fs warning: cellFsClose(fd=52)
[W : PPU[1] Thread (CPUThread)[0x007d5094]]: sys_lwmutex warning: sys_lwmutex_destroy(lwmutex_addr=0x301e1cc0)
[W : PPU[1] Thread (CPUThread)[0x001ff668]]: RawSPUThread[0]: Write32(SPU_In_MBox, 0x80000)
[W : PPU[1] Thread (CPUThread)[0x001ff668]]: RawSPUThread[0]: Write32(SPU_In_MBox, 0x120001)
[W : PPU[1] Thread (CPUThread)[0x001ff6ec]]: RawSPUThread[0]: Read32(SPU_Out_MBox)
[W : PPU[1] Thread (CPUThread)[0x002c0cf0]]: *** cellFsOpen(path="/dev_hdd0/game/NPEB00910/USRDIR/data/shaders/Otter_vp-Untextured.vpo"): fd = 54
[W : PPU[1] Thread (CPUThread)[0x007d5034]]: sys_lwmutex warning: *** lwmutex created [_lc_mtx] (attribute=0x12): sq_id = 55
[W : PPU[1] Thread (CPUThread)[0x002c0c68]]: sys_fs warning: cellFsClose(fd=54)
[W : PPU[1] Thread (CPUThread)[0x007d5094]]: sys_lwmutex warning: sys_lwmutex_destroy(lwmutex_addr=0x301e24b0)
[W : PPU[1] Thread (CPUThread)[0x002c0cf0]]: *** cellFsOpen(path="/dev_hdd0/game/NPEB00910/USRDIR/data/shaders/Otter_vp-Untextured.vpo"): fd = 56
[W : PPU[1] Thread (CPUThread)[0x007d5034]]: sys_lwmutex warning: *** lwmutex created [_lc_mtx] (attribute=0x12): sq_id = 57
[W : PPU[1] Thread (CPUThread)[0x002c0c68]]: sys_fs warning: cellFsClose(fd=56)
[W : PPU[1] Thread (CPUThread)[0x007d5094]]: sys_lwmutex warning: sys_lwmutex_destroy(lwmutex_addr=0x301e23c0)
[W : PPU[1] Thread (CPUThread)[0x002c0cf0]]: *** cellFsOpen(path="/dev_hdd0/game/NPEB00910/USRDIR/data/shaders/Otter_fp-Untextured.fpo"): fd = 58
[W : PPU[1] Thread (CPUThread)[0x007d5034]]: sys_lwmutex warning: *** lwmutex created [_lc_mtx] (attribute=0x12): sq_id = 59
[W : PPU[1] Thread (CPUThread)[0x002c0c68]]: sys_fs warning: cellFsClose(fd=58)
[W : PPU[1] Thread (CPUThread)[0x007d5094]]: sys_lwmutex warning: sys_lwmutex_destroy(lwmutex_addr=0x301e26a0)
[W : PPU[1] Thread (CPUThread)[0x002c0cf0]]: *** cellFsOpen(path="/dev_hdd0/game/NPEB00910/USRDIR/data/shaders/Otter_fp-Untextured.fpo"): fd = 60
[W : PPU[1] Thread (CPUThread)[0x007d5034]]: sys_lwmutex warning: *** lwmutex created [_lc_mtx] (attribute=0x12): sq_id = 61
[W : PPU[1] Thread (CPUThread)[0x002c0c68]]: sys_fs warning: cellFsClose(fd=60)
[W : PPU[1] Thread (CPUThread)[0x007d5094]]: sys_lwmutex warning: sys_lwmutex_destroy(lwmutex_addr=0x301e2580)
[W : PPU[1] Thread (CPUThread)[0x007d1148]]: cellGcmSys warning: cellGcmSetTileInfo(index=3, location=0, offset=226492416, size=1048576, pitch=1024, comp=0, base=0, bank=0)
[W : PPU[1] Thread (CPUThread)[0x007d1058]]: cellGcmSys warning: cellGcmBindTile(index=3)
[W : PPU[1] Thread (CPUThread)[0x007d1184]]: cellGcmSys warning: cellGcmUnbindTile(index=3)
[W : PPU[1] Thread (CPUThread)[0x007d1148]]: cellGcmSys warning: cellGcmSetTileInfo(index=3, location=0, offset=226492416, size=1048576, pitch=1024, comp=0, base=0, bank=0)
[W : PPU[1] Thread (CPUThread)[0x007d1058]]: cellGcmSys warning: cellGcmBindTile(index=3)
[W : PPU[1] Thread (CPUThread)[0x002c0cf0]]: *** cellFsOpen(path="/dev_hdd0/game/NPEB00910/USRDIR/data/shaders/TiledSprite_vp-PaletteGradient.vpo"): fd = 62
[W : PPU[1] Thread (CPUThread)[0x007d5034]]: sys_lwmutex warning: *** lwmutex created [_lc_mtx] (attribute=0x12): sq_id = 63
[W : PPU[1] Thread (CPUThread)[0x002c0c68]]: sys_fs warning: cellFsClose(fd=62)
[W : PPU[1] Thread (CPUThread)[0x007d5094]]: sys_lwmutex warning: sys_lwmutex_destroy(lwmutex_addr=0x301e3350)
[W : PPU[1] Thread (CPUThread)[0x002c0cf0]]: *** cellFsOpen(path="/dev_hdd0/game/NPEB00910/USRDIR/data/shaders/TiledSprite_vp-PaletteGradient.vpo"): fd = 64
[W : PPU[1] Thread (CPUThread)[0x007d5034]]: sys_lwmutex warning: *** lwmutex created [_lc_mtx] (attribute=0x12): sq_id = 65
[W : PPU[1] Thread (CPUThread)[0x002c0c68]]: sys_fs warning: cellFsClose(fd=64)
[W : PPU[1] Thread (CPUThread)[0x007d5094]]: sys_lwmutex warning: sys_lwmutex_destroy(lwmutex_addr=0x301e3230)
[W : PPU[1] Thread (CPUThread)[0x002c0cf0]]: *** cellFsOpen(path="/dev_hdd0/game/NPEB00910/USRDIR/data/shaders/TiledSprite_fp-PaletteGradient.fpo"): fd = 66
[W : PPU[1] Thread (CPUThread)[0x007d5034]]: sys_lwmutex warning: *** lwmutex created [_lc_mtx] (attribute=0x12): sq_id = 67
[W : PPU[1] Thread (CPUThread)[0x002c0c68]]: sys_fs warning: cellFsClose(fd=66)
[W : PPU[1] Thread (CPUThread)[0x007d5094]]: sys_lwmutex warning: sys_lwmutex_destroy(lwmutex_addr=0x301e3220)
[W : PPU[1] Thread (CPUThread)[0x002c0cf0]]: *** cellFsOpen(path="/dev_hdd0/game/NPEB00910/USRDIR/data/shaders/TiledSprite_fp-PaletteGradient.fpo"): fd = 68
[W : PPU[1] Thread (CPUThread)[0x007d5034]]: sys_lwmutex warning: *** lwmutex created [_lc_mtx] (attribute=0x12): sq_id = 69
[W : PPU[1] Thread (CPUThread)[0x002c0c68]]: sys_fs warning: cellFsClose(fd=68)
[W : PPU[1] Thread (CPUThread)[0x007d5094]]: sys_lwmutex warning: sys_lwmutex_destroy(lwmutex_addr=0x301e37d0)
[W : PPU[1] Thread (CPUThread)[0x001ff668]]: RawSPUThread[0]: Write32(SPU_In_MBox, 0x80002)
[W : PPU[1] Thread (CPUThread)[0x001ff668]]: RawSPUThread[0]: Write32(SPU_In_MBox, 0x120003)
[W : PPU[1] Thread (CPUThread)[0x001ff6ec]]: RawSPUThread[0]: Read32(SPU_Out_MBox)
[W : PPU[1] Thread (CPUThread)[0x007d1148]]: cellGcmSys warning: cellGcmSetTileInfo(index=3, location=0, offset=225443840, size=2097152, pitch=1024, comp=0, base=0, bank=0)
[W : PPU[1] Thread (CPUThread)[0x007d1058]]: cellGcmSys warning: cellGcmBindTile(index=3)
[W : PPU[1] Thread (CPUThread)[0x007d1148]]: cellGcmSys warning: cellGcmSetTileInfo(index=3, location=0, offset=226492416, size=1048576, pitch=1024, comp=0, base=0, bank=0)
[W : PPU[1] Thread (CPUThread)[0x007d1058]]: cellGcmSys warning: cellGcmBindTile(index=3)
[W : PPU[1] Thread (CPUThread)[0x007d1148]]: cellGcmSys warning: cellGcmSetTileInfo(index=3, location=0, offset=225443840, size=2097152, pitch=1024, comp=0, base=0, bank=0)
[W : PPU[1] Thread (CPUThread)[0x007d1058]]: cellGcmSys warning: cellGcmBindTile(index=3)
[W : PPU[1] Thread (CPUThread)[0x007d1148]]: cellGcmSys warning: cellGcmSetTileInfo(index=3, location=0, offset=224395264, size=3145728, pitch=1024, comp=0, base=0, bank=0)
[W : PPU[1] Thread (CPUThread)[0x007d1058]]: cellGcmSys warning: cellGcmBindTile(index=3)
[W : PPU[1] Thread (CPUThread)[0x007d1148]]: cellGcmSys warning: cellGcmSetTileInfo(index=3, location=0, offset=225443840, size=2097152, pitch=1024, comp=0, base=0, bank=0)
[W : PPU[1] Thread (CPUThread)[0x007d1058]]: cellGcmSys warning: cellGcmBindTile(index=3)
[W : PPU[1] Thread (CPUThread)[0x007d1148]]: cellGcmSys warning: cellGcmSetTileInfo(index=3, location=0, offset=224395264, size=3145728, pitch=1024, comp=0, base=0, bank=0)
[W : PPU[1] Thread (CPUThread)[0x007d1058]]: cellGcmSys warning: cellGcmBindTile(index=3)
[W : PPU[1] Thread (CPUThread)[0x007d10e8]]: cellGcmSys warning: cellGcmMapMainMemory(ea=0x30700000,size=0x200000,offset_addr=0xd0010840)
[W : PPU[1] Thread (CPUThread)[0x007d1148]]: cellGcmSys warning: cellGcmSetTileInfo(index=3, location=0, offset=223346688, size=4194304, pitch=1024, comp=0, base=0, bank=0)
[W : PPU[1] Thread (CPUThread)[0x007d1058]]: cellGcmSys warning: cellGcmBindTile(index=3)
[W : PPU[1] Thread (CPUThread)[0x007d1148]]: cellGcmSys warning: cellGcmSetTileInfo(index=3, location=0, offset=224395264, size=3145728, pitch=1024, comp=0, base=0, bank=0)
[W : PPU[1] Thread (CPUThread)[0x007d1058]]: cellGcmSys warning: cellGcmBindTile(index=3)
[W : PPU[1] Thread (CPUThread)[0x007d1148]]: cellGcmSys warning: cellGcmSetTileInfo(index=3, location=0, offset=223346688, size=4194304, pitch=1024, comp=0, base=0, bank=0)
[W : PPU[1] Thread (CPUThread)[0x007d1058]]: cellGcmSys warning: cellGcmBindTile(index=3)
[W : PPU[1] Thread (CPUThread)[0x007d1148]]: cellGcmSys warning: cellGcmSetTileInfo(index=3, location=0, offset=222298112, size=5242880, pitch=1024, comp=0, base=0, bank=0)
[W : PPU[1] Thread (CPUThread)[0x007d1058]]: cellGcmSys warning: cellGcmBindTile(index=3)
[W : PPU[1] Thread (CPUThread)[0x007d1148]]: cellGcmSys warning: cellGcmSetTileInfo(index=3, location=0, offset=223346688, size=4194304, pitch=1024, comp=0, base=0, bank=0)
[W : PPU[1] Thread (CPUThread)[0x007d1058]]: cellGcmSys warning: cellGcmBindTile(index=3)
[W : PPU[1] Thread (CPUThread)[0x007d1148]]: cellGcmSys warning: cellGcmSetTileInfo(index=3, location=0, offset=222298112, size=5242880, pitch=1024, comp=0, base=0, bank=0)
[W : PPU[1] Thread (CPUThread)[0x007d1058]]: cellGcmSys warning: cellGcmBindTile(index=3)
[W : PPU[1] Thread (CPUThread)[0x007d1148]]: cellGcmSys warning: cellGcmSetTileInfo(index=3, location=0, offset=221249536, size=6291456, pitch=1024, comp=0, base=0, bank=0)
[W : PPU[1] Thread (CPUThread)[0x007d1058]]: cellGcmSys warning: cellGcmBindTile(index=3)
[W : PPU[1] Thread (CPUThread)[0x007d1148]]: cellGcmSys warning: cellGcmSetTileInfo(index=3, location=0, offset=222298112, size=5242880, pitch=1024, comp=0, base=0, bank=0)
[W : PPU[1] Thread (CPUThread)[0x007d1058]]: cellGcmSys warning: cellGcmBindTile(index=3)
[W : PPU[1] Thread (CPUThread)[0x007d1148]]: cellGcmSys warning: cellGcmSetTileInfo(index=3, location=0, offset=221249536, size=6291456, pitch=1024, comp=0, base=0, bank=0)
[W : PPU[1] Thread (CPUThread)[0x007d1058]]: cellGcmSys warning: cellGcmBindTile(index=3)
[W : PPU[1] Thread (CPUThread)[0x007d10e8]]: cellGcmSys warning: cellGcmMapMainMemory(ea=0x30a00000,size=0x200000,offset_addr=0xd0010840)
[W : PPU[1] Thread (CPUThread)[0x007d1148]]: cellGcmSys warning: cellGcmSetTileInfo(index=3, location=0, offset=220200960, size=7340032, pitch=1024, comp=0, base=0, bank=0)
[W : PPU[1] Thread (CPUThread)[0x007d1058]]: cellGcmSys warning: cellGcmBindTile(index=3)
[W : PPU[1] Thread (CPUThread)[0x007d1148]]: cellGcmSys warning: cellGcmSetTileInfo(index=3, location=0, offset=221249536, size=6291456, pitch=1024, comp=0, base=0, bank=0)
[W : PPU[1] Thread (CPUThread)[0x007d1058]]: cellGcmSys warning: cellGcmBindTile(index=3)
[W : PPU[1] Thread (CPUThread)[0x007d1148]]: cellGcmSys warning: cellGcmSetTileInfo(index=3, location=0, offset=220200960, size=7340032, pitch=1024, comp=0, base=0, bank=0)
[W : PPU[1] Thread (CPUThread)[0x007d1058]]: cellGcmSys warning: cellGcmBindTile(index=3)
[W : PPU[1] Thread (CPUThread)[0x007d1148]]: cellGcmSys warning: cellGcmSetTileInfo(index=3, location=0, offset=219152384, size=8388608, pitch=1024, comp=0, base=0, bank=0)
[W : PPU[1] Thread (CPUThread)[0x007d1058]]: cellGcmSys warning: cellGcmBindTile(index=3)
[W : PPU[1] Thread (CPUThread)[0x007d1148]]: cellGcmSys warning: cellGcmSetTileInfo(index=3, location=0, offset=220200960, size=7340032, pitch=1024, comp=0, base=0, bank=0)
[W : PPU[1] Thread (CPUThread)[0x007d1058]]: cellGcmSys warning: cellGcmBindTile(index=3)
[W : PPU[1] Thread (CPUThread)[0x007d1148]]: cellGcmSys warning: cellGcmSetTileInfo(index=3, location=0, offset=219152384, size=8388608, pitch=1024, comp=0, base=0, bank=0)
[W : PPU[1] Thread (CPUThread)[0x007d1058]]: cellGcmSys warning: cellGcmBindTile(index=3)
[W : PPU[1] Thread (CPUThread)[0x007d1148]]: cellGcmSys warning: cellGcmSetTileInfo(index=3, location=0, offset=218103808, size=9437184, pitch=1024, comp=0, base=0, bank=0)
[W : PPU[1] Thread (CPUThread)[0x007d1058]]: cellGcmSys warning: cellGcmBindTile(index=3)
[W : PPU[1] Thread (CPUThread)[0x007d1148]]: cellGcmSys warning: cellGcmSetTileInfo(index=3, location=0, offset=219152384, size=8388608, pitch=1024, comp=0, base=0, bank=0)
[W : PPU[1] Thread (CPUThread)[0x007d1058]]: cellGcmSys warning: cellGcmBindTile(index=3)
[W : PPU[1] Thread (CPUThread)[0x007d1148]]: cellGcmSys warning: cellGcmSetTileInfo(index=3, location=0, offset=218103808, size=9437184, pitch=1024, comp=0, base=0, bank=0)
[W : PPU[1] Thread (CPUThread)[0x007d1058]]: cellGcmSys warning: cellGcmBindTile(index=3)
[W : PPU[1] Thread (CPUThread)[0x007d10e8]]: cellGcmSys warning: cellGcmMapMainMemory(ea=0x30d00000,size=0x200000,offset_addr=0xd0010840)
[W : PPU[1] Thread (CPUThread)[0x007d5034]]: sys_lwmutex warning: *** lwmutex created [] (attribute=0x22): sq_id = 70
[W : PPU[1] Thread (CPUThread)[0x007d5034]]: sys_lwmutex warning: *** lwmutex created [] (attribute=0x22): sq_id = 71
[W : PPU[1] Thread (CPUThread)[0x000a03c4]]: sys_semaphore warning: sys_semaphore_create(sem_addr=0x6a3740, attr_addr=0xd0010820, initial_count=0, max_count=110)
[W : PPU[1] Thread (CPUThread)[0x000a0404]]: sys_semaphore warning: sys_semaphore_create(sem_addr=0x6a3744, attr_addr=0xd0010840, initial_count=0, max_count=110)
[W : PPU[1] Thread (CPUThread)[0x002b5318]]: SysCall 988! r3: 0x4, r4: 0x0, pc: 0x2b5318
[W : PPU[1] Thread (CPUThread)[0x007d50ac]]: Process warning: sys_process_exit(1)
[S : PPU[1] Thread (CPUThread)[0x007d50ac]]: Process finished
[! : RSXThread]: RSX thread exit...
[!]: Closing memory...
