[!]: path: /dev_hdd0/game/
[!]: Loading 'D:\Emulateurs\Rpcs3\dev_hdd0\game\NPEA00275-[Tokyo Jungle]/USRDIR/BOOT.BIN'...
[!]: Mount info:
[!]: /dev_hdd0/ -> D:\Emulateurs\Rpcs3\dev_hdd0\
[!]: /dev_hdd1/ -> D:\Emulateurs\Rpcs3\dev_hdd1\
[!]: /dev_flash/ -> D:\Emulateurs\Rpcs3\dev_flash\
[!]: /dev_usb000/ -> D:\Emulateurs\Rpcs3\dev_usb000\
[!]: /dev_usb/ -> D:\Emulateurs\Rpcs3\dev_usb000\
[!]: /app_home/ -> D:\Emulateurs\Rpcs3\dev_hdd0\game\NPEA00275-[Tokyo Jungle]/\USRDIR\
[!]: /dev_bdvd/ -> D:\Emulateurs\Rpcs3\dev_hdd0\game\NPEA00275-[Tokyo Jungle]/\..\
[!]: /host_root/ -> 
[!]: / -> D:\Emulateurs\Rpcs3\dev_hdd0\game\NPEA00275-[Tokyo Jungle]/\USRDIR\
[!]: /app_home/Game/PS3_GAME/ -> D:\Emulateurs\Rpcs3\dev_hdd0\game\NPEA00275-[Tokyo Jungle]/
[!]: data/ -> D:\Emulateurs\Rpcs3\dev_hdd0\game\NPEA00275-[Tokyo Jungle]/\USRDIR\Data\
[!]: /data/ -> D:\Emulateurs\Rpcs3\dev_hdd0\game\NPEA00275-[Tokyo Jungle]/\USRDIR\Data\
[!]: DATA/ -> D:\Emulateurs\Rpcs3\dev_hdd0\game\NPEA00275-[Tokyo Jungle]/\USRDIR\DATA\
[!]: /app_home//dev_bdvd/PS3_GAME/USRDIR/data/gos/ -> D:\Emulateurs\Rpcs3\dev_hdd0\game\NPEA00275-[Tokyo Jungle]/\USRDIR\
[!]: //dev_bdvd/PS3_GAME/ -> D:\Emulateurs\Rpcs3\dev_hdd0\game\NPEA00275-[Tokyo Jungle]/
[!]: /USRDIR/PS3_GAME/ -> D:\Emulateurs\Rpcs3\dev_hdd0\game\NPEA00275-[Tokyo Jungle]/
[!]: Initing memory...
[!]: Memory initialized.
[W]: Unknown function 0x967a162b in 'sys_fs' module
[E]: TODO: cellFsFsync
[W]: Unknown function 0x21cee035 in 'cellGcmSys' module
[E]: TODO: cellGcmGetNotifyDataAddress
[W]: Unknown function 0x63387071 in 'cellGcmSys' module
[E]: TODO: cellGcmGetLastFlipTime
[W]: Unknown function 0x1a267f98 in 'cellSysmodule' module
[E]: Unknown func id: 0x1a267f98
[W]: Unknown function 0xfd0e1cac in 'cellSysmodule' module
[E]: Unknown func id: 0xfd0e1cac
[W]: Unknown function 0x20543730 in 'cellSysutil' module
[E]: TODO: cellMsgDialogClose
[W]: Unknown function 0x62b0f803 in 'cellSysutil' module
[E]: TODO: cellMsgDialogAbort
[W]: Unknown function 0x8b7ed64b in 'cellSysutil' module
[E]: TODO: cellSaveDataAutoSave2
[W]: Unknown function 0x94862702 in 'cellSysutil' module
[E]: TODO: cellMsgDialogProgressBarInc
[W]: Unknown function 0xced17573 in 'cellSysutil' module
[E]: TODO: cellSaveDataFixedDelete
[W]: Unknown function 0xedadd797 in 'cellSysutil' module
[E]: TODO: cellSaveDataDelete2
[W]: Unknown function 0xfbd5c856 in 'cellSysutil' module
[E]: TODO: cellSaveDataAutoLoad2
[W]: Unknown function 0xd3758645 in 'cellResc' module
[E]: TODO: cellRescSetVBlankHandler
[W]: Unknown function 0x16394a4e in 'cellSpurs' module
[E]: TODO: _cellSpursTasksetAttributeInitialize
[W]: Unknown function 0x1d46fedf in 'cellSpurs' module
[E]: TODO: cellSpursCreateTaskWithAttribute
[W]: Unknown function 0x22aab31d in 'cellSpurs' module
[E]: TODO: cellSpursEventFlagDetachLv2EventQueue
[W]: Unknown function 0x303c19cd in 'cellSpurs' module
[E]: TODO: cellSpursCreateJobChainWithAttribute
[W]: Unknown function 0x3548f483 in 'cellSpurs' module
[E]: TODO: _cellSpursJobChainAttributeInitialize
[W]: Unknown function 0x373523d4 in 'cellSpurs' module
[E]: TODO: cellSpursEventFlagWait
[W]: Unknown function 0x5ef96465 in 'cellSpurs' module
[E]: TODO: _cellSpursEventFlagInitialize
[W]: Unknown function 0x652b70e2 in 'cellSpurs' module
[E]: TODO: cellSpursTasksetAttributeSetName
[W]: Unknown function 0x68aaeba9 in 'cellSpurs' module
[E]: TODO: cellSpursJobGuardInitialize
[W]: Unknown function 0x6d2d9339 in 'cellSpurs' module
[E]: TODO: cellSpursEventFlagTryWait
[W]: Unknown function 0x738e40e6 in 'cellSpurs' module
[E]: TODO: cellSpursShutdownJobChain
[W]: Unknown function 0x7fdf4fef in 'cellSpurs' module
[E]: TODO: cellSpursBarrierInitialize
[W]: Unknown function 0x87630976 in 'cellSpurs' module
[E]: TODO: cellSpursEventFlagAttachLv2EventQueue
[W]: Unknown function 0x8f122ef8 in 'cellSpurs' module
[E]: TODO: cellSpursTasksetAttributeSetTasksetSize
[W]: Unknown function 0x9034e538 in 'cellSpurs' module
[E]: TODO: cellSpursTaskGetContextSaveAreaSize
[W]: Unknown function 0x9f72add3 in 'cellSpurs' module
[E]: TODO: cellSpursJoinTaskset
[W]: Unknown function 0x9fef70c2 in 'cellSpurs' module
[E]: TODO: cellSpursJobChainAttributeSetName
[W]: Unknown function 0xa789e631 in 'cellSpurs' module
[E]: TODO: cellSpursShutdownTaskset
[W]: Unknown function 0xa7c066de in 'cellSpurs' module
[E]: TODO: cellSpursJoinJobChain
[W]: Unknown function 0xaa6269a8 in 'cellSpurs' module
[E]: TODO: cellSpursInitializeWithAttribute
[W]: Unknown function 0xb8474eff in 'cellSpurs' module
[E]: TODO: _cellSpursTaskAttributeInitialize
[W]: Unknown function 0xbb68d76e in 'cellSpurs' module
[E]: TODO: cellSpursJobChainAttributeSetHaltOnError
[W]: Unknown function 0xc10931cb in 'cellSpurs' module
[E]: TODO: cellSpursCreateTasksetWithAttribute
[W]: Unknown function 0xd5d0b256 in 'cellSpurs' module
[E]: TODO: cellSpursJobGuardNotify
[W]: Unknown function 0xe0a6dbe4 in 'cellSpurs' module
[E]: TODO: _cellSpursSendSignal
[W]: Unknown function 0xf31731bb in 'cellSpurs' module
[E]: TODO: cellSpursRunJobChain
[W]: Unknown function 0x0247c69e in 'cellSail' module
[E]: TODO: cellSailGraphicsAdapterGetFrame
[W]: Unknown function 0x0abb318b in 'cellSail' module
[E]: TODO: cellSailDescriptorCreateDatabase
[W]: Unknown function 0x1139a206 in 'cellSail' module
[E]: TODO: cellSailPlayerSetSoundAdapter
[W]: Unknown function 0x1872331b in 'cellSail' module
[E]: TODO: cellSailGraphicsAdapterPtsToTimePosition
[W]: Unknown function 0x18b4629d in 'cellSail' module
[E]: TODO: cellSailPlayerFinalize
[W]: Unknown function 0x18bcd21b in 'cellSail' module
[E]: TODO: cellSailPlayerSetGraphicsAdapter
[W]: Unknown function 0x1c983864 in 'cellSail' module
[E]: TODO: cellSailGraphicsAdapterInitialize
[W]: Unknown function 0x23654375 in 'cellSail' module
[E]: TODO: cellSailPlayerInitialize2
[W]: Unknown function 0x28336e89 in 'cellSail' module
[E]: TODO: cellSailDescriptorDestroyDatabase
[W]: Unknown function 0x2e3ccb5e in 'cellSail' module
[E]: TODO: cellSailGraphicsAdapterSetPreferredFormat
[W]: Unknown function 0x346ebba3 in 'cellSail' module
[E]: TODO: cellSailMemAllocatorInitialize
[W]: Unknown function 0x34ecc1b9 in 'cellSail' module
[E]: TODO: cellSailPlayerOpenStream
[W]: Unknown function 0x38144ecf in 'cellSail' module
[E]: TODO: cellSailPlayerGetRepeatMode
[W]: Unknown function 0x3d0d3b72 in 'cellSail' module
[E]: TODO: cellSailSoundAdapterInitialize
[W]: Unknown function 0x44a20e79 in 'cellSail' module
[E]: TODO: cellSailGraphicsAdapterUpdateAvSync
[W]: Unknown function 0x4ae979df in 'cellSail' module
[E]: TODO: cellSailSoundAdapterPtsToTimePosition
[W]: Unknown function 0x76488bb1 in 'cellSail' module
[E]: TODO: cellSailGraphicsAdapterFinalize
[W]: Unknown function 0x7c8dff3b in 'cellSail' module
[E]: TODO: cellSailPlayerAddDescriptor
[W]: Unknown function 0x7eb8d6b5 in 'cellSail' module
[E]: TODO: cellSailSoundAdapterGetFrame
[W]: Unknown function 0x85beffcc in 'cellSail' module
[E]: TODO: cellSailPlayerCloseStream
[W]: Unknown function 0xbdf21b0f in 'cellSail' module
[E]: TODO: cellSailPlayerBoot
[W]: Unknown function 0xd1462438 in 'cellSail' module
[E]: TODO: cellSailSoundAdapterFinalize
[W]: Unknown function 0xd1d55a90 in 'cellSail' module
[E]: TODO: cellSailPlayerSetPaused
[W]: Unknown function 0xd5f9a15b in 'cellSail' module
[E]: TODO: cellSailDescriptorGetStreamType
[W]: Unknown function 0xd7938b8d in 'cellSail' module
[E]: TODO: cellSailPlayerCreateDescriptor
[W]: Unknown function 0xe535b0d3 in 'cellSail' module
[E]: TODO: cellSailPlayerStart
[W]: Unknown function 0xeba8d4ec in 'cellSail' module
[E]: TODO: cellSailPlayerStop
[W]: Unknown function 0xeec22809 in 'cellSail' module
[E]: TODO: cellSailSoundAdapterUpdateAvSync
[W]: Unknown function 0xf25f197d in 'cellSail' module
[E]: TODO: cellSailSoundAdapterGetFormat
[W]: Unknown function 0xfc5baf8a in 'cellSail' module
[E]: TODO: cellSailPlayerSetRepeatMode
[W]: Unknown function 0xfc839bd4 in 'cellSail' module
[E]: TODO: cellSailPlayerDestroyDescriptor
[W]: Unknown function 0xffd58aa4 in 'cellSail' module
[E]: TODO: cellSailGraphicsAdapterGetFormat
[W]: Unknown function 0x04372385 in 'sceNp' module
[E]: TODO: sceNpBasicGetFriendListEntry
[W]: Unknown function 0x21206642 in 'sceNp' module
[E]: TODO: sceNpScoreGetRankingByRangeAsync
[W]: Unknown function 0x259113b8 in 'sceNp' module
[E]: TODO: sceNpScoreDestroyTitleCtx
[W]: Unknown function 0x32cf311f in 'sceNp' module
[E]: TODO: sceNpScoreInit
[W]: Unknown function 0x3db7914d in 'sceNp' module
[E]: TODO: sceNpScoreGetRankingByNpIdAsync
[W]: Unknown function 0x52a6b523 in 'sceNp' module
[E]: TODO: sceNpManagerUnregisterCallback
[W]: Unknown function 0x5de61626 in 'sceNp' module
[E]: TODO: sceNpLookupDestroyTitleCtx
[W]: Unknown function 0x5f2d9257 in 'sceNp' module
[E]: TODO: sceNpLookupInit
[W]: Unknown function 0x6ee62ed2 in 'sceNp' module
[E]: TODO: sceNpManagerGetContentRatingFlag
[W]: Unknown function 0x6f5e8143 in 'sceNp' module
[E]: TODO: sceNpScoreCreateTransactionCtx
[W]: Unknown function 0x7508112e in 'sceNp' module
[E]: TODO: sceNpLookupPollAsync
[W]: Unknown function 0x8440537c in 'sceNp' module
[E]: TODO: sceNpLookupTerm
[W]: Unknown function 0x860b1756 in 'sceNp' module
[E]: TODO: sceNpLookupTitleSmallStorageAsync
[W]: Unknown function 0x9851f805 in 'sceNp' module
[E]: TODO: sceNpScoreTerm
[W]: Unknown function 0xa7a090e5 in 'sceNp' module
[E]: TODO: sceNpScorePollAsync
[W]: Unknown function 0xafef640d in 'sceNp' module
[E]: TODO: sceNpBasicGetFriendListEntryCount
[W]: Unknown function 0xb9f93bbb in 'sceNp' module
[E]: TODO: sceNpScoreCreateTitleCtx
[W]: Unknown function 0xbdc07fd5 in 'sceNp' module
[E]: TODO: sceNpManagerGetNetworkTime
[W]: Unknown function 0xc5f4cf82 in 'sceNp' module
[E]: TODO: sceNpScoreDestroyTransactionCtx
[W]: Unknown function 0xce81c7f0 in 'sceNp' module
[E]: TODO: sceNpLookupCreateTitleCtx
[W]: Unknown function 0xceeebc7a in 'sceNp' module
[E]: TODO: sceNpProfileCallGui
[W]: Unknown function 0xe7dcd3b4 in 'sceNp' module
[E]: TODO: sceNpManagerRegisterCallback
[W]: Unknown function 0xea2e9ffc in 'sceNp' module
[E]: TODO: sceNpLookupCreateTransactionCtx
[W]: Unknown function 0xee5b20d9 in 'sceNp' module
[E]: TODO: sceNpScoreAbortTransaction
[W]: Unknown function 0xf0b1e399 in 'sceNp' module
[E]: TODO: sceNpScoreRecordScoreAsync
[W]: Unknown function 0xf42c0df8 in 'sceNp' module
[E]: TODO: sceNpManagerGetOnlineName
[W]: Unknown function 0xfb87cf5e in 'sceNp' module
[E]: TODO: sceNpLookupDestroyTransactionCtx
[W]: Unknown function 0xfe37a7f4 in 'sceNp' module
[E]: TODO: sceNpManagerGetNpId
[W]: Unknown function 0xa298cad2 in 'cellL10n' module
[E]: TODO: l10n_convert_str
[W]: Unknown function 0xcc1633cc in 'cellL10n' module
[E]: TODO: l10n_get_converter
[W]: Unknown module 'cellSysutilNpEula'
[W]: Unknown module 'sceNpCommerce2'
[W]: Unknown module 'cellHttp'
[W]: Unknown function 0x1650aea4 in 'cellSsl' module
[E]: TODO: cellSslEnd
[W]: Unknown function 0x571afaca in 'cellSsl' module
[E]: TODO: cellSslCertificateLoader
[W]: Unknown function 0xfb02c9d2 in 'cellSsl' module
[E]: TODO: cellSslInit
[W]: Unknown function 0xdd3b27ac in 'sysPrxForUser' module
[E]: TODO: _sys_spu_printf_finalize
[W : PPU[1] Thread (CPUThread)[0x00c34034]]: sys_lwmutex warning: *** lwmutex created [_lc_mtx] (attribute=0x12): sq_id = 3
[W : PPU[1] Thread (CPUThread)[0x0024d054]]: memory warning: sys_memory_get_user_memory_size(mem_info_addr=0xd0010c04)
[W : PPU[1] Thread (CPUThread)[0x00c34034]]: sys_lwmutex warning: *** lwmutex created [_lc_mtx] (attribute=0x12): sq_id = 4
[W : PPU[1] Thread (CPUThread)[0x00c34034]]: sys_lwmutex warning: *** lwmutex created [_lc_mtx] (attribute=0x12): sq_id = 5
[W : PPU[1] Thread (CPUThread)[0x00c34034]]: sys_lwmutex warning: *** lwmutex created [_lc_mtx] (attribute=0x12): sq_id = 6
[W : PPU[1] Thread (CPUThread)[0x00c34034]]: sys_lwmutex warning: *** lwmutex created [_lc_mtx] (attribute=0x12): sq_id = 7
[W : PPU[1] Thread (CPUThread)[0x00c34034]]: sys_lwmutex warning: *** lwmutex created [_lc_mtx] (attribute=0x12): sq_id = 8
[W : PPU[1] Thread (CPUThread)[0x00c34034]]: sys_lwmutex warning: *** lwmutex created [_lc_mtx] (attribute=0x12): sq_id = 9
[W : PPU[1] Thread (CPUThread)[0x00c34034]]: sys_lwmutex warning: *** lwmutex created [_lc_mtx] (attribute=0x12): sq_id = 10
[W : PPU[1] Thread (CPUThread)[0x00c34034]]: sys_lwmutex warning: *** lwmutex created [_lc_mtx] (attribute=0x12): sq_id = 11
[W : PPU[1] Thread (CPUThread)[0x00c34034]]: sys_lwmutex warning: *** lwmutex created [_lc_mtx] (attribute=0x12): sq_id = 12
[W : PPU[1] Thread (CPUThread)[0x0015180c]]: memory warning: sys_memory_container_create(cid_addr=0x30100010, yield_size=0x1000000)
[W : PPU[1] Thread (CPUThread)[0x0015180c]]: memory warning: *** memory_container created(addr=0x30200000): id = 13
[W : PPU[1] Thread (CPUThread)[0x001bf9a8]]: sys_event_flag warning: sys_event_flag_create(eflag_id_addr=0xbb0aa4, attr_addr=0xd0010b50, init=0x0)
[W : PPU[1] Thread (CPUThread)[0x001bf9a8]]: sys_event_flag warning: *** event_flag created [] (protocol=0x2, type=0x10000): id = 14
[W : PPU[1] Thread (CPUThread)[0x001bf9d4]]: sys_event_flag warning: sys_event_flag_clear(eflag_id=14, bitptn=0x0)
[! : PPU[1] Thread (CPUThread)[0x00c3401c]]: *** New PPU Thread [PFontThread::thread] (): id = 15
[W : PPU[15] Thread (PFontThread::thread)[0x001bf76c]]: sys_event_flag warning: sys_event_flag_wait(eflag_id=14, bitptn=0x1, mode=0x1, result_addr=0xd0020d40, timeout=0)
[W : PPU[1] Thread (CPUThread)[0x0033f010]]: cellSysmodule warning: cellSysmoduleLoadModule(CELL_SYSMODULE_RESC)
[W : PPU[1] Thread (CPUThread)[0x0033d01c]]: cellGcmSys warning: cellGcmInit(context_addr=0xc048dc,cmdSize=0x80000,ioSize=0x100000,ioAddress=0x31300000)
[W : PPU[1] Thread (CPUThread)[0x0033d01c]]: cellGcmSys warning: *** local memory(addr=0xc0000000, size=0xf900000)
[W : PPU[1] Thread (CPUThread)[0x0033d01c]]: cellGcmSys warning: cellGcmMapEaIoAddress(ea=0x31300000, io=0x0, size=0x100000)
[! : RSXThread]: RSX thread entry
[W : PPU[1] Thread (CPUThread)[0x00c100ac]]: cellSysutil warning: cellVideoOutGetResolutionAvailability(videoOut=0, resolutionId=0x2, option_addr=0x2, aspect=0x0, option=0x40c59880)
[W : PPU[1] Thread (CPUThread)[0x0033d004]]: cellGcmSys warning: cellGcmGetTiledPitchSize(size=5120)
[W : PPU[1] Thread (CPUThread)[0x0033d004]]: cellGcmSys warning: cellGcmGetTiledPitchSize(size=5120)
[W : PPU[1] Thread (CPUThread)[0x0033d004]]: cellGcmSys warning: cellGcmGetTiledPitchSize(size=5120)
[W : PPU[1] Thread (CPUThread)[0x00c10010]]: cellSysutil warning: cellVideoOutConfigure(videoOut=0, config_addr=0xd0010bc4, option_addr=0x0, waitForEvent=0x0)
[W : PPU[1] Thread (CPUThread)[0x0033d064]]: cellGcmSys warning: cellGcmSetFlipMode(mode=2)
[W : PPU[1] Thread (CPUThread)[0x0033d118]]: cellGcmSys warning: cellGcmSetTileInfo(index=0, location=0, offset=0, size=3801088, pitch=5120, comp=0, base=0, bank=0)
[W : PPU[1] Thread (CPUThread)[0x0033d058]]: cellGcmSys warning: cellGcmBindTile(index=0)
[W : PPU[1] Thread (CPUThread)[0x0033d118]]: cellGcmSys warning: cellGcmSetTileInfo(index=1, location=0, offset=3801088, size=3801088, pitch=5120, comp=0, base=0, bank=0)
[W : PPU[1] Thread (CPUThread)[0x0033d058]]: cellGcmSys warning: cellGcmBindTile(index=1)
[W : PPU[1] Thread (CPUThread)[0x0033d118]]: cellGcmSys warning: cellGcmSetTileInfo(index=2, location=0, offset=7602176, size=3801088, pitch=5120, comp=9, base=0, bank=3)
[E : PPU[1] Thread (CPUThread)[0x0033d118]]: cellGcmSys error: cellGcmSetTileInfo: bad comp! (9)
[W : PPU[1] Thread (CPUThread)[0x0033d058]]: cellGcmSys warning: cellGcmBindTile(index=2)
[W : PPU[1] Thread (CPUThread)[0x0033d0b8]]: cellGcmSys warning: TODO: cellGcmBindZcull(index=0)
[W : PPU[1] Thread (CPUThread)[0x0033d0dc]]: cellGcmSys warning: cellGcmSetDisplayBuffer(id=0x0,offset=0x0,pitch=4,width=1280,height=720)
[W : PPU[1] Thread (CPUThread)[0x0033d0dc]]: cellGcmSys warning: cellGcmSetDisplayBuffer(id=0x1,offset=0x3a0000,pitch=4,width=1280,height=720)
[W : PPU[1] Thread (CPUThread)[0x001f2438]]: sys_event warning: sys_event_queue_create(equeue_id_addr=0x3011050c, attr_addr=0xd0010b00, event_queue_key=0x0, size=32)
[W : PPU[1] Thread (CPUThread)[0x001f2438]]: sys_event warning: *** event_queue created [] (protocol=0x2, type=0x1): id = 16
[W : PPU[1] Thread (CPUThread)[0x001f2450]]: sys_event warning: sys_event_port_create(eport_id_addr=0xc04090, port_type=0x1, name=0x0)
[W : PPU[1] Thread (CPUThread)[0x001f2450]]: sys_event warning: *** sys_event_port created: id = 17
[W : PPU[1] Thread (CPUThread)[0x001f2460]]: sys_event warning: sys_event_port_connect_local(eport_id=17, equeue_id=16)
[W : PPU[1] Thread (CPUThread)[0x0033d0d0]]: cellGcmSys warning: cellGcmSetFlipHandler(handler_addr=3465664)
[W : PPU[1] Thread (CPUThread)[0x0033f010]]: cellSysmodule warning: cellSysmoduleLoadModule(CELL_SYSMODULE_FS)
[W : PPU[1] Thread (CPUThread)[0x0033f010]]: cellSysmodule warning: cellSysmoduleLoadModule(CELL_SYSMODULE_SYSUTIL_GAME)
[W : PPU[1] Thread (CPUThread)[0x0033f010]]: cellSysmodule warning: cellSysmoduleLoadModule(CELL_SYSMODULE_SAIL)
[W : PPU[1] Thread (CPUThread)[0x0033f010]]: cellSysmodule warning: cellSysmoduleLoadModule(CELL_SYSMODULE_PAMF)
[W : PPU[1] Thread (CPUThread)[0x0033f010]]: cellSysmodule warning: cellSysmoduleLoadModule(CELL_SYSMODULE_RTC)
[W : PPU[1] Thread (CPUThread)[0x0033f010]]: cellSysmodule warning: cellSysmoduleLoadModule(CELL_SYSMODULE_L10N)
[E : PPU[1] Thread (CPUThread)[0x0033f01c]]: Unknown func id: 0x1a267f98
[W : PPU[1] Thread (CPUThread)[0x00c10040]]: cellSysutil warning: cellSysutilGetSystemParamInt: CELL_SYSUTIL_SYSTEMPARAM_ID_LANG
[E : PPU[1] Thread (CPUThread)[0x0033d100]]: cellGcmSys error: Unimplemented function: cellGcmSetVBlankHandler
[W : PPU[1] Thread (CPUThread)[0x00c100a0]]: cellSysutil warning: cellSysutilRegisterCallback(slot=0, func_addr=0x34e258, userdata=0x0)
[W : PPU[1] Thread (CPUThread)[0x00c1204c]]: cellGame warning: cellGameBootCheck(type_addr=0xa969fc, attributes_addr=0xa96a00, size_addr=0xbcb730, dirName_addr=0x0)
[W : PPU[1] Thread (CPUThread)[0x00c1204c]]: cellGame warning: cellGameBootCheck returns CELL_GAME_ERROR_PARAM. As a result size->hddFreeSizeKB may be 0.
[E : PPU[1] Thread (CPUThread)[0x00c10058]]: TODO: cellMsgDialogAbort
[! : PPU[1] Thread (CPUThread)[0x00c3401c]]: *** New PPU Thread [JErrDialog::dialog] (): id = 18
[W : PPU[18] Thread (JErrDialog::dialog)[0x00c10034]]: cellSysutil warning: cellMsgDialogOpenErrorCode(errorCode=0x8002cb07, callback_addr=0x348de0, userData=0, extParam=0)
[W : PPU[1] Thread (CPUThread)[0x0033d0d0]]: cellGcmSys warning: cellGcmSetFlipHandler(handler_addr=0)
[W : PPU[1] Thread (CPUThread)[0x001f0834]]: sys_timer warning: sys_timer_sleep(sleep_time=1)
[W : PPU[1] Thread (CPUThread)[0x001f08b4]]: sys_timer warning: sys_timer_sleep(sleep_time=1)
[W : PPU[1] Thread (CPUThread)[0x0017b32c]]: sysPrxForUser warning: sys_ppu_thread_join(thread_id=18, vptr_addr=0xd0010a10)
[W : PPU[1] Thread (CPUThread)[0x0033f004]]: cellSysmodule warning: cellSysmoduleUnloadModule(CELL_SYSMODULE_FONTFT)
[W : PPU[1] Thread (CPUThread)[0x0033f004]]: cellSysmodule warning: cellSysmoduleUnloadModule(CELL_SYSMODULE_FREETYPE)
[W : PPU[1] Thread (CPUThread)[0x0033f004]]: cellSysmodule warning: cellSysmoduleUnloadModule(CELL_SYSMODULE_FONT)
[W : PPU[1] Thread (CPUThread)[0x0033f004]]: cellSysmodule warning: cellSysmoduleUnloadModule(CELL_SYSMODULE_FS)
[W : PPU[1] Thread (CPUThread)[0x0033f004]]: cellSysmodule warning: cellSysmoduleUnloadModule(CELL_SYSMODULE_SYSUTIL_GAME)
[W : PPU[1] Thread (CPUThread)[0x0033f004]]: cellSysmodule warning: cellSysmoduleUnloadModule(CELL_SYSMODULE_SAIL)
[W : PPU[1] Thread (CPUThread)[0x0033f004]]: cellSysmodule warning: cellSysmoduleUnloadModule(CELL_SYSMODULE_PAMF)
[W : PPU[1] Thread (CPUThread)[0x0033f004]]: cellSysmodule warning: cellSysmoduleUnloadModule(CELL_SYSMODULE_RTC)
[W : PPU[1] Thread (CPUThread)[0x0033f004]]: cellSysmodule warning: cellSysmoduleUnloadModule(CELL_SYSMODULE_L10N)
[E : PPU[1] Thread (CPUThread)[0x0033f028]]: Unknown func id: 0xfd0e1cac
[W : PPU[1] Thread (CPUThread)[0x0023decc]]: SysCall 988! r3: 0x1, r4: 0x0, pc: 0x23decc
[W : PPU[1] Thread (CPUThread)[0x001bfb78]]: sys_event_flag warning: sys_event_flag_clear(eflag_id=14, bitptn=0x0)
[W : PPU[1] Thread (CPUThread)[0x001bfb88]]: sys_event_flag warning: sys_event_flag_set(eflag_id=14, bitptn=0x11)
[W : PPU[1] Thread (CPUThread)[0x0017b32c]]: sysPrxForUser warning: sys_ppu_thread_join(thread_id=15, vptr_addr=0xd0010a40)
[W : PPU[15] Thread (PFontThread::thread)[0x001bf77c]]: sys_event_flag warning: sys_event_flag_clear(eflag_id=14, bitptn=0xfffffffffffffffe)
[W : PPU[1] Thread (CPUThread)[0x001bfba8]]: sys_event_flag warning: sys_event_flag_destroy(eflag_id=14)
[W : PPU[1] Thread (CPUThread)[0x00151874]]: memory warning: sys_memory_container_destroy(cid=13)
[W : PPU[1] Thread (CPUThread)[0x0024165c]]: SysCall 988! r3: 0x1, r4: 0x0, pc: 0x24165c
[W : PPU[1] Thread (CPUThread)[0x00c340ac]]: sys_lwmutex warning: sys_lwmutex_destroy(lwmutex_addr=0xc0d290)
[W : PPU[1] Thread (CPUThread)[0x00c340ac]]: sys_lwmutex warning: sys_lwmutex_destroy(lwmutex_addr=0xc0d2b8)
[W : PPU[1] Thread (CPUThread)[0x00c340ac]]: sys_lwmutex warning: sys_lwmutex_destroy(lwmutex_addr=0xc0d2e0)
[W : PPU[1] Thread (CPUThread)[0x00c340ac]]: sys_lwmutex warning: sys_lwmutex_destroy(lwmutex_addr=0xc0d1c8)
[W : PPU[1] Thread (CPUThread)[0x00c340ac]]: sys_lwmutex warning: sys_lwmutex_destroy(lwmutex_addr=0xc0d1f0)
[W : PPU[1] Thread (CPUThread)[0x00c340ac]]: sys_lwmutex warning: sys_lwmutex_destroy(lwmutex_addr=0xc0d218)
[W : PPU[1] Thread (CPUThread)[0x00c340ac]]: sys_lwmutex warning: sys_lwmutex_destroy(lwmutex_addr=0xc0d240)
[W : PPU[1] Thread (CPUThread)[0x00c340ac]]: sys_lwmutex warning: sys_lwmutex_destroy(lwmutex_addr=0xc0d268)
[W : PPU[1] Thread (CPUThread)[0x00c340ac]]: sys_lwmutex warning: sys_lwmutex_destroy(lwmutex_addr=0xc0df40)
[W : PPU[1] Thread (CPUThread)[0x00c340ac]]: sys_lwmutex warning: sys_lwmutex_destroy(lwmutex_addr=0xc0e140)
[W : PPU[1] Thread (CPUThread)[0x00c340c4]]: Process warning: sys_process_exit(0)
[S : PPU[1] Thread (CPUThread)[0x00c340c4]]: Process finished
[! : RSXThread]: RSX thread exit...
[!]: Closing memory...
