[!]: path: /dev_hdd0/game/
[!]: Loading 'D:\Emulateurs\Rpcs3\dev_hdd0\game\NPEA00394-[rain]/USRDIR/BOOT.BIN'...
[!]: Mount info:
[!]: /dev_hdd0/ -> D:\Emulateurs\Rpcs3\dev_hdd0\
[!]: /dev_hdd1/ -> D:\Emulateurs\Rpcs3\dev_hdd1\
[!]: /dev_flash/ -> D:\Emulateurs\Rpcs3\dev_flash\
[!]: /dev_usb000/ -> D:\Emulateurs\Rpcs3\dev_usb000\
[!]: /dev_usb/ -> D:\Emulateurs\Rpcs3\dev_usb000\
[!]: /app_home/ -> D:\Emulateurs\Rpcs3\dev_hdd0\game\NPEA00394-[rain]/\USRDIR\
[!]: /dev_bdvd/ -> D:\Emulateurs\Rpcs3\dev_hdd0\game\NPEA00394-[rain]/\..\
[!]: /host_root/ -> 
[!]: ///resource/ -> D:\Emulateurs\Rpcs3\dev_hdd0\game\NPEA00394-[rain]/\USRDIR\resource\
[!]: /app_home/Game/PS3_GAME/USRDIR/ -> D:\Emulateurs\Rpcs3\dev_hdd0\game\NPEA00394-[rain]/\USRDIR\
[!]: /app_home/PS3_GAME/USRDIR/media/ -> D:\Emulateurs\Rpcs3\dev_hdd0\game\NPEA00394-[rain]/\USRDIR\media\
[!]: /Data/ -> D:\Emulateurs\Rpcs3\dev_hdd0\game\NPEA00394-[rain]/\USRDIR\Data\
[!]: /USRDIR/PS3_GAME/USRDIR/Data/ -> D:\Emulateurs\Rpcs3\dev_hdd0\game\NPEA00394-[rain]/\USRDIR\Data\
[!]: /app_home//dev_bdvd/PS3_GAME/USRDIR/data/gos/ -> D:\Emulateurs\Rpcs3\dev_hdd0\game\NPEA00394-[rain]/\USRDIR\
[!]: BD/ -> D:\Emulateurs\Rpcs3\dev_hdd0\game\NPEA00394-[rain]/\USRDIR\
[!]: //dev_bdvd/PS3_GAME/USRDIR/ -> D:\Emulateurs\Rpcs3\dev_hdd0\game\NPEA00394-[rain]/\USRDIR\
[!]: / -> D:\Emulateurs\Rpcs3\dev_hdd0\game\NPEA00394-[rain]/\USRDIR\
[!]: // -> D:\Emulateurs\Rpcs3\dev_hdd0\game\NPEA00394-[rain]/\USRDIR\
[!]: Initing memory...
[!]: Memory initialized.
[W]: Unknown module 'PRXManager'
[W]: Unknown function 0x8cb722d5 in 'sys_fs' module
[E]: TODO: cellFsWriteWithOffset
[W]: Unknown function 0x967a162b in 'sys_fs' module
[E]: TODO: cellFsFsync
[W]: Unknown function 0x71f4c717 in 'sys_net' module
[E]: TODO: gethostbyname
[W]: Unknown function 0xf7ac8941 in 'sys_net' module
[E]: TODO: gethostbyaddr
[W]: Unknown function 0x039d70b7 in 'cellSpurs' module
[E]: TODO: cellSpursQueueDetachLv2EventQueue
[W]: Unknown function 0x082bfb09 in 'cellSpurs' module
[E]: TODO: _cellSpursQueueInitialize
[W]: Unknown function 0x16394a4e in 'cellSpurs' module
[E]: TODO: _cellSpursTasksetAttributeInitialize
[W]: Unknown function 0x1ebcf459 in 'cellSpurs' module
[E]: TODO: cellSpursDestroyTaskset2
[W]: Unknown function 0x303c19cd in 'cellSpurs' module
[E]: TODO: cellSpursCreateJobChainWithAttribute
[W]: Unknown function 0x3548f483 in 'cellSpurs' module
[E]: TODO: _cellSpursJobChainAttributeInitialize
[W]: Unknown function 0x4a6465e3 in 'cellSpurs' module
[E]: TODO: cellSpursCreateTaskset2
[W]: Unknown function 0x5ef96465 in 'cellSpurs' module
[E]: TODO: _cellSpursEventFlagInitialize
[W]: Unknown function 0x652b70e2 in 'cellSpurs' module
[E]: TODO: cellSpursTasksetAttributeSetName
[W]: Unknown function 0x68aaeba9 in 'cellSpurs' module
[E]: TODO: cellSpursJobGuardInitialize
[W]: Unknown function 0x738e40e6 in 'cellSpurs' module
[E]: TODO: cellSpursShutdownJobChain
[W]: Unknown function 0x91066667 in 'cellSpurs' module
[E]: TODO: cellSpursQueuePopBody
[W]: Unknown function 0x92cff6ed in 'cellSpurs' module
[E]: TODO: cellSpursQueuePushBody
[W]: Unknown function 0x9fef70c2 in 'cellSpurs' module
[E]: TODO: cellSpursJobChainAttributeSetName
[W]: Unknown function 0xa7a94892 in 'cellSpurs' module
[E]: TODO: cellSpursJoinTask2
[W]: Unknown function 0xa7c066de in 'cellSpurs' module
[E]: TODO: cellSpursJoinJobChain
[W]: Unknown function 0xc10931cb in 'cellSpurs' module
[E]: TODO: cellSpursCreateTasksetWithAttribute
[W]: Unknown function 0xc2acdf43 in 'cellSpurs' module
[E]: TODO: _cellSpursTasksetAttribute2Initialize
[W]: Unknown function 0xd5d0b256 in 'cellSpurs' module
[E]: TODO: cellSpursJobGuardNotify
[W]: Unknown function 0xe4944a1c in 'cellSpurs' module
[E]: TODO: cellSpursCreateTask2WithBinInfo
[W]: Unknown function 0xe5443be7 in 'cellSpurs' module
[E]: TODO: cellSpursQueueAttachLv2EventQueue
[W]: Unknown function 0xf31731bb in 'cellSpurs' module
[E]: TODO: cellSpursRunJobChain
[W]: Unknown function 0x43ddab4f in 'cellSpursJq' module
[E]: TODO: cellSpursJobQueueAttributeInitialize
[W]: Unknown function 0x8c97a96c in 'cellSpursJq' module
[E]: TODO: cellSpursShutdownJobQueue
[W]: Unknown function 0x8ce4cffa in 'cellSpursJq' module
[E]: TODO: cellSpursJoinJobQueue
[W]: Unknown function 0x983be7fc in 'cellSpursJq' module
[E]: TODO: _cellSpursCreateJobQueueWithJobDescriptorPool
[W]: Unknown function 0xc485d207 in 'cellSpursJq' module
[E]: TODO: cellSpursJobQueuePort2Destroy
[W]: Unknown function 0xf11fe0f1 in 'cellSpursJq' module
[E]: TODO: cellSpursJobQueuePort2Create
[W]: Unknown function 0x52aac4fa in 'cellSysutil' module
[E]: TODO: cellSaveDataUserAutoSave
[W]: Unknown function 0xcdc6aefd in 'cellSysutil' module
[E]: TODO: cellSaveDataUserAutoLoad
[W]: Unknown function 0x63387071 in 'cellGcmSys' module
[E]: TODO: cellGcmGetLastFlipTime
[W]: Unknown function 0xfce9e764 in 'cellGcmSys' module
[E]: TODO: cellGcmInitSystemMode
[W]: Unknown function 0xffe0160e in 'cellGcmSys' module
[E]: TODO: cellGcmSetVBlankFrequency
[W]: Unknown function 0x832df17e in 'cellAudio' module
[E]: TODO: cellAudioAdd6chData
[W]: Unknown function 0x82f294b2 in 'cellOvis' module
[E]: TODO: cellOvisGetOverlayTableSize
[W]: Unknown function 0xa876c911 in 'cellOvis' module
[E]: TODO: cellOvisInitializeOverlayTable
[W]: Unknown module 'libgem'
[W]: Unknown function 0x02f5ced0 in 'cellCamera' module
[E]: TODO: cellCameraStop
[W]: Unknown function 0x0e63c444 in 'cellCamera' module
[E]: TODO: cellCameraGetBufferInfoEx
[W]: Unknown function 0x21fc151f in 'cellCamera' module
[E]: TODO: cellCameraReadEx
[W]: Unknown function 0x379c5dd6 in 'cellCamera' module
[E]: TODO: cellCameraClose
[W]: Unknown function 0x44673f07 in 'cellCamera' module
[E]: TODO: cellCameraRemoveNotifyEventQueue2
[W]: Unknown function 0x456dc4aa in 'cellCamera' module
[E]: TODO: cellCameraStart
[W]: Unknown function 0x58bc5870 in 'cellCamera' module
[E]: TODO: cellCameraGetType
[W]: Unknown function 0x5ad46570 in 'cellCamera' module
[E]: TODO: cellCameraEnd
[W]: Unknown function 0x5d25f866 in 'cellCamera' module
[E]: TODO: cellCameraOpenEx
[W]: Unknown function 0x81f83db9 in 'cellCamera' module
[E]: TODO: cellCameraReset
[W]: Unknown function 0xa7fd2f5b in 'cellCamera' module
[E]: TODO: cellCameraSetNotifyEventQueue2
[W]: Unknown function 0xbf47c5dd in 'cellCamera' module
[E]: TODO: cellCameraInit
[W]: Unknown function 0x0247c69e in 'cellSail' module
[E]: TODO: cellSailGraphicsAdapterGetFrame
[W]: Unknown function 0x0abb318b in 'cellSail' module
[E]: TODO: cellSailDescriptorCreateDatabase
[W]: Unknown function 0x0c4cb439 in 'cellSail' module
[E]: TODO: cellSailFutureReset
[W]: Unknown function 0x1139a206 in 'cellSail' module
[E]: TODO: cellSailPlayerSetSoundAdapter
[W]: Unknown function 0x1872331b in 'cellSail' module
[E]: TODO: cellSailGraphicsAdapterPtsToTimePosition
[W]: Unknown function 0x18b4629d in 'cellSail' module
[E]: TODO: cellSailPlayerFinalize
[W]: Unknown function 0x18bcd21b in 'cellSail' module
[E]: TODO: cellSailPlayerSetGraphicsAdapter
[W]: Unknown function 0x1c983864 in 'cellSail' module
[E]: TODO: cellSailGraphicsAdapterInitialize
[W]: Unknown function 0x1c9d5e5a in 'cellSail' module
[E]: TODO: cellSailSoundAdapterSetPreferredFormat
[W]: Unknown function 0x23654375 in 'cellSail' module
[E]: TODO: cellSailPlayerInitialize2
[W]: Unknown function 0x28336e89 in 'cellSail' module
[E]: TODO: cellSailDescriptorDestroyDatabase
[W]: Unknown function 0x2e3ccb5e in 'cellSail' module
[E]: TODO: cellSailGraphicsAdapterSetPreferredFormat
[W]: Unknown function 0x346ebba3 in 'cellSail' module
[E]: TODO: cellSailMemAllocatorInitialize
[W]: Unknown function 0x34ecc1b9 in 'cellSail' module
[E]: TODO: cellSailPlayerOpenStream
[W]: Unknown function 0x3a2d806c in 'cellSail' module
[E]: TODO: cellSailFutureGet
[W]: Unknown function 0x3d0d3b72 in 'cellSail' module
[E]: TODO: cellSailSoundAdapterInitialize
[W]: Unknown function 0x44a20e79 in 'cellSail' module
[E]: TODO: cellSailGraphicsAdapterUpdateAvSync
[W]: Unknown function 0x4ae979df in 'cellSail' module
[E]: TODO: cellSailSoundAdapterPtsToTimePosition
[W]: Unknown function 0x4cc54f8e in 'cellSail' module
[E]: TODO: cellSailFutureInitialize
[W]: Unknown function 0x5783a454 in 'cellSail' module
[E]: TODO: cellSailMp4MovieGetMovieInfo
[W]: Unknown function 0x5f7c7a6f in 'cellSail' module
[E]: TODO: cellSailPlayerSetParameter
[W]: Unknown function 0x6e83f5c0 in 'cellSail' module
[E]: TODO: cellSailAviMovieGetMovieInfo
[W]: Unknown function 0x76488bb1 in 'cellSail' module
[E]: TODO: cellSailGraphicsAdapterFinalize
[W]: Unknown function 0x7c8dff3b in 'cellSail' module
[E]: TODO: cellSailPlayerAddDescriptor
[W]: Unknown function 0x7eb8d6b5 in 'cellSail' module
[E]: TODO: cellSailSoundAdapterGetFrame
[W]: Unknown function 0x9553af65 in 'cellSail' module
[E]: TODO: cellSailFutureFinalize
[W]: Unknown function 0xa37fed15 in 'cellSail' module
[E]: TODO: cellSailFutureSet
[W]: Unknown function 0xbdf21b0f in 'cellSail' module
[E]: TODO: cellSailPlayerBoot
[W]: Unknown function 0xd1462438 in 'cellSail' module
[E]: TODO: cellSailSoundAdapterFinalize
[W]: Unknown function 0xd1d55a90 in 'cellSail' module
[E]: TODO: cellSailPlayerSetPaused
[W]: Unknown function 0xd7938b8d in 'cellSail' module
[E]: TODO: cellSailPlayerCreateDescriptor
[W]: Unknown function 0xe535b0d3 in 'cellSail' module
[E]: TODO: cellSailPlayerStart
[W]: Unknown function 0xeba8d4ec in 'cellSail' module
[E]: TODO: cellSailPlayerStop
[W]: Unknown function 0xeec22809 in 'cellSail' module
[E]: TODO: cellSailSoundAdapterUpdateAvSync
[W]: Unknown function 0xf25f197d in 'cellSail' module
[E]: TODO: cellSailSoundAdapterGetFormat
[W]: Unknown function 0xfc5baf8a in 'cellSail' module
[E]: TODO: cellSailPlayerSetRepeatMode
[W]: Unknown function 0xfc839bd4 in 'cellSail' module
[E]: TODO: cellSailPlayerDestroyDescriptor
[W]: Unknown function 0xffd58aa4 in 'cellSail' module
[E]: TODO: cellSailGraphicsAdapterGetFormat
[W]: Unknown function 0x19256dc5 in 'cellPngEnc' module
[E]: TODO: cellPngEncOpen
[W]: Unknown function 0x496cfcd0 in 'cellPngEnc' module
[E]: TODO: cellPngEncQueryAttr
[W]: Unknown function 0x585269bc in 'cellPngEnc' module
[E]: TODO: cellPngEncGetStreamInfo
[W]: Unknown function 0x5b546ca4 in 'cellPngEnc' module
[E]: TODO: cellPngEncEncodePicture
[W]: Unknown function 0x90ef2963 in 'cellPngEnc' module
[E]: TODO: cellPngEncWaitForOutput
[W]: Unknown function 0x12b1acf0 in 'cellFiber' module
[E]: TODO: cellFiberPpuRunFibers
[W]: Unknown function 0x7c2f4034 in 'cellFiber' module
[E]: TODO: cellFiberPpuCreateFiber
[W]: Unknown function 0x8b6baa01 in 'cellFiber' module
[E]: TODO: cellFiberPpuFinalizeScheduler
[W]: Unknown function 0x9e25c72d in 'cellFiber' module
[E]: TODO: _cellFiberPpuSchedulerAttributeInitialize
[W]: Unknown function 0xa6004249 in 'cellFiber' module
[E]: TODO: cellFiberPpuJoinFiber
[W]: Unknown function 0xee3b604d in 'cellFiber' module
[E]: TODO: cellFiberPpuInitializeScheduler
[W]: Unknown function 0x55870804 in 'cellFiber' module
[E]: TODO: _cellFiberPpuInitialize
[W]: Unknown function 0x26090058 in 'sysPrxForUser' module
[E]: TODO: sys_prx_load_module
[W]: Unknown function 0x80fb0c19 in 'sysPrxForUser' module
[E]: TODO: sys_prx_stop_module
[W]: Unknown function 0x84bb6774 in 'sysPrxForUser' module
[E]: TODO: sys_prx_get_module_info
[W]: Unknown function 0x9f18429d in 'sysPrxForUser' module
[E]: TODO: sys_prx_start_module
[W]: Unknown function 0xdd3b27ac in 'sysPrxForUser' module
[E]: TODO: _sys_spu_printf_finalize
[W]: Unknown function 0xf0aece0d in 'sysPrxForUser' module
[E]: TODO: sys_prx_unload_module
[W : PPU[1] Thread (CPUThread)[0x00d56040]]: sys_lwmutex warning: *** lwmutex created [mallocm] (attribute=0x22): sq_id = 3
[W : PPU[1] Thread (CPUThread)[0x00d56040]]: sys_lwmutex warning: *** lwmutex created [ps3mono] (attribute=0x12): sq_id = 4
[W : PPU[1] Thread (CPUThread)[0x00142418]]: memory warning: sys_memory_get_user_memory_size(mem_info_addr=0xd0010c3c)
[W : PPU[1] Thread (CPUThread)[0x00d5610c]]: memory warning: sys_mmapper_allocate_memory(size=0x2d00000, flags=0x400, mem_id_addr=0xd0010c38)
[W : PPU[1] Thread (CPUThread)[0x00142480]]: memory warning: sys_mmapper_allocate_address(size=0x10000000, flags=0xf, alignment=0x10000000, alloc_addr=0xd0010c30)
[W : PPU[1] Thread (CPUThread)[0x00d5610c]]: memory warning: sys_mmapper_allocate_memory(size=0x10000000, flags=0x400, mem_id_addr=0xd0010c34)
[W : PPU[1] Thread (CPUThread)[0x00d5610c]]: memory warning: sys_mmapper_allocate_memory(size=0xff00000, flags=0x400, mem_id_addr=0xd0010c34)
[W : PPU[1] Thread (CPUThread)[0x00d5610c]]: memory warning: sys_mmapper_allocate_memory(size=0xfe00000, flags=0x400, mem_id_addr=0xd0010c34)
[W : PPU[1] Thread (CPUThread)[0x00d5610c]]: memory warning: sys_mmapper_allocate_memory(size=0xfd00000, flags=0x400, mem_id_addr=0xd0010c34)
[W : PPU[1] Thread (CPUThread)[0x00d5610c]]: memory warning: sys_mmapper_allocate_memory(size=0xfc00000, flags=0x400, mem_id_addr=0xd0010c34)
[W : PPU[1] Thread (CPUThread)[0x00d5610c]]: memory warning: sys_mmapper_allocate_memory(size=0xfb00000, flags=0x400, mem_id_addr=0xd0010c34)
[W : PPU[1] Thread (CPUThread)[0x00d5610c]]: memory warning: sys_mmapper_allocate_memory(size=0xfa00000, flags=0x400, mem_id_addr=0xd0010c34)
[W : PPU[1] Thread (CPUThread)[0x00d5610c]]: memory warning: sys_mmapper_allocate_memory(size=0xf900000, flags=0x400, mem_id_addr=0xd0010c34)
[W : PPU[1] Thread (CPUThread)[0x00d5610c]]: memory warning: sys_mmapper_allocate_memory(size=0xf800000, flags=0x400, mem_id_addr=0xd0010c34)
[W : PPU[1] Thread (CPUThread)[0x00d5610c]]: memory warning: sys_mmapper_allocate_memory(size=0xf700000, flags=0x400, mem_id_addr=0xd0010c34)
[W : PPU[1] Thread (CPUThread)[0x00d5610c]]: memory warning: sys_mmapper_allocate_memory(size=0xf600000, flags=0x400, mem_id_addr=0xd0010c34)
[W : PPU[1] Thread (CPUThread)[0x00d5610c]]: memory warning: sys_mmapper_allocate_memory(size=0xf500000, flags=0x400, mem_id_addr=0xd0010c34)
[W : PPU[1] Thread (CPUThread)[0x00d5610c]]: memory warning: sys_mmapper_allocate_memory(size=0xf400000, flags=0x400, mem_id_addr=0xd0010c34)
[W : PPU[1] Thread (CPUThread)[0x00d5610c]]: memory warning: sys_mmapper_allocate_memory(size=0xf300000, flags=0x400, mem_id_addr=0xd0010c34)
[W : PPU[1] Thread (CPUThread)[0x00d5610c]]: memory warning: sys_mmapper_allocate_memory(size=0xf200000, flags=0x400, mem_id_addr=0xd0010c34)
[W : PPU[1] Thread (CPUThread)[0x00d5610c]]: memory warning: sys_mmapper_allocate_memory(size=0xf100000, flags=0x400, mem_id_addr=0xd0010c34)
[W : PPU[1] Thread (CPUThread)[0x00d5610c]]: memory warning: sys_mmapper_allocate_memory(size=0xf000000, flags=0x400, mem_id_addr=0xd0010c34)
[W : PPU[1] Thread (CPUThread)[0x00d5610c]]: memory warning: sys_mmapper_allocate_memory(size=0xef00000, flags=0x400, mem_id_addr=0xd0010c34)
[W : PPU[1] Thread (CPUThread)[0x00d5610c]]: memory warning: sys_mmapper_allocate_memory(size=0xee00000, flags=0x400, mem_id_addr=0xd0010c34)
[W : PPU[1] Thread (CPUThread)[0x00d5610c]]: memory warning: sys_mmapper_allocate_memory(size=0xed00000, flags=0x400, mem_id_addr=0xd0010c34)
[W : PPU[1] Thread (CPUThread)[0x00d5610c]]: memory warning: sys_mmapper_allocate_memory(size=0xec00000, flags=0x400, mem_id_addr=0xd0010c34)
[W : PPU[1] Thread (CPUThread)[0x00d5610c]]: memory warning: sys_mmapper_allocate_memory(size=0xeb00000, flags=0x400, mem_id_addr=0xd0010c34)
[W : PPU[1] Thread (CPUThread)[0x00d5610c]]: memory warning: sys_mmapper_allocate_memory(size=0xea00000, flags=0x400, mem_id_addr=0xd0010c34)
[W : PPU[1] Thread (CPUThread)[0x00d5610c]]: memory warning: sys_mmapper_allocate_memory(size=0xe900000, flags=0x400, mem_id_addr=0xd0010c34)
[W : PPU[1] Thread (CPUThread)[0x00d5610c]]: memory warning: sys_mmapper_allocate_memory(size=0xe800000, flags=0x400, mem_id_addr=0xd0010c34)
[W : PPU[1] Thread (CPUThread)[0x00d5610c]]: memory warning: sys_mmapper_allocate_memory(size=0xe700000, flags=0x400, mem_id_addr=0xd0010c34)
[W : PPU[1] Thread (CPUThread)[0x00d5610c]]: memory warning: sys_mmapper_allocate_memory(size=0xe600000, flags=0x400, mem_id_addr=0xd0010c34)
[W : PPU[1] Thread (CPUThread)[0x00d5610c]]: memory warning: sys_mmapper_allocate_memory(size=0xe500000, flags=0x400, mem_id_addr=0xd0010c34)
[W : PPU[1] Thread (CPUThread)[0x00d5610c]]: memory warning: sys_mmapper_allocate_memory(size=0xe400000, flags=0x400, mem_id_addr=0xd0010c34)
[W : PPU[1] Thread (CPUThread)[0x00d5610c]]: memory warning: sys_mmapper_allocate_memory(size=0xe300000, flags=0x400, mem_id_addr=0xd0010c34)
[W : PPU[1] Thread (CPUThread)[0x00d5610c]]: memory warning: sys_mmapper_allocate_memory(size=0xe200000, flags=0x400, mem_id_addr=0xd0010c34)
[W : PPU[1] Thread (CPUThread)[0x00d5610c]]: memory warning: sys_mmapper_allocate_memory(size=0xe100000, flags=0x400, mem_id_addr=0xd0010c34)
[W : PPU[1] Thread (CPUThread)[0x00d5610c]]: memory warning: sys_mmapper_allocate_memory(size=0xe000000, flags=0x400, mem_id_addr=0xd0010c34)
[W : PPU[1] Thread (CPUThread)[0x00d5610c]]: memory warning: sys_mmapper_allocate_memory(size=0xdf00000, flags=0x400, mem_id_addr=0xd0010c34)
[W : PPU[1] Thread (CPUThread)[0x00d5610c]]: memory warning: sys_mmapper_allocate_memory(size=0xde00000, flags=0x400, mem_id_addr=0xd0010c34)
[W : PPU[1] Thread (CPUThread)[0x00d5610c]]: memory warning: sys_mmapper_allocate_memory(size=0xdd00000, flags=0x400, mem_id_addr=0xd0010c34)
[W : PPU[1] Thread (CPUThread)[0x00d5610c]]: memory warning: sys_mmapper_allocate_memory(size=0xdc00000, flags=0x400, mem_id_addr=0xd0010c34)
[W : PPU[1] Thread (CPUThread)[0x00d5610c]]: memory warning: sys_mmapper_allocate_memory(size=0xdb00000, flags=0x400, mem_id_addr=0xd0010c34)
[W : PPU[1] Thread (CPUThread)[0x00d5610c]]: memory warning: sys_mmapper_allocate_memory(size=0xda00000, flags=0x400, mem_id_addr=0xd0010c34)
[W : PPU[1] Thread (CPUThread)[0x00d5610c]]: memory warning: sys_mmapper_allocate_memory(size=0xd900000, flags=0x400, mem_id_addr=0xd0010c34)
[W : PPU[1] Thread (CPUThread)[0x00d5610c]]: memory warning: sys_mmapper_allocate_memory(size=0xd800000, flags=0x400, mem_id_addr=0xd0010c34)
[W : PPU[1] Thread (CPUThread)[0x00d5610c]]: memory warning: sys_mmapper_allocate_memory(size=0xd700000, flags=0x400, mem_id_addr=0xd0010c34)
[W : PPU[1] Thread (CPUThread)[0x00d5610c]]: memory warning: sys_mmapper_allocate_memory(size=0xd600000, flags=0x400, mem_id_addr=0xd0010c34)
[W : PPU[1] Thread (CPUThread)[0x00d5610c]]: memory warning: sys_mmapper_allocate_memory(size=0xd500000, flags=0x400, mem_id_addr=0xd0010c34)
[W : PPU[1] Thread (CPUThread)[0x00d5610c]]: memory warning: sys_mmapper_allocate_memory(size=0xd400000, flags=0x400, mem_id_addr=0xd0010c34)
[W : PPU[1] Thread (CPUThread)[0x00d5610c]]: memory warning: sys_mmapper_allocate_memory(size=0xd300000, flags=0x400, mem_id_addr=0xd0010c34)
[W : PPU[1] Thread (CPUThread)[0x00d5610c]]: memory warning: sys_mmapper_allocate_memory(size=0xd200000, flags=0x400, mem_id_addr=0xd0010c34)
[W : PPU[1] Thread (CPUThread)[0x00d5610c]]: memory warning: sys_mmapper_allocate_memory(size=0xd100000, flags=0x400, mem_id_addr=0xd0010c34)
[W : PPU[1] Thread (CPUThread)[0x00d56124]]: memory warning: sys_mmapper_map_memory(start_addr=0x0, mem_id=0x6, flags=0x40000)
[W : PPU[1] Thread (CPUThread)[0x00d56124]]: memory mapped 0x32e00000 to 0x0 size=0xd100000
[W : PPU[1] Thread (CPUThread)[0x00d56058]]: memory warning: sys_mmapper_free_memory(mem_id=0x5)
[W : PPU[1] Thread (CPUThread)[0x00d56040]]: sys_lwmutex warning: *** lwmutex created [_lc_mtx] (attribute=0x12): sq_id = 7
[W : PPU[1] Thread (CPUThread)[0x00d56040]]: sys_lwmutex warning: *** lwmutex created [] (attribute=0x12): sq_id = 8
[W : PPU[1] Thread (CPUThread)[0x00d56040]]: sys_lwmutex warning: *** lwmutex created [] (attribute=0x12): sq_id = 9
[W : PPU[1] Thread (CPUThread)[0x00d56040]]: sys_lwmutex warning: *** lwmutex created [] (attribute=0x12): sq_id = 10
[W : PPU[1] Thread (CPUThread)[0x00d56040]]: sys_lwmutex warning: *** lwmutex created [] (attribute=0x12): sq_id = 11
[W : PPU[1] Thread (CPUThread)[0x00d56040]]: sys_lwmutex warning: *** lwmutex created [] (attribute=0x12): sq_id = 12
[E : PPU[1] Thread (CPUThread)[0x0014d914]]: fnmadd. #pc: 0x14d914
[! : PPU[1] Thread (CPUThread)[0x0014d914]]: r0 = 0xb
[! : PPU[1] Thread (CPUThread)[0x0014d914]]: r1 = 0xd0010a50
[! : PPU[1] Thread (CPUThread)[0x0014d914]]: r2 = 0xc59748
[! : PPU[1] Thread (CPUThread)[0x0014d914]]: r3 = 0x14b640
[! : PPU[1] Thread (CPUThread)[0x0014d914]]: r4 = 0xffffffffffffffff
[! : PPU[1] Thread (CPUThread)[0x0014d914]]: r5 = 0x0
[! : PPU[1] Thread (CPUThread)[0x0014d914]]: r6 = 0x14db18
[! : PPU[1] Thread (CPUThread)[0x0014d914]]: r7 = 0x58
[! : PPU[1] Thread (CPUThread)[0x0014d914]]: r8 = 0x24e0
[! : PPU[1] Thread (CPUThread)[0x0014d914]]: r9 = 0x1
[! : PPU[1] Thread (CPUThread)[0x0014d914]]: r10 = 0x0
[! : PPU[1] Thread (CPUThread)[0x0014d914]]: r11 = 0x1bc200f4
[! : PPU[1] Thread (CPUThread)[0x0014d914]]: r12 = 0xd55008
[! : PPU[1] Thread (CPUThread)[0x0014d914]]: r13 = 0x30007060
[! : PPU[1] Thread (CPUThread)[0x0014d914]]: r14 = 0x0
[! : PPU[1] Thread (CPUThread)[0x0014d914]]: r15 = 0x0
[! : PPU[1] Thread (CPUThread)[0x0014d914]]: r16 = 0x0
[! : PPU[1] Thread (CPUThread)[0x0014d914]]: r17 = 0x0
[! : PPU[1] Thread (CPUThread)[0x0014d914]]: r18 = 0x0
[! : PPU[1] Thread (CPUThread)[0x0014d914]]: r19 = 0x0
[! : PPU[1] Thread (CPUThread)[0x0014d914]]: r20 = 0x0
[! : PPU[1] Thread (CPUThread)[0x0014d914]]: r21 = 0x0
[! : PPU[1] Thread (CPUThread)[0x0014d914]]: r22 = 0x0
[! : PPU[1] Thread (CPUThread)[0x0014d914]]: r23 = 0x0
[! : PPU[1] Thread (CPUThread)[0x0014d914]]: r24 = 0x0
[! : PPU[1] Thread (CPUThread)[0x0014d914]]: r25 = 0x0
[! : PPU[1] Thread (CPUThread)[0x0014d914]]: r26 = 0x17c0
[! : PPU[1] Thread (CPUThread)[0x0014d914]]: r27 = 0xc20
[! : PPU[1] Thread (CPUThread)[0x0014d914]]: r28 = 0x200
[! : PPU[1] Thread (CPUThread)[0x0014d914]]: r29 = 0x24d8
[! : PPU[1] Thread (CPUThread)[0x0014d914]]: r30 = 0xc20
[! : PPU[1] Thread (CPUThread)[0x0014d914]]: r31 = 0xc58
[! : PPU[1] Thread (CPUThread)[0x0014d914]]: f0 = 0.000000
[! : PPU[1] Thread (CPUThread)[0x0014d914]]: f1 = 0.000000
[! : PPU[1] Thread (CPUThread)[0x0014d914]]: f2 = 0.000000
[! : PPU[1] Thread (CPUThread)[0x0014d914]]: f3 = 0.000000
[! : PPU[1] Thread (CPUThread)[0x0014d914]]: f4 = 0.000000
[! : PPU[1] Thread (CPUThread)[0x0014d914]]: f5 = 0.000000
[! : PPU[1] Thread (CPUThread)[0x0014d914]]: f6 = 0.000000
[! : PPU[1] Thread (CPUThread)[0x0014d914]]: f7 = 0.000000
[! : PPU[1] Thread (CPUThread)[0x0014d914]]: f8 = 0.000000
[! : PPU[1] Thread (CPUThread)[0x0014d914]]: f9 = 0.000000
[! : PPU[1] Thread (CPUThread)[0x0014d914]]: f10 = 0.000000
[! : PPU[1] Thread (CPUThread)[0x0014d914]]: f11 = 0.000000
[! : PPU[1] Thread (CPUThread)[0x0014d914]]: f12 = 0.000000
[! : PPU[1] Thread (CPUThread)[0x0014d914]]: f13 = 0.000000
[! : PPU[1] Thread (CPUThread)[0x0014d914]]: f14 = 0.000000
[! : PPU[1] Thread (CPUThread)[0x0014d914]]: f15 = 0.000000
[! : PPU[1] Thread (CPUThread)[0x0014d914]]: f16 = 0.000000
[! : PPU[1] Thread (CPUThread)[0x0014d914]]: f17 = 0.000000
[! : PPU[1] Thread (CPUThread)[0x0014d914]]: f18 = 0.000000
[! : PPU[1] Thread (CPUThread)[0x0014d914]]: f19 = 0.000000
[! : PPU[1] Thread (CPUThread)[0x0014d914]]: f20 = 0.000000
[! : PPU[1] Thread (CPUThread)[0x0014d914]]: f21 = 0.000000
[! : PPU[1] Thread (CPUThread)[0x0014d914]]: f22 = 0.000000
[! : PPU[1] Thread (CPUThread)[0x0014d914]]: f23 = 0.000000
[! : PPU[1] Thread (CPUThread)[0x0014d914]]: f24 = 0.000000
[! : PPU[1] Thread (CPUThread)[0x0014d914]]: f25 = 0.000000
[! : PPU[1] Thread (CPUThread)[0x0014d914]]: f26 = 0.000000
[! : PPU[1] Thread (CPUThread)[0x0014d914]]: f27 = 0.000000
[! : PPU[1] Thread (CPUThread)[0x0014d914]]: f28 = 0.000000
[! : PPU[1] Thread (CPUThread)[0x0014d914]]: f29 = 0.000000
[! : PPU[1] Thread (CPUThread)[0x0014d914]]: f30 = 0.000000
[! : PPU[1] Thread (CPUThread)[0x0014d914]]: f31 = 0.000000
[! : PPU[1] Thread (CPUThread)[0x0014d914]]: v0 = 0x00000000000000000000000000000000 [x: 0 y: 0 z: 0 w: 0]
[! : PPU[1] Thread (CPUThread)[0x0014d914]]: v1 = 0x00000000000000000000000000000000 [x: 0 y: 0 z: 0 w: 0]
[! : PPU[1] Thread (CPUThread)[0x0014d914]]: v2 = 0x00000000000000000000000000000000 [x: 0 y: 0 z: 0 w: 0]
[! : PPU[1] Thread (CPUThread)[0x0014d914]]: v3 = 0x00000000000000000000000000000000 [x: 0 y: 0 z: 0 w: 0]
[! : PPU[1] Thread (CPUThread)[0x0014d914]]: v4 = 0x00000000000000000000000000000000 [x: 0 y: 0 z: 0 w: 0]
[! : PPU[1] Thread (CPUThread)[0x0014d914]]: v5 = 0x00000000000000000000000000000000 [x: 0 y: 0 z: 0 w: 0]
[! : PPU[1] Thread (CPUThread)[0x0014d914]]: v6 = 0x00000000000000000000000000000000 [x: 0 y: 0 z: 0 w: 0]
[! : PPU[1] Thread (CPUThread)[0x0014d914]]: v7 = 0x00000000000000000000000000000000 [x: 0 y: 0 z: 0 w: 0]
[! : PPU[1] Thread (CPUThread)[0x0014d914]]: v8 = 0x00000000000000000000000000000000 [x: 0 y: 0 z: 0 w: 0]
[! : PPU[1] Thread (CPUThread)[0x0014d914]]: v9 = 0x00000000000000000000000000000000 [x: 0 y: 0 z: 0 w: 0]
[! : PPU[1] Thread (CPUThread)[0x0014d914]]: v10 = 0x00000000000000000000000000000000 [x: 0 y: 0 z: 0 w: 0]
[! : PPU[1] Thread (CPUThread)[0x0014d914]]: v11 = 0x00000000000000000000000000000000 [x: 0 y: 0 z: 0 w: 0]
[! : PPU[1] Thread (CPUThread)[0x0014d914]]: v12 = 0x00000000000000000000000000000000 [x: 0 y: 0 z: 0 w: 0]
[! : PPU[1] Thread (CPUThread)[0x0014d914]]: v13 = 0x00000000000000000000000000000000 [x: 0 y: 0 z: 0 w: 0]
[! : PPU[1] Thread (CPUThread)[0x0014d914]]: v14 = 0x00000000000000000000000000000000 [x: 0 y: 0 z: 0 w: 0]
[! : PPU[1] Thread (CPUThread)[0x0014d914]]: v15 = 0x00000000000000000000000000000000 [x: 0 y: 0 z: 0 w: 0]
[! : PPU[1] Thread (CPUThread)[0x0014d914]]: v16 = 0x00000000000000000000000000000000 [x: 0 y: 0 z: 0 w: 0]
[! : PPU[1] Thread (CPUThread)[0x0014d914]]: v17 = 0x00000000000000000000000000000000 [x: 0 y: 0 z: 0 w: 0]
[! : PPU[1] Thread (CPUThread)[0x0014d914]]: v18 = 0x00000000000000000000000000000000 [x: 0 y: 0 z: 0 w: 0]
[! : PPU[1] Thread (CPUThread)[0x0014d914]]: v19 = 0x00000000000000000000000000000000 [x: 0 y: 0 z: 0 w: 0]
[! : PPU[1] Thread (CPUThread)[0x0014d914]]: v20 = 0x00000000000000000000000000000000 [x: 0 y: 0 z: 0 w: 0]
[! : PPU[1] Thread (CPUThread)[0x0014d914]]: v21 = 0x00000000000000000000000000000000 [x: 0 y: 0 z: 0 w: 0]
[! : PPU[1] Thread (CPUThread)[0x0014d914]]: v22 = 0x00000000000000000000000000000000 [x: 0 y: 0 z: 0 w: 0]
[! : PPU[1] Thread (CPUThread)[0x0014d914]]: v23 = 0x00000000000000000000000000000000 [x: 0 y: 0 z: 0 w: 0]
[! : PPU[1] Thread (CPUThread)[0x0014d914]]: v24 = 0x00000000000000000000000000000000 [x: 0 y: 0 z: 0 w: 0]
[! : PPU[1] Thread (CPUThread)[0x0014d914]]: v25 = 0x00000000000000000000000000000000 [x: 0 y: 0 z: 0 w: 0]
[! : PPU[1] Thread (CPUThread)[0x0014d914]]: v26 = 0x00000000000000000000000000000000 [x: 0 y: 0 z: 0 w: 0]
[! : PPU[1] Thread (CPUThread)[0x0014d914]]: v27 = 0x00000000000000000000000000000000 [x: 0 y: 0 z: 0 w: 0]
[! : PPU[1] Thread (CPUThread)[0x0014d914]]: v28 = 0x00000000000000000000000000000000 [x: 0 y: 0 z: 0 w: 0]
[! : PPU[1] Thread (CPUThread)[0x0014d914]]: v29 = 0x00000000000000000000000000000000 [x: 0 y: 0 z: 0 w: 0]
[! : PPU[1] Thread (CPUThread)[0x0014d914]]: v30 = 0x00000000000000000000000000000000 [x: 0 y: 0 z: 0 w: 0]
[! : PPU[1] Thread (CPUThread)[0x0014d914]]: v31 = 0x00000000000000000000000000000000 [x: 0 y: 0 z: 0 w: 0]
[! : PPU[1] Thread (CPUThread)[0x0014d914]]: CR = 0x22000084
[! : PPU[1] Thread (CPUThread)[0x0014d914]]: LR = 0x14db94
[! : PPU[1] Thread (CPUThread)[0x0014d914]]: CTR = 0x0
[! : PPU[1] Thread (CPUThread)[0x0014d914]]: XER = 0x0 [CA=0 | OV=0 | SO=0]
[! : PPU[1] Thread (CPUThread)[0x0014d914]]: FPSCR = 0x12000 [RN=0 | NI=0 | XE=0 | ZE=0 | UE=0 | OE=0 | VE=0 | VXCVI=0 | VXSQRT=0 | VXSOFT=0 | FPRF=18 | FI=0 | FR=0 | VXVC=0 | VXIMZ=0 | VXZDZ=0 | VXIDI=0 | VXISI=0 | VXSNAN=0 | XX=0 | ZX=0 | UX=0 | OX=0 | VX=0 | FEX=0 | FX=0]
[!]: Closing memory...
