[!]: path: /dev_hdd0/game/
[!]: Loading 'D:\Emulateurs\Rpcs3\dev_hdd0\game\NPEA00333-[MOTORSTORM® RC]/USRDIR/BOOT.BIN'...
[!]: Mount info:
[!]: /dev_hdd0/ -> D:\Emulateurs\Rpcs3\dev_hdd0\
[!]: /dev_hdd1/ -> D:\Emulateurs\Rpcs3\dev_hdd1\
[!]: /dev_flash/ -> D:\Emulateurs\Rpcs3\dev_flash\
[!]: /dev_usb000/ -> D:\Emulateurs\Rpcs3\dev_usb000\
[!]: /dev_usb/ -> D:\Emulateurs\Rpcs3\dev_usb000\
[!]: /app_home/ -> D:\Emulateurs\Rpcs3\dev_hdd0\game\NPEA00333-[MOTORSTORM® RC]/\USRDIR\
[!]: /dev_bdvd/ -> D:\Emulateurs\Rpcs3\dev_hdd0\game\NPEA00333-[MOTORSTORM® RC]/\..\
[!]: /host_root/ -> 
[!]: ///resource/ -> D:\Emulateurs\Rpcs3\dev_hdd0\game\NPEA00333-[MOTORSTORM® RC]/\USRDIR\resource\
[!]: /app_home/Game/PS3_GAME/USRDIR/ -> D:\Emulateurs\Rpcs3\dev_hdd0\game\NPEA00333-[MOTORSTORM® RC]/\USRDIR\
[!]: /app_home/PS3_GAME/USRDIR/media/ -> D:\Emulateurs\Rpcs3\dev_hdd0\game\NPEA00333-[MOTORSTORM® RC]/\USRDIR\media\
[!]: /Data/ -> D:\Emulateurs\Rpcs3\dev_hdd0\game\NPEA00333-[MOTORSTORM® RC]/\USRDIR\Data\
[!]: /USRDIR/PS3_GAME/USRDIR/Data/ -> D:\Emulateurs\Rpcs3\dev_hdd0\game\NPEA00333-[MOTORSTORM® RC]/\USRDIR\Data\
[!]: /app_home//dev_bdvd/PS3_GAME/USRDIR/data/gos/ -> D:\Emulateurs\Rpcs3\dev_hdd0\game\NPEA00333-[MOTORSTORM® RC]/\USRDIR\
[!]: BD/ -> D:\Emulateurs\Rpcs3\dev_hdd0\game\NPEA00333-[MOTORSTORM® RC]/\USRDIR\
[!]: //dev_bdvd/PS3_GAME/USRDIR/ -> D:\Emulateurs\Rpcs3\dev_hdd0\game\NPEA00333-[MOTORSTORM® RC]/\USRDIR\
[!]: / -> D:\Emulateurs\Rpcs3\dev_hdd0\game\NPEA00333-[MOTORSTORM® RC]/\USRDIR\
[!]: // -> D:\Emulateurs\Rpcs3\dev_hdd0\game\NPEA00333-[MOTORSTORM® RC]/\USRDIR\
[!]: Initing memory...
[!]: Memory initialized.
[!]: Function 'cellAANAddData' hooked (addr=0x510c84)
[!]: Function 'cellSurMixerGetAANHandle' hooked (addr=0x510ce8)
[!]: Function 'cellSurMixerSetNotifyCallback' hooked (addr=0x510d20)
[!]: Function 'cellSurMixerRemoveNotifyCallback' hooked (addr=0x510db4)
[!]: Function 'cellSurMixerChStripGetAANPortNo' hooked (addr=0x5115c4)
[!]: Function 'cellSurMixerChStripSetParameter' hooked (addr=0x5118f0)
[!]: Function 'cellSurMixerSetParameter' hooked (addr=0x512f60)
[!]: Function 'cellSurMixerStart' hooked (addr=0x513030)
[!]: Function 'cellSurMixerFinalize' hooked (addr=0x513338)
[!]: Function 'cellSurMixerCreate' hooked (addr=0x513bfc)
[E]: Function 'cellAANConnect' not found
[E]: Function 'cellAANDisconnect' not found
[E]: Function group [surmxAAN] failed: missing;
[E]: Function 'cellSurMixerSurBusAddData' not found
[E]: Function 'cellSurMixerPause' not found
[E]: Function 'cellSurMixerGetCurrentBlockTag' not found
[E]: Function 'cellSurMixerGetTimestamp' not found
[E]: Function 'cellSurMixerBeep' not found
[E]: Function group [surmixer] failed: missing;
[W]: Unknown function 0xd0e766fe in 'cellUsbd' module
[E]: TODO: cellUsbdInit
[W]: Unknown function 0x0f411262 in 'cellUsbd' module
[E]: TODO: cellUsbdInterruptTransfer
[W]: Unknown function 0x254289ac in 'cellUsbd' module
[E]: TODO: cellUsbdOpenPipe
[W]: Unknown function 0x2fb08e1e in 'cellUsbd' module
[E]: TODO: cellUsbdScanStaticDescriptor
[W]: Unknown function 0x5de3af36 in 'cellUsbd' module
[E]: TODO: cellUsbdGetPrivateData
[W]: Unknown function 0x63bfdb97 in 'cellUsbd' module
[E]: TODO: cellUsbdSetPrivateData
[W]: Unknown function 0x90460081 in 'cellUsbd' module
[E]: TODO: cellUsbdUnregisterExtraLdd
[W]: Unknown function 0x9763e962 in 'cellUsbd' module
[E]: TODO: cellUsbdClosePipe
[W]: Unknown function 0x97cf128e in 'cellUsbd' module
[E]: TODO: cellUsbdControlTransfer
[W]: Unknown function 0xbd554bcb in 'cellUsbd' module
[E]: TODO: cellUsbdRegisterExtraLdd2
[W]: Unknown function 0xdb819e03 in 'cellUsbd' module
[E]: TODO: cellUsbdGetDeviceLocation
[W]: Unknown function 0x20a97ba2 in 'sys_io' module
[E]: TODO: cellPadLddRegisterController
[W]: Unknown function 0x8b8231e5 in 'sys_io' module
[E]: TODO: cellPadLddGetPortNo
[W]: Unknown function 0xbafd6409 in 'sys_io' module
[E]: TODO: cellPadLddDataInsert
[W]: Unknown function 0xe442faa8 in 'sys_io' module
[E]: TODO: cellPadLddUnregisterController
[W]: Unknown function 0x6d3bb15b in 'sys_fs' module
[E]: TODO: cellFsSdataOpenByFd
[W]: Unknown function 0x967a162b in 'sys_fs' module
[E]: TODO: cellFsFsync
[W]: Unknown function 0x01fbbc9b in 'sceNp' module
[E]: TODO: sceNpBasicSendMessageGui
[W]: Unknown function 0x04372385 in 'sceNp' module
[E]: TODO: sceNpBasicGetFriendListEntry
[W]: Unknown function 0x05d65dff in 'sceNp' module
[E]: TODO: sceNpScoreGetRankingByNpId
[W]: Unknown function 0x1672170e in 'sceNp' module
[E]: TODO: sceNpScoreRecordScore
[W]: Unknown function 0x259113b8 in 'sceNp' module
[E]: TODO: sceNpScoreDestroyTitleCtx
[W]: Unknown function 0x27c69eba in 'sceNp' module
[E]: TODO: sceNpBasicAddFriend
[W]: Unknown function 0x2fccbfe0 in 'sceNp' module
[E]: TODO: sceNpLookupUserProfileWithAvatarSize
[W]: Unknown function 0x32cf311f in 'sceNp' module
[E]: TODO: sceNpScoreInit
[W]: Unknown function 0x3f0808aa in 'sceNp' module
[E]: TODO: sceNpBasicSetPresence
[W]: Unknown function 0x4026eac5 in 'sceNp' module
[E]: TODO: sceNpBasicRegisterContextSensitiveHandler
[W]: Unknown function 0x52a6b523 in 'sceNp' module
[E]: TODO: sceNpManagerUnregisterCallback
[W]: Unknown function 0x5f2d9257 in 'sceNp' module
[E]: TODO: sceNpLookupInit
[W]: Unknown function 0x64a704cc in 'sceNp' module
[E]: TODO: sceNpBasicRecvMessageAttachmentLoad
[W]: Unknown function 0x6ee62ed2 in 'sceNp' module
[E]: TODO: sceNpManagerGetContentRatingFlag
[W]: Unknown function 0x6f5e8143 in 'sceNp' module
[E]: TODO: sceNpScoreCreateTransactionCtx
[W]: Unknown function 0x806960ab in 'sceNp' module
[E]: TODO: sceNpBasicRecvMessageCustom
[W]: Unknown function 0x8440537c in 'sceNp' module
[E]: TODO: sceNpLookupTerm
[W]: Unknown function 0x9851f805 in 'sceNp' module
[E]: TODO: sceNpScoreTerm
[W]: Unknown function 0xacb9ee8e in 'sceNp' module
[E]: TODO: sceNpBasicUnregisterHandler
[W]: Unknown function 0xafef640d in 'sceNp' module
[E]: TODO: sceNpBasicGetFriendListEntryCount
[W]: Unknown function 0xb1e0718b in 'sceNp' module
[E]: TODO: sceNpManagerGetAccountRegion
[W]: Unknown function 0xb9f93bbb in 'sceNp' module
[E]: TODO: sceNpScoreCreateTitleCtx
[W]: Unknown function 0xc5f4cf82 in 'sceNp' module
[E]: TODO: sceNpScoreDestroyTransactionCtx
[W]: Unknown function 0xca39c4b2 in 'sceNp' module
[E]: TODO: sceNpLookupTitleSmallStorage
[W]: Unknown function 0xce81c7f0 in 'sceNp' module
[E]: TODO: sceNpLookupCreateTitleCtx
[W]: Unknown function 0xd208f91d in 'sceNp' module
[E]: TODO: sceNpUtilCmpNpId
[W]: Unknown function 0xe035f7d6 in 'sceNp' module
[E]: TODO: sceNpBasicGetEvent
[W]: Unknown function 0xe6c8f3f9 in 'sceNp' module
[E]: TODO: sceNpDrmProcessExitSpawn2
[W]: Unknown function 0xe7dcd3b4 in 'sceNp' module
[E]: TODO: sceNpManagerRegisterCallback
[W]: Unknown function 0xea2e9ffc in 'sceNp' module
[E]: TODO: sceNpLookupCreateTransactionCtx
[W]: Unknown function 0xeb7a3d84 in 'sceNp' module
[E]: TODO: sceNpManagerGetChatRestrictionFlag
[W]: Unknown function 0xecd503de in 'sceNp' module
[E]: TODO: sceNpBasicGetMessageEntryCount
[W]: Unknown function 0xf42c0df8 in 'sceNp' module
[E]: TODO: sceNpManagerGetOnlineName
[W]: Unknown function 0xfb87cf5e in 'sceNp' module
[E]: TODO: sceNpLookupDestroyTransactionCtx
[W]: Unknown function 0xfbc82301 in 'sceNp' module
[E]: TODO: sceNpScoreGetRankingByRange
[W]: Unknown function 0xfd39ae13 in 'sceNp' module
[E]: TODO: sceNpBasicGetFriendPresenceByNpId
[W]: Unknown function 0xfe37a7f4 in 'sceNp' module
[E]: TODO: sceNpManagerGetNpId
[W]: Unknown function 0x41251f74 in 'sceNp2' module
[E]: TODO: sceNp2Init
[W]: Unknown function 0x16394a4e in 'cellSpurs' module
[E]: TODO: _cellSpursTasksetAttributeInitialize
[W]: Unknown function 0x5ef96465 in 'cellSpurs' module
[E]: TODO: _cellSpursEventFlagInitialize
[W]: Unknown function 0x652b70e2 in 'cellSpurs' module
[E]: TODO: cellSpursTasksetAttributeSetName
[W]: Unknown function 0xc10931cb in 'cellSpurs' module
[E]: TODO: cellSpursCreateTasksetWithAttribute
[W]: Unknown function 0x011ee38b in 'cellSpurs' module
[E]: TODO: _cellSpursLFQueueInitialize
[W]: Unknown function 0x1656d49f in 'cellSpurs' module
[E]: TODO: cellSpursLFQueueAttachLv2EventQueue
[W]: Unknown function 0x182d9890 in 'cellSpurs' module
[E]: TODO: cellSpursRequestIdleSpu
[W]: Unknown function 0x1d46fedf in 'cellSpurs' module
[E]: TODO: cellSpursCreateTaskWithAttribute
[W]: Unknown function 0x1ebcf459 in 'cellSpurs' module
[E]: TODO: cellSpursDestroyTaskset2
[W]: Unknown function 0x4a5eab63 in 'cellSpurs' module
[E]: TODO: cellSpursWorkloadAttributeSetName
[W]: Unknown function 0x4a6465e3 in 'cellSpurs' module
[E]: TODO: cellSpursCreateTaskset2
[W]: Unknown function 0x4e153e3e in 'cellSpurs' module
[E]: TODO: cellSpursGetWorkloadInfo
[W]: Unknown function 0x57e4dec3 in 'cellSpurs' module
[E]: TODO: cellSpursRemoveWorkload
[W]: Unknown function 0x5fd43fe4 in 'cellSpurs' module
[E]: TODO: cellSpursWaitForWorkloadShutdown
[W]: Unknown function 0x73e06f91 in 'cellSpurs' module
[E]: TODO: cellSpursLFQueueDetachLv2EventQueue
[W]: Unknown function 0x7fdf4fef in 'cellSpurs' module
[E]: TODO: cellSpursBarrierInitialize
[W]: Unknown function 0x838fa4f0 in 'cellSpurs' module
[E]: TODO: cellSpursTryJoinTask2
[W]: Unknown function 0x8a85674d in 'cellSpurs' module
[E]: TODO: _cellSpursLFQueuePushBody
[W]: Unknown function 0x9034e538 in 'cellSpurs' module
[E]: TODO: cellSpursTaskGetContextSaveAreaSize
[W]: Unknown function 0x98d5b343 in 'cellSpurs' module
[E]: TODO: cellSpursShutdownWorkload
[W]: Unknown function 0xa7a94892 in 'cellSpurs' module
[E]: TODO: cellSpursJoinTask2
[W]: Unknown function 0xb8474eff in 'cellSpurs' module
[E]: TODO: _cellSpursTaskAttributeInitialize
[W]: Unknown function 0xc0158d8b in 'cellSpurs' module
[E]: TODO: cellSpursAddWorkloadWithAttribute
[W]: Unknown function 0xc2acdf43 in 'cellSpurs' module
[E]: TODO: _cellSpursTasksetAttribute2Initialize
[W]: Unknown function 0xd2e23fa9 in 'cellSpurs' module
[E]: TODO: cellSpursSetExceptionEventHandler
[W]: Unknown function 0xe14ca62d in 'cellSpurs' module
[E]: TODO: cellSpursCreateTask2
[W]: Unknown function 0xefeb2679 in 'cellSpurs' module
[E]: TODO: _cellSpursWorkloadAttributeInitialize
[W]: Unknown function 0xf843818d in 'cellSpurs' module
[E]: TODO: cellSpursReadyCountStore
[W]: Unknown module 'cellHttp'
[W]: Unknown function 0x20543730 in 'cellSysutil' module
[E]: TODO: cellMsgDialogClose
[W]: Unknown function 0x220894e3 in 'cellSysutil' module
[E]: TODO: cellSysutilEnableBgmPlayback
[W]: Unknown function 0x3d1e1931 in 'cellSysutil' module
[E]: TODO: cellOskDialogUnloadAsync
[W]: Unknown function 0x41f20828 in 'cellSysutil' module
[E]: TODO: cellOskDialogDisableDimmer
[W]: Unknown function 0x52aac4fa in 'cellSysutil' module
[E]: TODO: cellSaveDataUserAutoSave
[W]: Unknown function 0x62b0f803 in 'cellSysutil' module
[E]: TODO: cellMsgDialogAbort
[W]: Unknown function 0x6cfd856f in 'cellSysutil' module
[E]: TODO: cellSysutilGetBgmPlaybackStatus2
[W]: Unknown function 0x7fcfc915 in 'cellSysutil' module
[E]: TODO: cellOskDialogLoadAsync
[W]: Unknown function 0xb53c54fa in 'cellSysutil' module
[E]: TODO: cellOskDialogSetKeyLayoutOption
[W]: Unknown function 0xb6d84526 in 'cellSysutil' module
[E]: TODO: cellOskDialogAbort
[W]: Unknown function 0xc427890c in 'cellSysutil' module
[E]: TODO: cellOskDialogSetInitialKeyLayout
[W]: Unknown function 0xcdc6aefd in 'cellSysutil' module
[E]: TODO: cellSaveDataUserAutoLoad
[W]: Unknown function 0xedadd797 in 'cellSysutil' module
[E]: TODO: cellSaveDataDelete2
[W]: Unknown function 0xf3dbf5a7 in 'cellSysutil' module
[E]: TODO: cellSysutilSetBgmPlaybackExtraParam
[W]: Unknown function 0x06be743d in 'cellFont' module
[E]: TODO: cellFontGetKerning
[W]: Unknown function 0x4d19c631 in 'cellFont' module
[E]: TODO: cellFontSetupRenderScalePoint
[W]: Unknown function 0x1650aea4 in 'cellSsl' module
[E]: TODO: cellSslEnd
[W]: Unknown function 0x571afaca in 'cellSsl' module
[E]: TODO: cellSslCertificateLoader
[W]: Unknown function 0xfb02c9d2 in 'cellSsl' module
[E]: TODO: cellSslInit
[W]: Unknown function 0xacee8542 in 'cellGcmSys' module
[E]: TODO: cellGcmSetFlipImmediate
[W]: Unknown function 0x0a862772 in 'cellGcmSys' module
[E]: TODO: cellGcmSetQueueHandler
[W]: Unknown function 0x1f61b3ff in 'cellGcmSys' module
[E]: TODO: cellGcmDumpGraphicsError
[W]: Unknown function 0x25b40ab4 in 'cellGcmSys' module
[E]: TODO: cellGcmSortRemapEaIoAddress
[W]: Unknown function 0xd01b570d in 'cellGcmSys' module
[E]: TODO: cellGcmSetGraphicsHandler
[W]: Unknown function 0x59b1ede1 in 'cellGameExec' module
[E]: TODO: cellGameGetHomeDataExportPath
[W]: Unknown function 0x858a930b in 'sys_net' module
[E]: TODO: inet_ntoa
[W]: Unknown function 0x3f09e20a in 'sys_net' module
[E]: TODO: socketselect
[W]: Unknown function 0xf7681b9a in 'cellL10n' module
[E]: TODO: UTF8stoUTF16s
[W]: Unknown function 0x32faaf58 in 'cellHttpUtil' module
[E]: TODO: cellHttpUtilParseUri
[W]: Unknown module 'cellSysutilAvconfExt'
[W]: Unknown module 'sceNpCommerce2'
[W]: Unknown module 'sceNpTus'
[W]: Unknown module 'sceNpSns'
[W]: Unknown function 0x379c5dd6 in 'cellCamera' module
[E]: TODO: cellCameraClose
[W]: Unknown function 0x3845d39b in 'cellCamera' module
[E]: TODO: cellCameraRead
[W]: Unknown function 0x456dc4aa in 'cellCamera' module
[E]: TODO: cellCameraStart
[W]: Unknown function 0x58bc5870 in 'cellCamera' module
[E]: TODO: cellCameraGetType
[W]: Unknown function 0x5d25f866 in 'cellCamera' module
[E]: TODO: cellCameraOpenEx
[W]: Unknown function 0x7dac520c in 'cellCamera' module
[E]: TODO: cellCameraGetBufferSize
[W]: Unknown function 0x81f83db9 in 'cellCamera' module
[E]: TODO: cellCameraReset
[W]: Unknown function 0x8cd56eee in 'cellCamera' module
[E]: TODO: cellCameraSetAttribute
[W]: Unknown function 0xbf47c5dd in 'cellCamera' module
[E]: TODO: cellCameraInit
[W]: Unknown module 'cellSysutilNpEula'
[W]: Unknown function 0x05c65656 in 'sysPrxForUser' module
[E]: TODO: sys_mempool_try_allocate_block
[W]: Unknown function 0x608212fc in 'sysPrxForUser' module
[E]: TODO: sys_mempool_free_block
[W]: Unknown function 0x84bb6774 in 'sysPrxForUser' module
[E]: TODO: sys_prx_get_module_info
[W]: Unknown function 0x9d3c0f81 in 'sysPrxForUser' module
[E]: TODO: sys_mempool_destroy
[W]: Unknown function 0xa5d06bf0 in 'sysPrxForUser' module
[E]: TODO: sys_prx_get_module_list
[W]: Unknown function 0xca9a60bf in 'sysPrxForUser' module
[E]: TODO: sys_mempool_create
[W]: Unknown function 0x26090058 in 'sysPrxForUser' module
[E]: TODO: sys_prx_load_module
[W]: Unknown function 0x8a561d92 in 'sysPrxForUser' module
[E]: TODO: _sys_heap_free
[W]: Unknown function 0xa330ad84 in 'sysPrxForUser' module
[E]: TODO: sys_prx_load_module_on_memcontainer_by_fd
[W]: Unknown function 0xaa6d9bff in 'sysPrxForUser' module
[E]: TODO: sys_prx_load_module_on_memcontainer
[W]: Unknown function 0xaede4b03 in 'sysPrxForUser' module
[E]: TODO: _sys_heap_delete_heap
[W]: Unknown function 0xef68c17c in 'sysPrxForUser' module
[E]: TODO: sys_prx_load_module_by_fd
[W]: Unknown function 0x12d9b6c5 in 'cellJpgEnc' module
[E]: TODO: cellJpgEncQueryAttr
[W]: Unknown function 0x2ae79be8 in 'cellJpgEnc' module
[E]: TODO: cellJpgEncWaitForInput
[W]: Unknown function 0x4262e880 in 'cellJpgEnc' module
[E]: TODO: cellJpgEncGetStreamInfo
[W]: Unknown function 0x636dc89e in 'cellJpgEnc' module
[E]: TODO: cellJpgEncEncodePicture2
[W]: Unknown function 0x6f2d371c in 'cellJpgEnc' module
[E]: TODO: cellJpgEncOpenEx
[W]: Unknown function 0x969fc5f7 in 'cellJpgEnc' module
[E]: TODO: cellJpgEncClose
[W]: Unknown function 0x9b4e3a74 in 'cellJpgEnc' module
[E]: TODO: cellJpgEncWaitForOutput
[W]: Unknown function 0xa4bfae51 in 'cellJpgEnc' module
[E]: TODO: cellJpgEncOpen
[W : PPU[1] Thread (CPUThread)[0x00eda058]]: sys_lwmutex warning: *** lwmutex created [_lc_mtx] (attribute=0x12): sq_id = 3
[W : PPU[1] Thread (CPUThread)[0x004fa4f8]]: memory warning: sys_memory_get_user_memory_size(mem_info_addr=0xd0010c04)
[W : PPU[1] Thread (CPUThread)[0x00eda058]]: sys_lwmutex warning: *** lwmutex created [_lc_mtx] (attribute=0x12): sq_id = 4
[W : PPU[1] Thread (CPUThread)[0x00eda058]]: sys_lwmutex warning: *** lwmutex created [_lc_mtx] (attribute=0x12): sq_id = 5
[W : PPU[1] Thread (CPUThread)[0x00eda058]]: sys_lwmutex warning: *** lwmutex created [_lc_mtx] (attribute=0x12): sq_id = 6
[W : PPU[1] Thread (CPUThread)[0x00eda058]]: sys_lwmutex warning: *** lwmutex created [_lc_mtx] (attribute=0x12): sq_id = 7
[W : PPU[1] Thread (CPUThread)[0x00eda058]]: sys_lwmutex warning: *** lwmutex created [_lc_mtx] (attribute=0x12): sq_id = 8
[W : PPU[1] Thread (CPUThread)[0x00eda058]]: sys_lwmutex warning: *** lwmutex created [_lc_mtx] (attribute=0x12): sq_id = 9
[W : PPU[1] Thread (CPUThread)[0x00eda058]]: sys_lwmutex warning: *** lwmutex created [_lc_mtx] (attribute=0x12): sq_id = 10
[W : PPU[1] Thread (CPUThread)[0x00eda058]]: sys_lwmutex warning: *** lwmutex created [_lc_mtx] (attribute=0x12): sq_id = 11
[W : PPU[1] Thread (CPUThread)[0x00eda058]]: sys_lwmutex warning: *** lwmutex created [_lc_mtx] (attribute=0x12): sq_id = 12
[W : PPU[1] Thread (CPUThread)[0x00238af4]]: memory warning: sys_memory_get_user_memory_size(mem_info_addr=0xe2c3d8)
[W : PPU[1] Thread (CPUThread)[0x00eda058]]: sys_lwmutex warning: *** lwmutex created [ps3HDDL] (attribute=0x12): sq_id = 13
[W : PPU[1] Thread (CPUThread)[0x0053dbec]]: cellSysutil warning: cellSysutilGetSystemParamInt: CELL_SYSUTIL_SYSTEMPARAM_ID_TIMEZONE
[W : PPU[1] Thread (CPUThread)[0x0053dbec]]: cellSysutil warning: cellSysutilGetSystemParamInt: CELL_SYSUTIL_SYSTEMPARAM_ID_SUMMERTIME
[W : PPU[1] Thread (CPUThread)[0x0053e5dc]]: cellSysutil warning: cellSysutilGetSystemParamInt: CELL_SYSUTIL_SYSTEMPARAM_ID_TIMEZONE
[W : PPU[1] Thread (CPUThread)[0x0053e5dc]]: cellSysutil warning: cellSysutilGetSystemParamInt: CELL_SYSUTIL_SYSTEMPARAM_ID_SUMMERTIME
[W : PPU[1] Thread (CPUThread)[0x0053dc78]]: cellSysutil warning: cellSysutilGetSystemParamInt: CELL_SYSUTIL_SYSTEMPARAM_ID_TIMEZONE
[W : PPU[1] Thread (CPUThread)[0x0053dc78]]: cellSysutil warning: cellSysutilGetSystemParamInt: CELL_SYSUTIL_SYSTEMPARAM_ID_SUMMERTIME
[W : PPU[1] Thread (CPUThread)[0x0053e5dc]]: cellSysutil warning: cellSysutilGetSystemParamInt: CELL_SYSUTIL_SYSTEMPARAM_ID_TIMEZONE
[W : PPU[1] Thread (CPUThread)[0x0053e5dc]]: cellSysutil warning: cellSysutilGetSystemParamInt: CELL_SYSUTIL_SYSTEMPARAM_ID_SUMMERTIME
[W : PPU[1] Thread (CPUThread)[0x0053db98]]: cellSysutil warning: cellSysutilGetSystemParamInt: CELL_SYSUTIL_SYSTEMPARAM_ID_TIMEZONE
[W : PPU[1] Thread (CPUThread)[0x0053db98]]: cellSysutil warning: cellSysutilGetSystemParamInt: CELL_SYSUTIL_SYSTEMPARAM_ID_SUMMERTIME
[W : PPU[1] Thread (CPUThread)[0x0053dc78]]: cellSysutil warning: cellSysutilGetSystemParamInt: CELL_SYSUTIL_SYSTEMPARAM_ID_TIMEZONE
[W : PPU[1] Thread (CPUThread)[0x0053dc78]]: cellSysutil warning: cellSysutilGetSystemParamInt: CELL_SYSUTIL_SYSTEMPARAM_ID_SUMMERTIME
[W : PPU[1] Thread (CPUThread)[0x00eda058]]: sys_lwmutex warning: *** lwmutex created [_lgcmtx] (attribute=0x12): sq_id = 14
[W : PPU[1] Thread (CPUThread)[0x00eda058]]: sys_lwmutex warning: *** lwmutex created [_lgcmtx] (attribute=0x22): sq_id = 15
[W : PPU[1] Thread (CPUThread)[0x00eda058]]: sys_lwmutex warning: *** lwmutex created [_lc_mtx] (attribute=0x12): sq_id = 16
[W : PPU[1] Thread (CPUThread)[0x00eda058]]: sys_lwmutex warning: *** lwmutex created [_lc_mtx] (attribute=0x12): sq_id = 17
[W : PPU[1] Thread (CPUThread)[0x00eda058]]: sys_lwmutex warning: *** lwmutex created [_lc_mtx] (attribute=0x12): sq_id = 18
[W : PPU[1] Thread (CPUThread)[0x00eda058]]: sys_lwmutex warning: *** lwmutex created [_lc_mtx] (attribute=0x12): sq_id = 19
[W : PPU[1] Thread (CPUThread)[0x00eda058]]: sys_lwmutex warning: *** lwmutex created [_lc_mtx] (attribute=0x12): sq_id = 20
[W : PPU[1] Thread (CPUThread)[0x00eda058]]: sys_lwmutex warning: *** lwmutex created [_lc_mtx] (attribute=0x12): sq_id = 21
[W : PPU[1] Thread (CPUThread)[0x00eda058]]: sys_lwmutex warning: *** lwmutex created [_lc_mtx] (attribute=0x12): sq_id = 22
[W : PPU[1] Thread (CPUThread)[0x00eda058]]: sys_lwmutex warning: *** lwmutex created [_lc_mtx] (attribute=0x12): sq_id = 23
[W : PPU[1] Thread (CPUThread)[0x00eda058]]: sys_lwmutex warning: *** lwmutex created [_lc_mtx] (attribute=0x12): sq_id = 24
[W : PPU[1] Thread (CPUThread)[0x00eda058]]: sys_lwmutex warning: *** lwmutex created [_lc_mtx] (attribute=0x12): sq_id = 25
[W : PPU[1] Thread (CPUThread)[0x00eda058]]: sys_lwmutex warning: *** lwmutex created [_lc_mtx] (attribute=0x12): sq_id = 26
[W : PPU[1] Thread (CPUThread)[0x00eda058]]: sys_lwmutex warning: *** lwmutex created [_lc_mtx] (attribute=0x12): sq_id = 27
[W : PPU[1] Thread (CPUThread)[0x00eda058]]: sys_lwmutex warning: *** lwmutex created [] (attribute=0x22): sq_id = 28
[W : PPU[1] Thread (CPUThread)[0x00eda058]]: sys_lwmutex warning: *** lwmutex created [_lc_mtx] (attribute=0x12): sq_id = 29
[W : PPU[1] Thread (CPUThread)[0x00eda124]]: sys_lwmutex warning: sys_lwmutex_destroy(lwmutex_addr=0x3022c4a0)
[W : PPU[1] Thread (CPUThread)[0x0084401c]]: cellSysmodule warning: cellSysmoduleIsLoaded(CELL_SYSMODULE_SYSUTIL_GAME)
[W : PPU[1] Thread (CPUThread)[0x00844010]]: cellSysmodule warning: cellSysmoduleLoadModule(CELL_SYSMODULE_SYSUTIL_GAME)
[W : PPU[1] Thread (CPUThread)[0x00ecc04c]]: cellGame warning: cellGameBootCheck(type_addr=0xd0010a60, attributes_addr=0xd0010a64, size_addr=0xd0010a6c, dirName_addr=0xd0010890)
[W : PPU[1] Thread (CPUThread)[0x004eb1e0]]: SysCall 988! r3: 0x1, r4: 0x0, pc: 0x4eb1e0
[W : PPU[1] Thread (CPUThread)[0x004eec7c]]: SysCall 988! r3: 0x1, r4: 0x0, pc: 0x4eec7c
[W : PPU[1] Thread (CPUThread)[0x00eda124]]: sys_lwmutex warning: sys_lwmutex_destroy(lwmutex_addr=0xe4ef88)
[W : PPU[1] Thread (CPUThread)[0x00eda124]]: sys_lwmutex warning: sys_lwmutex_destroy(lwmutex_addr=0xe4efb0)
[W : PPU[1] Thread (CPUThread)[0x00eda124]]: sys_lwmutex warning: sys_lwmutex_destroy(lwmutex_addr=0xe4efd8)
[W : PPU[1] Thread (CPUThread)[0x00eda124]]: sys_lwmutex warning: sys_lwmutex_destroy(lwmutex_addr=0xe4eec0)
[W : PPU[1] Thread (CPUThread)[0x00eda124]]: sys_lwmutex warning: sys_lwmutex_destroy(lwmutex_addr=0xe4eee8)
[W : PPU[1] Thread (CPUThread)[0x00eda124]]: sys_lwmutex warning: sys_lwmutex_destroy(lwmutex_addr=0xe4ef10)
[W : PPU[1] Thread (CPUThread)[0x00eda124]]: sys_lwmutex warning: sys_lwmutex_destroy(lwmutex_addr=0xe4ef38)
[W : PPU[1] Thread (CPUThread)[0x00eda124]]: sys_lwmutex warning: sys_lwmutex_destroy(lwmutex_addr=0xe4ef60)
[W : PPU[1] Thread (CPUThread)[0x00eda124]]: sys_lwmutex warning: sys_lwmutex_destroy(lwmutex_addr=0xe4f800)
[W : PPU[1] Thread (CPUThread)[0x00eda124]]: sys_lwmutex warning: sys_lwmutex_destroy(lwmutex_addr=0xe4fa00)
[W : PPU[1] Thread (CPUThread)[0x00eda154]]: Process warning: sys_process_exit(1)
[S : PPU[1] Thread (CPUThread)[0x00eda154]]: Process finished
[!]: Closing memory...
