[!]: path: /dev_hdd0/game/
[!]: Loading 'D:\Emulateurs\Rpcs3\dev_hdd0\game\NPEA00016-[Super Rub'a'Dub]/USRDIR/BOOT.BIN'...
[!]: Mount info:
[!]: /dev_hdd0/ -> D:\Emulateurs\Rpcs3\dev_hdd0\
[!]: /dev_hdd1/ -> D:\Emulateurs\Rpcs3\dev_hdd1\
[!]: /dev_flash/ -> D:\Emulateurs\Rpcs3\dev_flash\
[!]: /dev_usb000/ -> D:\Emulateurs\Rpcs3\dev_usb000\
[!]: /dev_usb/ -> D:\Emulateurs\Rpcs3\dev_usb000\
[!]: /app_home/ -> D:\Emulateurs\Rpcs3\dev_hdd0\game\NPEA00016-[Super Rub'a'Dub]/\USRDIR\
[!]: /dev_bdvd/ -> D:\Emulateurs\Rpcs3\dev_hdd0\game\NPEA00016-[Super Rub'a'Dub]/\..\
[!]: /host_root/ -> 
[!]: ///resource/ -> D:\Emulateurs\Rpcs3\dev_hdd0\game\NPEA00016-[Super Rub'a'Dub]/\USRDIR\resource\
[!]: /app_home/Game/PS3_GAME/USRDIR/ -> D:\Emulateurs\Rpcs3\dev_hdd0\game\NPEA00016-[Super Rub'a'Dub]/\USRDIR\
[!]: /app_home/PS3_GAME/USRDIR/media/ -> D:\Emulateurs\Rpcs3\dev_hdd0\game\NPEA00016-[Super Rub'a'Dub]/\USRDIR\media\
[!]: /Data/ -> D:\Emulateurs\Rpcs3\dev_hdd0\game\NPEA00016-[Super Rub'a'Dub]/\USRDIR\Data\
[!]: /USRDIR/PS3_GAME/USRDIR/Data/ -> D:\Emulateurs\Rpcs3\dev_hdd0\game\NPEA00016-[Super Rub'a'Dub]/\USRDIR\Data\
[!]: /app_home//dev_bdvd/PS3_GAME/USRDIR/data/gos/ -> D:\Emulateurs\Rpcs3\dev_hdd0\game\NPEA00016-[Super Rub'a'Dub]/\USRDIR\
[!]: BD/ -> D:\Emulateurs\Rpcs3\dev_hdd0\game\NPEA00016-[Super Rub'a'Dub]/\USRDIR\
[!]: //dev_bdvd/PS3_GAME/USRDIR/ -> D:\Emulateurs\Rpcs3\dev_hdd0\game\NPEA00016-[Super Rub'a'Dub]/\USRDIR\
[!]: / -> D:\Emulateurs\Rpcs3\dev_hdd0\game\NPEA00016-[Super Rub'a'Dub]/\USRDIR\
[!]: // -> D:\Emulateurs\Rpcs3\dev_hdd0\game\NPEA00016-[Super Rub'a'Dub]/\USRDIR\
[!]: Initing memory...
[!]: Memory initialized.
[W]: Unknown function 0x7f13fc8c in 'sys_fs' module
[E]: TODO: cellFsAioCancel
[W]: Unknown function 0x8b7ed64b in 'cellSysutil' module
[E]: TODO: cellSaveDataAutoSave2
[W]: Unknown function 0xedadd797 in 'cellSysutil' module
[E]: TODO: cellSaveDataDelete2
[W]: Unknown function 0xfbd5c856 in 'cellSysutil' module
[E]: TODO: cellSaveDataAutoLoad2
[W]: Unknown function 0xbd6d60d9 in 'cellGcmSys' module
[E]: TODO: cellGcmSetInvalidateTile
[W]: Unknown function 0x303c19cd in 'cellSpurs' module
[E]: TODO: cellSpursCreateJobChainWithAttribute
[W]: Unknown function 0x3548f483 in 'cellSpurs' module
[E]: TODO: _cellSpursJobChainAttributeInitialize
[W]: Unknown function 0x5ef96465 in 'cellSpurs' module
[E]: TODO: _cellSpursEventFlagInitialize
[W]: Unknown function 0x68aaeba9 in 'cellSpurs' module
[E]: TODO: cellSpursJobGuardInitialize
[W]: Unknown function 0x738e40e6 in 'cellSpurs' module
[E]: TODO: cellSpursShutdownJobChain
[W]: Unknown function 0x9fef70c2 in 'cellSpurs' module
[E]: TODO: cellSpursJobChainAttributeSetName
[W]: Unknown function 0xa7c066de in 'cellSpurs' module
[E]: TODO: cellSpursJoinJobChain
[W]: Unknown function 0xd5d0b256 in 'cellSpurs' module
[E]: TODO: cellSpursJobGuardNotify
[W]: Unknown function 0xf31731bb in 'cellSpurs' module
[E]: TODO: cellSpursRunJobChain
[W]: Unknown function 0x01cd9cfd in 'sceNp' module
[E]: TODO: sceNpCommerceGetChildProductSkuInfo
[W]: Unknown function 0x21206642 in 'sceNp' module
[E]: TODO: sceNpScoreGetRankingByRangeAsync
[W]: Unknown function 0x259113b8 in 'sceNp' module
[E]: TODO: sceNpScoreDestroyTitleCtx
[W]: Unknown function 0x26f33146 in 'sceNp' module
[E]: TODO: sceNpCommerceGetProductCategoryStart
[W]: Unknown function 0x2be41ece in 'sceNp' module
[E]: TODO: sceNpCommerceGetNumOfChildCategory
[W]: Unknown function 0x32cf311f in 'sceNp' module
[E]: TODO: sceNpScoreInit
[W]: Unknown function 0x359642a6 in 'sceNp' module
[E]: TODO: sceNpCommerceGetCategoryDescription
[W]: Unknown function 0x39a69619 in 'sceNp' module
[E]: TODO: sceNpCommerceGetSkuId
[W]: Unknown function 0x3db7914d in 'sceNp' module
[E]: TODO: sceNpScoreGetRankingByNpIdAsync
[W]: Unknown function 0x3f195b3a in 'sceNp' module
[E]: TODO: sceNpCommerceGetProductCategoryResult
[W]: Unknown function 0x52a6b523 in 'sceNp' module
[E]: TODO: sceNpManagerUnregisterCallback
[W]: Unknown function 0x674bb9ff in 'sceNp' module
[E]: TODO: sceNpCommerceGetProductCategoryAbort
[W]: Unknown function 0x6cb81eb2 in 'sceNp' module
[E]: TODO: sceNpCommerceDestroyProductCategory
[W]: Unknown function 0x6e2ab18b in 'sceNp' module
[E]: TODO: sceNpCommerceGetCategoryName
[W]: Unknown function 0x6ee62ed2 in 'sceNp' module
[E]: TODO: sceNpManagerGetContentRatingFlag
[W]: Unknown function 0x6f5e8143 in 'sceNp' module
[E]: TODO: sceNpScoreCreateTransactionCtx
[W]: Unknown function 0x7208dc08 in 'sceNp' module
[E]: TODO: sceNpCommerceGetNumOfChildProductSku
[W]: Unknown function 0x78d7f9ad in 'sceNp' module
[E]: TODO: sceNpCommerceGetSkuPrice
[W]: Unknown function 0x79225aa3 in 'sceNp' module
[E]: TODO: sceNpCommerceGetCurrencyCode
[W]: Unknown function 0x8297f1ec in 'sceNp' module
[E]: TODO: sceNpManagerRequestTicket2
[W]: Unknown function 0x8d1d096c in 'sceNp' module
[E]: TODO: sceNpCommerceInitProductCategory
[W]: Unknown function 0x9851f805 in 'sceNp' module
[E]: TODO: sceNpScoreTerm
[W]: Unknown function 0xa7a090e5 in 'sceNp' module
[E]: TODO: sceNpScorePollAsync
[W]: Unknown function 0xa85a4951 in 'sceNp' module
[E]: TODO: sceNpCommerceGetSkuDescription
[W]: Unknown function 0xacb9ee8e in 'sceNp' module
[E]: TODO: sceNpBasicUnregisterHandler
[W]: Unknown function 0xaee8cf71 in 'sceNp' module
[E]: TODO: sceNpCommerceGetCategoryId
[W]: Unknown function 0xaf3eba5a in 'sceNp' module
[E]: TODO: sceNpCommerceDoCheckoutFinishAsync
[W]: Unknown function 0xaf57d9c9 in 'sceNp' module
[E]: TODO: sceNpCommerceGetCurrencyDecimals
[W]: Unknown function 0xb1c02d66 in 'sceNp' module
[E]: TODO: sceNpCommerceGetCurrencyInfo
[W]: Unknown function 0xb1e0718b in 'sceNp' module
[E]: TODO: sceNpManagerGetAccountRegion
[W]: Unknown function 0xb66d1c46 in 'sceNp' module
[E]: TODO: sceNpManagerGetEntitlementIdList
[W]: Unknown function 0xb9f93bbb in 'sceNp' module
[E]: TODO: sceNpScoreCreateTitleCtx
[W]: Unknown function 0xba65de6d in 'sceNp' module
[E]: TODO: sceNpCommerceGetChildCategoryInfo
[W]: Unknown function 0xbcc09fe7 in 'sceNp' module
[E]: TODO: sceNpBasicRegisterHandler
[W]: Unknown function 0xbdc07fd5 in 'sceNp' module
[E]: TODO: sceNpManagerGetNetworkTime
[W]: Unknown function 0xc5f4cf82 in 'sceNp' module
[E]: TODO: sceNpScoreDestroyTransactionCtx
[W]: Unknown function 0xccbe2e69 in 'sceNp' module
[E]: TODO: sceNpCommerceGetSkuImageURL
[W]: Unknown function 0xcfd469e4 in 'sceNp' module
[E]: TODO: sceNpCommerceGetProductCategoryFinish
[W]: Unknown function 0xdb2e4dc2 in 'sceNp' module
[E]: TODO: sceNpScoreGetGameDataAsync
[W]: Unknown function 0xddce7d15 in 'sceNp' module
[E]: TODO: sceNpScoreGetBoardInfoAsync
[W]: Unknown function 0xe035f7d6 in 'sceNp' module
[E]: TODO: sceNpBasicGetEvent
[W]: Unknown function 0xe2877bea in 'sceNp' module
[E]: TODO: sceNpCommerceDestroyCtx
[W]: Unknown function 0xe36c660e in 'sceNp' module
[E]: TODO: sceNpCommerceDoCheckoutStartAsync
[W]: Unknown function 0xe7dcd3b4 in 'sceNp' module
[E]: TODO: sceNpManagerRegisterCallback
[W]: Unknown function 0xeb5f2544 in 'sceNp' module
[E]: TODO: sceNpCommerceGetProductName
[W]: Unknown function 0xee5b20d9 in 'sceNp' module
[E]: TODO: sceNpScoreAbortTransaction
[W]: Unknown function 0xf0b1e399 in 'sceNp' module
[E]: TODO: sceNpScoreRecordScoreAsync
[W]: Unknown function 0xf76847c2 in 'sceNp' module
[E]: TODO: sceNpScoreRecordGameDataAsync
[W]: Unknown function 0xfcac355a in 'sceNp' module
[E]: TODO: sceNpCommerceCreateCtx
[W]: Unknown function 0xfe37a7f4 in 'sceNp' module
[E]: TODO: sceNpManagerGetNpId
[W]: Unknown module 'cellHttp'
[W]: Unknown function 0x32faaf58 in 'cellHttpUtil' module
[E]: TODO: cellHttpUtilParseUri
[W : PPU[1] Thread (CPUThread)[0x0048b034]]: sys_lwmutex warning: *** lwmutex created [_lc_mtx] (attribute=0x12): sq_id = 3
[W : PPU[1] Thread (CPUThread)[0x0023552c]]: memory warning: sys_memory_get_user_memory_size(mem_info_addr=0xd0010c04)
[W : PPU[1] Thread (CPUThread)[0x0048b034]]: sys_lwmutex warning: *** lwmutex created [_lc_mtx] (attribute=0x12): sq_id = 4
[W : PPU[1] Thread (CPUThread)[0x0048b034]]: sys_lwmutex warning: *** lwmutex created [_lc_mtx] (attribute=0x12): sq_id = 5
[W : PPU[1] Thread (CPUThread)[0x0048b034]]: sys_lwmutex warning: *** lwmutex created [_lc_mtx] (attribute=0x12): sq_id = 6
[W : PPU[1] Thread (CPUThread)[0x0048b034]]: sys_lwmutex warning: *** lwmutex created [_lc_mtx] (attribute=0x12): sq_id = 7
[W : PPU[1] Thread (CPUThread)[0x0048b034]]: sys_lwmutex warning: *** lwmutex created [_lc_mtx] (attribute=0x12): sq_id = 8
[W : PPU[1] Thread (CPUThread)[0x0048b034]]: sys_lwmutex warning: *** lwmutex created [_lc_mtx] (attribute=0x12): sq_id = 9
[W : PPU[1] Thread (CPUThread)[0x0048b034]]: sys_lwmutex warning: *** lwmutex created [_lc_mtx] (attribute=0x12): sq_id = 10
[W : PPU[1] Thread (CPUThread)[0x0048b034]]: sys_lwmutex warning: *** lwmutex created [_lc_mtx] (attribute=0x12): sq_id = 11
[W : PPU[1] Thread (CPUThread)[0x0048b034]]: sys_lwmutex warning: *** lwmutex created [_lc_mtx] (attribute=0x12): sq_id = 12
[W : PPU[1] Thread (CPUThread)[0x0048b034]]: sys_lwmutex warning: *** lwmutex created [_lgcmtx] (attribute=0x12): sq_id = 13
[W : PPU[1] Thread (CPUThread)[0x0048b034]]: sys_lwmutex warning: *** lwmutex created [_lgcmtx] (attribute=0x12): sq_id = 14
[W : PPU[1] Thread (CPUThread)[0x0048b034]]: sys_lwmutex warning: *** lwmutex created [] (attribute=0x22): sq_id = 15
[W : PPU[1] Thread (CPUThread)[0x0048b034]]: sys_lwmutex warning: *** lwmutex created [] (attribute=0x22): sq_id = 16
[W : PPU[1] Thread (CPUThread)[0x0048b034]]: sys_lwmutex warning: *** lwmutex created [] (attribute=0x22): sq_id = 17
[W : PPU[1] Thread (CPUThread)[0x0048b034]]: sys_lwmutex warning: *** lwmutex created [] (attribute=0x22): sq_id = 18
[W : PPU[1] Thread (CPUThread)[0x0048b034]]: sys_lwmutex warning: *** lwmutex created [] (attribute=0x22): sq_id = 19
[W : PPU[1] Thread (CPUThread)[0x0048b034]]: sys_lwmutex warning: *** lwmutex created [] (attribute=0x22): sq_id = 20
[W : PPU[1] Thread (CPUThread)[0x0048b034]]: sys_lwmutex warning: *** lwmutex created [] (attribute=0x22): sq_id = 21
[W : PPU[1] Thread (CPUThread)[0x0048b034]]: sys_lwmutex warning: *** lwmutex created [] (attribute=0x22): sq_id = 22
[W : PPU[1] Thread (CPUThread)[0x0048b034]]: sys_lwmutex warning: *** lwmutex created [] (attribute=0x22): sq_id = 23
[W : PPU[1] Thread (CPUThread)[0x0048b034]]: sys_lwmutex warning: *** lwmutex created [] (attribute=0x22): sq_id = 24
[W : PPU[1] Thread (CPUThread)[0x0048b034]]: sys_lwmutex warning: *** lwmutex created [] (attribute=0x22): sq_id = 25
[W : PPU[1] Thread (CPUThread)[0x0048b034]]: sys_lwmutex warning: *** lwmutex created [] (attribute=0x22): sq_id = 26
[W : PPU[1] Thread (CPUThread)[0x0048b034]]: sys_lwmutex warning: *** lwmutex created [] (attribute=0x22): sq_id = 27
[W : PPU[1] Thread (CPUThread)[0x0048b034]]: sys_lwmutex warning: *** lwmutex created [] (attribute=0x22): sq_id = 28
[W : PPU[1] Thread (CPUThread)[0x0048b034]]: sys_lwmutex warning: *** lwmutex created [] (attribute=0x22): sq_id = 29
[W : PPU[1] Thread (CPUThread)[0x0004518c]]: memory warning: sys_memory_container_create(cid_addr=0x3baad8, yield_size=0x3400000)
[W : PPU[1] Thread (CPUThread)[0x0004518c]]: memory warning: *** memory_container created(addr=0x30300000): id = 30
[W : PPU[1] Thread (CPUThread)[0x0032b034]]: cellSysutil warning: cellSysutilGetSystemParamInt: CELL_SYSUTIL_SYSTEMPARAM_ID_LANG
[W : PPU[1] Thread (CPUThread)[0x0048b034]]: sys_lwmutex warning: *** lwmutex created [] (attribute=0x12): sq_id = 31
[W : PPU[1] Thread (CPUThread)[0x00325010]]: cellSysmodule warning: cellSysmoduleLoadModule(CELL_SYSMODULE_SPURS)
[W : PPU[1] Thread (CPUThread)[0x00325010]]: cellSysmodule warning: cellSysmoduleLoadModule(CELL_SYSMODULE_GCM_SYS)
[W : PPU[1] Thread (CPUThread)[0x00325010]]: cellSysmodule warning: cellSysmoduleLoadModule(CELL_SYSMODULE_RTC)
[W : PPU[1] Thread (CPUThread)[0x00325010]]: cellSysmodule warning: cellSysmoduleLoadModule(CELL_SYSMODULE_FS)
[W : PPU[1] Thread (CPUThread)[0x00325010]]: cellSysmodule warning: cellSysmoduleLoadModule(CELL_SYSMODULE_AUDIO)
[W : PPU[1] Thread (CPUThread)[0x00325010]]: cellSysmodule warning: cellSysmoduleLoadModule(CELL_SYSMODULE_IO)
[W : PPU[1] Thread (CPUThread)[0x00325010]]: cellSysmodule warning: cellSysmoduleLoadModule(CELL_SYSMODULE_SYSUTIL_NP)
[W : PPU[1] Thread (CPUThread)[0x00325010]]: cellSysmodule warning: cellSysmoduleLoadModule(CELL_SYSMODULE_NET)
[W : PPU[1] Thread (CPUThread)[0x00325010]]: cellSysmodule warning: cellSysmoduleLoadModule(CELL_SYSMODULE_L10N)
[W : PPU[1] Thread (CPUThread)[0x00325010]]: cellSysmodule warning: cellSysmoduleLoadModule(CELL_SYSMODULE_HTTP)
[W : PPU[1] Thread (CPUThread)[0x00325010]]: cellSysmodule warning: cellSysmoduleLoadModule(CELL_SYSMODULE_HTTP_UTIL)
[W : PPU[1] Thread (CPUThread)[0x00325010]]: cellSysmodule warning: cellSysmoduleLoadModule(CELL_SYSMODULE_PNGDEC)
[W : PPU[1] Thread (CPUThread)[0x00329088]]: sys_fs warning: cellFsAioInit(mount_point_addr=0x30225b10 (/app_home/Game/PS3_GAME/USRDIR))
[W : PPU[1] Thread (CPUThread)[0x00046060]]: sys_spu warning: sys_spu_initialize(max_usable_spu=6, max_raw_spu=0)
[W : PPU[1] Thread (CPUThread)[0x0032b064]]: cellSysutil warning: cellSysutilRegisterCallback(slot=0, func_addr=0x33ca98, userdata=0x3baa88)
[W : PPU[1] Thread (CPUThread)[0x0032f07c]]: cellSpurs warning: _cellSpursAttributeInitialize(attr_addr=0xd0010a10, nSpus=2, spuPriority=2228226, ppuPriority=5, exitIfNoWork=250)
[W : PPU[1] Thread (CPUThread)[0x0032f004]]: cellSpurs warning: cellSpursAttributeSetNamePrefix(attr_addr=0xd0010a10, prefix_addr=0x2f3188, size=0x7)
[W : PPU[1] Thread (CPUThread)[0x0032f0a0]]: cellSpurs warning: cellSpursInitializeWithAttribute(spurs_addr=0x30237700, spurs_addr=0xd0010a10)
[W : PPU[1] Thread (CPUThread)[0x0011453c]]: sys_event warning: sys_event_queue_create(equeue_id_addr=0x4183e0, attr_addr=0xd0010854, event_queue_key=0x0, size=8)
[W : PPU[1] Thread (CPUThread)[0x0011453c]]: sys_event warning: *** event_queue created [] (protocol=0x2, type=0x1): id = 32
[! : PPU[1] Thread (CPUThread)[0x0048b01c]]: *** New PPU Thread [spu_printf_handler] (): id = 33
[W : PPU[1] Thread (CPUThread)[0x001145c4]]: sys_event warning: sys_event_port_create(eport_id_addr=0x4183d0, port_type=0x1, name=0xfee1dead)
[W : PPU[1] Thread (CPUThread)[0x001145c4]]: sys_event warning: *** sys_event_port created: id = 34
[W : PPU[1] Thread (CPUThread)[0x001145dc]]: sys_event warning: sys_event_port_connect_local(eport_id=34, equeue_id=32)
[E : PPU[1] Thread (CPUThread)[0x0032f0ac]]: cellSpurs error: cellSpursAttachLv2EventQueue(spurs_addr=0x30237700, queue=0x20, port_addr=0xd0010850, isDynamic=0)
[W : PPU[1] Thread (CPUThread)[0x0032d010]]: cellGcmSys warning: cellGcmInit(context_addr=0x42f750,cmdSize=0x400000,ioSize=0x5d00000,ioAddress=0x33800000)
[W : PPU[1] Thread (CPUThread)[0x0032d010]]: cellGcmSys warning: *** local memory(addr=0xc0000000, size=0xf900000)
[W : PPU[1] Thread (CPUThread)[0x0032d010]]: cellGcmSys warning: cellGcmMapEaIoAddress(ea=0x33800000, io=0x0, size=0x5d00000)
[! : RSXThread]: RSX thread entry
[W : PPU[1] Thread (CPUThread)[0x0032d004]]: cellGcmSys warning: cellGcmGetTiledPitchSize(size=5120)
[W : PPU[1] Thread (CPUThread)[0x0032d004]]: cellGcmSys warning: cellGcmGetTiledPitchSize(size=5120)
[W : PPU[1] Thread (CPUThread)[0x0032d004]]: cellGcmSys warning: cellGcmGetTiledPitchSize(size=5120)
[W : PPU[1] Thread (CPUThread)[0x0032b010]]: cellSysutil warning: cellVideoOutConfigure(videoOut=0, config_addr=0xd00107c8, option_addr=0x0, waitForEvent=0x0)
[W : PPU[1] Thread (CPUThread)[0x0032d040]]: cellGcmSys warning: cellGcmSetFlipMode(mode=2)
[E : PPU[1] Thread (CPUThread)[0x0032d070]]: cellGcmSys error: Unimplemented function: cellGcmSetVBlankHandler
[W : PPU[1] Thread (CPUThread)[0x0032d094]]: cellGcmSys warning: cellGcmSetTile(index=13, location=0, offset=16711680, size=3801088, pitch=5120, comp=0, base=0, bank=0)
[W : PPU[1] Thread (CPUThread)[0x0032d058]]: cellGcmSys warning: cellGcmSetDisplayBuffer(id=0x0,offset=0xff0000,pitch=4,width=1280,height=720)
[W : PPU[1] Thread (CPUThread)[0x0032d094]]: cellGcmSys warning: cellGcmSetTile(index=14, location=0, offset=20512768, size=3801088, pitch=5120, comp=0, base=0, bank=0)
[W : PPU[1] Thread (CPUThread)[0x0032d058]]: cellGcmSys warning: cellGcmSetDisplayBuffer(id=0x1,offset=0x1390000,pitch=4,width=1280,height=720)
[W : PPU[1] Thread (CPUThread)[0x0032d094]]: cellGcmSys warning: cellGcmSetTile(index=0, location=0, offset=0, size=5570560, pitch=5120, comp=0, base=0, bank=2)
[W : PPU[1] Thread (CPUThread)[0x0032d094]]: cellGcmSys warning: cellGcmSetTile(index=1, location=0, offset=5570560, size=5570560, pitch=5120, comp=0, base=0, bank=2)
[W : PPU[1] Thread (CPUThread)[0x0032d094]]: cellGcmSys warning: cellGcmSetTile(index=2, location=0, offset=11141120, size=5570560, pitch=5120, comp=10, base=0, bank=0)
[E : PPU[1] Thread (CPUThread)[0x0032d094]]: cellGcmSys error: cellGcmSetTile: bad comp! (10)
[W : PPU[1] Thread (CPUThread)[0x0032d0a0]]: cellGcmSys warning: TODO: cellGcmSetZcull(index=0, offset=0xaa0000, width=1280, height=1088, cullStart=0x0, zFormat=0x2, aaFormat=0x0, zCullDir=0x0, zCullFormat=0x1, sFunc=0x201, sRef=0x80, sMask=0xff)
[W : PPU[1] Thread (CPUThread)[0x00042950]]: sys_event warning: sys_event_queue_create(equeue_id_addr=0x3baa74, attr_addr=0xd0010870, event_queue_key=0x0, size=64)
[W : PPU[1] Thread (CPUThread)[0x00042950]]: sys_event warning: *** event_queue created [] (protocol=0x2, type=0x1): id = 35
[! : PPU[1] Thread (CPUThread)[0x0048b01c]]: *** New PPU Thread [ResMan] (): id = 36
[W : PPU[1] Thread (CPUThread)[0x000429bc]]: sys_event warning: sys_event_port_create(eport_id_addr=0x3baa70, port_type=0x1, name=0x1234)
[W : PPU[1] Thread (CPUThread)[0x000429bc]]: sys_event warning: *** sys_event_port created: id = 37
[W : PPU[1] Thread (CPUThread)[0x000429d8]]: sys_event warning: sys_event_port_connect_local(eport_id=37, equeue_id=35)
[W : PPU[1] Thread (CPUThread)[0x0032b07c]]: cellSysutil warning: cellAudioOutGetSoundAvailability(audioOut=0, type=0, fs=0x4, option=0)
[W : PPU[1] Thread (CPUThread)[0x0032b07c]]: cellSysutil warning: cellAudioOutGetSoundAvailability(audioOut=0, type=1, fs=0x4, option=0)
[W : PPU[1] Thread (CPUThread)[0x0032b040]]: cellSysutil warning: cellAudioOutConfigure(audioOut=0, config_addr=0xd0010780, option_addr=0x0, (!)waitForEvent=0)
[W : PPU[1] Thread (CPUThread)[0x0047b004]]: cellAudio warning: cellAudioInit()
[! : Audio Thread]: Audio started
[W : PPU[1] Thread (CPUThread)[0x0047b034]]: cellAudio warning: cellAudioPortOpen(audioParam_addr=0x389fb8, portNum_addr=0x389ff8)
[W : PPU[1] Thread (CPUThread)[0x0047b034]]: cellAudio warning: *** audio port opened(nChannel=8, nBlock=8, attr=0x0, level=1.000000): port = 0
[W : PPU[1] Thread (CPUThread)[0x0047b010]]: cellAudio warning: cellAudioGetPortConfig(portNum=0x0, portConfig_addr=0x389fd8)
[W : PPU[1] Thread (CPUThread)[0x0048b034]]: sys_lwmutex warning: *** lwmutex created [] (attribute=0x22): sq_id = 38
[W : PPU[1] Thread (CPUThread)[0x0021083c]]: sys_event warning: sys_event_queue_create(equeue_id_addr=0x438004, attr_addr=0xd001074c, event_queue_key=0x0, size=32)
[W : PPU[1] Thread (CPUThread)[0x00210864]]: sys_spu warning: sys_spu_thread_group_create(id_addr=0x438108, num=1, prio=100, attr_addr=0xd001073c)
[W : PPU[1] Thread (CPUThread)[0x00210864]]: sys_spu warning: *** SPU Thread Group created [_Multistream Thread Group] (type=0x0, option.ct=0x0): id=40
[W : PPU[1] Thread (CPUThread)[0x0048b0ac]]: sysPrxForUser warning: sys_spu_image_import(img=0x43810c, src=0x314a00, type=0x1)
[W : PPU[1] Thread (CPUThread)[0x0048b0ac]]: desc = 'msngSPU_ATRAC'
[W : PPU[1] Thread (CPUThread)[0x002108f4]]: sys_spu warning: sys_spu_thread_initialize(thread_addr=0x436604, group=0x28, spu_num=0, img_addr=0x43810c, attr_addr=0xd0010730, arg_addr=0xd0010760)
[W : PPU[1] Thread (CPUThread)[0x002108f4]]: sys_spu warning: *** New SPU Thread [_Multistream SPU Thread] (img_offset=0x48f000, ls_offset=0x4cf000, ep=0x100, a1=0x2356c0, a2=0x80, a3=0xd0010820, a4=0x24000084302276d0): id=41
[W : PPU[1] Thread (CPUThread)[0x00210918]]: sys_spu warning: sys_spu_thread_connect_event(id=41, eq_id=39, event_type=0x1, spup=42)
[W : PPU[1] Thread (CPUThread)[0x00210930]]: sys_spu warning: sys_spu_thread_group_start(id=40)
[W : PPU[1] Thread (CPUThread)[0x00329034]]: *** cellFsOpen(path="/dev_flash/sys/external/flashATRAC.pic"): fd = 42
[W : PPU[1] Thread (CPUThread)[0x00329004]]: sys_fs warning: cellFsClose(fd=42)
[W : PPU[1] Thread (CPUThread)[0x0001433c]]: sys_event warning: sys_event_queue_create(equeue_id_addr=0x38a014, attr_addr=0x38a018, event_queue_key=0x0, size=1)
[W : PPU[1] Thread (CPUThread)[0x0001433c]]: sys_event warning: *** event_queue created [] (protocol=0x2, type=0x1): id = 43
[W : PPU[1] Thread (CPUThread)[0x00014354]]: sys_event warning: sys_event_port_create(eport_id_addr=0x38a010, port_type=0x1, name=0x0)
[W : PPU[1] Thread (CPUThread)[0x00014354]]: sys_event warning: *** sys_event_port created: id = 44
[W : PPU[1] Thread (CPUThread)[0x00014364]]: sys_event warning: sys_event_port_connect_local(eport_id=44, equeue_id=43)
[! : PPU[1] Thread (CPUThread)[0x0048b01c]]: *** New PPU Thread [MultiStream PU Thread] (): id = 45
[W : PPU[45] Thread (MultiStream PU Thread)[0x0047b01c]]: cellAudio warning: cellAudioPortStart(portNum=0x0)
[E : PPU[45] Thread (MultiStream PU Thread)[0x00013900]]: sys_event error: sys_event_queue_tryreceive(equeue_id=43, event_array_addr=0xd0050db8, size=1, number_addr=0xd0050db0)
[E : SPU[41] Thread (_Multistream SPU Thread)[0x00001ea8]]: SPUThread::WriteChannel error: unknown/illegal channel (7 [$SPU_WrDec]).
[E : SPU[41] Thread (_Multistream SPU Thread)[0x00001eb0]]: SPUThread::ReadChannel error: unknown/illegal channel (8 [$SPU_RdDec]).
[E : SPU[41] Thread (_Multistream SPU Thread)[0x00001ec0]]: SPUThread::WriteChannel error: unknown/illegal channel (7 [$SPU_WrDec]).
[E : SPU[41] Thread (_Multistream SPU Thread)[0x000071f0]]: SPUThread::ReadChannel error: unknown/illegal channel (8 [$SPU_RdDec]).
[E : SPU[41] Thread (_Multistream SPU Thread)[0x00007aec]]: SPUThread::ReadChannel error: unknown/illegal channel (8 [$SPU_RdDec]).
[E : SPU[41] Thread (_Multistream SPU Thread)[0x000071f0]]: SPUThread::ReadChannel error: unknown/illegal channel (8 [$SPU_RdDec]).
[E : SPU[41] Thread (_Multistream SPU Thread)[0x00007aec]]: SPUThread::ReadChannel error: unknown/illegal channel (8 [$SPU_RdDec]).
[E : SPU[41] Thread (_Multistream SPU Thread)[0x000071f0]]: SPUThread::ReadChannel error: unknown/illegal channel (8 [$SPU_RdDec]).
[E : SPU[41] Thread (_Multistream SPU Thread)[0x00007aec]]: SPUThread::ReadChannel error: unknown/illegal channel (8 [$SPU_RdDec]).
[E : SPU[41] Thread (_Multistream SPU Thread)[0x000071f0]]: SPUThread::ReadChannel error: unknown/illegal channel (8 [$SPU_RdDec]).
[E : SPU[41] Thread (_Multistream SPU Thread)[0x00007aec]]: SPUThread::ReadChannel error: unknown/illegal channel (8 [$SPU_RdDec]).
[E : SPU[41] Thread (_Multistream SPU Thread)[0x000071f0]]: SPUThread::ReadChannel error: unknown/illegal channel (8 [$SPU_RdDec]).
[E : SPU[41] Thread (_Multistream SPU Thread)[0x00007aec]]: SPUThread::ReadChannel error: unknown/illegal channel (8 [$SPU_RdDec]).
[E : SPU[41] Thread (_Multistream SPU Thread)[0x000071f0]]: SPUThread::ReadChannel error: unknown/illegal channel (8 [$SPU_RdDec]).
[E : SPU[41] Thread (_Multistream SPU Thread)[0x00007aec]]: SPUThread::ReadChannel error: unknown/illegal channel (8 [$SPU_RdDec]).
[E : SPU[41] Thread (_Multistream SPU Thread)[0x000071f0]]: SPUThread::ReadChannel error: unknown/illegal channel (8 [$SPU_RdDec]).
[E : SPU[41] Thread (_Multistream SPU Thread)[0x00007aec]]: SPUThread::ReadChannel error: unknown/illegal channel (8 [$SPU_RdDec]).
[E : SPU[41] Thread (_Multistream SPU Thread)[0x000071f0]]: SPUThread::ReadChannel error: unknown/illegal channel (8 [$SPU_RdDec]).
[E : SPU[41] Thread (_Multistream SPU Thread)[0x00007aec]]: SPUThread::ReadChannel error: unknown/illegal channel (8 [$SPU_RdDec]).
[E : SPU[41] Thread (_Multistream SPU Thread)[0x000071f0]]: SPUThread::ReadChannel error: unknown/illegal channel (8 [$SPU_RdDec]).
[E : SPU[41] Thread (_Multistream SPU Thread)[0x00007aec]]: SPUThread::ReadChannel error: unknown/illegal channel (8 [$SPU_RdDec]).
[E : SPU[41] Thread (_Multistream SPU Thread)[0x000071f0]]: SPUThread::ReadChannel error: unknown/illegal channel (8 [$SPU_RdDec]).
[E : SPU[41] Thread (_Multistream SPU Thread)[0x00007aec]]: SPUThread::ReadChannel error: unknown/illegal channel (8 [$SPU_RdDec]).
[E : SPU[41] Thread (_Multistream SPU Thread)[0x000071f0]]: SPUThread::ReadChannel error: unknown/illegal channel (8 [$SPU_RdDec]).
[E : SPU[41] Thread (_Multistream SPU Thread)[0x00007aec]]: SPUThread::ReadChannel error: unknown/illegal channel (8 [$SPU_RdDec]).
[E : SPU[41] Thread (_Multistream SPU Thread)[0x000071f0]]: SPUThread::ReadChannel error: unknown/illegal channel (8 [$SPU_RdDec]).
[E : SPU[41] Thread (_Multistream SPU Thread)[0x00007aec]]: SPUThread::ReadChannel error: unknown/illegal channel (8 [$SPU_RdDec]).
[E : SPU[41] Thread (_Multistream SPU Thread)[0x000071f0]]: SPUThread::ReadChannel error: unknown/illegal channel (8 [$SPU_RdDec]).
[E : SPU[41] Thread (_Multistream SPU Thread)[0x00007aec]]: SPUThread::ReadChannel error: unknown/illegal channel (8 [$SPU_RdDec]).
[E : SPU[41] Thread (_Multistream SPU Thread)[0x000071f0]]: SPUThread::ReadChannel error: unknown/illegal channel (8 [$SPU_RdDec]).
[E : SPU[41] Thread (_Multistream SPU Thread)[0x00007aec]]: SPUThread::ReadChannel error: unknown/illegal channel (8 [$SPU_RdDec]).
[E : SPU[41] Thread (_Multistream SPU Thread)[0x000071f0]]: SPUThread::ReadChannel error: unknown/illegal channel (8 [$SPU_RdDec]).
[E : SPU[41] Thread (_Multistream SPU Thread)[0x00007aec]]: SPUThread::ReadChannel error: unknown/illegal channel (8 [$SPU_RdDec]).
[E : SPU[41] Thread (_Multistream SPU Thread)[0x000071f0]]: SPUThread::ReadChannel error: unknown/illegal channel (8 [$SPU_RdDec]).
[E : SPU[41] Thread (_Multistream SPU Thread)[0x00007aec]]: SPUThread::ReadChannel error: unknown/illegal channel (8 [$SPU_RdDec]).
[E : SPU[41] Thread (_Multistream SPU Thread)[0x000071f0]]: SPUThread::ReadChannel error: unknown/illegal channel (8 [$SPU_RdDec]).
[E : SPU[41] Thread (_Multistream SPU Thread)[0x00007aec]]: SPUThread::ReadChannel error: unknown/illegal channel (8 [$SPU_RdDec]).
[E : SPU[41] Thread (_Multistream SPU Thread)[0x000071f0]]: SPUThread::ReadChannel error: unknown/illegal channel (8 [$SPU_RdDec]).
[E : SPU[41] Thread (_Multistream SPU Thread)[0x00007aec]]: SPUThread::ReadChannel error: unknown/illegal channel (8 [$SPU_RdDec]).
[E : SPU[41] Thread (_Multistream SPU Thread)[0x000071f0]]: SPUThread::ReadChannel error: unknown/illegal channel (8 [$SPU_RdDec]).
[E : SPU[41] Thread (_Multistream SPU Thread)[0x00007aec]]: SPUThread::ReadChannel error: unknown/illegal channel (8 [$SPU_RdDec]).
[E : SPU[41] Thread (_Multistream SPU Thread)[0x000071f0]]: SPUThread::ReadChannel error: unknown/illegal channel (8 [$SPU_RdDec]).
[E : SPU[41] Thread (_Multistream SPU Thread)[0x00007aec]]: SPUThread::ReadChannel error: unknown/illegal channel (8 [$SPU_RdDec]).
[E : SPU[41] Thread (_Multistream SPU Thread)[0x000071f0]]: SPUThread::ReadChannel error: unknown/illegal channel (8 [$SPU_RdDec]).
[E : SPU[41] Thread (_Multistream SPU Thread)[0x00007aec]]: SPUThread::ReadChannel error: unknown/illegal channel (8 [$SPU_RdDec]).
[E : SPU[41] Thread (_Multistream SPU Thread)[0x000071f0]]: SPUThread::ReadChannel error: unknown/illegal channel (8 [$SPU_RdDec]).
[E : SPU[41] Thread (_Multistream SPU Thread)[0x00007aec]]: SPUThread::ReadChannel error: unknown/illegal channel (8 [$SPU_RdDec]).
[E : SPU[41] Thread (_Multistream SPU Thread)[0x000071f0]]: SPUThread::ReadChannel error: unknown/illegal channel (8 [$SPU_RdDec]).
[E : SPU[41] Thread (_Multistream SPU Thread)[0x00007aec]]: SPUThread::ReadChannel error: unknown/illegal channel (8 [$SPU_RdDec]).
[E : SPU[41] Thread (_Multistream SPU Thread)[0x000071f0]]: SPUThread::ReadChannel error: unknown/illegal channel (8 [$SPU_RdDec]).
[W : PPU[1] Thread (CPUThread)[0x0032b034]]: cellSysutil warning: cellSysutilGetSystemParamInt: CELL_SYSUTIL_SYSTEMPARAM_ID_ENTER_BUTTON_ASSIGN
[E : SPU[41] Thread (_Multistream SPU Thread)[0x00006588]]: SPUThread::ReadChannel error: unknown/illegal channel (8 [$SPU_RdDec]).
[W : PPU[36] Thread (ResMan)[0x00329034]]: *** cellFsOpen(path="/app_home/Game/PS3_GAME/USRDIR/Shaders/vs_basicLight.vpo"): fd = 46
[W : PPU[36] Thread (ResMan)[0x00329004]]: sys_fs warning: cellFsClose(fd=46)
[W : PPU[36] Thread (ResMan)[0x00329034]]: *** cellFsOpen(path="/app_home/Game/PS3_GAME/USRDIR/Shaders/vs_basicColourLight.vpo"): fd = 47
[W : PPU[36] Thread (ResMan)[0x00329004]]: sys_fs warning: cellFsClose(fd=47)
[W : PPU[36] Thread (ResMan)[0x00329034]]: *** cellFsOpen(path="/app_home/Game/PS3_GAME/USRDIR/Shaders/vs_basicTexLight.vpo"): fd = 48
[W : PPU[36] Thread (ResMan)[0x00329004]]: sys_fs warning: cellFsClose(fd=48)
[W : PPU[36] Thread (ResMan)[0x00329034]]: *** cellFsOpen(path="/app_home/Game/PS3_GAME/USRDIR/Shaders/vs_bumpgloss.vpo"): fd = 49
[W : PPU[36] Thread (ResMan)[0x00329004]]: sys_fs warning: cellFsClose(fd=49)
[W : PPU[36] Thread (ResMan)[0x00329034]]: *** cellFsOpen(path="/app_home/Game/PS3_GAME/USRDIR/Shaders/vs_duck.vpo"): fd = 50
[W : PPU[36] Thread (ResMan)[0x00329004]]: sys_fs warning: cellFsClose(fd=50)
[W : PPU[36] Thread (ResMan)[0x00329034]]: *** cellFsOpen(path="/app_home/Game/PS3_GAME/USRDIR/Shaders/vs_colduck.vpo"): fd = 51
[W : PPU[36] Thread (ResMan)[0x00329004]]: sys_fs warning: cellFsClose(fd=51)
[W : PPU[36] Thread (ResMan)[0x00329034]]: *** cellFsOpen(path="/app_home/Game/PS3_GAME/USRDIR/Shaders/vs_basicTexColourLight.vpo"): fd = 52
[W : PPU[36] Thread (ResMan)[0x00329004]]: sys_fs warning: cellFsClose(fd=52)
[W : PPU[36] Thread (ResMan)[0x00329034]]: *** cellFsOpen(path="/app_home/Game/PS3_GAME/USRDIR/Shaders/vs_colbumpgloss.vpo"): fd = 53
[W : PPU[36] Thread (ResMan)[0x00329004]]: sys_fs warning: cellFsClose(fd=53)
[W : PPU[36] Thread (ResMan)[0x00329034]]: *** cellFsOpen(path="/app_home/Game/PS3_GAME/USRDIR/Shaders/vs_through_mode.vpo"): fd = 54
[W : PPU[36] Thread (ResMan)[0x00329004]]: sys_fs warning: cellFsClose(fd=54)
[W : PPU[36] Thread (ResMan)[0x00329034]]: *** cellFsOpen(path="/app_home/Game/PS3_GAME/USRDIR/Shaders/vs_through_mode2.vpo"): fd = 55
[W : PPU[36] Thread (ResMan)[0x00329004]]: sys_fs warning: cellFsClose(fd=55)
[W : PPU[36] Thread (ResMan)[0x00329034]]: *** cellFsOpen(path="/app_home/Game/PS3_GAME/USRDIR/Shaders/vs_through_mode3.vpo"): fd = 56
[W : PPU[36] Thread (ResMan)[0x00329004]]: sys_fs warning: cellFsClose(fd=56)
[W : PPU[36] Thread (ResMan)[0x00329034]]: *** cellFsOpen(path="/app_home/Game/PS3_GAME/USRDIR/Shaders/vs_bwdwwwi0.vpo"): fd = 57
[W : PPU[36] Thread (ResMan)[0x00329004]]: sys_fs warning: cellFsClose(fd=57)
[W : PPU[36] Thread (ResMan)[0x00329034]]: *** cellFsOpen(path="/app_home/Game/PS3_GAME/USRDIR/Shaders/vs_bwdwwwi0i1.vpo"): fd = 58
[W : PPU[36] Thread (ResMan)[0x00329004]]: sys_fs warning: cellFsClose(fd=58)
[E : SPU[41] Thread (_Multistream SPU Thread)[0x000065b8]]: SPUThread::ReadChannel error: unknown/illegal channel (8 [$SPU_RdDec]).
[W : PPU[36] Thread (ResMan)[0x00329034]]: *** cellFsOpen(path="/app_home/Game/PS3_GAME/USRDIR/Shaders/vs_bwmwwwi0.vpo"): fd = 59
[W : PPU[36] Thread (ResMan)[0x00329004]]: sys_fs warning: cellFsClose(fd=59)
[E : SPU[41] Thread (_Multistream SPU Thread)[0x00007aec]]: SPUThread::ReadChannel error: unknown/illegal channel (8 [$SPU_RdDec]).
[E : SPU[41] Thread (_Multistream SPU Thread)[0x000071f0]]: SPUThread::ReadChannel error: unknown/illegal channel (8 [$SPU_RdDec]).
[E : SPU[41] Thread (_Multistream SPU Thread)[0x00006588]]: SPUThread::ReadChannel error: unknown/illegal channel (8 [$SPU_RdDec]).
[W : PPU[36] Thread (ResMan)[0x00329034]]: *** cellFsOpen(path="/app_home/Game/PS3_GAME/USRDIR/Shaders/vs_bwdwww.vpo"): fd = 60
[W : PPU[36] Thread (ResMan)[0x00329004]]: sys_fs warning: cellFsClose(fd=60)
[E : SPU[41] Thread (_Multistream SPU Thread)[0x000065b8]]: SPUThread::ReadChannel error: unknown/illegal channel (8 [$SPU_RdDec]).
[E : SPU[41] Thread (_Multistream SPU Thread)[0x00007aec]]: SPUThread::ReadChannel error: unknown/illegal channel (8 [$SPU_RdDec]).
[E : SPU[41] Thread (_Multistream SPU Thread)[0x000071f0]]: SPUThread::ReadChannel error: unknown/illegal channel (8 [$SPU_RdDec]).
[E : SPU[41] Thread (_Multistream SPU Thread)[0x00007aec]]: SPUThread::ReadChannel error: unknown/illegal channel (8 [$SPU_RdDec]).
[E : SPU[41] Thread (_Multistream SPU Thread)[0x000071f0]]: SPUThread::ReadChannel error: unknown/illegal channel (8 [$SPU_RdDec]).
[E : SPU[41] Thread (_Multistream SPU Thread)[0x00007aec]]: SPUThread::ReadChannel error: unknown/illegal channel (8 [$SPU_RdDec]).
[E : SPU[41] Thread (_Multistream SPU Thread)[0x000071f0]]: SPUThread::ReadChannel error: unknown/illegal channel (8 [$SPU_RdDec]).
[E : SPU[41] Thread (_Multistream SPU Thread)[0x00007aec]]: SPUThread::ReadChannel error: unknown/illegal channel (8 [$SPU_RdDec]).
[E : SPU[41] Thread (_Multistream SPU Thread)[0x000071f0]]: SPUThread::ReadChannel error: unknown/illegal channel (8 [$SPU_RdDec]).
[E : SPU[41] Thread (_Multistream SPU Thread)[0x00007aec]]: SPUThread::ReadChannel error: unknown/illegal channel (8 [$SPU_RdDec]).
[E : SPU[41] Thread (_Multistream SPU Thread)[0x000071f0]]: SPUThread::ReadChannel error: unknown/illegal channel (8 [$SPU_RdDec]).
[E : SPU[41] Thread (_Multistream SPU Thread)[0x00007aec]]: SPUThread::ReadChannel error: unknown/illegal channel (8 [$SPU_RdDec]).
[E : SPU[41] Thread (_Multistream SPU Thread)[0x000071f0]]: SPUThread::ReadChannel error: unknown/illegal channel (8 [$SPU_RdDec]).
[E : SPU[41] Thread (_Multistream SPU Thread)[0x00007aec]]: SPUThread::ReadChannel error: unknown/illegal channel (8 [$SPU_RdDec]).
[E : SPU[41] Thread (_Multistream SPU Thread)[0x000071f0]]: SPUThread::ReadChannel error: unknown/illegal channel (8 [$SPU_RdDec]).
[W : PPU[36] Thread (ResMan)[0x00329034]]: *** cellFsOpen(path="/app_home/Game/PS3_GAME/USRDIR/Shaders/vs_bldlllnnnn.vpo"): fd = 61
[W : PPU[36] Thread (ResMan)[0x00329004]]: sys_fs warning: cellFsClose(fd=61)
[W : PPU[36] Thread (ResMan)[0x00329034]]: *** cellFsOpen(path="/app_home/Game/PS3_GAME/USRDIR/Shaders/vs_bi0i1.vpo"): fd = 62
[W : PPU[36] Thread (ResMan)[0x00329004]]: sys_fs warning: cellFsClose(fd=62)
[W : PPU[36] Thread (ResMan)[0x00329034]]: *** cellFsOpen(path="/app_home/Game/PS3_GAME/USRDIR/Shaders/vs_bwwww.vpo"): fd = 63
[W : PPU[36] Thread (ResMan)[0x00329004]]: sys_fs warning: cellFsClose(fd=63)
[W : PPU[36] Thread (ResMan)[0x00329034]]: *** cellFsOpen(path="/app_home/Game/PS3_GAME/USRDIR/Shaders/vs_li0.vpo"): fd = 64
[W : PPU[36] Thread (ResMan)[0x00329004]]: sys_fs warning: cellFsClose(fd=64)
[E : SPU[41] Thread (_Multistream SPU Thread)[0x00006588]]: SPUThread::ReadChannel error: unknown/illegal channel (8 [$SPU_RdDec]).
[E : SPU[41] Thread (_Multistream SPU Thread)[0x000065b8]]: SPUThread::ReadChannel error: unknown/illegal channel (8 [$SPU_RdDec]).
[E : SPU[41] Thread (_Multistream SPU Thread)[0x00007aec]]: SPUThread::ReadChannel error: unknown/illegal channel (8 [$SPU_RdDec]).
[W : PPU[36] Thread (ResMan)[0x00329034]]: *** cellFsOpen(path="/app_home/Game/PS3_GAME/USRDIR/Shaders/vs_vi0t0.vpo"): fd = 65
[W : PPU[36] Thread (ResMan)[0x00329004]]: sys_fs warning: cellFsClose(fd=65)
[W : PPU[36] Thread (ResMan)[0x00329034]]: *** cellFsOpen(path="/app_home/Game/PS3_GAME/USRDIR/Shaders/vs_mi0t0.vpo"): fd = 66
[E : PPU[45] Thread (MultiStream PU Thread)[0x00013900]]: sys_event error: sys_event_queue_tryreceive(equeue_id=43, event_array_addr=0xd0050db8, size=1, number_addr=0xd0050db0)
[W : PPU[36] Thread (ResMan)[0x00329004]]: sys_fs warning: cellFsClose(fd=66)
[E : SPU[41] Thread (_Multistream SPU Thread)[0x00000adc]]: SPUThread::ReadChannel error: unknown/illegal channel (8 [$SPU_RdDec]).
[E : SPU[41] Thread (_Multistream SPU Thread)[0x00001ec0]]: SPUThread::WriteChannel error: unknown/illegal channel (7 [$SPU_WrDec]).
[E : SPU[41] Thread (_Multistream SPU Thread)[0x000071f0]]: SPUThread::ReadChannel error: unknown/illegal channel (8 [$SPU_RdDec]).
[E : SPU[41] Thread (_Multistream SPU Thread)[0x00007aec]]: SPUThread::ReadChannel error: unknown/illegal channel (8 [$SPU_RdDec]).
[E : SPU[41] Thread (_Multistream SPU Thread)[0x000071f0]]: SPUThread::ReadChannel error: unknown/illegal channel (8 [$SPU_RdDec]).
[E : SPU[41] Thread (_Multistream SPU Thread)[0x00007aec]]: SPUThread::ReadChannel error: unknown/illegal channel (8 [$SPU_RdDec]).
[E : SPU[41] Thread (_Multistream SPU Thread)[0x000071f0]]: SPUThread::ReadChannel error: unknown/illegal channel (8 [$SPU_RdDec]).
[E : SPU[41] Thread (_Multistream SPU Thread)[0x00007aec]]: SPUThread::ReadChannel error: unknown/illegal channel (8 [$SPU_RdDec]).
[E : SPU[41] Thread (_Multistream SPU Thread)[0x000071f0]]: SPUThread::ReadChannel error: unknown/illegal channel (8 [$SPU_RdDec]).
[E : SPU[41] Thread (_Multistream SPU Thread)[0x00007aec]]: SPUThread::ReadChannel error: unknown/illegal channel (8 [$SPU_RdDec]).
[E : SPU[41] Thread (_Multistream SPU Thread)[0x000071f0]]: SPUThread::ReadChannel error: unknown/illegal channel (8 [$SPU_RdDec]).
[E : SPU[41] Thread (_Multistream SPU Thread)[0x00007aec]]: SPUThread::ReadChannel error: unknown/illegal channel (8 [$SPU_RdDec]).
[E : SPU[41] Thread (_Multistream SPU Thread)[0x000071f0]]: SPUThread::ReadChannel error: unknown/illegal channel (8 [$SPU_RdDec]).
[E : SPU[41] Thread (_Multistream SPU Thread)[0x00007aec]]: SPUThread::ReadChannel error: unknown/illegal channel (8 [$SPU_RdDec]).
[E : SPU[41] Thread (_Multistream SPU Thread)[0x000071f0]]: SPUThread::ReadChannel error: unknown/illegal channel (8 [$SPU_RdDec]).
[E : SPU[41] Thread (_Multistream SPU Thread)[0x00007aec]]: SPUThread::ReadChannel error: unknown/illegal channel (8 [$SPU_RdDec]).
[E : SPU[41] Thread (_Multistream SPU Thread)[0x000071f0]]: SPUThread::ReadChannel error: unknown/illegal channel (8 [$SPU_RdDec]).
[E : SPU[41] Thread (_Multistream SPU Thread)[0x00007aec]]: SPUThread::ReadChannel error: unknown/illegal channel (8 [$SPU_RdDec]).
[E : SPU[41] Thread (_Multistream SPU Thread)[0x000071f0]]: SPUThread::ReadChannel error: unknown/illegal channel (8 [$SPU_RdDec]).
[E : SPU[41] Thread (_Multistream SPU Thread)[0x00007aec]]: SPUThread::ReadChannel error: unknown/illegal channel (8 [$SPU_RdDec]).
[E : SPU[41] Thread (_Multistream SPU Thread)[0x000071f0]]: SPUThread::ReadChannel error: unknown/illegal channel (8 [$SPU_RdDec]).
[E : SPU[41] Thread (_Multistream SPU Thread)[0x00007aec]]: SPUThread::ReadChannel error: unknown/illegal channel (8 [$SPU_RdDec]).
[E : SPU[41] Thread (_Multistream SPU Thread)[0x000071f0]]: SPUThread::ReadChannel error: unknown/illegal channel (8 [$SPU_RdDec]).
[E : SPU[41] Thread (_Multistream SPU Thread)[0x00007aec]]: SPUThread::ReadChannel error: unknown/illegal channel (8 [$SPU_RdDec]).
[E : SPU[41] Thread (_Multistream SPU Thread)[0x000071f0]]: SPUThread::ReadChannel error: unknown/illegal channel (8 [$SPU_RdDec]).
[E : SPU[41] Thread (_Multistream SPU Thread)[0x00007aec]]: SPUThread::ReadChannel error: unknown/illegal channel (8 [$SPU_RdDec]).
[E : SPU[41] Thread (_Multistream SPU Thread)[0x000071f0]]: SPUThread::ReadChannel error: unknown/illegal channel (8 [$SPU_RdDec]).
[E : SPU[41] Thread (_Multistream SPU Thread)[0x00007aec]]: SPUThread::ReadChannel error: unknown/illegal channel (8 [$SPU_RdDec]).
[E : SPU[41] Thread (_Multistream SPU Thread)[0x000071f0]]: SPUThread::ReadChannel error: unknown/illegal channel (8 [$SPU_RdDec]).
[E : SPU[41] Thread (_Multistream SPU Thread)[0x00007aec]]: SPUThread::ReadChannel error: unknown/illegal channel (8 [$SPU_RdDec]).
[E : SPU[41] Thread (_Multistream SPU Thread)[0x000071f0]]: SPUThread::ReadChannel error: unknown/illegal channel (8 [$SPU_RdDec]).
[E : SPU[41] Thread (_Multistream SPU Thread)[0x00007aec]]: SPUThread::ReadChannel error: unknown/illegal channel (8 [$SPU_RdDec]).
[E : SPU[41] Thread (_Multistream SPU Thread)[0x000071f0]]: SPUThread::ReadChannel error: unknown/illegal channel (8 [$SPU_RdDec]).
[E : SPU[41] Thread (_Multistream SPU Thread)[0x00007aec]]: SPUThread::ReadChannel error: unknown/illegal channel (8 [$SPU_RdDec]).
[E : SPU[41] Thread (_Multistream SPU Thread)[0x000071f0]]: SPUThread::ReadChannel error: unknown/illegal channel (8 [$SPU_RdDec]).
[E : SPU[41] Thread (_Multistream SPU Thread)[0x00007aec]]: SPUThread::ReadChannel error: unknown/illegal channel (8 [$SPU_RdDec]).
[E : SPU[41] Thread (_Multistream SPU Thread)[0x000071f0]]: SPUThread::ReadChannel error: unknown/illegal channel (8 [$SPU_RdDec]).
[E : SPU[41] Thread (_Multistream SPU Thread)[0x00007aec]]: SPUThread::ReadChannel error: unknown/illegal channel (8 [$SPU_RdDec]).
[E : SPU[41] Thread (_Multistream SPU Thread)[0x000071f0]]: SPUThread::ReadChannel error: unknown/illegal channel (8 [$SPU_RdDec]).
[E : SPU[41] Thread (_Multistream SPU Thread)[0x00007aec]]: SPUThread::ReadChannel error: unknown/illegal channel (8 [$SPU_RdDec]).
[E : SPU[41] Thread (_Multistream SPU Thread)[0x000071f0]]: SPUThread::ReadChannel error: unknown/illegal channel (8 [$SPU_RdDec]).
[E : SPU[41] Thread (_Multistream SPU Thread)[0x00007aec]]: SPUThread::ReadChannel error: unknown/illegal channel (8 [$SPU_RdDec]).
[E : SPU[41] Thread (_Multistream SPU Thread)[0x000071f0]]: SPUThread::ReadChannel error: unknown/illegal channel (8 [$SPU_RdDec]).
[E : SPU[41] Thread (_Multistream SPU Thread)[0x00007aec]]: SPUThread::ReadChannel error: unknown/illegal channel (8 [$SPU_RdDec]).
[E : SPU[41] Thread (_Multistream SPU Thread)[0x000071f0]]: SPUThread::ReadChannel error: unknown/illegal channel (8 [$SPU_RdDec]).
[E : SPU[41] Thread (_Multistream SPU Thread)[0x00007aec]]: SPUThread::ReadChannel error: unknown/illegal channel (8 [$SPU_RdDec]).
[E : SPU[41] Thread (_Multistream SPU Thread)[0x000071f0]]: SPUThread::ReadChannel error: unknown/illegal channel (8 [$SPU_RdDec]).
[E : SPU[41] Thread (_Multistream SPU Thread)[0x00007aec]]: SPUThread::ReadChannel error: unknown/illegal channel (8 [$SPU_RdDec]).
[E : SPU[41] Thread (_Multistream SPU Thread)[0x000071f0]]: SPUThread::ReadChannel error: unknown/illegal channel (8 [$SPU_RdDec]).
[E : SPU[41] Thread (_Multistream SPU Thread)[0x00006588]]: SPUThread::ReadChannel error: unknown/illegal channel (8 [$SPU_RdDec]).
[W : PPU[36] Thread (ResMan)[0x00329034]]: *** cellFsOpen(path="/app_home/Game/PS3_GAME/USRDIR/Shaders/vs_bwdlllinnn.vpo"): fd = 67
[W : PPU[36] Thread (ResMan)[0x00329004]]: sys_fs warning: cellFsClose(fd=67)
[E : SPU[41] Thread (_Multistream SPU Thread)[0x000065b8]]: SPUThread::ReadChannel error: unknown/illegal channel (8 [$SPU_RdDec]).
[E : SPU[41] Thread (_Multistream SPU Thread)[0x00007aec]]: SPUThread::ReadChannel error: unknown/illegal channel (8 [$SPU_RdDec]).
[E : SPU[41] Thread (_Multistream SPU Thread)[0x000071f0]]: SPUThread::ReadChannel error: unknown/illegal channel (8 [$SPU_RdDec]).
[E : SPU[41] Thread (_Multistream SPU Thread)[0x00006588]]: SPUThread::ReadChannel error: unknown/illegal channel (8 [$SPU_RdDec]).
[W : PPU[36] Thread (ResMan)[0x00329034]]: *** cellFsOpen(path="/app_home/Game/PS3_GAME/USRDIR/Shaders/vs_bwmwwwi0i1.vpo"): fd = 68
[W : PPU[36] Thread (ResMan)[0x00329004]]: sys_fs warning: cellFsClose(fd=68)
[W : PPU[36] Thread (ResMan)[0x00329034]]: *** cellFsOpen(path="/app_home/Game/PS3_GAME/USRDIR/Shaders/vs_generate_mesh.vpo"): fd = 69
[W : PPU[36] Thread (ResMan)[0x00329004]]: sys_fs warning: cellFsClose(fd=69)
[W : PPU[36] Thread (ResMan)[0x00329034]]: *** cellFsOpen(path="/app_home/Game/PS3_GAME/USRDIR/Shaders/vs_position.vpo"): fd = 70
[W : PPU[36] Thread (ResMan)[0x00329004]]: sys_fs warning: cellFsClose(fd=70)
[W : PPU[36] Thread (ResMan)[0x00329034]]: *** cellFsOpen(path="/app_home/Game/PS3_GAME/USRDIR/Shaders/vs_intersection.vpo"): fd = 71
[W : PPU[36] Thread (ResMan)[0x00329004]]: sys_fs warning: cellFsClose(fd=71)
[W : PPU[36] Thread (ResMan)[0x00329034]]: *** cellFsOpen(path="/app_home/Game/PS3_GAME/USRDIR/Shaders/vs_splat.vpo"): fd = 72
[W : PPU[36] Thread (ResMan)[0x00329004]]: sys_fs warning: cellFsClose(fd=72)
[W : PPU[36] Thread (ResMan)[0x00329034]]: *** cellFsOpen(path="/app_home/Game/PS3_GAME/USRDIR/Shaders/vs_projective.vpo"): fd = 73
[W : PPU[36] Thread (ResMan)[0x00329004]]: sys_fs warning: cellFsClose(fd=73)
[W : PPU[36] Thread (ResMan)[0x00329034]]: *** cellFsOpen(path="/app_home/Game/PS3_GAME/USRDIR/Shaders/vs_xyz.vpo"): fd = 74
[W : PPU[36] Thread (ResMan)[0x00329004]]: sys_fs warning: cellFsClose(fd=74)
[W : PPU[36] Thread (ResMan)[0x00329034]]: *** cellFsOpen(path="/app_home/Game/PS3_GAME/USRDIR/Shaders/vs_water_surface.vpo"): fd = 75
[W : PPU[36] Thread (ResMan)[0x00329004]]: sys_fs warning: cellFsClose(fd=75)
[W : PPU[36] Thread (ResMan)[0x00329034]]: *** cellFsOpen(path="/app_home/Game/PS3_GAME/USRDIR/Shaders/vs_blend_noise.vpo"): fd = 76
[W : PPU[36] Thread (ResMan)[0x00329004]]: sys_fs warning: cellFsClose(fd=76)
[W : PPU[36] Thread (ResMan)[0x00329034]]: *** cellFsOpen(path="/app_home/Game/PS3_GAME/USRDIR/Shaders/vs_bubble.vpo"): fd = 77
[W : PPU[36] Thread (ResMan)[0x00329004]]: sys_fs warning: cellFsClose(fd=77)
[W : PPU[36] Thread (ResMan)[0x00329034]]: *** cellFsOpen(path="/app_home/Game/PS3_GAME/USRDIR/Shaders/vs_reflection_prepass.vpo"): fd = 78
[W : PPU[36] Thread (ResMan)[0x00329004]]: sys_fs warning: cellFsClose(fd=78)
[W : PPU[36] Thread (ResMan)[0x00329034]]: *** cellFsOpen(path="/app_home/Game/PS3_GAME/USRDIR/Shaders/vs_slosh_blend.vpo"): fd = 79
[W : PPU[36] Thread (ResMan)[0x00329004]]: sys_fs warning: cellFsClose(fd=79)
[W : PPU[36] Thread (ResMan)[0x00329034]]: *** cellFsOpen(path="/app_home/Game/PS3_GAME/USRDIR/Shaders/vs_slosh_stencil.vpo"): fd = 80
[W : PPU[36] Thread (ResMan)[0x00329004]]: sys_fs warning: cellFsClose(fd=80)
[W : PPU[36] Thread (ResMan)[0x00329034]]: *** cellFsOpen(path="/app_home/Game/PS3_GAME/USRDIR/Shaders/vs_slosh_surface.vpo"): fd = 81
[W : PPU[36] Thread (ResMan)[0x00329004]]: sys_fs warning: cellFsClose(fd=81)
[W : PPU[36] Thread (ResMan)[0x00329034]]: *** cellFsOpen(path="/app_home/Game/PS3_GAME/USRDIR/Shaders/vs_surface_noise.vpo"): fd = 82
[W : PPU[36] Thread (ResMan)[0x00329004]]: sys_fs warning: cellFsClose(fd=82)
[W : PPU[36] Thread (ResMan)[0x00329034]]: *** cellFsOpen(path="/app_home/Game/PS3_GAME/USRDIR/Shaders/fs_basicLight.fpo"): fd = 83
[W : PPU[36] Thread (ResMan)[0x00329004]]: sys_fs warning: cellFsClose(fd=83)
[W : PPU[36] Thread (ResMan)[0x00329034]]: *** cellFsOpen(path="/app_home/Game/PS3_GAME/USRDIR/Shaders/fs_basicColourLight.fpo"): fd = 84
[W : PPU[36] Thread (ResMan)[0x00329004]]: sys_fs warning: cellFsClose(fd=84)
[W : PPU[36] Thread (ResMan)[0x00329034]]: *** cellFsOpen(path="/app_home/Game/PS3_GAME/USRDIR/Shaders/fs_basicTexColour.fpo"): fd = 85
[W : PPU[36] Thread (ResMan)[0x00329004]]: sys_fs warning: cellFsClose(fd=85)
[W : PPU[36] Thread (ResMan)[0x00329034]]: *** cellFsOpen(path="/app_home/Game/PS3_GAME/USRDIR/Shaders/fs_basicTexLight.fpo"): fd = 86
[W : PPU[36] Thread (ResMan)[0x00329004]]: sys_fs warning: cellFsClose(fd=86)
[W : PPU[36] Thread (ResMan)[0x00329034]]: *** cellFsOpen(path="/app_home/Game/PS3_GAME/USRDIR/Shaders/fs_bumpgloss.fpo"): fd = 87
[W : PPU[36] Thread (ResMan)[0x00329004]]: sys_fs warning: cellFsClose(fd=87)
[W : PPU[36] Thread (ResMan)[0x00329034]]: *** cellFsOpen(path="/app_home/Game/PS3_GAME/USRDIR/Shaders/fs_colbumpgloss.fpo"): fd = 88
[W : PPU[36] Thread (ResMan)[0x00329004]]: sys_fs warning: cellFsClose(fd=88)
[W : PPU[36] Thread (ResMan)[0x00329034]]: *** cellFsOpen(path="/app_home/Game/PS3_GAME/USRDIR/Shaders/fs_mod2x.fpo"): fd = 89
[W : PPU[36] Thread (ResMan)[0x00329004]]: sys_fs warning: cellFsClose(fd=89)
[W : PPU[36] Thread (ResMan)[0x00329034]]: *** cellFsOpen(path="/app_home/Game/PS3_GAME/USRDIR/Shaders/fs_through_mode.fpo"): fd = 90
[W : PPU[36] Thread (ResMan)[0x00329004]]: sys_fs warning: cellFsClose(fd=90)
[W : PPU[36] Thread (ResMan)[0x00329034]]: *** cellFsOpen(path="/app_home/Game/PS3_GAME/USRDIR/Shaders/fs_through_mode2.fpo"): fd = 91
[W : PPU[36] Thread (ResMan)[0x00329004]]: sys_fs warning: cellFsClose(fd=91)
[W : PPU[36] Thread (ResMan)[0x00329034]]: *** cellFsOpen(path="/app_home/Game/PS3_GAME/USRDIR/Shaders/fs_diffuse.fpo"): fd = 92
[W : PPU[36] Thread (ResMan)[0x00329004]]: sys_fs warning: cellFsClose(fd=92)
[W : PPU[36] Thread (ResMan)[0x00329034]]: *** cellFsOpen(path="/app_home/Game/PS3_GAME/USRDIR/Shaders/fs_bmdeea.fpo"): fd = 93
[W : PPU[36] Thread (ResMan)[0x00329004]]: sys_fs warning: cellFsClose(fd=93)
[W : PPU[36] Thread (ResMan)[0x00329034]]: *** cellFsOpen(path="/app_home/Game/PS3_GAME/USRDIR/Shaders/fs_bmdee.fpo"): fd = 94
[W : PPU[36] Thread (ResMan)[0x00329004]]: sys_fs warning: cellFsClose(fd=94)
[W : PPU[36] Thread (ResMan)[0x00329034]]: *** cellFsOpen(path="/app_home/Game/PS3_GAME/USRDIR/Shaders/fs_bveee.fpo"): fd = 95
[W : PPU[36] Thread (ResMan)[0x00329004]]: sys_fs warning: cellFsClose(fd=95)
[W : PPU[36] Thread (ResMan)[0x00329034]]: *** cellFsOpen(path="/app_home/Game/PS3_GAME/USRDIR/Shaders/fs_bvdeee.fpo"): fd = 96
[W : PPU[36] Thread (ResMan)[0x00329004]]: sys_fs warning: cellFsClose(fd=96)
[W : PPU[36] Thread (ResMan)[0x00329034]]: *** cellFsOpen(path="/app_home/Game/PS3_GAME/USRDIR/Shaders/fs_bveeee.fpo"): fd = 97
[W : PPU[36] Thread (ResMan)[0x00329004]]: sys_fs warning: cellFsClose(fd=97)
[W : PPU[36] Thread (ResMan)[0x00329034]]: *** cellFsOpen(path="/app_home/Game/PS3_GAME/USRDIR/Shaders/fs_bvd.fpo"): fd = 98
[W : PPU[36] Thread (ResMan)[0x00329004]]: sys_fs warning: cellFsClose(fd=98)
[W : PPU[36] Thread (ResMan)[0x00329034]]: *** cellFsOpen(path="/app_home/Game/PS3_GAME/USRDIR/Shaders/fs_bvdeea.fpo"): fd = 99
[W : PPU[36] Thread (ResMan)[0x00329004]]: sys_fs warning: cellFsClose(fd=99)
[W : PPU[36] Thread (ResMan)[0x00329034]]: *** cellFsOpen(path="/app_home/Game/PS3_GAME/USRDIR/Shaders/fs_bmdnga.fpo"): fd = 100
[W : PPU[36] Thread (ResMan)[0x00329004]]: sys_fs warning: cellFsClose(fd=100)
[W : PPU[36] Thread (ResMan)[0x00329034]]: *** cellFsOpen(path="/app_home/Game/PS3_GAME/USRDIR/Shaders/fs_bmdga.fpo"): fd = 101
[W : PPU[36] Thread (ResMan)[0x00329004]]: sys_fs warning: cellFsClose(fd=101)
[W : PPU[36] Thread (ResMan)[0x00329034]]: *** cellFsOpen(path="/app_home/Game/PS3_GAME/USRDIR/Shaders/fs_bmdga_reflection.fpo"): fd = 102
[W : PPU[36] Thread (ResMan)[0x00329004]]: sys_fs warning: cellFsClose(fd=102)
[W : PPU[36] Thread (ResMan)[0x00329034]]: *** cellFsOpen(path="/app_home/Game/PS3_GAME/USRDIR/Shaders/fs_bvee.fpo"): fd = 103
[W : PPU[36] Thread (ResMan)[0x00329004]]: sys_fs warning: cellFsClose(fd=103)
[W : PPU[36] Thread (ResMan)[0x00329034]]: *** cellFsOpen(path="/app_home/Game/PS3_GAME/USRDIR/Shaders/fs_utnnnn.fpo"): fd = 104
[W : PPU[36] Thread (ResMan)[0x00329004]]: sys_fs warning: cellFsClose(fd=104)
[W : PPU[36] Thread (ResMan)[0x00329034]]: *** cellFsOpen(path="/app_home/Game/PS3_GAME/USRDIR/Shaders/fs_pme.fpo"): fd = 105
[W : PPU[36] Thread (ResMan)[0x00329004]]: sys_fs warning: cellFsClose(fd=105)
[W : PPU[36] Thread (ResMan)[0x00329034]]: *** cellFsOpen(path="/app_home/Game/PS3_GAME/USRDIR/Shaders/fs_pmde.fpo"): fd = 106
[W : PPU[36] Thread (ResMan)[0x00329004]]: sys_fs warning: cellFsClose(fd=106)
[W : PPU[36] Thread (ResMan)[0x00329034]]: *** cellFsOpen(path="/app_home/Game/PS3_GAME/USRDIR/Shaders/fs_pmdg.fpo"): fd = 107
[W : PPU[36] Thread (ResMan)[0x00329004]]: sys_fs warning: cellFsClose(fd=107)
[W : PPU[36] Thread (ResMan)[0x00329034]]: *** cellFsOpen(path="/app_home/Game/PS3_GAME/USRDIR/Shaders/fs_undnnn.fpo"): fd = 108
[W : PPU[36] Thread (ResMan)[0x00329004]]: sys_fs warning: cellFsClose(fd=108)
[W : PPU[36] Thread (ResMan)[0x00329034]]: *** cellFsOpen(path="/app_home/Game/PS3_GAME/USRDIR/Shaders/fs_unnnnn.fpo"): fd = 109
[W : PPU[36] Thread (ResMan)[0x00329004]]: sys_fs warning: cellFsClose(fd=109)
[W : PPU[36] Thread (ResMan)[0x00329034]]: *** cellFsOpen(path="/app_home/Game/PS3_GAME/USRDIR/Shaders/fs_ume.fpo"): fd = 110
[W : PPU[36] Thread (ResMan)[0x00329004]]: sys_fs warning: cellFsClose(fd=110)
[W : PPU[36] Thread (ResMan)[0x00329034]]: *** cellFsOpen(path="/app_home/Game/PS3_GAME/USRDIR/Shaders/fs_bvdmee.fpo"): fd = 111
[W : PPU[36] Thread (ResMan)[0x00329004]]: sys_fs warning: cellFsClose(fd=111)
[W : PPU[36] Thread (ResMan)[0x00329034]]: *** cellFsOpen(path="/app_home/Game/PS3_GAME/USRDIR/Shaders/fs_bmddga.fpo"): fd = 112
[W : PPU[36] Thread (ResMan)[0x00329004]]: sys_fs warning: cellFsClose(fd=112)
[W : PPU[36] Thread (ResMan)[0x00329034]]: *** cellFsOpen(path="/app_home/Game/PS3_GAME/USRDIR/Shaders/fs_bmddga_reflection.fpo"): fd = 113
[W : PPU[36] Thread (ResMan)[0x00329004]]: sys_fs warning: cellFsClose(fd=113)
[W : PPU[36] Thread (ResMan)[0x00329034]]: *** cellFsOpen(path="/app_home/Game/PS3_GAME/USRDIR/Shaders/fs_bmddee.fpo"): fd = 114
[W : PPU[36] Thread (ResMan)[0x00329004]]: sys_fs warning: cellFsClose(fd=114)
[W : PPU[36] Thread (ResMan)[0x00329034]]: *** cellFsOpen(path="/app_home/Game/PS3_GAME/USRDIR/Shaders/fs_bmddee_reflection.fpo"): fd = 115
[W : PPU[36] Thread (ResMan)[0x00329004]]: sys_fs warning: cellFsClose(fd=115)
[W : PPU[36] Thread (ResMan)[0x00329034]]: *** cellFsOpen(path="/app_home/Game/PS3_GAME/USRDIR/Shaders/fs_contrast.fpo"): fd = 116
[W : PPU[36] Thread (ResMan)[0x00329004]]: sys_fs warning: cellFsClose(fd=116)
[W : PPU[36] Thread (ResMan)[0x00329034]]: *** cellFsOpen(path="/app_home/Game/PS3_GAME/USRDIR/Shaders/fs_GaussianH.fpo"): fd = 117
[W : PPU[36] Thread (ResMan)[0x00329004]]: sys_fs warning: cellFsClose(fd=117)
[W : PPU[36] Thread (ResMan)[0x00329034]]: *** cellFsOpen(path="/app_home/Game/PS3_GAME/USRDIR/Shaders/fs_GaussianV.fpo"): fd = 118
[W : PPU[36] Thread (ResMan)[0x00329004]]: sys_fs warning: cellFsClose(fd=118)
[W : PPU[36] Thread (ResMan)[0x00329034]]: *** cellFsOpen(path="/app_home/Game/PS3_GAME/USRDIR/Shaders/fs_generate_mesh.fpo"): fd = 119
[W : PPU[36] Thread (ResMan)[0x00329004]]: sys_fs warning: cellFsClose(fd=119)
[W : PPU[36] Thread (ResMan)[0x00329034]]: *** cellFsOpen(path="/app_home/Game/PS3_GAME/USRDIR/Shaders/fs_position.fpo"): fd = 120
[W : PPU[36] Thread (ResMan)[0x00329004]]: sys_fs warning: cellFsClose(fd=120)
[W : PPU[36] Thread (ResMan)[0x00329034]]: *** cellFsOpen(path="/app_home/Game/PS3_GAME/USRDIR/Shaders/fs_intersection.fpo"): fd = 121
[W : PPU[36] Thread (ResMan)[0x00329004]]: sys_fs warning: cellFsClose(fd=121)
[W : PPU[36] Thread (ResMan)[0x00329034]]: *** cellFsOpen(path="/app_home/Game/PS3_GAME/USRDIR/Shaders/fs_splat.fpo"): fd = 122
[W : PPU[36] Thread (ResMan)[0x00329004]]: sys_fs warning: cellFsClose(fd=122)
[W : PPU[36] Thread (ResMan)[0x00329034]]: *** cellFsOpen(path="/app_home/Game/PS3_GAME/USRDIR/Shaders/fs_water_surface.fpo"): fd = 123
[W : PPU[36] Thread (ResMan)[0x00329004]]: sys_fs warning: cellFsClose(fd=123)
[W : PPU[36] Thread (ResMan)[0x00329034]]: *** cellFsOpen(path="/app_home/Game/PS3_GAME/USRDIR/Shaders/fs_water_surface_glass.fpo"): fd = 124
[W : PPU[36] Thread (ResMan)[0x00329004]]: sys_fs warning: cellFsClose(fd=124)
[W : PPU[36] Thread (ResMan)[0x00329034]]: *** cellFsOpen(path="/app_home/Game/PS3_GAME/USRDIR/Shaders/fs_water_surface_replay.fpo"): fd = 125
[W : PPU[36] Thread (ResMan)[0x00329004]]: sys_fs warning: cellFsClose(fd=125)
[W : PPU[36] Thread (ResMan)[0x00329034]]: *** cellFsOpen(path="/app_home/Game/PS3_GAME/USRDIR/Shaders/fs_blend_noise.fpo"): fd = 126
[W : PPU[36] Thread (ResMan)[0x00329004]]: sys_fs warning: cellFsClose(fd=126)
[W : PPU[36] Thread (ResMan)[0x00329034]]: *** cellFsOpen(path="/app_home/Game/PS3_GAME/USRDIR/Shaders/fs_bubble.fpo"): fd = 127
[W : PPU[36] Thread (ResMan)[0x00329004]]: sys_fs warning: cellFsClose(fd=127)
[W : PPU[36] Thread (ResMan)[0x00329034]]: *** cellFsOpen(path="/app_home/Game/PS3_GAME/USRDIR/Shaders/fs_reflection_prepass.fpo"): fd = 128
[W : PPU[36] Thread (ResMan)[0x00329004]]: sys_fs warning: cellFsClose(fd=128)
[W : PPU[36] Thread (ResMan)[0x00329034]]: *** cellFsOpen(path="/app_home/Game/PS3_GAME/USRDIR/Shaders/fs_slosh_blend.fpo"): fd = 129
[W : PPU[36] Thread (ResMan)[0x00329004]]: sys_fs warning: cellFsClose(fd=129)
[W : PPU[36] Thread (ResMan)[0x00329034]]: *** cellFsOpen(path="/app_home/Game/PS3_GAME/USRDIR/Shaders/fs_slosh_stencil.fpo"): fd = 130
[W : PPU[36] Thread (ResMan)[0x00329004]]: sys_fs warning: cellFsClose(fd=130)
[W : PPU[36] Thread (ResMan)[0x00329034]]: *** cellFsOpen(path="/app_home/Game/PS3_GAME/USRDIR/Shaders/fs_slosh_surface.fpo"): fd = 131
[W : PPU[36] Thread (ResMan)[0x00329004]]: sys_fs warning: cellFsClose(fd=131)
[W : PPU[36] Thread (ResMan)[0x00329034]]: *** cellFsOpen(path="/app_home/Game/PS3_GAME/USRDIR/Shaders/fs_wipe_effect.fpo"): fd = 132
[W : PPU[36] Thread (ResMan)[0x00329004]]: sys_fs warning: cellFsClose(fd=132)
[W : PPU[36] Thread (ResMan)[0x00329034]]: *** cellFsOpen(path="/app_home/Game/PS3_GAME/USRDIR/Shaders/fs_pencil_effect.fpo"): fd = 133
[W : PPU[36] Thread (ResMan)[0x00329004]]: sys_fs warning: cellFsClose(fd=133)
[W : PPU[36] Thread (ResMan)[0x00329034]]: *** cellFsOpen(path="/app_home/Game/PS3_GAME/USRDIR/Shaders/fs_splash.fpo"): fd = 134
[W : PPU[36] Thread (ResMan)[0x00329004]]: sys_fs warning: cellFsClose(fd=134)
[W : PPU[36] Thread (ResMan)[0x00329034]]: *** cellFsOpen(path="/app_home/Game/PS3_GAME/USRDIR/Shaders/fs_surface_noise.fpo"): fd = 135
[W : PPU[36] Thread (ResMan)[0x00329004]]: sys_fs warning: cellFsClose(fd=135)
[E : PPU[1] Thread (CPUThread)[0x0032f04c]]: TODO: _cellSpursEventFlagInitialize
[E : PPU[1] Thread (CPUThread)[0x0032f070]]: cellSpurs error: cellSpursEventFlagAttachLv2EventQueue(event_flag_addr=0x3bc780)
[E : PPU[1] Thread (CPUThread)[0x0032f028]]: TODO: _cellSpursJobChainAttributeInitialize
[E : PPU[1] Thread (CPUThread)[0x0032f088]]: TODO: cellSpursJobChainAttributeSetName
[E : PPU[1] Thread (CPUThread)[0x0032f01c]]: TODO: cellSpursCreateJobChainWithAttribute
[E : PPU[1] Thread (CPUThread)[0x0032f058]]: TODO: cellSpursJobGuardInitialize
[E : PPU[1] Thread (CPUThread)[0x0032f0c4]]: TODO: cellSpursRunJobChain
[W : PPU[1] Thread (CPUThread)[0x0032d004]]: cellGcmSys warning: cellGcmGetTiledPitchSize(size=2048)
[W : PPU[1] Thread (CPUThread)[0x0032d094]]: cellGcmSys warning: cellGcmSetTile(index=10, location=1, offset=6488064, size=524288, pitch=2048, comp=0, base=0, bank=0)
[W : PPU[1] Thread (CPUThread)[0x0032d004]]: cellGcmSys warning: cellGcmGetTiledPitchSize(size=2048)
[W : PPU[1] Thread (CPUThread)[0x0032d094]]: cellGcmSys warning: cellGcmSetTile(index=7, location=0, offset=25690112, size=1048576, pitch=2048, comp=0, base=0, bank=2)
[W : PPU[1] Thread (CPUThread)[0x0032d004]]: cellGcmSys warning: cellGcmGetTiledPitchSize(size=5120)
[W : PPU[1] Thread (CPUThread)[0x0032d094]]: cellGcmSys warning: cellGcmSetTile(index=8, location=1, offset=7012352, size=5570560, pitch=5120, comp=0, base=0, bank=2)
[W : PPU[1] Thread (CPUThread)[0x0032d004]]: cellGcmSys warning: cellGcmGetTiledPitchSize(size=5120)
[W : PPU[1] Thread (CPUThread)[0x0032d094]]: cellGcmSys warning: cellGcmSetTile(index=9, location=1, offset=12582912, size=5570560, pitch=5120, comp=0, base=0, bank=2)
[W : PPU[1] Thread (CPUThread)[0x0032d004]]: cellGcmSys warning: cellGcmGetTiledPitchSize(size=4096)
[W : PPU[1] Thread (CPUThread)[0x0032d004]]: cellGcmSys warning: cellGcmGetTiledPitchSize(size=2048)
[W : PPU[1] Thread (CPUThread)[0x0032d094]]: cellGcmSys warning: cellGcmSetTile(index=4, location=0, offset=26738688, size=1048576, pitch=4096, comp=0, base=0, bank=1)
[W : PPU[1] Thread (CPUThread)[0x0032d094]]: cellGcmSys warning: cellGcmSetTile(index=5, location=0, offset=27787264, size=524288, pitch=2048, comp=0, base=0, bank=0)
[E : PPU[1] Thread (CPUThread)[0x0032f04c]]: TODO: _cellSpursEventFlagInitialize
[E : PPU[1] Thread (CPUThread)[0x0032f070]]: cellSpurs error: cellSpursEventFlagAttachLv2EventQueue(event_flag_addr=0x302e2e80)
[E : PPU[1] Thread (CPUThread)[0x0032f028]]: TODO: _cellSpursJobChainAttributeInitialize
[E : PPU[1] Thread (CPUThread)[0x0032f088]]: TODO: cellSpursJobChainAttributeSetName
[E : PPU[1] Thread (CPUThread)[0x0032f01c]]: TODO: cellSpursCreateJobChainWithAttribute
[E : PPU[1] Thread (CPUThread)[0x0032f058]]: TODO: cellSpursJobGuardInitialize
[E : PPU[1] Thread (CPUThread)[0x0032f0c4]]: TODO: cellSpursRunJobChain
[E : PPU[1] Thread (CPUThread)[0x0047f028]]: cellNetCtl error: Unimplemented function: cellNetCtlInit
[W : PPU[1] Thread (CPUThread)[0x0032b064]]: cellSysutil warning: cellSysutilRegisterCallback(slot=1, func_addr=0x33baa8, userdata=0x39b2f190)
[E : PPU[1] Thread (CPUThread)[0x0047d238]]: TODO: sceNpManagerRegisterCallback
[W : PPU[1] Thread (CPUThread)[0x0047d148]]: sceNp warning: sceNpDrmIsAvailable(k_licensee_addr=0x2e8918, drm_path_addr=0xd0010778)
[W : PPU[1] Thread (CPUThread)[0x0047d148]]: sceNp warning: sceNpDrmIsAvailable: Found DRM license file at /app_home/Game/PS3_GAME/USRDIR/Key.edat
[W : PPU[1] Thread (CPUThread)[0x0047d148]]: sceNp warning: sceNpDrmIsAvailable: Using k_licensee 0xa0347b3d120e89334092afe0894c3ba1
[E : PPU[1] Thread (CPUThread)[0x0047d148]]: EDAT: Failed to open files!

[W : PPU[1] Thread (CPUThread)[0x00329034]]: *** cellFsOpen(path="/app_home/Game/PS3_GAME/USRDIR/Key.edat"): fd = 136
[W : PPU[1] Thread (CPUThread)[0x00329004]]: sys_fs warning: cellFsClose(fd=136)
[W : PPU[1] Thread (CPUThread)[0x0032d004]]: cellGcmSys warning: cellGcmGetTiledPitchSize(size=5120)
[W : PPU[1] Thread (CPUThread)[0x0032d094]]: cellGcmSys warning: cellGcmSetTile(index=11, location=1, offset=27918336, size=5570560, pitch=5120, comp=0, base=0, bank=2)
[W : PPU[1] Thread (CPUThread)[0x0032d094]]: cellGcmSys warning: cellGcmSetTile(index=12, location=0, offset=28311552, size=5570560, pitch=5120, comp=0, base=0, bank=2)
[W : PPU[36] Thread (ResMan)[0x00329034]]: *** cellFsOpen(path="/app_home/Game/PS3_GAME/USRDIR/Scripts/Tweaks.smos"): fd = 137
[W : PPU[36] Thread (ResMan)[0x00329004]]: sys_fs warning: cellFsClose(fd=137)
[E : PPU[1] Thread (CPUThread)[0x00327010]]: sys_io error: cellPadInfoPressMode(port_no=0)
[E : PPU[1] Thread (CPUThread)[0x00327088]]: sys_io error: cellPadInfoSensorMode(port_no=0)
[E : PPU[1] Thread (CPUThread)[0x0032f0b8]]: TODO: cellSpursJobGuardNotify
[W : PPU[36] Thread (ResMan)[0x00329034]]: *** cellFsOpen(path="/app_home/Game/PS3_GAME/USRDIR/FrontEnd/FrontEndSetup.smos"): fd = 138
[W : PPU[36] Thread (ResMan)[0x00329004]]: sys_fs warning: cellFsClose(fd=138)
[W : PPU[36] Thread (ResMan)[0x00329034]]: *** cellFsOpen(path="/app_home/Game/PS3_GAME/USRDIR/Common.zif"): fd = 139
[W : PPU[36] Thread (ResMan)[0x00329004]]: sys_fs warning: cellFsClose(fd=139)
[W : Audio Thread]: Audio aborted
[W : PPU[45] Thread (MultiStream PU Thread)[0x00211220]]: sys_event_queue_receive(equeue=39) aborted
[! : RSXThread]: RSX thread exit...
[W : PPU[33] Thread (spu_printf_handler)[0x00114710]]: sys_event_queue_receive(equeue=32) aborted
