[!]: path: /dev_hdd0/game/
[!]: Loading 'D:\Emulateurs\Rpcs3\dev_hdd0\game\NPEA00154-[Gravity Crash]/USRDIR/BOOT.BIN'...
[!]: Mount info:
[!]: /dev_hdd0/ -> D:\Emulateurs\Rpcs3/dev_hdd0/
[!]: /dev_hdd1/ -> D:\Emulateurs\Rpcs3/dev_hdd1/
[!]: /dev_flash/ -> D:\Emulateurs\Rpcs3/dev_flash/
[!]: /dev_usb000/ -> D:\Emulateurs\Rpcs3/dev_usb000/
[!]: /dev_usb/ -> D:\Emulateurs\Rpcs3/dev_usb000/
[!]: /app_home/ -> D:\Emulateurs\Rpcs3\dev_hdd0\game\NPEA00154-[Gravity Crash]/\USRDIR\
[!]: /dev_bdvd/ -> D:\Emulateurs\Rpcs3\dev_hdd0\game\NPEA00154-[Gravity Crash]//../
[!]: /host_root/ -> 
[!]: / -> D:\Emulateurs\Rpcs3\dev_hdd0\game\NPEA00154-[Gravity Crash]/\USRDIR\
[!]: /USRDIR/PS3_GAME/USRDIR/Data/ -> D:\Emulateurs\Rpcs3\dev_hdd0\game\NPEA00154-[Gravity Crash]/\USRDIR\Data\
[!]: ///resource/ -> D:\Emulateurs\Rpcs3\dev_hdd0\game\NPEA00154-[Gravity Crash]/\USRDIR\resource\
[!]: Initing memory...
[!]: Memory initialized.
[W]: Unknown function 0x6d3bb15b in 'sys_fs' module
[E]: TODO: cellFsSdataOpenByFd
[W]: Unknown function 0x967a162b in 'sys_fs' module
[E]: TODO: cellFsFsync
[W]: Unknown function 0x3d1e1931 in 'cellSysutil' module
[E]: TODO: cellOskDialogUnloadAsync
[W]: Unknown function 0x62b0f803 in 'cellSysutil' module
[E]: TODO: cellMsgDialogAbort
[W]: Unknown function 0x7fcfc915 in 'cellSysutil' module
[E]: TODO: cellOskDialogLoadAsync
[W]: Unknown function 0xb53c54fa in 'cellSysutil' module
[E]: TODO: cellOskDialogSetKeyLayoutOption
[W]: Unknown function 0xb6d84526 in 'cellSysutil' module
[E]: TODO: cellOskDialogAbort
[W]: Unknown function 0xc427890c in 'cellSysutil' module
[E]: TODO: cellOskDialogSetInitialKeyLayout
[W]: Unknown function 0xf0ec3ccc in 'cellSysutil' module
[E]: TODO: cellOskDialogSetLayoutMode
[W]: Unknown function 0xf3b4b43e in 'cellSysutil' module
[E]: TODO: cellOskDialogSetInitialInputDevice
[W]: Unknown function 0x66f5e388 in 'cellResc' module
[E]: TODO: cellRescGetLastFlipTime
[W]: Unknown function 0xd3758645 in 'cellResc' module
[E]: TODO: cellRescSetVBlankHandler
[W]: Unknown function 0xe0cef79e in 'cellResc' module
[E]: TODO: cellRescCreateInterlaceTable
[W]: Unknown function 0x8f122ef8 in 'cellSpurs' module
[E]: TODO: cellSpursTasksetAttributeSetTasksetSize
[W]: Unknown function 0x3f09e20a in 'sys_net' module
[E]: TODO: socketselect
[W]: Unknown function 0x931ff25a in 'cellL10n' module
[E]: TODO: L10nConvertStr
[W]: Unknown function 0x04372385 in 'sceNp' module
[E]: TODO: sceNpBasicGetFriendListEntry
[W]: Unknown function 0x0968aa36 in 'sceNp' module
[E]: TODO: sceNpManagerGetTicket
[W]: Unknown function 0x21206642 in 'sceNp' module
[E]: TODO: sceNpScoreGetRankingByRangeAsync
[W]: Unknown function 0x259113b8 in 'sceNp' module
[E]: TODO: sceNpScoreDestroyTitleCtx
[W]: Unknown function 0x32cf311f in 'sceNp' module
[E]: TODO: sceNpScoreInit
[W]: Unknown function 0x3d1760dc in 'sceNp' module
[E]: TODO: sceNpLookupAbortTransaction
[W]: Unknown function 0x3db7914d in 'sceNp' module
[E]: TODO: sceNpScoreGetRankingByNpIdAsync
[W]: Unknown function 0x52a6b523 in 'sceNp' module
[E]: TODO: sceNpManagerUnregisterCallback
[W]: Unknown function 0x5de61626 in 'sceNp' module
[E]: TODO: sceNpLookupDestroyTitleCtx
[W]: Unknown function 0x5f2d9257 in 'sceNp' module
[E]: TODO: sceNpLookupInit
[W]: Unknown function 0x6ee62ed2 in 'sceNp' module
[E]: TODO: sceNpManagerGetContentRatingFlag
[W]: Unknown function 0x6f5e8143 in 'sceNp' module
[E]: TODO: sceNpScoreCreateTransactionCtx
[W]: Unknown function 0x7508112e in 'sceNp' module
[E]: TODO: sceNpLookupPollAsync
[W]: Unknown function 0x8297f1ec in 'sceNp' module
[E]: TODO: sceNpManagerRequestTicket2
[W]: Unknown function 0x8440537c in 'sceNp' module
[E]: TODO: sceNpLookupTerm
[W]: Unknown function 0x9851f805 in 'sceNp' module
[E]: TODO: sceNpScoreTerm
[W]: Unknown function 0xa7a090e5 in 'sceNp' module
[E]: TODO: sceNpScorePollAsync
[W]: Unknown function 0xafef640d in 'sceNp' module
[E]: TODO: sceNpBasicGetFriendListEntryCount
[W]: Unknown function 0xb1e0718b in 'sceNp' module
[E]: TODO: sceNpManagerGetAccountRegion
[W]: Unknown function 0xb9f93bbb in 'sceNp' module
[E]: TODO: sceNpScoreCreateTitleCtx
[W]: Unknown function 0xbdc07fd5 in 'sceNp' module
[E]: TODO: sceNpManagerGetNetworkTime
[W]: Unknown function 0xbe07c708 in 'sceNp' module
[E]: TODO: sceNpManagerGetOnlineId
[W]: Unknown function 0xc5f4cf82 in 'sceNp' module
[E]: TODO: sceNpScoreDestroyTransactionCtx
[W]: Unknown function 0xce81c7f0 in 'sceNp' module
[E]: TODO: sceNpLookupCreateTitleCtx
[W]: Unknown function 0xd12e40ae in 'sceNp' module
[E]: TODO: sceNpLookupNpIdAsync
[W]: Unknown function 0xe7dcd3b4 in 'sceNp' module
[E]: TODO: sceNpManagerRegisterCallback
[W]: Unknown function 0xea2e9ffc in 'sceNp' module
[E]: TODO: sceNpLookupCreateTransactionCtx
[W]: Unknown function 0xee5b20d9 in 'sceNp' module
[E]: TODO: sceNpScoreAbortTransaction
[W]: Unknown function 0xf0b1e399 in 'sceNp' module
[E]: TODO: sceNpScoreRecordScoreAsync
[W]: Unknown function 0xfb87cf5e in 'sceNp' module
[E]: TODO: sceNpLookupDestroyTransactionCtx
[W]: Unknown function 0xfe37a7f4 in 'sceNp' module
[E]: TODO: sceNpManagerGetNpId
[W]: Unknown function 0x41251f74 in 'sceNp2' module
[E]: TODO: sceNp2Init
[W]: Unknown module 'sceNpTus'
[W]: Unknown module 'cellSysutilAvconfExt'
[W]: Unknown function 0x1650aea4 in 'cellSsl' module
[E]: TODO: cellSslEnd
[W]: Unknown function 0x571afaca in 'cellSsl' module
[E]: TODO: cellSslCertificateLoader
[W]: Unknown function 0xfb02c9d2 in 'cellSsl' module
[E]: TODO: cellSslInit
[W]: Unknown module 'cellHttp'
[W]: Unknown function 0x32faaf58 in 'cellHttpUtil' module
[E]: TODO: cellHttpUtilParseUri
[W]: Unknown function 0x9003b1f2 in 'cellHttpUtil' module
[E]: TODO: cellHttpUtilEscapeUri
[W]: Unknown module 'sceNpCommerce2'
[W]: Unknown function 0x12d9b6c5 in 'cellJpgEnc' module
[E]: TODO: cellJpgEncQueryAttr
[W]: Unknown function 0x2ae79be8 in 'cellJpgEnc' module
[E]: TODO: cellJpgEncWaitForInput
[W]: Unknown function 0x4262e880 in 'cellJpgEnc' module
[E]: TODO: cellJpgEncGetStreamInfo
[W]: Unknown function 0x969fc5f7 in 'cellJpgEnc' module
[E]: TODO: cellJpgEncClose
[W]: Unknown function 0x9b4e3a74 in 'cellJpgEnc' module
[E]: TODO: cellJpgEncWaitForOutput
[W]: Unknown function 0xa4bfae51 in 'cellJpgEnc' module
[E]: TODO: cellJpgEncOpen
[W]: Unknown function 0xa9e81214 in 'cellJpgEnc' module
[E]: TODO: cellJpgEncEncodePicture
[W]: Unknown function 0x05709bbf in 'cellMic' module
[E]: TODO: cellMicOpenEx
[W]: Unknown function 0x07e1b12c in 'cellMic' module
[E]: TODO: cellMicRead
[W]: Unknown function 0x7903400e in 'cellMic' module
[E]: TODO: cellMicSetNotifyEventQueue
[W]: Unknown function 0x8325e02d in 'cellMic' module
[E]: TODO: cellMicInit
[W]: Unknown function 0x8d229f8e in 'cellMic' module
[E]: TODO: cellMicClose
[W]: Unknown function 0xc6328caa in 'cellMic' module
[E]: TODO: cellMicEnd
[W]: Unknown function 0xdd724314 in 'cellMic' module
[E]: TODO: cellMicStart
[W]: Unknown function 0xfcfaf246 in 'cellMic' module
[E]: TODO: cellMicStop
[W]: Unknown function 0x26090058 in 'sysPrxForUser' module
[E]: TODO: sys_prx_load_module
[W]: Unknown function 0xa330ad84 in 'sysPrxForUser' module
[E]: TODO: sys_prx_load_module_on_memcontainer_by_fd
[W]: Unknown function 0xaa6d9bff in 'sysPrxForUser' module
[E]: TODO: sys_prx_load_module_on_memcontainer
[W]: Unknown function 0xdd3b27ac in 'sysPrxForUser' module
[E]: TODO: _sys_spu_printf_finalize
[W]: Unknown function 0xef68c17c in 'sysPrxForUser' module
[E]: TODO: sys_prx_load_module_by_fd
[W : PPU[1] Thread (CPUThread)[0x00a08058]]: sys_lwmutex warning: *** lwmutex created [_lc_mtx] (attribute=0x12): sq_id = 3
[W : PPU[1] Thread (CPUThread)[0x002aca7c]]: memory warning: sys_memory_get_user_memory_size(mem_info_addr=0xd0010c04)
[W : PPU[1] Thread (CPUThread)[0x00a08058]]: sys_lwmutex warning: *** lwmutex created [_lc_mtx] (attribute=0x12): sq_id = 4
[W : PPU[1] Thread (CPUThread)[0x00a08058]]: sys_lwmutex warning: *** lwmutex created [_lc_mtx] (attribute=0x12): sq_id = 5
[W : PPU[1] Thread (CPUThread)[0x00a08058]]: sys_lwmutex warning: *** lwmutex created [_lc_mtx] (attribute=0x12): sq_id = 6
[W : PPU[1] Thread (CPUThread)[0x00a08058]]: sys_lwmutex warning: *** lwmutex created [_lc_mtx] (attribute=0x12): sq_id = 7
[W : PPU[1] Thread (CPUThread)[0x00a08058]]: sys_lwmutex warning: *** lwmutex created [_lc_mtx] (attribute=0x12): sq_id = 8
[W : PPU[1] Thread (CPUThread)[0x00a08058]]: sys_lwmutex warning: *** lwmutex created [_lc_mtx] (attribute=0x12): sq_id = 9
[W : PPU[1] Thread (CPUThread)[0x00a08058]]: sys_lwmutex warning: *** lwmutex created [_lc_mtx] (attribute=0x12): sq_id = 10
[W : PPU[1] Thread (CPUThread)[0x00a08058]]: sys_lwmutex warning: *** lwmutex created [_lc_mtx] (attribute=0x12): sq_id = 11
[W : PPU[1] Thread (CPUThread)[0x00a08058]]: sys_lwmutex warning: *** lwmutex created [_lc_mtx] (attribute=0x12): sq_id = 12
[W : PPU[1] Thread (CPUThread)[0x00a08058]]: sys_lwmutex warning: *** lwmutex created [_lc_mtx] (attribute=0x12): sq_id = 13
[W : PPU[1] Thread (CPUThread)[0x00a08058]]: sys_lwmutex warning: *** lwmutex created [_lc_mtx] (attribute=0x12): sq_id = 14
[W : PPU[1] Thread (CPUThread)[0x00a08058]]: sys_lwmutex warning: *** lwmutex created [_lc_mtx] (attribute=0x12): sq_id = 15
[W : PPU[1] Thread (CPUThread)[0x00a08058]]: sys_lwmutex warning: *** lwmutex created [_lc_mtx] (attribute=0x12): sq_id = 16
[W : PPU[1] Thread (CPUThread)[0x00a08058]]: sys_lwmutex warning: *** lwmutex created [_lc_mtx] (attribute=0x12): sq_id = 17
[W : PPU[1] Thread (CPUThread)[0x00a08058]]: sys_lwmutex warning: *** lwmutex created [_lc_mtx] (attribute=0x12): sq_id = 18
[W : PPU[1] Thread (CPUThread)[0x00a08058]]: sys_lwmutex warning: *** lwmutex created [_lc_mtx] (attribute=0x12): sq_id = 19
[W : PPU[1] Thread (CPUThread)[0x00a08058]]: sys_lwmutex warning: *** lwmutex created [_lc_mtx] (attribute=0x12): sq_id = 20
[W : PPU[1] Thread (CPUThread)[0x00a08058]]: sys_lwmutex warning: *** lwmutex created [_lc_mtx] (attribute=0x12): sq_id = 21
[W : PPU[1] Thread (CPUThread)[0x00a08058]]: sys_lwmutex warning: *** lwmutex created [_lc_mtx] (attribute=0x12): sq_id = 22
[W : PPU[1] Thread (CPUThread)[0x00a08058]]: sys_lwmutex warning: *** lwmutex created [_lc_mtx] (attribute=0x12): sq_id = 23
[W : PPU[1] Thread (CPUThread)[0x00a08058]]: sys_lwmutex warning: *** lwmutex created [_lc_mtx] (attribute=0x12): sq_id = 24
[W : PPU[1] Thread (CPUThread)[0x00a08058]]: sys_lwmutex warning: *** lwmutex created [ps3HDDL] (attribute=0x12): sq_id = 25
[W : PPU[1] Thread (CPUThread)[0x0029d67c]]: cellSysutil warning: cellSysutilGetSystemParamInt: CELL_SYSUTIL_SYSTEMPARAM_ID_TIMEZONE
[W : PPU[1] Thread (CPUThread)[0x0029d67c]]: cellSysutil warning: cellSysutilGetSystemParamInt: CELL_SYSUTIL_SYSTEMPARAM_ID_SUMMERTIME
[W : PPU[1] Thread (CPUThread)[0x002a2bc4]]: cellSysutil warning: cellSysutilGetSystemParamInt: CELL_SYSUTIL_SYSTEMPARAM_ID_TIMEZONE
[W : PPU[1] Thread (CPUThread)[0x002a2bc4]]: cellSysutil warning: cellSysutilGetSystemParamInt: CELL_SYSUTIL_SYSTEMPARAM_ID_SUMMERTIME
[W : PPU[1] Thread (CPUThread)[0x0029f0ec]]: cellSysutil warning: cellSysutilGetSystemParamInt: CELL_SYSUTIL_SYSTEMPARAM_ID_TIMEZONE
[W : PPU[1] Thread (CPUThread)[0x0029f0ec]]: cellSysutil warning: cellSysutilGetSystemParamInt: CELL_SYSUTIL_SYSTEMPARAM_ID_SUMMERTIME
[W : PPU[1] Thread (CPUThread)[0x002a2bc4]]: cellSysutil warning: cellSysutilGetSystemParamInt: CELL_SYSUTIL_SYSTEMPARAM_ID_TIMEZONE
[W : PPU[1] Thread (CPUThread)[0x002a2bc4]]: cellSysutil warning: cellSysutilGetSystemParamInt: CELL_SYSUTIL_SYSTEMPARAM_ID_SUMMERTIME
[W : PPU[1] Thread (CPUThread)[0x0029d628]]: cellSysutil warning: cellSysutilGetSystemParamInt: CELL_SYSUTIL_SYSTEMPARAM_ID_TIMEZONE
[W : PPU[1] Thread (CPUThread)[0x0029d628]]: cellSysutil warning: cellSysutilGetSystemParamInt: CELL_SYSUTIL_SYSTEMPARAM_ID_SUMMERTIME
[W : PPU[1] Thread (CPUThread)[0x0029f0ec]]: cellSysutil warning: cellSysutilGetSystemParamInt: CELL_SYSUTIL_SYSTEMPARAM_ID_TIMEZONE
[W : PPU[1] Thread (CPUThread)[0x0029f0ec]]: cellSysutil warning: cellSysutilGetSystemParamInt: CELL_SYSUTIL_SYSTEMPARAM_ID_SUMMERTIME
[W : PPU[1] Thread (CPUThread)[0x0006bac0]]: sys_spu warning: sys_spu_initialize(max_usable_spu=6, max_raw_spu=1)
[W : PPU[1] Thread (CPUThread)[0x0036c010]]: cellSysmodule warning: cellSysmoduleLoadModule(CELL_SYSMODULE_GCM_SYS)
[W : PPU[1] Thread (CPUThread)[0x0036c010]]: cellSysmodule warning: cellSysmoduleLoadModule(CELL_SYSMODULE_FS)
[W : PPU[1] Thread (CPUThread)[0x0036c010]]: cellSysmodule warning: cellSysmoduleLoadModule(CELL_SYSMODULE_IO)
[W : PPU[1] Thread (CPUThread)[0x0036c010]]: cellSysmodule warning: cellSysmoduleLoadModule(CELL_SYSMODULE_L10N)
[W : PPU[1] Thread (CPUThread)[0x0036c010]]: cellSysmodule warning: cellSysmoduleLoadModule(CELL_SYSMODULE_SYSUTIL_NP_TUS)
[W : PPU[1] Thread (CPUThread)[0x0036c010]]: cellSysmodule warning: cellSysmoduleLoadModule(CELL_SYSMODULE_NETCTL)
[W : PPU[1] Thread (CPUThread)[0x0036c010]]: cellSysmodule warning: cellSysmoduleLoadModule(CELL_SYSMODULE_USBD)
[W : PPU[1] Thread (CPUThread)[0x0036c010]]: cellSysmodule warning: cellSysmoduleLoadModule(CELL_SYSMODULE_SYSUTIL_OSK_EXT)
[W : PPU[1] Thread (CPUThread)[0x0036c010]]: cellSysmodule warning: cellSysmoduleLoadModule(CELL_SYSMODULE_SYSUTIL_NP)
[W : PPU[1] Thread (CPUThread)[0x0036c010]]: cellSysmodule warning: cellSysmoduleLoadModule(CELL_SYSMODULE_SYSUTIL_USERINFO)
[W : PPU[1] Thread (CPUThread)[0x0036c010]]: cellSysmodule warning: cellSysmoduleLoadModule(CELL_SYSMODULE_PNGDEC)
[W : PPU[1] Thread (CPUThread)[0x00366088]]: cellSysutil warning: cellSysutilRegisterCallback(slot=0, func_addr=0x3770c0, userdata=0x0)
[W : PPU[1] Thread (CPUThread)[0x0036c010]]: cellSysmodule warning: cellSysmoduleLoadModule(CELL_SYSMODULE_GCM_SYS)
[W : PPU[1] Thread (CPUThread)[0x0036c010]]: cellSysmodule warning: cellSysmoduleLoadModule(CELL_SYSMODULE_RESC)
[W : PPU[1] Thread (CPUThread)[0x0036a004]]: cellGcmSys warning: cellGcmInit(context_addr=0x911460,cmdSize=0x10000,ioSize=0x8100000,ioAddress=0x30200000)
[W : PPU[1] Thread (CPUThread)[0x0036a004]]: cellGcmSys warning: *** local memory(addr=0xc0000000, size=0xf900000)
[W : PPU[1] Thread (CPUThread)[0x0036a004]]: cellGcmSys warning: cellGcmMapEaIoAddress(ea=0x30200000, io=0x0, size=0x8100000)
[! : RSXThread]: RSX thread entry
[W : PPU[1] Thread (CPUThread)[0x0036a058]]: cellGcmSys warning: cellGcmSetDebugOutputLevel(level=2)
[E : PPU[1] Thread (CPUThread)[0x0036a130]]: cellGcmSys error: Unimplemented function: cellGcmSetGraphicsHandler
[E : RSXThread]: TODO: unknown/illegal method [0x00001fec](0x0)
[E : RSXThread]: TODO: cellGcmSetTwoSideLightEn(0x0)
[E : RSXThread]: TODO: cellGcmSetFrequencyDividerOperation(0x0)
[W : RSXThread]: NV4097_SET_VIEWPORT_OFFSET: 45000000
[W : RSXThread]: NV4097_SET_VIEWPORT_OFFSET: 45000000
[W : PPU[1] Thread (CPUThread)[0x0036a07c]]: cellGcmSys warning: cellGcmMapEaIoAddress(ea=0x38500000, io=0xe000000, size=0x100000)
[W : PPU[1] Thread (CPUThread)[0x0036a148]]: cellGcmSys warning: cellGcmUnbindTile(index=0)
[W : PPU[1] Thread (CPUThread)[0x0036a148]]: cellGcmSys warning: cellGcmUnbindTile(index=1)
[W : PPU[1] Thread (CPUThread)[0x0036a148]]: cellGcmSys warning: cellGcmUnbindTile(index=2)
[W : PPU[1] Thread (CPUThread)[0x0036a148]]: cellGcmSys warning: cellGcmUnbindTile(index=3)
[W : PPU[1] Thread (CPUThread)[0x0036a148]]: cellGcmSys warning: cellGcmUnbindTile(index=4)
[W : PPU[1] Thread (CPUThread)[0x0036a148]]: cellGcmSys warning: cellGcmUnbindTile(index=5)
[W : PPU[1] Thread (CPUThread)[0x0036a148]]: cellGcmSys warning: cellGcmUnbindTile(index=6)
[W : PPU[1] Thread (CPUThread)[0x0036a148]]: cellGcmSys warning: cellGcmUnbindTile(index=7)
[W : PPU[1] Thread (CPUThread)[0x0036a148]]: cellGcmSys warning: cellGcmUnbindTile(index=8)
[W : PPU[1] Thread (CPUThread)[0x0036a148]]: cellGcmSys warning: cellGcmUnbindTile(index=9)
[W : PPU[1] Thread (CPUThread)[0x0036a148]]: cellGcmSys warning: cellGcmUnbindTile(index=10)
[W : PPU[1] Thread (CPUThread)[0x0036a148]]: cellGcmSys warning: cellGcmUnbindTile(index=11)
[W : PPU[1] Thread (CPUThread)[0x0036a148]]: cellGcmSys warning: cellGcmUnbindTile(index=12)
[W : PPU[1] Thread (CPUThread)[0x0036a148]]: cellGcmSys warning: cellGcmUnbindTile(index=13)
[W : PPU[1] Thread (CPUThread)[0x0036a148]]: cellGcmSys warning: cellGcmUnbindTile(index=14)
[W : RSXThread]: NV406E_SEMAPHORE_ACQUIRE: 1
[W : PPU[1] Thread (CPUThread)[0x0036a124]]: cellGcmSys warning: cellGcmSetTileInfo(index=0, location=0, offset=257163264, size=3932160, pitch=5120, comp=0, base=0, bank=0)
[W : PPU[1] Thread (CPUThread)[0x0036a040]]: cellGcmSys warning: cellGcmBindTile(index=0)
[W : RSXThread]: NV406E_SEMAPHORE_ACQUIRE: 3
[W : PPU[1] Thread (CPUThread)[0x0036a124]]: cellGcmSys warning: cellGcmSetTileInfo(index=0, location=0, offset=253231104, size=7864320, pitch=5120, comp=0, base=0, bank=0)
[W : PPU[1] Thread (CPUThread)[0x0036a040]]: cellGcmSys warning: cellGcmBindTile(index=0)
[W : PPU[1] Thread (CPUThread)[0x0016ed98]]: sys_semaphore warning: sys_semaphore_create(sem_addr=0x910ba8, attr_addr=0xd00108a0, initial_count=1, max_count=2)
[W : PPU[1] Thread (CPUThread)[0x0036a0d0]]: cellGcmSys warning: cellGcmSetFlipHandler(handler_addr=3643600)
[W : PPU[1] Thread (CPUThread)[0x00366010]]: cellSysutil warning: cellVideoOutConfigure(videoOut=0, config_addr=0xd0010870, option_addr=0x0, waitForEvent=0x0)
[W : PPU[1] Thread (CPUThread)[0x0036a04c]]: cellGcmSys warning: cellGcmSetFlipMode(mode=1)
[W : RSXThread]: NV4097_SET_VIEWPORT_OFFSET: 44200002
[W : RSXThread]: NV4097_SET_VIEWPORT_OFFSET: 44200002
[W : RSXThread]: NV4097_SET_VIEWPORT_OFFSET: 44200002
[W : RSXThread]: NV4097_SET_VIEWPORT_OFFSET: 44200002
[W : RSXThread]: NV4097_SET_ANTI_ALIASING_CONTROL: ffff0000
[W : RSXThread]: NV4097_NO_OPERATION
[W : RSXThread]: NV4097_SET_ANTI_ALIASING_CONTROL: ffff0000
[W : RSXThread]: NV4097_NO_OPERATION
[W : PPU[1] Thread (CPUThread)[0x00110e64]]: sys_mutex warning: *** mutex created [] (protocol=0x2, recursive=false): id = 27
[W : PPU[1] Thread (CPUThread)[0x0011100c]]: sys_cond warning: *** condition created [] (mutex_id=27): id = 28
[W : PPU[1] Thread (CPUThread)[0x0036a04c]]: cellGcmSys warning: cellGcmSetFlipMode(mode=2)
[W : RSXThread]: NV4097_SET_VERTEX_ATTRIB_INPUT_MASK: f0d
[W : RSXThread]: NV4097_SET_ANTI_ALIASING_CONTROL: ffff0000
[W : RSXThread]: NV4097_NO_OPERATION
[W : PPU[1] Thread (CPUThread)[0x0036a0f4]]: cellGcmSys warning: cellGcmGetReportDataLocation(index=4991, location=1)
[W : PPU[1] Thread (CPUThread)[0x0036a0f4]]: cellGcmSys warning: cellGcmGetReportDataLocation(index=4992, location=1)
[W : PPU[1] Thread (CPUThread)[0x0036a0f4]]: cellGcmSys warning: cellGcmGetReportDataLocation(index=4993, location=1)
[W : PPU[1] Thread (CPUThread)[0x0036a0f4]]: cellGcmSys warning: cellGcmGetReportDataLocation(index=4994, location=1)
[E : RSXThread]: TODO: cellGcmSetLineStipple(0x0)
[E : RSXThread]: TODO: cellGcmSetPolygonStipple(0x0)
[E : RSXThread]: TODO: cellGcmSetContextDmaReport(0xbad68000)
[E : RSXThread]: TODO: cellGcmSetZcullStatsEnable(0x0)
[W : RSXThread]: NV4097_GET_REPORT: Unimplemented type 2
[W : RSXThread]: NV4097_GET_REPORT: Unimplemented type 3
[W : RSXThread]: NV4097_GET_REPORT: Unimplemented type 4
[W : RSXThread]: NV4097_GET_REPORT: Unimplemented type 5
[E : RSXThread]: TODO: cellGcmClearReportValue(0x2)
[E : RSXThread]: TODO: cellGcmSetZcullStatsEnable(0x1)
[! : PPU[1] Thread (CPUThread)[0x00a08028]]: *** New PPU Thread [HDD setup] (): id = 29
[E : PPU[1] Thread (CPUThread)[0x00a080a0]]: sys_spinlock_trylock(0x8ef0b8) reached deadlock
[W : PPU[29] Thread (HDD setup)[0x0036c010]]: cellSysmodule warning: cellSysmoduleLoadModule(CELL_SYSMODULE_SYSUTIL_GAME)
[W : PPU[29] Thread (HDD setup)[0x009fc028]]: cellGame warning: cellGameBootCheck(type_addr=0xd0030db8, attributes_addr=0xd0030db4, size_addr=0xd0030dc0, dirName_addr=0x90f7c0)
[E : PPU[1] Thread (CPUThread)[0x009ea004]]: TODO: sceNp2Init
[E : PPU[1] Thread (CPUThread)[0x009e8154]]: TODO: sceNpManagerRegisterCallback
[E : PPU[1] Thread (CPUThread)[0x009e401c]]: cellNetCtl error: Unimplemented function: cellNetCtlInit
[W : PPU[29] Thread (HDD setup)[0x0036c004]]: cellSysmodule warning: cellSysmoduleUnloadModule(CELL_SYSMODULE_SYSUTIL_GAME)
[W : PPU[1] Thread (CPUThread)[0x00362028]]: sys_fs warning: cellFsStat: "data/sfx.edat" not found.
[E : PPU[1] Thread (CPUThread)[0x0036201c]]: sys_fs error: "data/sfx.bdf" not found! flags: 0x00000000
[W : PPU[1] Thread (CPUThread)[0x00a08058]]: sys_lwmutex warning: *** lwmutex created [] (attribute=0x12): sq_id = 30
[W : PPU[1] Thread (CPUThread)[0x003660e8]]: cellSysutil warning: cellAudioOutConfigure(audioOut=0, config_addr=0xd0010638, option_addr=0x0, (!)waitForEvent=0)
[W : PPU[1] Thread (CPUThread)[0x00a04010]]: cellAudio warning: cellAudioInit()
[! : Audio Thread]: Audio started
[W : PPU[1] Thread (CPUThread)[0x00a04064]]: cellAudio warning: cellAudioPortOpen(audioParam_addr=0xd0010648, portNum_addr=0x30125950)
[W : PPU[1] Thread (CPUThread)[0x00a04064]]: cellAudio warning: *** audio port opened(nChannel=8, nBlock=8, attr=0x0, level=1.000000): port = 0
[W : PPU[1] Thread (CPUThread)[0x00a04040]]: cellAudio warning: cellAudioGetPortConfig(portNum=0x0, portConfig_addr=0xd0010668)
[W : PPU[1] Thread (CPUThread)[0x00a0816c]]: sysPrxForUser warning: sys_spu_image_import(img=0x30125c04, src=0x31af80, type=0x1)
[W : PPU[1] Thread (CPUThread)[0x00a0816c]]: desc = 'PS3_SPU_Release/fmodex_spu.elf'
[W : PPU[1] Thread (CPUThread)[0x0024216c]]: sys_semaphore warning: sys_semaphore_create(sem_addr=0x30127d90, attr_addr=0xd00104b0, initial_count=0, max_count=65535)
[! : PPU[1] Thread (CPUThread)[0x00a08028]]: *** New PPU Thread [FMOD BGM status query thread] (): id = 32
[W : PPU[32] Thread (FMOD BGM status query thread)[0x003660f4]]: cellSysutil warning: cellSysutilGetBgmPlaybackStatus(status=0xd0040d30)
[W : PPU[1] Thread (CPUThread)[0x0036201c]]: *** cellFsOpen(path="/dev_flash/sys/external/flashMP3.pic"): fd = 33
[W : PPU[1] Thread (CPUThread)[0x00362004]]: sys_fs warning: cellFsClose(fd=33)
[W : PPU[1] Thread (CPUThread)[0x00a08058]]: sys_lwmutex warning: *** lwmutex created [] (attribute=0x12): sq_id = 34
[W : PPU[1] Thread (CPUThread)[0x00a08058]]: sys_lwmutex warning: *** lwmutex created [] (attribute=0x12): sq_id = 35
[W : PPU[1] Thread (CPUThread)[0x00a08058]]: sys_lwmutex warning: *** lwmutex created [] (attribute=0x12): sq_id = 36
[W : PPU[1] Thread (CPUThread)[0x00a08058]]: sys_lwmutex warning: *** lwmutex created [] (attribute=0x12): sq_id = 37
[W : PPU[29] Thread (HDD setup)[0x00362028]]: sys_fs warning: cellFsStat: "/data/enlang.edat" not found.
[W : PPU[1] Thread (CPUThread)[0x00a0404c]]: cellAudio warning: cellAudioPortStart(portNum=0x0)
[W : PPU[1] Thread (CPUThread)[0x002442ec]]: sys_event warning: sys_event_queue_create(equeue_id_addr=0x30125c18, attr_addr=0xd00105ac, event_queue_key=0x0, size=1)
[W : PPU[1] Thread (CPUThread)[0x002442ec]]: sys_event warning: *** event_queue created [] (protocol=0x1, type=0x1): id = 38
[W : PPU[1] Thread (CPUThread)[0x0024431c]]: sys_event warning: sys_event_queue_create(equeue_id_addr=0x30125f68, attr_addr=0xd00105ac, event_queue_key=0x0, size=1)
[W : PPU[1] Thread (CPUThread)[0x0024431c]]: sys_event warning: *** event_queue created [] (protocol=0x1, type=0x2): id = 39
[W : PPU[1] Thread (CPUThread)[0x0024433c]]: sys_event warning: sys_event_port_create(eport_id_addr=0x30125c1c, port_type=0x1, name=0x0)
[W : PPU[1] Thread (CPUThread)[0x0024433c]]: sys_event warning: *** sys_event_port created: id = 40
[W : PPU[1] Thread (CPUThread)[0x00244354]]: sys_event warning: sys_event_port_connect_local(eport_id=40, equeue_id=39)
[W : PPU[1] Thread (CPUThread)[0x002443a8]]: sys_spu warning: sys_spu_thread_group_create(id_addr=0x30125bfc, num=1, prio=16, attr_addr=0xd001059c)
[W : PPU[1] Thread (CPUThread)[0x002443a8]]: sys_spu warning: *** SPU Thread Group created [FMOD] (type=0x0, option.ct=0x0): id=41
[W : PPU[1] Thread (CPUThread)[0x00244434]]: sys_spu warning: sys_spu_thread_initialize(thread_addr=0x30125c00, group=0x29, spu_num=0, img_addr=0x30125c04, attr_addr=0xd0010590, arg_addr=0xd00105e0)
[W : PPU[1] Thread (CPUThread)[0x00244434]]: sys_spu warning: *** New SPU Thread [FMOD] (img_offset=0xa0c000, ls_offset=0xa4c000, ep=0xf0, a1=0x3860000000000000, a2=0x30180fb400000000, a3=0x30180e8000000000, a4=0x979f0000000000): id=42
[W : PPU[1] Thread (CPUThread)[0x00244454]]: sys_spu warning: sys_spu_thread_connect_event(id=42, eq_id=38, event_type=0x1, spup=9)
[W : PPU[1] Thread (CPUThread)[0x0024447c]]: sys_spu warning: sys_spu_thread_bind_queue(id=42, equeue_id=39, spuq_num=0x63)
[W : PPU[1] Thread (CPUThread)[0x002444b0]]: sys_event warning: sys_event_queue_create(equeue_id_addr=0x30125c20, attr_addr=0xd00105ac, event_queue_key=0x0, size=1)
[W : PPU[1] Thread (CPUThread)[0x002444b0]]: sys_event warning: *** event_queue created [] (protocol=0x1, type=0x1): id = 43
[W : PPU[1] Thread (CPUThread)[0x002444dc]]: sys_spu warning: sys_spu_thread_connect_event(id=42, eq_id=43, event_type=0x1, spup=8)
[W : PPU[1] Thread (CPUThread)[0x002444f0]]: sys_spu warning: sys_spu_thread_group_start(id=41)
[W : PPU[1] Thread (CPUThread)[0x00244508]]: sys_spu warning: sys_spu_thread_set_spu_cfg(id=42, value=0x0)
[W : PPU[29] Thread (HDD setup)[0x0036201c]]: *** cellFsOpen(path="/data/enlang.uni"): fd = 44
[W : PPU[1] Thread (CPUThread)[0x00a04004]]: cellAudio warning: cellAudioCreateNotifyEventQueue(id_addr=0x30125974, key_addr=0x30125978)
[W : PPU[1] Thread (CPUThread)[0x00a0401c]]: cellAudio warning: cellAudioSetNotifyEventQueue(key=0x80004d494f323221)
[W : PPU[1] Thread (CPUThread)[0x0024216c]]: sys_semaphore warning: sys_semaphore_create(sem_addr=0x301acba0, attr_addr=0xd0010410, initial_count=0, max_count=65535)
[! : PPU[1] Thread (CPUThread)[0x00a08028]]: *** New PPU Thread [FMOD libAudio event receive thread] (): id = 47
[E : PPU[1] Thread (CPUThread)[0x0025c518]]: Read32 from null block: [1a3060f1]
[E : SPU[42] Thread (FMOD)[0x0000dac4]]: SPUThread::ReadChannel error: unknown/illegal channel (8 [$SPU_RdDec]).
[E : SPU[42] Thread (FMOD)[0x0000d06c]]: SPUThread::ReadChannel error: unknown/illegal channel (8 [$SPU_RdDec]).
[E : SPU[42] Thread (FMOD)[0x0000d014]]: SPUThread::ReadChannel error: unknown/illegal channel (8 [$SPU_RdDec]).
[W : PPU[29] Thread (HDD setup)[0x00362004]]: sys_fs warning: cellFsClose(fd=44)
[E : SPU[42] Thread (FMOD)[0x0000d06c]]: SPUThread::ReadChannel error: unknown/illegal channel (8 [$SPU_RdDec]).
[E : SPU[42] Thread (FMOD)[0x0000d014]]: SPUThread::ReadChannel error: unknown/illegal channel (8 [$SPU_RdDec]).
[E : SPU[42] Thread (FMOD)[0x0000d06c]]: SPUThread::ReadChannel error: unknown/illegal channel (8 [$SPU_RdDec]).
[E : SPU[42] Thread (FMOD)[0x0000d06c]]: SPUThread::ReadChannel error: unknown/illegal channel (8 [$SPU_RdDec]).
[E : SPU[42] Thread (FMOD)[0x0000d014]]: SPUThread::ReadChannel error: unknown/illegal channel (8 [$SPU_RdDec]).
[E : SPU[42] Thread (FMOD)[0x0000d06c]]: SPUThread::ReadChannel error: unknown/illegal channel (8 [$SPU_RdDec]).
[E : SPU[42] Thread (FMOD)[0x0000d06c]]: SPUThread::ReadChannel error: unknown/illegal channel (8 [$SPU_RdDec]).
[E : SPU[42] Thread (FMOD)[0x0000d014]]: SPUThread::ReadChannel error: unknown/illegal channel (8 [$SPU_RdDec]).
[E : SPU[42] Thread (FMOD)[0x0000dac4]]: SPUThread::ReadChannel error: unknown/illegal channel (8 [$SPU_RdDec]).
[E : SPU[42] Thread (FMOD)[0x0000d06c]]: SPUThread::ReadChannel error: unknown/illegal channel (8 [$SPU_RdDec]).
[E : SPU[42] Thread (FMOD)[0x0000d014]]: SPUThread::ReadChannel error: unknown/illegal channel (8 [$SPU_RdDec]).
[E : SPU[42] Thread (FMOD)[0x0000d06c]]: SPUThread::ReadChannel error: unknown/illegal channel (8 [$SPU_RdDec]).
[E : SPU[42] Thread (FMOD)[0x0000d06c]]: SPUThread::ReadChannel error: unknown/illegal channel (8 [$SPU_RdDec]).
[E : PPU[1] Thread (CPUThread)[0x00243e44]]: sys_event error: sys_event_queue_destroy(equeue_id=45, mode=0x1)
[E : SPU[42] Thread (FMOD)[0x0000d014]]: SPUThread::ReadChannel error: unknown/illegal channel (8 [$SPU_RdDec]).
[W : PPU[1] Thread (CPUThread)[0x00a08154]]: Process warning: sys_process_exit(1)
[S : PPU[1] Thread (CPUThread)[0x00a08154]]: Process finished
[! : RSXThread]: RSX thread exit...
[W : Audio Thread]: Audio aborted
[W : SPU[42] Thread (FMOD)[0x00010294]]: sys_spu_thread_receive_event(spuq=0x63) aborted
[!]: Closing memory...
