[!]: path: /dev_hdd0/game/
[!]: Loading 'D:\Emulateurs\Rpcs3\dev_hdd0\game\NPEA00103-[Rag Doll Kung Fu™ Fists of Plastic]/USRDIR/BOOT.BIN'...
[!]: Mount info:
[!]: /dev_hdd0/ -> D:\Emulateurs\Rpcs3\dev_hdd0\
[!]: /dev_hdd1/ -> D:\Emulateurs\Rpcs3\dev_hdd1\
[!]: /dev_flash/ -> D:\Emulateurs\Rpcs3\dev_flash\
[!]: /dev_usb000/ -> D:\Emulateurs\Rpcs3\dev_usb000\
[!]: /dev_usb/ -> D:\Emulateurs\Rpcs3\dev_usb000\
[!]: /app_home/ -> D:\Emulateurs\Rpcs3\dev_hdd0\game\NPEA00103-[Rag Doll Kung Fu™ Fists of Plastic]/\USRDIR\
[!]: /dev_bdvd/ -> D:\Emulateurs\Rpcs3\dev_hdd0\game\NPEA00103-[Rag Doll Kung Fu™ Fists of Plastic]/\..\
[!]: /host_root/ -> 
[!]: / -> D:\Emulateurs\Rpcs3\dev_hdd0\game\NPEA00103-[Rag Doll Kung Fu™ Fists of Plastic]/\USRDIR\
[!]: /app_home/Game/PS3_GAME/ -> D:\Emulateurs\Rpcs3\dev_hdd0\game\NPEA00103-[Rag Doll Kung Fu™ Fists of Plastic]/
[!]: data/ -> D:\Emulateurs\Rpcs3\dev_hdd0\game\NPEA00103-[Rag Doll Kung Fu™ Fists of Plastic]/\USRDIR\Data\
[!]: /data/ -> D:\Emulateurs\Rpcs3\dev_hdd0\game\NPEA00103-[Rag Doll Kung Fu™ Fists of Plastic]/\USRDIR\Data\
[!]: DATA/ -> D:\Emulateurs\Rpcs3\dev_hdd0\game\NPEA00103-[Rag Doll Kung Fu™ Fists of Plastic]/\USRDIR\DATA\
[!]: /app_home//dev_bdvd/PS3_GAME/USRDIR/data/gos/ -> D:\Emulateurs\Rpcs3\dev_hdd0\game\NPEA00103-[Rag Doll Kung Fu™ Fists of Plastic]/\USRDIR\
[!]: //dev_bdvd/PS3_GAME/ -> D:\Emulateurs\Rpcs3\dev_hdd0\game\NPEA00103-[Rag Doll Kung Fu™ Fists of Plastic]/
[!]: /USRDIR/PS3_GAME/ -> D:\Emulateurs\Rpcs3\dev_hdd0\game\NPEA00103-[Rag Doll Kung Fu™ Fists of Plastic]/
[!]: Initing memory...
[!]: Memory initialized.
[W]: Unknown function 0xe6c8f3f9 in 'sceNp' module
[E]: TODO: sceNpDrmProcessExitSpawn2
[W : PPU[1] Thread (CPUThread)[0x00077028]]: sys_lwmutex warning: *** lwmutex created [_lc_mtx] (attribute=0x12): sq_id = 3
[W : PPU[1] Thread (CPUThread)[0x00019900]]: memory warning: sys_memory_get_user_memory_size(mem_info_addr=0xd0010c04)
[W : PPU[1] Thread (CPUThread)[0x00077028]]: sys_lwmutex warning: *** lwmutex created [_lc_mtx] (attribute=0x12): sq_id = 4
[W : PPU[1] Thread (CPUThread)[0x00077028]]: sys_lwmutex warning: *** lwmutex created [_lc_mtx] (attribute=0x12): sq_id = 5
[W : PPU[1] Thread (CPUThread)[0x00077028]]: sys_lwmutex warning: *** lwmutex created [_lc_mtx] (attribute=0x12): sq_id = 6
[W : PPU[1] Thread (CPUThread)[0x00077028]]: sys_lwmutex warning: *** lwmutex created [_lc_mtx] (attribute=0x12): sq_id = 7
[W : PPU[1] Thread (CPUThread)[0x00077028]]: sys_lwmutex warning: *** lwmutex created [_lc_mtx] (attribute=0x12): sq_id = 8
[W : PPU[1] Thread (CPUThread)[0x00077028]]: sys_lwmutex warning: *** lwmutex created [_lc_mtx] (attribute=0x12): sq_id = 9
[W : PPU[1] Thread (CPUThread)[0x00077028]]: sys_lwmutex warning: *** lwmutex created [_lc_mtx] (attribute=0x12): sq_id = 10
[W : PPU[1] Thread (CPUThread)[0x00077028]]: sys_lwmutex warning: *** lwmutex created [_lc_mtx] (attribute=0x12): sq_id = 11
[W : PPU[1] Thread (CPUThread)[0x00077028]]: sys_lwmutex warning: *** lwmutex created [_lc_mtx] (attribute=0x12): sq_id = 12
[W : PPU[1] Thread (CPUThread)[0x00077028]]: sys_lwmutex warning: *** lwmutex created [_lgcmtx] (attribute=0x12): sq_id = 13
[W : PPU[1] Thread (CPUThread)[0x00077028]]: sys_lwmutex warning: *** lwmutex created [_lgcmtx] (attribute=0x12): sq_id = 14
[W : PPU[1] Thread (CPUThread)[0x0002d004]]: cellSysutil warning: cellSysutilRegisterCallback(slot=0, func_addr=0x30290, userdata=0x0)
[W : PPU[1] Thread (CPUThread)[0x00029010]]: cellSysmodule warning: cellSysmoduleLoadModule(CELL_SYSMODULE_NET)
[W : PPU[1] Thread (CPUThread)[0x00029010]]: cellSysmodule warning: cellSysmoduleLoadModule(CELL_SYSMODULE_SYSUTIL_NP)
[W : PPU[1] Thread (CPUThread)[0x00029010]]: cellSysmodule warning: cellSysmoduleLoadModule(CELL_SYSMODULE_SYSUTIL_GAME)
[W : PPU[1] Thread (CPUThread)[0x00027004]]: sys_net warning: sys_net_initialize_network_ex(param_addr=0xd0010a84)
[W : PPU[1] Thread (CPUThread)[0x0002f010]]: cellGame warning: cellGameBootCheck(type_addr=0xd0010a74, attributes_addr=0xd0010a70, size_addr=0xd0010a78, dirName_addr=0x0)
[W : PPU[1] Thread (CPUThread)[0x0002f010]]: cellGame warning: cellGameBootCheck returns CELL_GAME_ERROR_PARAM. As a result size->hddFreeSizeKB may be 0.
[W : PPU[1] Thread (CPUThread)[0x00027010]]: sys_net warning: sys_net_initialize_network_ex()
[W : PPU[1] Thread (CPUThread)[0x00029004]]: cellSysmodule warning: cellSysmoduleUnloadModule(CELL_SYSMODULE_SYSUTIL_GAME)
[W : PPU[1] Thread (CPUThread)[0x00029004]]: cellSysmodule warning: cellSysmoduleUnloadModule(CELL_SYSMODULE_SYSUTIL_NP)
[W : PPU[1] Thread (CPUThread)[0x00029004]]: cellSysmodule warning: cellSysmoduleUnloadModule(CELL_SYSMODULE_NET)
[W : PPU[1] Thread (CPUThread)[0x0007707c]]: sys_lwmutex warning: sys_lwmutex_destroy(lwmutex_addr=0x710d8)
[W : PPU[1] Thread (CPUThread)[0x0007707c]]: sys_lwmutex warning: sys_lwmutex_destroy(lwmutex_addr=0x71100)
[W : PPU[1] Thread (CPUThread)[0x0007707c]]: sys_lwmutex warning: sys_lwmutex_destroy(lwmutex_addr=0x71128)
[W : PPU[1] Thread (CPUThread)[0x0007707c]]: sys_lwmutex warning: sys_lwmutex_destroy(lwmutex_addr=0x71010)
[W : PPU[1] Thread (CPUThread)[0x0007707c]]: sys_lwmutex warning: sys_lwmutex_destroy(lwmutex_addr=0x71038)
[W : PPU[1] Thread (CPUThread)[0x0007707c]]: sys_lwmutex warning: sys_lwmutex_destroy(lwmutex_addr=0x71060)
[W : PPU[1] Thread (CPUThread)[0x0007707c]]: sys_lwmutex warning: sys_lwmutex_destroy(lwmutex_addr=0x71088)
[W : PPU[1] Thread (CPUThread)[0x0007707c]]: sys_lwmutex warning: sys_lwmutex_destroy(lwmutex_addr=0x710b0)
[W : PPU[1] Thread (CPUThread)[0x0007707c]]: sys_lwmutex warning: sys_lwmutex_destroy(lwmutex_addr=0x71948)
[W : PPU[1] Thread (CPUThread)[0x0007707c]]: sys_lwmutex warning: sys_lwmutex_destroy(lwmutex_addr=0x71b40)
[W : PPU[1] Thread (CPUThread)[0x00077088]]: Process warning: sys_process_exit(-2147300601)
[S : PPU[1] Thread (CPUThread)[0x00077088]]: Process finished
[!]: Closing memory...
