[!]: path: /dev_hdd0/game/
[!]: Loading 'D:\Emulateurs\Rpcs3\dev_hdd0\game\NPEB00924-[Jet Set Radio]/USRDIR/BOOT.BIN'...
[!]: Mount info:
[!]: /dev_hdd0/ -> D:\Emulateurs\Rpcs3\dev_hdd0\
[!]: /dev_hdd1/ -> D:\Emulateurs\Rpcs3\dev_hdd1\
[!]: /dev_flash/ -> D:\Emulateurs\Rpcs3\dev_flash\
[!]: /dev_usb000/ -> D:\Emulateurs\Rpcs3\dev_usb000\
[!]: /dev_usb/ -> D:\Emulateurs\Rpcs3\dev_usb000\
[!]: /app_home/ -> D:\Emulateurs\Rpcs3\dev_hdd0\game\NPEB00924-[Jet Set Radio]/\USRDIR\
[!]: /dev_bdvd/ -> D:\Emulateurs\Rpcs3\dev_hdd0\game\NPEB00924-[Jet Set Radio]/\..\
[!]: /host_root/ -> 
[!]: ///resource/ -> D:\Emulateurs\Rpcs3\dev_hdd0\game\NPEB00924-[Jet Set Radio]/\USRDIR\resource\
[!]: /app_home/Game/PS3_GAME/USRDIR/ -> D:\Emulateurs\Rpcs3\dev_hdd0\game\NPEB00924-[Jet Set Radio]/\USRDIR\
[!]: /app_home/PS3_GAME/USRDIR/media/ -> D:\Emulateurs\Rpcs3\dev_hdd0\game\NPEB00924-[Jet Set Radio]/\USRDIR\media\
[!]: /Data/ -> D:\Emulateurs\Rpcs3\dev_hdd0\game\NPEB00924-[Jet Set Radio]/\USRDIR\Data\
[!]: /USRDIR/PS3_GAME/USRDIR/Data/ -> D:\Emulateurs\Rpcs3\dev_hdd0\game\NPEB00924-[Jet Set Radio]/\USRDIR\Data\
[!]: /app_home//dev_bdvd/PS3_GAME/USRDIR/data/gos/ -> D:\Emulateurs\Rpcs3\dev_hdd0\game\NPEB00924-[Jet Set Radio]/\USRDIR\
[!]: BD/ -> D:\Emulateurs\Rpcs3\dev_hdd0\game\NPEB00924-[Jet Set Radio]/\USRDIR\
[!]: //dev_bdvd/PS3_GAME/USRDIR/ -> D:\Emulateurs\Rpcs3\dev_hdd0\game\NPEB00924-[Jet Set Radio]/\USRDIR\
[!]: / -> D:\Emulateurs\Rpcs3\dev_hdd0\game\NPEB00924-[Jet Set Radio]/\USRDIR\
[!]: // -> D:\Emulateurs\Rpcs3\dev_hdd0\game\NPEB00924-[Jet Set Radio]/\USRDIR\
[!]: Initing memory...
[!]: Memory initialized.
[!]: Function 'cellAANConnect' hooked (addr=0x285c08)
[!]: Function 'cellAANDisconnect' hooked (addr=0x285ca0)
[!]: Function 'cellAANAddData' hooked (addr=0x285d38)
[!]: Function 'cellSurMixerGetAANHandle' hooked (addr=0x285e84)
[!]: Function 'cellSurMixerSetNotifyCallback' hooked (addr=0x285ebc)
[!]: Function 'cellSurMixerRemoveNotifyCallback' hooked (addr=0x285f50)
[!]: Function 'cellSurMixerSurBusAddData' hooked (addr=0x285fe0)
[!]: Function 'cellSurMixerGetCurrentBlockTag' hooked (addr=0x286090)
[!]: Function 'cellSurMixerChStripGetAANPortNo' hooked (addr=0x2868ec)
[!]: Function 'cellSurMixerBeep' hooked (addr=0x286928)
[!]: Function 'cellSurMixerChStripSetParameter' hooked (addr=0x286d04)
[!]: Function 'cellSurMixerPause' hooked (addr=0x286fb8)
[!]: Function 'cellSurMixerGetTimestamp' hooked (addr=0x2885d0)
[!]: Function 'cellSurMixerSetParameter' hooked (addr=0x288638)
[!]: Function 'cellSurMixerStart' hooked (addr=0x288708)
[!]: Function 'cellSurMixerFinalize' hooked (addr=0x288a10)
[!]: Function 'cellSurMixerCreate' hooked (addr=0x2892d4)
[S]: Function group [surmxAAN] successfully hooked
[S]: Function group [surmixer] successfully hooked
[W]: Unknown function 0x63387071 in 'cellGcmSys' module
[E]: TODO: cellGcmGetLastFlipTime
[W]: Unknown function 0x99d397ac in 'cellGcmSys' module
[E]: TODO: cellGcmGetReport
[W]: Unknown function 0xa6b180ac in 'cellGcmSys' module
[E]: TODO: cellGcmGetReportDataLocation
[W]: Unknown function 0xd01b570d in 'cellGcmSys' module
[E]: TODO: cellGcmSetGraphicsHandler
[W]: Unknown function 0x220894e3 in 'cellSysutil' module
[E]: TODO: cellSysutilEnableBgmPlayback
[W]: Unknown function 0x62b0f803 in 'cellSysutil' module
[E]: TODO: cellMsgDialogAbort
[W]: Unknown function 0x6cfd856f in 'cellSysutil' module
[E]: TODO: cellSysutilGetBgmPlaybackStatus2
[W]: Unknown function 0x8b7ed64b in 'cellSysutil' module
[E]: TODO: cellSaveDataAutoSave2
[W]: Unknown function 0xcfdd8e87 in 'cellSysutil' module
[E]: TODO: cellSysutilDisableBgmPlayback
[W]: Unknown function 0xfbd5c856 in 'cellSysutil' module
[E]: TODO: cellSaveDataAutoLoad2
[W]: Unknown function 0x66f5e388 in 'cellResc' module
[E]: TODO: cellRescGetLastFlipTime
[W]: Unknown function 0xd3758645 in 'cellResc' module
[E]: TODO: cellRescSetVBlankHandler
[W]: Unknown function 0xe0cef79e in 'cellResc' module
[E]: TODO: cellRescCreateInterlaceTable
[W]: Unknown function 0x0247c69e in 'cellSail' module
[E]: TODO: cellSailGraphicsAdapterGetFrame
[W]: Unknown function 0x0abb318b in 'cellSail' module
[E]: TODO: cellSailDescriptorCreateDatabase
[W]: Unknown function 0x0c4cb439 in 'cellSail' module
[E]: TODO: cellSailFutureReset
[W]: Unknown function 0x0d0c2f0c in 'cellSail' module
[E]: TODO: cellSailDescriptorSetEs
[W]: Unknown function 0x1139a206 in 'cellSail' module
[E]: TODO: cellSailPlayerSetSoundAdapter
[W]: Unknown function 0x1872331b in 'cellSail' module
[E]: TODO: cellSailGraphicsAdapterPtsToTimePosition
[W]: Unknown function 0x18b4629d in 'cellSail' module
[E]: TODO: cellSailPlayerFinalize
[W]: Unknown function 0x18bcd21b in 'cellSail' module
[E]: TODO: cellSailPlayerSetGraphicsAdapter
[W]: Unknown function 0x1c983864 in 'cellSail' module
[E]: TODO: cellSailGraphicsAdapterInitialize
[W]: Unknown function 0x23654375 in 'cellSail' module
[E]: TODO: cellSailPlayerInitialize2
[W]: Unknown function 0x28336e89 in 'cellSail' module
[E]: TODO: cellSailDescriptorDestroyDatabase
[W]: Unknown function 0x2e3ccb5e in 'cellSail' module
[E]: TODO: cellSailGraphicsAdapterSetPreferredFormat
[W]: Unknown function 0x346ebba3 in 'cellSail' module
[E]: TODO: cellSailMemAllocatorInitialize
[W]: Unknown function 0x34ecc1b9 in 'cellSail' module
[E]: TODO: cellSailPlayerOpenStream
[W]: Unknown function 0x3a2d806c in 'cellSail' module
[E]: TODO: cellSailFutureGet
[W]: Unknown function 0x3d0d3b72 in 'cellSail' module
[E]: TODO: cellSailSoundAdapterInitialize
[W]: Unknown function 0x44a20e79 in 'cellSail' module
[E]: TODO: cellSailGraphicsAdapterUpdateAvSync
[W]: Unknown function 0x4cc54f8e in 'cellSail' module
[E]: TODO: cellSailFutureInitialize
[W]: Unknown function 0x51ecf361 in 'cellSail' module
[E]: TODO: cellSailFutureIsDone
[W]: Unknown function 0x76488bb1 in 'cellSail' module
[E]: TODO: cellSailGraphicsAdapterFinalize
[W]: Unknown function 0x76b1a425 in 'cellSail' module
[E]: TODO: cellSailDescriptorSetAutoSelection
[W]: Unknown function 0x7c8dff3b in 'cellSail' module
[E]: TODO: cellSailPlayerAddDescriptor
[W]: Unknown function 0x7eb8d6b5 in 'cellSail' module
[E]: TODO: cellSailSoundAdapterGetFrame
[W]: Unknown function 0x85beffcc in 'cellSail' module
[E]: TODO: cellSailPlayerCloseStream
[W]: Unknown function 0xa37fed15 in 'cellSail' module
[E]: TODO: cellSailFutureSet
[W]: Unknown function 0xaafa17b8 in 'cellSail' module
[E]: TODO: cellSailPlayerIsPaused
[W]: Unknown function 0xbdf21b0f in 'cellSail' module
[E]: TODO: cellSailPlayerBoot
[W]: Unknown function 0xc044fab1 in 'cellSail' module
[E]: TODO: cellSailDescriptorOpen
[W]: Unknown function 0xd1462438 in 'cellSail' module
[E]: TODO: cellSailSoundAdapterFinalize
[W]: Unknown function 0xd1d55a90 in 'cellSail' module
[E]: TODO: cellSailPlayerSetPaused
[W]: Unknown function 0xd7938b8d in 'cellSail' module
[E]: TODO: cellSailPlayerCreateDescriptor
[W]: Unknown function 0xe535b0d3 in 'cellSail' module
[E]: TODO: cellSailPlayerStart
[W]: Unknown function 0xeba8d4ec in 'cellSail' module
[E]: TODO: cellSailPlayerStop
[W]: Unknown function 0xeec22809 in 'cellSail' module
[E]: TODO: cellSailSoundAdapterUpdateAvSync
[W]: Unknown function 0xfc839bd4 in 'cellSail' module
[E]: TODO: cellSailPlayerDestroyDescriptor
[W]: Unknown function 0xffd58aa4 in 'cellSail' module
[E]: TODO: cellSailGraphicsAdapterGetFormat
[W]: Unknown function 0x04372385 in 'sceNp' module
[E]: TODO: sceNpBasicGetFriendListEntry
[W]: Unknown function 0x05d65dff in 'sceNp' module
[E]: TODO: sceNpScoreGetRankingByNpId
[W]: Unknown function 0x1672170e in 'sceNp' module
[E]: TODO: sceNpScoreRecordScore
[W]: Unknown function 0x259113b8 in 'sceNp' module
[E]: TODO: sceNpScoreDestroyTitleCtx
[W]: Unknown function 0x32cf311f in 'sceNp' module
[E]: TODO: sceNpScoreInit
[W]: Unknown function 0x6ee62ed2 in 'sceNp' module
[E]: TODO: sceNpManagerGetContentRatingFlag
[W]: Unknown function 0x6f5e8143 in 'sceNp' module
[E]: TODO: sceNpScoreCreateTransactionCtx
[W]: Unknown function 0xafef640d in 'sceNp' module
[E]: TODO: sceNpBasicGetFriendListEntryCount
[W]: Unknown function 0xb1e0718b in 'sceNp' module
[E]: TODO: sceNpManagerGetAccountRegion
[W]: Unknown function 0xb9f93bbb in 'sceNp' module
[E]: TODO: sceNpScoreCreateTitleCtx
[W]: Unknown function 0xbcc09fe7 in 'sceNp' module
[E]: TODO: sceNpBasicRegisterHandler
[W]: Unknown function 0xc5f4cf82 in 'sceNp' module
[E]: TODO: sceNpScoreDestroyTransactionCtx
[W]: Unknown function 0xe7dcd3b4 in 'sceNp' module
[E]: TODO: sceNpManagerRegisterCallback
[W]: Unknown function 0xee5b20d9 in 'sceNp' module
[E]: TODO: sceNpScoreAbortTransaction
[W]: Unknown function 0xfbc82301 in 'sceNp' module
[E]: TODO: sceNpScoreGetRankingByRange
[W]: Unknown function 0xfe37a7f4 in 'sceNp' module
[E]: TODO: sceNpManagerGetNpId
[W]: Unknown module 'sceNpTus'
[W]: Unknown function 0x8a561d92 in 'sysPrxForUser' module
[E]: TODO: _sys_heap_free
[W]: Unknown function 0xaede4b03 in 'sysPrxForUser' module
[E]: TODO: _sys_heap_delete_heap
[W : PPU[1] Thread (CPUThread)[0x00a79034]]: sys_lwmutex warning: *** lwmutex created [_lc_mtx] (attribute=0x12): sq_id = 3
[W : PPU[1] Thread (CPUThread)[0x002a47a4]]: memory warning: sys_memory_get_user_memory_size(mem_info_addr=0xd0010c04)
[W : PPU[1] Thread (CPUThread)[0x00a79034]]: sys_lwmutex warning: *** lwmutex created [_lc_mtx] (attribute=0x12): sq_id = 4
[W : PPU[1] Thread (CPUThread)[0x00a79034]]: sys_lwmutex warning: *** lwmutex created [_lc_mtx] (attribute=0x12): sq_id = 5
[W : PPU[1] Thread (CPUThread)[0x00a79034]]: sys_lwmutex warning: *** lwmutex created [_lc_mtx] (attribute=0x12): sq_id = 6
[W : PPU[1] Thread (CPUThread)[0x00a79034]]: sys_lwmutex warning: *** lwmutex created [_lc_mtx] (attribute=0x12): sq_id = 7
[W : PPU[1] Thread (CPUThread)[0x00a79034]]: sys_lwmutex warning: *** lwmutex created [_lc_mtx] (attribute=0x12): sq_id = 8
[W : PPU[1] Thread (CPUThread)[0x00a79034]]: sys_lwmutex warning: *** lwmutex created [_lc_mtx] (attribute=0x12): sq_id = 9
[W : PPU[1] Thread (CPUThread)[0x00a79034]]: sys_lwmutex warning: *** lwmutex created [_lc_mtx] (attribute=0x12): sq_id = 10
[W : PPU[1] Thread (CPUThread)[0x00a79034]]: sys_lwmutex warning: *** lwmutex created [_lc_mtx] (attribute=0x12): sq_id = 11
[W : PPU[1] Thread (CPUThread)[0x00a79034]]: sys_lwmutex warning: *** lwmutex created [_lc_mtx] (attribute=0x12): sq_id = 12
[W : PPU[1] Thread (CPUThread)[0x00a79034]]: sys_lwmutex warning: *** lwmutex created [_lc_mtx] (attribute=0x12): sq_id = 13
[W : PPU[1] Thread (CPUThread)[0x00a79034]]: sys_lwmutex warning: *** lwmutex created [_lc_mtx] (attribute=0x12): sq_id = 14
[W : PPU[1] Thread (CPUThread)[0x00a79034]]: sys_lwmutex warning: *** lwmutex created [_lc_mtx] (attribute=0x12): sq_id = 15
[W : PPU[1] Thread (CPUThread)[0x00a79034]]: sys_lwmutex warning: *** lwmutex created [_lc_mtx] (attribute=0x12): sq_id = 16
[W : PPU[1] Thread (CPUThread)[0x00a79034]]: sys_lwmutex warning: *** lwmutex created [_lc_mtx] (attribute=0x12): sq_id = 17
[W : PPU[1] Thread (CPUThread)[0x00a79034]]: sys_lwmutex warning: *** lwmutex created [_lc_mtx] (attribute=0x12): sq_id = 18
[W : PPU[1] Thread (CPUThread)[0x00a79034]]: sys_lwmutex warning: *** lwmutex created [_lc_mtx] (attribute=0x12): sq_id = 19
[W : PPU[1] Thread (CPUThread)[0x00a79034]]: sys_lwmutex warning: *** lwmutex created [_lc_mtx] (attribute=0x12): sq_id = 20
[W : PPU[1] Thread (CPUThread)[0x00a79034]]: sys_lwmutex warning: *** lwmutex created [_lc_mtx] (attribute=0x12): sq_id = 21
[W : PPU[1] Thread (CPUThread)[0x00a79034]]: sys_lwmutex warning: *** lwmutex created [_lc_mtx] (attribute=0x12): sq_id = 22
[W : PPU[1] Thread (CPUThread)[0x00a79034]]: sys_lwmutex warning: *** lwmutex created [_lc_mtx] (attribute=0x12): sq_id = 23
[W : PPU[1] Thread (CPUThread)[0x00a79034]]: sys_lwmutex warning: *** lwmutex created [_lc_mtx] (attribute=0x12): sq_id = 24
[W : PPU[1] Thread (CPUThread)[0x00a5b004]]: cellSysmodule warning: cellSysmoduleLoadModule(CELL_SYSMODULE_PNGDEC)
[W : PPU[1] Thread (CPUThread)[0x00a790dc]]: memory warning: sys_mmapper_allocate_memory(size=0x1000000, flags=0x400, mem_id_addr=0x30100a34)
[W : PPU[1] Thread (CPUThread)[0x00180468]]: memory warning: sys_mmapper_allocate_fixed_address
[W : PPU[1] Thread (CPUThread)[0x00a79100]]: memory warning: sys_mmapper_map_memory(start_addr=0xb0000000, mem_id=0x19, flags=0x40000)
[W : PPU[1] Thread (CPUThread)[0x00a79100]]: memory mapped 0x30200000 to 0xb0000000 size=0x1000000
[W : PPU[1] Thread (CPUThread)[0x00a5b004]]: cellSysmodule warning: cellSysmoduleLoadModule(CELL_SYSMODULE_SYSUTIL_GAME)
[W : PPU[1] Thread (CPUThread)[0x00a5b004]]: cellSysmodule warning: cellSysmoduleLoadModule(CELL_SYSMODULE_L10N)
[W : PPU[1] Thread (CPUThread)[0x0047b040]]: cellSysutil warning: cellSysutilGetSystemParamInt: CELL_SYSUTIL_SYSTEMPARAM_ID_ENTER_BUTTON_ASSIGN
[W : PPU[1] Thread (CPUThread)[0x00a5b004]]: cellSysmodule warning: cellSysmoduleLoadModule(CELL_SYSMODULE_GCM_SYS)
[W : PPU[1] Thread (CPUThread)[0x00a5b004]]: cellSysmodule warning: cellSysmoduleLoadModule(CELL_SYSMODULE_RESC)
[W : PPU[1] Thread (CPUThread)[0x001f6fc8]]: sys_spu warning: sys_spu_initialize(max_usable_spu=1, max_raw_spu=1)
[W : PPU[1] Thread (CPUThread)[0x001f7338]]: sys_spu warning: sys_raw_spu_create(id_addr=0xa1f3e4, attr_addr=0xd0010700)
[W : PPU[1] Thread (CPUThread)[0x001f76e8]]: RawSPUThread[0]: Read32(MFC_CMDStatus)
[W : PPU[1] Thread (CPUThread)[0x001f76e8]]: RawSPUThread[0]: Read32(MFC_CMDStatus)
[W : PPU[1] Thread (CPUThread)[0x001f79e4]]: RawSPUThread[0]: Write32(Prxy_QueryMask, 0x80000000)
[W : PPU[1] Thread (CPUThread)[0x001f79e8]]: RawSPUThread[0]: Write32(Prxy_QueryType, 0x2)
[W : PPU[1] Thread (CPUThread)[0x001f79e8]]: RawSPUThread[0]: Prxy Query Immediate.
[W : PPU[1] Thread (CPUThread)[0x001f79f8]]: RawSPUThread[0]: Read32(MFC_QStatus)
[W : PPU[1] Thread (CPUThread)[0x001f7a38]]: RawSPUThread[0]: Write32(SPU_NPC, 0xe0)
[W : PPU[1] Thread (CPUThread)[0x001f70d8]]: RawSPUThread[0]: Write32(SPU_NPC, 0xe0)
[W : PPU[1] Thread (CPUThread)[0x001f70ac]]: RawSPUThread[0]: Write32(SPU_RunCntl, 0x1)
[W : RawSPU[26] Thread (CPUThread)[0x000000e0]]: Starting RawSPU...
[W : PPU[1] Thread (CPUThread)[0x001ef7e4]]: RawSPUThread[0]: Read32(SPU_Out_MBox)
[W : PPU[1] Thread (CPUThread)[0x001ef820]]: RawSPUThread[0]: Read32(SPU_Out_MBox)
[W : PPU[1] Thread (CPUThread)[0x00479160]]: cellGcmSys warning: cellGcmInit(context_addr=0xa20358,cmdSize=0x10000,ioSize=0x1200000,ioAddress=0x31300000)
[W : PPU[1] Thread (CPUThread)[0x00479160]]: cellGcmSys warning: *** local memory(addr=0xc0000000, size=0xf900000)
[W : PPU[1] Thread (CPUThread)[0x00479160]]: cellGcmSys warning: cellGcmMapEaIoAddress(ea=0x31300000, io=0x0, size=0x1200000)
[! : RSXThread]: RSX thread entry
[W : PPU[1] Thread (CPUThread)[0x0047904c]]: cellGcmSys warning: cellGcmSetDebugOutputLevel(level=2)
[E : PPU[1] Thread (CPUThread)[0x00479124]]: TODO: cellGcmSetGraphicsHandler
[E : RSXThread]: TODO: unknown/illegal method [0x00001fec](0x0)
[E : RSXThread]: TODO: cellGcmSetTwoSideLightEn(0x0)
[E : RSXThread]: TODO: cellGcmSetFrequencyDividerOperation(0x0)
[E : RSXThread]: TODO: cellGcmSetLogicOp(0x1503)
[E : RSXThread]: TODO: cellGcmSetPolygonOffsetScaleFactor(0x0, 0x0)
[E : RSXThread]: TODO: cellGcmSetPointSize(0x3f800000)
[W : PPU[1] Thread (CPUThread)[0x00479064]]: cellGcmSys warning: cellGcmMapEaIoAddress(ea=0x32600000, io=0xe000000, size=0x100000)
[W : PPU[1] Thread (CPUThread)[0x00479130]]: cellGcmSys warning: cellGcmUnbindTile(index=0)
[W : PPU[1] Thread (CPUThread)[0x00479130]]: cellGcmSys warning: cellGcmUnbindTile(index=1)
[W : PPU[1] Thread (CPUThread)[0x00479130]]: cellGcmSys warning: cellGcmUnbindTile(index=2)
[W : PPU[1] Thread (CPUThread)[0x00479130]]: cellGcmSys warning: cellGcmUnbindTile(index=3)
[W : PPU[1] Thread (CPUThread)[0x00479130]]: cellGcmSys warning: cellGcmUnbindTile(index=4)
[W : PPU[1] Thread (CPUThread)[0x00479130]]: cellGcmSys warning: cellGcmUnbindTile(index=5)
[W : PPU[1] Thread (CPUThread)[0x00479130]]: cellGcmSys warning: cellGcmUnbindTile(index=6)
[W : PPU[1] Thread (CPUThread)[0x00479130]]: cellGcmSys warning: cellGcmUnbindTile(index=7)
[W : PPU[1] Thread (CPUThread)[0x00479130]]: cellGcmSys warning: cellGcmUnbindTile(index=8)
[W : PPU[1] Thread (CPUThread)[0x00479130]]: cellGcmSys warning: cellGcmUnbindTile(index=9)
[W : PPU[1] Thread (CPUThread)[0x00479130]]: cellGcmSys warning: cellGcmUnbindTile(index=10)
[W : PPU[1] Thread (CPUThread)[0x00479130]]: cellGcmSys warning: cellGcmUnbindTile(index=11)
[W : PPU[1] Thread (CPUThread)[0x00479130]]: cellGcmSys warning: cellGcmUnbindTile(index=12)
[W : PPU[1] Thread (CPUThread)[0x00479130]]: cellGcmSys warning: cellGcmUnbindTile(index=13)
[W : PPU[1] Thread (CPUThread)[0x00479130]]: cellGcmSys warning: cellGcmUnbindTile(index=14)
[W : PPU[1] Thread (CPUThread)[0x0047f070]]: cellResc warning: cellRescInit(initConfig_addr=0xd0010690)
[W : PPU[1] Thread (CPUThread)[0x00479100]]: cellGcmSys warning: cellGcmSetTileInfo(index=0, location=0, offset=253558784, size=7536640, pitch=5120, comp=0, base=0, bank=0)
[W : PPU[1] Thread (CPUThread)[0x00479034]]: cellGcmSys warning: cellGcmBindTile(index=0)
[W : PPU[1] Thread (CPUThread)[0x0047f040]]: cellResc warning: cellRescSetDisplayMode(displayMode=4)
[W : PPU[1] Thread (CPUThread)[0x0047f040]]: cellSysutil warning: cellVideoOutConfigure(videoOut=0, config_addr=0x30016000, option_addr=0x0, waitForEvent=0x0)
[W : PPU[1] Thread (CPUThread)[0x0047f040]]: cellGcmSys warning: cellGcmSetFlipMode(mode=2)
[W : PPU[1] Thread (CPUThread)[0x0047f07c]]: cellResc warning: cellRescGetBufferSize(colorBuffers_addr=0xd0010660, vertexArray_addr=0xd0010658, fragmentShader_addr=0xd001065c)
[W : PPU[1] Thread (CPUThread)[0x0047f0a0]]: cellResc warning: cellRescSetBufferAddress(colorBuffers_addr=0xcf1d0000, vertexArray_addr=0xc0000000, fragmentShader_addr=0xc0000180)
[W : PPU[1] Thread (CPUThread)[0x0047f0a0]]: cellGcmSys warning: cellGcmSetDisplayBuffer(id=0x0,offset=0xf1d0000,pitch=4,width=1280,height=720)
[W : PPU[1] Thread (CPUThread)[0x0047f0a0]]: cellGcmSys warning: cellGcmSetDisplayBuffer(id=0x1,offset=0xf554000,pitch=4,width=1280,height=720)
[W : PPU[1] Thread (CPUThread)[0x0047f034]]: cellResc warning: cellRescAdjustAspectRatio(horizontal=1.000000, vertical=1.000000)
[W : PPU[1] Thread (CPUThread)[0x00479100]]: cellGcmSys warning: cellGcmSetTileInfo(index=1, location=0, offset=245694464, size=7864320, pitch=10240, comp=7, base=1, bank=0)
[E : PPU[1] Thread (CPUThread)[0x00479100]]: cellGcmSys error: cellGcmSetTileInfo: bad comp! (7)
[W : PPU[1] Thread (CPUThread)[0x00479034]]: cellGcmSys warning: cellGcmBindTile(index=1)
[W : PPU[1] Thread (CPUThread)[0x00479100]]: cellGcmSys warning: cellGcmSetTileInfo(index=2, location=0, offset=237830144, size=7864320, pitch=10240, comp=7, base=121, bank=0)
[E : PPU[1] Thread (CPUThread)[0x00479100]]: cellGcmSys error: cellGcmSetTileInfo: bad comp! (7)
[W : PPU[1] Thread (CPUThread)[0x00479034]]: cellGcmSys warning: cellGcmBindTile(index=2)
[W : PPU[1] Thread (CPUThread)[0x00479100]]: cellGcmSys warning: cellGcmSetTileInfo(index=3, location=0, offset=233897984, size=3932160, pitch=5120, comp=0, base=0, bank=0)
[W : PPU[1] Thread (CPUThread)[0x00479034]]: cellGcmSys warning: cellGcmBindTile(index=3)
[W : PPU[1] Thread (CPUThread)[0x00479100]]: cellGcmSys warning: cellGcmSetTileInfo(index=3, location=0, offset=229965824, size=7864320, pitch=5120, comp=0, base=0, bank=0)
[W : PPU[1] Thread (CPUThread)[0x00479034]]: cellGcmSys warning: cellGcmBindTile(index=3)
[W : PPU[1] Thread (CPUThread)[0x00479100]]: cellGcmSys warning: cellGcmSetTileInfo(index=4, location=0, offset=222101504, size=7864320, pitch=10240, comp=11, base=241, bank=3)
[E : PPU[1] Thread (CPUThread)[0x00479100]]: cellGcmSys error: cellGcmSetTileInfo: bad comp! (11)
[W : PPU[1] Thread (CPUThread)[0x00479034]]: cellGcmSys warning: cellGcmBindTile(index=4)
[W : PPU[1] Thread (CPUThread)[0x00479094]]: cellGcmSys warning: TODO: cellGcmBindZcull(index=0)
[W : PPU[1] Thread (CPUThread)[0x0025555c]]: sys_semaphore warning: sys_semaphore_create(sem_addr=0xa1faa8, attr_addr=0xd00106b0, initial_count=1, max_count=2)
[W : PPU[1] Thread (CPUThread)[0x0047f064]]: cellResc warning: cellRescSetFlipHandler(handler_addr=0x4a11d0)
[E : PPU[1] Thread (CPUThread)[0x0047f0b8]]: TODO: cellRescSetVBlankHandler
[W : PPU[1] Thread (CPUThread)[0x0047f094]]: cellGcmSys warning: cellGcmSetDisplayBuffer(id=0x0,offset=0xdf10000,pitch=4,width=1280,height=720)
[W : PPU[1] Thread (CPUThread)[0x0047f094]]: cellGcmSys warning: cellGcmSetDisplayBuffer(id=0x1,offset=0xdb50000,pitch=4,width=1280,height=720)
[W : PPU[1] Thread (CPUThread)[0x001f6aa4]]: sys_mutex warning: *** mutex created [] (protocol=0x2, recursive=false): id = 28
[W : PPU[1] Thread (CPUThread)[0x001f0010]]: RawSPUThread[0]: Write32(SPU_In_MBox, 0x80000)
[W : PPU[1] Thread (CPUThread)[0x001f0010]]: RawSPUThread[0]: Write32(SPU_In_MBox, 0x120001)
[W : PPU[1] Thread (CPUThread)[0x001f0094]]: RawSPUThread[0]: Read32(SPU_Out_MBox)
[W : PPU[1] Thread (CPUThread)[0x001f0010]]: RawSPUThread[0]: Write32(SPU_In_MBox, 0x80002)
[W : PPU[1] Thread (CPUThread)[0x001f0010]]: RawSPUThread[0]: Write32(SPU_In_MBox, 0x120003)
[W : PPU[1] Thread (CPUThread)[0x001f0094]]: RawSPUThread[0]: Read32(SPU_Out_MBox)
[W : PPU[1] Thread (CPUThread)[0x001f0010]]: RawSPUThread[0]: Write32(SPU_In_MBox, 0x80004)
[W : PPU[1] Thread (CPUThread)[0x001f0010]]: RawSPUThread[0]: Write32(SPU_In_MBox, 0x120005)
[W : PPU[1] Thread (CPUThread)[0x001f0094]]: RawSPUThread[0]: Read32(SPU_Out_MBox)
[W : PPU[1] Thread (CPUThread)[0x001f0010]]: RawSPUThread[0]: Write32(SPU_In_MBox, 0x80006)
[W : PPU[1] Thread (CPUThread)[0x001f0010]]: RawSPUThread[0]: Write32(SPU_In_MBox, 0x120007)
[W : PPU[1] Thread (CPUThread)[0x001f0094]]: RawSPUThread[0]: Read32(SPU_Out_MBox)
[W : PPU[1] Thread (CPUThread)[0x001f0010]]: RawSPUThread[0]: Write32(SPU_In_MBox, 0x80008)
[W : PPU[1] Thread (CPUThread)[0x001f0010]]: RawSPUThread[0]: Write32(SPU_In_MBox, 0x120009)
[W : PPU[1] Thread (CPUThread)[0x001f0094]]: RawSPUThread[0]: Read32(SPU_Out_MBox)
[W : PPU[1] Thread (CPUThread)[0x001f0010]]: RawSPUThread[0]: Write32(SPU_In_MBox, 0x8000a)
[W : PPU[1] Thread (CPUThread)[0x001f0010]]: RawSPUThread[0]: Write32(SPU_In_MBox, 0x12000b)
[W : PPU[1] Thread (CPUThread)[0x001f0094]]: RawSPUThread[0]: Read32(SPU_Out_MBox)
[W : PPU[1] Thread (CPUThread)[0x001f0010]]: RawSPUThread[0]: Write32(SPU_In_MBox, 0x8000c)
[W : PPU[1] Thread (CPUThread)[0x001f0010]]: RawSPUThread[0]: Write32(SPU_In_MBox, 0x12000d)
[W : PPU[1] Thread (CPUThread)[0x001f0094]]: RawSPUThread[0]: Read32(SPU_Out_MBox)
[W : PPU[1] Thread (CPUThread)[0x001f0010]]: RawSPUThread[0]: Write32(SPU_In_MBox, 0x8000e)
[W : PPU[1] Thread (CPUThread)[0x001f0010]]: RawSPUThread[0]: Write32(SPU_In_MBox, 0x12000f)
[W : PPU[1] Thread (CPUThread)[0x001f0094]]: RawSPUThread[0]: Read32(SPU_Out_MBox)
[W : PPU[1] Thread (CPUThread)[0x00a5b004]]: cellSysmodule warning: cellSysmoduleLoadModule(CELL_SYSMODULE_PAMF)
[W : PPU[1] Thread (CPUThread)[0x00a5b004]]: cellSysmodule warning: cellSysmoduleLoadModule(CELL_SYSMODULE_SAIL)
[W : PPU[1] Thread (CPUThread)[0x00185da4]]: memory warning: sys_memory_container_create(cid_addr=0x68c200, yield_size=0x200000)
[W : PPU[1] Thread (CPUThread)[0x00185da4]]: memory warning: *** memory_container created(addr=0x32700000): id = 30
[W : PPU[1] Thread (CPUThread)[0x00a6701c]]: cellSpurs warning: _cellSpursAttributeInitialize(attr_addr=0xd0010730, nSpus=2, spuPriority=3342336, ppuPriority=4, exitIfNoWork=100)
[W : PPU[1] Thread (CPUThread)[0x00a67004]]: cellSpurs warning: cellSpursAttributeSetNamePrefix(attr_addr=0xd0010730, prefix_addr=0x46fe58, size=0x5)
[E : PPU[1] Thread (CPUThread)[0x00a67010]]: cellSpurs error: cellSpursAttributeSetMemoryContainerForSpuThread(attr_addr=0xd0010730, container=0x1e)
[W : PPU[1] Thread (CPUThread)[0x00a67028]]: cellSpurs warning: cellSpursInitializeWithAttribute(spurs_addr=0x68b200, spurs_addr=0xd0010730)
[E : PPU[1] Thread (CPUThread)[0x00a65094]]: TODO: cellSailMemAllocatorInitialize
[E : PPU[1] Thread (CPUThread)[0x00a650d0]]: TODO: cellSailFutureInitialize
[E : PPU[1] Thread (CPUThread)[0x00a65070]]: TODO: cellSailPlayerInitialize2
[E : PPU[1] Thread (CPUThread)[0x00a650b8]]: TODO: cellSailSoundAdapterInitialize
[E : PPU[1] Thread (CPUThread)[0x00a65034]]: TODO: cellSailPlayerSetSoundAdapter
[E : PPU[1] Thread (CPUThread)[0x00a65064]]: TODO: cellSailGraphicsAdapterInitialize
[E : PPU[1] Thread (CPUThread)[0x00a65088]]: TODO: cellSailGraphicsAdapterSetPreferredFormat
[E : PPU[1] Thread (CPUThread)[0x00a65058]]: TODO: cellSailPlayerSetGraphicsAdapter
[E : PPU[1] Thread (CPUThread)[0x00a6501c]]: TODO: cellSailFutureReset
[E : PPU[1] Thread (CPUThread)[0x00a6513c]]: TODO: cellSailPlayerBoot
[E : PPU[1] Thread (CPUThread)[0x00a650ac]]: TODO: cellSailFutureGet
[W : PPU[1] Thread (CPUThread)[0x00a5d01c]]: cellGame warning: cellGameBootCheck(type_addr=0xd0010900, attributes_addr=0xd0010904, size_addr=0xd0010908, dirName_addr=0x30100624)
[W : PPU[1] Thread (CPUThread)[0x00a5d004]]: cellGame warning: cellGameContentPermit(contentInfoPath_addr=0xd0010918, usrdirPath_addr=0x30100624)
[W : PPU[1] Thread (CPUThread)[0x0047d040]]: sys_fs warning: cellFsAioInit(mount_point_addr=0x30100624 (USRDIR/))
[E : PPU[1] Thread (CPUThread)[0x0029eef8]]: sys_fs error: "USRDIR/CUSTOM/STRINGS.STR" not found! flags: 0x00000000
[E : PPU[1] Thread (CPUThread)[0x0029eef8]]: sys_fs error: "USRDIR/CUSTOM/FONTS.ARC" not found! flags: 0x00000000
[E : PPU[1] Thread (CPUThread)[0x0029eef8]]: sys_fs error: "USRDIR/CUSTOM/IMAGES.ARC" not found! flags: 0x00000000
[W : PPU[1] Thread (CPUThread)[0x00a5b004]]: cellSysmodule warning: cellSysmoduleLoadModule(CELL_SYSMODULE_NET)
[W : PPU[1] Thread (CPUThread)[0x00a5b004]]: cellSysmodule warning: cellSysmoduleLoadModule(CELL_SYSMODULE_NETCTL)
[W : PPU[1] Thread (CPUThread)[0x00a5b004]]: cellSysmodule warning: cellSysmoduleLoadModule(CELL_SYSMODULE_RTC)
[W : PPU[1] Thread (CPUThread)[0x00a5b004]]: cellSysmodule warning: cellSysmoduleLoadModule(CELL_SYSMODULE_SYSUTIL_NP)
[W : PPU[1] Thread (CPUThread)[0x00a71004]]: sys_net warning: sys_net_initialize_network_ex(param_addr=0xd0010a18)
[E : PPU[1] Thread (CPUThread)[0x00a6f028]]: cellNetCtl error: Unimplemented function: cellNetCtlInit
[E : PPU[1] Thread (CPUThread)[0x0047b058]]: TODO: cellSysutilGetBgmPlaybackStatus2
[W : PPU[1] Thread (CPUThread)[0x0047b088]]: cellSysutil warning: cellSysutilRegisterCallback(slot=0, func_addr=0x49cca8, userdata=0x0)
[E : PPU[1] Thread (CPUThread)[0x00a6b034]]: sceNp error: Unimplemented function: sceNpDrmVerifyUpgradeLicense
[W : PPU[1] Thread (CPUThread)[0x00a5b004]]: cellSysmodule warning: cellSysmoduleLoadModule(CELL_SYSMODULE_SYSUTIL_NP_TROPHY)
[W : PPU[1] Thread (CPUThread)[0x00a5b004]]: cellSysmodule warning: cellSysmoduleLoadModule(CELL_SYSMODULE_SYSUTIL_NP_TUS)
[E : PPU[1] Thread (CPUThread)[0x00a6b094]]: TODO: sceNpBasicRegisterHandler
[E : PPU[1] Thread (CPUThread)[0x00a6b0b8]]: TODO: sceNpManagerRegisterCallback
[! : PPU[1] Thread (CPUThread)[0x00a7901c]]: *** New PPU Thread [INITASYNC] (): id = 31
[W : PPU[1] Thread (CPUThread)[0x0047b040]]: cellSysutil warning: cellSysutilGetSystemParamInt: CELL_SYSUTIL_SYSTEMPARAM_ID_LANG
[E : PPU[31] Thread (INITASYNC)[0x00a6b040]]: TODO: sceNpScoreInit
[! : PPU[1] Thread (CPUThread)[0x00a7901c]]: *** New PPU Thread [BACKUPINIT] (): id = 32
[E : PPU[31] Thread (INITASYNC)[0x00a73070]]: TODO: sceNpTusInit
[W : PPU[31] Thread (INITASYNC)[0x00a6d070]]: sceNpTrophy warning: sceNpTrophyCreateContext(context_addr=0x68c4cc, commID_addr=0x468860, commSign_addr=0x46886c, options=0x0)
[E : PPU[32] Thread (BACKUPINIT)[0x0047b0ac]]: TODO: cellSaveDataAutoLoad2
[W : PPU[31] Thread (INITASYNC)[0x00a6d010]]: sceNpTrophy warning: sceNpTrophyCreateHandle(handle_addr=0x68c4d0)
[W : PPU[31] Thread (INITASYNC)[0x00a6d01c]]: sceNpTrophy warning: sceNpTrophyGetRequiredDiskSpace(context=0, handle=0, reqspace_addr=0xd0030dd0, options=0x0)
[W : PPU[31] Thread (INITASYNC)[0x00a6d004]]: sceNpTrophy warning: sceNpTrophyRegisterContext(context=0, handle=0, statusCb_addr=0x49cb20, arg_addr=0x0, options=0x1)
[E : PPU[1] Thread (CPUThread)[0x0029eef8]]: sys_fs error: "USRDIR/CUSTOM/SOUNDS.ARC" not found! flags: 0x00000000
[E : PPU[1] Thread (CPUThread)[0x0029eef8]]: sys_fs error: "USRDIR/CUSTOM/MUSIC.ARC" not found! flags: 0x00000000
[! : PPU[1] Thread (CPUThread)[0x00a7901c]]: *** New PPU Thread [ASYNCCALL] (): id = 33
[E : PPU[33] Thread (ASYNCCALL)[0x0047d028]]: sys_fs error: "USRDIR/CUSTOM/MIDI/e_se_seq/e_se000.ogg" not found! flags: 0x00000000
[W : PPU[1] Thread (CPUThread)[0x00a5b004]]: cellSysmodule warning: cellSysmoduleLoadModule(CELL_SYSMODULE_AUDIO)
[W : PPU[1] Thread (CPUThread)[0x00a79034]]: sys_lwmutex warning: *** lwmutex created [SNDMTX] (attribute=0x21): sq_id = 34
[W : PPU[1] Thread (CPUThread)[0x00a5f004]]: cellAudio warning: cellAudioInit()
[! : Audio Thread]: Audio started
[W : PPU[33] Thread (ASYNCCALL)[0x0047d034]]: sys_fs warning: cellFsAioRead(aio_addr=0x3011ba78, id_addr=0x3011baa0, func_addr=0x49b480)
[W : PPU[1] Thread (CPUThread)[0x002892d8]]: libmixer warning: cellSurMixerCreate(config_addr=0x4689a8)
[W : PPU[1] Thread (CPUThread)[0x002892d8]]: libmixer warning: *** surMixer created (ch1=0, ch2=20, ch6=0, ch8=0)
[W : PPU[1] Thread (CPUThread)[0x00285e88]]: libmixer warning: cellSurMixerGetAANHandle(handle_addr=0x35ab9d28) -> 0x11111111
[W : PPU[1] Thread (CPUThread)[0x002868f0]]: libmixer warning: cellSurMixerChStripGetAANPortNo(port_addr=0xd0010920, type=0x2, index=0x0) -> 0x20000
[W : PPU[1] Thread (CPUThread)[0x00a79034]]: sys_lwmutex warning: *** lwmutex created [VOICEMTX] (attribute=0x21): sq_id = 35
[W : PPU[1] Thread (CPUThread)[0x002868f0]]: libmixer warning: cellSurMixerChStripGetAANPortNo(port_addr=0xd0010920, type=0x2, index=0x1) -> 0x20001
[W : PPU[1] Thread (CPUThread)[0x00a79034]]: sys_lwmutex warning: *** lwmutex created [VOICEMTX] (attribute=0x21): sq_id = 36
[W : PPU[1] Thread (CPUThread)[0x002868f0]]: libmixer warning: cellSurMixerChStripGetAANPortNo(port_addr=0xd0010920, type=0x2, index=0x2) -> 0x20002
[W : PPU[1] Thread (CPUThread)[0x00a79034]]: sys_lwmutex warning: *** lwmutex created [VOICEMTX] (attribute=0x21): sq_id = 37
[W : PPU[1] Thread (CPUThread)[0x002868f0]]: libmixer warning: cellSurMixerChStripGetAANPortNo(port_addr=0xd0010920, type=0x2, index=0x3) -> 0x20003
[W : PPU[1] Thread (CPUThread)[0x00a79034]]: sys_lwmutex warning: *** lwmutex created [VOICEMTX] (attribute=0x21): sq_id = 38
[W : PPU[1] Thread (CPUThread)[0x002868f0]]: libmixer warning: cellSurMixerChStripGetAANPortNo(port_addr=0xd0010920, type=0x2, index=0x4) -> 0x20004
[W : PPU[1] Thread (CPUThread)[0x00a79034]]: sys_lwmutex warning: *** lwmutex created [VOICEMTX] (attribute=0x21): sq_id = 39
[W : PPU[1] Thread (CPUThread)[0x002868f0]]: libmixer warning: cellSurMixerChStripGetAANPortNo(port_addr=0xd0010920, type=0x2, index=0x5) -> 0x20005
[W : PPU[1] Thread (CPUThread)[0x00a79034]]: sys_lwmutex warning: *** lwmutex created [VOICEMTX] (attribute=0x21): sq_id = 40
[W : PPU[1] Thread (CPUThread)[0x002868f0]]: libmixer warning: cellSurMixerChStripGetAANPortNo(port_addr=0xd0010920, type=0x2, index=0x6) -> 0x20006
[W : PPU[1] Thread (CPUThread)[0x00a79034]]: sys_lwmutex warning: *** lwmutex created [VOICEMTX] (attribute=0x21): sq_id = 41
[W : PPU[1] Thread (CPUThread)[0x002868f0]]: libmixer warning: cellSurMixerChStripGetAANPortNo(port_addr=0xd0010920, type=0x2, index=0x7) -> 0x20007
[W : PPU[1] Thread (CPUThread)[0x00a79034]]: sys_lwmutex warning: *** lwmutex created [VOICEMTX] (attribute=0x21): sq_id = 42
[W : PPU[1] Thread (CPUThread)[0x002868f0]]: libmixer warning: cellSurMixerChStripGetAANPortNo(port_addr=0xd0010920, type=0x2, index=0x8) -> 0x20008
[W : PPU[1] Thread (CPUThread)[0x00a79034]]: sys_lwmutex warning: *** lwmutex created [VOICEMTX] (attribute=0x21): sq_id = 43
[W : PPU[1] Thread (CPUThread)[0x002868f0]]: libmixer warning: cellSurMixerChStripGetAANPortNo(port_addr=0xd0010920, type=0x2, index=0x9) -> 0x20009
[W : PPU[1] Thread (CPUThread)[0x00a79034]]: sys_lwmutex warning: *** lwmutex created [VOICEMTX] (attribute=0x21): sq_id = 44
[W : PPU[1] Thread (CPUThread)[0x002868f0]]: libmixer warning: cellSurMixerChStripGetAANPortNo(port_addr=0xd0010920, type=0x2, index=0xa) -> 0x2000a
[W : PPU[1] Thread (CPUThread)[0x00a79034]]: sys_lwmutex warning: *** lwmutex created [VOICEMTX] (attribute=0x21): sq_id = 45
[W : PPU[1] Thread (CPUThread)[0x002868f0]]: libmixer warning: cellSurMixerChStripGetAANPortNo(port_addr=0xd0010920, type=0x2, index=0xb) -> 0x2000b
[W : PPU[1] Thread (CPUThread)[0x00a79034]]: sys_lwmutex warning: *** lwmutex created [VOICEMTX] (attribute=0x21): sq_id = 46
[W : PPU[1] Thread (CPUThread)[0x002868f0]]: libmixer warning: cellSurMixerChStripGetAANPortNo(port_addr=0xd0010920, type=0x2, index=0xc) -> 0x2000c
[W : PPU[1] Thread (CPUThread)[0x00a79034]]: sys_lwmutex warning: *** lwmutex created [VOICEMTX] (attribute=0x21): sq_id = 47
[W : PPU[1] Thread (CPUThread)[0x002868f0]]: libmixer warning: cellSurMixerChStripGetAANPortNo(port_addr=0xd0010920, type=0x2, index=0xd) -> 0x2000d
[W : PPU[1] Thread (CPUThread)[0x00a79034]]: sys_lwmutex warning: *** lwmutex created [VOICEMTX] (attribute=0x21): sq_id = 48
[W : PPU[1] Thread (CPUThread)[0x002868f0]]: libmixer warning: cellSurMixerChStripGetAANPortNo(port_addr=0xd0010920, type=0x2, index=0xe) -> 0x2000e
[W : PPU[1] Thread (CPUThread)[0x00a79034]]: sys_lwmutex warning: *** lwmutex created [VOICEMTX] (attribute=0x21): sq_id = 49
[W : PPU[1] Thread (CPUThread)[0x002868f0]]: libmixer warning: cellSurMixerChStripGetAANPortNo(port_addr=0xd0010920, type=0x2, index=0xf) -> 0x2000f
[W : PPU[1] Thread (CPUThread)[0x00a79034]]: sys_lwmutex warning: *** lwmutex created [VOICEMTX] (attribute=0x21): sq_id = 50
[W : PPU[1] Thread (CPUThread)[0x002868f0]]: libmixer warning: cellSurMixerChStripGetAANPortNo(port_addr=0xd0010920, type=0x2, index=0x10) -> 0x20010
[W : PPU[1] Thread (CPUThread)[0x00a79034]]: sys_lwmutex warning: *** lwmutex created [VOICEMTX] (attribute=0x21): sq_id = 51
[W : PPU[1] Thread (CPUThread)[0x002868f0]]: libmixer warning: cellSurMixerChStripGetAANPortNo(port_addr=0xd0010920, type=0x2, index=0x11) -> 0x20011
[W : PPU[1] Thread (CPUThread)[0x00a79034]]: sys_lwmutex warning: *** lwmutex created [VOICEMTX] (attribute=0x21): sq_id = 52
[W : PPU[1] Thread (CPUThread)[0x002868f0]]: libmixer warning: cellSurMixerChStripGetAANPortNo(port_addr=0xd0010920, type=0x2, index=0x12) -> 0x20012
[W : PPU[1] Thread (CPUThread)[0x00a79034]]: sys_lwmutex warning: *** lwmutex created [VOICEMTX] (attribute=0x21): sq_id = 53
[W : PPU[1] Thread (CPUThread)[0x002868f0]]: libmixer warning: cellSurMixerChStripGetAANPortNo(port_addr=0xd0010920, type=0x2, index=0x13) -> 0x20013
[W : PPU[1] Thread (CPUThread)[0x00a79034]]: sys_lwmutex warning: *** lwmutex created [VOICEMTX] (attribute=0x21): sq_id = 54
[W : PPU[1] Thread (CPUThread)[0x00285ec0]]: libmixer warning: cellSurMixerSetNotifyCallback(func_addr=0x49cd10, arg=0x35aa1d00) (surMixerCb=0x0)
[! : PPU[1] Thread (CPUThread)[0x00a7901c]]: *** New PPU Thread [sound thread] (): id = 55
[W : PPU[55] Thread (sound thread)[0x0028870c]]: libmixer warning: cellSurMixerStart()
[W : PPU[55] Thread (sound thread)[0x0028870c]]: libmixer warning: *** audio port opened(default)
[E : PPU[56] Thread (Surmixer Callback)[0x00285d3c]]: libmixer error: cellAANAddData(handle=0x11111111, port=0x20000, offset=0x0, addr=0xd006cdc0, samples=0x0)
[W : Audio Thread]: Audio aborted
[W : Surmixer Thread]: ExecAsCallback(wait=true) aborted
[! : RSXThread]: RSX thread exit...
[!]: Closing memory...
