[!]: path: /dev_hdd0/game/
[!]: Loading 'D:\Emulateurs\Rpcs3\dev_hdd0\game\NPEB00765-[Smash 'N' Survive]/USRDIR/BOOT.BIN'...
[!]: Mount info:
[!]: /dev_hdd0/ -> D:\Emulateurs\Rpcs3\dev_hdd0\
[!]: /dev_hdd1/ -> D:\Emulateurs\Rpcs3\dev_hdd1\
[!]: /dev_flash/ -> D:\Emulateurs\Rpcs3\dev_flash\
[!]: /dev_usb000/ -> D:\Emulateurs\Rpcs3\dev_usb000\
[!]: /dev_usb/ -> D:\Emulateurs\Rpcs3\dev_usb000\
[!]: /app_home/ -> D:\Emulateurs\Rpcs3\dev_hdd0\game\NPEB00765-[Smash 'N' Survive]/\USRDIR\
[!]: /dev_bdvd/ -> D:\Emulateurs\Rpcs3\dev_hdd0\game\NPEB00765-[Smash 'N' Survive]/\..\
[!]: /host_root/ -> 
[!]: ///resource/ -> D:\Emulateurs\Rpcs3\dev_hdd0\game\NPEB00765-[Smash 'N' Survive]/\USRDIR\resource\
[!]: /app_home/Game/PS3_GAME/USRDIR/ -> D:\Emulateurs\Rpcs3\dev_hdd0\game\NPEB00765-[Smash 'N' Survive]/\USRDIR\
[!]: /app_home/PS3_GAME/USRDIR/media/ -> D:\Emulateurs\Rpcs3\dev_hdd0\game\NPEB00765-[Smash 'N' Survive]/\USRDIR\media\
[!]: /Data/ -> D:\Emulateurs\Rpcs3\dev_hdd0\game\NPEB00765-[Smash 'N' Survive]/\USRDIR\Data\
[!]: /USRDIR/PS3_GAME/USRDIR/Data/ -> D:\Emulateurs\Rpcs3\dev_hdd0\game\NPEB00765-[Smash 'N' Survive]/\USRDIR\Data\
[!]: /app_home//dev_bdvd/PS3_GAME/USRDIR/data/gos/ -> D:\Emulateurs\Rpcs3\dev_hdd0\game\NPEB00765-[Smash 'N' Survive]/\USRDIR\
[!]: BD/ -> D:\Emulateurs\Rpcs3\dev_hdd0\game\NPEB00765-[Smash 'N' Survive]/\USRDIR\
[!]: //dev_bdvd/PS3_GAME/USRDIR/ -> D:\Emulateurs\Rpcs3\dev_hdd0\game\NPEB00765-[Smash 'N' Survive]/\USRDIR\
[!]: / -> D:\Emulateurs\Rpcs3\dev_hdd0\game\NPEB00765-[Smash 'N' Survive]/\USRDIR\
[!]: // -> D:\Emulateurs\Rpcs3\dev_hdd0\game\NPEB00765-[Smash 'N' Survive]/\USRDIR\
[!]: Initing memory...
[!]: Memory initialized.
[W]: Unknown function 0xbd6d60d9 in 'cellGcmSys' module
[E]: TODO: cellGcmSetInvalidateTile
[W]: Unknown function 0x20543730 in 'cellSysutil' module
[E]: TODO: cellMsgDialogClose
[W]: Unknown function 0x21425307 in 'cellSysutil' module
[E]: TODO: cellSaveDataListAutoLoad
[W]: Unknown function 0x4dd03a4e in 'cellSysutil' module
[E]: TODO: cellSaveDataListAutoSave
[W]: Unknown function 0x62b0f803 in 'cellSysutil' module
[E]: TODO: cellMsgDialogAbort
[W]: Unknown function 0xbef554a4 in 'sys_fs' module
[E]: TODO: cellFsUtime
[W]: Unknown function 0x13efe7f5 in 'sys_net' module
[E]: TODO: getsockname
[W]: Unknown function 0x3f09e20a in 'sys_net' module
[E]: TODO: socketselect
[W]: Unknown function 0x5a045bd1 in 'sys_net' module
[E]: TODO: getsockopt
[W]: Unknown function 0x71f4c717 in 'sys_net' module
[E]: TODO: gethostbyname
[W]: Unknown function 0x858a930b in 'sys_net' module
[E]: TODO: inet_ntoa
[W]: Unknown function 0x303c19cd in 'cellSpurs' module
[E]: TODO: cellSpursCreateJobChainWithAttribute
[W]: Unknown function 0x3548f483 in 'cellSpurs' module
[E]: TODO: _cellSpursJobChainAttributeInitialize
[W]: Unknown function 0x68aaeba9 in 'cellSpurs' module
[E]: TODO: cellSpursJobGuardInitialize
[W]: Unknown function 0x738e40e6 in 'cellSpurs' module
[E]: TODO: cellSpursShutdownJobChain
[W]: Unknown function 0xa7c066de in 'cellSpurs' module
[E]: TODO: cellSpursJoinJobChain
[W]: Unknown function 0xd5d0b256 in 'cellSpurs' module
[E]: TODO: cellSpursJobGuardNotify
[W]: Unknown function 0xf31731bb in 'cellSpurs' module
[E]: TODO: cellSpursRunJobChain
[W]: Unknown function 0x9fef70c2 in 'cellSpurs' module
[E]: TODO: cellSpursJobChainAttributeSetName
[W]: Unknown function 0x379c5dd6 in 'cellCamera' module
[E]: TODO: cellCameraClose
[W]: Unknown function 0x3845d39b in 'cellCamera' module
[E]: TODO: cellCameraRead
[W]: Unknown function 0x456dc4aa in 'cellCamera' module
[E]: TODO: cellCameraStart
[W]: Unknown function 0x58bc5870 in 'cellCamera' module
[E]: TODO: cellCameraGetType
[W]: Unknown function 0x5d25f866 in 'cellCamera' module
[E]: TODO: cellCameraOpenEx
[W]: Unknown function 0x7dac520c in 'cellCamera' module
[E]: TODO: cellCameraGetBufferSize
[W]: Unknown function 0x7e063bbc in 'cellCamera' module
[E]: TODO: cellCameraIsAttached
[W]: Unknown function 0x8ca53dde in 'cellCamera' module
[E]: TODO: cellCameraIsAvailable
[W]: Unknown function 0x8cd56eee in 'cellCamera' module
[E]: TODO: cellCameraSetAttribute
[W]: Unknown function 0xbf47c5dd in 'cellCamera' module
[E]: TODO: cellCameraInit
[W]: Unknown module 'cellScreenShotUtility'
[W]: Unknown function 0x01fbbc9b in 'sceNp' module
[E]: TODO: sceNpBasicSendMessageGui
[W]: Unknown function 0x32c78a6a in 'sceNp' module
[E]: TODO: sceNpBasicGetFriendPresenceByIndex
[W]: Unknown function 0x3f0808aa in 'sceNp' module
[E]: TODO: sceNpBasicSetPresence
[W]: Unknown function 0x50b86d94 in 'sceNp' module
[E]: TODO: sceNpSignalingAddExtendedHandler
[W]: Unknown function 0x52a6b523 in 'sceNp' module
[E]: TODO: sceNpManagerUnregisterCallback
[W]: Unknown function 0x60897c38 in 'sceNp' module
[E]: TODO: sceNpSignalingActivateConnection
[W]: Unknown function 0x6356082e in 'sceNp' module
[E]: TODO: sceNpSignalingCreateCtx
[W]: Unknown function 0x6453b27b in 'sceNp' module
[E]: TODO: sceNpBasicGetFriendPresenceByIndex2
[W]: Unknown function 0x64a704cc in 'sceNp' module
[E]: TODO: sceNpBasicRecvMessageAttachmentLoad
[W]: Unknown function 0x75eb50cb in 'sceNp' module
[E]: TODO: sceNpSignalingGetPeerNetInfo
[W]: Unknown function 0x9ad7fbd1 in 'sceNp' module
[E]: TODO: sceNpSignalingGetLocalNetInfo
[W]: Unknown function 0xa8cf8451 in 'sceNp' module
[E]: TODO: sceNpSignalingDestroyCtx
[W]: Unknown function 0xacb9ee8e in 'sceNp' module
[E]: TODO: sceNpBasicUnregisterHandler
[W]: Unknown function 0xafef640d in 'sceNp' module
[E]: TODO: sceNpBasicGetFriendListEntryCount
[W]: Unknown function 0xbcc09fe7 in 'sceNp' module
[E]: TODO: sceNpBasicRegisterHandler
[W]: Unknown function 0xca0a2d04 in 'sceNp' module
[E]: TODO: sceNpSignalingGetConnectionStatus
[W]: Unknown function 0xd208f91d in 'sceNp' module
[E]: TODO: sceNpUtilCmpNpId
[W]: Unknown function 0xe035f7d6 in 'sceNp' module
[E]: TODO: sceNpBasicGetEvent
[W]: Unknown function 0xe7dcd3b4 in 'sceNp' module
[E]: TODO: sceNpManagerRegisterCallback
[W]: Unknown function 0xfd0eb5ae in 'sceNp' module
[E]: TODO: sceNpSignalingDeactivateConnection
[W]: Unknown function 0xfe37a7f4 in 'sceNp' module
[E]: TODO: sceNpManagerGetNpId
[W]: Unknown function 0x01379fd7 in 'sceNp2' module
[E]: TODO: sceNpMatching2DestroyContext
[W]: Unknown function 0x05bf2fbd in 'sceNp2' module
[E]: TODO: sceNpMatching2GetWorldInfoList
[W]: Unknown function 0x0d22867f in 'sceNp2' module
[E]: TODO: sceNpMatching2SearchRoom
[W]: Unknown function 0x12d0b0f9 in 'sceNp2' module
[E]: TODO: sceNpMatching2ContextStart
[W]: Unknown function 0x16b3e5a4 in 'sceNp2' module
[E]: TODO: sceNpMatching2CreateServerContext
[W]: Unknown function 0x1f372697 in 'sceNp2' module
[E]: TODO: sceNpMatching2LeaveRoom
[W]: Unknown function 0x23009d07 in 'sceNp2' module
[E]: TODO: sceNpMatching2Term2
[W]: Unknown function 0x3457c0db in 'sceNp2' module
[E]: TODO: sceNpMatching2GetServerInfo
[W]: Unknown function 0x3c00c9d4 in 'sceNp2' module
[E]: TODO: sceNpMatching2GetEventData
[W]: Unknown function 0x41251f74 in 'sceNp2' module
[E]: TODO: sceNp2Init
[W]: Unknown function 0x5721e711 in 'sceNp2' module
[E]: TODO: sceNpMatching2JoinRoom
[W]: Unknown function 0x748029a2 in 'sceNp2' module
[E]: TODO: sceNpMatching2RegisterContextCallback
[W]: Unknown function 0x8e5cfe9f in 'sceNp2' module
[E]: TODO: sceNpMatching2GetServerIdListLocal
[W]: Unknown function 0x9cbce3f2 in 'sceNp2' module
[E]: TODO: sceNpMatching2CreateContext
[W]: Unknown function 0xaa6c2c43 in 'sceNp2' module
[E]: TODO: sceNpMatching2ClearEventData
[W]: Unknown function 0xaadb7c12 in 'sceNp2' module
[E]: TODO: sceNp2Term
[W]: Unknown function 0xc6b63b7e in 'sceNp2' module
[E]: TODO: sceNpMatching2DeleteServerContext
[W]: Unknown function 0xdb87b088 in 'sceNp2' module
[E]: TODO: sceNpMatching2SetDefaultRequestOptParam
[W]: Unknown function 0xdcb6b27d in 'sceNp2' module
[E]: TODO: sceNpMatching2RegisterRoomEventCallback
[W]: Unknown function 0xe4ac32ca in 'sceNp2' module
[E]: TODO: sceNpMatching2GetRoomDataExternalList
[W]: Unknown function 0xe7a3bc7a in 'sceNp2' module
[E]: TODO: sceNpMatching2CreateJoinRoom
[W]: Unknown function 0xf43c647a in 'sceNp2' module
[E]: TODO: sceNpMatching2ContextStop
[W]: Unknown function 0xf4babd3f in 'sceNp2' module
[E]: TODO: sceNpMatching2Init2
[W]: Unknown function 0xfee11e72 in 'sceNp2' module
[E]: TODO: sceNpMatching2RegisterRoomMessageCallback
[W : PPU[1] Thread (CPUThread)[0x02678034]]: sys_lwmutex warning: *** lwmutex created [_lc_mtx] (attribute=0x12): sq_id = 3
[W : PPU[1] Thread (CPUThread)[0x00775bd4]]: memory warning: sys_memory_get_user_memory_size(mem_info_addr=0xd0010c04)
[W : PPU[1] Thread (CPUThread)[0x02678034]]: sys_lwmutex warning: *** lwmutex created [_lc_mtx] (attribute=0x12): sq_id = 4
[W : PPU[1] Thread (CPUThread)[0x02678034]]: sys_lwmutex warning: *** lwmutex created [_lc_mtx] (attribute=0x12): sq_id = 5
[W : PPU[1] Thread (CPUThread)[0x02678034]]: sys_lwmutex warning: *** lwmutex created [_lc_mtx] (attribute=0x12): sq_id = 6
[W : PPU[1] Thread (CPUThread)[0x02678034]]: sys_lwmutex warning: *** lwmutex created [_lc_mtx] (attribute=0x12): sq_id = 7
[W : PPU[1] Thread (CPUThread)[0x02678034]]: sys_lwmutex warning: *** lwmutex created [_lc_mtx] (attribute=0x12): sq_id = 8
[W : PPU[1] Thread (CPUThread)[0x02678034]]: sys_lwmutex warning: *** lwmutex created [_lc_mtx] (attribute=0x12): sq_id = 9
[W : PPU[1] Thread (CPUThread)[0x02678034]]: sys_lwmutex warning: *** lwmutex created [_lc_mtx] (attribute=0x12): sq_id = 10
[W : PPU[1] Thread (CPUThread)[0x02678034]]: sys_lwmutex warning: *** lwmutex created [_lc_mtx] (attribute=0x12): sq_id = 11
[W : PPU[1] Thread (CPUThread)[0x02678034]]: sys_lwmutex warning: *** lwmutex created [_lc_mtx] (attribute=0x12): sq_id = 12
[W : PPU[1] Thread (CPUThread)[0x02678034]]: sys_lwmutex warning: *** lwmutex created [_lgcmtx] (attribute=0x12): sq_id = 13
[W : PPU[1] Thread (CPUThread)[0x02678034]]: sys_lwmutex warning: *** lwmutex created [_lgcmtx] (attribute=0x12): sq_id = 14
[W : PPU[1] Thread (CPUThread)[0x02678034]]: sys_lwmutex warning: *** lwmutex created [_lgcmtx] (attribute=0x22): sq_id = 15
[W : PPU[1] Thread (CPUThread)[0x02678034]]: sys_lwmutex warning: *** lwmutex created [] (attribute=0x22): sq_id = 16
[W : PPU[1] Thread (CPUThread)[0x02678034]]: sys_lwmutex warning: *** lwmutex created [] (attribute=0x22): sq_id = 17
[W : PPU[1] Thread (CPUThread)[0x02678034]]: sys_lwmutex warning: *** lwmutex created [] (attribute=0x22): sq_id = 18
[W : PPU[1] Thread (CPUThread)[0x02678034]]: sys_lwmutex warning: *** lwmutex created [] (attribute=0x22): sq_id = 19
[W : PPU[1] Thread (CPUThread)[0x02678034]]: sys_lwmutex warning: *** lwmutex created [] (attribute=0x11): sq_id = 20
[W : PPU[1] Thread (CPUThread)[0x02678034]]: sys_lwmutex warning: *** lwmutex created [] (attribute=0x11): sq_id = 21
[W : PPU[1] Thread (CPUThread)[0x02678034]]: sys_lwmutex warning: *** lwmutex created [] (attribute=0x11): sq_id = 22
[W : PPU[1] Thread (CPUThread)[0x02678034]]: sys_lwmutex warning: *** lwmutex created [] (attribute=0x11): sq_id = 23
[W : PPU[1] Thread (CPUThread)[0x02678034]]: sys_lwmutex warning: *** lwmutex created [] (attribute=0x11): sq_id = 24
[W : PPU[1] Thread (CPUThread)[0x02678034]]: sys_lwmutex warning: *** lwmutex created [] (attribute=0x11): sq_id = 25
[W : PPU[1] Thread (CPUThread)[0x0265c034]]: cellSysutil warning: cellSysutilGetSystemParamInt: CELL_SYSUTIL_SYSTEMPARAM_ID_LANG
[W : PPU[1] Thread (CPUThread)[0x02678034]]: sys_lwmutex warning: *** lwmutex created [] (attribute=0x11): sq_id = 26
[W : PPU[1] Thread (CPUThread)[0x0265e010]]: cellSysmodule warning: cellSysmoduleLoadModule(CELL_SYSMODULE_FS)
[W : PPU[1] Thread (CPUThread)[0x0265c070]]: cellSysutil warning: cellSysutilRegisterCallback(slot=0, func_addr=0x979e30, userdata=0x1d6ca10)
[W : PPU[1] Thread (CPUThread)[0x0056c620]]: sys_spu warning: sys_spu_initialize(max_usable_spu=5, max_raw_spu=0)
[W : PPU[1] Thread (CPUThread)[0x0266604c]]: cellSpurs warning: cellSpursInitialize(spurs_addr=0x30208700, nSpus=5, spuPriority=250, ppuPriority=4294967295, exitIfNoWork=0)
[W : PPU[1] Thread (CPUThread)[0x0056c6e4]]: sys_event warning: sys_event_queue_create(equeue_id_addr=0x23e318c, attr_addr=0xd00107d0, event_queue_key=0x0, size=10)
[W : PPU[1] Thread (CPUThread)[0x0056c6e4]]: sys_event warning: *** event_queue created [] (protocol=0x2, type=0x1): id = 27
[! : PPU[1] Thread (CPUThread)[0x0267801c]]: *** New PPU Thread [spu_printf_handler] (): id = 28
[W : PPU[1] Thread (CPUThread)[0x0056c738]]: sys_event warning: sys_event_port_create(eport_id_addr=0x23e3198, port_type=0x1, name=0xfee1dead)
[W : PPU[1] Thread (CPUThread)[0x0056c738]]: sys_event warning: *** sys_event_port created: id = 29
[W : PPU[1] Thread (CPUThread)[0x0056c750]]: sys_event warning: sys_event_port_connect_local(eport_id=29, equeue_id=27)
[E : PPU[1] Thread (CPUThread)[0x02666058]]: cellSpurs error: cellSpursAttachLv2EventQueue(spurs_addr=0x30208700, queue=0x1b, port_addr=0xd00107c0, isDynamic=0)
[W : PPU[1] Thread (CPUThread)[0x0056c794]]: sys_event warning: sys_event_queue_create(equeue_id_addr=0x23e31a0, attr_addr=0xd00107d0, event_queue_key=0x0, size=1)
[W : PPU[1] Thread (CPUThread)[0x0056c794]]: sys_event warning: *** event_queue created [] (protocol=0x2, type=0x1): id = 30
[E : PPU[1] Thread (CPUThread)[0x02666058]]: cellSpurs error: cellSpursAttachLv2EventQueue(spurs_addr=0x30208700, queue=0x1e, port_addr=0x23e31a4, isDynamic=1)
[E : PPU[1] Thread (CPUThread)[0x02666010]]: TODO: _cellSpursJobChainAttributeInitialize
[E : PPU[1] Thread (CPUThread)[0x02666004]]: TODO: cellSpursCreateJobChainWithAttribute
[E : PPU[1] Thread (CPUThread)[0x02666028]]: TODO: cellSpursJobGuardInitialize
[E : PPU[1] Thread (CPUThread)[0x02666028]]: TODO: cellSpursJobGuardInitialize
[E : PPU[1] Thread (CPUThread)[0x02666028]]: TODO: cellSpursJobGuardInitialize
[E : PPU[1] Thread (CPUThread)[0x02666028]]: TODO: cellSpursJobGuardInitialize
[E : PPU[1] Thread (CPUThread)[0x02666028]]: TODO: cellSpursJobGuardInitialize
[E : PPU[1] Thread (CPUThread)[0x02666028]]: TODO: cellSpursJobGuardInitialize
[E : PPU[1] Thread (CPUThread)[0x02666028]]: TODO: cellSpursJobGuardInitialize
[E : PPU[1] Thread (CPUThread)[0x02666028]]: TODO: cellSpursJobGuardInitialize
[E : PPU[1] Thread (CPUThread)[0x02666028]]: TODO: cellSpursJobGuardInitialize
[E : PPU[1] Thread (CPUThread)[0x02666028]]: TODO: cellSpursJobGuardInitialize
[E : PPU[1] Thread (CPUThread)[0x02666028]]: TODO: cellSpursJobGuardInitialize
[E : PPU[1] Thread (CPUThread)[0x02666028]]: TODO: cellSpursJobGuardInitialize
[E : PPU[1] Thread (CPUThread)[0x02666028]]: TODO: cellSpursJobGuardInitialize
[E : PPU[1] Thread (CPUThread)[0x02666028]]: TODO: cellSpursJobGuardInitialize
[E : PPU[1] Thread (CPUThread)[0x02666028]]: TODO: cellSpursJobGuardInitialize
[E : PPU[1] Thread (CPUThread)[0x02666028]]: TODO: cellSpursJobGuardInitialize
[E : PPU[1] Thread (CPUThread)[0x0266607c]]: TODO: cellSpursRunJobChain
[W : PPU[1] Thread (CPUThread)[0x0265e010]]: cellSysmodule warning: cellSysmoduleLoadModule(CELL_SYSMODULE_NET)
[W : PPU[1] Thread (CPUThread)[0x0265e010]]: cellSysmodule warning: cellSysmoduleLoadModule(CELL_SYSMODULE_SYSUTIL_GAME)
[W : PPU[1] Thread (CPUThread)[0x0265e010]]: cellSysmodule warning: cellSysmoduleLoadModule(CELL_SYSMODULE_NETCTL)
[W : PPU[1] Thread (CPUThread)[0x0265e010]]: cellSysmodule warning: cellSysmoduleLoadModule(CELL_SYSMODULE_RTC)
[W : PPU[1] Thread (CPUThread)[0x0265e010]]: cellSysmodule warning: cellSysmoduleLoadModule(CELL_SYSMODULE_SYSUTIL_NP)
[W : PPU[1] Thread (CPUThread)[0x0265e010]]: cellSysmodule warning: cellSysmoduleLoadModule(CELL_SYSMODULE_SYSUTIL_NP2)
[W : PPU[1] Thread (CPUThread)[0x0265e010]]: cellSysmodule warning: cellSysmoduleLoadModule(CELL_SYSMODULE_SYSUTIL_USERINFO)
[W : PPU[1] Thread (CPUThread)[0x0265e010]]: cellSysmodule warning: cellSysmoduleLoadModule(CELL_SYSMODULE_IO)
[W : PPU[1] Thread (CPUThread)[0x0265e010]]: cellSysmodule warning: cellSysmoduleLoadModule(CELL_SYSMODULE_SYSUTIL_NP_TROPHY)
[W : PPU[1] Thread (CPUThread)[0x02662004]]: sys_net warning: sys_net_initialize_network_ex(param_addr=0xd0010aa4)
[E : PPU[1] Thread (CPUThread)[0x02664064]]: cellNetCtl error: Unimplemented function: cellNetCtlInit
[E : PPU[1] Thread (CPUThread)[0x02674070]]: TODO: sceNp2Init
[E : PPU[1] Thread (CPUThread)[0x02664010]]: cellNetCtl error: Unimplemented function: cellNetCtlAddHandler
[E : PPU[1] Thread (CPUThread)[0x0267210c]]: TODO: sceNpManagerRegisterCallback
[E : PPU[1] Thread (CPUThread)[0x02672130]]: TODO: sceNpManagerGetNpId
[E : PPU[1] Thread (CPUThread)[0x02672058]]: TODO: sceNpSignalingCreateCtx
[E : PPU[1] Thread (CPUThread)[0x02672034]]: TODO: sceNpSignalingAddExtendedHandler
[W : PPU[1] Thread (CPUThread)[0x0265e010]]: cellSysmodule warning: cellSysmoduleLoadModule(CELL_SYSMODULE_AUDIO)
[W : PPU[1] Thread (CPUThread)[0x0265e010]]: cellSysmodule warning: cellSysmoduleLoadModule(CELL_SYSMODULE_SYSUTIL_SCREENSHOT)
[E : PPU[1] Thread (CPUThread)[0x0266c010]]: TODO: cellScreenShotSetParameter
[E : PPU[1] Thread (CPUThread)[0x0266c004]]: TODO: cellScreenShotEnable
[W : PPU[1] Thread (CPUThread)[0x02678034]]: sys_lwmutex warning: *** lwmutex created [] (attribute=0x11): sq_id = 31
[! : PPU[1] Thread (CPUThread)[0x0267801c]]: *** New PPU Thread [asyncLoad] (): id = 32
[W : PPU[1] Thread (CPUThread)[0x02678034]]: sys_lwmutex warning: *** lwmutex created [] (attribute=0x11): sq_id = 33
[W : PPU[1] Thread (CPUThread)[0x0265a010]]: cellGcmSys warning: cellGcmInit(context_addr=0x2638fc0,cmdSize=0xff000,ioSize=0x100000,ioAddress=0x38e00000)
[W : PPU[1] Thread (CPUThread)[0x0265a010]]: cellGcmSys warning: *** local memory(addr=0xc0000000, size=0xf900000)
[W : PPU[1] Thread (CPUThread)[0x0265a010]]: cellGcmSys warning: cellGcmMapEaIoAddress(ea=0x38e00000, io=0x0, size=0x100000)
[! : RSXThread]: RSX thread entry
[W : PPU[1] Thread (CPUThread)[0x0265a07c]]: cellGcmSys warning: cellGcmMapMainMemory(ea=0x38f00000,size=0x1400000,offset_addr=0xd0010460)
[W : PPU[1] Thread (CPUThread)[0x0265a07c]]: cellGcmSys warning: cellGcmMapMainMemory(ea=0x30200000,size=0x8b00000,offset_addr=0xd0010460)
[W : PPU[1] Thread (CPUThread)[0x0265a004]]: cellGcmSys warning: cellGcmGetTiledPitchSize(size=5120)
[W : PPU[1] Thread (CPUThread)[0x0265c004]]: cellSysutil warning: cellVideoOutConfigure(videoOut=0, config_addr=0x25194c4, option_addr=0x0, waitForEvent=0x0)
[W : PPU[1] Thread (CPUThread)[0x0265a040]]: cellGcmSys warning: cellGcmSetFlipMode(mode=1)
[W : PPU[1] Thread (CPUThread)[0x0265a004]]: cellGcmSys warning: cellGcmGetTiledPitchSize(size=8192)
[W : PPU[1] Thread (CPUThread)[0x0265a088]]: cellGcmSys warning: cellGcmSetDisplayBuffer(id=0x0,offset=0xc00000,pitch=4,width=1280,height=720)
[W : PPU[1] Thread (CPUThread)[0x0265a0b8]]: cellGcmSys warning: cellGcmSetTile(index=0, location=0, offset=12582912, size=3801088, pitch=5120, comp=0, base=0, bank=0)
[W : PPU[1] Thread (CPUThread)[0x0265a088]]: cellGcmSys warning: cellGcmSetDisplayBuffer(id=0x1,offset=0xfa0000,pitch=4,width=1280,height=720)
[W : PPU[1] Thread (CPUThread)[0x0265a0b8]]: cellGcmSys warning: cellGcmSetTile(index=1, location=0, offset=16384000, size=3801088, pitch=5120, comp=0, base=0, bank=0)
[W : PPU[1] Thread (CPUThread)[0x0265a0b8]]: cellGcmSys warning: cellGcmSetTile(index=2, location=0, offset=0, size=12582912, pitch=8192, comp=0, base=0, bank=2)
[W : PPU[1] Thread (CPUThread)[0x0265a0c4]]: cellGcmSys warning: TODO: cellGcmSetZcull(index=0, offset=0x0, width=2048, height=576, cullStart=0x0, zFormat=0x2, aaFormat=0x3, zCullDir=0x0, zCullFormat=0x1, sFunc=0x0, sRef=0x0, sMask=0x0)
[W : PPU[1] Thread (CPUThread)[0x0265a004]]: cellGcmSys warning: cellGcmGetTiledPitchSize(size=8192)
[W : PPU[1] Thread (CPUThread)[0x0265a0b8]]: cellGcmSys warning: cellGcmSetTile(index=3, location=0, offset=20185088, size=4718592, pitch=8192, comp=0, base=72, bank=0)
[W : PPU[1] Thread (CPUThread)[0x0265a004]]: cellGcmSys warning: cellGcmGetTiledPitchSize(size=4096)
[W : PPU[1] Thread (CPUThread)[0x0265a0b8]]: cellGcmSys warning: cellGcmSetTile(index=4, location=0, offset=24903680, size=2359296, pitch=4096, comp=0, base=36, bank=0)
[W : PPU[1] Thread (CPUThread)[0x0265a04c]]: cellGcmSys warning: cellGcmSetDebugOutputLevel(level=2)
[E : PPU[1] Thread (CPUThread)[0x0265a0a0]]: cellGcmSys error: Unimplemented function: cellGcmSetVBlankHandler
[! : PPU[1] Thread (CPUThread)[0x0267801c]]: *** New PPU Thread [hddfileinfo] (): id = 34
[W : PPU[34] Thread (hddfileinfo)[0x0266a028]]: cellGame warning: cellGameBootCheck(type_addr=0xd0040d18, attributes_addr=0xd0040d10, size_addr=0xd0040d1c, dirName_addr=0xd0040d28)
[W : PPU[1] Thread (CPUThread)[0x0265e010]]: cellSysmodule warning: cellSysmoduleLoadModule(CELL_SYSMODULE_SYSUTIL_GAME)
[! : RSXThread]: RSX thread exit...
[W : PPU[28] Thread (spu_printf_handler)[0x0056c070]]: sys_event_queue_receive(equeue=27) aborted
[!]: Closing memory...
