[!]: path: /dev_hdd0/game/
[!]: Loading 'D:\Documents and Settings\trinitw7x64\PS3\rpcs3-64\dev_hdd0\game\NPUA80008/USRDIR/BOOT.BIN'...
[!]: Mount info:
[!]: /dev_hdd0/ -> D:\Documents and Settings\trinitw7x64\PS3\rpcs3-64/dev_hdd0/
[!]: /dev_hdd1/ -> D:\Documents and Settings\trinitw7x64\PS3\rpcs3-64/dev_hdd1/
[!]: /dev_flash/ -> D:\Documents and Settings\trinitw7x64\PS3\rpcs3-64/dev_flash/
[!]: /dev_usb000/ -> D:\Documents and Settings\trinitw7x64\PS3\rpcs3-64/dev_usb000/
[!]: /dev_usb/ -> D:\Documents and Settings\trinitw7x64\PS3\rpcs3-64/dev_usb000/
[!]: /app_home/ -> D:\Documents and Settings\trinitw7x64\PS3\rpcs3-64\dev_hdd0\game\NPUA80008/
[!]: /dev_bdvd/ -> D:\Documents and Settings\trinitw7x64\PS3\rpcs3-64\dev_hdd0\game\NPUA80008//../
[!]: /host_root/ -> 
[!]: / -> D:\Documents and Settings\trinitw7x64\PS3\rpcs3-64\dev_hdd0\game\NPUA80008/
[!]: USRDIR/ -> D:\Documents and Settings\trinitw7x64\PS3\rpcs3-64\dev_hdd0\game\NPUA80008//USRDIR/
[!]: ICON0.PNG -> D:\Documents and Settings\trinitw7x64\PS3\rpcs3-64\dev_hdd0\game\NPUA80008//ICON0.PNG
[!]: Initing memory...
[!]: Memory initialized.
[W]: Unknown function 0x99d397ac in 'cellGcmSys' module
[E]: TODO: cellGcmGetReport
[W]: Unknown function 0xe0cef79e in 'cellResc' module
[E]: TODO: cellRescCreateInterlaceTable
[W]: Unknown module 'cellMusicDecodeUtility'
[W]: Unknown function 0x3929948d in 'cellSync' module
[E]: TODO: cellSyncQueueInitialize
[W]: Unknown function 0x4da349b2 in 'cellSync' module
[E]: TODO: cellSyncQueueSize
[W]: Unknown function 0x5ae841e5 in 'cellSync' module
[E]: TODO: cellSyncQueuePush
[W : PPU[1] Thread (CPUThread)[0x003a7034]]: sys_lwmutex warning: *** lwmutex created [_lc_mtx] (attribute=0x12): sq_id = 3
[W : PPU[1] Thread (CPUThread)[0x001fee60]]: memory warning: sys_memory_get_user_memory_size(mem_info_addr=0xd0010c04)
[W : PPU[1] Thread (CPUThread)[0x003a7034]]: sys_lwmutex warning: *** lwmutex created [_lc_mtx] (attribute=0x12): sq_id = 4
[W : PPU[1] Thread (CPUThread)[0x003a7034]]: sys_lwmutex warning: *** lwmutex created [_lc_mtx] (attribute=0x12): sq_id = 5
[W : PPU[1] Thread (CPUThread)[0x003a7034]]: sys_lwmutex warning: *** lwmutex created [_lc_mtx] (attribute=0x12): sq_id = 6
[W : PPU[1] Thread (CPUThread)[0x003a7034]]: sys_lwmutex warning: *** lwmutex created [_lc_mtx] (attribute=0x12): sq_id = 7
[W : PPU[1] Thread (CPUThread)[0x003a7034]]: sys_lwmutex warning: *** lwmutex created [_lc_mtx] (attribute=0x12): sq_id = 8
[W : PPU[1] Thread (CPUThread)[0x003a7034]]: sys_lwmutex warning: *** lwmutex created [_lc_mtx] (attribute=0x12): sq_id = 9
[W : PPU[1] Thread (CPUThread)[0x003a7034]]: sys_lwmutex warning: *** lwmutex created [_lc_mtx] (attribute=0x12): sq_id = 10
[W : PPU[1] Thread (CPUThread)[0x003a7034]]: sys_lwmutex warning: *** lwmutex created [_lc_mtx] (attribute=0x12): sq_id = 11
[W : PPU[1] Thread (CPUThread)[0x003a7034]]: sys_lwmutex warning: *** lwmutex created [_lc_mtx] (attribute=0x12): sq_id = 12
[W : PPU[1] Thread (CPUThread)[0x00391004]]: cellSysmodule warning: cellSysmoduleLoadModule(CELL_SYSMODULE_GCM_SYS)
[W : PPU[1] Thread (CPUThread)[0x00391004]]: cellSysmodule warning: cellSysmoduleLoadModule(CELL_SYSMODULE_FS)
[W : PPU[1] Thread (CPUThread)[0x00391004]]: cellSysmodule warning: cellSysmoduleLoadModule(CELL_SYSMODULE_IO)
[W : PPU[1] Thread (CPUThread)[0x00391004]]: cellSysmodule warning: cellSysmoduleLoadModule(CELL_SYSMODULE_RESC)
[W : PPU[1] Thread (CPUThread)[0x00391004]]: cellSysmodule warning: cellSysmoduleLoadModule(CELL_SYSMODULE_SYSUTIL_GAME)
[W : PPU[1] Thread (CPUThread)[0x00391004]]: cellSysmodule warning: cellSysmoduleLoadModule(CELL_SYSMODULE_SYSUTIL_NP_TROPHY)
[W : PPU[1] Thread (CPUThread)[0x00088be4]]: memory warning: sys_memory_get_user_memory_size(mem_info_addr=0xd0010b60)
[W : PPU[1] Thread (CPUThread)[0x000897d4]]: sys_spu warning: sys_spu_initialize(max_usable_spu=6, max_raw_spu=0)
[W : PPU[1] Thread (CPUThread)[0x003a1010]]: cellSpurs warning: _cellSpursAttributeInitialize(attr_addr=0xd0010930, nSpus=2, spuPriority=2621441, ppuPriority=1, exitIfNoWork=250)
[W : PPU[1] Thread (CPUThread)[0x003a1004]]: cellSpurs warning: cellSpursAttributeSetNamePrefix(attr_addr=0xd0010930, prefix_addr=0x296050, size=0x6)
[W : PPU[1] Thread (CPUThread)[0x003a101c]]: cellSpurs warning: cellSpursInitializeWithAttribute(spurs_addr=0x30100180, spurs_addr=0xd0010930)
[E : PPU[1] Thread (CPUThread)[0x003a5004]]: TODO: cellSyncQueueInitialize
[W : PPU[1] Thread (CPUThread)[0x00089910]]: sys_spu warning: sys_spu_thread_group_create(id_addr=0xd00108d4, num=5, prio=100, attr_addr=0xd00108ec)
[W : PPU[1] Thread (CPUThread)[0x00089910]]: sys_spu warning: *** SPU Thread Group created [altona-group] (type=0x0, option.ct=0x0): id=13
[W : PPU[1] Thread (CPUThread)[0x003a70ac]]: sysPrxForUser warning: sys_spu_image_import(img=0xd00108fc, src=0x2ac880, type=0x1)
[W : PPU[1] Thread (CPUThread)[0x003a70ac]]: desc = 'PS3_Release/ps3spu.spu.elf'
[W : PPU[1] Thread (CPUThread)[0x000899ec]]: sys_spu warning: sys_spu_thread_initialize(thread_addr=0x348fc8, group=0xd, spu_num=0, img_addr=0xd00108fc, attr_addr=0xd00108e0, arg_addr=0xd0010910)
[W : PPU[1] Thread (CPUThread)[0x000899ec]]: sys_spu warning: *** New SPU Thread [altona-thread] (img_offset=0x3aa000, ls_offset=0x3ea000, ep=0xd0, a1=0x0, a2=0x3010012000000000, a3=0x348fdc00000000, a4=0x0): id=14
[W : PPU[1] Thread (CPUThread)[0x00089a28]]: sys_spu warning: sys_spu_thread_initialize(thread_addr=0x348fcc, group=0xd, spu_num=1, img_addr=0xd00108fc, attr_addr=0xd00108e0, arg_addr=0xd0010910)
[W : PPU[1] Thread (CPUThread)[0x00089a28]]: sys_spu warning: *** New SPU Thread [altona-thread] (img_offset=0x3aa000, ls_offset=0x42a000, ep=0xd0, a1=0x100000000, a2=0x3010012000000000, a3=0x348fdc00000000, a4=0x0): id=15
[W : PPU[1] Thread (CPUThread)[0x00089a64]]: sys_spu warning: sys_spu_thread_initialize(thread_addr=0x348fd0, group=0xd, spu_num=2, img_addr=0xd00108fc, attr_addr=0xd00108e0, arg_addr=0xd0010910)
[W : PPU[1] Thread (CPUThread)[0x00089a64]]: sys_spu warning: *** New SPU Thread [altona-thread] (img_offset=0x3aa000, ls_offset=0x46a000, ep=0xd0, a1=0x200000000, a2=0x3010012000000000, a3=0x348fdc00000000, a4=0x0): id=16
[W : PPU[1] Thread (CPUThread)[0x00089aa0]]: sys_spu warning: sys_spu_thread_initialize(thread_addr=0x348fd4, group=0xd, spu_num=3, img_addr=0xd00108fc, attr_addr=0xd00108e0, arg_addr=0xd0010910)
[W : PPU[1] Thread (CPUThread)[0x00089aa0]]: sys_spu warning: *** New SPU Thread [altona-thread] (img_offset=0x3aa000, ls_offset=0x4aa000, ep=0xd0, a1=0x300000000, a2=0x3010012000000000, a3=0x348fdc00000000, a4=0x0): id=17
[W : PPU[1] Thread (CPUThread)[0x00089adc]]: sys_spu warning: sys_spu_thread_initialize(thread_addr=0x348fd8, group=0xd, spu_num=4, img_addr=0xd00108fc, attr_addr=0xd00108e0, arg_addr=0xd0010910)
[W : PPU[1] Thread (CPUThread)[0x00089adc]]: sys_spu warning: *** New SPU Thread [altona-thread] (img_offset=0x3aa000, ls_offset=0x4ea000, ep=0xd0, a1=0x400000000, a2=0x3010012000000000, a3=0x348fdc00000000, a4=0x0): id=18
[W : PPU[1] Thread (CPUThread)[0x00089ae8]]: sys_spu warning: sys_spu_thread_group_start(id=13)
[W : PPU[1] Thread (CPUThread)[0x00089044]]: sys_mutex warning: *** mutex created [] (protocol=0x2, recursive=false): id = 19
[W : PPU[1] Thread (CPUThread)[0x00089044]]: sys_mutex warning: *** mutex created [] (protocol=0x2, recursive=false): id = 20
[W : PPU[1] Thread (CPUThread)[0x0039f010]]: cellGame warning: cellGameBootCheck(type_addr=0xd0010290, attributes_addr=0xd0010294, size_addr=0xd0010298, dirName_addr=0xd00102b8)
[W : PPU[1] Thread (CPUThread)[0x0039f004]]: cellGame warning: cellGameContentPermit(contentInfoPath_addr=0xd00102b8, usrdirPath_addr=0xd00106b8)
[W : PPU[1] Thread (CPUThread)[0x0039b004]]: cellAudio warning: cellAudioInit()
[! : Audio Thread]: Audio started
[W : PPU[1] Thread (CPUThread)[0x0039b040]]: cellAudio warning: cellAudioPortOpen(audioParam_addr=0xd0010ad0, portNum_addr=0x348e3c)
[W : PPU[1] Thread (CPUThread)[0x0039b040]]: cellAudio warning: *** audio port opened(nChannel=2, nBlock=8, attr=0x0, level=1.000000): port = 0
[W : PPU[1] Thread (CPUThread)[0x0039b01c]]: cellAudio warning: cellAudioGetPortConfig(portNum=0x0, portConfig_addr=0xd0010ab0)
[W : PPU[1] Thread (CPUThread)[0x000895ec]]: sys_mutex warning: *** mutex created [] (protocol=0x2, recursive=false): id = 21
[W : PPU[1] Thread (CPUThread)[0x00089640]]: sys_mutex warning: *** mutex created [] (protocol=0x2, recursive=false): id = 22
[! : PPU[1] Thread (CPUThread)[0x003a701c]]: *** New PPU Thread [child] (): id = 23
[W : PPU[1] Thread (CPUThread)[0x0039b028]]: cellAudio warning: cellAudioPortStart(portNum=0x0)
[W : PPU[1] Thread (CPUThread)[0x00089044]]: sys_mutex warning: *** mutex created [] (protocol=0x2, recursive=false): id = 24
[W : PPU[1] Thread (CPUThread)[0x00088ea8]]: sys_mutex warning: *** mutex created [] (protocol=0x2, recursive=false): id = 25
[! : PPU[1] Thread (CPUThread)[0x003a701c]]: *** New PPU Thread [child] (): id = 26
[W : PPU[26] Thread (child)[0x003a3064]]: sceNpTrophy warning: sceNpTrophyCreateContext(context_addr=0x3012fdf0, commID_addr=0x244780, commSign_addr=0x24478c, options=0x0)
[W : PPU[26] Thread (child)[0x003a3010]]: sceNpTrophy warning: sceNpTrophyCreateHandle(handle_addr=0x3012fdf4)
[W : PPU[26] Thread (child)[0x003a3004]]: sceNpTrophy warning: sceNpTrophyRegisterContext(context=0, handle=0, statusCb_addr=0x2b89d0, arg_addr=0x0, options=0x0)
[W : PPU[26] Thread (child)[0x003a3004]]: vfsLocalFile::Create('D:\Documents and Settings\trinitw7x64\PS3\rpcs3-64\dev_hdd0\home\00000001\trophy\NPWR00734_00\TROPCONF.SFM')
[W : PPU[1] Thread (CPUThread)[0x0039501c]]: *** cellFsOpen(path="/dev_hdd0/game/NPUA80008/USRDIR/detuned.trt"): fd = 27
[W : PPU[1] Thread (CPUThread)[0x00395004]]: sys_fs warning: cellFsClose(fd=27)
[W : PPU[1] Thread (CPUThread)[0x00393028]]: cellSysutil warning: cellSysutilRegisterCallback(slot=0, func_addr=0x2b8ec8, userdata=0x0)
[W : PPU[1] Thread (CPUThread)[0x0039501c]]: *** cellFsOpen(path="/dev_hdd0/game/NPUA80008/USRDIR/detuned.pak"): fd = 28
[W : PPU[1] Thread (CPUThread)[0x0038f010]]: cellGcmSys warning: cellGcmInit(context_addr=0x38bf90,cmdSize=0x20000,ioSize=0x100000,ioAddress=0x30300000)
[W : PPU[26] Thread (child)[0x003a3004]]: vfsLocalFile::Create('D:\Documents and Settings\trinitw7x64\PS3\rpcs3-64\dev_hdd0\home\00000001\trophy\NPWR00734_00\ICON0.PNG')
[W : PPU[26] Thread (child)[0x003a3004]]: vfsLocalFile::Create('D:\Documents and Settings\trinitw7x64\PS3\rpcs3-64\dev_hdd0\home\00000001\trophy\NPWR00734_00\TROP000.PNG')
[W : PPU[26] Thread (child)[0x003a3004]]: vfsLocalFile::Create('D:\Documents and Settings\trinitw7x64\PS3\rpcs3-64\dev_hdd0\home\00000001\trophy\NPWR00734_00\TROP001.PNG')
[W : PPU[26] Thread (child)[0x003a3004]]: vfsLocalFile::Create('D:\Documents and Settings\trinitw7x64\PS3\rpcs3-64\dev_hdd0\home\00000001\trophy\NPWR00734_00\TROP002.PNG')
[W : PPU[26] Thread (child)[0x003a3004]]: vfsLocalFile::Create('D:\Documents and Settings\trinitw7x64\PS3\rpcs3-64\dev_hdd0\home\00000001\trophy\NPWR00734_00\TROP003.PNG')
[W : PPU[26] Thread (child)[0x003a3004]]: vfsLocalFile::Create('D:\Documents and Settings\trinitw7x64\PS3\rpcs3-64\dev_hdd0\home\00000001\trophy\NPWR00734_00\TROP004.PNG')
[W : PPU[26] Thread (child)[0x003a3004]]: vfsLocalFile::Create('D:\Documents and Settings\trinitw7x64\PS3\rpcs3-64\dev_hdd0\home\00000001\trophy\NPWR00734_00\TROP005.PNG')
[W : PPU[26] Thread (child)[0x003a3004]]: vfsLocalFile::Create('D:\Documents and Settings\trinitw7x64\PS3\rpcs3-64\dev_hdd0\home\00000001\trophy\NPWR00734_00\TROP006.PNG')
[W : PPU[26] Thread (child)[0x003a3004]]: vfsLocalFile::Create('D:\Documents and Settings\trinitw7x64\PS3\rpcs3-64\dev_hdd0\home\00000001\trophy\NPWR00734_00\TROP007.PNG')
[W : PPU[1] Thread (CPUThread)[0x0038f010]]: cellGcmSys warning: *** local memory(addr=0xc0000000, size=0xf900000)
[W : PPU[1] Thread (CPUThread)[0x0038f010]]: cellGcmSys warning: cellGcmMapEaIoAddress(ea=0x30300000, io=0x0, size=0x100000)
[! : RSXThread]: RSX thread entry
[W : PPU[1] Thread (CPUThread)[0x0038f07c]]: cellGcmSys warning: cellGcmMapMainMemory(ea=0x30500000,size=0x3000000,offset_addr=0xd00109d8)
[W : PPU[1] Thread (CPUThread)[0x00399040]]: cellResc warning: cellRescInit(initConfig_addr=0xd0010a2c)
[W : PPU[1] Thread (CPUThread)[0x0039901c]]: cellResc warning: cellRescSetDisplayMode(displayMode=4)
[W : PPU[1] Thread (CPUThread)[0x0039901c]]: cellSysutil warning: cellVideoOutConfigure(videoOut=0, config_addr=0x30017000, option_addr=0x0, waitForEvent=0x0)
[W : PPU[1] Thread (CPUThread)[0x0039901c]]: cellGcmSys warning: cellGcmSetFlipMode(mode=2)
[E : PPU[1] Thread (CPUThread)[0x0039907c]]: TODO: cellRescCreateInterlaceTable
[W : PPU[1] Thread (CPUThread)[0x0039904c]]: cellResc warning: cellRescGetBufferSize(colorBuffers_addr=0xd00109dc, vertexArray_addr=0xd00109d0, fragmentShader_addr=0xd00109d4)
[W : PPU[1] Thread (CPUThread)[0x00399064]]: cellResc warning: cellRescSetBufferAddress(colorBuffers_addr=0xc0010000, vertexArray_addr=0xc0010000, fragmentShader_addr=0xc0010180)
[W : PPU[1] Thread (CPUThread)[0x00399064]]: cellGcmSys warning: cellGcmSetDisplayBuffer(id=0x0,offset=0x10000,pitch=0,width=1280,height=720)
[W : PPU[1] Thread (CPUThread)[0x00399064]]: cellGcmSys warning: cellGcmSetDisplayBuffer(id=0x1,offset=0x10000,pitch=0,width=1280,height=720)
[W : PPU[1] Thread (CPUThread)[0x0038f004]]: cellGcmSys warning: cellGcmGetTiledPitchSize(size=5120)
[W : PPU[1] Thread (CPUThread)[0x0038f004]]: cellGcmSys warning: cellGcmGetTiledPitchSize(size=4096)
[W : PPU[1] Thread (CPUThread)[0x00399058]]: cellGcmSys warning: cellGcmSetDisplayBuffer(id=0x0,offset=0x20000,pitch=4,width=1280,height=720)
[W : PPU[1] Thread (CPUThread)[0x0038f0a0]]: cellGcmSys warning: cellGcmSetTileInfo(index=0, location=0, offset=131072, size=3932160, pitch=5120, comp=7, base=0, bank=0)
[E : PPU[1] Thread (CPUThread)[0x0038f0a0]]: cellGcmSys error: cellGcmSetTileInfo: bad comp! (7)
[W : PPU[1] Thread (CPUThread)[0x0038f034]]: cellGcmSys warning: cellGcmBindTile(index=0)
[W : PPU[1] Thread (CPUThread)[0x0038f0a0]]: cellGcmSys warning: cellGcmSetTileInfo(index=1, location=0, offset=65536, size=0, pitch=5120, comp=7, base=60, bank=0)
[E : PPU[1] Thread (CPUThread)[0x0038f0a0]]: cellGcmSys error: cellGcmSetTileInfo: bad comp! (7)
[W : PPU[1] Thread (CPUThread)[0x0038f034]]: cellGcmSys warning: cellGcmBindTile(index=1)
[W : PPU[1] Thread (CPUThread)[0x0038f0a0]]: cellGcmSys warning: cellGcmSetTileInfo(index=2, location=0, offset=4063232, size=3932160, pitch=5120, comp=10, base=60, bank=1)
[E : PPU[1] Thread (CPUThread)[0x0038f0a0]]: cellGcmSys error: cellGcmSetTileInfo: bad comp! (10)
[W : PPU[1] Thread (CPUThread)[0x0038f034]]: cellGcmSys warning: cellGcmBindTile(index=2)
[W : PPU[1] Thread (CPUThread)[0x0038f070]]: cellGcmSys warning: TODO: cellGcmBindZcull(index=0)
[W : PPU[1] Thread (CPUThread)[0x0038f0a0]]: cellGcmSys warning: cellGcmSetTileInfo(index=3, location=0, offset=7995392, size=4194304, pitch=4096, comp=10, base=120, bank=1)
[E : PPU[1] Thread (CPUThread)[0x0038f0a0]]: cellGcmSys error: cellGcmSetTileInfo: bad comp! (10)
[W : PPU[1] Thread (CPUThread)[0x0038f034]]: cellGcmSys warning: cellGcmBindTile(index=3)
[W : PPU[1] Thread (CPUThread)[0x0038f070]]: cellGcmSys warning: TODO: cellGcmBindZcull(index=1)
[W : PPU[1] Thread (CPUThread)[0x0038f004]]: cellGcmSys warning: cellGcmGetTiledPitchSize(size=10240)
[W : PPU[1] Thread (CPUThread)[0x0038f0a0]]: cellGcmSys warning: cellGcmSetTileInfo(index=4, location=0, offset=96141312, size=15073280, pitch=10240, comp=8, base=184, bank=0)
[E : PPU[1] Thread (CPUThread)[0x0038f0a0]]: cellGcmSys error: cellGcmSetTileInfo: bad comp! (8)
[W : PPU[1] Thread (CPUThread)[0x0038f034]]: cellGcmSys warning: cellGcmBindTile(index=4)
[W : PPU[1] Thread (CPUThread)[0x0038f0a0]]: cellGcmSys warning: cellGcmSetTileInfo(index=5, location=0, offset=111214592, size=15073280, pitch=10240, comp=12, base=414, bank=1)
[E : PPU[1] Thread (CPUThread)[0x0038f0a0]]: cellGcmSys error: cellGcmSetTileInfo: bad comp! (12)
[W : PPU[1] Thread (CPUThread)[0x0038f034]]: cellGcmSys warning: cellGcmBindTile(index=5)
[W : PPU[1] Thread (CPUThread)[0x0038f070]]: cellGcmSys warning: TODO: cellGcmBindZcull(index=2)
[W : PPU[26] Thread (child)[0x003a3004]]: vfsLocalFile::Create('D:\Documents and Settings\trinitw7x64\PS3\rpcs3-64\dev_hdd0\home\00000001\trophy\NPWR00734_00\TROP008.PNG')
[W : PPU[26] Thread (child)[0x003a3004]]: vfsLocalFile::Create('D:\Documents and Settings\trinitw7x64\PS3\rpcs3-64\dev_hdd0\home\00000001\trophy\NPWR00734_00\TROP009.PNG')
[W : PPU[26] Thread (child)[0x003a3004]]: vfsLocalFile::Create('D:\Documents and Settings\trinitw7x64\PS3\rpcs3-64\dev_hdd0\home\00000001\trophy\NPWR00734_00\TROPUSR.DAT')
[W : PPU[26] Thread (child)[0x003a3058]]: sceNpTrophy warning: sceNpTrophyGetTrophyUnlockState(context=0, handle=0, flags_addr=0xd0080c64, count_addr=0xd0080c60)
[W : PPU[1] Thread (CPUThread)[0x00089044]]: sys_mutex warning: *** mutex created [] (protocol=0x2, recursive=false): id = 29
[W : PPU[1] Thread (CPUThread)[0x00089044]]: sys_mutex warning: *** mutex created [] (protocol=0x2, recursive=false): id = 30
[W : PPU[1] Thread (CPUThread)[0x00391004]]: cellSysmodule warning: cellSysmoduleLoadModule(CELL_SYSMODULE_SYSUTIL_MUSIC_DECODE)
[W : PPU[1] Thread (CPUThread)[0x0007e504]]: memory warning: sys_memory_container_create(cid_addr=0x302e209c, yield_size=0xc00000)
[W : PPU[1] Thread (CPUThread)[0x0007e504]]: memory warning: *** memory_container created(addr=0x3f100000): id = 31
[E : PPU[1] Thread (CPUThread)[0x0039d028]]: TODO: cellMusicDecodeInitialize
[W : PPU[1] Thread (CPUThread)[0x0038f094]]: cellGcmSys warning: cellGcmSetDefaultCommandBuffer()
[E : RSXThread]: NV4097_GET_REPORT: bad type 2
[E : RSXThread]: NV4097_GET_REPORT: bad type 3
[E : PPU[1] Thread (CPUThread)[0x0038f058]]: TODO: cellGcmGetReport
[E : PPU[1] Thread (CPUThread)[0x0038f058]]: TODO: cellGcmGetReport
[W : PPU[1] Thread (CPUThread)[0x0038f094]]: cellGcmSys warning: cellGcmSetDefaultCommandBuffer()
[E : RSXThread]: NV4097_GET_REPORT: bad type 2
[E : RSXThread]: NV4097_GET_REPORT: bad type 3
[E : RSXThread]: TODO: cellGcmSetZcullStatsEnable(0x1)
[W : RSXThread]: FP not found in buffer!
[W : RSXThread]: VP not found in buffer!
[! : RSXThread]: Add program (0):
[! : RSXThread]: *** prog id = 3
[! : RSXThread]: *** vp id = 2
[! : RSXThread]: *** fp id = 1
[! : RSXThread]: *** vp data size = 80
[! : RSXThread]: *** fp data size = 16
[! : RSXThread]: *** vp shader = 
#version 330

uniform mat4 scaleOffsetMat = mat4(1.0);
layout (location = 3) in vec4 in_col0;
layout (location = 0) in vec4 in_pos;
out vec4 col0;
uniform vec4 vc1;
uniform vec4 vc0;
uniform vec4 vc2;
uniform vec4 vc3;
vec4 tmp0;

void func0();

void main()
{
	gl_Position = vec4(0.0f, 0.0f, 0.0f, 1.0f);
	func0();
	gl_Position = gl_Position * scaleOffsetMat;
}

void func0()
{
	col0 = in_col0;
	tmp0 = (in_pos.yyyy * vc1);
	tmp0 = (in_pos.xxxx * vc0 + tmp0);
	tmp0 = (in_pos.zzzz * vc2 + tmp0);
	gl_Position = (in_pos.wwww * vc3 + tmp0);
}

[! : RSXThread]: *** fp shader = 
#version 330

in vec4 col0;
vec4 r0 = vec4(0.0, 0.0, 0.0, 0.0);
layout (location = 0) out vec4 ocol;

void main()
{
	r0 = col0;
	ocol = r0;
}

[W : RSXThread]: New FBO (1280x720)
[E : PPU[1] Thread (CPUThread)[0x0038f058]]: TODO: cellGcmGetReport
[E : PPU[1] Thread (CPUThread)[0x0038f058]]: TODO: cellGcmGetReport
[W : PPU[1] Thread (CPUThread)[0x0038f094]]: cellGcmSys warning: cellGcmSetDefaultCommandBuffer()
[E : RSXThread]: NV4097_GET_REPORT: bad type 2
[E : RSXThread]: NV4097_GET_REPORT: bad type 3
[E : RSXThread]: TODO: cellGcmSetZcullStatsEnable(0x1)
[W : PPU[1] Thread (CPUThread)[0x00089044]]: sys_mutex warning: *** mutex created [] (protocol=0x2, recursive=false): id = 32
[E : PPU[1] Thread (CPUThread)[0x0038f058]]: TODO: cellGcmGetReport
[E : PPU[1] Thread (CPUThread)[0x0038f058]]: TODO: cellGcmGetReport
[W : PPU[1] Thread (CPUThread)[0x0038f094]]: cellGcmSys warning: cellGcmSetDefaultCommandBuffer()
[E : RSXThread]: NV4097_GET_REPORT: bad type 2
[E : RSXThread]: NV4097_GET_REPORT: bad type 3
[E : RSXThread]: TODO: cellGcmSetZcullStatsEnable(0x1)
[E : PPU[1] Thread (CPUThread)[0x0038f058]]: TODO: cellGcmGetReport
[E : PPU[1] Thread (CPUThread)[0x0038f058]]: TODO: cellGcmGetReport
[W : PPU[1] Thread (CPUThread)[0x0038f094]]: cellGcmSys warning: cellGcmSetDefaultCommandBuffer()
[E : RSXThread]: NV4097_GET_REPORT: bad type 2
[E : RSXThread]: NV4097_GET_REPORT: bad type 3
[E : RSXThread]: TODO: cellGcmSetZcullStatsEnable(0x1)
[E : PPU[1] Thread (CPUThread)[0x0038f058]]: TODO: cellGcmGetReport
[E : PPU[1] Thread (CPUThread)[0x0038f058]]: TODO: cellGcmGetReport
[W : PPU[1] Thread (CPUThread)[0x0038f094]]: cellGcmSys warning: cellGcmSetDefaultCommandBuffer()
[E : RSXThread]: NV4097_GET_REPORT: bad type 2
[E : RSXThread]: NV4097_GET_REPORT: bad type 3
[E : RSXThread]: TODO: cellGcmSetZcullStatsEnable(0x1)
[E : PPU[1] Thread (CPUThread)[0x0038f058]]: TODO: cellGcmGetReport
[E : PPU[1] Thread (CPUThread)[0x0038f058]]: TODO: cellGcmGetReport
[W : PPU[1] Thread (CPUThread)[0x0038f094]]: cellGcmSys warning: cellGcmSetDefaultCommandBuffer()
[E : RSXThread]: NV4097_GET_REPORT: bad type 2
[E : RSXThread]: NV4097_GET_REPORT: bad type 3
[E : RSXThread]: TODO: cellGcmSetZcullStatsEnable(0x1)
[E : PPU[1] Thread (CPUThread)[0x0038f058]]: TODO: cellGcmGetReport
[E : PPU[1] Thread (CPUThread)[0x0038f058]]: TODO: cellGcmGetReport
[W : PPU[1] Thread (CPUThread)[0x0038f094]]: cellGcmSys warning: cellGcmSetDefaultCommandBuffer()
[E : RSXThread]: NV4097_GET_REPORT: bad type 2
[E : RSXThread]: NV4097_GET_REPORT: bad type 3
[E : RSXThread]: TODO: cellGcmSetZcullStatsEnable(0x1)
[E : PPU[1] Thread (CPUThread)[0x0038f058]]: TODO: cellGcmGetReport
[E : PPU[1] Thread (CPUThread)[0x0038f058]]: TODO: cellGcmGetReport
[W : PPU[1] Thread (CPUThread)[0x0038f094]]: cellGcmSys warning: cellGcmSetDefaultCommandBuffer()
[E : RSXThread]: NV4097_GET_REPORT: bad type 2
[E : RSXThread]: NV4097_GET_REPORT: bad type 3
[E : RSXThread]: TODO: cellGcmSetZcullStatsEnable(0x1)
[E : PPU[1] Thread (CPUThread)[0x0038f058]]: TODO: cellGcmGetReport
[E : PPU[1] Thread (CPUThread)[0x0038f058]]: TODO: cellGcmGetReport
[W : PPU[1] Thread (CPUThread)[0x0038f094]]: cellGcmSys warning: cellGcmSetDefaultCommandBuffer()
[E : RSXThread]: NV4097_GET_REPORT: bad type 2
[E : RSXThread]: NV4097_GET_REPORT: bad type 3
[E : RSXThread]: TODO: cellGcmSetZcullStatsEnable(0x1)
[W : PPU[1] Thread (CPUThread)[0x00393010]]: cellSysutil warning: cellSysutilGetSystemParamInt: CELL_SYSUTIL_SYSTEMPARAM_ID_ENTER_BUTTON_ASSIGN
[W : PPU[1] Thread (CPUThread)[0x00393010]]: cellSysutil warning: cellSysutilGetSystemParamInt: CELL_SYSUTIL_SYSTEMPARAM_ID_ENTER_BUTTON_ASSIGN
[W : PPU[1] Thread (CPUThread)[0x00393010]]: cellSysutil warning: cellSysutilGetSystemParamInt: CELL_SYSUTIL_SYSTEMPARAM_ID_ENTER_BUTTON_ASSIGN
[W : PPU[1] Thread (CPUThread)[0x00393010]]: cellSysutil warning: cellSysutilGetSystemParamInt: CELL_SYSUTIL_SYSTEMPARAM_ID_ENTER_BUTTON_ASSIGN
[W : PPU[1] Thread (CPUThread)[0x00393010]]: cellSysutil warning: cellSysutilGetSystemParamInt: CELL_SYSUTIL_SYSTEMPARAM_ID_ENTER_BUTTON_ASSIGN
[W : PPU[1] Thread (CPUThread)[0x00393010]]: cellSysutil warning: cellSysutilGetSystemParamInt: CELL_SYSUTIL_SYSTEMPARAM_ID_ENTER_BUTTON_ASSIGN
[W : PPU[1] Thread (CPUThread)[0x00393010]]: cellSysutil warning: cellSysutilGetSystemParamInt: CELL_SYSUTIL_SYSTEMPARAM_ID_ENTER_BUTTON_ASSIGN
[W : PPU[1] Thread (CPUThread)[0x00393010]]: cellSysutil warning: cellSysutilGetSystemParamInt: CELL_SYSUTIL_SYSTEMPARAM_ID_ENTER_BUTTON_ASSIGN
[W : PPU[1] Thread (CPUThread)[0x00393010]]: cellSysutil warning: cellSysutilGetSystemParamInt: CELL_SYSUTIL_SYSTEMPARAM_ID_ENTER_BUTTON_ASSIGN
[W : PPU[1] Thread (CPUThread)[0x00393010]]: cellSysutil warning: cellSysutilGetSystemParamInt: CELL_SYSUTIL_SYSTEMPARAM_ID_ENTER_BUTTON_ASSIGN
[W : PPU[1] Thread (CPUThread)[0x00393010]]: cellSysutil warning: cellSysutilGetSystemParamInt: CELL_SYSUTIL_SYSTEMPARAM_ID_ENTER_BUTTON_ASSIGN
[W : PPU[1] Thread (CPUThread)[0x00393010]]: cellSysutil warning: cellSysutilGetSystemParamInt: CELL_SYSUTIL_SYSTEMPARAM_ID_ENTER_BUTTON_ASSIGN
[W : PPU[1] Thread (CPUThread)[0x00393010]]: cellSysutil warning: cellSysutilGetSystemParamInt: CELL_SYSUTIL_SYSTEMPARAM_ID_ENTER_BUTTON_ASSIGN
[E : PPU[1] Thread (CPUThread)[0x0038f058]]: TODO: cellGcmGetReport
[E : PPU[1] Thread (CPUThread)[0x0038f058]]: TODO: cellGcmGetReport
[W : PPU[1] Thread (CPUThread)[0x0038f094]]: cellGcmSys warning: cellGcmSetDefaultCommandBuffer()
[E : RSXThread]: NV4097_GET_REPORT: bad type 2
[E : RSXThread]: NV4097_GET_REPORT: bad type 3
[E : RSXThread]: TODO: cellGcmSetZcullStatsEnable(0x1)
[E : PPU[1] Thread (CPUThread)[0x0038f058]]: TODO: cellGcmGetReport
[E : PPU[1] Thread (CPUThread)[0x0038f058]]: TODO: cellGcmGetReport
[W : PPU[1] Thread (CPUThread)[0x0038f094]]: cellGcmSys warning: cellGcmSetDefaultCommandBuffer()
[E : RSXThread]: NV4097_GET_REPORT: bad type 2
[E : RSXThread]: NV4097_GET_REPORT: bad type 3
[E : RSXThread]: TODO: cellGcmSetZcullStatsEnable(0x1)
[E : PPU[1] Thread (CPUThread)[0x0038f058]]: TODO: cellGcmGetReport
[E : PPU[1] Thread (CPUThread)[0x0038f058]]: TODO: cellGcmGetReport
[W : PPU[1] Thread (CPUThread)[0x0038f094]]: cellGcmSys warning: cellGcmSetDefaultCommandBuffer()
[E : RSXThread]: NV4097_GET_REPORT: bad type 2
[E : RSXThread]: NV4097_GET_REPORT: bad type 3
[E : RSXThread]: TODO: cellGcmSetZcullStatsEnable(0x1)
[E : PPU[1] Thread (CPUThread)[0x0038f058]]: TODO: cellGcmGetReport
[E : PPU[1] Thread (CPUThread)[0x0038f058]]: TODO: cellGcmGetReport
[W : PPU[1] Thread (CPUThread)[0x0038f094]]: cellGcmSys warning: cellGcmSetDefaultCommandBuffer()
[E : RSXThread]: NV4097_GET_REPORT: bad type 2
[E : RSXThread]: NV4097_GET_REPORT: bad type 3
[E : RSXThread]: TODO: cellGcmSetZcullStatsEnable(0x1)
[E : PPU[1] Thread (CPUThread)[0x0038f058]]: TODO: cellGcmGetReport
[E : PPU[1] Thread (CPUThread)[0x0038f058]]: TODO: cellGcmGetReport
[W : PPU[1] Thread (CPUThread)[0x0038f094]]: cellGcmSys warning: cellGcmSetDefaultCommandBuffer()
[E : RSXThread]: NV4097_GET_REPORT: bad type 2
[E : RSXThread]: NV4097_GET_REPORT: bad type 3
[E : RSXThread]: TODO: cellGcmSetZcullStatsEnable(0x1)
[E : PPU[1] Thread (CPUThread)[0x0038f058]]: TODO: cellGcmGetReport
[E : PPU[1] Thread (CPUThread)[0x0038f058]]: TODO: cellGcmGetReport
[W : PPU[1] Thread (CPUThread)[0x0038f094]]: cellGcmSys warning: cellGcmSetDefaultCommandBuffer()
[E : RSXThread]: NV4097_GET_REPORT: bad type 2
[E : RSXThread]: NV4097_GET_REPORT: bad type 3
[E : RSXThread]: TODO: cellGcmSetZcullStatsEnable(0x1)
[E : PPU[1] Thread (CPUThread)[0x0038f058]]: TODO: cellGcmGetReport
[E : PPU[1] Thread (CPUThread)[0x0038f058]]: TODO: cellGcmGetReport
[W : PPU[1] Thread (CPUThread)[0x0038f094]]: cellGcmSys warning: cellGcmSetDefaultCommandBuffer()
[E : RSXThread]: NV4097_GET_REPORT: bad type 2
[E : RSXThread]: NV4097_GET_REPORT: bad type 3
[E : RSXThread]: TODO: cellGcmSetZcullStatsEnable(0x1)
[E : PPU[1] Thread (CPUThread)[0x0038f058]]: TODO: cellGcmGetReport
[E : PPU[1] Thread (CPUThread)[0x0038f058]]: TODO: cellGcmGetReport
[W : PPU[1] Thread (CPUThread)[0x0038f094]]: cellGcmSys warning: cellGcmSetDefaultCommandBuffer()
[E : RSXThread]: NV4097_GET_REPORT: bad type 2
[E : RSXThread]: NV4097_GET_REPORT: bad type 3
[E : RSXThread]: TODO: cellGcmSetZcullStatsEnable(0x1)
[E : PPU[1] Thread (CPUThread)[0x0038f058]]: TODO: cellGcmGetReport
[E : PPU[1] Thread (CPUThread)[0x0038f058]]: TODO: cellGcmGetReport
[W : PPU[1] Thread (CPUThread)[0x0038f094]]: cellGcmSys warning: cellGcmSetDefaultCommandBuffer()
[E : RSXThread]: NV4097_GET_REPORT: bad type 2
[E : RSXThread]: NV4097_GET_REPORT: bad type 3
[E : RSXThread]: TODO: cellGcmSetZcullStatsEnable(0x1)
[E : PPU[1] Thread (CPUThread)[0x0038f058]]: TODO: cellGcmGetReport
[E : PPU[1] Thread (CPUThread)[0x0038f058]]: TODO: cellGcmGetReport
[W : PPU[1] Thread (CPUThread)[0x0038f094]]: cellGcmSys warning: cellGcmSetDefaultCommandBuffer()
[E : RSXThread]: NV4097_GET_REPORT: bad type 2
[E : RSXThread]: NV4097_GET_REPORT: bad type 3
[E : RSXThread]: TODO: cellGcmSetZcullStatsEnable(0x1)
[E : PPU[1] Thread (CPUThread)[0x0038f058]]: TODO: cellGcmGetReport
[E : PPU[1] Thread (CPUThread)[0x0038f058]]: TODO: cellGcmGetReport
[W : PPU[1] Thread (CPUThread)[0x0038f094]]: cellGcmSys warning: cellGcmSetDefaultCommandBuffer()
[E : RSXThread]: NV4097_GET_REPORT: bad type 2
[E : RSXThread]: NV4097_GET_REPORT: bad type 3
[E : RSXThread]: TODO: cellGcmSetZcullStatsEnable(0x1)
[E : PPU[1] Thread (CPUThread)[0x0038f058]]: TODO: cellGcmGetReport
[E : PPU[1] Thread (CPUThread)[0x0038f058]]: TODO: cellGcmGetReport
[W : PPU[1] Thread (CPUThread)[0x0038f094]]: cellGcmSys warning: cellGcmSetDefaultCommandBuffer()
[E : RSXThread]: NV4097_GET_REPORT: bad type 2
[E : RSXThread]: NV4097_GET_REPORT: bad type 3
[E : RSXThread]: TODO: cellGcmSetZcullStatsEnable(0x1)
[E : PPU[1] Thread (CPUThread)[0x0038f058]]: TODO: cellGcmGetReport
[E : PPU[1] Thread (CPUThread)[0x0038f058]]: TODO: cellGcmGetReport
[W : PPU[1] Thread (CPUThread)[0x0038f094]]: cellGcmSys warning: cellGcmSetDefaultCommandBuffer()
[E : RSXThread]: NV4097_GET_REPORT: bad type 2
[E : RSXThread]: NV4097_GET_REPORT: bad type 3
[E : RSXThread]: TODO: cellGcmSetZcullStatsEnable(0x1)
[E : PPU[1] Thread (CPUThread)[0x0038f058]]: TODO: cellGcmGetReport
[E : PPU[1] Thread (CPUThread)[0x0038f058]]: TODO: cellGcmGetReport
[W : PPU[1] Thread (CPUThread)[0x0038f094]]: cellGcmSys warning: cellGcmSetDefaultCommandBuffer()
[E : RSXThread]: NV4097_GET_REPORT: bad type 2
[E : RSXThread]: NV4097_GET_REPORT: bad type 3
[E : RSXThread]: TODO: cellGcmSetZcullStatsEnable(0x1)
[E : PPU[1] Thread (CPUThread)[0x0038f058]]: TODO: cellGcmGetReport
[E : PPU[1] Thread (CPUThread)[0x0038f058]]: TODO: cellGcmGetReport
[W : PPU[1] Thread (CPUThread)[0x0038f094]]: cellGcmSys warning: cellGcmSetDefaultCommandBuffer()
[E : RSXThread]: NV4097_GET_REPORT: bad type 2
[E : RSXThread]: NV4097_GET_REPORT: bad type 3
[E : RSXThread]: TODO: cellGcmSetZcullStatsEnable(0x1)
[E : PPU[1] Thread (CPUThread)[0x0038f058]]: TODO: cellGcmGetReport
[E : PPU[1] Thread (CPUThread)[0x0038f058]]: TODO: cellGcmGetReport
[W : PPU[1] Thread (CPUThread)[0x0038f094]]: cellGcmSys warning: cellGcmSetDefaultCommandBuffer()
[E : RSXThread]: NV4097_GET_REPORT: bad type 2
[E : RSXThread]: NV4097_GET_REPORT: bad type 3
[E : RSXThread]: TODO: cellGcmSetZcullStatsEnable(0x1)
[E : PPU[1] Thread (CPUThread)[0x0038f058]]: TODO: cellGcmGetReport
[E : PPU[1] Thread (CPUThread)[0x0038f058]]: TODO: cellGcmGetReport
[W : PPU[1] Thread (CPUThread)[0x0038f094]]: cellGcmSys warning: cellGcmSetDefaultCommandBuffer()
[E : RSXThread]: NV4097_GET_REPORT: bad type 2
[E : RSXThread]: NV4097_GET_REPORT: bad type 3
[E : RSXThread]: TODO: cellGcmSetZcullStatsEnable(0x1)
[E : PPU[1] Thread (CPUThread)[0x0038f058]]: TODO: cellGcmGetReport
[E : PPU[1] Thread (CPUThread)[0x0038f058]]: TODO: cellGcmGetReport
[W : PPU[1] Thread (CPUThread)[0x0038f094]]: cellGcmSys warning: cellGcmSetDefaultCommandBuffer()
[E : RSXThread]: NV4097_GET_REPORT: bad type 2
[E : RSXThread]: NV4097_GET_REPORT: bad type 3
[E : RSXThread]: TODO: cellGcmSetZcullStatsEnable(0x1)
[E : PPU[1] Thread (CPUThread)[0x0038f058]]: TODO: cellGcmGetReport
[E : PPU[1] Thread (CPUThread)[0x0038f058]]: TODO: cellGcmGetReport
[W : PPU[1] Thread (CPUThread)[0x0038f094]]: cellGcmSys warning: cellGcmSetDefaultCommandBuffer()
[E : RSXThread]: NV4097_GET_REPORT: bad type 2
[E : RSXThread]: NV4097_GET_REPORT: bad type 3
[E : RSXThread]: TODO: cellGcmSetZcullStatsEnable(0x1)
[E : PPU[1] Thread (CPUThread)[0x0038f058]]: TODO: cellGcmGetReport
[E : PPU[1] Thread (CPUThread)[0x0038f058]]: TODO: cellGcmGetReport
[W : PPU[1] Thread (CPUThread)[0x0038f094]]: cellGcmSys warning: cellGcmSetDefaultCommandBuffer()
[E : RSXThread]: NV4097_GET_REPORT: bad type 2
[E : RSXThread]: NV4097_GET_REPORT: bad type 3
[E : RSXThread]: TODO: cellGcmSetZcullStatsEnable(0x1)
[E : PPU[1] Thread (CPUThread)[0x0038f058]]: TODO: cellGcmGetReport
[E : PPU[1] Thread (CPUThread)[0x0038f058]]: TODO: cellGcmGetReport
[W : PPU[1] Thread (CPUThread)[0x0038f094]]: cellGcmSys warning: cellGcmSetDefaultCommandBuffer()
[E : RSXThread]: NV4097_GET_REPORT: bad type 2
[E : RSXThread]: NV4097_GET_REPORT: bad type 3
[E : RSXThread]: TODO: cellGcmSetZcullStatsEnable(0x1)
[E : PPU[1] Thread (CPUThread)[0x0038f058]]: TODO: cellGcmGetReport
[E : PPU[1] Thread (CPUThread)[0x0038f058]]: TODO: cellGcmGetReport
[W : PPU[1] Thread (CPUThread)[0x0038f094]]: cellGcmSys warning: cellGcmSetDefaultCommandBuffer()
[E : RSXThread]: NV4097_GET_REPORT: bad type 2
[E : RSXThread]: NV4097_GET_REPORT: bad type 3
[E : RSXThread]: TODO: cellGcmSetZcullStatsEnable(0x1)
[E : PPU[1] Thread (CPUThread)[0x0038f058]]: TODO: cellGcmGetReport
[E : PPU[1] Thread (CPUThread)[0x0038f058]]: TODO: cellGcmGetReport
[W : PPU[1] Thread (CPUThread)[0x0038f094]]: cellGcmSys warning: cellGcmSetDefaultCommandBuffer()
[E : RSXThread]: NV4097_GET_REPORT: bad type 2
[E : RSXThread]: NV4097_GET_REPORT: bad type 3
[E : RSXThread]: TODO: cellGcmSetZcullStatsEnable(0x1)
[E : PPU[1] Thread (CPUThread)[0x0038f058]]: TODO: cellGcmGetReport
[E : PPU[1] Thread (CPUThread)[0x0038f058]]: TODO: cellGcmGetReport
[W : PPU[1] Thread (CPUThread)[0x0038f094]]: cellGcmSys warning: cellGcmSetDefaultCommandBuffer()
[E : RSXThread]: NV4097_GET_REPORT: bad type 2
[E : RSXThread]: NV4097_GET_REPORT: bad type 3
[E : RSXThread]: TODO: cellGcmSetZcullStatsEnable(0x1)
[E : PPU[1] Thread (CPUThread)[0x0038f058]]: TODO: cellGcmGetReport
[E : PPU[1] Thread (CPUThread)[0x0038f058]]: TODO: cellGcmGetReport
[W : PPU[1] Thread (CPUThread)[0x0038f094]]: cellGcmSys warning: cellGcmSetDefaultCommandBuffer()
[E : RSXThread]: NV4097_GET_REPORT: bad type 2
[E : RSXThread]: NV4097_GET_REPORT: bad type 3
[E : RSXThread]: TODO: cellGcmSetZcullStatsEnable(0x1)
[E : PPU[1] Thread (CPUThread)[0x0038f058]]: TODO: cellGcmGetReport
[E : PPU[1] Thread (CPUThread)[0x0038f058]]: TODO: cellGcmGetReport
[W : PPU[1] Thread (CPUThread)[0x0038f094]]: cellGcmSys warning: cellGcmSetDefaultCommandBuffer()
[E : RSXThread]: NV4097_GET_REPORT: bad type 2
[E : RSXThread]: NV4097_GET_REPORT: bad type 3
[E : RSXThread]: TODO: cellGcmSetZcullStatsEnable(0x1)
[E : PPU[1] Thread (CPUThread)[0x0038f058]]: TODO: cellGcmGetReport
[E : PPU[1] Thread (CPUThread)[0x0038f058]]: TODO: cellGcmGetReport
[W : PPU[1] Thread (CPUThread)[0x0038f094]]: cellGcmSys warning: cellGcmSetDefaultCommandBuffer()
[E : RSXThread]: NV4097_GET_REPORT: bad type 2
[E : RSXThread]: NV4097_GET_REPORT: bad type 3
[E : RSXThread]: TODO: cellGcmSetZcullStatsEnable(0x1)
[E : PPU[1] Thread (CPUThread)[0x0038f058]]: TODO: cellGcmGetReport
[E : PPU[1] Thread (CPUThread)[0x0038f058]]: TODO: cellGcmGetReport
[W : PPU[1] Thread (CPUThread)[0x0038f094]]: cellGcmSys warning: cellGcmSetDefaultCommandBuffer()
[E : RSXThread]: NV4097_GET_REPORT: bad type 2
[E : RSXThread]: NV4097_GET_REPORT: bad type 3
[E : RSXThread]: TODO: cellGcmSetZcullStatsEnable(0x1)
[E : PPU[1] Thread (CPUThread)[0x0038f058]]: TODO: cellGcmGetReport
[E : PPU[1] Thread (CPUThread)[0x0038f058]]: TODO: cellGcmGetReport
[W : PPU[1] Thread (CPUThread)[0x0038f094]]: cellGcmSys warning: cellGcmSetDefaultCommandBuffer()
[E : RSXThread]: NV4097_GET_REPORT: bad type 2
[E : RSXThread]: NV4097_GET_REPORT: bad type 3
[E : RSXThread]: TODO: cellGcmSetZcullStatsEnable(0x1)
[E : PPU[1] Thread (CPUThread)[0x0038f058]]: TODO: cellGcmGetReport
[E : PPU[1] Thread (CPUThread)[0x0038f058]]: TODO: cellGcmGetReport
[W : PPU[1] Thread (CPUThread)[0x0038f094]]: cellGcmSys warning: cellGcmSetDefaultCommandBuffer()
[E : RSXThread]: NV4097_GET_REPORT: bad type 2
[E : RSXThread]: NV4097_GET_REPORT: bad type 3
[E : RSXThread]: TODO: cellGcmSetZcullStatsEnable(0x1)
[E : PPU[1] Thread (CPUThread)[0x0038f058]]: TODO: cellGcmGetReport
[E : PPU[1] Thread (CPUThread)[0x0038f058]]: TODO: cellGcmGetReport
[W : PPU[1] Thread (CPUThread)[0x0038f094]]: cellGcmSys warning: cellGcmSetDefaultCommandBuffer()
[E : RSXThread]: NV4097_GET_REPORT: bad type 2
[E : RSXThread]: NV4097_GET_REPORT: bad type 3
[E : RSXThread]: TODO: cellGcmSetZcullStatsEnable(0x1)
[E : PPU[1] Thread (CPUThread)[0x0038f058]]: TODO: cellGcmGetReport
[E : PPU[1] Thread (CPUThread)[0x0038f058]]: TODO: cellGcmGetReport
[W : PPU[1] Thread (CPUThread)[0x0038f094]]: cellGcmSys warning: cellGcmSetDefaultCommandBuffer()
[E : RSXThread]: NV4097_GET_REPORT: bad type 2
[E : RSXThread]: NV4097_GET_REPORT: bad type 3
[E : RSXThread]: TODO: cellGcmSetZcullStatsEnable(0x1)
[E : PPU[1] Thread (CPUThread)[0x0038f058]]: TODO: cellGcmGetReport
[E : PPU[1] Thread (CPUThread)[0x0038f058]]: TODO: cellGcmGetReport
[W : PPU[1] Thread (CPUThread)[0x0038f094]]: cellGcmSys warning: cellGcmSetDefaultCommandBuffer()
[E : RSXThread]: NV4097_GET_REPORT: bad type 2
[E : RSXThread]: NV4097_GET_REPORT: bad type 3
[E : RSXThread]: TODO: cellGcmSetZcullStatsEnable(0x1)
[E : PPU[1] Thread (CPUThread)[0x0038f058]]: TODO: cellGcmGetReport
[E : PPU[1] Thread (CPUThread)[0x0038f058]]: TODO: cellGcmGetReport
[W : PPU[1] Thread (CPUThread)[0x0038f094]]: cellGcmSys warning: cellGcmSetDefaultCommandBuffer()
[E : RSXThread]: NV4097_GET_REPORT: bad type 2
[E : RSXThread]: NV4097_GET_REPORT: bad type 3
[E : RSXThread]: TODO: cellGcmSetZcullStatsEnable(0x1)
[E : PPU[1] Thread (CPUThread)[0x0038f058]]: TODO: cellGcmGetReport
[E : PPU[1] Thread (CPUThread)[0x0038f058]]: TODO: cellGcmGetReport
[W : PPU[1] Thread (CPUThread)[0x0038f094]]: cellGcmSys warning: cellGcmSetDefaultCommandBuffer()
[E : RSXThread]: NV4097_GET_REPORT: bad type 2
[E : RSXThread]: NV4097_GET_REPORT: bad type 3
[E : RSXThread]: TODO: cellGcmSetZcullStatsEnable(0x1)
[E : PPU[1] Thread (CPUThread)[0x0038f058]]: TODO: cellGcmGetReport
[E : PPU[1] Thread (CPUThread)[0x0038f058]]: TODO: cellGcmGetReport
[W : PPU[1] Thread (CPUThread)[0x0038f094]]: cellGcmSys warning: cellGcmSetDefaultCommandBuffer()
[E : RSXThread]: NV4097_GET_REPORT: bad type 2
[E : RSXThread]: NV4097_GET_REPORT: bad type 3
[E : RSXThread]: TODO: cellGcmSetZcullStatsEnable(0x1)
[E : PPU[1] Thread (CPUThread)[0x0038f058]]: TODO: cellGcmGetReport
[E : PPU[1] Thread (CPUThread)[0x0038f058]]: TODO: cellGcmGetReport
[W : PPU[1] Thread (CPUThread)[0x0038f094]]: cellGcmSys warning: cellGcmSetDefaultCommandBuffer()
[E : RSXThread]: NV4097_GET_REPORT: bad type 2
[E : RSXThread]: NV4097_GET_REPORT: bad type 3
[E : RSXThread]: TODO: cellGcmSetZcullStatsEnable(0x1)
[E : PPU[1] Thread (CPUThread)[0x0038f058]]: TODO: cellGcmGetReport
[E : PPU[1] Thread (CPUThread)[0x0038f058]]: TODO: cellGcmGetReport
[W : PPU[1] Thread (CPUThread)[0x0038f094]]: cellGcmSys warning: cellGcmSetDefaultCommandBuffer()
[E : RSXThread]: NV4097_GET_REPORT: bad type 2
[E : RSXThread]: NV4097_GET_REPORT: bad type 3
[E : RSXThread]: TODO: cellGcmSetZcullStatsEnable(0x1)
[E : PPU[1] Thread (CPUThread)[0x0038f058]]: TODO: cellGcmGetReport
[E : PPU[1] Thread (CPUThread)[0x0038f058]]: TODO: cellGcmGetReport
[W : PPU[1] Thread (CPUThread)[0x0038f094]]: cellGcmSys warning: cellGcmSetDefaultCommandBuffer()
[E : RSXThread]: NV4097_GET_REPORT: bad type 2
[E : RSXThread]: NV4097_GET_REPORT: bad type 3
[E : RSXThread]: TODO: cellGcmSetZcullStatsEnable(0x1)
[E : PPU[1] Thread (CPUThread)[0x0038f058]]: TODO: cellGcmGetReport
[E : PPU[1] Thread (CPUThread)[0x0038f058]]: TODO: cellGcmGetReport
[W : PPU[1] Thread (CPUThread)[0x0038f094]]: cellGcmSys warning: cellGcmSetDefaultCommandBuffer()
[E : RSXThread]: NV4097_GET_REPORT: bad type 2
[E : RSXThread]: NV4097_GET_REPORT: bad type 3
[E : RSXThread]: TODO: cellGcmSetZcullStatsEnable(0x1)
[E : PPU[1] Thread (CPUThread)[0x0038f058]]: TODO: cellGcmGetReport
[E : PPU[1] Thread (CPUThread)[0x0038f058]]: TODO: cellGcmGetReport
[W : PPU[1] Thread (CPUThread)[0x0038f094]]: cellGcmSys warning: cellGcmSetDefaultCommandBuffer()
[E : RSXThread]: NV4097_GET_REPORT: bad type 2
[E : RSXThread]: NV4097_GET_REPORT: bad type 3
[E : RSXThread]: TODO: cellGcmSetZcullStatsEnable(0x1)
[E : PPU[1] Thread (CPUThread)[0x0038f058]]: TODO: cellGcmGetReport
[E : PPU[1] Thread (CPUThread)[0x0038f058]]: TODO: cellGcmGetReport
[W : PPU[1] Thread (CPUThread)[0x0038f094]]: cellGcmSys warning: cellGcmSetDefaultCommandBuffer()
[E : RSXThread]: NV4097_GET_REPORT: bad type 2
[E : RSXThread]: NV4097_GET_REPORT: bad type 3
[E : RSXThread]: TODO: cellGcmSetZcullStatsEnable(0x1)
[E : PPU[1] Thread (CPUThread)[0x0038f058]]: TODO: cellGcmGetReport
[E : PPU[1] Thread (CPUThread)[0x0038f058]]: TODO: cellGcmGetReport
[W : PPU[1] Thread (CPUThread)[0x0038f094]]: cellGcmSys warning: cellGcmSetDefaultCommandBuffer()
[E : RSXThread]: NV4097_GET_REPORT: bad type 2
[E : RSXThread]: NV4097_GET_REPORT: bad type 3
[E : RSXThread]: TODO: cellGcmSetZcullStatsEnable(0x1)
[E : PPU[1] Thread (CPUThread)[0x0038f058]]: TODO: cellGcmGetReport
[E : PPU[1] Thread (CPUThread)[0x0038f058]]: TODO: cellGcmGetReport
[W : PPU[1] Thread (CPUThread)[0x0038f094]]: cellGcmSys warning: cellGcmSetDefaultCommandBuffer()
[E : RSXThread]: NV4097_GET_REPORT: bad type 2
[E : RSXThread]: NV4097_GET_REPORT: bad type 3
[E : RSXThread]: TODO: cellGcmSetZcullStatsEnable(0x1)
[E : PPU[1] Thread (CPUThread)[0x0038f058]]: TODO: cellGcmGetReport
[E : PPU[1] Thread (CPUThread)[0x0038f058]]: TODO: cellGcmGetReport
[W : PPU[1] Thread (CPUThread)[0x0038f094]]: cellGcmSys warning: cellGcmSetDefaultCommandBuffer()
[E : RSXThread]: NV4097_GET_REPORT: bad type 2
[E : RSXThread]: NV4097_GET_REPORT: bad type 3
[E : RSXThread]: TODO: cellGcmSetZcullStatsEnable(0x1)
[E : PPU[1] Thread (CPUThread)[0x0038f058]]: TODO: cellGcmGetReport
[E : PPU[1] Thread (CPUThread)[0x0038f058]]: TODO: cellGcmGetReport
[W : PPU[1] Thread (CPUThread)[0x0038f094]]: cellGcmSys warning: cellGcmSetDefaultCommandBuffer()
[E : RSXThread]: NV4097_GET_REPORT: bad type 2
[E : RSXThread]: NV4097_GET_REPORT: bad type 3
[E : RSXThread]: TODO: cellGcmSetZcullStatsEnable(0x1)
[E : PPU[1] Thread (CPUThread)[0x0038f058]]: TODO: cellGcmGetReport
[E : PPU[1] Thread (CPUThread)[0x0038f058]]: TODO: cellGcmGetReport
[W : PPU[1] Thread (CPUThread)[0x0038f094]]: cellGcmSys warning: cellGcmSetDefaultCommandBuffer()
[E : RSXThread]: NV4097_GET_REPORT: bad type 2
[E : RSXThread]: NV4097_GET_REPORT: bad type 3
[E : RSXThread]: TODO: cellGcmSetZcullStatsEnable(0x1)
[E : PPU[1] Thread (CPUThread)[0x0038f058]]: TODO: cellGcmGetReport
[E : PPU[1] Thread (CPUThread)[0x0038f058]]: TODO: cellGcmGetReport
[W : PPU[1] Thread (CPUThread)[0x0038f094]]: cellGcmSys warning: cellGcmSetDefaultCommandBuffer()
[E : RSXThread]: NV4097_GET_REPORT: bad type 2
[E : RSXThread]: NV4097_GET_REPORT: bad type 3
[E : RSXThread]: TODO: cellGcmSetZcullStatsEnable(0x1)
[E : PPU[1] Thread (CPUThread)[0x0038f058]]: TODO: cellGcmGetReport
[E : PPU[1] Thread (CPUThread)[0x0038f058]]: TODO: cellGcmGetReport
[W : PPU[1] Thread (CPUThread)[0x0038f094]]: cellGcmSys warning: cellGcmSetDefaultCommandBuffer()
[E : RSXThread]: NV4097_GET_REPORT: bad type 2
[E : RSXThread]: NV4097_GET_REPORT: bad type 3
[E : RSXThread]: TODO: cellGcmSetZcullStatsEnable(0x1)
[E : PPU[1] Thread (CPUThread)[0x0038f058]]: TODO: cellGcmGetReport
[E : PPU[1] Thread (CPUThread)[0x0038f058]]: TODO: cellGcmGetReport
[W : PPU[1] Thread (CPUThread)[0x0038f094]]: cellGcmSys warning: cellGcmSetDefaultCommandBuffer()
[E : RSXThread]: NV4097_GET_REPORT: bad type 2
[E : RSXThread]: NV4097_GET_REPORT: bad type 3
[E : RSXThread]: TODO: cellGcmSetZcullStatsEnable(0x1)
[E : PPU[1] Thread (CPUThread)[0x0038f058]]: TODO: cellGcmGetReport
[E : PPU[1] Thread (CPUThread)[0x0038f058]]: TODO: cellGcmGetReport
[W : PPU[1] Thread (CPUThread)[0x0038f094]]: cellGcmSys warning: cellGcmSetDefaultCommandBuffer()
[E : RSXThread]: NV4097_GET_REPORT: bad type 2
[E : RSXThread]: NV4097_GET_REPORT: bad type 3
[E : RSXThread]: TODO: cellGcmSetZcullStatsEnable(0x1)
[E : PPU[1] Thread (CPUThread)[0x0038f058]]: TODO: cellGcmGetReport
[E : PPU[1] Thread (CPUThread)[0x0038f058]]: TODO: cellGcmGetReport
[W : PPU[1] Thread (CPUThread)[0x0038f094]]: cellGcmSys warning: cellGcmSetDefaultCommandBuffer()
[E : RSXThread]: NV4097_GET_REPORT: bad type 2
[E : RSXThread]: NV4097_GET_REPORT: bad type 3
[E : RSXThread]: TODO: cellGcmSetZcullStatsEnable(0x1)
[E : PPU[1] Thread (CPUThread)[0x0038f058]]: TODO: cellGcmGetReport
[E : PPU[1] Thread (CPUThread)[0x0038f058]]: TODO: cellGcmGetReport
[W : PPU[1] Thread (CPUThread)[0x0038f094]]: cellGcmSys warning: cellGcmSetDefaultCommandBuffer()
[E : RSXThread]: NV4097_GET_REPORT: bad type 2
[E : RSXThread]: NV4097_GET_REPORT: bad type 3
[E : RSXThread]: TODO: cellGcmSetZcullStatsEnable(0x1)
[E : PPU[1] Thread (CPUThread)[0x0038f058]]: TODO: cellGcmGetReport
[E : PPU[1] Thread (CPUThread)[0x0038f058]]: TODO: cellGcmGetReport
[W : PPU[1] Thread (CPUThread)[0x0038f094]]: cellGcmSys warning: cellGcmSetDefaultCommandBuffer()
[E : RSXThread]: NV4097_GET_REPORT: bad type 2
[E : RSXThread]: NV4097_GET_REPORT: bad type 3
[E : RSXThread]: TODO: cellGcmSetZcullStatsEnable(0x1)
[E : PPU[1] Thread (CPUThread)[0x0038f058]]: TODO: cellGcmGetReport
[E : PPU[1] Thread (CPUThread)[0x0038f058]]: TODO: cellGcmGetReport
[W : PPU[1] Thread (CPUThread)[0x0038f094]]: cellGcmSys warning: cellGcmSetDefaultCommandBuffer()
[E : RSXThread]: NV4097_GET_REPORT: bad type 2
[E : RSXThread]: NV4097_GET_REPORT: bad type 3
[E : RSXThread]: TODO: cellGcmSetZcullStatsEnable(0x1)
[E : PPU[1] Thread (CPUThread)[0x0038f058]]: TODO: cellGcmGetReport
[E : PPU[1] Thread (CPUThread)[0x0038f058]]: TODO: cellGcmGetReport
[W : PPU[1] Thread (CPUThread)[0x0038f094]]: cellGcmSys warning: cellGcmSetDefaultCommandBuffer()
[E : RSXThread]: NV4097_GET_REPORT: bad type 2
[E : RSXThread]: NV4097_GET_REPORT: bad type 3
[E : RSXThread]: TODO: cellGcmSetZcullStatsEnable(0x1)
[E : PPU[1] Thread (CPUThread)[0x0038f058]]: TODO: cellGcmGetReport
[E : PPU[1] Thread (CPUThread)[0x0038f058]]: TODO: cellGcmGetReport
[W : PPU[1] Thread (CPUThread)[0x0038f094]]: cellGcmSys warning: cellGcmSetDefaultCommandBuffer()
[E : RSXThread]: NV4097_GET_REPORT: bad type 2
[E : RSXThread]: NV4097_GET_REPORT: bad type 3
[E : RSXThread]: TODO: cellGcmSetZcullStatsEnable(0x1)
[E : PPU[1] Thread (CPUThread)[0x0038f058]]: TODO: cellGcmGetReport
[E : PPU[1] Thread (CPUThread)[0x0038f058]]: TODO: cellGcmGetReport
[W : PPU[1] Thread (CPUThread)[0x0038f094]]: cellGcmSys warning: cellGcmSetDefaultCommandBuffer()
[E : RSXThread]: NV4097_GET_REPORT: bad type 2
[E : RSXThread]: NV4097_GET_REPORT: bad type 3
[E : RSXThread]: TODO: cellGcmSetZcullStatsEnable(0x1)
[E : PPU[1] Thread (CPUThread)[0x0038f058]]: TODO: cellGcmGetReport
[E : PPU[1] Thread (CPUThread)[0x0038f058]]: TODO: cellGcmGetReport
[W : PPU[1] Thread (CPUThread)[0x0038f094]]: cellGcmSys warning: cellGcmSetDefaultCommandBuffer()
[E : RSXThread]: NV4097_GET_REPORT: bad type 2
[E : RSXThread]: NV4097_GET_REPORT: bad type 3
[E : RSXThread]: TODO: cellGcmSetZcullStatsEnable(0x1)
[E : PPU[1] Thread (CPUThread)[0x0038f058]]: TODO: cellGcmGetReport
[E : PPU[1] Thread (CPUThread)[0x0038f058]]: TODO: cellGcmGetReport
[W : PPU[1] Thread (CPUThread)[0x0038f094]]: cellGcmSys warning: cellGcmSetDefaultCommandBuffer()
[E : RSXThread]: NV4097_GET_REPORT: bad type 2
[E : RSXThread]: NV4097_GET_REPORT: bad type 3
[E : RSXThread]: TODO: cellGcmSetZcullStatsEnable(0x1)
[E : PPU[1] Thread (CPUThread)[0x0038f058]]: TODO: cellGcmGetReport
[E : PPU[1] Thread (CPUThread)[0x0038f058]]: TODO: cellGcmGetReport
[W : PPU[1] Thread (CPUThread)[0x0038f094]]: cellGcmSys warning: cellGcmSetDefaultCommandBuffer()
[E : RSXThread]: NV4097_GET_REPORT: bad type 2
[E : RSXThread]: NV4097_GET_REPORT: bad type 3
[E : RSXThread]: TODO: cellGcmSetZcullStatsEnable(0x1)
[E : PPU[1] Thread (CPUThread)[0x0038f058]]: TODO: cellGcmGetReport
[E : PPU[1] Thread (CPUThread)[0x0038f058]]: TODO: cellGcmGetReport
[W : PPU[1] Thread (CPUThread)[0x0038f094]]: cellGcmSys warning: cellGcmSetDefaultCommandBuffer()
[E : RSXThread]: NV4097_GET_REPORT: bad type 2
[E : RSXThread]: NV4097_GET_REPORT: bad type 3
[E : RSXThread]: TODO: cellGcmSetZcullStatsEnable(0x1)
[E : PPU[1] Thread (CPUThread)[0x0038f058]]: TODO: cellGcmGetReport
[E : PPU[1] Thread (CPUThread)[0x0038f058]]: TODO: cellGcmGetReport
[W : PPU[1] Thread (CPUThread)[0x0038f094]]: cellGcmSys warning: cellGcmSetDefaultCommandBuffer()
[E : RSXThread]: NV4097_GET_REPORT: bad type 2
[E : RSXThread]: NV4097_GET_REPORT: bad type 3
[E : RSXThread]: TODO: cellGcmSetZcullStatsEnable(0x1)
[E : PPU[1] Thread (CPUThread)[0x0038f058]]: TODO: cellGcmGetReport
[E : PPU[1] Thread (CPUThread)[0x0038f058]]: TODO: cellGcmGetReport
[W : PPU[1] Thread (CPUThread)[0x0038f094]]: cellGcmSys warning: cellGcmSetDefaultCommandBuffer()
[E : RSXThread]: NV4097_GET_REPORT: bad type 2
[E : RSXThread]: NV4097_GET_REPORT: bad type 3
[E : RSXThread]: TODO: cellGcmSetZcullStatsEnable(0x1)
[W : PPU[1] Thread (CPUThread)[0x00393010]]: cellSysutil warning: cellSysutilGetSystemParamInt: CELL_SYSUTIL_SYSTEMPARAM_ID_ENTER_BUTTON_ASSIGN
[W : PPU[1] Thread (CPUThread)[0x00393010]]: cellSysutil warning: cellSysutilGetSystemParamInt: CELL_SYSUTIL_SYSTEMPARAM_ID_ENTER_BUTTON_ASSIGN
[E : PPU[1] Thread (CPUThread)[0x0038f058]]: TODO: cellGcmGetReport
[E : PPU[1] Thread (CPUThread)[0x0038f058]]: TODO: cellGcmGetReport
[W : PPU[1] Thread (CPUThread)[0x0038f094]]: cellGcmSys warning: cellGcmSetDefaultCommandBuffer()
[E : RSXThread]: NV4097_GET_REPORT: bad type 2
[E : RSXThread]: NV4097_GET_REPORT: bad type 3
[E : RSXThread]: TODO: cellGcmSetZcullStatsEnable(0x1)
[W : PPU[1] Thread (CPUThread)[0x0038f004]]: cellGcmSys warning: cellGcmGetTiledPitchSize(size=4096)
[W : PPU[1] Thread (CPUThread)[0x0038f004]]: cellGcmSys warning: cellGcmGetTiledPitchSize(size=5120)
[W : PPU[1] Thread (CPUThread)[0x0038f0a0]]: cellGcmSys warning: cellGcmSetTileInfo(index=6, location=0, offset=137560064, size=3801088, pitch=5120, comp=7, base=644, bank=0)
[E : PPU[1] Thread (CPUThread)[0x0038f0a0]]: cellGcmSys error: cellGcmSetTileInfo: bad comp! (7)
[W : PPU[1] Thread (CPUThread)[0x0038f034]]: cellGcmSys warning: cellGcmBindTile(index=6)
[W : PPU[1] Thread (CPUThread)[0x0038f004]]: cellGcmSys warning: cellGcmGetTiledPitchSize(size=2560)
[W : PPU[1] Thread (CPUThread)[0x0038f0a0]]: cellGcmSys warning: cellGcmSetTileInfo(index=7, location=0, offset=141361152, size=983040, pitch=2560, comp=7, base=702, bank=0)
[E : PPU[1] Thread (CPUThread)[0x0038f0a0]]: cellGcmSys error: cellGcmSetTileInfo: bad comp! (7)
[W : PPU[1] Thread (CPUThread)[0x0038f034]]: cellGcmSys warning: cellGcmBindTile(index=7)
[W : PPU[1] Thread (CPUThread)[0x0038f004]]: cellGcmSys warning: cellGcmGetTiledPitchSize(size=2560)
[W : PPU[1] Thread (CPUThread)[0x0038f0a0]]: cellGcmSys warning: cellGcmSetTileInfo(index=8, location=0, offset=142344192, size=983040, pitch=2560, comp=7, base=717, bank=0)
[E : PPU[1] Thread (CPUThread)[0x0038f0a0]]: cellGcmSys error: cellGcmSetTileInfo: bad comp! (7)
[W : PPU[1] Thread (CPUThread)[0x0038f034]]: cellGcmSys warning: cellGcmBindTile(index=8)
[W : PPU[1] Thread (CPUThread)[0x0038f004]]: cellGcmSys warning: cellGcmGetTiledPitchSize(size=5120)
[W : PPU[1] Thread (CPUThread)[0x0038f0a0]]: cellGcmSys warning: cellGcmSetTileInfo(index=9, location=0, offset=143327232, size=3801088, pitch=5120, comp=7, base=732, bank=0)
[E : PPU[1] Thread (CPUThread)[0x0038f0a0]]: cellGcmSys error: cellGcmSetTileInfo: bad comp! (7)
[W : PPU[1] Thread (CPUThread)[0x0038f034]]: cellGcmSys warning: cellGcmBindTile(index=9)
[W : PPU[1] Thread (CPUThread)[0x0038f004]]: cellGcmSys warning: cellGcmGetTiledPitchSize(size=5120)
[W : PPU[1] Thread (CPUThread)[0x0038f0a0]]: cellGcmSys warning: cellGcmSetTileInfo(index=10, location=0, offset=147128320, size=3801088, pitch=5120, comp=7, base=790, bank=0)
[E : PPU[1] Thread (CPUThread)[0x0038f0a0]]: cellGcmSys error: cellGcmSetTileInfo: bad comp! (7)
[W : PPU[1] Thread (CPUThread)[0x0038f034]]: cellGcmSys warning: cellGcmBindTile(index=10)
[W : PPU[1] Thread (CPUThread)[0x0038f004]]: cellGcmSys warning: cellGcmGetTiledPitchSize(size=5120)
[W : PPU[1] Thread (CPUThread)[0x0038f0a0]]: cellGcmSys warning: cellGcmSetTileInfo(index=11, location=0, offset=150929408, size=3801088, pitch=5120, comp=7, base=848, bank=0)
[E : PPU[1] Thread (CPUThread)[0x00086c9c]]: Write32 to null block: [00000000]: 0
[W : PPU[1] Thread (CPUThread)[0x003a7094]]: sys_lwmutex warning: sys_lwmutex_destroy(lwmutex_addr=0x38c1d0)
[W : PPU[1] Thread (CPUThread)[0x003a7094]]: sys_lwmutex warning: sys_lwmutex_destroy(lwmutex_addr=0x38c1f8)
[W : PPU[1] Thread (CPUThread)[0x003a7094]]: sys_lwmutex warning: sys_lwmutex_destroy(lwmutex_addr=0x38c220)
[W : PPU[1] Thread (CPUThread)[0x003a7094]]: sys_lwmutex warning: sys_lwmutex_destroy(lwmutex_addr=0x38c108)
[W : PPU[1] Thread (CPUThread)[0x003a7094]]: sys_lwmutex warning: sys_lwmutex_destroy(lwmutex_addr=0x38c130)
[W : PPU[1] Thread (CPUThread)[0x003a7094]]: sys_lwmutex warning: sys_lwmutex_destroy(lwmutex_addr=0x38c158)
[W : PPU[1] Thread (CPUThread)[0x003a7094]]: sys_lwmutex warning: sys_lwmutex_destroy(lwmutex_addr=0x38c180)
[W : PPU[1] Thread (CPUThread)[0x003a7094]]: sys_lwmutex warning: sys_lwmutex_destroy(lwmutex_addr=0x38c1a8)
[W : PPU[1] Thread (CPUThread)[0x003a7094]]: sys_lwmutex warning: sys_lwmutex_destroy(lwmutex_addr=0x38ca48)
[W : PPU[1] Thread (CPUThread)[0x003a7094]]: sys_lwmutex warning: sys_lwmutex_destroy(lwmutex_addr=0x38cc40)
[W : PPU[1] Thread (CPUThread)[0x003a70a0]]: Process warning: sys_process_exit(1)
[S : PPU[1] Thread (CPUThread)[0x003a70a0]]: Process finished
[W : PPU[26] Thread (child)[0x00085f0c]]: sys_mutex warning: sys_mutex_lock(id=25) aborted
[W : Audio Thread]: Audio aborted
[! : RSXThread]: RSX thread exit...
