[!]: path: /dev_hdd0/game/
[!]: Loading 'D:\Emulateurs\Rpcs3\dev_hdd0\game\MHFS00000/USRDIR/BOOT.BIN'...
[!]: Mount info:
[!]: /dev_hdd0/ -> D:\Emulateurs\Rpcs3\dev_hdd0\
[!]: /dev_hdd1/ -> D:\Emulateurs\Rpcs3\dev_hdd1\
[!]: /dev_flash/ -> D:\Emulateurs\Rpcs3\dev_flash\
[!]: /dev_usb000/ -> D:\Emulateurs\Rpcs3\dev_usb000\
[!]: /dev_usb/ -> D:\Emulateurs\Rpcs3\dev_usb000\
[!]: /app_home/ -> D:\Emulateurs\Rpcs3\dev_hdd0\game\MHFS00000/\USRDIR\
[!]: /dev_bdvd/ -> D:\Emulateurs\Rpcs3\dev_hdd0\game\MHFS00000/\..\
[!]: /host_root/ -> 
[!]: ///resource/ -> D:\Emulateurs\Rpcs3\dev_hdd0\game\MHFS00000/\USRDIR\resource\
[!]: /app_home/Game/PS3_GAME/USRDIR/ -> D:\Emulateurs\Rpcs3\dev_hdd0\game\MHFS00000/\USRDIR\
[!]: /app_home/PS3_GAME/USRDIR/media/ -> D:\Emulateurs\Rpcs3\dev_hdd0\game\MHFS00000/\USRDIR\media\
[!]: /Data/ -> D:\Emulateurs\Rpcs3\dev_hdd0\game\MHFS00000/\USRDIR\Data\
[!]: /USRDIR/PS3_GAME/USRDIR/Data/ -> D:\Emulateurs\Rpcs3\dev_hdd0\game\MHFS00000/\USRDIR\Data\
[!]: /app_home//dev_bdvd/PS3_GAME/USRDIR/data/gos/ -> D:\Emulateurs\Rpcs3\dev_hdd0\game\MHFS00000/\USRDIR\
[!]: BD/ -> D:\Emulateurs\Rpcs3\dev_hdd0\game\MHFS00000/\USRDIR\
[!]: //dev_bdvd/PS3_GAME/USRDIR/ -> D:\Emulateurs\Rpcs3\dev_hdd0\game\MHFS00000/\USRDIR\
[!]: / -> D:\Emulateurs\Rpcs3\dev_hdd0\game\MHFS00000/\USRDIR\
[!]: // -> D:\Emulateurs\Rpcs3\dev_hdd0\game\MHFS00000/\USRDIR\
[!]: Initing memory...
[!]: Memory initialized.
[W]: Unknown function 0x25b40ab4 in 'cellGcmSys' module
[E]: TODO: cellGcmSortRemapEaIoAddress
[W]: Unknown function 0x20543730 in 'cellSysutil' module
[E]: TODO: cellMsgDialogClose
[W]: Unknown function 0x3d1e1931 in 'cellSysutil' module
[E]: TODO: cellOskDialogUnloadAsync
[W]: Unknown function 0x7fcfc915 in 'cellSysutil' module
[E]: TODO: cellOskDialogLoadAsync
[W]: Unknown function 0x94862702 in 'cellSysutil' module
[E]: TODO: cellMsgDialogProgressBarInc
[W]: Unknown function 0x9d6af72a in 'cellSysutil' module
[E]: TODO: cellMsgDialogProgressBarSetMsg
[W]: Unknown function 0xb53c54fa in 'cellSysutil' module
[E]: TODO: cellOskDialogSetKeyLayoutOption
[W]: Unknown function 0xc427890c in 'cellSysutil' module
[E]: TODO: cellOskDialogSetInitialKeyLayout
[W]: Unknown function 0xf0ec3ccc in 'cellSysutil' module
[E]: TODO: cellOskDialogSetLayoutMode
[W]: Unknown function 0x967a162b in 'sys_fs' module
[E]: TODO: cellFsFsync
[W]: Unknown function 0x32faaf58 in 'cellHttpUtil' module
[E]: TODO: cellHttpUtilParseUri
[W]: Unknown module 'cellHttp'
[W]: Unknown function 0x26090058 in 'sysPrxForUser' module
[E]: TODO: sys_prx_load_module
[W]: Unknown function 0x80fb0c19 in 'sysPrxForUser' module
[E]: TODO: sys_prx_stop_module
[W]: Unknown function 0x8a561d92 in 'sysPrxForUser' module
[E]: TODO: _sys_heap_free
[W]: Unknown function 0x9f04f7af in 'sysPrxForUser' module
[E]: TODO: _sys_printf
[W]: Unknown function 0x9f18429d in 'sysPrxForUser' module
[E]: TODO: sys_prx_start_module
[W]: Unknown function 0xaede4b03 in 'sysPrxForUser' module
[E]: TODO: _sys_heap_delete_heap
[W]: Unknown function 0xf0aece0d in 'sysPrxForUser' module
[E]: TODO: sys_prx_unload_module
[W : PPU[1] Thread (CPUThread)[0x0007e04c]]: sys_lwmutex warning: *** lwmutex created [] (attribute=0x12): sq_id = 3
[W : PPU[1] Thread (CPUThread)[0x0007e04c]]: sys_lwmutex warning: *** lwmutex created [] (attribute=0x12): sq_id = 4
[W : PPU[1] Thread (CPUThread)[0x0007e04c]]: sys_lwmutex warning: *** lwmutex created [] (attribute=0x12): sq_id = 5
[W : PPU[1] Thread (CPUThread)[0x0007e04c]]: sys_lwmutex warning: *** lwmutex created [] (attribute=0x12): sq_id = 6
[W : PPU[1] Thread (CPUThread)[0x0007e04c]]: sys_lwmutex warning: *** lwmutex created [] (attribute=0x12): sq_id = 7
[W : PPU[1] Thread (CPUThread)[0x0007e04c]]: sys_lwmutex warning: *** lwmutex created [] (attribute=0x12): sq_id = 8
[W : PPU[1] Thread (CPUThread)[0x0007e04c]]: sys_lwmutex warning: *** lwmutex created [] (attribute=0x12): sq_id = 9
[W : PPU[1] Thread (CPUThread)[0x0007e04c]]: sys_lwmutex warning: *** lwmutex created [] (attribute=0x12): sq_id = 10
[W : PPU[1] Thread (CPUThread)[0x0007e04c]]: sys_lwmutex warning: *** lwmutex created [] (attribute=0x12): sq_id = 11
[W : PPU[1] Thread (CPUThread)[0x0006f004]]: cellSysmodule warning: cellSysmoduleLoadModule(CELL_SYSMODULE_FS)
[W : PPU[1] Thread (CPUThread)[0x0006f004]]: cellSysmodule warning: cellSysmoduleLoadModule(CELL_SYSMODULE_PNGDEC)
[W : PPU[1] Thread (CPUThread)[0x0006f004]]: cellSysmodule warning: cellSysmoduleLoadModule(CELL_SYSMODULE_GCM_SYS)
[W : PPU[1] Thread (CPUThread)[0x0006f004]]: cellSysmodule warning: cellSysmoduleLoadModule(CELL_SYSMODULE_IO)
[W : PPU[1] Thread (CPUThread)[0x0006b010]]: cellGcmSys warning: cellGcmInit(context_addr=0x100c94ec,cmdSize=0x10000,ioSize=0x100000,ioAddress=0x30200000)
[W : PPU[1] Thread (CPUThread)[0x0006b010]]: cellGcmSys warning: *** local memory(addr=0xc0000000, size=0xf900000)
[W : PPU[1] Thread (CPUThread)[0x0006b010]]: cellGcmSys warning: cellGcmMapEaIoAddress(ea=0x30200000, io=0x0, size=0x100000)
[! : RSXThread]: RSX thread entry
[W : PPU[1] Thread (CPUThread)[0x00074004]]: cellSysutil warning: cellVideoOutConfigure(videoOut=0, config_addr=0xd0010bb4, option_addr=0x0, waitForEvent=0x0)
[W : PPU[1] Thread (CPUThread)[0x0006b040]]: cellGcmSys warning: cellGcmSetFlipMode(mode=2)
[W : PPU[1] Thread (CPUThread)[0x0006b070]]: cellGcmSys warning: cellGcmSetDisplayBuffer(id=0x0,offset=0x0,pitch=4,width=1280,height=720)
[W : PPU[1] Thread (CPUThread)[0x0006b070]]: cellGcmSys warning: cellGcmSetDisplayBuffer(id=0x1,offset=0x384000,pitch=4,width=1280,height=720)
[W : PPU[1] Thread (CPUThread)[0x0006b004]]: cellGcmSys warning: cellGcmGetTiledPitchSize(size=7680)
[W : PPU[1] Thread (CPUThread)[0x0006b004]]: cellGcmSys warning: cellGcmGetTiledPitchSize(size=7680)
[W : PPU[1] Thread (CPUThread)[0x00032280]]: sys_mutex warning: *** mutex created [] (protocol=0x2, recursive=false): id = 12
[W : PPU[1] Thread (CPUThread)[0x0007e0d0]]: sys_heap warning: sys_heap_create_heap(heap_addr=0x100019e8, align=0x10000, size=0x110000)
[W : PPU[1] Thread (CPUThread)[0x0007e0d0]]: sys_heap warning: *** sys_heap created: id = 13
[W : PPU[1] Thread (CPUThread)[0x0006f004]]: cellSysmodule warning: cellSysmoduleLoadModule(CELL_SYSMODULE_HTTP)
[W : PPU[1] Thread (CPUThread)[0x00078004]]: sys_net warning: sys_net_initialize_network_ex(param_addr=0xd0010c40)
[W : PPU[1] Thread (CPUThread)[0x00011868]]: sys_semaphore warning: sys_semaphore_create(sem_addr=0x100ce328, attr_addr=0xd0010c20, initial_count=1, max_count=1)
[W : PPU[1] Thread (CPUThread)[0x00018450]]: sys_semaphore warning: sys_semaphore_create(sem_addr=0x100ce67c, attr_addr=0xd0010c30, initial_count=1, max_count=1)
[W : PPU[1] Thread (CPUThread)[0x00018450]]: sys_semaphore warning: sys_semaphore_create(sem_addr=0x100ce684, attr_addr=0xd0010c30, initial_count=1, max_count=1)
[W : PPU[1] Thread (CPUThread)[0x000184b8]]: memory warning: sys_memory_container_create(cid_addr=0x100ce680, yield_size=0x500000)
[W : PPU[1] Thread (CPUThread)[0x000184b8]]: memory warning: *** memory_container created(addr=0x30400000): id = 17
[W : PPU[1] Thread (CPUThread)[0x0007407c]]: cellSysutil warning: cellSysutilRegisterCallback(slot=0, func_addr=0x701d8, userdata=0x0)
[W : PPU[1] Thread (CPUThread)[0x00074034]]: cellSysutil warning: cellSysutilGetSystemParamInt: CELL_SYSUTIL_SYSTEMPARAM_ID_ENTER_BUTTON_ASSIGN
[W : PPU[1] Thread (CPUThread)[0x00074034]]: cellSysutil warning: cellSysutilGetSystemParamInt: CELL_SYSUTIL_SYSTEMPARAM_ID_LANG
[W : PPU[1] Thread (CPUThread)[0x0007601c]]: *** cellFsOpen(path="/dev_flash2/etc/MhuFS_Config.mfs"): fd = 18
[W : PPU[1] Thread (CPUThread)[0x00076004]]: sys_fs warning: cellFsClose(fd=18)
[W : PPU[1] Thread (CPUThread)[0x0006b064]]: cellGcmSys warning: cellGcmMapMainMemory(ea=0x30a00000,size=0x100000,offset_addr=0xd0010960)
[E : PPU[1] Thread (CPUThread)[0x00069004]]: cellPngDec error: Unimplemented function: cellPngDecCreate
[W : PPU[1] Thread (CPUThread)[0x00069040]]: cellPngDec warning: cellPngDecOpen(mainHandle=0x0, subHandle=0xd001089c, src_addr=0xd00108c0, openInfo=0xd00108e0)
[W : PPU[1] Thread (CPUThread)[0x00069034]]: cellPngDec warning: cellPngDecReadHeader(mainHandle=0x0, subHandle=0x13, info_addr=0x4fd00108e4)
[W : PPU[1] Thread (CPUThread)[0x0006901c]]: cellPngDec warning: cellPngDecClose(mainHandle=0x0,subHandle=0x13)
[W : PPU[1] Thread (CPUThread)[0x0006901c]]: sys_fs warning: cellFsClose(fd=0)
[E : PPU[1] Thread (CPUThread)[0x00069028]]: cellPngDec error: Unimplemented function: cellPngDecDestroy
[W : PPU[1] Thread (CPUThread)[0x0006b064]]: cellGcmSys warning: cellGcmMapMainMemory(ea=0x30c00000,size=0x100000,offset_addr=0xd0010960)
[E : PPU[1] Thread (CPUThread)[0x00069004]]: cellPngDec error: Unimplemented function: cellPngDecCreate
[W : PPU[1] Thread (CPUThread)[0x00069040]]: cellPngDec warning: cellPngDecOpen(mainHandle=0x0, subHandle=0xd001089c, src_addr=0xd00108c0, openInfo=0xd00108e0)
[W : PPU[1] Thread (CPUThread)[0x00069034]]: cellPngDec warning: cellPngDecReadHeader(mainHandle=0x0, subHandle=0x14, info_addr=0x4fd00108e4)
[W : PPU[1] Thread (CPUThread)[0x0006901c]]: cellPngDec warning: cellPngDecClose(mainHandle=0x0,subHandle=0x14)
[W : PPU[1] Thread (CPUThread)[0x0006901c]]: sys_fs warning: cellFsClose(fd=0)
[E : PPU[1] Thread (CPUThread)[0x00069028]]: cellPngDec error: Unimplemented function: cellPngDecDestroy
[W : PPU[1] Thread (CPUThread)[0x0006b064]]: cellGcmSys warning: cellGcmMapMainMemory(ea=0x30e00000,size=0x100000,offset_addr=0xd0010960)
[E : PPU[1] Thread (CPUThread)[0x00069004]]: cellPngDec error: Unimplemented function: cellPngDecCreate
[W : PPU[1] Thread (CPUThread)[0x00069040]]: cellPngDec warning: cellPngDecOpen(mainHandle=0x0, subHandle=0xd001089c, src_addr=0xd00108c0, openInfo=0xd00108e0)
[W : PPU[1] Thread (CPUThread)[0x00069034]]: cellPngDec warning: cellPngDecReadHeader(mainHandle=0x0, subHandle=0x15, info_addr=0x4fd00108e4)
[W : PPU[1] Thread (CPUThread)[0x0006901c]]: cellPngDec warning: cellPngDecClose(mainHandle=0x0,subHandle=0x15)
[W : PPU[1] Thread (CPUThread)[0x0006901c]]: sys_fs warning: cellFsClose(fd=0)
[E : PPU[1] Thread (CPUThread)[0x00069028]]: cellPngDec error: Unimplemented function: cellPngDecDestroy
[W : PPU[1] Thread (CPUThread)[0x0006b064]]: cellGcmSys warning: cellGcmMapMainMemory(ea=0x31000000,size=0x100000,offset_addr=0xd0010960)
[E : PPU[1] Thread (CPUThread)[0x00069004]]: cellPngDec error: Unimplemented function: cellPngDecCreate
[W : PPU[1] Thread (CPUThread)[0x00069040]]: cellPngDec warning: cellPngDecOpen(mainHandle=0x0, subHandle=0xd001089c, src_addr=0xd00108c0, openInfo=0xd00108e0)
[W : PPU[1] Thread (CPUThread)[0x00069034]]: cellPngDec warning: cellPngDecReadHeader(mainHandle=0x0, subHandle=0x16, info_addr=0x4fd00108e4)
[W : PPU[1] Thread (CPUThread)[0x0006901c]]: cellPngDec warning: cellPngDecClose(mainHandle=0x0,subHandle=0x16)
[W : PPU[1] Thread (CPUThread)[0x0006901c]]: sys_fs warning: cellFsClose(fd=0)
[E : PPU[1] Thread (CPUThread)[0x00069028]]: cellPngDec error: Unimplemented function: cellPngDecDestroy
[W : PPU[1] Thread (CPUThread)[0x0006b064]]: cellGcmSys warning: cellGcmMapMainMemory(ea=0x31200000,size=0x100000,offset_addr=0xd0010960)
[E : PPU[1] Thread (CPUThread)[0x00069004]]: cellPngDec error: Unimplemented function: cellPngDecCreate
[W : PPU[1] Thread (CPUThread)[0x00069040]]: cellPngDec warning: cellPngDecOpen(mainHandle=0x0, subHandle=0xd001089c, src_addr=0xd00108c0, openInfo=0xd00108e0)
[W : PPU[1] Thread (CPUThread)[0x00069034]]: cellPngDec warning: cellPngDecReadHeader(mainHandle=0x0, subHandle=0x17, info_addr=0x4fd00108e4)
[W : PPU[1] Thread (CPUThread)[0x0006901c]]: cellPngDec warning: cellPngDecClose(mainHandle=0x0,subHandle=0x17)
[W : PPU[1] Thread (CPUThread)[0x0006901c]]: sys_fs warning: cellFsClose(fd=0)
[E : PPU[1] Thread (CPUThread)[0x00069028]]: cellPngDec error: Unimplemented function: cellPngDecDestroy
[W : PPU[1] Thread (CPUThread)[0x0006b064]]: cellGcmSys warning: cellGcmMapMainMemory(ea=0x31400000,size=0x100000,offset_addr=0xd0010960)
[E : PPU[1] Thread (CPUThread)[0x00069004]]: cellPngDec error: Unimplemented function: cellPngDecCreate
[W : PPU[1] Thread (CPUThread)[0x00069040]]: cellPngDec warning: cellPngDecOpen(mainHandle=0x0, subHandle=0xd001089c, src_addr=0xd00108c0, openInfo=0xd00108e0)
[W : PPU[1] Thread (CPUThread)[0x00069034]]: cellPngDec warning: cellPngDecReadHeader(mainHandle=0x0, subHandle=0x18, info_addr=0x4fd00108e4)
[W : PPU[1] Thread (CPUThread)[0x0006901c]]: cellPngDec warning: cellPngDecClose(mainHandle=0x0,subHandle=0x18)
[W : PPU[1] Thread (CPUThread)[0x0006901c]]: sys_fs warning: cellFsClose(fd=0)
[E : PPU[1] Thread (CPUThread)[0x00069028]]: cellPngDec error: Unimplemented function: cellPngDecDestroy
[W : PPU[1] Thread (CPUThread)[0x0006b064]]: cellGcmSys warning: cellGcmMapMainMemory(ea=0x31600000,size=0x100000,offset_addr=0xd0010960)
[E : PPU[1] Thread (CPUThread)[0x00069004]]: cellPngDec error: Unimplemented function: cellPngDecCreate
[W : PPU[1] Thread (CPUThread)[0x00069040]]: cellPngDec warning: cellPngDecOpen(mainHandle=0x0, subHandle=0xd001089c, src_addr=0xd00108c0, openInfo=0xd00108e0)
[W : PPU[1] Thread (CPUThread)[0x00069034]]: cellPngDec warning: cellPngDecReadHeader(mainHandle=0x0, subHandle=0x19, info_addr=0x4fd00108e4)
[W : PPU[1] Thread (CPUThread)[0x0006901c]]: cellPngDec warning: cellPngDecClose(mainHandle=0x0,subHandle=0x19)
[W : PPU[1] Thread (CPUThread)[0x0006901c]]: sys_fs warning: cellFsClose(fd=0)
[E : PPU[1] Thread (CPUThread)[0x00069028]]: cellPngDec error: Unimplemented function: cellPngDecDestroy
[W : PPU[1] Thread (CPUThread)[0x0006b064]]: cellGcmSys warning: cellGcmMapMainMemory(ea=0x31800000,size=0x100000,offset_addr=0xd0010960)
[E : PPU[1] Thread (CPUThread)[0x00069004]]: cellPngDec error: Unimplemented function: cellPngDecCreate
[W : PPU[1] Thread (CPUThread)[0x00069040]]: cellPngDec warning: cellPngDecOpen(mainHandle=0x0, subHandle=0xd001089c, src_addr=0xd00108c0, openInfo=0xd00108e0)
[W : PPU[1] Thread (CPUThread)[0x00069034]]: cellPngDec warning: cellPngDecReadHeader(mainHandle=0x0, subHandle=0x1a, info_addr=0x4fd00108e4)
[W : PPU[1] Thread (CPUThread)[0x0006901c]]: cellPngDec warning: cellPngDecClose(mainHandle=0x0,subHandle=0x1a)
[W : PPU[1] Thread (CPUThread)[0x0006901c]]: sys_fs warning: cellFsClose(fd=0)
[E : PPU[1] Thread (CPUThread)[0x00069028]]: cellPngDec error: Unimplemented function: cellPngDecDestroy
[W : PPU[1] Thread (CPUThread)[0x0006b064]]: cellGcmSys warning: cellGcmMapMainMemory(ea=0x31a00000,size=0x100000,offset_addr=0xd0010960)
[E : PPU[1] Thread (CPUThread)[0x00069004]]: cellPngDec error: Unimplemented function: cellPngDecCreate
[W : PPU[1] Thread (CPUThread)[0x00069040]]: cellPngDec warning: cellPngDecOpen(mainHandle=0x0, subHandle=0xd001089c, src_addr=0xd00108c0, openInfo=0xd00108e0)
[W : PPU[1] Thread (CPUThread)[0x00069034]]: cellPngDec warning: cellPngDecReadHeader(mainHandle=0x0, subHandle=0x1b, info_addr=0x4fd00108e4)
[W : PPU[1] Thread (CPUThread)[0x0006901c]]: cellPngDec warning: cellPngDecClose(mainHandle=0x0,subHandle=0x1b)
[W : PPU[1] Thread (CPUThread)[0x0006901c]]: sys_fs warning: cellFsClose(fd=0)
[E : PPU[1] Thread (CPUThread)[0x00069028]]: cellPngDec error: Unimplemented function: cellPngDecDestroy
[W : PPU[1] Thread (CPUThread)[0x0006b064]]: cellGcmSys warning: cellGcmMapMainMemory(ea=0x31c00000,size=0x100000,offset_addr=0xd0010960)
[E : PPU[1] Thread (CPUThread)[0x00069004]]: cellPngDec error: Unimplemented function: cellPngDecCreate
[W : PPU[1] Thread (CPUThread)[0x00069040]]: cellPngDec warning: cellPngDecOpen(mainHandle=0x0, subHandle=0xd001089c, src_addr=0xd00108c0, openInfo=0xd00108e0)
[W : PPU[1] Thread (CPUThread)[0x00069034]]: cellPngDec warning: cellPngDecReadHeader(mainHandle=0x0, subHandle=0x1c, info_addr=0x4fd00108e4)
[W : PPU[1] Thread (CPUThread)[0x0006901c]]: cellPngDec warning: cellPngDecClose(mainHandle=0x0,subHandle=0x1c)
[W : PPU[1] Thread (CPUThread)[0x0006901c]]: sys_fs warning: cellFsClose(fd=0)
[E : PPU[1] Thread (CPUThread)[0x00069028]]: cellPngDec error: Unimplemented function: cellPngDecDestroy
[W : PPU[1] Thread (CPUThread)[0x0006b064]]: cellGcmSys warning: cellGcmMapMainMemory(ea=0x31e00000,size=0x100000,offset_addr=0xd0010960)
[E : PPU[1] Thread (CPUThread)[0x00069004]]: cellPngDec error: Unimplemented function: cellPngDecCreate
[W : PPU[1] Thread (CPUThread)[0x00069040]]: cellPngDec warning: cellPngDecOpen(mainHandle=0x0, subHandle=0xd001089c, src_addr=0xd00108c0, openInfo=0xd00108e0)
[W : PPU[1] Thread (CPUThread)[0x00069034]]: cellPngDec warning: cellPngDecReadHeader(mainHandle=0x0, subHandle=0x1d, info_addr=0x4fd00108e4)
[W : PPU[1] Thread (CPUThread)[0x0006901c]]: cellPngDec warning: cellPngDecClose(mainHandle=0x0,subHandle=0x1d)
[W : PPU[1] Thread (CPUThread)[0x0006901c]]: sys_fs warning: cellFsClose(fd=0)
[E : PPU[1] Thread (CPUThread)[0x00069028]]: cellPngDec error: Unimplemented function: cellPngDecDestroy
[W : PPU[1] Thread (CPUThread)[0x0006b064]]: cellGcmSys warning: cellGcmMapMainMemory(ea=0x32000000,size=0x100000,offset_addr=0xd0010960)
[E : PPU[1] Thread (CPUThread)[0x00069004]]: cellPngDec error: Unimplemented function: cellPngDecCreate
[W : PPU[1] Thread (CPUThread)[0x00069040]]: cellPngDec warning: cellPngDecOpen(mainHandle=0x0, subHandle=0xd001089c, src_addr=0xd00108c0, openInfo=0xd00108e0)
[W : PPU[1] Thread (CPUThread)[0x00069034]]: cellPngDec warning: cellPngDecReadHeader(mainHandle=0x0, subHandle=0x1e, info_addr=0x4fd00108e4)
[W : PPU[1] Thread (CPUThread)[0x0006901c]]: cellPngDec warning: cellPngDecClose(mainHandle=0x0,subHandle=0x1e)
[W : PPU[1] Thread (CPUThread)[0x0006901c]]: sys_fs warning: cellFsClose(fd=0)
[E : PPU[1] Thread (CPUThread)[0x00069028]]: cellPngDec error: Unimplemented function: cellPngDecDestroy
[W : PPU[1] Thread (CPUThread)[0x0006b064]]: cellGcmSys warning: cellGcmMapMainMemory(ea=0x32200000,size=0x100000,offset_addr=0xd0010960)
[E : PPU[1] Thread (CPUThread)[0x00069004]]: cellPngDec error: Unimplemented function: cellPngDecCreate
[W : PPU[1] Thread (CPUThread)[0x00069040]]: cellPngDec warning: cellPngDecOpen(mainHandle=0x0, subHandle=0xd001089c, src_addr=0xd00108c0, openInfo=0xd00108e0)
[W : PPU[1] Thread (CPUThread)[0x00069034]]: cellPngDec warning: cellPngDecReadHeader(mainHandle=0x0, subHandle=0x1f, info_addr=0x4fd00108e4)
[W : PPU[1] Thread (CPUThread)[0x0006901c]]: cellPngDec warning: cellPngDecClose(mainHandle=0x0,subHandle=0x1f)
[W : PPU[1] Thread (CPUThread)[0x0006901c]]: sys_fs warning: cellFsClose(fd=0)
[E : PPU[1] Thread (CPUThread)[0x00069028]]: cellPngDec error: Unimplemented function: cellPngDecDestroy
[W : PPU[1] Thread (CPUThread)[0x0006b064]]: cellGcmSys warning: cellGcmMapMainMemory(ea=0x32400000,size=0x100000,offset_addr=0xd0010960)
[E : PPU[1] Thread (CPUThread)[0x00069004]]: cellPngDec error: Unimplemented function: cellPngDecCreate
[W : PPU[1] Thread (CPUThread)[0x00069040]]: cellPngDec warning: cellPngDecOpen(mainHandle=0x0, subHandle=0xd001089c, src_addr=0xd00108c0, openInfo=0xd00108e0)
[W : PPU[1] Thread (CPUThread)[0x00069034]]: cellPngDec warning: cellPngDecReadHeader(mainHandle=0x0, subHandle=0x20, info_addr=0x4fd00108e4)
[W : PPU[1] Thread (CPUThread)[0x0006901c]]: cellPngDec warning: cellPngDecClose(mainHandle=0x0,subHandle=0x20)
[W : PPU[1] Thread (CPUThread)[0x0006901c]]: sys_fs warning: cellFsClose(fd=0)
[E : PPU[1] Thread (CPUThread)[0x00069028]]: cellPngDec error: Unimplemented function: cellPngDecDestroy
[W : RSXThread]: FP not found in buffer!
[W : RSXThread]: VP not found in buffer!
[! : RSXThread]: Add program (0):
[! : RSXThread]: *** prog id = 3
[! : RSXThread]: *** vp id = 2
[! : RSXThread]: *** fp id = 1
[! : RSXThread]: *** vp data size = 192
[! : RSXThread]: *** fp data size = 64
[! : RSXThread]: *** vp shader = 
#version 330

uniform mat4 scaleOffsetMat = mat4(1.0);
layout (location = 0) in vec4 in_pos;
vec4 tmp1;
vec4 tmp0;
uniform vec4 vc467;
uniform vec4 vc466;
out vec4 tc0;
out vec4 col0;

void func0();

void main()
{
	gl_Position = vec4(0.0f, 0.0f, 0.0f, 1.0f);
	func0();
	gl_Position = gl_Position * scaleOffsetMat;
}

void func0()
{
	tmp1.zw = floor(in_pos.yyyx).zw;
	tmp0.xy = (in_pos.wzww * vc467.xxxx + -vc467.yyyy).xy;
	tmp1.xy = (in_pos.xyxx * vc467.zzzz).xy;
	tmp0.zw = fract(in_pos.yyyx).zw;
	tc0.xy = (tmp0.wzww * vc467.xxxx).xy;
	tmp0.zw = floor(tmp1.yyyx).zw;
	gl_Position.y = -tmp0.xxxx.y;
	gl_Position.x = tmp0.yyyy.x;
	tmp0.xy = (tmp0.zwzz * vc467.wwww).xy;
	tmp0.zw = (-tmp0.xxxy * vc466.xxxx + tmp1.zzzw).zw;
	col0.yw = tmp0.yyyx.yw;
	col0.xz = (tmp0.wwzw * vc467.wwww).xz;
}

[! : RSXThread]: *** fp shader = 
#version 330

in vec4 tc0;
in vec4 col0;
uniform sampler2D tex0;
vec4 r0 = vec4(0.0, 0.0, 0.0, 0.0);
vec4 h0 = vec4(0.0, 0.0, 0.0, 0.0);
layout (location = 0) out vec4 ocol;

void main()
{
	r0.w = texture(tex0, tc0.xy).w;
	h0 = col0;
	r0.w = (h0 * r0).w;
	r0.xyz = h0.xyz;
	ocol = r0;
}

[W : RSXThread]: New FBO (1280x720)
[W : PPU[1] Thread (CPUThread)[0x0001e400]]: sys_timer warning: sys_timer_sleep(sleep_time=5)
[W : PPU[1] Thread (CPUThread)[0x0006b064]]: cellGcmSys warning: cellGcmMapMainMemory(ea=0x32600000,size=0x100000,offset_addr=0xd0010950)
[E : PPU[1] Thread (CPUThread)[0x00069004]]: cellPngDec error: Unimplemented function: cellPngDecCreate
[W : PPU[1] Thread (CPUThread)[0x00069040]]: cellPngDec warning: cellPngDecOpen(mainHandle=0x0, subHandle=0xd001088c, src_addr=0xd00108b0, openInfo=0xd00108d0)
[W : PPU[1] Thread (CPUThread)[0x00069034]]: cellPngDec warning: cellPngDecReadHeader(mainHandle=0x0, subHandle=0x21, info_addr=0x4fd00108d4)
[W : PPU[1] Thread (CPUThread)[0x0006901c]]: cellPngDec warning: cellPngDecClose(mainHandle=0x0,subHandle=0x21)
[W : PPU[1] Thread (CPUThread)[0x0006901c]]: sys_fs warning: cellFsClose(fd=0)
[E : PPU[1] Thread (CPUThread)[0x00069028]]: cellPngDec error: Unimplemented function: cellPngDecDestroy
[W : RSXThread]: FP not found in buffer!
[W : RSXThread]: VP not found in buffer!
[! : RSXThread]: Add program (1):
[! : RSXThread]: *** prog id = 4
[! : RSXThread]: *** vp id = 2
[! : RSXThread]: *** fp id = 1
[! : RSXThread]: *** vp data size = 32
[! : RSXThread]: *** fp data size = 16
[! : RSXThread]: *** vp shader = 
#version 330

uniform mat4 scaleOffsetMat = mat4(1.0);
layout (location = 0) in vec4 in_pos;
layout (location = 1) in vec4 in_weight;
out vec4 tc0;

void func0();

void main()
{
	gl_Position = vec4(0.0f, 0.0f, 0.0f, 1.0f);
	func0();
	gl_Position = gl_Position * scaleOffsetMat;
}

void func0()
{
	gl_Position = in_pos;
	tc0.xy = in_weight.xyxx.xy;
}

[! : RSXThread]: *** fp shader = 
#version 330

in vec4 tc0;
uniform sampler2D tex0;
vec4 r0 = vec4(0.0, 0.0, 0.0, 0.0);
layout (location = 0) out vec4 ocol;

void main()
{
	r0 = texture(tex0, tc0.xy);
	ocol = r0;
}

[! : RSXThread]: RSX thread exit...
[!]: Mutex(12) was owned by thread 1 (recursive=1)
[!]: Closing memory...
